 
        ______________________________________
       |                                      |
       |          ===================         |
       |             xTB for sTDA             |
       |          ===================         |
       |               S. Grimme              |
       |        Universitaet Bonn, MCTC       |
       |         2015-19, Version 1.0         |
       |     Wed Apr  3 09:14:55 CEST 2019    |
       |______________________________________|
 
        This code comes without any warranty
        for non-commercial, academia use only.
        Preliminary test version.
        Cite this work as:
        S. Grimme  &  C. Bannwarth, JCP 145 (2016) 054103
        if GBSA is used additionally:
        P. Shushkov, F. März, C. Bannwarth, S. Grimme, unpublished.
 
        with help from
        P. Shushkov, G. Brandenburg, S. Dohm, J. Pisarek,
        F. März, M. Checinski, S. Ehrlich, S. Spicher, 
        P. Pracht, E. Caldeweyher, S. Ehlert, and C. Bannwarth.
 
        usage        :
        xtb4stda <coord_file> [options]
        where <coord_file> is a valid file of TM)
        (*coord, Bohr) or xmol (*xyz, Angstroem)
        format.

        options:
        -chrg <int>   : molecular charge
        -uhf  <int>   : # of unpaired electrons(=2*S)
        -nox          : skip second, extended part in sTDA-xTB
        -pop          : do population analysis
                      : (default for -nox)
        -mowr <real>  : cut MO write above (def.3 Eh)
        -molden       : write formatted molden file
        -parx <file>  : read parameters for sTDA-xTB
                        calc (def:~/.param_stda2.xtb)
        -parv <file>  : read parameters for vTB part in
                        sTDA-xTB (def: ~/.param_stda1.xtb)
        -xtemp <real> : el. temp for xTB (def. 0 K)
        -etemp <real> : el. temp for GFN (def. 300 K)
        -fod          : calculate the FOD and write
                        molden.input file with
                        appropriate occupations
                        for plotting. Def. T=12500 K
 
        -acc <real>   : xTB accuracy (def. 1.0)
        -gbsa [string1] [string2]
                        use GBSA implicit solvent
                        for solvent [string1] and
                        solvation state [string2]=
                        reference, bar1M (default=1M)
        additional GFN/opt/MD/siman options read from
        $XTB4STDAHOME/.xtb4stdarc or $set in input
 
       spin and charge state information can be on:
       <.CHRG> (charge) and <.UHF> (=nalpha-nbeta)
       -uhf and -chrg override the file info.
       useful machine settings:
       setenv MKL_NUM_THREADS <NCORE_ON_YOUR_MACHINE>
       setenv OMP_STACKSIZE 500m
       limit stacksize unlimited
 
       total energies in Eh, gaps/HL energies in eV
       please read REVISION and HOWTO files carefully
 =============================
  # OMP threads =           4
 =============================
 
 xtb4stdahome directory:~/
 
 
 name of molecule           :
 comment line               :
 number of atoms            :   140
 number of electrons        :   352
 charge                     :  0
 spin                       : 0.0
 first test random number   :  0.2264
 
 -----------------------------------------
      charge density (VTB) calculation
 -----------------------------------------
 
      method parameters     
 k(s)        :  1.8000
 k(p)        :  2.8350
 k(d)        :  2.0860
 k(f)        :  2.0000
 Tscal       :  0.3300
 Gscal       :  0.3910
 fpol        :  1.0000
 Zcnf        :  0.6500
 Zqf         :  0.0000
 kcn         :  0.3000
 kEN1        : -0.5900
 wllscal     :  2.6000
 
     -------------------------
     ! NO SOLVENT MODEL USED !
     -------------------------
 
 doing EN charges ...
 sum q :  0.1443290D-14
 point charge moment (au)
     X       Y       Z   
  -0.1436  -0.1618   0.1954  total (Debye):    0.741
 
            Z      q(EN)   CN      Cart. coordinates
     1  MG  2.0   0.920   4.741     6.13972    -1.11494    84.24398
     2  C   4.0   0.017   3.261    11.68607     2.28468    82.72464
     3  C   4.0  -0.061   3.144     2.78735     2.98955    80.48343
     4  C   4.0  -0.059   3.162     1.29824    -5.29312    84.48776
     5  C   4.0  -0.054   3.152     9.97397    -5.71831    87.22975
     6  N   5.0  -0.366   3.138     7.06946     2.16752    81.87994
     7  C   4.0   0.087   3.359     9.50532     3.13317    81.56435
     8  C   4.0  -0.095   4.146     9.46375     5.38761    79.76344
     9  C   4.0  -0.096   4.131     6.49310     5.97909    79.57069
    10  C   4.0   0.101   3.333     5.34981     3.55457    80.57791
    11  C   4.0  -0.237   4.031     5.31391     8.27700    80.98043
    12  C   4.0  -0.162   4.065    10.75632     4.64684    77.21987
    13  C   4.0  -0.169   4.050    12.75565     6.43074    76.21454
    14  C   4.0   0.175   3.071    12.50054     7.65339    73.56703
    15  O   6.0  -0.104   1.041    12.43629     9.93618    73.32326
    16  O   6.0  -0.105   2.018    11.93740     5.91862    71.68486
    17  N   5.0  -0.416   3.175     2.51145    -1.11305    82.92873
    18  C   4.0   0.051   3.339     1.34926     0.94675    81.52278
    19  C   4.0   0.009   3.216    -1.27179     0.26645    81.11649
    20  C   4.0   0.004   3.213    -1.82170    -2.08059    82.32024
    21  C   4.0   0.076   3.373     0.65573    -2.88372    83.40494
    22  C   4.0  -0.243   4.003    -3.25033     2.01067    79.65573
    23  C   4.0   0.109   3.047    -4.31613    -3.53946    82.14639
    24  O   6.0  -0.099   1.069    -6.09815    -2.54357    81.01444
    25  C   4.0  -0.253   4.043    -4.78290    -5.80524    83.60148
    26  N   5.0  -0.409   3.142     5.74288    -4.93596    85.54222
    27  C   4.0   0.108   3.489     3.63772    -6.27389    85.41183
    28  C   4.0  -0.093   4.118     3.63016    -9.03478    86.43984
    29  C   4.0  -0.099   4.215     6.48176    -9.06124    87.22408
    30  C   4.0   0.088   3.435     7.51922    -6.48743    86.64393
    31  C   4.0  -0.238   4.040     1.88973    -9.47320    88.67917
    32  C   4.0  -0.162   4.037     8.13149   -11.31568    86.27544
    33  C   4.0  -0.239   4.012     9.99476   -12.44574    88.14816
    34  N   5.0  -0.421   3.220     9.93051    -1.56091    85.22664
    35  C   4.0   0.071   3.394    11.17773    -3.60182    86.33591
    36  C   4.0   0.016   3.195    13.81768    -2.75333    86.92739
    37  C   4.0   0.004   3.376    14.05578    -0.51023    85.28711
    38  C   4.0   0.078   3.592    11.63882     0.07181    84.24587
    39  C   4.0  -0.248   4.014    15.83212    -4.16685    88.28044
    40  C   4.0   0.108   3.233    15.82834     1.51178    84.48398
    41  O   6.0  -0.098   1.054    18.03743     1.89351    85.03578
    42  C   4.0  -0.115   4.195    14.48853     3.25600    82.68685
    43  C   4.0   0.175   3.146    15.03466     5.84492    83.66762
    44  O   6.0  -0.100   1.040    16.84691     7.16773    83.15928
    45  O   6.0  -0.103   2.022    13.01643     6.50444    85.21908
    46  C   4.0  -0.205   3.993    12.99187     9.22564    86.17339
    47  C   4.0  -0.142   4.038    11.65772     7.02222    69.04492
    48  C   4.0  -0.055   3.106     9.74910     5.46131    67.68242
    49  C   4.0   0.019   3.074    10.28956     3.51867    65.99490
    50  C   4.0  -0.247   4.015    12.87470     2.39239    65.19177
    51  C   4.0  -0.177   4.090     7.94441     2.16752    65.09350
    52  C   4.0  -0.164   4.047     6.43074     3.67552    63.11118
    53  C   4.0  -0.164   4.066     5.16840     2.02768    60.99279
    54  C   4.0  -0.088   4.052     2.20531     2.09382    61.15342
    55  C   4.0  -0.238   4.027     0.81447    -0.28724    60.13108
    56  C   4.0  -0.166   4.099     1.36816     4.56369    60.01014
    57  C   4.0  -0.164   4.056     0.73888     4.53912    57.25303
    58  C   4.0  -0.163   4.048    -2.11649     5.10793    56.67666
    59  C   4.0  -0.087   4.020    -2.38672     7.66095    55.17622
    60  C   4.0  -0.237   4.022    -3.79268     9.77933    56.79004
    61  C   4.0  -0.165   4.070    -3.84748     7.48331    52.57596
    62  C   4.0  -0.163   4.048    -2.68908     6.31357    50.22325
    63  C   4.0  -0.165   4.080    -4.23866     4.39928    48.91367
    64  C   4.0  -0.088   4.025    -3.87772     4.31991    46.00727
    65  C   4.0  -0.238   4.029    -5.62949     6.31924    44.73926
    66  C   4.0  -0.237   4.008    -3.81536     1.54580    44.89044
    67  H   1.0   0.071   1.007     1.47210     4.39361    79.73699
    68  H   1.0   0.071   1.007    -0.17197    -6.73498    84.62004
    69  H   1.0   0.071   1.006    11.13616    -6.97120    88.38815
    70  H   1.0   0.085   1.007    10.42373     7.04490    80.52311
    71  H   1.0   0.084   1.008     6.23610     6.27200    77.54679
    72  H   1.0   0.080   0.998     6.37971     8.78534    82.66795
    73  H   1.0   0.081   0.999     3.50733     7.76677    81.82891
    74  H   1.0   0.080   0.999     5.51233     9.86437    79.68407
    75  H   1.0   0.083   1.006     9.35981     4.51456    75.71187
    76  H   1.0   0.083   1.005    11.61426     2.77790    77.33703
    77  H   1.0   0.082   1.004    14.59246     5.50099    76.14462
    78  H   1.0   0.083   1.010    12.64794     8.15039    77.34270
    79  H   1.0   0.079   0.997    -3.83236     1.16596    77.86805
    80  H   1.0   0.080   0.997    -2.53790     3.87583    79.15117
    81  H   1.0   0.080   1.000    -4.90573     2.01067    80.88027
    82  H   1.0   0.081   0.999    -6.78601    -6.26633    83.71864
    83  H   1.0   0.081   1.000    -3.94008    -5.83358    85.47986
    84  H   1.0   0.080   1.002    -3.65095    -7.29812    82.74165
    85  H   1.0   0.084   1.006     3.37127   -10.51255    85.02822
    86  H   1.0   0.086   1.013     6.43452    -9.19730    89.27821
    87  H   1.0   0.081   1.004     0.55369   -10.76199    87.78533
    88  H   1.0   0.081   0.998     0.98077    -7.78189    89.42183
    89  H   1.0   0.080   0.998     2.75900   -10.58058    90.18339
    90  H   1.0   0.083   1.009     9.45430   -10.52577    84.90917
    91  H   1.0   0.082   1.003     6.93340   -12.81801    85.53278
    92  H   1.0   0.080   0.998    11.96763   -12.26243    87.58880
    93  H   1.0   0.080   0.998     9.57902   -14.40727    88.61870
    94  H   1.0   0.080   1.000     9.87760   -11.30434    89.86025
    95  H   1.0   0.080   1.002    17.44406    -2.88561    88.32390
    96  H   1.0   0.080   1.002    16.04377    -5.90161    87.18818
    97  H   1.0   0.080   0.998    15.32001    -4.89250    90.13804
    98  H   1.0   0.085   1.009    15.06490     2.91963    80.73854
    99  H   1.0   0.080   0.996    14.71719    10.21775    85.64238
   100  H   1.0   0.079   0.995    12.63093     9.26155    88.20107
   101  H   1.0   0.079   0.995    11.42906    10.29145    85.35892
   102  H   1.0   0.082   1.001    13.48508     6.97120    68.09627
   103  H   1.0   0.082   1.003    10.87537     8.92707    68.98256
   104  H   1.0   0.070   1.003     7.77244     5.94697    67.99423
   105  H   1.0   0.080   0.997    13.20729     0.43464    65.73790
   106  H   1.0   0.081   0.999    14.38270     3.55457    65.97222
   107  H   1.0   0.080   0.998    13.03344     2.46987    63.13952
   108  H   1.0   0.083   1.008     6.66506     2.10893    66.70544
   109  H   1.0   0.082   1.004     8.44896     0.34015    64.28659
   110  H   1.0   0.082   1.004     7.77622     4.92463    62.17765
   111  H   1.0   0.082   1.003     5.02667     4.86982    64.02958
   112  H   1.0   0.082   1.002     5.77311     0.05858    60.97201
   113  H   1.0   0.083   1.004     5.68430     2.84593    59.17488
   114  H   1.0   0.083   1.010     1.74233     2.22232    63.15653
   115  H   1.0   0.081   0.999     0.07181    -1.22643    61.80538
   116  H   1.0   0.080   1.000     2.32436    -1.44942    59.34495
   117  H   1.0   0.080   0.997    -0.79180    -0.05291    58.86307
   118  H   1.0   0.083   1.005     2.67963     6.12082    60.31816
   119  H   1.0   0.083   1.007    -0.32881     5.28178    60.93232
   120  H   1.0   0.082   1.005     1.03179     2.77412    56.23069
   121  H   1.0   0.082   1.005     2.04846     5.87894    56.39887
   122  H   1.0   0.082   1.000    -3.44308     4.95675    58.24513
   123  H   1.0   0.082   1.004    -2.72687     3.64150    55.36330
   124  H   1.0   0.083   1.008    -0.49322     8.14850    54.52804
   125  H   1.0   0.080   0.998    -2.36594    11.09458    57.48546
   126  H   1.0   0.080   0.997    -4.72054     8.99510    58.45300
   127  H   1.0   0.080   0.998    -5.03801    10.92262    55.61274
   128  H   1.0   0.082   1.006    -4.26700     9.44863    52.11675
   129  H   1.0   0.083   1.004    -5.65595     6.55924    52.91800
   130  H   1.0   0.082   1.008    -0.99022     5.41784    50.96969
   131  H   1.0   0.082   1.004    -2.01823     7.72142    48.87776
   132  H   1.0   0.083   1.004    -6.26066     4.54857    49.27460
   133  H   1.0   0.082   1.005    -3.84748     2.50956    49.63365
   134  H   1.0   0.083   1.012    -2.08437     5.26100    45.63499
   135  H   1.0   0.080   0.997    -6.23610     7.96142    45.82396
   136  H   1.0   0.080   0.998    -7.33970     5.35926    44.10809
   137  H   1.0   0.080   1.000    -4.38227     7.28111    43.41078
   138  H   1.0   0.080   0.998    -1.89728     1.15651    44.24793
   139  H   1.0   0.080   0.998    -5.13061     1.44942    43.30874
   140  H   1.0   0.080   0.998    -4.18385     0.20031    46.40600
 
  Z AO/shell   Hii/eV     exponent
  1     Sat Feb 20 21:38:01 CET 2016    EN: 2.327 GAM: 0.473  GM3: 0.0000
     1s    -13.751157    1.051071
  6     Sat Feb 20 21:38:01 CET 2016    EN: 2.731 GAM: 0.422  GM3: 0.0000
     2s    -19.378245    2.021003
     2p    -11.993376    1.497917
  7     Sat Feb 20 21:38:01 CET 2016    EN: 3.573 GAM: 0.504  GM3: 0.0000
     2s    -21.576984    2.275442
     2p    -16.125120    2.056788
  8     Sat Feb 20 21:38:01 CET 2016    EN: 3.700 GAM: 0.587  GM3: 0.0000
     2s    -21.648843    2.110798
     2p    -17.239740    2.329048
 12     Sat Feb 20 23:25:47 CET 2016    EN: 0.033 GAM: 0.222  GM3: 0.0000
     3s    -12.693633    1.302878
     3p     -8.128821    0.504252
 
 dipole moment of classical point charges (au)
     X       Y       Z   
  -0.1436  -0.1618   0.1954  total (Debye):    0.741

 
 Nbf   :          338
 T(el) :   300.0
 calculating S/T integrals ...
 cpu time for ints   8.972500000000000E-002
 Nao   :          338
 making H0...
 making H1...
 cpu time for H      5.385000000000001E-003
 solving ...
 cpu time for diag   5.916099999999999E-002
 
 gap (eV)           :   1.276
 Koopmans IP (eV)   :  12.129
 Eel (Eh)           :  -268.258402
 T,E(Fermi),NFOD :    300.000   -11.491  0.000000
 T,E(Fermi),NFOD :    300.000   -11.491  0.000000
 Nfod               :  0.0000
 Nfod/Nel           :  0.0000

          eigenvalues
 #    :         164        165        166        167        168        169        170        171
 occ. :        2.000      2.000      2.000      2.000      2.000      2.000      2.000      2.000
 eps  :       -16.391    -16.347    -16.102    -15.880    -15.826    -15.574    -15.495    -15.039
 #    :         172        173        174        175        176        177        178        179
 occ. :        2.000      2.000      2.000      2.000      2.000      0.000      0.000      0.000
 eps  :       -14.812    -14.762    -14.610    -13.314    -12.130    -10.855     -9.770     -8.746
 #    :         180        181        182        183        184        185        186        187
 occ. :        0.000      0.000      0.000      0.000      0.000      0.000      0.000      0.000
 eps  :        -8.580     -8.338     -7.981     -7.839     -7.629     -7.303     -7.152     -7.031
                            1  SCC done.
 making H1...
 cpu time for H      6.824200000000000E-002
 solving ...
 cpu time for diag   2.663699999999999E-002
 
 gap (eV)           :   1.548
 Koopmans IP (eV)   :  12.032
 Eel (Eh)           :  -265.345055
 T,E(Fermi),NFOD :    300.000   -11.258  0.000000
 T,E(Fermi),NFOD :    300.000   -11.258  0.000000
 Nfod               :  0.0000
 Nfod/Nel           :  0.0000

          eigenvalues
 #    :         164        165        166        167        168        169        170        171
 occ. :        2.000      2.000      2.000      2.000      2.000      2.000      2.000      2.000
 eps  :       -15.258    -15.252    -15.176    -14.867    -14.672    -14.627    -14.403    -14.102
 #    :         172        173        174        175        176        177        178        179
 occ. :        2.000      2.000      2.000      2.000      2.000      0.000      0.000      0.000
 eps  :       -13.987    -13.920    -13.673    -12.725    -12.033    -10.485     -9.117     -8.498
 #    :         180        181        182        183        184        185        186        187
 occ. :        0.000      0.000      0.000      0.000      0.000      0.000      0.000      0.000
 eps  :        -8.400     -8.153     -7.845     -7.738     -7.469     -7.122     -6.981     -6.926
                            2  SCC done.
 
 
 Mulliken/CM5 charges    n(s)   n(p)   n(d)   
    1 MG  0.2888  0.7548   0.672  1.039  0.000
    2 C   0.0030  0.0052   1.187  2.810  0.000
    3 C  -0.0222 -0.0647   1.122  2.900  0.000
    4 C  -0.0556 -0.0975   1.136  2.919  0.000
    5 C  -0.0284 -0.0697   1.122  2.907  0.000
    6 N  -0.1466 -0.3980   1.412  3.735  0.000
    7 C   0.0246  0.0816   1.227  2.749  0.000
    8 C  -0.0264 -0.0812   1.210  2.817  0.000
    9 C  -0.0219 -0.0787   1.201  2.821  0.000
   10 C   0.0507  0.1108   1.213  2.736  0.000
   11 C  -0.0871 -0.2347   1.105  2.982  0.000
   12 C  -0.0538 -0.1608   1.152  2.902  0.000
   13 C  -0.0634 -0.1648   1.146  2.917  0.000
   14 C   0.2087  0.2566   1.198  2.593  0.000
   15 O  -0.2683 -0.3186   1.626  4.642  0.000
   16 O  -0.1710 -0.2394   1.511  4.660  0.000
   17 N  -0.2040 -0.4791   1.396  3.808  0.000
   18 C   0.0135  0.0612   1.216  2.771  0.000
   19 C  -0.0040 -0.0072   1.231  2.774  0.000
   20 C  -0.0607 -0.0560   1.220  2.841  0.000
   21 C   0.0245  0.0849   1.219  2.756  0.000
   22 C  -0.0745 -0.2178   1.091  2.983  0.000
   23 C   0.1518  0.1736   1.198  2.650  0.000
   24 O  -0.2575 -0.3088   1.624  4.634  0.000
   25 C  -0.0793 -0.2216   1.084  2.996  0.000
   26 N  -0.1624 -0.4339   1.427  3.735  0.000
   27 C   0.0425  0.1087   1.231  2.726  0.000
   28 C  -0.0082 -0.0692   1.198  2.810  0.000
   29 C  -0.0437 -0.1000   1.206  2.838  0.000
   30 C   0.0315  0.0878   1.222  2.746  0.000
   31 C  -0.0804 -0.2294   1.101  2.979  0.000
   32 C  -0.0504 -0.1609   1.146  2.904  0.000
   33 C  -0.0974 -0.2508   1.097  3.001  0.000
   34 N  -0.2107 -0.4884   1.382  3.829  0.000
   35 C   0.0166  0.0744   1.209  2.774  0.000
   36 C  -0.0305 -0.0368   1.248  2.783  0.000
   37 C  -0.0797 -0.0720   1.209  2.871  0.000
   38 C   0.0195  0.0872   1.196  2.785  0.000
   39 C  -0.0585 -0.2022   1.076  2.983  0.000
   40 C   0.1442  0.1770   1.198  2.658  0.000
   41 O  -0.2392 -0.2823   1.630  4.610  0.000
   42 C  -0.0112 -0.0532   1.188  2.823  0.000
   43 C   0.2371  0.2917   1.177  2.586  0.000
   44 O  -0.2451 -0.2920   1.630  4.615  0.000
   45 O  -0.1627 -0.2346   1.506  4.657  0.000
   46 C   0.0068 -0.1193   1.103  2.890  0.000
   47 C   0.0422 -0.0395   1.136  2.822  0.000
   48 C  -0.0661 -0.1236   1.165  2.902  0.000
   49 C  -0.0217 -0.0449   1.235  2.787  0.000
   50 C  -0.0799 -0.2254   1.083  2.997  0.000
   51 C  -0.0567 -0.1629   1.136  2.921  0.000
   52 C  -0.0662 -0.1780   1.159  2.907  0.000
   53 C  -0.0759 -0.1863   1.166  2.910  0.000
   54 C  -0.0280 -0.1018   1.202  2.826  0.000
   55 C  -0.0957 -0.2457   1.099  2.997  0.000
   56 C  -0.0699 -0.1814   1.142  2.927  0.000
   57 C  -0.0650 -0.1785   1.146  2.919  0.000
   58 C  -0.0775 -0.1881   1.168  2.909  0.000
   59 C  -0.0384 -0.1110   1.227  2.811  0.000
   60 C  -0.1004 -0.2496   1.108  2.993  0.000
   61 C  -0.0821 -0.1941   1.162  2.920  0.000
   62 C  -0.0499 -0.1632   1.132  2.918  0.000
   63 C  -0.0697 -0.1815   1.145  2.925  0.000
   64 C  -0.0384 -0.1141   1.209  2.830  0.000
   65 C  -0.1121 -0.2632   1.103  3.009  0.000
   66 C  -0.0849 -0.2341   1.103  2.982  0.000
   67 H   0.0556  0.1148   0.944  0.000  0.000
   68 H   0.0494  0.1098   0.951  0.000  0.000
   69 H   0.0551  0.1142   0.945  0.000  0.000
   70 H   0.0474  0.1107   0.953  0.000  0.000
   71 H   0.0471  0.1080   0.953  0.000  0.000
   72 H   0.0287  0.0812   0.971  0.000  0.000
   73 H   0.0559  0.1097   0.944  0.000  0.000
   74 H   0.0450  0.0972   0.955  0.000  0.000
   75 H   0.0351  0.0959   0.965  0.000  0.000
   76 H   0.0444  0.1028   0.956  0.000  0.000
   77 H   0.0484  0.1071   0.952  0.000  0.000
   78 H   0.0421  0.1066   0.958  0.000  0.000
   79 H   0.0476  0.1004   0.952  0.000  0.000
   80 H   0.0464  0.0981   0.954  0.000  0.000
   81 H   0.0523  0.1089   0.948  0.000  0.000
   82 H   0.0532  0.1090   0.947  0.000  0.000
   83 H   0.0506  0.1044   0.949  0.000  0.000
   84 H   0.0534  0.1080   0.947  0.000  0.000
   85 H   0.0593  0.1192   0.941  0.000  0.000
   86 H   0.0426  0.1071   0.957  0.000  0.000
   87 H   0.0376  0.0912   0.962  0.000  0.000
   88 H   0.0451  0.0981   0.955  0.000  0.000
   89 H   0.0430  0.0953   0.957  0.000  0.000
   90 H   0.0362  0.0951   0.964  0.000  0.000
   91 H   0.0408  0.0965   0.959  0.000  0.000
   92 H   0.0383  0.0895   0.962  0.000  0.000
   93 H   0.0315  0.0826   0.969  0.000  0.000
   94 H   0.0243  0.0776   0.976  0.000  0.000
   95 H   0.0594  0.1138   0.941  0.000  0.000
   96 H   0.0513  0.1048   0.949  0.000  0.000
   97 H   0.0532  0.1050   0.947  0.000  0.000
   98 H   0.0716  0.1363   0.928  0.000  0.000
   99 H   0.0617  0.1244   0.938  0.000  0.000
  100 H   0.0559  0.1128   0.944  0.000  0.000
  101 H   0.0485  0.1053   0.952  0.000  0.000
  102 H   0.0552  0.1180   0.945  0.000  0.000
  103 H   0.0663  0.1310   0.934  0.000  0.000
  104 H   0.0443  0.1020   0.956  0.000  0.000
  105 H   0.0494  0.1006   0.951  0.000  0.000
  106 H   0.0413  0.0943   0.959  0.000  0.000
  107 H   0.0421  0.0940   0.958  0.000  0.000
  108 H   0.0447  0.1029   0.955  0.000  0.000
  109 H   0.0396  0.0967   0.960  0.000  0.000
  110 H   0.0268  0.0839   0.973  0.000  0.000
  111 H   0.0367  0.0933   0.963  0.000  0.000
  112 H   0.0335  0.0894   0.966  0.000  0.000
  113 H   0.0310  0.0881   0.969  0.000  0.000
  114 H   0.0309  0.0913   0.969  0.000  0.000
  115 H   0.0337  0.0858   0.966  0.000  0.000
  116 H   0.0339  0.0872   0.966  0.000  0.000
  117 H   0.0453  0.0977   0.955  0.000  0.000
  118 H   0.0387  0.0961   0.961  0.000  0.000
  119 H   0.0287  0.0866   0.971  0.000  0.000
  120 H   0.0359  0.0930   0.964  0.000  0.000
  121 H   0.0365  0.0931   0.963  0.000  0.000
  122 H   0.0400  0.0953   0.960  0.000  0.000
  123 H   0.0314  0.0883   0.969  0.000  0.000
  124 H   0.0346  0.0949   0.965  0.000  0.000
  125 H   0.0294  0.0808   0.971  0.000  0.000
  126 H   0.0390  0.0909   0.961  0.000  0.000
  127 H   0.0409  0.0931   0.959  0.000  0.000
  128 H   0.0293  0.0864   0.971  0.000  0.000
  129 H   0.0188  0.0762   0.981  0.000  0.000
  130 H   0.0233  0.0813   0.977  0.000  0.000
  131 H   0.0360  0.0927   0.964  0.000  0.000
  132 H   0.0263  0.0834   0.974  0.000  0.000
  133 H   0.0266  0.0834   0.973  0.000  0.000
  134 H   0.0259  0.0867   0.974  0.000  0.000
  135 H   0.0365  0.0881   0.963  0.000  0.000
  136 H   0.0281  0.0804   0.972  0.000  0.000
  137 H   0.0392  0.0915   0.961  0.000  0.000
  138 H   0.0385  0.0899   0.962  0.000  0.000
  139 H   0.0403  0.0924   0.960  0.000  0.000
  140 H   0.0413  0.0935   0.959  0.000  0.000
 Hirshfeld charges for QMDFF written to <charges>
 
 Loewdin charges    n(s)   n(p)   n(d)
    1 MG  0.1274   0.684  1.189  0.000
    2 C   0.0047   1.147  2.848  0.000
    3 C  -0.0195   1.069  2.950  0.000
    4 C  -0.0556   1.086  2.970  0.000
    5 C  -0.0259   1.068  2.958  0.000
    6 N  -0.1136   1.370  3.744  0.000
    7 C   0.0268   1.190  2.783  0.000
    8 C  -0.0202   1.163  2.857  0.000
    9 C  -0.0142   1.153  2.861  0.000
   10 C   0.0553   1.175  2.770  0.000
   11 C  -0.0885   1.034  3.055  0.000
   12 C  -0.0489   1.093  2.956  0.000
   13 C  -0.0637   1.087  2.976  0.000
   14 C   0.1866   1.173  2.641  0.000
   15 O  -0.2528   1.595  4.658  0.000
   16 O  -0.1415   1.481  4.661  0.000
   17 N  -0.1731   1.356  3.817  0.000
   18 C   0.0179   1.177  2.805  0.000
   19 C   0.0032   1.191  2.806  0.000
   20 C  -0.0680   1.185  2.883  0.000
   21 C   0.0310   1.180  2.789  0.000
   22 C  -0.0743   1.018  3.057  0.000
   23 C   0.1517   1.160  2.688  0.000
   24 O  -0.2437   1.595  4.649  0.000
   25 C  -0.0857   1.010  3.075  0.000
   26 N  -0.1252   1.381  3.744  0.000
   27 C   0.0468   1.195  2.758  0.000
   28 C   0.0020   1.149  2.849  0.000
   29 C  -0.0395   1.160  2.879  0.000
   30 C   0.0362   1.185  2.779  0.000
   31 C  -0.0826   1.029  3.053  0.000
   32 C  -0.0445   1.086  2.958  0.000
   33 C  -0.1003   1.025  3.075  0.000
   34 N  -0.1786   1.340  3.839  0.000
   35 C   0.0175   1.171  2.811  0.000
   36 C  -0.0216   1.209  2.813  0.000
   37 C  -0.0887   1.174  2.915  0.000
   38 C   0.0248   1.156  2.819  0.000
   39 C  -0.0573   1.000  3.058  0.000
   40 C   0.1398   1.163  2.697  0.000
   41 O  -0.2248   1.600  4.625  0.000
   42 C  -0.0109   1.139  2.872  0.000
   43 C   0.2145   1.151  2.635  0.000
   44 O  -0.2309   1.600  4.631  0.000
   45 O  -0.1326   1.476  4.657  0.000
   46 C   0.0031   1.033  2.964  0.000
   47 C   0.0437   1.078  2.879  0.000
   48 C  -0.0650   1.117  2.948  0.000
   49 C  -0.0100   1.195  2.815  0.000
   50 C  -0.0816   1.009  3.073  0.000
   51 C  -0.0536   1.076  2.978  0.000
   52 C  -0.0620   1.102  2.960  0.000
   53 C  -0.0735   1.109  2.965  0.000
   54 C  -0.0181   1.154  2.864  0.000
   55 C  -0.0987   1.027  3.071  0.000
   56 C  -0.0683   1.084  2.985  0.000
   57 C  -0.0614   1.088  2.974  0.000
   58 C  -0.0753   1.112  2.964  0.000
   59 C  -0.0290   1.182  2.847  0.000
   60 C  -0.1035   1.037  3.066  0.000
   61 C  -0.0813   1.106  2.975  0.000
   62 C  -0.0457   1.071  2.974  0.000
   63 C  -0.0683   1.087  2.982  0.000
   64 C  -0.0287   1.162  2.867  0.000
   65 C  -0.1158   1.033  3.083  0.000
   66 C  -0.0861   1.031  3.055  0.000
   67 H   0.0509   0.949  0.000  0.000
   68 H   0.0462   0.954  0.000  0.000
   69 H   0.0496   0.950  0.000  0.000
   70 H   0.0415   0.959  0.000  0.000
   71 H   0.0414   0.959  0.000  0.000
   72 H   0.0296   0.970  0.000  0.000
   73 H   0.0550   0.945  0.000  0.000
   74 H   0.0436   0.956  0.000  0.000
   75 H   0.0326   0.967  0.000  0.000
   76 H   0.0414   0.959  0.000  0.000
   77 H   0.0445   0.955  0.000  0.000
   78 H   0.0385   0.961  0.000  0.000
   79 H   0.0460   0.954  0.000  0.000
   80 H   0.0460   0.954  0.000  0.000
   81 H   0.0496   0.950  0.000  0.000
   82 H   0.0504   0.950  0.000  0.000
   83 H   0.0510   0.949  0.000  0.000
   84 H   0.0539   0.946  0.000  0.000
   85 H   0.0527   0.947  0.000  0.000
   86 H   0.0386   0.961  0.000  0.000
   87 H   0.0375   0.963  0.000  0.000
   88 H   0.0440   0.956  0.000  0.000
   89 H   0.0428   0.957  0.000  0.000
   90 H   0.0334   0.967  0.000  0.000
   91 H   0.0378   0.962  0.000  0.000
   92 H   0.0381   0.962  0.000  0.000
   93 H   0.0313   0.969  0.000  0.000
   94 H   0.0265   0.974  0.000  0.000
   95 H   0.0557   0.944  0.000  0.000
   96 H   0.0500   0.950  0.000  0.000
   97 H   0.0519   0.948  0.000  0.000
   98 H   0.0627   0.937  0.000  0.000
   99 H   0.0565   0.944  0.000  0.000
  100 H   0.0518   0.948  0.000  0.000
  101 H   0.0455   0.955  0.000  0.000
  102 H   0.0486   0.951  0.000  0.000
  103 H   0.0581   0.942  0.000  0.000
  104 H   0.0377   0.962  0.000  0.000
  105 H   0.0480   0.952  0.000  0.000
  106 H   0.0409   0.959  0.000  0.000
  107 H   0.0413   0.959  0.000  0.000
  108 H   0.0410   0.959  0.000  0.000
  109 H   0.0366   0.963  0.000  0.000
  110 H   0.0246   0.975  0.000  0.000
  111 H   0.0347   0.965  0.000  0.000
  112 H   0.0320   0.968  0.000  0.000
  113 H   0.0287   0.971  0.000  0.000
  114 H   0.0263   0.974  0.000  0.000
  115 H   0.0336   0.966  0.000  0.000
  116 H   0.0344   0.966  0.000  0.000
  117 H   0.0449   0.955  0.000  0.000
  118 H   0.0369   0.963  0.000  0.000
  119 H   0.0273   0.973  0.000  0.000
  120 H   0.0342   0.966  0.000  0.000
  121 H   0.0351   0.965  0.000  0.000
  122 H   0.0382   0.962  0.000  0.000
  123 H   0.0298   0.970  0.000  0.000
  124 H   0.0300   0.970  0.000  0.000
  125 H   0.0297   0.970  0.000  0.000
  126 H   0.0389   0.961  0.000  0.000
  127 H   0.0413   0.959  0.000  0.000
  128 H   0.0281   0.972  0.000  0.000
  129 H   0.0178   0.982  0.000  0.000
  130 H   0.0217   0.978  0.000  0.000
  131 H   0.0338   0.966  0.000  0.000
  132 H   0.0250   0.975  0.000  0.000
  133 H   0.0253   0.975  0.000  0.000
  134 H   0.0226   0.977  0.000  0.000
  135 H   0.0373   0.963  0.000  0.000
  136 H   0.0284   0.972  0.000  0.000
  137 H   0.0394   0.961  0.000  0.000
  138 H   0.0377   0.962  0.000  0.000
  139 H   0.0396   0.960  0.000  0.000
  140 H   0.0412   0.959  0.000  0.000
 
 Wiberg/Mayer (AO) data. WBOs > 0.1 written file <wbo>
 largest (>0.05) Wiberg bond orders for each atom
           total WBO             WBO to atom ...
     1  MG  2.552    N   17 0.575    N   34 0.518    N    6 0.389    N   26 0.368    C   21 0.057    C   38 0.055    C   18 0.054
     2  C   3.894    C    7 1.468    C   38 1.194    C   42 0.920
     3  C   3.917    C   10 1.423    C   18 1.275    H   67 0.930
     4  C   3.921    C   27 1.377    C   21 1.287    H   68 0.937
     5  C   3.927    C   30 1.422    C   35 1.326    H   69 0.931
     6  N   3.327    C   10 1.263    C    7 1.182    MG   1 0.389    C   18 0.057
     7  C   3.876    C    2 1.468    N    6 1.182    C    8 0.941
     8  C   3.931    C   12 0.947    C    7 0.941    H   70 0.938    C    9 0.937
     9  C   3.934    C   11 0.964    C   10 0.946    H   71 0.944    C    8 0.937
    10  C   3.862    C    3 1.423    N    6 1.263    C    9 0.946
    11  C   3.965    H   72 0.980    H   74 0.978    H   73 0.968    C    9 0.964
    12  C   3.949    C   13 0.983    H   75 0.959    H   76 0.958    C    8 0.947
    13  C   3.964    C   12 0.983    H   78 0.957    H   77 0.953    C   14 0.918    O   15 0.084
    14  C   3.881    O   15 1.840    O   16 1.081    C   13 0.918
    15  O   2.146    C   14 1.840    O   16 0.167    C   13 0.084
    16  O   2.281    C   14 1.081    C   47 0.911    O   15 0.167
    17  N   3.338    C   21 1.212    C   18 1.078    MG   1 0.575    C   20 0.070
    18  C   3.848    C    3 1.275    C   19 1.222    N   17 1.078    N    6 0.057    MG   1 0.054
    19  C   3.861    C   20 1.423    C   18 1.222    C   22 0.956
    20  C   3.867    C   19 1.423    C   21 1.101    C   23 0.985    O   24 0.078    N   17 0.070
    21  C   3.871    C    4 1.287    N   17 1.212    C   20 1.101    MG   1 0.057    N   26 0.053
    22  C   3.975    H   80 0.980    H   81 0.973    H   79 0.973    C   19 0.956
    23  C   3.892    O   24 1.798    C   25 1.010    C   20 0.985
    24  O   2.121    C   23 1.798    C   20 0.078    C   25 0.066
    25  C   3.982    C   23 1.010    H   82 0.965    H   83 0.952    H   84 0.941    O   24 0.066
    26  N   3.333    C   27 1.323    C   30 1.188    MG   1 0.368    C   21 0.053
    27  C   3.858    C    4 1.377    N   26 1.323    C   28 0.906
    28  C   3.937    C   31 0.985    C   29 0.948    H   85 0.943    C   27 0.906
    29  C   3.930    C   30 0.952    C   28 0.948    C   32 0.944    H   86 0.928
    30  C   3.850    C    5 1.422    N   26 1.188    C   29 0.952    C   36 0.060
    31  C   3.972    C   28 0.985    H   88 0.976    H   87 0.976    H   89 0.971
    32  C   3.957    C   33 1.008    H   90 0.969    H   91 0.964    C   29 0.944
    33  C   3.980    C   32 1.008    H   93 0.982    H   92 0.981    H   94 0.977
    34  N   3.306    C   38 1.209    C   35 1.117    MG   1 0.518    C   36 0.057    C   37 0.056
    35  C   3.853    C    5 1.326    C   36 1.157    N   34 1.117
    36  C   3.820    C   37 1.323    C   35 1.157    C   39 1.013    C   30 0.060    N   34 0.057    O   41 0.053
    37  C   3.889    C   36 1.323    C   38 1.197    C   40 1.034    O   41 0.078    N   34 0.056
    38  C   3.890    N   34 1.209    C   37 1.197    C    2 1.194    MG   1 0.055
    39  C   3.978    C   36 1.013    H   95 0.972    H   97 0.965    H   96 0.954
    40  C   3.893    O   41 1.810    C   37 1.034    C   42 0.899
    41  O   2.152    C   40 1.810    C   37 0.078    C   42 0.072    C   36 0.053
    42  C   3.942    C    2 0.920    H   98 0.916    C   43 0.915    C   40 0.899    O   44 0.076    O   41 0.072
    43  C   3.895    O   44 1.841    O   45 1.072    C   42 0.915
    44  O   2.166    C   43 1.841    O   45 0.170    C   42 0.076
    45  O   2.277    C   43 1.072    C   46 0.962    O   44 0.170
    46  C   3.936    H  101 0.989    H  100 0.988    H   99 0.980    O   45 0.962
    47  C   3.933    C   48 1.025    H  102 0.968    H  103 0.960    O   16 0.911
    48  C   3.956    C   49 1.853    C   47 1.025    H  104 0.941
    49  C   3.924    C   48 1.853    C   51 0.985    C   50 0.977
    50  C   3.987    H  106 0.977    C   49 0.977    H  107 0.974    H  105 0.972
    51  C   3.975    C   49 0.985    C   52 0.968    H  108 0.961    H  109 0.961
    52  C   3.959    C   53 0.975    H  110 0.969    C   51 0.968    H  111 0.967
    53  C   3.958    C   52 0.975    H  113 0.970    C   54 0.966    H  112 0.961
    54  C   3.939    C   56 0.977    C   55 0.977    C   53 0.966    H  114 0.956
    55  C   3.981    H  115 0.984    H  116 0.981    C   54 0.977    H  117 0.977
    56  C   3.965    C   57 0.996    C   54 0.977    H  118 0.959    H  119 0.957
    57  C   3.966    C   56 0.996    C   58 0.972    H  120 0.964    H  121 0.963
    58  C   3.955    C   57 0.972    C   59 0.969    H  123 0.967    H  122 0.959
    59  C   3.925    C   60 0.972    C   58 0.969    C   61 0.960    H  124 0.955
    60  C   3.976    H  125 0.983    H  126 0.981    H  127 0.976    C   59 0.972
    61  C   3.957    C   62 0.981    H  129 0.966    H  128 0.962    C   59 0.960
    62  C   3.970    C   63 0.999    C   61 0.981    H  130 0.968    H  131 0.961
    63  C   3.964    C   62 0.999    C   64 0.967    H  133 0.961    H  132 0.959
    64  C   3.933    C   65 0.985    C   66 0.975    C   63 0.967    H  134 0.961
    65  C   3.977    C   64 0.985    H  136 0.981    H  137 0.980    H  135 0.977
    66  C   3.980    H  138 0.985    H  139 0.980    H  140 0.980    C   64 0.975
    67  H   0.994    C    3 0.930
    68  H   0.995    C    4 0.937
    69  H   0.993    C    5 0.931
    70  H   0.996    C    8 0.938
    71  H   0.995    C    9 0.944
    72  H   0.996    C   11 0.980
    73  H   0.996    C   11 0.968
    74  H   0.996    C   11 0.978
    75  H   0.997    C   12 0.959
    76  H   0.997    C   12 0.958
    77  H   0.997    C   13 0.953
    78  H   0.998    C   13 0.957
    79  H   0.995    C   22 0.973
    80  H   0.996    C   22 0.980
    81  H   0.994    C   22 0.973
    82  H   0.994    C   25 0.965
    83  H   0.997    C   25 0.952
    84  H   0.996    C   25 0.941
    85  H   0.994    C   28 0.943
    86  H   0.993    C   29 0.928
    87  H   0.997    C   31 0.976
    88  H   0.997    C   31 0.976
    89  H   0.996    C   31 0.971
    90  H   0.998    C   32 0.969
    91  H   0.996    C   32 0.964
    92  H   0.998    C   33 0.981
    93  H   0.998    C   33 0.982
    94  H   0.999    C   33 0.977
    95  H   0.995    C   39 0.972
    96  H   0.989    C   39 0.954
    97  H   0.993    C   39 0.965
    98  H   0.992    C   42 0.916
    99  H   0.996    C   46 0.980
   100  H   0.997    C   46 0.988
   101  H   0.997    C   46 0.989
   102  H   0.997    C   47 0.968
   103  H   0.995    C   47 0.960
   104  H   0.998    C   48 0.941
   105  H   0.997    C   50 0.972
   106  H   0.998    C   50 0.977
   107  H   0.998    C   50 0.974
   108  H   0.998    C   51 0.961
   109  H   0.998    C   51 0.961
   110  H   0.999    C   52 0.969
   111  H   0.999    C   52 0.967
   112  H   0.998    C   53 0.961
   113  H   0.999    C   53 0.970
   114  H   0.998    C   54 0.956
   115  H   0.999    C   55 0.984
   116  H   0.999    C   55 0.981
   117  H   0.997    C   55 0.977
   118  H   0.998    C   56 0.959
   119  H   0.999    C   56 0.957
   120  H   0.998    C   57 0.964
   121  H   0.999    C   57 0.963
   122  H   0.998    C   58 0.959
   123  H   0.999    C   58 0.967
   124  H   0.999    C   59 0.955
   125  H   0.998    C   60 0.983
   126  H   0.998    C   60 0.981
   127  H   0.998    C   60 0.976
   128  H   0.998    C   61 0.962
   129  H   1.000    C   61 0.966
   130  H   0.999    C   62 0.968
   131  H   0.999    C   62 0.961
   132  H   0.999    C   63 0.959
   133  H   0.999    C   63 0.961
   134  H   0.999    C   64 0.961
   135  H   0.999    C   65 0.977
   136  H   0.999    C   65 0.981
   137  H   0.998    C   65 0.980
   138  H   0.998    C   66 0.985
   139  H   0.997    C   66 0.980
   140  H   0.998    C   66 0.980
 
 --------------------------------------------
          xTB calculation for sTDA...
 --------------------------------------------
 
 reading parameter file ~/.param_stda2.xtb
 
      method parameters     
 k(s)        :  1.6000
 k(p)        :  2.1800
 k(d)        :  1.9500
 k(f)        :  2.0000
 k(R-V)      :  2.2750
 k(R-R)      :  1.7650
 Tscal       :  0.2580
 Gscal       :  1.0000
 fpol        :  1.0000
 Zcnf        :  0.3430
 Zqf         :  0.0000
 kcn         :  2.7000
 Ryd Hsplit  :  0.7000
 lshift(virt):  3.1000
 lshift(OS)  :  0.2000
 wllscaling  :  2.6000
 
 mowrcut     : 3.000
 
  Z AO/shell   Hii/eV     exponent
  1     Sun Feb 14 09:53:25 CET 2016    EN: 2.327 GAM: 0.473  GM3: 0.0000
     1s    -14.339618    1.220000
     2sp    -3.348946    0.600000
  6     Sun Feb 14 09:53:25 CET 2016    EN: 2.731 GAM: 0.422  GM3: 0.0000
     2s    -22.009312    1.565095
     2p    -13.020408    1.596905
     3sp    -3.914040    0.824500
  7     Sun Feb 14 09:53:25 CET 2016    EN: 3.573 GAM: 0.504  GM3: 0.0000
     2s    -25.722000    2.064844
     2p    -18.684912    1.801692
     3sp    -4.344791    0.921400
  8     Sun Feb 14 09:53:25 CET 2016    EN: 3.700 GAM: 0.587  GM3: 0.0000
     2s    -33.859000    2.418661
     2p    -22.175911    1.973969
     3sp    -4.259392    1.013700
 12     Sun Feb 21 16:58:31 CET 2016    EN: 0.033 GAM: 0.222  GM3: 0.0000
     3s    -11.092543    1.647583
     3p     -6.929529    0.855020
 
 Nbf   :          894
 T(el) :     0.0
 calculating S/T integrals ...
 cpu time for ints    1.44177300000000     
 Nao   :          894
 making H0...
 making H1...
 cpu time for H      2.549299999999999E-002
 solving ...
 cpu time for diag   0.337556000000000     
 
 gap (eV)           :   4.631
 Koopmans IP (eV)   :  13.328
 Eel (Eh)           :  -300.943229

          eigenvalues
 #    :         164        165        166        167        168        169        170        171
 occ. :        2.000      2.000      2.000      2.000      2.000      2.000      2.000      2.000
 eps  :       -17.239    -17.157    -16.984    -16.555    -16.351    -16.176    -16.006    -15.677
 #    :         172        173        174        175        176        177        178        179
 occ. :        2.000      2.000      2.000      2.000      2.000      0.000      0.000      0.000
 eps  :       -15.539    -15.405    -14.895    -14.069    -13.330     -8.698     -7.041     -6.802
 #    :         180        181        182        183        184        185        186        187
 occ. :        0.000      0.000      0.000      0.000      0.000      0.000      0.000      0.000
 eps  :        -6.337     -6.237     -6.205     -5.687     -5.486     -5.198     -5.150     -5.040
                            1  SCC done.
 writing mo output ...
 molden style : F
 
speedup  0.67
cpu  time for all    2.17 s
wall time for all    3.23 s
