cpu-bind=MASK - bp1-compute139, task 4294967295 4294967295 [0]: mask 0xffffff00ffffff set
Host:    bp1-compute139.data.bp.acrc.priv
Time:    Sat Apr 30 06:19:33 BST 2022
Dir:     /user/home/of15641/chlorophyll_parameterization/tddft_data/step_651_chromophore_14
Job ID:  1658896
Nodelist:
cat: bp1-compute139: No such file or directory
  
Result dir: /user/home/of15641/chlorophyll_parameterization/tddft_data/step_651_chromophore_14
running gaussian jobs
Running time g16 < CAMB3LYP_step_651_chromophore_14.com > CAMB3LYP_step_651_chromophore_14.log

real	30m35.847s
user	720m27.088s
sys	0m32.868s
Running time g16 < PBE0_step_651_chromophore_14.com > PBE0_step_651_chromophore_14.log

real	17m44.569s
user	423m38.755s
sys	0m23.087s
Running time g16 < wB97XD_step_651_chromophore_14.com > wB97XD_step_651_chromophore_14.log

real	29m12.222s
user	687m55.420s
sys	0m28.221s
Running time g16 < BLYP_step_651_chromophore_14.com > BLYP_step_651_chromophore_14.log

real	11m57.781s
user	285m25.356s
sys	0m20.919s
Running time g16 < ZINDO_step_651_chromophore_14.com > ZINDO_step_651_chromophore_14.log

real	0m7.677s
user	2m48.822s
sys	0m2.906s
