cpu-bind=MASK - bp1-compute132, task 4294967295 4294967295 [0]: mask 0x3fffffc03fffffc set
Host:    bp1-compute132.data.bp.acrc.priv
Time:    Thu May  5 14:19:14 BST 2022
Dir:     /user/home/of15641/chlorophyll_parameterization/tddft_data/step_951_chromophore_7
Job ID:  1692468
Nodelist:
cat: bp1-compute132: No such file or directory
  
Result dir: /user/home/of15641/chlorophyll_parameterization/tddft_data/step_951_chromophore_7
running gaussian jobs
Running time g16 < CAMB3LYP_step_951_chromophore_7.com > CAMB3LYP_step_951_chromophore_7.log

real	39m13.010s
user	927m4.850s
sys	1m37.880s
Running time g16 < PBE0_step_951_chromophore_7.com > PBE0_step_951_chromophore_7.log

real	25m4.050s
user	598m25.493s
sys	1m5.619s
Running time g16 < wB97XD_step_951_chromophore_7.com > wB97XD_step_951_chromophore_7.log

real	41m32.086s
user	981m26.758s
sys	2m18.009s
Running time g16 < BLYP_step_951_chromophore_7.com > BLYP_step_951_chromophore_7.log

real	17m21.337s
user	411m37.199s
sys	0m40.518s
Running time g16 < ZINDO_step_951_chromophore_7.com > ZINDO_step_951_chromophore_7.log

real	0m8.239s
user	3m2.409s
sys	0m2.755s
