cpu-bind=MASK - bp1-compute102, task 4294967295 4294967295 [0]: mask 0xffffffffffff set
Host:    bp1-compute102.data.bp.acrc.priv
Time:    Wed May  4 06:58:27 BST 2022
Dir:     /user/home/of15641/chlorophyll_parameterization/tddft_data/step_1501_chromophore_18
Job ID:  1692142
Nodelist:
cat: bp1-compute102: No such file or directory
  
Result dir: /user/home/of15641/chlorophyll_parameterization/tddft_data/step_1501_chromophore_18
running gaussian jobs
Running time g16 < CAMB3LYP_step_1501_chromophore_18.com > CAMB3LYP_step_1501_chromophore_18.log

real	28m16.064s
user	665m11.717s
sys	0m29.205s
Running time g16 < PBE0_step_1501_chromophore_18.com > PBE0_step_1501_chromophore_18.log

real	17m5.169s
user	408m3.741s
sys	0m20.833s
Running time g16 < wB97XD_step_1501_chromophore_18.com > wB97XD_step_1501_chromophore_18.log

real	26m59.395s
user	634m32.801s
sys	0m27.882s
Running time g16 < BLYP_step_1501_chromophore_18.com > BLYP_step_1501_chromophore_18.log

real	12m0.416s
user	286m28.619s
sys	0m22.697s
Running time g16 < ZINDO_step_1501_chromophore_18.com > ZINDO_step_1501_chromophore_18.log

real	0m6.917s
user	2m31.816s
sys	0m2.626s
