cpu-bind=MASK - bp1-compute103, task 4294967295 4294967295 [0]: mask 0xffffffffffff set
Host:    bp1-compute103.data.bp.acrc.priv
Time:    Sat Apr 30 14:30:09 BST 2022
Dir:     /user/home/of15641/chlorophyll_parameterization/tddft_data/step_801_chromophore_15
Job ID:  1658978
Nodelist:
cat: bp1-compute103: No such file or directory
  
Result dir: /user/home/of15641/chlorophyll_parameterization/tddft_data/step_801_chromophore_15
running gaussian jobs
Running time g16 < CAMB3LYP_step_801_chromophore_15.com > CAMB3LYP_step_801_chromophore_15.log

real	24m44.597s
user	581m43.002s
sys	0m26.091s
Running time g16 < PBE0_step_801_chromophore_15.com > PBE0_step_801_chromophore_15.log

real	16m46.336s
user	400m32.804s
sys	0m19.739s
Running time g16 < wB97XD_step_801_chromophore_15.com > wB97XD_step_801_chromophore_15.log

real	25m44.890s
user	605m0.545s
sys	0m26.032s
Running time g16 < BLYP_step_801_chromophore_15.com > BLYP_step_801_chromophore_15.log

real	13m53.373s
user	331m31.332s
sys	0m24.962s
Running time g16 < ZINDO_step_801_chromophore_15.com > ZINDO_step_801_chromophore_15.log

real	0m6.804s
user	2m28.483s
sys	0m2.743s
