 
        ______________________________________
       |                                      |
       |          ===================         |
       |             xTB for sTDA             |
       |          ===================         |
       |               S. Grimme              |
       |        Universitaet Bonn, MCTC       |
       |         2015-19, Version 1.0         |
       |     Wed Apr  3 09:14:55 CEST 2019    |
       |______________________________________|
 
        This code comes without any warranty
        for non-commercial, academia use only.
        Preliminary test version.
        Cite this work as:
        S. Grimme  &  C. Bannwarth, JCP 145 (2016) 054103
        if GBSA is used additionally:
        P. Shushkov, F. März, C. Bannwarth, S. Grimme, unpublished.
 
        with help from
        P. Shushkov, G. Brandenburg, S. Dohm, J. Pisarek,
        F. März, M. Checinski, S. Ehrlich, S. Spicher, 
        P. Pracht, E. Caldeweyher, S. Ehlert, and C. Bannwarth.
 
        usage        :
        xtb4stda <coord_file> [options]
        where <coord_file> is a valid file of TM)
        (*coord, Bohr) or xmol (*xyz, Angstroem)
        format.

        options:
        -chrg <int>   : molecular charge
        -uhf  <int>   : # of unpaired electrons(=2*S)
        -nox          : skip second, extended part in sTDA-xTB
        -pop          : do population analysis
                      : (default for -nox)
        -mowr <real>  : cut MO write above (def.3 Eh)
        -molden       : write formatted molden file
        -parx <file>  : read parameters for sTDA-xTB
                        calc (def:~/.param_stda2.xtb)
        -parv <file>  : read parameters for vTB part in
                        sTDA-xTB (def: ~/.param_stda1.xtb)
        -xtemp <real> : el. temp for xTB (def. 0 K)
        -etemp <real> : el. temp for GFN (def. 300 K)
        -fod          : calculate the FOD and write
                        molden.input file with
                        appropriate occupations
                        for plotting. Def. T=12500 K
 
        -acc <real>   : xTB accuracy (def. 1.0)
        -gbsa [string1] [string2]
                        use GBSA implicit solvent
                        for solvent [string1] and
                        solvation state [string2]=
                        reference, bar1M (default=1M)
        additional GFN/opt/MD/siman options read from
        $XTB4STDAHOME/.xtb4stdarc or $set in input
 
       spin and charge state information can be on:
       <.CHRG> (charge) and <.UHF> (=nalpha-nbeta)
       -uhf and -chrg override the file info.
       useful machine settings:
       setenv MKL_NUM_THREADS <NCORE_ON_YOUR_MACHINE>
       setenv OMP_STACKSIZE 500m
       limit stacksize unlimited
 
       total energies in Eh, gaps/HL energies in eV
       please read REVISION and HOWTO files carefully
 =============================
  # OMP threads =           4
 =============================
 
 xtb4stdahome directory:~/
 
 
 name of molecule           :
 comment line               :
 number of atoms            :   140
 number of electrons        :   352
 charge                     :  0
 spin                       : 0.0
 first test random number   :  0.6716
 
 -----------------------------------------
      charge density (VTB) calculation
 -----------------------------------------
 
      method parameters     
 k(s)        :  1.8000
 k(p)        :  2.8350
 k(d)        :  2.0860
 k(f)        :  2.0000
 Tscal       :  0.3300
 Gscal       :  0.3910
 fpol        :  1.0000
 Zcnf        :  0.6500
 Zqf         :  0.0000
 kcn         :  0.3000
 kEN1        : -0.5900
 wllscal     :  2.6000
 
     -------------------------
     ! NO SOLVENT MODEL USED !
     -------------------------
 
 doing EN charges ...
 sum q :  0.4440892D-15
 point charge moment (au)
     X       Y       Z   
  -0.1920   0.2031   0.4668  total (Debye):    1.383
 
            Z      q(EN)   CN      Cart. coordinates
     1  MG  2.0   0.842   4.518     5.96775    -0.17763    83.73754
     2  C   4.0   0.022   3.266    11.30245     3.71709    83.38794
     3  C   4.0  -0.059   3.143     3.01978     4.25377    79.94486
     4  C   4.0  -0.062   3.138     1.01100    -4.06480    83.40683
     5  C   4.0  -0.058   3.159     9.73020    -5.04557    86.14316
     6  N   5.0  -0.324   3.023     7.34536     3.58481    81.50766
     7  C   4.0   0.109   3.394     9.52044     4.84715    81.89883
     8  C   4.0  -0.094   4.148     9.69618     7.29623    80.44563
     9  C   4.0  -0.099   4.209     6.78412     7.56646    79.88061
    10  C   4.0   0.107   3.311     5.56713     4.99644    80.35115
    11  C   4.0  -0.238   4.053     5.58414     9.51099    81.71931
    12  C   4.0  -0.162   4.069    11.59536     7.09592    78.26489
    13  C   4.0  -0.170   4.046    11.73520     4.65062    76.68319
    14  C   4.0   0.155   3.083    11.70685     4.99644    73.82403
    15  O   6.0  -0.088   1.037    11.35158     6.95986    72.56548
    16  O   6.0  -0.112   2.053    12.31912     2.70987    72.60705
    17  N   5.0  -0.463   3.201     2.53412     0.05102    81.97631
    18  C   4.0   0.076   3.432     1.63650     2.12594    80.71586
    19  C   4.0   0.011   3.233    -1.13006     1.95965    80.56847
    20  C   4.0   0.005   3.226    -1.79713    -0.60093    81.29601
    21  C   4.0   0.086   3.454     0.64062    -1.61572    82.29945
    22  C   4.0  -0.244   4.005    -2.79490     3.98354    79.15117
    23  C   4.0   0.124   3.040    -4.39361    -1.85382    81.05979
    24  O   6.0  -0.117   1.063    -6.20775    -0.64251    80.44374
    25  C   4.0  -0.249   4.035    -4.70542    -4.60337    81.68718
    26  N   5.0  -0.375   3.107     5.63894    -4.23110    84.31768
    27  C   4.0   0.076   3.308     3.27301    -5.44430    84.26855
    28  C   4.0  -0.091   4.053     3.40718    -8.30724    85.15294
    29  C   4.0  -0.092   4.096     6.26633    -8.48676    86.13560
    30  C   4.0   0.101   3.325     7.29434    -5.70508    85.57435
    31  C   4.0  -0.236   3.994     1.36627    -9.40517    87.12393
    32  C   4.0  -0.160   3.998     8.00110   -10.66750    84.97909
    33  C   4.0  -0.238   3.992     9.97775   -11.67473    87.05590
    34  N   5.0  -0.416   3.201     9.75666    -0.67274    84.73531
    35  C   4.0   0.077   3.413    10.95663    -2.70420    85.84647
    36  C   4.0   0.014   3.243    13.55122    -2.00122    86.44929
    37  C   4.0   0.006   3.315    13.85169     0.54613    85.66884
    38  C   4.0   0.068   3.633    11.49709     1.23399    84.48398
    39  C   4.0  -0.247   4.021    15.42394    -3.54324    87.93840
    40  C   4.0   0.112   3.164    15.56945     2.77223    85.32113
    41  O   6.0  -0.104   1.038    17.81445     2.98199    85.71041
    42  C   4.0  -0.115   4.221    13.89327     4.84715    83.94730
    43  C   4.0   0.158   3.157    13.76287     7.07702    85.70474
    44  O   6.0  -0.083   1.037    15.52977     8.63416    86.00710
    45  O   6.0  -0.121   2.045    11.34025     7.28300    86.68551
    46  C   4.0  -0.192   4.050    10.82624     9.55445    88.03666
    47  C   4.0  -0.133   4.085    12.58557     2.76467    69.89529
    48  C   4.0  -0.053   3.129    10.01933     2.49066    68.84461
    49  C   4.0   0.018   3.108     9.59603     1.58548    66.49379
    50  C   4.0  -0.248   4.026    11.62559     0.48566    64.68721
    51  C   4.0  -0.178   4.118     6.87482     1.28312    65.74546
    52  C   4.0  -0.163   4.068     5.86193     3.84370    64.76847
    53  C   4.0  -0.164   4.087     4.72620     3.29946    62.17954
    54  C   4.0  -0.089   4.053     1.83492     4.16307    62.17765
    55  C   4.0  -0.239   4.050     0.22299     1.86705    62.92787
    56  C   4.0  -0.164   4.073     1.02990     5.16651    59.54337
    57  C   4.0  -0.165   4.069    -1.21131     6.91451    59.56038
    58  C   4.0  -0.165   4.094    -3.61127     5.84114    58.09207
    59  C   4.0  -0.090   4.087    -4.01378     7.73843    55.94723
    60  C   4.0  -0.240   4.072    -4.81691    10.29901    56.81272
    61  C   4.0  -0.165   4.104    -5.96586     6.55546    54.21813
    62  C   4.0  -0.162   4.039    -6.19452     7.87638    51.54983
    63  C   4.0  -0.163   4.055    -4.36716     6.71987    49.57507
    64  C   4.0  -0.088   4.029    -5.71642     4.57881    48.05573
    65  C   4.0  -0.239   4.047    -4.48243     1.94642    48.38832
    66  C   4.0  -0.239   4.045    -5.81658     5.07769    45.17201
    67  H   1.0   0.071   1.007     2.03146     5.72965    78.89417
    68  H   1.0   0.071   1.007    -0.55936    -5.35926    83.75076
    69  H   1.0   0.071   1.007    10.77144    -6.45341    87.23542
    70  H   1.0   0.085   1.009    10.15917     8.88171    81.67585
    71  H   1.0   0.085   1.007     6.21909     8.14850    77.98899
    72  H   1.0   0.081   1.001     3.66607     8.84392    82.06702
    73  H   1.0   0.081   0.998     5.74477    11.41772    80.96153
    74  H   1.0   0.080   0.997     6.26444     9.60926    83.66195
    75  H   1.0   0.083   1.007    13.45485     7.20930    79.14172
    76  H   1.0   0.083   1.004    11.30434     8.70786    77.01578
    77  H   1.0   0.083   1.006    10.08925     3.48843    77.10838
    78  H   1.0   0.082   1.005    13.51532     3.71142    77.11783
    79  H   1.0   0.079   0.997    -2.76845     3.85126    77.09515
    80  H   1.0   0.080   0.998    -2.20153     5.87516    79.71053
    81  H   1.0   0.080   0.997    -4.78101     4.05724    79.68785
    82  H   1.0   0.080   0.998    -6.56869    -5.30824    81.15995
    83  H   1.0   0.080   0.998    -4.40684    -5.01911    83.68273
    84  H   1.0   0.081   1.003    -3.39584    -5.48398    80.36249
    85  H   1.0   0.083   1.008     3.18797    -9.22942    83.32558
    86  H   1.0   0.084   1.007     6.33058    -8.70408    88.18217
    87  H   1.0   0.080   0.998    -0.20220   -10.14783    86.01655
    88  H   1.0   0.080   0.997     0.71621    -7.95008    88.42784
    89  H   1.0   0.080   0.998     2.27334   -10.87537    88.24642
    90  H   1.0   0.081   1.003     9.23887    -9.92673    83.50888
    91  H   1.0   0.080   1.000     6.85593   -12.17928    84.17406
    92  H   1.0   0.079   0.997    11.91850   -11.35536    86.44362
    93  H   1.0   0.079   0.997     9.70563   -13.69673    87.33368
    94  H   1.0   0.080   0.997    10.03822   -10.76577    88.90216
    95  H   1.0   0.080   1.000    15.71496    -5.33092    86.95952
    96  H   1.0   0.080   0.999    14.66049    -3.93630    89.81112
    97  H   1.0   0.080   0.998    17.26454    -2.62861    88.07068
    98  H   1.0   0.086   1.009    15.06112     5.44997    82.36182
    99  H   1.0   0.080   0.996     8.83447     9.59603    88.55823
   100  H   1.0   0.081   0.997    11.49520    11.20607    87.00298
   101  H   1.0   0.080   0.996    11.72764     9.57335    89.88859
   102  H   1.0   0.083   1.006    13.62114     1.24344    68.96933
   103  H   1.0   0.082   1.001    13.54745     4.45975    69.22633
   104  H   1.0   0.071   1.004     8.46786     2.90451    70.13529
   105  H   1.0   0.080   0.998    13.52855     1.10927    65.17098
   106  H   1.0   0.080   0.998    11.23820     1.12250    62.76725
   107  H   1.0   0.081   1.000    11.49331    -1.54391    65.00468
   108  H   1.0   0.082   1.004     5.82036     0.60849    67.38196
   109  H   1.0   0.084   1.007     6.90506    -0.19275    64.31115
   110  H   1.0   0.082   1.002     7.34725     5.27045    64.73067
   111  H   1.0   0.083   1.005     4.33125     4.39550    66.03080
   112  H   1.0   0.082   1.004     4.66573     1.31336    61.62963
   113  H   1.0   0.082   1.003     5.80524     4.41440    60.82461
   114  H   1.0   0.084   1.008     1.33793     5.65595    63.50424
   115  H   1.0   0.081   1.001    -1.61194     2.13917    62.03025
   116  H   1.0   0.081   1.001     0.22866     1.97287    64.98390
   117  H   1.0   0.081   0.998     0.88628     0.06803    62.17765
   118  H   1.0   0.083   1.004     0.62739     3.61883    58.24513
   119  H   1.0   0.082   1.006     2.53412     6.30413    58.71567
   120  H   1.0   0.083   1.005    -0.74833     8.76077    58.77615
   121  H   1.0   0.083   1.005    -1.76689     7.19797    61.52192
   122  H   1.0   0.082   1.001    -5.25344     5.58603    59.30716
   123  H   1.0   0.083   1.004    -3.28812     4.04968    57.12831
   124  H   1.0   0.085   1.014    -2.17696     8.22787    55.15543
   125  H   1.0   0.081   1.000    -3.21253    11.57835    56.62753
   126  H   1.0   0.081   0.999    -5.66729    10.28956    58.68922
   127  H   1.0   0.081   1.000    -6.32680    11.09458    55.65999
   128  H   1.0   0.083   1.005    -7.78756     6.77089    55.15543
   129  H   1.0   0.083   1.003    -5.66918     4.53534    53.94601
   130  H   1.0   0.082   1.004    -5.63705     9.85870    51.63676
   131  H   1.0   0.081   1.001    -8.12771     7.83480    50.83930
   132  H   1.0   0.082   1.004    -2.73443     5.93941    50.55773
   133  H   1.0   0.081   1.001    -3.57347     8.15984    48.33352
   134  H   1.0   0.083   1.009    -7.65717     4.28968    48.68123
   135  H   1.0   0.081   1.001    -6.03956     0.70298    47.86865
   136  H   1.0   0.081   0.999    -4.02512     1.71776    50.38387
   137  H   1.0   0.080   0.997    -2.89317     1.56658    47.13354
   138  H   1.0   0.080   0.998    -4.91140     3.57158    44.09487
   139  H   1.0   0.080   0.998    -5.00021     6.89561    44.64856
   140  H   1.0   0.080   0.998    -7.78756     5.16840    44.58430
 
  Z AO/shell   Hii/eV     exponent
  1     Sat Feb 20 21:38:01 CET 2016    EN: 2.327 GAM: 0.473  GM3: 0.0000
     1s    -13.751157    1.051071
  6     Sat Feb 20 21:38:01 CET 2016    EN: 2.731 GAM: 0.422  GM3: 0.0000
     2s    -19.378245    2.021003
     2p    -11.993376    1.497917
  7     Sat Feb 20 21:38:01 CET 2016    EN: 3.573 GAM: 0.504  GM3: 0.0000
     2s    -21.576984    2.275442
     2p    -16.125120    2.056788
  8     Sat Feb 20 21:38:01 CET 2016    EN: 3.700 GAM: 0.587  GM3: 0.0000
     2s    -21.648843    2.110798
     2p    -17.239740    2.329048
 12     Sat Feb 20 23:25:47 CET 2016    EN: 0.033 GAM: 0.222  GM3: 0.0000
     3s    -12.693633    1.302878
     3p     -8.128821    0.504252
 
 dipole moment of classical point charges (au)
     X       Y       Z   
  -0.1920   0.2031   0.4668  total (Debye):    1.383

 
 Nbf   :          338
 T(el) :   300.0
 calculating S/T integrals ...
 cpu time for ints   0.160921000000000     
 Nao   :          338
 making H0...
 making H1...
 cpu time for H      6.975999999999982E-003
 solving ...
 cpu time for diag   7.112700000000002E-002
 
 gap (eV)           :   1.344
 Koopmans IP (eV)   :  12.144
 Eel (Eh)           :  -268.279798
 T,E(Fermi),NFOD :    300.000   -11.472  0.000000
 T,E(Fermi),NFOD :    300.000   -11.472  0.000000
 Nfod               :  0.0000
 Nfod/Nel           :  0.0000

          eigenvalues
 #    :         164        165        166        167        168        169        170        171
 occ. :        2.000      2.000      2.000      2.000      2.000      2.000      2.000      2.000
 eps  :       -16.279    -16.209    -16.168    -15.993    -15.588    -15.533    -15.398    -14.938
 #    :         172        173        174        175        176        177        178        179
 occ. :        2.000      2.000      2.000      2.000      2.000      0.000      0.000      0.000
 eps  :       -14.922    -14.709    -14.538    -13.239    -12.145    -10.801     -9.966     -9.006
 #    :         180        181        182        183        184        185        186        187
 occ. :        0.000      0.000      0.000      0.000      0.000      0.000      0.000      0.000
 eps  :        -8.521     -8.221     -8.076     -7.762     -7.375     -7.258     -7.053     -6.822
                            1  SCC done.
 making H1...
 cpu time for H      8.547500000000000E-002
 solving ...
 cpu time for diag   3.530000000000000E-002
 
 gap (eV)           :   1.617
 Koopmans IP (eV)   :  12.054
 Eel (Eh)           :  -265.637156
 T,E(Fermi),NFOD :    300.000   -11.246  0.000000
 T,E(Fermi),NFOD :    300.000   -11.246  0.000000
 Nfod               :  0.0000
 Nfod/Nel           :  0.0000

          eigenvalues
 #    :         164        165        166        167        168        169        170        171
 occ. :        2.000      2.000      2.000      2.000      2.000      2.000      2.000      2.000
 eps  :       -15.245    -15.191    -15.098    -14.849    -14.506    -14.402    -14.397    -14.251
 #    :         172        173        174        175        176        177        178        179
 occ. :        2.000      2.000      2.000      2.000      2.000      0.000      0.000      0.000
 eps  :       -14.220    -14.121    -13.961    -12.710    -12.056    -10.438     -9.430     -9.099
 #    :         180        181        182        183        184        185        186        187
 occ. :        0.000      0.000      0.000      0.000      0.000      0.000      0.000      0.000
 eps  :        -8.332     -8.146     -7.954     -7.515     -7.303     -7.162     -6.898     -6.624
                            2  SCC done.
 
 
 Mulliken/CM5 charges    n(s)   n(p)   n(d)   
    1 MG  0.3220  0.7404   0.653  1.025  0.000
    2 C   0.0047  0.0110   1.171  2.824  0.000
    3 C  -0.0246 -0.0671   1.121  2.904  0.000
    4 C  -0.0526 -0.0951   1.135  2.918  0.000
    5 C  -0.0298 -0.0705   1.120  2.910  0.000
    6 N  -0.1730 -0.4033   1.412  3.761  0.000
    7 C   0.0326  0.0988   1.213  2.754  0.000
    8 C  -0.0065 -0.0612   1.198  2.808  0.000
    9 C  -0.0184 -0.0740   1.200  2.819  0.000
   10 C   0.0303  0.0907   1.230  2.740  0.000
   11 C  -0.1013 -0.2498   1.107  2.994  0.000
   12 C  -0.0380 -0.1438   1.145  2.893  0.000
   13 C  -0.0310 -0.1307   1.136  2.895  0.000
   14 C   0.1986  0.2430   1.215  2.586  0.000
   15 O  -0.2824 -0.3293   1.633  4.649  0.000
   16 O  -0.1620 -0.2374   1.484  4.678  0.000
   17 N  -0.2116 -0.5062   1.373  3.838  0.000
   18 C   0.0360  0.0970   1.189  2.775  0.000
   19 C  -0.0365 -0.0386   1.249  2.788  0.000
   20 C  -0.0735 -0.0680   1.231  2.842  0.000
   21 C   0.0369  0.1028   1.203  2.760  0.000
   22 C  -0.0792 -0.2229   1.085  2.994  0.000
   23 C   0.1710  0.1966   1.194  2.635  0.000
   24 O  -0.2312 -0.2827   1.615  4.616  0.000
   25 C  -0.0922 -0.2347   1.094  2.998  0.000
   26 N  -0.1630 -0.4161   1.422  3.741  0.000
   27 C   0.0016  0.0519   1.281  2.717  0.000
   28 C  -0.0154 -0.0726   1.220  2.795  0.000
   29 C  -0.0343 -0.0894   1.227  2.808  0.000
   30 C   0.0406  0.1024   1.222  2.738  0.000
   31 C  -0.0729 -0.2205   1.107  2.966  0.000
   32 C  -0.0480 -0.1557   1.164  2.884  0.000
   33 C  -0.1042 -0.2559   1.104  3.000  0.000
   34 N  -0.2038 -0.4790   1.386  3.817  0.000
   35 C   0.0341  0.0945   1.194  2.772  0.000
   36 C  -0.0052 -0.0098   1.212  2.793  0.000
   37 C  -0.0703 -0.0635   1.203  2.868  0.000
   38 C   0.0115  0.0768   1.212  2.777  0.000
   39 C  -0.0644 -0.2081   1.078  2.986  0.000
   40 C   0.1543  0.1876   1.209  2.637  0.000
   41 O  -0.1978 -0.2415   1.628  4.570  0.000
   42 C  -0.0392 -0.0823   1.198  2.841  0.000
   43 C   0.1966  0.2464   1.205  2.598  0.000
   44 O  -0.2724 -0.3158   1.640  4.632  0.000
   45 O  -0.1395 -0.2232   1.483  4.657  0.000
   46 C   0.0137 -0.1077   1.084  2.903  0.000
   47 C   0.0425 -0.0360   1.111  2.846  0.000
   48 C  -0.0755 -0.1324   1.162  2.913  0.000
   49 C  -0.0493 -0.0751   1.218  2.831  0.000
   50 C  -0.0879 -0.2346   1.088  3.000  0.000
   51 C  -0.0650 -0.1720   1.142  2.923  0.000
   52 C  -0.0493 -0.1595   1.153  2.897  0.000
   53 C  -0.0698 -0.1795   1.164  2.906  0.000
   54 C  -0.0402 -0.1154   1.220  2.820  0.000
   55 C  -0.1053 -0.2563   1.102  3.003  0.000
   56 C  -0.0734 -0.1849   1.151  2.923  0.000
   57 C  -0.0684 -0.1818   1.154  2.914  0.000
   58 C  -0.0735 -0.1847   1.165  2.908  0.000
   59 C  -0.0178 -0.0943   1.184  2.834  0.000
   60 C  -0.1098 -0.2628   1.100  3.009  0.000
   61 C  -0.0681 -0.1780   1.157  2.911  0.000
   62 C  -0.0671 -0.1785   1.157  2.911  0.000
   63 C  -0.0726 -0.1824   1.158  2.915  0.000
   64 C  -0.0288 -0.1044   1.205  2.824  0.000
   65 C  -0.1048 -0.2560   1.108  2.996  0.000
   66 C  -0.1112 -0.2616   1.106  3.005  0.000
   67 H   0.0568  0.1160   0.943  0.000  0.000
   68 H   0.0554  0.1151   0.945  0.000  0.000
   69 H   0.0492  0.1091   0.951  0.000  0.000
   70 H   0.0639  0.1279   0.936  0.000  0.000
   71 H   0.0460  0.1064   0.954  0.000  0.000
   72 H   0.0397  0.0945   0.960  0.000  0.000
   73 H   0.0362  0.0879   0.964  0.000  0.000
   74 H   0.0334  0.0862   0.967  0.000  0.000
   75 H   0.0482  0.1067   0.952  0.000  0.000
   76 H   0.0429  0.1031   0.957  0.000  0.000
   77 H   0.0613  0.1251   0.939  0.000  0.000
   78 H   0.0586  0.1188   0.941  0.000  0.000
   79 H   0.0477  0.0992   0.952  0.000  0.000
   80 H   0.0406  0.0929   0.959  0.000  0.000
   81 H   0.0477  0.1016   0.952  0.000  0.000
   82 H   0.0425  0.0974   0.957  0.000  0.000
   83 H   0.0554  0.1086   0.945  0.000  0.000
   84 H   0.0477  0.1030   0.952  0.000  0.000
   85 H   0.0538  0.1145   0.946  0.000  0.000
   86 H   0.0467  0.1080   0.953  0.000  0.000
   87 H   0.0450  0.0965   0.955  0.000  0.000
   88 H   0.0399  0.0916   0.960  0.000  0.000
   89 H   0.0453  0.0972   0.955  0.000  0.000
   90 H   0.0408  0.0970   0.959  0.000  0.000
   91 H   0.0442  0.0984   0.956  0.000  0.000
   92 H   0.0343  0.0851   0.966  0.000  0.000
   93 H   0.0305  0.0814   0.970  0.000  0.000
   94 H   0.0367  0.0878   0.963  0.000  0.000
   95 H   0.0444  0.0971   0.956  0.000  0.000
   96 H   0.0489  0.1013   0.951  0.000  0.000
   97 H   0.0500  0.1028   0.950  0.000  0.000
   98 H   0.0695  0.1362   0.930  0.000  0.000
   99 H   0.0483  0.1076   0.952  0.000  0.000
  100 H   0.0517  0.1142   0.948  0.000  0.000
  101 H   0.0414  0.1014   0.959  0.000  0.000
  102 H   0.0595  0.1233   0.940  0.000  0.000
  103 H   0.0557  0.1220   0.944  0.000  0.000
  104 H   0.0379  0.1003   0.962  0.000  0.000
  105 H   0.0418  0.0943   0.958  0.000  0.000
  106 H   0.0445  0.0968   0.956  0.000  0.000
  107 H   0.0466  0.0996   0.953  0.000  0.000
  108 H   0.0410  0.0975   0.959  0.000  0.000
  109 H   0.0402  0.0987   0.960  0.000  0.000
  110 H   0.0448  0.1012   0.955  0.000  0.000
  111 H   0.0372  0.0949   0.963  0.000  0.000
  112 H   0.0465  0.1042   0.954  0.000  0.000
  113 H   0.0304  0.0865   0.970  0.000  0.000
  114 H   0.0380  0.0982   0.962  0.000  0.000
  115 H   0.0344  0.0886   0.966  0.000  0.000
  116 H   0.0393  0.0926   0.961  0.000  0.000
  117 H   0.0314  0.0837   0.969  0.000  0.000
  118 H   0.0284  0.0860   0.972  0.000  0.000
  119 H   0.0308  0.0875   0.969  0.000  0.000
  120 H   0.0453  0.1034   0.955  0.000  0.000
  121 H   0.0276  0.0847   0.972  0.000  0.000
  122 H   0.0335  0.0887   0.966  0.000  0.000
  123 H   0.0371  0.0943   0.963  0.000  0.000
  124 H   0.0403  0.1022   0.960  0.000  0.000
  125 H   0.0369  0.0894   0.963  0.000  0.000
  126 H   0.0248  0.0779   0.975  0.000  0.000
  127 H   0.0280  0.0815   0.972  0.000  0.000
  128 H   0.0308  0.0880   0.969  0.000  0.000
  129 H   0.0379  0.0949   0.962  0.000  0.000
  130 H   0.0333  0.0897   0.967  0.000  0.000
  131 H   0.0371  0.0924   0.963  0.000  0.000
  132 H   0.0315  0.0889   0.968  0.000  0.000
  133 H   0.0387  0.0939   0.961  0.000  0.000
  134 H   0.0387  0.0985   0.961  0.000  0.000
  135 H   0.0326  0.0858   0.967  0.000  0.000
  136 H   0.0335  0.0861   0.966  0.000  0.000
  137 H   0.0328  0.0847   0.967  0.000  0.000
  138 H   0.0344  0.0870   0.966  0.000  0.000
  139 H   0.0293  0.0813   0.971  0.000  0.000
  140 H   0.0282  0.0799   0.972  0.000  0.000
 Hirshfeld charges for QMDFF written to <charges>
 
 Loewdin charges    n(s)   n(p)   n(d)
    1 MG  0.1624   0.664  1.173  0.000
    2 C   0.0069   1.130  2.863  0.000
    3 C  -0.0211   1.068  2.953  0.000
    4 C  -0.0511   1.084  2.967  0.000
    5 C  -0.0280   1.066  2.962  0.000
    6 N  -0.1418   1.370  3.772  0.000
    7 C   0.0321   1.176  2.792  0.000
    8 C   0.0014   1.150  2.849  0.000
    9 C  -0.0102   1.152  2.858  0.000
   10 C   0.0341   1.193  2.773  0.000
   11 C  -0.1041   1.036  3.068  0.000
   12 C  -0.0332   1.086  2.947  0.000
   13 C  -0.0287   1.076  2.952  0.000
   14 C   0.1809   1.189  2.630  0.000
   15 O  -0.2706   1.606  4.665  0.000
   16 O  -0.1292   1.452  4.678  0.000
   17 N  -0.1751   1.328  3.847  0.000
   18 C   0.0389   1.150  2.812  0.000
   19 C  -0.0301   1.211  2.819  0.000
   20 C  -0.0806   1.197  2.883  0.000
   21 C   0.0427   1.164  2.793  0.000
   22 C  -0.0803   1.012  3.069  0.000
   23 C   0.1658   1.158  2.676  0.000
   24 O  -0.2134   1.582  4.632  0.000
   25 C  -0.0976   1.021  3.076  0.000
   26 N  -0.1284   1.378  3.750  0.000
   27 C   0.0080   1.247  2.745  0.000
   28 C  -0.0056   1.173  2.832  0.000
   29 C  -0.0275   1.182  2.846  0.000
   30 C   0.0436   1.185  2.772  0.000
   31 C  -0.0722   1.034  3.038  0.000
   32 C  -0.0407   1.106  2.935  0.000
   33 C  -0.1066   1.033  3.073  0.000
   34 N  -0.1715   1.345  3.827  0.000
   35 C   0.0353   1.155  2.809  0.000
   36 C   0.0019   1.172  2.826  0.000
   37 C  -0.0786   1.167  2.912  0.000
   38 C   0.0156   1.174  2.811  0.000
   39 C  -0.0639   1.003  3.061  0.000
   40 C   0.1471   1.176  2.677  0.000
   41 O  -0.1807   1.596  4.585  0.000
   42 C  -0.0397   1.151  2.889  0.000
   43 C   0.1776   1.180  2.643  0.000
   44 O  -0.2620   1.615  4.647  0.000
   45 O  -0.1029   1.446  4.657  0.000
   46 C   0.0034   1.014  2.982  0.000
   47 C   0.0383   1.054  2.908  0.000
   48 C  -0.0737   1.113  2.961  0.000
   49 C  -0.0393   1.177  2.862  0.000
   50 C  -0.0889   1.014  3.075  0.000
   51 C  -0.0625   1.082  2.980  0.000
   52 C  -0.0440   1.093  2.951  0.000
   53 C  -0.0670   1.107  2.960  0.000
   54 C  -0.0308   1.174  2.857  0.000
   55 C  -0.1088   1.031  3.078  0.000
   56 C  -0.0714   1.093  2.979  0.000
   57 C  -0.0651   1.097  2.968  0.000
   58 C  -0.0710   1.108  2.963  0.000
   59 C  -0.0074   1.135  2.873  0.000
   60 C  -0.1155   1.030  3.085  0.000
   61 C  -0.0656   1.100  2.966  0.000
   62 C  -0.0626   1.099  2.964  0.000
   63 C  -0.0700   1.100  2.970  0.000
   64 C  -0.0175   1.157  2.861  0.000
   65 C  -0.1084   1.038  3.070  0.000
   66 C  -0.1159   1.036  3.080  0.000
   67 H   0.0512   0.949  0.000  0.000
   68 H   0.0513   0.949  0.000  0.000
   69 H   0.0445   0.955  0.000  0.000
   70 H   0.0563   0.944  0.000  0.000
   71 H   0.0395   0.961  0.000  0.000
   72 H   0.0403   0.960  0.000  0.000
   73 H   0.0356   0.964  0.000  0.000
   74 H   0.0345   0.966  0.000  0.000
   75 H   0.0452   0.955  0.000  0.000
   76 H   0.0383   0.962  0.000  0.000
   77 H   0.0577   0.942  0.000  0.000
   78 H   0.0537   0.946  0.000  0.000
   79 H   0.0462   0.954  0.000  0.000
   80 H   0.0409   0.959  0.000  0.000
   81 H   0.0461   0.954  0.000  0.000
   82 H   0.0411   0.959  0.000  0.000
   83 H   0.0551   0.945  0.000  0.000
   84 H   0.0472   0.953  0.000  0.000
   85 H   0.0468   0.953  0.000  0.000
   86 H   0.0408   0.959  0.000  0.000
   87 H   0.0435   0.956  0.000  0.000
   88 H   0.0389   0.961  0.000  0.000
   89 H   0.0441   0.956  0.000  0.000
   90 H   0.0371   0.963  0.000  0.000
   91 H   0.0406   0.959  0.000  0.000
   92 H   0.0346   0.965  0.000  0.000
   93 H   0.0306   0.969  0.000  0.000
   94 H   0.0378   0.962  0.000  0.000
   95 H   0.0435   0.957  0.000  0.000
   96 H   0.0474   0.953  0.000  0.000
   97 H   0.0476   0.952  0.000  0.000
   98 H   0.0612   0.939  0.000  0.000
   99 H   0.0457   0.954  0.000  0.000
  100 H   0.0476   0.952  0.000  0.000
  101 H   0.0384   0.962  0.000  0.000
  102 H   0.0541   0.946  0.000  0.000
  103 H   0.0486   0.951  0.000  0.000
  104 H   0.0311   0.969  0.000  0.000
  105 H   0.0421   0.958  0.000  0.000
  106 H   0.0433   0.957  0.000  0.000
  107 H   0.0454   0.955  0.000  0.000
  108 H   0.0377   0.962  0.000  0.000
  109 H   0.0384   0.962  0.000  0.000
  110 H   0.0409   0.959  0.000  0.000
  111 H   0.0348   0.965  0.000  0.000
  112 H   0.0446   0.955  0.000  0.000
  113 H   0.0280   0.972  0.000  0.000
  114 H   0.0338   0.966  0.000  0.000
  115 H   0.0347   0.965  0.000  0.000
  116 H   0.0387   0.961  0.000  0.000
  117 H   0.0323   0.968  0.000  0.000
  118 H   0.0271   0.973  0.000  0.000
  119 H   0.0290   0.971  0.000  0.000
  120 H   0.0434   0.957  0.000  0.000
  121 H   0.0263   0.974  0.000  0.000
  122 H   0.0310   0.969  0.000  0.000
  123 H   0.0355   0.964  0.000  0.000
  124 H   0.0358   0.964  0.000  0.000
  125 H   0.0373   0.963  0.000  0.000
  126 H   0.0258   0.974  0.000  0.000
  127 H   0.0298   0.970  0.000  0.000
  128 H   0.0287   0.971  0.000  0.000
  129 H   0.0359   0.964  0.000  0.000
  130 H   0.0314   0.969  0.000  0.000
  131 H   0.0346   0.965  0.000  0.000
  132 H   0.0298   0.970  0.000  0.000
  133 H   0.0364   0.964  0.000  0.000
  134 H   0.0342   0.966  0.000  0.000
  135 H   0.0329   0.967  0.000  0.000
  136 H   0.0339   0.966  0.000  0.000
  137 H   0.0331   0.967  0.000  0.000
  138 H   0.0352   0.965  0.000  0.000
  139 H   0.0303   0.970  0.000  0.000
  140 H   0.0287   0.971  0.000  0.000
 
 Wiberg/Mayer (AO) data. WBOs > 0.1 written file <wbo>
 largest (>0.05) Wiberg bond orders for each atom
           total WBO             WBO to atom ...
     1  MG  2.514    N   34 0.539    N   17 0.533    N   26 0.402    N    6 0.302    C   38 0.058    C   21 0.056    C   27 0.055
     2  C   3.902    C    7 1.452    C   38 1.191    C   42 0.951
     3  C   3.912    C   10 1.374    C   18 1.305    H   67 0.937
     4  C   3.902    C   27 1.387    C   21 1.280    H   68 0.935
     5  C   3.906    C   30 1.477    C   35 1.249    H   69 0.933
     6  N   3.232    C   10 1.298    C    7 1.240    MG   1 0.302
     7  C   3.875    C    2 1.452    N    6 1.240    C    8 0.934
     8  C   3.935    C   12 0.957    C    9 0.943    H   70 0.934    C    7 0.934
     9  C   3.935    C   11 0.966    H   71 0.945    C    8 0.943    C   10 0.941
    10  C   3.852    C    3 1.374    N    6 1.298    C    9 0.941
    11  C   3.968    H   73 0.979    H   74 0.976    H   72 0.970    C    9 0.966
    12  C   3.956    C   13 0.984    H   76 0.961    H   75 0.958    C    8 0.957
    13  C   3.964    C   12 0.984    H   78 0.952    C   14 0.952    H   77 0.938    O   15 0.076
    14  C   3.875    O   15 1.822    O   16 1.051    C   13 0.952
    15  O   2.112    C   14 1.822    O   16 0.159    C   13 0.076
    16  O   2.277    C   14 1.051    C   47 0.964    O   15 0.159
    17  N   3.330    C   21 1.214    C   18 1.140    MG   1 0.533    C   20 0.064    C   19 0.051
    18  C   3.873    C    3 1.305    C   19 1.172    N   17 1.140
    19  C   3.837    C   20 1.415    C   18 1.172    C   22 0.965    N   17 0.051
    20  C   3.846    C   19 1.415    C   21 1.109    C   23 0.973    O   24 0.084    N   17 0.064
    21  C   3.874    C    4 1.280    N   17 1.214    C   20 1.109    MG   1 0.056
    22  C   3.971    H   81 0.978    H   80 0.978    H   79 0.969    C   19 0.965
    23  C   3.885    O   24 1.862    C   20 0.973    C   25 0.961
    24  O   2.175    C   23 1.862    C   20 0.084    C   25 0.073
    25  C   3.981    H   82 0.972    H   84 0.963    C   23 0.961    H   83 0.958    O   24 0.073
    26  N   3.333    C   30 1.244    C   27 1.227    MG   1 0.402
    27  C   3.810    C    4 1.387    N   26 1.227    C   28 0.915    MG   1 0.055
    28  C   3.911    C   31 0.958    C   29 0.950    H   85 0.944    C   27 0.915
    29  C   3.917    C   32 0.950    C   28 0.950    H   86 0.946    C   30 0.898
    30  C   3.855    C    5 1.477    N   26 1.244    C   29 0.898
    31  C   3.969    H   88 0.984    H   87 0.981    H   89 0.980    C   28 0.958
    32  C   3.947    C   33 0.989    H   90 0.973    H   91 0.969    C   29 0.950
    33  C   3.974    C   32 0.989    H   93 0.985    H   92 0.985    H   94 0.979
    34  N   3.332    C   38 1.192    C   35 1.158    MG   1 0.539    C   37 0.067
    35  C   3.866    C    5 1.249    C   36 1.190    N   34 1.158
    36  C   3.850    C   37 1.375    C   35 1.190    C   39 0.994
    37  C   3.892    C   36 1.375    C   38 1.172    C   40 1.009    O   41 0.078    N   34 0.067
    38  C   3.867    N   34 1.192    C    2 1.191    C   37 1.172    MG   1 0.058
    39  C   3.981    C   36 0.994    H   97 0.978    H   95 0.969    H   96 0.966
    40  C   3.880    O   41 1.881    C   37 1.009    C   42 0.840
    41  O   2.220    C   40 1.881    C   42 0.087    C   37 0.078
    42  C   3.941    C    2 0.951    C   43 0.935    H   98 0.914    C   40 0.840    O   41 0.087    O   44 0.071
    43  C   3.884    O   44 1.795    O   45 1.074    C   42 0.935
    44  O   2.109    C   43 1.795    O   45 0.163    C   42 0.071
    45  O   2.309    C   43 1.074    C   46 0.982    O   44 0.163
    46  C   3.947    H   99 0.987    H  101 0.983    O   45 0.982    H  100 0.980
    47  C   3.942    C   48 1.004    O   16 0.964    H  102 0.955    H  103 0.950
    48  C   3.960    C   49 1.884    C   47 1.004    H  104 0.937
    49  C   3.933    C   48 1.884    C   51 0.982    C   50 0.969
    50  C   3.988    H  106 0.979    H  105 0.977    H  107 0.972    C   49 0.969
    51  C   3.970    C   49 0.982    C   52 0.964    H  108 0.960    H  109 0.956
    52  C   3.965    C   53 0.995    H  111 0.966    C   51 0.964    H  110 0.962
    53  C   3.960    C   52 0.995    H  113 0.967    H  112 0.956    C   54 0.950
    54  C   3.931    C   55 0.997    C   56 0.967    C   53 0.950    H  114 0.949
    55  C   3.984    C   54 0.997    H  116 0.980    H  117 0.978    H  115 0.976
    56  C   3.964    C   57 0.999    C   54 0.967    H  119 0.962    H  118 0.961
    57  C   3.961    C   56 0.999    H  121 0.966    C   58 0.964    H  120 0.962
    58  C   3.960    C   59 0.975    H  122 0.966    C   57 0.964    H  123 0.961
    59  C   3.951    C   60 0.999    C   61 0.976    C   58 0.975    H  124 0.948
    60  C   3.981    C   59 0.999    H  125 0.978    H  126 0.976    H  127 0.973
    61  C   3.961    C   59 0.976    C   62 0.971    H  128 0.965    H  129 0.961
    62  C   3.961    C   63 0.989    C   61 0.971    H  130 0.966    H  131 0.965
    63  C   3.962    C   62 0.989    C   64 0.968    H  132 0.965    H  133 0.960
    64  C   3.941    C   65 0.990    C   66 0.987    C   63 0.968    H  134 0.955
    65  C   3.983    C   64 0.990    H  135 0.981    H  137 0.979    H  136 0.977
    66  C   3.980    C   64 0.987    H  140 0.983    H  139 0.979    H  138 0.977
    67  H   0.994    C    3 0.937
    68  H   0.994    C    4 0.935
    69  H   0.994    C    5 0.933
    70  H   0.992    C    8 0.934
    71  H   0.994    C    9 0.945
    72  H   0.997    C   11 0.970
    73  H   0.997    C   11 0.979
    74  H   0.998    C   11 0.976
    75  H   0.995    C   12 0.958
    76  H   0.995    C   12 0.961
    77  H   0.996    C   13 0.938
    78  H   0.996    C   13 0.952
    79  H   0.992    C   22 0.969
    80  H   0.996    C   22 0.978
    81  H   0.997    C   22 0.978
    82  H   0.995    C   25 0.972
    83  H   0.996    C   25 0.958
    84  H   0.997    C   25 0.963
    85  H   0.994    C   28 0.944
    86  H   0.996    C   29 0.946
    87  H   0.997    C   31 0.981
    88  H   0.996    C   31 0.984
    89  H   0.997    C   31 0.980
    90  H   0.996    C   32 0.973
    91  H   0.996    C   32 0.969
    92  H   0.998    C   33 0.985
    93  H   0.998    C   33 0.985
    94  H   0.998    C   33 0.979
    95  H   0.993    C   39 0.969
    96  H   0.992    C   39 0.966
    97  H   0.996    C   39 0.978
    98  H   0.991    C   42 0.914
    99  H   0.997    C   46 0.987
   100  H   0.997    C   46 0.980
   101  H   0.998    C   46 0.983
   102  H   0.996    C   47 0.955
   103  H   0.996    C   47 0.950
   104  H   0.998    C   48 0.937
   105  H   0.998    C   50 0.977
   106  H   0.998    C   50 0.979
   107  H   0.998    C   50 0.972
   108  H   0.998    C   51 0.960
   109  H   0.997    C   51 0.956
   110  H   0.998    C   52 0.962
   111  H   0.999    C   52 0.966
   112  H   0.997    C   53 0.956
   113  H   0.999    C   53 0.967
   114  H   0.998    C   54 0.949
   115  H   0.999    C   55 0.976
   116  H   0.998    C   55 0.980
   117  H   0.999    C   55 0.978
   118  H   0.999    C   56 0.961
   119  H   0.999    C   56 0.962
   120  H   0.997    C   57 0.962
   121  H   0.999    C   57 0.966
   122  H   0.998    C   58 0.966
   123  H   0.999    C   58 0.961
   124  H   0.998    C   59 0.948
   125  H   0.999    C   60 0.978
   126  H   0.999    C   60 0.976
   127  H   0.999    C   60 0.973
   128  H   0.999    C   61 0.965
   129  H   0.999    C   61 0.961
   130  H   0.999    C   62 0.966
   131  H   0.998    C   62 0.965
   132  H   0.999    C   63 0.965
   133  H   0.998    C   63 0.960
   134  H   0.998    C   64 0.955
   135  H   0.999    C   65 0.981
   136  H   0.999    C   65 0.977
   137  H   0.999    C   65 0.979
   138  H   0.999    C   66 0.977
   139  H   0.999    C   66 0.979
   140  H   0.999    C   66 0.983
 
 --------------------------------------------
          xTB calculation for sTDA...
 --------------------------------------------
 
 reading parameter file ~/.param_stda2.xtb
 
      method parameters     
 k(s)        :  1.6000
 k(p)        :  2.1800
 k(d)        :  1.9500
 k(f)        :  2.0000
 k(R-V)      :  2.2750
 k(R-R)      :  1.7650
 Tscal       :  0.2580
 Gscal       :  1.0000
 fpol        :  1.0000
 Zcnf        :  0.3430
 Zqf         :  0.0000
 kcn         :  2.7000
 Ryd Hsplit  :  0.7000
 lshift(virt):  3.1000
 lshift(OS)  :  0.2000
 wllscaling  :  2.6000
 
 mowrcut     : 3.000
 
  Z AO/shell   Hii/eV     exponent
  1     Sun Feb 14 09:53:25 CET 2016    EN: 2.327 GAM: 0.473  GM3: 0.0000
     1s    -14.339618    1.220000
     2sp    -3.348946    0.600000
  6     Sun Feb 14 09:53:25 CET 2016    EN: 2.731 GAM: 0.422  GM3: 0.0000
     2s    -22.009312    1.565095
     2p    -13.020408    1.596905
     3sp    -3.914040    0.824500
  7     Sun Feb 14 09:53:25 CET 2016    EN: 3.573 GAM: 0.504  GM3: 0.0000
     2s    -25.722000    2.064844
     2p    -18.684912    1.801692
     3sp    -4.344791    0.921400
  8     Sun Feb 14 09:53:25 CET 2016    EN: 3.700 GAM: 0.587  GM3: 0.0000
     2s    -33.859000    2.418661
     2p    -22.175911    1.973969
     3sp    -4.259392    1.013700
 12     Sun Feb 21 16:58:31 CET 2016    EN: 0.033 GAM: 0.222  GM3: 0.0000
     3s    -11.092543    1.647583
     3p     -6.929529    0.855020
 
 Nbf   :          894
 T(el) :     0.0
 calculating S/T integrals ...
 cpu time for ints    1.14774200000000     
 Nao   :          894
 making H0...
 making H1...
 cpu time for H      2.763800000000005E-002
 solving ...
 cpu time for diag   0.287503000000000     
 
 gap (eV)           :   4.698
 Koopmans IP (eV)   :  13.401
 Eel (Eh)           :  -300.973891

          eigenvalues
 #    :         164        165        166        167        168        169        170        171
 occ. :        2.000      2.000      2.000      2.000      2.000      2.000      2.000      2.000
 eps  :       -17.486    -17.191    -16.979    -16.506    -16.354    -16.208    -16.129    -15.644
 #    :         172        173        174        175        176        177        178        179
 occ. :        2.000      2.000      2.000      2.000      2.000      0.000      0.000      0.000
 eps  :       -15.507    -15.180    -15.152    -13.925    -13.402     -8.704     -6.954     -6.841
 #    :         180        181        182        183        184        185        186        187
 occ. :        0.000      0.000      0.000      0.000      0.000      0.000      0.000      0.000
 eps  :        -6.654     -6.256     -5.847     -5.749     -5.331     -5.225     -5.093     -4.998
                            1  SCC done.
 writing mo output ...
 molden style : F
 
speedup  1.26
cpu  time for all    2.02 s
wall time for all    1.60 s
