cpu-bind=MASK - bp1-compute031, task 4294967295 4294967295 [0]: mask 0xffffffffffff set
Host:    bp1-compute031.data.bp.acrc.priv
Time:    Wed May  4 07:38:19 BST 2022
Dir:     /user/home/of15641/chlorophyll_parameterization/tddft_data/step_1501_chromophore_9
Job ID:  1692149
Nodelist:
cat: bp1-compute031: No such file or directory
  
Result dir: /user/home/of15641/chlorophyll_parameterization/tddft_data/step_1501_chromophore_9
running gaussian jobs
Running time g16 < CAMB3LYP_step_1501_chromophore_9.com > CAMB3LYP_step_1501_chromophore_9.log

real	30m36.184s
user	720m46.924s
sys	0m37.529s
Running time g16 < PBE0_step_1501_chromophore_9.com > PBE0_step_1501_chromophore_9.log

real	19m40.877s
user	470m5.607s
sys	0m25.600s
Running time g16 < wB97XD_step_1501_chromophore_9.com > wB97XD_step_1501_chromophore_9.log

real	31m23.442s
user	738m55.906s
sys	0m35.693s
Running time g16 < BLYP_step_1501_chromophore_9.com > BLYP_step_1501_chromophore_9.log

real	12m46.179s
user	304m31.523s
sys	0m24.365s
Running time g16 < ZINDO_step_1501_chromophore_9.com > ZINDO_step_1501_chromophore_9.log

real	0m7.267s
user	2m39.701s
sys	0m2.933s
