cpu-bind=MASK - bp1-compute123, task 4294967295 4294967295 [0]: mask 0xffffffffffff set
Host:    bp1-compute123.data.bp.acrc.priv
Time:    Wed May  4 02:54:50 BST 2022
Dir:     /user/home/of15641/chlorophyll_parameterization/tddft_data/step_1301_chromophore_6
Job ID:  1692085
Nodelist:
cat: bp1-compute123: No such file or directory
  
Result dir: /user/home/of15641/chlorophyll_parameterization/tddft_data/step_1301_chromophore_6
running gaussian jobs
Running time g16 < CAMB3LYP_step_1301_chromophore_6.com > CAMB3LYP_step_1301_chromophore_6.log

real	27m32.157s
user	647m10.462s
sys	0m38.764s
Running time g16 < PBE0_step_1301_chromophore_6.com > PBE0_step_1301_chromophore_6.log

real	16m26.954s
user	391m30.314s
sys	0m38.377s
Running time g16 < wB97XD_step_1301_chromophore_6.com > wB97XD_step_1301_chromophore_6.log

real	28m27.097s
user	669m12.534s
sys	0m35.674s
Running time g16 < BLYP_step_1301_chromophore_6.com > BLYP_step_1301_chromophore_6.log

real	11m51.457s
user	282m4.173s
sys	0m28.424s
Running time g16 < ZINDO_step_1301_chromophore_6.com > ZINDO_step_1301_chromophore_6.log

real	0m6.764s
user	2m28.566s
sys	0m2.532s
