cpu-bind=MASK - bp1-compute063, task 4294967295 4294967295 [0]: mask 0xffffffffffff set
Host:    bp1-compute063.data.bp.acrc.priv
Time:    Thu May  5 14:24:31 BST 2022
Dir:     /user/home/of15641/chlorophyll_parameterization/tddft_data/step_951_chromophore_8
Job ID:  1692469
Nodelist:
cat: bp1-compute063: No such file or directory
  
Result dir: /user/home/of15641/chlorophyll_parameterization/tddft_data/step_951_chromophore_8
running gaussian jobs
Running time g16 < CAMB3LYP_step_951_chromophore_8.com > CAMB3LYP_step_951_chromophore_8.log

real	27m17.859s
user	642m40.618s
sys	0m29.489s
Running time g16 < PBE0_step_951_chromophore_8.com > PBE0_step_951_chromophore_8.log

real	14m15.952s
user	340m28.113s
sys	0m18.470s
Running time g16 < wB97XD_step_951_chromophore_8.com > wB97XD_step_951_chromophore_8.log

real	27m20.916s
user	643m22.223s
sys	0m27.997s
Running time g16 < BLYP_step_951_chromophore_8.com > BLYP_step_951_chromophore_8.log

real	12m11.808s
user	290m47.425s
sys	0m22.027s
Running time g16 < ZINDO_step_951_chromophore_8.com > ZINDO_step_951_chromophore_8.log

real	0m6.308s
user	2m17.516s
sys	0m2.479s
