cpu-bind=MASK - bp1-compute067, task 4294967295 4294967295 [0]: mask 0xffffffffffff set
Host:    bp1-compute067.data.bp.acrc.priv
Time:    Wed May  4 05:03:50 BST 2022
Dir:     /user/home/of15641/chlorophyll_parameterization/tddft_data/step_1401_chromophore_25
Job ID:  1692116
Nodelist:
cat: bp1-compute067: No such file or directory
  
Result dir: /user/home/of15641/chlorophyll_parameterization/tddft_data/step_1401_chromophore_25
running gaussian jobs
Running time g16 < CAMB3LYP_step_1401_chromophore_25.com > CAMB3LYP_step_1401_chromophore_25.log

real	25m46.788s
user	606m5.756s
sys	0m53.132s
Running time g16 < PBE0_step_1401_chromophore_25.com > PBE0_step_1401_chromophore_25.log

real	19m42.102s
user	470m10.770s
sys	0m48.951s
Running time g16 < wB97XD_step_1401_chromophore_25.com > wB97XD_step_1401_chromophore_25.log

real	26m35.405s
user	625m52.832s
sys	0m45.040s
Running time g16 < BLYP_step_1401_chromophore_25.com > BLYP_step_1401_chromophore_25.log

real	12m7.629s
user	288m59.281s
sys	0m34.089s
Running time g16 < ZINDO_step_1401_chromophore_25.com > ZINDO_step_1401_chromophore_25.log

real	0m6.928s
user	2m32.393s
sys	0m2.657s
