 
        ______________________________________
       |                                      |
       |          ===================         |
       |             xTB for sTDA             |
       |          ===================         |
       |               S. Grimme              |
       |        Universitaet Bonn, MCTC       |
       |         2015-19, Version 1.0         |
       |     Wed Apr  3 09:14:55 CEST 2019    |
       |______________________________________|
 
        This code comes without any warranty
        for non-commercial, academia use only.
        Preliminary test version.
        Cite this work as:
        S. Grimme  &  C. Bannwarth, JCP 145 (2016) 054103
        if GBSA is used additionally:
        P. Shushkov, F. März, C. Bannwarth, S. Grimme, unpublished.
 
        with help from
        P. Shushkov, G. Brandenburg, S. Dohm, J. Pisarek,
        F. März, M. Checinski, S. Ehrlich, S. Spicher, 
        P. Pracht, E. Caldeweyher, S. Ehlert, and C. Bannwarth.
 
        usage        :
        xtb4stda <coord_file> [options]
        where <coord_file> is a valid file of TM)
        (*coord, Bohr) or xmol (*xyz, Angstroem)
        format.

        options:
        -chrg <int>   : molecular charge
        -uhf  <int>   : # of unpaired electrons(=2*S)
        -nox          : skip second, extended part in sTDA-xTB
        -pop          : do population analysis
                      : (default for -nox)
        -mowr <real>  : cut MO write above (def.3 Eh)
        -molden       : write formatted molden file
        -parx <file>  : read parameters for sTDA-xTB
                        calc (def:~/.param_stda2.xtb)
        -parv <file>  : read parameters for vTB part in
                        sTDA-xTB (def: ~/.param_stda1.xtb)
        -xtemp <real> : el. temp for xTB (def. 0 K)
        -etemp <real> : el. temp for GFN (def. 300 K)
        -fod          : calculate the FOD and write
                        molden.input file with
                        appropriate occupations
                        for plotting. Def. T=12500 K
 
        -acc <real>   : xTB accuracy (def. 1.0)
        -gbsa [string1] [string2]
                        use GBSA implicit solvent
                        for solvent [string1] and
                        solvation state [string2]=
                        reference, bar1M (default=1M)
        additional GFN/opt/MD/siman options read from
        $XTB4STDAHOME/.xtb4stdarc or $set in input
 
       spin and charge state information can be on:
       <.CHRG> (charge) and <.UHF> (=nalpha-nbeta)
       -uhf and -chrg override the file info.
       useful machine settings:
       setenv MKL_NUM_THREADS <NCORE_ON_YOUR_MACHINE>
       setenv OMP_STACKSIZE 500m
       limit stacksize unlimited
 
       total energies in Eh, gaps/HL energies in eV
       please read REVISION and HOWTO files carefully
 =============================
  # OMP threads =           4
 =============================
 
 xtb4stdahome directory:~/
 
 
 name of molecule           :
 comment line               :
 number of atoms            :   140
 number of electrons        :   352
 charge                     :  0
 spin                       : 0.0
 first test random number   :  0.2539
 
 -----------------------------------------
      charge density (VTB) calculation
 -----------------------------------------
 
      method parameters     
 k(s)        :  1.8000
 k(p)        :  2.8350
 k(d)        :  2.0860
 k(f)        :  2.0000
 Tscal       :  0.3300
 Gscal       :  0.3910
 fpol        :  1.0000
 Zcnf        :  0.6500
 Zqf         :  0.0000
 kcn         :  0.3000
 kEN1        : -0.5900
 wllscal     :  2.6000
 
     -------------------------
     ! NO SOLVENT MODEL USED !
     -------------------------
 
 doing EN charges ...
 sum q : -0.1776357D-14
 point charge moment (au)
     X       Y       Z   
  -0.2281   0.4008   0.3791  total (Debye):    1.517
 
            Z      q(EN)   CN      Cart. coordinates
     1  MG  2.0   0.883   4.639    47.92345     0.97888    56.17210
     2  C   4.0   0.020   3.318    51.75015     0.28913    61.48034
     3  C   4.0  -0.060   3.127    42.77206     1.58926    60.06494
     4  C   4.0  -0.057   3.130    44.09676     0.54424    50.74859
     5  C   4.0  -0.055   3.147    53.03705    -1.03368    52.32084
     6  N   5.0  -0.387   3.151    47.54928     1.18297    60.43533
     7  C   4.0   0.147   3.370    49.22358     0.78991    62.16442
     8  C   4.0  -0.096   4.161    48.28061     1.35682    64.72122
     9  C   4.0  -0.093   4.124    45.26272     1.35682    64.28848
    10  C   4.0   0.084   3.338    45.08130     1.24911    61.29515
    11  C   4.0  -0.237   4.027    43.75471    -0.90896    65.39019
    12  C   4.0  -0.161   4.044    49.47303     3.91740    65.75679
    13  C   4.0  -0.166   4.033    51.24370     3.43930    68.03202
    14  C   4.0   0.172   3.098    51.32307     5.14194    70.50001
    15  O   6.0  -0.103   1.042    51.83896     7.37938    70.53402
    16  O   6.0  -0.115   2.032    50.51804     3.85504    72.64296
    17  N   5.0  -0.422   3.185    44.11754     1.15273    55.48613
    18  C   4.0   0.061   3.433    42.23915     1.51745    57.33618
    19  C   4.0   0.014   3.233    39.85432     1.88784    56.20423
    20  C   4.0   0.001   3.290    40.18124     1.32092    53.56050
    21  C   4.0   0.071   3.397    42.85521     0.88250    53.18634
    22  C   4.0  -0.247   4.028    37.48082     2.23555    57.78593
    23  C   4.0   0.124   3.056    38.17813     1.06014    51.59330
    24  O   6.0  -0.116   1.073    38.68458     0.24566    49.53161
    25  C   4.0  -0.250   4.043    35.55897     1.95776    52.08274
    26  N   5.0  -0.376   3.112    48.44879    -0.07937    52.13943
    27  C   4.0   0.099   3.381    46.68946     0.06236    50.28561
    28  C   4.0  -0.095   4.162    47.83085    -0.55747    47.65322
    29  C   4.0  -0.095   4.172    50.66166    -0.61794    48.17667
    30  C   4.0   0.102   3.428    50.70135    -0.56881    51.07362
    31  C   4.0  -0.237   4.041    46.80662    -2.91585    46.40600
    32  C   4.0  -0.162   4.040    52.05817     1.81414    47.12410
    33  C   4.0  -0.238   4.007    54.97213     1.51556    47.04095
    34  N   5.0  -0.427   3.214    51.65377     0.07937    56.65209
    35  C   4.0   0.056   3.428    53.53783    -0.75211    54.88898
    36  C   4.0   0.016   3.269    55.82628    -1.19809    56.26659
    37  C   4.0   0.006   3.387    55.24425    -0.80691    58.84418
    38  C   4.0   0.070   3.701    52.72713    -0.07937    58.97646
    39  C   4.0  -0.249   4.038    58.09584    -2.16941    54.99858
    40  C   4.0   0.098   3.217    56.23258    -0.88817    61.44255
    41  O   6.0  -0.088   1.037    58.42277    -1.13006    62.25702
    42  C   4.0  -0.118   4.255    53.96679    -0.04724    63.13007
    43  C   4.0   0.173   3.154    53.50570    -2.27712    64.89130
    44  O   6.0  -0.091   1.040    52.19045    -4.14417    64.36218
    45  O   6.0  -0.114   2.023    54.75103    -1.76689    67.07771
    46  C   4.0  -0.203   3.997    54.37497    -3.44497    69.35483
    47  C   4.0  -0.130   4.093    50.56718     5.46509    74.84449
    48  C   4.0  -0.057   3.093    49.86798     4.13850    77.36916
    49  C   4.0   0.021   3.071    47.66078     3.37694    78.25733
    50  C   4.0  -0.252   4.061    45.23248     3.62071    76.89106
    51  C   4.0  -0.176   4.090    47.38677     2.17696    80.87460
    52  C   4.0  -0.163   4.049    46.99559     4.09504    83.03078
    53  C   4.0  -0.164   4.076    45.03406     3.06136    84.99798
    54  C   4.0  -0.090   4.067    45.23059     4.73187    87.44896
    55  C   4.0  -0.238   4.029    44.33486     3.15206    89.76765
    56  C   4.0  -0.164   4.080    43.88511     7.23198    86.96897
    57  C   4.0  -0.164   4.077    44.93012     9.29556    88.79822
    58  C   4.0  -0.165   4.088    42.80040    10.37649    90.38559
    59  C   4.0  -0.091   4.087    43.53929    13.17139    90.95251
    60  C   4.0  -0.239   4.064    42.55474    14.19184    93.36191
    61  C   4.0  -0.165   4.100    42.67757    14.83435    88.70374
    62  C   4.0  -0.162   4.037    44.16667    17.30233    88.51476
    63  C   4.0  -0.164   4.065    42.36010    19.57189    89.25554
    64  C   4.0  -0.087   4.002    43.56574    21.32556    91.34557
    65  C   4.0  -0.238   4.011    41.45114    21.73374    93.50931
    66  C   4.0  -0.238   4.026    44.60509    23.75763    90.14560
    67  H   1.0   0.070   1.006    41.25461     1.60816    61.46334
    68  H   1.0   0.070   1.004    43.01205     0.97888    49.04595
    69  H   1.0   0.071   1.006    54.67544    -1.58359    51.19268
    70  H   1.0   0.086   1.013    49.14421    -0.13039    65.85695
    71  H   1.0   0.084   1.005    44.51061     3.10293    65.08027
    72  H   1.0   0.081   0.999    45.10398    -2.32625    66.03269
    73  H   1.0   0.080   0.998    42.22782    -1.61761    64.20155
    74  H   1.0   0.080   0.999    42.72481    -0.16063    67.00968
    75  H   1.0   0.082   1.002    47.94235     5.24021    66.14608
    76  H   1.0   0.083   1.005    50.62387     4.71109    64.24501
    77  H   1.0   0.082   1.010    53.12776     3.97031    67.38952
    78  H   1.0   0.083   1.003    51.22858     1.47966    68.66508
    79  H   1.0   0.080   1.000    36.83265     4.16307    57.44956
    80  H   1.0   0.080   0.998    37.65468     2.20909    59.83817
    81  H   1.0   0.080   0.999    36.00873     0.89951    57.24925
    82  H   1.0   0.081   1.000    34.67458     0.69731    53.45090
    83  H   1.0   0.080   0.999    34.43648     1.88784    50.35742
    84  H   1.0   0.080   0.998    35.40591     3.78512    53.02193
    85  H   1.0   0.085   1.010    47.46047     1.02990    46.39466
    86  H   1.0   0.085   1.008    51.60842    -2.38483    47.70424
    87  H   1.0   0.081   1.000    45.25894    -3.65473    47.54739
    88  H   1.0   0.080   0.998    48.17100    -4.43141    46.11309
    89  H   1.0   0.080   0.999    45.95058    -2.44153    44.59375
    90  H   1.0   0.082   1.003    51.68778     3.47521    48.28628
    91  H   1.0   0.082   1.003    51.36653     2.08815    45.20413
    92  H   1.0   0.080   0.998    55.88864     2.94041    48.21258
    93  H   1.0   0.080   0.998    55.71479     1.80280    45.14177
    94  H   1.0   0.080   0.998    55.70345    -0.36283    47.45858
    95  H   1.0   0.080   1.000    59.70400    -0.94297    55.38598
    96  H   1.0   0.080   0.997    58.26781    -2.40373    52.95957
    97  H   1.0   0.081   1.003    58.42655    -3.98354    55.91510
    98  H   1.0   0.086   1.008    54.45812     1.70642    64.09006
    99  H   1.0   0.080   0.996    52.59863    -2.81569    70.18631
   100  H   1.0   0.079   0.995    55.94156    -3.63205    70.67764
   101  H   1.0   0.080   0.996    54.02349    -5.40651    68.83327
   102  H   1.0   0.082   1.000    49.60342     7.28300    74.73866
   103  H   1.0   0.083   1.005    52.57973     5.81658    75.10338
   104  H   1.0   0.070   1.005    51.51204     3.98732    78.59937
   105  H   1.0   0.081   0.999    44.96792     5.51422    76.12572
   106  H   1.0   0.080   0.998    43.52795     3.09726    77.92285
   107  H   1.0   0.080   1.000    45.20791     2.33381    75.28101
   108  H   1.0   0.082   1.005    49.14799     1.19431    81.29223
   109  H   1.0   0.082   1.003    45.89955     0.75211    80.91429
   110  H   1.0   0.082   1.003    46.34364     5.87327    82.22198
   111  H   1.0   0.082   1.004    48.84375     4.26889    83.92651
   112  H   1.0   0.082   1.002    45.31941     1.08281    85.49498
   113  H   1.0   0.082   1.002    43.07063     3.12750    84.37815
   114  H   1.0   0.084   1.010    47.26960     4.97943    87.59447
   115  H   1.0   0.080   0.997    42.86276     1.76311    89.37837
   116  H   1.0   0.081   0.998    43.70369     4.39928    91.27943
   117  H   1.0   0.080   1.001    46.09231     2.24499    90.34402
   118  H   1.0   0.083   1.007    41.92924     6.76711    87.41872
   119  H   1.0   0.083   1.003    44.15156     7.90094    85.03956
   120  H   1.0   0.083   1.006    45.64444    10.86403    87.67006
   121  H   1.0   0.083   1.004    46.33797     8.47353    90.05678
   122  H   1.0   0.082   1.003    42.68135     9.16706    92.04855
   123  H   1.0   0.083   1.004    40.89178    10.52388    89.62403
   124  H   1.0   0.084   1.013    45.56129    13.37737    91.28510
   125  H   1.0   0.081   1.001    41.42846    12.71030    94.24630
   126  H   1.0   0.082   1.002    41.15445    15.63748    92.91971
   127  H   1.0   0.081   1.000    44.13644    14.80978    94.52787
   128  H   1.0   0.083   1.003    40.64045    15.10458    88.86058
   129  H   1.0   0.083   1.004    42.91379    13.85169    86.90850
   130  H   1.0   0.081   1.002    44.77139    17.65760    86.57779
   131  H   1.0   0.082   1.002    45.93924    17.12281    89.54655
   132  H   1.0   0.083   1.005    40.52895    19.13159    90.09079
   133  H   1.0   0.082   1.002    41.85932    20.69061    87.60203
   134  H   1.0   0.083   1.007    45.12288    20.25408    92.16193
   135  H   1.0   0.079   0.996    41.40201    20.30322    94.99085
   136  H   1.0   0.080   0.997    39.55007    22.02854    92.77232
   137  H   1.0   0.080   0.999    42.07475    23.41559    94.52220
   138  H   1.0   0.080   0.999    44.21959    25.32611    91.42305
   139  H   1.0   0.080   0.997    43.91723    24.32833    88.28989
   140  H   1.0   0.080   0.997    46.65166    23.85779    89.93395
 
  Z AO/shell   Hii/eV     exponent
  1     Sat Feb 20 21:38:01 CET 2016    EN: 2.327 GAM: 0.473  GM3: 0.0000
     1s    -13.751157    1.051071
  6     Sat Feb 20 21:38:01 CET 2016    EN: 2.731 GAM: 0.422  GM3: 0.0000
     2s    -19.378245    2.021003
     2p    -11.993376    1.497917
  7     Sat Feb 20 21:38:01 CET 2016    EN: 3.573 GAM: 0.504  GM3: 0.0000
     2s    -21.576984    2.275442
     2p    -16.125120    2.056788
  8     Sat Feb 20 21:38:01 CET 2016    EN: 3.700 GAM: 0.587  GM3: 0.0000
     2s    -21.648843    2.110798
     2p    -17.239740    2.329048
 12     Sat Feb 20 23:25:47 CET 2016    EN: 0.033 GAM: 0.222  GM3: 0.0000
     3s    -12.693633    1.302878
     3p     -8.128821    0.504252
 
 dipole moment of classical point charges (au)
     X       Y       Z   
  -0.2281   0.4008   0.3791  total (Debye):    1.517

 
 Nbf   :          338
 T(el) :   300.0
 calculating S/T integrals ...
 cpu time for ints   0.141016000000000     
 Nao   :          338
 making H0...
 making H1...
 cpu time for H      1.146100000000003E-002
 solving ...
 cpu time for diag   7.268400000000000E-002
 
 gap (eV)           :   1.468
 Koopmans IP (eV)   :  12.389
 Eel (Eh)           :  -268.475182
 T,E(Fermi),NFOD :    300.000   -11.655  0.000000
 T,E(Fermi),NFOD :    300.000   -11.655  0.000000
 Nfod               :  0.0000
 Nfod/Nel           :  0.0000

          eigenvalues
 #    :         164        165        166        167        168        169        170        171
 occ. :        2.000      2.000      2.000      2.000      2.000      2.000      2.000      2.000
 eps  :       -16.189    -16.183    -15.980    -15.783    -15.649    -15.575    -15.429    -15.202
 #    :         172        173        174        175        176        177        178        179
 occ. :        2.000      2.000      2.000      2.000      2.000      0.000      0.000      0.000
 eps  :       -14.885    -14.804    -14.682    -13.076    -12.390    -10.922     -9.815     -9.006
 #    :         180        181        182        183        184        185        186        187
 occ. :        0.000      0.000      0.000      0.000      0.000      0.000      0.000      0.000
 eps  :        -8.370     -8.108     -7.911     -7.520     -7.517     -7.245     -7.144     -6.873
                            1  SCC done.
 making H1...
 cpu time for H      8.618800000000001E-002
 solving ...
 cpu time for diag   3.026000000000001E-002
 
 gap (eV)           :   1.643
 Koopmans IP (eV)   :  12.210
 Eel (Eh)           :  -265.624365
 T,E(Fermi),NFOD :    300.000   -11.389  0.000000
 T,E(Fermi),NFOD :    300.000   -11.389  0.000000
 Nfod               :  0.0000
 Nfod/Nel           :  0.0000

          eigenvalues
 #    :         164        165        166        167        168        169        170        171
 occ. :        2.000      2.000      2.000      2.000      2.000      2.000      2.000      2.000
 eps  :       -15.407    -15.293    -15.024    -14.897    -14.752    -14.604    -14.401    -14.082
 #    :         172        173        174        175        176        177        178        179
 occ. :        2.000      2.000      2.000      2.000      2.000      0.000      0.000      0.000
 eps  :       -14.051    -13.986    -13.618    -12.468    -12.212    -10.568     -9.105     -8.853
 #    :         180        181        182        183        184        185        186        187
 occ. :        0.000      0.000      0.000      0.000      0.000      0.000      0.000      0.000
 eps  :        -8.092     -7.983     -7.732     -7.477     -7.288     -7.133     -7.007     -6.693
                            2  SCC done.
 
 
 Mulliken/CM5 charges    n(s)   n(p)   n(d)   
    1 MG  0.3016  0.7447   0.667  1.032  0.000
    2 C   0.0038  0.0076   1.171  2.826  0.000
    3 C  -0.0243 -0.0683   1.139  2.885  0.000
    4 C  -0.0145 -0.0553   1.138  2.877  0.000
    5 C  -0.0456 -0.0882   1.134  2.911  0.000
    6 N  -0.1619 -0.4170   1.385  3.776  0.000
    7 C   0.0710  0.1458   1.203  2.726  0.000
    8 C  -0.0352 -0.0881   1.210  2.825  0.000
    9 C  -0.0266 -0.0828   1.214  2.813  0.000
   10 C   0.0359  0.0907   1.232  2.732  0.000
   11 C  -0.0886 -0.2361   1.102  2.987  0.000
   12 C  -0.0462 -0.1525   1.165  2.881  0.000
   13 C  -0.0718 -0.1729   1.159  2.912  0.000
   14 C   0.2080  0.2560   1.208  2.584  0.000
   15 O  -0.2507 -0.3008   1.625  4.626  0.000
   16 O  -0.1578 -0.2329   1.499  4.659  0.000
   17 N  -0.2019 -0.4796   1.387  3.815  0.000
   18 C   0.0292  0.0846   1.197  2.774  0.000
   19 C  -0.0184 -0.0230   1.209  2.809  0.000
   20 C  -0.0563 -0.0505   1.201  2.856  0.000
   21 C   0.0423  0.1017   1.209  2.748  0.000
   22 C  -0.0829 -0.2279   1.081  3.002  0.000
   23 C   0.1639  0.1896   1.185  2.651  0.000
   24 O  -0.2593 -0.3138   1.615  4.644  0.000
   25 C  -0.0991 -0.2411   1.095  3.005  0.000
   26 N  -0.1627 -0.4172   1.421  3.742  0.000
   27 C   0.0378  0.0984   1.237  2.725  0.000
   28 C  -0.0048 -0.0626   1.182  2.823  0.000
   29 C  -0.0281 -0.0842   1.204  2.824  0.000
   30 C   0.0246  0.0870   1.233  2.742  0.000
   31 C  -0.0857 -0.2338   1.099  2.987  0.000
   32 C  -0.0453 -0.1538   1.157  2.888  0.000
   33 C  -0.1024 -0.2545   1.096  3.007  0.000
   34 N  -0.2255 -0.5078   1.390  3.835  0.000
   35 C   0.0034  0.0550   1.203  2.793  0.000
   36 C  -0.0097 -0.0150   1.205  2.805  0.000
   37 C  -0.0443 -0.0369   1.176  2.869  0.000
   38 C   0.0165  0.0839   1.199  2.784  0.000
   39 C  -0.0674 -0.2115   1.069  2.998  0.000
   40 C   0.1289  0.1600   1.214  2.657  0.000
   41 O  -0.2311 -0.2713   1.639  4.593  0.000
   42 C  -0.0241 -0.0672   1.185  2.839  0.000
   43 C   0.2122  0.2656   1.190  2.598  0.000
   44 O  -0.2768 -0.3205   1.634  4.643  0.000
   45 O  -0.1433 -0.2234   1.487  4.657  0.000
   46 C   0.0149 -0.1110   1.094  2.891  0.000
   47 C   0.0392 -0.0385   1.133  2.827  0.000
   48 C  -0.0737 -0.1307   1.158  2.916  0.000
   49 C  -0.0016 -0.0251   1.201  2.801  0.000
   50 C  -0.0934 -0.2386   1.078  3.016  0.000
   51 C  -0.0615 -0.1683   1.140  2.921  0.000
   52 C  -0.0549 -0.1658   1.155  2.900  0.000
   53 C  -0.0822 -0.1932   1.163  2.919  0.000
   54 C  -0.0367 -0.1121   1.207  2.829  0.000
   55 C  -0.0954 -0.2456   1.103  2.993  0.000
   56 C  -0.0644 -0.1743   1.152  2.912  0.000
   57 C  -0.0587 -0.1710   1.150  2.908  0.000
   58 C  -0.0692 -0.1810   1.153  2.917  0.000
   59 C  -0.0338 -0.1108   1.195  2.839  0.000
   60 C  -0.1017 -0.2537   1.098  3.004  0.000
   61 C  -0.0726 -0.1842   1.156  2.917  0.000
   62 C  -0.0572 -0.1682   1.153  2.904  0.000
   63 C  -0.0874 -0.1971   1.171  2.916  0.000
   64 C  -0.0246 -0.0979   1.213  2.812  0.000
   65 C  -0.1067 -0.2572   1.113  2.993  0.000
   66 C  -0.1071 -0.2569   1.099  3.008  0.000
   67 H   0.0628  0.1217   0.937  0.000  0.000
   68 H   0.0607  0.1239   0.939  0.000  0.000
   69 H   0.0626  0.1220   0.937  0.000  0.000
   70 H   0.0532  0.1200   0.947  0.000  0.000
   71 H   0.0478  0.1075   0.952  0.000  0.000
   72 H   0.0391  0.0921   0.961  0.000  0.000
   73 H   0.0489  0.1016   0.951  0.000  0.000
   74 H   0.0280  0.0800   0.972  0.000  0.000
   75 H   0.0412  0.0977   0.959  0.000  0.000
   76 H   0.0499  0.1087   0.950  0.000  0.000
   77 H   0.0471  0.1093   0.953  0.000  0.000
   78 H   0.0438  0.1071   0.956  0.000  0.000
   79 H   0.0423  0.0950   0.958  0.000  0.000
   80 H   0.0485  0.1008   0.951  0.000  0.000
   81 H   0.0465  0.0994   0.953  0.000  0.000
   82 H   0.0450  0.0992   0.955  0.000  0.000
   83 H   0.0434  0.0992   0.957  0.000  0.000
   84 H   0.0442  0.0974   0.956  0.000  0.000
   85 H   0.0501  0.1120   0.950  0.000  0.000
   86 H   0.0530  0.1146   0.947  0.000  0.000
   87 H   0.0382  0.0923   0.962  0.000  0.000
   88 H   0.0366  0.0888   0.963  0.000  0.000
   89 H   0.0365  0.0884   0.963  0.000  0.000
   90 H   0.0461  0.1029   0.954  0.000  0.000
   91 H   0.0399  0.0958   0.960  0.000  0.000
   92 H   0.0357  0.0871   0.964  0.000  0.000
   93 H   0.0292  0.0803   0.971  0.000  0.000
   94 H   0.0340  0.0862   0.966  0.000  0.000
   95 H   0.0463  0.0990   0.954  0.000  0.000
   96 H   0.0557  0.1075   0.944  0.000  0.000
   97 H   0.0518  0.1057   0.948  0.000  0.000
   98 H   0.0695  0.1368   0.930  0.000  0.000
   99 H   0.0525  0.1125   0.947  0.000  0.000
  100 H   0.0659  0.1212   0.934  0.000  0.000
  101 H   0.0502  0.1099   0.950  0.000  0.000
  102 H   0.0619  0.1263   0.938  0.000  0.000
  103 H   0.0473  0.1169   0.953  0.000  0.000
  104 H   0.0372  0.0944   0.963  0.000  0.000
  105 H   0.0383  0.0913   0.962  0.000  0.000
  106 H   0.0392  0.0915   0.961  0.000  0.000
  107 H   0.0375  0.0907   0.963  0.000  0.000
  108 H   0.0321  0.0889   0.968  0.000  0.000
  109 H   0.0391  0.0960   0.961  0.000  0.000
  110 H   0.0361  0.0932   0.964  0.000  0.000
  111 H   0.0379  0.0943   0.962  0.000  0.000
  112 H   0.0311  0.0870   0.969  0.000  0.000
  113 H   0.0232  0.0792   0.977  0.000  0.000
  114 H   0.0288  0.0900   0.971  0.000  0.000
  115 H   0.0361  0.0877   0.964  0.000  0.000
  116 H   0.0352  0.0878   0.965  0.000  0.000
  117 H   0.0361  0.0888   0.964  0.000  0.000
  118 H   0.0324  0.0908   0.968  0.000  0.000
  119 H   0.0447  0.1015   0.955  0.000  0.000
  120 H   0.0366  0.0949   0.963  0.000  0.000
  121 H   0.0404  0.0975   0.960  0.000  0.000
  122 H   0.0299  0.0860   0.970  0.000  0.000
  123 H   0.0340  0.0910   0.966  0.000  0.000
  124 H   0.0288  0.0904   0.971  0.000  0.000
  125 H   0.0258  0.0794   0.974  0.000  0.000
  126 H   0.0340  0.0892   0.966  0.000  0.000
  127 H   0.0420  0.0945   0.958  0.000  0.000
  128 H   0.0349  0.0922   0.965  0.000  0.000
  129 H   0.0327  0.0896   0.967  0.000  0.000
  130 H   0.0356  0.0906   0.964  0.000  0.000
  131 H   0.0425  0.0988   0.958  0.000  0.000
  132 H   0.0407  0.0986   0.959  0.000  0.000
  133 H   0.0311  0.0868   0.969  0.000  0.000
  134 H   0.0357  0.0949   0.964  0.000  0.000
  135 H   0.0388  0.0896   0.961  0.000  0.000
  136 H   0.0357  0.0871   0.964  0.000  0.000
  137 H   0.0275  0.0797   0.972  0.000  0.000
  138 H   0.0267  0.0792   0.973  0.000  0.000
  139 H   0.0351  0.0866   0.965  0.000  0.000
  140 H   0.0336  0.0845   0.966  0.000  0.000
 Hirshfeld charges for QMDFF written to <charges>
 
 Loewdin charges    n(s)   n(p)   n(d)
    1 MG  0.1425   0.678  1.179  0.000
    2 C   0.0047   1.130  2.865  0.000
    3 C  -0.0200   1.087  2.933  0.000
    4 C  -0.0124   1.087  2.926  0.000
    5 C  -0.0430   1.082  2.961  0.000
    6 N  -0.1275   1.341  3.787  0.000
    7 C   0.0716   1.165  2.763  0.000
    8 C  -0.0306   1.164  2.866  0.000
    9 C  -0.0172   1.168  2.850  0.000
   10 C   0.0390   1.196  2.765  0.000
   11 C  -0.0909   1.030  3.061  0.000
   12 C  -0.0391   1.106  2.933  0.000
   13 C  -0.0734   1.103  2.971  0.000
   14 C   0.1851   1.183  2.632  0.000
   15 O  -0.2351   1.594  4.641  0.000
   16 O  -0.1245   1.465  4.660  0.000
   17 N  -0.1692   1.346  3.823  0.000
   18 C   0.0309   1.159  2.810  0.000
   19 C  -0.0118   1.169  2.843  0.000
   20 C  -0.0637   1.164  2.899  0.000
   21 C   0.0468   1.171  2.782  0.000
   22 C  -0.0848   1.007  3.077  0.000
   23 C   0.1597   1.148  2.692  0.000
   24 O  -0.2420   1.582  4.660  0.000
   25 C  -0.1061   1.022  3.084  0.000
   26 N  -0.1272   1.376  3.751  0.000
   27 C   0.0408   1.201  2.758  0.000
   28 C   0.0046   1.133  2.863  0.000
   29 C  -0.0219   1.157  2.865  0.000
   30 C   0.0293   1.196  2.774  0.000
   31 C  -0.0885   1.027  3.062  0.000
   32 C  -0.0379   1.098  2.940  0.000
   33 C  -0.1054   1.025  3.081  0.000
   34 N  -0.1957   1.350  3.846  0.000
   35 C   0.0065   1.164  2.829  0.000
   36 C   0.0019   1.162  2.837  0.000
   37 C  -0.0526   1.138  2.915  0.000
   38 C   0.0224   1.159  2.819  0.000
   39 C  -0.0687   0.994  3.075  0.000
   40 C   0.1249   1.181  2.694  0.000
   41 O  -0.2175   1.611  4.607  0.000
   42 C  -0.0240   1.137  2.887  0.000
   43 C   0.1898   1.165  2.645  0.000
   44 O  -0.2650   1.606  4.659  0.000
   45 O  -0.1091   1.453  4.656  0.000
   46 C   0.0096   1.024  2.966  0.000
   47 C   0.0364   1.077  2.886  0.000
   48 C  -0.0736   1.109  2.964  0.000
   49 C   0.0108   1.157  2.832  0.000
   50 C  -0.0975   1.004  3.093  0.000
   51 C  -0.0590   1.081  2.978  0.000
   52 C  -0.0494   1.096  2.953  0.000
   53 C  -0.0794   1.107  2.973  0.000
   54 C  -0.0269   1.160  2.867  0.000
   55 C  -0.0979   1.031  3.067  0.000
   56 C  -0.0613   1.094  2.967  0.000
   57 C  -0.0543   1.092  2.963  0.000
   58 C  -0.0660   1.095  2.971  0.000
   59 C  -0.0244   1.147  2.877  0.000
   60 C  -0.1069   1.027  3.080  0.000
   61 C  -0.0707   1.099  2.972  0.000
   62 C  -0.0518   1.094  2.958  0.000
   63 C  -0.0869   1.116  2.971  0.000
   64 C  -0.0128   1.166  2.847  0.000
   65 C  -0.1102   1.044  3.067  0.000
   66 C  -0.1119   1.029  3.083  0.000
   67 H   0.0581   0.942  0.000  0.000
   68 H   0.0535   0.946  0.000  0.000
   69 H   0.0574   0.943  0.000  0.000
   70 H   0.0475   0.952  0.000  0.000
   71 H   0.0420   0.958  0.000  0.000
   72 H   0.0383   0.962  0.000  0.000
   73 H   0.0485   0.951  0.000  0.000
   74 H   0.0287   0.971  0.000  0.000
   75 H   0.0375   0.962  0.000  0.000
   76 H   0.0463   0.954  0.000  0.000
   77 H   0.0440   0.956  0.000  0.000
   78 H   0.0410   0.959  0.000  0.000
   79 H   0.0420   0.958  0.000  0.000
   80 H   0.0484   0.952  0.000  0.000
   81 H   0.0459   0.954  0.000  0.000
   82 H   0.0462   0.954  0.000  0.000
   83 H   0.0417   0.958  0.000  0.000
   84 H   0.0442   0.956  0.000  0.000
   85 H   0.0442   0.956  0.000  0.000
   86 H   0.0469   0.953  0.000  0.000
   87 H   0.0377   0.962  0.000  0.000
   88 H   0.0368   0.963  0.000  0.000
   89 H   0.0361   0.964  0.000  0.000
   90 H   0.0428   0.957  0.000  0.000
   91 H   0.0366   0.963  0.000  0.000
   92 H   0.0353   0.965  0.000  0.000
   93 H   0.0299   0.970  0.000  0.000
   94 H   0.0358   0.964  0.000  0.000
   95 H   0.0449   0.955  0.000  0.000
   96 H   0.0550   0.945  0.000  0.000
   97 H   0.0495   0.950  0.000  0.000
   98 H   0.0612   0.939  0.000  0.000
   99 H   0.0489   0.951  0.000  0.000
  100 H   0.0614   0.939  0.000  0.000
  101 H   0.0464   0.954  0.000  0.000
  102 H   0.0543   0.946  0.000  0.000
  103 H   0.0407   0.959  0.000  0.000
  104 H   0.0315   0.968  0.000  0.000
  105 H   0.0378   0.962  0.000  0.000
  106 H   0.0391   0.961  0.000  0.000
  107 H   0.0372   0.963  0.000  0.000
  108 H   0.0294   0.971  0.000  0.000
  109 H   0.0365   0.963  0.000  0.000
  110 H   0.0332   0.967  0.000  0.000
  111 H   0.0352   0.965  0.000  0.000
  112 H   0.0290   0.971  0.000  0.000
  113 H   0.0213   0.979  0.000  0.000
  114 H   0.0248   0.975  0.000  0.000
  115 H   0.0359   0.964  0.000  0.000
  116 H   0.0353   0.965  0.000  0.000
  117 H   0.0358   0.964  0.000  0.000
  118 H   0.0301   0.970  0.000  0.000
  119 H   0.0418   0.958  0.000  0.000
  120 H   0.0342   0.966  0.000  0.000
  121 H   0.0375   0.963  0.000  0.000
  122 H   0.0277   0.972  0.000  0.000
  123 H   0.0318   0.968  0.000  0.000
  124 H   0.0253   0.975  0.000  0.000
  125 H   0.0272   0.973  0.000  0.000
  126 H   0.0350   0.965  0.000  0.000
  127 H   0.0413   0.959  0.000  0.000
  128 H   0.0336   0.966  0.000  0.000
  129 H   0.0311   0.969  0.000  0.000
  130 H   0.0328   0.967  0.000  0.000
  131 H   0.0404   0.960  0.000  0.000
  132 H   0.0397   0.960  0.000  0.000
  133 H   0.0293   0.971  0.000  0.000
  134 H   0.0304   0.970  0.000  0.000
  135 H   0.0388   0.961  0.000  0.000
  136 H   0.0360   0.964  0.000  0.000
  137 H   0.0287   0.971  0.000  0.000
  138 H   0.0282   0.972  0.000  0.000
  139 H   0.0357   0.964  0.000  0.000
  140 H   0.0339   0.966  0.000  0.000
 
 Wiberg/Mayer (AO) data. WBOs > 0.1 written file <wbo>
 largest (>0.05) Wiberg bond orders for each atom
           total WBO             WBO to atom ...
     1  MG  2.530    N   17 0.580    N   34 0.563    N    6 0.341    N   26 0.337    C   38 0.058    C   21 0.057    C   18 0.055    C   10 0.053
     2  C   3.885    C    7 1.317    C   38 1.218    C   42 0.980
     3  C   3.912    C   10 1.530    C   18 1.160    H   67 0.932
     4  C   3.886    C   27 1.459    C   21 1.215    H   68 0.935
     5  C   3.888    C   30 1.366    C   35 1.329    H   69 0.929
     6  N   3.254    C    7 1.356    C   10 1.160    MG   1 0.341    C   38 0.050
     7  C   3.884    N    6 1.356    C    2 1.317    C    8 0.966
     8  C   3.926    C    7 0.966    C    9 0.936    H   70 0.930    C   12 0.928
     9  C   3.926    C   11 0.978    H   71 0.948    C    8 0.936    C   10 0.908
    10  C   3.859    C    3 1.530    N    6 1.160    C    9 0.908    MG   1 0.053
    11  C   3.971    H   74 0.982    H   72 0.979    C    9 0.978    H   73 0.973
    12  C   3.941    C   13 0.972    H   75 0.963    H   76 0.960    C    8 0.928
    13  C   3.953    C   12 0.972    H   78 0.961    H   77 0.953    C   14 0.899    O   15 0.092
    14  C   3.871    O   15 1.860    O   16 1.064    C   13 0.899
    15  O   2.169    C   14 1.860    O   16 0.162    C   13 0.092
    16  O   2.282    C   14 1.064    C   47 0.952    O   15 0.162
    17  N   3.335    C   21 1.174    C   18 1.129    MG   1 0.580    C   20 0.072    C   19 0.052
    18  C   3.864    C   19 1.308    C    3 1.160    N   17 1.129    MG   1 0.055
    19  C   3.871    C   20 1.313    C   18 1.308    C   22 0.984    N   17 0.052    O   24 0.052
    20  C   3.864    C   19 1.313    C   21 1.197    C   23 1.016    O   24 0.075    N   17 0.072
    21  C   3.873    C    4 1.215    C   20 1.197    N   17 1.174    MG   1 0.057
    22  C   3.977    C   19 0.984    H   80 0.973    H   81 0.968    H   79 0.968
    23  C   3.895    O   24 1.815    C   20 1.016    C   25 0.967
    24  O   2.142    C   23 1.815    C   25 0.076    C   20 0.075    C   19 0.052
    25  C   3.980    H   83 0.971    C   23 0.967    H   84 0.963    H   82 0.952    O   24 0.076
    26  N   3.312    C   30 1.293    C   27 1.237    MG   1 0.337
    27  C   3.857    C    4 1.459    N   26 1.237    C   28 0.912
    28  C   3.944    C   31 0.979    C   29 0.969    H   85 0.942    C   27 0.912
    29  C   3.935    C   28 0.969    C   32 0.939    H   86 0.936    C   30 0.934
    30  C   3.847    C    5 1.366    N   26 1.293    C   29 0.934
    31  C   3.972    H   89 0.979    C   28 0.979    H   87 0.975    H   88 0.974
    32  C   3.954    C   33 1.001    H   91 0.968    H   90 0.967    C   29 0.939
    33  C   3.977    C   32 1.001    H   92 0.984    H   93 0.983    H   94 0.976
    34  N   3.297    C   38 1.197    C   35 1.074    MG   1 0.563    C   37 0.060
    35  C   3.872    C    5 1.329    C   36 1.216    N   34 1.074
    36  C   3.868    C   37 1.337    C   35 1.216    C   39 1.008    O   41 0.053
    37  C   3.904    C   36 1.337    C   38 1.194    C   40 1.050    O   41 0.072    N   34 0.060
    38  C   3.900    C    2 1.218    N   34 1.197    C   37 1.194    MG   1 0.058    N    6 0.050
    39  C   3.978    C   36 1.008    H   96 0.972    H   95 0.963    H   97 0.959
    40  C   3.882    O   41 1.812    C   37 1.050    C   42 0.863
    41  O   2.142    C   40 1.812    C   42 0.078    C   37 0.072    C   36 0.053
    42  C   3.949    C    2 0.980    H   98 0.920    C   43 0.898    C   40 0.863    O   41 0.078    O   44 0.075
    43  C   3.889    O   44 1.793    O   45 1.117    C   42 0.898
    44  O   2.112    C   43 1.793    O   45 0.170    C   42 0.075
    45  O   2.314    C   43 1.117    C   46 0.957    O   44 0.170
    46  C   3.932    H   99 0.987    H  100 0.986    H  101 0.985    O   45 0.957
    47  C   3.935    H  103 0.974    C   48 0.970    H  102 0.958    O   16 0.952
    48  C   3.956    C   49 1.911    C   47 0.970    H  104 0.940
    49  C   3.941    C   48 1.911    C   50 0.995    C   51 0.953
    50  C   3.987    C   49 0.995    H  106 0.978    H  105 0.968    H  107 0.965
    51  C   3.968    C   52 0.971    H  108 0.967    H  109 0.961    C   49 0.953
    52  C   3.965    C   53 0.979    C   51 0.971    H  111 0.970    H  110 0.968
    53  C   3.956    C   52 0.979    H  113 0.971    H  112 0.966    C   54 0.961
    54  C   3.937    C   56 0.984    C   55 0.980    C   53 0.961    H  114 0.953
    55  C   3.982    H  117 0.984    H  115 0.981    C   54 0.980    H  116 0.978
    56  C   3.967    C   54 0.984    C   57 0.973    H  118 0.966    H  119 0.962
    57  C   3.968    C   58 0.998    C   56 0.973    H  121 0.967    H  120 0.967
    58  C   3.964    C   57 0.998    H  122 0.965    H  123 0.964    C   59 0.956
    59  C   3.944    C   60 1.005    C   61 0.968    C   58 0.956    H  124 0.952
    60  C   3.983    C   59 1.005    H  127 0.978    H  125 0.975    H  126 0.971
    61  C   3.962    C   62 0.990    C   59 0.968    H  129 0.960    H  128 0.959
    62  C   3.962    C   61 0.990    C   63 0.970    H  130 0.970    H  131 0.962
    63  C   3.954    C   64 0.971    C   62 0.970    H  133 0.967    H  132 0.958
    64  C   3.935    C   66 0.992    C   63 0.971    C   65 0.968    H  134 0.958
    65  C   3.974    H  136 0.981    H  135 0.981    H  137 0.979    C   64 0.968
    66  C   3.975    C   64 0.992    H  140 0.978    H  139 0.976    H  138 0.976
    67  H   0.993    C    3 0.932
    68  H   0.993    C    4 0.935
    69  H   0.992    C    5 0.929
    70  H   0.995    C    8 0.930
    71  H   0.995    C    9 0.948
    72  H   0.997    C   11 0.979
    73  H   0.995    C   11 0.973
    74  H   0.998    C   11 0.982
    75  H   0.996    C   12 0.963
    76  H   0.996    C   12 0.960
    77  H   0.997    C   13 0.953
    78  H   0.998    C   13 0.961
    79  H   0.995    C   22 0.968
    80  H   0.995    C   22 0.973
    81  H   0.994    C   22 0.968
    82  H   0.997    C   25 0.952
    83  H   0.995    C   25 0.971
    84  H   0.997    C   25 0.963
    85  H   0.995    C   28 0.942
    86  H   0.995    C   29 0.936
    87  H   0.996    C   31 0.975
    88  H   0.997    C   31 0.974
    89  H   0.997    C   31 0.979
    90  H   0.997    C   32 0.967
    91  H   0.996    C   32 0.968
    92  H   0.998    C   33 0.984
    93  H   0.998    C   33 0.983
    94  H   0.998    C   33 0.976
    95  H   0.992    C   39 0.963
    96  H   0.994    C   39 0.972
    97  H   0.992    C   39 0.959
    98  H   0.990    C   42 0.920
    99  H   0.997    C   46 0.987
   100  H   0.995    C   46 0.986
   101  H   0.997    C   46 0.985
   102  H   0.996    C   47 0.958
   103  H   0.997    C   47 0.974
   104  H   0.998    C   48 0.940
   105  H   0.998    C   50 0.968
   106  H   0.998    C   50 0.978
   107  H   0.999    C   50 0.965
   108  H   0.999    C   51 0.967
   109  H   0.998    C   51 0.961
   110  H   0.999    C   52 0.968
   111  H   0.999    C   52 0.970
   112  H   0.998    C   53 0.966
   113  H   0.999    C   53 0.971
   114  H   0.999    C   54 0.953
   115  H   0.999    C   55 0.981
   116  H   0.998    C   55 0.978
   117  H   0.999    C   55 0.984
   118  H   0.999    C   56 0.966
   119  H   0.997    C   56 0.962
   120  H   0.998    C   57 0.967
   121  H   0.998    C   57 0.967
   122  H   0.998    C   58 0.965
   123  H   0.999    C   58 0.964
   124  H   0.999    C   59 0.952
   125  H   0.999    C   60 0.975
   126  H   0.998    C   60 0.971
   127  H   0.998    C   60 0.978
   128  H   0.999    C   61 0.959
   129  H   0.998    C   61 0.960
   130  H   0.998    C   62 0.970
   131  H   0.998    C   62 0.962
   132  H   0.998    C   63 0.958
   133  H   0.998    C   63 0.967
   134  H   0.999    C   64 0.958
   135  H   0.998    C   65 0.981
   136  H   0.999    C   65 0.981
   137  H   0.999    C   65 0.979
   138  H   0.999    C   66 0.976
   139  H   0.999    C   66 0.976
   140  H   0.999    C   66 0.978
 
 --------------------------------------------
          xTB calculation for sTDA...
 --------------------------------------------
 
 reading parameter file ~/.param_stda2.xtb
 
      method parameters     
 k(s)        :  1.6000
 k(p)        :  2.1800
 k(d)        :  1.9500
 k(f)        :  2.0000
 k(R-V)      :  2.2750
 k(R-R)      :  1.7650
 Tscal       :  0.2580
 Gscal       :  1.0000
 fpol        :  1.0000
 Zcnf        :  0.3430
 Zqf         :  0.0000
 kcn         :  2.7000
 Ryd Hsplit  :  0.7000
 lshift(virt):  3.1000
 lshift(OS)  :  0.2000
 wllscaling  :  2.6000
 
 mowrcut     : 3.000
 
  Z AO/shell   Hii/eV     exponent
  1     Sun Feb 14 09:53:25 CET 2016    EN: 2.327 GAM: 0.473  GM3: 0.0000
     1s    -14.339618    1.220000
     2sp    -3.348946    0.600000
  6     Sun Feb 14 09:53:25 CET 2016    EN: 2.731 GAM: 0.422  GM3: 0.0000
     2s    -22.009312    1.565095
     2p    -13.020408    1.596905
     3sp    -3.914040    0.824500
  7     Sun Feb 14 09:53:25 CET 2016    EN: 3.573 GAM: 0.504  GM3: 0.0000
     2s    -25.722000    2.064844
     2p    -18.684912    1.801692
     3sp    -4.344791    0.921400
  8     Sun Feb 14 09:53:25 CET 2016    EN: 3.700 GAM: 0.587  GM3: 0.0000
     2s    -33.859000    2.418661
     2p    -22.175911    1.973969
     3sp    -4.259392    1.013700
 12     Sun Feb 21 16:58:31 CET 2016    EN: 0.033 GAM: 0.222  GM3: 0.0000
     3s    -11.092543    1.647583
     3p     -6.929529    0.855020
 
 Nbf   :          894
 T(el) :     0.0
 calculating S/T integrals ...
 cpu time for ints    1.19331900000000     
 Nao   :          894
 making H0...
 making H1...
 cpu time for H      2.609600000000012E-002
 solving ...
 cpu time for diag   0.309067000000000     
 
 gap (eV)           :   4.762
 Koopmans IP (eV)   :  13.509
 Eel (Eh)           :  -301.297211

          eigenvalues
 #    :         164        165        166        167        168        169        170        171
 occ. :        2.000      2.000      2.000      2.000      2.000      2.000      2.000      2.000
 eps  :       -17.342    -17.266    -16.878    -16.395    -16.221    -16.150    -15.947    -15.877
 #    :         172        173        174        175        176        177        178        179
 occ. :        2.000      2.000      2.000      2.000      2.000      0.000      0.000      0.000
 eps  :       -15.542    -15.459    -15.098    -13.853    -13.510     -8.748     -6.874     -6.830
 #    :         180        181        182        183        184        185        186        187
 occ. :        0.000      0.000      0.000      0.000      0.000      0.000      0.000      0.000
 eps  :        -6.278     -6.098     -5.718     -5.573     -5.388     -5.175     -5.121     -5.048
                            1  SCC done.
 writing mo output ...
 molden style : F
 
speedup  1.10
cpu  time for all    2.04 s
wall time for all    1.86 s
