cpu-bind=MASK - bp1-compute070, task 4294967295 4294967295 [0]: mask 0xffffffffffff set
Host:    bp1-compute070.data.bp.acrc.priv
Time:    Fri Apr 29 17:13:28 BST 2022
Dir:     /user/home/of15641/chlorophyll_parameterization/tddft_data/step_401_chromophore_3
Job ID:  1658746
Nodelist:
cat: bp1-compute070: No such file or directory
  
Result dir: /user/home/of15641/chlorophyll_parameterization/tddft_data/step_401_chromophore_3
running gaussian jobs
Running time g16 < CAMB3LYP_step_401_chromophore_3.com > CAMB3LYP_step_401_chromophore_3.log

real	25m7.447s
user	590m53.732s
sys	0m38.380s
Running time g16 < PBE0_step_401_chromophore_3.com > PBE0_step_401_chromophore_3.log

real	20m27.181s
user	488m26.433s
sys	0m35.621s
Running time g16 < wB97XD_step_401_chromophore_3.com > wB97XD_step_401_chromophore_3.log

real	26m11.104s
user	615m52.664s
sys	0m37.191s
Running time g16 < BLYP_step_401_chromophore_3.com > BLYP_step_401_chromophore_3.log

real	11m56.686s
user	284m49.938s
sys	0m28.331s
Running time g16 < ZINDO_step_401_chromophore_3.com > ZINDO_step_401_chromophore_3.log

real	0m7.542s
user	2m46.087s
sys	0m2.969s
