cpu-bind=MASK - bp1-compute082, task 4294967295 4294967295 [0]: mask 0xffffffffffff set
Host:    bp1-compute082.data.bp.acrc.priv
Time:    Fri Apr 29 03:52:59 BST 2022
Dir:     /user/home/of15641/chlorophyll_parameterization/tddft_data/step_1851_chromophore_7
Job ID:  1658588
Nodelist:
cat: bp1-compute082: No such file or directory
  
Result dir: /user/home/of15641/chlorophyll_parameterization/tddft_data/step_1851_chromophore_7
running gaussian jobs
Running time g16 < CAMB3LYP_step_1851_chromophore_7.com > CAMB3LYP_step_1851_chromophore_7.log

real	22m31.846s
user	529m4.595s
sys	0m25.978s
Running time g16 < PBE0_step_1851_chromophore_7.com > PBE0_step_1851_chromophore_7.log

real	17m17.147s
user	412m45.705s
sys	0m22.131s
Running time g16 < wB97XD_step_1851_chromophore_7.com > wB97XD_step_1851_chromophore_7.log

real	23m15.428s
user	546m10.149s
sys	0m25.054s
Running time g16 < BLYP_step_1851_chromophore_7.com > BLYP_step_1851_chromophore_7.log

real	13m45.035s
user	328m17.204s
sys	0m26.124s
Running time g16 < ZINDO_step_1851_chromophore_7.com > ZINDO_step_1851_chromophore_7.log

real	0m7.197s
user	2m36.847s
sys	0m2.840s
