cpu-bind=MASK - bp1-compute139, task 4294967295 4294967295 [0]: mask 0xffffff00ffffff set
Host:    bp1-compute139.data.bp.acrc.priv
Time:    Thu Apr 28 05:32:20 BST 2022
Dir:     /user/home/of15641/chlorophyll_parameterization/tddft_data/step_1451_chromophore_8
Job ID:  1658342
Nodelist:
cat: bp1-compute139: No such file or directory
  
Result dir: /user/home/of15641/chlorophyll_parameterization/tddft_data/step_1451_chromophore_8
running gaussian jobs
Running time g16 < CAMB3LYP_step_1451_chromophore_8.com > CAMB3LYP_step_1451_chromophore_8.log

real	23m59.224s
user	564m19.031s
sys	0m28.015s
Running time g16 < PBE0_step_1451_chromophore_8.com > PBE0_step_1451_chromophore_8.log

real	15m17.559s
user	364m43.481s
sys	0m20.735s
Running time g16 < wB97XD_step_1451_chromophore_8.com > wB97XD_step_1451_chromophore_8.log

real	23m34.040s
user	553m51.208s
sys	0m26.247s
Running time g16 < BLYP_step_1451_chromophore_8.com > BLYP_step_1451_chromophore_8.log

real	12m56.760s
user	308m43.632s
sys	0m25.471s
Running time g16 < ZINDO_step_1451_chromophore_8.com > ZINDO_step_1451_chromophore_8.log

real	0m6.616s
user	2m23.698s
sys	0m2.648s
