cpu-bind=MASK - bp1-compute069, task 4294967295 4294967295 [0]: mask 0xffffffffffff set
Host:    bp1-compute069.data.bp.acrc.priv
Time:    Wed May  4 12:44:08 BST 2022
Dir:     /user/home/of15641/chlorophyll_parameterization/tddft_data/step_1751_chromophore_4
Job ID:  1692219
Nodelist:
cat: bp1-compute069: No such file or directory
  
Result dir: /user/home/of15641/chlorophyll_parameterization/tddft_data/step_1751_chromophore_4
running gaussian jobs
Running time g16 < CAMB3LYP_step_1751_chromophore_4.com > CAMB3LYP_step_1751_chromophore_4.log

real	26m26.950s
user	621m50.727s
sys	0m33.985s
Running time g16 < PBE0_step_1751_chromophore_4.com > PBE0_step_1751_chromophore_4.log

real	21m18.982s
user	509m17.298s
sys	0m25.367s
Running time g16 < wB97XD_step_1751_chromophore_4.com > wB97XD_step_1751_chromophore_4.log

real	27m23.380s
user	644m26.696s
sys	0m27.164s
Running time g16 < BLYP_step_1751_chromophore_4.com > BLYP_step_1751_chromophore_4.log

real	12m2.301s
user	287m14.676s
sys	0m21.110s
Running time g16 < ZINDO_step_1751_chromophore_4.com > ZINDO_step_1751_chromophore_4.log

real	0m7.523s
user	2m46.181s
sys	0m2.906s
