cpu-bind=MASK - bp1-compute050, task 4294967295 4294967295 [0]: mask 0xffffffffffff set
Host:    bp1-compute050.data.bp.acrc.priv
Time:    Wed May  4 02:49:40 BST 2022
Dir:     /user/home/of15641/chlorophyll_parameterization/tddft_data/step_1301_chromophore_5
Job ID:  1692084
Nodelist:
cat: bp1-compute050: No such file or directory
  
Result dir: /user/home/of15641/chlorophyll_parameterization/tddft_data/step_1301_chromophore_5
running gaussian jobs
Running time g16 < CAMB3LYP_step_1301_chromophore_5.com > CAMB3LYP_step_1301_chromophore_5.log

real	31m15.287s
user	736m34.345s
sys	0m32.524s
Running time g16 < PBE0_step_1301_chromophore_5.com > PBE0_step_1301_chromophore_5.log

real	20m35.057s
user	491m40.832s
sys	0m23.364s
Running time g16 < wB97XD_step_1301_chromophore_5.com > wB97XD_step_1301_chromophore_5.log

real	32m24.021s
user	763m28.287s
sys	0m31.430s
Running time g16 < BLYP_step_1301_chromophore_5.com > BLYP_step_1301_chromophore_5.log

real	12m51.815s
user	306m58.686s
sys	0m23.357s
Running time g16 < ZINDO_step_1301_chromophore_5.com > ZINDO_step_1301_chromophore_5.log

real	0m7.725s
user	2m44.928s
sys	0m2.872s
