cpu-bind=MASK - bp1-compute179, task 4294967295 4294967295 [0]: mask 0x3fffffc03fffffc set
Host:    bp1-compute179.data.bp.acrc.priv
Time:    Wed May  4 16:52:01 BST 2022
Dir:     /user/home/of15641/chlorophyll_parameterization/tddft_data/step_251_chromophore_3
Job ID:  1692266
Nodelist:
cat: bp1-compute179: No such file or directory
  
Result dir: /user/home/of15641/chlorophyll_parameterization/tddft_data/step_251_chromophore_3
running gaussian jobs
Running time g16 < CAMB3LYP_step_251_chromophore_3.com > CAMB3LYP_step_251_chromophore_3.log

real	33m13.302s
user	783m32.188s
sys	1m12.438s
Running time g16 < PBE0_step_251_chromophore_3.com > PBE0_step_251_chromophore_3.log

real	23m4.403s
user	549m9.701s
sys	2m29.432s
Running time g16 < wB97XD_step_251_chromophore_3.com > wB97XD_step_251_chromophore_3.log

real	38m4.467s
user	898m26.345s
sys	2m30.180s
Running time g16 < BLYP_step_251_chromophore_3.com > BLYP_step_251_chromophore_3.log

real	13m50.493s
user	330m0.401s
sys	0m25.038s
Running time g16 < ZINDO_step_251_chromophore_3.com > ZINDO_step_251_chromophore_3.log

real	0m7.834s
user	2m50.986s
sys	0m2.674s
