cpu-bind=MASK - bp1-compute159, task 4294967295 4294967295 [0]: mask 0xffffff00ffffff set
Host:    bp1-compute159.data.bp.acrc.priv
Time:    Thu May  5 00:52:30 BST 2022
Dir:     /user/home/of15641/chlorophyll_parameterization/tddft_data/step_51_chromophore_12
Job ID:  1692328
Nodelist:
cat: bp1-compute159: No such file or directory
  
Result dir: /user/home/of15641/chlorophyll_parameterization/tddft_data/step_51_chromophore_12
running gaussian jobs
Running time g16 < CAMB3LYP_step_51_chromophore_12.com > CAMB3LYP_step_51_chromophore_12.log

real	46m47.760s
user	1110m42.245s
sys	0m30.788s
Running time g16 < PBE0_step_51_chromophore_12.com > PBE0_step_51_chromophore_12.log

real	26m32.919s
user	634m56.559s
sys	0m21.072s
Running time g16 < wB97XD_step_51_chromophore_12.com > wB97XD_step_51_chromophore_12.log

real	47m3.599s
user	1116m41.052s
sys	0m35.667s
Running time g16 < BLYP_step_51_chromophore_12.com > BLYP_step_51_chromophore_12.log

real	21m56.287s
user	524m5.294s
sys	0m27.592s
Running time g16 < ZINDO_step_51_chromophore_12.com > ZINDO_step_51_chromophore_12.log

real	0m7.191s
user	2m30.711s
sys	0m2.352s
