cpu-bind=MASK - bp1-compute097, task 4294967295 4294967295 [0]: mask 0xffffffffffff set
Host:    bp1-compute097.data.bp.acrc.priv
Time:    Wed May  4 07:07:53 BST 2022
Dir:     /user/home/of15641/chlorophyll_parameterization/tddft_data/step_1501_chromophore_20
Job ID:  1692144
Nodelist:
cat: bp1-compute097: No such file or directory
  
Result dir: /user/home/of15641/chlorophyll_parameterization/tddft_data/step_1501_chromophore_20
running gaussian jobs
Running time g16 < CAMB3LYP_step_1501_chromophore_20.com > CAMB3LYP_step_1501_chromophore_20.log

real	24m37.341s
user	578m57.800s
sys	0m25.676s
Running time g16 < PBE0_step_1501_chromophore_20.com > PBE0_step_1501_chromophore_20.log

real	14m59.189s
user	357m39.288s
sys	0m19.106s
Running time g16 < wB97XD_step_1501_chromophore_20.com > wB97XD_step_1501_chromophore_20.log

real	30m59.095s
user	729m43.404s
sys	0m31.555s
Running time g16 < BLYP_step_1501_chromophore_20.com > BLYP_step_1501_chromophore_20.log

real	14m37.058s
user	348m49.273s
sys	0m25.494s
Running time g16 < ZINDO_step_1501_chromophore_20.com > ZINDO_step_1501_chromophore_20.log

real	0m8.081s
user	2m59.116s
sys	0m2.991s
