cpu-bind=MASK - bp1-compute132, task 4294967295 4294967295 [0]: mask 0x3fffffc03fffffc set
Host:    bp1-compute132.data.bp.acrc.priv
Time:    Thu May  5 12:14:09 BST 2022
Dir:     /user/home/of15641/chlorophyll_parameterization/tddft_data/step_901_chromophore_21
Job ID:  1692444
Nodelist:
cat: bp1-compute132: No such file or directory
  
Result dir: /user/home/of15641/chlorophyll_parameterization/tddft_data/step_901_chromophore_21
running gaussian jobs
Running time g16 < CAMB3LYP_step_901_chromophore_21.com > CAMB3LYP_step_901_chromophore_21.log

real	39m33.085s
user	934m55.312s
sys	1m23.564s
Running time g16 < PBE0_step_901_chromophore_21.com > PBE0_step_901_chromophore_21.log

real	22m31.204s
user	537m20.223s
sys	0m59.590s
Running time g16 < wB97XD_step_901_chromophore_21.com > wB97XD_step_901_chromophore_21.log

real	41m10.531s
user	973m48.058s
sys	1m26.931s
Running time g16 < BLYP_step_901_chromophore_21.com > BLYP_step_901_chromophore_21.log

real	20m49.862s
user	497m4.136s
sys	0m57.586s
Running time g16 < ZINDO_step_901_chromophore_21.com > ZINDO_step_901_chromophore_21.log

real	0m8.062s
user	2m58.305s
sys	0m2.573s
