cpu-bind=MASK - bp1-compute103, task 4294967295 4294967295 [0]: mask 0xffffffffffff set
Host:    bp1-compute103.data.bp.acrc.priv
Time:    Thu May  5 08:38:53 BST 2022
Dir:     /user/home/of15641/chlorophyll_parameterization/tddft_data/step_801_chromophore_19
Job ID:  1692407
Nodelist:
cat: bp1-compute103: No such file or directory
  
Result dir: /user/home/of15641/chlorophyll_parameterization/tddft_data/step_801_chromophore_19
running gaussian jobs
Running time g16 < CAMB3LYP_step_801_chromophore_19.com > CAMB3LYP_step_801_chromophore_19.log

real	29m42.180s
user	698m34.897s
sys	0m29.204s
Running time g16 < PBE0_step_801_chromophore_19.com > PBE0_step_801_chromophore_19.log

real	17m55.469s
user	427m54.382s
sys	0m22.596s
Running time g16 < wB97XD_step_801_chromophore_19.com > wB97XD_step_801_chromophore_19.log

real	31m42.927s
user	747m4.810s
sys	0m31.844s
Running time g16 < BLYP_step_801_chromophore_19.com > BLYP_step_801_chromophore_19.log

real	13m27.678s
user	321m19.611s
sys	0m25.696s
Running time g16 < ZINDO_step_801_chromophore_19.com > ZINDO_step_801_chromophore_19.log

real	0m7.260s
user	2m40.286s
sys	0m2.920s
