cpu-bind=MASK - bp1-compute065, task 4294967295 4294967295 [0]: mask 0xffffffffffff set
Host:    bp1-compute065.data.bp.acrc.priv
Time:    Wed May  4 01:48:29 BST 2022
Dir:     /user/home/of15641/chlorophyll_parameterization/tddft_data/step_1251_chromophore_9
Job ID:  1692073
Nodelist:
cat: bp1-compute065: No such file or directory
  
Result dir: /user/home/of15641/chlorophyll_parameterization/tddft_data/step_1251_chromophore_9
running gaussian jobs
Running time g16 < CAMB3LYP_step_1251_chromophore_9.com > CAMB3LYP_step_1251_chromophore_9.log

real	26m32.084s
user	625m13.168s
sys	0m28.136s
Running time g16 < PBE0_step_1251_chromophore_9.com > PBE0_step_1251_chromophore_9.log

real	21m15.942s
user	508m3.063s
sys	0m24.016s
Running time g16 < wB97XD_step_1251_chromophore_9.com > wB97XD_step_1251_chromophore_9.log

real	29m16.063s
user	689m3.062s
sys	0m29.322s
Running time g16 < BLYP_step_1251_chromophore_9.com > BLYP_step_1251_chromophore_9.log

real	12m30.123s
user	298m7.034s
sys	0m24.101s
Running time g16 < ZINDO_step_1251_chromophore_9.com > ZINDO_step_1251_chromophore_9.log

real	0m6.262s
user	2m15.046s
sys	0m2.381s
