cpu-bind=MASK - bp1-compute165, task 4294967295 4294967295 [0]: mask 0xffffff00ffffff set
Host:    bp1-compute165.data.bp.acrc.priv
Time:    Wed Apr 27 01:05:23 BST 2022
Dir:     /user/home/of15641/chlorophyll_parameterization/tddft_data/step_101_chromophore_7
Job ID:  1658097
Nodelist:
cat: bp1-compute165: No such file or directory
  
Result dir: /user/home/of15641/chlorophyll_parameterization/tddft_data/step_101_chromophore_7
running gaussian jobs
Running time g16 < CAMB3LYP_step_101_chromophore_7.com > CAMB3LYP_step_101_chromophore_7.log

real	29m11.893s
user	687m53.446s
sys	0m27.920s
Running time g16 < PBE0_step_101_chromophore_7.com > PBE0_step_101_chromophore_7.log

real	24m20.184s
user	581m33.102s
sys	0m27.148s
Running time g16 < wB97XD_step_101_chromophore_7.com > wB97XD_step_101_chromophore_7.log

real	31m41.274s
user	746m54.937s
sys	0m30.054s
Running time g16 < BLYP_step_101_chromophore_7.com > BLYP_step_101_chromophore_7.log

real	12m20.897s
user	294m30.595s
sys	0m21.114s
Running time g16 < ZINDO_step_101_chromophore_7.com > ZINDO_step_101_chromophore_7.log

real	0m6.124s
user	2m13.402s
sys	0m2.230s
