 
        ______________________________________
       |                                      |
       |          ===================         |
       |             xTB for sTDA             |
       |          ===================         |
       |               S. Grimme              |
       |        Universitaet Bonn, MCTC       |
       |         2015-19, Version 1.0         |
       |     Wed Apr  3 09:14:55 CEST 2019    |
       |______________________________________|
 
        This code comes without any warranty
        for non-commercial, academia use only.
        Preliminary test version.
        Cite this work as:
        S. Grimme  &  C. Bannwarth, JCP 145 (2016) 054103
        if GBSA is used additionally:
        P. Shushkov, F. März, C. Bannwarth, S. Grimme, unpublished.
 
        with help from
        P. Shushkov, G. Brandenburg, S. Dohm, J. Pisarek,
        F. März, M. Checinski, S. Ehrlich, S. Spicher, 
        P. Pracht, E. Caldeweyher, S. Ehlert, and C. Bannwarth.
 
        usage        :
        xtb4stda <coord_file> [options]
        where <coord_file> is a valid file of TM)
        (*coord, Bohr) or xmol (*xyz, Angstroem)
        format.

        options:
        -chrg <int>   : molecular charge
        -uhf  <int>   : # of unpaired electrons(=2*S)
        -nox          : skip second, extended part in sTDA-xTB
        -pop          : do population analysis
                      : (default for -nox)
        -mowr <real>  : cut MO write above (def.3 Eh)
        -molden       : write formatted molden file
        -parx <file>  : read parameters for sTDA-xTB
                        calc (def:~/.param_stda2.xtb)
        -parv <file>  : read parameters for vTB part in
                        sTDA-xTB (def: ~/.param_stda1.xtb)
        -xtemp <real> : el. temp for xTB (def. 0 K)
        -etemp <real> : el. temp for GFN (def. 300 K)
        -fod          : calculate the FOD and write
                        molden.input file with
                        appropriate occupations
                        for plotting. Def. T=12500 K
 
        -acc <real>   : xTB accuracy (def. 1.0)
        -gbsa [string1] [string2]
                        use GBSA implicit solvent
                        for solvent [string1] and
                        solvation state [string2]=
                        reference, bar1M (default=1M)
        additional GFN/opt/MD/siman options read from
        $XTB4STDAHOME/.xtb4stdarc or $set in input
 
       spin and charge state information can be on:
       <.CHRG> (charge) and <.UHF> (=nalpha-nbeta)
       -uhf and -chrg override the file info.
       useful machine settings:
       setenv MKL_NUM_THREADS <NCORE_ON_YOUR_MACHINE>
       setenv OMP_STACKSIZE 500m
       limit stacksize unlimited
 
       total energies in Eh, gaps/HL energies in eV
       please read REVISION and HOWTO files carefully
 =============================
  # OMP threads =           4
 =============================
 
 xtb4stdahome directory:~/
 
 
 name of molecule           :
 comment line               :
 number of atoms            :   140
 number of electrons        :   352
 charge                     :  0
 spin                       : 0.0
 first test random number   :  0.3794
 
 -----------------------------------------
      charge density (VTB) calculation
 -----------------------------------------
 
      method parameters     
 k(s)        :  1.8000
 k(p)        :  2.8350
 k(d)        :  2.0860
 k(f)        :  2.0000
 Tscal       :  0.3300
 Gscal       :  0.3910
 fpol        :  1.0000
 Zcnf        :  0.6500
 Zqf         :  0.0000
 kcn         :  0.3000
 kEN1        : -0.5900
 wllscal     :  2.6000
 
     -------------------------
     ! NO SOLVENT MODEL USED !
     -------------------------
 
 doing EN charges ...
 sum q :  0.7771561D-15
 point charge moment (au)
     X       Y       Z   
   0.1572   0.6532   0.4492  total (Debye):    2.054
 
            Z      q(EN)   CN      Cart. coordinates
     1  MG  2.0   0.891   4.712    66.76213    93.18428    47.31874
     2  C   4.0   0.023   3.259    66.04214    89.34057    53.00114
     3  C   4.0  -0.060   3.139    64.42643    98.23551    50.89032
     4  C   4.0  -0.061   3.157    66.23300    96.30799    41.90656
     5  C   4.0  -0.056   3.170    68.23233    87.71163    44.21770
     6  N   5.0  -0.327   3.078    65.49601    93.61513    51.36275
     7  C   4.0   0.084   3.342    65.48656    91.93328    53.42822
     8  C   4.0  -0.093   4.133    64.82894    93.31467    55.99069
     9  C   4.0  -0.097   4.147    63.56849    95.79966    54.88142
    10  C   4.0   0.090   3.338    64.51902    95.88847    52.17344
    11  C   4.0  -0.238   4.037    60.69044    96.23429    55.02126
    12  C   4.0  -0.162   4.084    67.14385    93.57356    57.50436
    13  C   4.0  -0.168   4.060    66.94165    93.13892    60.32950
    14  C   4.0   0.189   3.122    64.31115    92.98963    61.54082
    15  O   6.0  -0.099   1.049    62.99024    91.09235    61.45011
    16  O   6.0  -0.137   2.072    63.50991    95.21384    62.40253
    17  N   5.0  -0.397   3.204    65.75301    96.92971    46.49104
    18  C   4.0   0.055   3.341    64.85350    98.75519    48.31273
    19  C   4.0   0.011   3.217    64.41698   101.06065    46.95213
    20  C   4.0   0.002   3.251    65.14830   100.64302    44.35187
    21  C   4.0   0.088   3.340    65.57916    97.87080    44.10053
    22  C   4.0  -0.246   4.022    63.81416   103.47761    48.48470
    23  C   4.0   0.101   3.047    65.35050   102.54976    42.25616
    24  O   6.0  -0.092   1.055    66.14797   101.99796    40.10376
    25  C   4.0  -0.250   4.039    64.48501   105.17648    42.74749
    26  N   5.0  -0.466   3.189    67.29125    92.20540    43.62054
    27  C   4.0   0.105   3.469    67.21188    93.80600    41.69113
    28  C   4.0  -0.096   4.151    67.95266    92.61358    39.19670
    29  C   4.0  -0.095   4.164    69.18098    90.14182    40.14912
    30  C   4.0   0.083   3.416    68.18698    89.88481    42.82686
    31  C   4.0  -0.237   4.040    65.52625    92.40382    37.53752
    32  C   4.0  -0.162   4.003    72.24422    90.09835    39.60299
    33  C   4.0  -0.238   3.996    74.16041    89.97174    41.79885
    34  N   5.0  -0.411   3.228    67.20999    89.27821    48.34108
    35  C   4.0   0.088   3.478    67.81660    87.32991    46.81418
    36  C   4.0   0.017   3.265    68.04147    85.02444    48.26738
    37  C   4.0   0.001   3.420    67.44432    85.77088    50.79961
    38  C   4.0   0.081   3.658    66.95866    88.38248    50.71080
    39  C   4.0  -0.247   4.021    68.65563    82.42040    47.33575
    40  C   4.0   0.099   3.134    67.33849    84.79956    53.33374
    41  O   6.0  -0.089   1.033    67.79581    82.63205    54.12175
    42  C   4.0  -0.118   4.213    66.36340    87.31479    54.91166
    43  C   4.0   0.175   3.118    64.25068    86.74031    56.58784
    44  O   6.0  -0.099   1.051    62.13986    87.68139    56.41966
    45  O   6.0  -0.105   2.019    64.93098    85.05090    58.48702
    46  C   4.0  -0.201   4.009    62.84662    84.08714    60.13486
    47  C   4.0  -0.133   4.104    61.29704    95.11558    63.99746
    48  C   4.0  -0.053   3.136    60.31438    97.74796    63.93321
    49  C   4.0   0.021   3.092    58.40198    98.74385    65.29759
    50  C   4.0  -0.253   4.061    57.11697    97.27553    67.27802
    51  C   4.0  -0.179   4.107    57.96356   101.56332    65.22956
    52  C   4.0  -0.163   4.049    59.60385   103.26407    66.70166
    53  C   4.0  -0.164   4.090    61.42176   104.85900    65.01980
    54  C   4.0  -0.089   4.055    61.70333   107.56509    65.62262
    55  C   4.0  -0.240   4.062    64.25446   108.57987    64.94988
    56  C   4.0  -0.164   4.044    59.50936   109.45671    65.15586
    57  C   4.0  -0.163   4.027    57.87853   110.28819    67.61817
    58  C   4.0  -0.165   4.085    58.84985   112.66924    68.91831
    59  C   4.0  -0.088   4.059    56.89020   114.82164    68.89563
    60  C   4.0  -0.239   4.055    58.02781   117.38411    69.49089
    61  C   4.0  -0.165   4.096    54.95134   114.17724    71.01401
    62  C   4.0  -0.164   4.057    52.21691   114.59487    70.17875
    63  C   4.0  -0.165   4.078    50.79016   116.98726    71.00456
    64  C   4.0  -0.087   4.030    50.88276   119.15100    69.06759
    65  C   4.0  -0.240   4.068    50.10419   121.66056    70.39418
    66  C   4.0  -0.240   4.075    48.85508   118.78628    67.05504
    67  H   1.0   0.071   1.006    63.70455    99.83611    51.97313
    68  H   1.0   0.071   1.005    66.23112    97.36246    40.13211
    69  H   1.0   0.071   1.008    69.08271    85.98820    43.46559
    70  H   1.0   0.086   1.010    63.28125    92.31122    56.90532
    71  H   1.0   0.085   1.013    64.07494    97.45884    55.99258
    72  H   1.0   0.080   0.998    59.76825    94.78109    56.15321
    73  H   1.0   0.080   0.998    59.73991    96.33634    53.19579
    74  H   1.0   0.080   0.998    60.29360    98.08245    55.83762
    75  H   1.0   0.082   1.005    68.07738    95.35746    57.06405
    76  H   1.0   0.083   1.008    68.53091    92.25264    56.74280
    77  H   1.0   0.082   1.007    67.72589    94.68283    61.44633
    78  H   1.0   0.082   1.003    68.08872    91.51187    60.86240
    79  H   1.0   0.080   1.000    65.40153   104.75885    48.20313
    80  H   1.0   0.080   1.000    63.69510   103.00140    50.48592
    81  H   1.0   0.080   0.999    62.14364   104.34689    47.64944
    82  H   1.0   0.081   1.000    62.65953   105.15758    43.70180
    83  H   1.0   0.080   0.999    64.29415   106.27252    41.01272
    84  H   1.0   0.081   0.999    65.72845   106.24795    43.98904
    85  H   1.0   0.084   1.008    69.36050    93.84379    38.33309
    86  H   1.0   0.084   1.008    68.58004    88.44295    39.15134
    87  H   1.0   0.080   0.999    65.63585    90.61803    36.51517
    88  H   1.0   0.080   1.000    65.73790    93.96284    36.20715
    89  H   1.0   0.081   0.999    63.82738    92.67027    38.67135
    90  H   1.0   0.081   1.001    72.60138    91.62336    38.26506
    91  H   1.0   0.081   1.002    72.80925    88.57334    38.33876
    92  H   1.0   0.079   0.997    75.88195    91.06589    41.51539
    93  H   1.0   0.080   1.001    74.72732    87.99320    41.72704
    94  H   1.0   0.080   0.999    73.28924    90.44795    43.60354
    95  H   1.0   0.080   0.998    70.50001    81.67773    47.86865
    96  H   1.0   0.080   1.001    68.58193    82.49221    45.27783
    97  H   1.0   0.080   1.000    67.16086    81.14294    47.94802
    98  H   1.0   0.086   1.013    67.91108    87.74187    56.20234
    99  H   1.0   0.079   0.995    63.34172    82.55079    61.41609
   100  H   1.0   0.080   0.996    61.10807    83.67707    59.10685
   101  H   1.0   0.080   0.996    62.07372    85.46664    61.45389
   102  H   1.0   0.082   1.000    61.79593    94.41260    65.86829
   103  H   1.0   0.083   1.003    59.78526    93.91938    63.26991
   104  H   1.0   0.071   1.005    61.15531    98.97440    62.50647
   105  H   1.0   0.081   0.999    58.40765    96.02642    68.28714
   106  H   1.0   0.081   1.004    55.71668    96.21918    66.19899
   107  H   1.0   0.081   1.005    56.08707    98.72873    68.31170
   108  H   1.0   0.083   1.007    56.01337   101.88835    65.80782
   109  H   1.0   0.083   1.004    57.65743   102.14725    63.27936
   110  H   1.0   0.082   1.006    60.71501   102.03764    67.92809
   111  H   1.0   0.083   1.006    58.29994   104.45460    67.75990
   112  H   1.0   0.083   1.007    60.95500   104.88924    63.01291
   113  H   1.0   0.083   1.007    63.25669   103.95760    65.28247
   114  H   1.0   0.085   1.021    61.79404   107.65769    67.67676
   115  H   1.0   0.080   0.999    65.44499   108.76885    66.62040
   116  H   1.0   0.081   0.999    64.12974   110.48850    64.18265
   117  H   1.0   0.080   0.998    65.27680   107.53674    63.49668
   118  H   1.0   0.082   1.002    58.11852   108.70649    63.83683
   119  H   1.0   0.082   1.004    60.25958   111.24061    64.45099
   120  H   1.0   0.081   1.002    57.87286   108.63279    68.84461
   121  H   1.0   0.082   1.003    55.93400   110.48850    66.97378
   122  H   1.0   0.083   1.005    60.49202   113.44970    67.94888
   123  H   1.0   0.082   1.001    59.76447   112.29319    70.72677
   124  H   1.0   0.083   1.008    56.06817   114.74227    67.00779
   125  H   1.0   0.081   0.999    59.92321   117.19891    70.27513
   126  H   1.0   0.081   0.999    56.90721   118.55952    70.75512
   127  H   1.0   0.080   0.998    58.28671   118.47826    67.76368
   128  H   1.0   0.084   1.009    55.05150   115.56430    72.53335
   129  H   1.0   0.082   1.004    54.92677   112.28941    71.83793
   130  H   1.0   0.082   1.004    51.36464   112.77129    70.61906
   131  H   1.0   0.083   1.005    52.07140   114.43235    68.13218
   132  H   1.0   0.082   1.004    51.57629   117.61087    72.80358
   133  H   1.0   0.082   1.003    48.82674   116.50349    71.39574
   134  H   1.0   0.083   1.006    52.79516   119.19635    68.30414
   135  H   1.0   0.081   0.999    49.48436   121.30340    72.32548
   136  H   1.0   0.081   0.998    48.66611   122.76605    69.41719
   137  H   1.0   0.080   0.998    51.75581   122.87754    70.57937
   138  H   1.0   0.081   0.998    48.63777   116.85120    66.38418
   139  H   1.0   0.081   1.001    49.69034   119.62343    65.36751
   140  H   1.0   0.081   0.998    46.99937   119.54217    67.52747
 
  Z AO/shell   Hii/eV     exponent
  1     Sat Feb 20 21:38:01 CET 2016    EN: 2.327 GAM: 0.473  GM3: 0.0000
     1s    -13.751157    1.051071
  6     Sat Feb 20 21:38:01 CET 2016    EN: 2.731 GAM: 0.422  GM3: 0.0000
     2s    -19.378245    2.021003
     2p    -11.993376    1.497917
  7     Sat Feb 20 21:38:01 CET 2016    EN: 3.573 GAM: 0.504  GM3: 0.0000
     2s    -21.576984    2.275442
     2p    -16.125120    2.056788
  8     Sat Feb 20 21:38:01 CET 2016    EN: 3.700 GAM: 0.587  GM3: 0.0000
     2s    -21.648843    2.110798
     2p    -17.239740    2.329048
 12     Sat Feb 20 23:25:47 CET 2016    EN: 0.033 GAM: 0.222  GM3: 0.0000
     3s    -12.693633    1.302878
     3p     -8.128821    0.504252
 
 dipole moment of classical point charges (au)
     X       Y       Z   
   0.1572   0.6532   0.4492  total (Debye):    2.054

 
 Nbf   :          338
 T(el) :   300.0
 calculating S/T integrals ...
 cpu time for ints   0.176292000000000     
 Nao   :          338
 making H0...
 making H1...
 cpu time for H      1.014699999999999E-002
 solving ...
 cpu time for diag   5.413699999999999E-002
 
 gap (eV)           :   1.264
 Koopmans IP (eV)   :  12.291
 Eel (Eh)           :  -268.474820
 T,E(Fermi),NFOD :    300.000   -11.659  0.000000
 T,E(Fermi),NFOD :    300.000   -11.659  0.000000
 Nfod               :  0.0000
 Nfod/Nel           :  0.0000

          eigenvalues
 #    :         164        165        166        167        168        169        170        171
 occ. :        2.000      2.000      2.000      2.000      2.000      2.000      2.000      2.000
 eps  :       -16.277    -16.204    -16.019    -15.949    -15.847    -15.582    -15.453    -14.891
 #    :         172        173        174        175        176        177        178        179
 occ. :        2.000      2.000      2.000      2.000      2.000      0.000      0.000      0.000
 eps  :       -14.878    -14.705    -14.540    -13.236    -12.292    -11.028     -9.822     -8.858
 #    :         180        181        182        183        184        185        186        187
 occ. :        0.000      0.000      0.000      0.000      0.000      0.000      0.000      0.000
 eps  :        -8.651     -8.304     -8.075     -7.680     -7.658     -7.371     -7.082     -6.775
                            1  SCC done.
 making H1...
 cpu time for H      6.776199999999999E-002
 solving ...
 cpu time for diag   3.966200000000003E-002
 
 gap (eV)           :   1.510
 Koopmans IP (eV)   :  12.130
 Eel (Eh)           :  -265.396507
 T,E(Fermi),NFOD :    300.000   -11.375  0.000000
 T,E(Fermi),NFOD :    300.000   -11.375  0.000000
 Nfod               :  0.0000
 Nfod/Nel           :  0.0000

          eigenvalues
 #    :         164        165        166        167        168        169        170        171
 occ. :        2.000      2.000      2.000      2.000      2.000      2.000      2.000      2.000
 eps  :       -15.153    -15.106    -15.009    -14.681    -14.393    -14.349    -14.206    -14.049
 #    :         172        173        174        175        176        177        178        179
 occ. :        2.000      2.000      2.000      2.000      2.000      0.000      0.000      0.000
 eps  :       -13.916    -13.853    -13.728    -12.635    -12.131    -10.621     -9.207     -8.498
 #    :         180        181        182        183        184        185        186        187
 occ. :        0.000      0.000      0.000      0.000      0.000      0.000      0.000      0.000
 eps  :        -8.438     -8.136     -7.925     -7.655     -7.392     -7.155     -6.861     -6.685
                            2  SCC done.
 
 
 Mulliken/CM5 charges    n(s)   n(p)   n(d)   
    1 MG  0.3047  0.7540   0.663  1.033  0.000
    2 C   0.0341  0.0377   1.176  2.790  0.000
    3 C  -0.0206 -0.0647   1.131  2.889  0.000
    4 C  -0.0450 -0.0863   1.132  2.913  0.000
    5 C  -0.0304 -0.0717   1.119  2.911  0.000
    6 N  -0.1187 -0.3507   1.437  3.682  0.000
    7 C   0.0106  0.0661   1.268  2.722  0.000
    8 C  -0.0004 -0.0558   1.192  2.809  0.000
    9 C  -0.0288 -0.0865   1.194  2.834  0.000
   10 C   0.0322  0.0888   1.229  2.739  0.000
   11 C  -0.0929 -0.2427   1.107  2.986  0.000
   12 C  -0.0323 -0.1378   1.132  2.900  0.000
   13 C  -0.0668 -0.1666   1.142  2.925  0.000
   14 C   0.2184  0.2689   1.177  2.604  0.000
   15 O  -0.2829 -0.3350   1.626  4.657  0.000
   16 O  -0.1320 -0.2170   1.479  4.653  0.000
   17 N  -0.2082 -0.4729   1.385  3.824  0.000
   18 C   0.0050  0.0542   1.202  2.793  0.000
   19 C  -0.0324 -0.0378   1.231  2.801  0.000
   20 C  -0.0524 -0.0464   1.212  2.840  0.000
   21 C   0.0430  0.1068   1.220  2.737  0.000
   22 C  -0.0742 -0.2195   1.090  2.984  0.000
   23 C   0.1321  0.1542   1.206  2.662  0.000
   24 O  -0.2650 -0.3124   1.630  4.635  0.000
   25 C  -0.0900 -0.2323   1.090  3.000  0.000
   26 N  -0.1989 -0.4993   1.397  3.802  0.000
   27 C   0.0576  0.1202   1.228  2.714  0.000
   28 C  -0.0075 -0.0654   1.197  2.811  0.000
   29 C  -0.0276 -0.0810   1.208  2.819  0.000
   30 C   0.0453  0.1001   1.206  2.749  0.000
   31 C  -0.0764 -0.2234   1.107  2.969  0.000
   32 C  -0.0739 -0.1844   1.167  2.907  0.000
   33 C  -0.0837 -0.2342   1.091  2.992  0.000
   34 N  -0.2173 -0.4893   1.390  3.827  0.000
   35 C   0.0366  0.1012   1.187  2.776  0.000
   36 C  -0.0147 -0.0194   1.215  2.799  0.000
   37 C  -0.0592 -0.0515   1.180  2.879  0.000
   38 C   0.0262  0.0967   1.187  2.787  0.000
   39 C  -0.0655 -0.2093   1.077  2.989  0.000
   40 C   0.1235  0.1545   1.218  2.658  0.000
   41 O  -0.2157 -0.2550   1.638  4.577  0.000
   42 C  -0.0347 -0.0776   1.191  2.844  0.000
   43 C   0.2235  0.2753   1.178  2.599  0.000
   44 O  -0.2815 -0.3295   1.627  4.655  0.000
   45 O  -0.1559 -0.2282   1.496  4.660  0.000
   46 C  -0.0017 -0.1261   1.085  2.917  0.000
   47 C   0.0681 -0.0103   1.120  2.812  0.000
   48 C  -0.0839 -0.1398   1.161  2.922  0.000
   49 C  -0.0340 -0.0617   1.208  2.826  0.000
   50 C  -0.0903 -0.2361   1.082  3.008  0.000
   51 C  -0.0671 -0.1765   1.126  2.942  0.000
   52 C  -0.0413 -0.1530   1.144  2.897  0.000
   53 C  -0.0581 -0.1683   1.146  2.912  0.000
   54 C  -0.0232 -0.0987   1.178  2.846  0.000
   55 C  -0.0973 -0.2493   1.099  2.998  0.000
   56 C  -0.0793 -0.1903   1.173  2.906  0.000
   57 C  -0.0677 -0.1802   1.160  2.908  0.000
   58 C  -0.0723 -0.1829   1.149  2.923  0.000
   59 C  -0.0089 -0.0819   1.201  2.808  0.000
   60 C  -0.0969 -0.2477   1.099  2.998  0.000
   61 C  -0.0812 -0.1921   1.163  2.918  0.000
   62 C  -0.0899 -0.2045   1.148  2.941  0.000
   63 C  -0.0680 -0.1786   1.156  2.912  0.000
   64 C  -0.0049 -0.0802   1.192  2.813  0.000
   65 C  -0.1074 -0.2575   1.106  3.001  0.000
   66 C  -0.1080 -0.2585   1.102  3.006  0.000
   67 H   0.0620  0.1212   0.938  0.000  0.000
   68 H   0.0525  0.1149   0.947  0.000  0.000
   69 H   0.0553  0.1150   0.945  0.000  0.000
   70 H   0.0615  0.1324   0.938  0.000  0.000
   71 H   0.0411  0.1032   0.959  0.000  0.000
   72 H   0.0360  0.0886   0.964  0.000  0.000
   73 H   0.0333  0.0861   0.967  0.000  0.000
   74 H   0.0356  0.0875   0.964  0.000  0.000
   75 H   0.0376  0.0951   0.962  0.000  0.000
   76 H   0.0506  0.1105   0.949  0.000  0.000
   77 H   0.0313  0.0941   0.969  0.000  0.000
   78 H   0.0454  0.1032   0.955  0.000  0.000
   79 H   0.0473  0.1003   0.953  0.000  0.000
   80 H   0.0595  0.1133   0.941  0.000  0.000
   81 H   0.0531  0.1057   0.947  0.000  0.000
   82 H   0.0437  0.0981   0.956  0.000  0.000
   83 H   0.0448  0.0997   0.955  0.000  0.000
   84 H   0.0473  0.1005   0.953  0.000  0.000
   85 H   0.0603  0.1213   0.940  0.000  0.000
   86 H   0.0468  0.1078   0.953  0.000  0.000
   87 H   0.0388  0.0914   0.961  0.000  0.000
   88 H   0.0413  0.0939   0.959  0.000  0.000
   89 H   0.0501  0.1043   0.950  0.000  0.000
   90 H   0.0288  0.0842   0.971  0.000  0.000
   91 H   0.0362  0.0907   0.964  0.000  0.000
   92 H   0.0409  0.0917   0.959  0.000  0.000
   93 H   0.0329  0.0856   0.967  0.000  0.000
   94 H   0.0423  0.0959   0.958  0.000  0.000
   95 H   0.0535  0.1053   0.946  0.000  0.000
   96 H   0.0400  0.0936   0.960  0.000  0.000
   97 H   0.0520  0.1051   0.948  0.000  0.000
   98 H   0.0651  0.1329   0.935  0.000  0.000
   99 H   0.0565  0.1122   0.944  0.000  0.000
  100 H   0.0541  0.1140   0.946  0.000  0.000
  101 H   0.0456  0.1043   0.954  0.000  0.000
  102 H   0.0593  0.1233   0.941  0.000  0.000
  103 H   0.0617  0.1289   0.938  0.000  0.000
  104 H   0.0291  0.0913   0.971  0.000  0.000
  105 H   0.0495  0.1028   0.950  0.000  0.000
  106 H   0.0434  0.0974   0.957  0.000  0.000
  107 H   0.0438  0.0988   0.956  0.000  0.000
  108 H   0.0354  0.0926   0.965  0.000  0.000
  109 H   0.0345  0.0915   0.965  0.000  0.000
  110 H   0.0378  0.0954   0.962  0.000  0.000
  111 H   0.0407  0.0980   0.959  0.000  0.000
  112 H   0.0259  0.0837   0.974  0.000  0.000
  113 H   0.0377  0.0954   0.962  0.000  0.000
  114 H   0.0184  0.0831   0.982  0.000  0.000
  115 H   0.0363  0.0882   0.964  0.000  0.000
  116 H   0.0298  0.0825   0.970  0.000  0.000
  117 H   0.0273  0.0794   0.973  0.000  0.000
  118 H   0.0277  0.0832   0.972  0.000  0.000
  119 H   0.0332  0.0904   0.967  0.000  0.000
  120 H   0.0316  0.0874   0.968  0.000  0.000
  121 H   0.0385  0.0948   0.961  0.000  0.000
  122 H   0.0305  0.0881   0.969  0.000  0.000
  123 H   0.0330  0.0881   0.967  0.000  0.000
  124 H   0.0458  0.1062   0.954  0.000  0.000
  125 H   0.0295  0.0823   0.970  0.000  0.000
  126 H   0.0433  0.0963   0.957  0.000  0.000
  127 H   0.0289  0.0806   0.971  0.000  0.000
  128 H   0.0306  0.0899   0.969  0.000  0.000
  129 H   0.0459  0.1022   0.954  0.000  0.000
  130 H   0.0346  0.0899   0.965  0.000  0.000
  131 H   0.0196  0.0774   0.980  0.000  0.000
  132 H   0.0307  0.0876   0.969  0.000  0.000
  133 H   0.0294  0.0859   0.971  0.000  0.000
  134 H   0.0452  0.1046   0.955  0.000  0.000
  135 H   0.0309  0.0837   0.969  0.000  0.000
  136 H   0.0400  0.0923   0.960  0.000  0.000
  137 H   0.0256  0.0772   0.974  0.000  0.000
  138 H   0.0288  0.0811   0.971  0.000  0.000
  139 H   0.0286  0.0814   0.971  0.000  0.000
  140 H   0.0405  0.0932   0.959  0.000  0.000
 Hirshfeld charges for QMDFF written to <charges>
 
 Loewdin charges    n(s)   n(p)   n(d)
    1 MG  0.1428   0.674  1.183  0.000
    2 C   0.0356   1.135  2.830  0.000
    3 C  -0.0177   1.079  2.939  0.000
    4 C  -0.0432   1.081  2.962  0.000
    5 C  -0.0279   1.065  2.963  0.000
    6 N  -0.0870   1.396  3.691  0.000
    7 C   0.0104   1.235  2.755  0.000
    8 C   0.0084   1.143  2.849  0.000
    9 C  -0.0232   1.148  2.875  0.000
   10 C   0.0376   1.192  2.770  0.000
   11 C  -0.0953   1.036  3.060  0.000
   12 C  -0.0269   1.071  2.956  0.000
   13 C  -0.0684   1.083  2.986  0.000
   14 C   0.1954   1.151  2.653  0.000
   15 O  -0.2705   1.597  4.673  0.000
   16 O  -0.0940   1.441  4.653  0.000
   17 N  -0.1783   1.345  3.834  0.000
   18 C   0.0089   1.163  2.828  0.000
   19 C  -0.0232   1.191  2.833  0.000
   20 C  -0.0598   1.177  2.883  0.000
   21 C   0.0486   1.182  2.770  0.000
   22 C  -0.0754   1.016  3.059  0.000
   23 C   0.1323   1.169  2.699  0.000
   24 O  -0.2520   1.602  4.650  0.000
   25 C  -0.0969   1.018  3.079  0.000
   26 N  -0.1594   1.350  3.810  0.000
   27 C   0.0638   1.190  2.746  0.000
   28 C   0.0013   1.148  2.851  0.000
   29 C  -0.0204   1.162  2.859  0.000
   30 C   0.0504   1.167  2.783  0.000
   31 C  -0.0767   1.035  3.042  0.000
   32 C  -0.0709   1.110  2.961  0.000
   33 C  -0.0834   1.018  3.066  0.000
   34 N  -0.1858   1.347  3.839  0.000
   35 C   0.0375   1.149  2.813  0.000
   36 C  -0.0075   1.175  2.832  0.000
   37 C  -0.0672   1.142  2.925  0.000
   38 C   0.0291   1.147  2.823  0.000
   39 C  -0.0660   1.002  3.064  0.000
   40 C   0.1185   1.186  2.695  0.000
   41 O  -0.2012   1.610  4.591  0.000
   42 C  -0.0354   1.143  2.892  0.000
   43 C   0.2023   1.151  2.647  0.000
   44 O  -0.2688   1.598  4.671  0.000
   45 O  -0.1241   1.464  4.661  0.000
   46 C  -0.0090   1.016  2.993  0.000
   47 C   0.0665   1.061  2.872  0.000
   48 C  -0.0822   1.112  2.970  0.000
   49 C  -0.0240   1.165  2.859  0.000
   50 C  -0.0931   1.008  3.085  0.000
   51 C  -0.0656   1.066  3.000  0.000
   52 C  -0.0364   1.084  2.952  0.000
   53 C  -0.0558   1.088  2.968  0.000
   54 C  -0.0143   1.128  2.886  0.000
   55 C  -0.1016   1.028  3.074  0.000
   56 C  -0.0779   1.118  2.960  0.000
   57 C  -0.0637   1.102  2.961  0.000
   58 C  -0.0705   1.091  2.979  0.000
   59 C   0.0022   1.152  2.846  0.000
   60 C  -0.1013   1.028  3.073  0.000
   61 C  -0.0803   1.106  2.974  0.000
   62 C  -0.0880   1.091  2.997  0.000
   63 C  -0.0658   1.098  2.968  0.000
   64 C   0.0080   1.143  2.849  0.000
   65 C  -0.1118   1.036  3.076  0.000
   66 C  -0.1128   1.031  3.081  0.000
   67 H   0.0577   0.942  0.000  0.000
   68 H   0.0461   0.954  0.000  0.000
   69 H   0.0504   0.950  0.000  0.000
   70 H   0.0524   0.948  0.000  0.000
   71 H   0.0369   0.963  0.000  0.000
   72 H   0.0356   0.964  0.000  0.000
   73 H   0.0338   0.966  0.000  0.000
   74 H   0.0361   0.964  0.000  0.000
   75 H   0.0348   0.965  0.000  0.000
   76 H   0.0475   0.952  0.000  0.000
   77 H   0.0286   0.971  0.000  0.000
   78 H   0.0416   0.958  0.000  0.000
   79 H   0.0461   0.954  0.000  0.000
   80 H   0.0587   0.941  0.000  0.000
   81 H   0.0517   0.948  0.000  0.000
   82 H   0.0443   0.956  0.000  0.000
   83 H   0.0429   0.957  0.000  0.000
   84 H   0.0474   0.953  0.000  0.000
   85 H   0.0539   0.946  0.000  0.000
   86 H   0.0408   0.959  0.000  0.000
   87 H   0.0383   0.962  0.000  0.000
   88 H   0.0403   0.960  0.000  0.000
   89 H   0.0489   0.951  0.000  0.000
   90 H   0.0281   0.972  0.000  0.000
   91 H   0.0345   0.965  0.000  0.000
   92 H   0.0402   0.960  0.000  0.000
   93 H   0.0330   0.967  0.000  0.000
   94 H   0.0440   0.956  0.000  0.000
   95 H   0.0514   0.949  0.000  0.000
   96 H   0.0404   0.960  0.000  0.000
   97 H   0.0497   0.950  0.000  0.000
   98 H   0.0574   0.943  0.000  0.000
   99 H   0.0532   0.947  0.000  0.000
  100 H   0.0502   0.950  0.000  0.000
  101 H   0.0429   0.957  0.000  0.000
  102 H   0.0523   0.948  0.000  0.000
  103 H   0.0533   0.947  0.000  0.000
  104 H   0.0229   0.977  0.000  0.000
  105 H   0.0481   0.952  0.000  0.000
  106 H   0.0426   0.957  0.000  0.000
  107 H   0.0433   0.957  0.000  0.000
  108 H   0.0345   0.966  0.000  0.000
  109 H   0.0331   0.967  0.000  0.000
  110 H   0.0347   0.965  0.000  0.000
  111 H   0.0380   0.962  0.000  0.000
  112 H   0.0239   0.976  0.000  0.000
  113 H   0.0350   0.965  0.000  0.000
  114 H   0.0154   0.985  0.000  0.000
  115 H   0.0360   0.964  0.000  0.000
  116 H   0.0313   0.969  0.000  0.000
  117 H   0.0282   0.972  0.000  0.000
  118 H   0.0256   0.974  0.000  0.000
  119 H   0.0320   0.968  0.000  0.000
  120 H   0.0301   0.970  0.000  0.000
  121 H   0.0364   0.964  0.000  0.000
  122 H   0.0296   0.970  0.000  0.000
  123 H   0.0307   0.969  0.000  0.000
  124 H   0.0402   0.960  0.000  0.000
  125 H   0.0304   0.970  0.000  0.000
  126 H   0.0436   0.956  0.000  0.000
  127 H   0.0293   0.971  0.000  0.000
  128 H   0.0299   0.970  0.000  0.000
  129 H   0.0433   0.957  0.000  0.000
  130 H   0.0335   0.967  0.000  0.000
  131 H   0.0201   0.980  0.000  0.000
  132 H   0.0294   0.971  0.000  0.000
  133 H   0.0270   0.973  0.000  0.000
  134 H   0.0391   0.961  0.000  0.000
  135 H   0.0318   0.968  0.000  0.000
  136 H   0.0403   0.960  0.000  0.000
  137 H   0.0262   0.974  0.000  0.000
  138 H   0.0300   0.970  0.000  0.000
  139 H   0.0294   0.971  0.000  0.000
  140 H   0.0405   0.959  0.000  0.000
 
 Wiberg/Mayer (AO) data. WBOs > 0.1 written file <wbo>
 largest (>0.05) Wiberg bond orders for each atom
           total WBO             WBO to atom ...
     1  MG  2.537    N   17 0.538    N   26 0.456    N   34 0.455    N    6 0.365    C   21 0.062    C   27 0.052
     2  C   3.886    C    7 1.393    C   38 1.236    C   42 0.966
     3  C   3.914    C   10 1.386    C   18 1.307    H   67 0.926
     4  C   3.909    C   27 1.399    C   21 1.235    H   68 0.940
     5  C   3.930    C   30 1.519    C   35 1.216    H   69 0.929
     6  N   3.329    C   10 1.270    C    7 1.226    MG   1 0.365    C   18 0.051
     7  C   3.839    C    2 1.393    N    6 1.226    C    8 0.906
     8  C   3.936    C   12 0.990    C    9 0.938    H   70 0.933    C    7 0.906
     9  C   3.937    C   11 0.966    C   10 0.947    H   71 0.943    C    8 0.938
    10  C   3.857    C    3 1.386    N    6 1.270    C    9 0.947
    11  C   3.967    H   74 0.981    H   72 0.976    H   73 0.976    C    9 0.966
    12  C   3.956    C    8 0.990    C   13 0.959    H   75 0.957    H   76 0.949
    13  C   3.961    H   77 0.968    H   78 0.962    C   12 0.959    C   14 0.924    O   15 0.079
    14  C   3.896    O   15 1.805    O   16 1.125    C   13 0.924
    15  O   2.114    C   14 1.805    O   16 0.168    C   13 0.079
    16  O   2.335    C   14 1.125    C   47 0.951    O   15 0.168
    17  N   3.325    C   21 1.256    C   18 1.071    MG   1 0.538    C   20 0.064
    18  C   3.872    C    3 1.307    C   19 1.240    N   17 1.071    N    6 0.051
    19  C   3.858    C   20 1.376    C   18 1.240    C   22 0.974    O   24 0.065
    20  C   3.868    C   19 1.376    C   21 1.104    C   23 1.040    O   24 0.074    N   17 0.064
    21  C   3.872    N   17 1.256    C    4 1.235    C   20 1.104    MG   1 0.062    N   26 0.051
    22  C   3.975    C   19 0.974    H   80 0.971    H   81 0.969    H   79 0.968
    23  C   3.891    O   24 1.778    C   20 1.040    C   25 0.977
    24  O   2.104    C   23 1.778    C   20 0.074    C   25 0.069    C   19 0.065
    25  C   3.981    C   23 0.977    H   83 0.970    H   82 0.961    H   84 0.954    O   24 0.069
    26  N   3.351    C   27 1.281    C   30 1.138    MG   1 0.456    C   21 0.051
    27  C   3.867    C    4 1.399    N   26 1.281    C   28 0.938    MG   1 0.052
    28  C   3.934    C   29 0.961    C   31 0.956    C   27 0.938    H   85 0.938
    29  C   3.928    C   28 0.961    C   30 0.950    H   86 0.944    C   32 0.907
    30  C   3.867    C    5 1.519    N   26 1.138    C   29 0.950
    31  C   3.970    H   88 0.980    H   87 0.978    H   89 0.975    C   28 0.956
    32  C   3.929    C   33 1.001    H   91 0.971    H   90 0.966    C   29 0.907
    33  C   3.981    C   32 1.001    H   93 0.988    H   92 0.979    H   94 0.971
    34  N   3.297    C   38 1.200    C   35 1.188    MG   1 0.455    C   37 0.065    C   36 0.051
    35  C   3.870    C   36 1.217    C    5 1.216    N   34 1.188
    36  C   3.848    C   37 1.313    C   35 1.217    C   39 1.000    O   41 0.058    N   34 0.051
    37  C   3.907    C   36 1.313    C   38 1.171    C   40 1.113    O   41 0.066    N   34 0.065
    38  C   3.895    C    2 1.236    N   34 1.200    C   37 1.171
    39  C   3.981    C   36 1.000    H   96 0.975    H   97 0.967    H   95 0.965
    40  C   3.883    O   41 1.819    C   37 1.113    C   42 0.785
    41  O   2.187    C   40 1.819    C   42 0.101    C   37 0.066    C   36 0.058
    42  C   3.938    C   43 0.967    C    2 0.966    H   98 0.909    C   40 0.785    O   41 0.101    O   44 0.067
    43  C   3.899    O   44 1.797    O   45 1.059    C   42 0.967
    44  O   2.117    C   43 1.797    O   45 0.160    C   42 0.067
    45  O   2.266    C   43 1.059    C   46 0.972    O   44 0.160
    46  C   3.939    H   99 0.987    H  101 0.985    H  100 0.982    O   45 0.972
    47  C   3.933    C   48 1.004    H  102 0.955    O   16 0.951    H  103 0.950
    48  C   3.958    C   49 1.873    C   47 1.004    H  104 0.943
    49  C   3.935    C   48 1.873    C   50 1.002    C   51 0.962
    50  C   3.990    C   49 1.002    H  107 0.974    H  105 0.965    H  106 0.964
    51  C   3.964    C   52 0.992    C   49 0.962    H  108 0.954    H  109 0.950
    52  C   3.968    C   51 0.992    C   53 0.967    H  110 0.966    H  111 0.963
    53  C   3.966    C   54 0.991    C   52 0.967    H  113 0.961    H  112 0.961
    54  C   3.943    C   53 0.991    C   55 0.984    C   56 0.962    H  114 0.952
    55  C   3.978    C   54 0.984    H  115 0.981    H  117 0.976    H  116 0.973
    56  C   3.956    H  118 0.967    C   57 0.964    H  119 0.963    C   54 0.962
    57  C   3.960    C   58 0.994    H  120 0.967    H  121 0.965    C   56 0.964
    58  C   3.958    C   57 0.994    C   59 0.969    H  123 0.961    H  122 0.955
    59  C   3.943    C   60 0.993    C   58 0.969    C   61 0.962    H  124 0.946
    60  C   3.980    C   59 0.993    H  127 0.979    H  125 0.978    H  126 0.971
    61  C   3.960    C   62 0.990    C   59 0.962    H  128 0.961    H  129 0.960
    62  C   3.956    C   61 0.990    C   63 0.979    H  131 0.962    H  130 0.961
    63  C   3.963    C   62 0.979    C   64 0.977    H  133 0.964    H  132 0.959
    64  C   3.949    C   66 0.996    C   65 0.982    C   63 0.977    H  134 0.953
    65  C   3.979    H  137 0.982    C   64 0.982    H  135 0.979    H  136 0.975
    66  C   3.978    C   64 0.996    H  139 0.979    H  140 0.976    H  138 0.974
    67  H   0.993    C    3 0.926
    68  H   0.994    C    4 0.940
    69  H   0.993    C    5 0.929
    70  H   0.993    C    8 0.933
    71  H   0.994    C    9 0.943
    72  H   0.997    C   11 0.976
    73  H   0.998    C   11 0.976
    74  H   0.997    C   11 0.981
    75  H   0.996    C   12 0.957
    76  H   0.996    C   12 0.949
    77  H   0.997    C   13 0.968
    78  H   0.997    C   13 0.962
    79  H   0.994    C   22 0.968
    80  H   0.994    C   22 0.971
    81  H   0.994    C   22 0.969
    82  H   0.998    C   25 0.961
    83  H   0.995    C   25 0.970
    84  H   0.997    C   25 0.954
    85  H   0.994    C   28 0.938
    86  H   0.996    C   29 0.944
    87  H   0.996    C   31 0.978
    88  H   0.997    C   31 0.980
    89  H   0.997    C   31 0.975
    90  H   0.997    C   32 0.966
    91  H   0.997    C   32 0.971
    92  H   0.997    C   33 0.979
    93  H   0.998    C   33 0.988
    94  H   0.998    C   33 0.971
    95  H   0.991    C   39 0.965
    96  H   0.996    C   39 0.975
    97  H   0.993    C   39 0.967
    98  H   0.991    C   42 0.909
    99  H   0.996    C   46 0.987
   100  H   0.997    C   46 0.982
   101  H   0.998    C   46 0.985
   102  H   0.996    C   47 0.955
   103  H   0.996    C   47 0.950
   104  H   0.999    C   48 0.943
   105  H   0.997    C   50 0.965
   106  H   0.998    C   50 0.964
   107  H   0.998    C   50 0.974
   108  H   0.997    C   51 0.954
   109  H   0.999    C   51 0.950
   110  H   0.999    C   52 0.966
   111  H   0.997    C   52 0.963
   112  H   0.999    C   53 0.961
   113  H   0.998    C   53 0.961
   114  H   1.000    C   54 0.952
   115  H   0.998    C   55 0.981
   116  H   0.998    C   55 0.973
   117  H   0.999    C   55 0.976
   118  H   0.999    C   56 0.967
   119  H   0.999    C   56 0.963
   120  H   0.999    C   57 0.967
   121  H   0.998    C   57 0.965
   122  H   0.998    C   58 0.955
   123  H   0.999    C   58 0.961
   124  H   0.998    C   59 0.946
   125  H   0.999    C   60 0.978
   126  H   0.997    C   60 0.971
   127  H   0.999    C   60 0.979
   128  H   0.999    C   61 0.961
   129  H   0.997    C   61 0.960
   130  H   0.998    C   62 0.961
   131  H   1.000    C   62 0.962
   132  H   0.999    C   63 0.959
   133  H   0.998    C   63 0.964
   134  H   0.998    C   64 0.953
   135  H   0.999    C   65 0.979
   136  H   0.998    C   65 0.975
   137  H   0.999    C   65 0.982
   138  H   0.999    C   66 0.974
   139  H   0.999    C   66 0.979
   140  H   0.998    C   66 0.976
 
 --------------------------------------------
          xTB calculation for sTDA...
 --------------------------------------------
 
 reading parameter file ~/.param_stda2.xtb
 
      method parameters     
 k(s)        :  1.6000
 k(p)        :  2.1800
 k(d)        :  1.9500
 k(f)        :  2.0000
 k(R-V)      :  2.2750
 k(R-R)      :  1.7650
 Tscal       :  0.2580
 Gscal       :  1.0000
 fpol        :  1.0000
 Zcnf        :  0.3430
 Zqf         :  0.0000
 kcn         :  2.7000
 Ryd Hsplit  :  0.7000
 lshift(virt):  3.1000
 lshift(OS)  :  0.2000
 wllscaling  :  2.6000
 
 mowrcut     : 3.000
 
  Z AO/shell   Hii/eV     exponent
  1     Sun Feb 14 09:53:25 CET 2016    EN: 2.327 GAM: 0.473  GM3: 0.0000
     1s    -14.339618    1.220000
     2sp    -3.348946    0.600000
  6     Sun Feb 14 09:53:25 CET 2016    EN: 2.731 GAM: 0.422  GM3: 0.0000
     2s    -22.009312    1.565095
     2p    -13.020408    1.596905
     3sp    -3.914040    0.824500
  7     Sun Feb 14 09:53:25 CET 2016    EN: 3.573 GAM: 0.504  GM3: 0.0000
     2s    -25.722000    2.064844
     2p    -18.684912    1.801692
     3sp    -4.344791    0.921400
  8     Sun Feb 14 09:53:25 CET 2016    EN: 3.700 GAM: 0.587  GM3: 0.0000
     2s    -33.859000    2.418661
     2p    -22.175911    1.973969
     3sp    -4.259392    1.013700
 12     Sun Feb 21 16:58:31 CET 2016    EN: 0.033 GAM: 0.222  GM3: 0.0000
     3s    -11.092543    1.647583
     3p     -6.929529    0.855020
 
 Nbf   :          894
 T(el) :     0.0
 calculating S/T integrals ...
 cpu time for ints    1.28386500000000     
 Nao   :          894
 making H0...
 making H1...
 cpu time for H      2.646499999999996E-002
 solving ...
 cpu time for diag   0.330172000000000     
 
 gap (eV)           :   4.600
 Koopmans IP (eV)   :  13.407
 Eel (Eh)           :  -300.927134

          eigenvalues
 #    :         164        165        166        167        168        169        170        171
 occ. :        2.000      2.000      2.000      2.000      2.000      2.000      2.000      2.000
 eps  :       -17.219    -17.102    -16.888    -16.410    -16.277    -16.157    -16.054    -15.503
 #    :         172        173        174        175        176        177        178        179
 occ. :        2.000      2.000      2.000      2.000      2.000      0.000      0.000      0.000
 eps  :       -15.479    -15.353    -15.135    -13.942    -13.409     -8.808     -7.035     -6.745
 #    :         180        181        182        183        184        185        186        187
 occ. :        0.000      0.000      0.000      0.000      0.000      0.000      0.000      0.000
 eps  :        -6.336     -6.213     -5.652     -5.539     -5.425     -5.276     -5.107     -5.053
                            1  SCC done.
 writing mo output ...
 molden style : F
 
speedup  1.21
cpu  time for all    2.19 s
wall time for all    1.81 s
