cpu-bind=MASK - bp1-compute161, task 4294967295 4294967295 [0]: mask 0xffffff00ffffff set
Host:    bp1-compute161.data.bp.acrc.priv
Time:    Sat Apr 30 00:03:59 BST 2022
Dir:     /user/home/of15641/chlorophyll_parameterization/tddft_data/step_51_chromophore_22
Job ID:  1658824
Nodelist:
cat: bp1-compute161: No such file or directory
  
Result dir: /user/home/of15641/chlorophyll_parameterization/tddft_data/step_51_chromophore_22
running gaussian jobs
Running time g16 < CAMB3LYP_step_51_chromophore_22.com > CAMB3LYP_step_51_chromophore_22.log

real	23m24.459s
user	549m48.088s
sys	0m42.374s
Running time g16 < PBE0_step_51_chromophore_22.com > PBE0_step_51_chromophore_22.log

real	18m31.681s
user	441m54.160s
sys	0m47.809s
Running time g16 < wB97XD_step_51_chromophore_22.com > wB97XD_step_51_chromophore_22.log

real	25m41.569s
user	603m42.489s
sys	0m45.972s
Running time g16 < BLYP_step_51_chromophore_22.com > BLYP_step_51_chromophore_22.log

real	11m21.804s
user	270m32.658s
sys	0m31.427s
Running time g16 < ZINDO_step_51_chromophore_22.com > ZINDO_step_51_chromophore_22.log

real	0m6.741s
user	2m27.226s
sys	0m2.311s
