cpu-bind=MASK - bp1-compute103, task 4294967295 4294967295 [0]: mask 0xffffffffffff set
Host:    bp1-compute103.data.bp.acrc.priv
Time:    Sat Apr 30 23:10:41 BST 2022
Dir:     /user/home/of15641/chlorophyll_parameterization/tddft_data/step_951_chromophore_2
Job ID:  1659064
Nodelist:
cat: bp1-compute103: No such file or directory
  
Result dir: /user/home/of15641/chlorophyll_parameterization/tddft_data/step_951_chromophore_2
running gaussian jobs
Running time g16 < CAMB3LYP_step_951_chromophore_2.com > CAMB3LYP_step_951_chromophore_2.log

real	27m4.836s
user	637m26.779s
sys	0m27.105s
Running time g16 < PBE0_step_951_chromophore_2.com > PBE0_step_951_chromophore_2.log

real	22m6.986s
user	528m24.011s
sys	0m24.245s
Running time g16 < wB97XD_step_951_chromophore_2.com > wB97XD_step_951_chromophore_2.log

real	28m14.267s
user	664m30.599s
sys	0m27.528s
Running time g16 < BLYP_step_951_chromophore_2.com > BLYP_step_951_chromophore_2.log

real	13m33.268s
user	323m28.436s
sys	0m24.422s
Running time g16 < ZINDO_step_951_chromophore_2.com > ZINDO_step_951_chromophore_2.log

real	0m6.649s
user	2m26.017s
sys	0m2.536s
