cpu-bind=MASK - bp1-compute102, task 4294967295 4294967295 [0]: mask 0xffffffffffff set
Host:    bp1-compute102.data.bp.acrc.priv
Time:    Fri Apr 29 23:19:23 BST 2022
Dir:     /user/home/of15641/chlorophyll_parameterization/tddft_data/step_51_chromophore_16
Job ID:  1658817
Nodelist:
cat: bp1-compute102: No such file or directory
  
Result dir: /user/home/of15641/chlorophyll_parameterization/tddft_data/step_51_chromophore_16
running gaussian jobs
Running time g16 < CAMB3LYP_step_51_chromophore_16.com > CAMB3LYP_step_51_chromophore_16.log

real	33m33.905s
user	790m19.767s
sys	0m32.031s
Running time g16 < PBE0_step_51_chromophore_16.com > PBE0_step_51_chromophore_16.log

real	17m2.422s
user	406m53.450s
sys	0m20.213s
Running time g16 < wB97XD_step_51_chromophore_16.com > wB97XD_step_51_chromophore_16.log

real	30m4.085s
user	707m48.418s
sys	0m28.435s
Running time g16 < BLYP_step_51_chromophore_16.com > BLYP_step_51_chromophore_16.log

real	12m50.094s
user	306m16.411s
sys	0m23.548s
Running time g16 < ZINDO_step_51_chromophore_16.com > ZINDO_step_51_chromophore_16.log

real	0m6.885s
user	2m31.051s
sys	0m2.579s
