cpu-bind=MASK - bp1-compute161, task 4294967295 4294967295 [0]: mask 0xffffff00ffffff set
Host:    bp1-compute161.data.bp.acrc.priv
Time:    Fri Apr 29 17:03:37 BST 2022
Dir:     /user/home/of15641/chlorophyll_parameterization/tddft_data/step_401_chromophore_27
Job ID:  1658745
Nodelist:
cat: bp1-compute161: No such file or directory
  
Result dir: /user/home/of15641/chlorophyll_parameterization/tddft_data/step_401_chromophore_27
running gaussian jobs
Running time g16 < CAMB3LYP_step_401_chromophore_27.com > CAMB3LYP_step_401_chromophore_27.log

real	27m20.548s
user	642m47.417s
sys	0m53.737s
Running time g16 < PBE0_step_401_chromophore_27.com > PBE0_step_401_chromophore_27.log

real	18m17.403s
user	436m14.848s
sys	0m40.938s
Running time g16 < wB97XD_step_401_chromophore_27.com > wB97XD_step_401_chromophore_27.log

real	27m0.064s
user	634m28.525s
sys	0m50.036s
Running time g16 < BLYP_step_401_chromophore_27.com > BLYP_step_401_chromophore_27.log

real	13m7.800s
user	312m49.125s
sys	0m36.221s
Running time g16 < ZINDO_step_401_chromophore_27.com > ZINDO_step_401_chromophore_27.log

real	0m7.220s
user	2m37.525s
sys	0m2.774s
