 
        ______________________________________
       |                                      |
       |          ===================         |
       |             xTB for sTDA             |
       |          ===================         |
       |               S. Grimme              |
       |        Universitaet Bonn, MCTC       |
       |         2015-19, Version 1.0         |
       |     Wed Apr  3 09:14:55 CEST 2019    |
       |______________________________________|
 
        This code comes without any warranty
        for non-commercial, academia use only.
        Preliminary test version.
        Cite this work as:
        S. Grimme  &  C. Bannwarth, JCP 145 (2016) 054103
        if GBSA is used additionally:
        P. Shushkov, F. März, C. Bannwarth, S. Grimme, unpublished.
 
        with help from
        P. Shushkov, G. Brandenburg, S. Dohm, J. Pisarek,
        F. März, M. Checinski, S. Ehrlich, S. Spicher, 
        P. Pracht, E. Caldeweyher, S. Ehlert, and C. Bannwarth.
 
        usage        :
        xtb4stda <coord_file> [options]
        where <coord_file> is a valid file of TM)
        (*coord, Bohr) or xmol (*xyz, Angstroem)
        format.

        options:
        -chrg <int>   : molecular charge
        -uhf  <int>   : # of unpaired electrons(=2*S)
        -nox          : skip second, extended part in sTDA-xTB
        -pop          : do population analysis
                      : (default for -nox)
        -mowr <real>  : cut MO write above (def.3 Eh)
        -molden       : write formatted molden file
        -parx <file>  : read parameters for sTDA-xTB
                        calc (def:~/.param_stda2.xtb)
        -parv <file>  : read parameters for vTB part in
                        sTDA-xTB (def: ~/.param_stda1.xtb)
        -xtemp <real> : el. temp for xTB (def. 0 K)
        -etemp <real> : el. temp for GFN (def. 300 K)
        -fod          : calculate the FOD and write
                        molden.input file with
                        appropriate occupations
                        for plotting. Def. T=12500 K
 
        -acc <real>   : xTB accuracy (def. 1.0)
        -gbsa [string1] [string2]
                        use GBSA implicit solvent
                        for solvent [string1] and
                        solvation state [string2]=
                        reference, bar1M (default=1M)
        additional GFN/opt/MD/siman options read from
        $XTB4STDAHOME/.xtb4stdarc or $set in input
 
       spin and charge state information can be on:
       <.CHRG> (charge) and <.UHF> (=nalpha-nbeta)
       -uhf and -chrg override the file info.
       useful machine settings:
       setenv MKL_NUM_THREADS <NCORE_ON_YOUR_MACHINE>
       setenv OMP_STACKSIZE 500m
       limit stacksize unlimited
 
       total energies in Eh, gaps/HL energies in eV
       please read REVISION and HOWTO files carefully
 =============================
  # OMP threads =           4
 =============================
 
 xtb4stdahome directory:~/
 
 
 name of molecule           :
 comment line               :
 number of atoms            :   140
 number of electrons        :   352
 charge                     :  0
 spin                       : 0.0
 first test random number   :  0.5790
 
 -----------------------------------------
      charge density (VTB) calculation
 -----------------------------------------
 
      method parameters     
 k(s)        :  1.8000
 k(p)        :  2.8350
 k(d)        :  2.0860
 k(f)        :  2.0000
 Tscal       :  0.3300
 Gscal       :  0.3910
 fpol        :  1.0000
 Zcnf        :  0.6500
 Zqf         :  0.0000
 kcn         :  0.3000
 kEN1        : -0.5900
 wllscal     :  2.6000
 
     -------------------------
     ! NO SOLVENT MODEL USED !
     -------------------------
 
 doing EN charges ...
 sum q : -0.2886580D-14
 point charge moment (au)
     X       Y       Z   
   0.1679   0.6714   0.3228  total (Debye):    1.941
 
            Z      q(EN)   CN      Cart. coordinates
     1  MG  2.0   0.881   4.717    86.98975    65.81349    53.32807
     2  C   4.0   0.018   3.216    83.96619    61.99435    57.80294
     3  C   4.0  -0.060   3.144    87.06345    70.69465    57.57617
     4  C   4.0  -0.058   3.140    89.36892    69.79325    48.73036
     5  C   4.0  -0.057   3.160    86.62693    60.90020    48.90800
     6  N   5.0  -0.369   3.125    85.80301    66.15364    57.32862
     7  C   4.0   0.096   3.329    84.75421    64.30926    58.82528
     8  C   4.0  -0.092   4.126    84.83925    65.14263    61.66365
     9  C   4.0  -0.094   4.134    85.24176    68.06604    61.36129
    10  C   4.0   0.102   3.333    86.14316    68.33816    58.61552
    11  C   4.0  -0.237   4.034    82.75866    69.61939    61.78648
    12  C   4.0  -0.162   4.056    87.23353    63.81982    62.98646
    13  C   4.0  -0.167   4.040    87.30156    63.52503    65.87585
    14  C   4.0   0.198   3.093    85.57624    65.36940    67.36117
    15  O   6.0  -0.104   1.046    83.28400    65.28436    67.43865
    16  O   6.0  -0.136   2.053    86.95196    67.00590    68.65185
    17  N   5.0  -0.379   3.176    88.40327    69.64396    53.30161
    18  C   4.0   0.074   3.409    88.10091    71.41652    55.19701
    19  C   4.0   0.013   3.215    89.21396    73.81081    54.53182
    20  C   4.0   0.003   3.247    89.91505    73.54058    51.88432
    21  C   4.0   0.079   3.399    89.26876    70.92330    51.20779
    22  C   4.0  -0.248   4.023    89.45585    76.02745    56.27982
    23  C   4.0   0.110   3.030    91.25865    75.38306    50.00782
    24  O   6.0  -0.105   1.050    91.89737    74.64795    47.91589
    25  C   4.0  -0.246   4.014    91.68950    78.15151    50.83363
    26  N   5.0  -0.427   3.147    87.75509    65.39208    49.47303
    27  C   4.0   0.103   3.366    88.58279    67.34038    48.10297
    28  C   4.0  -0.093   4.126    88.91161    66.50324    45.24193
    29  C   4.0  -0.095   4.136    88.27666    63.59306    45.33264
    30  C   4.0   0.081   3.356    87.58124    63.15275    48.09164
    31  C   4.0  -0.236   4.018    87.64360    68.15486    43.21803
    32  C   4.0  -0.163   4.032    90.34024    61.69577    44.36699
    33  C   4.0  -0.238   4.002    89.72041    59.92510    42.15412
    34  N   5.0  -0.422   3.204    85.56490    62.15876    53.22413
    35  C   4.0   0.078   3.414    85.72553    60.37485    51.34196
    36  C   4.0   0.014   3.228    84.60303    58.02592    52.17722
    37  C   4.0   0.007   3.321    83.87738    58.46623    54.81906
    38  C   4.0   0.064   3.639    84.46508    61.04949    55.31039
    39  C   4.0  -0.245   4.008    84.52744    55.49180    50.72780
    40  C   4.0   0.101   3.201    82.96653    57.44578    57.16421
    41  O   6.0  -0.094   1.043    82.25977    55.26693    57.56483
    42  C   4.0  -0.112   4.197    82.28812    59.81927    58.93299
    43  C   4.0   0.199   3.130    82.86637    59.06905    61.58428
    44  O   6.0  -0.115   1.051    84.72397    58.07317    62.38741
    45  O   6.0  -0.116   2.037    80.91807    59.87030    63.05827
    46  C   4.0  -0.200   4.022    81.00310    59.11630    65.77002
    47  C   4.0  -0.135   4.069    85.75009    68.42698    70.71355
    48  C   4.0  -0.055   3.097    87.31479    70.75134    71.31070
    49  C   4.0   0.021   3.078    86.35670    72.96232    72.35194
    50  C   4.0  -0.253   4.046    83.78667    73.27034    73.34971
    51  C   4.0  -0.176   4.087    88.27477    75.00700    73.05869
    52  C   4.0  -0.164   4.048    89.09113    76.73421    70.91197
    53  C   4.0  -0.163   4.058    91.86714    77.55246    70.95732
    54  C   4.0  -0.089   4.052    92.34713    80.42485    71.45999
    55  C   4.0  -0.238   4.031    94.97196    81.28656    70.44709
    56  C   4.0  -0.164   4.067    91.77832    81.39995    74.13962
    57  C   4.0  -0.163   4.053    88.98719    82.06891    74.47788
    58  C   4.0  -0.164   4.087    88.64893    84.73909    75.69675
    59  C   4.0  -0.088   4.052    87.62092    86.67228    73.67097
    60  C   4.0  -0.238   4.033    89.92450    88.27288    72.73933
    61  C   4.0  -0.164   4.074    85.46853    88.08202    74.93708
    62  C   4.0  -0.163   4.043    82.93818    86.57401    74.62717
    63  C   4.0  -0.163   4.043    80.81413    87.56801    76.41107
    64  C   4.0  -0.087   4.014    78.57858    88.98342    74.89929
    65  C   4.0  -0.238   4.041    76.90618    90.66338    76.49233
    66  C   4.0  -0.240   4.052    76.94775    86.98031    73.55380
    67  H   1.0   0.071   1.006    87.09558    72.22155    58.96323
    68  H   1.0   0.071   1.006    89.73364    70.96866    47.07307
    69  H   1.0   0.071   1.006    86.61181    59.42810    47.46236
    70  H   1.0   0.085   1.005    83.15361    64.58138    62.70489
    71  H   1.0   0.084   1.007    86.59291    68.74823    62.75780
    72  H   1.0   0.081   0.999    81.45286    68.54603    62.96378
    73  H   1.0   0.080   0.997    81.63616    70.09183    60.12541
    74  H   1.0   0.080   0.996    82.73787    71.37495    62.86551
    75  H   1.0   0.082   1.001    89.04011    64.41887    62.19655
    76  H   1.0   0.084   1.007    87.18251    61.94333    62.14175
    77  H   1.0   0.082   1.006    89.27632    63.95777    66.26513
    78  H   1.0   0.081   1.002    86.97275    61.56160    66.40875
    79  H   1.0   0.080   0.998    88.19162    77.56947    55.76392
    80  H   1.0   0.081   1.004    91.49675    76.30146    56.25147
    81  H   1.0   0.081   1.001    89.10058    75.31881    58.18088
    82  H   1.0   0.081   1.001    92.34146    78.04946    52.78383
    83  H   1.0   0.080   0.998    89.88670    79.14928    50.88465
    84  H   1.0   0.080   0.998    92.93294    79.06802    49.47114
    85  H   1.0   0.084   1.010    90.92605    66.73000    44.87532
    86  H   1.0   0.085   1.011    86.49654    63.11307    44.41801
    87  H   1.0   0.080   0.999    89.14215    68.87106    41.99916
    88  H   1.0   0.080   0.998    86.65527    69.77246    44.02306
    89  H   1.0   0.080   0.998    86.29245    67.12685    42.05018
    90  H   1.0   0.082   1.003    91.24164    60.54871    45.82019
    91  H   1.0   0.082   1.005    91.97107    62.77859    43.72637
    92  H   1.0   0.080   0.999    91.09802    60.28982    40.66879
    93  H   1.0   0.080   0.998    87.78344    60.21990    41.51539
    94  H   1.0   0.080   0.997    89.73364    57.89931    42.52072
    95  H   1.0   0.080   0.997    85.81435    55.31984    49.12910
    96  H   1.0   0.080   0.997    82.66039    55.05528    49.97569
    97  H   1.0   0.080   1.001    84.99042    54.11230    52.18478
    98  H   1.0   0.085   1.007    80.30957    60.22179    58.52103
    99  H   1.0   0.081   0.996    82.18040    57.45712    66.08939
   100  H   1.0   0.079   0.995    79.17574    59.06527    66.72055
   101  H   1.0   0.080   0.996    81.65884    60.61863    67.01913
   102  H   1.0   0.082   1.002    85.71986    67.28936    72.42942
   103  H   1.0   0.082   1.003    83.89627    69.07515    70.08805
   104  H   1.0   0.070   1.002    89.24987    70.71355    70.60394
   105  H   1.0   0.080   0.999    82.60748    71.58093    73.33459
   106  H   1.0   0.080   1.001    82.86826    74.69142    72.17430
   107  H   1.0   0.081   1.001    83.88682    74.13584    75.21487
   108  H   1.0   0.082   1.004    89.78844    74.00545    74.03379
   109  H   1.0   0.083   1.006    87.52455    76.35627    74.42308
   110  H   1.0   0.082   1.004    87.67573    78.22899    70.84205
   111  H   1.0   0.082   1.005    88.82090    75.75533    69.12051
   112  H   1.0   0.082   1.005    92.67594    77.22932    69.09027
   113  H   1.0   0.082   1.003    93.05389    76.53768    72.29903
   114  H   1.0   0.084   1.012    91.05456    81.51522    70.28269
   115  H   1.0   0.080   0.999    96.01698    82.18229    71.97966
   116  H   1.0   0.080   0.997    94.91149    82.71897    68.96744
   117  H   1.0   0.081   0.999    95.98863    79.59148    69.86884
   118  H   1.0   0.082   1.004    93.16349    82.89094    74.46465
   119  H   1.0   0.082   1.004    92.20918    80.02045    75.60794
   120  H   1.0   0.082   1.003    88.10847    80.71775    75.76100
   121  H   1.0   0.082   1.003    87.83824    81.98765    72.76957
   122  H   1.0   0.083   1.004    90.47252    85.38538    76.40351
   123  H   1.0   0.082   1.002    87.59258    84.41973    77.43719
   124  H   1.0   0.083   1.009    86.94818    85.83324    71.91352
   125  H   1.0   0.080   0.999    89.19506    90.10969    72.15541
   126  H   1.0   0.080   0.998    90.86558    87.34691    71.15952
   127  H   1.0   0.080   0.998    91.28132    88.71507    74.22466
   128  H   1.0   0.082   1.003    85.28900    89.94718    74.07915
   129  H   1.0   0.082   1.003    85.88238    88.43162    76.92507
   130  H   1.0   0.082   1.002    83.08558    84.54823    74.96732
   131  H   1.0   0.082   1.003    82.35993    86.73275    72.65618
   132  H   1.0   0.082   1.003    81.57191    88.95507    77.73010
   133  H   1.0   0.082   1.003    80.36060    85.84836    77.45042
   134  H   1.0   0.082   1.009    79.36849    90.00765    73.29491
   135  H   1.0   0.081   1.000    77.77545    90.90905    78.34237
   136  H   1.0   0.080   0.998    74.93708    90.07757    76.65862
   137  H   1.0   0.080   1.001    76.86271    92.43028    75.43408
   138  H   1.0   0.080   0.998    74.91819    87.28833    73.72199
   139  H   1.0   0.081   0.999    77.40506    85.06601    74.15663
   140  H   1.0   0.081   1.000    77.39373    87.21463    71.55636
 
  Z AO/shell   Hii/eV     exponent
  1     Sat Feb 20 21:38:01 CET 2016    EN: 2.327 GAM: 0.473  GM3: 0.0000
     1s    -13.751157    1.051071
  6     Sat Feb 20 21:38:01 CET 2016    EN: 2.731 GAM: 0.422  GM3: 0.0000
     2s    -19.378245    2.021003
     2p    -11.993376    1.497917
  7     Sat Feb 20 21:38:01 CET 2016    EN: 3.573 GAM: 0.504  GM3: 0.0000
     2s    -21.576984    2.275442
     2p    -16.125120    2.056788
  8     Sat Feb 20 21:38:01 CET 2016    EN: 3.700 GAM: 0.587  GM3: 0.0000
     2s    -21.648843    2.110798
     2p    -17.239740    2.329048
 12     Sat Feb 20 23:25:47 CET 2016    EN: 0.033 GAM: 0.222  GM3: 0.0000
     3s    -12.693633    1.302878
     3p     -8.128821    0.504252
 
 dipole moment of classical point charges (au)
     X       Y       Z   
   0.1679   0.6714   0.3228  total (Debye):    1.941

 
 Nbf   :          338
 T(el) :   300.0
 calculating S/T integrals ...
 cpu time for ints   0.128994000000000     
 Nao   :          338
 making H0...
 making H1...
 cpu time for H      5.505999999999983E-003
 solving ...
 cpu time for diag   9.631500000000001E-002
 
 gap (eV)           :   1.361
 Koopmans IP (eV)   :  12.338
 Eel (Eh)           :  -268.312744
 T,E(Fermi),NFOD :    300.000   -11.657  0.000000
 T,E(Fermi),NFOD :    300.000   -11.657  0.000000
 Nfod               :  0.0000
 Nfod/Nel           :  0.0000

          eigenvalues
 #    :         164        165        166        167        168        169        170        171
 occ. :        2.000      2.000      2.000      2.000      2.000      2.000      2.000      2.000
 eps  :       -16.196    -16.156    -15.908    -15.865    -15.636    -15.515    -15.475    -14.871
 #    :         172        173        174        175        176        177        178        179
 occ. :        2.000      2.000      2.000      2.000      2.000      0.000      0.000      0.000
 eps  :       -14.820    -14.724    -14.438    -13.216    -12.339    -10.978     -9.804     -8.838
 #    :         180        181        182        183        184        185        186        187
 occ. :        0.000      0.000      0.000      0.000      0.000      0.000      0.000      0.000
 eps  :        -8.418     -8.322     -8.238     -7.707     -7.649     -7.379     -7.148     -7.096
                            1  SCC done.
 making H1...
 cpu time for H      0.105079000000000     
 solving ...
 cpu time for diag   3.239600000000004E-002
 
 gap (eV)           :   1.559
 Koopmans IP (eV)   :  12.151
 Eel (Eh)           :  -265.502771
 T,E(Fermi),NFOD :    300.000   -11.371  0.000000
 T,E(Fermi),NFOD :    300.000   -11.371  0.000000
 Nfod               :  0.0000
 Nfod/Nel           :  0.0000

          eigenvalues
 #    :         164        165        166        167        168        169        170        171
 occ. :        2.000      2.000      2.000      2.000      2.000      2.000      2.000      2.000
 eps  :       -15.221    -15.180    -15.051    -14.802    -14.480    -14.454    -14.347    -14.314
 #    :         172        173        174        175        176        177        178        179
 occ. :        2.000      2.000      2.000      2.000      2.000      0.000      0.000      0.000
 eps  :       -13.956    -13.767    -13.599    -12.614    -12.152    -10.593     -9.153     -8.491
 #    :         180        181        182        183        184        185        186        187
 occ. :        0.000      0.000      0.000      0.000      0.000      0.000      0.000      0.000
 eps  :        -8.284     -8.163     -7.954     -7.717     -7.463     -7.191     -7.181     -6.865
                            2  SCC done.
 
 
 Mulliken/CM5 charges    n(s)   n(p)   n(d)   
    1 MG  0.3032  0.7494   0.668  1.029  0.000
    2 C   0.0176  0.0209   1.188  2.794  0.000
    3 C  -0.0405 -0.0826   1.132  2.908  0.000
    4 C  -0.0292 -0.0708   1.135  2.894  0.000
    5 C  -0.0163 -0.0581   1.118  2.898  0.000
    6 N  -0.1536 -0.4050   1.409  3.744  0.000
    7 C   0.0292  0.0902   1.236  2.735  0.000
    8 C  -0.0137 -0.0671   1.216  2.798  0.000
    9 C  -0.0046 -0.0588   1.197  2.807  0.000
   10 C   0.0336  0.0944   1.234  2.732  0.000
   11 C  -0.1168 -0.2643   1.107  3.010  0.000
   12 C  -0.0704 -0.1769   1.163  2.908  0.000
   13 C  -0.0606 -0.1599   1.147  2.913  0.000
   14 C   0.2298  0.2838   1.170  2.600  0.000
   15 O  -0.2934 -0.3475   1.624  4.669  0.000
   16 O  -0.1360 -0.2171   1.467  4.669  0.000
   17 N  -0.2255 -0.4818   1.401  3.825  0.000
   18 C   0.0148  0.0740   1.199  2.786  0.000
   19 C  -0.0389 -0.0465   1.225  2.814  0.000
   20 C  -0.0796 -0.0745   1.232  2.847  0.000
   21 C   0.0271  0.0899   1.217  2.756  0.000
   22 C  -0.0661 -0.2113   1.081  2.985  0.000
   23 C   0.1401  0.1645   1.224  2.636  0.000
   24 O  -0.2257 -0.2772   1.622  4.604  0.000
   25 C  -0.0877 -0.2298   1.098  2.990  0.000
   26 N  -0.1681 -0.4480   1.389  3.779  0.000
   27 C   0.0523  0.1148   1.226  2.721  0.000
   28 C  -0.0275 -0.0848   1.205  2.823  0.000
   29 C  -0.0252 -0.0802   1.203  2.822  0.000
   30 C   0.0464  0.0983   1.216  2.737  0.000
   31 C  -0.0823 -0.2309   1.100  2.983  0.000
   32 C  -0.0612 -0.1711   1.150  2.911  0.000
   33 C  -0.0950 -0.2473   1.094  3.001  0.000
   34 N  -0.2124 -0.4912   1.387  3.826  0.000
   35 C   0.0397  0.1014   1.186  2.774  0.000
   36 C  -0.0074 -0.0112   1.229  2.779  0.000
   37 C  -0.0574 -0.0505   1.193  2.864  0.000
   38 C   0.0151  0.0788   1.210  2.775  0.000
   39 C  -0.0694 -0.2131   1.082  2.987  0.000
   40 C   0.1305  0.1625   1.210  2.659  0.000
   41 O  -0.2347 -0.2760   1.633  4.602  0.000
   42 C  -0.0353 -0.0775   1.211  2.824  0.000
   43 C   0.2504  0.3079   1.159  2.591  0.000
   44 O  -0.2567 -0.3104   1.619  4.637  0.000
   45 O  -0.1576 -0.2359   1.492  4.666  0.000
   46 C  -0.0054 -0.1298   1.087  2.918  0.000
   47 C   0.0625 -0.0171   1.130  2.807  0.000
   48 C  -0.0843 -0.1411   1.173  2.911  0.000
   49 C  -0.0239 -0.0488   1.219  2.805  0.000
   50 C  -0.0804 -0.2262   1.077  3.004  0.000
   51 C  -0.0606 -0.1679   1.134  2.926  0.000
   52 C  -0.0531 -0.1645   1.144  2.909  0.000
   53 C  -0.0597 -0.1695   1.155  2.905  0.000
   54 C  -0.0433 -0.1174   1.209  2.834  0.000
   55 C  -0.1032 -0.2544   1.105  2.998  0.000
   56 C  -0.0692 -0.1798   1.154  2.915  0.000
   57 C  -0.0705 -0.1834   1.156  2.915  0.000
   58 C  -0.0863 -0.1962   1.169  2.917  0.000
   59 C  -0.0201 -0.0926   1.205  2.815  0.000
   60 C  -0.1023 -0.2530   1.108  2.994  0.000
   61 C  -0.0632 -0.1728   1.153  2.910  0.000
   62 C  -0.0669 -0.1792   1.155  2.912  0.000
   63 C  -0.0735 -0.1833   1.167  2.907  0.000
   64 C  -0.0190 -0.0944   1.204  2.815  0.000
   65 C  -0.0916 -0.2413   1.097  2.995  0.000
   66 C  -0.1171 -0.2682   1.108  3.009  0.000
   67 H   0.0488  0.1079   0.951  0.000  0.000
   68 H   0.0671  0.1318   0.933  0.000  0.000
   69 H   0.0597  0.1191   0.940  0.000  0.000
   70 H   0.0608  0.1273   0.939  0.000  0.000
   71 H   0.0529  0.1143   0.947  0.000  0.000
   72 H   0.0308  0.0842   0.969  0.000  0.000
   73 H   0.0323  0.0847   0.968  0.000  0.000
   74 H   0.0364  0.0870   0.964  0.000  0.000
   75 H   0.0403  0.0965   0.960  0.000  0.000
   76 H   0.0413  0.1052   0.959  0.000  0.000
   77 H   0.0381  0.0994   0.962  0.000  0.000
   78 H   0.0542  0.1122   0.946  0.000  0.000
   79 H   0.0602  0.1124   0.940  0.000  0.000
   80 H   0.0603  0.1147   0.940  0.000  0.000
   81 H   0.0501  0.1042   0.950  0.000  0.000
   82 H   0.0493  0.1041   0.951  0.000  0.000
   83 H   0.0481  0.1008   0.952  0.000  0.000
   84 H   0.0518  0.1065   0.948  0.000  0.000
   85 H   0.0443  0.1063   0.956  0.000  0.000
   86 H   0.0514  0.1144   0.949  0.000  0.000
   87 H   0.0403  0.0923   0.960  0.000  0.000
   88 H   0.0403  0.0931   0.960  0.000  0.000
   89 H   0.0344  0.0863   0.966  0.000  0.000
   90 H   0.0374  0.0934   0.963  0.000  0.000
   91 H   0.0310  0.0874   0.969  0.000  0.000
   92 H   0.0369  0.0886   0.963  0.000  0.000
   93 H   0.0270  0.0791   0.973  0.000  0.000
   94 H   0.0343  0.0850   0.966  0.000  0.000
   95 H   0.0466  0.0983   0.953  0.000  0.000
   96 H   0.0480  0.0995   0.952  0.000  0.000
   97 H   0.0497  0.1035   0.950  0.000  0.000
   98 H   0.0697  0.1353   0.930  0.000  0.000
   99 H   0.0615  0.1242   0.938  0.000  0.000
  100 H   0.0563  0.1125   0.944  0.000  0.000
  101 H   0.0476  0.1079   0.952  0.000  0.000
  102 H   0.0654  0.1289   0.935  0.000  0.000
  103 H   0.0606  0.1289   0.939  0.000  0.000
  104 H   0.0342  0.0933   0.966  0.000  0.000
  105 H   0.0460  0.0988   0.954  0.000  0.000
  106 H   0.0418  0.0949   0.958  0.000  0.000
  107 H   0.0436  0.0968   0.956  0.000  0.000
  108 H   0.0391  0.0960   0.961  0.000  0.000
  109 H   0.0341  0.0917   0.966  0.000  0.000
  110 H   0.0401  0.0968   0.960  0.000  0.000
  111 H   0.0266  0.0837   0.973  0.000  0.000
  112 H   0.0387  0.0954   0.961  0.000  0.000
  113 H   0.0322  0.0887   0.968  0.000  0.000
  114 H   0.0205  0.0824   0.979  0.000  0.000
  115 H   0.0301  0.0827   0.970  0.000  0.000
  116 H   0.0395  0.0904   0.961  0.000  0.000
  117 H   0.0325  0.0854   0.968  0.000  0.000
  118 H   0.0422  0.0994   0.958  0.000  0.000
  119 H   0.0251  0.0813   0.975  0.000  0.000
  120 H   0.0329  0.0886   0.967  0.000  0.000
  121 H   0.0376  0.0950   0.962  0.000  0.000
  122 H   0.0321  0.0895   0.968  0.000  0.000
  123 H   0.0399  0.0954   0.960  0.000  0.000
  124 H   0.0409  0.1012   0.959  0.000  0.000
  125 H   0.0285  0.0807   0.972  0.000  0.000
  126 H   0.0398  0.0916   0.960  0.000  0.000
  127 H   0.0299  0.0820   0.970  0.000  0.000
  128 H   0.0301  0.0862   0.970  0.000  0.000
  129 H   0.0304  0.0871   0.970  0.000  0.000
  130 H   0.0369  0.0927   0.963  0.000  0.000
  131 H   0.0269  0.0835   0.973  0.000  0.000
  132 H   0.0314  0.0878   0.969  0.000  0.000
  133 H   0.0400  0.0955   0.960  0.000  0.000
  134 H   0.0431  0.1024   0.957  0.000  0.000
  135 H   0.0346  0.0875   0.965  0.000  0.000
  136 H   0.0406  0.0927   0.959  0.000  0.000
  137 H   0.0347  0.0874   0.965  0.000  0.000
  138 H   0.0313  0.0834   0.969  0.000  0.000
  139 H   0.0283  0.0812   0.972  0.000  0.000
  140 H   0.0286  0.0810   0.971  0.000  0.000
 Hirshfeld charges for QMDFF written to <charges>
 
 Loewdin charges    n(s)   n(p)   n(d)
    1 MG  0.1430   0.679  1.178  0.000
    2 C   0.0210   1.148  2.831  0.000
    3 C  -0.0375   1.081  2.957  0.000
    4 C  -0.0282   1.083  2.945  0.000
    5 C  -0.0132   1.064  2.949  0.000
    6 N  -0.1181   1.365  3.753  0.000
    7 C   0.0292   1.200  2.770  0.000
    8 C  -0.0056   1.169  2.837  0.000
    9 C   0.0048   1.149  2.846  0.000
   10 C   0.0385   1.198  2.764  0.000
   11 C  -0.1215   1.037  3.084  0.000
   12 C  -0.0664   1.105  2.961  0.000
   13 C  -0.0604   1.088  2.972  0.000
   14 C   0.2044   1.144  2.652  0.000
   15 O  -0.2791   1.594  4.686  0.000
   16 O  -0.0984   1.430  4.669  0.000
   17 N  -0.1968   1.360  3.837  0.000
   18 C   0.0173   1.161  2.822  0.000
   19 C  -0.0277   1.183  2.844  0.000
   20 C  -0.0882   1.199  2.889  0.000
   21 C   0.0335   1.178  2.789  0.000
   22 C  -0.0664   1.006  3.060  0.000
   23 C   0.1360   1.190  2.674  0.000
   24 O  -0.2085   1.590  4.619  0.000
   25 C  -0.0926   1.025  3.067  0.000
   26 N  -0.1303   1.344  3.786  0.000
   27 C   0.0585   1.189  2.753  0.000
   28 C  -0.0203   1.158  2.862  0.000
   29 C  -0.0181   1.156  2.862  0.000
   30 C   0.0510   1.178  2.771  0.000
   31 C  -0.0839   1.027  3.057  0.000
   32 C  -0.0573   1.091  2.966  0.000
   33 C  -0.0969   1.022  3.075  0.000
   34 N  -0.1802   1.345  3.835  0.000
   35 C   0.0410   1.147  2.812  0.000
   36 C  -0.0024   1.191  2.812  0.000
   37 C  -0.0654   1.156  2.909  0.000
   38 C   0.0204   1.171  2.808  0.000
   39 C  -0.0685   1.007  3.061  0.000
   40 C   0.1245   1.177  2.698  0.000
   41 O  -0.2201   1.603  4.617  0.000
   42 C  -0.0345   1.165  2.870  0.000
   43 C   0.2236   1.133  2.644  0.000
   44 O  -0.2403   1.587  4.654  0.000
   45 O  -0.1235   1.458  4.666  0.000
   46 C  -0.0133   1.019  2.995  0.000
   47 C   0.0622   1.072  2.866  0.000
   48 C  -0.0836   1.126  2.958  0.000
   49 C  -0.0124   1.177  2.835  0.000
   50 C  -0.0829   1.002  3.081  0.000
   51 C  -0.0586   1.075  2.983  0.000
   52 C  -0.0491   1.085  2.964  0.000
   53 C  -0.0561   1.096  2.960  0.000
   54 C  -0.0350   1.163  2.872  0.000
   55 C  -0.1066   1.034  3.073  0.000
   56 C  -0.0674   1.096  2.971  0.000
   57 C  -0.0675   1.098  2.969  0.000
   58 C  -0.0852   1.113  2.972  0.000
   59 C  -0.0092   1.157  2.852  0.000
   60 C  -0.1061   1.038  3.068  0.000
   61 C  -0.0602   1.095  2.965  0.000
   62 C  -0.0624   1.097  2.965  0.000
   63 C  -0.0707   1.110  2.960  0.000
   64 C  -0.0068   1.155  2.852  0.000
   65 C  -0.0950   1.025  3.070  0.000
   66 C  -0.1226   1.038  3.085  0.000
   67 H   0.0445   0.956  0.000  0.000
   68 H   0.0600   0.940  0.000  0.000
   69 H   0.0541   0.946  0.000  0.000
   70 H   0.0524   0.948  0.000  0.000
   71 H   0.0459   0.954  0.000  0.000
   72 H   0.0319   0.968  0.000  0.000
   73 H   0.0331   0.967  0.000  0.000
   74 H   0.0371   0.963  0.000  0.000
   75 H   0.0385   0.962  0.000  0.000
   76 H   0.0382   0.962  0.000  0.000
   77 H   0.0349   0.965  0.000  0.000
   78 H   0.0495   0.951  0.000  0.000
   79 H   0.0573   0.943  0.000  0.000
   80 H   0.0589   0.941  0.000  0.000
   81 H   0.0496   0.950  0.000  0.000
   82 H   0.0492   0.951  0.000  0.000
   83 H   0.0475   0.953  0.000  0.000
   84 H   0.0492   0.951  0.000  0.000
   85 H   0.0392   0.961  0.000  0.000
   86 H   0.0456   0.954  0.000  0.000
   87 H   0.0395   0.960  0.000  0.000
   88 H   0.0402   0.960  0.000  0.000
   89 H   0.0344   0.966  0.000  0.000
   90 H   0.0350   0.965  0.000  0.000
   91 H   0.0296   0.970  0.000  0.000
   92 H   0.0365   0.963  0.000  0.000
   93 H   0.0282   0.972  0.000  0.000
   94 H   0.0343   0.966  0.000  0.000
   95 H   0.0459   0.954  0.000  0.000
   96 H   0.0466   0.953  0.000  0.000
   97 H   0.0473   0.953  0.000  0.000
   98 H   0.0605   0.939  0.000  0.000
   99 H   0.0564   0.944  0.000  0.000
  100 H   0.0536   0.946  0.000  0.000
  101 H   0.0453   0.955  0.000  0.000
  102 H   0.0576   0.942  0.000  0.000
  103 H   0.0526   0.947  0.000  0.000
  104 H   0.0277   0.972  0.000  0.000
  105 H   0.0451   0.955  0.000  0.000
  106 H   0.0413   0.959  0.000  0.000
  107 H   0.0429   0.957  0.000  0.000
  108 H   0.0360   0.964  0.000  0.000
  109 H   0.0321   0.968  0.000  0.000
  110 H   0.0379   0.962  0.000  0.000
  111 H   0.0245   0.976  0.000  0.000
  112 H   0.0362   0.964  0.000  0.000
  113 H   0.0297   0.970  0.000  0.000
  114 H   0.0171   0.983  0.000  0.000
  115 H   0.0316   0.968  0.000  0.000
  116 H   0.0389   0.961  0.000  0.000
  117 H   0.0332   0.967  0.000  0.000
  118 H   0.0407   0.959  0.000  0.000
  119 H   0.0231   0.977  0.000  0.000
  120 H   0.0312   0.969  0.000  0.000
  121 H   0.0369   0.963  0.000  0.000
  122 H   0.0311   0.969  0.000  0.000
  123 H   0.0379   0.962  0.000  0.000
  124 H   0.0359   0.964  0.000  0.000
  125 H   0.0295   0.970  0.000  0.000
  126 H   0.0392   0.961  0.000  0.000
  127 H   0.0307   0.969  0.000  0.000
  128 H   0.0277   0.972  0.000  0.000
  129 H   0.0281   0.972  0.000  0.000
  130 H   0.0344   0.966  0.000  0.000
  131 H   0.0252   0.975  0.000  0.000
  132 H   0.0295   0.970  0.000  0.000
  133 H   0.0374   0.963  0.000  0.000
  134 H   0.0382   0.962  0.000  0.000
  135 H   0.0347   0.965  0.000  0.000
  136 H   0.0407   0.959  0.000  0.000
  137 H   0.0345   0.966  0.000  0.000
  138 H   0.0325   0.968  0.000  0.000
  139 H   0.0291   0.971  0.000  0.000
  140 H   0.0295   0.971  0.000  0.000
 
 Wiberg/Mayer (AO) data. WBOs > 0.1 written file <wbo>
 largest (>0.05) Wiberg bond orders for each atom
           total WBO             WBO to atom ...
     1  MG  2.536    N   34 0.534    N   17 0.474    N   26 0.443    N    6 0.369    C   38 0.057    C   27 0.053    C   10 0.051
     2  C   3.892    C    7 1.439    C   38 1.201    C   42 0.917
     3  C   3.912    C   10 1.366    C   18 1.285    H   67 0.939
     4  C   3.909    C   27 1.414    C   21 1.257    H   68 0.931
     5  C   3.926    C   30 1.520    C   35 1.227    H   69 0.930
     6  N   3.326    C   10 1.291    C    7 1.212    MG   1 0.369
     7  C   3.864    C    2 1.439    N    6 1.212    C    8 0.925
     8  C   3.925    C    9 0.956    H   70 0.942    C   12 0.932    C    7 0.925
     9  C   3.936    C    8 0.956    C   11 0.956    H   71 0.944    C   10 0.938
    10  C   3.852    C    3 1.366    N    6 1.291    C    9 0.938    MG   1 0.051
    11  C   3.954    H   73 0.977    H   74 0.976    H   72 0.975    C    9 0.956
    12  C   3.937    C   13 0.969    H   75 0.964    H   76 0.959    C    8 0.932
    13  C   3.962    H   77 0.969    C   12 0.969    H   78 0.957    C   14 0.914    O   15 0.087
    14  C   3.897    O   15 1.802    O   16 1.143    C   13 0.914
    15  O   2.117    C   14 1.802    O   16 0.168    C   13 0.087
    16  O   2.339    C   14 1.143    C   47 0.939    O   15 0.168
    17  N   3.281    C   21 1.204    C   18 1.146    MG   1 0.474    C   20 0.068    C   19 0.057
    18  C   3.873    C    3 1.285    C   19 1.199    N   17 1.146
    19  C   3.862    C   20 1.389    C   18 1.199    C   22 0.996    N   17 0.057    O   24 0.055
    20  C   3.851    C   19 1.389    C   21 1.144    C   23 0.961    O   24 0.084    N   17 0.068
    21  C   3.872    C    4 1.257    N   17 1.204    C   20 1.144    N   26 0.056
    22  C   3.979    C   19 0.996    H   81 0.972    H   79 0.966    H   80 0.960
    23  C   3.870    O   24 1.868    C   20 0.961    C   25 0.948
    24  O   2.186    C   23 1.868    C   20 0.084    C   25 0.077    C   19 0.055
    25  C   3.982    H   84 0.973    H   82 0.966    H   83 0.962    C   23 0.948    O   24 0.077
    26  N   3.363    C   27 1.303    C   30 1.134    MG   1 0.443    C   21 0.056
    27  C   3.866    C    4 1.414    N   26 1.303    C   28 0.897    MG   1 0.053
    28  C   3.929    C   31 0.979    C   29 0.950    H   85 0.947    C   27 0.897
    29  C   3.929    C   28 0.950    C   32 0.945    C   30 0.941    H   86 0.934
    30  C   3.865    C    5 1.520    N   26 1.134    C   29 0.941    C   36 0.054
    31  C   3.973    H   87 0.981    C   28 0.979    H   89 0.978    H   88 0.976
    32  C   3.945    C   33 1.001    H   91 0.968    H   90 0.963    C   29 0.945
    33  C   3.979    C   32 1.001    H   92 0.983    H   94 0.982    H   93 0.981
    34  N   3.316    C   38 1.172    C   35 1.153    MG   1 0.534    C   37 0.067    C   36 0.050
    35  C   3.876    C   36 1.249    C    5 1.227    N   34 1.153
    36  C   3.831    C   37 1.277    C   35 1.249    C   39 0.981    O   41 0.056    C   30 0.054    N   34 0.050
    37  C   3.895    C   36 1.277    C   38 1.198    C   40 1.102    O   41 0.072    N   34 0.067
    38  C   3.880    C    2 1.201    C   37 1.198    N   34 1.172    MG   1 0.057
    39  C   3.978    C   36 0.981    H   95 0.976    H   97 0.974    H   96 0.969
    40  C   3.885    O   41 1.802    C   37 1.102    C   42 0.838
    41  O   2.159    C   40 1.802    C   42 0.091    C   37 0.072    C   36 0.056
    42  C   3.933    H   98 0.931    C   43 0.929    C    2 0.917    C   40 0.838    O   41 0.091    O   44 0.076
    43  C   3.901    O   44 1.836    O   45 1.079    C   42 0.929
    44  O   2.158    C   43 1.836    O   45 0.168    C   42 0.076
    45  O   2.293    C   43 1.079    C   46 0.966    O   44 0.168
    46  C   3.931    H  100 0.984    H  101 0.982    H   99 0.978    O   45 0.966
    47  C   3.929    C   48 1.000    H  103 0.959    H  102 0.958    O   16 0.939
    48  C   3.949    C   49 1.857    C   47 1.000    H  104 0.947
    49  C   3.927    C   48 1.857    C   50 1.014    C   51 0.960
    50  C   3.989    C   49 1.014    H  105 0.970    H  107 0.966    H  106 0.961
    51  C   3.970    C   52 0.979    H  109 0.965    C   49 0.960    H  108 0.958
    52  C   3.963    C   53 0.982    C   51 0.979    H  111 0.967    H  110 0.963
    53  C   3.960    C   52 0.982    H  113 0.965    H  112 0.965    C   54 0.962
    54  C   3.933    C   55 0.977    C   56 0.972    C   53 0.962    H  114 0.958
    55  C   3.978    H  116 0.982    H  117 0.979    H  115 0.978    C   54 0.977
    56  C   3.962    C   57 0.985    C   54 0.972    H  119 0.967    H  118 0.953
    57  C   3.963    C   56 0.985    C   58 0.979    H  120 0.968    H  121 0.959
    58  C   3.954    C   57 0.979    H  122 0.962    H  123 0.962    C   59 0.961
    59  C   3.940    C   61 0.983    C   60 0.980    C   58 0.961    H  124 0.950
    60  C   3.978    H  126 0.981    C   59 0.980    H  127 0.980    H  125 0.977
    61  C   3.963    C   59 0.983    C   62 0.975    H  129 0.965    H  128 0.963
    62  C   3.962    C   63 0.987    C   61 0.975    H  131 0.971    H  130 0.969
    63  C   3.957    C   62 0.987    H  132 0.966    H  133 0.966    C   64 0.950
    64  C   3.940    C   65 0.999    C   66 0.991    H  134 0.957    C   63 0.950
    65  C   3.983    C   64 0.999    H  137 0.979    H  135 0.977    H  136 0.973
    66  C   3.980    C   64 0.991    H  140 0.982    H  139 0.980    H  138 0.975
    67  H   0.995    C    3 0.939
    68  H   0.993    C    4 0.931
    69  H   0.993    C    5 0.930
    70  H   0.992    C    8 0.942
    71  H   0.995    C    9 0.944
    72  H   0.997    C   11 0.975
    73  H   0.998    C   11 0.977
    74  H   0.997    C   11 0.976
    75  H   0.998    C   12 0.964
    76  H   0.997    C   12 0.959
    77  H   0.997    C   13 0.969
    78  H   0.996    C   13 0.957
    79  H   0.992    C   22 0.966
    80  H   0.993    C   22 0.960
    81  H   0.995    C   22 0.972
    82  H   0.997    C   25 0.966
    83  H   0.997    C   25 0.962
    84  H   0.995    C   25 0.973
    85  H   0.996    C   28 0.947
    86  H   0.995    C   29 0.934
    87  H   0.997    C   31 0.981
    88  H   0.996    C   31 0.976
    89  H   0.997    C   31 0.978
    90  H   0.996    C   32 0.963
    91  H   0.997    C   32 0.968
    92  H   0.998    C   33 0.983
    93  H   0.999    C   33 0.981
    94  H   0.998    C   33 0.982
    95  H   0.994    C   39 0.976
    96  H   0.993    C   39 0.969
    97  H   0.994    C   39 0.974
    98  H   0.991    C   42 0.931
    99  H   0.996    C   46 0.978
   100  H   0.996    C   46 0.984
   101  H   0.998    C   46 0.982
   102  H   0.995    C   47 0.958
   103  H   0.996    C   47 0.959
   104  H   0.999    C   48 0.947
   105  H   0.997    C   50 0.970
   106  H   0.998    C   50 0.961
   107  H   0.998    C   50 0.966
   108  H   0.998    C   51 0.958
   109  H   0.998    C   51 0.965
   110  H   0.998    C   52 0.963
   111  H   0.999    C   52 0.967
   112  H   0.997    C   53 0.965
   113  H   0.999    C   53 0.965
   114  H   1.000    C   54 0.958
   115  H   0.998    C   55 0.978
   116  H   0.998    C   55 0.982
   117  H   0.999    C   55 0.979
   118  H   0.998    C   56 0.953
   119  H   0.999    C   56 0.967
   120  H   0.998    C   57 0.968
   121  H   0.999    C   57 0.959
   122  H   0.999    C   58 0.962
   123  H   0.997    C   58 0.962
   124  H   0.998    C   59 0.950
   125  H   0.999    C   60 0.977
   126  H   0.997    C   60 0.981
   127  H   0.999    C   60 0.980
   128  H   0.998    C   61 0.963
   129  H   0.999    C   61 0.965
   130  H   0.998    C   62 0.969
   131  H   0.999    C   62 0.971
   132  H   0.999    C   63 0.966
   133  H   0.998    C   63 0.966
   134  H   0.998    C   64 0.957
   135  H   0.999    C   65 0.977
   136  H   0.998    C   65 0.973
   137  H   0.998    C   65 0.979
   138  H   0.999    C   66 0.975
   139  H   0.999    C   66 0.980
   140  H   0.999    C   66 0.982
 
 --------------------------------------------
          xTB calculation for sTDA...
 --------------------------------------------
 
 reading parameter file ~/.param_stda2.xtb
 
      method parameters     
 k(s)        :  1.6000
 k(p)        :  2.1800
 k(d)        :  1.9500
 k(f)        :  2.0000
 k(R-V)      :  2.2750
 k(R-R)      :  1.7650
 Tscal       :  0.2580
 Gscal       :  1.0000
 fpol        :  1.0000
 Zcnf        :  0.3430
 Zqf         :  0.0000
 kcn         :  2.7000
 Ryd Hsplit  :  0.7000
 lshift(virt):  3.1000
 lshift(OS)  :  0.2000
 wllscaling  :  2.6000
 
 mowrcut     : 3.000
 
  Z AO/shell   Hii/eV     exponent
  1     Sun Feb 14 09:53:25 CET 2016    EN: 2.327 GAM: 0.473  GM3: 0.0000
     1s    -14.339618    1.220000
     2sp    -3.348946    0.600000
  6     Sun Feb 14 09:53:25 CET 2016    EN: 2.731 GAM: 0.422  GM3: 0.0000
     2s    -22.009312    1.565095
     2p    -13.020408    1.596905
     3sp    -3.914040    0.824500
  7     Sun Feb 14 09:53:25 CET 2016    EN: 3.573 GAM: 0.504  GM3: 0.0000
     2s    -25.722000    2.064844
     2p    -18.684912    1.801692
     3sp    -4.344791    0.921400
  8     Sun Feb 14 09:53:25 CET 2016    EN: 3.700 GAM: 0.587  GM3: 0.0000
     2s    -33.859000    2.418661
     2p    -22.175911    1.973969
     3sp    -4.259392    1.013700
 12     Sun Feb 21 16:58:31 CET 2016    EN: 0.033 GAM: 0.222  GM3: 0.0000
     3s    -11.092543    1.647583
     3p     -6.929529    0.855020
 
 Nbf   :          894
 T(el) :     0.0
 calculating S/T integrals ...
 cpu time for ints    1.31668700000000     
 Nao   :          894
 making H0...
 making H1...
 cpu time for H      2.507100000000007E-002
 solving ...
 cpu time for diag   0.328450000000000     
 
 gap (eV)           :   4.707
 Koopmans IP (eV)   :  13.425
 Eel (Eh)           :  -300.739221

          eigenvalues
 #    :         164        165        166        167        168        169        170        171
 occ. :        2.000      2.000      2.000      2.000      2.000      2.000      2.000      2.000
 eps  :       -17.332    -17.132    -16.884    -16.347    -16.254    -16.047    -15.877    -15.483
 #    :         172        173        174        175        176        177        178        179
 occ. :        2.000      2.000      2.000      2.000      2.000      0.000      0.000      0.000
 eps  :       -15.457    -15.271    -15.039    -13.868    -13.427     -8.719     -6.956     -6.707
 #    :         180        181        182        183        184        185        186        187
 occ. :        0.000      0.000      0.000      0.000      0.000      0.000      0.000      0.000
 eps  :        -6.163     -6.122     -6.082     -5.498     -5.295     -5.186     -5.084     -5.071
                            1  SCC done.
 writing mo output ...
 molden style : F
 
speedup  0.75
cpu  time for all    2.17 s
wall time for all    2.91 s
