cpu-bind=MASK - bp1-compute096, task 4294967295 4294967295 [0]: mask 0xffffffffffff set
Host:    bp1-compute096.data.bp.acrc.priv
Time:    Wed May  4 04:39:26 BST 2022
Dir:     /user/home/of15641/chlorophyll_parameterization/tddft_data/step_1401_chromophore_19
Job ID:  1692109
Nodelist:
cat: bp1-compute096: No such file or directory
  
Result dir: /user/home/of15641/chlorophyll_parameterization/tddft_data/step_1401_chromophore_19
running gaussian jobs
Running time g16 < CAMB3LYP_step_1401_chromophore_19.com > CAMB3LYP_step_1401_chromophore_19.log

real	22m37.276s
user	530m35.757s
sys	0m23.940s
Running time g16 < PBE0_step_1401_chromophore_19.com > PBE0_step_1401_chromophore_19.log

real	19m42.371s
user	470m49.343s
sys	0m24.655s
Running time g16 < wB97XD_step_1401_chromophore_19.com > wB97XD_step_1401_chromophore_19.log

real	24m36.666s
user	577m58.649s
sys	0m26.117s
Running time g16 < BLYP_step_1401_chromophore_19.com > BLYP_step_1401_chromophore_19.log

real	12m9.439s
user	289m59.123s
sys	0m24.431s
Running time g16 < ZINDO_step_1401_chromophore_19.com > ZINDO_step_1401_chromophore_19.log

real	0m5.751s
user	2m4.720s
sys	0m2.234s
