cpu-bind=MASK - bp1-compute180, task 4294967295 4294967295 [0]: mask 0x6fff03ff6fff03ff set
Host:    bp1-compute180.data.bp.acrc.priv
Time:    Sat Apr 30 20:09:20 BST 2022
Dir:     /user/home/of15641/chlorophyll_parameterization/tddft_data/step_901_chromophore_17
Job ID:  1659034
Nodelist:
cat: bp1-compute180: No such file or directory
  
Result dir: /user/home/of15641/chlorophyll_parameterization/tddft_data/step_901_chromophore_17
running gaussian jobs
Running time g16 < CAMB3LYP_step_901_chromophore_17.com > CAMB3LYP_step_901_chromophore_17.log

real	31m43.045s
user	746m52.447s
sys	0m54.060s
Running time g16 < PBE0_step_901_chromophore_17.com > PBE0_step_901_chromophore_17.log

real	20m48.800s
user	496m22.085s
sys	0m43.792s
Running time g16 < wB97XD_step_901_chromophore_17.com > wB97XD_step_901_chromophore_17.log

real	34m54.131s
user	822m7.724s
sys	1m8.149s
Running time g16 < BLYP_step_901_chromophore_17.com > BLYP_step_901_chromophore_17.log

real	14m52.534s
user	354m22.087s
sys	0m33.193s
Running time g16 < ZINDO_step_901_chromophore_17.com > ZINDO_step_901_chromophore_17.log

real	0m10.775s
user	3m14.630s
sys	0m3.256s
