cpu-bind=MASK - bp1-compute135, task 4294967295 4294967295 [0]: mask 0xf11efffef11efffe set
Host:    bp1-compute135.data.bp.acrc.priv
Time:    Thu May  5 11:59:32 BST 2022
Dir:     /user/home/of15641/chlorophyll_parameterization/tddft_data/step_901_chromophore_13
Job ID:  1692442
Nodelist:
cat: bp1-compute135: No such file or directory
  
Result dir: /user/home/of15641/chlorophyll_parameterization/tddft_data/step_901_chromophore_13
running gaussian jobs
Running time g16 < CAMB3LYP_step_901_chromophore_13.com > CAMB3LYP_step_901_chromophore_13.log

real	38m18.404s
user	907m8.753s
sys	0m39.587s
Running time g16 < PBE0_step_901_chromophore_13.com > PBE0_step_901_chromophore_13.log

real	23m36.177s
user	564m10.835s
sys	0m34.881s
Running time g16 < wB97XD_step_901_chromophore_13.com > wB97XD_step_901_chromophore_13.log

real	47m55.651s
user	1136m43.200s
sys	1m2.727s
Running time g16 < BLYP_step_901_chromophore_13.com > BLYP_step_901_chromophore_13.log

real	20m10.881s
user	482m10.484s
sys	0m34.952s
Running time g16 < ZINDO_step_901_chromophore_13.com > ZINDO_step_901_chromophore_13.log

real	0m11.727s
user	4m13.866s
sys	0m2.273s
