cpu-bind=MASK - bp1-compute216, task 4294967295 4294967295 [0]: mask 0x3fffffc03fffffc set
Host:    bp1-compute216.data.bp.acrc.priv
Time:    Wed May  4 18:59:04 BST 2022
Dir:     /user/home/of15641/chlorophyll_parameterization/tddft_data/step_401_chromophore_24
Job ID:  1692290
Nodelist:
cat: bp1-compute216: No such file or directory
  
Result dir: /user/home/of15641/chlorophyll_parameterization/tddft_data/step_401_chromophore_24
running gaussian jobs
Running time g16 < CAMB3LYP_step_401_chromophore_24.com > CAMB3LYP_step_401_chromophore_24.log

real	31m45.221s
user	750m12.492s
sys	0m35.180s
Running time g16 < PBE0_step_401_chromophore_24.com > PBE0_step_401_chromophore_24.log

real	26m5.739s
user	623m54.250s
sys	0m29.219s
Running time g16 < wB97XD_step_401_chromophore_24.com > wB97XD_step_401_chromophore_24.log

real	38m2.271s
user	899m49.150s
sys	0m47.410s
Running time g16 < BLYP_step_401_chromophore_24.com > BLYP_step_401_chromophore_24.log

real	16m12.913s
user	385m25.356s
sys	1m2.848s
Running time g16 < ZINDO_step_401_chromophore_24.com > ZINDO_step_401_chromophore_24.log

real	0m9.698s
user	3m34.107s
sys	0m3.738s
