 
        ______________________________________
       |                                      |
       |          ===================         |
       |             xTB for sTDA             |
       |          ===================         |
       |               S. Grimme              |
       |        Universitaet Bonn, MCTC       |
       |         2015-19, Version 1.0         |
       |     Wed Apr  3 09:14:55 CEST 2019    |
       |______________________________________|
 
        This code comes without any warranty
        for non-commercial, academia use only.
        Preliminary test version.
        Cite this work as:
        S. Grimme  &  C. Bannwarth, JCP 145 (2016) 054103
        if GBSA is used additionally:
        P. Shushkov, F. März, C. Bannwarth, S. Grimme, unpublished.
 
        with help from
        P. Shushkov, G. Brandenburg, S. Dohm, J. Pisarek,
        F. März, M. Checinski, S. Ehrlich, S. Spicher, 
        P. Pracht, E. Caldeweyher, S. Ehlert, and C. Bannwarth.
 
        usage        :
        xtb4stda <coord_file> [options]
        where <coord_file> is a valid file of TM)
        (*coord, Bohr) or xmol (*xyz, Angstroem)
        format.

        options:
        -chrg <int>   : molecular charge
        -uhf  <int>   : # of unpaired electrons(=2*S)
        -nox          : skip second, extended part in sTDA-xTB
        -pop          : do population analysis
                      : (default for -nox)
        -mowr <real>  : cut MO write above (def.3 Eh)
        -molden       : write formatted molden file
        -parx <file>  : read parameters for sTDA-xTB
                        calc (def:~/.param_stda2.xtb)
        -parv <file>  : read parameters for vTB part in
                        sTDA-xTB (def: ~/.param_stda1.xtb)
        -xtemp <real> : el. temp for xTB (def. 0 K)
        -etemp <real> : el. temp for GFN (def. 300 K)
        -fod          : calculate the FOD and write
                        molden.input file with
                        appropriate occupations
                        for plotting. Def. T=12500 K
 
        -acc <real>   : xTB accuracy (def. 1.0)
        -gbsa [string1] [string2]
                        use GBSA implicit solvent
                        for solvent [string1] and
                        solvation state [string2]=
                        reference, bar1M (default=1M)
        additional GFN/opt/MD/siman options read from
        $XTB4STDAHOME/.xtb4stdarc or $set in input
 
       spin and charge state information can be on:
       <.CHRG> (charge) and <.UHF> (=nalpha-nbeta)
       -uhf and -chrg override the file info.
       useful machine settings:
       setenv MKL_NUM_THREADS <NCORE_ON_YOUR_MACHINE>
       setenv OMP_STACKSIZE 500m
       limit stacksize unlimited
 
       total energies in Eh, gaps/HL energies in eV
       please read REVISION and HOWTO files carefully
 =============================
  # OMP threads =           4
 =============================
 
 xtb4stdahome directory:~/
 
 
 name of molecule           :
 comment line               :
 number of atoms            :   140
 number of electrons        :   352
 charge                     :  0
 spin                       : 0.0
 first test random number   :  0.6347
 
 -----------------------------------------
      charge density (VTB) calculation
 -----------------------------------------
 
      method parameters     
 k(s)        :  1.8000
 k(p)        :  2.8350
 k(d)        :  2.0860
 k(f)        :  2.0000
 Tscal       :  0.3300
 Gscal       :  0.3910
 fpol        :  1.0000
 Zcnf        :  0.6500
 Zqf         :  0.0000
 kcn         :  0.3000
 kEN1        : -0.5900
 wllscal     :  2.6000
 
     -------------------------
     ! NO SOLVENT MODEL USED !
     -------------------------
 
 doing EN charges ...
 sum q : -0.2442491D-14
 point charge moment (au)
     X       Y       Z   
   0.5737   0.3659   0.3930  total (Debye):    1.997
 
            Z      q(EN)   CN      Cart. coordinates
     1  MG  2.0   0.932   4.809    -6.08303    65.25791    51.90132
     2  C   4.0   0.020   3.281    -7.59670    62.03781    57.31917
     3  C   4.0  -0.061   3.146    -2.49822    69.30759    55.41432
     4  C   4.0  -0.056   3.156    -4.85660    68.78036    46.42301
     5  C   4.0  -0.055   3.207    -9.41272    61.12319    48.27116
     6  N   5.0  -0.364   3.122    -5.02856    65.46956    55.96234
     7  C   4.0   0.109   3.367    -5.92996    63.99935    57.83317
     8  C   4.0  -0.094   4.135    -5.02289    64.67965    60.53170
     9  C   4.0  -0.095   4.142    -3.57914    67.19865    59.92132
    10  C   4.0   0.087   3.315    -3.69819    67.48778    56.97146
    11  C   4.0  -0.237   4.035    -4.63739    69.57971    61.22145
    12  C   4.0  -0.162   4.062    -3.40529    62.74457    61.96789
    13  C   4.0  -0.169   4.071    -3.98354    62.45166    64.76469
    14  C   4.0   0.186   3.126    -1.80847    62.53292    66.68276
    15  O   6.0  -0.111   1.040     0.28913    61.71845    66.45788
    16  O   6.0  -0.115   2.067    -2.91207    63.55337    68.81248
    17  N   5.0  -0.373   3.226    -3.86260    68.66697    51.04150
    18  C   4.0   0.092   3.328    -2.61538    69.98033    52.85186
    19  C   4.0   0.012   3.224    -1.49099    72.17241    51.63865
    20  C   4.0   0.001   3.289    -2.45664    72.12517    48.99681
    21  C   4.0   0.077   3.326    -3.73410    69.74412    48.63399
    22  C   4.0  -0.246   4.015     0.10016    74.15096    53.02193
    23  C   4.0   0.133   3.061    -2.24121    74.06025    46.87654
    24  O   6.0  -0.124   1.072    -3.32403    73.82403    44.92257
    25  C   4.0  -0.252   4.057    -0.87683    76.35816    47.48692
    26  N   5.0  -0.420   3.156    -7.14694    65.18799    48.10297
    27  C   4.0   0.077   3.411    -6.34192    66.74701    46.12821
    28  C   4.0  -0.094   4.136    -7.21497    65.84750    43.47692
    29  C   4.0  -0.099   4.224    -8.45274    63.31716    44.21770
    30  C   4.0   0.097   3.485    -8.21086    63.13007    47.05985
    31  C   4.0  -0.237   4.033    -9.19919    67.68809    42.27317
    32  C   4.0  -0.165   4.097    -7.30001    61.06271    43.03284
    33  C   4.0  -0.239   4.028    -4.56369    60.49580    43.50338
    34  N   5.0  -0.505   3.291    -8.25243    62.22868    52.40777
    35  C   4.0   0.101   3.503    -9.49020    60.74146    50.83174
    36  C   4.0   0.016   3.348   -10.58624    58.72701    52.20935
    37  C   4.0   0.011   3.383   -10.11003    59.23346    54.87953
    38  C   4.0   0.047   3.796    -8.55290    61.28759    54.84930
    39  C   4.0  -0.249   4.041   -12.05834    56.69934    51.17000
    40  C   4.0   0.113   3.224   -10.62971    58.49647    57.42499
    41  O   6.0  -0.104   1.046   -11.77866    56.77871    58.39631
    42  C   4.0  -0.118   4.248    -9.05557    60.37863    59.13141
    43  C   4.0   0.180   3.176   -10.85837    61.67121    60.76603
    44  O   6.0  -0.098   1.054   -12.83880    62.58772    59.99502
    45  O   6.0  -0.112   2.030    -9.97586    61.61074    63.19622
    46  C   4.0  -0.203   4.038   -12.00732    62.33828    65.03681
    47  C   4.0  -0.139   4.118    -1.37194    62.83528    71.02535
    48  C   4.0  -0.054   3.125    -2.96498    63.54581    73.24389
    49  C   4.0   0.020   3.092    -3.02356    65.78325    74.37772
    50  C   4.0  -0.247   4.040    -1.84248    68.18509    73.10783
    51  C   4.0  -0.178   4.080    -4.75644    66.32938    76.48099
    52  C   4.0  -0.163   4.033    -3.67930    65.46578    79.07936
    53  C   4.0  -0.163   4.048    -3.10671    67.65597    81.07491
    54  C   4.0  -0.088   4.039    -3.06514    66.75268    83.87927
    55  C   4.0  -0.239   4.054    -5.69563    66.52969    85.07546
    56  C   4.0  -0.165   4.081    -1.61005    68.71988    85.55167
    57  C   4.0  -0.162   4.039     0.40818    67.53125    87.32046
    58  C   4.0  -0.165   4.081     3.11616    68.60461    86.84425
    59  C   4.0  -0.089   4.053     4.69597    66.66386    85.32491
    60  C   4.0  -0.240   4.065     7.49087    67.11362    85.96741
    61  C   4.0  -0.165   4.082     4.40684    67.08149    82.43740
    62  C   4.0  -0.164   4.043     4.74510    64.80248    80.67051
    63  C   4.0  -0.165   4.084     7.03545    64.88752    78.79023
    64  C   4.0  -0.089   4.040     6.20964    65.27302    76.02745
    65  C   4.0  -0.240   4.062     8.63038    64.81949    74.45142
    66  C   4.0  -0.239   4.052     5.05880    67.81093    75.52290
    67  H   1.0   0.071   1.008    -1.08281    70.43953    56.40076
    68  H   1.0   0.071   1.009    -4.47298    69.82915    44.68635
    69  H   1.0   0.072   1.006   -10.36326    59.74558    47.06551
    70  H   1.0   0.085   1.009    -6.65750    65.07649    61.72034
    71  H   1.0   0.084   1.008    -1.59682    67.22133    60.47879
    72  H   1.0   0.081   1.002    -6.39105    69.92553    60.19533
    73  H   1.0   0.080   0.998    -3.39584    71.20865    61.00224
    74  H   1.0   0.080   0.998    -4.87738    69.31326    63.24913
    75  H   1.0   0.083   1.007    -1.47588    63.45700    61.85262
    76  H   1.0   0.083   1.006    -3.71142    60.98713    60.93799
    77  H   1.0   0.083   1.009    -4.57503    60.48446    64.91020
    78  H   1.0   0.083   1.003    -5.53501    63.63085    65.43176
    79  H   1.0   0.080   0.998    -0.68786    76.04257    52.79894
    80  H   1.0   0.080   0.999     1.95776    74.25489    52.13943
    81  H   1.0   0.080   0.998     0.26645    73.76167    55.03827
    82  H   1.0   0.082   1.006     0.81447    75.64762    48.42423
    83  H   1.0   0.081   1.001    -2.04279    77.49010    48.75304
    84  H   1.0   0.081   1.002    -0.27968    77.17074    45.68979
    85  H   1.0   0.084   1.006    -5.74855    65.51302    42.06908
    86  H   1.0   0.086   1.012   -10.37837    63.32283    43.49015
    87  H   1.0   0.080   0.998    -9.85870    69.06570    43.65645
    88  H   1.0   0.080   0.997   -10.74687    66.80748    41.23949
    89  H   1.0   0.080   0.998    -8.34314    68.77469    40.74816
    90  H   1.0   0.083   1.008    -7.38316    61.21578    40.98060
    91  H   1.0   0.083   1.006    -8.26566    59.30149    43.49015
    92  H   1.0   0.081   1.001    -3.67174    62.15309    44.34053
    93  H   1.0   0.080   0.999    -3.69441    60.01959    41.69680
    94  H   1.0   0.081   1.000    -4.48432    58.80638    44.67690
    95  H   1.0   0.080   1.001   -10.97175    55.76392    49.69034
    96  H   1.0   0.080   0.998   -13.87815    57.05839    50.27616
    97  H   1.0   0.080   1.001   -12.51377    55.29338    52.60619
    98  H   1.0   0.086   1.010    -7.80646    59.15787    60.22179
    99  H   1.0   0.081   0.997   -13.11659    63.88219    64.24501
   100  H   1.0   0.080   0.995   -11.23442    62.91465    66.85661
   101  H   1.0   0.080   0.996   -13.26588    60.73201    65.31271
   102  H   1.0   0.083   1.003     0.42141    63.80471    71.32393
   103  H   1.0   0.083   1.004    -1.24533    60.78492    71.18409
   104  H   1.0   0.071   1.006    -4.07236    62.11907    74.23410
   105  H   1.0   0.080   0.998    -0.36472    68.95988    74.31725
   106  H   1.0   0.080   0.997    -3.17474    69.65341    72.55414
   107  H   1.0   0.080   0.998    -0.65385    67.76746    71.47699
   108  H   1.0   0.082   1.006    -6.51011    65.36373    75.99344
   109  H   1.0   0.082   1.004    -5.30068    68.31548    76.53012
   110  H   1.0   0.082   1.004    -1.87083    64.50580    78.86393
   111  H   1.0   0.082   1.002    -4.95108    64.15998    80.03745
   112  H   1.0   0.082   1.002    -4.31424    69.31893    80.94452
   113  H   1.0   0.082   1.002    -1.35115    68.61784    80.58547
   114  H   1.0   0.083   1.007    -2.21287    64.88752    84.06824
   115  H   1.0   0.080   0.998    -5.62382    66.14041    87.09747
   116  H   1.0   0.081   1.002    -6.45530    64.91209    84.04934
   117  H   1.0   0.081   0.998    -6.89183    68.14352    84.62382
   118  H   1.0   0.082   1.002    -2.92719    69.90285    86.60236
   119  H   1.0   0.083   1.003    -0.84282    70.17308    84.31012
   120  H   1.0   0.082   1.004     0.53479    65.49790    87.01432
   121  H   1.0   0.081   1.004     0.10960    68.08305    89.28388
   122  H   1.0   0.082   1.003     3.99488    68.87673    88.68673
   123  H   1.0   0.082   1.003     3.16529    70.36017    85.76710
   124  H   1.0   0.083   1.007     4.21409    64.72122    85.81057
   125  H   1.0   0.081   1.000     7.90094    65.85884    87.54911
   126  H   1.0   0.081   0.999     7.80457    68.95232    86.84047
   127  H   1.0   0.081   0.998     8.86659    66.56371    84.53689
   128  H   1.0   0.083   1.003     5.49721    68.77091    81.98765
   129  H   1.0   0.084   1.012     2.39050    67.33849    82.10859
   130  H   1.0   0.082   1.003     2.97632    64.42643    79.68407
   131  H   1.0   0.082   1.003     4.74888    63.12819    81.87049
   132  H   1.0   0.082   1.002     8.19007    63.25858    79.29479
   133  H   1.0   0.083   1.006     8.08236    66.56749    79.36093
   134  H   1.0   0.083   1.008     4.83581    63.79526    75.61171
   135  H   1.0   0.081   0.998    10.40483    64.74579    75.49455
   136  H   1.0   0.080   0.998     9.17840    66.35017    73.18720
   137  H   1.0   0.081   0.999     8.34314    63.03181    73.47066
   138  H   1.0   0.081   0.999     5.81469    69.26979    76.76445
   139  H   1.0   0.082   1.010     3.12939    67.22133    75.93864
   140  H   1.0   0.080   0.998     5.28178    68.48178    73.58782
 
  Z AO/shell   Hii/eV     exponent
  1     Sat Feb 20 21:38:01 CET 2016    EN: 2.327 GAM: 0.473  GM3: 0.0000
     1s    -13.751157    1.051071
  6     Sat Feb 20 21:38:01 CET 2016    EN: 2.731 GAM: 0.422  GM3: 0.0000
     2s    -19.378245    2.021003
     2p    -11.993376    1.497917
  7     Sat Feb 20 21:38:01 CET 2016    EN: 3.573 GAM: 0.504  GM3: 0.0000
     2s    -21.576984    2.275442
     2p    -16.125120    2.056788
  8     Sat Feb 20 21:38:01 CET 2016    EN: 3.700 GAM: 0.587  GM3: 0.0000
     2s    -21.648843    2.110798
     2p    -17.239740    2.329048
 12     Sat Feb 20 23:25:47 CET 2016    EN: 0.033 GAM: 0.222  GM3: 0.0000
     3s    -12.693633    1.302878
     3p     -8.128821    0.504252
 
 dipole moment of classical point charges (au)
     X       Y       Z   
   0.5737   0.3659   0.3930  total (Debye):    1.997

 
 Nbf   :          338
 T(el) :   300.0
 calculating S/T integrals ...
 cpu time for ints   0.176663000000000     
 Nao   :          338
 making H0...
 making H1...
 cpu time for H      1.454800000000001E-002
 solving ...
 cpu time for diag   7.601499999999997E-002
 
 gap (eV)           :   1.304
 Koopmans IP (eV)   :  12.286
 Eel (Eh)           :  -268.717829
 T,E(Fermi),NFOD :    300.000   -11.634  0.000000
 T,E(Fermi),NFOD :    300.000   -11.634  0.000000
 Nfod               :  0.0000
 Nfod/Nel           :  0.0000

          eigenvalues
 #    :         164        165        166        167        168        169        170        171
 occ. :        2.000      2.000      2.000      2.000      2.000      2.000      2.000      2.000
 eps  :       -16.312    -16.249    -15.950    -15.835    -15.679    -15.415    -15.325    -15.249
 #    :         172        173        174        175        176        177        178        179
 occ. :        2.000      2.000      2.000      2.000      2.000      0.000      0.000      0.000
 eps  :       -14.926    -14.676    -14.383    -13.221    -12.287    -10.983     -9.642     -8.445
 #    :         180        181        182        183        184        185        186        187
 occ. :        0.000      0.000      0.000      0.000      0.000      0.000      0.000      0.000
 eps  :        -8.187     -8.016     -7.840     -7.579     -7.308     -7.102     -6.852     -6.695
                            1  SCC done.
 making H1...
 cpu time for H      8.475799999999997E-002
 solving ...
 cpu time for diag   3.334700000000002E-002
 
 gap (eV)           :   1.543
 Koopmans IP (eV)   :  12.148
 Eel (Eh)           :  -266.051185
 T,E(Fermi),NFOD :    300.000   -11.376  0.000000
 T,E(Fermi),NFOD :    300.000   -11.376  0.000000
 Nfod               :  0.0000
 Nfod/Nel           :  0.0000

          eigenvalues
 #    :         164        165        166        167        168        169        170        171
 occ. :        2.000      2.000      2.000      2.000      2.000      2.000      2.000      2.000
 eps  :       -15.429    -15.271    -15.173    -14.863    -14.816    -14.715    -14.467    -14.114
 #    :         172        173        174        175        176        177        178        179
 occ. :        2.000      2.000      2.000      2.000      2.000      0.000      0.000      0.000
 eps  :       -14.013    -13.960    -13.323    -12.620    -12.149    -10.606     -8.976     -8.251
 #    :         180        181        182        183        184        185        186        187
 occ. :        0.000      0.000      0.000      0.000      0.000      0.000      0.000      0.000
 eps  :        -7.978     -7.824     -7.640     -7.328     -7.271     -6.795     -6.778     -6.466
                            2  SCC done.
 
 
 Mulliken/CM5 charges    n(s)   n(p)   n(d)   
    1 MG  0.2952  0.7628   0.672  1.033  0.000
    2 C   0.0036  0.0065   1.185  2.812  0.000
    3 C  -0.0026 -0.0443   1.116  2.887  0.000
    4 C  -0.0058 -0.0460   1.118  2.888  0.000
    5 C  -0.0555 -0.0965   1.122  2.934  0.000
    6 N  -0.1320 -0.3808   1.416  3.716  0.000
    7 C   0.0342  0.0997   1.224  2.742  0.000
    8 C  -0.0186 -0.0749   1.202  2.817  0.000
    9 C  -0.0216 -0.0800   1.203  2.819  0.000
   10 C   0.0412  0.0959   1.244  2.715  0.000
   11 C  -0.0894 -0.2380   1.102  2.987  0.000
   12 C  -0.0435 -0.1508   1.147  2.896  0.000
   13 C  -0.0701 -0.1701   1.151  2.919  0.000
   14 C   0.2404  0.2910   1.177  2.583  0.000
   15 O  -0.2539 -0.3036   1.624  4.630  0.000
   16 O  -0.1642 -0.2408   1.518  4.646  0.000
   17 N  -0.2222 -0.4732   1.370  3.852  0.000
   18 C   0.0540  0.1176   1.180  2.766  0.000
   19 C  -0.0129 -0.0171   1.234  2.779  0.000
   20 C  -0.0850 -0.0788   1.228  2.857  0.000
   21 C   0.0508  0.1101   1.199  2.750  0.000
   22 C  -0.0790 -0.2244   1.085  2.994  0.000
   23 C   0.1763  0.2003   1.181  2.643  0.000
   24 O  -0.2516 -0.3104   1.612  4.639  0.000
   25 C  -0.0924 -0.2342   1.089  3.003  0.000
   26 N  -0.1853 -0.4653   1.423  3.762  0.000
   27 C   0.0497  0.1025   1.218  2.732  0.000
   28 C  -0.0126 -0.0709   1.194  2.819  0.000
   29 C  -0.0190 -0.0758   1.182  2.837  0.000
   30 C   0.0407  0.1024   1.216  2.744  0.000
   31 C  -0.0998 -0.2483   1.107  2.993  0.000
   32 C  -0.0601 -0.1736   1.134  2.926  0.000
   33 C  -0.0954 -0.2484   1.091  3.005  0.000
   34 N  -0.2387 -0.5563   1.374  3.865  0.000
   35 C   0.0468  0.1166   1.164  2.790  0.000
   36 C  -0.0545 -0.0583   1.209  2.846  0.000
   37 C  -0.0514 -0.0440   1.175  2.876  0.000
   38 C   0.0010  0.0611   1.206  2.793  0.000
   39 C  -0.0687 -0.2123   1.067  3.002  0.000
   40 C   0.1619  0.1957   1.187  2.651  0.000
   41 O  -0.2263 -0.2710   1.628  4.598  0.000
   42 C  -0.0429 -0.0849   1.187  2.856  0.000
   43 C   0.2346  0.2881   1.170  2.595  0.000
   44 O  -0.2671 -0.3141   1.629  4.638  0.000
   45 O  -0.1580 -0.2420   1.512  4.646  0.000
   46 C   0.0144 -0.1106   1.102  2.883  0.000
   47 C   0.0512 -0.0284   1.132  2.817  0.000
   48 C  -0.0658 -0.1235   1.159  2.907  0.000
   49 C  -0.0112 -0.0354   1.213  2.798  0.000
   50 C  -0.1173 -0.2634   1.093  3.025  0.000
   51 C  -0.0436 -0.1488   1.126  2.918  0.000
   52 C  -0.0604 -0.1694   1.160  2.900  0.000
   53 C  -0.0858 -0.1965   1.166  2.920  0.000
   54 C  -0.0198 -0.0944   1.205  2.815  0.000
   55 C  -0.0999 -0.2505   1.103  2.996  0.000
   56 C  -0.0865 -0.1967   1.162  2.924  0.000
   57 C  -0.0568 -0.1676   1.155  2.902  0.000
   58 C  -0.0669 -0.1786   1.162  2.905  0.000
   59 C  -0.0295 -0.1047   1.209  2.821  0.000
   60 C  -0.1187 -0.2695   1.106  3.013  0.000
   61 C  -0.0811 -0.1926   1.156  2.925  0.000
   62 C  -0.0856 -0.1997   1.157  2.928  0.000
   63 C  -0.0748 -0.1849   1.162  2.913  0.000
   64 C  -0.0026 -0.0795   1.190  2.813  0.000
   65 C  -0.1206 -0.2706   1.104  3.017  0.000
   66 C  -0.0907 -0.2415   1.095  2.996  0.000
   67 H   0.0474  0.1069   0.953  0.000  0.000
   68 H   0.0620  0.1292   0.938  0.000  0.000
   69 H   0.0566  0.1162   0.943  0.000  0.000
   70 H   0.0494  0.1152   0.951  0.000  0.000
   71 H   0.0422  0.1030   0.958  0.000  0.000
   72 H   0.0329  0.0876   0.967  0.000  0.000
   73 H   0.0378  0.0897   0.962  0.000  0.000
   74 H   0.0374  0.0894   0.963  0.000  0.000
   75 H   0.0399  0.1008   0.960  0.000  0.000
   76 H   0.0490  0.1077   0.951  0.000  0.000
   77 H   0.0483  0.1101   0.952  0.000  0.000
   78 H   0.0427  0.1071   0.957  0.000  0.000
   79 H   0.0447  0.0971   0.955  0.000  0.000
   80 H   0.0487  0.1011   0.951  0.000  0.000
   81 H   0.0500  0.1027   0.950  0.000  0.000
   82 H   0.0455  0.1026   0.955  0.000  0.000
   83 H   0.0614  0.1160   0.939  0.000  0.000
   84 H   0.0457  0.1026   0.954  0.000  0.000
   85 H   0.0571  0.1176   0.943  0.000  0.000
   86 H   0.0521  0.1147   0.948  0.000  0.000
   87 H   0.0381  0.0913   0.962  0.000  0.000
   88 H   0.0378  0.0894   0.962  0.000  0.000
   89 H   0.0318  0.0833   0.968  0.000  0.000
   90 H   0.0263  0.0835   0.974  0.000  0.000
   91 H   0.0351  0.0924   0.965  0.000  0.000
   92 H   0.0366  0.0922   0.963  0.000  0.000
   93 H   0.0326  0.0845   0.967  0.000  0.000
   94 H   0.0309  0.0835   0.969  0.000  0.000
   95 H   0.0446  0.0980   0.955  0.000  0.000
   96 H   0.0491  0.1008   0.951  0.000  0.000
   97 H   0.0447  0.0985   0.955  0.000  0.000
   98 H   0.0534  0.1226   0.947  0.000  0.000
   99 H   0.0576  0.1217   0.942  0.000  0.000
  100 H   0.0530  0.1099   0.947  0.000  0.000
  101 H   0.0527  0.1119   0.947  0.000  0.000
  102 H   0.0704  0.1343   0.930  0.000  0.000
  103 H   0.0619  0.1276   0.938  0.000  0.000
  104 H   0.0333  0.0914   0.967  0.000  0.000
  105 H   0.0339  0.0862   0.966  0.000  0.000
  106 H   0.0434  0.0950   0.957  0.000  0.000
  107 H   0.0347  0.0888   0.965  0.000  0.000
  108 H   0.0468  0.1037   0.953  0.000  0.000
  109 H   0.0419  0.0988   0.958  0.000  0.000
  110 H   0.0340  0.0909   0.966  0.000  0.000
  111 H   0.0332  0.0892   0.967  0.000  0.000
  112 H   0.0246  0.0803   0.975  0.000  0.000
  113 H   0.0338  0.0896   0.966  0.000  0.000
  114 H   0.0364  0.0962   0.964  0.000  0.000
  115 H   0.0417  0.0939   0.958  0.000  0.000
  116 H   0.0290  0.0825   0.971  0.000  0.000
  117 H   0.0287  0.0812   0.971  0.000  0.000
  118 H   0.0340  0.0901   0.966  0.000  0.000
  119 H   0.0325  0.0897   0.968  0.000  0.000
  120 H   0.0443  0.1020   0.956  0.000  0.000
  121 H   0.0419  0.0973   0.958  0.000  0.000
  122 H   0.0417  0.0980   0.958  0.000  0.000
  123 H   0.0342  0.0912   0.966  0.000  0.000
  124 H   0.0344  0.0940   0.966  0.000  0.000
  125 H   0.0196  0.0720   0.980  0.000  0.000
  126 H   0.0315  0.0843   0.969  0.000  0.000
  127 H   0.0388  0.0910   0.961  0.000  0.000
  128 H   0.0343  0.0914   0.966  0.000  0.000
  129 H   0.0347  0.0950   0.965  0.000  0.000
  130 H   0.0323  0.0884   0.968  0.000  0.000
  131 H   0.0249  0.0808   0.975  0.000  0.000
  132 H   0.0424  0.0976   0.958  0.000  0.000
  133 H   0.0251  0.0835   0.975  0.000  0.000
  134 H   0.0389  0.0982   0.961  0.000  0.000
  135 H   0.0297  0.0819   0.970  0.000  0.000
  136 H   0.0324  0.0843   0.968  0.000  0.000
  137 H   0.0307  0.0828   0.969  0.000  0.000
  138 H   0.0337  0.0868   0.966  0.000  0.000
  139 H   0.0459  0.1017   0.954  0.000  0.000
  140 H   0.0406  0.0927   0.959  0.000  0.000
 Hirshfeld charges for QMDFF written to <charges>
 
 Loewdin charges    n(s)   n(p)   n(d)
    1 MG  0.1325   0.684  1.184  0.000
    2 C   0.0063   1.144  2.849  0.000
    3 C   0.0004   1.063  2.936  0.000
    4 C  -0.0037   1.063  2.941  0.000
    5 C  -0.0526   1.068  2.985  0.000
    6 N  -0.0982   1.373  3.725  0.000
    7 C   0.0351   1.188  2.777  0.000
    8 C  -0.0118   1.155  2.857  0.000
    9 C  -0.0132   1.155  2.858  0.000
   10 C   0.0450   1.208  2.747  0.000
   11 C  -0.0909   1.030  3.061  0.000
   12 C  -0.0383   1.087  2.951  0.000
   13 C  -0.0720   1.094  2.978  0.000
   14 C   0.2175   1.151  2.631  0.000
   15 O  -0.2378   1.591  4.647  0.000
   16 O  -0.1334   1.486  4.647  0.000
   17 N  -0.1941   1.330  3.864  0.000
   18 C   0.0557   1.141  2.803  0.000
   19 C  -0.0059   1.196  2.810  0.000
   20 C  -0.0933   1.194  2.899  0.000
   21 C   0.0558   1.159  2.785  0.000
   22 C  -0.0800   1.011  3.069  0.000
   23 C   0.1723   1.144  2.684  0.000
   24 O  -0.2326   1.577  4.655  0.000
   25 C  -0.0984   1.016  3.083  0.000
   26 N  -0.1493   1.379  3.771  0.000
   27 C   0.0545   1.180  2.765  0.000
   28 C  -0.0034   1.146  2.858  0.000
   29 C  -0.0124   1.133  2.880  0.000
   30 C   0.0461   1.177  2.777  0.000
   31 C  -0.1029   1.036  3.066  0.000
   32 C  -0.0563   1.074  2.982  0.000
   33 C  -0.0973   1.018  3.079  0.000
   34 N  -0.2037   1.330  3.874  0.000
   35 C   0.0475   1.122  2.830  0.000
   36 C  -0.0441   1.166  2.878  0.000
   37 C  -0.0604   1.137  2.923  0.000
   38 C   0.0079   1.165  2.827  0.000
   39 C  -0.0705   0.991  3.079  0.000
   40 C   0.1549   1.153  2.692  0.000
   41 O  -0.2100   1.597  4.613  0.000
   42 C  -0.0447   1.139  2.905  0.000
   43 C   0.2133   1.143  2.644  0.000
   44 O  -0.2545   1.600  4.655  0.000
   45 O  -0.1251   1.479  4.646  0.000
   46 C   0.0098   1.032  2.958  0.000
   47 C   0.0513   1.074  2.875  0.000
   48 C  -0.0642   1.109  2.955  0.000
   49 C   0.0001   1.171  2.829  0.000
   50 C  -0.1233   1.022  3.102  0.000
   51 C  -0.0398   1.065  2.975  0.000
   52 C  -0.0556   1.102  2.953  0.000
   53 C  -0.0852   1.110  2.975  0.000
   54 C  -0.0084   1.157  2.851  0.000
   55 C  -0.1035   1.033  3.071  0.000
   56 C  -0.0860   1.106  2.980  0.000
   57 C  -0.0515   1.097  2.955  0.000
   58 C  -0.0636   1.105  2.958  0.000
   59 C  -0.0193   1.161  2.858  0.000
   60 C  -0.1240   1.036  3.088  0.000
   61 C  -0.0805   1.100  2.981  0.000
   62 C  -0.0831   1.100  2.983  0.000
   63 C  -0.0728   1.105  2.968  0.000
   64 C   0.0110   1.140  2.849  0.000
   65 C  -0.1262   1.034  3.092  0.000
   66 C  -0.0951   1.024  3.072  0.000
   67 H   0.0435   0.956  0.000  0.000
   68 H   0.0548   0.945  0.000  0.000
   69 H   0.0515   0.949  0.000  0.000
   70 H   0.0433   0.957  0.000  0.000
   71 H   0.0368   0.963  0.000  0.000
   72 H   0.0325   0.968  0.000  0.000
   73 H   0.0375   0.963  0.000  0.000
   74 H   0.0372   0.963  0.000  0.000
   75 H   0.0364   0.964  0.000  0.000
   76 H   0.0453   0.955  0.000  0.000
   77 H   0.0452   0.955  0.000  0.000
   78 H   0.0395   0.961  0.000  0.000
   79 H   0.0442   0.956  0.000  0.000
   80 H   0.0481   0.952  0.000  0.000
   81 H   0.0495   0.950  0.000  0.000
   82 H   0.0457   0.954  0.000  0.000
   83 H   0.0600   0.940  0.000  0.000
   84 H   0.0439   0.956  0.000  0.000
   85 H   0.0503   0.950  0.000  0.000
   86 H   0.0462   0.954  0.000  0.000
   87 H   0.0375   0.963  0.000  0.000
   88 H   0.0387   0.961  0.000  0.000
   89 H   0.0322   0.968  0.000  0.000
   90 H   0.0250   0.975  0.000  0.000
   91 H   0.0338   0.966  0.000  0.000
   92 H   0.0380   0.962  0.000  0.000
   93 H   0.0328   0.967  0.000  0.000
   94 H   0.0314   0.969  0.000  0.000
   95 H   0.0441   0.956  0.000  0.000
   96 H   0.0480   0.952  0.000  0.000
   97 H   0.0429   0.957  0.000  0.000
   98 H   0.0458   0.954  0.000  0.000
   99 H   0.0526   0.947  0.000  0.000
  100 H   0.0494   0.951  0.000  0.000
  101 H   0.0484   0.952  0.000  0.000
  102 H   0.0627   0.937  0.000  0.000
  103 H   0.0541   0.946  0.000  0.000
  104 H   0.0273   0.973  0.000  0.000
  105 H   0.0353   0.965  0.000  0.000
  106 H   0.0428   0.957  0.000  0.000
  107 H   0.0358   0.964  0.000  0.000
  108 H   0.0432   0.957  0.000  0.000
  109 H   0.0389   0.961  0.000  0.000
  110 H   0.0312   0.969  0.000  0.000
  111 H   0.0307   0.969  0.000  0.000
  112 H   0.0235   0.977  0.000  0.000
  113 H   0.0329   0.967  0.000  0.000
  114 H   0.0313   0.969  0.000  0.000
  115 H   0.0411   0.959  0.000  0.000
  116 H   0.0298   0.970  0.000  0.000
  117 H   0.0290   0.971  0.000  0.000
  118 H   0.0323   0.968  0.000  0.000
  119 H   0.0320   0.968  0.000  0.000
  120 H   0.0420   0.958  0.000  0.000
  121 H   0.0387   0.961  0.000  0.000
  122 H   0.0392   0.961  0.000  0.000
  123 H   0.0320   0.968  0.000  0.000
  124 H   0.0301   0.970  0.000  0.000
  125 H   0.0214   0.979  0.000  0.000
  126 H   0.0326   0.967  0.000  0.000
  127 H   0.0387   0.961  0.000  0.000
  128 H   0.0325   0.967  0.000  0.000
  129 H   0.0335   0.966  0.000  0.000
  130 H   0.0318   0.968  0.000  0.000
  131 H   0.0243   0.976  0.000  0.000
  132 H   0.0394   0.961  0.000  0.000
  133 H   0.0239   0.976  0.000  0.000
  134 H   0.0338   0.966  0.000  0.000
  135 H   0.0312   0.969  0.000  0.000
  136 H   0.0336   0.966  0.000  0.000
  137 H   0.0307   0.969  0.000  0.000
  138 H   0.0337   0.966  0.000  0.000
  139 H   0.0459   0.954  0.000  0.000
  140 H   0.0405   0.960  0.000  0.000
 
 Wiberg/Mayer (AO) data. WBOs > 0.1 written file <wbo>
 largest (>0.05) Wiberg bond orders for each atom
           total WBO             WBO to atom ...
     1  MG  2.547    N   34 0.557    N   17 0.483    N   26 0.420    N    6 0.366    C   38 0.064    C   30 0.054
     2  C   3.886    C    7 1.441    C   38 1.154    C   42 0.939
     3  C   3.915    C   10 1.411    C   18 1.278    H   67 0.934
     4  C   3.927    C   27 1.538    C   21 1.232    H   68 0.919
     5  C   3.908    C   30 1.427    C   35 1.266    H   69 0.934
     6  N   3.320    C    7 1.263    C   10 1.238    MG   1 0.366
     7  C   3.878    C    2 1.441    N    6 1.263    C    8 0.911
     8  C   3.932    C   12 0.961    C    9 0.951    H   70 0.936    C    7 0.911
     9  C   3.932    C   11 0.979    C    8 0.951    H   71 0.941    C   10 0.919
    10  C   3.842    C    3 1.411    N    6 1.238    C    9 0.919
    11  C   3.973    H   72 0.982    C    9 0.979    H   73 0.978    H   74 0.977
    12  C   3.959    C   13 0.980    C    8 0.961    H   75 0.960    H   76 0.958
    13  C   3.960    C   12 0.980    H   78 0.957    H   77 0.942    C   14 0.921    O   15 0.092
    14  C   3.889    O   15 1.865    O   16 1.055    C   13 0.921
    15  O   2.171    C   14 1.865    O   16 0.160    C   13 0.092
    16  O   2.268    C   14 1.055    C   47 0.930    O   15 0.160
    17  N   3.308    C   18 1.189    C   21 1.162    MG   1 0.483    C   20 0.068    C   19 0.062
    18  C   3.885    C    3 1.278    N   17 1.189    C   19 1.187
    19  C   3.837    C   20 1.351    C   18 1.187    C   22 0.992    N   17 0.062    O   24 0.059
    20  C   3.881    C   19 1.351    C   21 1.197    C   23 0.969    O   24 0.086    N   17 0.068
    21  C   3.866    C    4 1.232    C   20 1.197    N   17 1.162    N   26 0.054
    22  C   3.980    C   19 0.992    H   81 0.973    H   79 0.966    H   80 0.965
    23  C   3.894    O   24 1.838    C   25 0.988    C   20 0.969
    24  O   2.174    C   23 1.838    C   20 0.086    C   25 0.068    C   19 0.059
    25  C   3.986    C   23 0.988    H   84 0.967    H   82 0.963    H   83 0.948    O   24 0.068
    26  N   3.328    C   30 1.253    C   27 1.151    MG   1 0.420    C   21 0.054
    27  C   3.853    C    4 1.538    N   26 1.151    C   28 0.922
    28  C   3.941    C   31 0.968    C   29 0.961    H   85 0.944    C   27 0.922
    29  C   3.948    C   32 0.977    C   28 0.961    H   86 0.930    C   30 0.930
    30  C   3.878    C    5 1.427    N   26 1.253    C   29 0.930    C   36 0.055    MG   1 0.054
    31  C   3.964    H   89 0.981    H   87 0.980    H   88 0.973    C   28 0.968
    32  C   3.966    C   33 1.005    C   29 0.977    H   90 0.965    H   91 0.959
    33  C   3.986    C   32 1.005    H   94 0.985    H   93 0.985    H   92 0.974
    34  N   3.307    C   35 1.178    C   38 1.117    MG   1 0.557    C   37 0.063
    35  C   3.905    C    5 1.266    C   36 1.232    N   34 1.178
    36  C   3.831    C   37 1.232    C   35 1.232    C   39 1.032    C   30 0.055
    37  C   3.911    C   38 1.286    C   36 1.232    C   40 1.079    O   41 0.071    N   34 0.063
    38  C   3.886    C   37 1.286    C    2 1.154    N   34 1.117    MG   1 0.064
    39  C   3.980    C   36 1.032    H   97 0.973    H   95 0.957    H   96 0.952
    40  C   3.899    O   41 1.833    C   37 1.079    C   42 0.837
    41  O   2.182    C   40 1.833    C   42 0.090    C   37 0.071
    42  C   3.945    C   43 0.943    C    2 0.939    H   98 0.929    C   40 0.837    O   41 0.090    O   44 0.065
    43  C   3.900    O   44 1.806    O   45 1.082    C   42 0.943
    44  O   2.126    C   43 1.806    O   45 0.167    C   42 0.065
    45  O   2.289    C   43 1.082    C   46 0.960    O   44 0.167
    46  C   3.936    H  100 0.988    H  101 0.987    H   99 0.981    O   45 0.960
    47  C   3.936    C   48 1.005    H  103 0.966    H  102 0.958    O   16 0.930
    48  C   3.958    C   49 1.893    C   47 1.005    H  104 0.931
    49  C   3.933    C   48 1.893    C   51 0.995    C   50 0.954
    50  C   3.979    H  107 0.977    H  106 0.975    H  105 0.973    C   49 0.954
    51  C   3.971    C   49 0.995    C   52 0.960    H  109 0.960    H  108 0.953
    52  C   3.956    H  111 0.971    H  110 0.970    C   53 0.967    C   51 0.960
    53  C   3.947    C   52 0.967    C   54 0.967    H  112 0.966    H  113 0.962
    54  C   3.939    C   55 0.994    C   53 0.967    C   56 0.962    H  114 0.953
    55  C   3.982    C   54 0.994    H  117 0.981    H  115 0.976    H  116 0.976
    56  C   3.952    C   57 0.983    C   54 0.962    H  118 0.962    H  119 0.958
    57  C   3.966    C   56 0.983    C   58 0.982    H  121 0.967    H  120 0.961
    58  C   3.961    C   57 0.982    C   59 0.973    H  123 0.964    H  122 0.960
    59  C   3.941    C   60 0.985    C   58 0.973    C   61 0.971    H  124 0.949
    60  C   3.974    C   59 0.985    H  125 0.981    H  126 0.978    H  127 0.974
    61  C   3.963    C   62 0.983    C   59 0.971    H  128 0.962    H  129 0.961
    62  C   3.953    C   61 0.983    C   63 0.971    H  131 0.966    H  130 0.966
    63  C   3.959    C   64 0.974    C   62 0.971    H  133 0.966    H  132 0.963
    64  C   3.947    C   66 1.003    C   65 0.976    C   63 0.974    H  134 0.954
    65  C   3.974    H  137 0.982    H  135 0.976    C   64 0.976    H  136 0.975
    66  C   3.986    C   64 1.003    H  138 0.977    H  140 0.974    H  139 0.971
    67  H   0.995    C    3 0.934
    68  H   0.993    C    4 0.919
    69  H   0.993    C    5 0.934
    70  H   0.996    C    8 0.936
    71  H   0.995    C    9 0.941
    72  H   0.998    C   11 0.982
    73  H   0.997    C   11 0.978
    74  H   0.997    C   11 0.977
    75  H   0.997    C   12 0.960
    76  H   0.995    C   12 0.958
    77  H   0.997    C   13 0.942
    78  H   0.998    C   13 0.957
    79  H   0.993    C   22 0.966
    80  H   0.992    C   22 0.965
    81  H   0.995    C   22 0.973
    82  H   0.998    C   25 0.963
    83  H   0.995    C   25 0.948
    84  H   0.995    C   25 0.967
    85  H   0.994    C   28 0.944
    86  H   0.995    C   29 0.930
    87  H   0.998    C   31 0.980
    88  H   0.997    C   31 0.973
    89  H   0.998    C   31 0.981
    90  H   0.997    C   32 0.965
    91  H   0.997    C   32 0.959
    92  H   0.998    C   33 0.974
    93  H   0.999    C   33 0.985
    94  H   0.999    C   33 0.985
    95  H   0.990    C   39 0.957
    96  H   0.986    C   39 0.952
    97  H   0.996    C   39 0.973
    98  H   0.993    C   42 0.929
    99  H   0.997    C   46 0.981
   100  H   0.996    C   46 0.988
   101  H   0.997    C   46 0.987
   102  H   0.995    C   47 0.958
   103  H   0.995    C   47 0.966
   104  H   0.999    C   48 0.931
   105  H   0.999    C   50 0.973
   106  H   0.998    C   50 0.975
   107  H   0.998    C   50 0.977
   108  H   0.997    C   51 0.953
   109  H   0.998    C   51 0.960
   110  H   0.999    C   52 0.970
   111  H   0.998    C   52 0.971
   112  H   0.999    C   53 0.966
   113  H   0.999    C   53 0.962
   114  H   0.999    C   54 0.953
   115  H   0.998    C   55 0.976
   116  H   0.998    C   55 0.976
   117  H   0.999    C   55 0.981
   118  H   0.997    C   56 0.962
   119  H   0.999    C   56 0.958
   120  H   0.998    C   57 0.961
   121  H   0.997    C   57 0.967
   122  H   0.996    C   58 0.960
   123  H   0.999    C   58 0.964
   124  H   0.999    C   59 0.949
   125  H   0.999    C   60 0.981
   126  H   0.999    C   60 0.978
   127  H   0.997    C   60 0.974
   128  H   0.999    C   61 0.962
   129  H   0.998    C   61 0.961
   130  H   0.999    C   62 0.966
   131  H   0.999    C   62 0.966
   132  H   0.998    C   63 0.963
   133  H   0.999    C   63 0.966
   134  H   0.998    C   64 0.954
   135  H   0.999    C   65 0.976
   136  H   0.998    C   65 0.975
   137  H   0.999    C   65 0.982
   138  H   0.999    C   66 0.977
   139  H   0.998    C   66 0.971
   140  H   0.998    C   66 0.974
 
 --------------------------------------------
          xTB calculation for sTDA...
 --------------------------------------------
 
 reading parameter file ~/.param_stda2.xtb
 
      method parameters     
 k(s)        :  1.6000
 k(p)        :  2.1800
 k(d)        :  1.9500
 k(f)        :  2.0000
 k(R-V)      :  2.2750
 k(R-R)      :  1.7650
 Tscal       :  0.2580
 Gscal       :  1.0000
 fpol        :  1.0000
 Zcnf        :  0.3430
 Zqf         :  0.0000
 kcn         :  2.7000
 Ryd Hsplit  :  0.7000
 lshift(virt):  3.1000
 lshift(OS)  :  0.2000
 wllscaling  :  2.6000
 
 mowrcut     : 3.000
 
  Z AO/shell   Hii/eV     exponent
  1     Sun Feb 14 09:53:25 CET 2016    EN: 2.327 GAM: 0.473  GM3: 0.0000
     1s    -14.339618    1.220000
     2sp    -3.348946    0.600000
  6     Sun Feb 14 09:53:25 CET 2016    EN: 2.731 GAM: 0.422  GM3: 0.0000
     2s    -22.009312    1.565095
     2p    -13.020408    1.596905
     3sp    -3.914040    0.824500
  7     Sun Feb 14 09:53:25 CET 2016    EN: 3.573 GAM: 0.504  GM3: 0.0000
     2s    -25.722000    2.064844
     2p    -18.684912    1.801692
     3sp    -4.344791    0.921400
  8     Sun Feb 14 09:53:25 CET 2016    EN: 3.700 GAM: 0.587  GM3: 0.0000
     2s    -33.859000    2.418661
     2p    -22.175911    1.973969
     3sp    -4.259392    1.013700
 12     Sun Feb 21 16:58:31 CET 2016    EN: 0.033 GAM: 0.222  GM3: 0.0000
     3s    -11.092543    1.647583
     3p     -6.929529    0.855020
 
 Nbf   :          894
 T(el) :     0.0
 calculating S/T integrals ...
 cpu time for ints    1.26400800000000     
 Nao   :          894
 making H0...
 making H1...
 cpu time for H      2.585300000000013E-002
 solving ...
 cpu time for diag   0.249777000000000     
 
 gap (eV)           :   4.702
 Koopmans IP (eV)   :  13.429
 Eel (Eh)           :  -301.812418

          eigenvalues
 #    :         164        165        166        167        168        169        170        171
 occ. :        2.000      2.000      2.000      2.000      2.000      2.000      2.000      2.000
 eps  :       -17.419    -17.189    -17.112    -16.203    -16.101    -16.044    -16.009    -15.770
 #    :         172        173        174        175        176        177        178        179
 occ. :        2.000      2.000      2.000      2.000      2.000      0.000      0.000      0.000
 eps  :       -15.661    -15.232    -14.638    -13.947    -13.430     -8.728     -6.883     -6.676
 #    :         180        181        182        183        184        185        186        187
 occ. :        0.000      0.000      0.000      0.000      0.000      0.000      0.000      0.000
 eps  :        -6.072     -5.988     -5.888     -5.621     -5.409     -5.374     -5.211     -5.097
                            1  SCC done.
 writing mo output ...
 molden style : F
 
speedup  1.22
cpu  time for all    2.11 s
wall time for all    1.73 s
