cpu-bind=MASK - bp1-compute190, task 4294967295 4294967295 [0]: mask 0xffffff00ffffff set
Host:    bp1-compute190.data.bp.acrc.priv
Time:    Thu Apr 28 23:46:14 BST 2022
Dir:     /user/home/of15641/chlorophyll_parameterization/tddft_data/step_1801_chromophore_17
Job ID:  1658544
Nodelist:
cat: bp1-compute190: No such file or directory
  
Result dir: /user/home/of15641/chlorophyll_parameterization/tddft_data/step_1801_chromophore_17
running gaussian jobs
Running time g16 < CAMB3LYP_step_1801_chromophore_17.com > CAMB3LYP_step_1801_chromophore_17.log

real	33m56.010s
user	801m26.408s
sys	0m24.186s
Running time g16 < PBE0_step_1801_chromophore_17.com > PBE0_step_1801_chromophore_17.log

real	23m11.799s
user	553m18.412s
sys	0m20.565s
Running time g16 < wB97XD_step_1801_chromophore_17.com > wB97XD_step_1801_chromophore_17.log

real	37m22.073s
user	883m11.705s
sys	0m25.814s
Running time g16 < BLYP_step_1801_chromophore_17.com > BLYP_step_1801_chromophore_17.log

real	18m16.760s
user	435m31.723s
sys	0m21.745s
Running time g16 < ZINDO_step_1801_chromophore_17.com > ZINDO_step_1801_chromophore_17.log

real	0m6.092s
user	2m12.658s
sys	0m2.094s
