 
        ______________________________________
       |                                      |
       |          ===================         |
       |             xTB for sTDA             |
       |          ===================         |
       |               S. Grimme              |
       |        Universitaet Bonn, MCTC       |
       |         2015-19, Version 1.0         |
       |     Wed Apr  3 09:14:55 CEST 2019    |
       |______________________________________|
 
        This code comes without any warranty
        for non-commercial, academia use only.
        Preliminary test version.
        Cite this work as:
        S. Grimme  &  C. Bannwarth, JCP 145 (2016) 054103
        if GBSA is used additionally:
        P. Shushkov, F. März, C. Bannwarth, S. Grimme, unpublished.
 
        with help from
        P. Shushkov, G. Brandenburg, S. Dohm, J. Pisarek,
        F. März, M. Checinski, S. Ehrlich, S. Spicher, 
        P. Pracht, E. Caldeweyher, S. Ehlert, and C. Bannwarth.
 
        usage        :
        xtb4stda <coord_file> [options]
        where <coord_file> is a valid file of TM)
        (*coord, Bohr) or xmol (*xyz, Angstroem)
        format.

        options:
        -chrg <int>   : molecular charge
        -uhf  <int>   : # of unpaired electrons(=2*S)
        -nox          : skip second, extended part in sTDA-xTB
        -pop          : do population analysis
                      : (default for -nox)
        -mowr <real>  : cut MO write above (def.3 Eh)
        -molden       : write formatted molden file
        -parx <file>  : read parameters for sTDA-xTB
                        calc (def:~/.param_stda2.xtb)
        -parv <file>  : read parameters for vTB part in
                        sTDA-xTB (def: ~/.param_stda1.xtb)
        -xtemp <real> : el. temp for xTB (def. 0 K)
        -etemp <real> : el. temp for GFN (def. 300 K)
        -fod          : calculate the FOD and write
                        molden.input file with
                        appropriate occupations
                        for plotting. Def. T=12500 K
 
        -acc <real>   : xTB accuracy (def. 1.0)
        -gbsa [string1] [string2]
                        use GBSA implicit solvent
                        for solvent [string1] and
                        solvation state [string2]=
                        reference, bar1M (default=1M)
        additional GFN/opt/MD/siman options read from
        $XTB4STDAHOME/.xtb4stdarc or $set in input
 
       spin and charge state information can be on:
       <.CHRG> (charge) and <.UHF> (=nalpha-nbeta)
       -uhf and -chrg override the file info.
       useful machine settings:
       setenv MKL_NUM_THREADS <NCORE_ON_YOUR_MACHINE>
       setenv OMP_STACKSIZE 500m
       limit stacksize unlimited
 
       total energies in Eh, gaps/HL energies in eV
       please read REVISION and HOWTO files carefully
 =============================
  # OMP threads =           4
 =============================
 
 xtb4stdahome directory:~/
 
 
 name of molecule           :
 comment line               :
 number of atoms            :   140
 number of electrons        :   352
 charge                     :  0
 spin                       : 0.0
 first test random number   :  0.1037
 
 -----------------------------------------
      charge density (VTB) calculation
 -----------------------------------------
 
      method parameters     
 k(s)        :  1.8000
 k(p)        :  2.8350
 k(d)        :  2.0860
 k(f)        :  2.0000
 Tscal       :  0.3300
 Gscal       :  0.3910
 fpol        :  1.0000
 Zcnf        :  0.6500
 Zqf         :  0.0000
 kcn         :  0.3000
 kEN1        : -0.5900
 wllscal     :  2.6000
 
     -------------------------
     ! NO SOLVENT MODEL USED !
     -------------------------
 
 doing EN charges ...
 sum q : -0.3330669D-15
 point charge moment (au)
     X       Y       Z   
   0.0205  -0.1343   0.3927  total (Debye):    1.056
 
            Z      q(EN)   CN      Cart. coordinates
     1  MG  2.0   0.832   4.536    45.23815   -13.37548    85.03200
     2  C   4.0   0.018   3.293    49.73570    -8.68140    82.76055
     3  C   4.0  -0.060   3.129    40.78218   -10.15917    81.56813
     4  C   4.0  -0.062   3.124    41.57964   -18.65537    85.82379
     5  C   4.0  -0.057   3.134    50.49159   -16.73541    87.50376
     6  N   5.0  -0.328   3.053    45.27216    -9.56768    82.84370
     7  C   4.0   0.103   3.333    47.25827    -8.13527    82.01600
     8  C   4.0  -0.096   4.184    46.34364    -6.12271    80.16406
     9  C   4.0  -0.092   4.112    43.42968    -6.22854    80.16784
    10  C   4.0   0.091   3.347    43.11788    -8.89116    81.59270
    11  C   4.0  -0.237   4.034    42.09554    -4.15173    81.70986
    12  C   4.0  -0.163   4.091    47.36787    -6.62349    77.44097
    13  C   4.0  -0.172   4.078    48.25037    -4.38416    76.03123
    14  C   4.0   0.184   3.096    47.28283    -3.91173    73.43097
    15  O   6.0  -0.105   1.045    45.48003    -2.60404    72.89996
    16  O   6.0  -0.113   2.044    48.71902    -5.22887    71.72644
    17  N   5.0  -0.452   3.199    41.66468   -14.21641    84.02855
    18  C   4.0   0.073   3.388    40.19636   -12.61392    82.59614
    19  C   4.0   0.011   3.257    37.70948   -13.82146    82.40150
    20  C   4.0   0.004   3.224    37.75483   -16.23653    83.62604
    21  C   4.0   0.061   3.367    40.35321   -16.48786    84.58980
    22  C   4.0  -0.247   4.027    35.42102   -12.41550    81.44341
    23  C   4.0   0.143   3.060    35.70637   -18.16405    84.00588
    24  O   6.0  -0.134   1.114    33.66547   -17.94106    83.15172
    25  C   4.0  -0.254   4.088    35.91046   -20.41849    85.52900
    26  N   5.0  -0.352   3.091    45.93357   -17.33446    86.46630
    27  C   4.0   0.110   3.280    44.11187   -19.08056    86.67228
    28  C   4.0  -0.093   4.118    45.25705   -21.54288    87.87037
    29  C   4.0  -0.094   4.120    47.79306   -20.66982    89.12514
    30  C   4.0   0.084   3.309    48.16722   -18.11680    87.62848
    31  C   4.0  -0.235   3.997    43.43913   -22.87702    89.98875
    32  C   4.0  -0.163   4.037    49.94735   -22.62002    89.01743
    33  C   4.0  -0.238   4.015    51.92778   -22.31766    91.06211
    34  N   5.0  -0.411   3.207    49.19335   -12.86714    85.37971
    35  C   4.0   0.083   3.406    50.97347   -14.37704    86.48520
    36  C   4.0   0.013   3.299    53.40743   -13.07123    86.31701
    37  C   4.0   0.006   3.378    52.98981   -10.86403    84.73531
    38  C   4.0   0.074   3.639    50.42167   -10.87726    84.30445
    39  C   4.0  -0.246   4.024    55.94156   -13.84035    87.23920
    40  C   4.0   0.102   3.190    54.25592    -8.75699    83.47486
    41  O   6.0  -0.092   1.039    56.53115    -8.23165    83.51266
    42  C   4.0  -0.114   4.185    52.10352    -7.35292    81.95363
    43  C   4.0   0.184   3.141    52.17533    -4.61093    82.73409
    44  O   6.0  -0.092   1.045    51.92967    -2.88939    81.17129
    45  O   6.0  -0.132   2.042    52.72146    -4.30669    85.17562
    46  C   4.0  -0.196   4.025    52.57973    -1.83492    86.37370
    47  C   4.0  -0.143   4.047    47.72692    -5.21375    69.05437
    48  C   4.0  -0.052   3.110    47.32252    -7.81780    68.28903
    49  C   4.0   0.017   3.088    47.64566    -9.36926    66.25946
    50  C   4.0  -0.250   4.048    48.66233    -8.29590    63.80471
    51  C   4.0  -0.175   4.072    46.80284   -12.11503    66.24245
    52  C   4.0  -0.165   4.070    44.34809   -12.50621    64.88374
    53  C   4.0  -0.164   4.087    44.33297   -14.19940    62.49702
    54  C   4.0  -0.090   4.086    43.22748   -12.71219    60.27092
    55  C   4.0  -0.239   4.058    40.35888   -12.57424    60.28226
    56  C   4.0  -0.165   4.096    44.14022   -13.81012    57.84262
    57  C   4.0  -0.163   4.044    44.88855   -11.58780    55.97557
    58  C   4.0  -0.163   4.056    47.68912   -10.69018    56.22313
    59  C   4.0  -0.090   4.059    48.20880    -8.02945    55.00236
    60  C   4.0  -0.239   4.044    48.88532    -6.06413    57.05461
    61  C   4.0  -0.165   4.072    50.21191    -8.10126    52.93689
    62  C   4.0  -0.163   4.036    49.06862    -8.68140    50.33852
    63  C   4.0  -0.164   4.056    47.77038    -6.31924    48.90611
    64  C   4.0  -0.088   4.024    44.96225    -6.40428    48.69824
    65  C   4.0  -0.239   4.036    44.11187    -6.90506    45.92034
    66  C   4.0  -0.238   4.026    43.46937    -4.21976    49.99081
    67  H   1.0   0.070   1.005    39.23827    -9.21619    80.57602
    68  H   1.0   0.071   1.006    40.27006   -20.16338    86.34347
    69  H   1.0   0.070   1.006    52.01093   -17.72374    88.49209
    70  H   1.0   0.085   1.009    47.10709    -4.35771    80.90673
    71  H   1.0   0.084   1.006    42.54907    -6.31735    78.30835
    72  H   1.0   0.080   0.998    40.34565    -3.59048    80.78200
    73  H   1.0   0.080   0.999    43.27850    -2.46609    81.74954
    74  H   1.0   0.081   0.999    41.66846    -4.83770    83.60526
    75  H   1.0   0.083   1.007    45.87121    -7.47576    76.30902
    76  H   1.0   0.083   1.005    48.80595    -8.09748    77.53168
    77  H   1.0   0.083   1.010    50.27616    -4.70353    75.82714
    78  H   1.0   0.083   1.007    47.88755    -2.66262    77.10082
    79  H   1.0   0.080   0.997    33.90546   -13.47186    80.53256
    80  H   1.0   0.080   1.000    35.99928   -10.95474    80.11115
    81  H   1.0   0.080   0.999    34.42514   -11.60292    83.05346
    82  H   1.0   0.082   1.006    36.49439   -19.66071    87.35258
    83  H   1.0   0.081   0.999    37.16902   -21.84901    84.74665
    84  H   1.0   0.081   1.001    34.03774   -21.21973    85.83513
    85  H   1.0   0.084   1.007    45.63499   -22.65592    86.17906
    86  H   1.0   0.084   1.008    47.50582   -20.11046    91.08668
    87  H   1.0   0.079   0.996    44.16290   -22.92993    91.91816
    88  H   1.0   0.080   0.998    43.23126   -24.84801    89.43317
    89  H   1.0   0.080   0.997    41.53051   -22.10223    89.96229
    90  H   1.0   0.082   1.003    50.65977   -22.58978    87.08613
    91  H   1.0   0.082   1.004    49.18957   -24.52297    89.24609
    92  H   1.0   0.080   1.000    53.73625   -22.34601    90.07946
    93  H   1.0   0.080   0.998    51.98825   -23.96361    92.29988
    94  H   1.0   0.080   0.998    51.83140   -20.54699    92.10902
    95  H   1.0   0.080   0.998    57.51948   -13.44162    85.97686
    96  H   1.0   0.080   1.000    55.94345   -15.85858    87.64738
    97  H   1.0   0.080   1.001    56.14754   -12.96163    89.09302
    98  H   1.0   0.085   1.007    52.40021    -7.55512    79.92596
    99  H   1.0   0.080   0.996    50.86008    -0.82014    85.86537
   100  H   1.0   0.080   0.996    54.37497    -0.87305    86.06757
   101  H   1.0   0.080   0.996    52.91611    -2.14862    88.38059
   102  H   1.0   0.081   0.999    48.85320    -3.99866    67.83171
   103  H   1.0   0.083   1.009    45.78806    -4.51645    69.05248
   104  H   1.0   0.071   1.010    46.57608    -8.84581    69.91041
   105  H   1.0   0.081   0.999    50.45190    -9.21430    63.36629
   106  H   1.0   0.081   1.000    48.97981    -6.27578    64.04092
   107  H   1.0   0.081   1.003    47.02772    -8.42818    62.55560
   108  H   1.0   0.082   1.003    46.70647   -12.83124    68.17186
   109  H   1.0   0.083   1.010    48.46958   -12.88037    65.30515
   110  H   1.0   0.083   1.005    43.39567   -10.73553    64.43777
   111  H   1.0   0.082   1.006    43.12922   -13.33391    66.32182
   112  H   1.0   0.082   1.003    43.21614   -15.92472    62.63686
   113  H   1.0   0.083   1.005    46.31907   -14.60569    62.13041
   114  H   1.0   0.085   1.014    44.18557   -10.89616    60.45611
   115  H   1.0   0.080   0.998    39.45181   -14.06145    61.38397
   116  H   1.0   0.081   0.998    39.48015   -12.42306    58.42655
   117  H   1.0   0.081   1.002    39.98849   -10.81112    61.28003
   118  H   1.0   0.082   1.004    42.71914   -14.82679    56.75036
   119  H   1.0   0.082   1.002    45.69924   -15.14993    57.97679
   120  H   1.0   0.082   1.003    43.42212   -10.16673    56.25525
   121  H   1.0   0.082   1.004    44.77895   -12.27566    54.03671
   122  H   1.0   0.082   1.002    48.90611   -12.16228    55.45023
   123  H   1.0   0.083   1.004    48.13321   -10.56735    58.23002
   124  H   1.0   0.085   1.010    46.44757    -7.35481    54.17844
   125  H   1.0   0.081   1.000    47.28850    -6.09626    58.35474
   126  H   1.0   0.081   1.001    49.23114    -4.33503    55.99258
   127  H   1.0   0.080   0.998    50.67867    -6.45908    57.98813
   128  H   1.0   0.082   1.001    51.93912    -9.19352    53.19579
   129  H   1.0   0.084   1.010    50.76749    -6.11893    52.93311
   130  H   1.0   0.083   1.005    47.65133   -10.12704    50.71269
   131  H   1.0   0.081   1.003    50.64088    -9.44107    49.24437
   132  H   1.0   0.082   1.003    48.75871    -6.28145    47.09953
   133  H   1.0   0.083   1.005    48.36565    -4.68652    50.00971
   134  H   1.0   0.083   1.012    44.34620    -8.07669    49.73192
   135  H   1.0   0.081   1.000    42.67946    -5.47643    45.54051
   136  H   1.0   0.080   0.998    43.14244    -8.71920    45.81641
   137  H   1.0   0.080   0.997    45.53106    -6.60459    44.45769
   138  H   1.0   0.080   0.999    41.53429    -4.90762    50.15144
   139  H   1.0   0.080   0.999    43.38622    -2.65318    48.65666
   140  H   1.0   0.080   0.997    44.10053    -3.63583    51.86353
 
  Z AO/shell   Hii/eV     exponent
  1     Sat Feb 20 21:38:01 CET 2016    EN: 2.327 GAM: 0.473  GM3: 0.0000
     1s    -13.751157    1.051071
  6     Sat Feb 20 21:38:01 CET 2016    EN: 2.731 GAM: 0.422  GM3: 0.0000
     2s    -19.378245    2.021003
     2p    -11.993376    1.497917
  7     Sat Feb 20 21:38:01 CET 2016    EN: 3.573 GAM: 0.504  GM3: 0.0000
     2s    -21.576984    2.275442
     2p    -16.125120    2.056788
  8     Sat Feb 20 21:38:01 CET 2016    EN: 3.700 GAM: 0.587  GM3: 0.0000
     2s    -21.648843    2.110798
     2p    -17.239740    2.329048
 12     Sat Feb 20 23:25:47 CET 2016    EN: 0.033 GAM: 0.222  GM3: 0.0000
     3s    -12.693633    1.302878
     3p     -8.128821    0.504252
 
 dipole moment of classical point charges (au)
     X       Y       Z   
   0.0205  -0.1343   0.3927  total (Debye):    1.056

 
 Nbf   :          338
 T(el) :   300.0
 calculating S/T integrals ...
 cpu time for ints   0.167889000000000     
 Nao   :          338
 making H0...
 making H1...
 cpu time for H      6.073000000000023E-003
 solving ...
 cpu time for diag   6.227700000000000E-002
 
 gap (eV)           :   1.285
 Koopmans IP (eV)   :  12.189
 Eel (Eh)           :  -268.671992
 T,E(Fermi),NFOD :    300.000   -11.547  0.000000
 T,E(Fermi),NFOD :    300.000   -11.547  0.000000
 Nfod               :  0.0000
 Nfod/Nel           :  0.0000

          eigenvalues
 #    :         164        165        166        167        168        169        170        171
 occ. :        2.000      2.000      2.000      2.000      2.000      2.000      2.000      2.000
 eps  :       -16.323    -16.175    -16.039    -15.907    -15.640    -15.516    -15.336    -14.838
 #    :         172        173        174        175        176        177        178        179
 occ. :        2.000      2.000      2.000      2.000      2.000      0.000      0.000      0.000
 eps  :       -14.756    -14.655    -14.623    -13.207    -12.190    -10.906    -10.000     -8.655
 #    :         180        181        182        183        184        185        186        187
 occ. :        0.000      0.000      0.000      0.000      0.000      0.000      0.000      0.000
 eps  :        -8.533     -8.127     -8.035     -7.574     -7.421     -7.290     -7.066     -6.820
                            1  SCC done.
 making H1...
 cpu time for H      8.061500000000002E-002
 solving ...
 cpu time for diag   3.774300000000003E-002
 
 gap (eV)           :   1.584
 Koopmans IP (eV)   :  12.077
 Eel (Eh)           :  -265.687008
 T,E(Fermi),NFOD :    300.000   -11.285  0.000000
 T,E(Fermi),NFOD :    300.000   -11.285  0.000000
 Nfod               :  0.0000
 Nfod/Nel           :  0.0000

          eigenvalues
 #    :         164        165        166        167        168        169        170        171
 occ. :        2.000      2.000      2.000      2.000      2.000      2.000      2.000      2.000
 eps  :       -15.332    -15.204    -15.115    -14.720    -14.545    -14.397    -14.269    -14.173
 #    :         172        173        174        175        176        177        178        179
 occ. :        2.000      2.000      2.000      2.000      2.000      0.000      0.000      0.000
 eps  :       -14.130    -13.911    -13.780    -12.578    -12.078    -10.494     -9.408     -8.607
 #    :         180        181        182        183        184        185        186        187
 occ. :        0.000      0.000      0.000      0.000      0.000      0.000      0.000      0.000
 eps  :        -8.264     -7.986     -7.747     -7.421     -7.352     -7.064     -6.803     -6.747
                            2  SCC done.
 
 
 Mulliken/CM5 charges    n(s)   n(p)   n(d)   
    1 MG  0.3280  0.7440   0.655  1.017  0.000
    2 C  -0.0030 -0.0000   1.184  2.819  0.000
    3 C  -0.0322 -0.0758   1.129  2.903  0.000
    4 C  -0.0520 -0.0948   1.133  2.919  0.000
    5 C  -0.0271 -0.0683   1.125  2.902  0.000
    6 N  -0.1559 -0.3868   1.420  3.736  0.000
    7 C   0.0319  0.0937   1.232  2.736  0.000
    8 C  -0.0167 -0.0710   1.200  2.817  0.000
    9 C  -0.0176 -0.0763   1.205  2.813  0.000
   10 C   0.0188  0.0774   1.247  2.735  0.000
   11 C  -0.0877 -0.2354   1.102  2.985  0.000
   12 C  -0.0494 -0.1570   1.148  2.902  0.000
   13 C  -0.0508 -0.1512   1.127  2.924  0.000
   14 C   0.2301  0.2788   1.175  2.595  0.000
   15 O  -0.2815 -0.3329   1.625  4.656  0.000
   16 O  -0.1641 -0.2405   1.504  4.660  0.000
   17 N  -0.2123 -0.5026   1.369  3.843  0.000
   18 C   0.0252  0.0840   1.197  2.778  0.000
   19 C  -0.0185 -0.0217   1.221  2.798  0.000
   20 C  -0.0638 -0.0584   1.206  2.858  0.000
   21 C   0.0075  0.0612   1.226  2.766  0.000
   22 C  -0.0757 -0.2194   1.077  2.998  0.000
   23 C   0.1892  0.2152   1.168  2.642  0.000
   24 O  -0.2551 -0.3134   1.606  4.649  0.000
   25 C  -0.0954 -0.2376   1.094  3.001  0.000
   26 N  -0.1689 -0.4106   1.416  3.753  0.000
   27 C   0.0379  0.1006   1.236  2.726  0.000
   28 C  -0.0174 -0.0722   1.218  2.799  0.000
   29 C  -0.0202 -0.0770   1.206  2.814  0.000
   30 C   0.0130  0.0670   1.254  2.733  0.000
   31 C  -0.0946 -0.2417   1.110  2.984  0.000
   32 C  -0.0430 -0.1539   1.138  2.905  0.000
   33 C  -0.0847 -0.2369   1.091  2.994  0.000
   34 N  -0.2129 -0.4845   1.384  3.829  0.000
   35 C   0.0420  0.1048   1.180  2.778  0.000
   36 C  -0.0187 -0.0234   1.225  2.794  0.000
   37 C  -0.0708 -0.0635   1.187  2.884  0.000
   38 C   0.0236  0.0911   1.196  2.780  0.000
   39 C  -0.0669 -0.2103   1.077  2.990  0.000
   40 C   0.1303  0.1627   1.211  2.659  0.000
   41 O  -0.2335 -0.2743   1.636  4.598  0.000
   42 C  -0.0216 -0.0646   1.191  2.830  0.000
   43 C   0.2271  0.2827   1.174  2.599  0.000
   44 O  -0.2950 -0.3429   1.634  4.661  0.000
   45 O  -0.1206 -0.2034   1.459  4.661  0.000
   46 C   0.0204 -0.1024   1.089  2.891  0.000
   47 C   0.0580 -0.0245   1.130  2.812  0.000
   48 C  -0.0803 -0.1381   1.154  2.926  0.000
   49 C  -0.0414 -0.0689   1.226  2.815  0.000
   50 C  -0.1010 -0.2476   1.084  3.017  0.000
   51 C  -0.0405 -0.1480   1.133  2.908  0.000
   52 C  -0.0616 -0.1733   1.145  2.917  0.000
   53 C  -0.0663 -0.1773   1.157  2.909  0.000
   54 C  -0.0149 -0.0906   1.185  2.830  0.000
   55 C  -0.0962 -0.2463   1.099  2.998  0.000
   56 C  -0.0718 -0.1832   1.154  2.918  0.000
   57 C  -0.0799 -0.1930   1.164  2.915  0.000
   58 C  -0.0852 -0.1951   1.162  2.923  0.000
   59 C  -0.0289 -0.1044   1.206  2.823  0.000
   60 C  -0.0979 -0.2497   1.106  2.992  0.000
   61 C  -0.0712 -0.1833   1.151  2.920  0.000
   62 C  -0.0752 -0.1880   1.166  2.910  0.000
   63 C  -0.0686 -0.1782   1.156  2.913  0.000
   64 C  -0.0159 -0.0914   1.189  2.827  0.000
   65 C  -0.1047 -0.2552   1.107  2.998  0.000
   66 C  -0.0957 -0.2465   1.106  2.989  0.000
   67 H   0.0646  0.1231   0.935  0.000  0.000
   68 H   0.0593  0.1195   0.941  0.000  0.000
   69 H   0.0547  0.1141   0.945  0.000  0.000
   70 H   0.0533  0.1186   0.947  0.000  0.000
   71 H   0.0547  0.1147   0.945  0.000  0.000
   72 H   0.0359  0.0876   0.964  0.000  0.000
   73 H   0.0365  0.0891   0.964  0.000  0.000
   74 H   0.0392  0.0934   0.961  0.000  0.000
   75 H   0.0301  0.0906   0.970  0.000  0.000
   76 H   0.0449  0.1037   0.955  0.000  0.000
   77 H   0.0405  0.1047   0.960  0.000  0.000
   78 H   0.0436  0.1057   0.956  0.000  0.000
   79 H   0.0478  0.1012   0.952  0.000  0.000
   80 H   0.0467  0.1002   0.953  0.000  0.000
   81 H   0.0488  0.1017   0.951  0.000  0.000
   82 H   0.0457  0.1023   0.954  0.000  0.000
   83 H   0.0498  0.1037   0.950  0.000  0.000
   84 H   0.0467  0.1056   0.953  0.000  0.000
   85 H   0.0588  0.1200   0.941  0.000  0.000
   86 H   0.0487  0.1108   0.951  0.000  0.000
   87 H   0.0443  0.0955   0.956  0.000  0.000
   88 H   0.0311  0.0825   0.969  0.000  0.000
   89 H   0.0408  0.0929   0.959  0.000  0.000
   90 H   0.0367  0.0932   0.963  0.000  0.000
   91 H   0.0351  0.0914   0.965  0.000  0.000
   92 H   0.0310  0.0832   0.969  0.000  0.000
   93 H   0.0382  0.0895   0.962  0.000  0.000
   94 H   0.0391  0.0914   0.961  0.000  0.000
   95 H   0.0565  0.1093   0.943  0.000  0.000
   96 H   0.0369  0.0900   0.963  0.000  0.000
   97 H   0.0513  0.1042   0.949  0.000  0.000
   98 H   0.0709  0.1357   0.929  0.000  0.000
   99 H   0.0650  0.1250   0.935  0.000  0.000
  100 H   0.0501  0.1101   0.950  0.000  0.000
  101 H   0.0504  0.1099   0.950  0.000  0.000
  102 H   0.0548  0.1159   0.945  0.000  0.000
  103 H   0.0722  0.1430   0.928  0.000  0.000
  104 H   0.0205  0.0835   0.980  0.000  0.000
  105 H   0.0484  0.1009   0.952  0.000  0.000
  106 H   0.0349  0.0887   0.965  0.000  0.000
  107 H   0.0489  0.1036   0.951  0.000  0.000
  108 H   0.0481  0.1041   0.952  0.000  0.000
  109 H   0.0450  0.1037   0.955  0.000  0.000
  110 H   0.0376  0.0963   0.962  0.000  0.000
  111 H   0.0281  0.0844   0.972  0.000  0.000
  112 H   0.0321  0.0883   0.968  0.000  0.000
  113 H   0.0356  0.0935   0.964  0.000  0.000
  114 H   0.0426  0.1062   0.957  0.000  0.000
  115 H   0.0340  0.0863   0.966  0.000  0.000
  116 H   0.0407  0.0931   0.959  0.000  0.000
  117 H   0.0290  0.0822   0.971  0.000  0.000
  118 H   0.0320  0.0885   0.968  0.000  0.000
  119 H   0.0309  0.0871   0.969  0.000  0.000
  120 H   0.0308  0.0873   0.969  0.000  0.000
  121 H   0.0253  0.0810   0.975  0.000  0.000
  122 H   0.0318  0.0877   0.968  0.000  0.000
  123 H   0.0230  0.0809   0.977  0.000  0.000
  124 H   0.0362  0.0985   0.964  0.000  0.000
  125 H   0.0429  0.0961   0.957  0.000  0.000
  126 H   0.0398  0.0930   0.960  0.000  0.000
  127 H   0.0269  0.0790   0.973  0.000  0.000
  128 H   0.0407  0.0955   0.959  0.000  0.000
  129 H   0.0301  0.0896   0.970  0.000  0.000
  130 H   0.0295  0.0875   0.970  0.000  0.000
  131 H   0.0365  0.0913   0.964  0.000  0.000
  132 H   0.0377  0.0939   0.962  0.000  0.000
  133 H   0.0309  0.0887   0.969  0.000  0.000
  134 H   0.0306  0.0919   0.969  0.000  0.000
  135 H   0.0256  0.0789   0.974  0.000  0.000
  136 H   0.0388  0.0904   0.961  0.000  0.000
  137 H   0.0390  0.0906   0.961  0.000  0.000
  138 H   0.0335  0.0858   0.966  0.000  0.000
  139 H   0.0263  0.0789   0.974  0.000  0.000
  140 H   0.0427  0.0940   0.957  0.000  0.000
 Hirshfeld charges for QMDFF written to <charges>
 
 Loewdin charges    n(s)   n(p)   n(d)
    1 MG  0.1719   0.666  1.162  0.000
    2 C  -0.0010   1.144  2.857  0.000
    3 C  -0.0288   1.076  2.952  0.000
    4 C  -0.0516   1.083  2.968  0.000
    5 C  -0.0239   1.072  2.952  0.000
    6 N  -0.1244   1.378  3.746  0.000
    7 C   0.0318   1.196  2.772  0.000
    8 C  -0.0102   1.153  2.858  0.000
    9 C  -0.0088   1.157  2.852  0.000
   10 C   0.0225   1.211  2.766  0.000
   11 C  -0.0897   1.030  3.059  0.000
   12 C  -0.0449   1.088  2.957  0.000
   13 C  -0.0524   1.067  2.986  0.000
   14 C   0.2085   1.148  2.644  0.000
   15 O  -0.2664   1.594  4.672  0.000
   16 O  -0.1336   1.472  4.661  0.000
   17 N  -0.1770   1.326  3.851  0.000
   18 C   0.0287   1.158  2.813  0.000
   19 C  -0.0101   1.180  2.830  0.000
   20 C  -0.0709   1.170  2.901  0.000
   21 C   0.0143   1.188  2.797  0.000
   22 C  -0.0777   1.003  3.074  0.000
   23 C   0.1834   1.130  2.687  0.000
   24 O  -0.2364   1.570  4.667  0.000
   25 C  -0.1015   1.022  3.080  0.000
   26 N  -0.1349   1.373  3.762  0.000
   27 C   0.0422   1.200  2.758  0.000
   28 C  -0.0077   1.172  2.836  0.000
   29 C  -0.0122   1.159  2.853  0.000
   30 C   0.0158   1.219  2.765  0.000
   31 C  -0.0966   1.040  3.057  0.000
   32 C  -0.0369   1.077  2.960  0.000
   33 C  -0.0863   1.018  3.068  0.000
   34 N  -0.1809   1.341  3.840  0.000
   35 C   0.0426   1.141  2.816  0.000
   36 C  -0.0107   1.185  2.825  0.000
   37 C  -0.0794   1.149  2.930  0.000
   38 C   0.0282   1.157  2.815  0.000
   39 C  -0.0676   1.001  3.066  0.000
   40 C   0.1258   1.178  2.696  0.000
   41 O  -0.2192   1.607  4.612  0.000
   42 C  -0.0213   1.143  2.878  0.000
   43 C   0.2026   1.148  2.649  0.000
   44 O  -0.2831   1.606  4.677  0.000
   45 O  -0.0820   1.422  4.660  0.000
   46 C   0.0117   1.019  2.969  0.000
   47 C   0.0603   1.070  2.869  0.000
   48 C  -0.0796   1.105  2.974  0.000
   49 C  -0.0313   1.185  2.846  0.000
   50 C  -0.1048   1.011  3.094  0.000
   51 C  -0.0359   1.072  2.964  0.000
   52 C  -0.0584   1.086  2.973  0.000
   53 C  -0.0636   1.100  2.964  0.000
   54 C  -0.0052   1.136  2.869  0.000
   55 C  -0.1001   1.027  3.073  0.000
   56 C  -0.0689   1.096  2.973  0.000
   57 C  -0.0760   1.108  2.968  0.000
   58 C  -0.0837   1.106  2.978  0.000
   59 C  -0.0188   1.158  2.860  0.000
   60 C  -0.1009   1.035  3.066  0.000
   61 C  -0.0690   1.093  2.976  0.000
   62 C  -0.0717   1.109  2.963  0.000
   63 C  -0.0664   1.098  2.968  0.000
   64 C  -0.0050   1.140  2.865  0.000
   65 C  -0.1089   1.036  3.073  0.000
   66 C  -0.0987   1.036  3.063  0.000
   67 H   0.0594   0.941  0.000  0.000
   68 H   0.0555   0.945  0.000  0.000
   69 H   0.0495   0.951  0.000  0.000
   70 H   0.0467   0.953  0.000  0.000
   71 H   0.0483   0.952  0.000  0.000
   72 H   0.0357   0.964  0.000  0.000
   73 H   0.0364   0.964  0.000  0.000
   74 H   0.0391   0.961  0.000  0.000
   75 H   0.0282   0.972  0.000  0.000
   76 H   0.0421   0.958  0.000  0.000
   77 H   0.0367   0.963  0.000  0.000
   78 H   0.0399   0.960  0.000  0.000
   79 H   0.0462   0.954  0.000  0.000
   80 H   0.0469   0.953  0.000  0.000
   81 H   0.0476   0.952  0.000  0.000
   82 H   0.0461   0.954  0.000  0.000
   83 H   0.0498   0.950  0.000  0.000
   84 H   0.0447   0.955  0.000  0.000
   85 H   0.0514   0.949  0.000  0.000
   86 H   0.0424   0.958  0.000  0.000
   87 H   0.0437   0.956  0.000  0.000
   88 H   0.0313   0.969  0.000  0.000
   89 H   0.0407   0.959  0.000  0.000
   90 H   0.0334   0.967  0.000  0.000
   91 H   0.0325   0.968  0.000  0.000
   92 H   0.0313   0.969  0.000  0.000
   93 H   0.0376   0.962  0.000  0.000
   94 H   0.0392   0.961  0.000  0.000
   95 H   0.0536   0.946  0.000  0.000
   96 H   0.0371   0.963  0.000  0.000
   97 H   0.0498   0.950  0.000  0.000
   98 H   0.0618   0.938  0.000  0.000
   99 H   0.0596   0.940  0.000  0.000
  100 H   0.0467   0.953  0.000  0.000
  101 H   0.0476   0.952  0.000  0.000
  102 H   0.0478   0.952  0.000  0.000
  103 H   0.0638   0.936  0.000  0.000
  104 H   0.0153   0.985  0.000  0.000
  105 H   0.0472   0.953  0.000  0.000
  106 H   0.0352   0.965  0.000  0.000
  107 H   0.0489   0.951  0.000  0.000
  108 H   0.0441   0.956  0.000  0.000
  109 H   0.0422   0.958  0.000  0.000
  110 H   0.0362   0.964  0.000  0.000
  111 H   0.0260   0.974  0.000  0.000
  112 H   0.0293   0.971  0.000  0.000
  113 H   0.0337   0.966  0.000  0.000
  114 H   0.0386   0.961  0.000  0.000
  115 H   0.0342   0.966  0.000  0.000
  116 H   0.0406   0.959  0.000  0.000
  117 H   0.0295   0.970  0.000  0.000
  118 H   0.0302   0.970  0.000  0.000
  119 H   0.0291   0.971  0.000  0.000
  120 H   0.0290   0.971  0.000  0.000
  121 H   0.0235   0.977  0.000  0.000
  122 H   0.0295   0.970  0.000  0.000
  123 H   0.0221   0.978  0.000  0.000
  124 H   0.0315   0.968  0.000  0.000
  125 H   0.0423   0.958  0.000  0.000
  126 H   0.0403   0.960  0.000  0.000
  127 H   0.0272   0.973  0.000  0.000
  128 H   0.0380   0.962  0.000  0.000
  129 H   0.0297   0.970  0.000  0.000
  130 H   0.0282   0.972  0.000  0.000
  131 H   0.0341   0.966  0.000  0.000
  132 H   0.0353   0.965  0.000  0.000
  133 H   0.0294   0.971  0.000  0.000
  134 H   0.0268   0.973  0.000  0.000
  135 H   0.0273   0.973  0.000  0.000
  136 H   0.0383   0.962  0.000  0.000
  137 H   0.0391   0.961  0.000  0.000
  138 H   0.0336   0.966  0.000  0.000
  139 H   0.0269   0.973  0.000  0.000
  140 H   0.0423   0.958  0.000  0.000
 
 Wiberg/Mayer (AO) data. WBOs > 0.1 written file <wbo>
 largest (>0.05) Wiberg bond orders for each atom
           total WBO             WBO to atom ...
     1  MG  2.504    N   17 0.606    N   34 0.508    N   26 0.345    N    6 0.333    C   21 0.062    C   18 0.059    C   38 0.055
     2  C   3.869    C    7 1.446    C   38 1.146    C   42 0.957
     3  C   3.893    C   10 1.447    C   18 1.238    H   67 0.933
     4  C   3.886    C   27 1.397    C   21 1.260    H   68 0.931
     5  C   3.901    C   30 1.419    C   35 1.304    H   69 0.934
     6  N   3.238    C   10 1.262    C    7 1.234    MG   1 0.333
     7  C   3.866    C    2 1.446    N    6 1.234    C    8 0.931
     8  C   3.934    C    9 0.966    C   12 0.939    H   70 0.933    C    7 0.931
     9  C   3.933    C   11 0.978    C    8 0.966    H   71 0.945    C   10 0.891
    10  C   3.846    C    3 1.447    N    6 1.262    C    9 0.891
    11  C   3.972    H   72 0.980    C    9 0.978    H   74 0.977    H   73 0.975
    12  C   3.952    C   13 0.982    H   75 0.961    H   76 0.956    C    8 0.939
    13  C   3.972    C   12 0.982    H   77 0.959    H   78 0.951    C   14 0.947    O   15 0.072
    14  C   3.894    O   15 1.819    O   16 1.088    C   13 0.947
    15  O   2.126    C   14 1.819    O   16 0.168    C   13 0.072
    16  O   2.293    C   14 1.088    C   47 0.924    O   15 0.168
    17  N   3.349    C   18 1.172    C   21 1.129    MG   1 0.606    C   20 0.064
    18  C   3.867    C    3 1.238    C   19 1.184    N   17 1.172    MG   1 0.059
    19  C   3.856    C   20 1.395    C   18 1.184    C   22 0.994
    20  C   3.871    C   19 1.395    C   21 1.169    C   23 0.980    O   24 0.076    N   17 0.064
    21  C   3.855    C    4 1.260    C   20 1.169    N   17 1.129    MG   1 0.062    N   26 0.056
    22  C   3.977    C   19 0.994    H   80 0.972    H   79 0.971    H   81 0.960
    23  C   3.897    O   24 1.840    C   25 0.986    C   20 0.980
    24  O   2.152    C   23 1.840    C   20 0.076    C   25 0.070
    25  C   3.983    C   23 0.986    H   84 0.967    H   82 0.953    H   83 0.953    O   24 0.070
    26  N   3.271    C   27 1.311    C   30 1.211    MG   1 0.345    C   21 0.056
    27  C   3.850    C    4 1.397    N   26 1.311    C   28 0.914
    28  C   3.916    C   29 0.959    C   31 0.951    H   85 0.943    C   27 0.914
    29  C   3.930    C   32 0.966    C   28 0.959    H   86 0.937    C   30 0.910
    30  C   3.825    C    5 1.419    N   26 1.211    C   29 0.910    C   36 0.060
    31  C   3.967    H   88 0.986    H   89 0.981    H   87 0.981    C   28 0.951
    32  C   3.961    C   33 1.004    H   90 0.968    H   91 0.966    C   29 0.966
    33  C   3.981    C   32 1.004    H   93 0.984    H   92 0.982    H   94 0.977
    34  N   3.297    C   38 1.193    C   35 1.144    MG   1 0.508    C   37 0.062    C   36 0.058
    35  C   3.880    C    5 1.304    C   36 1.191    N   34 1.144
    36  C   3.834    C   37 1.286    C   35 1.191    C   39 1.009    C   30 0.060    N   34 0.058    O   41 0.053
    37  C   3.909    C   36 1.286    C   38 1.250    C   40 1.063    O   41 0.073    N   34 0.062
    38  C   3.891    C   37 1.250    N   34 1.193    C    2 1.146    MG   1 0.055
    39  C   3.980    C   36 1.009    H   96 0.972    H   95 0.969    H   97 0.957
    40  C   3.887    O   41 1.818    C   37 1.063    C   42 0.863
    41  O   2.158    C   40 1.818    C   42 0.083    C   37 0.073    C   36 0.053
    42  C   3.944    C    2 0.957    H   98 0.922    C   43 0.910    C   40 0.863    O   41 0.083    O   44 0.072
    43  C   3.896    O   44 1.775    O   45 1.146    C   42 0.910
    44  O   2.098    C   43 1.775    O   45 0.171    C   42 0.072
    45  O   2.347    C   43 1.146    C   46 0.963    O   44 0.171
    46  C   3.931    H  101 0.989    H  100 0.984    H   99 0.979    O   45 0.963
    47  C   3.933    C   48 1.030    H  102 0.961    H  103 0.941    O   16 0.924
    48  C   3.960    C   49 1.852    C   47 1.030    H  104 0.939
    49  C   3.927    C   48 1.852    C   50 0.981    C   51 0.970
    50  C   3.989    C   49 0.981    H  106 0.978    H  105 0.972    H  107 0.967
    51  C   3.970    C   52 0.983    C   49 0.970    H  108 0.960    H  109 0.949
    52  C   3.962    C   51 0.983    C   53 0.976    H  111 0.968    H  110 0.959
    53  C   3.964    C   52 0.976    C   54 0.973    H  112 0.966    H  113 0.960
    54  C   3.950    C   56 0.989    C   55 0.987    C   53 0.973    H  114 0.942
    55  C   3.981    C   54 0.987    H  117 0.981    H  115 0.978    H  116 0.976
    56  C   3.961    C   54 0.989    C   57 0.967    H  119 0.960    H  118 0.960
    57  C   3.959    C   58 0.985    H  121 0.973    H  120 0.969    C   56 0.967
    58  C   3.960    C   57 0.985    H  122 0.969    H  123 0.968    C   59 0.956
    59  C   3.939    C   60 0.986    C   61 0.978    C   58 0.956    H  124 0.952
    60  C   3.983    C   59 0.986    H  127 0.984    H  125 0.977    H  126 0.975
    61  C   3.963    C   62 0.993    C   59 0.978    H  128 0.957    H  129 0.955
    62  C   3.960    C   61 0.993    H  131 0.966    H  130 0.966    C   63 0.960
    63  C   3.964    C   64 0.999    H  132 0.961    H  133 0.961    C   62 0.960
    64  C   3.945    C   63 0.999    C   66 0.977    C   65 0.977    H  134 0.952
    65  C   3.977    H  136 0.982    H  135 0.980    C   64 0.977    H  137 0.976
    66  C   3.980    H  139 0.983    H  138 0.982    C   64 0.977    H  140 0.976
    67  H   0.993    C    3 0.933
    68  H   0.994    C    4 0.931
    69  H   0.993    C    5 0.934
    70  H   0.993    C    8 0.933
    71  H   0.994    C    9 0.945
    72  H   0.997    C   11 0.980
    73  H   0.996    C   11 0.975
    74  H   0.998    C   11 0.977
    75  H   0.997    C   12 0.961
    76  H   0.997    C   12 0.956
    77  H   0.998    C   13 0.959
    78  H   0.998    C   13 0.951
    79  H   0.995    C   22 0.971
    80  H   0.995    C   22 0.972
    81  H   0.990    C   22 0.960
    82  H   0.997    C   25 0.953
    83  H   0.997    C   25 0.953
    84  H   0.995    C   25 0.967
    85  H   0.994    C   28 0.943
    86  H   0.994    C   29 0.937
    87  H   0.997    C   31 0.981
    88  H   0.998    C   31 0.986
    89  H   0.997    C   31 0.981
    90  H   0.997    C   32 0.968
    91  H   0.997    C   32 0.966
    92  H   0.998    C   33 0.982
    93  H   0.998    C   33 0.984
    94  H   0.998    C   33 0.977
    95  H   0.993    C   39 0.969
    96  H   0.994    C   39 0.972
    97  H   0.991    C   39 0.957
    98  H   0.990    C   42 0.922
    99  H   0.996    C   46 0.979
   100  H   0.997    C   46 0.984
   101  H   0.997    C   46 0.989
   102  H   0.997    C   47 0.961
   103  H   0.994    C   47 0.941
   104  H   0.999    C   48 0.939
   105  H   0.998    C   50 0.972
   106  H   0.999    C   50 0.978
   107  H   0.998    C   50 0.967
   108  H   0.997    C   51 0.960
   109  H   0.998    C   51 0.949
   110  H   0.998    C   52 0.959
   111  H   0.999    C   52 0.968
   112  H   0.998    C   53 0.966
   113  H   0.999    C   53 0.960
   114  H   0.998    C   54 0.942
   115  H   0.999    C   55 0.978
   116  H   0.998    C   55 0.976
   117  H   0.999    C   55 0.981
   118  H   0.998    C   56 0.960
   119  H   0.999    C   56 0.960
   120  H   0.999    C   57 0.969
   121  H   0.999    C   57 0.973
   122  H   0.999    C   58 0.969
   123  H   0.999    C   58 0.968
   124  H   0.999    C   59 0.952
   125  H   0.998    C   60 0.977
   126  H   0.998    C   60 0.975
   127  H   0.999    C   60 0.984
   128  H   0.997    C   61 0.957
   129  H   0.998    C   61 0.955
   130  H   0.999    C   62 0.966
   131  H   0.998    C   62 0.966
   132  H   0.998    C   63 0.961
   133  H   0.999    C   63 0.961
   134  H   0.999    C   64 0.952
   135  H   0.999    C   65 0.980
   136  H   0.998    C   65 0.982
   137  H   0.998    C   65 0.976
   138  H   0.999    C   66 0.982
   139  H   0.999    C   66 0.983
   140  H   0.998    C   66 0.976
 
 --------------------------------------------
          xTB calculation for sTDA...
 --------------------------------------------
 
 reading parameter file ~/.param_stda2.xtb
 
      method parameters     
 k(s)        :  1.6000
 k(p)        :  2.1800
 k(d)        :  1.9500
 k(f)        :  2.0000
 k(R-V)      :  2.2750
 k(R-R)      :  1.7650
 Tscal       :  0.2580
 Gscal       :  1.0000
 fpol        :  1.0000
 Zcnf        :  0.3430
 Zqf         :  0.0000
 kcn         :  2.7000
 Ryd Hsplit  :  0.7000
 lshift(virt):  3.1000
 lshift(OS)  :  0.2000
 wllscaling  :  2.6000
 
 mowrcut     : 3.000
 
  Z AO/shell   Hii/eV     exponent
  1     Sun Feb 14 09:53:25 CET 2016    EN: 2.327 GAM: 0.473  GM3: 0.0000
     1s    -14.339618    1.220000
     2sp    -3.348946    0.600000
  6     Sun Feb 14 09:53:25 CET 2016    EN: 2.731 GAM: 0.422  GM3: 0.0000
     2s    -22.009312    1.565095
     2p    -13.020408    1.596905
     3sp    -3.914040    0.824500
  7     Sun Feb 14 09:53:25 CET 2016    EN: 3.573 GAM: 0.504  GM3: 0.0000
     2s    -25.722000    2.064844
     2p    -18.684912    1.801692
     3sp    -4.344791    0.921400
  8     Sun Feb 14 09:53:25 CET 2016    EN: 3.700 GAM: 0.587  GM3: 0.0000
     2s    -33.859000    2.418661
     2p    -22.175911    1.973969
     3sp    -4.259392    1.013700
 12     Sun Feb 21 16:58:31 CET 2016    EN: 0.033 GAM: 0.222  GM3: 0.0000
     3s    -11.092543    1.647583
     3p     -6.929529    0.855020
 
 Nbf   :          894
 T(el) :     0.0
 calculating S/T integrals ...
 cpu time for ints    1.30342200000000     
 Nao   :          894
 making H0...
 making H1...
 cpu time for H      2.644200000000008E-002
 solving ...
 cpu time for diag   0.321172000000000     
 
 gap (eV)           :   4.658
 Koopmans IP (eV)   :  13.400
 Eel (Eh)           :  -301.171111

          eigenvalues
 #    :         164        165        166        167        168        169        170        171
 occ. :        2.000      2.000      2.000      2.000      2.000      2.000      2.000      2.000
 eps  :       -17.331    -17.155    -16.956    -16.369    -16.180    -16.140    -15.844    -15.494
 #    :         172        173        174        175        176        177        178        179
 occ. :        2.000      2.000      2.000      2.000      2.000      0.000      0.000      0.000
 eps  :       -15.327    -15.289    -15.060    -13.937    -13.401     -8.743     -6.949     -6.752
 #    :         180        181        182        183        184        185        186        187
 occ. :        0.000      0.000      0.000      0.000      0.000      0.000      0.000      0.000
 eps  :        -6.508     -6.035     -5.484     -5.428     -5.394     -5.215     -5.176     -5.099
                            1  SCC done.
 writing mo output ...
 molden style : F
 
speedup  1.02
cpu  time for all    2.21 s
wall time for all    2.18 s
