 
        ______________________________________
       |                                      |
       |          ===================         |
       |             xTB for sTDA             |
       |          ===================         |
       |               S. Grimme              |
       |        Universitaet Bonn, MCTC       |
       |         2015-19, Version 1.0         |
       |     Wed Apr  3 09:14:55 CEST 2019    |
       |______________________________________|
 
        This code comes without any warranty
        for non-commercial, academia use only.
        Preliminary test version.
        Cite this work as:
        S. Grimme  &  C. Bannwarth, JCP 145 (2016) 054103
        if GBSA is used additionally:
        P. Shushkov, F. März, C. Bannwarth, S. Grimme, unpublished.
 
        with help from
        P. Shushkov, G. Brandenburg, S. Dohm, J. Pisarek,
        F. März, M. Checinski, S. Ehrlich, S. Spicher, 
        P. Pracht, E. Caldeweyher, S. Ehlert, and C. Bannwarth.
 
        usage        :
        xtb4stda <coord_file> [options]
        where <coord_file> is a valid file of TM)
        (*coord, Bohr) or xmol (*xyz, Angstroem)
        format.

        options:
        -chrg <int>   : molecular charge
        -uhf  <int>   : # of unpaired electrons(=2*S)
        -nox          : skip second, extended part in sTDA-xTB
        -pop          : do population analysis
                      : (default for -nox)
        -mowr <real>  : cut MO write above (def.3 Eh)
        -molden       : write formatted molden file
        -parx <file>  : read parameters for sTDA-xTB
                        calc (def:~/.param_stda2.xtb)
        -parv <file>  : read parameters for vTB part in
                        sTDA-xTB (def: ~/.param_stda1.xtb)
        -xtemp <real> : el. temp for xTB (def. 0 K)
        -etemp <real> : el. temp for GFN (def. 300 K)
        -fod          : calculate the FOD and write
                        molden.input file with
                        appropriate occupations
                        for plotting. Def. T=12500 K
 
        -acc <real>   : xTB accuracy (def. 1.0)
        -gbsa [string1] [string2]
                        use GBSA implicit solvent
                        for solvent [string1] and
                        solvation state [string2]=
                        reference, bar1M (default=1M)
        additional GFN/opt/MD/siman options read from
        $XTB4STDAHOME/.xtb4stdarc or $set in input
 
       spin and charge state information can be on:
       <.CHRG> (charge) and <.UHF> (=nalpha-nbeta)
       -uhf and -chrg override the file info.
       useful machine settings:
       setenv MKL_NUM_THREADS <NCORE_ON_YOUR_MACHINE>
       setenv OMP_STACKSIZE 500m
       limit stacksize unlimited
 
       total energies in Eh, gaps/HL energies in eV
       please read REVISION and HOWTO files carefully
 =============================
  # OMP threads =           4
 =============================
 
 xtb4stdahome directory:~/
 
 
 name of molecule           :
 comment line               :
 number of atoms            :   140
 number of electrons        :   352
 charge                     :  0
 spin                       : 0.0
 first test random number   :  0.6935
 
 -----------------------------------------
      charge density (VTB) calculation
 -----------------------------------------
 
      method parameters     
 k(s)        :  1.8000
 k(p)        :  2.8350
 k(d)        :  2.0860
 k(f)        :  2.0000
 Tscal       :  0.3300
 Gscal       :  0.3910
 fpol        :  1.0000
 Zcnf        :  0.6500
 Zqf         :  0.0000
 kcn         :  0.3000
 kEN1        : -0.5900
 wllscal     :  2.6000
 
     -------------------------
     ! NO SOLVENT MODEL USED !
     -------------------------
 
 doing EN charges ...
 sum q : -0.7771561D-15
 point charge moment (au)
     X       Y       Z   
  -0.0399  -0.8436   0.4421  total (Debye):    2.423
 
            Z      q(EN)   CN      Cart. coordinates
     1  MG  2.0   0.816   4.639    48.29762    96.60657    49.56373
     2  C   4.0   0.017   3.271    43.96258    98.82133    54.21246
     3  C   4.0  -0.060   3.141    52.02038    94.21607    54.32017
     4  C   4.0  -0.061   3.120    52.75737    95.67494    45.07941
     5  C   4.0  -0.056   3.135    44.43691    99.98162    44.99437
     6  N   5.0  -0.339   3.098    48.18990    96.85601    53.79861
     7  C   4.0   0.095   3.285    46.15467    97.71773    55.20078
     8  C   4.0  -0.093   4.146    46.56474    96.86546    58.03348
     9  C   4.0  -0.094   4.131    49.11587    95.57478    58.06183
    10  C   4.0   0.087   3.297    49.93979    95.51053    55.20645
    11  C   4.0  -0.237   4.042    51.20212    96.78987    59.64731
    12  C   4.0  -0.162   4.052    44.33675    95.09857    59.07850
    13  C   4.0  -0.168   4.045    43.13111    96.15870    61.47279
    14  C   4.0   0.173   3.080    44.96414    97.32089    63.45700
    15  O   6.0  -0.103   1.039    45.50460    99.55643    63.54770
    16  O   6.0  -0.118   2.036    46.03183    95.43872    64.94988
    17  N   5.0  -0.438   3.223    51.92967    95.05510    49.69979
    18  C   4.0   0.099   3.415    52.96146    94.06300    51.76148
    19  C   4.0   0.012   3.263    55.34440    92.90271    51.05662
    20  C   4.0   0.004   3.238    55.72802    93.27876    48.45635
    21  C   4.0   0.072   3.379    53.43578    94.73763    47.56629
    22  C   4.0  -0.248   4.035    57.09240    91.50053    52.76682
    23  C   4.0   0.120   3.026    58.03159    92.46429    46.74426
    24  O   6.0  -0.114   1.055    58.12986    93.22207    44.60131
    25  C   4.0  -0.246   4.018    60.21612    90.84669    47.78172
    26  N   5.0  -0.358   3.125    48.54139    97.99363    45.61609
    27  C   4.0   0.075   3.308    50.62765    97.02231    44.28573
    28  C   4.0  -0.096   4.149    50.24403    97.91993    41.52106
    29  C   4.0  -0.092   4.109    47.46992    98.84401    41.29429
    30  C   4.0   0.107   3.278    46.76316    99.10479    44.15912
    31  C   4.0  -0.236   4.019    52.29628    99.99107    40.77273
    32  C   4.0  -0.163   4.021    45.66334    96.82200    39.86755
    33  C   4.0  -0.237   4.000    43.58086    97.83111    38.12144
    34  N   5.0  -0.400   3.215    44.89800    98.76275    49.44468
    35  C   4.0   0.084   3.461    43.56196    99.90981    47.56062
    36  C   4.0   0.015   3.315    41.17524   100.76019    48.58674
    37  C   4.0   0.001   3.455    41.30752   100.45027    51.16622
    38  C   4.0   0.066   3.715    43.65834    99.33155    51.64243
    39  C   4.0  -0.246   4.030    39.10788   102.18504    47.24504
    40  C   4.0   0.102   3.206    40.07542   101.17215    53.46224
    41  O   6.0  -0.089   1.049    38.15924   102.43637    53.97246
    42  C   4.0  -0.113   4.200    41.65145   100.13280    55.59196
    43  C   4.0   0.161   3.107    42.54340   102.33244    57.31917
    44  O   6.0  -0.100   1.040    44.38399   103.62501    56.79760
    45  O   6.0  -0.097   2.004    40.94847   102.64046    59.49991
    46  C   4.0  -0.197   4.017    41.83286   104.50184    61.35751
    47  C   4.0  -0.126   4.058    47.46425    96.15304    67.12496
    48  C   4.0  -0.057   3.073    46.94079    94.60724    69.59672
    49  C   4.0   0.017   3.061    47.86676    95.04188    71.87006
    50  C   4.0  -0.248   4.034    49.66011    97.28309    72.56359
    51  C   4.0  -0.175   4.076    47.09008    93.57545    74.25867
    52  C   4.0  -0.164   4.056    48.33919    90.88826    74.37394
    53  C   4.0  -0.166   4.088    50.02860    90.63315    76.62650
    54  C   4.0  -0.089   4.056    50.07963    87.89115    77.80002
    55  C   4.0  -0.238   4.031    50.61253    85.89371    75.75155
    56  C   4.0  -0.163   4.047    47.67779    87.58691    79.47620
    57  C   4.0  -0.163   4.032    48.60186    86.80078    82.23142
    58  C   4.0  -0.163   4.045    48.10297    88.79444    84.35170
    59  C   4.0  -0.088   4.039    50.49348    89.40293    86.14505
    60  C   4.0  -0.238   4.035    51.36653    87.10314    87.55478
    61  C   4.0  -0.164   4.069    49.79239    91.73486    87.82312
    62  C   4.0  -0.164   4.054    51.83329    93.72663    87.74565
    63  C   4.0  -0.163   4.060    50.94512    96.27020    86.51165
    64  C   4.0  -0.089   4.031    52.27360    96.65003    83.91139
    65  C   4.0  -0.238   4.025    55.00992    97.81222    84.14005
    66  C   4.0  -0.239   4.041    50.62576    97.95017    82.00277
    67  H   1.0   0.070   1.006    53.00681    93.21451    55.83384
    68  H   1.0   0.070   1.006    53.91955    95.10991    43.47126
    69  H   1.0   0.070   1.004    43.04229   100.81310    43.71881
    70  H   1.0   0.086   1.010    46.59497    98.63803    59.08228
    71  H   1.0   0.084   1.009    48.86264    93.62647    58.67977
    72  H   1.0   0.080   0.999    52.11864    95.30077    60.73768
    73  H   1.0   0.081   1.000    50.36120    98.22607    60.85862
    74  H   1.0   0.080   0.997    52.81406    97.71206    58.75536
    75  H   1.0   0.082   1.003    45.04162    93.20317    59.47346
    76  H   1.0   0.082   1.002    42.97993    94.73763    57.57050
    77  H   1.0   0.082   1.006    42.27128    94.48630    62.31560
    78  H   1.0   0.082   1.004    41.71003    97.48907    60.79815
    79  H   1.0   0.080   0.998    59.01425    92.21296    52.96902
    80  H   1.0   0.080   1.000    57.27003    89.55033    52.12431
    81  H   1.0   0.081   1.004    56.02093    91.39660    54.52237
    82  H   1.0   0.080   0.998    59.50369    89.01743    48.40344
    83  H   1.0   0.080   0.998    61.09484    91.75753    49.40688
    84  H   1.0   0.080   1.001    61.45578    90.62937    46.15089
    85  H   1.0   0.084   1.007    50.58040    96.28532    40.31352
    86  H   1.0   0.083   1.005    47.45480   100.69594    40.39100
    87  H   1.0   0.080   0.998    52.45879   101.34033    42.32230
    88  H   1.0   0.080   0.997    51.66511   101.16081    39.19859
    89  H   1.0   0.080   0.997    54.04994    99.08211    40.18880
    90  H   1.0   0.081   1.004    44.75060    95.70328    41.33776
    91  H   1.0   0.082   1.004    46.84631    95.66738    38.63923
    92  H   1.0   0.080   1.001    41.88767    97.12247    39.05686
    93  H   1.0   0.079   0.998    43.79629    97.02798    36.23550
    94  H   1.0   0.080   0.999    43.81519    99.87391    38.00428
    95  H   1.0   0.080   0.999    37.82664   103.13935    48.54517
    96  H   1.0   0.080   0.999    38.09499   100.88680    46.00727
    97  H   1.0   0.080   0.999    39.85432   103.75162    46.13388
    98  H   1.0   0.085   1.007    40.54218    98.82133    56.72957
    99  H   1.0   0.079   0.995    43.16512   106.02874    60.98146
   100  H   1.0   0.080   0.996    42.42435   103.49084    63.05260
   101  H   1.0   0.079   0.995    40.38155   105.77930    62.06994
   102  H   1.0   0.083   1.005    46.94457    98.02575    67.80337
   103  H   1.0   0.082   1.000    49.46547    96.03776    66.65063
   104  H   1.0   0.070   1.004    45.46870    93.17861    69.42286
   105  H   1.0   0.080   0.998    48.72091    98.56244    73.87506
   106  H   1.0   0.080   0.998    50.22514    98.30354    70.86472
   107  H   1.0   0.080   0.998    51.44023    96.64247    73.37806
   108  H   1.0   0.082   1.004    45.11343    93.03688    74.46276
   109  H   1.0   0.083   1.004    47.64755    94.62803    75.93864
   110  H   1.0   0.083   1.008    49.69790    90.65960    72.84327
   111  H   1.0   0.082   1.003    46.82552    89.49175    74.28135
   112  H   1.0   0.083   1.004    49.48247    92.00698    78.06080
   113  H   1.0   0.082   1.003    51.96935    91.11503    76.13517
   114  H   1.0   0.083   1.010    51.78983    87.91383    78.94897
   115  H   1.0   0.081   0.999    49.81696    86.41528    73.92419
   116  H   1.0   0.080   0.998    50.06451    84.02477    76.42241
   117  H   1.0   0.081   1.000    52.66666    85.76899    75.67974
   118  H   1.0   0.082   1.006    46.78584    85.99387    78.52189
   119  H   1.0   0.082   1.002    46.54584    89.30656    79.52534
   120  H   1.0   0.082   1.003    50.59930    86.29623    82.23709
   121  H   1.0   0.081   1.003    47.49448    85.09625    82.57158
   122  H   1.0   0.082   1.002    46.48159    88.06690    85.39105
   123  H   1.0   0.082   1.004    47.44157    90.43473    83.29534
   124  H   1.0   0.084   1.009    51.85030    90.06245    84.74287
   125  H   1.0   0.081   1.003    49.80373    86.79511    88.86058
   126  H   1.0   0.081   1.001    53.18445    87.60958    88.37870
   127  H   1.0   0.080   0.999    51.59141    85.49876    86.28111
   128  H   1.0   0.082   1.003    49.39366    91.32479    89.80167
   129  H   1.0   0.083   1.004    48.02550    92.64759    87.29022
   130  H   1.0   0.083   1.006    53.43200    93.14837    86.58346
   131  H   1.0   0.082   1.004    52.37375    94.09134    89.69773
   132  H   1.0   0.081   1.002    51.46480    97.87647    87.69462
   133  H   1.0   0.083   1.004    48.92500    96.24374    86.11481
   134  H   1.0   0.083   1.013    52.78194    94.86991    83.00810
   135  H   1.0   0.080   0.998    55.88298    97.84812    82.27300
   136  H   1.0   0.080   0.998    56.16643    96.55177    85.28711
   137  H   1.0   0.080   0.998    54.95323    99.61879    85.12837
   138  H   1.0   0.081   1.000    50.70513    99.97406    82.37882
   139  H   1.0   0.081   0.999    48.66611    97.32278    82.07080
   140  H   1.0   0.080   0.998    51.30606    97.68182    80.07714
 
  Z AO/shell   Hii/eV     exponent
  1     Sat Feb 20 21:38:01 CET 2016    EN: 2.327 GAM: 0.473  GM3: 0.0000
     1s    -13.751157    1.051071
  6     Sat Feb 20 21:38:01 CET 2016    EN: 2.731 GAM: 0.422  GM3: 0.0000
     2s    -19.378245    2.021003
     2p    -11.993376    1.497917
  7     Sat Feb 20 21:38:01 CET 2016    EN: 3.573 GAM: 0.504  GM3: 0.0000
     2s    -21.576984    2.275442
     2p    -16.125120    2.056788
  8     Sat Feb 20 21:38:01 CET 2016    EN: 3.700 GAM: 0.587  GM3: 0.0000
     2s    -21.648843    2.110798
     2p    -17.239740    2.329048
 12     Sat Feb 20 23:25:47 CET 2016    EN: 0.033 GAM: 0.222  GM3: 0.0000
     3s    -12.693633    1.302878
     3p     -8.128821    0.504252
 
 dipole moment of classical point charges (au)
     X       Y       Z   
  -0.0399  -0.8436   0.4421  total (Debye):    2.423

 
 Nbf   :          338
 T(el) :   300.0
 calculating S/T integrals ...
 cpu time for ints   0.196482000000000     
 Nao   :          338
 making H0...
 making H1...
 cpu time for H      1.047599999999999E-002
 solving ...
 cpu time for diag   5.574099999999999E-002
 
 gap (eV)           :   1.291
 Koopmans IP (eV)   :  12.204
 Eel (Eh)           :  -268.412290
 T,E(Fermi),NFOD :    300.000   -11.558  0.000000
 T,E(Fermi),NFOD :    300.000   -11.558  0.000000
 Nfod               :  0.0000
 Nfod/Nel           :  0.0000

          eigenvalues
 #    :         164        165        166        167        168        169        170        171
 occ. :        2.000      2.000      2.000      2.000      2.000      2.000      2.000      2.000
 eps  :       -16.227    -16.222    -16.020    -15.914    -15.672    -15.560    -15.468    -15.164
 #    :         172        173        174        175        176        177        178        179
 occ. :        2.000      2.000      2.000      2.000      2.000      0.000      0.000      0.000
 eps  :       -15.067    -15.030    -14.781    -13.379    -12.205    -10.914    -10.126     -8.753
 #    :         180        181        182        183        184        185        186        187
 occ. :        0.000      0.000      0.000      0.000      0.000      0.000      0.000      0.000
 eps  :        -8.419     -8.309     -7.982     -7.627     -7.591     -7.495     -7.112     -6.977
                            1  SCC done.
 making H1...
 cpu time for H      6.427899999999998E-002
 solving ...
 cpu time for diag   3.861199999999998E-002
 
 gap (eV)           :   1.590
 Koopmans IP (eV)   :  12.030
 Eel (Eh)           :  -265.321883
 T,E(Fermi),NFOD :    300.000   -11.235  0.000000
 T,E(Fermi),NFOD :    300.000   -11.235  0.000000
 Nfod               :  0.0000
 Nfod/Nel           :  0.0000

          eigenvalues
 #    :         164        165        166        167        168        169        170        171
 occ. :        2.000      2.000      2.000      2.000      2.000      2.000      2.000      2.000
 eps  :       -15.094    -15.083    -14.945    -14.877    -14.875    -14.694    -14.572    -14.414
 #    :         172        173        174        175        176        177        178        179
 occ. :        2.000      2.000      2.000      2.000      2.000      0.000      0.000      0.000
 eps  :       -14.300    -13.989    -13.918    -12.670    -12.031    -10.441     -9.479     -8.396
 #    :         180        181        182        183        184        185        186        187
 occ. :        0.000      0.000      0.000      0.000      0.000      0.000      0.000      0.000
 eps  :        -8.328     -8.043     -7.769     -7.549     -7.419     -7.322     -7.002     -6.870
                            2  SCC done.
 
 
 Mulliken/CM5 charges    n(s)   n(p)   n(d)   
    1 MG  0.3146  0.7265   0.656  1.030  0.000
    2 C   0.0015  0.0049   1.191  2.807  0.000
    3 C  -0.0338 -0.0766   1.122  2.912  0.000
    4 C  -0.0126 -0.0553   1.127  2.886  0.000
    5 C  -0.0268 -0.0672   1.127  2.900  0.000
    6 N  -0.1493 -0.3864   1.403  3.747  0.000
    7 C   0.0262  0.0855   1.249  2.725  0.000
    8 C  -0.0323 -0.0860   1.208  2.824  0.000
    9 C  -0.0095 -0.0672   1.188  2.821  0.000
   10 C   0.0229  0.0775   1.233  2.744  0.000
   11 C  -0.0927 -0.2408   1.099  2.994  0.000
   12 C  -0.0604 -0.1683   1.163  2.897  0.000
   13 C  -0.0524 -0.1526   1.143  2.909  0.000
   14 C   0.2226  0.2715   1.191  2.587  0.000
   15 O  -0.2408 -0.2945   1.626  4.615  0.000
   16 O  -0.1489 -0.2269   1.472  4.677  0.000
   17 N  -0.2051 -0.4868   1.369  3.836  0.000
   18 C   0.0357  0.1042   1.182  2.783  0.000
   19 C  -0.0410 -0.0457   1.207  2.834  0.000
   20 C  -0.0868 -0.0809   1.235  2.852  0.000
   21 C   0.0117  0.0708   1.221  2.767  0.000
   22 C  -0.0802 -0.2251   1.078  3.002  0.000
   23 C   0.1548  0.1806   1.220  2.625  0.000
   24 O  -0.2207 -0.2729   1.616  4.604  0.000
   25 C  -0.0848 -0.2272   1.099  2.986  0.000
   26 N  -0.1608 -0.4068   1.397  3.764  0.000
   27 C   0.0261  0.0761   1.232  2.742  0.000
   28 C  -0.0247 -0.0809   1.202  2.822  0.000
   29 C  -0.0323 -0.0870   1.218  2.814  0.000
   30 C   0.0480  0.1109   1.221  2.731  0.000
   31 C  -0.0940 -0.2416   1.110  2.984  0.000
   32 C  -0.0592 -0.1697   1.160  2.899  0.000
   33 C  -0.0858 -0.2375   1.094  2.992  0.000
   34 N  -0.2080 -0.4764   1.397  3.811  0.000
   35 C   0.0346  0.0982   1.201  2.764  0.000
   36 C  -0.0056 -0.0093   1.210  2.796  0.000
   37 C  -0.0427 -0.0357   1.165  2.878  0.000
   38 C   0.0255  0.0917   1.196  2.778  0.000
   39 C  -0.0735 -0.2171   1.079  2.995  0.000
   40 C   0.1449  0.1753   1.189  2.666  0.000
   41 O  -0.2440 -0.2859   1.638  4.606  0.000
   42 C  -0.0253 -0.0683   1.207  2.818  0.000
   43 C   0.2130  0.2644   1.210  2.577  0.000
   44 O  -0.2229 -0.2668   1.626  4.597  0.000
   45 O  -0.1567 -0.2293   1.512  4.644  0.000
   46 C  -0.0133 -0.1365   1.076  2.937  0.000
   47 C   0.0487 -0.0288   1.122  2.829  0.000
   48 C  -0.0654 -0.1221   1.163  2.902  0.000
   49 C  -0.0245 -0.0468   1.208  2.816  0.000
   50 C  -0.0992 -0.2452   1.091  3.009  0.000
   51 C  -0.0627 -0.1690   1.147  2.916  0.000
   52 C  -0.0667 -0.1798   1.148  2.919  0.000
   53 C  -0.0847 -0.1977   1.159  2.926  0.000
   54 C  -0.0452 -0.1203   1.215  2.830  0.000
   55 C  -0.0985 -0.2493   1.100  2.999  0.000
   56 C  -0.0690 -0.1789   1.167  2.902  0.000
   57 C  -0.0772 -0.1895   1.162  2.915  0.000
   58 C  -0.0907 -0.2010   1.172  2.918  0.000
   59 C  -0.0222 -0.0959   1.209  2.813  0.000
   60 C  -0.0780 -0.2272   1.092  2.986  0.000
   61 C  -0.0683 -0.1791   1.150  2.918  0.000
   62 C  -0.0583 -0.1710   1.150  2.909  0.000
   63 C  -0.0682 -0.1784   1.163  2.905  0.000
   64 C  -0.0336 -0.1106   1.197  2.836  0.000
   65 C  -0.1075 -0.2585   1.108  2.999  0.000
   66 C  -0.0959 -0.2469   1.095  3.001  0.000
   67 H   0.0604  0.1191   0.940  0.000  0.000
   68 H   0.0689  0.1306   0.931  0.000  0.000
   69 H   0.0551  0.1131   0.945  0.000  0.000
   70 H   0.0551  0.1239   0.945  0.000  0.000
   71 H   0.0489  0.1108   0.951  0.000  0.000
   72 H   0.0316  0.0838   0.968  0.000  0.000
   73 H   0.0376  0.0924   0.962  0.000  0.000
   74 H   0.0395  0.0917   0.960  0.000  0.000
   75 H   0.0322  0.0892   0.968  0.000  0.000
   76 H   0.0470  0.1037   0.953  0.000  0.000
   77 H   0.0442  0.1045   0.956  0.000  0.000
   78 H   0.0471  0.1074   0.953  0.000  0.000
   79 H   0.0546  0.1067   0.945  0.000  0.000
   80 H   0.0436  0.0968   0.956  0.000  0.000
   81 H   0.0460  0.1012   0.954  0.000  0.000
   82 H   0.0474  0.1005   0.953  0.000  0.000
   83 H   0.0528  0.1061   0.947  0.000  0.000
   84 H   0.0502  0.1073   0.950  0.000  0.000
   85 H   0.0415  0.1022   0.959  0.000  0.000
   86 H   0.0472  0.1074   0.953  0.000  0.000
   87 H   0.0377  0.0909   0.962  0.000  0.000
   88 H   0.0311  0.0827   0.969  0.000  0.000
   89 H   0.0434  0.0950   0.957  0.000  0.000
   90 H   0.0411  0.0984   0.959  0.000  0.000
   91 H   0.0328  0.0890   0.967  0.000  0.000
   92 H   0.0426  0.0952   0.957  0.000  0.000
   93 H   0.0383  0.0895   0.962  0.000  0.000
   94 H   0.0348  0.0875   0.965  0.000  0.000
   95 H   0.0491  0.1030   0.951  0.000  0.000
   96 H   0.0459  0.0983   0.954  0.000  0.000
   97 H   0.0433  0.0956   0.957  0.000  0.000
   98 H   0.0635  0.1291   0.937  0.000  0.000
   99 H   0.0635  0.1212   0.936  0.000  0.000
  100 H   0.0453  0.1067   0.955  0.000  0.000
  101 H   0.0411  0.0977   0.959  0.000  0.000
  102 H   0.0592  0.1279   0.941  0.000  0.000
  103 H   0.0554  0.1194   0.945  0.000  0.000
  104 H   0.0350  0.0935   0.965  0.000  0.000
  105 H   0.0435  0.0956   0.956  0.000  0.000
  106 H   0.0352  0.0880   0.965  0.000  0.000
  107 H   0.0377  0.0895   0.962  0.000  0.000
  108 H   0.0410  0.0970   0.959  0.000  0.000
  109 H   0.0434  0.1010   0.957  0.000  0.000
  110 H   0.0284  0.0867   0.972  0.000  0.000
  111 H   0.0379  0.0944   0.962  0.000  0.000
  112 H   0.0288  0.0862   0.971  0.000  0.000
  113 H   0.0257  0.0817   0.974  0.000  0.000
  114 H   0.0326  0.0931   0.967  0.000  0.000
  115 H   0.0396  0.0932   0.960  0.000  0.000
  116 H   0.0344  0.0865   0.966  0.000  0.000
  117 H   0.0344  0.0869   0.966  0.000  0.000
  118 H   0.0394  0.0965   0.961  0.000  0.000
  119 H   0.0464  0.1031   0.954  0.000  0.000
  120 H   0.0355  0.0926   0.965  0.000  0.000
  121 H   0.0295  0.0847   0.971  0.000  0.000
  122 H   0.0225  0.0781   0.977  0.000  0.000
  123 H   0.0326  0.0894   0.967  0.000  0.000
  124 H   0.0318  0.0927   0.968  0.000  0.000
  125 H   0.0363  0.0907   0.964  0.000  0.000
  126 H   0.0429  0.0959   0.957  0.000  0.000
  127 H   0.0439  0.0968   0.956  0.000  0.000
  128 H   0.0347  0.0902   0.965  0.000  0.000
  129 H   0.0380  0.0954   0.962  0.000  0.000
  130 H   0.0411  0.1000   0.959  0.000  0.000
  131 H   0.0378  0.0934   0.962  0.000  0.000
  132 H   0.0346  0.0904   0.965  0.000  0.000
  133 H   0.0389  0.0962   0.961  0.000  0.000
  134 H   0.0235  0.0844   0.976  0.000  0.000
  135 H   0.0364  0.0880   0.964  0.000  0.000
  136 H   0.0317  0.0839   0.968  0.000  0.000
  137 H   0.0251  0.0769   0.975  0.000  0.000
  138 H   0.0203  0.0733   0.980  0.000  0.000
  139 H   0.0377  0.0899   0.962  0.000  0.000
  140 H   0.0339  0.0858   0.966  0.000  0.000
 Hirshfeld charges for QMDFF written to <charges>
 
 Loewdin charges    n(s)   n(p)   n(d)
    1 MG  0.1568   0.666  1.177  0.000
    2 C   0.0028   1.151  2.846  0.000
    3 C  -0.0303   1.069  2.961  0.000
    4 C  -0.0073   1.073  2.934  0.000
    5 C  -0.0236   1.075  2.949  0.000
    6 N  -0.1170   1.361  3.756  0.000
    7 C   0.0275   1.214  2.759  0.000
    8 C  -0.0262   1.162  2.865  0.000
    9 C  -0.0008   1.139  2.861  0.000
   10 C   0.0270   1.197  2.776  0.000
   11 C  -0.0960   1.027  3.069  0.000
   12 C  -0.0549   1.105  2.950  0.000
   13 C  -0.0526   1.085  2.968  0.000
   14 C   0.2000   1.166  2.634  0.000
   15 O  -0.2257   1.595  4.631  0.000
   16 O  -0.1139   1.437  4.677  0.000
   17 N  -0.1686   1.324  3.845  0.000
   18 C   0.0365   1.143  2.820  0.000
   19 C  -0.0319   1.165  2.867  0.000
   20 C  -0.0947   1.201  2.894  0.000
   21 C   0.0156   1.184  2.800  0.000
   22 C  -0.0829   1.004  3.079  0.000
   23 C   0.1489   1.187  2.665  0.000
   24 O  -0.2017   1.583  4.619  0.000
   25 C  -0.0892   1.026  3.063  0.000
   26 N  -0.1270   1.355  3.772  0.000
   27 C   0.0324   1.195  2.773  0.000
   28 C  -0.0168   1.155  2.861  0.000
   29 C  -0.0256   1.173  2.853  0.000
   30 C   0.0501   1.184  2.766  0.000
   31 C  -0.0954   1.039  3.056  0.000
   32 C  -0.0534   1.102  2.951  0.000
   33 C  -0.0864   1.021  3.066  0.000
   34 N  -0.1772   1.356  3.821  0.000
   35 C   0.0351   1.164  2.801  0.000
   36 C   0.0020   1.168  2.830  0.000
   37 C  -0.0496   1.125  2.924  0.000
   38 C   0.0301   1.157  2.813  0.000
   39 C  -0.0741   1.004  3.070  0.000
   40 C   0.1425   1.153  2.704  0.000
   41 O  -0.2315   1.610  4.621  0.000
   42 C  -0.0255   1.161  2.865  0.000
   43 C   0.1906   1.186  2.624  0.000
   44 O  -0.2077   1.596  4.612  0.000
   45 O  -0.1261   1.482  4.645  0.000
   46 C  -0.0227   1.008  3.014  0.000
   47 C   0.0456   1.066  2.889  0.000
   48 C  -0.0625   1.114  2.949  0.000
   49 C  -0.0150   1.167  2.848  0.000
   50 C  -0.1021   1.018  3.084  0.000
   51 C  -0.0600   1.088  2.972  0.000
   52 C  -0.0625   1.089  2.973  0.000
   53 C  -0.0829   1.101  2.982  0.000
   54 C  -0.0361   1.169  2.867  0.000
   55 C  -0.1018   1.028  3.073  0.000
   56 C  -0.0654   1.110  2.956  0.000
   57 C  -0.0735   1.106  2.968  0.000
   58 C  -0.0895   1.117  2.973  0.000
   59 C  -0.0112   1.162  2.849  0.000
   60 C  -0.0796   1.018  3.061  0.000
   61 C  -0.0663   1.092  2.974  0.000
   62 C  -0.0541   1.091  2.963  0.000
   63 C  -0.0654   1.106  2.959  0.000
   64 C  -0.0231   1.150  2.874  0.000
   65 C  -0.1109   1.038  3.073  0.000
   66 C  -0.0992   1.023  3.076  0.000
   67 H   0.0559   0.944  0.000  0.000
   68 H   0.0614   0.939  0.000  0.000
   69 H   0.0489   0.951  0.000  0.000
   70 H   0.0479   0.952  0.000  0.000
   71 H   0.0437   0.956  0.000  0.000
   72 H   0.0321   0.968  0.000  0.000
   73 H   0.0373   0.963  0.000  0.000
   74 H   0.0395   0.961  0.000  0.000
   75 H   0.0303   0.970  0.000  0.000
   76 H   0.0438   0.956  0.000  0.000
   77 H   0.0405   0.959  0.000  0.000
   78 H   0.0427   0.957  0.000  0.000
   79 H   0.0533   0.947  0.000  0.000
   80 H   0.0433   0.957  0.000  0.000
   81 H   0.0459   0.954  0.000  0.000
   82 H   0.0470   0.953  0.000  0.000
   83 H   0.0521   0.948  0.000  0.000
   84 H   0.0476   0.952  0.000  0.000
   85 H   0.0364   0.964  0.000  0.000
   86 H   0.0412   0.959  0.000  0.000
   87 H   0.0372   0.963  0.000  0.000
   88 H   0.0319   0.968  0.000  0.000
   89 H   0.0425   0.958  0.000  0.000
   90 H   0.0389   0.961  0.000  0.000
   91 H   0.0308   0.969  0.000  0.000
   92 H   0.0417   0.958  0.000  0.000
   93 H   0.0378   0.962  0.000  0.000
   94 H   0.0350   0.965  0.000  0.000
   95 H   0.0468   0.953  0.000  0.000
   96 H   0.0447   0.955  0.000  0.000
   97 H   0.0427   0.957  0.000  0.000
   98 H   0.0553   0.945  0.000  0.000
   99 H   0.0597   0.940  0.000  0.000
  100 H   0.0420   0.958  0.000  0.000
  101 H   0.0397   0.960  0.000  0.000
  102 H   0.0515   0.948  0.000  0.000
  103 H   0.0482   0.952  0.000  0.000
  104 H   0.0280   0.972  0.000  0.000
  105 H   0.0427   0.957  0.000  0.000
  106 H   0.0355   0.965  0.000  0.000
  107 H   0.0374   0.963  0.000  0.000
  108 H   0.0379   0.962  0.000  0.000
  109 H   0.0412   0.959  0.000  0.000
  110 H   0.0264   0.974  0.000  0.000
  111 H   0.0358   0.964  0.000  0.000
  112 H   0.0282   0.972  0.000  0.000
  113 H   0.0239   0.976  0.000  0.000
  114 H   0.0289   0.971  0.000  0.000
  115 H   0.0395   0.961  0.000  0.000
  116 H   0.0349   0.965  0.000  0.000
  117 H   0.0346   0.965  0.000  0.000
  118 H   0.0368   0.963  0.000  0.000
  119 H   0.0438   0.956  0.000  0.000
  120 H   0.0345   0.966  0.000  0.000
  121 H   0.0274   0.973  0.000  0.000
  122 H   0.0207   0.979  0.000  0.000
  123 H   0.0312   0.969  0.000  0.000
  124 H   0.0268   0.973  0.000  0.000
  125 H   0.0356   0.964  0.000  0.000
  126 H   0.0417   0.958  0.000  0.000
  127 H   0.0433   0.957  0.000  0.000
  128 H   0.0327   0.967  0.000  0.000
  129 H   0.0367   0.963  0.000  0.000
  130 H   0.0396   0.960  0.000  0.000
  131 H   0.0349   0.965  0.000  0.000
  132 H   0.0319   0.968  0.000  0.000
  133 H   0.0371   0.963  0.000  0.000
  134 H   0.0200   0.980  0.000  0.000
  135 H   0.0363   0.964  0.000  0.000
  136 H   0.0324   0.968  0.000  0.000
  137 H   0.0254   0.975  0.000  0.000
  138 H   0.0210   0.979  0.000  0.000
  139 H   0.0380   0.962  0.000  0.000
  140 H   0.0339   0.966  0.000  0.000
 
 Wiberg/Mayer (AO) data. WBOs > 0.1 written file <wbo>
 largest (>0.05) Wiberg bond orders for each atom
           total WBO             WBO to atom ...
     1  MG  2.524    N   17 0.516    N   34 0.490    N   26 0.403    N    6 0.403    C   21 0.057    C   27 0.056    C   38 0.050
     2  C   3.890    C    7 1.398    C   38 1.256    C   42 0.917
     3  C   3.903    C   10 1.516    C   18 1.192    H   67 0.933
     4  C   3.926    C   27 1.473    C   21 1.245    H   68 0.930
     5  C   3.888    C   30 1.458    C   35 1.242    H   69 0.940
     6  N   3.312    C    7 1.256    C   10 1.199    MG   1 0.403    C   38 0.053
     7  C   3.852    C    2 1.398    N    6 1.256    C    8 0.911
     8  C   3.931    C    9 0.983    H   70 0.935    C   12 0.933    C    7 0.911
     9  C   3.941    C    8 0.983    C   11 0.975    H   71 0.940    C   10 0.903
    10  C   3.854    C    3 1.516    N    6 1.199    C    9 0.903
    11  C   3.971    H   72 0.980    H   74 0.976    C    9 0.975    H   73 0.975
    12  C   3.944    C   13 0.976    H   75 0.966    H   76 0.958    C    8 0.933
    13  C   3.966    C   12 0.976    H   78 0.963    H   77 0.959    C   14 0.920    O   15 0.083
    14  C   3.886    O   15 1.864    O   16 1.060    C   13 0.920
    15  O   2.173    C   14 1.864    O   16 0.163    C   13 0.083
    16  O   2.293    C   14 1.060    C   47 0.978    O   15 0.163
    17  N   3.343    C   18 1.238    C   21 1.167    MG   1 0.516    C   20 0.069    C   19 0.051
    18  C   3.874    N   17 1.238    C    3 1.192    C   19 1.172
    19  C   3.866    C   20 1.458    C   18 1.172    C   22 0.996    N   17 0.051
    20  C   3.872    C   19 1.458    C   21 1.117    C   23 0.931    O   24 0.085    N   17 0.069
    21  C   3.839    C    4 1.245    N   17 1.167    C   20 1.117    MG   1 0.057    N   26 0.055
    22  C   3.981    C   19 0.996    H   81 0.972    H   80 0.965    H   79 0.964
    23  C   3.866    O   24 1.899    C   25 0.946    C   20 0.931
    24  O   2.205    C   23 1.899    C   20 0.085    C   25 0.077
    25  C   3.983    H   84 0.972    H   82 0.965    H   83 0.962    C   23 0.946    O   24 0.077
    26  N   3.301    C   30 1.272    C   27 1.179    MG   1 0.403    C   21 0.055    C   35 0.053
    27  C   3.857    C    4 1.473    N   26 1.179    C   28 0.933    MG   1 0.056
    28  C   3.935    C   29 0.969    C   31 0.954    H   85 0.945    C   27 0.933
    29  C   3.925    C   28 0.969    H   86 0.943    C   32 0.929    C   30 0.916
    30  C   3.861    C    5 1.458    N   26 1.272    C   29 0.916
    31  C   3.965    H   87 0.981    H   88 0.980    H   89 0.979    C   28 0.954
    32  C   3.949    C   33 1.009    H   91 0.969    H   90 0.967    C   29 0.929
    33  C   3.985    C   32 1.009    H   92 0.983    H   93 0.983    H   94 0.980
    34  N   3.294    C   35 1.179    C   38 1.175    MG   1 0.490    C   37 0.059
    35  C   3.867    C    5 1.242    C   36 1.184    N   34 1.179    N   26 0.053
    36  C   3.855    C   37 1.382    C   35 1.184    C   39 0.990    O   41 0.058
    37  C   3.918    C   36 1.382    C   38 1.153    C   40 1.078    O   41 0.064    N   34 0.059
    38  C   3.883    C    2 1.256    N   34 1.175    C   37 1.153    N    6 0.053    MG   1 0.050
    39  C   3.979    C   36 0.990    H   95 0.977    H   97 0.969    H   96 0.969
    40  C   3.901    O   41 1.773    C   37 1.078    C   42 0.905
    41  O   2.124    C   40 1.773    C   42 0.076    C   37 0.064    C   36 0.058
    42  C   3.933    H   98 0.928    C    2 0.917    C   40 0.905    C   43 0.887    O   41 0.076    O   44 0.075
    43  C   3.874    O   44 1.889    O   45 1.021    C   42 0.887
    44  O   2.197    C   43 1.889    O   45 0.164    C   42 0.075
    45  O   2.250    C   43 1.021    C   46 0.982    O   44 0.164
    46  C   3.943    H  101 0.986    H  100 0.986    O   45 0.982    H   99 0.974
    47  C   3.941    O   16 0.978    H  103 0.965    C   48 0.959    H  102 0.956
    48  C   3.959    C   49 1.936    C   47 0.959    H  104 0.936
    49  C   3.935    C   48 1.936    C   50 0.964    C   51 0.959
    50  C   3.986    H  107 0.978    H  106 0.978    H  105 0.976    C   49 0.964
    51  C   3.967    H  108 0.963    C   52 0.961    C   49 0.959    H  109 0.959
    52  C   3.969    C   53 1.002    H  110 0.970    H  111 0.966    C   51 0.961
    53  C   3.962    C   52 1.002    H  113 0.969    H  112 0.959    C   54 0.952
    54  C   3.933    C   55 0.988    C   56 0.974    H  114 0.952    C   53 0.952
    55  C   3.982    C   54 0.988    H  117 0.982    H  115 0.979    H  116 0.978
    56  C   3.961    C   54 0.974    C   57 0.973    H  118 0.966    H  119 0.960
    57  C   3.960    C   58 0.985    C   56 0.973    H  121 0.971    H  120 0.962
    58  C   3.953    C   57 0.985    H  122 0.972    H  123 0.965    C   59 0.946
    59  C   3.936    C   60 1.007    C   61 0.961    H  124 0.951    C   58 0.946
    60  C   3.987    C   59 1.007    H  125 0.981    H  126 0.974    H  127 0.974
    61  C   3.961    C   62 0.999    H  128 0.961    C   59 0.961    H  129 0.955
    62  C   3.968    C   61 0.999    C   63 0.978    H  131 0.965    H  130 0.959
    63  C   3.963    C   62 0.978    C   64 0.971    H  132 0.967    H  133 0.958
    64  C   3.941    C   66 1.000    C   65 0.978    C   63 0.971    H  134 0.956
    65  C   3.981    H  137 0.983    H  136 0.983    H  135 0.981    C   64 0.978
    66  C   3.984    C   64 1.000    H  138 0.982    H  140 0.977    H  139 0.974
    67  H   0.994    C    3 0.933
    68  H   0.992    C    4 0.930
    69  H   0.994    C    5 0.940
    70  H   0.995    C    8 0.935
    71  H   0.995    C    9 0.940
    72  H   0.998    C   11 0.980
    73  H   0.997    C   11 0.975
    74  H   0.996    C   11 0.976
    75  H   0.997    C   12 0.966
    76  H   0.997    C   12 0.958
    77  H   0.996    C   13 0.959
    78  H   0.997    C   13 0.963
    79  H   0.993    C   22 0.964
    80  H   0.993    C   22 0.965
    81  H   0.995    C   22 0.972
    82  H   0.997    C   25 0.965
    83  H   0.997    C   25 0.962
    84  H   0.995    C   25 0.972
    85  H   0.996    C   28 0.945
    86  H   0.994    C   29 0.943
    87  H   0.998    C   31 0.981
    88  H   0.997    C   31 0.980
    89  H   0.996    C   31 0.979
    90  H   0.998    C   32 0.967
    91  H   0.997    C   32 0.969
    92  H   0.997    C   33 0.983
    93  H   0.997    C   33 0.983
    94  H   0.998    C   33 0.980
    95  H   0.996    C   39 0.977
    96  H   0.993    C   39 0.969
    97  H   0.992    C   39 0.969
    98  H   0.993    C   42 0.928
    99  H   0.996    C   46 0.974
   100  H   0.998    C   46 0.986
   101  H   0.998    C   46 0.986
   102  H   0.996    C   47 0.956
   103  H   0.997    C   47 0.965
   104  H   0.999    C   48 0.936
   105  H   0.998    C   50 0.976
   106  H   0.998    C   50 0.978
   107  H   0.999    C   50 0.978
   108  H   0.998    C   51 0.963
   109  H   0.997    C   51 0.959
   110  H   0.999    C   52 0.970
   111  H   0.998    C   52 0.966
   112  H   0.999    C   53 0.959
   113  H   0.999    C   53 0.969
   114  H   0.998    C   54 0.952
   115  H   0.998    C   55 0.979
   116  H   0.999    C   55 0.978
   117  H   0.998    C   55 0.982
   118  H   0.998    C   56 0.966
   119  H   0.998    C   56 0.960
   120  H   0.999    C   57 0.962
   121  H   0.999    C   57 0.971
   122  H   0.999    C   58 0.972
   123  H   0.999    C   58 0.965
   124  H   0.999    C   59 0.951
   125  H   0.999    C   60 0.981
   126  H   0.998    C   60 0.974
   127  H   0.997    C   60 0.974
   128  H   0.998    C   61 0.961
   129  H   0.999    C   61 0.955
   130  H   0.998    C   62 0.959
   131  H   0.997    C   62 0.965
   132  H   0.998    C   63 0.967
   133  H   0.998    C   63 0.958
   134  H   0.999    C   64 0.956
   135  H   0.998    C   65 0.981
   136  H   0.999    C   65 0.983
   137  H   0.999    C   65 0.983
   138  H   1.000    C   66 0.982
   139  H   0.999    C   66 0.974
   140  H   0.998    C   66 0.977
 
 --------------------------------------------
          xTB calculation for sTDA...
 --------------------------------------------
 
 reading parameter file ~/.param_stda2.xtb
 
      method parameters     
 k(s)        :  1.6000
 k(p)        :  2.1800
 k(d)        :  1.9500
 k(f)        :  2.0000
 k(R-V)      :  2.2750
 k(R-R)      :  1.7650
 Tscal       :  0.2580
 Gscal       :  1.0000
 fpol        :  1.0000
 Zcnf        :  0.3430
 Zqf         :  0.0000
 kcn         :  2.7000
 Ryd Hsplit  :  0.7000
 lshift(virt):  3.1000
 lshift(OS)  :  0.2000
 wllscaling  :  2.6000
 
 mowrcut     : 3.000
 
  Z AO/shell   Hii/eV     exponent
  1     Sun Feb 14 09:53:25 CET 2016    EN: 2.327 GAM: 0.473  GM3: 0.0000
     1s    -14.339618    1.220000
     2sp    -3.348946    0.600000
  6     Sun Feb 14 09:53:25 CET 2016    EN: 2.731 GAM: 0.422  GM3: 0.0000
     2s    -22.009312    1.565095
     2p    -13.020408    1.596905
     3sp    -3.914040    0.824500
  7     Sun Feb 14 09:53:25 CET 2016    EN: 3.573 GAM: 0.504  GM3: 0.0000
     2s    -25.722000    2.064844
     2p    -18.684912    1.801692
     3sp    -4.344791    0.921400
  8     Sun Feb 14 09:53:25 CET 2016    EN: 3.700 GAM: 0.587  GM3: 0.0000
     2s    -33.859000    2.418661
     2p    -22.175911    1.973969
     3sp    -4.259392    1.013700
 12     Sun Feb 21 16:58:31 CET 2016    EN: 0.033 GAM: 0.222  GM3: 0.0000
     3s    -11.092543    1.647583
     3p     -6.929529    0.855020
 
 Nbf   :          894
 T(el) :     0.0
 calculating S/T integrals ...
 cpu time for ints    1.25531700000000     
 Nao   :          894
 making H0...
 making H1...
 cpu time for H      2.472800000000008E-002
 solving ...
 cpu time for diag   0.350290000000000     
 
 gap (eV)           :   4.619
 Koopmans IP (eV)   :  13.336
 Eel (Eh)           :  -300.969984

          eigenvalues
 #    :         164        165        166        167        168        169        170        171
 occ. :        2.000      2.000      2.000      2.000      2.000      2.000      2.000      2.000
 eps  :       -17.256    -17.210    -16.980    -16.485    -16.330    -16.103    -15.990    -15.897
 #    :         172        173        174        175        176        177        178        179
 occ. :        2.000      2.000      2.000      2.000      2.000      0.000      0.000      0.000
 eps  :       -15.812    -15.506    -15.200    -14.022    -13.337     -8.718     -6.898     -6.780
 #    :         180        181        182        183        184        185        186        187
 occ. :        0.000      0.000      0.000      0.000      0.000      0.000      0.000      0.000
 eps  :        -6.568     -6.118     -5.931     -5.528     -5.397     -5.142     -5.123     -4.985
                            1  SCC done.
 writing mo output ...
 molden style : F
 
speedup  1.44
cpu  time for all    2.19 s
wall time for all    1.52 s
