cpu-bind=MASK - bp1-compute058, task 4294967295 4294967295 [0]: mask 0xffffffffffff set
Host:    bp1-compute058.data.bp.acrc.priv
Time:    Tue May  3 22:50:39 BST 2022
Dir:     /user/home/of15641/chlorophyll_parameterization/tddft_data/step_1101_chromophore_27
Job ID:  1692035
Nodelist:
cat: bp1-compute058: No such file or directory
  
Result dir: /user/home/of15641/chlorophyll_parameterization/tddft_data/step_1101_chromophore_27
running gaussian jobs
Running time g16 < CAMB3LYP_step_1101_chromophore_27.com > CAMB3LYP_step_1101_chromophore_27.log

real	26m43.910s
user	628m2.515s
sys	0m27.933s
Running time g16 < PBE0_step_1101_chromophore_27.com > PBE0_step_1101_chromophore_27.log

real	16m0.762s
user	381m58.720s
sys	0m19.610s
Running time g16 < wB97XD_step_1101_chromophore_27.com > wB97XD_step_1101_chromophore_27.log

real	27m49.308s
user	653m58.391s
sys	0m29.597s
Running time g16 < BLYP_step_1101_chromophore_27.com > BLYP_step_1101_chromophore_27.log

real	12m24.445s
user	295m55.720s
sys	0m22.543s
Running time g16 < ZINDO_step_1101_chromophore_27.com > ZINDO_step_1101_chromophore_27.log

real	0m9.400s
user	3m22.938s
sys	0m3.298s
