cpu-bind=MASK - bp1-compute148, task 4294967295 4294967295 [0]: mask 0xffffff00ffffff set
Host:    bp1-compute148.data.bp.acrc.priv
Time:    Fri Apr 29 13:07:25 BST 2022
Dir:     /user/home/of15641/chlorophyll_parameterization/tddft_data/step_301_chromophore_9
Job ID:  1658698
Nodelist:
cat: bp1-compute148: No such file or directory
  
Result dir: /user/home/of15641/chlorophyll_parameterization/tddft_data/step_301_chromophore_9
running gaussian jobs
Running time g16 < CAMB3LYP_step_301_chromophore_9.com > CAMB3LYP_step_301_chromophore_9.log

real	27m55.349s
user	656m53.469s
sys	1m20.029s
Running time g16 < PBE0_step_301_chromophore_9.com > PBE0_step_301_chromophore_9.log

real	20m11.523s
user	481m44.666s
sys	0m45.560s
Running time g16 < wB97XD_step_301_chromophore_9.com > wB97XD_step_301_chromophore_9.log

real	29m21.126s
user	690m46.043s
sys	1m26.206s
Running time g16 < BLYP_step_301_chromophore_9.com > BLYP_step_301_chromophore_9.log

real	12m34.267s
user	299m25.353s
sys	0m42.243s
Running time g16 < ZINDO_step_301_chromophore_9.com > ZINDO_step_301_chromophore_9.log

real	0m8.741s
user	3m13.820s
sys	0m3.199s
