 
        ______________________________________
       |                                      |
       |          ===================         |
       |             xTB for sTDA             |
       |          ===================         |
       |               S. Grimme              |
       |        Universitaet Bonn, MCTC       |
       |         2015-19, Version 1.0         |
       |     Wed Apr  3 09:14:55 CEST 2019    |
       |______________________________________|
 
        This code comes without any warranty
        for non-commercial, academia use only.
        Preliminary test version.
        Cite this work as:
        S. Grimme  &  C. Bannwarth, JCP 145 (2016) 054103
        if GBSA is used additionally:
        P. Shushkov, F. März, C. Bannwarth, S. Grimme, unpublished.
 
        with help from
        P. Shushkov, G. Brandenburg, S. Dohm, J. Pisarek,
        F. März, M. Checinski, S. Ehrlich, S. Spicher, 
        P. Pracht, E. Caldeweyher, S. Ehlert, and C. Bannwarth.
 
        usage        :
        xtb4stda <coord_file> [options]
        where <coord_file> is a valid file of TM)
        (*coord, Bohr) or xmol (*xyz, Angstroem)
        format.

        options:
        -chrg <int>   : molecular charge
        -uhf  <int>   : # of unpaired electrons(=2*S)
        -nox          : skip second, extended part in sTDA-xTB
        -pop          : do population analysis
                      : (default for -nox)
        -mowr <real>  : cut MO write above (def.3 Eh)
        -molden       : write formatted molden file
        -parx <file>  : read parameters for sTDA-xTB
                        calc (def:~/.param_stda2.xtb)
        -parv <file>  : read parameters for vTB part in
                        sTDA-xTB (def: ~/.param_stda1.xtb)
        -xtemp <real> : el. temp for xTB (def. 0 K)
        -etemp <real> : el. temp for GFN (def. 300 K)
        -fod          : calculate the FOD and write
                        molden.input file with
                        appropriate occupations
                        for plotting. Def. T=12500 K
 
        -acc <real>   : xTB accuracy (def. 1.0)
        -gbsa [string1] [string2]
                        use GBSA implicit solvent
                        for solvent [string1] and
                        solvation state [string2]=
                        reference, bar1M (default=1M)
        additional GFN/opt/MD/siman options read from
        $XTB4STDAHOME/.xtb4stdarc or $set in input
 
       spin and charge state information can be on:
       <.CHRG> (charge) and <.UHF> (=nalpha-nbeta)
       -uhf and -chrg override the file info.
       useful machine settings:
       setenv MKL_NUM_THREADS <NCORE_ON_YOUR_MACHINE>
       setenv OMP_STACKSIZE 500m
       limit stacksize unlimited
 
       total energies in Eh, gaps/HL energies in eV
       please read REVISION and HOWTO files carefully
 =============================
  # OMP threads =           4
 =============================
 
 xtb4stdahome directory:~/
 
 
 name of molecule           :
 comment line               :
 number of atoms            :   140
 number of electrons        :   352
 charge                     :  0
 spin                       : 0.0
 first test random number   :  0.5776
 
 -----------------------------------------
      charge density (VTB) calculation
 -----------------------------------------
 
      method parameters     
 k(s)        :  1.8000
 k(p)        :  2.8350
 k(d)        :  2.0860
 k(f)        :  2.0000
 Tscal       :  0.3300
 Gscal       :  0.3910
 fpol        :  1.0000
 Zcnf        :  0.6500
 Zqf         :  0.0000
 kcn         :  0.3000
 kEN1        : -0.5900
 wllscal     :  2.6000
 
     -------------------------
     ! NO SOLVENT MODEL USED !
     -------------------------
 
 doing EN charges ...
 sum q : -0.1443290D-14
 point charge moment (au)
     X       Y       Z   
   0.0894  -0.0250   0.1926  total (Debye):    0.543
 
            Z      q(EN)   CN      Cart. coordinates
     1  MG  2.0   0.803   4.547    84.99609     4.30858    89.61269
     2  C   4.0   0.022   3.264    81.15239     9.57335    88.80767
     3  C   4.0  -0.061   3.124    79.54990     0.62928    89.27065
     4  C   4.0  -0.056   3.149    88.79822    -0.94675    88.63949
     5  C   4.0  -0.054   3.191    90.02654     8.06157    88.05367
     6  N   5.0  -0.340   3.033    80.64972     5.05880    88.79255
     7  C   4.0   0.118   3.315    79.64628     7.36426    88.64704
     8  C   4.0  -0.093   4.141    76.73988     7.21875    88.18973
     9  C   4.0  -0.095   4.121    76.21643     4.30480    88.81901
    10  C   4.0   0.103   3.282    78.92440     3.17852    88.98531
    11  C   4.0  -0.238   4.043    74.60449     4.17440    91.17550
    12  C   4.0  -0.162   4.072    75.94242     8.31479    85.57057
    13  C   4.0  -0.171   4.062    73.77868    10.25554    85.51577
    14  C   4.0   0.156   3.108    72.76201    10.60703    82.93440
    15  O   6.0  -0.086   1.036    70.47733    10.55979    82.33158
    16  O   6.0  -0.105   2.040    74.80291    11.11159    81.31491
    17  N   5.0  -0.380   3.219    84.33658     0.29480    89.46908
    18  C   4.0   0.081   3.316    81.95363    -0.77668    89.32924
    19  C   4.0   0.006   3.324    82.44685    -3.42607    89.42561
    20  C   4.0   0.007   3.205    85.03956    -4.05346    88.93239
    21  C   4.0   0.072   3.390    86.21686    -1.50611    89.07790
    22  C   4.0  -0.245   4.026    80.26422    -5.31013    89.76387
    23  C   4.0   0.097   3.037    86.43229    -6.56869    88.56201
    24  O   6.0  -0.089   1.061    85.20585    -8.59258    88.78121
    25  C   4.0  -0.250   4.033    89.08735    -6.85782    87.68139
    26  N   5.0  -0.424   3.168    88.80956     3.69630    88.32012
    27  C   4.0   0.084   3.498    90.02088     1.40785    88.46374
    28  C   4.0  -0.095   4.153    92.85735     1.53068    88.06312
    29  C   4.0  -0.097   4.228    93.07278     4.27456    87.39038
    30  C   4.0   0.128   3.433    90.48953     5.45375    87.96296
    31  C   4.0  -0.238   4.043    94.32945     0.68597    90.42906
    32  C   4.0  -0.161   4.022    94.06867     4.79235    84.55201
    33  C   4.0  -0.237   4.001    96.18516     3.15773    83.42006
    34  N   5.0  -0.471   3.253    85.75576     8.13905    89.09113
    35  C   4.0   0.113   3.601    87.77399     9.43162    88.60169
    36  C   4.0   0.018   3.282    87.33368    12.12448    88.60169
    37  C   4.0   0.002   3.451    84.75988    12.35314    88.75287
    38  C   4.0   0.067   3.835    83.80179     9.76988    88.93428
    39  C   4.0  -0.244   4.016    89.33679    14.17294    88.06879
    40  C   4.0   0.131   3.225    82.65850    14.01988    88.73208
    41  O   6.0  -0.117   1.061    82.56780    16.25353    88.57523
    42  C   4.0  -0.126   4.291    80.34548    12.38526    88.82090
    43  C   4.0   0.173   3.172    78.85070    12.98809    90.96007
    44  O   6.0  -0.094   1.057    79.52723    12.73675    93.17672
    45  O   6.0  -0.110   2.029    76.36005    13.64193    90.41016
    46  C   4.0  -0.197   4.015    74.52890    13.89138    92.47374
    47  C   4.0  -0.138   4.054    73.93175    11.76921    78.69953
    48  C   4.0  -0.055   3.077    75.96131    10.70719    76.87027
    49  C   4.0   0.018   3.060    76.17674    11.35158    74.35505
    50  C   4.0  -0.247   4.026    74.51567    13.49831    73.17586
    51  C   4.0  -0.176   4.060    78.18363    10.26877    72.69020
    52  C   4.0  -0.162   4.026    77.34459     7.91417    70.94031
    53  C   4.0  -0.164   4.078    78.73354     5.50666    71.76612
    54  C   4.0  -0.089   4.069    80.75933     4.65817    69.80270
    55  C   4.0  -0.239   4.058    81.23743     1.81036    70.10127
    56  C   4.0  -0.165   4.095    83.31424     6.03201    70.42442
    57  C   4.0  -0.163   4.054    83.66006     8.07858    68.50446
    58  C   4.0  -0.165   4.105    86.29056     7.69874    67.10795
    59  C   4.0  -0.087   4.036    86.16394     6.51389    64.48123
    60  C   4.0  -0.239   4.048    88.56012     4.77534    64.25257
    61  C   4.0  -0.166   4.102    86.33969     8.73242    62.52536
    62  C   4.0  -0.164   4.064    85.66884     8.08047    59.80605
    63  C   4.0  -0.166   4.102    83.50132     9.62437    58.90276
    64  C   4.0  -0.087   4.030    81.43963     7.98409    57.68955
    65  C   4.0  -0.240   4.056    78.97165     9.44485    57.78215
    66  C   4.0  -0.237   4.013    82.05946     7.06191    54.86063
    67  H   1.0   0.070   1.007    77.81891    -0.49322    89.26121
    68  H   1.0   0.071   1.008    90.18906    -2.46798    88.53555
    69  H   1.0   0.071   1.006    91.61769     9.32580    87.69651
    70  H   1.0   0.085   1.009    75.88761     8.36582    89.67317
    71  H   1.0   0.084   1.007    75.07503     3.64717    87.23542
    72  H   1.0   0.081   0.999    74.21332     6.01878    92.00509
    73  H   1.0   0.081   1.000    75.61927     3.05947    92.57956
    74  H   1.0   0.080   0.999    72.76012     3.42229    90.65204
    75  H   1.0   0.083   1.004    75.49833     7.03167    84.02100
    76  H   1.0   0.083   1.006    77.57703     9.24454    84.72964
    77  H   1.0   0.083   1.008    74.64417    12.06023    86.00332
    78  H   1.0   0.082   1.005    72.39729     9.52422    86.85747
    79  H   1.0   0.080   0.999    79.01322    -5.23265    88.13115
    80  H   1.0   0.081   1.005    79.26267    -4.34259    91.28132
    81  H   1.0   0.080   0.998    80.86137    -7.24710    90.12859
    82  H   1.0   0.081   1.000    89.37837    -5.70697    85.99954
    83  H   1.0   0.080   0.999    89.45018    -8.74754    86.94629
    84  H   1.0   0.080   0.998    90.58968    -6.46475    89.03444
    85  H   1.0   0.085   1.010    93.42994     0.44220    86.40961
    86  H   1.0   0.086   1.012    94.57134     4.85282    88.67917
    87  H   1.0   0.080   0.998    94.03087    -1.28501    90.94684
    88  H   1.0   0.081   0.998    93.95528     1.87083    92.07123
    89  H   1.0   0.080   0.998    96.36091     0.59526    90.10402
    90  H   1.0   0.081   1.003    94.76598     6.70286    84.21942
    91  H   1.0   0.082   1.003    92.35658     4.65251    83.41439
    92  H   1.0   0.080   1.000    96.89003     1.95020    84.93184
    93  H   1.0   0.079   0.997    97.69883     4.30102    82.61315
    94  H   1.0   0.080   0.998    95.41793     2.03523    81.87238
    95  H   1.0   0.080   0.999    89.34057    14.54711    86.04300
    96  H   1.0   0.080   0.998    91.11125    13.75720    89.02688
    97  H   1.0   0.080   1.002    88.50531    15.79433    89.02877
    98  H   1.0   0.087   1.013    79.24188    12.73675    87.11637
    99  H   1.0   0.080   0.995    72.81114    14.91939    91.98808
   100  H   1.0   0.080   0.996    75.28479    14.93261    94.08379
   101  H   1.0   0.080   0.996    74.07348    12.02433    93.21640
   102  H   1.0   0.082   1.000    73.92230    13.82146    78.87716
   103  H   1.0   0.082   0.999    71.98533    11.31001    78.20442
   104  H   1.0   0.070   1.002    77.04224     9.23131    77.81702
   105  H   1.0   0.080   0.997    72.78091    14.04822    74.13962
   106  H   1.0   0.080   1.001    73.91474    12.65360    71.39574
   107  H   1.0   0.080   0.998    75.70998    15.13482    72.80736
   108  H   1.0   0.083   1.008    79.57069     9.60926    74.06214
   109  H   1.0   0.082   1.003    78.98299    11.63693    71.37306
   110  H   1.0   0.082   1.003    77.88128     8.52644    69.04870
   111  H   1.0   0.081   1.000    75.29613     7.84236    70.72299
   112  H   1.0   0.082   1.002    77.47498     3.94386    72.23666
   113  H   1.0   0.082   1.002    79.38928     5.53879    73.72010
   114  H   1.0   0.084   1.008    79.86927     4.80368    67.95266
   115  H   1.0   0.081   0.999    82.83614     1.23966    68.93342
   116  H   1.0   0.080   0.997    79.68974     0.47999    69.82726
   117  H   1.0   0.081   1.002    81.68151     1.64028    72.10627
   118  H   1.0   0.083   1.005    84.80145     4.60715    70.36961
   119  H   1.0   0.083   1.003    83.23676     6.67073    72.38028
   120  H   1.0   0.082   1.005    83.93785     9.90594    69.41341
   121  H   1.0   0.083   1.004    82.17284     8.11637    67.07960
   122  H   1.0   0.083   1.004    87.59447     6.61026    68.27580
   123  H   1.0   0.083   1.006    87.02566     9.60926    66.86984
   124  H   1.0   0.083   1.005    84.43862     5.41973    64.22045
   125  H   1.0   0.080   0.998    88.21430     3.19175    62.98079
   126  H   1.0   0.080   0.997    89.27821     3.83425    65.93821
   127  H   1.0   0.080   0.997    90.26465     5.66540    63.51558
   128  H   1.0   0.083   1.005    88.32012     9.30123    62.55560
   129  H   1.0   0.083   1.004    85.27199    10.31790    63.29448
   130  H   1.0   0.083   1.005    85.28900     6.05846    59.70400
   131  H   1.0   0.083   1.008    87.30156     8.72864    58.73268
   132  H   1.0   0.083   1.006    84.36682    10.91128    57.54782
   133  H   1.0   0.083   1.005    82.64527    10.78278    60.37485
   134  H   1.0   0.083   1.009    80.99365     6.33247    58.83851
   135  H   1.0   0.081   1.000    77.80569     8.79478    56.21557
   136  H   1.0   0.081   1.000    79.38928    11.45930    57.65932
   137  H   1.0   0.080   0.997    77.78490     8.97809    59.40165
   138  H   1.0   0.080   0.997    83.57880     8.17684    54.02915
   139  H   1.0   0.080   0.997    80.43241     7.25466    53.61530
   140  H   1.0   0.079   0.996    82.49599     5.05313    54.72268
 
  Z AO/shell   Hii/eV     exponent
  1     Sat Feb 20 21:38:01 CET 2016    EN: 2.327 GAM: 0.473  GM3: 0.0000
     1s    -13.751157    1.051071
  6     Sat Feb 20 21:38:01 CET 2016    EN: 2.731 GAM: 0.422  GM3: 0.0000
     2s    -19.378245    2.021003
     2p    -11.993376    1.497917
  7     Sat Feb 20 21:38:01 CET 2016    EN: 3.573 GAM: 0.504  GM3: 0.0000
     2s    -21.576984    2.275442
     2p    -16.125120    2.056788
  8     Sat Feb 20 21:38:01 CET 2016    EN: 3.700 GAM: 0.587  GM3: 0.0000
     2s    -21.648843    2.110798
     2p    -17.239740    2.329048
 12     Sat Feb 20 23:25:47 CET 2016    EN: 0.033 GAM: 0.222  GM3: 0.0000
     3s    -12.693633    1.302878
     3p     -8.128821    0.504252
 
 dipole moment of classical point charges (au)
     X       Y       Z   
   0.0894  -0.0250   0.1926  total (Debye):    0.543

 
 Nbf   :          338
 T(el) :   300.0
 calculating S/T integrals ...
 cpu time for ints   0.159406000000000     
 Nao   :          338
 making H0...
 making H1...
 cpu time for H      8.692000000000005E-003
 solving ...
 cpu time for diag   8.192900000000000E-002
 
 gap (eV)           :   1.496
 Koopmans IP (eV)   :  12.191
 Eel (Eh)           :  -268.545734
 T,E(Fermi),NFOD :    300.000   -11.444  0.000000
 T,E(Fermi),NFOD :    300.000   -11.444  0.000000
 Nfod               :  0.0000
 Nfod/Nel           :  0.0000

          eigenvalues
 #    :         164        165        166        167        168        169        170        171
 occ. :        2.000      2.000      2.000      2.000      2.000      2.000      2.000      2.000
 eps  :       -16.337    -16.274    -16.240    -16.003    -15.918    -15.478    -15.414    -15.140
 #    :         172        173        174        175        176        177        178        179
 occ. :        2.000      2.000      2.000      2.000      2.000      0.000      0.000      0.000
 eps  :       -14.957    -14.738    -14.642    -13.122    -12.193    -10.697    -10.215     -8.790
 #    :         180        181        182        183        184        185        186        187
 occ. :        0.000      0.000      0.000      0.000      0.000      0.000      0.000      0.000
 eps  :        -8.683     -8.270     -7.993     -7.703     -7.616     -7.334     -7.191     -6.983
                            1  SCC done.
 making H1...
 cpu time for H      9.786900000000001E-002
 solving ...
 cpu time for diag   2.895799999999998E-002
 
 gap (eV)           :   1.651
 Koopmans IP (eV)   :  12.063
 Eel (Eh)           :  -266.167696
 T,E(Fermi),NFOD :    300.000   -11.238  0.000000
 T,E(Fermi),NFOD :    300.000   -11.238  0.000000
 Nfod               :  0.0000
 Nfod/Nel           :  0.0000

          eigenvalues
 #    :         164        165        166        167        168        169        170        171
 occ. :        2.000      2.000      2.000      2.000      2.000      2.000      2.000      2.000
 eps  :       -15.310    -15.273    -15.124    -14.964    -14.700    -14.596    -14.537    -14.381
 #    :         172        173        174        175        176        177        178        179
 occ. :        2.000      2.000      2.000      2.000      2.000      0.000      0.000      0.000
 eps  :       -14.335    -13.843    -13.625    -12.687    -12.065    -10.413     -9.773     -8.650
 #    :         180        181        182        183        184        185        186        187
 occ. :        0.000      0.000      0.000      0.000      0.000      0.000      0.000      0.000
 eps  :        -8.417     -8.084     -7.980     -7.595     -7.589     -7.145     -7.105     -6.970
                            2  SCC done.
 
 
 Mulliken/CM5 charges    n(s)   n(p)   n(d)   
    1 MG  0.3552  0.7562   0.636  1.008  0.000
    2 C  -0.0001  0.0033   1.183  2.817  0.000
    3 C  -0.0146 -0.0567   1.123  2.892  0.000
    4 C  -0.0333 -0.0756   1.134  2.899  0.000
    5 C  -0.0628 -0.1017   1.124  2.939  0.000
    6 N  -0.1573 -0.3902   1.396  3.762  0.000
    7 C   0.0324  0.1006   1.233  2.735  0.000
    8 C  -0.0365 -0.0913   1.223  2.813  0.000
    9 C  -0.0101 -0.0675   1.196  2.814  0.000
   10 C   0.0535  0.1145   1.215  2.732  0.000
   11 C  -0.0825 -0.2312   1.099  2.983  0.000
   12 C  -0.0733 -0.1801   1.156  2.917  0.000
   13 C  -0.0402 -0.1408   1.132  2.908  0.000
   14 C   0.2083  0.2518   1.198  2.594  0.000
   15 O  -0.2733 -0.3192   1.638  4.635  0.000
   16 O  -0.1634 -0.2443   1.519  4.644  0.000
   17 N  -0.1954 -0.4506   1.372  3.823  0.000
   18 C   0.0485  0.1075   1.189  2.762  0.000
   19 C   0.0114  0.0085   1.217  2.772  0.000
   20 C  -0.0507 -0.0453   1.209  2.842  0.000
   21 C   0.0193  0.0785   1.212  2.769  0.000
   22 C  -0.0838 -0.2274   1.088  2.995  0.000
   23 C   0.1263  0.1478   1.219  2.655  0.000
   24 O  -0.2565 -0.3038   1.630  4.627  0.000
   25 C  -0.0823 -0.2251   1.088  2.995  0.000
   26 N  -0.1830 -0.4593   1.406  3.777  0.000
   27 C   0.0195  0.0758   1.232  2.748  0.000
   28 C  -0.0051 -0.0647   1.175  2.830  0.000
   29 C  -0.0324 -0.0869   1.202  2.830  0.000
   30 C   0.0601  0.1314   1.205  2.734  0.000
   31 C  -0.0896 -0.2385   1.102  2.988  0.000
   32 C  -0.0679 -0.1780   1.158  2.910  0.000
   33 C  -0.0886 -0.2410   1.092  2.996  0.000
   34 N  -0.2190 -0.5185   1.381  3.838  0.000
   35 C   0.0388  0.1146   1.188  2.773  0.000
   36 C  -0.0271 -0.0317   1.220  2.807  0.000
   37 C  -0.0570 -0.0499   1.181  2.876  0.000
   38 C  -0.0007  0.0677   1.210  2.790  0.000
   39 C  -0.0597 -0.2035   1.085  2.974  0.000
   40 C   0.1953  0.2309   1.158  2.647  0.000
   41 O  -0.2230 -0.2702   1.621  4.602  0.000
   42 C  -0.0150 -0.0568   1.168  2.847  0.000
   43 C   0.2229  0.2744   1.178  2.599  0.000
   44 O  -0.2807 -0.3250   1.628  4.653  0.000
   45 O  -0.1689 -0.2517   1.482  4.687  0.000
   46 C   0.0091 -0.1143   1.086  2.905  0.000
   47 C   0.0349 -0.0463   1.148  2.817  0.000
   48 C  -0.0694 -0.1240   1.171  2.898  0.000
   49 C  -0.0295 -0.0524   1.223  2.806  0.000
   50 C  -0.0986 -0.2439   1.089  3.009  0.000
   51 C  -0.0591 -0.1648   1.145  2.914  0.000
   52 C  -0.0660 -0.1758   1.159  2.907  0.000
   53 C  -0.0895 -0.1997   1.153  2.936  0.000
   54 C  -0.0274 -0.1015   1.212  2.815  0.000
   55 C  -0.1112 -0.2628   1.105  3.006  0.000
   56 C  -0.0547 -0.1645   1.152  2.902  0.000
   57 C  -0.0550 -0.1664   1.150  2.905  0.000
   58 C  -0.0858 -0.1971   1.169  2.917  0.000
   59 C  -0.0222 -0.0951   1.208  2.814  0.000
   60 C  -0.1224 -0.2730   1.110  3.013  0.000
   61 C  -0.0795 -0.1915   1.166  2.913  0.000
   62 C  -0.0475 -0.1602   1.138  2.910  0.000
   63 C  -0.0583 -0.1698   1.147  2.911  0.000
   64 C  -0.0230 -0.0975   1.201  2.822  0.000
   65 C  -0.1058 -0.2572   1.102  3.004  0.000
   66 C  -0.1127 -0.2622   1.112  3.001  0.000
   67 H   0.0500  0.1088   0.950  0.000  0.000
   68 H   0.0587  0.1196   0.941  0.000  0.000
   69 H   0.0433  0.1023   0.957  0.000  0.000
   70 H   0.0500  0.1151   0.950  0.000  0.000
   71 H   0.0490  0.1094   0.951  0.000  0.000
   72 H   0.0402  0.0933   0.960  0.000  0.000
   73 H   0.0401  0.0940   0.960  0.000  0.000
   74 H   0.0400  0.0921   0.960  0.000  0.000
   75 H   0.0365  0.0966   0.963  0.000  0.000
   76 H   0.0324  0.0945   0.968  0.000  0.000
   77 H   0.0541  0.1181   0.946  0.000  0.000
   78 H   0.0432  0.1028   0.957  0.000  0.000
   79 H   0.0402  0.0927   0.960  0.000  0.000
   80 H   0.0465  0.1015   0.954  0.000  0.000
   81 H   0.0548  0.1103   0.945  0.000  0.000
   82 H   0.0436  0.0976   0.956  0.000  0.000
   83 H   0.0472  0.1029   0.953  0.000  0.000
   84 H   0.0514  0.1039   0.949  0.000  0.000
   85 H   0.0546  0.1172   0.945  0.000  0.000
   86 H   0.0383  0.1013   0.962  0.000  0.000
   87 H   0.0401  0.0921   0.960  0.000  0.000
   88 H   0.0374  0.0902   0.963  0.000  0.000
   89 H   0.0342  0.0859   0.966  0.000  0.000
   90 H   0.0333  0.0885   0.967  0.000  0.000
   91 H   0.0276  0.0848   0.972  0.000  0.000
   92 H   0.0327  0.0862   0.967  0.000  0.000
   93 H   0.0401  0.0911   0.960  0.000  0.000
   94 H   0.0337  0.0852   0.966  0.000  0.000
   95 H   0.0586  0.1109   0.941  0.000  0.000
   96 H   0.0557  0.1079   0.944  0.000  0.000
   97 H   0.0469  0.1013   0.953  0.000  0.000
   98 H   0.0567  0.1268   0.943  0.000  0.000
   99 H   0.0548  0.1114   0.945  0.000  0.000
  100 H   0.0478  0.1086   0.952  0.000  0.000
  101 H   0.0469  0.1068   0.953  0.000  0.000
  102 H   0.0471  0.1134   0.953  0.000  0.000
  103 H   0.0723  0.1374   0.928  0.000  0.000
  104 H   0.0425  0.1022   0.958  0.000  0.000
  105 H   0.0429  0.0947   0.957  0.000  0.000
  106 H   0.0361  0.0895   0.964  0.000  0.000
  107 H   0.0411  0.0931   0.959  0.000  0.000
  108 H   0.0450  0.1039   0.955  0.000  0.000
  109 H   0.0453  0.1011   0.955  0.000  0.000
  110 H   0.0344  0.0909   0.966  0.000  0.000
  111 H   0.0376  0.0919   0.962  0.000  0.000
  112 H   0.0343  0.0898   0.966  0.000  0.000
  113 H   0.0407  0.0967   0.959  0.000  0.000
  114 H   0.0418  0.1017   0.958  0.000  0.000
  115 H   0.0360  0.0883   0.964  0.000  0.000
  116 H   0.0341  0.0851   0.966  0.000  0.000
  117 H   0.0195  0.0738   0.980  0.000  0.000
  118 H   0.0435  0.1017   0.957  0.000  0.000
  119 H   0.0425  0.0993   0.957  0.000  0.000
  120 H   0.0380  0.0940   0.962  0.000  0.000
  121 H   0.0449  0.1026   0.955  0.000  0.000
  122 H   0.0375  0.0951   0.962  0.000  0.000
  123 H   0.0302  0.0878   0.970  0.000  0.000
  124 H   0.0383  0.0973   0.962  0.000  0.000
  125 H   0.0238  0.0752   0.976  0.000  0.000
  126 H   0.0348  0.0861   0.965  0.000  0.000
  127 H   0.0278  0.0797   0.972  0.000  0.000
  128 H   0.0280  0.0854   0.972  0.000  0.000
  129 H   0.0365  0.0940   0.964  0.000  0.000
  130 H   0.0386  0.0968   0.961  0.000  0.000
  131 H   0.0430  0.1000   0.957  0.000  0.000
  132 H   0.0326  0.0897   0.967  0.000  0.000
  133 H   0.0414  0.0992   0.959  0.000  0.000
  134 H   0.0323  0.0917   0.968  0.000  0.000
  135 H   0.0310  0.0842   0.969  0.000  0.000
  136 H   0.0282  0.0814   0.972  0.000  0.000
  137 H   0.0357  0.0870   0.964  0.000  0.000
  138 H   0.0295  0.0814   0.971  0.000  0.000
  139 H   0.0324  0.0842   0.968  0.000  0.000
  140 H   0.0338  0.0846   0.966  0.000  0.000
 Hirshfeld charges for QMDFF written to <charges>
 
 Loewdin charges    n(s)   n(p)   n(d)
    1 MG  0.1999   0.647  1.153  0.000
    2 C   0.0023   1.143  2.854  0.000
    3 C  -0.0109   1.071  2.940  0.000
    4 C  -0.0332   1.083  2.950  0.000
    5 C  -0.0618   1.073  2.989  0.000
    6 N  -0.1231   1.351  3.772  0.000
    7 C   0.0323   1.198  2.770  0.000
    8 C  -0.0314   1.178  2.853  0.000
    9 C  -0.0005   1.147  2.853  0.000
   10 C   0.0550   1.178  2.767  0.000
   11 C  -0.0851   1.027  3.058  0.000
   12 C  -0.0695   1.098  2.971  0.000
   13 C  -0.0401   1.072  2.968  0.000
   14 C   0.1926   1.170  2.637  0.000
   15 O  -0.2618   1.611  4.651  0.000
   16 O  -0.1336   1.489  4.645  0.000
   17 N  -0.1643   1.332  3.832  0.000
   18 C   0.0494   1.152  2.799  0.000
   19 C   0.0181   1.177  2.805  0.000
   20 C  -0.0592   1.175  2.885  0.000
   21 C   0.0248   1.174  2.802  0.000
   22 C  -0.0847   1.014  3.070  0.000
   23 C   0.1275   1.182  2.690  0.000
   24 O  -0.2440   1.603  4.641  0.000
   25 C  -0.0880   1.015  3.073  0.000
   26 N  -0.1445   1.359  3.786  0.000
   27 C   0.0238   1.195  2.781  0.000
   28 C   0.0043   1.125  2.871  0.000
   29 C  -0.0268   1.156  2.871  0.000
   30 C   0.0639   1.167  2.769  0.000
   31 C  -0.0922   1.030  3.062  0.000
   32 C  -0.0631   1.100  2.963  0.000
   33 C  -0.0897   1.020  3.070  0.000
   34 N  -0.1825   1.334  3.848  0.000
   35 C   0.0393   1.150  2.811  0.000
   36 C  -0.0189   1.179  2.840  0.000
   37 C  -0.0637   1.143  2.921  0.000
   38 C   0.0031   1.172  2.825  0.000
   39 C  -0.0584   1.010  3.048  0.000
   40 C   0.1865   1.122  2.691  0.000
   41 O  -0.2055   1.587  4.619  0.000
   42 C  -0.0163   1.118  2.898  0.000
   43 C   0.2033   1.150  2.647  0.000
   44 O  -0.2690   1.600  4.669  0.000
   45 O  -0.1355   1.449  4.687  0.000
   46 C   0.0012   1.017  2.982  0.000
   47 C   0.0360   1.090  2.874  0.000
   48 C  -0.0674   1.124  2.943  0.000
   49 C  -0.0191   1.183  2.836  0.000
   50 C  -0.1011   1.016  3.085  0.000
   51 C  -0.0562   1.086  2.970  0.000
   52 C  -0.0617   1.101  2.961  0.000
   53 C  -0.0889   1.097  2.992  0.000
   54 C  -0.0167   1.165  2.851  0.000
   55 C  -0.1151   1.035  3.081  0.000
   56 C  -0.0520   1.094  2.958  0.000
   57 C  -0.0496   1.091  2.958  0.000
   58 C  -0.0854   1.114  2.972  0.000
   59 C  -0.0106   1.160  2.850  0.000
   60 C  -0.1284   1.041  3.088  0.000
   61 C  -0.0786   1.110  2.968  0.000
   62 C  -0.0422   1.077  2.965  0.000
   63 C  -0.0560   1.089  2.967  0.000
   64 C  -0.0114   1.152  2.859  0.000
   65 C  -0.1101   1.031  3.079  0.000
   66 C  -0.1172   1.042  3.075  0.000
   67 H   0.0447   0.955  0.000  0.000
   68 H   0.0545   0.945  0.000  0.000
   69 H   0.0383   0.962  0.000  0.000
   70 H   0.0448   0.955  0.000  0.000
   71 H   0.0425   0.957  0.000  0.000
   72 H   0.0411   0.959  0.000  0.000
   73 H   0.0395   0.961  0.000  0.000
   74 H   0.0393   0.961  0.000  0.000
   75 H   0.0335   0.966  0.000  0.000
   76 H   0.0302   0.970  0.000  0.000
   77 H   0.0497   0.950  0.000  0.000
   78 H   0.0387   0.961  0.000  0.000
   79 H   0.0398   0.960  0.000  0.000
   80 H   0.0460   0.954  0.000  0.000
   81 H   0.0517   0.948  0.000  0.000
   82 H   0.0439   0.956  0.000  0.000
   83 H   0.0455   0.954  0.000  0.000
   84 H   0.0514   0.949  0.000  0.000
   85 H   0.0485   0.952  0.000  0.000
   86 H   0.0329   0.967  0.000  0.000
   87 H   0.0402   0.960  0.000  0.000
   88 H   0.0372   0.963  0.000  0.000
   89 H   0.0346   0.965  0.000  0.000
   90 H   0.0310   0.969  0.000  0.000
   91 H   0.0256   0.974  0.000  0.000
   92 H   0.0336   0.966  0.000  0.000
   93 H   0.0395   0.960  0.000  0.000
   94 H   0.0333   0.967  0.000  0.000
   95 H   0.0559   0.944  0.000  0.000
   96 H   0.0536   0.946  0.000  0.000
   97 H   0.0449   0.955  0.000  0.000
   98 H   0.0490   0.951  0.000  0.000
   99 H   0.0514   0.949  0.000  0.000
  100 H   0.0441   0.956  0.000  0.000
  101 H   0.0436   0.956  0.000  0.000
  102 H   0.0407   0.959  0.000  0.000
  103 H   0.0638   0.936  0.000  0.000
  104 H   0.0352   0.965  0.000  0.000
  105 H   0.0423   0.958  0.000  0.000
  106 H   0.0361   0.964  0.000  0.000
  107 H   0.0403   0.960  0.000  0.000
  108 H   0.0418   0.958  0.000  0.000
  109 H   0.0421   0.958  0.000  0.000
  110 H   0.0331   0.967  0.000  0.000
  111 H   0.0346   0.965  0.000  0.000
  112 H   0.0329   0.967  0.000  0.000
  113 H   0.0403   0.960  0.000  0.000
  114 H   0.0364   0.964  0.000  0.000
  115 H   0.0363   0.964  0.000  0.000
  116 H   0.0342   0.966  0.000  0.000
  117 H   0.0209   0.979  0.000  0.000
  118 H   0.0414   0.959  0.000  0.000
  119 H   0.0395   0.960  0.000  0.000
  120 H   0.0352   0.965  0.000  0.000
  121 H   0.0423   0.958  0.000  0.000
  122 H   0.0362   0.964  0.000  0.000
  123 H   0.0292   0.971  0.000  0.000
  124 H   0.0324   0.968  0.000  0.000
  125 H   0.0250   0.975  0.000  0.000
  126 H   0.0363   0.964  0.000  0.000
  127 H   0.0293   0.971  0.000  0.000
  128 H   0.0267   0.973  0.000  0.000
  129 H   0.0354   0.965  0.000  0.000
  130 H   0.0359   0.964  0.000  0.000
  131 H   0.0400   0.960  0.000  0.000
  132 H   0.0304   0.970  0.000  0.000
  133 H   0.0395   0.961  0.000  0.000
  134 H   0.0273   0.973  0.000  0.000
  135 H   0.0323   0.968  0.000  0.000
  136 H   0.0286   0.971  0.000  0.000
  137 H   0.0358   0.964  0.000  0.000
  138 H   0.0300   0.970  0.000  0.000
  139 H   0.0338   0.966  0.000  0.000
  140 H   0.0339   0.966  0.000  0.000
 
 Wiberg/Mayer (AO) data. WBOs > 0.1 written file <wbo>
 largest (>0.05) Wiberg bond orders for each atom
           total WBO             WBO to atom ...
     1  MG  2.474    N   17 0.550    N   34 0.482    N   26 0.388    N    6 0.325    C   38 0.056    C   21 0.055    C   18 0.055
     2  C   3.892    C    7 1.333    C   38 1.292    C   42 0.910
     3  C   3.915    C   10 1.495    C   18 1.187    H   67 0.940
     4  C   3.915    C   27 1.445    C   21 1.277    H   68 0.928
     5  C   3.912    C   30 1.412    C   35 1.240    H   69 0.945
     6  N   3.300    C    7 1.329    C   10 1.224    MG   1 0.325    C   38 0.056
     7  C   3.857    C    2 1.333    N    6 1.329    C    8 0.917
     8  C   3.919    C   12 0.945    C    9 0.939    H   70 0.936    C    7 0.917
     9  C   3.935    C   11 0.989    H   71 0.946    C    8 0.939    C   10 0.912
    10  C   3.867    C    3 1.495    N    6 1.224    C    9 0.912
    11  C   3.974    C    9 0.989    H   74 0.977    H   73 0.974    H   72 0.969
    12  C   3.942    C   13 0.968    H   76 0.962    H   75 0.962    C    8 0.945
    13  C   3.972    C   14 0.972    C   12 0.968    H   78 0.961    H   77 0.943    O   15 0.068
    14  C   3.889    O   15 1.804    O   16 1.068    C   13 0.972
    15  O   2.114    C   14 1.804    O   16 0.169    C   13 0.068
    16  O   2.285    C   14 1.068    C   47 0.950    O   15 0.169
    17  N   3.346    C   21 1.176    C   18 1.162    MG   1 0.550    C   20 0.076
    18  C   3.861    C   19 1.246    C    3 1.187    N   17 1.162    MG   1 0.055
    19  C   3.858    C   20 1.370    C   18 1.246    C   22 0.978
    20  C   3.871    C   19 1.370    C   21 1.134    C   23 1.012    N   17 0.076    O   24 0.075
    21  C   3.862    C    4 1.277    N   17 1.176    C   20 1.134    MG   1 0.055
    22  C   3.978    C   19 0.978    H   81 0.976    H   80 0.970    H   79 0.969
    23  C   3.886    O   24 1.796    C   20 1.012    C   25 0.981
    24  O   2.113    C   23 1.796    C   20 0.075    C   25 0.066
    25  C   3.980    C   23 0.981    H   83 0.968    H   82 0.960    H   84 0.955    O   24 0.066
    26  N   3.338    C   30 1.308    C   27 1.184    MG   1 0.388
    27  C   3.837    C    4 1.445    N   26 1.184    C   28 0.933
    28  C   3.949    C   29 0.981    C   31 0.967    H   85 0.936    C   27 0.933
    29  C   3.932    C   28 0.981    H   86 0.944    C   32 0.923    C   30 0.917
    30  C   3.874    C    5 1.412    N   26 1.308    C   29 0.917
    31  C   3.963    H   88 0.978    H   89 0.977    H   87 0.974    C   28 0.967
    32  C   3.944    C   33 1.003    H   91 0.973    H   90 0.972    C   29 0.923
    33  C   3.983    C   32 1.003    H   94 0.985    H   93 0.982    H   92 0.981
    34  N   3.323    C   35 1.245    C   38 1.167    MG   1 0.482    C   37 0.060
    35  C   3.878    N   34 1.245    C    5 1.240    C   36 1.140
    36  C   3.854    C   37 1.447    C   35 1.140    C   39 0.972    O   41 0.062
    37  C   3.907    C   36 1.447    C   38 1.088    C   40 1.060    O   41 0.069    N   34 0.060
    38  C   3.869    C    2 1.292    N   34 1.167    C   37 1.088    MG   1 0.056    N    6 0.056
    39  C   3.976    H   96 0.978    H   97 0.977    C   36 0.972    H   95 0.967
    40  C   3.904    O   41 1.834    C   37 1.060    C   42 0.874
    41  O   2.175    C   40 1.834    C   42 0.081    C   37 0.069    C   36 0.062
    42  C   3.951    C   43 0.977    H   98 0.924    C    2 0.910    C   40 0.874    O   41 0.081    O   44 0.053
    43  C   3.899    O   44 1.795    O   45 1.051    C   42 0.977
    44  O   2.100    C   43 1.795    O   45 0.165    C   42 0.053
    45  O   2.274    C   43 1.051    C   46 0.976    O   44 0.165
    46  C   3.945    H   99 0.988    H  101 0.985    H  100 0.983    O   45 0.976
    47  C   3.920    C   48 0.984    H  102 0.969    O   16 0.950    H  103 0.950
    48  C   3.952    C   49 1.881    C   47 0.984    H  104 0.942
    49  C   3.929    C   48 1.881    C   51 1.000    C   50 0.966
    50  C   3.986    H  105 0.979    H  106 0.978    H  107 0.975    C   49 0.966
    51  C   3.967    C   49 1.000    H  109 0.961    H  108 0.956    C   52 0.939
    52  C   3.954    C   53 0.990    H  110 0.969    H  111 0.966    C   51 0.939
    53  C   3.944    C   52 0.990    C   54 0.966    H  112 0.954    H  113 0.952
    54  C   3.935    C   55 0.992    C   53 0.966    C   56 0.959    H  114 0.949
    55  C   3.978    C   54 0.992    H  117 0.985    H  116 0.975    H  115 0.974
    56  C   3.964    C   57 1.006    H  119 0.960    C   54 0.959    H  118 0.954
    57  C   3.969    C   56 1.006    H  120 0.966    C   58 0.965    H  121 0.961
    58  C   3.958    C   59 0.986    C   57 0.965    H  123 0.963    H  122 0.955
    59  C   3.940    C   58 0.986    C   60 0.975    C   61 0.966    H  124 0.952
    60  C   3.970    H  125 0.980    H  127 0.979    C   59 0.975    H  126 0.974
    61  C   3.958    C   62 0.984    H  128 0.966    C   59 0.966    H  129 0.953
    62  C   3.974    C   63 1.000    C   61 0.984    H  131 0.966    H  130 0.961
    63  C   3.968    C   62 1.000    C   64 0.975    H  132 0.965    H  133 0.950
    64  C   3.941    C   65 0.999    C   63 0.975    C   66 0.966    H  134 0.957
    65  C   3.981    C   64 0.999    H  136 0.980    H  137 0.977    H  135 0.973
    66  C   3.975    H  140 0.984    H  138 0.983    H  139 0.979    C   64 0.966
    67  H   0.995    C    3 0.940
    68  H   0.993    C    4 0.928
    69  H   0.995    C    5 0.945
    70  H   0.996    C    8 0.936
    71  H   0.993    C    9 0.946
    72  H   0.997    C   11 0.969
    73  H   0.997    C   11 0.974
    74  H   0.997    C   11 0.977
    75  H   0.996    C   12 0.962
    76  H   0.997    C   12 0.962
    77  H   0.997    C   13 0.943
    78  H   0.998    C   13 0.961
    79  H   0.993    C   22 0.969
    80  H   0.994    C   22 0.970
    81  H   0.996    C   22 0.976
    82  H   0.997    C   25 0.960
    83  H   0.995    C   25 0.968
    84  H   0.996    C   25 0.955
    85  H   0.994    C   28 0.936
    86  H   0.996    C   29 0.944
    87  H   0.996    C   31 0.974
    88  H   0.998    C   31 0.978
    89  H   0.997    C   31 0.977
    90  H   0.997    C   32 0.972
    91  H   0.999    C   32 0.973
    92  H   0.999    C   33 0.981
    93  H   0.997    C   33 0.982
    94  H   0.998    C   33 0.985
    95  H   0.992    C   39 0.967
    96  H   0.995    C   39 0.978
    97  H   0.996    C   39 0.977
    98  H   0.993    C   42 0.924
    99  H   0.996    C   46 0.988
   100  H   0.998    C   46 0.983
   101  H   0.998    C   46 0.985
   102  H   0.997    C   47 0.969
   103  H   0.994    C   47 0.950
   104  H   0.998    C   48 0.942
   105  H   0.998    C   50 0.979
   106  H   0.999    C   50 0.978
   107  H   0.998    C   50 0.975
   108  H   0.998    C   51 0.956
   109  H   0.997    C   51 0.961
   110  H   0.998    C   52 0.969
   111  H   0.998    C   52 0.966
   112  H   0.997    C   53 0.954
   113  H   0.998    C   53 0.952
   114  H   0.998    C   54 0.949
   115  H   0.997    C   55 0.974
   116  H   0.998    C   55 0.975
   117  H   1.000    C   55 0.985
   118  H   0.998    C   56 0.954
   119  H   0.998    C   56 0.960
   120  H   0.997    C   57 0.966
   121  H   0.998    C   57 0.961
   122  H   0.998    C   58 0.955
   123  H   0.998    C   58 0.963
   124  H   0.999    C   59 0.952
   125  H   0.999    C   60 0.980
   126  H   0.998    C   60 0.974
   127  H   0.999    C   60 0.979
   128  H   0.998    C   61 0.966
   129  H   0.999    C   61 0.953
   130  H   0.999    C   62 0.961
   131  H   0.998    C   62 0.966
   132  H   0.998    C   63 0.965
   133  H   0.998    C   63 0.950
   134  H   0.999    C   64 0.957
   135  H   0.999    C   65 0.973
   136  H   0.999    C   65 0.980
   137  H   0.999    C   65 0.977
   138  H   0.999    C   66 0.983
   139  H   0.999    C   66 0.979
   140  H   0.999    C   66 0.984
 
 --------------------------------------------
          xTB calculation for sTDA...
 --------------------------------------------
 
 reading parameter file ~/.param_stda2.xtb
 
      method parameters     
 k(s)        :  1.6000
 k(p)        :  2.1800
 k(d)        :  1.9500
 k(f)        :  2.0000
 k(R-V)      :  2.2750
 k(R-R)      :  1.7650
 Tscal       :  0.2580
 Gscal       :  1.0000
 fpol        :  1.0000
 Zcnf        :  0.3430
 Zqf         :  0.0000
 kcn         :  2.7000
 Ryd Hsplit  :  0.7000
 lshift(virt):  3.1000
 lshift(OS)  :  0.2000
 wllscaling  :  2.6000
 
 mowrcut     : 3.000
 
  Z AO/shell   Hii/eV     exponent
  1     Sun Feb 14 09:53:25 CET 2016    EN: 2.327 GAM: 0.473  GM3: 0.0000
     1s    -14.339618    1.220000
     2sp    -3.348946    0.600000
  6     Sun Feb 14 09:53:25 CET 2016    EN: 2.731 GAM: 0.422  GM3: 0.0000
     2s    -22.009312    1.565095
     2p    -13.020408    1.596905
     3sp    -3.914040    0.824500
  7     Sun Feb 14 09:53:25 CET 2016    EN: 3.573 GAM: 0.504  GM3: 0.0000
     2s    -25.722000    2.064844
     2p    -18.684912    1.801692
     3sp    -4.344791    0.921400
  8     Sun Feb 14 09:53:25 CET 2016    EN: 3.700 GAM: 0.587  GM3: 0.0000
     2s    -33.859000    2.418661
     2p    -22.175911    1.973969
     3sp    -4.259392    1.013700
 12     Sun Feb 21 16:58:31 CET 2016    EN: 0.033 GAM: 0.222  GM3: 0.0000
     3s    -11.092543    1.647583
     3p     -6.929529    0.855020
 
 Nbf   :          894
 T(el) :     0.0
 calculating S/T integrals ...
 cpu time for ints    1.38769500000000     
 Nao   :          894
 making H0...
 making H1...
 cpu time for H      2.284100000000011E-002
 solving ...
 cpu time for diag   0.289334000000000     
 
 gap (eV)           :   4.833
 Koopmans IP (eV)   :  13.500
 Eel (Eh)           :  -301.572178

          eigenvalues
 #    :         164        165        166        167        168        169        170        171
 occ. :        2.000      2.000      2.000      2.000      2.000      2.000      2.000      2.000
 eps  :       -17.385    -17.315    -17.027    -16.702    -16.421    -16.275    -16.065    -15.832
 #    :         172        173        174        175        176        177        178        179
 occ. :        2.000      2.000      2.000      2.000      2.000      0.000      0.000      0.000
 eps  :       -15.597    -15.390    -15.377    -13.829    -13.501     -8.668     -7.119     -7.030
 #    :         180        181        182        183        184        185        186        187
 occ. :        0.000      0.000      0.000      0.000      0.000      0.000      0.000      0.000
 eps  :        -6.861     -6.183     -5.951     -5.747     -5.552     -5.268     -5.110     -5.035
                            1  SCC done.
 writing mo output ...
 molden style : F
 
speedup  1.34
cpu  time for all    2.25 s
wall time for all    1.68 s
