cpu-bind=MASK - bp1-compute161, task 4294967295 4294967295 [0]: mask 0xffffff00ffffff set
Host:    bp1-compute161.data.bp.acrc.priv
Time:    Sat Apr 30 22:35:34 BST 2022
Dir:     /user/home/of15641/chlorophyll_parameterization/tddft_data/step_951_chromophore_17
Job ID:  1659061
Nodelist:
cat: bp1-compute161: No such file or directory
  
Result dir: /user/home/of15641/chlorophyll_parameterization/tddft_data/step_951_chromophore_17
running gaussian jobs
Running time g16 < CAMB3LYP_step_951_chromophore_17.com > CAMB3LYP_step_951_chromophore_17.log

real	24m35.419s
user	578m21.568s
sys	0m39.909s
Running time g16 < PBE0_step_951_chromophore_17.com > PBE0_step_951_chromophore_17.log

real	17m1.957s
user	406m6.454s
sys	0m43.415s
Running time g16 < wB97XD_step_951_chromophore_17.com > wB97XD_step_951_chromophore_17.log

real	26m17.159s
user	617m41.033s
sys	1m2.673s
Running time g16 < BLYP_step_951_chromophore_17.com > BLYP_step_951_chromophore_17.log

real	12m16.343s
user	292m14.348s
sys	0m38.477s
Running time g16 < ZINDO_step_951_chromophore_17.com > ZINDO_step_951_chromophore_17.log

real	0m8.086s
user	2m58.983s
sys	0m3.024s
