 
        ______________________________________
       |                                      |
       |          ===================         |
       |             xTB for sTDA             |
       |          ===================         |
       |               S. Grimme              |
       |        Universitaet Bonn, MCTC       |
       |         2015-19, Version 1.0         |
       |     Wed Apr  3 09:14:55 CEST 2019    |
       |______________________________________|
 
        This code comes without any warranty
        for non-commercial, academia use only.
        Preliminary test version.
        Cite this work as:
        S. Grimme  &  C. Bannwarth, JCP 145 (2016) 054103
        if GBSA is used additionally:
        P. Shushkov, F. März, C. Bannwarth, S. Grimme, unpublished.
 
        with help from
        P. Shushkov, G. Brandenburg, S. Dohm, J. Pisarek,
        F. März, M. Checinski, S. Ehrlich, S. Spicher, 
        P. Pracht, E. Caldeweyher, S. Ehlert, and C. Bannwarth.
 
        usage        :
        xtb4stda <coord_file> [options]
        where <coord_file> is a valid file of TM)
        (*coord, Bohr) or xmol (*xyz, Angstroem)
        format.

        options:
        -chrg <int>   : molecular charge
        -uhf  <int>   : # of unpaired electrons(=2*S)
        -nox          : skip second, extended part in sTDA-xTB
        -pop          : do population analysis
                      : (default for -nox)
        -mowr <real>  : cut MO write above (def.3 Eh)
        -molden       : write formatted molden file
        -parx <file>  : read parameters for sTDA-xTB
                        calc (def:~/.param_stda2.xtb)
        -parv <file>  : read parameters for vTB part in
                        sTDA-xTB (def: ~/.param_stda1.xtb)
        -xtemp <real> : el. temp for xTB (def. 0 K)
        -etemp <real> : el. temp for GFN (def. 300 K)
        -fod          : calculate the FOD and write
                        molden.input file with
                        appropriate occupations
                        for plotting. Def. T=12500 K
 
        -acc <real>   : xTB accuracy (def. 1.0)
        -gbsa [string1] [string2]
                        use GBSA implicit solvent
                        for solvent [string1] and
                        solvation state [string2]=
                        reference, bar1M (default=1M)
        additional GFN/opt/MD/siman options read from
        $XTB4STDAHOME/.xtb4stdarc or $set in input
 
       spin and charge state information can be on:
       <.CHRG> (charge) and <.UHF> (=nalpha-nbeta)
       -uhf and -chrg override the file info.
       useful machine settings:
       setenv MKL_NUM_THREADS <NCORE_ON_YOUR_MACHINE>
       setenv OMP_STACKSIZE 500m
       limit stacksize unlimited
 
       total energies in Eh, gaps/HL energies in eV
       please read REVISION and HOWTO files carefully
 =============================
  # OMP threads =           4
 =============================
 
 xtb4stdahome directory:~/
 
 
 name of molecule           :
 comment line               :
 number of atoms            :   140
 number of electrons        :   352
 charge                     :  0
 spin                       : 0.0
 first test random number   :  0.7722
 
 -----------------------------------------
      charge density (VTB) calculation
 -----------------------------------------
 
      method parameters     
 k(s)        :  1.8000
 k(p)        :  2.8350
 k(d)        :  2.0860
 k(f)        :  2.0000
 Tscal       :  0.3300
 Gscal       :  0.3910
 fpol        :  1.0000
 Zcnf        :  0.6500
 Zqf         :  0.0000
 kcn         :  0.3000
 kEN1        : -0.5900
 wllscal     :  2.6000
 
     -------------------------
     ! NO SOLVENT MODEL USED !
     -------------------------
 
 doing EN charges ...
 sum q :  0.2109424D-14
 point charge moment (au)
     X       Y       Z   
  -0.0490  -0.1771   0.6304  total (Debye):    1.669
 
            Z      q(EN)   CN      Cart. coordinates
     1  MG  2.0   0.921   4.814     1.90862    15.10458    50.26104
     2  C   4.0   0.022   3.287     3.17852    19.14292    55.53527
     3  C   4.0  -0.059   3.160     2.96876    10.17995    54.18222
     4  C   4.0  -0.058   3.147     1.61761    11.47064    45.01894
     5  C   4.0  -0.057   3.156     1.69508    20.55833    46.47970
     6  N   5.0  -0.369   3.154     2.80813    14.83057    54.36553
     7  C   4.0   0.097   3.462     3.19931    16.62392    56.19478
     8  C   4.0  -0.096   4.148     3.41096    15.75087    58.81772
     9  C   4.0  -0.096   4.201     3.84559    12.83691    58.13742
    10  C   4.0   0.104   3.385     3.18419    12.52699    55.36519
    11  C   4.0  -0.235   3.994     6.71609    11.64071    58.54182
    12  C   4.0  -0.163   4.076     1.13762    16.13826    60.39753
    13  C   4.0  -0.167   4.023     1.30391    15.84535    63.38708
    14  C   4.0   0.167   3.064     3.66607    14.69262    64.68532
    15  O   6.0  -0.098   1.038     5.79390    15.61670    64.69855
    16  O   6.0  -0.113   2.048     3.13317    12.40605    65.90986
    17  N   5.0  -0.481   3.227     2.02012    11.33269    49.82262
    18  C   4.0   0.096   3.426     2.55302     9.62437    51.59141
    19  C   4.0   0.012   3.258     2.66829     7.15261    50.32907
    20  C   4.0   0.005   3.232     2.07492     7.38883    47.83085
    21  C   4.0   0.061   3.436     1.83870    10.28578    47.39055
    22  C   4.0  -0.248   4.039     3.44497     4.89061    51.82384
    23  C   4.0   0.121   3.044     1.61761     5.42351    45.69546
    24  O   6.0  -0.115   1.066     0.54802     6.09248    43.80196
    25  C   4.0  -0.248   4.030     2.24499     2.67396    45.98459
    26  N   5.0  -0.398   3.156     1.40407    15.83590    46.33608
    27  C   4.0   0.089   3.341     1.41540    14.01799    44.47281
    28  C   4.0  -0.097   4.124     0.93541    15.13104    41.87255
    29  C   4.0  -0.096   4.167     0.87494    18.09413    42.49994
    30  C   4.0   0.093   3.336     1.04691    18.23208    45.42901
    31  C   4.0  -0.238   4.040     2.61916    14.32979    39.78062
    32  C   4.0  -0.162   4.041    -1.44564    19.53977    41.53618
    33  C   4.0  -0.238   4.005    -0.94675    22.11924    40.20959
    34  N   5.0  -0.397   3.210     2.25633    19.07678    50.74859
    35  C   4.0   0.079   3.455     2.14484    21.03265    49.05351
    36  C   4.0   0.022   3.241     2.67585    23.44394    50.32529
    37  C   4.0   0.002   3.421     3.04624    22.72206    52.88209
    38  C   4.0   0.068   3.654     2.67396    20.11802    53.09374
    39  C   4.0  -0.253   4.041     2.88561    25.78909    49.07240
    40  C   4.0   0.109   3.215     3.54702    23.75386    55.31039
    41  O   6.0  -0.099   1.047     4.06102    25.90625    55.95101
    42  C   4.0  -0.114   4.230     3.38828    21.47863    57.23035
    43  C   4.0   0.173   3.169     5.61816    21.69972    58.99535
    44  O   6.0  -0.098   1.041     7.70819    20.79454    58.59851
    45  O   6.0  -0.122   2.046     4.73187    23.06977    61.03626
    46  C   4.0  -0.191   4.076     6.48932    23.10190    63.06015
    47  C   4.0  -0.133   4.084     5.17218    11.15316    67.23834
    48  C   4.0  -0.055   3.157     3.97787     9.43162    69.09405
    49  C   4.0   0.021   3.100     5.10982     8.49999    71.05181
    50  C   4.0  -0.249   4.038     7.73465     9.08013    72.08549
    51  C   4.0  -0.181   4.155     3.42607     6.89561    72.66185
    52  C   4.0  -0.162   4.048     4.26322     4.18196    73.34404
    53  C   4.0  -0.165   4.085     2.07870     2.45097    72.86783
    54  C   4.0  -0.086   4.032     2.77034    -0.45542    73.29491
    55  C   4.0  -0.240   4.058     1.86138    -1.12628    75.98777
    56  C   4.0  -0.163   4.064     1.36060    -2.30358    71.42975
    57  C   4.0  -0.164   4.047     3.11616    -3.74355    69.66475
    58  C   4.0  -0.164   4.066     2.25822    -6.40617    68.88996
    59  C   4.0  -0.088   4.045     4.24621    -8.53022    69.39830
    60  C   4.0  -0.239   4.042     4.26700   -10.54089    67.39330
    61  C   4.0  -0.163   4.060     3.98732    -9.60359    72.16108
    62  C   4.0  -0.163   4.045     6.44963    -9.38249    73.74844
    63  C   4.0  -0.164   4.063     6.29279    -7.52300    75.91596
    64  C   4.0  -0.089   4.028     9.01210    -6.95419    77.01011
    65  C   4.0  -0.238   4.021     9.80390    -8.84392    79.14739
    66  C   4.0  -0.239   4.029     9.32391    -4.13094    77.64695
    67  H   1.0   0.071   1.006     3.10104     8.65306    55.56361
    68  H   1.0   0.071   1.012     1.46076    10.57869    43.16512
    69  H   1.0   0.071   1.005     1.69697    22.23452    45.27594
    70  H   1.0   0.086   1.013     4.91518    16.89982    59.62841
    71  H   1.0   0.085   1.008     2.62672    11.96952    59.55282
    72  H   1.0   0.080   0.997     8.06346    13.05801    59.18622
    73  H   1.0   0.080   0.997     7.50221    10.72986    56.86941
    74  H   1.0   0.079   0.997     6.74632    10.35948    60.15565
    75  H   1.0   0.083   1.006    -0.27401    14.79655    59.72857
    76  H   1.0   0.083   1.006     0.40440    18.00909    59.94022
    77  H   1.0   0.081   1.003    -0.34204    14.71530    63.89541
    78  H   1.0   0.081   1.002     0.91274    17.71807    64.15053
    79  H   1.0   0.080   0.998     4.92841     5.11927    53.23547
    80  H   1.0   0.080   1.000     4.08559     3.40718    50.54450
    81  H   1.0   0.081   1.000     1.83114     4.21220    52.90666
    82  H   1.0   0.080   1.000     1.24722     1.94642    47.63243
    83  H   1.0   0.081   1.008     4.26700     2.92530    46.28884
    84  H   1.0   0.080   0.998     2.02579     1.58548    44.24982
    85  H   1.0   0.084   1.011    -0.94675    14.63215    41.19792
    86  H   1.0   0.085   1.009     2.53223    18.74797    41.46437
    87  H   1.0   0.081   1.004     1.54580    12.74998    39.00583
    88  H   1.0   0.081   0.998     4.52589    13.74587    40.29274
    89  H   1.0   0.081   0.999     2.88183    15.74898    38.31230
    90  H   1.0   0.082   1.004    -2.70987    19.87236    43.12733
    91  H   1.0   0.082   1.005    -2.48499    18.57601    40.04140
    92  H   1.0   0.080   0.997    -1.23966    23.77275    41.40201
    93  H   1.0   0.080   0.998    -2.22232    22.36113    38.61088
    94  H   1.0   0.080   0.999     1.08281    22.27231    39.88456
    95  H   1.0   0.080   0.999     2.02012    27.46150    49.90766
    96  H   1.0   0.081   1.001     2.47365    25.66815    47.05796
    97  H   1.0   0.081   1.002     4.79235    26.53931    49.27838
    98  H   1.0   0.086   1.009     1.64973    21.75453    58.29994
    99  H   1.0   0.080   0.995     6.08303    24.59856    64.41698
   100  H   1.0   0.081   0.997     8.46219    23.15481    62.47245
   101  H   1.0   0.081   0.997     6.37216    21.27265    63.99935
   102  H   1.0   0.083   1.003     6.38160    12.50243    68.21722
   103  H   1.0   0.082   1.001     6.34570    10.12137    65.89474
   104  H   1.0   0.071   1.006     2.06358     8.80612    68.65752
   105  H   1.0   0.080   0.997     8.53400    10.92451    71.63195
   106  H   1.0   0.080   0.999     9.00454     7.52867    71.61116
   107  H   1.0   0.080   1.000     7.56268     9.26722    74.13017
   108  H   1.0   0.084   1.005     1.47588     6.85971    72.00234
   109  H   1.0   0.083   1.013     3.49221     8.11070    74.32481
   110  H   1.0   0.082   1.004     4.73187     4.24999    75.34904
   111  H   1.0   0.082   1.005     5.82980     3.80402    72.05903
   112  H   1.0   0.082   1.002     1.20942     2.60593    71.00645
   113  H   1.0   0.083   1.009     0.79180     2.99711    74.37961
   114  H   1.0   0.083   1.008     4.80368    -0.71810    73.49333
   115  H   1.0   0.080   0.998     1.47777    -3.11805    76.35060
   116  H   1.0   0.080   0.997     0.19464    -0.18330    76.74555
   117  H   1.0   0.081   0.999     3.37127    -0.68030    77.31436
   118  H   1.0   0.082   1.003    -0.01512    -1.17730    70.38851
   119  H   1.0   0.082   1.005     0.19464    -3.80402    72.22533
   120  H   1.0   0.083   1.004     5.01911    -3.84559    70.44331
   121  H   1.0   0.082   1.003     3.41285    -2.62672    67.96021
   122  H   1.0   0.082   1.004     1.70075    -6.13972    66.92464
   123  H   1.0   0.082   1.004     0.57070    -7.08647    69.85750
   124  H   1.0   0.083   1.011     6.08114    -7.62315    69.16019
   125  H   1.0   0.080   0.999     5.25155   -12.24920    67.98856
   126  H   1.0   0.081   1.003     5.37249    -9.65083    65.90230
   127  H   1.0   0.080   0.997     2.47932   -11.26655    66.67142
   128  H   1.0   0.082   1.002     3.36560   -11.56323    72.02313
   129  H   1.0   0.083   1.004     2.48499    -8.56991    73.11539
   130  H   1.0   0.082   1.002     8.10881    -9.11415    72.55792
   131  H   1.0   0.082   1.008     6.61782   -11.17395    74.75000
   132  H   1.0   0.082   1.005     5.37249    -8.26944    77.60160
   133  H   1.0   0.083   1.005     5.59548    -5.66540    75.36416
   134  H   1.0   0.083   1.010    10.46719    -7.31135    75.59660
   135  H   1.0   0.080   0.997    11.78433    -9.38060    78.98110
   136  H   1.0   0.080   0.999     8.36582   -10.30846    79.31936
   137  H   1.0   0.080   0.999     9.86815    -7.81969    80.93318
   138  H   1.0   0.080   0.998     7.66473    -3.39584    78.62205
   139  H   1.0   0.080   0.998     9.32958    -3.00466    75.92352
   140  H   1.0   0.080   0.998    11.13049    -3.82670    78.58803
 
  Z AO/shell   Hii/eV     exponent
  1     Sat Feb 20 21:38:01 CET 2016    EN: 2.327 GAM: 0.473  GM3: 0.0000
     1s    -13.751157    1.051071
  6     Sat Feb 20 21:38:01 CET 2016    EN: 2.731 GAM: 0.422  GM3: 0.0000
     2s    -19.378245    2.021003
     2p    -11.993376    1.497917
  7     Sat Feb 20 21:38:01 CET 2016    EN: 3.573 GAM: 0.504  GM3: 0.0000
     2s    -21.576984    2.275442
     2p    -16.125120    2.056788
  8     Sat Feb 20 21:38:01 CET 2016    EN: 3.700 GAM: 0.587  GM3: 0.0000
     2s    -21.648843    2.110798
     2p    -17.239740    2.329048
 12     Sat Feb 20 23:25:47 CET 2016    EN: 0.033 GAM: 0.222  GM3: 0.0000
     3s    -12.693633    1.302878
     3p     -8.128821    0.504252
 
 dipole moment of classical point charges (au)
     X       Y       Z   
  -0.0490  -0.1771   0.6304  total (Debye):    1.669

 
 Nbf   :          338
 T(el) :   300.0
 calculating S/T integrals ...
 cpu time for ints   0.121303000000000     
 Nao   :          338
 making H0...
 making H1...
 cpu time for H      8.993999999999974E-003
 solving ...
 cpu time for diag   6.954700000000000E-002
 
 gap (eV)           :   1.516
 Koopmans IP (eV)   :  12.065
 Eel (Eh)           :  -268.678171
 T,E(Fermi),NFOD :    300.000   -11.307  0.000000
 T,E(Fermi),NFOD :    300.000   -11.307  0.000000
 Nfod               :  0.0000
 Nfod/Nel           :  0.0000

          eigenvalues
 #    :         164        165        166        167        168        169        170        171
 occ. :        2.000      2.000      2.000      2.000      2.000      2.000      2.000      2.000
 eps  :       -16.209    -16.143    -16.073    -15.872    -15.536    -15.467    -15.329    -15.106
 #    :         172        173        174        175        176        177        178        179
 occ. :        2.000      2.000      2.000      2.000      2.000      0.000      0.000      0.000
 eps  :       -14.963    -14.818    -14.675    -13.258    -12.066    -10.550     -9.657     -8.824
 #    :         180        181        182        183        184        185        186        187
 occ. :        0.000      0.000      0.000      0.000      0.000      0.000      0.000      0.000
 eps  :        -8.385     -7.975     -7.956     -7.900     -7.375     -7.235     -7.095     -7.044
                            1  SCC done.
 making H1...
 cpu time for H      7.933299999999999E-002
 solving ...
 cpu time for diag   3.267900000000001E-002
 
 gap (eV)           :   1.694
 Koopmans IP (eV)   :  11.898
 Eel (Eh)           :  -265.834193
 T,E(Fermi),NFOD :    300.000   -11.051  0.000000
 T,E(Fermi),NFOD :    300.000   -11.051  0.000000
 Nfod               :  0.0000
 Nfod/Nel           :  0.0000

          eigenvalues
 #    :         164        165        166        167        168        169        170        171
 occ. :        2.000      2.000      2.000      2.000      2.000      2.000      2.000      2.000
 eps  :       -15.146    -15.032    -14.982    -14.942    -14.770    -14.629    -14.603    -14.446
 #    :         172        173        174        175        176        177        178        179
 occ. :        2.000      2.000      2.000      2.000      2.000      0.000      0.000      0.000
 eps  :       -14.353    -13.713    -13.543    -12.616    -11.899    -10.206     -9.022     -8.482
 #    :         180        181        182        183        184        185        186        187
 occ. :        0.000      0.000      0.000      0.000      0.000      0.000      0.000      0.000
 eps  :        -8.308     -7.972     -7.951     -7.633     -7.178     -7.092     -6.994     -6.873
                            2  SCC done.
 
 
 Mulliken/CM5 charges    n(s)   n(p)   n(d)   
    1 MG  0.3007  0.7661   0.669  1.030  0.000
    2 C   0.0095  0.0129   1.178  2.812  0.000
    3 C  -0.0416 -0.0837   1.115  2.927  0.000
    4 C  -0.0166 -0.0579   1.116  2.900  0.000
    5 C  -0.0132 -0.0550   1.133  2.881  0.000
    6 N  -0.1565 -0.4098   1.416  3.740  0.000
    7 C   0.0374  0.0976   1.214  2.748  0.000
    8 C  -0.0050 -0.0614   1.175  2.830  0.000
    9 C  -0.0357 -0.0886   1.221  2.814  0.000
   10 C   0.0410  0.1029   1.214  2.745  0.000
   11 C  -0.1108 -0.2574   1.121  2.990  0.000
   12 C  -0.0453 -0.1534   1.155  2.890  0.000
   13 C  -0.0586 -0.1583   1.153  2.905  0.000
   14 C   0.2081  0.2564   1.201  2.591  0.000
   15 O  -0.2544 -0.3030   1.628  4.627  0.000
   16 O  -0.1662 -0.2432   1.483  4.683  0.000
   17 N  -0.2150 -0.5187   1.368  3.847  0.000
   18 C   0.0193  0.0867   1.189  2.792  0.000
   19 C  -0.0305 -0.0343   1.201  2.829  0.000
   20 C  -0.0726 -0.0674   1.227  2.845  0.000
   21 C  -0.0048  0.0520   1.222  2.783  0.000
   22 C  -0.0777 -0.2222   1.076  3.002  0.000
   23 C   0.1670  0.1907   1.207  2.626  0.000
   24 O  -0.2321 -0.2848   1.614  4.618  0.000
   25 C  -0.0802 -0.2224   1.092  2.988  0.000
   26 N  -0.1503 -0.4181   1.399  3.752  0.000
   27 C   0.0195  0.0736   1.228  2.752  0.000
   28 C  -0.0099 -0.0702   1.185  2.825  0.000
   29 C  -0.0458 -0.1011   1.212  2.834  0.000
   30 C   0.0465  0.1049   1.223  2.730  0.000
   31 C  -0.0822 -0.2323   1.095  2.987  0.000
   32 C  -0.0586 -0.1684   1.147  2.912  0.000
   33 C  -0.1056 -0.2583   1.101  3.005  0.000
   34 N  -0.2028 -0.4705   1.392  3.811  0.000
   35 C   0.0370  0.0988   1.194  2.769  0.000
   36 C   0.0360  0.0301   1.193  2.771  0.000
   37 C  -0.0554 -0.0476   1.169  2.887  0.000
   38 C   0.0246  0.0898   1.200  2.776  0.000
   39 C  -0.0678 -0.2115   1.061  3.007  0.000
   40 C   0.1436  0.1765   1.195  2.662  0.000
   41 O  -0.2506 -0.2933   1.630  4.620  0.000
   42 C  -0.0545 -0.0975   1.205  2.850  0.000
   43 C   0.2313  0.2835   1.181  2.588  0.000
   44 O  -0.2477 -0.2961   1.631  4.616  0.000
   45 O  -0.1400 -0.2274   1.494  4.646  0.000
   46 C   0.0087 -0.1121   1.084  2.907  0.000
   47 C   0.0467 -0.0317   1.124  2.829  0.000
   48 C  -0.0708 -0.1272   1.148  2.923  0.000
   49 C  -0.0173 -0.0436   1.194  2.823  0.000
   50 C  -0.0889 -0.2349   1.080  3.009  0.000
   51 C  -0.0762 -0.1847   1.143  2.933  0.000
   52 C  -0.0443 -0.1562   1.141  2.903  0.000
   53 C  -0.0597 -0.1703   1.157  2.903  0.000
   54 C  -0.0220 -0.0934   1.221  2.801  0.000
   55 C  -0.1242 -0.2764   1.112  3.013  0.000
   56 C  -0.0673 -0.1766   1.155  2.912  0.000
   57 C  -0.0654 -0.1786   1.145  2.920  0.000
   58 C  -0.0702 -0.1812   1.156  2.914  0.000
   59 C  -0.0266 -0.1008   1.206  2.821  0.000
   60 C  -0.0945 -0.2455   1.096  2.999  0.000
   61 C  -0.0703 -0.1799   1.161  2.909  0.000
   62 C  -0.0523 -0.1636   1.145  2.907  0.000
   63 C  -0.0615 -0.1728   1.153  2.908  0.000
   64 C  -0.0405 -0.1172   1.207  2.833  0.000
   65 C  -0.1104 -0.2612   1.107  3.004  0.000
   66 C  -0.0999 -0.2511   1.102  2.998  0.000
   67 H   0.0568  0.1159   0.943  0.000  0.000
   68 H   0.0737  0.1381   0.926  0.000  0.000
   69 H   0.0561  0.1152   0.944  0.000  0.000
   70 H   0.0611  0.1303   0.939  0.000  0.000
   71 H   0.0464  0.1090   0.954  0.000  0.000
   72 H   0.0346  0.0865   0.965  0.000  0.000
   73 H   0.0407  0.0931   0.959  0.000  0.000
   74 H   0.0304  0.0816   0.970  0.000  0.000
   75 H   0.0328  0.0915   0.967  0.000  0.000
   76 H   0.0507  0.1094   0.949  0.000  0.000
   77 H   0.0386  0.0982   0.961  0.000  0.000
   78 H   0.0501  0.1072   0.950  0.000  0.000
   79 H   0.0513  0.1034   0.949  0.000  0.000
   80 H   0.0428  0.0967   0.957  0.000  0.000
   81 H   0.0442  0.0971   0.956  0.000  0.000
   82 H   0.0560  0.1099   0.944  0.000  0.000
   83 H   0.0499  0.1060   0.950  0.000  0.000
   84 H   0.0549  0.1095   0.945  0.000  0.000
   85 H   0.0487  0.1107   0.951  0.000  0.000
   86 H   0.0394  0.1018   0.961  0.000  0.000
   87 H   0.0420  0.0958   0.958  0.000  0.000
   88 H   0.0322  0.0847   0.968  0.000  0.000
   89 H   0.0399  0.0922   0.960  0.000  0.000
   90 H   0.0346  0.0920   0.965  0.000  0.000
   91 H   0.0334  0.0898   0.967  0.000  0.000
   92 H   0.0240  0.0749   0.976  0.000  0.000
   93 H   0.0412  0.0923   0.959  0.000  0.000
   94 H   0.0311  0.0836   0.969  0.000  0.000
   95 H   0.0571  0.1093   0.943  0.000  0.000
   96 H   0.0482  0.1021   0.952  0.000  0.000
   97 H   0.0550  0.1084   0.945  0.000  0.000
   98 H   0.0575  0.1261   0.943  0.000  0.000
   99 H   0.0487  0.1071   0.951  0.000  0.000
  100 H   0.0512  0.1146   0.949  0.000  0.000
  101 H   0.0378  0.1008   0.962  0.000  0.000
  102 H   0.0525  0.1202   0.948  0.000  0.000
  103 H   0.0534  0.1174   0.947  0.000  0.000
  104 H   0.0400  0.1012   0.960  0.000  0.000
  105 H   0.0454  0.0972   0.955  0.000  0.000
  106 H   0.0460  0.0983   0.954  0.000  0.000
  107 H   0.0365  0.0895   0.963  0.000  0.000
  108 H   0.0400  0.0983   0.960  0.000  0.000
  109 H   0.0348  0.0936   0.965  0.000  0.000
  110 H   0.0419  0.0982   0.958  0.000  0.000
  111 H   0.0281  0.0857   0.972  0.000  0.000
  112 H   0.0391  0.0956   0.961  0.000  0.000
  113 H   0.0354  0.0944   0.965  0.000  0.000
  114 H   0.0462  0.1058   0.954  0.000  0.000
  115 H   0.0294  0.0813   0.971  0.000  0.000
  116 H   0.0265  0.0782   0.973  0.000  0.000
  117 H   0.0246  0.0769   0.975  0.000  0.000
  118 H   0.0308  0.0870   0.969  0.000  0.000
  119 H   0.0402  0.0977   0.960  0.000  0.000
  120 H   0.0287  0.0863   0.971  0.000  0.000
  121 H   0.0272  0.0828   0.973  0.000  0.000
  122 H   0.0359  0.0918   0.964  0.000  0.000
  123 H   0.0292  0.0864   0.971  0.000  0.000
  124 H   0.0318  0.0932   0.968  0.000  0.000
  125 H   0.0350  0.0872   0.965  0.000  0.000
  126 H   0.0361  0.0894   0.964  0.000  0.000
  127 H   0.0280  0.0794   0.972  0.000  0.000
  128 H   0.0371  0.0929   0.963  0.000  0.000
  129 H   0.0335  0.0912   0.967  0.000  0.000
  130 H   0.0401  0.0963   0.960  0.000  0.000
  131 H   0.0303  0.0876   0.970  0.000  0.000
  132 H   0.0396  0.0969   0.960  0.000  0.000
  133 H   0.0352  0.0933   0.965  0.000  0.000
  134 H   0.0199  0.0800   0.980  0.000  0.000
  135 H   0.0419  0.0932   0.958  0.000  0.000
  136 H   0.0420  0.0947   0.958  0.000  0.000
  137 H   0.0200  0.0724   0.980  0.000  0.000
  138 H   0.0280  0.0803   0.972  0.000  0.000
  139 H   0.0322  0.0842   0.968  0.000  0.000
  140 H   0.0378  0.0898   0.962  0.000  0.000
 Hirshfeld charges for QMDFF written to <charges>
 
 Loewdin charges    n(s)   n(p)   n(d)
    1 MG  0.1395   0.681  1.180  0.000
    2 C   0.0102   1.138  2.852  0.000
    3 C  -0.0394   1.062  2.977  0.000
    4 C  -0.0138   1.062  2.952  0.000
    5 C  -0.0092   1.079  2.930  0.000
    6 N  -0.1244   1.373  3.751  0.000
    7 C   0.0384   1.177  2.784  0.000
    8 C   0.0033   1.124  2.872  0.000
    9 C  -0.0294   1.177  2.853  0.000
   10 C   0.0477   1.175  2.777  0.000
   11 C  -0.1134   1.051  3.062  0.000
   12 C  -0.0403   1.096  2.945  0.000
   13 C  -0.0592   1.096  2.964  0.000
   14 C   0.1874   1.175  2.638  0.000
   15 O  -0.2404   1.598  4.642  0.000
   16 O  -0.1333   1.450  4.683  0.000
   17 N  -0.1771   1.323  3.854  0.000
   18 C   0.0222   1.149  2.829  0.000
   19 C  -0.0198   1.158  2.862  0.000
   20 C  -0.0798   1.192  2.888  0.000
   21 C   0.0020   1.184  2.814  0.000
   22 C  -0.0804   1.002  3.079  0.000
   23 C   0.1626   1.171  2.666  0.000
   24 O  -0.2146   1.581  4.634  0.000
   25 C  -0.0843   1.019  3.065  0.000
   26 N  -0.1148   1.355  3.760  0.000
   27 C   0.0259   1.189  2.785  0.000
   28 C  -0.0010   1.136  2.865  0.000
   29 C  -0.0405   1.166  2.874  0.000
   30 C   0.0475   1.187  2.765  0.000
   31 C  -0.0845   1.023  3.062  0.000
   32 C  -0.0533   1.088  2.965  0.000
   33 C  -0.1083   1.030  3.079  0.000
   34 N  -0.1721   1.351  3.821  0.000
   35 C   0.0355   1.157  2.807  0.000
   36 C   0.0451   1.150  2.805  0.000
   37 C  -0.0642   1.131  2.934  0.000
   38 C   0.0286   1.161  2.811  0.000
   39 C  -0.0700   0.985  3.085  0.000
   40 C   0.1383   1.160  2.701  0.000
   41 O  -0.2353   1.600  4.635  0.000
   42 C  -0.0560   1.159  2.897  0.000
   43 C   0.2091   1.156  2.635  0.000
   44 O  -0.2342   1.602  4.632  0.000
   45 O  -0.1043   1.457  4.647  0.000
   46 C  -0.0017   1.015  2.987  0.000
   47 C   0.0442   1.066  2.890  0.000
   48 C  -0.0703   1.097  2.974  0.000
   49 C  -0.0060   1.150  2.856  0.000
   50 C  -0.0914   1.007  3.085  0.000
   51 C  -0.0751   1.085  2.990  0.000
   52 C  -0.0380   1.081  2.957  0.000
   53 C  -0.0570   1.099  2.958  0.000
   54 C  -0.0113   1.174  2.837  0.000
   55 C  -0.1305   1.043  3.088  0.000
   56 C  -0.0654   1.097  2.968  0.000
   57 C  -0.0617   1.086  2.975  0.000
   58 C  -0.0678   1.099  2.969  0.000
   59 C  -0.0171   1.159  2.858  0.000
   60 C  -0.0975   1.024  3.074  0.000
   61 C  -0.0679   1.104  2.964  0.000
   62 C  -0.0476   1.086  2.962  0.000
   63 C  -0.0582   1.095  2.963  0.000
   64 C  -0.0302   1.160  2.870  0.000
   65 C  -0.1143   1.036  3.078  0.000
   66 C  -0.1029   1.030  3.073  0.000
   67 H   0.0513   0.949  0.000  0.000
   68 H   0.0662   0.934  0.000  0.000
   69 H   0.0513   0.949  0.000  0.000
   70 H   0.0527   0.947  0.000  0.000
   71 H   0.0410   0.959  0.000  0.000
   72 H   0.0344   0.966  0.000  0.000
   73 H   0.0409   0.959  0.000  0.000
   74 H   0.0312   0.969  0.000  0.000
   75 H   0.0306   0.969  0.000  0.000
   76 H   0.0473   0.953  0.000  0.000
   77 H   0.0352   0.965  0.000  0.000
   78 H   0.0461   0.954  0.000  0.000
   79 H   0.0501   0.950  0.000  0.000
   80 H   0.0425   0.957  0.000  0.000
   81 H   0.0433   0.957  0.000  0.000
   82 H   0.0547   0.945  0.000  0.000
   83 H   0.0496   0.950  0.000  0.000
   84 H   0.0521   0.948  0.000  0.000
   85 H   0.0433   0.957  0.000  0.000
   86 H   0.0348   0.965  0.000  0.000
   87 H   0.0416   0.958  0.000  0.000
   88 H   0.0320   0.968  0.000  0.000
   89 H   0.0398   0.960  0.000  0.000
   90 H   0.0318   0.968  0.000  0.000
   91 H   0.0316   0.968  0.000  0.000
   92 H   0.0250   0.975  0.000  0.000
   93 H   0.0408   0.959  0.000  0.000
   94 H   0.0323   0.968  0.000  0.000
   95 H   0.0559   0.944  0.000  0.000
   96 H   0.0478   0.952  0.000  0.000
   97 H   0.0542   0.946  0.000  0.000
   98 H   0.0503   0.950  0.000  0.000
   99 H   0.0454   0.955  0.000  0.000
  100 H   0.0471   0.953  0.000  0.000
  101 H   0.0350   0.965  0.000  0.000
  102 H   0.0455   0.954  0.000  0.000
  103 H   0.0465   0.954  0.000  0.000
  104 H   0.0340   0.966  0.000  0.000
  105 H   0.0449   0.955  0.000  0.000
  106 H   0.0447   0.955  0.000  0.000
  107 H   0.0369   0.963  0.000  0.000
  108 H   0.0383   0.962  0.000  0.000
  109 H   0.0328   0.967  0.000  0.000
  110 H   0.0382   0.962  0.000  0.000
  111 H   0.0251   0.975  0.000  0.000
  112 H   0.0365   0.964  0.000  0.000
  113 H   0.0331   0.967  0.000  0.000
  114 H   0.0405   0.959  0.000  0.000
  115 H   0.0309   0.969  0.000  0.000
  116 H   0.0282   0.972  0.000  0.000
  117 H   0.0261   0.974  0.000  0.000
  118 H   0.0289   0.971  0.000  0.000
  119 H   0.0383   0.962  0.000  0.000
  120 H   0.0276   0.972  0.000  0.000
  121 H   0.0252   0.975  0.000  0.000
  122 H   0.0334   0.967  0.000  0.000
  123 H   0.0283   0.972  0.000  0.000
  124 H   0.0278   0.972  0.000  0.000
  125 H   0.0353   0.965  0.000  0.000
  126 H   0.0359   0.964  0.000  0.000
  127 H   0.0282   0.972  0.000  0.000
  128 H   0.0346   0.965  0.000  0.000
  129 H   0.0317   0.968  0.000  0.000
  130 H   0.0375   0.962  0.000  0.000
  131 H   0.0278   0.972  0.000  0.000
  132 H   0.0369   0.963  0.000  0.000
  133 H   0.0327   0.967  0.000  0.000
  134 H   0.0163   0.984  0.000  0.000
  135 H   0.0414   0.959  0.000  0.000
  136 H   0.0422   0.958  0.000  0.000
  137 H   0.0218   0.978  0.000  0.000
  138 H   0.0286   0.971  0.000  0.000
  139 H   0.0328   0.967  0.000  0.000
  140 H   0.0374   0.963  0.000  0.000
 
 Wiberg/Mayer (AO) data. WBOs > 0.1 written file <wbo>
 largest (>0.05) Wiberg bond orders for each atom
           total WBO             WBO to atom ...
     1  MG  2.537    N   17 0.532    N   34 0.508    N   26 0.426    N    6 0.365    C   21 0.062    C   38 0.055    C   30 0.054    C   10 0.051
     2  C   3.904    C    7 1.446    C   38 1.208    C   42 0.938
     3  C   3.919    C   10 1.409    C   18 1.269    H   67 0.939
     4  C   3.918    C   27 1.411    C   21 1.335    H   68 0.924
     5  C   3.917    C   30 1.440    C   35 1.276    H   69 0.933
     6  N   3.294    C   10 1.274    C    7 1.191    MG   1 0.365    C   18 0.052
     7  C   3.865    C    2 1.446    N    6 1.191    C    8 0.961
     8  C   3.945    C   12 0.978    C    7 0.961    C    9 0.934    H   70 0.928
     9  C   3.923    C   10 0.951    H   71 0.945    C    8 0.934    C   11 0.933
    10  C   3.875    C    3 1.409    N    6 1.274    C    9 0.951    MG   1 0.051
    11  C   3.957    H   74 0.984    H   72 0.983    H   73 0.978    C    9 0.933
    12  C   3.947    C    8 0.978    H   75 0.964    H   76 0.950    C   13 0.942
    13  C   3.953    H   77 0.974    H   78 0.958    C   12 0.942    C   14 0.931    O   15 0.081
    14  C   3.884    O   15 1.850    O   16 1.063    C   13 0.931
    15  O   2.155    C   14 1.850    O   16 0.165    C   13 0.081
    16  O   2.281    C   14 1.063    C   47 0.957    O   15 0.165
    17  N   3.339    C   18 1.224    C   21 1.141    MG   1 0.532    C   20 0.062
    18  C   3.873    C    3 1.269    N   17 1.224    C   19 1.106    N    6 0.052
    19  C   3.890    C   20 1.557    C   18 1.106    C   22 0.991    O   24 0.055
    20  C   3.880    C   19 1.557    C   21 1.036    C   23 0.933    O   24 0.082    N   17 0.062
    21  C   3.841    C    4 1.335    N   17 1.141    C   20 1.036    N   26 0.070    MG   1 0.062
    22  C   3.980    C   19 0.991    H   80 0.972    H   79 0.971    H   81 0.964
    23  C   3.875    O   24 1.879    C   25 0.967    C   20 0.933
    24  O   2.184    C   23 1.879    C   20 0.082    C   25 0.072    C   19 0.055
    25  C   3.981    H   84 0.970    C   23 0.967    H   82 0.960    H   83 0.957    O   24 0.072
    26  N   3.360    C   27 1.241    C   30 1.215    MG   1 0.426    C   21 0.070
    27  C   3.847    C    4 1.411    N   26 1.241    C   28 0.935
    28  C   3.942    C   31 0.995    H   85 0.937    C   27 0.935    C   29 0.931
    29  C   3.929    C   32 0.975    H   86 0.937    C   28 0.931    C   30 0.918
    30  C   3.848    C    5 1.440    N   26 1.215    C   29 0.918    MG   1 0.054
    31  C   3.974    C   28 0.995    H   88 0.977    H   87 0.973    H   89 0.972
    32  C   3.960    C   33 0.996    C   29 0.975    H   90 0.966    H   91 0.966
    33  C   3.976    C   32 0.996    H   92 0.985    H   93 0.981    H   94 0.979
    34  N   3.317    C   38 1.180    C   35 1.172    MG   1 0.508    C   37 0.060    C   36 0.050
    35  C   3.871    C    5 1.276    N   34 1.172    C   36 1.162
    36  C   3.859    C   37 1.317    C   35 1.162    C   39 1.057    O   41 0.058    N   34 0.050
    37  C   3.920    C   36 1.317    C   38 1.192    C   40 1.099    O   41 0.067    N   34 0.060
    38  C   3.880    C    2 1.208    C   37 1.192    N   34 1.180    MG   1 0.055
    39  C   3.977    C   36 1.057    H   96 0.967    H   95 0.946    H   97 0.936
    40  C   3.897    O   41 1.800    C   37 1.099    C   42 0.841
    41  O   2.152    C   40 1.800    C   42 0.088    C   37 0.067    C   36 0.058
    42  C   3.938    C    2 0.938    H   98 0.927    C   43 0.921    C   40 0.841    O   41 0.088    O   44 0.077
    43  C   3.892    O   44 1.835    O   45 1.063    C   42 0.921
    44  O   2.157    C   43 1.835    O   45 0.163    C   42 0.077
    45  O   2.290    C   43 1.063    C   46 0.982    O   44 0.163
    46  C   3.948    H   99 0.986    H  101 0.986    O   45 0.982    H  100 0.977
    47  C   3.937    C   48 0.992    O   16 0.957    H  103 0.956    H  102 0.956
    48  C   3.962    C   49 1.915    C   47 0.992    H  104 0.929
    49  C   3.944    C   48 1.915    C   50 0.972    C   51 0.969
    50  C   3.985    H  107 0.977    H  105 0.973    H  106 0.973    C   49 0.972
    51  C   3.964    C   49 0.969    C   52 0.962    H  109 0.955    H  108 0.954
    52  C   3.972    C   53 1.008    H  110 0.970    H  111 0.967    C   51 0.962
    53  C   3.963    C   52 1.008    H  113 0.964    H  112 0.960    C   54 0.949
    54  C   3.926    C   55 0.990    C   56 0.958    H  114 0.951    C   53 0.949
    55  C   3.971    C   54 0.990    H  117 0.978    H  116 0.976    H  115 0.973
    56  C   3.957    C   57 0.990    H  118 0.965    C   54 0.958    H  119 0.957
    57  C   3.963    C   56 0.990    C   58 0.983    H  121 0.969    H  120 0.962
    58  C   3.960    C   57 0.983    H  122 0.963    H  123 0.962    C   59 0.961
    59  C   3.937    C   60 0.998    C   58 0.961    C   61 0.961    H  124 0.952
    60  C   3.981    C   59 0.998    H  127 0.979    H  126 0.977    H  125 0.974
    61  C   3.959    C   62 0.976    H  128 0.965    H  129 0.964    C   59 0.961
    62  C   3.967    C   63 0.999    C   61 0.976    H  131 0.970    H  130 0.960
    63  C   3.967    C   62 0.999    H  132 0.966    H  133 0.962    C   64 0.962
    64  C   3.936    C   66 0.989    C   65 0.981    C   63 0.962    H  134 0.960
    65  C   3.977    H  137 0.983    C   64 0.981    H  135 0.980    H  136 0.976
    66  C   3.980    C   64 0.989    H  138 0.982    H  139 0.979    H  140 0.976
    67  H   0.994    C    3 0.939
    68  H   0.991    C    4 0.924
    69  H   0.993    C    5 0.933
    70  H   0.992    C    8 0.928
    71  H   0.995    C    9 0.945
    72  H   0.997    C   11 0.983
    73  H   0.997    C   11 0.978
    74  H   0.998    C   11 0.984
    75  H   0.998    C   12 0.964
    76  H   0.995    C   12 0.950
    77  H   0.997    C   13 0.974
    78  H   0.997    C   13 0.958
    79  H   0.993    C   22 0.971
    80  H   0.996    C   22 0.972
    81  H   0.993    C   22 0.964
    82  H   0.996    C   25 0.960
    83  H   0.997    C   25 0.957
    84  H   0.994    C   25 0.970
    85  H   0.994    C   28 0.937
    86  H   0.994    C   29 0.937
    87  H   0.997    C   31 0.973
    88  H   0.996    C   31 0.977
    89  H   0.996    C   31 0.972
    90  H   0.998    C   32 0.966
    91  H   0.997    C   32 0.966
    92  H   0.999    C   33 0.985
    93  H   0.997    C   33 0.981
    94  H   0.999    C   33 0.979
    95  H   0.988    C   39 0.946
    96  H   0.994    C   39 0.967
    97  H   0.988    C   39 0.936
    98  H   0.993    C   42 0.927
    99  H   0.997    C   46 0.986
   100  H   0.997    C   46 0.977
   101  H   0.999    C   46 0.986
   102  H   0.997    C   47 0.956
   103  H   0.997    C   47 0.956
   104  H   0.998    C   48 0.929
   105  H   0.998    C   50 0.973
   106  H   0.998    C   50 0.973
   107  H   0.999    C   50 0.977
   108  H   0.998    C   51 0.954
   109  H   0.998    C   51 0.955
   110  H   0.997    C   52 0.970
   111  H   0.999    C   52 0.967
   112  H   0.998    C   53 0.960
   113  H   0.998    C   53 0.964
   114  H   0.998    C   54 0.951
   115  H   0.998    C   55 0.973
   116  H   0.999    C   55 0.976
   117  H   0.999    C   55 0.978
   118  H   0.999    C   56 0.965
   119  H   0.998    C   56 0.957
   120  H   0.999    C   57 0.962
   121  H   0.999    C   57 0.969
   122  H   0.997    C   58 0.963
   123  H   0.999    C   58 0.962
   124  H   0.999    C   59 0.952
   125  H   0.998    C   60 0.974
   126  H   0.998    C   60 0.977
   127  H   0.999    C   60 0.979
   128  H   0.998    C   61 0.965
   129  H   0.999    C   61 0.964
   130  H   0.998    C   62 0.960
   131  H   0.998    C   62 0.970
   132  H   0.998    C   63 0.966
   133  H   0.999    C   63 0.962
   134  H   1.000    C   64 0.960
   135  H   0.998    C   65 0.980
   136  H   0.998    C   65 0.976
   137  H   0.999    C   65 0.983
   138  H   0.999    C   66 0.982
   139  H   0.999    C   66 0.979
   140  H   0.997    C   66 0.976
 
 --------------------------------------------
          xTB calculation for sTDA...
 --------------------------------------------
 
 reading parameter file ~/.param_stda2.xtb
 
      method parameters     
 k(s)        :  1.6000
 k(p)        :  2.1800
 k(d)        :  1.9500
 k(f)        :  2.0000
 k(R-V)      :  2.2750
 k(R-R)      :  1.7650
 Tscal       :  0.2580
 Gscal       :  1.0000
 fpol        :  1.0000
 Zcnf        :  0.3430
 Zqf         :  0.0000
 kcn         :  2.7000
 Ryd Hsplit  :  0.7000
 lshift(virt):  3.1000
 lshift(OS)  :  0.2000
 wllscaling  :  2.6000
 
 mowrcut     : 3.000
 
  Z AO/shell   Hii/eV     exponent
  1     Sun Feb 14 09:53:25 CET 2016    EN: 2.327 GAM: 0.473  GM3: 0.0000
     1s    -14.339618    1.220000
     2sp    -3.348946    0.600000
  6     Sun Feb 14 09:53:25 CET 2016    EN: 2.731 GAM: 0.422  GM3: 0.0000
     2s    -22.009312    1.565095
     2p    -13.020408    1.596905
     3sp    -3.914040    0.824500
  7     Sun Feb 14 09:53:25 CET 2016    EN: 3.573 GAM: 0.504  GM3: 0.0000
     2s    -25.722000    2.064844
     2p    -18.684912    1.801692
     3sp    -4.344791    0.921400
  8     Sun Feb 14 09:53:25 CET 2016    EN: 3.700 GAM: 0.587  GM3: 0.0000
     2s    -33.859000    2.418661
     2p    -22.175911    1.973969
     3sp    -4.259392    1.013700
 12     Sun Feb 21 16:58:31 CET 2016    EN: 0.033 GAM: 0.222  GM3: 0.0000
     3s    -11.092543    1.647583
     3p     -6.929529    0.855020
 
 Nbf   :          894
 T(el) :     0.0
 calculating S/T integrals ...
 cpu time for ints    1.32721800000000     
 Nao   :          894
 making H0...
 making H1...
 cpu time for H      2.398799999999968E-002
 solving ...
 cpu time for diag   0.300381000000000     
 
 gap (eV)           :   4.836
 Koopmans IP (eV)   :  13.291
 Eel (Eh)           :  -301.407902

          eigenvalues
 #    :         164        165        166        167        168        169        170        171
 occ. :        2.000      2.000      2.000      2.000      2.000      2.000      2.000      2.000
 eps  :       -17.458    -17.387    -16.947    -16.240    -16.120    -16.019    -15.928    -15.869
 #    :         172        173        174        175        176        177        178        179
 occ. :        2.000      2.000      2.000      2.000      2.000      0.000      0.000      0.000
 eps  :       -15.623    -15.534    -15.183    -13.971    -13.292     -8.456     -6.848     -6.734
 #    :         180        181        182        183        184        185        186        187
 occ. :        0.000      0.000      0.000      0.000      0.000      0.000      0.000      0.000
 eps  :        -6.088     -5.996     -5.861     -5.490     -5.319     -5.065     -5.016     -4.922
                            1  SCC done.
 writing mo output ...
 molden style : F
 
speedup  1.27
cpu  time for all    2.16 s
wall time for all    1.71 s
