cpu-bind=MASK - bp1-compute216, task 4294967295 4294967295 [0]: mask 0x3fffffc03fffffc set
Host:    bp1-compute216.data.bp.acrc.priv
Time:    Wed May  4 16:54:00 BST 2022
Dir:     /user/home/of15641/chlorophyll_parameterization/tddft_data/step_301_chromophore_10
Job ID:  1692267
Nodelist:
cat: bp1-compute216: No such file or directory
  
Result dir: /user/home/of15641/chlorophyll_parameterization/tddft_data/step_301_chromophore_10
running gaussian jobs
Running time g16 < CAMB3LYP_step_301_chromophore_10.com > CAMB3LYP_step_301_chromophore_10.log

real	37m3.250s
user	876m19.890s
sys	0m41.932s
Running time g16 < PBE0_step_301_chromophore_10.com > PBE0_step_301_chromophore_10.log

real	26m18.318s
user	628m40.329s
sys	0m40.435s
Running time g16 < wB97XD_step_301_chromophore_10.com > wB97XD_step_301_chromophore_10.log

real	41m24.473s
user	979m51.930s
sys	0m44.343s
Running time g16 < BLYP_step_301_chromophore_10.com > BLYP_step_301_chromophore_10.log

real	18m19.804s
user	437m25.957s
sys	0m39.845s
Running time g16 < ZINDO_step_301_chromophore_10.com > ZINDO_step_301_chromophore_10.log

real	0m8.617s
user	3m11.906s
sys	0m2.932s
