cpu-bind=MASK - bp1-compute102, task 4294967295 4294967295 [0]: mask 0xffffffffffff set
Host:    bp1-compute102.data.bp.acrc.priv
Time:    Sat Apr 30 19:00:43 BST 2022
Dir:     /user/home/of15641/chlorophyll_parameterization/tddft_data/step_851_chromophore_6
Job ID:  1659022
Nodelist:
cat: bp1-compute102: No such file or directory
  
Result dir: /user/home/of15641/chlorophyll_parameterization/tddft_data/step_851_chromophore_6
running gaussian jobs
Running time g16 < CAMB3LYP_step_851_chromophore_6.com > CAMB3LYP_step_851_chromophore_6.log

real	24m16.630s
user	570m33.325s
sys	0m25.665s
Running time g16 < PBE0_step_851_chromophore_6.com > PBE0_step_851_chromophore_6.log

real	20m1.667s
user	478m22.183s
sys	0m22.762s
Running time g16 < wB97XD_step_851_chromophore_6.com > wB97XD_step_851_chromophore_6.log

real	25m46.305s
user	605m45.408s
sys	0m24.408s
Running time g16 < BLYP_step_851_chromophore_6.com > BLYP_step_851_chromophore_6.log

real	13m29.147s
user	321m49.145s
sys	0m25.729s
Running time g16 < ZINDO_step_851_chromophore_6.com > ZINDO_step_851_chromophore_6.log

real	0m6.607s
user	2m25.216s
sys	0m2.513s
