cpu-bind=MASK - bp1-compute062, task 4294967295 4294967295 [0]: mask 0xffffffffffff set
Host:    bp1-compute062.data.bp.acrc.priv
Time:    Wed May  4 10:09:20 BST 2022
Dir:     /user/home/of15641/chlorophyll_parameterization/tddft_data/step_1651_chromophore_2
Job ID:  1692184
Nodelist:
cat: bp1-compute062: No such file or directory
  
Result dir: /user/home/of15641/chlorophyll_parameterization/tddft_data/step_1651_chromophore_2
running gaussian jobs
Running time g16 < CAMB3LYP_step_1651_chromophore_2.com > CAMB3LYP_step_1651_chromophore_2.log

real	29m24.568s
user	692m59.870s
sys	0m27.920s
Running time g16 < PBE0_step_1651_chromophore_2.com > PBE0_step_1651_chromophore_2.log

real	17m35.142s
user	419m46.829s
sys	0m19.085s
Running time g16 < wB97XD_step_1651_chromophore_2.com > wB97XD_step_1651_chromophore_2.log

real	30m8.643s
user	710m45.564s
sys	0m27.546s
Running time g16 < BLYP_step_1651_chromophore_2.com > BLYP_step_1651_chromophore_2.log

real	13m20.514s
user	318m15.106s
sys	0m22.518s
Running time g16 < ZINDO_step_1651_chromophore_2.com > ZINDO_step_1651_chromophore_2.log

real	0m6.963s
user	2m32.143s
sys	0m2.838s
