 
        ______________________________________
       |                                      |
       |          ===================         |
       |             xTB for sTDA             |
       |          ===================         |
       |               S. Grimme              |
       |        Universitaet Bonn, MCTC       |
       |         2015-19, Version 1.0         |
       |     Wed Apr  3 09:14:55 CEST 2019    |
       |______________________________________|
 
        This code comes without any warranty
        for non-commercial, academia use only.
        Preliminary test version.
        Cite this work as:
        S. Grimme  &  C. Bannwarth, JCP 145 (2016) 054103
        if GBSA is used additionally:
        P. Shushkov, F. März, C. Bannwarth, S. Grimme, unpublished.
 
        with help from
        P. Shushkov, G. Brandenburg, S. Dohm, J. Pisarek,
        F. März, M. Checinski, S. Ehrlich, S. Spicher, 
        P. Pracht, E. Caldeweyher, S. Ehlert, and C. Bannwarth.
 
        usage        :
        xtb4stda <coord_file> [options]
        where <coord_file> is a valid file of TM)
        (*coord, Bohr) or xmol (*xyz, Angstroem)
        format.

        options:
        -chrg <int>   : molecular charge
        -uhf  <int>   : # of unpaired electrons(=2*S)
        -nox          : skip second, extended part in sTDA-xTB
        -pop          : do population analysis
                      : (default for -nox)
        -mowr <real>  : cut MO write above (def.3 Eh)
        -molden       : write formatted molden file
        -parx <file>  : read parameters for sTDA-xTB
                        calc (def:~/.param_stda2.xtb)
        -parv <file>  : read parameters for vTB part in
                        sTDA-xTB (def: ~/.param_stda1.xtb)
        -xtemp <real> : el. temp for xTB (def. 0 K)
        -etemp <real> : el. temp for GFN (def. 300 K)
        -fod          : calculate the FOD and write
                        molden.input file with
                        appropriate occupations
                        for plotting. Def. T=12500 K
 
        -acc <real>   : xTB accuracy (def. 1.0)
        -gbsa [string1] [string2]
                        use GBSA implicit solvent
                        for solvent [string1] and
                        solvation state [string2]=
                        reference, bar1M (default=1M)
        additional GFN/opt/MD/siman options read from
        $XTB4STDAHOME/.xtb4stdarc or $set in input
 
       spin and charge state information can be on:
       <.CHRG> (charge) and <.UHF> (=nalpha-nbeta)
       -uhf and -chrg override the file info.
       useful machine settings:
       setenv MKL_NUM_THREADS <NCORE_ON_YOUR_MACHINE>
       setenv OMP_STACKSIZE 500m
       limit stacksize unlimited
 
       total energies in Eh, gaps/HL energies in eV
       please read REVISION and HOWTO files carefully
 =============================
  # OMP threads =           4
 =============================
 
 xtb4stdahome directory:~/
 
 
 name of molecule           :
 comment line               :
 number of atoms            :   140
 number of electrons        :   352
 charge                     :  0
 spin                       : 0.0
 first test random number   :  0.9459
 
 -----------------------------------------
      charge density (VTB) calculation
 -----------------------------------------
 
      method parameters     
 k(s)        :  1.8000
 k(p)        :  2.8350
 k(d)        :  2.0860
 k(f)        :  2.0000
 Tscal       :  0.3300
 Gscal       :  0.3910
 fpol        :  1.0000
 Zcnf        :  0.6500
 Zqf         :  0.0000
 kcn         :  0.3000
 kEN1        : -0.5900
 wllscal     :  2.6000
 
     -------------------------
     ! NO SOLVENT MODEL USED !
     -------------------------
 
 doing EN charges ...
 sum q : -0.8881784D-15
 point charge moment (au)
     X       Y       Z   
   0.6177   0.1524   0.2397  total (Debye):    1.728
 
            Z      q(EN)   CN      Cart. coordinates
     1  MG  2.0   0.957   4.873    15.93039    91.91249    47.06740
     2  C   4.0   0.019   3.259    11.68607    92.26587    52.10352
     3  C   4.0  -0.058   3.170    20.48652    94.04599    50.95835
     4  C   4.0  -0.057   3.138    19.83456    92.01454    41.96703
     5  C   4.0  -0.055   3.177    10.82246    91.27943    43.02339
     6  N   5.0  -0.404   3.148    15.93795    92.98397    50.87331
     7  C   4.0   0.088   3.354    14.05011    92.96129    52.69501
     8  C   4.0  -0.092   4.118    15.22174    93.33167    55.44834
     9  C   4.0  -0.094   4.110    17.78610    94.68283    54.84552
    10  C   4.0   0.079   3.391    18.11680    93.91749    51.98825
    11  C   4.0  -0.237   4.024    17.69161    97.61568    55.30661
    12  C   4.0  -0.161   4.037    15.58268    90.68228    56.90721
    13  C   4.0  -0.169   4.044    14.76632    90.58212    59.73424
    14  C   4.0   0.163   3.096    15.28599    88.19918    61.23468
    15  O   6.0  -0.086   1.038    16.16472    86.16394    60.40698
    16  O   6.0  -0.113   2.049    14.62837    88.60925    63.71589
    17  N   5.0  -0.434   3.236    19.81189    92.61736    46.65355
    18  C   4.0   0.081   3.462    21.39737    93.52254    48.46958
    19  C   4.0   0.016   3.275    23.89747    93.59813    47.53039
    20  C   4.0   0.003   3.283    23.83511    92.44161    45.06807
    21  C   4.0   0.091   3.454    21.09501    92.36414    44.47281
    22  C   4.0  -0.251   4.046    26.10845    94.37291    48.91367
    23  C   4.0   0.121   3.047    26.00452    91.85769    43.34275
    24  O   6.0  -0.116   1.072    25.68138    91.02999    41.25083
    25  C   4.0  -0.246   4.031    28.81643    91.94084    44.11943
    26  N   5.0  -0.444   3.165    15.43906    91.70084    43.16134
    27  C   4.0   0.116   3.409    17.27965    91.65171    41.50594
    28  C   4.0  -0.093   4.144    16.15527    91.68194    38.68269
    29  C   4.0  -0.097   4.184    13.40572    91.03566    39.13622
    30  C   4.0   0.078   3.444    13.13360    91.31345    41.96514
    31  C   4.0  -0.237   4.028    16.58235    94.48063    37.65846
    32  C   4.0  -0.163   4.060    12.65927    88.32768    38.29530
    33  C   4.0  -0.238   4.011    10.43885    88.12170    36.51517
    34  N   5.0  -0.427   3.201    11.94496    91.91627    47.34330
    35  C   4.0   0.098   3.473    10.14972    91.66116    45.59720
    36  C   4.0   0.013   3.233     7.57402    91.57801    46.80662
    37  C   4.0   0.006   3.334     8.06535    91.94084    49.42389
    38  C   4.0   0.069   3.701    10.78278    91.86903    49.63365
    39  C   4.0  -0.243   4.006     5.15895    91.82178    45.14933
    40  C   4.0   0.107   3.165     6.96931    91.97485    51.88998
    41  O   6.0  -0.097   1.042     4.75644    91.85013    52.56084
    42  C   4.0  -0.112   4.186     9.24454    92.18083    53.84018
    43  C   4.0   0.182   3.132     9.28044    89.89993    55.50503
    44  O   6.0  -0.102   1.044    10.23287    87.84013    55.13653
    45  O   6.0  -0.121   2.044     7.91984    90.48575    57.63664
    46  C   4.0  -0.193   4.032     7.40962    88.52610    59.45645
    47  C   4.0  -0.142   4.089    15.41827    86.48142    65.38263
    48  C   4.0  -0.052   3.100    15.80567    87.57746    67.89407
    49  C   4.0   0.017   3.074    13.86681    87.94974    69.59294
    50  C   4.0  -0.248   4.030    11.07568    87.31857    69.29814
    51  C   4.0  -0.175   4.073    14.60002    88.64893    72.34627
    52  C   4.0  -0.164   4.049    16.70707    87.12393    73.73711
    53  C   4.0  -0.165   4.072    19.29788    88.36548    73.67475
    54  C   4.0  -0.086   4.025    20.62069    88.22375    76.24666
    55  C   4.0  -0.239   4.026    20.37125    90.80889    77.72632
    56  C   4.0  -0.163   4.056    23.54410    87.43573    75.97454
    57  C   4.0  -0.163   4.037    24.28676    84.63138    76.42052
    58  C   4.0  -0.167   4.106    26.66025    84.55012    78.06080
    59  C   4.0  -0.087   4.038    27.11568    82.23709    79.62360
    60  C   4.0  -0.238   4.037    28.93548    80.29824    78.33859
    61  C   4.0  -0.164   4.067    28.30432    83.08936    82.22576
    62  C   4.0  -0.162   4.026    26.42971    83.47486    84.45563
    63  C   4.0  -0.163   4.042    26.33144    86.17717    85.69340
    64  C   4.0  -0.087   4.009    23.59890    87.34502    85.91639
    65  C   4.0  -0.239   4.042    22.25719    87.20896    83.27077
    66  C   4.0  -0.238   4.028    23.54976    90.15694    86.81212
    67  H   1.0   0.071   1.008    21.90381    94.53543    52.37753
    68  H   1.0   0.070   1.004    21.05722    92.55311    40.39478
    69  H   1.0   0.071   1.007     9.28422    90.80700    41.73271
    70  H   1.0   0.084   1.007    14.17105    94.71495    56.55383
    71  H   1.0   0.084   1.008    19.39048    94.27843    56.07195
    72  H   1.0   0.080   0.998    16.20062    98.14103    56.62753
    73  H   1.0   0.080   0.998    17.22296    98.59078    53.55294
    74  H   1.0   0.080   0.998    19.42449    98.16370    56.27604
    75  H   1.0   0.083   1.007    17.62547    90.47630    57.06405
    76  H   1.0   0.083   1.003    14.93639    89.29144    55.53338
    77  H   1.0   0.083   1.005    12.74431    90.96763    59.79849
    78  H   1.0   0.082   1.006    15.82079    92.16760    60.51847
    79  H   1.0   0.081   1.003    25.48106    95.70706    50.35175
    80  H   1.0   0.080   0.999    27.67504    95.24975    47.90266
    81  H   1.0   0.080   1.000    27.01741    92.77232    49.83963
    82  H   1.0   0.080   0.998    29.38146    93.84379    44.67123
    83  H   1.0   0.081   1.001    29.80098    91.25676    42.44513
    84  H   1.0   0.081   1.003    28.87123    90.35347    45.42901
    85  H   1.0   0.084   1.005    17.00753    90.29678    37.42035
    86  H   1.0   0.085   1.010    12.16606    92.48319    38.35199
    87  H   1.0   0.080   1.000    14.81734    94.96251    36.71171
    88  H   1.0   0.080   0.998    17.91649    94.35780    36.09377
    89  H   1.0   0.080   0.997    17.20407    95.94328    38.96804
    90  H   1.0   0.082   1.005    12.24164    87.21652    39.97904
    91  H   1.0   0.082   1.004    14.23720    87.30723    37.45248
    92  H   1.0   0.080   1.001    11.11537    86.87826    35.01851
    93  H   1.0   0.080   0.998     9.96075    89.88670    35.56842
    94  H   1.0   0.080   0.998     8.73620    87.35825    37.38823
    95  H   1.0   0.080   1.000     5.66162    90.97141    43.34086
    96  H   1.0   0.079   0.997     4.50511    93.74930    44.82808
    97  H   1.0   0.080   1.001     3.71331    90.97330    46.34742
    98  H   1.0   0.085   1.007     9.31257    93.91560    54.94756
    99  H   1.0   0.080   0.995     6.08303    88.94373    60.97579
   100  H   1.0   0.081   0.997     9.17084    88.13871    60.45233
   101  H   1.0   0.080   0.996     6.79734    86.72141    58.67410
   102  H   1.0   0.083   1.006    17.29855    85.81435    64.87429
   103  H   1.0   0.082   1.000    14.15783    84.85247    65.35806
   104  H   1.0   0.070   1.003    17.71240    88.05367    68.51390
   105  H   1.0   0.081   1.001    10.84703    86.62882    67.37062
   106  H   1.0   0.080   1.001    10.12326    89.13270    69.51546
   107  H   1.0   0.080   0.998    10.32735    86.11292    70.79102
   108  H   1.0   0.082   1.003    12.88982    88.70185    73.49144
   109  H   1.0   0.082   1.005    15.23497    90.60291    72.19509
   110  H   1.0   0.083   1.008    17.00564    85.45908    72.56170
   111  H   1.0   0.082   1.003    15.88126    86.71385    75.57959
   112  H   1.0   0.082   1.003    19.09190    90.22497    72.81303
   113  H   1.0   0.083   1.008    20.19550    87.20329    72.22911
   114  H   1.0   0.083   1.008    19.56622    86.91228    77.43719
   115  H   1.0   0.080   0.997    19.52654    90.63126    79.59715
   116  H   1.0   0.081   0.999    19.05033    92.03154    76.72665
   117  H   1.0   0.080   0.997    22.06444    91.97674    77.63750
   118  H   1.0   0.082   1.001    24.83289    88.80011    76.82114
   119  H   1.0   0.083   1.010    23.99196    87.43573    73.96387
   120  H   1.0   0.081   1.001    24.58156    83.60715    74.65740
   121  H   1.0   0.082   1.004    22.78254    83.69596    77.47309
   122  H   1.0   0.083   1.005    26.85867    86.30189    79.12472
   123  H   1.0   0.083   1.006    28.35534    84.81846    76.92318
   124  H   1.0   0.083   1.009    25.29398    81.27900    79.72754
   125  H   1.0   0.080   0.998    30.84222    80.40028    79.10960
   126  H   1.0   0.080   0.998    29.02241    80.60059    76.30146
   127  H   1.0   0.080   0.998    28.39124    78.38016    78.85637
   128  H   1.0   0.083   1.005    29.20005    84.92239    81.94230
   129  H   1.0   0.082   1.003    29.69704    81.71364    82.87015
   130  H   1.0   0.081   1.002    26.84734    82.00655    85.83891
   131  H   1.0   0.083   1.005    24.52864    83.10259    83.75643
   132  H   1.0   0.081   1.002    27.52008    87.55856    84.72964
   133  H   1.0   0.082   1.005    26.80009    85.89749    87.67950
   134  H   1.0   0.082   1.006    22.63325    86.15639    87.29589
   135  H   1.0   0.081   0.998    23.47607    87.10125    81.61348
   136  H   1.0   0.080   0.998    20.90793    88.74153    82.99298
   137  H   1.0   0.081   1.000    21.00241    85.58947    83.48809
   138  H   1.0   0.080   0.998    22.77687    90.25331    88.72074
   139  H   1.0   0.080   0.998    22.41593    91.36825    85.59136
   140  H   1.0   0.080   0.997    25.38091    91.08479    86.97653
 
  Z AO/shell   Hii/eV     exponent
  1     Sat Feb 20 21:38:01 CET 2016    EN: 2.327 GAM: 0.473  GM3: 0.0000
     1s    -13.751157    1.051071
  6     Sat Feb 20 21:38:01 CET 2016    EN: 2.731 GAM: 0.422  GM3: 0.0000
     2s    -19.378245    2.021003
     2p    -11.993376    1.497917
  7     Sat Feb 20 21:38:01 CET 2016    EN: 3.573 GAM: 0.504  GM3: 0.0000
     2s    -21.576984    2.275442
     2p    -16.125120    2.056788
  8     Sat Feb 20 21:38:01 CET 2016    EN: 3.700 GAM: 0.587  GM3: 0.0000
     2s    -21.648843    2.110798
     2p    -17.239740    2.329048
 12     Sat Feb 20 23:25:47 CET 2016    EN: 0.033 GAM: 0.222  GM3: 0.0000
     3s    -12.693633    1.302878
     3p     -8.128821    0.504252
 
 dipole moment of classical point charges (au)
     X       Y       Z   
   0.6177   0.1524   0.2397  total (Debye):    1.728

 
 Nbf   :          338
 T(el) :   300.0
 calculating S/T integrals ...
 cpu time for ints   0.155571000000000     
 Nao   :          338
 making H0...
 making H1...
 cpu time for H      1.000999999999999E-002
 solving ...
 cpu time for diag   5.797900000000000E-002
 
 gap (eV)           :   1.229
 Koopmans IP (eV)   :  12.301
 Eel (Eh)           :  -268.261124
 T,E(Fermi),NFOD :    300.000   -11.687  0.000000
 T,E(Fermi),NFOD :    300.000   -11.687  0.000000
 Nfod               :  0.0000
 Nfod/Nel           :  0.0000

          eigenvalues
 #    :         164        165        166        167        168        169        170        171
 occ. :        2.000      2.000      2.000      2.000      2.000      2.000      2.000      2.000
 eps  :       -16.283    -16.252    -16.137    -15.927    -15.648    -15.479    -15.425    -14.995
 #    :         172        173        174        175        176        177        178        179
 occ. :        2.000      2.000      2.000      2.000      2.000      0.000      0.000      0.000
 eps  :       -14.916    -14.854    -14.647    -13.232    -12.302    -11.073     -9.668     -9.030
 #    :         180        181        182        183        184        185        186        187
 occ. :        0.000      0.000      0.000      0.000      0.000      0.000      0.000      0.000
 eps  :        -8.238     -8.211     -8.118     -7.790     -7.359     -7.257     -6.955     -6.791
                            1  SCC done.
 making H1...
 cpu time for H      6.562600000000002E-002
 solving ...
 cpu time for diag   2.534800000000004E-002
 
 gap (eV)           :   1.442
 Koopmans IP (eV)   :  12.156
 Eel (Eh)           :  -265.490165
 T,E(Fermi),NFOD :    300.000   -11.435  0.000000
 T,E(Fermi),NFOD :    300.000   -11.435  0.000000
 Nfod               :  0.0000
 Nfod/Nel           :  0.0000

          eigenvalues
 #    :         164        165        166        167        168        169        170        171
 occ. :        2.000      2.000      2.000      2.000      2.000      2.000      2.000      2.000
 eps  :       -15.291    -15.262    -15.125    -14.796    -14.657    -14.584    -14.305    -14.285
 #    :         172        173        174        175        176        177        178        179
 occ. :        2.000      2.000      2.000      2.000      2.000      0.000      0.000      0.000
 eps  :       -14.082    -14.066    -13.763    -12.708    -12.157    -10.715     -9.101     -8.793
 #    :         180        181        182        183        184        185        186        187
 occ. :        0.000      0.000      0.000      0.000      0.000      0.000      0.000      0.000
 eps  :        -8.191     -8.053     -7.928     -7.625     -7.219     -7.101     -6.747     -6.683
                            2  SCC done.
 
 
 Mulliken/CM5 charges    n(s)   n(p)   n(d)   
    1 MG  0.3074  0.7934   0.658  1.035  0.000
    2 C   0.0048  0.0091   1.179  2.816  0.000
    3 C  -0.0287 -0.0707   1.124  2.905  0.000
    4 C  -0.0352 -0.0761   1.137  2.898  0.000
    5 C  -0.0306 -0.0724   1.121  2.910  0.000
    6 N  -0.1439 -0.4159   1.416  3.728  0.000
    7 C   0.0309  0.0894   1.233  2.736  0.000
    8 C  -0.0341 -0.0897   1.228  2.806  0.000
    9 C  -0.0284 -0.0881   1.206  2.822  0.000
   10 C   0.0386  0.0925   1.225  2.736  0.000
   11 C  -0.0988 -0.2484   1.110  2.988  0.000
   12 C  -0.0583 -0.1640   1.163  2.895  0.000
   13 C  -0.0442 -0.1436   1.141  2.903  0.000
   14 C   0.2101  0.2569   1.196  2.593  0.000
   15 O  -0.2823 -0.3274   1.635  4.647  0.000
   16 O  -0.1605 -0.2335   1.510  4.651  0.000
   17 N  -0.2188 -0.5015   1.382  3.837  0.000
   18 C   0.0349  0.0973   1.182  2.783  0.000
   19 C  -0.0117 -0.0170   1.197  2.815  0.000
   20 C  -0.0685 -0.0621   1.217  2.851  0.000
   21 C   0.0430  0.1100   1.229  2.728  0.000
   22 C  -0.0725 -0.2170   1.069  3.004  0.000
   23 C   0.1411  0.1660   1.207  2.652  0.000
   24 O  -0.2562 -0.3108   1.614  4.642  0.000
   25 C  -0.1036 -0.2456   1.103  3.000  0.000
   26 N  -0.1731 -0.4618   1.396  3.777  0.000
   27 C   0.0566  0.1252   1.224  2.719  0.000
   28 C  -0.0220 -0.0791   1.212  2.810  0.000
   29 C  -0.0200 -0.0766   1.192  2.828  0.000
   30 C   0.0457  0.0981   1.213  2.741  0.000
   31 C  -0.0946 -0.2420   1.110  2.984  0.000
   32 C  -0.0528 -0.1633   1.147  2.906  0.000
   33 C  -0.0899 -0.2421   1.092  2.998  0.000
   34 N  -0.1988 -0.4792   1.398  3.801  0.000
   35 C   0.0263  0.0951   1.211  2.763  0.000
   36 C  -0.0322 -0.0369   1.254  2.778  0.000
   37 C  -0.0454 -0.0384   1.185  2.860  0.000
   38 C   0.0174  0.0853   1.207  2.775  0.000
   39 C  -0.0665 -0.2100   1.086  2.980  0.000
   40 C   0.1558  0.1891   1.193  2.651  0.000
   41 O  -0.2216 -0.2629   1.632  4.590  0.000
   42 C  -0.0425 -0.0849   1.214  2.829  0.000
   43 C   0.2305  0.2850   1.176  2.594  0.000
   44 O  -0.2581 -0.3059   1.625  4.633  0.000
   45 O  -0.1528 -0.2355   1.473  4.680  0.000
   46 C   0.0081 -0.1142   1.078  2.914  0.000
   47 C   0.0537 -0.0270   1.130  2.817  0.000
   48 C  -0.0751 -0.1323   1.155  2.920  0.000
   49 C  -0.0262 -0.0504   1.242  2.785  0.000
   50 C  -0.0811 -0.2266   1.084  2.997  0.000
   51 C  -0.0841 -0.1918   1.152  2.933  0.000
   52 C  -0.0598 -0.1731   1.155  2.905  0.000
   53 C  -0.0622 -0.1739   1.154  2.908  0.000
   54 C  -0.0206 -0.0910   1.218  2.803  0.000
   55 C  -0.1162 -0.2666   1.110  3.006  0.000
   56 C  -0.0773 -0.1869   1.167  2.910  0.000
   57 C  -0.0515 -0.1646   1.151  2.900  0.000
   58 C  -0.0840 -0.1969   1.149  2.935  0.000
   59 C  -0.0175 -0.0909   1.203  2.815  0.000
   60 C  -0.1051 -0.2555   1.108  2.997  0.000
   61 C  -0.0689 -0.1789   1.165  2.903  0.000
   62 C  -0.0691 -0.1807   1.153  2.917  0.000
   63 C  -0.0670 -0.1766   1.162  2.905  0.000
   64 C  -0.0226 -0.0973   1.211  2.812  0.000
   65 C  -0.1192 -0.2704   1.109  3.011  0.000
   66 C  -0.1063 -0.2558   1.105  3.001  0.000
   67 H   0.0521  0.1116   0.948  0.000  0.000
   68 H   0.0607  0.1213   0.939  0.000  0.000
   69 H   0.0548  0.1147   0.945  0.000  0.000
   70 H   0.0432  0.1042   0.957  0.000  0.000
   71 H   0.0529  0.1127   0.947  0.000  0.000
   72 H   0.0319  0.0839   0.968  0.000  0.000
   73 H   0.0371  0.0902   0.963  0.000  0.000
   74 H   0.0424  0.0940   0.958  0.000  0.000
   75 H   0.0281  0.0877   0.972  0.000  0.000
   76 H   0.0522  0.1136   0.948  0.000  0.000
   77 H   0.0461  0.1084   0.954  0.000  0.000
   78 H   0.0492  0.1093   0.951  0.000  0.000
   79 H   0.0429  0.0973   0.957  0.000  0.000
   80 H   0.0524  0.1052   0.948  0.000  0.000
   81 H   0.0477  0.1007   0.952  0.000  0.000
   82 H   0.0513  0.1044   0.949  0.000  0.000
   83 H   0.0447  0.1032   0.955  0.000  0.000
   84 H   0.0518  0.1070   0.948  0.000  0.000
   85 H   0.0542  0.1137   0.946  0.000  0.000
   86 H   0.0546  0.1174   0.945  0.000  0.000
   87 H   0.0321  0.0852   0.968  0.000  0.000
   88 H   0.0327  0.0843   0.967  0.000  0.000
   89 H   0.0505  0.1030   0.950  0.000  0.000
   90 H   0.0366  0.0948   0.963  0.000  0.000
   91 H   0.0397  0.0960   0.960  0.000  0.000
   92 H   0.0349  0.0872   0.965  0.000  0.000
   93 H   0.0292  0.0812   0.971  0.000  0.000
   94 H   0.0361  0.0873   0.964  0.000  0.000
   95 H   0.0567  0.1102   0.943  0.000  0.000
   96 H   0.0488  0.0999   0.951  0.000  0.000
   97 H   0.0541  0.1073   0.946  0.000  0.000
   98 H   0.0596  0.1251   0.940  0.000  0.000
   99 H   0.0516  0.1080   0.948  0.000  0.000
  100 H   0.0379  0.1003   0.962  0.000  0.000
  101 H   0.0510  0.1109   0.949  0.000  0.000
  102 H   0.0587  0.1264   0.941  0.000  0.000
  103 H   0.0646  0.1271   0.935  0.000  0.000
  104 H   0.0447  0.1026   0.955  0.000  0.000
  105 H   0.0463  0.1013   0.954  0.000  0.000
  106 H   0.0432  0.0962   0.957  0.000  0.000
  107 H   0.0501  0.1020   0.950  0.000  0.000
  108 H   0.0340  0.0901   0.966  0.000  0.000
  109 H   0.0317  0.0891   0.968  0.000  0.000
  110 H   0.0347  0.0931   0.965  0.000  0.000
  111 H   0.0395  0.0952   0.961  0.000  0.000
  112 H   0.0378  0.0947   0.962  0.000  0.000
  113 H   0.0415  0.0991   0.959  0.000  0.000
  114 H   0.0401  0.1003   0.960  0.000  0.000
  115 H   0.0423  0.0935   0.958  0.000  0.000
  116 H   0.0263  0.0791   0.974  0.000  0.000
  117 H   0.0329  0.0848   0.967  0.000  0.000
  118 H   0.0465  0.1024   0.953  0.000  0.000
  119 H   0.0283  0.0865   0.972  0.000  0.000
  120 H   0.0426  0.0975   0.957  0.000  0.000
  121 H   0.0249  0.0818   0.975  0.000  0.000
  122 H   0.0416  0.0999   0.958  0.000  0.000
  123 H   0.0195  0.0771   0.980  0.000  0.000
  124 H   0.0348  0.0950   0.965  0.000  0.000
  125 H   0.0273  0.0796   0.973  0.000  0.000
  126 H   0.0378  0.0900   0.962  0.000  0.000
  127 H   0.0337  0.0852   0.966  0.000  0.000
  128 H   0.0341  0.0921   0.966  0.000  0.000
  129 H   0.0388  0.0947   0.961  0.000  0.000
  130 H   0.0366  0.0913   0.963  0.000  0.000
  131 H   0.0297  0.0885   0.970  0.000  0.000
  132 H   0.0333  0.0892   0.967  0.000  0.000
  133 H   0.0340  0.0904   0.966  0.000  0.000
  134 H   0.0382  0.0963   0.962  0.000  0.000
  135 H   0.0428  0.0970   0.957  0.000  0.000
  136 H   0.0336  0.0861   0.966  0.000  0.000
  137 H   0.0297  0.0825   0.970  0.000  0.000
  138 H   0.0299  0.0812   0.970  0.000  0.000
  139 H   0.0387  0.0909   0.961  0.000  0.000
  140 H   0.0285  0.0800   0.971  0.000  0.000
 Hirshfeld charges for QMDFF written to <charges>
 
 Loewdin charges    n(s)   n(p)   n(d)
    1 MG  0.1424   0.670  1.187  0.000
    2 C   0.0068   1.137  2.856  0.000
    3 C  -0.0253   1.070  2.955  0.000
    4 C  -0.0337   1.086  2.948  0.000
    5 C  -0.0286   1.067  2.962  0.000
    6 N  -0.1085   1.373  3.735  0.000
    7 C   0.0313   1.197  2.772  0.000
    8 C  -0.0274   1.183  2.844  0.000
    9 C  -0.0203   1.160  2.860  0.000
   10 C   0.0438   1.188  2.769  0.000
   11 C  -0.1010   1.039  3.062  0.000
   12 C  -0.0539   1.106  2.948  0.000
   13 C  -0.0441   1.082  2.962  0.000
   14 C   0.1921   1.170  2.638  0.000
   15 O  -0.2719   1.609  4.663  0.000
   16 O  -0.1286   1.477  4.651  0.000
   17 N  -0.1850   1.338  3.847  0.000
   18 C   0.0360   1.144  2.820  0.000
   19 C  -0.0005   1.153  2.847  0.000
   20 C  -0.0777   1.183  2.895  0.000
   21 C   0.0481   1.191  2.760  0.000
   22 C  -0.0753   0.994  3.082  0.000
   23 C   0.1362   1.171  2.692  0.000
   24 O  -0.2386   1.581  4.658  0.000
   25 C  -0.1079   1.031  3.077  0.000
   26 N  -0.1340   1.349  3.785  0.000
   27 C   0.0602   1.187  2.753  0.000
   28 C  -0.0131   1.165  2.848  0.000
   29 C  -0.0135   1.144  2.870  0.000
   30 C   0.0511   1.174  2.775  0.000
   31 C  -0.0970   1.040  3.057  0.000
   32 C  -0.0478   1.087  2.960  0.000
   33 C  -0.0916   1.019  3.073  0.000
   34 N  -0.1642   1.353  3.811  0.000
   35 C   0.0266   1.174  2.800  0.000
   36 C  -0.0270   1.217  2.810  0.000
   37 C  -0.0524   1.147  2.905  0.000
   38 C   0.0206   1.169  2.810  0.000
   39 C  -0.0653   1.012  3.054  0.000
   40 C   0.1502   1.159  2.691  0.000
   41 O  -0.2064   1.602  4.604  0.000
   42 C  -0.0433   1.168  2.876  0.000
   43 C   0.2070   1.150  2.643  0.000
   44 O  -0.2444   1.595  4.649  0.000
   45 O  -0.1170   1.437  4.680  0.000
   46 C  -0.0023   1.009  2.993  0.000
   47 C   0.0540   1.070  2.876  0.000
   48 C  -0.0744   1.106  2.968  0.000
   49 C  -0.0144   1.201  2.813  0.000
   50 C  -0.0827   1.010  3.073  0.000
   51 C  -0.0830   1.094  2.989  0.000
   52 C  -0.0549   1.096  2.959  0.000
   53 C  -0.0609   1.097  2.964  0.000
   54 C  -0.0099   1.171  2.839  0.000
   55 C  -0.1216   1.040  3.081  0.000
   56 C  -0.0763   1.112  2.965  0.000
   57 C  -0.0455   1.092  2.954  0.000
   58 C  -0.0848   1.092  2.992  0.000
   59 C  -0.0069   1.154  2.852  0.000
   60 C  -0.1091   1.038  3.071  0.000
   61 C  -0.0666   1.109  2.958  0.000
   62 C  -0.0653   1.095  2.971  0.000
   63 C  -0.0635   1.105  2.959  0.000
   64 C  -0.0100   1.163  2.847  0.000
   65 C  -0.1259   1.040  3.086  0.000
   66 C  -0.1105   1.034  3.076  0.000
   67 H   0.0475   0.952  0.000  0.000
   68 H   0.0539   0.946  0.000  0.000
   69 H   0.0502   0.950  0.000  0.000
   70 H   0.0379   0.962  0.000  0.000
   71 H   0.0476   0.952  0.000  0.000
   72 H   0.0333   0.967  0.000  0.000
   73 H   0.0368   0.963  0.000  0.000
   74 H   0.0421   0.958  0.000  0.000
   75 H   0.0260   0.974  0.000  0.000
   76 H   0.0475   0.953  0.000  0.000
   77 H   0.0422   0.958  0.000  0.000
   78 H   0.0456   0.954  0.000  0.000
   79 H   0.0424   0.958  0.000  0.000
   80 H   0.0520   0.948  0.000  0.000
   81 H   0.0466   0.953  0.000  0.000
   82 H   0.0509   0.949  0.000  0.000
   83 H   0.0429   0.957  0.000  0.000
   84 H   0.0508   0.949  0.000  0.000
   85 H   0.0475   0.953  0.000  0.000
   86 H   0.0492   0.951  0.000  0.000
   87 H   0.0333   0.967  0.000  0.000
   88 H   0.0327   0.967  0.000  0.000
   89 H   0.0496   0.950  0.000  0.000
   90 H   0.0345   0.966  0.000  0.000
   91 H   0.0376   0.962  0.000  0.000
   92 H   0.0349   0.965  0.000  0.000
   93 H   0.0301   0.970  0.000  0.000
   94 H   0.0355   0.965  0.000  0.000
   95 H   0.0553   0.945  0.000  0.000
   96 H   0.0471   0.953  0.000  0.000
   97 H   0.0514   0.949  0.000  0.000
   98 H   0.0513   0.949  0.000  0.000
   99 H   0.0488   0.951  0.000  0.000
  100 H   0.0357   0.964  0.000  0.000
  101 H   0.0469   0.953  0.000  0.000
  102 H   0.0511   0.949  0.000  0.000
  103 H   0.0574   0.943  0.000  0.000
  104 H   0.0384   0.962  0.000  0.000
  105 H   0.0450   0.955  0.000  0.000
  106 H   0.0426   0.957  0.000  0.000
  107 H   0.0488   0.951  0.000  0.000
  108 H   0.0321   0.968  0.000  0.000
  109 H   0.0304   0.970  0.000  0.000
  110 H   0.0325   0.968  0.000  0.000
  111 H   0.0369   0.963  0.000  0.000
  112 H   0.0363   0.964  0.000  0.000
  113 H   0.0399   0.960  0.000  0.000
  114 H   0.0348   0.965  0.000  0.000
  115 H   0.0426   0.957  0.000  0.000
  116 H   0.0282   0.972  0.000  0.000
  117 H   0.0337   0.966  0.000  0.000
  118 H   0.0445   0.956  0.000  0.000
  119 H   0.0272   0.973  0.000  0.000
  120 H   0.0391   0.961  0.000  0.000
  121 H   0.0232   0.977  0.000  0.000
  122 H   0.0416   0.958  0.000  0.000
  123 H   0.0190   0.981  0.000  0.000
  124 H   0.0299   0.970  0.000  0.000
  125 H   0.0286   0.971  0.000  0.000
  126 H   0.0378   0.962  0.000  0.000
  127 H   0.0338   0.966  0.000  0.000
  128 H   0.0327   0.967  0.000  0.000
  129 H   0.0363   0.964  0.000  0.000
  130 H   0.0340   0.966  0.000  0.000
  131 H   0.0284   0.972  0.000  0.000
  132 H   0.0308   0.969  0.000  0.000
  133 H   0.0311   0.969  0.000  0.000
  134 H   0.0327   0.967  0.000  0.000
  135 H   0.0428   0.957  0.000  0.000
  136 H   0.0359   0.964  0.000  0.000
  137 H   0.0310   0.969  0.000  0.000
  138 H   0.0302   0.970  0.000  0.000
  139 H   0.0392   0.961  0.000  0.000
  140 H   0.0295   0.971  0.000  0.000
 
 Wiberg/Mayer (AO) data. WBOs > 0.1 written file <wbo>
 largest (>0.05) Wiberg bond orders for each atom
           total WBO             WBO to atom ...
     1  MG  2.537    N   17 0.481    N   34 0.452    N    6 0.444    N   26 0.432    C   21 0.057    C   10 0.057    C   38 0.051
     2  C   3.903    C    7 1.504    C   38 1.204    C   42 0.914
     3  C   3.926    C   10 1.498    C   18 1.212    H   67 0.933
     4  C   3.897    C   27 1.452    C   21 1.187    H   68 0.940
     5  C   3.931    C   30 1.547    C   35 1.204    H   69 0.930
     6  N   3.358    C   10 1.201    C    7 1.182    MG   1 0.444    C   38 0.059    C   18 0.053
     7  C   3.860    C    2 1.504    N    6 1.182    C    8 0.902
     8  C   3.915    C    9 0.963    H   70 0.944    C   12 0.931    C    7 0.902
     9  C   3.932    C   11 0.969    C    8 0.963    H   71 0.945    C   10 0.913
    10  C   3.863    C    3 1.498    N    6 1.201    C    9 0.913    MG   1 0.057
    11  C   3.967    H   74 0.978    H   73 0.978    H   72 0.976    C    9 0.969
    12  C   3.939    C   13 0.981    H   75 0.970    H   76 0.957    C    8 0.931
    13  C   3.964    C   12 0.981    H   78 0.952    H   77 0.948    C   14 0.941    O   15 0.079
    14  C   3.888    O   15 1.802    O   16 1.100    C   13 0.941
    15  O   2.104    C   14 1.802    O   16 0.163    C   13 0.079
    16  O   2.290    C   14 1.100    C   47 0.907    O   15 0.163
    17  N   3.321    C   21 1.247    C   18 1.155    MG   1 0.481    C   20 0.076
    18  C   3.870    C   19 1.233    C    3 1.212    N   17 1.155    N    6 0.053
    19  C   3.879    C   20 1.357    C   18 1.233    C   22 1.024    O   24 0.059
    20  C   3.860    C   19 1.357    C   21 1.121    C   23 1.021    N   17 0.076    O   24 0.074
    21  C   3.853    N   17 1.247    C    4 1.187    C   20 1.121    MG   1 0.057    N   26 0.057
    22  C   3.983    C   19 1.024    H   79 0.969    H   80 0.962    H   81 0.951
    23  C   3.880    O   24 1.833    C   20 1.021    C   25 0.934
    24  O   2.144    C   23 1.833    C   25 0.081    C   20 0.074    C   19 0.059
    25  C   3.980    H   83 0.976    H   82 0.967    H   84 0.963    C   23 0.934    O   24 0.081
    26  N   3.358    C   27 1.312    C   30 1.129    MG   1 0.432    C   21 0.057
    27  C   3.869    C    4 1.452    N   26 1.312    C   28 0.880
    28  C   3.924    C   29 0.981    C   31 0.958    H   85 0.947    C   27 0.880
    29  C   3.940    C   28 0.981    C   32 0.943    C   30 0.934    H   86 0.929
    30  C   3.873    C    5 1.547    N   26 1.129    C   29 0.934
    31  C   3.969    H   88 0.983    H   87 0.977    H   89 0.975    C   28 0.958
    32  C   3.953    C   33 1.008    H   91 0.964    H   90 0.963    C   29 0.943
    33  C   3.983    C   32 1.008    H   94 0.983    H   92 0.981    H   93 0.979
    34  N   3.325    C   35 1.246    C   38 1.193    MG   1 0.452    C   37 0.060    C   36 0.051
    35  C   3.849    N   34 1.246    C    5 1.204    C   36 1.140
    36  C   3.811    C   37 1.368    C   35 1.140    C   39 0.979    O   41 0.061    N   34 0.051
    37  C   3.903    C   36 1.368    C   38 1.139    C   40 1.099    O   41 0.065    N   34 0.060
    38  C   3.868    C    2 1.204    N   34 1.193    C   37 1.139    N    6 0.059    MG   1 0.051
    39  C   3.977    C   36 0.979    H   97 0.974    H   95 0.973    H   96 0.967
    40  C   3.895    O   41 1.819    C   37 1.099    C   42 0.832
    41  O   2.182    C   40 1.819    C   42 0.092    C   37 0.065    C   36 0.061
    42  C   3.929    H   98 0.933    C   43 0.933    C    2 0.914    C   40 0.832    O   41 0.092    O   44 0.073
    43  C   3.896    O   44 1.827    O   45 1.068    C   42 0.933
    44  O   2.145    C   43 1.827    O   45 0.164    C   42 0.073
    45  O   2.289    C   43 1.068    C   46 0.980    O   44 0.164
    46  C   3.948    H   99 0.987    H  100 0.985    H  101 0.981    O   45 0.980
    47  C   3.931    C   48 1.029    H  102 0.962    H  103 0.960    O   16 0.907
    48  C   3.958    C   49 1.855    C   47 1.029    H  104 0.939
    49  C   3.920    C   48 1.855    C   50 0.991    C   51 0.963
    50  C   3.988    C   49 0.991    H  105 0.972    H  107 0.970    H  106 0.969
    51  C   3.962    C   52 0.966    H  108 0.966    C   49 0.963    H  109 0.955
    52  C   3.963    C   53 0.989    H  110 0.970    C   51 0.966    H  111 0.963
    53  C   3.961    C   52 0.989    C   54 0.977    H  113 0.960    H  112 0.954
    54  C   3.929    C   55 0.979    C   53 0.977    H  114 0.952    C   56 0.947
    55  C   3.971    C   54 0.979    H  117 0.978    H  116 0.977    H  115 0.976
    56  C   3.947    C   57 0.980    H  119 0.970    H  118 0.955    C   54 0.947
    57  C   3.965    C   58 0.981    C   56 0.980    H  120 0.969    H  121 0.966
    58  C   3.955    C   59 0.988    C   57 0.981    H  123 0.961    H  122 0.945
    59  C   3.940    C   58 0.988    C   60 0.977    C   61 0.956    H  124 0.950
    60  C   3.976    H  127 0.981    H  125 0.981    C   59 0.977    H  126 0.975
    61  C   3.958    C   62 0.986    H  129 0.963    H  128 0.963    C   59 0.956
    62  C   3.962    C   61 0.986    C   63 0.976    H  130 0.969    H  131 0.967
    63  C   3.963    C   62 0.976    C   64 0.972    H  133 0.969    H  132 0.965
    64  C   3.938    C   66 0.983    C   65 0.983    C   63 0.972    H  134 0.962
    65  C   3.978    C   64 0.983    H  137 0.980    H  135 0.976    H  136 0.972
    66  C   3.977    C   64 0.983    H  138 0.982    H  140 0.979    H  139 0.976
    67  H   0.994    C    3 0.933
    68  H   0.994    C    4 0.940
    69  H   0.993    C    5 0.930
    70  H   0.995    C    8 0.944
    71  H   0.995    C    9 0.945
    72  H   0.997    C   11 0.976
    73  H   0.998    C   11 0.978
    74  H   0.997    C   11 0.978
    75  H   0.997    C   12 0.970
    76  H   0.997    C   12 0.957
    77  H   0.998    C   13 0.948
    78  H   0.997    C   13 0.952
    79  H   0.995    C   22 0.969
    80  H   0.993    C   22 0.962
    81  H   0.990    C   22 0.951
    82  H   0.997    C   25 0.967
    83  H   0.996    C   25 0.976
    84  H   0.997    C   25 0.963
    85  H   0.995    C   28 0.947
    86  H   0.994    C   29 0.929
    87  H   0.997    C   31 0.977
    88  H   0.998    C   31 0.983
    89  H   0.997    C   31 0.975
    90  H   0.998    C   32 0.963
    91  H   0.996    C   32 0.964
    92  H   0.997    C   33 0.981
    93  H   0.999    C   33 0.979
    94  H   0.998    C   33 0.983
    95  H   0.994    C   39 0.973
    96  H   0.991    C   39 0.967
    97  H   0.995    C   39 0.974
    98  H   0.993    C   42 0.933
    99  H   0.997    C   46 0.987
   100  H   0.999    C   46 0.985
   101  H   0.997    C   46 0.981
   102  H   0.996    C   47 0.962
   103  H   0.996    C   47 0.960
   104  H   0.998    C   48 0.939
   105  H   0.997    C   50 0.972
   106  H   0.998    C   50 0.969
   107  H   0.997    C   50 0.970
   108  H   0.997    C   51 0.966
   109  H   0.999    C   51 0.955
   110  H   0.999    C   52 0.970
   111  H   0.998    C   52 0.963
   112  H   0.998    C   53 0.954
   113  H   0.998    C   53 0.960
   114  H   0.998    C   54 0.952
   115  H   0.998    C   55 0.976
   116  H   0.999    C   55 0.977
   117  H   0.999    C   55 0.978
   118  H   0.997    C   56 0.955
   119  H   0.999    C   56 0.970
   120  H   0.998    C   57 0.969
   121  H   0.999    C   57 0.966
   122  H   0.998    C   58 0.945
   123  H   0.999    C   58 0.961
   124  H   0.999    C   59 0.950
   125  H   0.999    C   60 0.981
   126  H   0.998    C   60 0.975
   127  H   0.998    C   60 0.981
   128  H   0.999    C   61 0.963
   129  H   0.997    C   61 0.963
   130  H   0.998    C   62 0.969
   131  H   0.999    C   62 0.967
   132  H   0.999    C   63 0.965
   133  H   0.998    C   63 0.969
   134  H   0.998    C   64 0.962
   135  H   0.998    C   65 0.976
   136  H   0.999    C   65 0.972
   137  H   0.999    C   65 0.980
   138  H   0.999    C   66 0.982
   139  H   0.998    C   66 0.976
   140  H   0.999    C   66 0.979
 
 --------------------------------------------
          xTB calculation for sTDA...
 --------------------------------------------
 
 reading parameter file ~/.param_stda2.xtb
 
      method parameters     
 k(s)        :  1.6000
 k(p)        :  2.1800
 k(d)        :  1.9500
 k(f)        :  2.0000
 k(R-V)      :  2.2750
 k(R-R)      :  1.7650
 Tscal       :  0.2580
 Gscal       :  1.0000
 fpol        :  1.0000
 Zcnf        :  0.3430
 Zqf         :  0.0000
 kcn         :  2.7000
 Ryd Hsplit  :  0.7000
 lshift(virt):  3.1000
 lshift(OS)  :  0.2000
 wllscaling  :  2.6000
 
 mowrcut     : 3.000
 
  Z AO/shell   Hii/eV     exponent
  1     Sun Feb 14 09:53:25 CET 2016    EN: 2.327 GAM: 0.473  GM3: 0.0000
     1s    -14.339618    1.220000
     2sp    -3.348946    0.600000
  6     Sun Feb 14 09:53:25 CET 2016    EN: 2.731 GAM: 0.422  GM3: 0.0000
     2s    -22.009312    1.565095
     2p    -13.020408    1.596905
     3sp    -3.914040    0.824500
  7     Sun Feb 14 09:53:25 CET 2016    EN: 3.573 GAM: 0.504  GM3: 0.0000
     2s    -25.722000    2.064844
     2p    -18.684912    1.801692
     3sp    -4.344791    0.921400
  8     Sun Feb 14 09:53:25 CET 2016    EN: 3.700 GAM: 0.587  GM3: 0.0000
     2s    -33.859000    2.418661
     2p    -22.175911    1.973969
     3sp    -4.259392    1.013700
 12     Sun Feb 21 16:58:31 CET 2016    EN: 0.033 GAM: 0.222  GM3: 0.0000
     3s    -11.092543    1.647583
     3p     -6.929529    0.855020
 
 Nbf   :          894
 T(el) :     0.0
 calculating S/T integrals ...
 cpu time for ints    1.15141000000000     
 Nao   :          894
 making H0...
 making H1...
 cpu time for H      2.042699999999997E-002
 solving ...
 cpu time for diag   0.280351000000000     
 
 gap (eV)           :   4.594
 Koopmans IP (eV)   :  13.426
 Eel (Eh)           :  -300.703621

          eigenvalues
 #    :         164        165        166        167        168        169        170        171
 occ. :        2.000      2.000      2.000      2.000      2.000      2.000      2.000      2.000
 eps  :       -17.473    -17.455    -17.003    -16.464    -16.117    -16.062    -15.874    -15.627
 #    :         172        173        174        175        176        177        178        179
 occ. :        2.000      2.000      2.000      2.000      2.000      0.000      0.000      0.000
 eps  :       -15.582    -15.466    -15.065    -13.951    -13.427     -8.833     -6.965     -6.394
 #    :         180        181        182        183        184        185        186        187
 occ. :        0.000      0.000      0.000      0.000      0.000      0.000      0.000      0.000
 eps  :        -6.118     -6.104     -6.039     -5.717     -5.315     -5.225     -5.048     -5.009
                            1  SCC done.
 writing mo output ...
 molden style : F
 
speedup  1.40
cpu  time for all    1.95 s
wall time for all    1.40 s
