cpu-bind=MASK - bp1-compute160, task 4294967295 4294967295 [0]: mask 0xffffff00ffffff set
Host:    bp1-compute160.data.bp.acrc.priv
Time:    Wed May  4 13:57:48 BST 2022
Dir:     /user/home/of15641/chlorophyll_parameterization/tddft_data/step_1851_chromophore_11
Job ID:  1692230
Nodelist:
cat: bp1-compute160: No such file or directory
  
Result dir: /user/home/of15641/chlorophyll_parameterization/tddft_data/step_1851_chromophore_11
running gaussian jobs
Running time g16 < CAMB3LYP_step_1851_chromophore_11.com > CAMB3LYP_step_1851_chromophore_11.log

real	28m48.685s
user	678m46.775s
sys	0m35.599s
Running time g16 < PBE0_step_1851_chromophore_11.com > PBE0_step_1851_chromophore_11.log

real	17m42.873s
user	422m42.613s
sys	0m34.629s
Running time g16 < wB97XD_step_1851_chromophore_11.com > wB97XD_step_1851_chromophore_11.log

real	31m29.184s
user	742m42.582s
sys	0m41.948s
Running time g16 < BLYP_step_1851_chromophore_11.com > BLYP_step_1851_chromophore_11.log

real	14m11.959s
user	338m36.665s
sys	0m27.841s
Running time g16 < ZINDO_step_1851_chromophore_11.com > ZINDO_step_1851_chromophore_11.log

real	0m7.674s
user	2m47.356s
sys	0m2.839s
