cpu-bind=MASK - bp1-compute123, task 4294967295 4294967295 [0]: mask 0xffffffffffff set
Host:    bp1-compute123.data.bp.acrc.priv
Time:    Wed May  4 15:30:13 BST 2022
Dir:     /user/home/of15641/chlorophyll_parameterization/tddft_data/step_1_chromophore_9
Job ID:  1692251
Nodelist:
cat: bp1-compute123: No such file or directory
  
Result dir: /user/home/of15641/chlorophyll_parameterization/tddft_data/step_1_chromophore_9
running gaussian jobs
Running time g16 < CAMB3LYP_step_1_chromophore_9.com > CAMB3LYP_step_1_chromophore_9.log

real	26m6.055s
user	613m0.766s
sys	0m45.404s
Running time g16 < PBE0_step_1_chromophore_9.com > PBE0_step_1_chromophore_9.log

real	16m13.495s
user	386m16.068s
sys	0m32.159s
Running time g16 < wB97XD_step_1_chromophore_9.com > wB97XD_step_1_chromophore_9.log

real	26m49.348s
user	630m12.856s
sys	0m40.368s
Running time g16 < BLYP_step_1_chromophore_9.com > BLYP_step_1_chromophore_9.log

real	11m53.654s
user	282m57.638s
sys	0m23.949s
Running time g16 < ZINDO_step_1_chromophore_9.com > ZINDO_step_1_chromophore_9.log

real	0m6.239s
user	2m16.592s
sys	0m2.345s
