 
        ______________________________________
       |                                      |
       |          ===================         |
       |             xTB for sTDA             |
       |          ===================         |
       |               S. Grimme              |
       |        Universitaet Bonn, MCTC       |
       |         2015-19, Version 1.0         |
       |     Wed Apr  3 09:14:55 CEST 2019    |
       |______________________________________|
 
        This code comes without any warranty
        for non-commercial, academia use only.
        Preliminary test version.
        Cite this work as:
        S. Grimme  &  C. Bannwarth, JCP 145 (2016) 054103
        if GBSA is used additionally:
        P. Shushkov, F. März, C. Bannwarth, S. Grimme, unpublished.
 
        with help from
        P. Shushkov, G. Brandenburg, S. Dohm, J. Pisarek,
        F. März, M. Checinski, S. Ehrlich, S. Spicher, 
        P. Pracht, E. Caldeweyher, S. Ehlert, and C. Bannwarth.
 
        usage        :
        xtb4stda <coord_file> [options]
        where <coord_file> is a valid file of TM)
        (*coord, Bohr) or xmol (*xyz, Angstroem)
        format.

        options:
        -chrg <int>   : molecular charge
        -uhf  <int>   : # of unpaired electrons(=2*S)
        -nox          : skip second, extended part in sTDA-xTB
        -pop          : do population analysis
                      : (default for -nox)
        -mowr <real>  : cut MO write above (def.3 Eh)
        -molden       : write formatted molden file
        -parx <file>  : read parameters for sTDA-xTB
                        calc (def:~/.param_stda2.xtb)
        -parv <file>  : read parameters for vTB part in
                        sTDA-xTB (def: ~/.param_stda1.xtb)
        -xtemp <real> : el. temp for xTB (def. 0 K)
        -etemp <real> : el. temp for GFN (def. 300 K)
        -fod          : calculate the FOD and write
                        molden.input file with
                        appropriate occupations
                        for plotting. Def. T=12500 K
 
        -acc <real>   : xTB accuracy (def. 1.0)
        -gbsa [string1] [string2]
                        use GBSA implicit solvent
                        for solvent [string1] and
                        solvation state [string2]=
                        reference, bar1M (default=1M)
        additional GFN/opt/MD/siman options read from
        $XTB4STDAHOME/.xtb4stdarc or $set in input
 
       spin and charge state information can be on:
       <.CHRG> (charge) and <.UHF> (=nalpha-nbeta)
       -uhf and -chrg override the file info.
       useful machine settings:
       setenv MKL_NUM_THREADS <NCORE_ON_YOUR_MACHINE>
       setenv OMP_STACKSIZE 500m
       limit stacksize unlimited
 
       total energies in Eh, gaps/HL energies in eV
       please read REVISION and HOWTO files carefully
 =============================
  # OMP threads =           4
 =============================
 
 xtb4stdahome directory:~/
 
 
 name of molecule           :
 comment line               :
 number of atoms            :   140
 number of electrons        :   352
 charge                     :  0
 spin                       : 0.0
 first test random number   :  0.5705
 
 -----------------------------------------
      charge density (VTB) calculation
 -----------------------------------------
 
      method parameters     
 k(s)        :  1.8000
 k(p)        :  2.8350
 k(d)        :  2.0860
 k(f)        :  2.0000
 Tscal       :  0.3300
 Gscal       :  0.3910
 fpol        :  1.0000
 Zcnf        :  0.6500
 Zqf         :  0.0000
 kcn         :  0.3000
 kEN1        : -0.5900
 wllscal     :  2.6000
 
     -------------------------
     ! NO SOLVENT MODEL USED !
     -------------------------
 
 doing EN charges ...
 sum q :  0.2109424D-14
 point charge moment (au)
     X       Y       Z   
   0.2187  -0.3237   0.0190  total (Debye):    0.994
 
            Z      q(EN)   CN      Cart. coordinates
     1  MG  2.0   0.884   4.688    55.57873   112.30641    78.94330
     2  C   4.0   0.021   3.298    49.66767   109.76095    77.03657
     3  C   4.0  -0.057   3.159    58.50403   106.81865    76.43941
     4  C   4.0  -0.061   3.156    61.34806   114.94069    79.53668
     5  C   4.0  -0.058   3.145    52.53060   117.59954    80.87649
     6  N   5.0  -0.348   3.132    54.18978   108.86144    76.70587
     7  C   4.0   0.123   3.349    51.78983   108.22838    76.29769
     8  C   4.0  -0.099   4.239    51.80684   105.82087    74.86905
     9  C   4.0  -0.099   4.181    54.47702   104.71538    75.12228
    10  C   4.0   0.086   3.359    55.81873   106.81298    76.44130
    11  C   4.0  -0.236   4.033    54.77182   102.05654    76.08982
    12  C   4.0  -0.161   4.061    50.66922   105.97205    72.06470
    13  C   4.0  -0.170   4.060    49.34641   103.61934    71.25023
    14  C   4.0   0.169   3.102    50.35364   102.54031    68.75390
    15  O   6.0  -0.098   1.041    51.77282   100.71294    68.74256
    16  O   6.0  -0.120   2.059    49.54861   103.90280    66.65252
    17  N   5.0  -0.362   3.192    59.41676   111.10833    77.91529
    18  C   4.0   0.050   3.487    60.33517   108.68570    77.07436
    19  C   4.0   0.020   3.223    62.87118   108.57231    76.78901
    20  C   4.0  -0.004   3.389    63.68376   111.06486    77.41451
    21  C   4.0   0.100   3.384    61.46901   112.50672    78.38772
    22  C   4.0  -0.247   4.034    64.19966   106.24984    75.74211
    23  C   4.0   0.109   3.070    66.28214   111.91146    77.24444
    24  O   6.0  -0.101   1.077    67.93943   110.38267    76.66051
    25  C   4.0  -0.247   4.034    67.20621   114.57786    77.74333
    26  N   5.0  -0.450   3.159    56.81839   115.83264    79.93730
    27  C   4.0   0.090   3.364    59.29960   116.48838    80.20753
    28  C   4.0  -0.095   4.117    59.57739   119.20958    81.16373
    29  C   4.0  -0.095   4.141    56.67099   120.07319    81.46420
    30  C   4.0   0.089   3.378    55.22157   117.77528    80.54957
    31  C   4.0  -0.237   4.021    61.03437   119.57430    83.71297
    32  C   4.0  -0.161   4.019    55.99258   122.55440    79.84848
    33  C   4.0  -0.238   4.007    54.99103   124.64065    81.63994
    34  N   5.0  -0.452   3.238    51.85408   113.36655    79.20219
    35  C   4.0   0.062   3.448    50.89221   115.66824    80.14517
    36  C   4.0   0.018   3.242    48.09919   115.33564    80.34926
    37  C   4.0   0.002   3.419    47.61354   113.09632    79.04346
    38  C   4.0   0.093   3.665    49.95302   112.07776    78.23276
    39  C   4.0  -0.248   4.028    46.38143   117.41056    81.07113
    40  C   4.0   0.115   3.184    45.53862   111.45226    78.07025
    41  O   6.0  -0.104   1.041    43.26150   111.49572    78.27623
    42  C   4.0  -0.118   4.228    46.92379   109.19592    76.76445
    43  C   4.0   0.197   3.215    46.07719   106.75440    77.81702
    44  O   6.0  -0.114   1.068    46.00160   106.32165    80.02800
    45  O   6.0  -0.119   2.034    45.36854   105.11223    75.98399
    46  C   4.0  -0.203   4.103    44.37832   102.84267    77.28223
    47  C   4.0  -0.125   4.072    50.42734   103.05431    64.24690
    48  C   4.0  -0.056   3.096    50.15144   105.54686    62.65764
    49  C   4.0   0.017   3.069    50.08530   105.47694    60.10651
    50  C   4.0  -0.247   4.028    50.45946   103.04676    58.45867
    51  C   4.0  -0.177   4.070    49.51460   107.82020    58.59662
    52  C   4.0  -0.163   4.027    51.85786   109.20726    57.29271
    53  C   4.0  -0.163   4.048    51.85975   108.99750    54.37875
    54  C   4.0  -0.089   4.033    54.02726   107.24573    53.33940
    55  C   4.0  -0.239   4.033    53.39421   105.76418    50.97914
    56  C   4.0  -0.163   4.037    56.64454   108.74617    53.10130
    57  C   4.0  -0.163   4.028    59.07850   107.01518    53.41121
    58  C   4.0  -0.165   4.074    60.98524   107.76918    55.39165
    59  C   4.0  -0.088   4.049    61.32161   106.06843    57.72546
    60  C   4.0  -0.238   4.023    59.17299   106.78652    59.75313
    61  C   4.0  -0.164   4.067    64.00502   106.24984    58.81583
    62  C   4.0  -0.163   4.046    65.39208   103.74784    58.42277
    63  C   4.0  -0.162   4.027    68.33060   103.95949    58.88575
    64  C   4.0  -0.087   3.992    69.83671   103.75162    56.21935
    65  C   4.0  -0.238   4.008    71.24456   101.08900    56.07384
    66  C   4.0  -0.238   4.014    71.33526   106.15158    55.47857
    67  H   1.0   0.071   1.007    59.47157   105.15191    75.70053
    68  H   1.0   0.071   1.007    63.11685   115.81752    80.13383
    69  H   1.0   0.071   1.006    51.83896   119.40611    81.59459
    70  H   1.0   0.087   1.016    50.54639   104.70027    76.05202
    71  H   1.0   0.086   1.020    55.25937   105.04609    73.24578
    72  H   1.0   0.081   1.005    56.23446   102.31354    77.51656
    73  H   1.0   0.081   1.001    55.39543   100.98129    74.44764
    74  H   1.0   0.081   1.000    52.93500   101.33844    76.68697
    75  H   1.0   0.083   1.007    52.21880   106.17425    70.72299
    76  H   1.0   0.082   1.003    49.45224   107.59911    71.72266
    77  H   1.0   0.083   1.006    47.36409   103.97461    70.82126
    78  H   1.0   0.083   1.004    49.36153   102.15481    72.69776
    79  H   1.0   0.081   1.000    64.31304   106.47472    73.69931
    80  H   1.0   0.080   0.997    63.51936   104.33933    76.10871
    81  H   1.0   0.080   0.999    66.00435   105.91536    76.67941
    82  H   1.0   0.081   1.002    65.61506   115.81374    77.32003
    83  H   1.0   0.080   0.999    68.87295   114.95392    76.59248
    84  H   1.0   0.080   1.002    67.56337   114.51550    79.77289
    85  H   1.0   0.083   1.008    60.67532   120.10153    79.66518
    86  H   1.0   0.084   1.007    56.49903   120.41901    83.48809
    87  H   1.0   0.080   0.997    60.38997   121.09175    84.94696
    88  H   1.0   0.080   1.002    62.91843   119.88799    82.93818
    89  H   1.0   0.080   0.999    60.99091   117.78284    84.72964
    90  H   1.0   0.081   1.002    54.53938   122.08763    78.46520
    91  H   1.0   0.081   1.001    57.62908   123.11754    78.73165
    92  H   1.0   0.080   0.997    55.78282   126.50770    81.28467
    93  H   1.0   0.080   0.999    55.09685   123.95090    83.57880
    94  H   1.0   0.080   0.998    52.95390   124.86931    81.44719
    95  H   1.0   0.081   1.002    44.64856   116.49216    81.69852
    96  H   1.0   0.080   1.002    46.16789   118.53873    79.36093
    97  H   1.0   0.080   0.998    46.97103   118.48582    82.72653
    98  H   1.0   0.086   1.012    46.37765   109.14112    74.78024
    99  H   1.0   0.082   0.997    46.04317   101.81088    77.91529
   100  H   1.0   0.081   0.996    43.33331   101.67670    75.94431
   101  H   1.0   0.081   0.996    42.99127   103.22061    78.75811
   102  H   1.0   0.082   1.000    49.21035   101.56332    63.51180
   103  H   1.0   0.082   1.000    52.39454   102.44582    64.29226
   104  H   1.0   0.070   1.003    49.69412   107.36478    63.51369
   105  H   1.0   0.080   0.999    49.00437   101.72773    59.07850
   106  H   1.0   0.080   0.999    52.32273   102.28898    58.90465
   107  H   1.0   0.080   0.997    50.37442   103.33966    56.42155
   108  H   1.0   0.082   1.005    48.65099   109.11467    59.94589
   109  H   1.0   0.082   1.003    48.02739   107.37612    57.24358
   110  H   1.0   0.083   1.010    53.29216   107.89579    57.97490
   111  H   1.0   0.081   1.000    52.15077   111.13289    57.96167
   112  H   1.0   0.082   1.002    52.09408   110.87589    53.56617
   113  H   1.0   0.083   1.008    50.15144   107.90902    54.00837
   114  H   1.0   0.084   1.011    54.27482   105.78119    54.76615
   115  H   1.0   0.081   1.001    54.14254   106.89802    49.43145
   116  H   1.0   0.081   0.999    51.35708   105.50718    50.83741
   117  H   1.0   0.080   0.998    54.42222   103.98217    50.86575
   118  H   1.0   0.082   1.002    56.72579   110.22205    54.53560
   119  H   1.0   0.081   1.000    56.84296   109.84788    51.37220
   120  H   1.0   0.081   1.003    59.90620   106.93581    51.52716
   121  H   1.0   0.082   1.005    58.41521   105.12168    53.87798
   122  H   1.0   0.083   1.006    60.46934   109.66269    56.01715
   123  H   1.0   0.083   1.005    62.87496   107.91280    54.58473
   124  H   1.0   0.083   1.009    60.69233   104.19571    57.14342
   125  H   1.0   0.080   0.997    58.00703   108.40791    59.24669
   126  H   1.0   0.080   0.999    60.12730   107.08510    61.55404
   127  H   1.0   0.080   0.998    57.96734   105.13112    59.97234
   128  H   1.0   0.082   1.003    64.00502   106.69204    60.82650
   129  H   1.0   0.082   1.004    64.98579   107.83154    57.93333
   130  H   1.0   0.082   1.003    65.17854   102.98251    56.52170
   131  H   1.0   0.082   1.004    64.68532   102.44771    59.85518
   132  H   1.0   0.081   1.001    68.73122   102.51385    60.29738
   133  H   1.0   0.081   1.001    68.85216   105.67725    59.89675
   134  H   1.0   0.083   1.012    68.64430   103.59100    54.54883
   135  H   1.0   0.080   0.997    73.10972   101.14569    55.20267
   136  H   1.0   0.080   0.998    69.98789    99.83989    55.02126
   137  H   1.0   0.080   0.997    71.38818    99.97784    57.80105
   138  H   1.0   0.080   0.997    70.28836   107.63879    54.51292
   139  H   1.0   0.080   0.999    72.92452   105.50907    54.33529
   140  H   1.0   0.080   0.998    72.10060   107.03597    57.17555
 
  Z AO/shell   Hii/eV     exponent
  1     Sat Feb 20 21:38:01 CET 2016    EN: 2.327 GAM: 0.473  GM3: 0.0000
     1s    -13.751157    1.051071
  6     Sat Feb 20 21:38:01 CET 2016    EN: 2.731 GAM: 0.422  GM3: 0.0000
     2s    -19.378245    2.021003
     2p    -11.993376    1.497917
  7     Sat Feb 20 21:38:01 CET 2016    EN: 3.573 GAM: 0.504  GM3: 0.0000
     2s    -21.576984    2.275442
     2p    -16.125120    2.056788
  8     Sat Feb 20 21:38:01 CET 2016    EN: 3.700 GAM: 0.587  GM3: 0.0000
     2s    -21.648843    2.110798
     2p    -17.239740    2.329048
 12     Sat Feb 20 23:25:47 CET 2016    EN: 0.033 GAM: 0.222  GM3: 0.0000
     3s    -12.693633    1.302878
     3p     -8.128821    0.504252
 
 dipole moment of classical point charges (au)
     X       Y       Z   
   0.2187  -0.3237   0.0190  total (Debye):    0.994

 
 Nbf   :          338
 T(el) :   300.0
 calculating S/T integrals ...
 cpu time for ints   0.147211000000000     
 Nao   :          338
 making H0...
 making H1...
 cpu time for H      6.585000000000008E-003
 solving ...
 cpu time for diag   6.190400000000001E-002
 
 gap (eV)           :   1.394
 Koopmans IP (eV)   :  12.202
 Eel (Eh)           :  -268.566188
 T,E(Fermi),NFOD :    300.000   -11.505  0.000000
 T,E(Fermi),NFOD :    300.000   -11.505  0.000000
 Nfod               :  0.0000
 Nfod/Nel           :  0.0000

          eigenvalues
 #    :         164        165        166        167        168        169        170        171
 occ. :        2.000      2.000      2.000      2.000      2.000      2.000      2.000      2.000
 eps  :       -16.298    -16.133    -15.985    -15.860    -15.644    -15.603    -15.384    -14.971
 #    :         172        173        174        175        176        177        178        179
 occ. :        2.000      2.000      2.000      2.000      2.000      0.000      0.000      0.000
 eps  :       -14.937    -14.888    -14.542    -13.180    -12.203    -10.809     -9.826     -8.900
 #    :         180        181        182        183        184        185        186        187
 occ. :        0.000      0.000      0.000      0.000      0.000      0.000      0.000      0.000
 eps  :        -8.549     -8.058     -7.985     -7.826     -7.577     -7.487     -7.315     -6.896
                            1  SCC done.
 making H1...
 cpu time for H      7.235700000000000E-002
 solving ...
 cpu time for diag   2.877900000000000E-002
 
 gap (eV)           :   1.515
 Koopmans IP (eV)   :  11.973
 Eel (Eh)           :  -265.611486
 T,E(Fermi),NFOD :    300.000   -11.216  0.000000
 T,E(Fermi),NFOD :    300.000   -11.216  0.000000
 Nfod               :  0.0000
 Nfod/Nel           :  0.0000

          eigenvalues
 #    :         164        165        166        167        168        169        170        171
 occ. :        2.000      2.000      2.000      2.000      2.000      2.000      2.000      2.000
 eps  :       -15.530    -15.194    -14.976    -14.923    -14.671    -14.556    -14.481    -14.357
 #    :         172        173        174        175        176        177        178        179
 occ. :        2.000      2.000      2.000      2.000      2.000      0.000      0.000      0.000
 eps  :       -14.180    -13.505    -13.340    -12.634    -11.974    -10.459     -9.242     -8.695
 #    :         180        181        182        183        184        185        186        187
 occ. :        0.000      0.000      0.000      0.000      0.000      0.000      0.000      0.000
 eps  :        -8.393     -8.114     -7.951     -7.633     -7.406     -7.240     -7.044     -6.673
                            2  SCC done.
 
 
 Mulliken/CM5 charges    n(s)   n(p)   n(d)   
    1 MG  0.3072  0.7510   0.665  1.028  0.000
    2 C   0.0076  0.0111   1.172  2.820  0.000
    3 C  -0.0032 -0.0462   1.135  2.868  0.000
    4 C  -0.0283 -0.0709   1.120  2.908  0.000
    5 C  -0.0474 -0.0895   1.130  2.917  0.000
    6 N  -0.1291 -0.3702   1.404  3.726  0.000
    7 C   0.0358  0.1031   1.226  2.738  0.000
    8 C  -0.0376 -0.0905   1.203  2.835  0.000
    9 C  -0.0207 -0.0808   1.178  2.842  0.000
   10 C   0.0572  0.1091   1.231  2.712  0.000
   11 C  -0.0677 -0.2156   1.099  2.969  0.000
   12 C  -0.0557 -0.1617   1.160  2.895  0.000
   13 C  -0.0543 -0.1556   1.137  2.918  0.000
   14 C   0.2131  0.2599   1.197  2.590  0.000
   15 O  -0.2646 -0.3123   1.629  4.635  0.000
   16 O  -0.1506 -0.2306   1.483  4.668  0.000
   17 N  -0.2139 -0.4616   1.406  3.808  0.000
   18 C   0.0410  0.0918   1.189  2.770  0.000
   19 C   0.0415  0.0376   1.187  2.772  0.000
   20 C  -0.0293 -0.0224   1.193  2.837  0.000
   21 C   0.0423  0.1104   1.205  2.753  0.000
   22 C  -0.0766 -0.2205   1.073  3.004  0.000
   23 C   0.1217  0.1436   1.203  2.676  0.000
   24 O  -0.2951 -0.3461   1.622  4.673  0.000
   25 C  -0.0976 -0.2398   1.098  2.999  0.000
   26 N  -0.2019 -0.4941   1.397  3.805  0.000
   27 C   0.0341  0.0896   1.227  2.739  0.000
   28 C  -0.0273 -0.0861   1.211  2.816  0.000
   29 C  -0.0360 -0.0908   1.221  2.815  0.000
   30 C  -0.0044  0.0518   1.237  2.767  0.000
   31 C  -0.0844 -0.2330   1.106  2.978  0.000
   32 C  -0.0557 -0.1644   1.159  2.897  0.000
   33 C  -0.0973 -0.2484   1.096  3.002  0.000
   34 N  -0.2224 -0.5145   1.383  3.839  0.000
   35 C  -0.0152  0.0399   1.219  2.796  0.000
   36 C  -0.0369 -0.0429   1.225  2.812  0.000
   37 C  -0.0665 -0.0588   1.190  2.877  0.000
   38 C   0.0228  0.0974   1.183  2.794  0.000
   39 C  -0.0587 -0.2021   1.074  2.984  0.000
   40 C   0.1565  0.1904   1.202  2.641  0.000
   41 O  -0.2111 -0.2545   1.629  4.582  0.000
   42 C  -0.0379 -0.0800   1.183  2.855  0.000
   43 C   0.2499  0.3061   1.158  2.592  0.000
   44 O  -0.2619 -0.3139   1.619  4.643  0.000
   45 O  -0.1530 -0.2397   1.516  4.637  0.000
   46 C   0.0139 -0.1096   1.101  2.885  0.000
   47 C   0.0556 -0.0212   1.135  2.810  0.000
   48 C  -0.0793 -0.1340   1.178  2.901  0.000
   49 C  -0.0303 -0.0554   1.221  2.809  0.000
   50 C  -0.0978 -0.2440   1.089  3.008  0.000
   51 C  -0.0730 -0.1804   1.150  2.923  0.000
   52 C  -0.0675 -0.1787   1.161  2.907  0.000
   53 C  -0.0589 -0.1689   1.155  2.904  0.000
   54 C  -0.0365 -0.1111   1.214  2.823  0.000
   55 C  -0.0935 -0.2441   1.096  2.997  0.000
   56 C  -0.0882 -0.1985   1.174  2.914  0.000
   57 C  -0.0622 -0.1742   1.149  2.914  0.000
   58 C  -0.0664 -0.1777   1.150  2.917  0.000
   59 C  -0.0314 -0.1048   1.211  2.820  0.000
   60 C  -0.1188 -0.2694   1.117  3.001  0.000
   61 C  -0.0534 -0.1636   1.149  2.905  0.000
   62 C  -0.0592 -0.1706   1.155  2.905  0.000
   63 C  -0.0741 -0.1828   1.169  2.905  0.000
   64 C  -0.0303 -0.1026   1.220  2.810  0.000
   65 C  -0.1127 -0.2628   1.110  3.002  0.000
   66 C  -0.0957 -0.2458   1.102  2.994  0.000
   67 H   0.0497  0.1098   0.950  0.000  0.000
   68 H   0.0536  0.1138   0.946  0.000  0.000
   69 H   0.0585  0.1174   0.942  0.000  0.000
   70 H   0.0381  0.1062   0.962  0.000  0.000
   71 H   0.0530  0.1195   0.947  0.000  0.000
   72 H   0.0527  0.1083   0.947  0.000  0.000
   73 H   0.0438  0.0969   0.956  0.000  0.000
   74 H   0.0438  0.0969   0.956  0.000  0.000
   75 H   0.0373  0.0985   0.963  0.000  0.000
   76 H   0.0442  0.1015   0.956  0.000  0.000
   77 H   0.0357  0.0974   0.964  0.000  0.000
   78 H   0.0432  0.1039   0.957  0.000  0.000
   79 H   0.0512  0.1045   0.949  0.000  0.000
   80 H   0.0485  0.1000   0.951  0.000  0.000
   81 H   0.0490  0.1040   0.951  0.000  0.000
   82 H   0.0403  0.0957   0.960  0.000  0.000
   83 H   0.0513  0.1067   0.949  0.000  0.000
   84 H   0.0509  0.1060   0.949  0.000  0.000
   85 H   0.0556  0.1162   0.944  0.000  0.000
   86 H   0.0595  0.1215   0.941  0.000  0.000
   87 H   0.0474  0.0989   0.953  0.000  0.000
   88 H   0.0423  0.0956   0.958  0.000  0.000
   89 H   0.0369  0.0901   0.963  0.000  0.000
   90 H   0.0383  0.0946   0.962  0.000  0.000
   91 H   0.0419  0.0970   0.958  0.000  0.000
   92 H   0.0417  0.0926   0.958  0.000  0.000
   93 H   0.0386  0.0915   0.961  0.000  0.000
   94 H   0.0278  0.0791   0.972  0.000  0.000
   95 H   0.0511  0.1050   0.949  0.000  0.000
   96 H   0.0584  0.1119   0.942  0.000  0.000
   97 H   0.0498  0.1020   0.950  0.000  0.000
   98 H   0.0531  0.1228   0.947  0.000  0.000
   99 H   0.0536  0.1164   0.946  0.000  0.000
  100 H   0.0427  0.1007   0.957  0.000  0.000
  101 H   0.0630  0.1253   0.937  0.000  0.000
  102 H   0.0582  0.1221   0.942  0.000  0.000
  103 H   0.0624  0.1282   0.938  0.000  0.000
  104 H   0.0493  0.1087   0.951  0.000  0.000
  105 H   0.0401  0.0930   0.960  0.000  0.000
  106 H   0.0375  0.0901   0.962  0.000  0.000
  107 H   0.0443  0.0966   0.956  0.000  0.000
  108 H   0.0314  0.0883   0.969  0.000  0.000
  109 H   0.0388  0.0953   0.961  0.000  0.000
  110 H   0.0340  0.0947   0.966  0.000  0.000
  111 H   0.0436  0.0975   0.956  0.000  0.000
  112 H   0.0399  0.0958   0.960  0.000  0.000
  113 H   0.0456  0.1046   0.954  0.000  0.000
  114 H   0.0263  0.0879   0.974  0.000  0.000
  115 H   0.0247  0.0785   0.975  0.000  0.000
  116 H   0.0386  0.0912   0.961  0.000  0.000
  117 H   0.0399  0.0917   0.960  0.000  0.000
  118 H   0.0279  0.0846   0.972  0.000  0.000
  119 H   0.0299  0.0846   0.970  0.000  0.000
  120 H   0.0353  0.0905   0.965  0.000  0.000
  121 H   0.0283  0.0861   0.972  0.000  0.000
  122 H   0.0286  0.0866   0.971  0.000  0.000
  123 H   0.0350  0.0922   0.965  0.000  0.000
  124 H   0.0361  0.0967   0.964  0.000  0.000
  125 H   0.0364  0.0886   0.964  0.000  0.000
  126 H   0.0285  0.0810   0.972  0.000  0.000
  127 H   0.0300  0.0816   0.970  0.000  0.000
  128 H   0.0404  0.0968   0.960  0.000  0.000
  129 H   0.0332  0.0903   0.967  0.000  0.000
  130 H   0.0358  0.0929   0.964  0.000  0.000
  131 H   0.0347  0.0907   0.965  0.000  0.000
  132 H   0.0420  0.0968   0.958  0.000  0.000
  133 H   0.0332  0.0885   0.967  0.000  0.000
  134 H   0.0365  0.0966   0.964  0.000  0.000
  135 H   0.0337  0.0848   0.966  0.000  0.000
  136 H   0.0326  0.0842   0.967  0.000  0.000
  137 H   0.0310  0.0822   0.969  0.000  0.000
  138 H   0.0441  0.0950   0.956  0.000  0.000
  139 H   0.0353  0.0878   0.965  0.000  0.000
  140 H   0.0213  0.0734   0.979  0.000  0.000
 Hirshfeld charges for QMDFF written to <charges>
 
 Loewdin charges    n(s)   n(p)   n(d)
    1 MG  0.1482   0.676  1.175  0.000
    2 C   0.0095   1.131  2.859  0.000
    3 C  -0.0009   1.084  2.917  0.000
    4 C  -0.0278   1.068  2.960  0.000
    5 C  -0.0432   1.077  2.966  0.000
    6 N  -0.0970   1.361  3.736  0.000
    7 C   0.0384   1.190  2.772  0.000
    8 C  -0.0336   1.156  2.877  0.000
    9 C  -0.0123   1.129  2.884  0.000
   10 C   0.0603   1.195  2.745  0.000
   11 C  -0.0685   1.025  3.043  0.000
   12 C  -0.0504   1.101  2.949  0.000
   13 C  -0.0551   1.077  2.978  0.000
   14 C   0.1920   1.171  2.637  0.000
   15 O  -0.2506   1.600  4.651  0.000
   16 O  -0.1162   1.448  4.668  0.000
   17 N  -0.1864   1.367  3.820  0.000
   18 C   0.0426   1.149  2.808  0.000
   19 C   0.0481   1.144  2.808  0.000
   20 C  -0.0380   1.157  2.881  0.000
   21 C   0.0483   1.166  2.786  0.000
   22 C  -0.0774   0.999  3.079  0.000
   23 C   0.1202   1.165  2.714  0.000
   24 O  -0.2813   1.593  4.688  0.000
   25 C  -0.1024   1.026  3.077  0.000
   26 N  -0.1627   1.351  3.812  0.000
   27 C   0.0405   1.189  2.771  0.000
   28 C  -0.0182   1.164  2.854  0.000
   29 C  -0.0302   1.175  2.855  0.000
   30 C   0.0026   1.199  2.798  0.000
   31 C  -0.0854   1.035  3.051  0.000
   32 C  -0.0491   1.100  2.949  0.000
   33 C  -0.0997   1.024  3.076  0.000
   34 N  -0.1897   1.340  3.849  0.000
   35 C  -0.0116   1.181  2.831  0.000
   36 C  -0.0264   1.183  2.844  0.000
   37 C  -0.0741   1.153  2.921  0.000
   38 C   0.0262   1.142  2.831  0.000
   39 C  -0.0582   0.998  3.060  0.000
   40 C   0.1487   1.170  2.681  0.000
   41 O  -0.1939   1.597  4.597  0.000
   42 C  -0.0399   1.135  2.905  0.000
   43 C   0.2248   1.132  2.643  0.000
   44 O  -0.2465   1.587  4.660  0.000
   45 O  -0.1190   1.481  4.638  0.000
   46 C   0.0079   1.031  2.961  0.000
   47 C   0.0538   1.077  2.869  0.000
   48 C  -0.0781   1.130  2.948  0.000
   49 C  -0.0188   1.180  2.839  0.000
   50 C  -0.1005   1.017  3.084  0.000
   51 C  -0.0713   1.092  2.979  0.000
   52 C  -0.0633   1.103  2.960  0.000
   53 C  -0.0548   1.098  2.957  0.000
   54 C  -0.0276   1.167  2.860  0.000
   55 C  -0.0964   1.024  3.072  0.000
   56 C  -0.0871   1.119  2.968  0.000
   57 C  -0.0578   1.090  2.968  0.000
   58 C  -0.0647   1.092  2.973  0.000
   59 C  -0.0218   1.165  2.857  0.000
   60 C  -0.1242   1.048  3.076  0.000
   61 C  -0.0498   1.090  2.960  0.000
   62 C  -0.0542   1.096  2.958  0.000
   63 C  -0.0710   1.113  2.958  0.000
   64 C  -0.0196   1.174  2.846  0.000
   65 C  -0.1169   1.040  3.076  0.000
   66 C  -0.0984   1.030  3.068  0.000
   67 H   0.0454   0.955  0.000  0.000
   68 H   0.0500   0.950  0.000  0.000
   69 H   0.0524   0.948  0.000  0.000
   70 H   0.0338   0.966  0.000  0.000
   71 H   0.0477   0.952  0.000  0.000
   72 H   0.0511   0.949  0.000  0.000
   73 H   0.0422   0.958  0.000  0.000
   74 H   0.0433   0.957  0.000  0.000
   75 H   0.0344   0.966  0.000  0.000
   76 H   0.0408   0.959  0.000  0.000
   77 H   0.0324   0.968  0.000  0.000
   78 H   0.0397   0.960  0.000  0.000
   79 H   0.0492   0.951  0.000  0.000
   80 H   0.0494   0.951  0.000  0.000
   81 H   0.0473   0.953  0.000  0.000
   82 H   0.0410   0.959  0.000  0.000
   83 H   0.0490   0.951  0.000  0.000
   84 H   0.0503   0.950  0.000  0.000
   85 H   0.0495   0.950  0.000  0.000
   86 H   0.0540   0.946  0.000  0.000
   87 H   0.0467   0.953  0.000  0.000
   88 H   0.0416   0.958  0.000  0.000
   89 H   0.0365   0.963  0.000  0.000
   90 H   0.0355   0.965  0.000  0.000
   91 H   0.0385   0.961  0.000  0.000
   92 H   0.0406   0.959  0.000  0.000
   93 H   0.0396   0.960  0.000  0.000
   94 H   0.0286   0.971  0.000  0.000
   95 H   0.0486   0.951  0.000  0.000
   96 H   0.0557   0.944  0.000  0.000
   97 H   0.0483   0.952  0.000  0.000
   98 H   0.0454   0.955  0.000  0.000
   99 H   0.0492   0.951  0.000  0.000
  100 H   0.0400   0.960  0.000  0.000
  101 H   0.0578   0.942  0.000  0.000
  102 H   0.0509   0.949  0.000  0.000
  103 H   0.0540   0.946  0.000  0.000
  104 H   0.0421   0.958  0.000  0.000
  105 H   0.0399   0.960  0.000  0.000
  106 H   0.0370   0.963  0.000  0.000
  107 H   0.0437   0.956  0.000  0.000
  108 H   0.0293   0.971  0.000  0.000
  109 H   0.0371   0.963  0.000  0.000
  110 H   0.0325   0.968  0.000  0.000
  111 H   0.0401   0.960  0.000  0.000
  112 H   0.0364   0.964  0.000  0.000
  113 H   0.0435   0.956  0.000  0.000
  114 H   0.0228   0.977  0.000  0.000
  115 H   0.0253   0.975  0.000  0.000
  116 H   0.0388   0.961  0.000  0.000
  117 H   0.0393   0.961  0.000  0.000
  118 H   0.0270   0.973  0.000  0.000
  119 H   0.0283   0.972  0.000  0.000
  120 H   0.0327   0.967  0.000  0.000
  121 H   0.0273   0.973  0.000  0.000
  122 H   0.0275   0.973  0.000  0.000
  123 H   0.0331   0.967  0.000  0.000
  124 H   0.0317   0.968  0.000  0.000
  125 H   0.0370   0.963  0.000  0.000
  126 H   0.0298   0.970  0.000  0.000
  127 H   0.0307   0.969  0.000  0.000
  128 H   0.0377   0.962  0.000  0.000
  129 H   0.0311   0.969  0.000  0.000
  130 H   0.0333   0.967  0.000  0.000
  131 H   0.0318   0.968  0.000  0.000
  132 H   0.0394   0.961  0.000  0.000
  133 H   0.0312   0.969  0.000  0.000
  134 H   0.0321   0.968  0.000  0.000
  135 H   0.0340   0.966  0.000  0.000
  136 H   0.0332   0.967  0.000  0.000
  137 H   0.0320   0.968  0.000  0.000
  138 H   0.0432   0.957  0.000  0.000
  139 H   0.0356   0.964  0.000  0.000
  140 H   0.0221   0.978  0.000  0.000
 
 Wiberg/Mayer (AO) data. WBOs > 0.1 written file <wbo>
 largest (>0.05) Wiberg bond orders for each atom
           total WBO             WBO to atom ...
     1  MG  2.531    N   34 0.511    N   17 0.488    N   26 0.457    N    6 0.363    C   30 0.055    C   21 0.054    C   10 0.051
     2  C   3.887    C    7 1.299    C   38 1.274    C   42 0.957
     3  C   3.907    C   10 1.414    C   18 1.259    H   67 0.933    C   20 0.055
     4  C   3.932    C   27 1.461    C   21 1.236    H   68 0.933
     5  C   3.922    C   30 1.375    C   35 1.331    H   69 0.934
     6  N   3.327    C    7 1.325    C   10 1.195    MG   1 0.363
     7  C   3.876    N    6 1.325    C    2 1.299    C    8 0.964
     8  C   3.929    C    7 0.964    C    9 0.952    H   70 0.931    C   12 0.911
     9  C   3.940    C   11 0.981    C    8 0.952    C   10 0.946    H   71 0.925
    10  C   3.830    C    3 1.414    N    6 1.195    C    9 0.946    MG   1 0.051
    11  C   3.977    H   73 0.981    C    9 0.981    H   74 0.975    H   72 0.971
    12  C   3.939    C   13 0.988    H   75 0.961    H   76 0.960    C    8 0.911
    13  C   3.966    C   12 0.988    H   77 0.959    H   78 0.957    C   14 0.928    O   15 0.075
    14  C   3.881    O   15 1.844    O   16 1.063    C   13 0.928
    15  O   2.139    C   14 1.844    O   16 0.164    C   13 0.075
    16  O   2.292    C   14 1.063    C   47 0.972    O   15 0.164
    17  N   3.309    C   21 1.303    C   18 1.046    MG   1 0.488    C   20 0.073    C   27 0.061
    18  C   3.872    C   19 1.331    C    3 1.259    N   17 1.046
    19  C   3.889    C   18 1.331    C   20 1.325    C   22 0.976    O   24 0.050
    20  C   3.871    C   19 1.325    C   23 1.092    C   21 1.083    N   17 0.073    O   24 0.065    C    3 0.055
    21  C   3.884    N   17 1.303    C    4 1.236    C   20 1.083    MG   1 0.054
    22  C   3.973    C   19 0.976    H   81 0.973    H   80 0.972    H   79 0.966
    23  C   3.893    O   24 1.746    C   20 1.092    C   25 0.955
    24  O   2.056    C   23 1.746    C   25 0.073    C   20 0.065    C   19 0.050
    25  C   3.983    H   82 0.971    H   83 0.971    H   84 0.957    C   23 0.955    O   24 0.073
    26  N   3.350    C   30 1.220    C   27 1.201    MG   1 0.457
    27  C   3.864    C    4 1.461    N   26 1.201    C   28 0.937    N   17 0.061
    28  C   3.928    C   31 0.967    H   85 0.940    C   29 0.940    C   27 0.937
    29  C   3.924    C   30 0.950    C   28 0.940    C   32 0.939    H   86 0.930
    30  C   3.831    C    5 1.375    N   26 1.220    C   29 0.950    MG   1 0.055    C   36 0.052
    31  C   3.970    H   89 0.981    H   88 0.978    H   87 0.976    C   28 0.967
    32  C   3.946    C   33 1.003    H   90 0.968    H   91 0.967    C   29 0.939
    33  C   3.977    C   32 1.003    H   94 0.985    H   92 0.980    H   93 0.975
    34  N   3.298    C   38 1.222    C   35 1.108    MG   1 0.511    C   37 0.054
    35  C   3.847    C    5 1.331    C   36 1.136    N   34 1.108
    36  C   3.860    C   37 1.418    C   35 1.136    C   39 1.003    C   30 0.052
    37  C   3.893    C   36 1.418    C   38 1.138    C   40 1.008    O   41 0.076    N   34 0.054
    38  C   3.909    C    2 1.274    N   34 1.222    C   37 1.138
    39  C   3.979    C   36 1.003    H   97 0.974    H   95 0.971    H   96 0.956
    40  C   3.878    O   41 1.867    C   37 1.008    C   42 0.861
    41  O   2.192    C   40 1.867    C   42 0.083    C   37 0.076
    42  C   3.947    C    2 0.957    H   98 0.926    C   43 0.915    C   40 0.861    O   41 0.083    O   44 0.069
    43  C   3.901    O   44 1.833    O   45 1.084    C   42 0.915
    44  O   2.151    C   43 1.833    O   45 0.167    C   42 0.069
    45  O   2.291    C   43 1.084    C   46 0.961    O   44 0.167
    46  C   3.936    H  100 0.989    H   99 0.985    H  101 0.978    O   45 0.961
    47  C   3.934    O   16 0.972    C   48 0.969    H  102 0.962    H  103 0.958
    48  C   3.949    C   49 1.906    C   47 0.969    H  104 0.936
    49  C   3.933    C   48 1.906    C   51 0.985    C   50 0.965
    50  C   3.988    H  107 0.982    H  106 0.977    H  105 0.973    C   49 0.965
    51  C   3.963    C   49 0.985    H  108 0.960    H  109 0.953    C   52 0.949
    52  C   3.960    C   53 0.996    H  111 0.966    H  110 0.964    C   51 0.949
    53  C   3.967    C   52 0.996    H  112 0.967    C   54 0.961    H  113 0.955
    54  C   3.931    C   55 0.998    C   53 0.961    H  114 0.953    C   56 0.953
    55  C   3.984    C   54 0.998    H  115 0.981    H  117 0.978    H  116 0.974
    56  C   3.949    C   57 0.972    H  119 0.968    H  118 0.966    C   54 0.953
    57  C   3.964    C   58 0.995    C   56 0.972    H  120 0.967    H  121 0.964
    58  C   3.964    C   57 0.995    C   59 0.976    H  122 0.958    H  123 0.956
    59  C   3.936    C   58 0.976    C   61 0.971    C   60 0.967    H  124 0.952
    60  C   3.976    H  127 0.985    H  126 0.981    H  125 0.978    C   59 0.967
    61  C   3.964    C   62 0.991    C   59 0.971    H  129 0.961    H  128 0.961
    62  C   3.966    C   61 0.991    C   63 0.975    H  131 0.970    H  130 0.966
    63  C   3.951    C   62 0.975    H  133 0.966    H  132 0.965    C   64 0.950
    64  C   3.924    C   66 0.993    C   65 0.973    H  134 0.960    C   63 0.950
    65  C   3.972    H  136 0.983    H  137 0.980    H  135 0.977    C   64 0.973
    66  C   3.980    C   64 0.993    H  140 0.983    H  138 0.978    H  139 0.975
    67  H   0.994    C    3 0.933
    68  H   0.994    C    4 0.933
    69  H   0.993    C    5 0.934
    70  H   0.997    C    8 0.931
    71  H   0.992    C    9 0.925
    72  H   0.994    C   11 0.971
    73  H   0.997    C   11 0.981
    74  H   0.997    C   11 0.975
    75  H   0.996    C   12 0.961
    76  H   0.995    C   12 0.960
    77  H   0.998    C   13 0.959
    78  H   0.998    C   13 0.957
    79  H   0.994    C   22 0.966
    80  H   0.995    C   22 0.972
    81  H   0.996    C   22 0.973
    82  H   0.997    C   25 0.971
    83  H   0.995    C   25 0.971
    84  H   0.997    C   25 0.957
    85  H   0.995    C   28 0.940
    86  H   0.992    C   29 0.930
    87  H   0.996    C   31 0.976
    88  H   0.997    C   31 0.978
    89  H   0.998    C   31 0.981
    90  H   0.998    C   32 0.968
    91  H   0.996    C   32 0.967
    92  H   0.997    C   33 0.980
    93  H   0.998    C   33 0.975
    94  H   0.999    C   33 0.985
    95  H   0.995    C   39 0.971
    96  H   0.991    C   39 0.956
    97  H   0.995    C   39 0.974
    98  H   0.992    C   42 0.926
    99  H   0.997    C   46 0.985
   100  H   0.997    C   46 0.989
   101  H   0.996    C   46 0.978
   102  H   0.996    C   47 0.962
   103  H   0.996    C   47 0.958
   104  H   0.998    C   48 0.936
   105  H   0.998    C   50 0.973
   106  H   0.999    C   50 0.977
   107  H   0.998    C   50 0.982
   108  H   0.998    C   51 0.960
   109  H   0.998    C   51 0.953
   110  H   0.999    C   52 0.964
   111  H   0.997    C   52 0.966
   112  H   0.997    C   53 0.967
   113  H   0.997    C   53 0.955
   114  H   0.999    C   54 0.953
   115  H   0.999    C   55 0.981
   116  H   0.998    C   55 0.974
   117  H   0.998    C   55 0.978
   118  H   0.999    C   56 0.966
   119  H   0.998    C   56 0.968
   120  H   0.998    C   57 0.967
   121  H   0.999    C   57 0.964
   122  H   0.999    C   58 0.958
   123  H   0.998    C   58 0.956
   124  H   0.999    C   59 0.952
   125  H   0.998    C   60 0.978
   126  H   0.999    C   60 0.981
   127  H   0.999    C   60 0.985
   128  H   0.997    C   61 0.961
   129  H   0.999    C   61 0.961
   130  H   0.999    C   62 0.966
   131  H   0.998    C   62 0.970
   132  H   0.997    C   63 0.965
   133  H   0.999    C   63 0.966
   134  H   0.999    C   64 0.960
   135  H   0.998    C   65 0.977
   136  H   0.999    C   65 0.983
   137  H   0.999    C   65 0.980
   138  H   0.998    C   66 0.978
   139  H   0.998    C   66 0.975
   140  H   1.000    C   66 0.983
 
 --------------------------------------------
          xTB calculation for sTDA...
 --------------------------------------------
 
 reading parameter file ~/.param_stda2.xtb
 
      method parameters     
 k(s)        :  1.6000
 k(p)        :  2.1800
 k(d)        :  1.9500
 k(f)        :  2.0000
 k(R-V)      :  2.2750
 k(R-R)      :  1.7650
 Tscal       :  0.2580
 Gscal       :  1.0000
 fpol        :  1.0000
 Zcnf        :  0.3430
 Zqf         :  0.0000
 kcn         :  2.7000
 Ryd Hsplit  :  0.7000
 lshift(virt):  3.1000
 lshift(OS)  :  0.2000
 wllscaling  :  2.6000
 
 mowrcut     : 3.000
 
  Z AO/shell   Hii/eV     exponent
  1     Sun Feb 14 09:53:25 CET 2016    EN: 2.327 GAM: 0.473  GM3: 0.0000
     1s    -14.339618    1.220000
     2sp    -3.348946    0.600000
  6     Sun Feb 14 09:53:25 CET 2016    EN: 2.731 GAM: 0.422  GM3: 0.0000
     2s    -22.009312    1.565095
     2p    -13.020408    1.596905
     3sp    -3.914040    0.824500
  7     Sun Feb 14 09:53:25 CET 2016    EN: 3.573 GAM: 0.504  GM3: 0.0000
     2s    -25.722000    2.064844
     2p    -18.684912    1.801692
     3sp    -4.344791    0.921400
  8     Sun Feb 14 09:53:25 CET 2016    EN: 3.700 GAM: 0.587  GM3: 0.0000
     2s    -33.859000    2.418661
     2p    -22.175911    1.973969
     3sp    -4.259392    1.013700
 12     Sun Feb 21 16:58:31 CET 2016    EN: 0.033 GAM: 0.222  GM3: 0.0000
     3s    -11.092543    1.647583
     3p     -6.929529    0.855020
 
 Nbf   :          894
 T(el) :     0.0
 calculating S/T integrals ...
 cpu time for ints    1.32476900000000     
 Nao   :          894
 making H0...
 making H1...
 cpu time for H      2.473700000000001E-002
 solving ...
 cpu time for diag   0.325503000000000     
 
 gap (eV)           :   4.864
 Koopmans IP (eV)   :  13.470
 Eel (Eh)           :  -301.379326

          eigenvalues
 #    :         164        165        166        167        168        169        170        171
 occ. :        2.000      2.000      2.000      2.000      2.000      2.000      2.000      2.000
 eps  :       -17.399    -17.244    -17.062    -16.332    -16.113    -16.030    -15.965    -15.693
 #    :         172        173        174        175        176        177        178        179
 occ. :        2.000      2.000      2.000      2.000      2.000      0.000      0.000      0.000
 eps  :       -15.681    -15.374    -15.016    -13.912    -13.471     -8.606     -7.087     -6.880
 #    :         180        181        182        183        184        185        186        187
 occ. :        0.000      0.000      0.000      0.000      0.000      0.000      0.000      0.000
 eps  :        -6.357     -6.079     -5.803     -5.531     -5.372     -5.186     -5.109     -5.043
                            1  SCC done.
 writing mo output ...
 molden style : F
 
speedup  1.18
cpu  time for all    2.18 s
wall time for all    1.85 s
