cpu-bind=MASK - bp1-compute134, task 4294967295 4294967295 [0]: mask 0xffffff00ffffff set
Host:    bp1-compute134.data.bp.acrc.priv
Time:    Thu Apr 28 03:43:02 BST 2022
Dir:     /user/home/of15641/chlorophyll_parameterization/tddft_data/step_1451_chromophore_15
Job ID:  1658323
Nodelist:
cat: bp1-compute134: No such file or directory
  
Result dir: /user/home/of15641/chlorophyll_parameterization/tddft_data/step_1451_chromophore_15
running gaussian jobs
Running time g16 < CAMB3LYP_step_1451_chromophore_15.com > CAMB3LYP_step_1451_chromophore_15.log

real	32m34.717s
user	768m4.830s
sys	0m29.338s
Running time g16 < PBE0_step_1451_chromophore_15.com > PBE0_step_1451_chromophore_15.log

real	20m41.217s
user	494m7.177s
sys	0m20.690s
Running time g16 < wB97XD_step_1451_chromophore_15.com > wB97XD_step_1451_chromophore_15.log

real	36m7.846s
user	852m37.277s
sys	0m33.660s
Running time g16 < BLYP_step_1451_chromophore_15.com > BLYP_step_1451_chromophore_15.log

real	12m41.305s
user	302m30.060s
sys	0m20.963s
Running time g16 < ZINDO_step_1451_chromophore_15.com > ZINDO_step_1451_chromophore_15.log

real	0m9.634s
user	3m33.297s
sys	0m3.106s
