cpu-bind=MASK - bp1-compute159, task 4294967295 4294967295 [0]: mask 0xffffff00ffffff set
Host:    bp1-compute159.data.bp.acrc.priv
Time:    Thu May  5 03:17:40 BST 2022
Dir:     /user/home/of15641/chlorophyll_parameterization/tddft_data/step_601_chromophore_12
Job ID:  1692348
Nodelist:
cat: bp1-compute159: No such file or directory
  
Result dir: /user/home/of15641/chlorophyll_parameterization/tddft_data/step_601_chromophore_12
running gaussian jobs
Running time g16 < CAMB3LYP_step_601_chromophore_12.com > CAMB3LYP_step_601_chromophore_12.log

real	44m30.101s
user	1055m28.235s
sys	0m50.073s
Running time g16 < PBE0_step_601_chromophore_12.com > PBE0_step_601_chromophore_12.log

real	26m14.597s
user	627m16.677s
sys	0m27.597s
Running time g16 < wB97XD_step_601_chromophore_12.com > wB97XD_step_601_chromophore_12.log

real	32m37.567s
user	768m55.684s
sys	0m29.997s
Running time g16 < BLYP_step_601_chromophore_12.com > BLYP_step_601_chromophore_12.log

real	12m42.302s
user	302m42.198s
sys	0m20.588s
Running time g16 < ZINDO_step_601_chromophore_12.com > ZINDO_step_601_chromophore_12.log

real	0m10.892s
user	4m4.496s
sys	0m3.702s
