cpu-bind=MASK - bp1-compute128, task 4294967295 4294967295 [0]: mask 0xffffffffffff set
Host:    bp1-compute128.data.bp.acrc.priv
Time:    Wed May  4 14:16:51 BST 2022
Dir:     /user/home/of15641/chlorophyll_parameterization/tddft_data/step_1851_chromophore_5
Job ID:  1692239
Nodelist:
cat: bp1-compute128: No such file or directory
  
Result dir: /user/home/of15641/chlorophyll_parameterization/tddft_data/step_1851_chromophore_5
running gaussian jobs
Running time g16 < CAMB3LYP_step_1851_chromophore_5.com > CAMB3LYP_step_1851_chromophore_5.log

real	31m11.609s
user	733m5.269s
sys	0m34.617s
Running time g16 < PBE0_step_1851_chromophore_5.com > PBE0_step_1851_chromophore_5.log

real	21m26.670s
user	511m14.608s
sys	0m26.239s
Running time g16 < wB97XD_step_1851_chromophore_5.com > wB97XD_step_1851_chromophore_5.log

real	34m0.535s
user	799m47.713s
sys	0m32.702s
Running time g16 < BLYP_step_1851_chromophore_5.com > BLYP_step_1851_chromophore_5.log

real	12m17.629s
user	292m33.707s
sys	0m25.216s
Running time g16 < ZINDO_step_1851_chromophore_5.com > ZINDO_step_1851_chromophore_5.log

real	0m6.534s
user	2m22.732s
sys	0m2.415s
