cpu-bind=MASK - bp1-compute082, task 4294967295 4294967295 [0]: mask 0xffffffffffff set
Host:    bp1-compute082.data.bp.acrc.priv
Time:    Fri Apr 29 19:03:43 BST 2022
Dir:     /user/home/of15641/chlorophyll_parameterization/tddft_data/step_451_chromophore_24
Job ID:  1658769
Nodelist:
cat: bp1-compute082: No such file or directory
  
Result dir: /user/home/of15641/chlorophyll_parameterization/tddft_data/step_451_chromophore_24
running gaussian jobs
Running time g16 < CAMB3LYP_step_451_chromophore_24.com > CAMB3LYP_step_451_chromophore_24.log

real	25m21.098s
user	596m29.498s
sys	0m26.280s
Running time g16 < PBE0_step_451_chromophore_24.com > PBE0_step_451_chromophore_24.log

real	16m11.250s
user	386m29.883s
sys	0m20.767s
Running time g16 < wB97XD_step_451_chromophore_24.com > wB97XD_step_451_chromophore_24.log

real	26m7.773s
user	614m41.120s
sys	0m28.043s
Running time g16 < BLYP_step_451_chromophore_24.com > BLYP_step_451_chromophore_24.log

real	13m17.534s
user	317m2.730s
sys	0m25.431s
Running time g16 < ZINDO_step_451_chromophore_24.com > ZINDO_step_451_chromophore_24.log

real	0m7.031s
user	2m33.291s
sys	0m2.759s
