cpu-bind=MASK - bp1-compute103, task 4294967295 4294967295 [0]: mask 0xffffffffffff set
Host:    bp1-compute103.data.bp.acrc.priv
Time:    Fri Apr 29 16:13:40 BST 2022
Dir:     /user/home/of15641/chlorophyll_parameterization/tddft_data/step_401_chromophore_2
Job ID:  1658737
Nodelist:
cat: bp1-compute103: No such file or directory
  
Result dir: /user/home/of15641/chlorophyll_parameterization/tddft_data/step_401_chromophore_2
running gaussian jobs
Running time g16 < CAMB3LYP_step_401_chromophore_2.com > CAMB3LYP_step_401_chromophore_2.log

real	24m32.210s
user	576m31.019s
sys	0m26.163s
Running time g16 < PBE0_step_401_chromophore_2.com > PBE0_step_401_chromophore_2.log

real	17m51.098s
user	426m20.721s
sys	0m22.427s
Running time g16 < wB97XD_step_401_chromophore_2.com > wB97XD_step_401_chromophore_2.log

real	27m11.932s
user	639m40.429s
sys	0m27.424s
Running time g16 < BLYP_step_401_chromophore_2.com > BLYP_step_401_chromophore_2.log

real	13m32.515s
user	323m4.765s
sys	0m25.322s
Running time g16 < ZINDO_step_401_chromophore_2.com > ZINDO_step_401_chromophore_2.log

real	0m7.992s
user	2m50.708s
sys	0m2.946s
