cpu-bind=MASK - bp1-compute154, task 4294967295 4294967295 [0]: mask 0xffffff00ffffff set
Host:    bp1-compute154.data.bp.acrc.priv
Time:    Fri Apr 29 04:11:57 BST 2022
Dir:     /user/home/of15641/chlorophyll_parameterization/tddft_data/step_1_chromophore_14
Job ID:  1658596
Nodelist:
cat: bp1-compute154: No such file or directory
  
Result dir: /user/home/of15641/chlorophyll_parameterization/tddft_data/step_1_chromophore_14
running gaussian jobs
Running time g16 < CAMB3LYP_step_1_chromophore_14.com > CAMB3LYP_step_1_chromophore_14.log

real	26m33.819s
user	625m36.098s
sys	0m26.331s
Running time g16 < PBE0_step_1_chromophore_14.com > PBE0_step_1_chromophore_14.log

real	15m46.372s
user	376m31.964s
sys	0m18.651s
Running time g16 < wB97XD_step_1_chromophore_14.com > wB97XD_step_1_chromophore_14.log

real	27m3.098s
user	637m5.480s
sys	0m25.413s
Running time g16 < BLYP_step_1_chromophore_14.com > BLYP_step_1_chromophore_14.log

real	13m18.372s
user	317m22.674s
sys	0m21.596s
Running time g16 < ZINDO_step_1_chromophore_14.com > ZINDO_step_1_chromophore_14.log

real	0m7.460s
user	2m44.777s
sys	0m2.439s
