cpu-bind=MASK - bp1-compute162, task 4294967295 4294967295 [0]: mask 0xffffff00ffffff set
Host:    bp1-compute162.data.bp.acrc.priv
Time:    Thu Apr 28 10:12:07 BST 2022
Dir:     /user/home/of15641/chlorophyll_parameterization/tddft_data/step_151_chromophore_6
Job ID:  1658394
Nodelist:
cat: bp1-compute162: No such file or directory
  
Result dir: /user/home/of15641/chlorophyll_parameterization/tddft_data/step_151_chromophore_6
running gaussian jobs
Running time g16 < CAMB3LYP_step_151_chromophore_6.com > CAMB3LYP_step_151_chromophore_6.log

real	21m2.108s
user	494m13.366s
sys	0m23.574s
Running time g16 < PBE0_step_151_chromophore_6.com > PBE0_step_151_chromophore_6.log

real	15m6.933s
user	360m39.467s
sys	0m20.310s
Running time g16 < wB97XD_step_151_chromophore_6.com > wB97XD_step_151_chromophore_6.log

real	21m43.676s
user	510m19.954s
sys	0m23.239s
Running time g16 < BLYP_step_151_chromophore_6.com > BLYP_step_151_chromophore_6.log

real	12m53.562s
user	307m31.862s
sys	0m25.168s
Running time g16 < ZINDO_step_151_chromophore_6.com > ZINDO_step_151_chromophore_6.log

real	0m6.601s
user	2m24.110s
sys	0m2.488s
