cpu-bind=MASK - bp1-compute103, task 4294967295 4294967295 [0]: mask 0xffffffffffff set
Host:    bp1-compute103.data.bp.acrc.priv
Time:    Sat Apr 30 21:45:37 BST 2022
Dir:     /user/home/of15641/chlorophyll_parameterization/tddft_data/step_901_chromophore_8
Job ID:  1659051
Nodelist:
cat: bp1-compute103: No such file or directory
  
Result dir: /user/home/of15641/chlorophyll_parameterization/tddft_data/step_901_chromophore_8
running gaussian jobs
Running time g16 < CAMB3LYP_step_901_chromophore_8.com > CAMB3LYP_step_901_chromophore_8.log

real	24m58.049s
user	587m19.014s
sys	0m25.776s
Running time g16 < PBE0_step_901_chromophore_8.com > PBE0_step_901_chromophore_8.log

real	17m44.858s
user	423m38.092s
sys	0m20.673s
Running time g16 < wB97XD_step_901_chromophore_8.com > wB97XD_step_901_chromophore_8.log

real	25m57.742s
user	610m33.738s
sys	0m25.465s
Running time g16 < BLYP_step_901_chromophore_8.com > BLYP_step_901_chromophore_8.log

real	13m55.086s
user	332m0.616s
sys	0m25.242s
Running time g16 < ZINDO_step_901_chromophore_8.com > ZINDO_step_901_chromophore_8.log

real	0m7.205s
user	2m38.228s
sys	0m2.953s
