 
        ______________________________________
       |                                      |
       |          ===================         |
       |             xTB for sTDA             |
       |          ===================         |
       |               S. Grimme              |
       |        Universitaet Bonn, MCTC       |
       |         2015-19, Version 1.0         |
       |     Wed Apr  3 09:14:55 CEST 2019    |
       |______________________________________|
 
        This code comes without any warranty
        for non-commercial, academia use only.
        Preliminary test version.
        Cite this work as:
        S. Grimme  &  C. Bannwarth, JCP 145 (2016) 054103
        if GBSA is used additionally:
        P. Shushkov, F. März, C. Bannwarth, S. Grimme, unpublished.
 
        with help from
        P. Shushkov, G. Brandenburg, S. Dohm, J. Pisarek,
        F. März, M. Checinski, S. Ehrlich, S. Spicher, 
        P. Pracht, E. Caldeweyher, S. Ehlert, and C. Bannwarth.
 
        usage        :
        xtb4stda <coord_file> [options]
        where <coord_file> is a valid file of TM)
        (*coord, Bohr) or xmol (*xyz, Angstroem)
        format.

        options:
        -chrg <int>   : molecular charge
        -uhf  <int>   : # of unpaired electrons(=2*S)
        -nox          : skip second, extended part in sTDA-xTB
        -pop          : do population analysis
                      : (default for -nox)
        -mowr <real>  : cut MO write above (def.3 Eh)
        -molden       : write formatted molden file
        -parx <file>  : read parameters for sTDA-xTB
                        calc (def:~/.param_stda2.xtb)
        -parv <file>  : read parameters for vTB part in
                        sTDA-xTB (def: ~/.param_stda1.xtb)
        -xtemp <real> : el. temp for xTB (def. 0 K)
        -etemp <real> : el. temp for GFN (def. 300 K)
        -fod          : calculate the FOD and write
                        molden.input file with
                        appropriate occupations
                        for plotting. Def. T=12500 K
 
        -acc <real>   : xTB accuracy (def. 1.0)
        -gbsa [string1] [string2]
                        use GBSA implicit solvent
                        for solvent [string1] and
                        solvation state [string2]=
                        reference, bar1M (default=1M)
        additional GFN/opt/MD/siman options read from
        $XTB4STDAHOME/.xtb4stdarc or $set in input
 
       spin and charge state information can be on:
       <.CHRG> (charge) and <.UHF> (=nalpha-nbeta)
       -uhf and -chrg override the file info.
       useful machine settings:
       setenv MKL_NUM_THREADS <NCORE_ON_YOUR_MACHINE>
       setenv OMP_STACKSIZE 500m
       limit stacksize unlimited
 
       total energies in Eh, gaps/HL energies in eV
       please read REVISION and HOWTO files carefully
 =============================
  # OMP threads =           4
 =============================
 
 xtb4stdahome directory:~/
 
 
 name of molecule           :
 comment line               :
 number of atoms            :   140
 number of electrons        :   352
 charge                     :  0
 spin                       : 0.0
 first test random number   :  0.6127
 
 -----------------------------------------
      charge density (VTB) calculation
 -----------------------------------------
 
      method parameters     
 k(s)        :  1.8000
 k(p)        :  2.8350
 k(d)        :  2.0860
 k(f)        :  2.0000
 Tscal       :  0.3300
 Gscal       :  0.3910
 fpol        :  1.0000
 Zcnf        :  0.6500
 Zqf         :  0.0000
 kcn         :  0.3000
 kEN1        : -0.5900
 wllscal     :  2.6000
 
     -------------------------
     ! NO SOLVENT MODEL USED !
     -------------------------
 
 doing EN charges ...
 sum q : -0.4440892D-15
 point charge moment (au)
     X       Y       Z   
   0.3886  -0.6485   0.7321  total (Debye):    2.675
 
            Z      q(EN)   CN      Cart. coordinates
     1  MG  2.0   0.875   4.704    67.38763     3.29946    55.24047
     2  C   4.0   0.021   3.267    63.25291     4.42385    60.27281
     3  C   4.0  -0.058   3.161    72.03824     2.34515    59.76258
     4  C   4.0  -0.062   3.170    71.41274     3.05191    50.60497
     5  C   4.0  -0.056   3.147    62.39308     4.78857    51.04150
     6  N   5.0  -0.347   3.094    67.79581     4.12905    59.60385
     7  C   4.0   0.117   3.372    65.80971     4.24621    61.16098
     8  C   4.0  -0.099   4.233    66.78292     4.12338    63.80471
     9  C   4.0  -0.096   4.178    69.69309     4.29535    63.55337
    10  C   4.0   0.106   3.397    69.93120     3.48843    60.81516
    11  C   4.0  -0.236   4.035    71.04425     6.78412    64.13352
    12  C   4.0  -0.162   4.065    65.94388     1.64784    65.17476
    13  C   4.0  -0.167   4.026    64.74579     1.83681    67.86762
    14  C   4.0   0.158   3.069    65.55081     4.04590    69.64774
    15  O   6.0  -0.092   1.036    64.73067     6.23988    69.47955
    16  O   6.0  -0.105   2.038    67.11740     3.19175    71.61872
    17  N   5.0  -0.434   3.268    71.23889     2.47743    55.17811
    18  C   4.0   0.074   3.376    72.66941     1.80280    57.27192
    19  C   4.0   0.012   3.248    75.11283     1.13573    56.34785
    20  C   4.0   0.003   3.276    75.09015     1.55902    53.63609
    21  C   4.0   0.088   3.388    72.54658     2.37350    52.98036
    22  C   4.0  -0.245   4.017    77.37294     0.37795    58.03159
    23  C   4.0   0.129   3.036    77.27845     1.36627    51.68211
    24  O   6.0  -0.122   1.056    77.06491     1.79335    49.48436
    25  C   4.0  -0.248   4.036    79.79368     0.44975    52.70257
    26  N   5.0  -0.446   3.156    66.88874     3.82858    51.41377
    27  C   4.0   0.090   3.443    68.92208     3.74166    49.86987
    28  C   4.0  -0.092   4.093    68.29092     4.20842    47.04095
    29  C   4.0  -0.096   4.148    65.29192     4.25377    47.18457
    30  C   4.0   0.092   3.375    64.75146     4.24243    50.01349
    31  C   4.0  -0.235   3.995    69.64207     6.80112    46.03561
    32  C   4.0  -0.164   4.040    63.99368     2.15618    45.56696
    33  C   4.0  -0.238   4.013    63.14897    -0.23811    46.90300
    34  N   5.0  -0.400   3.207    63.50802     4.33503    55.45023
    35  C   4.0   0.085   3.375    61.72412     4.70164    53.61341
    36  C   4.0   0.016   3.212    59.23724     5.22887    54.88898
    37  C   4.0   0.003   3.384    59.79471     5.12494    57.49869
    38  C   4.0   0.067   3.624    62.44599     4.65062    57.80105
    39  C   4.0  -0.247   4.017    56.79949     6.05279    53.67956
    40  C   4.0   0.103   3.222    58.73079     5.36493    60.03470
    41  O   6.0  -0.092   1.044    56.52737     5.85059    60.62619
    42  C   4.0  -0.119   4.272    60.85107     4.62038    61.84128
    43  C   4.0   0.197   3.182    60.97012     6.68963    63.78014
    44  O   6.0  -0.100   1.047    61.93955     8.75132    63.46078
    45  O   6.0  -0.137   2.060    59.52448     5.93185    65.67365
    46  C   4.0  -0.196   4.042    58.64009     7.81591    67.46889
    47  C   4.0  -0.135   4.045    67.85628     5.20053    73.44798
    48  C   4.0  -0.055   3.107    70.14852     3.94953    74.71976
    49  C   4.0   0.020   3.079    70.30914     2.62294    76.90618
    50  C   4.0  -0.252   4.052    68.07171     1.88784    78.44819
    51  C   4.0  -0.178   4.105    72.73933     1.27368    77.62238
    52  C   4.0  -0.162   4.042    74.65740     2.50389    79.13983
    53  C   4.0  -0.165   4.080    75.73644     0.72565    81.23743
    54  C   4.0  -0.089   4.053    78.69386     0.20409    81.09192
    55  C   4.0  -0.239   4.053    79.50266    -2.00878    82.67929
    56  C   4.0  -0.165   4.093    80.10170     2.57003    81.87238
    57  C   4.0  -0.163   4.050    81.02011     4.13661    79.58581
    58  C   4.0  -0.164   4.083    83.75832     5.15706    79.91651
    59  C   4.0  -0.088   4.047    84.37059     7.27167    77.90017
    60  C   4.0  -0.238   4.057    86.43229     6.03578    76.27690
    61  C   4.0  -0.165   4.069    84.93562     9.87193    79.00755
    62  C   4.0  -0.162   4.024    83.14038    12.00732    78.22521
    63  C   4.0  -0.164   4.056    83.47297    14.26932    80.20942
    64  C   4.0  -0.088   4.011    83.45219    16.99997    79.06991
    65  C   4.0  -0.239   4.042    86.22064    17.69539    78.45386
    66  C   4.0  -0.238   4.016    81.97820    19.22607    80.33981
    67  H   1.0   0.071   1.009    73.55947     2.31113    61.15531
    68  H   1.0   0.071   1.007    72.65051     2.64184    49.00626
    69  H   1.0   0.070   1.005    60.84729     5.21942    49.74326
    70  H   1.0   0.087   1.010    66.01380     5.71453    64.86106
    71  H   1.0   0.085   1.010    70.45843     2.96876    64.93098
    72  H   1.0   0.080   0.997    69.86128     8.33558    64.79492
    73  H   1.0   0.081   0.999    72.06659     7.44363    62.47056
    74  H   1.0   0.080   1.000    72.42186     6.35137    65.60184
    75  H   1.0   0.082   1.002    67.40086     0.19275    65.20877
    76  H   1.0   0.084   1.009    64.52469     1.00155    63.82927
    77  H   1.0   0.081   1.004    65.28814     0.05669    68.75390
    78  H   1.0   0.082   1.003    62.69733     1.90673    67.66920
    79  H   1.0   0.080   0.998    79.06613     1.49477    57.67255
    80  H   1.0   0.080   0.998    78.04190    -1.52879    57.63097
    81  H   1.0   0.080   0.998    76.98555     0.43086    60.05549
    82  H   1.0   0.080   0.999    79.62927    -1.29635    53.78349
    83  H   1.0   0.080   1.000    80.63272     1.98421    53.79105
    84  H   1.0   0.080   0.999    81.16184     0.26645    51.17378
    85  H   1.0   0.083   1.005    68.93720     2.67774    45.82396
    86  H   1.0   0.084   1.009    64.47178     5.96209    46.37765
    87  H   1.0   0.080   0.999    68.08494     8.13149    45.81452
    88  H   1.0   0.079   0.996    70.40174     6.64428    44.12699
    89  H   1.0   0.079   0.997    70.92141     7.66662    47.40000
    90  H   1.0   0.082   1.007    65.49412     1.50989    44.31218
    91  H   1.0   0.081   1.002    62.45544     2.88939    44.41045
    92  H   1.0   0.080   1.002    64.72689    -0.69353    48.14833
    93  H   1.0   0.080   1.002    62.94110    -1.52879    45.31185
    94  H   1.0   0.080   0.997    61.52948    -0.22299    48.17478
    95  H   1.0   0.080   0.997    56.78438     6.45530    51.65944
    96  H   1.0   0.080   0.999    56.14565     7.78189    54.58851
    97  H   1.0   0.080   1.001    55.43133     4.60526    54.20112
    98  H   1.0   0.087   1.011    60.45044     2.97254    63.01102
    99  H   1.0   0.081   0.996    59.01425     9.81335    67.13818
   100  H   1.0   0.081   0.997    59.71723     7.35481    69.16397
   101  H   1.0   0.080   0.996    56.83729     7.17529    68.23233
   102  H   1.0   0.081   0.999    66.41253     5.75233    74.81047
   103  H   1.0   0.081   0.999    68.26446     6.93907    72.41808
   104  H   1.0   0.071   1.006    72.01368     4.35204    73.94498
   105  H   1.0   0.080   0.998    66.49757     3.21253    78.52945
   106  H   1.0   0.081   1.003    68.85972     1.61194    80.33225
   107  H   1.0   0.081   1.001    67.27613     0.19842    77.58081
   108  H   1.0   0.083   1.009    73.49522     0.77290    75.77423
   109  H   1.0   0.083   1.007    72.30469    -0.57259    78.42363
   110  H   1.0   0.082   1.004    74.02434     4.21787    80.09037
   111  H   1.0   0.083   1.006    76.28824     3.03868    78.00033
   112  H   1.0   0.082   1.001    74.71787    -1.02612    81.60593
   113  H   1.0   0.082   1.004    75.55691     1.55335    83.11582
   114  H   1.0   0.084   1.010    78.91685    -0.28535    79.10393
   115  H   1.0   0.080   0.998    80.21509    -1.57792    84.56335
   116  H   1.0   0.081   1.001    80.95775    -2.94041    81.55868
   117  H   1.0   0.081   1.000    77.88128    -3.25222    82.93818
   118  H   1.0   0.082   1.002    81.53034     2.21665    83.31424
   119  H   1.0   0.083   1.005    78.85259     3.73410    83.02511
   120  H   1.0   0.082   1.004    79.82769     5.80713    79.40628
   121  H   1.0   0.082   1.003    80.92373     3.01222    77.86238
   122  H   1.0   0.082   1.002    84.95263     3.48276    80.05068
   123  H   1.0   0.083   1.005    83.71108     6.04523    81.77411
   124  H   1.0   0.084   1.010    82.67551     7.50221    76.75311
   125  H   1.0   0.080   0.999    85.55734     5.33659    74.54780
   126  H   1.0   0.080   0.997    87.47541     4.38794    76.94586
   127  H   1.0   0.081   1.001    87.68139     7.58536    75.74589
   128  H   1.0   0.082   1.005    86.81779    10.46719    78.41985
   129  H   1.0   0.083   1.005    84.87704     9.69807    81.05790
   130  H   1.0   0.081   1.003    81.18074    11.41394    78.45575
   131  H   1.0   0.081   1.000    83.33502    12.40605    76.21454
   132  H   1.0   0.082   1.002    85.15483    14.08035    81.38294
   133  H   1.0   0.082   1.003    81.84214    14.09925    81.45664
   134  H   1.0   0.083   1.011    82.32591    16.82045    77.35593
   135  H   1.0   0.080   0.997    87.10503    16.51809    77.01200
   136  H   1.0   0.080   0.997    87.55478    17.63492    80.02045
   137  H   1.0   0.080   0.999    86.31890    19.70984    78.03056
   138  H   1.0   0.080   0.998    80.45886    19.74575    79.04913
   139  H   1.0   0.080   0.999    83.27455    20.80966    80.57036
   140  H   1.0   0.080   0.999    81.35837    18.49097    82.16150
 
  Z AO/shell   Hii/eV     exponent
  1     Sat Feb 20 21:38:01 CET 2016    EN: 2.327 GAM: 0.473  GM3: 0.0000
     1s    -13.751157    1.051071
  6     Sat Feb 20 21:38:01 CET 2016    EN: 2.731 GAM: 0.422  GM3: 0.0000
     2s    -19.378245    2.021003
     2p    -11.993376    1.497917
  7     Sat Feb 20 21:38:01 CET 2016    EN: 3.573 GAM: 0.504  GM3: 0.0000
     2s    -21.576984    2.275442
     2p    -16.125120    2.056788
  8     Sat Feb 20 21:38:01 CET 2016    EN: 3.700 GAM: 0.587  GM3: 0.0000
     2s    -21.648843    2.110798
     2p    -17.239740    2.329048
 12     Sat Feb 20 23:25:47 CET 2016    EN: 0.033 GAM: 0.222  GM3: 0.0000
     3s    -12.693633    1.302878
     3p     -8.128821    0.504252
 
 dipole moment of classical point charges (au)
     X       Y       Z   
   0.3886  -0.6485   0.7321  total (Debye):    2.675

 
 Nbf   :          338
 T(el) :   300.0
 calculating S/T integrals ...
 cpu time for ints   0.149831000000000     
 Nao   :          338
 making H0...
 making H1...
 cpu time for H      7.956999999999992E-003
 solving ...
 cpu time for diag   5.521400000000001E-002
 
 gap (eV)           :   1.395
 Koopmans IP (eV)   :  12.164
 Eel (Eh)           :  -268.519582
 T,E(Fermi),NFOD :    300.000   -11.467  0.000000
 T,E(Fermi),NFOD :    300.000   -11.467  0.000000
 Nfod               :  0.0000
 Nfod/Nel           :  0.0000

          eigenvalues
 #    :         164        165        166        167        168        169        170        171
 occ. :        2.000      2.000      2.000      2.000      2.000      2.000      2.000      2.000
 eps  :       -16.203    -16.125    -15.957    -15.924    -15.631    -15.511    -15.427    -15.060
 #    :         172        173        174        175        176        177        178        179
 occ. :        2.000      2.000      2.000      2.000      2.000      0.000      0.000      0.000
 eps  :       -14.901    -14.786    -14.640    -13.182    -12.166    -10.771     -9.805     -8.664
 #    :         180        181        182        183        184        185        186        187
 occ. :        0.000      0.000      0.000      0.000      0.000      0.000      0.000      0.000
 eps  :        -8.416     -8.216     -8.175     -7.914     -7.697     -7.241     -7.228     -7.094
                            1  SCC done.
 making H1...
 cpu time for H      6.982300000000000E-002
 solving ...
 cpu time for diag   3.735500000000003E-002
 
 gap (eV)           :   1.587
 Koopmans IP (eV)   :  11.962
 Eel (Eh)           :  -265.388795
 T,E(Fermi),NFOD :    300.000   -11.168  0.000000
 T,E(Fermi),NFOD :    300.000   -11.168  0.000000
 Nfod               :  0.0000
 Nfod/Nel           :  0.0000

          eigenvalues
 #    :         164        165        166        167        168        169        170        171
 occ. :        2.000      2.000      2.000      2.000      2.000      2.000      2.000      2.000
 eps  :       -15.209    -15.166    -14.988    -14.860    -14.659    -14.481    -14.285    -14.218
 #    :         172        173        174        175        176        177        178        179
 occ. :        2.000      2.000      2.000      2.000      2.000      0.000      0.000      0.000
 eps  :       -14.099    -13.947    -13.627    -12.576    -11.963    -10.376     -9.134     -8.419
 #    :         180        181        182        183        184        185        186        187
 occ. :        0.000      0.000      0.000      0.000      0.000      0.000      0.000      0.000
 eps  :        -8.307     -8.132     -8.002     -7.712     -7.444     -7.206     -7.008     -6.877
                            2  SCC done.
 
 
 Mulliken/CM5 charges    n(s)   n(p)   n(d)   
    1 MG  0.3034  0.7414   0.671  1.026  0.000
    2 C   0.0201  0.0234   1.172  2.808  0.000
    3 C  -0.0178 -0.0593   1.119  2.899  0.000
    4 C  -0.0316 -0.0734   1.126  2.906  0.000
    5 C  -0.0383 -0.0788   1.122  2.916  0.000
    6 N  -0.1463 -0.3858   1.401  3.745  0.000
    7 C   0.0470  0.1133   1.226  2.727  0.000
    8 C  -0.0235 -0.0766   1.195  2.828  0.000
    9 C  -0.0207 -0.0773   1.187  2.833  0.000
   10 C   0.0443  0.1065   1.209  2.746  0.000
   11 C  -0.0832 -0.2310   1.102  2.981  0.000
   12 C  -0.0651 -0.1723   1.166  2.899  0.000
   13 C  -0.0523 -0.1523   1.150  2.902  0.000
   14 C   0.1929  0.2391   1.214  2.593  0.000
   15 O  -0.2522 -0.3029   1.632  4.620  0.000
   16 O  -0.1629 -0.2326   1.509  4.654  0.000
   17 N  -0.2125 -0.4943   1.360  3.853  0.000
   18 C   0.0409  0.0991   1.176  2.783  0.000
   19 C  -0.0210 -0.0237   1.216  2.805  0.000
   20 C  -0.0778 -0.0711   1.223  2.855  0.000
   21 C   0.0497  0.1139   1.196  2.754  0.000
   22 C  -0.0856 -0.2307   1.084  3.001  0.000
   23 C   0.1690  0.1963   1.199  2.632  0.000
   24 O  -0.2278 -0.2818   1.615  4.613  0.000
   25 C  -0.1070 -0.2495   1.099  3.008  0.000
   26 N  -0.1899 -0.4803   1.405  3.785  0.000
   27 C   0.0416  0.1006   1.226  2.732  0.000
   28 C  -0.0210 -0.0775   1.219  2.802  0.000
   29 C  -0.0253 -0.0810   1.202  2.823  0.000
   30 C   0.0368  0.0947   1.219  2.744  0.000
   31 C  -0.0949 -0.2420   1.116  2.979  0.000
   32 C  -0.0500 -0.1622   1.152  2.898  0.000
   33 C  -0.0897 -0.2410   1.090  2.999  0.000
   34 N  -0.2134 -0.4807   1.387  3.827  0.000
   35 C   0.0186  0.0816   1.209  2.773  0.000
   36 C  -0.0286 -0.0333   1.229  2.799  0.000
   37 C  -0.0550 -0.0476   1.186  2.869  0.000
   38 C   0.0123  0.0769   1.196  2.792  0.000
   39 C  -0.0611 -0.2046   1.076  2.985  0.000
   40 C   0.1466  0.1788   1.198  2.655  0.000
   41 O  -0.2349 -0.2761   1.636  4.599  0.000
   42 C  -0.0347 -0.0769   1.191  2.844  0.000
   43 C   0.2339  0.2906   1.163  2.603  0.000
   44 O  -0.2865 -0.3329   1.627  4.659  0.000
   45 O  -0.1267 -0.2192   1.475  4.652  0.000
   46 C   0.0098 -0.1129   1.090  2.900  0.000
   47 C   0.0475 -0.0322   1.138  2.814  0.000
   48 C  -0.0782 -0.1328   1.163  2.915  0.000
   49 C  -0.0140 -0.0400   1.219  2.795  0.000
   50 C  -0.0936 -0.2392   1.080  3.014  0.000
   51 C  -0.0456 -0.1533   1.120  2.926  0.000
   52 C  -0.0370 -0.1484   1.133  2.904  0.000
   53 C  -0.1060 -0.2184   1.178  2.928  0.000
   54 C  -0.0219 -0.0976   1.197  2.825  0.000
   55 C  -0.0904 -0.2412   1.096  2.994  0.000
   56 C  -0.0752 -0.1861   1.150  2.925  0.000
   57 C  -0.0720 -0.1855   1.158  2.914  0.000
   58 C  -0.0858 -0.1965   1.170  2.916  0.000
   59 C  -0.0128 -0.0861   1.200  2.813  0.000
   60 C  -0.1030 -0.2528   1.103  3.000  0.000
   61 C  -0.0550 -0.1660   1.148  2.907  0.000
   62 C  -0.0569 -0.1689   1.156  2.901  0.000
   63 C  -0.0691 -0.1787   1.166  2.903  0.000
   64 C  -0.0314 -0.1063   1.200  2.831  0.000
   65 C  -0.1133 -0.2633   1.103  3.010  0.000
   66 C  -0.0866 -0.2371   1.105  2.982  0.000
   67 H   0.0526  0.1127   0.947  0.000  0.000
   68 H   0.0552  0.1190   0.945  0.000  0.000
   69 H   0.0533  0.1115   0.947  0.000  0.000
   70 H   0.0509  0.1202   0.949  0.000  0.000
   71 H   0.0421  0.1041   0.958  0.000  0.000
   72 H   0.0391  0.0912   0.961  0.000  0.000
   73 H   0.0374  0.0912   0.963  0.000  0.000
   74 H   0.0343  0.0866   0.966  0.000  0.000
   75 H   0.0402  0.0966   0.960  0.000  0.000
   76 H   0.0415  0.1023   0.959  0.000  0.000
   77 H   0.0430  0.1029   0.957  0.000  0.000
   78 H   0.0490  0.1084   0.951  0.000  0.000
   79 H   0.0462  0.0987   0.954  0.000  0.000
   80 H   0.0433  0.0953   0.957  0.000  0.000
   81 H   0.0460  0.0981   0.954  0.000  0.000
   82 H   0.0486  0.1023   0.951  0.000  0.000
   83 H   0.0457  0.0996   0.954  0.000  0.000
   84 H   0.0371  0.0923   0.963  0.000  0.000
   85 H   0.0564  0.1158   0.944  0.000  0.000
   86 H   0.0492  0.1103   0.951  0.000  0.000
   87 H   0.0261  0.0788   0.974  0.000  0.000
   88 H   0.0417  0.0922   0.958  0.000  0.000
   89 H   0.0490  0.1009   0.951  0.000  0.000
   90 H   0.0388  0.0966   0.961  0.000  0.000
   91 H   0.0364  0.0911   0.964  0.000  0.000
   92 H   0.0329  0.0879   0.967  0.000  0.000
   93 H   0.0423  0.0950   0.958  0.000  0.000
   94 H   0.0348  0.0864   0.965  0.000  0.000
   95 H   0.0502  0.1018   0.950  0.000  0.000
   96 H   0.0513  0.1042   0.949  0.000  0.000
   97 H   0.0518  0.1050   0.948  0.000  0.000
   98 H   0.0659  0.1368   0.934  0.000  0.000
   99 H   0.0756  0.1356   0.924  0.000  0.000
  100 H   0.0329  0.0967   0.967  0.000  0.000
  101 H   0.0578  0.1168   0.942  0.000  0.000
  102 H   0.0559  0.1173   0.944  0.000  0.000
  103 H   0.0633  0.1289   0.937  0.000  0.000
  104 H   0.0286  0.0867   0.971  0.000  0.000
  105 H   0.0398  0.0921   0.960  0.000  0.000
  106 H   0.0405  0.0948   0.959  0.000  0.000
  107 H   0.0437  0.0971   0.956  0.000  0.000
  108 H   0.0367  0.0952   0.963  0.000  0.000
  109 H   0.0427  0.1012   0.957  0.000  0.000
  110 H   0.0358  0.0922   0.964  0.000  0.000
  111 H   0.0396  0.0980   0.960  0.000  0.000
  112 H   0.0330  0.0885   0.967  0.000  0.000
  113 H   0.0180  0.0748   0.982  0.000  0.000
  114 H   0.0345  0.0953   0.965  0.000  0.000
  115 H   0.0346  0.0867   0.965  0.000  0.000
  116 H   0.0373  0.0901   0.963  0.000  0.000
  117 H   0.0337  0.0867   0.966  0.000  0.000
  118 H   0.0368  0.0932   0.963  0.000  0.000
  119 H   0.0319  0.0892   0.968  0.000  0.000
  120 H   0.0280  0.0847   0.972  0.000  0.000
  121 H   0.0289  0.0855   0.971  0.000  0.000
  122 H   0.0374  0.0933   0.963  0.000  0.000
  123 H   0.0216  0.0791   0.978  0.000  0.000
  124 H   0.0381  0.0996   0.962  0.000  0.000
  125 H   0.0291  0.0811   0.971  0.000  0.000
  126 H   0.0430  0.0946   0.957  0.000  0.000
  127 H   0.0289  0.0822   0.971  0.000  0.000
  128 H   0.0324  0.0895   0.968  0.000  0.000
  129 H   0.0354  0.0933   0.965  0.000  0.000
  130 H   0.0273  0.0830   0.973  0.000  0.000
  131 H   0.0355  0.0902   0.965  0.000  0.000
  132 H   0.0336  0.0902   0.966  0.000  0.000
  133 H   0.0307  0.0866   0.969  0.000  0.000
  134 H   0.0252  0.0857   0.975  0.000  0.000
  135 H   0.0357  0.0873   0.964  0.000  0.000
  136 H   0.0258  0.0775   0.974  0.000  0.000
  137 H   0.0307  0.0830   0.969  0.000  0.000
  138 H   0.0464  0.0981   0.954  0.000  0.000
  139 H   0.0385  0.0911   0.961  0.000  0.000
  140 H   0.0341  0.0867   0.966  0.000  0.000
 Hirshfeld charges for QMDFF written to <charges>
 
 Loewdin charges    n(s)   n(p)   n(d)
    1 MG  0.1424   0.682  1.176  0.000
    2 C   0.0217   1.131  2.847  0.000
    3 C  -0.0151   1.066  2.950  0.000
    4 C  -0.0283   1.073  2.955  0.000
    5 C  -0.0360   1.069  2.967  0.000
    6 N  -0.1137   1.357  3.756  0.000
    7 C   0.0488   1.189  2.762  0.000
    8 C  -0.0171   1.147  2.870  0.000
    9 C  -0.0133   1.139  2.874  0.000
   10 C   0.0462   1.172  2.782  0.000
   11 C  -0.0855   1.030  3.055  0.000
   12 C  -0.0603   1.108  2.952  0.000
   13 C  -0.0521   1.092  2.960  0.000
   14 C   0.1740   1.188  2.638  0.000
   15 O  -0.2390   1.604  4.635  0.000
   16 O  -0.1325   1.478  4.654  0.000
   17 N  -0.1798   1.318  3.862  0.000
   18 C   0.0423   1.136  2.822  0.000
   19 C  -0.0136   1.176  2.837  0.000
   20 C  -0.0861   1.188  2.898  0.000
   21 C   0.0544   1.156  2.789  0.000
   22 C  -0.0878   1.011  3.077  0.000
   23 C   0.1623   1.164  2.674  0.000
   24 O  -0.2078   1.579  4.629  0.000
   25 C  -0.1142   1.028  3.086  0.000
   26 N  -0.1512   1.359  3.792  0.000
   27 C   0.0474   1.189  2.764  0.000
   28 C  -0.0124   1.173  2.839  0.000
   29 C  -0.0189   1.156  2.863  0.000
   30 C   0.0420   1.181  2.777  0.000
   31 C  -0.0971   1.045  3.052  0.000
   32 C  -0.0441   1.093  2.952  0.000
   33 C  -0.0900   1.018  3.073  0.000
   34 N  -0.1829   1.345  3.838  0.000
   35 C   0.0202   1.171  2.809  0.000
   36 C  -0.0191   1.189  2.830  0.000
   37 C  -0.0629   1.150  2.913  0.000
   38 C   0.0172   1.156  2.827  0.000
   39 C  -0.0609   1.001  3.060  0.000
   40 C   0.1424   1.164  2.694  0.000
   41 O  -0.2209   1.607  4.614  0.000
   42 C  -0.0351   1.143  2.892  0.000
   43 C   0.2081   1.138  2.654  0.000
   44 O  -0.2742   1.598  4.676  0.000
   45 O  -0.0873   1.436  4.651  0.000
   46 C  -0.0000   1.022  2.978  0.000
   47 C   0.0485   1.080  2.871  0.000
   48 C  -0.0794   1.116  2.963  0.000
   49 C  -0.0009   1.176  2.825  0.000
   50 C  -0.0971   1.006  3.091  0.000
   51 C  -0.0436   1.059  2.985  0.000
   52 C  -0.0312   1.071  2.960  0.000
   53 C  -0.1076   1.124  2.983  0.000
   54 C  -0.0109   1.148  2.863  0.000
   55 C  -0.0936   1.025  3.069  0.000
   56 C  -0.0742   1.093  2.982  0.000
   57 C  -0.0680   1.100  2.968  0.000
   58 C  -0.0846   1.114  2.970  0.000
   59 C  -0.0018   1.152  2.850  0.000
   60 C  -0.1075   1.033  3.075  0.000
   61 C  -0.0525   1.090  2.962  0.000
   62 C  -0.0516   1.098  2.954  0.000
   63 C  -0.0662   1.110  2.957  0.000
   64 C  -0.0207   1.152  2.868  0.000
   65 C  -0.1179   1.033  3.085  0.000
   66 C  -0.0883   1.033  3.055  0.000
   67 H   0.0481   0.952  0.000  0.000
   68 H   0.0491   0.951  0.000  0.000
   69 H   0.0476   0.952  0.000  0.000
   70 H   0.0435   0.956  0.000  0.000
   71 H   0.0375   0.963  0.000  0.000
   72 H   0.0385   0.962  0.000  0.000
   73 H   0.0373   0.963  0.000  0.000
   74 H   0.0345   0.965  0.000  0.000
   75 H   0.0375   0.963  0.000  0.000
   76 H   0.0393   0.961  0.000  0.000
   77 H   0.0392   0.961  0.000  0.000
   78 H   0.0447   0.955  0.000  0.000
   79 H   0.0459   0.954  0.000  0.000
   80 H   0.0433   0.957  0.000  0.000
   81 H   0.0456   0.954  0.000  0.000
   82 H   0.0483   0.952  0.000  0.000
   83 H   0.0463   0.954  0.000  0.000
   84 H   0.0364   0.964  0.000  0.000
   85 H   0.0499   0.950  0.000  0.000
   86 H   0.0434   0.957  0.000  0.000
   87 H   0.0277   0.972  0.000  0.000
   88 H   0.0409   0.959  0.000  0.000
   89 H   0.0478   0.952  0.000  0.000
   90 H   0.0367   0.963  0.000  0.000
   91 H   0.0333   0.967  0.000  0.000
   92 H   0.0341   0.966  0.000  0.000
   93 H   0.0416   0.958  0.000  0.000
   94 H   0.0346   0.965  0.000  0.000
   95 H   0.0489   0.951  0.000  0.000
   96 H   0.0492   0.951  0.000  0.000
   97 H   0.0498   0.950  0.000  0.000
   98 H   0.0578   0.942  0.000  0.000
   99 H   0.0696   0.930  0.000  0.000
  100 H   0.0314   0.969  0.000  0.000
  101 H   0.0547   0.945  0.000  0.000
  102 H   0.0489   0.951  0.000  0.000
  103 H   0.0550   0.945  0.000  0.000
  104 H   0.0228   0.977  0.000  0.000
  105 H   0.0396   0.960  0.000  0.000
  106 H   0.0399   0.960  0.000  0.000
  107 H   0.0428   0.957  0.000  0.000
  108 H   0.0338   0.966  0.000  0.000
  109 H   0.0405   0.959  0.000  0.000
  110 H   0.0325   0.967  0.000  0.000
  111 H   0.0370   0.963  0.000  0.000
  112 H   0.0328   0.967  0.000  0.000
  113 H   0.0179   0.982  0.000  0.000
  114 H   0.0301   0.970  0.000  0.000
  115 H   0.0348   0.965  0.000  0.000
  116 H   0.0367   0.963  0.000  0.000
  117 H   0.0343   0.966  0.000  0.000
  118 H   0.0355   0.964  0.000  0.000
  119 H   0.0307   0.969  0.000  0.000
  120 H   0.0261   0.974  0.000  0.000
  121 H   0.0272   0.973  0.000  0.000
  122 H   0.0351   0.965  0.000  0.000
  123 H   0.0207   0.979  0.000  0.000
  124 H   0.0334   0.967  0.000  0.000
  125 H   0.0296   0.970  0.000  0.000
  126 H   0.0431   0.957  0.000  0.000
  127 H   0.0298   0.970  0.000  0.000
  128 H   0.0302   0.970  0.000  0.000
  129 H   0.0333   0.967  0.000  0.000
  130 H   0.0250   0.975  0.000  0.000
  131 H   0.0324   0.968  0.000  0.000
  132 H   0.0313   0.969  0.000  0.000
  133 H   0.0286   0.971  0.000  0.000
  134 H   0.0212   0.979  0.000  0.000
  135 H   0.0354   0.965  0.000  0.000
  136 H   0.0273   0.973  0.000  0.000
  137 H   0.0318   0.968  0.000  0.000
  138 H   0.0452   0.955  0.000  0.000
  139 H   0.0386   0.961  0.000  0.000
  140 H   0.0340   0.966  0.000  0.000
 
 Wiberg/Mayer (AO) data. WBOs > 0.1 written file <wbo>
 largest (>0.05) Wiberg bond orders for each atom
           total WBO             WBO to atom ...
     1  MG  2.528    N   17 0.559    N   34 0.481    N   26 0.434    N    6 0.321    C   27 0.062    C   21 0.060    C    4 0.052    C   38 0.052    C   18 0.051
     2  C   3.893    C   38 1.322    C    7 1.291    C   42 0.947
     3  C   3.923    C   10 1.451    C   18 1.264    H   67 0.930
     4  C   3.920    C   27 1.427    C   21 1.231    H   68 0.935    MG   1 0.052
     5  C   3.910    C   30 1.453    C   35 1.279    H   69 0.936
     6  N   3.300    C    7 1.328    C   10 1.225    MG   1 0.321    C   38 0.050
     7  C   3.865    N    6 1.328    C    2 1.291    C    8 0.954
     8  C   3.939    C    7 0.954    C    9 0.951    C   12 0.940    H   70 0.933
     9  C   3.943    C   11 0.969    C    8 0.951    H   71 0.945    C   10 0.937
    10  C   3.864    C    3 1.451    N    6 1.225    C    9 0.937
    11  C   3.970    H   74 0.981    H   73 0.976    H   72 0.976    C    9 0.969
    12  C   3.941    H   75 0.964    C   13 0.961    H   76 0.958    C    8 0.940
    13  C   3.960    H   77 0.968    C   12 0.961    H   78 0.959    C   14 0.925    O   15 0.080
    14  C   3.879    O   15 1.841    O   16 1.072    C   13 0.925
    15  O   2.151    C   14 1.841    O   16 0.168    C   13 0.080
    16  O   2.283    C   14 1.072    C   47 0.935    O   15 0.168
    17  N   3.345    C   21 1.209    C   18 1.117    MG   1 0.559    C   20 0.067    C   19 0.056
    18  C   3.875    C    3 1.264    C   19 1.240    N   17 1.117    MG   1 0.051
    19  C   3.863    C   20 1.370    C   18 1.240    C   22 0.980    N   17 0.056
    20  C   3.863    C   19 1.370    C   21 1.169    C   23 0.954    O   24 0.088    N   17 0.067
    21  C   3.879    C    4 1.231    N   17 1.209    C   20 1.169    MG   1 0.060
    22  C   3.977    C   19 0.980    H   81 0.976    H   79 0.968    H   80 0.968
    23  C   3.878    O   24 1.882    C   20 0.954    C   25 0.949
    24  O   2.201    C   23 1.882    C   20 0.088    C   25 0.079
    25  C   3.979    H   84 0.972    H   82 0.965    H   83 0.958    C   23 0.949    O   24 0.079
    26  N   3.343    C   27 1.230    C   30 1.207    MG   1 0.434
    27  C   3.863    C    4 1.427    N   26 1.230    C   28 0.932    MG   1 0.062
    28  C   3.924    C   29 0.951    C   31 0.946    H   85 0.944    C   27 0.932
    29  C   3.931    C   28 0.951    C   32 0.943    H   86 0.939    C   30 0.938
    30  C   3.849    C    5 1.453    N   26 1.207    C   29 0.938
    31  C   3.957    H   87 0.983    H   88 0.981    H   89 0.975    C   28 0.946
    32  C   3.953    C   33 1.009    H   91 0.965    H   90 0.964    C   29 0.943
    33  C   3.983    C   32 1.009    H   94 0.981    H   92 0.979    H   93 0.976
    34  N   3.297    C   35 1.201    C   38 1.154    MG   1 0.481    C   37 0.056
    35  C   3.860    C    5 1.279    N   34 1.201    C   36 1.120
    36  C   3.851    C   37 1.413    C   35 1.120    C   39 0.998    O   41 0.063
    37  C   3.905    C   36 1.413    C   38 1.129    C   40 1.053    O   41 0.069    N   34 0.056
    38  C   3.892    C    2 1.322    N   34 1.154    C   37 1.129    MG   1 0.052    N    6 0.050
    39  C   3.979    C   36 0.998    H   95 0.977    H   96 0.965    H   97 0.963
    40  C   3.891    O   41 1.804    C   37 1.053    C   42 0.883
    41  O   2.147    C   40 1.804    C   42 0.077    C   37 0.069    C   36 0.063
    42  C   3.945    C    2 0.947    H   98 0.920    C   43 0.904    C   40 0.883    O   41 0.077    O   44 0.075
    43  C   3.900    O   44 1.790    O   45 1.131    C   42 0.904
    44  O   2.111    C   43 1.790    O   45 0.169    C   42 0.075
    45  O   2.338    C   43 1.131    C   46 0.962    O   44 0.169
    46  C   3.923    H  100 0.988    H  101 0.983    H   99 0.971    O   45 0.962
    47  C   3.926    C   48 0.990    H  102 0.967    H  103 0.966    O   16 0.935
    48  C   3.953    C   49 1.888    C   47 0.990    H  104 0.942
    49  C   3.931    C   48 1.888    C   50 0.995    C   51 0.953
    50  C   3.990    C   49 0.995    H  106 0.976    H  105 0.971    H  107 0.963
    51  C   3.971    C   52 1.003    H  108 0.957    C   49 0.953    H  109 0.948
    52  C   3.970    C   51 1.003    C   53 0.969    H  110 0.964    H  111 0.962
    53  C   3.941    C   52 0.969    H  113 0.969    H  112 0.954    C   54 0.953
    54  C   3.943    C   55 0.996    C   56 0.982    C   53 0.953    H  114 0.951
    55  C   3.983    C   54 0.996    H  115 0.978    H  116 0.977    H  117 0.973
    56  C   3.957    C   54 0.982    C   57 0.975    H  119 0.961    H  118 0.956
    57  C   3.964    C   58 0.984    C   56 0.975    H  120 0.972    H  121 0.967
    58  C   3.955    C   57 0.984    H  123 0.967    H  122 0.963    C   59 0.954
    59  C   3.937    C   60 0.985    C   61 0.974    C   58 0.954    H  124 0.951
    60  C   3.976    C   59 0.985    H  125 0.981    H  127 0.975    H  126 0.975
    61  C   3.966    C   62 0.992    C   59 0.974    H  128 0.961    H  129 0.959
    62  C   3.960    C   61 0.992    H  130 0.974    H  131 0.969    C   63 0.964
    63  C   3.955    H  133 0.970    C   64 0.969    H  132 0.966    C   62 0.964
    64  C   3.936    C   65 0.989    C   66 0.979    C   63 0.969    H  134 0.963
    65  C   3.976    C   64 0.989    H  136 0.980    H  135 0.978    H  137 0.975
    66  C   3.982    H  138 0.983    H  140 0.982    H  139 0.979    C   64 0.979
    67  H   0.993    C    3 0.930
    68  H   0.994    C    4 0.935
    69  H   0.994    C    5 0.936
    70  H   0.993    C    8 0.933
    71  H   0.995    C    9 0.945
    72  H   0.996    C   11 0.976
    73  H   0.998    C   11 0.976
    74  H   0.997    C   11 0.981
    75  H   0.996    C   12 0.964
    76  H   0.997    C   12 0.958
    77  H   0.997    C   13 0.968
    78  H   0.997    C   13 0.959
    79  H   0.995    C   22 0.968
    80  H   0.993    C   22 0.968
    81  H   0.996    C   22 0.976
    82  H   0.997    C   25 0.965
    83  H   0.997    C   25 0.958
    84  H   0.996    C   25 0.972
    85  H   0.995    C   28 0.944
    86  H   0.994    C   29 0.939
    87  H   0.998    C   31 0.983
    88  H   0.996    C   31 0.981
    89  H   0.997    C   31 0.975
    90  H   0.996    C   32 0.964
    91  H   0.997    C   32 0.965
    92  H   0.999    C   33 0.979
    93  H   0.997    C   33 0.976
    94  H   0.999    C   33 0.981
    95  H   0.995    C   39 0.977
    96  H   0.992    C   39 0.965
    97  H   0.993    C   39 0.963
    98  H   0.992    C   42 0.920
    99  H   0.994    C   46 0.971
   100  H   0.999    C   46 0.988
   101  H   0.996    C   46 0.983
   102  H   0.997    C   47 0.967
   103  H   0.995    C   47 0.966
   104  H   0.999    C   48 0.942
   105  H   0.998    C   50 0.971
   106  H   0.998    C   50 0.976
   107  H   0.998    C   50 0.963
   108  H   0.999    C   51 0.957
   109  H   0.998    C   51 0.948
   110  H   0.998    C   52 0.964
   111  H   0.998    C   52 0.962
   112  H   0.998    C   53 0.954
   113  H   0.999    C   53 0.969
   114  H   0.999    C   54 0.951
   115  H   0.999    C   55 0.978
   116  H   0.998    C   55 0.977
   117  H   0.998    C   55 0.973
   118  H   0.998    C   56 0.956
   119  H   0.999    C   56 0.961
   120  H   0.999    C   57 0.972
   121  H   0.999    C   57 0.967
   122  H   0.998    C   58 0.963
   123  H   0.999    C   58 0.967
   124  H   0.999    C   59 0.951
   125  H   0.998    C   60 0.981
   126  H   0.998    C   60 0.975
   127  H   0.998    C   60 0.975
   128  H   0.998    C   61 0.961
   129  H   0.999    C   61 0.959
   130  H   0.999    C   62 0.974
   131  H   0.999    C   62 0.969
   132  H   0.999    C   63 0.966
   133  H   0.999    C   63 0.970
   134  H   0.999    C   64 0.963
   135  H   0.999    C   65 0.978
   136  H   0.999    C   65 0.980
   137  H   0.999    C   65 0.975
   138  H   0.998    C   66 0.983
   139  H   0.998    C   66 0.979
   140  H   0.999    C   66 0.982
 
 --------------------------------------------
          xTB calculation for sTDA...
 --------------------------------------------
 
 reading parameter file ~/.param_stda2.xtb
 
      method parameters     
 k(s)        :  1.6000
 k(p)        :  2.1800
 k(d)        :  1.9500
 k(f)        :  2.0000
 k(R-V)      :  2.2750
 k(R-R)      :  1.7650
 Tscal       :  0.2580
 Gscal       :  1.0000
 fpol        :  1.0000
 Zcnf        :  0.3430
 Zqf         :  0.0000
 kcn         :  2.7000
 Ryd Hsplit  :  0.7000
 lshift(virt):  3.1000
 lshift(OS)  :  0.2000
 wllscaling  :  2.6000
 
 mowrcut     : 3.000
 
  Z AO/shell   Hii/eV     exponent
  1     Sun Feb 14 09:53:25 CET 2016    EN: 2.327 GAM: 0.473  GM3: 0.0000
     1s    -14.339618    1.220000
     2sp    -3.348946    0.600000
  6     Sun Feb 14 09:53:25 CET 2016    EN: 2.731 GAM: 0.422  GM3: 0.0000
     2s    -22.009312    1.565095
     2p    -13.020408    1.596905
     3sp    -3.914040    0.824500
  7     Sun Feb 14 09:53:25 CET 2016    EN: 3.573 GAM: 0.504  GM3: 0.0000
     2s    -25.722000    2.064844
     2p    -18.684912    1.801692
     3sp    -4.344791    0.921400
  8     Sun Feb 14 09:53:25 CET 2016    EN: 3.700 GAM: 0.587  GM3: 0.0000
     2s    -33.859000    2.418661
     2p    -22.175911    1.973969
     3sp    -4.259392    1.013700
 12     Sun Feb 21 16:58:31 CET 2016    EN: 0.033 GAM: 0.222  GM3: 0.0000
     3s    -11.092543    1.647583
     3p     -6.929529    0.855020
 
 Nbf   :          894
 T(el) :     0.0
 calculating S/T integrals ...
 cpu time for ints    1.29497400000000     
 Nao   :          894
 making H0...
 making H1...
 cpu time for H      2.159699999999987E-002
 solving ...
 cpu time for diag   0.283525000000000     
 
 gap (eV)           :   4.743
 Koopmans IP (eV)   :  13.298
 Eel (Eh)           :  -300.894599

          eigenvalues
 #    :         164        165        166        167        168        169        170        171
 occ. :        2.000      2.000      2.000      2.000      2.000      2.000      2.000      2.000
 eps  :       -17.318    -17.262    -16.908    -16.417    -16.139    -16.100    -15.777    -15.755
 #    :         172        173        174        175        176        177        178        179
 occ. :        2.000      2.000      2.000      2.000      2.000      0.000      0.000      0.000
 eps  :       -15.430    -15.316    -15.056    -13.815    -13.300     -8.557     -6.892     -6.715
 #    :         180        181        182        183        184        185        186        187
 occ. :        0.000      0.000      0.000      0.000      0.000      0.000      0.000      0.000
 eps  :        -6.252     -6.066     -6.020     -5.901     -5.249     -5.125     -5.015     -4.944
                            1  SCC done.
 writing mo output ...
 molden style : F
 
speedup  1.19
cpu  time for all    2.12 s
wall time for all    1.78 s
