cpu-bind=MASK - bp1-compute181, task 4294967295 4294967295 [0]: mask 0x3fffffc03fffffc set
Host:    bp1-compute181.data.bp.acrc.priv
Time:    Thu May  5 05:53:02 BST 2022
Dir:     /user/home/of15641/chlorophyll_parameterization/tddft_data/step_701_chromophore_4
Job ID:  1692376
Nodelist:
cat: bp1-compute181: No such file or directory
  
Result dir: /user/home/of15641/chlorophyll_parameterization/tddft_data/step_701_chromophore_4
running gaussian jobs
Running time g16 < CAMB3LYP_step_701_chromophore_4.com > CAMB3LYP_step_701_chromophore_4.log

real	31m37.958s
user	747m38.508s
sys	0m23.981s
Running time g16 < PBE0_step_701_chromophore_4.com > PBE0_step_701_chromophore_4.log

real	25m32.044s
user	610m42.028s
sys	0m22.097s
Running time g16 < wB97XD_step_701_chromophore_4.com > wB97XD_step_701_chromophore_4.log

real	35m2.276s
user	828m31.746s
sys	0m25.502s
Running time g16 < BLYP_step_701_chromophore_4.com > BLYP_step_701_chromophore_4.log

real	17m17.769s
user	408m0.806s
sys	0m24.429s
Running time g16 < ZINDO_step_701_chromophore_4.com > ZINDO_step_701_chromophore_4.log

real	0m8.140s
user	3m1.563s
sys	0m2.738s
