cpu-bind=MASK - bp1-compute150, task 4294967295 4294967295 [0]: mask 0x1ffffef01ffffef set
Host:    bp1-compute150.data.bp.acrc.priv
Time:    Fri Apr 29 04:29:06 BST 2022
Dir:     /user/home/of15641/chlorophyll_parameterization/tddft_data/step_1_chromophore_17
Job ID:  1658599
Nodelist:
cat: bp1-compute150: No such file or directory
  
Result dir: /user/home/of15641/chlorophyll_parameterization/tddft_data/step_1_chromophore_17
running gaussian jobs
Running time g16 < CAMB3LYP_step_1_chromophore_17.com > CAMB3LYP_step_1_chromophore_17.log

real	32m31.867s
user	766m2.448s
sys	0m30.081s
Running time g16 < PBE0_step_1_chromophore_17.com > PBE0_step_1_chromophore_17.log

real	23m7.367s
user	551m31.981s
sys	0m21.982s
Running time g16 < wB97XD_step_1_chromophore_17.com > wB97XD_step_1_chromophore_17.log

real	32m20.599s
user	763m52.339s
sys	0m30.159s
Running time g16 < BLYP_step_1_chromophore_17.com > BLYP_step_1_chromophore_17.log

real	13m56.476s
user	332m1.771s
sys	0m27.463s
Running time g16 < ZINDO_step_1_chromophore_17.com > ZINDO_step_1_chromophore_17.log

real	0m8.422s
user	3m6.973s
sys	0m2.553s
