cpu-bind=MASK - bp1-compute154, task 4294967295 4294967295 [0]: mask 0xffffff00ffffff set
Host:    bp1-compute154.data.bp.acrc.priv
Time:    Fri Apr 29 11:42:16 BST 2022
Dir:     /user/home/of15641/chlorophyll_parameterization/tddft_data/step_301_chromophore_18
Job ID:  1658681
Nodelist:
cat: bp1-compute154: No such file or directory
  
Result dir: /user/home/of15641/chlorophyll_parameterization/tddft_data/step_301_chromophore_18
running gaussian jobs
Running time g16 < CAMB3LYP_step_301_chromophore_18.com > CAMB3LYP_step_301_chromophore_18.log

real	27m24.498s
user	645m48.152s
sys	0m25.531s
Running time g16 < PBE0_step_301_chromophore_18.com > PBE0_step_301_chromophore_18.log

real	17m32.490s
user	418m57.866s
sys	0m19.937s
Running time g16 < wB97XD_step_301_chromophore_18.com > wB97XD_step_301_chromophore_18.log

real	31m49.387s
user	750m45.678s
sys	0m29.219s
Running time g16 < BLYP_step_301_chromophore_18.com > BLYP_step_301_chromophore_18.log

real	13m9.171s
user	313m47.571s
sys	0m22.499s
Running time g16 < ZINDO_step_301_chromophore_18.com > ZINDO_step_301_chromophore_18.log

real	0m6.813s
user	2m29.605s
sys	0m2.376s
