cpu-bind=MASK - bp1-compute069, task 4294967295 4294967295 [0]: mask 0xffffffffffff set
Host:    bp1-compute069.data.bp.acrc.priv
Time:    Wed May  4 11:14:04 BST 2022
Dir:     /user/home/of15641/chlorophyll_parameterization/tddft_data/step_1701_chromophore_2
Job ID:  1692199
Nodelist:
cat: bp1-compute069: No such file or directory
  
Result dir: /user/home/of15641/chlorophyll_parameterization/tddft_data/step_1701_chromophore_2
running gaussian jobs
Running time g16 < CAMB3LYP_step_1701_chromophore_2.com > CAMB3LYP_step_1701_chromophore_2.log

real	28m41.772s
user	674m32.228s
sys	0m29.740s
Running time g16 < PBE0_step_1701_chromophore_2.com > PBE0_step_1701_chromophore_2.log

real	17m17.738s
user	412m48.335s
sys	0m19.956s
Running time g16 < wB97XD_step_1701_chromophore_2.com > wB97XD_step_1701_chromophore_2.log

real	28m40.354s
user	674m43.816s
sys	0m31.012s
Running time g16 < BLYP_step_1701_chromophore_2.com > BLYP_step_1701_chromophore_2.log

real	12m35.865s
user	300m23.008s
sys	0m22.992s
Running time g16 < ZINDO_step_1701_chromophore_2.com > ZINDO_step_1701_chromophore_2.log

real	0m6.062s
user	2m11.244s
sys	0m2.373s
