cpu-bind=MASK - bp1-compute176, task 4294967295 4294967295 [0]: mask 0x3fffffc03fffffc set
Host:    bp1-compute176.data.bp.acrc.priv
Time:    Thu May  5 13:53:23 BST 2022
Dir:     /user/home/of15641/chlorophyll_parameterization/tddft_data/step_951_chromophore_22
Job ID:  1692463
Nodelist:
cat: bp1-compute176: No such file or directory
  
Result dir: /user/home/of15641/chlorophyll_parameterization/tddft_data/step_951_chromophore_22
running gaussian jobs
Running time g16 < CAMB3LYP_step_951_chromophore_22.com > CAMB3LYP_step_951_chromophore_22.log

real	43m22.821s
user	1026m18.493s
sys	1m57.621s
Running time g16 < PBE0_step_951_chromophore_22.com > PBE0_step_951_chromophore_22.log

real	20m27.226s
user	487m50.472s
sys	0m54.678s
Running time g16 < wB97XD_step_951_chromophore_22.com > wB97XD_step_951_chromophore_22.log

real	43m7.064s
user	1019m59.690s
sys	1m16.775s
Running time g16 < BLYP_step_951_chromophore_22.com > BLYP_step_951_chromophore_22.log

real	17m20.295s
user	412m51.143s
sys	0m41.113s
Running time g16 < ZINDO_step_951_chromophore_22.com > ZINDO_step_951_chromophore_22.log

real	0m9.396s
user	3m29.164s
sys	0m3.013s
