cpu-bind=MASK - bp1-compute137, task 4294967295 4294967295 [0]: mask 0xffffff00ffffff set
Host:    bp1-compute137.data.bp.acrc.priv
Time:    Sat Apr 30 19:46:25 BST 2022
Dir:     /user/home/of15641/chlorophyll_parameterization/tddft_data/step_901_chromophore_15
Job ID:  1659032
Nodelist:
cat: bp1-compute137: No such file or directory
  
Result dir: /user/home/of15641/chlorophyll_parameterization/tddft_data/step_901_chromophore_15
running gaussian jobs
Running time g16 < CAMB3LYP_step_901_chromophore_15.com > CAMB3LYP_step_901_chromophore_15.log

real	36m30.727s
user	859m41.885s
sys	3m51.926s
Running time g16 < PBE0_step_901_chromophore_15.com > PBE0_step_901_chromophore_15.log

real	23m51.600s
user	567m37.327s
sys	2m47.297s
Running time g16 < wB97XD_step_901_chromophore_15.com > wB97XD_step_901_chromophore_15.log

real	42m14.284s
user	995m39.145s
sys	3m49.346s
Running time g16 < BLYP_step_901_chromophore_15.com > BLYP_step_901_chromophore_15.log

real	16m59.248s
user	404m27.532s
sys	1m21.965s
Running time g16 < ZINDO_step_901_chromophore_15.com > ZINDO_step_901_chromophore_15.log

real	0m8.121s
user	3m2.686s
sys	0m2.663s
