cpu-bind=MASK - bp1-compute096, task 4294967295 4294967295 [0]: mask 0xffffffffffff set
Host:    bp1-compute096.data.bp.acrc.priv
Time:    Tue May  3 22:49:22 BST 2022
Dir:     /user/home/of15641/chlorophyll_parameterization/tddft_data/step_1101_chromophore_3
Job ID:  1692036
Nodelist:
cat: bp1-compute096: No such file or directory
  
Result dir: /user/home/of15641/chlorophyll_parameterization/tddft_data/step_1101_chromophore_3
running gaussian jobs
Running time g16 < CAMB3LYP_step_1101_chromophore_3.com > CAMB3LYP_step_1101_chromophore_3.log

real	27m22.179s
user	643m53.821s
sys	0m30.332s
Running time g16 < PBE0_step_1101_chromophore_3.com > PBE0_step_1101_chromophore_3.log

real	15m51.956s
user	378m43.176s
sys	0m19.956s
Running time g16 < wB97XD_step_1101_chromophore_3.com > wB97XD_step_1101_chromophore_3.log

real	28m21.163s
user	667m12.585s
sys	0m29.588s
Running time g16 < BLYP_step_1101_chromophore_3.com > BLYP_step_1101_chromophore_3.log

real	11m16.002s
user	268m42.742s
sys	0m21.707s
Running time g16 < ZINDO_step_1101_chromophore_3.com > ZINDO_step_1101_chromophore_3.log

real	0m7.171s
user	2m32.291s
sys	0m2.590s
