cpu-bind=MASK - bp1-compute092, task 4294967295 4294967295 [0]: mask 0xffffffffffff set
Host:    bp1-compute092.data.bp.acrc.priv
Time:    Tue May  3 22:47:08 BST 2022
Dir:     /user/home/of15641/chlorophyll_parameterization/tddft_data/step_1101_chromophore_24
Job ID:  1692033
Nodelist:
cat: bp1-compute092: No such file or directory
  
Result dir: /user/home/of15641/chlorophyll_parameterization/tddft_data/step_1101_chromophore_24
running gaussian jobs
Running time g16 < CAMB3LYP_step_1101_chromophore_24.com > CAMB3LYP_step_1101_chromophore_24.log

real	28m9.157s
user	662m50.550s
sys	0m29.934s
Running time g16 < PBE0_step_1101_chromophore_24.com > PBE0_step_1101_chromophore_24.log

real	19m10.386s
user	457m57.376s
sys	0m24.015s
Running time g16 < wB97XD_step_1101_chromophore_24.com > wB97XD_step_1101_chromophore_24.log

real	29m24.504s
user	692m53.451s
sys	0m30.782s
Running time g16 < BLYP_step_1101_chromophore_24.com > BLYP_step_1101_chromophore_24.log

real	12m33.843s
user	299m38.349s
sys	0m25.511s
Running time g16 < ZINDO_step_1101_chromophore_24.com > ZINDO_step_1101_chromophore_24.log

real	0m7.727s
user	2m49.175s
sys	0m2.797s
