cpu-bind=MASK - bp1-compute132, task 4294967295 4294967295 [0]: mask 0x3fffffc03fffffc set
Host:    bp1-compute132.data.bp.acrc.priv
Time:    Thu May  5 10:09:05 BST 2022
Dir:     /user/home/of15641/chlorophyll_parameterization/tddft_data/step_851_chromophore_12
Job ID:  1692423
Nodelist:
cat: bp1-compute132: No such file or directory
  
Result dir: /user/home/of15641/chlorophyll_parameterization/tddft_data/step_851_chromophore_12
running gaussian jobs
Running time g16 < CAMB3LYP_step_851_chromophore_12.com > CAMB3LYP_step_851_chromophore_12.log

real	36m36.681s
user	864m39.209s
sys	1m18.893s
Running time g16 < PBE0_step_851_chromophore_12.com > PBE0_step_851_chromophore_12.log

real	30m30.852s
user	728m18.466s
sys	1m18.449s
Running time g16 < wB97XD_step_851_chromophore_12.com > wB97XD_step_851_chromophore_12.log

real	37m42.669s
user	891m8.885s
sys	1m18.976s
Running time g16 < BLYP_step_851_chromophore_12.com > BLYP_step_851_chromophore_12.log

real	17m45.637s
user	422m10.173s
sys	0m52.786s
Running time g16 < ZINDO_step_851_chromophore_12.com > ZINDO_step_851_chromophore_12.log

real	0m7.673s
user	2m49.683s
sys	0m2.445s
