 
        ______________________________________
       |                                      |
       |          ===================         |
       |             xTB for sTDA             |
       |          ===================         |
       |               S. Grimme              |
       |        Universitaet Bonn, MCTC       |
       |         2015-19, Version 1.0         |
       |     Wed Apr  3 09:14:55 CEST 2019    |
       |______________________________________|
 
        This code comes without any warranty
        for non-commercial, academia use only.
        Preliminary test version.
        Cite this work as:
        S. Grimme  &  C. Bannwarth, JCP 145 (2016) 054103
        if GBSA is used additionally:
        P. Shushkov, F. März, C. Bannwarth, S. Grimme, unpublished.
 
        with help from
        P. Shushkov, G. Brandenburg, S. Dohm, J. Pisarek,
        F. März, M. Checinski, S. Ehrlich, S. Spicher, 
        P. Pracht, E. Caldeweyher, S. Ehlert, and C. Bannwarth.
 
        usage        :
        xtb4stda <coord_file> [options]
        where <coord_file> is a valid file of TM)
        (*coord, Bohr) or xmol (*xyz, Angstroem)
        format.

        options:
        -chrg <int>   : molecular charge
        -uhf  <int>   : # of unpaired electrons(=2*S)
        -nox          : skip second, extended part in sTDA-xTB
        -pop          : do population analysis
                      : (default for -nox)
        -mowr <real>  : cut MO write above (def.3 Eh)
        -molden       : write formatted molden file
        -parx <file>  : read parameters for sTDA-xTB
                        calc (def:~/.param_stda2.xtb)
        -parv <file>  : read parameters for vTB part in
                        sTDA-xTB (def: ~/.param_stda1.xtb)
        -xtemp <real> : el. temp for xTB (def. 0 K)
        -etemp <real> : el. temp for GFN (def. 300 K)
        -fod          : calculate the FOD and write
                        molden.input file with
                        appropriate occupations
                        for plotting. Def. T=12500 K
 
        -acc <real>   : xTB accuracy (def. 1.0)
        -gbsa [string1] [string2]
                        use GBSA implicit solvent
                        for solvent [string1] and
                        solvation state [string2]=
                        reference, bar1M (default=1M)
        additional GFN/opt/MD/siman options read from
        $XTB4STDAHOME/.xtb4stdarc or $set in input
 
       spin and charge state information can be on:
       <.CHRG> (charge) and <.UHF> (=nalpha-nbeta)
       -uhf and -chrg override the file info.
       useful machine settings:
       setenv MKL_NUM_THREADS <NCORE_ON_YOUR_MACHINE>
       setenv OMP_STACKSIZE 500m
       limit stacksize unlimited
 
       total energies in Eh, gaps/HL energies in eV
       please read REVISION and HOWTO files carefully
 =============================
  # OMP threads =           4
 =============================
 
 xtb4stdahome directory:~/
 
 
 name of molecule           :
 comment line               :
 number of atoms            :   140
 number of electrons        :   352
 charge                     :  0
 spin                       : 0.0
 first test random number   :  0.7429
 
 -----------------------------------------
      charge density (VTB) calculation
 -----------------------------------------
 
      method parameters     
 k(s)        :  1.8000
 k(p)        :  2.8350
 k(d)        :  2.0860
 k(f)        :  2.0000
 Tscal       :  0.3300
 Gscal       :  0.3910
 fpol        :  1.0000
 Zcnf        :  0.6500
 Zqf         :  0.0000
 kcn         :  0.3000
 kEN1        : -0.5900
 wllscal     :  2.6000
 
     -------------------------
     ! NO SOLVENT MODEL USED !
     -------------------------
 
 doing EN charges ...
 sum q : -0.3885781D-14
 point charge moment (au)
     X       Y       Z   
  -0.1292  -0.0848   0.4766  total (Debye):    1.273
 
            Z      q(EN)   CN      Cart. coordinates
     1  MG  2.0   0.866   4.695     6.86915     0.78991    83.87549
     2  C   4.0   0.022   3.322    12.06023     4.56558    83.44463
     3  C   4.0  -0.059   3.149     3.50733     5.51044    80.81413
     4  C   4.0  -0.060   3.156     1.95398    -3.21631    83.66006
     5  C   4.0  -0.057   3.163    10.69396    -4.30291    85.78978
     6  N   5.0  -0.378   3.151     7.84803     4.42385    81.87049
     7  C   4.0   0.109   3.419    10.12326     5.55013    82.08214
     8  C   4.0  -0.095   4.147    10.28200     7.93874    80.61760
     9  C   4.0  -0.094   4.142     7.23009     8.56235    80.38327
    10  C   4.0   0.110   3.338     6.03767     5.99043    81.06735
    11  C   4.0  -0.237   4.023     6.39105    10.81679    82.07836
    12  C   4.0  -0.162   4.070    11.49898     7.43229    78.06458
    13  C   4.0  -0.168   4.047    10.31601     5.31958    76.25800
    14  C   4.0   0.181   3.117    10.14594     5.75988    73.41774
    15  O   6.0  -0.094   1.044    10.38782     7.86504    72.44075
    16  O   6.0  -0.128   2.045     9.80579     3.55268    72.23666
    17  N   5.0  -0.406   3.208     3.25411     1.07903    82.45063
    18  C   4.0   0.062   3.380     2.11082     3.29568    81.47175
    19  C   4.0   0.011   3.271    -0.51967     2.77979    81.21853
    20  C   4.0   0.003   3.260    -1.04880     0.30236    81.90828
    21  C   4.0   0.063   3.390     1.36060    -0.76534    82.80212
    22  C   4.0  -0.247   4.038    -2.21476     4.87738    80.25666
    23  C   4.0   0.101   3.062    -3.53379    -1.07903    81.66451
    24  O   6.0  -0.090   1.078    -5.32525     0.18330    80.75177
    25  C   4.0  -0.254   4.047    -3.91740    -3.72276    81.99521
    26  N   5.0  -0.393   3.145     6.52711    -3.31269    84.24020
    27  C   4.0   0.092   3.386     4.22354    -4.46731    84.17973
    28  C   4.0  -0.095   4.145     4.45786    -7.33025    84.72775
    29  C   4.0  -0.095   4.151     7.32269    -7.61938    85.40994
    30  C   4.0   0.109   3.375     8.29779    -4.95108    84.99420
    31  C   4.0  -0.237   4.040     2.66829    -8.25432    86.75921
    32  C   4.0  -0.162   4.018     8.67384    -9.73020    83.64872
    33  C   4.0  -0.238   4.004    10.50688   -11.46119    85.07546
    34  N   5.0  -0.415   3.245    10.71286     0.08504    84.56524
    35  C   4.0   0.092   3.388    11.94307    -1.87650    85.67262
    36  C   4.0   0.013   3.324    14.42239    -0.98266    86.33213
    37  C   4.0   0.010   3.387    14.64727     1.62138    85.58947
    38  C   4.0   0.053   3.783    12.33424     2.13728    84.47831
    39  C   4.0  -0.246   4.029    16.57290    -2.60782    87.14849
    40  C   4.0   0.101   3.249    16.20629     3.80780    85.33058
    41  O   6.0  -0.090   1.049    18.40215     3.96842    86.11859
    42  C   4.0  -0.122   4.294    14.58490     5.77500    84.01722
    43  C   4.0   0.186   3.171    14.39782     8.02756    85.67451
    44  O   6.0  -0.102   1.058    16.32156     9.08391    86.35103
    45  O   6.0  -0.121   2.037    11.99409     8.80801    86.15639
    46  C   4.0  -0.198   4.041    11.78622    11.05679    87.75509
    47  C   4.0  -0.136   4.089     9.80012     3.82858    69.46822
    48  C   4.0  -0.056   3.083     7.96708     1.96154    68.20021
    49  C   4.0   0.016   3.050     6.75199     2.03712    65.99868
    50  C   4.0  -0.246   4.019     7.01277     4.14039    63.92565
    51  C   4.0  -0.176   4.077     5.02478    -0.19842    65.28625
    52  C   4.0  -0.162   4.022     2.09760     0.10393    65.45255
    53  C   4.0  -0.165   4.066     0.89573    -0.77290    62.88063
    54  C   4.0  -0.088   4.035    -1.96154    -0.03968    62.64253
    55  C   4.0  -0.238   4.031    -3.58481    -2.23744    61.72979
    56  C   4.0  -0.164   4.058    -2.20531     2.55113    61.12508
    57  C   4.0  -0.162   4.029    -4.93596     3.22387    60.40320
    58  C   4.0  -0.166   4.091    -5.22131     6.21909    60.34462
    59  C   4.0  -0.088   4.042    -3.88717     7.67229    58.24702
    60  C   4.0  -0.239   4.048    -3.39773    10.40105    58.99346
    61  C   4.0  -0.165   4.088    -5.66540     7.52489    55.86408
    62  C   4.0  -0.163   4.048    -4.40873     6.36082    53.48113
    63  C   4.0  -0.166   4.099    -4.83581     8.03511    51.14921
    64  C   4.0  -0.087   4.022    -5.32147     6.49688    48.76627
    65  C   4.0  -0.237   4.010    -4.61849     8.06535    46.24348
    66  C   4.0  -0.240   4.056    -8.05590     5.65406    48.81729
    67  H   1.0   0.071   1.007     2.35271     7.15450    80.34359
    68  H   1.0   0.071   1.009     0.25700    -4.34070    83.99643
    69  H   1.0   0.071   1.005    11.92795    -5.68430    86.70063
    70  H   1.0   0.085   1.007    11.34025     9.50910    81.42829
    71  H   1.0   0.084   1.007     6.77656     9.31824    78.52000
    72  H   1.0   0.080   0.998     5.54635    12.29267    80.91807
    73  H   1.0   0.081   1.000     8.10126    11.58969    82.92873
    74  H   1.0   0.080   0.998     5.10604    10.31223    83.60903
    75  H   1.0   0.082   1.003    13.50587     7.11860    78.40851
    76  H   1.0   0.083   1.005    11.57457     9.32013    77.24444
    77  H   1.0   0.083   1.007     8.37904     4.76211    76.68319
    78  H   1.0   0.083   1.006    11.65961     3.77756    76.49611
    79  H   1.0   0.080   1.001    -2.09571     4.77534    78.20253
    80  H   1.0   0.081   1.000    -1.43808     6.68774    80.85381
    81  H   1.0   0.080   0.998    -4.18574     4.80935    80.85381
    82  H   1.0   0.080   1.000    -5.45186    -4.42763    80.81413
    83  H   1.0   0.080   0.999    -4.06291    -4.29535    83.96997
    84  H   1.0   0.082   1.006    -2.26767    -4.59770    81.12971
    85  H   1.0   0.084   1.009     4.04779    -8.18629    82.89850
    86  H   1.0   0.085   1.008     7.51166    -7.97275    87.43006
    87  H   1.0   0.081   0.999     1.33226    -6.82947    87.41116
    88  H   1.0   0.080   0.997     3.35804    -9.27855    88.40705
    89  H   1.0   0.081   1.002     1.39273    -9.47698    85.69907
    90  H   1.0   0.081   1.002     9.74910    -8.94218    82.07836
    91  H   1.0   0.081   1.002     7.30190   -10.89805    82.65094
    92  H   1.0   0.080   0.999     9.63004   -13.31690    85.24176
    93  H   1.0   0.080   0.999    10.68640   -10.75632    87.00298
    94  H   1.0   0.079   0.997    12.33424   -11.64260    84.14194
    95  H   1.0   0.080   0.997    16.46140    -3.46765    89.01554
    96  H   1.0   0.080   1.002    18.23775    -1.40029    87.01432
    97  H   1.0   0.080   0.999    16.83935    -4.22543    85.90127
    98  H   1.0   0.086   1.010    15.59024     6.28334    82.29190
    99  H   1.0   0.081   0.996    12.82935    12.57802    86.83669
   100  H   1.0   0.080   0.996    12.39471    10.74120    89.69773
   101  H   1.0   0.080   0.996     9.80957    11.52355    88.09713
   102  H   1.0   0.082   1.000    11.73331     3.53190    68.82382
   103  H   1.0   0.083   1.003     9.23509     5.74477    68.96366
   104  H   1.0   0.070   1.005     7.68363     0.34015    69.43798
   105  H   1.0   0.080   1.001     5.09092     4.87171    63.81038
   106  H   1.0   0.080   1.000     7.41906     3.11049    62.18899
   107  H   1.0   0.079   0.997     8.39794     5.62382    64.28470
   108  H   1.0   0.082   1.004     5.54446    -1.78768    66.48812
   109  H   1.0   0.082   1.003     5.73910    -0.99211    63.52503
   110  H   1.0   0.082   1.005     1.74800     2.12972    65.58105
   111  H   1.0   0.081   1.001     1.29635    -1.04880    66.96055
   112  H   1.0   0.082   1.001     1.28501    -2.76089    62.50458
   113  H   1.0   0.083   1.005     1.80658     0.21165    61.31972
   114  H   1.0   0.083   1.009    -2.62672     0.40062    64.54170
   115  H   1.0   0.080   1.000    -2.29035    -3.68308    61.03626
   116  H   1.0   0.080   0.998    -4.86793    -1.86705    60.16132
   117  H   1.0   0.080   0.998    -4.96431    -2.75900    63.16787
   118  H   1.0   0.082   1.005    -1.19053     2.16563    59.37330
   119  H   1.0   0.082   1.002    -1.19620     4.03645    62.13419
   120  H   1.0   0.081   1.000    -6.43830     2.41129    61.55593
   121  H   1.0   0.082   1.005    -5.17407     2.67396    58.43222
   122  H   1.0   0.083   1.006    -4.44841     6.68774    62.19466
   123  H   1.0   0.082   1.002    -7.23198     6.64050    60.48824
   124  H   1.0   0.083   1.008    -2.09382     6.75955    57.80483
   125  H   1.0   0.080   0.998    -2.45664    10.55601    60.81894
   126  H   1.0   0.081   1.000    -5.23265    11.32702    59.11630
   127  H   1.0   0.081   1.000    -2.20531    11.16639    57.49869
   128  H   1.0   0.083   1.003    -6.38160     9.42406    55.51448
   129  H   1.0   0.083   1.005    -7.26033     6.30035    56.31572
   130  H   1.0   0.082   1.003    -5.17596     4.45597    53.31862
   131  H   1.0   0.082   1.004    -2.36405     6.31924    53.73058
   132  H   1.0   0.083   1.003    -3.34481     9.38249    50.69946
   133  H   1.0   0.083   1.007    -6.43641     9.19541    51.73314
   134  H   1.0   0.083   1.010    -4.01756     4.92463    49.03650
   135  H   1.0   0.080   0.998    -6.32680     8.35070    45.12855
   136  H   1.0   0.080   0.998    -3.37127     6.84270    45.15122
   137  H   1.0   0.080   0.997    -3.56780     9.79445    46.63088
   138  H   1.0   0.080   0.996    -9.42217     5.92240    47.29984
   139  H   1.0   0.081   1.000    -9.07068     6.59325    50.34419
   140  H   1.0   0.080   0.998    -8.23732     3.64150    49.21413
 
  Z AO/shell   Hii/eV     exponent
  1     Sat Feb 20 21:38:01 CET 2016    EN: 2.327 GAM: 0.473  GM3: 0.0000
     1s    -13.751157    1.051071
  6     Sat Feb 20 21:38:01 CET 2016    EN: 2.731 GAM: 0.422  GM3: 0.0000
     2s    -19.378245    2.021003
     2p    -11.993376    1.497917
  7     Sat Feb 20 21:38:01 CET 2016    EN: 3.573 GAM: 0.504  GM3: 0.0000
     2s    -21.576984    2.275442
     2p    -16.125120    2.056788
  8     Sat Feb 20 21:38:01 CET 2016    EN: 3.700 GAM: 0.587  GM3: 0.0000
     2s    -21.648843    2.110798
     2p    -17.239740    2.329048
 12     Sat Feb 20 23:25:47 CET 2016    EN: 0.033 GAM: 0.222  GM3: 0.0000
     3s    -12.693633    1.302878
     3p     -8.128821    0.504252
 
 dipole moment of classical point charges (au)
     X       Y       Z   
  -0.1292  -0.0848   0.4766  total (Debye):    1.273

 
 Nbf   :          338
 T(el) :   300.0
 calculating S/T integrals ...
 cpu time for ints   0.138444000000000     
 Nao   :          338
 making H0...
 making H1...
 cpu time for H      9.693000000000007E-003
 solving ...
 cpu time for diag   7.313600000000001E-002
 
 gap (eV)           :   1.389
 Koopmans IP (eV)   :  12.313
 Eel (Eh)           :  -268.577021
 T,E(Fermi),NFOD :    300.000   -11.619  0.000000
 T,E(Fermi),NFOD :    300.000   -11.619  0.000000
 Nfod               :  0.0000
 Nfod/Nel           :  0.0000

          eigenvalues
 #    :         164        165        166        167        168        169        170        171
 occ. :        2.000      2.000      2.000      2.000      2.000      2.000      2.000      2.000
 eps  :       -16.245    -16.184    -16.015    -15.907    -15.830    -15.704    -15.517    -15.137
 #    :         172        173        174        175        176        177        178        179
 occ. :        2.000      2.000      2.000      2.000      2.000      0.000      0.000      0.000
 eps  :       -15.047    -14.959    -14.706    -13.276    -12.314    -10.925     -9.935     -8.674
 #    :         180        181        182        183        184        185        186        187
 occ. :        0.000      0.000      0.000      0.000      0.000      0.000      0.000      0.000
 eps  :        -8.425     -7.985     -7.973     -7.667     -7.477     -7.310     -7.047     -6.795
                            1  SCC done.
 making H1...
 cpu time for H      8.769500000000000E-002
 solving ...
 cpu time for diag   3.331299999999998E-002
 
 gap (eV)           :   1.631
 Koopmans IP (eV)   :  12.228
 Eel (Eh)           :  -265.975402
 T,E(Fermi),NFOD :    300.000   -11.412  0.000000
 T,E(Fermi),NFOD :    300.000   -11.412  0.000000
 Nfod               :  0.0000
 Nfod/Nel           :  0.0000

          eigenvalues
 #    :         164        165        166        167        168        169        170        171
 occ. :        2.000      2.000      2.000      2.000      2.000      2.000      2.000      2.000
 eps  :       -15.418    -15.209    -15.124    -14.960    -14.853    -14.437    -14.234    -14.116
 #    :         172        173        174        175        176        177        178        179
 occ. :        2.000      2.000      2.000      2.000      2.000      0.000      0.000      0.000
 eps  :       -13.945    -13.806    -13.670    -12.744    -12.229    -10.598     -9.292     -8.478
 #    :         180        181        182        183        184        185        186        187
 occ. :        0.000      0.000      0.000      0.000      0.000      0.000      0.000      0.000
 eps  :        -8.109     -8.023     -7.939     -7.723     -7.280     -7.230     -6.973     -6.679
                            2  SCC done.
 
 
 Mulliken/CM5 charges    n(s)   n(p)   n(d)   
    1 MG  0.2847  0.7197   0.675  1.040  0.000
    2 C   0.0052  0.0094   1.165  2.830  0.000
    3 C  -0.0273 -0.0696   1.121  2.906  0.000
    4 C  -0.0338 -0.0766   1.118  2.916  0.000
    5 C  -0.0228 -0.0629   1.123  2.900  0.000
    6 N  -0.1731 -0.4296   1.398  3.775  0.000
    7 C   0.0485  0.1144   1.197  2.754  0.000
    8 C  -0.0188 -0.0739   1.200  2.818  0.000
    9 C  -0.0399 -0.0956   1.213  2.827  0.000
   10 C   0.0487  0.1123   1.206  2.746  0.000
   11 C  -0.0978 -0.2465   1.107  2.991  0.000
   12 C  -0.0559 -0.1618   1.156  2.900  0.000
   13 C  -0.0613 -0.1581   1.148  2.913  0.000
   14 C   0.2260  0.2751   1.179  2.595  0.000
   15 O  -0.3120 -0.3620   1.629  4.683  0.000
   16 O  -0.1274 -0.2085   1.490  4.638  0.000
   17 N  -0.2160 -0.4877   1.393  3.823  0.000
   18 C   0.0009  0.0541   1.202  2.798  0.000
   19 C   0.0005 -0.0033   1.199  2.800  0.000
   20 C  -0.0488 -0.0433   1.196  2.853  0.000
   21 C  -0.0009  0.0535   1.218  2.783  0.000
   22 C  -0.0698 -0.2134   1.082  2.988  0.000
   23 C   0.1361  0.1551   1.202  2.662  0.000
   24 O  -0.2798 -0.3289   1.628  4.652  0.000
   25 C  -0.0693 -0.2117   1.078  2.991  0.000
   26 N  -0.1620 -0.4246   1.409  3.753  0.000
   27 C   0.0252  0.0826   1.236  2.739  0.000
   28 C  -0.0056 -0.0634   1.194  2.812  0.000
   29 C  -0.0286 -0.0827   1.214  2.815  0.000
   30 C   0.0595  0.1237   1.204  2.737  0.000
   31 C  -0.0939 -0.2423   1.097  2.997  0.000
   32 C  -0.0582 -0.1676   1.155  2.903  0.000
   33 C  -0.0899 -0.2416   1.093  2.996  0.000
   34 N  -0.2202 -0.4967   1.388  3.832  0.000
   35 C   0.0367  0.1007   1.197  2.766  0.000
   36 C   0.0115  0.0081   1.210  2.779  0.000
   37 C  -0.0533 -0.0463   1.181  2.872  0.000
   38 C   0.0114  0.0738   1.201  2.788  0.000
   39 C  -0.0746 -0.2181   1.077  2.998  0.000
   40 C   0.1445  0.1754   1.190  2.666  0.000
   41 O  -0.2356 -0.2776   1.635  4.600  0.000
   42 C  -0.0189 -0.0615   1.180  2.839  0.000
   43 C   0.2338  0.2889   1.170  2.596  0.000
   44 O  -0.2709 -0.3181   1.625  4.646  0.000
   45 O  -0.1449 -0.2280   1.485  4.660  0.000
   46 C   0.0172 -0.1062   1.090  2.893  0.000
   47 C   0.0539 -0.0256   1.135  2.811  0.000
   48 C  -0.0734 -0.1292   1.158  2.916  0.000
   49 C  -0.0260 -0.0496   1.220  2.806  0.000
   50 C  -0.0884 -0.2335   1.089  3.000  0.000
   51 C  -0.0684 -0.1750   1.141  2.928  0.000
   52 C  -0.0422 -0.1520   1.154  2.888  0.000
   53 C  -0.0788 -0.1898   1.165  2.914  0.000
   54 C  -0.0337 -0.1070   1.207  2.826  0.000
   55 C  -0.1017 -0.2517   1.095  3.007  0.000
   56 C  -0.0703 -0.1811   1.162  2.908  0.000
   57 C  -0.0599 -0.1723   1.151  2.909  0.000
   58 C  -0.0826 -0.1939   1.160  2.922  0.000
   59 C  -0.0179 -0.0924   1.196  2.822  0.000
   60 C  -0.0865 -0.2369   1.098  2.988  0.000
   61 C  -0.0813 -0.1929   1.167  2.914  0.000
   62 C  -0.0609 -0.1739   1.151  2.910  0.000
   63 C  -0.0770 -0.1893   1.157  2.920  0.000
   64 C  -0.0127 -0.0863   1.199  2.814  0.000
   65 C  -0.1004 -0.2491   1.111  2.990  0.000
   66 C  -0.1158 -0.2661   1.098  3.018  0.000
   67 H   0.0600  0.1193   0.940  0.000  0.000
   68 H   0.0548  0.1158   0.945  0.000  0.000
   69 H   0.0485  0.1071   0.952  0.000  0.000
   70 H   0.0634  0.1275   0.937  0.000  0.000
   71 H   0.0470  0.1073   0.953  0.000  0.000
   72 H   0.0385  0.0900   0.962  0.000  0.000
   73 H   0.0329  0.0872   0.967  0.000  0.000
   74 H   0.0348  0.0872   0.965  0.000  0.000
   75 H   0.0454  0.1021   0.955  0.000  0.000
   76 H   0.0333  0.0919   0.967  0.000  0.000
   77 H   0.0606  0.1250   0.939  0.000  0.000
   78 H   0.0478  0.1095   0.952  0.000  0.000
   79 H   0.0481  0.1017   0.952  0.000  0.000
   80 H   0.0454  0.0993   0.955  0.000  0.000
   81 H   0.0522  0.1073   0.948  0.000  0.000
   82 H   0.0562  0.1125   0.944  0.000  0.000
   83 H   0.0575  0.1109   0.942  0.000  0.000
   84 H   0.0489  0.1053   0.951  0.000  0.000
   85 H   0.0593  0.1210   0.941  0.000  0.000
   86 H   0.0557  0.1176   0.944  0.000  0.000
   87 H   0.0376  0.0908   0.962  0.000  0.000
   88 H   0.0466  0.0981   0.953  0.000  0.000
   89 H   0.0308  0.0838   0.969  0.000  0.000
   90 H   0.0356  0.0914   0.964  0.000  0.000
   91 H   0.0357  0.0910   0.964  0.000  0.000
   92 H   0.0287  0.0803   0.971  0.000  0.000
   93 H   0.0314  0.0843   0.969  0.000  0.000
   94 H   0.0427  0.0937   0.957  0.000  0.000
   95 H   0.0460  0.0976   0.954  0.000  0.000
   96 H   0.0466  0.1018   0.953  0.000  0.000
   97 H   0.0438  0.0962   0.956  0.000  0.000
   98 H   0.0741  0.1402   0.926  0.000  0.000
   99 H   0.0548  0.1170   0.945  0.000  0.000
  100 H   0.0521  0.1110   0.948  0.000  0.000
  101 H   0.0490  0.1070   0.951  0.000  0.000
  102 H   0.0572  0.1208   0.943  0.000  0.000
  103 H   0.0590  0.1300   0.941  0.000  0.000
  104 H   0.0326  0.0927   0.967  0.000  0.000
  105 H   0.0427  0.0960   0.957  0.000  0.000
  106 H   0.0419  0.0946   0.958  0.000  0.000
  107 H   0.0478  0.0992   0.952  0.000  0.000
  108 H   0.0327  0.0894   0.967  0.000  0.000
  109 H   0.0407  0.0969   0.959  0.000  0.000
  110 H   0.0373  0.0948   0.963  0.000  0.000
  111 H   0.0453  0.1001   0.955  0.000  0.000
  112 H   0.0336  0.0889   0.966  0.000  0.000
  113 H   0.0252  0.0829   0.975  0.000  0.000
  114 H   0.0219  0.0824   0.978  0.000  0.000
  115 H   0.0375  0.0908   0.963  0.000  0.000
  116 H   0.0305  0.0828   0.970  0.000  0.000
  117 H   0.0408  0.0924   0.959  0.000  0.000
  118 H   0.0254  0.0826   0.975  0.000  0.000
  119 H   0.0405  0.0967   0.959  0.000  0.000
  120 H   0.0434  0.0983   0.957  0.000  0.000
  121 H   0.0284  0.0856   0.972  0.000  0.000
  122 H   0.0241  0.0818   0.976  0.000  0.000
  123 H   0.0310  0.0868   0.969  0.000  0.000
  124 H   0.0341  0.0946   0.966  0.000  0.000
  125 H   0.0375  0.0895   0.962  0.000  0.000
  126 H   0.0312  0.0847   0.969  0.000  0.000
  127 H   0.0394  0.0922   0.961  0.000  0.000
  128 H   0.0331  0.0904   0.967  0.000  0.000
  129 H   0.0345  0.0920   0.966  0.000  0.000
  130 H   0.0406  0.0969   0.959  0.000  0.000
  131 H   0.0271  0.0838   0.973  0.000  0.000
  132 H   0.0336  0.0898   0.966  0.000  0.000
  133 H   0.0261  0.0846   0.974  0.000  0.000
  134 H   0.0410  0.1009   0.959  0.000  0.000
  135 H   0.0369  0.0889   0.963  0.000  0.000
  136 H   0.0311  0.0825   0.969  0.000  0.000
  137 H   0.0401  0.0916   0.960  0.000  0.000
  138 H   0.0361  0.0869   0.964  0.000  0.000
  139 H   0.0305  0.0844   0.969  0.000  0.000
  140 H   0.0273  0.0790   0.973  0.000  0.000
 Hirshfeld charges for QMDFF written to <charges>
 
 Loewdin charges    n(s)   n(p)   n(d)
    1 MG  0.1225   0.686  1.192  0.000
    2 C   0.0078   1.123  2.870  0.000
    3 C  -0.0248   1.068  2.957  0.000
    4 C  -0.0329   1.065  2.968  0.000
    5 C  -0.0204   1.071  2.949  0.000
    6 N  -0.1388   1.354  3.785  0.000
    7 C   0.0493   1.159  2.792  0.000
    8 C  -0.0106   1.153  2.858  0.000
    9 C  -0.0330   1.167  2.866  0.000
   10 C   0.0533   1.167  2.780  0.000
   11 C  -0.1002   1.035  3.065  0.000
   12 C  -0.0521   1.098  2.954  0.000
   13 C  -0.0607   1.090  2.971  0.000
   14 C   0.2047   1.152  2.643  0.000
   15 O  -0.3003   1.601  4.699  0.000
   16 O  -0.0909   1.453  4.638  0.000
   17 N  -0.1862   1.354  3.832  0.000
   18 C   0.0052   1.163  2.832  0.000
   19 C   0.0093   1.156  2.834  0.000
   20 C  -0.0558   1.159  2.897  0.000
   21 C   0.0070   1.178  2.814  0.000
   22 C  -0.0714   1.007  3.064  0.000
   23 C   0.1390   1.163  2.698  0.000
   24 O  -0.2685   1.602  4.667  0.000
   25 C  -0.0749   1.004  3.071  0.000
   26 N  -0.1267   1.364  3.763  0.000
   27 C   0.0311   1.198  2.771  0.000
   28 C   0.0044   1.144  2.851  0.000
   29 C  -0.0220   1.168  2.854  0.000
   30 C   0.0626   1.165  2.772  0.000
   31 C  -0.0976   1.025  3.072  0.000
   32 C  -0.0531   1.097  2.956  0.000
   33 C  -0.0914   1.021  3.071  0.000
   34 N  -0.1891   1.347  3.842  0.000
   35 C   0.0369   1.160  2.804  0.000
   36 C   0.0182   1.169  2.813  0.000
   37 C  -0.0615   1.143  2.919  0.000
   38 C   0.0176   1.160  2.822  0.000
   39 C  -0.0753   1.002  3.073  0.000
   40 C   0.1415   1.154  2.704  0.000
   41 O  -0.2234   1.608  4.616  0.000
   42 C  -0.0182   1.131  2.887  0.000
   43 C   0.2105   1.144  2.646  0.000
   44 O  -0.2584   1.596  4.663  0.000
   45 O  -0.1087   1.449  4.659  0.000
   46 C   0.0095   1.020  2.970  0.000
   47 C   0.0529   1.078  2.869  0.000
   48 C  -0.0719   1.109  2.963  0.000
   49 C  -0.0161   1.179  2.837  0.000
   50 C  -0.0899   1.015  3.075  0.000
   51 C  -0.0666   1.082  2.984  0.000
   52 C  -0.0350   1.095  2.940  0.000
   53 C  -0.0771   1.109  2.968  0.000
   54 C  -0.0235   1.160  2.863  0.000
   55 C  -0.1057   1.024  3.082  0.000
   56 C  -0.0679   1.105  2.962  0.000
   57 C  -0.0541   1.093  2.961  0.000
   58 C  -0.0810   1.104  2.977  0.000
   59 C  -0.0069   1.148  2.859  0.000
   60 C  -0.0886   1.026  3.062  0.000
   61 C  -0.0806   1.111  2.969  0.000
   62 C  -0.0561   1.092  2.964  0.000
   63 C  -0.0764   1.100  2.976  0.000
   64 C  -0.0001   1.150  2.850  0.000
   65 C  -0.1033   1.040  3.063  0.000
   66 C  -0.1221   1.028  3.094  0.000
   67 H   0.0547   0.945  0.000  0.000
   68 H   0.0513   0.949  0.000  0.000
   69 H   0.0432   0.957  0.000  0.000
   70 H   0.0565   0.944  0.000  0.000
   71 H   0.0410   0.959  0.000  0.000
   72 H   0.0380   0.962  0.000  0.000
   73 H   0.0337   0.966  0.000  0.000
   74 H   0.0351   0.965  0.000  0.000
   75 H   0.0428   0.957  0.000  0.000
   76 H   0.0304   0.970  0.000  0.000
   77 H   0.0579   0.942  0.000  0.000
   78 H   0.0444   0.956  0.000  0.000
   79 H   0.0466   0.953  0.000  0.000
   80 H   0.0456   0.954  0.000  0.000
   81 H   0.0494   0.951  0.000  0.000
   82 H   0.0534   0.947  0.000  0.000
   83 H   0.0565   0.944  0.000  0.000
   84 H   0.0495   0.951  0.000  0.000
   85 H   0.0528   0.947  0.000  0.000
   86 H   0.0493   0.951  0.000  0.000
   87 H   0.0384   0.962  0.000  0.000
   88 H   0.0457   0.954  0.000  0.000
   89 H   0.0314   0.969  0.000  0.000
   90 H   0.0328   0.967  0.000  0.000
   91 H   0.0337   0.966  0.000  0.000
   92 H   0.0289   0.971  0.000  0.000
   93 H   0.0323   0.968  0.000  0.000
   94 H   0.0416   0.958  0.000  0.000
   95 H   0.0452   0.955  0.000  0.000
   96 H   0.0443   0.956  0.000  0.000
   97 H   0.0433   0.957  0.000  0.000
   98 H   0.0655   0.934  0.000  0.000
   99 H   0.0501   0.950  0.000  0.000
  100 H   0.0482   0.952  0.000  0.000
  101 H   0.0463   0.954  0.000  0.000
  102 H   0.0499   0.950  0.000  0.000
  103 H   0.0508   0.949  0.000  0.000
  104 H   0.0264   0.974  0.000  0.000
  105 H   0.0420   0.958  0.000  0.000
  106 H   0.0411   0.959  0.000  0.000
  107 H   0.0463   0.954  0.000  0.000
  108 H   0.0308   0.969  0.000  0.000
  109 H   0.0387   0.961  0.000  0.000
  110 H   0.0339   0.966  0.000  0.000
  111 H   0.0409   0.959  0.000  0.000
  112 H   0.0317   0.968  0.000  0.000
  113 H   0.0240   0.976  0.000  0.000
  114 H   0.0175   0.983  0.000  0.000
  115 H   0.0378   0.962  0.000  0.000
  116 H   0.0318   0.968  0.000  0.000
  117 H   0.0402   0.960  0.000  0.000
  118 H   0.0238   0.976  0.000  0.000
  119 H   0.0379   0.962  0.000  0.000
  120 H   0.0401   0.960  0.000  0.000
  121 H   0.0262   0.974  0.000  0.000
  122 H   0.0230   0.977  0.000  0.000
  123 H   0.0293   0.971  0.000  0.000
  124 H   0.0291   0.971  0.000  0.000
  125 H   0.0372   0.963  0.000  0.000
  126 H   0.0313   0.969  0.000  0.000
  127 H   0.0386   0.961  0.000  0.000
  128 H   0.0323   0.968  0.000  0.000
  129 H   0.0327   0.967  0.000  0.000
  130 H   0.0379   0.962  0.000  0.000
  131 H   0.0252   0.975  0.000  0.000
  132 H   0.0317   0.968  0.000  0.000
  133 H   0.0257   0.974  0.000  0.000
  134 H   0.0355   0.965  0.000  0.000
  135 H   0.0366   0.963  0.000  0.000
  136 H   0.0312   0.969  0.000  0.000
  137 H   0.0402   0.960  0.000  0.000
  138 H   0.0372   0.963  0.000  0.000
  139 H   0.0321   0.968  0.000  0.000
  140 H   0.0281   0.972  0.000  0.000
 
 Wiberg/Mayer (AO) data. WBOs > 0.1 written file <wbo>
 largest (>0.05) Wiberg bond orders for each atom
           total WBO             WBO to atom ...
     1  MG  2.556    N   17 0.575    N   34 0.537    N   26 0.373    N    6 0.348    C   38 0.059    C   21 0.056
     2  C   3.908    C    7 1.442    C   38 1.211    C   42 0.946
     3  C   3.913    C   10 1.460    C   18 1.244    H   67 0.930
     4  C   3.930    C   27 1.413    C   21 1.305    H   68 0.927
     5  C   3.913    C   30 1.484    C   35 1.207    H   69 0.941
     6  N   3.312    C   10 1.261    C    7 1.219    MG   1 0.348    C   18 0.051    C   38 0.050
     7  C   3.888    C    2 1.442    N    6 1.219    C    8 0.958
     8  C   3.939    C   12 0.966    C    7 0.958    H   70 0.932    C    9 0.922
     9  C   3.929    C   11 0.973    H   71 0.950    C   10 0.927    C    8 0.922
    10  C   3.878    C    3 1.460    N    6 1.261    C    9 0.927
    11  C   3.969    H   72 0.981    H   74 0.977    H   73 0.977    C    9 0.973
    12  C   3.947    C    8 0.966    C   13 0.964    H   76 0.964    H   75 0.957
    13  C   3.963    C   12 0.964    H   78 0.956    C   14 0.939    H   77 0.937    O   15 0.084
    14  C   3.893    O   15 1.777    O   16 1.131    C   13 0.939
    15  O   2.086    C   14 1.777    O   16 0.163    C   13 0.084
    16  O   2.328    C   14 1.131    C   47 0.944    O   15 0.163
    17  N   3.320    C   21 1.154    C   18 1.128    MG   1 0.575    C   20 0.067
    18  C   3.864    C    3 1.244    C   19 1.226    N   17 1.128    N    6 0.051
    19  C   3.876    C   20 1.418    C   18 1.226    C   22 0.982
    20  C   3.889    C   19 1.418    C   21 1.121    C   23 1.007    O   24 0.069    N   17 0.067
    21  C   3.863    C    4 1.305    N   17 1.154    C   20 1.121    N   26 0.057    MG   1 0.056
    22  C   3.978    C   19 0.982    H   81 0.974    H   80 0.973    H   79 0.965
    23  C   3.894    O   24 1.764    C   25 1.020    C   20 1.007
    24  O   2.076    C   23 1.764    C   20 0.069    C   25 0.058
    25  C   3.984    C   23 1.020    H   82 0.962    H   84 0.950    H   83 0.947    O   24 0.058
    26  N   3.329    C   27 1.252    C   30 1.235    MG   1 0.373    C   21 0.057
    27  C   3.852    C    4 1.413    N   26 1.252    C   28 0.919
    28  C   3.937    C   31 0.980    C   29 0.957    H   85 0.939    C   27 0.919
    29  C   3.927    C   28 0.957    H   86 0.937    C   30 0.934    C   32 0.931
    30  C   3.880    C    5 1.484    N   26 1.235    C   29 0.934
    31  C   3.967    C   28 0.980    H   89 0.979    H   87 0.974    H   88 0.973
    32  C   3.947    C   33 1.008    H   90 0.971    H   91 0.968    C   29 0.931
    33  C   3.983    C   32 1.008    H   92 0.985    H   93 0.980    H   94 0.980
    34  N   3.315    C   35 1.187    C   38 1.142    MG   1 0.537    C   37 0.066
    35  C   3.872    C   36 1.228    C    5 1.207    N   34 1.187
    36  C   3.837    C   37 1.288    C   35 1.228    C   39 1.004    O   41 0.061
    37  C   3.908    C   36 1.288    C   38 1.217    C   40 1.088    O   41 0.069    N   34 0.066
    38  C   3.883    C   37 1.217    C    2 1.211    N   34 1.142    MG   1 0.059    N    6 0.050
    39  C   3.980    C   36 1.004    H   96 0.976    H   95 0.965    H   97 0.964
    40  C   3.907    O   41 1.782    C   37 1.088    C   42 0.887
    41  O   2.136    C   40 1.782    C   42 0.075    C   37 0.069    C   36 0.061
    42  C   3.949    C    2 0.946    C   43 0.920    H   98 0.907    C   40 0.887    O   41 0.075    O   44 0.073
    43  C   3.900    O   44 1.817    O   45 1.089    C   42 0.920
    44  O   2.128    C   43 1.817    O   45 0.164    C   42 0.073
    45  O   2.302    C   43 1.089    C   46 0.968    O   44 0.164
    46  C   3.939    H  101 0.989    H  100 0.983    H   99 0.983    O   45 0.968
    47  C   3.924    C   48 0.976    H  102 0.962    H  103 0.958    O   16 0.944
    48  C   3.960    C   49 1.927    C   47 0.976    H  104 0.937
    49  C   3.929    C   48 1.927    C   50 0.963    C   51 0.955
    50  C   3.988    H  107 0.979    H  106 0.977    H  105 0.976    C   49 0.963
    51  C   3.956    C   52 0.968    H  108 0.962    H  109 0.955    C   49 0.955
    52  C   3.964    C   53 0.981    H  110 0.972    H  111 0.971    C   51 0.968
    53  C   3.954    C   52 0.981    H  113 0.967    C   54 0.964    H  112 0.962
    54  C   3.934    C   55 0.993    C   53 0.964    H  114 0.962    C   56 0.951
    55  C   3.978    C   54 0.993    H  117 0.979    H  116 0.977    H  115 0.975
    56  C   3.960    C   57 0.991    H  118 0.973    H  119 0.963    C   54 0.951
    57  C   3.966    C   56 0.991    H  121 0.975    C   58 0.970    H  120 0.966
    58  C   3.957    C   59 0.980    C   57 0.970    H  123 0.962    H  122 0.961
    59  C   3.944    C   60 0.995    C   58 0.980    C   61 0.960    H  124 0.951
    60  C   3.985    C   59 0.995    H  126 0.981    H  127 0.977    H  125 0.975
    61  C   3.959    C   62 0.984    H  129 0.967    C   59 0.960    H  128 0.960
    62  C   3.967    C   61 0.984    C   63 0.981    H  131 0.969    H  130 0.967
    63  C   3.962    C   64 0.984    C   62 0.981    H  132 0.960    H  133 0.957
    64  C   3.940    C   66 0.995    C   63 0.984    C   65 0.961    H  134 0.956
    65  C   3.977    H  136 0.986    H  135 0.983    H  137 0.979    C   64 0.961
    66  C   3.974    C   64 0.995    H  140 0.978    H  139 0.973    H  138 0.972
    67  H   0.993    C    3 0.930
    68  H   0.994    C    4 0.927
    69  H   0.995    C    5 0.941
    70  H   0.992    C    8 0.932
    71  H   0.994    C    9 0.950
    72  H   0.997    C   11 0.981
    73  H   0.997    C   11 0.977
    74  H   0.998    C   11 0.977
    75  H   0.995    C   12 0.957
    76  H   0.996    C   12 0.964
    77  H   0.996    C   13 0.937
    78  H   0.998    C   13 0.956
    79  H   0.993    C   22 0.965
    80  H   0.995    C   22 0.973
    81  H   0.995    C   22 0.974
    82  H   0.993    C   25 0.962
    83  H   0.995    C   25 0.947
    84  H   0.997    C   25 0.950
    85  H   0.994    C   28 0.939
    86  H   0.995    C   29 0.937
    87  H   0.996    C   31 0.974
    88  H   0.996    C   31 0.973
    89  H   0.998    C   31 0.979
    90  H   0.997    C   32 0.971
    91  H   0.997    C   32 0.968
    92  H   0.998    C   33 0.985
    93  H   0.999    C   33 0.980
    94  H   0.997    C   33 0.980
    95  H   0.991    C   39 0.965
    96  H   0.996    C   39 0.976
    97  H   0.990    C   39 0.964
    98  H   0.991    C   42 0.907
    99  H   0.997    C   46 0.983
   100  H   0.997    C   46 0.983
   101  H   0.997    C   46 0.989
   102  H   0.996    C   47 0.962
   103  H   0.996    C   47 0.958
   104  H   0.999    C   48 0.937
   105  H   0.998    C   50 0.976
   106  H   0.998    C   50 0.977
   107  H   0.997    C   50 0.979
   108  H   0.998    C   51 0.962
   109  H   0.998    C   51 0.955
   110  H   0.999    C   52 0.972
   111  H   0.997    C   52 0.971
   112  H   0.998    C   53 0.962
   113  H   0.999    C   53 0.967
   114  H   1.000    C   54 0.962
   115  H   0.999    C   55 0.975
   116  H   0.998    C   55 0.977
   117  H   0.998    C   55 0.979
   118  H   0.999    C   56 0.973
   119  H   0.998    C   56 0.963
   120  H   0.998    C   57 0.966
   121  H   0.999    C   57 0.975
   122  H   0.998    C   58 0.961
   123  H   0.998    C   58 0.962
   124  H   0.999    C   59 0.951
   125  H   0.998    C   60 0.975
   126  H   0.999    C   60 0.981
   127  H   0.998    C   60 0.977
   128  H   0.999    C   61 0.960
   129  H   0.998    C   61 0.967
   130  H   0.998    C   62 0.967
   131  H   0.999    C   62 0.969
   132  H   0.999    C   63 0.960
   133  H   0.999    C   63 0.957
   134  H   0.998    C   64 0.956
   135  H   0.998    C   65 0.983
   136  H   0.999    C   65 0.986
   137  H   0.998    C   65 0.979
   138  H   0.999    C   66 0.972
   139  H   0.999    C   66 0.973
   140  H   0.999    C   66 0.978
 
 --------------------------------------------
          xTB calculation for sTDA...
 --------------------------------------------
 
 reading parameter file ~/.param_stda2.xtb
 
      method parameters     
 k(s)        :  1.6000
 k(p)        :  2.1800
 k(d)        :  1.9500
 k(f)        :  2.0000
 k(R-V)      :  2.2750
 k(R-R)      :  1.7650
 Tscal       :  0.2580
 Gscal       :  1.0000
 fpol        :  1.0000
 Zcnf        :  0.3430
 Zqf         :  0.0000
 kcn         :  2.7000
 Ryd Hsplit  :  0.7000
 lshift(virt):  3.1000
 lshift(OS)  :  0.2000
 wllscaling  :  2.6000
 
 mowrcut     : 3.000
 
  Z AO/shell   Hii/eV     exponent
  1     Sun Feb 14 09:53:25 CET 2016    EN: 2.327 GAM: 0.473  GM3: 0.0000
     1s    -14.339618    1.220000
     2sp    -3.348946    0.600000
  6     Sun Feb 14 09:53:25 CET 2016    EN: 2.731 GAM: 0.422  GM3: 0.0000
     2s    -22.009312    1.565095
     2p    -13.020408    1.596905
     3sp    -3.914040    0.824500
  7     Sun Feb 14 09:53:25 CET 2016    EN: 3.573 GAM: 0.504  GM3: 0.0000
     2s    -25.722000    2.064844
     2p    -18.684912    1.801692
     3sp    -4.344791    0.921400
  8     Sun Feb 14 09:53:25 CET 2016    EN: 3.700 GAM: 0.587  GM3: 0.0000
     2s    -33.859000    2.418661
     2p    -22.175911    1.973969
     3sp    -4.259392    1.013700
 12     Sun Feb 21 16:58:31 CET 2016    EN: 0.033 GAM: 0.222  GM3: 0.0000
     3s    -11.092543    1.647583
     3p     -6.929529    0.855020
 
 Nbf   :          894
 T(el) :     0.0
 calculating S/T integrals ...
 cpu time for ints    1.29529300000000     
 Nao   :          894
 making H0...
 making H1...
 cpu time for H      2.529899999999996E-002
 solving ...
 cpu time for diag   0.269198000000000     
 
 gap (eV)           :   4.737
 Koopmans IP (eV)   :  13.523
 Eel (Eh)           :  -301.211492

          eigenvalues
 #    :         164        165        166        167        168        169        170        171
 occ. :        2.000      2.000      2.000      2.000      2.000      2.000      2.000      2.000
 eps  :       -17.278    -17.058    -16.930    -16.549    -16.359    -16.165    -15.982    -15.794
 #    :         172        173        174        175        176        177        178        179
 occ. :        2.000      2.000      2.000      2.000      2.000      0.000      0.000      0.000
 eps  :       -15.788    -15.496    -15.206    -13.980    -13.524     -8.786     -7.047     -6.798
 #    :         180        181        182        183        184        185        186        187
 occ. :        0.000      0.000      0.000      0.000      0.000      0.000      0.000      0.000
 eps  :        -6.457     -6.201     -5.635     -5.331     -5.299     -5.160     -5.044     -4.998
                            1  SCC done.
 writing mo output ...
 molden style : F
 
speedup  1.09
cpu  time for all    2.14 s
wall time for all    1.96 s
