 
        ______________________________________
       |                                      |
       |          ===================         |
       |             xTB for sTDA             |
       |          ===================         |
       |               S. Grimme              |
       |        Universitaet Bonn, MCTC       |
       |         2015-19, Version 1.0         |
       |     Wed Apr  3 09:14:55 CEST 2019    |
       |______________________________________|
 
        This code comes without any warranty
        for non-commercial, academia use only.
        Preliminary test version.
        Cite this work as:
        S. Grimme  &  C. Bannwarth, JCP 145 (2016) 054103
        if GBSA is used additionally:
        P. Shushkov, F. März, C. Bannwarth, S. Grimme, unpublished.
 
        with help from
        P. Shushkov, G. Brandenburg, S. Dohm, J. Pisarek,
        F. März, M. Checinski, S. Ehrlich, S. Spicher, 
        P. Pracht, E. Caldeweyher, S. Ehlert, and C. Bannwarth.
 
        usage        :
        xtb4stda <coord_file> [options]
        where <coord_file> is a valid file of TM)
        (*coord, Bohr) or xmol (*xyz, Angstroem)
        format.

        options:
        -chrg <int>   : molecular charge
        -uhf  <int>   : # of unpaired electrons(=2*S)
        -nox          : skip second, extended part in sTDA-xTB
        -pop          : do population analysis
                      : (default for -nox)
        -mowr <real>  : cut MO write above (def.3 Eh)
        -molden       : write formatted molden file
        -parx <file>  : read parameters for sTDA-xTB
                        calc (def:~/.param_stda2.xtb)
        -parv <file>  : read parameters for vTB part in
                        sTDA-xTB (def: ~/.param_stda1.xtb)
        -xtemp <real> : el. temp for xTB (def. 0 K)
        -etemp <real> : el. temp for GFN (def. 300 K)
        -fod          : calculate the FOD and write
                        molden.input file with
                        appropriate occupations
                        for plotting. Def. T=12500 K
 
        -acc <real>   : xTB accuracy (def. 1.0)
        -gbsa [string1] [string2]
                        use GBSA implicit solvent
                        for solvent [string1] and
                        solvation state [string2]=
                        reference, bar1M (default=1M)
        additional GFN/opt/MD/siman options read from
        $XTB4STDAHOME/.xtb4stdarc or $set in input
 
       spin and charge state information can be on:
       <.CHRG> (charge) and <.UHF> (=nalpha-nbeta)
       -uhf and -chrg override the file info.
       useful machine settings:
       setenv MKL_NUM_THREADS <NCORE_ON_YOUR_MACHINE>
       setenv OMP_STACKSIZE 500m
       limit stacksize unlimited
 
       total energies in Eh, gaps/HL energies in eV
       please read REVISION and HOWTO files carefully
 =============================
  # OMP threads =           4
 =============================
 
 xtb4stdahome directory:~/
 
 
 name of molecule           :
 comment line               :
 number of atoms            :   140
 number of electrons        :   352
 charge                     :  0
 spin                       : 0.0
 first test random number   :  0.8335
 
 -----------------------------------------
      charge density (VTB) calculation
 -----------------------------------------
 
      method parameters     
 k(s)        :  1.8000
 k(p)        :  2.8350
 k(d)        :  2.0860
 k(f)        :  2.0000
 Tscal       :  0.3300
 Gscal       :  0.3910
 fpol        :  1.0000
 Zcnf        :  0.6500
 Zqf         :  0.0000
 kcn         :  0.3000
 kEN1        : -0.5900
 wllscal     :  2.6000
 
     -------------------------
     ! NO SOLVENT MODEL USED !
     -------------------------
 
 doing EN charges ...
 sum q : -0.4440892D-15
 point charge moment (au)
     X       Y       Z   
  -0.0812  -0.1953   0.0365  total (Debye):    0.546
 
            Z      q(EN)   CN      Cart. coordinates
     1  MG  2.0   0.917   4.857    46.05073   -13.20352    88.07635
     2  C   4.0   0.023   3.281    50.42545    -9.01210    85.70285
     3  C   4.0  -0.058   3.140    41.38689    -9.68296    85.33624
     4  C   4.0  -0.058   3.199    42.45269   -18.30011    88.29744
     5  C   4.0  -0.053   3.169    51.08685   -16.63715    90.69740
     6  N   5.0  -0.344   3.114    46.13955   -10.21964    85.04712
     7  C   4.0   0.099   3.456    48.05573    -8.53778    84.75610
     8  C   4.0  -0.094   4.161    47.29795    -6.26255    83.24432
     9  C   4.0  -0.096   4.169    44.41612    -6.16807    83.88493
    10  C   4.0   0.081   3.443    43.94747    -8.79478    84.95641
    11  C   4.0  -0.237   4.030    43.70369    -3.93819    85.66317
    12  C   4.0  -0.161   4.052    47.76471    -6.65373    80.26233
    13  C   4.0  -0.169   4.029    48.60942    -4.18007    78.74677
    14  C   4.0   0.149   3.071    46.64411    -3.66229    76.74744
    15  O   6.0  -0.090   1.038    44.49738    -2.88939    77.32192
    16  O   6.0  -0.096   2.019    47.52661    -4.18007    74.21899
    17  N   5.0  -0.457   3.208    42.29963   -13.75154    87.29967
    18  C   4.0   0.085   3.473    40.68013   -12.22464    86.04867
    19  C   4.0   0.012   3.252    38.22727   -13.44162    85.75198
    20  C   4.0   0.005   3.256    38.49750   -15.93039    86.66472
    21  C   4.0   0.074   3.512    41.19225   -16.07401    87.46786
    22  C   4.0  -0.245   4.017    35.98605   -12.04511    84.49343
    23  C   4.0   0.121   3.048    36.49439   -17.91838    86.33969
    24  O   6.0  -0.115   1.072    34.50073   -17.35713    85.40050
    25  C   4.0  -0.246   4.025    36.81753   -20.72462    87.04456
    26  N   5.0  -0.452   3.205    46.54206   -16.96596    89.55600
    27  C   4.0   0.153   3.497    44.84509   -18.62325    89.38404
    28  C   4.0  -0.097   4.207    45.69168   -21.17627    90.17772
    29  C   4.0  -0.096   4.166    48.51682   -20.68683    91.00542
    30  C   4.0   0.089   3.462    48.77761   -17.99208    90.41016
    31  C   4.0  -0.236   4.030    43.88322   -22.34979    92.20540
    32  C   4.0  -0.162   4.027    50.46513   -22.41026    89.46908
    33  C   4.0  -0.238   3.995    53.17500   -22.77309    90.62181
    34  N   5.0  -0.435   3.244    49.92845   -12.91061    88.37303
    35  C   4.0   0.071   3.484    51.68400   -14.35058    89.66750
    36  C   4.0   0.016   3.269    54.11986   -13.15249    89.62592
    37  C   4.0   0.004   3.432    53.69467   -10.92640    88.12359
    38  C   4.0   0.069   3.746    51.22669   -10.99632    87.27510
    39  C   4.0  -0.247   4.021    56.50470   -14.02933    90.85991
    40  C   4.0   0.102   3.224    54.88142    -8.70786    87.17873
    41  O   6.0  -0.090   1.044    57.03571    -7.80457    87.29778
    42  C   4.0  -0.116   4.265    52.92744    -7.56646    85.27577
    43  C   4.0   0.171   3.181    52.87264    -4.78668    85.74820
    44  O   6.0  -0.090   1.046    54.14821    -3.20686    84.58224
    45  O   6.0  -0.115   2.032    51.29094    -4.26700    87.72486
    46  C   4.0  -0.203   4.063    51.33252    -1.49666    88.22564
    47  C   4.0  -0.138   4.036    45.75782    -3.64717    72.08171
    48  C   4.0  -0.055   3.115    46.29262    -5.60493    70.04458
    49  C   4.0   0.017   3.111    46.13577    -8.10881    70.32426
    50  C   4.0  -0.246   4.025    45.63688    -9.44107    72.93208
    51  C   4.0  -0.179   4.115    46.61387    -9.66973    68.02258
    52  C   4.0  -0.165   4.090    49.25949   -10.62971    68.13596
    53  C   4.0  -0.166   4.105    50.40277   -10.83569    65.44499
    54  C   4.0  -0.087   4.037    49.68467   -13.33013    64.23179
    55  C   4.0  -0.239   4.041    52.01093   -15.11970    64.33950
    56  C   4.0  -0.164   4.060    48.89477   -12.77455    61.31783
    57  C   4.0  -0.163   4.049    46.33608   -11.38371    60.95878
    58  C   4.0  -0.166   4.092    46.81229    -8.66250    60.10462
    59  C   4.0  -0.087   4.042    45.55940    -8.38282    57.40232
    60  C   4.0  -0.238   4.023    43.25583    -6.51955    57.63475
    61  C   4.0  -0.164   4.057    47.78550    -7.33214    55.70156
    62  C   4.0  -0.163   4.032    49.62987    -9.58469    54.92866
    63  C   4.0  -0.164   4.056    49.46358   -10.40294    52.21502
    64  C   4.0  -0.088   4.012    46.72347   -11.35347    51.26260
    65  C   4.0  -0.239   4.044    46.86898   -13.61170    49.54672
    66  C   4.0  -0.240   4.046    45.50271    -9.06879    49.84908
    67  H   1.0   0.070   1.004    39.73905    -8.57747    84.76744
    68  H   1.0   0.072   1.008    41.25461   -19.97818    88.24264
    69  H   1.0   0.071   1.007    52.67044   -17.82390    91.28699
    70  H   1.0   0.086   1.010    48.30328    -4.71109    84.14950
    71  H   1.0   0.085   1.008    43.35598    -5.81658    82.15395
    72  H   1.0   0.080   0.998    42.45080    -2.64562    84.66350
    73  H   1.0   0.081   1.000    45.43468    -2.88183    86.02977
    74  H   1.0   0.081   1.000    42.93835    -4.74888    87.39416
    75  H   1.0   0.082   1.002    46.25293    -7.58347    79.21731
    76  H   1.0   0.082   1.003    49.27649    -8.01622    79.95053
    77  H   1.0   0.082   1.005    50.34041    -4.75077    77.78679
    78  H   1.0   0.081   1.000    49.11965    -2.47176    79.77856
    79  H   1.0   0.080   0.997    35.22071   -12.96541    82.81724
    80  H   1.0   0.080   0.998    36.37533   -10.07413    84.03422
    81  H   1.0   0.080   0.999    34.51207   -11.88638    85.92206
    82  H   1.0   0.080   0.998    37.08587   -21.03076    89.06278
    83  H   1.0   0.080   0.998    38.31986   -21.67327    86.00143
    84  H   1.0   0.080   1.000    35.15268   -21.64681    86.25465
    85  H   1.0   0.085   1.011    45.65389   -22.24963    88.42028
    86  H   1.0   0.085   1.010    48.98359   -20.78888    93.00853
    87  H   1.0   0.080   0.999    43.17268   -24.11479    91.41738
    88  H   1.0   0.080   0.998    42.33742   -21.07611    92.68728
    89  H   1.0   0.080   0.997    44.84887   -23.10001    93.86269
    90  H   1.0   0.081   1.002    50.72780   -21.65626    87.56990
    91  H   1.0   0.082   1.003    49.53917   -24.23951    89.29144
    92  H   1.0   0.079   0.996    53.87987   -24.64392    91.11503
    93  H   1.0   0.080   0.998    53.33374   -21.77909    92.41705
    94  H   1.0   0.079   0.998    54.59607   -21.97940    89.35947
    95  H   1.0   0.080   0.998    56.34218   -15.61670    92.16193
    96  H   1.0   0.081   1.006    57.05272   -12.27755    91.79155
    97  H   1.0   0.081   1.005    57.68199   -14.29956    89.19129
    98  H   1.0   0.086   1.009    53.34885    -7.95008    83.29534
    99  H   1.0   0.081   0.996    53.16366    -0.97321    89.00798
   100  H   1.0   0.080   0.995    50.09097    -0.94864    89.77521
   101  H   1.0   0.081   0.997    50.84119    -0.54046    86.46819
   102  H   1.0   0.082   0.999    46.15467    -1.69319    71.57337
   103  H   1.0   0.082   1.005    43.79629    -4.08748    72.53146
   104  H   1.0   0.070   1.004    46.54962    -4.81880    68.15675
   105  H   1.0   0.080   1.002    44.02306   -10.60703    72.40485
   106  H   1.0   0.081   1.000    45.23626    -8.05212    74.39851
   107  H   1.0   0.080   0.996    46.86331   -10.95474    73.60105
   108  H   1.0   0.083   1.005    45.81074    -8.61526    66.44654
   109  H   1.0   0.083   1.008    45.36098   -11.29300    68.21344
   110  H   1.0   0.083   1.005    49.20468   -12.46463    69.06948
   111  H   1.0   0.083   1.007    50.61064    -9.31257    68.95988
   112  H   1.0   0.082   1.003    52.45501   -10.64861    65.40530
   113  H   1.0   0.084   1.005    49.72436    -9.27100    64.29037
   114  H   1.0   0.083   1.006    48.08786   -14.20318    65.19555
   115  H   1.0   0.080   0.998    53.77971   -14.22019    63.78959
   116  H   1.0   0.080   0.997    51.89754   -16.73163    63.06015
   117  H   1.0   0.081   0.999    52.01849   -15.92472    66.23489
   118  H   1.0   0.082   1.001    48.96658   -14.48097    60.16698
   119  H   1.0   0.082   1.003    50.50860   -11.79000    60.49958
   120  H   1.0   0.082   1.003    45.09453   -11.23820    62.59528
   121  H   1.0   0.082   1.004    45.32319   -12.55345    59.59818
   122  H   1.0   0.083   1.003    48.80784    -8.16362    60.20856
   123  H   1.0   0.083   1.004    45.86932    -7.36804    61.39909
   124  H   1.0   0.083   1.006    44.98682   -10.23287    56.69934
   125  H   1.0   0.080   0.997    43.77172    -4.53534    57.43066
   126  H   1.0   0.080   0.997    42.11632    -6.69908    59.34117
   127  H   1.0   0.080   0.997    41.71192    -6.95608    56.34407
   128  H   1.0   0.082   1.001    48.95146    -5.90350    56.61808
   129  H   1.0   0.082   1.002    46.93134    -6.27767    54.15388
   130  H   1.0   0.082   1.005    49.25760   -11.23064    56.10974
   131  H   1.0   0.081   1.002    51.59897    -9.15383    55.35007
   132  H   1.0   0.082   1.004    50.67867   -12.02433    51.85219
   133  H   1.0   0.081   1.002    50.41600    -9.03100    51.00748
   134  H   1.0   0.083   1.007    45.61420   -11.95063    52.89154
   135  H   1.0   0.080   0.997    48.71336   -14.40349    49.08563
   136  H   1.0   0.081   1.002    45.86554   -13.05801    47.83463
   137  H   1.0   0.081   1.000    45.72948   -15.08190    50.42923
   138  H   1.0   0.080   0.998    43.68479    -8.67573    50.73536
   139  H   1.0   0.081   0.998    45.23059    -9.38438    47.83274
   140  H   1.0   0.081   0.998    46.50049    -7.28489    50.08719
 
  Z AO/shell   Hii/eV     exponent
  1     Sat Feb 20 21:38:01 CET 2016    EN: 2.327 GAM: 0.473  GM3: 0.0000
     1s    -13.751157    1.051071
  6     Sat Feb 20 21:38:01 CET 2016    EN: 2.731 GAM: 0.422  GM3: 0.0000
     2s    -19.378245    2.021003
     2p    -11.993376    1.497917
  7     Sat Feb 20 21:38:01 CET 2016    EN: 3.573 GAM: 0.504  GM3: 0.0000
     2s    -21.576984    2.275442
     2p    -16.125120    2.056788
  8     Sat Feb 20 21:38:01 CET 2016    EN: 3.700 GAM: 0.587  GM3: 0.0000
     2s    -21.648843    2.110798
     2p    -17.239740    2.329048
 12     Sat Feb 20 23:25:47 CET 2016    EN: 0.033 GAM: 0.222  GM3: 0.0000
     3s    -12.693633    1.302878
     3p     -8.128821    0.504252
 
 dipole moment of classical point charges (au)
     X       Y       Z   
  -0.0812  -0.1953   0.0365  total (Debye):    0.546

 
 Nbf   :          338
 T(el) :   300.0
 calculating S/T integrals ...
 cpu time for ints   0.161042000000000     
 Nao   :          338
 making H0...
 making H1...
 cpu time for H      7.047999999999999E-003
 solving ...
 cpu time for diag   5.554700000000001E-002
 
 gap (eV)           :   1.280
 Koopmans IP (eV)   :  12.049
 Eel (Eh)           :  -268.274622
 T,E(Fermi),NFOD :    300.000   -11.409  0.000000
 T,E(Fermi),NFOD :    300.000   -11.409  0.000000
 Nfod               :  0.0000
 Nfod/Nel           :  0.0000

          eigenvalues
 #    :         164        165        166        167        168        169        170        171
 occ. :        2.000      2.000      2.000      2.000      2.000      2.000      2.000      2.000
 eps  :       -16.414    -16.298    -16.153    -15.895    -15.621    -15.592    -15.428    -14.984
 #    :         172        173        174        175        176        177        178        179
 occ. :        2.000      2.000      2.000      2.000      2.000      0.000      0.000      0.000
 eps  :       -14.978    -14.744    -14.602    -13.174    -12.050    -10.770     -9.754     -9.037
 #    :         180        181        182        183        184        185        186        187
 occ. :        0.000      0.000      0.000      0.000      0.000      0.000      0.000      0.000
 eps  :        -8.393     -8.056     -8.014     -7.650     -7.592     -7.349     -7.137     -6.830
                            1  SCC done.
 making H1...
 cpu time for H      7.111300000000001E-002
 solving ...
 cpu time for diag   3.341400000000000E-002
 
 gap (eV)           :   1.521
 Koopmans IP (eV)   :  12.031
 Eel (Eh)           :  -265.514494
 T,E(Fermi),NFOD :    300.000   -11.270  0.000000
 T,E(Fermi),NFOD :    300.000   -11.270  0.000000
 Nfod               :  0.0000
 Nfod/Nel           :  0.0000

          eigenvalues
 #    :         164        165        166        167        168        169        170        171
 occ. :        2.000      2.000      2.000      2.000      2.000      2.000      2.000      2.000
 eps  :       -15.268    -15.155    -15.079    -14.731    -14.657    -14.468    -14.457    -14.375
 #    :         172        173        174        175        176        177        178        179
 occ. :        2.000      2.000      2.000      2.000      2.000      0.000      0.000      0.000
 eps  :       -14.219    -13.824    -13.702    -12.633    -12.032    -10.510     -9.231     -8.753
 #    :         180        181        182        183        184        185        186        187
 occ. :        0.000      0.000      0.000      0.000      0.000      0.000      0.000      0.000
 eps  :        -8.497     -8.037     -7.754     -7.574     -7.486     -7.040     -6.977     -6.739
                            2  SCC done.
 
 
 Mulliken/CM5 charges    n(s)   n(p)   n(d)   
    1 MG  0.3074  0.7692   0.657  1.036  0.000
    2 C   0.0027  0.0062   1.176  2.822  0.000
    3 C  -0.0351 -0.0779   1.139  2.896  0.000
    4 C  -0.0636 -0.1058   1.129  2.934  0.000
    5 C  -0.0331 -0.0745   1.136  2.898  0.000
    6 N  -0.1406 -0.3829   1.431  3.710  0.000
    7 C   0.0306  0.0933   1.215  2.754  0.000
    8 C  -0.0219 -0.0751   1.210  2.812  0.000
    9 C  -0.0190 -0.0764   1.193  2.826  0.000
   10 C   0.0331  0.0885   1.245  2.722  0.000
   11 C  -0.0869 -0.2352   1.106  2.980  0.000
   12 C  -0.0595 -0.1636   1.179  2.881  0.000
   13 C  -0.0464 -0.1458   1.144  2.902  0.000
   14 C   0.1914  0.2340   1.217  2.592  0.000
   15 O  -0.2678 -0.3136   1.634  4.633  0.000
   16 O  -0.1796 -0.2539   1.508  4.671  0.000
   17 N  -0.2217 -0.5166   1.381  3.841  0.000
   18 C   0.0308  0.0950   1.206  2.763  0.000
   19 C  -0.0061 -0.0090   1.223  2.783  0.000
   20 C  -0.0612 -0.0554   1.212  2.849  0.000
   21 C   0.0355  0.0974   1.209  2.756  0.000
   22 C  -0.0697 -0.2133   1.082  2.987  0.000
   23 C   0.1602  0.1866   1.201  2.639  0.000
   24 O  -0.2302 -0.2840   1.616  4.614  0.000
   25 C  -0.1038 -0.2465   1.102  3.001  0.000
   26 N  -0.1889 -0.4759   1.395  3.794  0.000
   27 C   0.0890  0.1657   1.188  2.723  0.000
   28 C  -0.0207 -0.0757   1.196  2.825  0.000
   29 C  -0.0214 -0.0759   1.200  2.822  0.000
   30 C   0.0308  0.0862   1.220  2.749  0.000
   31 C  -0.0896 -0.2370   1.104  2.985  0.000
   32 C  -0.0542 -0.1627   1.164  2.890  0.000
   33 C  -0.1013 -0.2531   1.097  3.004  0.000
   34 N  -0.2233 -0.5109   1.384  3.839  0.000
   35 C   0.0264  0.0860   1.178  2.795  0.000
   36 C  -0.0031 -0.0107   1.218  2.785  0.000
   37 C  -0.0509 -0.0437   1.167  2.884  0.000
   38 C   0.0266  0.0942   1.191  2.783  0.000
   39 C  -0.0567 -0.2005   1.081  2.976  0.000
   40 C   0.1341  0.1661   1.196  2.669  0.000
   41 O  -0.2385 -0.2793   1.636  4.602  0.000
   42 C  -0.0480 -0.0903   1.204  2.844  0.000
   43 C   0.2128  0.2647   1.189  2.598  0.000
   44 O  -0.2831 -0.3308   1.636  4.647  0.000
   45 O  -0.1486 -0.2290   1.511  4.637  0.000
   46 C   0.0138 -0.1105   1.101  2.885  0.000
   47 C   0.0358 -0.0455   1.143  2.821  0.000
   48 C  -0.0729 -0.1299   1.161  2.912  0.000
   49 C  -0.0258 -0.0503   1.221  2.805  0.000
   50 C  -0.1021 -0.2472   1.089  3.013  0.000
   51 C  -0.0504 -0.1581   1.126  2.924  0.000
   52 C  -0.0425 -0.1531   1.146  2.896  0.000
   53 C  -0.0755 -0.1866   1.156  2.920  0.000
   54 C  -0.0352 -0.1079   1.214  2.821  0.000
   55 C  -0.1050 -0.2552   1.104  3.001  0.000
   56 C  -0.0972 -0.2078   1.174  2.923  0.000
   57 C  -0.0603 -0.1726   1.148  2.912  0.000
   58 C  -0.0792 -0.1905   1.166  2.913  0.000
   59 C  -0.0283 -0.0996   1.227  2.801  0.000
   60 C  -0.1110 -0.2606   1.102  3.009  0.000
   61 C  -0.0762 -0.1852   1.165  2.912  0.000
   62 C  -0.0573 -0.1688   1.147  2.911  0.000
   63 C  -0.0854 -0.1956   1.159  2.926  0.000
   64 C  -0.0170 -0.0919   1.204  2.813  0.000
   65 C  -0.0978 -0.2488   1.099  2.999  0.000
   66 C  -0.1145 -0.2653   1.111  3.003  0.000
   67 H   0.0580  0.1158   0.942  0.000  0.000
   68 H   0.0551  0.1163   0.945  0.000  0.000
   69 H   0.0564  0.1167   0.944  0.000  0.000
   70 H   0.0601  0.1283   0.940  0.000  0.000
   71 H   0.0507  0.1129   0.949  0.000  0.000
   72 H   0.0430  0.0947   0.957  0.000  0.000
   73 H   0.0367  0.0907   0.963  0.000  0.000
   74 H   0.0415  0.0953   0.958  0.000  0.000
   75 H   0.0481  0.1070   0.952  0.000  0.000
   76 H   0.0426  0.0996   0.957  0.000  0.000
   77 H   0.0399  0.1004   0.960  0.000  0.000
   78 H   0.0596  0.1164   0.940  0.000  0.000
   79 H   0.0535  0.1070   0.946  0.000  0.000
   80 H   0.0468  0.0993   0.953  0.000  0.000
   81 H   0.0457  0.0994   0.954  0.000  0.000
   82 H   0.0468  0.0993   0.953  0.000  0.000
   83 H   0.0427  0.0953   0.957  0.000  0.000
   84 H   0.0440  0.1013   0.956  0.000  0.000
   85 H   0.0569  0.1196   0.943  0.000  0.000
   86 H   0.0565  0.1183   0.943  0.000  0.000
   87 H   0.0338  0.0857   0.966  0.000  0.000
   88 H   0.0467  0.1002   0.953  0.000  0.000
   89 H   0.0384  0.0901   0.962  0.000  0.000
   90 H   0.0389  0.0952   0.961  0.000  0.000
   91 H   0.0324  0.0883   0.968  0.000  0.000
   92 H   0.0387  0.0889   0.961  0.000  0.000
   93 H   0.0280  0.0804   0.972  0.000  0.000
   94 H   0.0345  0.0857   0.966  0.000  0.000
   95 H   0.0569  0.1090   0.943  0.000  0.000
   96 H   0.0576  0.1126   0.942  0.000  0.000
   97 H   0.0603  0.1146   0.940  0.000  0.000
   98 H   0.0629  0.1278   0.937  0.000  0.000
   99 H   0.0546  0.1155   0.945  0.000  0.000
  100 H   0.0480  0.1048   0.952  0.000  0.000
  101 H   0.0592  0.1227   0.941  0.000  0.000
  102 H   0.0618  0.1250   0.938  0.000  0.000
  103 H   0.0627  0.1284   0.937  0.000  0.000
  104 H   0.0360  0.0928   0.964  0.000  0.000
  105 H   0.0358  0.0894   0.964  0.000  0.000
  106 H   0.0497  0.1093   0.950  0.000  0.000
  107 H   0.0461  0.0972   0.954  0.000  0.000
  108 H   0.0511  0.1086   0.949  0.000  0.000
  109 H   0.0322  0.0902   0.968  0.000  0.000
  110 H   0.0425  0.0997   0.957  0.000  0.000
  111 H   0.0403  0.0981   0.960  0.000  0.000
  112 H   0.0355  0.0919   0.965  0.000  0.000
  113 H   0.0354  0.0947   0.965  0.000  0.000
  114 H   0.0348  0.0946   0.965  0.000  0.000
  115 H   0.0344  0.0865   0.966  0.000  0.000
  116 H   0.0277  0.0791   0.972  0.000  0.000
  117 H   0.0355  0.0879   0.964  0.000  0.000
  118 H   0.0292  0.0839   0.971  0.000  0.000
  119 H   0.0294  0.0866   0.971  0.000  0.000
  120 H   0.0374  0.0934   0.963  0.000  0.000
  121 H   0.0427  0.0992   0.957  0.000  0.000
  122 H   0.0450  0.1026   0.955  0.000  0.000
  123 H   0.0306  0.0873   0.969  0.000  0.000
  124 H   0.0507  0.1109   0.949  0.000  0.000
  125 H   0.0318  0.0835   0.968  0.000  0.000
  126 H   0.0377  0.0891   0.962  0.000  0.000
  127 H   0.0306  0.0817   0.969  0.000  0.000
  128 H   0.0340  0.0895   0.966  0.000  0.000
  129 H   0.0335  0.0899   0.967  0.000  0.000
  130 H   0.0314  0.0895   0.969  0.000  0.000
  131 H   0.0416  0.0964   0.958  0.000  0.000
  132 H   0.0301  0.0867   0.970  0.000  0.000
  133 H   0.0282  0.0835   0.972  0.000  0.000
  134 H   0.0442  0.1036   0.956  0.000  0.000
  135 H   0.0375  0.0891   0.962  0.000  0.000
  136 H   0.0356  0.0897   0.964  0.000  0.000
  137 H   0.0326  0.0850   0.967  0.000  0.000
  138 H   0.0257  0.0776   0.974  0.000  0.000
  139 H   0.0350  0.0871   0.965  0.000  0.000
  140 H   0.0357  0.0885   0.964  0.000  0.000
 Hirshfeld charges for QMDFF written to <charges>
 
 Loewdin charges    n(s)   n(p)   n(d)
    1 MG  0.1444   0.668  1.187  0.000
    2 C   0.0042   1.135  2.861  0.000
    3 C  -0.0340   1.089  2.945  0.000
    4 C  -0.0624   1.078  2.985  0.000
    5 C  -0.0312   1.083  2.949  0.000
    6 N  -0.1096   1.389  3.720  0.000
    7 C   0.0329   1.178  2.789  0.000
    8 C  -0.0156   1.163  2.852  0.000
    9 C  -0.0109   1.145  2.866  0.000
   10 C   0.0410   1.208  2.751  0.000
   11 C  -0.0886   1.035  3.054  0.000
   12 C  -0.0544   1.122  2.932  0.000
   13 C  -0.0463   1.085  2.961  0.000
   14 C   0.1757   1.190  2.635  0.000
   15 O  -0.2547   1.607  4.648  0.000
   16 O  -0.1519   1.480  4.672  0.000
   17 N  -0.1865   1.336  3.851  0.000
   18 C   0.0340   1.168  2.798  0.000
   19 C   0.0016   1.183  2.816  0.000
   20 C  -0.0680   1.176  2.892  0.000
   21 C   0.0415   1.170  2.789  0.000
   22 C  -0.0712   1.008  3.063  0.000
   23 C   0.1546   1.165  2.680  0.000
   24 O  -0.2124   1.583  4.629  0.000
   25 C  -0.1097   1.031  3.079  0.000
   26 N  -0.1495   1.346  3.803  0.000
   27 C   0.0925   1.148  2.759  0.000
   28 C  -0.0121   1.148  2.865  0.000
   29 C  -0.0140   1.152  2.862  0.000
   30 C   0.0343   1.183  2.782  0.000
   31 C  -0.0916   1.033  3.059  0.000
   32 C  -0.0483   1.106  2.943  0.000
   33 C  -0.1038   1.025  3.078  0.000
   34 N  -0.1920   1.342  3.850  0.000
   35 C   0.0270   1.139  2.834  0.000
   36 C   0.0056   1.177  2.817  0.000
   37 C  -0.0591   1.129  2.931  0.000
   38 C   0.0323   1.150  2.818  0.000
   39 C  -0.0547   1.004  3.050  0.000
   40 C   0.1304   1.162  2.707  0.000
   41 O  -0.2254   1.608  4.617  0.000
   42 C  -0.0490   1.157  2.892  0.000
   43 C   0.1922   1.163  2.645  0.000
   44 O  -0.2712   1.609  4.663  0.000
   45 O  -0.1149   1.477  4.637  0.000
   46 C   0.0082   1.031  2.961  0.000
   47 C   0.0373   1.084  2.878  0.000
   48 C  -0.0719   1.112  2.960  0.000
   49 C  -0.0150   1.180  2.835  0.000
   50 C  -0.1057   1.017  3.088  0.000
   51 C  -0.0480   1.065  2.983  0.000
   52 C  -0.0365   1.086  2.950  0.000
   53 C  -0.0741   1.098  2.976  0.000
   54 C  -0.0245   1.167  2.858  0.000
   55 C  -0.1085   1.033  3.076  0.000
   56 C  -0.0967   1.119  2.978  0.000
   57 C  -0.0552   1.089  2.966  0.000
   58 C  -0.0784   1.110  2.968  0.000
   59 C  -0.0184   1.181  2.837  0.000
   60 C  -0.1150   1.032  3.083  0.000
   61 C  -0.0741   1.108  2.966  0.000
   62 C  -0.0520   1.087  2.965  0.000
   63 C  -0.0842   1.102  2.982  0.000
   64 C  -0.0049   1.155  2.850  0.000
   65 C  -0.1025   1.028  3.075  0.000
   66 C  -0.1205   1.042  3.078  0.000
   67 H   0.0530   0.947  0.000  0.000
   68 H   0.0508   0.949  0.000  0.000
   69 H   0.0516   0.948  0.000  0.000
   70 H   0.0535   0.947  0.000  0.000
   71 H   0.0444   0.956  0.000  0.000
   72 H   0.0419   0.958  0.000  0.000
   73 H   0.0374   0.963  0.000  0.000
   74 H   0.0415   0.959  0.000  0.000
   75 H   0.0447   0.955  0.000  0.000
   76 H   0.0396   0.960  0.000  0.000
   77 H   0.0361   0.964  0.000  0.000
   78 H   0.0548   0.945  0.000  0.000
   79 H   0.0510   0.949  0.000  0.000
   80 H   0.0472   0.953  0.000  0.000
   81 H   0.0444   0.956  0.000  0.000
   82 H   0.0464   0.954  0.000  0.000
   83 H   0.0437   0.956  0.000  0.000
   84 H   0.0423   0.958  0.000  0.000
   85 H   0.0508   0.949  0.000  0.000
   86 H   0.0498   0.950  0.000  0.000
   87 H   0.0339   0.966  0.000  0.000
   88 H   0.0458   0.954  0.000  0.000
   89 H   0.0382   0.962  0.000  0.000
   90 H   0.0358   0.964  0.000  0.000
   91 H   0.0297   0.970  0.000  0.000
   92 H   0.0385   0.961  0.000  0.000
   93 H   0.0301   0.970  0.000  0.000
   94 H   0.0343   0.966  0.000  0.000
   95 H   0.0550   0.945  0.000  0.000
   96 H   0.0548   0.945  0.000  0.000
   97 H   0.0575   0.943  0.000  0.000
   98 H   0.0546   0.945  0.000  0.000
   99 H   0.0502   0.950  0.000  0.000
  100 H   0.0451   0.955  0.000  0.000
  101 H   0.0544   0.946  0.000  0.000
  102 H   0.0540   0.946  0.000  0.000
  103 H   0.0552   0.945  0.000  0.000
  104 H   0.0305   0.969  0.000  0.000
  105 H   0.0367   0.963  0.000  0.000
  106 H   0.0480   0.952  0.000  0.000
  107 H   0.0456   0.954  0.000  0.000
  108 H   0.0482   0.952  0.000  0.000
  109 H   0.0301   0.970  0.000  0.000
  110 H   0.0392   0.961  0.000  0.000
  111 H   0.0365   0.963  0.000  0.000
  112 H   0.0336   0.966  0.000  0.000
  113 H   0.0340   0.966  0.000  0.000
  114 H   0.0296   0.970  0.000  0.000
  115 H   0.0348   0.965  0.000  0.000
  116 H   0.0287   0.971  0.000  0.000
  117 H   0.0354   0.965  0.000  0.000
  118 H   0.0277   0.972  0.000  0.000
  119 H   0.0290   0.971  0.000  0.000
  120 H   0.0351   0.965  0.000  0.000
  121 H   0.0409   0.959  0.000  0.000
  122 H   0.0435   0.956  0.000  0.000
  123 H   0.0292   0.971  0.000  0.000
  124 H   0.0456   0.954  0.000  0.000
  125 H   0.0319   0.968  0.000  0.000
  126 H   0.0387   0.961  0.000  0.000
  127 H   0.0315   0.968  0.000  0.000
  128 H   0.0319   0.968  0.000  0.000
  129 H   0.0316   0.968  0.000  0.000
  130 H   0.0296   0.970  0.000  0.000
  131 H   0.0385   0.961  0.000  0.000
  132 H   0.0289   0.971  0.000  0.000
  133 H   0.0266   0.973  0.000  0.000
  134 H   0.0391   0.961  0.000  0.000
  135 H   0.0378   0.962  0.000  0.000
  136 H   0.0367   0.963  0.000  0.000
  137 H   0.0328   0.967  0.000  0.000
  138 H   0.0266   0.973  0.000  0.000
  139 H   0.0363   0.964  0.000  0.000
  140 H   0.0370   0.963  0.000  0.000
 
 Wiberg/Mayer (AO) data. WBOs > 0.1 written file <wbo>
 largest (>0.05) Wiberg bond orders for each atom
           total WBO             WBO to atom ...
     1  MG  2.537    N   34 0.544    N   17 0.509    N    6 0.383    N   26 0.351    C   10 0.066    C   21 0.059    C   38 0.058
     2  C   3.906    C    7 1.464    C   38 1.193    C   42 0.931
     3  C   3.913    C   10 1.391    C   18 1.255    H   67 0.936
     4  C   3.917    C   21 1.325    C   27 1.314    H   68 0.936
     5  C   3.913    C   30 1.405    C   35 1.311    H   69 0.928
     6  N   3.306    C   10 1.244    C    7 1.191    MG   1 0.383
     7  C   3.885    C    2 1.464    N    6 1.191    C    8 0.954
     8  C   3.927    C    7 0.954    C    9 0.953    H   70 0.934    C   12 0.919
     9  C   3.940    C   11 0.966    C    8 0.953    C   10 0.941    H   71 0.941
    10  C   3.843    C    3 1.391    N    6 1.244    C    9 0.941    MG   1 0.066
    11  C   3.973    H   72 0.981    H   73 0.976    H   74 0.975    C    9 0.966
    12  C   3.922    H   76 0.965    H   75 0.962    C   13 0.945    C    8 0.919
    13  C   3.958    H   77 0.970    C   14 0.965    H   78 0.949    C   12 0.945    O   15 0.065
    14  C   3.877    O   15 1.835    O   16 1.033    C   13 0.965
    15  O   2.131    C   14 1.835    O   16 0.170    C   13 0.065
    16  O   2.257    C   14 1.033    C   47 0.941    O   15 0.170
    17  N   3.325    C   18 1.195    C   21 1.176    MG   1 0.509    C   20 0.068
    18  C   3.860    C    3 1.255    N   17 1.195    C   19 1.161
    19  C   3.864    C   20 1.452    C   18 1.161    C   22 0.976    O   24 0.051
    20  C   3.879    C   19 1.452    C   21 1.081    C   23 1.001    O   24 0.073    N   17 0.068
    21  C   3.872    C    4 1.325    N   17 1.176    C   20 1.081    MG   1 0.059    N   26 0.057
    22  C   3.975    H   80 0.976    C   19 0.976    H   79 0.970    H   81 0.969
    23  C   3.882    O   24 1.856    C   20 1.001    C   25 0.936
    24  O   2.172    C   23 1.856    C   25 0.082    C   20 0.073    C   19 0.051
    25  C   3.978    H   84 0.973    H   82 0.965    H   83 0.964    C   23 0.936    O   24 0.082
    26  N   3.327    C   27 1.397    C   30 1.150    MG   1 0.351    C   21 0.057
    27  C   3.877    N   26 1.397    C    4 1.314    C   28 0.942
    28  C   3.935    C   31 0.963    C   27 0.942    C   29 0.939    H   85 0.938
    29  C   3.933    C   30 0.986    C   28 0.939    H   86 0.932    C   32 0.929
    30  C   3.843    C    5 1.405    N   26 1.150    C   29 0.986    C   36 0.067
    31  C   3.967    H   87 0.982    H   89 0.979    H   88 0.975    C   28 0.963
    32  C   3.944    C   33 0.994    H   91 0.970    H   90 0.969    C   29 0.929
    33  C   3.974    C   32 0.994    H   94 0.985    H   92 0.980    H   93 0.979
    34  N   3.311    C   38 1.192    C   35 1.108    MG   1 0.544    C   37 0.060
    35  C   3.880    C    5 1.311    C   36 1.231    N   34 1.108
    36  C   3.843    C   37 1.274    C   35 1.231    C   39 1.000    C   30 0.067    O   41 0.054
    37  C   3.911    C   36 1.274    C   38 1.212    C   40 1.116    O   41 0.071    N   34 0.060
    38  C   3.898    C   37 1.212    C    2 1.193    N   34 1.192    MG   1 0.058
    39  C   3.978    C   36 1.000    H   95 0.975    H   96 0.964    H   97 0.960
    40  C   3.901    O   41 1.783    C   37 1.116    C   42 0.843
    41  O   2.145    C   40 1.783    C   42 0.087    C   37 0.071    C   36 0.054
    42  C   3.936    C   43 0.934    C    2 0.931    H   98 0.923    C   40 0.843    O   41 0.087    O   44 0.070
    43  C   3.891    O   44 1.790    O   45 1.096    C   42 0.934
    44  O   2.106    C   43 1.790    O   45 0.167    C   42 0.070
    45  O   2.302    C   43 1.096    C   46 0.963    O   44 0.167
    46  C   3.936    H  100 0.988    H   99 0.984    H  101 0.982    O   45 0.963
    47  C   3.933    C   48 0.993    H  102 0.970    H  103 0.959    O   16 0.941
    48  C   3.957    C   49 1.900    C   47 0.993    H  104 0.932
    49  C   3.931    C   48 1.900    C   51 0.975    C   50 0.961
    50  C   3.980    H  106 0.976    H  107 0.973    H  105 0.972    C   49 0.961
    51  C   3.971    C   52 0.983    C   49 0.975    H  109 0.962    H  108 0.948
    52  C   3.969    C   51 0.983    C   53 0.973    H  110 0.966    H  111 0.961
    53  C   3.962    C   54 0.990    C   52 0.973    H  112 0.959    H  113 0.958
    54  C   3.936    C   53 0.990    C   55 0.987    H  114 0.954    C   56 0.941
    55  C   3.978    C   54 0.987    H  115 0.979    H  116 0.979    H  117 0.977
    56  C   3.946    C   57 0.982    H  118 0.966    H  119 0.965    C   54 0.941
    57  C   3.966    C   58 0.990    C   56 0.982    H  120 0.965    H  121 0.959
    58  C   3.959    C   57 0.990    H  123 0.965    C   59 0.963    H  122 0.955
    59  C   3.929    C   60 0.979    C   61 0.969    C   58 0.963    H  124 0.944
    60  C   3.970    H  125 0.982    C   59 0.979    H  127 0.978    H  126 0.974
    61  C   3.956    C   59 0.969    C   62 0.969    H  128 0.968    H  129 0.962
    62  C   3.963    C   63 1.003    C   61 0.969    H  130 0.968    H  131 0.961
    63  C   3.954    C   62 1.003    H  133 0.965    H  132 0.956    C   64 0.947
    64  C   3.942    C   65 1.006    C   66 0.983    H  134 0.955    C   63 0.947
    65  C   3.983    C   64 1.006    H  137 0.978    H  135 0.973    H  136 0.970
    66  C   3.976    C   64 0.983    H  138 0.981    H  140 0.975    H  139 0.973
    67  H   0.992    C    3 0.936
    68  H   0.994    C    4 0.936
    69  H   0.993    C    5 0.928
    70  H   0.995    C    8 0.934
    71  H   0.995    C    9 0.941
    72  H   0.997    C   11 0.981
    73  H   0.997    C   11 0.976
    74  H   0.997    C   11 0.975
    75  H   0.995    C   12 0.962
    76  H   0.996    C   12 0.965
    77  H   0.997    C   13 0.970
    78  H   0.996    C   13 0.949
    79  H   0.994    C   22 0.970
    80  H   0.996    C   22 0.976
    81  H   0.994    C   22 0.969
    82  H   0.997    C   25 0.965
    83  H   0.998    C   25 0.964
    84  H   0.996    C   25 0.973
    85  H   0.994    C   28 0.938
    86  H   0.993    C   29 0.932
    87  H   0.997    C   31 0.982
    88  H   0.997    C   31 0.975
    89  H   0.997    C   31 0.979
    90  H   0.998    C   32 0.969
    91  H   0.997    C   32 0.970
    92  H   0.997    C   33 0.980
    93  H   0.999    C   33 0.979
    94  H   0.998    C   33 0.985
    95  H   0.994    C   39 0.975
    96  H   0.991    C   39 0.964
    97  H   0.991    C   39 0.960
    98  H   0.992    C   42 0.923
    99  H   0.997    C   46 0.984
   100  H   0.997    C   46 0.988
   101  H   0.996    C   46 0.982
   102  H   0.995    C   47 0.970
   103  H   0.996    C   47 0.959
   104  H   0.998    C   48 0.932
   105  H   0.999    C   50 0.972
   106  H   0.997    C   50 0.976
   107  H   0.998    C   50 0.973
   108  H   0.997    C   51 0.948
   109  H   0.998    C   51 0.962
   110  H   0.998    C   52 0.966
   111  H   0.998    C   52 0.961
   112  H   0.998    C   53 0.959
   113  H   0.999    C   53 0.958
   114  H   0.999    C   54 0.954
   115  H   0.999    C   55 0.979
   116  H   0.999    C   55 0.979
   117  H   0.998    C   55 0.977
   118  H   0.998    C   56 0.966
   119  H   0.999    C   56 0.965
   120  H   0.999    C   57 0.965
   121  H   0.998    C   57 0.959
   122  H   0.998    C   58 0.955
   123  H   0.999    C   58 0.965
   124  H   0.997    C   59 0.944
   125  H   0.999    C   60 0.982
   126  H   0.998    C   60 0.974
   127  H   0.998    C   60 0.978
   128  H   0.999    C   61 0.968
   129  H   0.999    C   61 0.962
   130  H   0.999    C   62 0.968
   131  H   0.997    C   62 0.961
   132  H   0.998    C   63 0.956
   133  H   0.999    C   63 0.965
   134  H   0.998    C   64 0.955
   135  H   0.999    C   65 0.973
   136  H   0.998    C   65 0.970
   137  H   0.999    C   65 0.978
   138  H   0.999    C   66 0.981
   139  H   0.999    C   66 0.973
   140  H   0.999    C   66 0.975
 
 --------------------------------------------
          xTB calculation for sTDA...
 --------------------------------------------
 
 reading parameter file ~/.param_stda2.xtb
 
      method parameters     
 k(s)        :  1.6000
 k(p)        :  2.1800
 k(d)        :  1.9500
 k(f)        :  2.0000
 k(R-V)      :  2.2750
 k(R-R)      :  1.7650
 Tscal       :  0.2580
 Gscal       :  1.0000
 fpol        :  1.0000
 Zcnf        :  0.3430
 Zqf         :  0.0000
 kcn         :  2.7000
 Ryd Hsplit  :  0.7000
 lshift(virt):  3.1000
 lshift(OS)  :  0.2000
 wllscaling  :  2.6000
 
 mowrcut     : 3.000
 
  Z AO/shell   Hii/eV     exponent
  1     Sun Feb 14 09:53:25 CET 2016    EN: 2.327 GAM: 0.473  GM3: 0.0000
     1s    -14.339618    1.220000
     2sp    -3.348946    0.600000
  6     Sun Feb 14 09:53:25 CET 2016    EN: 2.731 GAM: 0.422  GM3: 0.0000
     2s    -22.009312    1.565095
     2p    -13.020408    1.596905
     3sp    -3.914040    0.824500
  7     Sun Feb 14 09:53:25 CET 2016    EN: 3.573 GAM: 0.504  GM3: 0.0000
     2s    -25.722000    2.064844
     2p    -18.684912    1.801692
     3sp    -4.344791    0.921400
  8     Sun Feb 14 09:53:25 CET 2016    EN: 3.700 GAM: 0.587  GM3: 0.0000
     2s    -33.859000    2.418661
     2p    -22.175911    1.973969
     3sp    -4.259392    1.013700
 12     Sun Feb 21 16:58:31 CET 2016    EN: 0.033 GAM: 0.222  GM3: 0.0000
     3s    -11.092543    1.647583
     3p     -6.929529    0.855020
 
 Nbf   :          894
 T(el) :     0.0
 calculating S/T integrals ...
 cpu time for ints    1.33245100000000     
 Nao   :          894
 making H0...
 making H1...
 cpu time for H      2.681500000000003E-002
 solving ...
 cpu time for diag   0.301280000000000     
 
 gap (eV)           :   4.611
 Koopmans IP (eV)   :  13.374
 Eel (Eh)           :  -300.843462

          eigenvalues
 #    :         164        165        166        167        168        169        170        171
 occ. :        2.000      2.000      2.000      2.000      2.000      2.000      2.000      2.000
 eps  :       -17.301    -17.032    -17.027    -16.480    -16.333    -16.277    -15.984    -15.613
 #    :         172        173        174        175        176        177        178        179
 occ. :        2.000      2.000      2.000      2.000      2.000      0.000      0.000      0.000
 eps  :       -15.552    -15.448    -15.162    -13.862    -13.375     -8.764     -7.032     -6.905
 #    :         180        181        182        183        184        185        186        187
 occ. :        0.000      0.000      0.000      0.000      0.000      0.000      0.000      0.000
 eps  :        -6.453     -6.149     -5.903     -5.485     -5.293     -5.243     -5.062     -5.044
                            1  SCC done.
 writing mo output ...
 molden style : F
 
speedup  1.19
cpu  time for all    2.20 s
wall time for all    1.85 s
