cpu-bind=MASK - bp1-compute176, task 4294967295 4294967295 [0]: mask 0x3fffffc03fffffc set
Host:    bp1-compute176.data.bp.acrc.priv
Time:    Thu May  5 07:28:10 BST 2022
Dir:     /user/home/of15641/chlorophyll_parameterization/tddft_data/step_751_chromophore_26
Job ID:  1692395
Nodelist:
cat: bp1-compute176: No such file or directory
  
Result dir: /user/home/of15641/chlorophyll_parameterization/tddft_data/step_751_chromophore_26
running gaussian jobs
Running time g16 < CAMB3LYP_step_751_chromophore_26.com > CAMB3LYP_step_751_chromophore_26.log

real	39m2.918s
user	922m45.415s
sys	1m13.677s
Running time g16 < PBE0_step_751_chromophore_26.com > PBE0_step_751_chromophore_26.log

real	28m37.297s
user	683m38.034s
sys	1m5.678s
Running time g16 < wB97XD_step_751_chromophore_26.com > wB97XD_step_751_chromophore_26.log

real	35m41.757s
user	842m42.122s
sys	1m15.132s
Running time g16 < BLYP_step_751_chromophore_26.com > BLYP_step_751_chromophore_26.log

real	17m44.462s
user	422m26.679s
sys	0m56.916s
Running time g16 < ZINDO_step_751_chromophore_26.com > ZINDO_step_751_chromophore_26.log

real	0m8.123s
user	2m59.795s
sys	0m2.719s
