cpu-bind=MASK - bp1-compute062, task 4294967295 4294967295 [0]: mask 0xffffffffffff set
Host:    bp1-compute062.data.bp.acrc.priv
Time:    Tue May  3 20:29:02 BST 2022
Dir:     /user/home/of15641/chlorophyll_parameterization/tddft_data/step_101_chromophore_5
Job ID:  1692016
Nodelist:
cat: bp1-compute062: No such file or directory
  
Result dir: /user/home/of15641/chlorophyll_parameterization/tddft_data/step_101_chromophore_5
running gaussian jobs
Running time g16 < CAMB3LYP_step_101_chromophore_5.com > CAMB3LYP_step_101_chromophore_5.log

real	26m44.533s
user	628m46.227s
sys	0m27.172s
Running time g16 < PBE0_step_101_chromophore_5.com > PBE0_step_101_chromophore_5.log

real	17m21.329s
user	414m5.118s
sys	0m20.817s
Running time g16 < wB97XD_step_101_chromophore_5.com > wB97XD_step_101_chromophore_5.log

real	27m28.413s
user	646m22.573s
sys	0m27.081s
Running time g16 < BLYP_step_101_chromophore_5.com > BLYP_step_101_chromophore_5.log

real	12m0.440s
user	286m5.401s
sys	0m22.476s
Running time g16 < ZINDO_step_101_chromophore_5.com > ZINDO_step_101_chromophore_5.log

real	0m8.020s
user	2m48.786s
sys	0m2.726s
