cpu-bind=MASK - bp1-compute070, task 4294967295 4294967295 [0]: mask 0xffffffffffff set
Host:    bp1-compute070.data.bp.acrc.priv
Time:    Thu Apr 28 21:22:34 BST 2022
Dir:     /user/home/of15641/chlorophyll_parameterization/tddft_data/step_1751_chromophore_22
Job ID:  1658522
Nodelist:
cat: bp1-compute070: No such file or directory
  
Result dir: /user/home/of15641/chlorophyll_parameterization/tddft_data/step_1751_chromophore_22
running gaussian jobs
Running time g16 < CAMB3LYP_step_1751_chromophore_22.com > CAMB3LYP_step_1751_chromophore_22.log

real	23m30.611s
user	552m30.213s
sys	0m36.359s
Running time g16 < PBE0_step_1751_chromophore_22.com > PBE0_step_1751_chromophore_22.log

real	19m34.014s
user	467m1.848s
sys	0m46.394s
Running time g16 < wB97XD_step_1751_chromophore_22.com > wB97XD_step_1751_chromophore_22.log

real	23m31.098s
user	552m12.876s
sys	0m37.707s
Running time g16 < BLYP_step_1751_chromophore_22.com > BLYP_step_1751_chromophore_22.log

real	12m36.296s
user	300m43.467s
sys	0m28.119s
Running time g16 < ZINDO_step_1751_chromophore_22.com > ZINDO_step_1751_chromophore_22.log

real	0m9.579s
user	3m32.540s
sys	0m3.715s
