cpu-bind=MASK - bp1-compute156, task 4294967295 4294967295 [0]: mask 0xffffff00ffffff set
Host:    bp1-compute156.data.bp.acrc.priv
Time:    Thu Apr 28 21:27:37 BST 2022
Dir:     /user/home/of15641/chlorophyll_parameterization/tddft_data/step_1751_chromophore_24
Job ID:  1658524
Nodelist:
cat: bp1-compute156: No such file or directory
  
Result dir: /user/home/of15641/chlorophyll_parameterization/tddft_data/step_1751_chromophore_24
running gaussian jobs
Running time g16 < CAMB3LYP_step_1751_chromophore_24.com > CAMB3LYP_step_1751_chromophore_24.log

real	28m52.755s
user	679m47.259s
sys	0m41.337s
Running time g16 < PBE0_step_1751_chromophore_24.com > PBE0_step_1751_chromophore_24.log

real	20m30.231s
user	489m22.116s
sys	0m34.158s
Running time g16 < wB97XD_step_1751_chromophore_24.com > wB97XD_step_1751_chromophore_24.log

real	28m25.321s
user	669m16.418s
sys	0m42.322s
Running time g16 < BLYP_step_1751_chromophore_24.com > BLYP_step_1751_chromophore_24.log

real	12m12.306s
user	290m42.537s
sys	0m29.600s
Running time g16 < ZINDO_step_1751_chromophore_24.com > ZINDO_step_1751_chromophore_24.log

real	0m8.252s
user	3m3.123s
sys	0m2.839s
