 
        ______________________________________
       |                                      |
       |          ===================         |
       |             xTB for sTDA             |
       |          ===================         |
       |               S. Grimme              |
       |        Universitaet Bonn, MCTC       |
       |         2015-19, Version 1.0         |
       |     Wed Apr  3 09:14:55 CEST 2019    |
       |______________________________________|
 
        This code comes without any warranty
        for non-commercial, academia use only.
        Preliminary test version.
        Cite this work as:
        S. Grimme  &  C. Bannwarth, JCP 145 (2016) 054103
        if GBSA is used additionally:
        P. Shushkov, F. März, C. Bannwarth, S. Grimme, unpublished.
 
        with help from
        P. Shushkov, G. Brandenburg, S. Dohm, J. Pisarek,
        F. März, M. Checinski, S. Ehrlich, S. Spicher, 
        P. Pracht, E. Caldeweyher, S. Ehlert, and C. Bannwarth.
 
        usage        :
        xtb4stda <coord_file> [options]
        where <coord_file> is a valid file of TM)
        (*coord, Bohr) or xmol (*xyz, Angstroem)
        format.

        options:
        -chrg <int>   : molecular charge
        -uhf  <int>   : # of unpaired electrons(=2*S)
        -nox          : skip second, extended part in sTDA-xTB
        -pop          : do population analysis
                      : (default for -nox)
        -mowr <real>  : cut MO write above (def.3 Eh)
        -molden       : write formatted molden file
        -parx <file>  : read parameters for sTDA-xTB
                        calc (def:~/.param_stda2.xtb)
        -parv <file>  : read parameters for vTB part in
                        sTDA-xTB (def: ~/.param_stda1.xtb)
        -xtemp <real> : el. temp for xTB (def. 0 K)
        -etemp <real> : el. temp for GFN (def. 300 K)
        -fod          : calculate the FOD and write
                        molden.input file with
                        appropriate occupations
                        for plotting. Def. T=12500 K
 
        -acc <real>   : xTB accuracy (def. 1.0)
        -gbsa [string1] [string2]
                        use GBSA implicit solvent
                        for solvent [string1] and
                        solvation state [string2]=
                        reference, bar1M (default=1M)
        additional GFN/opt/MD/siman options read from
        $XTB4STDAHOME/.xtb4stdarc or $set in input
 
       spin and charge state information can be on:
       <.CHRG> (charge) and <.UHF> (=nalpha-nbeta)
       -uhf and -chrg override the file info.
       useful machine settings:
       setenv MKL_NUM_THREADS <NCORE_ON_YOUR_MACHINE>
       setenv OMP_STACKSIZE 500m
       limit stacksize unlimited
 
       total energies in Eh, gaps/HL energies in eV
       please read REVISION and HOWTO files carefully
 =============================
  # OMP threads =           4
 =============================
 
 xtb4stdahome directory:~/
 
 
 name of molecule           :
 comment line               :
 number of atoms            :   140
 number of electrons        :   352
 charge                     :  0
 spin                       : 0.0
 first test random number   :  0.5021
 
 -----------------------------------------
      charge density (VTB) calculation
 -----------------------------------------
 
      method parameters     
 k(s)        :  1.8000
 k(p)        :  2.8350
 k(d)        :  2.0860
 k(f)        :  2.0000
 Tscal       :  0.3300
 Gscal       :  0.3910
 fpol        :  1.0000
 Zcnf        :  0.6500
 Zqf         :  0.0000
 kcn         :  0.3000
 kEN1        : -0.5900
 wllscal     :  2.6000
 
     -------------------------
     ! NO SOLVENT MODEL USED !
     -------------------------
 
 doing EN charges ...
 sum q :  0.3774758D-14
 point charge moment (au)
     X       Y       Z   
   0.1009  -0.1026   0.5812  total (Debye):    1.522
 
            Z      q(EN)   CN      Cart. coordinates
     1  MG  2.0   0.958   4.951    12.71786   107.49139    78.86393
     2  C   4.0   0.021   3.276    10.48231   101.24963    77.74333
     3  C   4.0  -0.056   3.177    18.35869   105.79253    76.45642
     4  C   4.0  -0.059   3.205    13.90271   113.40812    78.35749
     5  C   4.0  -0.052   3.138     6.28901   108.92569    80.62327
     6  N   5.0  -0.373   3.113    14.00476   104.03508    76.74177
     7  C   4.0   0.124   3.451    13.02777   101.75607    76.86271
     8  C   4.0  -0.096   4.209    14.75687    99.75485    75.71376
     9  C   4.0  -0.093   4.154    17.31367   101.08144    75.60416
    10  C   4.0   0.086   3.423    16.56723   103.84233    76.39784
    11  C   4.0  -0.237   4.038    19.15615    99.59234    77.34270
    12  C   4.0  -0.164   4.116    13.67784    99.39014    72.96799
    13  C   4.0  -0.168   4.072    13.37170    96.65003    72.35194
    14  C   4.0   0.167   3.098    14.96474    95.78832    70.06726
    15  O   6.0  -0.087   1.033    17.19084    95.00408    70.11261
    16  O   6.0  -0.126   2.053    13.46619    95.90926    67.97344
    17  N   5.0  -0.495   3.253    15.76031   109.28852    77.52034
    18  C   4.0   0.082   3.528    18.03554   108.38145    76.82492
    19  C   4.0   0.015   3.265    19.89126   110.31086    76.68886
    20  C   4.0   0.004   3.292    18.54955   112.61066    76.97610
    21  C   4.0   0.072   3.559    15.99086   111.84154    77.74333
    22  C   4.0  -0.246   4.022    22.66159   110.02173    75.92541
    23  C   4.0   0.130   3.045    19.72307   115.26572    76.77957
    24  O   6.0  -0.122   1.082    21.83578   115.57564    76.05769
    25  C   4.0  -0.250   4.047    18.41349   117.67701    77.45798
    26  N   5.0  -0.433   3.168    10.35192   110.71526    79.07747
    27  C   4.0   0.118   3.494    11.47253   112.88845    79.21542
    28  C   4.0  -0.094   4.159     9.58469   115.05974    79.86549
    29  C   4.0  -0.096   4.157     7.06758   113.58954    80.39083
    30  C   4.0   0.082   3.438     7.96519   110.90802    80.15651
    31  C   4.0  -0.236   4.015    10.44641   117.02695    81.88183
    32  C   4.0  -0.162   4.039     4.77156   114.19992    78.63339
    33  C   4.0  -0.238   4.008     2.33570   114.99738    79.98643
    34  N   5.0  -0.427   3.211     9.38438   105.48639    79.41006
    35  C   4.0   0.057   3.544     6.96742   106.34244    80.16973
    36  C   4.0   0.021   3.229     5.19486   104.21839    80.46264
    37  C   4.0  -0.005   3.529     6.63483   102.24929    79.55557
    38  C   4.0   0.091   3.681     9.09525   103.05243    78.93196
    39  C   4.0  -0.247   4.021     2.50767   104.14469    81.37160
    40  C   4.0   0.122   3.216     6.33058    99.60368    79.07936
    41  O   6.0  -0.109   1.053     4.58636    98.21284    79.48376
    42  C   4.0  -0.116   4.219     8.86092    98.69661    77.98143
    43  C   4.0   0.181   3.161     8.40172    97.32089    75.67786
    44  O   6.0  -0.102   1.062     7.59292    98.34512    73.78057
    45  O   6.0  -0.117   2.034     8.63038    94.73007    75.92541
    46  C   4.0  -0.195   4.039     7.39828    93.22207    74.00923
    47  C   4.0  -0.128   4.065    14.54900    95.20439    65.58483
    48  C   4.0  -0.057   3.108    13.16950    96.55744    63.39653
    49  C   4.0   0.022   3.068    10.77711    96.30799    62.48757
    50  C   4.0  -0.253   4.047     8.88927    94.55622    63.51558
    51  C   4.0  -0.176   4.097    10.11759    97.81977    60.10651
    52  C   4.0  -0.164   4.053    11.11537   100.54665    59.92132
    53  C   4.0  -0.165   4.074    11.09080   101.34600    57.15665
    54  C   4.0  -0.087   4.014    10.39916   104.10500    56.73146
    55  C   4.0  -0.237   4.002     7.50788   104.55854    55.81684
    56  C   4.0  -0.162   4.035    12.33235   105.56765    54.81528
    57  C   4.0  -0.163   4.045    14.76443   106.44448    56.14187
    58  C   4.0  -0.165   4.073    15.34457   109.24128    55.78282
    59  C   4.0  -0.090   4.067    17.24375   110.23149    57.86719
    60  C   4.0  -0.238   4.041    15.90393   111.61099    59.93266
    61  C   4.0  -0.164   4.055    19.62480   111.42013    56.62753
    62  C   4.0  -0.164   4.042    21.91704   109.70804    56.96201
    63  C   4.0  -0.164   4.059    22.87324   108.03941    54.70190
    64  C   4.0  -0.088   4.021    25.23162   108.80286    53.18634
    65  C   4.0  -0.238   4.034    25.08233   108.51184    50.27238
    66  C   4.0  -0.239   4.052    27.57110   107.47060    54.19167
    67  H   1.0   0.071   1.007    20.20873   105.17081    75.78746
    68  H   1.0   0.072   1.008    14.29767   115.43391    78.37638
    69  H   1.0   0.070   1.003     4.39361   109.41135    81.27900
    70  H   1.0   0.086   1.007    14.76821    97.92560    76.65862
    71  H   1.0   0.084   1.007    17.96562   101.19482    73.65207
    72  H   1.0   0.080   0.998    18.34546    97.89536    78.18363
    73  H   1.0   0.080   0.998    20.18794   100.82822    78.62772
    74  H   1.0   0.081   1.002    20.62258    99.07644    75.99155
    75  H   1.0   0.084   1.007    15.03277   100.10256    71.58849
    76  H   1.0   0.084   1.005    11.94307   100.48996    72.81114
    77  H   1.0   0.084   1.008    11.39694    96.39114    71.82470
    78  H   1.0   0.082   1.003    13.66272    95.41415    73.97521
    79  H   1.0   0.081   1.000    22.86757   110.72471    74.00167
    80  H   1.0   0.080   0.998    23.26820   108.08477    75.58337
    81  H   1.0   0.080   0.997    24.00330   111.01006    77.13672
    82  H   1.0   0.081   1.001    18.15271   117.59009    79.49888
    83  H   1.0   0.080   0.999    16.61447   117.85843    76.47154
    84  H   1.0   0.081   0.998    19.49630   119.35320    76.95153
    85  H   1.0   0.085   1.010     9.37871   116.02350    78.05702
    86  H   1.0   0.085   1.009     6.38160   114.02039    82.28434
    87  H   1.0   0.080   1.000    10.29712   118.83353    80.90484
    88  H   1.0   0.080   0.998    12.27377   116.53751    82.69819
    89  H   1.0   0.080   0.998     9.14249   117.22348    83.46353
    90  H   1.0   0.082   1.002     4.65251   112.68625    77.24066
    91  H   1.0   0.082   1.007     5.13816   115.90256    77.53357
    92  H   1.0   0.080   0.997     0.61227   114.20748    79.18330
    93  H   1.0   0.080   0.998     2.26578   117.04963    80.15651
    94  H   1.0   0.080   0.998     2.24877   114.31141    81.92718
    95  H   1.0   0.080   0.999     1.90673   105.98906    82.06324
    96  H   1.0   0.081   1.003     2.56814   102.63858    82.77378
    97  H   1.0   0.080   1.000     1.33604   103.81021    79.71053
    98  H   1.0   0.085   1.010     9.70374    97.39270    79.33636
    99  H   1.0   0.081   0.996     8.58502    91.56856    73.69931
   100  H   1.0   0.081   0.997     7.24899    94.13670    72.16863
   101  H   1.0   0.080   0.996     5.62004    92.50775    74.76512
   102  H   1.0   0.082   1.005    14.08224    93.26364    65.07460
   103  H   1.0   0.082   1.000    16.58423    95.49352    65.45255
   104  H   1.0   0.071   1.005    14.65105    97.64970    62.47245
   105  H   1.0   0.081   1.005     7.59670    94.34079    61.92632
   106  H   1.0   0.080   0.999     7.97842    95.26675    65.22011
   107  H   1.0   0.081   1.001     9.82280    92.74586    63.81227
   108  H   1.0   0.083   1.005     8.07291    97.98418    59.93077
   109  H   1.0   0.082   1.004    10.77900    96.72373    58.49269
   110  H   1.0   0.082   1.003    13.02777   100.79042    60.64697
   111  H   1.0   0.082   1.002    10.02689   101.81465    61.12697
   112  H   1.0   0.083   1.008     9.57524   100.24051    56.30816
   113  H   1.0   0.083   1.005    13.00131   101.00018    56.46879
   114  H   1.0   0.083   1.008    10.45207   105.13868    58.51158
   115  H   1.0   0.079   0.996     6.25688   105.31632    57.26814
   116  H   1.0   0.079   0.997     6.57814   102.74818    55.48613
   117  H   1.0   0.080   0.997     7.48331   105.73584    54.12742
   118  H   1.0   0.082   1.002    11.25521   107.10022    53.95923
   119  H   1.0   0.081   1.001    12.88982   104.42248    53.19579
   120  H   1.0   0.082   1.002    16.50487   105.40891    55.76392
   121  H   1.0   0.083   1.009    14.26932   106.28575    58.13553
   122  H   1.0   0.083   1.005    13.68162   110.41291    56.10596
   123  H   1.0   0.082   1.003    16.02299   109.48883    53.85341
   124  H   1.0   0.084   1.015    17.89004   108.54775    58.86307
   125  H   1.0   0.081   0.999    14.20318   110.61511    60.53170
   126  H   1.0   0.080   0.999    15.63181   113.58576    59.41109
   127  H   1.0   0.081   1.004    17.26454   111.44848    61.47090
   128  H   1.0   0.082   1.003    20.00842   113.24750    57.49680
   129  H   1.0   0.082   1.004    19.14859   111.69414    54.64143
   130  H   1.0   0.082   1.002    21.71106   108.66869    58.72890
   131  H   1.0   0.082   1.008    23.42882   111.07620    57.25114
   132  H   1.0   0.082   1.006    21.18950   107.99784    53.51515
   133  H   1.0   0.082   1.004    23.04143   106.15158    55.50692
   134  H   1.0   0.083   1.010    25.39792   110.82487    53.55105
   135  H   1.0   0.080   0.997    24.80832   110.31653    49.31618
   136  H   1.0   0.081   1.002    23.54032   107.15880    50.09663
   137  H   1.0   0.080   0.997    26.67726   107.65013    49.29539
   138  H   1.0   0.081   0.999    28.03031   105.80198    53.07484
   139  H   1.0   0.081   1.000    27.24796   107.01329    56.17399
   140  H   1.0   0.080   0.999    29.19060   108.69515    53.84207
 
  Z AO/shell   Hii/eV     exponent
  1     Sat Feb 20 21:38:01 CET 2016    EN: 2.327 GAM: 0.473  GM3: 0.0000
     1s    -13.751157    1.051071
  6     Sat Feb 20 21:38:01 CET 2016    EN: 2.731 GAM: 0.422  GM3: 0.0000
     2s    -19.378245    2.021003
     2p    -11.993376    1.497917
  7     Sat Feb 20 21:38:01 CET 2016    EN: 3.573 GAM: 0.504  GM3: 0.0000
     2s    -21.576984    2.275442
     2p    -16.125120    2.056788
  8     Sat Feb 20 21:38:01 CET 2016    EN: 3.700 GAM: 0.587  GM3: 0.0000
     2s    -21.648843    2.110798
     2p    -17.239740    2.329048
 12     Sat Feb 20 23:25:47 CET 2016    EN: 0.033 GAM: 0.222  GM3: 0.0000
     3s    -12.693633    1.302878
     3p     -8.128821    0.504252
 
 dipole moment of classical point charges (au)
     X       Y       Z   
   0.1009  -0.1026   0.5812  total (Debye):    1.522

 
 Nbf   :          338
 T(el) :   300.0
 calculating S/T integrals ...
 cpu time for ints   0.202541000000000     
 Nao   :          338
 making H0...
 making H1...
 cpu time for H      1.194999999999999E-002
 solving ...
 cpu time for diag   7.412500000000000E-002
 
 gap (eV)           :   1.404
 Koopmans IP (eV)   :  12.025
 Eel (Eh)           :  -268.588970
 T,E(Fermi),NFOD :    300.000   -11.323  0.000000
 T,E(Fermi),NFOD :    300.000   -11.323  0.000000
 Nfod               :  0.0000
 Nfod/Nel           :  0.0000

          eigenvalues
 #    :         164        165        166        167        168        169        170        171
 occ. :        2.000      2.000      2.000      2.000      2.000      2.000      2.000      2.000
 eps  :       -16.167    -16.142    -16.061    -15.915    -15.567    -15.459    -15.388    -15.056
 #    :         172        173        174        175        176        177        178        179
 occ. :        2.000      2.000      2.000      2.000      2.000      0.000      0.000      0.000
 eps  :       -14.868    -14.678    -14.620    -13.212    -12.026    -10.622     -9.720     -8.558
 #    :         180        181        182        183        184        185        186        187
 occ. :        0.000      0.000      0.000      0.000      0.000      0.000      0.000      0.000
 eps  :        -8.155     -8.139     -7.880     -7.762     -7.536     -7.254     -7.131     -6.995
                            1  SCC done.
 making H1...
 cpu time for H      8.688200000000001E-002
 solving ...
 cpu time for diag   2.358300000000002E-002
 
 gap (eV)           :   1.610
 Koopmans IP (eV)   :  11.923
 Eel (Eh)           :  -265.926352
 T,E(Fermi),NFOD :    300.000   -11.118  0.000000
 T,E(Fermi),NFOD :    300.000   -11.118  0.000000
 Nfod               :  0.0000
 Nfod/Nel           :  0.0000

          eigenvalues
 #    :         164        165        166        167        168        169        170        171
 occ. :        2.000      2.000      2.000      2.000      2.000      2.000      2.000      2.000
 eps  :       -15.308    -15.294    -15.257    -14.748    -14.528    -14.398    -14.361    -14.291
 #    :         172        173        174        175        176        177        178        179
 occ. :        2.000      2.000      2.000      2.000      2.000      0.000      0.000      0.000
 eps  :       -14.174    -14.110    -13.997    -12.767    -11.924    -10.314     -9.168     -8.360
 #    :         180        181        182        183        184        185        186        187
 occ. :        0.000      0.000      0.000      0.000      0.000      0.000      0.000      0.000
 eps  :        -8.115     -8.054     -7.690     -7.520     -7.374     -7.183     -6.937     -6.817
                            2  SCC done.
 
 
 Mulliken/CM5 charges    n(s)   n(p)   n(d)   
    1 MG  0.2918  0.7752   0.665  1.043  0.000
    2 C  -0.0027  0.0019   1.195  2.808  0.000
    3 C  -0.0298 -0.0711   1.126  2.904  0.000
    4 C  -0.0522 -0.0944   1.123  2.929  0.000
    5 C  -0.0348 -0.0774   1.140  2.895  0.000
    6 N  -0.1436 -0.3970   1.415  3.729  0.000
    7 C   0.0523  0.1238   1.236  2.712  0.000
    8 C  -0.0355 -0.0908   1.208  2.828  0.000
    9 C  -0.0207 -0.0792   1.203  2.818  0.000
   10 C   0.0274  0.0844   1.235  2.738  0.000
   11 C  -0.0906 -0.2385   1.105  2.986  0.000
   12 C  -0.0596 -0.1659   1.163  2.897  0.000
   13 C  -0.0611 -0.1618   1.142  2.919  0.000
   14 C   0.2019  0.2495   1.202  2.596  0.000
   15 O  -0.2865 -0.3303   1.637  4.649  0.000
   16 O  -0.1342 -0.2130   1.477  4.657  0.000
   17 N  -0.2193 -0.5331   1.378  3.842  0.000
   18 C   0.0471  0.1119   1.174  2.779  0.000
   19 C  -0.0089 -0.0119   1.209  2.800  0.000
   20 C  -0.0689 -0.0632   1.216  2.852  0.000
   21 C   0.0338  0.0953   1.202  2.764  0.000
   22 C  -0.0742 -0.2177   1.079  2.996  0.000
   23 C   0.1665  0.1928   1.197  2.637  0.000
   24 O  -0.2398 -0.2947   1.612  4.628  0.000
   25 C  -0.0972 -0.2392   1.097  3.000  0.000
   26 N  -0.1728 -0.4559   1.406  3.767  0.000
   27 C   0.0586  0.1267   1.214  2.728  0.000
   28 C  -0.0341 -0.0913   1.209  2.825  0.000
   29 C  -0.0276 -0.0836   1.198  2.830  0.000
   30 C   0.0311  0.0858   1.222  2.747  0.000
   31 C  -0.0835 -0.2316   1.101  2.983  0.000
   32 C  -0.0587 -0.1687   1.155  2.904  0.000
   33 C  -0.0934 -0.2458   1.096  2.997  0.000
   34 N  -0.2041 -0.4864   1.396  3.808  0.000
   35 C   0.0069  0.0628   1.220  2.773  0.000
   36 C  -0.0055 -0.0125   1.215  2.790  0.000
   37 C  -0.0603 -0.0524   1.173  2.887  0.000
   38 C   0.0470  0.1216   1.170  2.783  0.000
   39 C  -0.0534 -0.1970   1.079  2.974  0.000
   40 C   0.1694  0.2039   1.179  2.652  0.000
   41 O  -0.2322 -0.2780   1.625  4.607  0.000
   42 C  -0.0342 -0.0760   1.194  2.840  0.000
   43 C   0.2313  0.2831   1.170  2.598  0.000
   44 O  -0.2777 -0.3314   1.624  4.654  0.000
   45 O  -0.1593 -0.2462   1.486  4.674  0.000
   46 C   0.0108 -0.1119   1.091  2.898  0.000
   47 C   0.0402 -0.0385   1.129  2.830  0.000
   48 C  -0.0953 -0.1529   1.161  2.934  0.000
   49 C  -0.0167 -0.0416   1.210  2.807  0.000
   50 C  -0.0726 -0.2180   1.076  2.997  0.000
   51 C  -0.0542 -0.1613   1.140  2.914  0.000
   52 C  -0.0612 -0.1743   1.147  2.914  0.000
   53 C  -0.0517 -0.1621   1.144  2.908  0.000
   54 C  -0.0365 -0.1084   1.230  2.806  0.000
   55 C  -0.1150 -0.2649   1.114  3.001  0.000
   56 C  -0.0701 -0.1798   1.165  2.906  0.000
   57 C  -0.0605 -0.1731   1.145  2.915  0.000
   58 C  -0.0836 -0.1955   1.162  2.921  0.000
   59 C  -0.0438 -0.1205   1.207  2.837  0.000
   60 C  -0.0855 -0.2373   1.097  2.988  0.000
   61 C  -0.0572 -0.1688   1.154  2.903  0.000
   62 C  -0.0666 -0.1803   1.156  2.910  0.000
   63 C  -0.0724 -0.1835   1.157  2.916  0.000
   64 C  -0.0111 -0.0868   1.189  2.822  0.000
   65 C  -0.1016 -0.2517   1.100  3.001  0.000
   66 C  -0.0977 -0.2477   1.100  2.998  0.000
   67 H   0.0521  0.1114   0.948  0.000  0.000
   68 H   0.0503  0.1113   0.950  0.000  0.000
   69 H   0.0632  0.1212   0.937  0.000  0.000
   70 H   0.0574  0.1195   0.943  0.000  0.000
   71 H   0.0625  0.1239   0.938  0.000  0.000
   72 H   0.0500  0.1025   0.950  0.000  0.000
   73 H   0.0385  0.0909   0.961  0.000  0.000
   74 H   0.0330  0.0859   0.967  0.000  0.000
   75 H   0.0372  0.0986   0.963  0.000  0.000
   76 H   0.0537  0.1169   0.946  0.000  0.000
   77 H   0.0413  0.1108   0.959  0.000  0.000
   78 H   0.0448  0.1053   0.955  0.000  0.000
   79 H   0.0451  0.0993   0.955  0.000  0.000
   80 H   0.0424  0.0947   0.958  0.000  0.000
   81 H   0.0550  0.1087   0.945  0.000  0.000
   82 H   0.0456  0.1001   0.954  0.000  0.000
   83 H   0.0416  0.0952   0.958  0.000  0.000
   84 H   0.0458  0.1019   0.954  0.000  0.000
   85 H   0.0461  0.1086   0.954  0.000  0.000
   86 H   0.0465  0.1086   0.953  0.000  0.000
   87 H   0.0427  0.0949   0.957  0.000  0.000
   88 H   0.0456  0.0982   0.954  0.000  0.000
   89 H   0.0349  0.0867   0.965  0.000  0.000
   90 H   0.0408  0.0977   0.959  0.000  0.000
   91 H   0.0310  0.0880   0.969  0.000  0.000
   92 H   0.0396  0.0905   0.960  0.000  0.000
   93 H   0.0369  0.0884   0.963  0.000  0.000
   94 H   0.0235  0.0755   0.976  0.000  0.000
   95 H   0.0471  0.0998   0.953  0.000  0.000
   96 H   0.0640  0.1187   0.936  0.000  0.000
   97 H   0.0566  0.1098   0.943  0.000  0.000
   98 H   0.0527  0.1205   0.947  0.000  0.000
   99 H   0.0387  0.0985   0.961  0.000  0.000
  100 H   0.0579  0.1209   0.942  0.000  0.000
  101 H   0.0507  0.1102   0.949  0.000  0.000
  102 H   0.0443  0.1091   0.956  0.000  0.000
  103 H   0.0666  0.1318   0.933  0.000  0.000
  104 H   0.0301  0.0878   0.970  0.000  0.000
  105 H   0.0421  0.0968   0.958  0.000  0.000
  106 H   0.0526  0.1054   0.947  0.000  0.000
  107 H   0.0471  0.1012   0.953  0.000  0.000
  108 H   0.0348  0.0919   0.965  0.000  0.000
  109 H   0.0397  0.0968   0.960  0.000  0.000
  110 H   0.0291  0.0855   0.971  0.000  0.000
  111 H   0.0281  0.0840   0.972  0.000  0.000
  112 H   0.0381  0.0973   0.962  0.000  0.000
  113 H   0.0433  0.1007   0.957  0.000  0.000
  114 H   0.0325  0.0926   0.968  0.000  0.000
  115 H   0.0365  0.0870   0.964  0.000  0.000
  116 H   0.0278  0.0795   0.972  0.000  0.000
  117 H   0.0366  0.0886   0.963  0.000  0.000
  118 H   0.0383  0.0945   0.962  0.000  0.000
  119 H   0.0256  0.0806   0.974  0.000  0.000
  120 H   0.0392  0.0946   0.961  0.000  0.000
  121 H   0.0265  0.0862   0.973  0.000  0.000
  122 H   0.0238  0.0816   0.976  0.000  0.000
  123 H   0.0281  0.0842   0.972  0.000  0.000
  124 H   0.0259  0.0891   0.974  0.000  0.000
  125 H   0.0454  0.0980   0.955  0.000  0.000
  126 H   0.0266  0.0791   0.973  0.000  0.000
  127 H   0.0359  0.0894   0.964  0.000  0.000
  128 H   0.0400  0.0958   0.960  0.000  0.000
  129 H   0.0361  0.0934   0.964  0.000  0.000
  130 H   0.0422  0.0980   0.958  0.000  0.000
  131 H   0.0233  0.0808   0.977  0.000  0.000
  132 H   0.0280  0.0858   0.972  0.000  0.000
  133 H   0.0301  0.0865   0.970  0.000  0.000
  134 H   0.0268  0.0869   0.973  0.000  0.000
  135 H   0.0382  0.0893   0.962  0.000  0.000
  136 H   0.0297  0.0838   0.970  0.000  0.000
  137 H   0.0374  0.0889   0.963  0.000  0.000
  138 H   0.0288  0.0814   0.971  0.000  0.000
  139 H   0.0388  0.0920   0.961  0.000  0.000
  140 H   0.0340  0.0862   0.966  0.000  0.000
 Hirshfeld charges for QMDFF written to <charges>
 
 Loewdin charges    n(s)   n(p)   n(d)
    1 MG  0.1283   0.677  1.194  0.000
    2 C  -0.0030   1.156  2.847  0.000
    3 C  -0.0267   1.072  2.954  0.000
    4 C  -0.0511   1.071  2.980  0.000
    5 C  -0.0318   1.088  2.944  0.000
    6 N  -0.1070   1.370  3.737  0.000
    7 C   0.0529   1.201  2.746  0.000
    8 C  -0.0303   1.162  2.869  0.000
    9 C  -0.0119   1.155  2.857  0.000
   10 C   0.0307   1.199  2.770  0.000
   11 C  -0.0931   1.033  3.060  0.000
   12 C  -0.0548   1.104  2.951  0.000
   13 C  -0.0629   1.084  2.979  0.000
   14 C   0.1814   1.176  2.642  0.000
   15 O  -0.2748   1.611  4.664  0.000
   16 O  -0.0977   1.441  4.656  0.000
   17 N  -0.1826   1.332  3.851  0.000
   18 C   0.0487   1.134  2.818  0.000
   19 C  -0.0017   1.168  2.834  0.000
   20 C  -0.0760   1.181  2.895  0.000
   21 C   0.0400   1.162  2.798  0.000
   22 C  -0.0756   1.005  3.071  0.000
   23 C   0.1605   1.161  2.679  0.000
   24 O  -0.2213   1.577  4.644  0.000
   25 C  -0.1032   1.025  3.079  0.000
   26 N  -0.1340   1.359  3.775  0.000
   27 C   0.0628   1.175  2.762  0.000
   28 C  -0.0263   1.162  2.864  0.000
   29 C  -0.0213   1.150  2.871  0.000
   30 C   0.0348   1.185  2.780  0.000
   31 C  -0.0847   1.029  3.056  0.000
   32 C  -0.0540   1.096  2.958  0.000
   33 C  -0.0952   1.024  3.071  0.000
   34 N  -0.1718   1.353  3.818  0.000
   35 C   0.0082   1.184  2.808  0.000
   36 C   0.0032   1.174  2.823  0.000
   37 C  -0.0675   1.134  2.934  0.000
   38 C   0.0504   1.129  2.821  0.000
   39 C  -0.0520   1.003  3.049  0.000
   40 C   0.1619   1.145  2.694  0.000
   41 O  -0.2151   1.593  4.622  0.000
   42 C  -0.0350   1.146  2.889  0.000
   43 C   0.2098   1.143  2.647  0.000
   44 O  -0.2642   1.594  4.670  0.000
   45 O  -0.1247   1.451  4.674  0.000
   46 C   0.0020   1.022  2.976  0.000
   47 C   0.0364   1.073  2.890  0.000
   48 C  -0.0971   1.115  2.982  0.000
   49 C  -0.0037   1.167  2.837  0.000
   50 C  -0.0744   1.001  3.074  0.000
   51 C  -0.0509   1.081  2.970  0.000
   52 C  -0.0579   1.088  2.970  0.000
   53 C  -0.0479   1.085  2.963  0.000
   54 C  -0.0274   1.185  2.842  0.000
   55 C  -0.1191   1.044  3.075  0.000
   56 C  -0.0669   1.108  2.959  0.000
   57 C  -0.0561   1.086  2.970  0.000
   58 C  -0.0819   1.106  2.976  0.000
   59 C  -0.0358   1.160  2.876  0.000
   60 C  -0.0875   1.025  3.063  0.000
   61 C  -0.0536   1.096  2.958  0.000
   62 C  -0.0635   1.099  2.965  0.000
   63 C  -0.0709   1.100  2.971  0.000
   64 C   0.0008   1.139  2.860  0.000
   65 C  -0.1051   1.029  3.076  0.000
   66 C  -0.1012   1.029  3.072  0.000
   67 H   0.0471   0.953  0.000  0.000
   68 H   0.0469   0.953  0.000  0.000
   69 H   0.0570   0.943  0.000  0.000
   70 H   0.0522   0.948  0.000  0.000
   71 H   0.0562   0.944  0.000  0.000
   72 H   0.0493   0.951  0.000  0.000
   73 H   0.0385   0.961  0.000  0.000
   74 H   0.0331   0.967  0.000  0.000
   75 H   0.0352   0.965  0.000  0.000
   76 H   0.0494   0.951  0.000  0.000
   77 H   0.0376   0.962  0.000  0.000
   78 H   0.0421   0.958  0.000  0.000
   79 H   0.0441   0.956  0.000  0.000
   80 H   0.0428   0.957  0.000  0.000
   81 H   0.0526   0.947  0.000  0.000
   82 H   0.0454   0.955  0.000  0.000
   83 H   0.0425   0.957  0.000  0.000
   84 H   0.0441   0.956  0.000  0.000
   85 H   0.0409   0.959  0.000  0.000
   86 H   0.0413   0.959  0.000  0.000
   87 H   0.0417   0.958  0.000  0.000
   88 H   0.0448   0.955  0.000  0.000
   89 H   0.0353   0.965  0.000  0.000
   90 H   0.0376   0.962  0.000  0.000
   91 H   0.0294   0.971  0.000  0.000
   92 H   0.0391   0.961  0.000  0.000
   93 H   0.0364   0.964  0.000  0.000
   94 H   0.0254   0.975  0.000  0.000
   95 H   0.0462   0.954  0.000  0.000
   96 H   0.0605   0.940  0.000  0.000
   97 H   0.0540   0.946  0.000  0.000
   98 H   0.0446   0.955  0.000  0.000
   99 H   0.0365   0.964  0.000  0.000
  100 H   0.0535   0.946  0.000  0.000
  101 H   0.0467   0.953  0.000  0.000
  102 H   0.0387   0.961  0.000  0.000
  103 H   0.0586   0.941  0.000  0.000
  104 H   0.0258   0.974  0.000  0.000
  105 H   0.0418   0.958  0.000  0.000
  106 H   0.0503   0.950  0.000  0.000
  107 H   0.0461   0.954  0.000  0.000
  108 H   0.0323   0.968  0.000  0.000
  109 H   0.0367   0.963  0.000  0.000
  110 H   0.0272   0.973  0.000  0.000
  111 H   0.0258   0.974  0.000  0.000
  112 H   0.0361   0.964  0.000  0.000
  113 H   0.0399   0.960  0.000  0.000
  114 H   0.0281   0.972  0.000  0.000
  115 H   0.0365   0.963  0.000  0.000
  116 H   0.0295   0.971  0.000  0.000
  117 H   0.0371   0.963  0.000  0.000
  118 H   0.0364   0.964  0.000  0.000
  119 H   0.0234   0.977  0.000  0.000
  120 H   0.0360   0.964  0.000  0.000
  121 H   0.0252   0.975  0.000  0.000
  122 H   0.0223   0.978  0.000  0.000
  123 H   0.0266   0.973  0.000  0.000
  124 H   0.0234   0.977  0.000  0.000
  125 H   0.0447   0.955  0.000  0.000
  126 H   0.0266   0.973  0.000  0.000
  127 H   0.0357   0.964  0.000  0.000
  128 H   0.0372   0.963  0.000  0.000
  129 H   0.0343   0.966  0.000  0.000
  130 H   0.0402   0.960  0.000  0.000
  131 H   0.0225   0.978  0.000  0.000
  132 H   0.0270   0.973  0.000  0.000
  133 H   0.0282   0.972  0.000  0.000
  134 H   0.0223   0.978  0.000  0.000
  135 H   0.0375   0.962  0.000  0.000
  136 H   0.0304   0.970  0.000  0.000
  137 H   0.0380   0.962  0.000  0.000
  138 H   0.0295   0.971  0.000  0.000
  139 H   0.0382   0.962  0.000  0.000
  140 H   0.0339   0.966  0.000  0.000
 
 Wiberg/Mayer (AO) data. WBOs > 0.1 written file <wbo>
 largest (>0.05) Wiberg bond orders for each atom
           total WBO             WBO to atom ...
     1  MG  2.555    N   17 0.564    N   34 0.503    N   26 0.409    N    6 0.356    C   21 0.063    C    4 0.053    C   27 0.052    C   10 0.051
     2  C   3.873    C   38 1.341    C    7 1.274    C   42 0.900
     3  C   3.936    C   10 1.454    C   18 1.259    H   67 0.934
     4  C   3.911    C   27 1.387    C   21 1.275    H   68 0.934    MG   1 0.053
     5  C   3.929    C   30 1.477    C   35 1.255    H   69 0.933
     6  N   3.328    C    7 1.354    C   10 1.194    MG   1 0.356
     7  C   3.851    N    6 1.354    C    2 1.274    C    8 0.934
     8  C   3.937    C    9 0.976    C    7 0.934    C   12 0.932    H   70 0.931
     9  C   3.936    C    8 0.976    C   11 0.969    H   71 0.936    C   10 0.908
    10  C   3.837    C    3 1.454    N    6 1.194    C    9 0.908    MG   1 0.051
    11  C   3.968    H   74 0.982    H   73 0.977    H   72 0.973    C    9 0.969
    12  C   3.947    C   13 0.983    H   75 0.956    H   76 0.951    C    8 0.932
    13  C   3.963    C   12 0.983    H   77 0.959    H   78 0.950    C   14 0.924    O   15 0.078
    14  C   3.880    O   15 1.799    O   16 1.113    C   13 0.924
    15  O   2.102    C   14 1.799    O   16 0.170    C   13 0.078
    16  O   2.334    C   14 1.113    C   47 0.950    O   15 0.170
    17  N   3.338    C   21 1.174    C   18 1.160    MG   1 0.564    C   20 0.069
    18  C   3.872    C    3 1.259    C   19 1.208    N   17 1.160
    19  C   3.868    C   20 1.409    C   18 1.208    C   22 0.982
    20  C   3.864    C   19 1.409    C   21 1.133    C   23 0.961    O   24 0.081    N   17 0.069
    21  C   3.874    C    4 1.275    N   17 1.174    C   20 1.133    MG   1 0.063    N   26 0.053
    22  C   3.975    C   19 0.982    H   80 0.977    H   81 0.971    H   79 0.966
    23  C   3.880    O   24 1.865    C   25 0.964    C   20 0.961
    24  O   2.168    C   23 1.865    C   20 0.081    C   25 0.074
    25  C   3.982    H   84 0.971    C   23 0.964    H   83 0.962    H   82 0.958    O   24 0.074
    26  N   3.338    C   27 1.331    C   30 1.147    MG   1 0.409    C   21 0.053
    27  C   3.866    C    4 1.387    N   26 1.331    C   28 0.900    MG   1 0.052
    28  C   3.928    C   31 0.973    C   29 0.950    H   85 0.944    C   27 0.900
    29  C   3.937    C   30 0.957    C   28 0.950    C   32 0.939    H   86 0.937
    30  C   3.844    C    5 1.477    N   26 1.147    C   29 0.957
    31  C   3.973    H   87 0.981    H   89 0.979    H   88 0.977    C   28 0.973
    32  C   3.945    C   33 1.002    H   91 0.966    H   90 0.961    C   29 0.939
    33  C   3.977    C   32 1.002    H   93 0.985    H   94 0.979    H   92 0.977
    34  N   3.297    C   38 1.207    C   35 1.130    MG   1 0.503    C   37 0.057
    35  C   3.835    C    5 1.255    C   36 1.171    N   34 1.130
    36  C   3.874    C   37 1.415    C   35 1.171    C   39 0.994    O   41 0.055
    37  C   3.904    C   36 1.415    C   38 1.112    C   40 1.064    O   41 0.066    N   34 0.057
    38  C   3.921    C    2 1.341    N   34 1.207    C   37 1.112
    39  C   3.980    C   36 0.994    H   95 0.978    H   96 0.966    H   97 0.964
    40  C   3.894    O   41 1.828    C   37 1.064    C   42 0.851
    41  O   2.168    C   40 1.828    C   42 0.086    C   37 0.066    C   36 0.055
    42  C   3.939    C   43 0.974    H   98 0.931    C    2 0.900    C   40 0.851    O   41 0.086    O   44 0.061
    43  C   3.900    O   44 1.799    O   45 1.055    C   42 0.974
    44  O   2.121    C   43 1.799    O   45 0.162    C   42 0.061
    45  O   2.275    C   43 1.055    C   46 0.976    O   44 0.162
    46  C   3.944    H   99 0.991    H  101 0.985    O   45 0.976    H  100 0.975
    47  C   3.933    C   48 0.982    H  102 0.964    H  103 0.962    O   16 0.950
    48  C   3.957    C   49 1.891    C   47 0.982    H  104 0.944
    49  C   3.936    C   48 1.891    C   50 1.007    C   51 0.952
    50  C   3.990    C   49 1.007    H  105 0.973    H  107 0.965    H  106 0.963
    51  C   3.968    C   52 0.977    H  108 0.966    H  109 0.956    C   49 0.952
    52  C   3.964    C   53 0.988    C   51 0.977    H  110 0.967    H  111 0.966
    53  C   3.969    C   52 0.988    C   54 0.985    H  113 0.963    H  112 0.958
    54  C   3.920    C   53 0.985    C   55 0.966    H  114 0.954    C   56 0.943
    55  C   3.972    H  115 0.983    H  117 0.980    H  116 0.980    C   54 0.966
    56  C   3.952    C   57 0.984    H  119 0.971    H  118 0.962    C   54 0.943
    57  C   3.967    C   58 0.992    C   56 0.984    H  120 0.966    H  121 0.966
    58  C   3.962    C   57 0.992    H  122 0.967    H  123 0.965    C   59 0.949
    59  C   3.935    C   60 1.001    C   61 0.964    H  124 0.949    C   58 0.949
    60  C   3.985    C   59 1.001    H  126 0.981    H  127 0.976    H  125 0.974
    61  C   3.964    C   62 0.992    C   59 0.964    H  128 0.961    H  129 0.960
    62  C   3.959    C   61 0.992    C   63 0.974    H  131 0.965    H  130 0.958
    63  C   3.960    C   64 0.976    C   62 0.974    H  133 0.964    H  132 0.961
    64  C   3.946    C   66 0.994    C   65 0.981    C   63 0.976    H  134 0.956
    65  C   3.979    H  135 0.981    H  136 0.981    C   64 0.981    H  137 0.977
    66  C   3.983    C   64 0.994    H  138 0.980    H  140 0.978    H  139 0.976
    67  H   0.993    C    3 0.934
    68  H   0.995    C    4 0.934
    69  H   0.992    C    5 0.933
    70  H   0.993    C    8 0.931
    71  H   0.994    C    9 0.936
    72  H   0.996    C   11 0.973
    73  H   0.996    C   11 0.977
    74  H   0.998    C   11 0.982
    75  H   0.996    C   12 0.956
    76  H   0.996    C   12 0.951
    77  H   0.997    C   13 0.959
    78  H   0.998    C   13 0.950
    79  H   0.993    C   22 0.966
    80  H   0.996    C   22 0.977
    81  H   0.994    C   22 0.971
    82  H   0.997    C   25 0.958
    83  H   0.998    C   25 0.962
    84  H   0.995    C   25 0.971
    85  H   0.995    C   28 0.944
    86  H   0.995    C   29 0.937
    87  H   0.997    C   31 0.981
    88  H   0.997    C   31 0.977
    89  H   0.998    C   31 0.979
    90  H   0.997    C   32 0.961
    91  H   0.997    C   32 0.966
    92  H   0.996    C   33 0.977
    93  H   0.998    C   33 0.985
    94  H   0.999    C   33 0.979
    95  H   0.996    C   39 0.978
    96  H   0.993    C   39 0.966
    97  H   0.994    C   39 0.964
    98  H   0.994    C   42 0.931
    99  H   0.998    C   46 0.991
   100  H   0.997    C   46 0.975
   101  H   0.997    C   46 0.985
   102  H   0.998    C   47 0.964
   103  H   0.995    C   47 0.962
   104  H   0.999    C   48 0.944
   105  H   0.998    C   50 0.973
   106  H   0.997    C   50 0.963
   107  H   0.997    C   50 0.965
   108  H   0.998    C   51 0.966
   109  H   0.998    C   51 0.956
   110  H   0.999    C   52 0.967
   111  H   0.999    C   52 0.966
   112  H   0.998    C   53 0.958
   113  H   0.998    C   53 0.963
   114  H   0.999    C   54 0.954
   115  H   0.998    C   55 0.983
   116  H   0.999    C   55 0.980
   117  H   0.998    C   55 0.980
   118  H   0.998    C   56 0.962
   119  H   0.998    C   56 0.971
   120  H   0.998    C   57 0.966
   121  H   0.999    C   57 0.966
   122  H   0.999    C   58 0.967
   123  H   0.999    C   58 0.965
   124  H   0.999    C   59 0.949
   125  H   0.997    C   60 0.974
   126  H   0.999    C   60 0.981
   127  H   0.998    C   60 0.976
   128  H   0.997    C   61 0.961
   129  H   0.999    C   61 0.960
   130  H   0.998    C   62 0.958
   131  H   0.999    C   62 0.965
   132  H   0.999    C   63 0.961
   133  H   0.999    C   63 0.964
   134  H   0.999    C   64 0.956
   135  H   0.998    C   65 0.981
   136  H   0.999    C   65 0.981
   137  H   0.998    C   65 0.977
   138  H   0.999    C   66 0.980
   139  H   0.998    C   66 0.976
   140  H   0.998    C   66 0.978
 
 --------------------------------------------
          xTB calculation for sTDA...
 --------------------------------------------
 
 reading parameter file ~/.param_stda2.xtb
 
      method parameters     
 k(s)        :  1.6000
 k(p)        :  2.1800
 k(d)        :  1.9500
 k(f)        :  2.0000
 k(R-V)      :  2.2750
 k(R-R)      :  1.7650
 Tscal       :  0.2580
 Gscal       :  1.0000
 fpol        :  1.0000
 Zcnf        :  0.3430
 Zqf         :  0.0000
 kcn         :  2.7000
 Ryd Hsplit  :  0.7000
 lshift(virt):  3.1000
 lshift(OS)  :  0.2000
 wllscaling  :  2.6000
 
 mowrcut     : 3.000
 
  Z AO/shell   Hii/eV     exponent
  1     Sun Feb 14 09:53:25 CET 2016    EN: 2.327 GAM: 0.473  GM3: 0.0000
     1s    -14.339618    1.220000
     2sp    -3.348946    0.600000
  6     Sun Feb 14 09:53:25 CET 2016    EN: 2.731 GAM: 0.422  GM3: 0.0000
     2s    -22.009312    1.565095
     2p    -13.020408    1.596905
     3sp    -3.914040    0.824500
  7     Sun Feb 14 09:53:25 CET 2016    EN: 3.573 GAM: 0.504  GM3: 0.0000
     2s    -25.722000    2.064844
     2p    -18.684912    1.801692
     3sp    -4.344791    0.921400
  8     Sun Feb 14 09:53:25 CET 2016    EN: 3.700 GAM: 0.587  GM3: 0.0000
     2s    -33.859000    2.418661
     2p    -22.175911    1.973969
     3sp    -4.259392    1.013700
 12     Sun Feb 21 16:58:31 CET 2016    EN: 0.033 GAM: 0.222  GM3: 0.0000
     3s    -11.092543    1.647583
     3p     -6.929529    0.855020
 
 Nbf   :          894
 T(el) :     0.0
 calculating S/T integrals ...
 cpu time for ints    1.32062600000000     
 Nao   :          894
 making H0...
 making H1...
 cpu time for H      2.424899999999997E-002
 solving ...
 cpu time for diag   0.329295000000000     
 
 gap (eV)           :   4.703
 Koopmans IP (eV)   :  13.278
 Eel (Eh)           :  -301.006540

          eigenvalues
 #    :         164        165        166        167        168        169        170        171
 occ. :        2.000      2.000      2.000      2.000      2.000      2.000      2.000      2.000
 eps  :       -17.198    -17.113    -16.991    -16.352    -16.255    -16.154    -16.019    -15.747
 #    :         172        173        174        175        176        177        178        179
 occ. :        2.000      2.000      2.000      2.000      2.000      0.000      0.000      0.000
 eps  :       -15.528    -15.391    -15.170    -13.900    -13.280     -8.576     -6.833     -6.738
 #    :         180        181        182        183        184        185        186        187
 occ. :        0.000      0.000      0.000      0.000      0.000      0.000      0.000      0.000
 eps  :        -6.308     -6.019     -5.621     -5.541     -5.492     -5.100     -5.047     -4.936
                            1  SCC done.
 writing mo output ...
 molden style : F
 
speedup  1.44
cpu  time for all    2.26 s
wall time for all    1.58 s
