cpu-bind=MASK - bp1-compute142, task 4294967295 4294967295 [0]: mask 0xffffff00ffffff set
Host:    bp1-compute142.data.bp.acrc.priv
Time:    Wed Apr 27 14:51:52 BST 2022
Dir:     /user/home/of15641/chlorophyll_parameterization/tddft_data/step_1251_chromophore_10
Job ID:  1658210
Nodelist:
cat: bp1-compute142: No such file or directory
  
Result dir: /user/home/of15641/chlorophyll_parameterization/tddft_data/step_1251_chromophore_10
running gaussian jobs
Running time g16 < CAMB3LYP_step_1251_chromophore_10.com > CAMB3LYP_step_1251_chromophore_10.log

real	23m58.550s
user	563m38.752s
sys	0m26.159s
Running time g16 < PBE0_step_1251_chromophore_10.com > PBE0_step_1251_chromophore_10.log

real	18m55.078s
user	451m52.433s
sys	0m22.935s
Running time g16 < wB97XD_step_1251_chromophore_10.com > wB97XD_step_1251_chromophore_10.log

real	25m8.105s
user	591m10.512s
sys	0m25.412s
Running time g16 < BLYP_step_1251_chromophore_10.com > BLYP_step_1251_chromophore_10.log

real	12m3.812s
user	287m50.267s
sys	0m22.601s
Running time g16 < ZINDO_step_1251_chromophore_10.com > ZINDO_step_1251_chromophore_10.log

real	0m6.860s
user	2m30.146s
sys	0m2.464s
