cpu-bind=MASK - bp1-compute062, task 4294967295 4294967295 [0]: mask 0xffffffffffff set
Host:    bp1-compute062.data.bp.acrc.priv
Time:    Wed May  4 13:19:27 BST 2022
Dir:     /user/home/of15641/chlorophyll_parameterization/tddft_data/step_1801_chromophore_11
Job ID:  1692224
Nodelist:
cat: bp1-compute062: No such file or directory
  
Result dir: /user/home/of15641/chlorophyll_parameterization/tddft_data/step_1801_chromophore_11
running gaussian jobs
Running time g16 < CAMB3LYP_step_1801_chromophore_11.com > CAMB3LYP_step_1801_chromophore_11.log

real	28m51.433s
user	678m59.087s
sys	0m31.840s
Running time g16 < PBE0_step_1801_chromophore_11.com > PBE0_step_1801_chromophore_11.log

real	20m38.374s
user	493m1.672s
sys	0m23.001s
Running time g16 < wB97XD_step_1801_chromophore_11.com > wB97XD_step_1801_chromophore_11.log

real	33m51.338s
user	797m24.636s
sys	0m33.530s
Running time g16 < BLYP_step_1801_chromophore_11.com > BLYP_step_1801_chromophore_11.log

real	11m55.966s
user	284m31.919s
sys	0m22.749s
Running time g16 < ZINDO_step_1801_chromophore_11.com > ZINDO_step_1801_chromophore_11.log

real	0m8.735s
user	3m13.280s
sys	0m3.079s
