cpu-bind=MASK - bp1-compute096, task 4294967295 4294967295 [0]: mask 0xffffffffffff set
Host:    bp1-compute096.data.bp.acrc.priv
Time:    Wed May  4 07:34:29 BST 2022
Dir:     /user/home/of15641/chlorophyll_parameterization/tddft_data/step_1501_chromophore_8
Job ID:  1692148
Nodelist:
cat: bp1-compute096: No such file or directory
  
Result dir: /user/home/of15641/chlorophyll_parameterization/tddft_data/step_1501_chromophore_8
running gaussian jobs
Running time g16 < CAMB3LYP_step_1501_chromophore_8.com > CAMB3LYP_step_1501_chromophore_8.log

real	26m30.669s
user	623m48.997s
sys	0m25.969s
Running time g16 < PBE0_step_1501_chromophore_8.com > PBE0_step_1501_chromophore_8.log

real	16m14.916s
user	387m56.573s
sys	0m18.873s
Running time g16 < wB97XD_step_1501_chromophore_8.com > wB97XD_step_1501_chromophore_8.log

real	27m5.689s
user	637m30.066s
sys	0m27.325s
Running time g16 < BLYP_step_1501_chromophore_8.com > BLYP_step_1501_chromophore_8.log

real	13m57.731s
user	333m3.414s
sys	0m25.292s
Running time g16 < ZINDO_step_1501_chromophore_8.com > ZINDO_step_1501_chromophore_8.log

real	0m7.302s
user	2m39.201s
sys	0m2.768s
