cpu-bind=MASK - bp1-compute135, task 4294967295 4294967295 [0]: mask 0xf11efffef11efffe set
Host:    bp1-compute135.data.bp.acrc.priv
Time:    Thu May  5 07:29:24 BST 2022
Dir:     /user/home/of15641/chlorophyll_parameterization/tddft_data/step_751_chromophore_23
Job ID:  1692393
Nodelist:
cat: bp1-compute135: No such file or directory
  
Result dir: /user/home/of15641/chlorophyll_parameterization/tddft_data/step_751_chromophore_23
running gaussian jobs
Running time g16 < CAMB3LYP_step_751_chromophore_23.com > CAMB3LYP_step_751_chromophore_23.log

real	36m41.105s
user	869m10.984s
sys	0m52.076s
Running time g16 < PBE0_step_751_chromophore_23.com > PBE0_step_751_chromophore_23.log

real	24m48.225s
user	592m9.505s
sys	1m6.283s
Running time g16 < wB97XD_step_751_chromophore_23.com > wB97XD_step_751_chromophore_23.log

real	40m46.209s
user	966m31.060s
sys	0m57.926s
Running time g16 < BLYP_step_751_chromophore_23.com > BLYP_step_751_chromophore_23.log

real	23m54.057s
user	571m17.807s
sys	0m37.659s
Running time g16 < ZINDO_step_751_chromophore_23.com > ZINDO_step_751_chromophore_23.log

real	0m7.024s
user	2m35.513s
sys	0m2.521s
