cpu-bind=MASK - bp1-compute082, task 4294967295 4294967295 [0]: mask 0xffffffffffff set
Host:    bp1-compute082.data.bp.acrc.priv
Time:    Sat Apr 30 02:34:07 BST 2022
Dir:     /user/home/of15641/chlorophyll_parameterization/tddft_data/step_551_chromophore_23
Job ID:  1658852
Nodelist:
cat: bp1-compute082: No such file or directory
  
Result dir: /user/home/of15641/chlorophyll_parameterization/tddft_data/step_551_chromophore_23
running gaussian jobs
Running time g16 < CAMB3LYP_step_551_chromophore_23.com > CAMB3LYP_step_551_chromophore_23.log

real	27m38.807s
user	651m29.317s
sys	0m27.528s
Running time g16 < PBE0_step_551_chromophore_23.com > PBE0_step_551_chromophore_23.log

real	20m40.124s
user	493m39.406s
sys	0m24.184s
Running time g16 < wB97XD_step_551_chromophore_23.com > wB97XD_step_551_chromophore_23.log

real	29m5.776s
user	686m20.434s
sys	0m27.012s
Running time g16 < BLYP_step_551_chromophore_23.com > BLYP_step_551_chromophore_23.log

real	14m33.445s
user	347m0.647s
sys	0m26.301s
Running time g16 < ZINDO_step_551_chromophore_23.com > ZINDO_step_551_chromophore_23.log

real	0m6.919s
user	2m29.749s
sys	0m2.603s
