cpu-bind=MASK - bp1-compute147, task 4294967295 4294967295 [0]: mask 0xffffff00ffffff set
Host:    bp1-compute147.data.bp.acrc.priv
Time:    Wed Apr 27 15:21:19 BST 2022
Dir:     /user/home/of15641/chlorophyll_parameterization/tddft_data/step_1251_chromophore_17
Job ID:  1658217
Nodelist:
cat: bp1-compute147: No such file or directory
  
Result dir: /user/home/of15641/chlorophyll_parameterization/tddft_data/step_1251_chromophore_17
running gaussian jobs
Running time g16 < CAMB3LYP_step_1251_chromophore_17.com > CAMB3LYP_step_1251_chromophore_17.log

real	23m13.393s
user	546m22.277s
sys	0m25.334s
Running time g16 < PBE0_step_1251_chromophore_17.com > PBE0_step_1251_chromophore_17.log

real	17m36.986s
user	420m29.115s
sys	0m21.021s
Running time g16 < wB97XD_step_1251_chromophore_17.com > wB97XD_step_1251_chromophore_17.log

real	24m21.020s
user	572m40.805s
sys	0m25.292s
Running time g16 < BLYP_step_1251_chromophore_17.com > BLYP_step_1251_chromophore_17.log

real	11m54.023s
user	283m38.369s
sys	0m22.812s
Running time g16 < ZINDO_step_1251_chromophore_17.com > ZINDO_step_1251_chromophore_17.log

real	0m6.993s
user	2m34.261s
sys	0m2.402s
