cpu-bind=MASK - bp1-compute140, task 4294967295 4294967295 [0]: mask 0xffffff00ffffff set
Host:    bp1-compute140.data.bp.acrc.priv
Time:    Fri Apr 29 09:13:00 BST 2022
Dir:     /user/home/of15641/chlorophyll_parameterization/tddft_data/step_251_chromophore_16
Job ID:  1658652
Nodelist:
cat: bp1-compute140: No such file or directory
  
Result dir: /user/home/of15641/chlorophyll_parameterization/tddft_data/step_251_chromophore_16
running gaussian jobs
Running time g16 < CAMB3LYP_step_251_chromophore_16.com > CAMB3LYP_step_251_chromophore_16.log

real	23m53.519s
user	559m39.904s
sys	1m50.966s
Running time g16 < PBE0_step_251_chromophore_16.com > PBE0_step_251_chromophore_16.log

real	15m40.348s
user	372m22.231s
sys	1m38.173s
Running time g16 < wB97XD_step_251_chromophore_16.com > wB97XD_step_251_chromophore_16.log

real	24m47.621s
user	581m20.795s
sys	1m47.973s
Running time g16 < BLYP_step_251_chromophore_16.com > BLYP_step_251_chromophore_16.log

real	12m32.022s
user	297m30.214s
sys	1m13.702s
Running time g16 < ZINDO_step_251_chromophore_16.com > ZINDO_step_251_chromophore_16.log

real	0m7.336s
user	2m41.575s
sys	0m2.469s
