cpu-bind=MASK - bp1-compute196, task 4294967295 4294967295 [0]: mask 0xffffff00ffffff set
Host:    bp1-compute196.data.bp.acrc.priv
Time:    Wed Apr 27 13:31:08 BST 2022
Dir:     /user/home/of15641/chlorophyll_parameterization/tddft_data/step_1201_chromophore_22
Job ID:  1658196
Nodelist:
cat: bp1-compute196: No such file or directory
  
Result dir: /user/home/of15641/chlorophyll_parameterization/tddft_data/step_1201_chromophore_22
running gaussian jobs
Running time g16 < CAMB3LYP_step_1201_chromophore_22.com > CAMB3LYP_step_1201_chromophore_22.log

real	23m49.856s
user	560m2.678s
sys	0m27.359s
Running time g16 < PBE0_step_1201_chromophore_22.com > PBE0_step_1201_chromophore_22.log

real	20m38.674s
user	493m8.667s
sys	0m26.350s
Running time g16 < wB97XD_step_1201_chromophore_22.com > wB97XD_step_1201_chromophore_22.log

real	25m48.040s
user	606m49.401s
sys	0m27.451s
Running time g16 < BLYP_step_1201_chromophore_22.com > BLYP_step_1201_chromophore_22.log

real	13m49.599s
user	329m47.507s
sys	0m28.516s
Running time g16 < ZINDO_step_1201_chromophore_22.com > ZINDO_step_1201_chromophore_22.log

real	0m9.132s
user	3m8.979s
sys	0m2.875s
