cpu-bind=MASK - bp1-compute192, task 4294967295 4294967295 [0]: mask 0xffffff00ffffff set
Host:    bp1-compute192.data.bp.acrc.priv
Time:    Wed May  4 12:32:22 BST 2022
Dir:     /user/home/of15641/chlorophyll_parameterization/tddft_data/step_1751_chromophore_26
Job ID:  1692217
Nodelist:
cat: bp1-compute192: No such file or directory
  
Result dir: /user/home/of15641/chlorophyll_parameterization/tddft_data/step_1751_chromophore_26
running gaussian jobs
Running time g16 < CAMB3LYP_step_1751_chromophore_26.com > CAMB3LYP_step_1751_chromophore_26.log

real	27m18.667s
user	642m0.706s
sys	0m35.702s
Running time g16 < PBE0_step_1751_chromophore_26.com > PBE0_step_1751_chromophore_26.log

real	24m22.341s
user	580m48.787s
sys	0m36.054s
Running time g16 < wB97XD_step_1751_chromophore_26.com > wB97XD_step_1751_chromophore_26.log

real	27m22.712s
user	642m59.197s
sys	0m45.529s
Running time g16 < BLYP_step_1751_chromophore_26.com > BLYP_step_1751_chromophore_26.log

real	15m14.135s
user	362m9.641s
sys	0m26.413s
Running time g16 < ZINDO_step_1751_chromophore_26.com > ZINDO_step_1751_chromophore_26.log

real	0m6.268s
user	2m16.823s
sys	0m2.350s
