cpu-bind=MASK - bp1-compute212, task 4294967295 4294967295 [0]: mask 0x1fffffe01fffffe set
Host:    bp1-compute212.data.bp.acrc.priv
Time:    Tue May  3 21:23:07 BST 2022
Dir:     /user/home/of15641/chlorophyll_parameterization/tddft_data/step_1051_chromophore_12
Job ID:  1692019
Nodelist:
cat: bp1-compute212: No such file or directory
  
Result dir: /user/home/of15641/chlorophyll_parameterization/tddft_data/step_1051_chromophore_12
running gaussian jobs
Running time g16 < CAMB3LYP_step_1051_chromophore_12.com > CAMB3LYP_step_1051_chromophore_12.log

real	33m0.989s
user	779m25.771s
sys	0m34.401s
Running time g16 < PBE0_step_1051_chromophore_12.com > PBE0_step_1051_chromophore_12.log

real	28m2.106s
user	669m55.641s
sys	0m36.502s
Running time g16 < wB97XD_step_1051_chromophore_12.com > wB97XD_step_1051_chromophore_12.log

real	33m26.201s
user	787m52.111s
sys	1m14.828s
Running time g16 < BLYP_step_1051_chromophore_12.com > BLYP_step_1051_chromophore_12.log

real	15m20.934s
user	365m14.174s
sys	0m45.200s
Running time g16 < ZINDO_step_1051_chromophore_12.com > ZINDO_step_1051_chromophore_12.log

real	0m11.664s
user	4m5.556s
sys	0m3.432s
