cpu-bind=MASK - bp1-compute102, task 4294967295 4294967295 [0]: mask 0xffffffffffff set
Host:    bp1-compute102.data.bp.acrc.priv
Time:    Fri Apr 29 17:24:05 BST 2022
Dir:     /user/home/of15641/chlorophyll_parameterization/tddft_data/step_401_chromophore_5
Job ID:  1658748
Nodelist:
cat: bp1-compute102: No such file or directory
  
Result dir: /user/home/of15641/chlorophyll_parameterization/tddft_data/step_401_chromophore_5
running gaussian jobs
Running time g16 < CAMB3LYP_step_401_chromophore_5.com > CAMB3LYP_step_401_chromophore_5.log

real	24m38.356s
user	578m38.881s
sys	0m24.478s
Running time g16 < PBE0_step_401_chromophore_5.com > PBE0_step_401_chromophore_5.log

real	19m4.716s
user	455m42.060s
sys	0m22.910s
Running time g16 < wB97XD_step_401_chromophore_5.com > wB97XD_step_401_chromophore_5.log

real	29m36.969s
user	696m59.553s
sys	0m29.944s
Running time g16 < BLYP_step_401_chromophore_5.com > BLYP_step_401_chromophore_5.log

real	13m29.803s
user	322m7.489s
sys	0m24.510s
Running time g16 < ZINDO_step_401_chromophore_5.com > ZINDO_step_401_chromophore_5.log

real	0m7.193s
user	2m37.035s
sys	0m2.662s
