cpu-bind=MASK - bp1-compute148, task 4294967295 4294967295 [0]: mask 0xffffff00ffffff set
Host:    bp1-compute148.data.bp.acrc.priv
Time:    Thu Apr 28 10:31:23 BST 2022
Dir:     /user/home/of15641/chlorophyll_parameterization/tddft_data/step_1551_chromophore_11
Job ID:  1658400
Nodelist:
cat: bp1-compute148: No such file or directory
  
Result dir: /user/home/of15641/chlorophyll_parameterization/tddft_data/step_1551_chromophore_11
running gaussian jobs
Running time g16 < CAMB3LYP_step_1551_chromophore_11.com > CAMB3LYP_step_1551_chromophore_11.log

real	32m3.703s
user	754m49.423s
sys	1m18.800s
Running time g16 < PBE0_step_1551_chromophore_11.com > PBE0_step_1551_chromophore_11.log

real	16m53.579s
user	402m30.267s
sys	0m53.584s
Running time g16 < wB97XD_step_1551_chromophore_11.com > wB97XD_step_1551_chromophore_11.log

real	29m51.099s
user	702m33.495s
sys	1m0.631s
Running time g16 < BLYP_step_1551_chromophore_11.com > BLYP_step_1551_chromophore_11.log

real	12m53.735s
user	307m9.482s
sys	0m39.193s
Running time g16 < ZINDO_step_1551_chromophore_11.com > ZINDO_step_1551_chromophore_11.log

real	0m9.286s
user	3m27.267s
sys	0m3.307s
