cpu-bind=MASK - bp1-compute040, task 4294967295 4294967295 [0]: mask 0xffffffffffff set
Host:    bp1-compute040.data.bp.acrc.priv
Time:    Wed May  4 11:02:55 BST 2022
Dir:     /user/home/of15641/chlorophyll_parameterization/tddft_data/step_1701_chromophore_12
Job ID:  1692196
Nodelist:
cat: bp1-compute040: No such file or directory
  
Result dir: /user/home/of15641/chlorophyll_parameterization/tddft_data/step_1701_chromophore_12
running gaussian jobs
Running time g16 < CAMB3LYP_step_1701_chromophore_12.com > CAMB3LYP_step_1701_chromophore_12.log

real	26m48.188s
user	630m32.167s
sys	0m36.261s
Running time g16 < PBE0_step_1701_chromophore_12.com > PBE0_step_1701_chromophore_12.log

real	24m33.292s
user	586m21.805s
sys	0m43.463s
Running time g16 < wB97XD_step_1701_chromophore_12.com > wB97XD_step_1701_chromophore_12.log

real	35m56.160s
user	845m53.506s
sys	0m45.951s
Running time g16 < BLYP_step_1701_chromophore_12.com > BLYP_step_1701_chromophore_12.log

real	12m38.819s
user	301m11.119s
sys	0m27.653s
Running time g16 < ZINDO_step_1701_chromophore_12.com > ZINDO_step_1701_chromophore_12.log

real	0m8.253s
user	3m2.265s
sys	0m3.064s
