cpu-bind=MASK - bp1-compute156, task 4294967295 4294967295 [0]: mask 0xffffff00ffffff set
Host:    bp1-compute156.data.bp.acrc.priv
Time:    Thu Apr 28 23:52:45 BST 2022
Dir:     /user/home/of15641/chlorophyll_parameterization/tddft_data/step_1801_chromophore_20
Job ID:  1658548
Nodelist:
cat: bp1-compute156: No such file or directory
  
Result dir: /user/home/of15641/chlorophyll_parameterization/tddft_data/step_1801_chromophore_20
running gaussian jobs
Running time g16 < CAMB3LYP_step_1801_chromophore_20.com > CAMB3LYP_step_1801_chromophore_20.log

real	26m46.678s
user	630m21.517s
sys	0m39.674s
Running time g16 < PBE0_step_1801_chromophore_20.com > PBE0_step_1801_chromophore_20.log

real	17m16.688s
user	412m5.144s
sys	0m32.837s
Running time g16 < wB97XD_step_1801_chromophore_20.com > wB97XD_step_1801_chromophore_20.log

real	27m59.016s
user	659m10.518s
sys	0m38.335s
Running time g16 < BLYP_step_1801_chromophore_20.com > BLYP_step_1801_chromophore_20.log

real	13m30.595s
user	321m29.980s
sys	0m33.683s
Running time g16 < ZINDO_step_1801_chromophore_20.com > ZINDO_step_1801_chromophore_20.log

real	0m6.271s
user	2m14.728s
sys	0m2.331s
