cpu-bind=MASK - bp1-compute154, task 4294967295 4294967295 [0]: mask 0xffffff00ffffff set
Host:    bp1-compute154.data.bp.acrc.priv
Time:    Thu Apr 28 09:16:10 BST 2022
Dir:     /user/home/of15641/chlorophyll_parameterization/tddft_data/step_151_chromophore_23
Job ID:  1658386
Nodelist:
cat: bp1-compute154: No such file or directory
  
Result dir: /user/home/of15641/chlorophyll_parameterization/tddft_data/step_151_chromophore_23
running gaussian jobs
Running time g16 < CAMB3LYP_step_151_chromophore_23.com > CAMB3LYP_step_151_chromophore_23.log

real	35m14.148s
user	831m15.508s
sys	0m33.819s
Running time g16 < PBE0_step_151_chromophore_23.com > PBE0_step_151_chromophore_23.log

real	17m53.025s
user	427m2.191s
sys	0m19.908s
Running time g16 < wB97XD_step_151_chromophore_23.com > wB97XD_step_151_chromophore_23.log

real	33m12.932s
user	783m35.691s
sys	0m30.449s
Running time g16 < BLYP_step_151_chromophore_23.com > BLYP_step_151_chromophore_23.log

real	13m44.992s
user	327m50.114s
sys	0m22.289s
Running time g16 < ZINDO_step_151_chromophore_23.com > ZINDO_step_151_chromophore_23.log

real	0m6.477s
user	2m20.844s
sys	0m2.405s
