cpu-bind=MASK - bp1-compute165, task 4294967295 4294967295 [0]: mask 0xffffff00ffffff set
Host:    bp1-compute165.data.bp.acrc.priv
Time:    Tue Apr 26 20:45:17 BST 2022
Dir:     /user/home/of15641/chlorophyll_parameterization/tddft_data/step_1001_chromophore_20
Job ID:  1658058
Nodelist:
cat: bp1-compute165: No such file or directory
  
Result dir: /user/home/of15641/chlorophyll_parameterization/tddft_data/step_1001_chromophore_20
running gaussian jobs
Running time g16 < CAMB3LYP_step_1001_chromophore_20.com > CAMB3LYP_step_1001_chromophore_20.log

real	27m5.646s
user	638m17.888s
sys	0m24.959s
Running time g16 < PBE0_step_1001_chromophore_20.com > PBE0_step_1001_chromophore_20.log

real	17m6.543s
user	408m17.537s
sys	0m18.565s
Running time g16 < wB97XD_step_1001_chromophore_20.com > wB97XD_step_1001_chromophore_20.log

real	30m10.832s
user	711m39.019s
sys	0m26.856s
Running time g16 < BLYP_step_1001_chromophore_20.com > BLYP_step_1001_chromophore_20.log

real	13m0.846s
user	309m55.340s
sys	0m22.544s
Running time g16 < ZINDO_step_1001_chromophore_20.com > ZINDO_step_1001_chromophore_20.log

real	0m6.787s
user	2m28.481s
sys	0m2.390s
