cpu-bind=MASK - bp1-compute212, task 4294967295 4294967295 [0]: mask 0x1fffffe01fffffe set
Host:    bp1-compute212.data.bp.acrc.priv
Time:    Wed May  4 23:18:50 BST 2022
Dir:     /user/home/of15641/chlorophyll_parameterization/tddft_data/step_501_chromophore_26
Job ID:  1692319
Nodelist:
cat: bp1-compute212: No such file or directory
  
Result dir: /user/home/of15641/chlorophyll_parameterization/tddft_data/step_501_chromophore_26
running gaussian jobs
Running time g16 < CAMB3LYP_step_501_chromophore_26.com > CAMB3LYP_step_501_chromophore_26.log

real	50m0.218s
user	1184m30.849s
sys	0m37.045s
Running time g16 < PBE0_step_501_chromophore_26.com > PBE0_step_501_chromophore_26.log

real	41m47.614s
user	998m0.887s
sys	1m12.659s
Running time g16 < wB97XD_step_501_chromophore_26.com > wB97XD_step_501_chromophore_26.log

real	52m25.919s
user	1241m51.291s
sys	1m32.529s
Running time g16 < BLYP_step_501_chromophore_26.com > BLYP_step_501_chromophore_26.log

real	22m54.356s
user	545m53.876s
sys	0m28.650s
Running time g16 < ZINDO_step_501_chromophore_26.com > ZINDO_step_501_chromophore_26.log

real	0m10.624s
user	3m41.692s
sys	0m3.256s
