cpu-bind=MASK - bp1-compute141, task 4294967295 4294967295 [0]: mask 0x57fffbe157fffbe1 set
Host:    bp1-compute141.data.bp.acrc.priv
Time:    Wed May  4 18:23:14 BST 2022
Dir:     /user/home/of15641/chlorophyll_parameterization/tddft_data/step_351_chromophore_20
Job ID:  1692278
Nodelist:
cat: bp1-compute141: No such file or directory
  
Result dir: /user/home/of15641/chlorophyll_parameterization/tddft_data/step_351_chromophore_20
running gaussian jobs
Running time g16 < CAMB3LYP_step_351_chromophore_20.com > CAMB3LYP_step_351_chromophore_20.log

real	59m36.986s
user	1411m37.721s
sys	7m55.258s
Running time g16 < PBE0_step_351_chromophore_20.com > PBE0_step_351_chromophore_20.log

real	47m58.542s
user	1141m39.215s
sys	7m12.720s
Running time g16 < wB97XD_step_351_chromophore_20.com > wB97XD_step_351_chromophore_20.log

real	67m7.594s
user	1588m48.084s
sys	9m42.515s
Running time g16 < BLYP_step_351_chromophore_20.com > BLYP_step_351_chromophore_20.log

real	33m58.235s
user	807m55.374s
sys	4m59.103s
Running time g16 < ZINDO_step_351_chromophore_20.com > ZINDO_step_351_chromophore_20.log

real	0m8.315s
user	3m5.635s
sys	0m2.778s
