cpu-bind=MASK - bp1-compute150, task 4294967295 4294967295 [0]: mask 0x1ffffef01ffffef set
Host:    bp1-compute150.data.bp.acrc.priv
Time:    Thu Apr 28 21:08:48 BST 2022
Dir:     /user/home/of15641/chlorophyll_parameterization/tddft_data/step_1751_chromophore_20
Job ID:  1658520
Nodelist:
cat: bp1-compute150: No such file or directory
  
Result dir: /user/home/of15641/chlorophyll_parameterization/tddft_data/step_1751_chromophore_20
running gaussian jobs
Running time g16 < CAMB3LYP_step_1751_chromophore_20.com > CAMB3LYP_step_1751_chromophore_20.log

real	34m47.539s
user	818m36.842s
sys	0m30.041s
Running time g16 < PBE0_step_1751_chromophore_20.com > PBE0_step_1751_chromophore_20.log

real	21m7.514s
user	504m40.147s
sys	0m20.798s
Running time g16 < wB97XD_step_1751_chromophore_20.com > wB97XD_step_1751_chromophore_20.log

real	33m5.383s
user	780m28.280s
sys	0m33.472s
Running time g16 < BLYP_step_1751_chromophore_20.com > BLYP_step_1751_chromophore_20.log

real	16m1.784s
user	382m16.109s
sys	0m24.401s
Running time g16 < ZINDO_step_1751_chromophore_20.com > ZINDO_step_1751_chromophore_20.log

real	0m8.856s
user	3m14.748s
sys	0m2.707s
