cpu-bind=MASK - bp1-compute082, task 4294967295 4294967295 [0]: mask 0xffffffffffff set
Host:    bp1-compute082.data.bp.acrc.priv
Time:    Fri Apr 29 12:53:23 BST 2022
Dir:     /user/home/of15641/chlorophyll_parameterization/tddft_data/step_301_chromophore_5
Job ID:  1658694
Nodelist:
cat: bp1-compute082: No such file or directory
  
Result dir: /user/home/of15641/chlorophyll_parameterization/tddft_data/step_301_chromophore_5
running gaussian jobs
Running time g16 < CAMB3LYP_step_301_chromophore_5.com > CAMB3LYP_step_301_chromophore_5.log

real	29m30.007s
user	695m19.971s
sys	0m28.856s
Running time g16 < PBE0_step_301_chromophore_5.com > PBE0_step_301_chromophore_5.log

real	20m18.628s
user	485m13.824s
sys	0m24.621s
Running time g16 < wB97XD_step_301_chromophore_5.com > wB97XD_step_301_chromophore_5.log

real	30m25.247s
user	716m58.743s
sys	0m30.437s
Running time g16 < BLYP_step_301_chromophore_5.com > BLYP_step_301_chromophore_5.log

real	14m44.920s
user	352m0.031s
sys	0m26.334s
Running time g16 < ZINDO_step_301_chromophore_5.com > ZINDO_step_301_chromophore_5.log

real	0m8.134s
user	2m59.493s
sys	0m3.261s
