 
        ______________________________________
       |                                      |
       |          ===================         |
       |             xTB for sTDA             |
       |          ===================         |
       |               S. Grimme              |
       |        Universitaet Bonn, MCTC       |
       |         2015-19, Version 1.0         |
       |     Wed Apr  3 09:14:55 CEST 2019    |
       |______________________________________|
 
        This code comes without any warranty
        for non-commercial, academia use only.
        Preliminary test version.
        Cite this work as:
        S. Grimme  &  C. Bannwarth, JCP 145 (2016) 054103
        if GBSA is used additionally:
        P. Shushkov, F. März, C. Bannwarth, S. Grimme, unpublished.
 
        with help from
        P. Shushkov, G. Brandenburg, S. Dohm, J. Pisarek,
        F. März, M. Checinski, S. Ehrlich, S. Spicher, 
        P. Pracht, E. Caldeweyher, S. Ehlert, and C. Bannwarth.
 
        usage        :
        xtb4stda <coord_file> [options]
        where <coord_file> is a valid file of TM)
        (*coord, Bohr) or xmol (*xyz, Angstroem)
        format.

        options:
        -chrg <int>   : molecular charge
        -uhf  <int>   : # of unpaired electrons(=2*S)
        -nox          : skip second, extended part in sTDA-xTB
        -pop          : do population analysis
                      : (default for -nox)
        -mowr <real>  : cut MO write above (def.3 Eh)
        -molden       : write formatted molden file
        -parx <file>  : read parameters for sTDA-xTB
                        calc (def:~/.param_stda2.xtb)
        -parv <file>  : read parameters for vTB part in
                        sTDA-xTB (def: ~/.param_stda1.xtb)
        -xtemp <real> : el. temp for xTB (def. 0 K)
        -etemp <real> : el. temp for GFN (def. 300 K)
        -fod          : calculate the FOD and write
                        molden.input file with
                        appropriate occupations
                        for plotting. Def. T=12500 K
 
        -acc <real>   : xTB accuracy (def. 1.0)
        -gbsa [string1] [string2]
                        use GBSA implicit solvent
                        for solvent [string1] and
                        solvation state [string2]=
                        reference, bar1M (default=1M)
        additional GFN/opt/MD/siman options read from
        $XTB4STDAHOME/.xtb4stdarc or $set in input
 
       spin and charge state information can be on:
       <.CHRG> (charge) and <.UHF> (=nalpha-nbeta)
       -uhf and -chrg override the file info.
       useful machine settings:
       setenv MKL_NUM_THREADS <NCORE_ON_YOUR_MACHINE>
       setenv OMP_STACKSIZE 500m
       limit stacksize unlimited
 
       total energies in Eh, gaps/HL energies in eV
       please read REVISION and HOWTO files carefully
 =============================
  # OMP threads =           4
 =============================
 
 xtb4stdahome directory:~/
 
 
 name of molecule           :
 comment line               :
 number of atoms            :   140
 number of electrons        :   352
 charge                     :  0
 spin                       : 0.0
 first test random number   :  0.2098
 
 -----------------------------------------
      charge density (VTB) calculation
 -----------------------------------------
 
      method parameters     
 k(s)        :  1.8000
 k(p)        :  2.8350
 k(d)        :  2.0860
 k(f)        :  2.0000
 Tscal       :  0.3300
 Gscal       :  0.3910
 fpol        :  1.0000
 Zcnf        :  0.6500
 Zqf         :  0.0000
 kcn         :  0.3000
 kEN1        : -0.5900
 wllscal     :  2.6000
 
     -------------------------
     ! NO SOLVENT MODEL USED !
     -------------------------
 
 doing EN charges ...
 sum q :  0.2997602D-14
 point charge moment (au)
     X       Y       Z   
   0.7186   0.3518   0.5503  total (Debye):    2.468
 
            Z      q(EN)   CN      Cart. coordinates
     1  MG  2.0   0.912   4.809    -5.15895    65.14074    50.41789
     2  C   4.0   0.024   3.274    -7.87827    62.77670    55.88864
     3  C   4.0  -0.058   3.139    -2.36783    70.06726    54.26915
     4  C   4.0  -0.054   3.172    -3.50544    68.57060    45.24760
     5  C   4.0  -0.057   3.177    -8.37149    61.13641    46.83497
     6  N   5.0  -0.317   3.049    -5.24588    66.30859    54.63576
     7  C   4.0   0.093   3.337    -6.43830    64.92909    56.51414
     8  C   4.0  -0.093   4.114    -5.95831    66.01758    59.16921
     9  C   4.0  -0.093   4.108    -4.79990    68.62918    58.53804
    10  C   4.0   0.095   3.273    -4.07236    68.39674    55.65810
    11  C   4.0  -0.236   4.002    -6.37216    71.18031    59.06716
    12  C   4.0  -0.161   4.047    -4.17818    64.11084    60.76036
    13  C   4.0  -0.172   4.057    -5.20997    63.35873    63.34928
    14  C   4.0   0.177   3.087    -3.39017    62.95433    65.47900
    15  O   6.0  -0.089   1.043    -2.12594    60.99468    65.80971
    16  O   6.0  -0.130   2.050    -2.99333    65.03681    66.88307
    17  N   5.0  -0.413   3.255    -3.01033    68.55170    49.95113
    18  C   4.0   0.111   3.416    -1.86894    69.95765    51.66133
    19  C   4.0   0.006   3.382    -0.54802    71.87951    50.39332
    20  C   4.0   0.006   3.288    -0.91652    71.71888    47.79684
    21  C   4.0   0.065   3.510    -2.50389    69.50412    47.54362
    22  C   4.0  -0.245   4.031     1.19809    73.89584    51.57818
    23  C   4.0   0.095   3.062    -0.02646    73.27223    45.65200
    24  O   6.0  -0.090   1.059    -0.21543    72.50312    43.41456
    25  C   4.0  -0.247   4.025     1.37950    75.78368    46.03561
    26  N   5.0  -0.465   3.182    -6.12838    65.09161    46.59875
    27  C   4.0   0.101   3.494    -4.97754    66.48812    44.85454
    28  C   4.0  -0.093   4.154    -5.48965    65.50168    42.16357
    29  C   4.0  -0.094   4.159    -6.87671    62.95244    42.66434
    30  C   4.0   0.105   3.548    -7.10915    63.07527    45.50838
    31  C   4.0  -0.236   4.012    -7.33970    67.42731    40.64045
    32  C   4.0  -0.162   4.042    -5.36304    60.46367    42.00861
    33  C   4.0  -0.237   3.997    -6.16618    59.01992    39.57275
    34  N   5.0  -0.501   3.263    -7.65339    62.39119    51.22102
    35  C   4.0   0.081   3.507    -8.64739    60.75658    49.51649
    36  C   4.0   0.016   3.262   -10.04956    58.80638    50.96591
    37  C   4.0   0.005   3.413    -9.71508    59.43188    53.46791
    38  C   4.0   0.080   3.786    -8.32802    61.75624    53.54161
    39  C   4.0  -0.245   4.014   -11.76165    56.84107    49.68278
    40  C   4.0   0.117   3.228   -10.36137    58.90654    56.06250
    41  O   6.0  -0.106   1.052   -11.69362    57.19067    56.74469
    42  C   4.0  -0.118   4.254    -9.21619    61.04571    57.68388
    43  C   4.0   0.173   3.109   -11.35158    62.22868    59.27503
    44  O   6.0  -0.099   1.040   -12.48542    64.17131    58.74402
    45  O   6.0  -0.106   2.015   -11.26277    61.18933    61.68065
    46  C   4.0  -0.202   4.000   -13.02588    62.20600    63.66109
    47  C   4.0  -0.131   4.070    -1.63650    64.89319    69.25090
    48  C   4.0  -0.055   3.100    -2.70798    66.69977    71.22188
    49  C   4.0   0.021   3.091    -4.28212    66.01569    73.07003
    50  C   4.0  -0.248   4.043    -5.41595    63.33417    73.50278
    51  C   4.0  -0.181   4.107    -4.99644    67.74101    75.08826
    52  C   4.0  -0.164   4.051    -2.86293    68.36273    76.94397
    53  C   4.0  -0.163   4.045    -3.18419    71.10094    78.18930
    54  C   4.0  -0.088   4.045    -4.57314    70.77402    80.82925
    55  C   4.0  -0.239   4.041    -7.48331    70.90819    80.60248
    56  C   4.0  -0.165   4.093    -3.64528    72.67319    82.74543
    57  C   4.0  -0.164   4.052    -0.90518    72.32170    83.67518
    58  C   4.0  -0.165   4.083    -0.82203    71.37873    86.38315
    59  C   4.0  -0.090   4.059     0.15307    68.64618    86.67795
    60  C   4.0  -0.239   4.049    -1.24155    67.33472    88.83224
    61  C   4.0  -0.164   4.062     3.14828    68.39485    86.93495
    62  C   4.0  -0.164   4.055     3.99299    65.82671    86.16394
    63  C   4.0  -0.164   4.075     5.26478    65.80782    83.51644
    64  C   4.0  -0.088   4.031     7.56079    63.97478    83.35203
    65  C   4.0  -0.240   4.061    10.12704    65.36373    83.52967
    66  C   4.0  -0.240   4.072     7.61560    62.55749    80.89728
    67  H   1.0   0.070   1.004    -1.74233    71.65274    55.43322
    68  H   1.0   0.072   1.009    -2.97443    69.43987    43.45425
    69  H   1.0   0.071   1.005    -9.19919    59.63219    45.68790
    70  H   1.0   0.084   1.008    -7.82913    66.16497    60.01959
    71  H   1.0   0.084   1.008    -3.08592    68.67264    59.67944
    72  H   1.0   0.080   0.997    -6.06035    72.62973    57.63853
    73  H   1.0   0.080   0.997    -5.87138    72.09682    60.84162
    74  H   1.0   0.080   0.997    -8.39227    70.80047    59.21456
    75  H   1.0   0.082   1.004    -2.32625    64.92720    61.14775
    76  H   1.0   0.083   1.006    -4.07992    62.32505    59.73802
    77  H   1.0   0.083   1.006    -6.27956    61.62396    63.05638
    78  H   1.0   0.083   1.006    -6.53278    64.83650    63.90486
    79  H   1.0   0.080   0.999     3.12750    73.50089    50.97725
    80  H   1.0   0.080   0.999     0.96187    73.96765    53.62286
    81  H   1.0   0.080   0.998     0.71054    75.85171    51.15677
    82  H   1.0   0.081   1.001     1.68186    76.41296    44.09864
    83  H   1.0   0.080   1.000     3.01789    75.40196    47.22425
    84  H   1.0   0.081   1.001    -0.02835    76.97043    46.95591
    85  H   1.0   0.084   1.006    -3.99110    65.05571    40.82186
    86  H   1.0   0.085   1.009    -8.83825    62.98835    42.03695
    87  H   1.0   0.080   0.998    -7.12994    69.36050    41.32075
    88  H   1.0   0.080   0.997    -9.28044    66.75457    40.47793
    89  H   1.0   0.079   0.997    -6.71042    67.58605    38.68458
    90  H   1.0   0.082   1.004    -5.45186    59.15976    43.60165
    91  H   1.0   0.082   1.003    -3.34293    60.81138    41.80452
    92  H   1.0   0.079   0.996    -4.80935    58.66276    38.06475
    93  H   1.0   0.079   0.998    -7.76866    59.90809    38.62789
    94  H   1.0   0.079   0.998    -6.88805    57.17933    40.15290
    95  H   1.0   0.080   0.998   -10.74120    55.10441    49.25004
    96  H   1.0   0.080   0.997   -12.70085    57.33995    47.91967
    97  H   1.0   0.081   1.003   -13.10903    56.48013    51.19835
    98  H   1.0   0.086   1.010    -7.85181    60.33328    59.05205
    99  H   1.0   0.080   0.996   -12.28700    63.97667    64.41131
   100  H   1.0   0.080   0.995   -13.34902    61.04760    65.33161
   101  H   1.0   0.080   0.996   -14.85325    62.50835    62.75969
   102  H   1.0   0.082   1.004     0.27590    65.62829    69.04492
   103  H   1.0   0.082   1.001    -1.36249    62.98457    69.97466
   104  H   1.0   0.070   1.003    -1.96720    68.62162    71.20865
   105  H   1.0   0.080   0.998    -7.46064    63.38141    73.74089
   106  H   1.0   0.080   0.998    -4.39550    62.42899    75.04669
   107  H   1.0   0.081   0.999    -5.29690    62.30237    71.72455
   108  H   1.0   0.083   1.008    -6.46475    66.90197    76.26178
   109  H   1.0   0.083   1.006    -5.70886    69.50979    74.30969
   110  H   1.0   0.082   1.002    -0.95242    68.33249    76.17674
   111  H   1.0   0.082   1.002    -2.75522    66.93787    78.42930
   112  H   1.0   0.082   1.004    -4.44464    72.09116    76.89673
   113  H   1.0   0.082   1.001    -1.30202    71.93242    78.12883
   114  H   1.0   0.084   1.011    -4.08937    68.99578    81.74765
   115  H   1.0   0.080   0.998    -8.45841    71.57904    82.28812
   116  H   1.0   0.081   1.000    -8.10314    68.94476    80.57980
   117  H   1.0   0.080   0.997    -8.31857    72.03257    79.09259
   118  H   1.0   0.082   1.003    -5.01155    72.89807    84.27233
   119  H   1.0   0.083   1.006    -3.56780    74.54969    81.89883
   120  H   1.0   0.082   1.003     0.09260    74.11505    83.51266
   121  H   1.0   0.083   1.005     0.17197    70.98000    82.54323
   122  H   1.0   0.082   1.001    -2.32625    71.95887    87.66439
   123  H   1.0   0.083   1.011     0.76345    72.39162    87.22030
   124  H   1.0   0.084   1.013    -0.70865    67.67109    85.08302
   125  H   1.0   0.081   1.000    -3.20498    67.23078    88.21808
   126  H   1.0   0.081   0.999    -1.20753    68.49123    90.53488
   127  H   1.0   0.080   1.000    -0.41007    65.46389    89.07223
   128  H   1.0   0.082   1.004     3.67174    68.63863    88.91161
   129  H   1.0   0.082   1.003     4.15740    69.87451    85.92017
   130  H   1.0   0.083   1.006     2.36405    64.58138    85.97686
   131  H   1.0   0.082   1.003     5.13061    64.98012    87.65872
   132  H   1.0   0.082   1.003     5.80335    67.72211    82.97598
   133  H   1.0   0.082   1.004     3.92874    65.13696    82.09914
   134  H   1.0   0.083   1.009     7.65150    62.62174    84.90350
   135  H   1.0   0.081   0.999    11.11159    65.25035    81.72309
   136  H   1.0   0.081   0.998    11.26088    64.49635    85.01310
   137  H   1.0   0.081   0.998     9.85303    67.33472    84.06446
   138  H   1.0   0.080   0.999     6.14350    61.11563    80.88216
   139  H   1.0   0.081   0.999     9.43918    61.66932    80.54390
   140  H   1.0   0.081   1.001     7.11482    63.88408    79.40250
 
  Z AO/shell   Hii/eV     exponent
  1     Sat Feb 20 21:38:01 CET 2016    EN: 2.327 GAM: 0.473  GM3: 0.0000
     1s    -13.751157    1.051071
  6     Sat Feb 20 21:38:01 CET 2016    EN: 2.731 GAM: 0.422  GM3: 0.0000
     2s    -19.378245    2.021003
     2p    -11.993376    1.497917
  7     Sat Feb 20 21:38:01 CET 2016    EN: 3.573 GAM: 0.504  GM3: 0.0000
     2s    -21.576984    2.275442
     2p    -16.125120    2.056788
  8     Sat Feb 20 21:38:01 CET 2016    EN: 3.700 GAM: 0.587  GM3: 0.0000
     2s    -21.648843    2.110798
     2p    -17.239740    2.329048
 12     Sat Feb 20 23:25:47 CET 2016    EN: 0.033 GAM: 0.222  GM3: 0.0000
     3s    -12.693633    1.302878
     3p     -8.128821    0.504252
 
 dipole moment of classical point charges (au)
     X       Y       Z   
   0.7186   0.3518   0.5503  total (Debye):    2.468

 
 Nbf   :          338
 T(el) :   300.0
 calculating S/T integrals ...
 cpu time for ints   0.197215000000000     
 Nao   :          338
 making H0...
 making H1...
 cpu time for H      8.320999999999995E-003
 solving ...
 cpu time for diag   5.344500000000002E-002
 
 gap (eV)           :   1.407
 Koopmans IP (eV)   :  12.081
 Eel (Eh)           :  -268.584642
 T,E(Fermi),NFOD :    300.000   -11.377  0.000000
 T,E(Fermi),NFOD :    300.000   -11.377  0.000000
 Nfod               :  0.0000
 Nfod/Nel           :  0.0000

          eigenvalues
 #    :         164        165        166        167        168        169        170        171
 occ. :        2.000      2.000      2.000      2.000      2.000      2.000      2.000      2.000
 eps  :       -16.290    -16.242    -16.181    -15.896    -15.730    -15.523    -15.423    -15.236
 #    :         172        173        174        175        176        177        178        179
 occ. :        2.000      2.000      2.000      2.000      2.000      0.000      0.000      0.000
 eps  :       -15.075    -15.023    -14.656    -13.158    -12.082    -10.675     -9.751     -9.004
 #    :         180        181        182        183        184        185        186        187
 occ. :        0.000      0.000      0.000      0.000      0.000      0.000      0.000      0.000
 eps  :        -8.610     -8.212     -8.047     -7.731     -7.481     -7.374     -7.161     -6.950
                            1  SCC done.
 making H1...
 cpu time for H      7.060500000000003E-002
 solving ...
 cpu time for diag   3.931999999999997E-002
 
 gap (eV)           :   1.651
 Koopmans IP (eV)   :  11.976
 Eel (Eh)           :  -266.095324
 T,E(Fermi),NFOD :    300.000   -11.151  0.000000
 T,E(Fermi),NFOD :    300.000   -11.151  0.000000
 Nfod               :  0.0000
 Nfod/Nel           :  0.0000

          eigenvalues
 #    :         164        165        166        167        168        169        170        171
 occ. :        2.000      2.000      2.000      2.000      2.000      2.000      2.000      2.000
 eps  :       -15.378    -15.236    -15.165    -15.110    -14.902    -14.682    -14.466    -14.324
 #    :         172        173        174        175        176        177        178        179
 occ. :        2.000      2.000      2.000      2.000      2.000      0.000      0.000      0.000
 eps  :       -14.186    -13.949    -13.776    -12.654    -11.977    -10.326     -9.237     -8.922
 #    :         180        181        182        183        184        185        186        187
 occ. :        0.000      0.000      0.000      0.000      0.000      0.000      0.000      0.000
 eps  :        -8.341     -8.147     -7.878     -7.561     -7.458     -7.160     -7.042     -6.911
                            2  SCC done.
 
 
 Mulliken/CM5 charges    n(s)   n(p)   n(d)   
    1 MG  0.3180  0.7753   0.658  1.024  0.000
    2 C   0.0169  0.0203   1.162  2.821  0.000
    3 C  -0.0191 -0.0607   1.134  2.886  0.000
    4 C  -0.0218 -0.0625   1.125  2.897  0.000
    5 C  -0.0635 -0.1060   1.134  2.930  0.000
    6 N  -0.1310 -0.3567   1.426  3.705  0.000
    7 C   0.0158  0.0745   1.242  2.742  0.000
    8 C  -0.0162 -0.0711   1.212  2.805  0.000
    9 C  -0.0203 -0.0755   1.208  2.813  0.000
   10 C   0.0286  0.0867   1.255  2.717  0.000
   11 C  -0.0879 -0.2350   1.108  2.980  0.000
   12 C  -0.0471 -0.1540   1.167  2.880  0.000
   13 C  -0.0567 -0.1581   1.135  2.922  0.000
   14 C   0.2140  0.2627   1.183  2.603  0.000
   15 O  -0.2956 -0.3406   1.633  4.663  0.000
   16 O  -0.1373 -0.2145   1.464  4.673  0.000
   17 N  -0.2149 -0.4853   1.380  3.834  0.000
   18 C   0.0676  0.1396   1.160  2.772  0.000
   19 C  -0.0138 -0.0158   1.209  2.805  0.000
   20 C  -0.0462 -0.0408   1.183  2.863  0.000
   21 C   0.0414  0.1004   1.204  2.755  0.000
   22 C  -0.0955 -0.2409   1.086  3.009  0.000
   23 C   0.1182  0.1378   1.222  2.660  0.000
   24 O  -0.2680 -0.3218   1.629  4.639  0.000
   25 C  -0.0851 -0.2277   1.100  2.985  0.000
   26 N  -0.1890 -0.4874   1.399  3.790  0.000
   27 C   0.0598  0.1238   1.203  2.737  0.000
   28 C  -0.0219 -0.0772   1.209  2.813  0.000
   29 C  -0.0237 -0.0794   1.208  2.816  0.000
   30 C   0.0449  0.1087   1.216  2.739  0.000
   31 C  -0.1064 -0.2542   1.117  2.989  0.000
   32 C  -0.0553 -0.1635   1.160  2.895  0.000
   33 C  -0.1025 -0.2536   1.097  3.006  0.000
   34 N  -0.2146 -0.5302   1.364  3.851  0.000
   35 C   0.0111  0.0740   1.210  2.779  0.000
   36 C  -0.0275 -0.0312   1.222  2.806  0.000
   37 C  -0.0567 -0.0484   1.178  2.878  0.000
   38 C   0.0231  0.0963   1.183  2.794  0.000
   39 C  -0.0641 -0.2077   1.080  2.984  0.000
   40 C   0.1622  0.1966   1.187  2.651  0.000
   41 O  -0.2271 -0.2713   1.626  4.601  0.000
   42 C  -0.0302 -0.0735   1.193  2.837  0.000
   43 C   0.2138  0.2666   1.197  2.590  0.000
   44 O  -0.2499 -0.2954   1.627  4.623  0.000
   45 O  -0.1555 -0.2344   1.489  4.667  0.000
   46 C   0.0115 -0.1137   1.094  2.894  0.000
   47 C   0.0496 -0.0288   1.121  2.830  0.000
   48 C  -0.0698 -0.1267   1.157  2.912  0.000
   49 C  -0.0036 -0.0274   1.207  2.797  0.000
   50 C  -0.0979 -0.2440   1.089  3.009  0.000
   51 C  -0.0508 -0.1571   1.126  2.925  0.000
   52 C  -0.0810 -0.1931   1.163  2.918  0.000
   53 C  -0.0728 -0.1819   1.169  2.904  0.000
   54 C  -0.0180 -0.0903   1.204  2.814  0.000
   55 C  -0.1051 -0.2556   1.101  3.005  0.000
   56 C  -0.0771 -0.1875   1.154  2.923  0.000
   57 C  -0.0533 -0.1663   1.148  2.906  0.000
   58 C  -0.0873 -0.1990   1.154  2.934  0.000
   59 C  -0.0413 -0.1170   1.212  2.829  0.000
   60 C  -0.1001 -0.2518   1.102  2.998  0.000
   61 C  -0.0554 -0.1662   1.152  2.903  0.000
   62 C  -0.0545 -0.1670   1.140  2.915  0.000
   63 C  -0.0707 -0.1807   1.162  2.909  0.000
   64 C  -0.0189 -0.0954   1.190  2.829  0.000
   65 C  -0.1149 -0.2659   1.109  3.006  0.000
   66 C  -0.0962 -0.2478   1.100  2.996  0.000
   67 H   0.0569  0.1148   0.943  0.000  0.000
   68 H   0.0682  0.1362   0.932  0.000  0.000
   69 H   0.0537  0.1124   0.946  0.000  0.000
   70 H   0.0534  0.1177   0.947  0.000  0.000
   71 H   0.0424  0.1035   0.958  0.000  0.000
   72 H   0.0436  0.0957   0.956  0.000  0.000
   73 H   0.0334  0.0842   0.967  0.000  0.000
   74 H   0.0348  0.0865   0.965  0.000  0.000
   75 H   0.0405  0.0990   0.959  0.000  0.000
   76 H   0.0497  0.1086   0.950  0.000  0.000
   77 H   0.0447  0.1063   0.955  0.000  0.000
   78 H   0.0319  0.0942   0.968  0.000  0.000
   79 H   0.0497  0.1026   0.950  0.000  0.000
   80 H   0.0403  0.0931   0.960  0.000  0.000
   81 H   0.0446  0.0970   0.955  0.000  0.000
   82 H   0.0538  0.1118   0.946  0.000  0.000
   83 H   0.0577  0.1120   0.942  0.000  0.000
   84 H   0.0483  0.1026   0.952  0.000  0.000
   85 H   0.0605  0.1201   0.940  0.000  0.000
   86 H   0.0602  0.1222   0.940  0.000  0.000
   87 H   0.0421  0.0946   0.958  0.000  0.000
   88 H   0.0372  0.0891   0.963  0.000  0.000
   89 H   0.0280  0.0790   0.972  0.000  0.000
   90 H   0.0468  0.1046   0.953  0.000  0.000
   91 H   0.0342  0.0901   0.966  0.000  0.000
   92 H   0.0403  0.0906   0.960  0.000  0.000
   93 H   0.0252  0.0768   0.975  0.000  0.000
   94 H   0.0277  0.0792   0.972  0.000  0.000
   95 H   0.0462  0.0978   0.954  0.000  0.000
   96 H   0.0539  0.1054   0.946  0.000  0.000
   97 H   0.0499  0.1047   0.950  0.000  0.000
   98 H   0.0651  0.1340   0.935  0.000  0.000
   99 H   0.0486  0.1072   0.951  0.000  0.000
  100 H   0.0581  0.1135   0.942  0.000  0.000
  101 H   0.0537  0.1153   0.946  0.000  0.000
  102 H   0.0501  0.1138   0.950  0.000  0.000
  103 H   0.0614  0.1277   0.939  0.000  0.000
  104 H   0.0425  0.0997   0.957  0.000  0.000
  105 H   0.0431  0.0950   0.957  0.000  0.000
  106 H   0.0479  0.1001   0.952  0.000  0.000
  107 H   0.0364  0.0906   0.964  0.000  0.000
  108 H   0.0387  0.0973   0.961  0.000  0.000
  109 H   0.0416  0.0994   0.958  0.000  0.000
  110 H   0.0274  0.0831   0.973  0.000  0.000
  111 H   0.0269  0.0829   0.973  0.000  0.000
  112 H   0.0340  0.0914   0.966  0.000  0.000
  113 H   0.0483  0.1033   0.952  0.000  0.000
  114 H   0.0391  0.1004   0.961  0.000  0.000
  115 H   0.0337  0.0855   0.966  0.000  0.000
  116 H   0.0328  0.0854   0.967  0.000  0.000
  117 H   0.0358  0.0873   0.964  0.000  0.000
  118 H   0.0383  0.0949   0.962  0.000  0.000
  119 H   0.0172  0.0745   0.983  0.000  0.000
  120 H   0.0422  0.0974   0.958  0.000  0.000
  121 H   0.0351  0.0932   0.965  0.000  0.000
  122 H   0.0434  0.0989   0.957  0.000  0.000
  123 H   0.0186  0.0775   0.981  0.000  0.000
  124 H   0.0290  0.0909   0.971  0.000  0.000
  125 H   0.0355  0.0884   0.964  0.000  0.000
  126 H   0.0237  0.0764   0.976  0.000  0.000
  127 H   0.0383  0.0914   0.962  0.000  0.000
  128 H   0.0343  0.0906   0.966  0.000  0.000
  129 H   0.0399  0.0964   0.960  0.000  0.000
  130 H   0.0331  0.0911   0.967  0.000  0.000
  131 H   0.0390  0.0947   0.961  0.000  0.000
  132 H   0.0347  0.0915   0.965  0.000  0.000
  133 H   0.0335  0.0904   0.966  0.000  0.000
  134 H   0.0322  0.0916   0.968  0.000  0.000
  135 H   0.0316  0.0848   0.968  0.000  0.000
  136 H   0.0304  0.0822   0.970  0.000  0.000
  137 H   0.0268  0.0794   0.973  0.000  0.000
  138 H   0.0278  0.0799   0.972  0.000  0.000
  139 H   0.0411  0.0938   0.959  0.000  0.000
  140 H   0.0260  0.0795   0.974  0.000  0.000
 Hirshfeld charges for QMDFF written to <charges>
 
 Loewdin charges    n(s)   n(p)   n(d)
    1 MG  0.1572   0.670  1.173  0.000
    2 C   0.0193   1.120  2.861  0.000
    3 C  -0.0165   1.083  2.934  0.000
    4 C  -0.0203   1.072  2.949  0.000
    5 C  -0.0597   1.082  2.978  0.000
    6 N  -0.0997   1.385  3.714  0.000
    7 C   0.0169   1.207  2.776  0.000
    8 C  -0.0090   1.165  2.844  0.000
    9 C  -0.0124   1.161  2.851  0.000
   10 C   0.0305   1.221  2.749  0.000
   11 C  -0.0897   1.037  3.053  0.000
   12 C  -0.0407   1.108  2.932  0.000
   13 C  -0.0584   1.076  2.982  0.000
   14 C   0.1931   1.156  2.650  0.000
   15 O  -0.2847   1.606  4.679  0.000
   16 O  -0.0998   1.427  4.672  0.000
   17 N  -0.1830   1.338  3.845  0.000
   18 C   0.0668   1.120  2.813  0.000
   19 C  -0.0058   1.167  2.839  0.000
   20 C  -0.0530   1.145  2.908  0.000
   21 C   0.0464   1.165  2.789  0.000
   22 C  -0.0983   1.014  3.085  0.000
   23 C   0.1194   1.186  2.695  0.000
   24 O  -0.2546   1.602  4.653  0.000
   25 C  -0.0890   1.027  3.062  0.000
   26 N  -0.1475   1.350  3.797  0.000
   27 C   0.0640   1.164  2.772  0.000
   28 C  -0.0130   1.163  2.851  0.000
   29 C  -0.0167   1.160  2.856  0.000
   30 C   0.0497   1.178  2.772  0.000
   31 C  -0.1097   1.047  3.062  0.000
   32 C  -0.0500   1.102  2.948  0.000
   33 C  -0.1050   1.025  3.080  0.000
   34 N  -0.1763   1.317  3.859  0.000
   35 C   0.0121   1.173  2.815  0.000
   36 C  -0.0190   1.181  2.838  0.000
   37 C  -0.0641   1.140  2.924  0.000
   38 C   0.0261   1.143  2.831  0.000
   39 C  -0.0635   1.005  3.058  0.000
   40 C   0.1549   1.152  2.693  0.000
   41 O  -0.2108   1.594  4.617  0.000
   42 C  -0.0309   1.145  2.886  0.000
   43 C   0.1899   1.172  2.638  0.000
   44 O  -0.2354   1.597  4.638  0.000
   45 O  -0.1230   1.456  4.667  0.000
   46 C   0.0063   1.024  2.970  0.000
   47 C   0.0457   1.064  2.890  0.000
   48 C  -0.0685   1.108  2.960  0.000
   49 C   0.0085   1.164  2.828  0.000
   50 C  -0.1008   1.017  3.084  0.000
   51 C  -0.0483   1.065  2.983  0.000
   52 C  -0.0778   1.106  2.972  0.000
   53 C  -0.0696   1.113  2.957  0.000
   54 C  -0.0074   1.156  2.852  0.000
   55 C  -0.1094   1.030  3.079  0.000
   56 C  -0.0760   1.096  2.980  0.000
   57 C  -0.0479   1.088  2.960  0.000
   58 C  -0.0865   1.097  2.990  0.000
   59 C  -0.0326   1.166  2.867  0.000
   60 C  -0.1031   1.031  3.072  0.000
   61 C  -0.0517   1.094  2.958  0.000
   62 C  -0.0502   1.080  2.970  0.000
   63 C  -0.0689   1.105  2.964  0.000
   64 C  -0.0068   1.140  2.867  0.000
   65 C  -0.1202   1.040  3.081  0.000
   66 C  -0.0996   1.029  3.070  0.000
   67 H   0.0517   0.948  0.000  0.000
   68 H   0.0605   0.940  0.000  0.000
   69 H   0.0486   0.951  0.000  0.000
   70 H   0.0464   0.954  0.000  0.000
   71 H   0.0367   0.963  0.000  0.000
   72 H   0.0430   0.957  0.000  0.000
   73 H   0.0336   0.966  0.000  0.000
   74 H   0.0345   0.966  0.000  0.000
   75 H   0.0369   0.963  0.000  0.000
   76 H   0.0459   0.954  0.000  0.000
   77 H   0.0408   0.959  0.000  0.000
   78 H   0.0295   0.971  0.000  0.000
   79 H   0.0485   0.951  0.000  0.000
   80 H   0.0407   0.959  0.000  0.000
   81 H   0.0447   0.955  0.000  0.000
   82 H   0.0508   0.949  0.000  0.000
   83 H   0.0566   0.943  0.000  0.000
   84 H   0.0476   0.952  0.000  0.000
   85 H   0.0533   0.947  0.000  0.000
   86 H   0.0538   0.946  0.000  0.000
   87 H   0.0417   0.958  0.000  0.000
   88 H   0.0378   0.962  0.000  0.000
   89 H   0.0288   0.971  0.000  0.000
   90 H   0.0446   0.955  0.000  0.000
   91 H   0.0319   0.968  0.000  0.000
   92 H   0.0397   0.960  0.000  0.000
   93 H   0.0264   0.974  0.000  0.000
   94 H   0.0284   0.972  0.000  0.000
   95 H   0.0449   0.955  0.000  0.000
   96 H   0.0524   0.948  0.000  0.000
   97 H   0.0473   0.953  0.000  0.000
   98 H   0.0573   0.943  0.000  0.000
   99 H   0.0451   0.955  0.000  0.000
  100 H   0.0543   0.946  0.000  0.000
  101 H   0.0491   0.951  0.000  0.000
  102 H   0.0437   0.956  0.000  0.000
  103 H   0.0538   0.946  0.000  0.000
  104 H   0.0358   0.964  0.000  0.000
  105 H   0.0429   0.957  0.000  0.000
  106 H   0.0464   0.954  0.000  0.000
  107 H   0.0364   0.964  0.000  0.000
  108 H   0.0358   0.964  0.000  0.000
  109 H   0.0390   0.961  0.000  0.000
  110 H   0.0256   0.974  0.000  0.000
  111 H   0.0255   0.975  0.000  0.000
  112 H   0.0324   0.968  0.000  0.000
  113 H   0.0449   0.955  0.000  0.000
  114 H   0.0338   0.966  0.000  0.000
  115 H   0.0350   0.965  0.000  0.000
  116 H   0.0333   0.967  0.000  0.000
  117 H   0.0360   0.964  0.000  0.000
  118 H   0.0365   0.964  0.000  0.000
  119 H   0.0160   0.984  0.000  0.000
  120 H   0.0392   0.961  0.000  0.000
  121 H   0.0333   0.967  0.000  0.000
  122 H   0.0416   0.958  0.000  0.000
  123 H   0.0184   0.982  0.000  0.000
  124 H   0.0252   0.975  0.000  0.000
  125 H   0.0355   0.965  0.000  0.000
  126 H   0.0243   0.976  0.000  0.000
  127 H   0.0383   0.962  0.000  0.000
  128 H   0.0317   0.968  0.000  0.000
  129 H   0.0377   0.962  0.000  0.000
  130 H   0.0315   0.969  0.000  0.000
  131 H   0.0364   0.964  0.000  0.000
  132 H   0.0330   0.967  0.000  0.000
  133 H   0.0313   0.969  0.000  0.000
  134 H   0.0275   0.973  0.000  0.000
  135 H   0.0325   0.967  0.000  0.000
  136 H   0.0308   0.969  0.000  0.000
  137 H   0.0279   0.972  0.000  0.000
  138 H   0.0280   0.972  0.000  0.000
  139 H   0.0409   0.959  0.000  0.000
  140 H   0.0267   0.973  0.000  0.000
 
 Wiberg/Mayer (AO) data. WBOs > 0.1 written file <wbo>
 largest (>0.05) Wiberg bond orders for each atom
           total WBO             WBO to atom ...
     1  MG  2.521    N   34 0.549    N   17 0.487    N   26 0.414    N    6 0.348    C   35 0.055    C   21 0.055    C   38 0.051    C   30 0.051
     2  C   3.910    C    7 1.367    C   38 1.272    C   42 0.961
     3  C   3.902    C   10 1.383    C   18 1.272    H   67 0.940
     4  C   3.935    C   27 1.458    C   21 1.264    H   68 0.922
     5  C   3.909    C   30 1.412    C   35 1.248    H   69 0.941
     6  N   3.328    C   10 1.283    C    7 1.249    MG   1 0.348
     7  C   3.854    C    2 1.367    N    6 1.249    C    8 0.938
     8  C   3.926    C    9 0.970    C    7 0.938    H   70 0.937    C   12 0.919
     9  C   3.927    C    8 0.970    C   11 0.948    H   71 0.947    C   10 0.921
    10  C   3.836    C    3 1.383    N    6 1.283    C    9 0.921
    11  C   3.963    H   73 0.983    H   74 0.982    H   72 0.978    C    9 0.948
    12  C   3.942    C   13 0.970    H   75 0.964    H   76 0.962    C    8 0.919
    13  C   3.967    C   12 0.970    H   78 0.961    H   77 0.958    C   14 0.951    O   15 0.070
    14  C   3.893    O   15 1.777    O   16 1.122    C   13 0.951
    15  O   2.084    C   14 1.777    O   16 0.168    C   13 0.070
    16  O   2.335    C   14 1.122    C   47 0.941    O   15 0.168
    17  N   3.302    C   18 1.208    C   21 1.153    MG   1 0.487    C   20 0.065    C   19 0.050
    18  C   3.894    C    3 1.272    N   17 1.208    C   19 1.193
    19  C   3.862    C   20 1.410    C   18 1.193    C   22 0.971    O   24 0.067    N   17 0.050
    20  C   3.908    C   19 1.410    C   21 1.139    C   23 1.046    N   17 0.065    O   24 0.063
    21  C   3.860    C    4 1.264    N   17 1.153    C   20 1.139    MG   1 0.055    N   26 0.051
    22  C   3.977    H   80 0.977    C   19 0.971    H   81 0.971    H   79 0.970
    23  C   3.882    O   24 1.784    C   20 1.046    C   25 0.955
    24  O   2.107    C   23 1.784    C   25 0.072    C   19 0.067    C   20 0.063
    25  C   3.983    H   82 0.974    H   84 0.965    H   83 0.961    C   23 0.955    O   24 0.072
    26  N   3.343    C   30 1.253    C   27 1.227    MG   1 0.414    C   21 0.051
    27  C   3.868    C    4 1.458    N   26 1.227    C   28 0.922
    28  C   3.932    C   29 0.965    C   31 0.947    H   85 0.945    C   27 0.922
    29  C   3.928    C   28 0.965    C   32 0.937    C   30 0.937    H   86 0.931
    30  C   3.861    C    5 1.412    N   26 1.253    C   29 0.937    MG   1 0.051
    31  C   3.959    H   89 0.985    H   87 0.978    H   88 0.977    C   28 0.947
    32  C   3.944    C   33 0.995    H   91 0.968    H   90 0.959    C   29 0.937
    33  C   3.974    C   32 0.995    H   94 0.985    H   93 0.983    H   92 0.981
    34  N   3.355    C   38 1.203    C   35 1.176    MG   1 0.549    C   37 0.053
    35  C   3.853    C    5 1.248    N   34 1.176    C   36 1.144    MG   1 0.055
    36  C   3.856    C   37 1.439    C   35 1.144    C   39 0.979    O   41 0.059
    37  C   3.906    C   36 1.439    C   38 1.110    C   40 1.047    O   41 0.069    N   34 0.053
    38  C   3.891    C    2 1.272    N   34 1.203    C   37 1.110    MG   1 0.051
    39  C   3.977    C   36 0.979    H   97 0.975    H   96 0.975    H   95 0.969
    40  C   3.895    O   41 1.832    C   37 1.047    C   42 0.873
    41  O   2.170    C   40 1.832    C   42 0.083    C   37 0.069    C   36 0.059
    42  C   3.942    C    2 0.961    H   98 0.923    C   43 0.882    C   40 0.873    O   41 0.083    O   44 0.078
    43  C   3.881    O   44 1.842    O   45 1.082    C   42 0.882
    44  O   2.161    C   43 1.842    O   45 0.169    C   42 0.078
    45  O   2.285    C   43 1.082    C   46 0.964    O   44 0.169
    46  C   3.939    H  100 0.988    H   99 0.987    H  101 0.985    O   45 0.964
    47  C   3.933    C   48 0.991    H  102 0.968    H  103 0.960    O   16 0.941
    48  C   3.959    C   49 1.892    C   47 0.991    H  104 0.937
    49  C   3.939    C   48 1.892    C   51 0.998    C   50 0.962
    50  C   3.984    H  107 0.978    H  105 0.977    H  106 0.973    C   49 0.962
    51  C   3.976    C   49 0.998    C   52 0.964    H  108 0.963    H  109 0.949
    52  C   3.956    C   53 0.976    H  111 0.969    H  110 0.966    C   51 0.964
    53  C   3.958    C   52 0.976    H  112 0.967    H  113 0.964    C   54 0.959
    54  C   3.939    C   56 0.984    C   55 0.983    C   53 0.959    H  114 0.951
    55  C   3.975    C   54 0.983    H  116 0.980    H  117 0.978    H  115 0.974
    56  C   3.960    C   54 0.984    C   57 0.976    H  119 0.967    H  118 0.953
    57  C   3.966    C   58 0.988    C   56 0.976    H  120 0.966    H  121 0.964
    58  C   3.952    C   57 0.988    C   59 0.970    H  123 0.964    H  122 0.950
    59  C   3.934    C   60 0.997    C   58 0.970    H  124 0.953    C   61 0.945
    60  C   3.985    C   59 0.997    H  126 0.982    H  125 0.978    H  127 0.976
    61  C   3.962    C   62 1.007    H  128 0.964    H  129 0.958    C   59 0.945
    62  C   3.968    C   61 1.007    C   63 0.977    H  130 0.965    H  131 0.961
    63  C   3.961    C   62 0.977    C   64 0.967    H  133 0.967    H  132 0.960
    64  C   3.948    C   66 1.004    C   65 0.985    C   63 0.967    H  134 0.954
    65  C   3.981    C   64 0.985    H  136 0.983    H  137 0.979    H  135 0.978
    66  C   3.983    C   64 1.004    H  140 0.980    H  138 0.976    H  139 0.972
    67  H   0.994    C    3 0.940
    68  H   0.992    C    4 0.922
    69  H   0.994    C    5 0.941
    70  H   0.994    C    8 0.937
    71  H   0.995    C    9 0.947
    72  H   0.996    C   11 0.978
    73  H   0.997    C   11 0.983
    74  H   0.997    C   11 0.982
    75  H   0.996    C   12 0.964
    76  H   0.996    C   12 0.962
    77  H   0.997    C   13 0.958
    78  H   0.999    C   13 0.961
    79  H   0.993    C   22 0.970
    80  H   0.996    C   22 0.977
    81  H   0.995    C   22 0.971
    82  H   0.995    C   25 0.974
    83  H   0.996    C   25 0.961
    84  H   0.997    C   25 0.965
    85  H   0.994    C   28 0.945
    86  H   0.994    C   29 0.931
    87  H   0.996    C   31 0.978
    88  H   0.996    C   31 0.977
    89  H   0.998    C   31 0.985
    90  H   0.997    C   32 0.959
    91  H   0.998    C   32 0.968
    92  H   0.997    C   33 0.981
    93  H   0.999    C   33 0.983
    94  H   0.998    C   33 0.985
    95  H   0.993    C   39 0.969
    96  H   0.994    C   39 0.975
    97  H   0.995    C   39 0.975
    98  H   0.992    C   42 0.923
    99  H   0.998    C   46 0.987
   100  H   0.996    C   46 0.988
   101  H   0.997    C   46 0.985
   102  H   0.997    C   47 0.968
   103  H   0.996    C   47 0.960
   104  H   0.998    C   48 0.937
   105  H   0.998    C   50 0.977
   106  H   0.998    C   50 0.973
   107  H   0.998    C   50 0.978
   108  H   0.998    C   51 0.963
   109  H   0.998    C   51 0.949
   110  H   0.998    C   52 0.966
   111  H   0.999    C   52 0.969
   112  H   0.999    C   53 0.967
   113  H   0.997    C   53 0.964
   114  H   0.998    C   54 0.951
   115  H   0.998    C   55 0.974
   116  H   0.998    C   55 0.980
   117  H   0.999    C   55 0.978
   118  H   0.997    C   56 0.953
   119  H   0.999    C   56 0.967
   120  H   0.997    C   57 0.966
   121  H   0.999    C   57 0.964
   122  H   0.997    C   58 0.950
   123  H   0.999    C   58 0.964
   124  H   0.999    C   59 0.953
   125  H   0.999    C   60 0.978
   126  H   0.999    C   60 0.982
   127  H   0.998    C   60 0.976
   128  H   0.998    C   61 0.964
   129  H   0.998    C   61 0.958
   130  H   0.999    C   62 0.965
   131  H   0.998    C   62 0.961
   132  H   0.999    C   63 0.960
   133  H   0.999    C   63 0.967
   134  H   0.999    C   64 0.954
   135  H   0.999    C   65 0.978
   136  H   0.999    C   65 0.983
   137  H   0.999    C   65 0.979
   138  H   0.999    C   66 0.976
   139  H   0.997    C   66 0.972
   140  H   0.999    C   66 0.980
 
 --------------------------------------------
          xTB calculation for sTDA...
 --------------------------------------------
 
 reading parameter file ~/.param_stda2.xtb
 
      method parameters     
 k(s)        :  1.6000
 k(p)        :  2.1800
 k(d)        :  1.9500
 k(f)        :  2.0000
 k(R-V)      :  2.2750
 k(R-R)      :  1.7650
 Tscal       :  0.2580
 Gscal       :  1.0000
 fpol        :  1.0000
 Zcnf        :  0.3430
 Zqf         :  0.0000
 kcn         :  2.7000
 Ryd Hsplit  :  0.7000
 lshift(virt):  3.1000
 lshift(OS)  :  0.2000
 wllscaling  :  2.6000
 
 mowrcut     : 3.000
 
  Z AO/shell   Hii/eV     exponent
  1     Sun Feb 14 09:53:25 CET 2016    EN: 2.327 GAM: 0.473  GM3: 0.0000
     1s    -14.339618    1.220000
     2sp    -3.348946    0.600000
  6     Sun Feb 14 09:53:25 CET 2016    EN: 2.731 GAM: 0.422  GM3: 0.0000
     2s    -22.009312    1.565095
     2p    -13.020408    1.596905
     3sp    -3.914040    0.824500
  7     Sun Feb 14 09:53:25 CET 2016    EN: 3.573 GAM: 0.504  GM3: 0.0000
     2s    -25.722000    2.064844
     2p    -18.684912    1.801692
     3sp    -4.344791    0.921400
  8     Sun Feb 14 09:53:25 CET 2016    EN: 3.700 GAM: 0.587  GM3: 0.0000
     2s    -33.859000    2.418661
     2p    -22.175911    1.973969
     3sp    -4.259392    1.013700
 12     Sun Feb 21 16:58:31 CET 2016    EN: 0.033 GAM: 0.222  GM3: 0.0000
     3s    -11.092543    1.647583
     3p     -6.929529    0.855020
 
 Nbf   :          894
 T(el) :     0.0
 calculating S/T integrals ...
 cpu time for ints    1.31944000000000     
 Nao   :          894
 making H0...
 making H1...
 cpu time for H      2.331700000000003E-002
 solving ...
 cpu time for diag   0.318591000000000     
 
 gap (eV)           :   4.767
 Koopmans IP (eV)   :  13.333
 Eel (Eh)           :  -301.661362

          eigenvalues
 #    :         164        165        166        167        168        169        170        171
 occ. :        2.000      2.000      2.000      2.000      2.000      2.000      2.000      2.000
 eps  :       -17.512    -17.446    -17.063    -16.336    -16.243    -16.115    -16.035    -15.928
 #    :         172        173        174        175        176        177        178        179
 occ. :        2.000      2.000      2.000      2.000      2.000      0.000      0.000      0.000
 eps  :       -15.768    -15.621    -15.211    -13.881    -13.334     -8.566     -6.976     -6.867
 #    :         180        181        182        183        184        185        186        187
 occ. :        0.000      0.000      0.000      0.000      0.000      0.000      0.000      0.000
 eps  :        -6.390     -6.084     -5.970     -5.788     -5.656     -5.238     -5.130     -5.045
                            1  SCC done.
 writing mo output ...
 molden style : F
 
speedup  1.28
cpu  time for all    2.25 s
wall time for all    1.76 s
