cpu-bind=MASK - bp1-compute161, task 4294967295 4294967295 [0]: mask 0xffffff00ffffff set
Host:    bp1-compute161.data.bp.acrc.priv
Time:    Fri Apr 29 15:43:32 BST 2022
Dir:     /user/home/of15641/chlorophyll_parameterization/tddft_data/step_401_chromophore_11
Job ID:  1658728
Nodelist:
cat: bp1-compute161: No such file or directory
  
Result dir: /user/home/of15641/chlorophyll_parameterization/tddft_data/step_401_chromophore_11
running gaussian jobs
Running time g16 < CAMB3LYP_step_401_chromophore_11.com > CAMB3LYP_step_401_chromophore_11.log

real	22m14.339s
user	522m17.870s
sys	0m52.858s
Running time g16 < PBE0_step_401_chromophore_11.com > PBE0_step_401_chromophore_11.log

real	17m17.997s
user	412m28.811s
sys	0m39.648s
Running time g16 < wB97XD_step_401_chromophore_11.com > wB97XD_step_401_chromophore_11.log

real	22m48.079s
user	535m24.832s
sys	0m39.383s
Running time g16 < BLYP_step_401_chromophore_11.com > BLYP_step_401_chromophore_11.log

real	12m45.173s
user	303m43.098s
sys	0m39.410s
Running time g16 < ZINDO_step_401_chromophore_11.com > ZINDO_step_401_chromophore_11.log

real	0m6.703s
user	2m26.507s
sys	0m2.536s
