cpu-bind=MASK - bp1-compute179, task 4294967295 4294967295 [0]: mask 0x3fffffc03fffffc set
Host:    bp1-compute179.data.bp.acrc.priv
Time:    Wed May  4 20:17:09 BST 2022
Dir:     /user/home/of15641/chlorophyll_parameterization/tddft_data/step_451_chromophore_12
Job ID:  1692294
Nodelist:
cat: bp1-compute179: No such file or directory
  
Result dir: /user/home/of15641/chlorophyll_parameterization/tddft_data/step_451_chromophore_12
running gaussian jobs
Running time g16 < CAMB3LYP_step_451_chromophore_12.com > CAMB3LYP_step_451_chromophore_12.log

real	28m4.797s
user	660m13.908s
sys	1m32.974s
Running time g16 < PBE0_step_451_chromophore_12.com > PBE0_step_451_chromophore_12.log

real	24m39.756s
user	589m14.129s
sys	0m33.528s
Running time g16 < wB97XD_step_451_chromophore_12.com > wB97XD_step_451_chromophore_12.log

real	29m53.666s
user	705m1.327s
sys	0m26.893s
Running time g16 < BLYP_step_451_chromophore_12.com > BLYP_step_451_chromophore_12.log

real	15m8.950s
user	360m46.724s
sys	0m39.352s
Running time g16 < ZINDO_step_451_chromophore_12.com > ZINDO_step_451_chromophore_12.log

real	0m8.727s
user	3m14.215s
sys	0m2.961s
