cpu-bind=MASK - bp1-compute040, task 4294967295 4294967295 [0]: mask 0xffffffffffff set
Host:    bp1-compute040.data.bp.acrc.priv
Time:    Wed May  4 09:27:55 BST 2022
Dir:     /user/home/of15641/chlorophyll_parameterization/tddft_data/step_1601_chromophore_27
Job ID:  1692176
Nodelist:
cat: bp1-compute040: No such file or directory
  
Result dir: /user/home/of15641/chlorophyll_parameterization/tddft_data/step_1601_chromophore_27
running gaussian jobs
Running time g16 < CAMB3LYP_step_1601_chromophore_27.com > CAMB3LYP_step_1601_chromophore_27.log

real	30m4.320s
user	706m49.234s
sys	0m44.507s
Running time g16 < PBE0_step_1601_chromophore_27.com > PBE0_step_1601_chromophore_27.log

real	17m58.826s
user	429m2.668s
sys	0m31.723s
Running time g16 < wB97XD_step_1601_chromophore_27.com > wB97XD_step_1601_chromophore_27.log

real	32m19.314s
user	759m58.488s
sys	0m43.078s
Running time g16 < BLYP_step_1601_chromophore_27.com > BLYP_step_1601_chromophore_27.log

real	12m4.851s
user	287m48.398s
sys	0m27.317s
Running time g16 < ZINDO_step_1601_chromophore_27.com > ZINDO_step_1601_chromophore_27.log

real	0m6.596s
user	2m24.273s
sys	0m2.502s
