cpu-bind=MASK - bp1-compute163, task 4294967295 4294967295 [0]: mask 0xffffff00ffffff set
Host:    bp1-compute163.data.bp.acrc.priv
Time:    Wed Apr 27 01:06:01 BST 2022
Dir:     /user/home/of15641/chlorophyll_parameterization/tddft_data/step_101_chromophore_6
Job ID:  1658096
Nodelist:
cat: bp1-compute163: No such file or directory
  
Result dir: /user/home/of15641/chlorophyll_parameterization/tddft_data/step_101_chromophore_6
running gaussian jobs
Running time g16 < CAMB3LYP_step_101_chromophore_6.com > CAMB3LYP_step_101_chromophore_6.log

real	24m30.012s
user	576m27.890s
sys	0m26.380s
Running time g16 < PBE0_step_101_chromophore_6.com > PBE0_step_101_chromophore_6.log

real	15m10.777s
user	362m18.218s
sys	0m20.165s
Running time g16 < wB97XD_step_101_chromophore_6.com > wB97XD_step_101_chromophore_6.log

real	26m37.168s
user	626m53.040s
sys	0m27.431s
Running time g16 < BLYP_step_101_chromophore_6.com > BLYP_step_101_chromophore_6.log

real	11m21.104s
user	270m32.131s
sys	0m21.340s
Running time g16 < ZINDO_step_101_chromophore_6.com > ZINDO_step_101_chromophore_6.log

real	0m7.186s
user	2m38.068s
sys	0m2.496s
