cpu-bind=MASK - bp1-compute070, task 4294967295 4294967295 [0]: mask 0xffffffffffff set
Host:    bp1-compute070.data.bp.acrc.priv
Time:    Wed Apr 27 08:01:06 BST 2022
Dir:     /user/home/of15641/chlorophyll_parameterization/tddft_data/step_1101_chromophore_4
Job ID:  1658148
Nodelist:
cat: bp1-compute070: No such file or directory
  
Result dir: /user/home/of15641/chlorophyll_parameterization/tddft_data/step_1101_chromophore_4
running gaussian jobs
Running time g16 < CAMB3LYP_step_1101_chromophore_4.com > CAMB3LYP_step_1101_chromophore_4.log

real	36m13.332s
user	853m45.754s
sys	0m54.329s
Running time g16 < PBE0_step_1101_chromophore_4.com > PBE0_step_1101_chromophore_4.log

real	22m57.309s
user	548m10.206s
sys	0m43.677s
Running time g16 < wB97XD_step_1101_chromophore_4.com > wB97XD_step_1101_chromophore_4.log

real	36m32.115s
user	861m13.717s
sys	1m5.555s
Running time g16 < BLYP_step_1101_chromophore_4.com > BLYP_step_1101_chromophore_4.log

real	11m50.095s
user	282m9.465s
sys	0m27.116s
Running time g16 < ZINDO_step_1101_chromophore_4.com > ZINDO_step_1101_chromophore_4.log

real	0m11.845s
user	4m3.939s
sys	0m3.210s
