cpu-bind=MASK - bp1-compute164, task 4294967295 4294967295 [0]: mask 0xfffff807fffff807 set
Host:    bp1-compute164.data.bp.acrc.priv
Time:    Wed May  4 16:46:57 BST 2022
Dir:     /user/home/of15641/chlorophyll_parameterization/tddft_data/step_251_chromophore_24
Job ID:  1692264
Nodelist:
cat: bp1-compute164: No such file or directory
  
Result dir: /user/home/of15641/chlorophyll_parameterization/tddft_data/step_251_chromophore_24
running gaussian jobs
Running time g16 < CAMB3LYP_step_251_chromophore_24.com > CAMB3LYP_step_251_chromophore_24.log

real	37m44.024s
user	894m26.817s
sys	0m31.034s
Running time g16 < PBE0_step_251_chromophore_24.com > PBE0_step_251_chromophore_24.log

real	27m37.494s
user	660m45.568s
sys	0m31.128s
Running time g16 < wB97XD_step_251_chromophore_24.com > wB97XD_step_251_chromophore_24.log

real	41m50.755s
user	992m24.924s
sys	0m27.570s
Running time g16 < BLYP_step_251_chromophore_24.com > BLYP_step_251_chromophore_24.log

real	19m31.888s
user	466m55.808s
sys	0m25.986s
Running time g16 < ZINDO_step_251_chromophore_24.com > ZINDO_step_251_chromophore_24.log

real	0m6.721s
user	2m29.175s
sys	0m2.362s
