cpu-bind=MASK - bp1-compute100, task 4294967295 4294967295 [0]: mask 0xffffffffffff set
Host:    bp1-compute100.data.bp.acrc.priv
Time:    Wed May  4 03:42:41 BST 2022
Dir:     /user/home/of15641/chlorophyll_parameterization/tddft_data/step_1351_chromophore_7
Job ID:  1692100
Nodelist:
cat: bp1-compute100: No such file or directory
  
Result dir: /user/home/of15641/chlorophyll_parameterization/tddft_data/step_1351_chromophore_7
running gaussian jobs
Running time g16 < CAMB3LYP_step_1351_chromophore_7.com > CAMB3LYP_step_1351_chromophore_7.log

real	22m55.611s
user	538m5.815s
sys	0m24.442s
Running time g16 < PBE0_step_1351_chromophore_7.com > PBE0_step_1351_chromophore_7.log

real	20m23.725s
user	487m14.133s
sys	0m23.626s
Running time g16 < wB97XD_step_1351_chromophore_7.com > wB97XD_step_1351_chromophore_7.log

real	25m1.598s
user	588m2.879s
sys	0m24.984s
Running time g16 < BLYP_step_1351_chromophore_7.com > BLYP_step_1351_chromophore_7.log

real	11m45.710s
user	280m32.891s
sys	0m21.465s
Running time g16 < ZINDO_step_1351_chromophore_7.com > ZINDO_step_1351_chromophore_7.log

real	0m7.372s
user	2m42.973s
sys	0m2.770s
