cpu-bind=MASK - bp1-compute161, task 4294967295 4294967295 [0]: mask 0xffffff00ffffff set
Host:    bp1-compute161.data.bp.acrc.priv
Time:    Thu Apr 28 18:42:42 BST 2022
Dir:     /user/home/of15641/chlorophyll_parameterization/tddft_data/step_1701_chromophore_20
Job ID:  1658492
Nodelist:
cat: bp1-compute161: No such file or directory
  
Result dir: /user/home/of15641/chlorophyll_parameterization/tddft_data/step_1701_chromophore_20
running gaussian jobs
Running time g16 < CAMB3LYP_step_1701_chromophore_20.com > CAMB3LYP_step_1701_chromophore_20.log

real	22m35.876s
user	530m44.529s
sys	0m51.694s
Running time g16 < PBE0_step_1701_chromophore_20.com > PBE0_step_1701_chromophore_20.log

real	19m45.399s
user	471m15.013s
sys	0m50.687s
Running time g16 < wB97XD_step_1701_chromophore_20.com > wB97XD_step_1701_chromophore_20.log

real	24m42.213s
user	581m29.479s
sys	0m42.253s
Running time g16 < BLYP_step_1701_chromophore_20.com > BLYP_step_1701_chromophore_20.log

real	14m19.749s
user	341m18.229s
sys	0m38.553s
Running time g16 < ZINDO_step_1701_chromophore_20.com > ZINDO_step_1701_chromophore_20.log

real	0m6.411s
user	2m10.713s
sys	0m2.368s
