cpu-bind=MASK - bp1-compute121, task 4294967295 4294967295 [0]: mask 0xffffffffffff set
Host:    bp1-compute121.data.bp.acrc.priv
Time:    Tue May  3 22:35:32 BST 2022
Dir:     /user/home/of15641/chlorophyll_parameterization/tddft_data/step_1101_chromophore_14
Job ID:  1692027
Nodelist:
cat: bp1-compute121: No such file or directory
  
Result dir: /user/home/of15641/chlorophyll_parameterization/tddft_data/step_1101_chromophore_14
running gaussian jobs
Running time g16 < CAMB3LYP_step_1101_chromophore_14.com > CAMB3LYP_step_1101_chromophore_14.log

real	27m56.709s
user	656m45.143s
sys	0m35.418s
Running time g16 < PBE0_step_1101_chromophore_14.com > PBE0_step_1101_chromophore_14.log

real	16m8.626s
user	384m12.360s
sys	0m27.009s
Running time g16 < wB97XD_step_1101_chromophore_14.com > wB97XD_step_1101_chromophore_14.log

real	31m32.621s
user	741m46.283s
sys	0m46.151s
Running time g16 < BLYP_step_1101_chromophore_14.com > BLYP_step_1101_chromophore_14.log

real	12m52.128s
user	306m10.219s
sys	0m27.855s
Running time g16 < ZINDO_step_1101_chromophore_14.com > ZINDO_step_1101_chromophore_14.log

real	0m6.033s
user	2m10.589s
sys	0m2.453s
