 
        ______________________________________
       |                                      |
       |          ===================         |
       |             xTB for sTDA             |
       |          ===================         |
       |               S. Grimme              |
       |        Universitaet Bonn, MCTC       |
       |         2015-19, Version 1.0         |
       |     Wed Apr  3 09:14:55 CEST 2019    |
       |______________________________________|
 
        This code comes without any warranty
        for non-commercial, academia use only.
        Preliminary test version.
        Cite this work as:
        S. Grimme  &  C. Bannwarth, JCP 145 (2016) 054103
        if GBSA is used additionally:
        P. Shushkov, F. März, C. Bannwarth, S. Grimme, unpublished.
 
        with help from
        P. Shushkov, G. Brandenburg, S. Dohm, J. Pisarek,
        F. März, M. Checinski, S. Ehrlich, S. Spicher, 
        P. Pracht, E. Caldeweyher, S. Ehlert, and C. Bannwarth.
 
        usage        :
        xtb4stda <coord_file> [options]
        where <coord_file> is a valid file of TM)
        (*coord, Bohr) or xmol (*xyz, Angstroem)
        format.

        options:
        -chrg <int>   : molecular charge
        -uhf  <int>   : # of unpaired electrons(=2*S)
        -nox          : skip second, extended part in sTDA-xTB
        -pop          : do population analysis
                      : (default for -nox)
        -mowr <real>  : cut MO write above (def.3 Eh)
        -molden       : write formatted molden file
        -parx <file>  : read parameters for sTDA-xTB
                        calc (def:~/.param_stda2.xtb)
        -parv <file>  : read parameters for vTB part in
                        sTDA-xTB (def: ~/.param_stda1.xtb)
        -xtemp <real> : el. temp for xTB (def. 0 K)
        -etemp <real> : el. temp for GFN (def. 300 K)
        -fod          : calculate the FOD and write
                        molden.input file with
                        appropriate occupations
                        for plotting. Def. T=12500 K
 
        -acc <real>   : xTB accuracy (def. 1.0)
        -gbsa [string1] [string2]
                        use GBSA implicit solvent
                        for solvent [string1] and
                        solvation state [string2]=
                        reference, bar1M (default=1M)
        additional GFN/opt/MD/siman options read from
        $XTB4STDAHOME/.xtb4stdarc or $set in input
 
       spin and charge state information can be on:
       <.CHRG> (charge) and <.UHF> (=nalpha-nbeta)
       -uhf and -chrg override the file info.
       useful machine settings:
       setenv MKL_NUM_THREADS <NCORE_ON_YOUR_MACHINE>
       setenv OMP_STACKSIZE 500m
       limit stacksize unlimited
 
       total energies in Eh, gaps/HL energies in eV
       please read REVISION and HOWTO files carefully
 =============================
  # OMP threads =           4
 =============================
 
 xtb4stdahome directory:~/
 
 
 name of molecule           :
 comment line               :
 number of atoms            :   140
 number of electrons        :   352
 charge                     :  0
 spin                       : 0.0
 first test random number   :  0.6294
 
 -----------------------------------------
      charge density (VTB) calculation
 -----------------------------------------
 
      method parameters     
 k(s)        :  1.8000
 k(p)        :  2.8350
 k(d)        :  2.0860
 k(f)        :  2.0000
 Tscal       :  0.3300
 Gscal       :  0.3910
 fpol        :  1.0000
 Zcnf        :  0.6500
 Zqf         :  0.0000
 kcn         :  0.3000
 kEN1        : -0.5900
 wllscal     :  2.6000
 
     -------------------------
     ! NO SOLVENT MODEL USED !
     -------------------------
 
 doing EN charges ...
 sum q :  0.2775558D-14
 point charge moment (au)
     X       Y       Z   
   0.3846   0.5178   0.5904  total (Debye):    2.222
 
            Z      q(EN)   CN      Cart. coordinates
     1  MG  2.0   0.934   4.781    87.62092    65.90041    53.39988
     2  C   4.0   0.022   3.285    84.63327    62.11907    57.78404
     3  C   4.0  -0.058   3.115    87.65683    70.71355    58.15821
     4  C   4.0  -0.060   3.222    89.86781    69.88773    49.26516
     5  C   4.0  -0.056   3.159    86.88771    61.30838    48.80595
     6  N   5.0  -0.334   3.056    85.87293    66.41253    57.46846
     7  C   4.0   0.121   3.379    85.17562    64.47178    58.88008
     8  C   4.0  -0.094   4.172    85.27388    65.15775    61.73546
     9  C   4.0  -0.095   4.155    85.20018    68.11517    61.54459
    10  C   4.0   0.089   3.320    86.31323    68.56115    58.89898
    11  C   4.0  -0.236   4.027    82.45063    69.19798    61.81105
    12  C   4.0  -0.163   4.082    87.79667    64.08439    62.73890
    13  C   4.0  -0.169   4.058    88.23508    64.26769    65.59995
    14  C   4.0   0.177   3.103    86.49465    65.85884    67.22511
    15  O   6.0  -0.104   1.048    84.22887    65.49601    67.33660
    16  O   6.0  -0.114   2.050    87.85714    67.69565    68.49501
    17  N   5.0  -0.430   3.245    88.83791    69.63262    53.55294
    18  C   4.0   0.058   3.358    88.74153    71.24645    55.73558
    19  C   4.0   0.011   3.221    90.13615    73.51979    55.05528
    20  C   4.0   0.003   3.281    90.97141    73.19476    52.50604
    21  C   4.0   0.100   3.419    89.84135    70.84205    51.59897
    22  C   4.0  -0.244   4.008    90.66716    75.79880    56.89209
    23  C   4.0   0.124   3.038    92.78365    74.96732    50.98481
    24  O   6.0  -0.117   1.062    93.10680    74.52512    48.78328
    25  C   4.0  -0.249   4.030    94.00820    77.18397    52.23391
    26  N   5.0  -0.463   3.174    88.45051    65.56593    49.56751
    27  C   4.0   0.093   3.464    89.39916    67.50290    48.19746
    28  C   4.0  -0.095   4.138    89.69395    66.87929    45.39311
    29  C   4.0  -0.095   4.170    88.97964    64.04659    45.32886
    30  C   4.0   0.117   3.440    88.02532    63.59684    48.12754
    31  C   4.0  -0.236   4.022    88.07068    68.53091    43.52984
    32  C   4.0  -0.162   4.038    90.92605    62.22679    44.32163
    33  C   4.0  -0.239   4.007    93.71340    62.34206    45.20035
    34  N   5.0  -0.467   3.238    86.08836    62.41765    53.14854
    35  C   4.0   0.083   3.420    85.92395    60.73579    51.19835
    36  C   4.0   0.013   3.302    84.88082    58.42088    52.21691
    37  C   4.0   0.007   3.349    84.35926    58.77615    54.85874
    38  C   4.0   0.058   3.737    85.13404    61.31216    55.29149
    39  C   4.0  -0.246   4.026    84.42729    56.08329    50.69001
    40  C   4.0   0.095   3.172    83.31991    57.71979    57.10563
    41  O   6.0  -0.086   1.036    82.33158    55.62975    57.59318
    42  C   4.0  -0.115   4.232    83.03078    60.15754    58.95000
    43  C   4.0   0.209   3.125    83.62604    59.23535    61.62396
    44  O   6.0  -0.128   1.050    85.45719    58.15254    62.23623
    45  O   6.0  -0.123   2.044    81.61537    59.82305    63.13196
    46  C   4.0  -0.195   4.034    81.98387    59.77014    65.84372
    47  C   4.0  -0.137   4.089    86.27922    69.26413    70.14852
    48  C   4.0  -0.053   3.104    87.95729    71.32771    71.05936
    49  C   4.0   0.017   3.081    87.23731    73.14184    72.77335
    50  C   4.0  -0.246   4.026    84.44240    72.97933    73.87128
    51  C   4.0  -0.176   4.059    88.89082    75.15818    73.84860
    52  C   4.0  -0.165   4.066    89.77143    77.02901    71.79447
    53  C   4.0  -0.165   4.095    92.53421    78.04946    72.04391
    54  C   4.0  -0.089   4.065    92.46240    80.86704    72.68642
    55  C   4.0  -0.239   4.056    94.98707    82.01600    71.94754
    56  C   4.0  -0.164   4.074    92.06934    80.99176    75.66463
    57  C   4.0  -0.164   4.042    89.64482    82.57724    76.21076
    58  C   4.0  -0.162   4.036    90.06056    84.95452    77.85104
    59  C   4.0  -0.087   4.019    89.68639    87.61714    76.36949
    60  C   4.0  -0.239   4.034    91.80478    89.47285    76.96098
    61  C   4.0  -0.164   4.073    86.97275    88.70185    76.68319
    62  C   4.0  -0.163   4.036    85.44396    89.16105    74.27568
    63  C   4.0  -0.167   4.118    82.93629    87.60392    74.55158
    64  C   4.0  -0.090   4.046    80.52689    89.00042    73.87506
    65  C   4.0  -0.238   4.044    79.06424    89.95662    76.13706
    66  C   4.0  -0.241   4.073    79.05857    87.27132    72.13462
    67  H   1.0   0.070   1.005    87.54722    72.20832    59.57550
    68  H   1.0   0.073   1.011    90.52165    71.16897    47.78550
    69  H   1.0   0.071   1.005    86.57024    59.79660    47.43968
    70  H   1.0   0.086   1.007    83.59203    64.53225    62.74646
    71  H   1.0   0.085   1.008    86.48709    68.71988    63.03559
    72  H   1.0   0.080   0.998    82.22198    70.02568    63.68187
    73  H   1.0   0.081   0.999    81.13160    67.64652    61.49924
    74  H   1.0   0.080   0.998    82.04434    70.74000    60.50714
    75  H   1.0   0.083   1.007    89.31034    65.20310    61.90364
    76  H   1.0   0.083   1.003    88.17461    62.19277    62.01892
    77  H   1.0   0.082   1.002    90.22308    64.46233    66.10450
    78  H   1.0   0.082   1.007    88.01210    62.33072    66.26513
    79  H   1.0   0.080   0.997    90.15694    77.61293    56.05872
    80  H   1.0   0.080   0.999    92.66271    75.65707    57.38153
    81  H   1.0   0.080   0.998    89.67506    75.49077    58.67221
    82  H   1.0   0.080   1.003    95.73919    77.38050    51.13409
    83  H   1.0   0.081   1.000    94.64125    76.76823    54.14821
    84  H   1.0   0.080   0.997    92.91405    78.86960    52.68556
    85  H   1.0   0.085   1.009    91.69328    67.17031    44.99437
    86  H   1.0   0.085   1.011    87.24676    63.67810    44.27817
    87  H   1.0   0.081   1.000    87.52644    67.26102    42.00294
    88  H   1.0   0.080   1.000    89.43506    69.93876    42.89678
    89  H   1.0   0.080   0.998    86.56079    69.49278    44.54840
    90  H   1.0   0.083   1.012    91.11314    62.94110    42.39978
    91  H   1.0   0.081   1.003    90.44984    60.22179    44.32163
    92  H   1.0   0.080   0.997    95.16282    62.74079    43.79440
    93  H   1.0   0.080   0.998    94.37480    60.49958    45.84097
    94  H   1.0   0.080   0.999    93.90426    63.79148    46.65166
    95  H   1.0   0.081   1.001    83.53345    54.74914    51.97880
    96  H   1.0   0.080   0.999    86.22631    55.25181    50.12309
    97  H   1.0   0.080   0.998    83.43707    56.37241    48.90800
    98  H   1.0   0.086   1.010    81.09192    60.79626    58.67221
    99  H   1.0   0.082   1.001    80.36815    58.51536    66.08561
   100  H   1.0   0.081   0.996    81.99143    61.63530    66.71866
   101  H   1.0   0.081   0.996    83.67895    58.77048    66.45410
   102  H   1.0   0.083   1.003    85.66884    68.24934    71.83226
   103  H   1.0   0.083   1.007    84.87515    70.38851    69.14507
   104  H   1.0   0.070   1.004    89.96040    71.43542    70.58504
   105  H   1.0   0.080   0.997    83.12149    74.30213    73.00578
   106  H   1.0   0.080   1.000    84.73153    73.42530    75.86116
   107  H   1.0   0.081   0.999    83.87738    70.99889    73.87317
   108  H   1.0   0.083   1.006    90.65582    74.38906    74.57803
   109  H   1.0   0.082   1.002    88.20296    76.08037    75.55691
   110  H   1.0   0.082   1.003    88.47886    78.61638    71.56770
   111  H   1.0   0.082   1.005    89.68639    76.07092    69.97277
   112  H   1.0   0.082   1.005    93.26553    77.70742    70.14852
   113  H   1.0   0.083   1.002    93.80600    77.03468    73.30436
   114  H   1.0   0.083   1.007    90.92983    81.92151    71.80203
   115  H   1.0   0.081   1.002    95.06644    83.74132    73.06814
   116  H   1.0   0.080   0.998    94.99841    82.51488    69.94821
   117  H   1.0   0.081   1.001    96.40248    80.70642    72.67130
   118  H   1.0   0.082   1.002    93.60757    81.89127    76.69831
   119  H   1.0   0.083   1.007    91.47407    79.11716    76.27501
   120  H   1.0   0.082   1.005    88.49776    81.25255    77.29168
   121  H   1.0   0.082   1.003    88.56579    83.15739    74.55536
   122  H   1.0   0.082   1.002    91.90682    84.89783    78.76378
   123  H   1.0   0.082   1.004    88.59035    84.85058    79.29101
   124  H   1.0   0.084   1.012    90.05489    87.31857    74.36639
   125  H   1.0   0.080   0.997    93.23341    89.71096    75.49833
   126  H   1.0   0.080   0.998    92.85546    89.07601    78.68819
   127  H   1.0   0.081   0.999    91.02621    91.37203    77.12727
   128  H   1.0   0.082   1.006    87.00865    90.58401    77.52223
   129  H   1.0   0.082   1.004    85.92962    87.57746    78.05891
   130  H   1.0   0.082   1.003    86.51732    88.48831    72.65240
   131  H   1.0   0.082   1.001    84.99987    91.12448    73.84482
   132  H   1.0   0.084   1.007    82.57913    86.96897    76.47721
   133  H   1.0   0.083   1.007    83.17062    86.11103    73.15129
   134  H   1.0   0.084   1.012    81.09381    90.54811    72.64107
   135  H   1.0   0.080   0.999    79.61226    91.92005    76.43752
   136  H   1.0   0.080   0.998    79.34203    88.86814    77.86427
   137  H   1.0   0.081   1.003    77.11972    89.67883    75.52101
   138  H   1.0   0.081   1.001    77.85104    88.56201    71.07826
   139  H   1.0   0.081   1.000    78.02300    85.92773    73.30436
   140  H   1.0   0.081   0.997    80.08659    86.36992    70.59449
 
  Z AO/shell   Hii/eV     exponent
  1     Sat Feb 20 21:38:01 CET 2016    EN: 2.327 GAM: 0.473  GM3: 0.0000
     1s    -13.751157    1.051071
  6     Sat Feb 20 21:38:01 CET 2016    EN: 2.731 GAM: 0.422  GM3: 0.0000
     2s    -19.378245    2.021003
     2p    -11.993376    1.497917
  7     Sat Feb 20 21:38:01 CET 2016    EN: 3.573 GAM: 0.504  GM3: 0.0000
     2s    -21.576984    2.275442
     2p    -16.125120    2.056788
  8     Sat Feb 20 21:38:01 CET 2016    EN: 3.700 GAM: 0.587  GM3: 0.0000
     2s    -21.648843    2.110798
     2p    -17.239740    2.329048
 12     Sat Feb 20 23:25:47 CET 2016    EN: 0.033 GAM: 0.222  GM3: 0.0000
     3s    -12.693633    1.302878
     3p     -8.128821    0.504252
 
 dipole moment of classical point charges (au)
     X       Y       Z   
   0.3846   0.5178   0.5904  total (Debye):    2.222

 
 Nbf   :          338
 T(el) :   300.0
 calculating S/T integrals ...
 cpu time for ints   0.167834000000000     
 Nao   :          338
 making H0...
 making H1...
 cpu time for H      1.003999999999999E-002
 solving ...
 cpu time for diag   5.718000000000001E-002
 
 gap (eV)           :   1.368
 Koopmans IP (eV)   :  12.133
 Eel (Eh)           :  -268.564746
 T,E(Fermi),NFOD :    300.000   -11.449  0.000000
 T,E(Fermi),NFOD :    300.000   -11.449  0.000000
 Nfod               :  0.0000
 Nfod/Nel           :  0.0000

          eigenvalues
 #    :         164        165        166        167        168        169        170        171
 occ. :        2.000      2.000      2.000      2.000      2.000      2.000      2.000      2.000
 eps  :       -16.214    -16.137    -16.016    -15.698    -15.630    -15.565    -15.313    -14.886
 #    :         172        173        174        175        176        177        178        179
 occ. :        2.000      2.000      2.000      2.000      2.000      0.000      0.000      0.000
 eps  :       -14.775    -14.651    -14.503    -13.102    -12.134    -10.766     -9.603     -8.701
 #    :         180        181        182        183        184        185        186        187
 occ. :        0.000      0.000      0.000      0.000      0.000      0.000      0.000      0.000
 eps  :        -8.374     -8.019     -7.770     -7.618     -7.408     -6.995     -6.917     -6.793
                            1  SCC done.
 making H1...
 cpu time for H      7.437299999999997E-002
 solving ...
 cpu time for diag   3.555300000000000E-002
 
 gap (eV)           :   1.587
 Koopmans IP (eV)   :  11.964
 Eel (Eh)           :  -265.752078
 T,E(Fermi),NFOD :    300.000   -11.170  0.000000
 T,E(Fermi),NFOD :    300.000   -11.170  0.000000
 Nfod               :  0.0000
 Nfod/Nel           :  0.0000

          eigenvalues
 #    :         164        165        166        167        168        169        170        171
 occ. :        2.000      2.000      2.000      2.000      2.000      2.000      2.000      2.000
 eps  :       -15.328    -15.153    -15.142    -14.879    -14.649    -14.508    -14.279    -14.271
 #    :         172        173        174        175        176        177        178        179
 occ. :        2.000      2.000      2.000      2.000      2.000      0.000      0.000      0.000
 eps  :       -14.040    -13.751    -13.733    -12.567    -11.965    -10.377     -8.996     -8.330
 #    :         180        181        182        183        184        185        186        187
 occ. :        0.000      0.000      0.000      0.000      0.000      0.000      0.000      0.000
 eps  :        -8.112     -7.831     -7.698     -7.569     -7.302     -6.867     -6.759     -6.593
                            2  SCC done.
 
 
 Mulliken/CM5 charges    n(s)   n(p)   n(d)   
    1 MG  0.3023  0.7694   0.674  1.024  0.000
    2 C   0.0246  0.0271   1.168  2.807  0.000
    3 C  -0.0207 -0.0636   1.132  2.889  0.000
    4 C  -0.0263 -0.0658   1.108  2.919  0.000
    5 C  -0.0552 -0.0960   1.123  2.932  0.000
    6 N  -0.1451 -0.3789   1.413  3.732  0.000
    7 C   0.0340  0.1039   1.231  2.735  0.000
    8 C  -0.0223 -0.0765   1.206  2.817  0.000
    9 C  -0.0251 -0.0813   1.200  2.825  0.000
   10 C   0.0241  0.0795   1.229  2.747  0.000
   11 C  -0.0821 -0.2289   1.103  2.979  0.000
   12 C  -0.0435 -0.1492   1.152  2.892  0.000
   13 C  -0.0748 -0.1748   1.142  2.933  0.000
   14 C   0.2311  0.2800   1.180  2.589  0.000
   15 O  -0.2670 -0.3240   1.625  4.642  0.000
   16 O  -0.1524 -0.2277   1.502  4.650  0.000
   17 N  -0.2121 -0.4918   1.374  3.838  0.000
   18 C   0.0124  0.0640   1.207  2.781  0.000
   19 C  -0.0370 -0.0411   1.230  2.807  0.000
   20 C  -0.0863 -0.0797   1.229  2.857  0.000
   21 C   0.0720  0.1411   1.166  2.762  0.000
   22 C  -0.0785 -0.2236   1.091  2.988  0.000
   23 C   0.1640  0.1898   1.203  2.633  0.000
   24 O  -0.2330 -0.2880   1.616  4.618  0.000
   25 C  -0.0989 -0.2412   1.090  3.009  0.000
   26 N  -0.1952 -0.4918   1.399  3.796  0.000
   27 C   0.0382  0.0962   1.231  2.731  0.000
   28 C  -0.0140 -0.0729   1.195  2.819  0.000
   29 C  -0.0244 -0.0813   1.202  2.823  0.000
   30 C   0.0436  0.1122   1.221  2.735  0.000
   31 C  -0.0765 -0.2244   1.108  2.968  0.000
   32 C  -0.0442 -0.1539   1.139  2.905  0.000
   33 C  -0.1080 -0.2605   1.094  3.013  0.000
   34 N  -0.2251 -0.5263   1.377  3.848  0.000
   35 C   0.0354  0.0973   1.189  2.776  0.000
   36 C  -0.0294 -0.0335   1.222  2.808  0.000
   37 C  -0.0390 -0.0328   1.177  2.862  0.000
   38 C   0.0120  0.0754   1.200  2.788  0.000
   39 C  -0.0692 -0.2129   1.078  2.991  0.000
   40 C   0.1184  0.1487   1.214  2.667  0.000
   41 O  -0.2300 -0.2695   1.640  4.590  0.000
   42 C  -0.0546 -0.0971   1.208  2.847  0.000
   43 C   0.2588  0.3181   1.157  2.584  0.000
   44 O  -0.2369 -0.2902   1.614  4.623  0.000
   45 O  -0.1621 -0.2542   1.478  4.684  0.000
   46 C   0.0008 -0.1218   1.100  2.899  0.000
   47 C   0.0674 -0.0124   1.127  2.806  0.000
   48 C  -0.0794 -0.1376   1.167  2.912  0.000
   49 C  -0.0447 -0.0687   1.221  2.823  0.000
   50 C  -0.1113 -0.2571   1.097  3.015  0.000
   51 C  -0.0553 -0.1617   1.128  2.927  0.000
   52 C  -0.0737 -0.1854   1.162  2.912  0.000
   53 C  -0.0721 -0.1835   1.159  2.913  0.000
   54 C  -0.0310 -0.1062   1.207  2.824  0.000
   55 C  -0.0959 -0.2459   1.099  2.997  0.000
   56 C  -0.0803 -0.1911   1.172  2.908  0.000
   57 C  -0.0751 -0.1890   1.157  2.918  0.000
   58 C  -0.0754 -0.1852   1.170  2.905  0.000
   59 C  -0.0335 -0.1054   1.214  2.819  0.000
   60 C  -0.1065 -0.2577   1.102  3.005  0.000
   61 C  -0.0712 -0.1813   1.156  2.915  0.000
   62 C  -0.0649 -0.1778   1.156  2.909  0.000
   63 C  -0.0892 -0.2006   1.163  2.926  0.000
   64 C  -0.0199 -0.0997   1.181  2.839  0.000
   65 C  -0.0875 -0.2380   1.096  2.991  0.000
   66 C  -0.1052 -0.2580   1.103  3.002  0.000
   67 H   0.0588  0.1170   0.941  0.000  0.000
   68 H   0.0508  0.1176   0.949  0.000  0.000
   69 H   0.0575  0.1160   0.942  0.000  0.000
   70 H   0.0517  0.1198   0.948  0.000  0.000
   71 H   0.0438  0.1076   0.956  0.000  0.000
   72 H   0.0351  0.0874   0.965  0.000  0.000
   73 H   0.0421  0.0961   0.958  0.000  0.000
   74 H   0.0400  0.0925   0.960  0.000  0.000
   75 H   0.0318  0.0915   0.968  0.000  0.000
   76 H   0.0571  0.1177   0.943  0.000  0.000
   77 H   0.0423  0.1010   0.958  0.000  0.000
   78 H   0.0404  0.1006   0.960  0.000  0.000
   79 H   0.0524  0.1044   0.948  0.000  0.000
   80 H   0.0498  0.1026   0.950  0.000  0.000
   81 H   0.0454  0.0980   0.955  0.000  0.000
   82 H   0.0493  0.1068   0.951  0.000  0.000
   83 H   0.0415  0.0957   0.958  0.000  0.000
   84 H   0.0622  0.1144   0.938  0.000  0.000
   85 H   0.0565  0.1183   0.944  0.000  0.000
   86 H   0.0539  0.1165   0.946  0.000  0.000
   87 H   0.0456  0.0987   0.954  0.000  0.000
   88 H   0.0420  0.0946   0.958  0.000  0.000
   89 H   0.0458  0.0987   0.954  0.000  0.000
   90 H   0.0330  0.0915   0.967  0.000  0.000
   91 H   0.0483  0.1037   0.952  0.000  0.000
   92 H   0.0332  0.0839   0.967  0.000  0.000
   93 H   0.0294  0.0806   0.971  0.000  0.000
   94 H   0.0296  0.0834   0.970  0.000  0.000
   95 H   0.0511  0.1055   0.949  0.000  0.000
   96 H   0.0448  0.0971   0.955  0.000  0.000
   97 H   0.0496  0.1016   0.950  0.000  0.000
   98 H   0.0653  0.1322   0.935  0.000  0.000
   99 H   0.0509  0.1190   0.949  0.000  0.000
  100 H   0.0618  0.1247   0.938  0.000  0.000
  101 H   0.0474  0.1100   0.953  0.000  0.000
  102 H   0.0746  0.1395   0.925  0.000  0.000
  103 H   0.0742  0.1402   0.926  0.000  0.000
  104 H   0.0343  0.0939   0.966  0.000  0.000
  105 H   0.0448  0.0959   0.955  0.000  0.000
  106 H   0.0336  0.0867   0.966  0.000  0.000
  107 H   0.0439  0.0976   0.956  0.000  0.000
  108 H   0.0366  0.0943   0.963  0.000  0.000
  109 H   0.0429  0.0984   0.957  0.000  0.000
  110 H   0.0284  0.0850   0.972  0.000  0.000
  111 H   0.0307  0.0881   0.969  0.000  0.000
  112 H   0.0330  0.0896   0.967  0.000  0.000
  113 H   0.0389  0.0952   0.961  0.000  0.000
  114 H   0.0418  0.1020   0.958  0.000  0.000
  115 H   0.0335  0.0875   0.966  0.000  0.000
  116 H   0.0409  0.0927   0.959  0.000  0.000
  117 H   0.0351  0.0892   0.965  0.000  0.000
  118 H   0.0413  0.0979   0.959  0.000  0.000
  119 H   0.0467  0.1058   0.953  0.000  0.000
  120 H   0.0346  0.0907   0.965  0.000  0.000
  121 H   0.0360  0.0930   0.964  0.000  0.000
  122 H   0.0369  0.0929   0.963  0.000  0.000
  123 H   0.0329  0.0892   0.967  0.000  0.000
  124 H   0.0314  0.0925   0.969  0.000  0.000
  125 H   0.0350  0.0861   0.965  0.000  0.000
  126 H   0.0266  0.0785   0.973  0.000  0.000
  127 H   0.0284  0.0811   0.972  0.000  0.000
  128 H   0.0283  0.0851   0.972  0.000  0.000
  129 H   0.0432  0.1006   0.957  0.000  0.000
  130 H   0.0304  0.0863   0.970  0.000  0.000
  131 H   0.0374  0.0927   0.963  0.000  0.000
  132 H   0.0362  0.0949   0.964  0.000  0.000
  133 H   0.0338  0.0922   0.966  0.000  0.000
  134 H   0.0254  0.0861   0.975  0.000  0.000
  135 H   0.0411  0.0933   0.959  0.000  0.000
  136 H   0.0358  0.0879   0.964  0.000  0.000
  137 H   0.0375  0.0919   0.963  0.000  0.000
  138 H   0.0281  0.0810   0.972  0.000  0.000
  139 H   0.0263  0.0794   0.974  0.000  0.000
  140 H   0.0414  0.0931   0.959  0.000  0.000
 Hirshfeld charges for QMDFF written to <charges>
 
 Loewdin charges    n(s)   n(p)   n(d)
    1 MG  0.1397   0.685  1.175  0.000
    2 C   0.0275   1.126  2.846  0.000
    3 C  -0.0173   1.079  2.938  0.000
    4 C  -0.0238   1.053  2.971  0.000
    5 C  -0.0514   1.069  2.982  0.000
    6 N  -0.1130   1.370  3.743  0.000
    7 C   0.0342   1.195  2.771  0.000
    8 C  -0.0155   1.159  2.857  0.000
    9 C  -0.0170   1.153  2.864  0.000
   10 C   0.0267   1.193  2.781  0.000
   11 C  -0.0835   1.031  3.053  0.000
   12 C  -0.0371   1.092  2.945  0.000
   13 C  -0.0774   1.084  2.994  0.000
   14 C   0.2102   1.154  2.636  0.000
   15 O  -0.2520   1.594  4.658  0.000
   16 O  -0.1203   1.469  4.651  0.000
   17 N  -0.1802   1.332  3.848  0.000
   18 C   0.0149   1.169  2.816  0.000
   19 C  -0.0292   1.191  2.838  0.000
   20 C  -0.0945   1.195  2.900  0.000
   21 C   0.0767   1.123  2.800  0.000
   22 C  -0.0786   1.017  3.062  0.000
   23 C   0.1590   1.168  2.673  0.000
   24 O  -0.2141   1.581  4.633  0.000
   25 C  -0.1060   1.018  3.088  0.000
   26 N  -0.1537   1.351  3.803  0.000
   27 C   0.0429   1.194  2.763  0.000
   28 C  -0.0053   1.146  2.859  0.000
   29 C  -0.0167   1.154  2.863  0.000
   30 C   0.0452   1.184  2.771  0.000
   31 C  -0.0768   1.036  3.041  0.000
   32 C  -0.0384   1.079  2.960  0.000
   33 C  -0.1110   1.023  3.088  0.000
   34 N  -0.1907   1.333  3.857  0.000
   35 C   0.0366   1.150  2.813  0.000
   36 C  -0.0200   1.181  2.839  0.000
   37 C  -0.0467   1.140  2.907  0.000
   38 C   0.0174   1.160  2.822  0.000
   39 C  -0.0696   1.003  3.067  0.000
   40 C   0.1141   1.181  2.705  0.000
   41 O  -0.2168   1.612  4.604  0.000
   42 C  -0.0551   1.161  2.894  0.000
   43 C   0.2293   1.133  2.638  0.000
   44 O  -0.2176   1.578  4.639  0.000
   45 O  -0.1271   1.442  4.685  0.000
   46 C  -0.0069   1.030  2.977  0.000
   47 C   0.0681   1.068  2.864  0.000
   48 C  -0.0759   1.118  2.958  0.000
   49 C  -0.0360   1.182  2.854  0.000
   50 C  -0.1144   1.025  3.090  0.000
   51 C  -0.0523   1.068  2.984  0.000
   52 C  -0.0709   1.104  2.967  0.000
   53 C  -0.0689   1.102  2.967  0.000
   54 C  -0.0209   1.160  2.861  0.000
   55 C  -0.0982   1.027  3.071  0.000
   56 C  -0.0785   1.116  2.962  0.000
   57 C  -0.0714   1.100  2.972  0.000
   58 C  -0.0730   1.114  2.959  0.000
   59 C  -0.0247   1.168  2.857  0.000
   60 C  -0.1111   1.031  3.080  0.000
   61 C  -0.0702   1.099  2.971  0.000
   62 C  -0.0604   1.098  2.963  0.000
   63 C  -0.0894   1.108  2.982  0.000
   64 C  -0.0080   1.131  2.877  0.000
   65 C  -0.0902   1.024  3.066  0.000
   66 C  -0.1092   1.033  3.076  0.000
   67 H   0.0535   0.947  0.000  0.000
   68 H   0.0450   0.955  0.000  0.000
   69 H   0.0517   0.948  0.000  0.000
   70 H   0.0445   0.955  0.000  0.000
   71 H   0.0379   0.962  0.000  0.000
   72 H   0.0347   0.965  0.000  0.000
   73 H   0.0414   0.959  0.000  0.000
   74 H   0.0397   0.960  0.000  0.000
   75 H   0.0301   0.970  0.000  0.000
   76 H   0.0524   0.948  0.000  0.000
   77 H   0.0391   0.961  0.000  0.000
   78 H   0.0381   0.962  0.000  0.000
   79 H   0.0506   0.949  0.000  0.000
   80 H   0.0492   0.951  0.000  0.000
   81 H   0.0449   0.955  0.000  0.000
   82 H   0.0472   0.953  0.000  0.000
   83 H   0.0430   0.957  0.000  0.000
   84 H   0.0614   0.939  0.000  0.000
   85 H   0.0501   0.950  0.000  0.000
   86 H   0.0480   0.952  0.000  0.000
   87 H   0.0448   0.955  0.000  0.000
   88 H   0.0409   0.959  0.000  0.000
   89 H   0.0446   0.955  0.000  0.000
   90 H   0.0307   0.969  0.000  0.000
   91 H   0.0447   0.955  0.000  0.000
   92 H   0.0338   0.966  0.000  0.000
   93 H   0.0300   0.970  0.000  0.000
   94 H   0.0311   0.969  0.000  0.000
   95 H   0.0482   0.952  0.000  0.000
   96 H   0.0441   0.956  0.000  0.000
   97 H   0.0484   0.952  0.000  0.000
   98 H   0.0570   0.943  0.000  0.000
   99 H   0.0468   0.953  0.000  0.000
  100 H   0.0571   0.943  0.000  0.000
  101 H   0.0439   0.956  0.000  0.000
  102 H   0.0666   0.933  0.000  0.000
  103 H   0.0655   0.935  0.000  0.000
  104 H   0.0274   0.973  0.000  0.000
  105 H   0.0434   0.957  0.000  0.000
  106 H   0.0340   0.966  0.000  0.000
  107 H   0.0443   0.956  0.000  0.000
  108 H   0.0344   0.966  0.000  0.000
  109 H   0.0404   0.960  0.000  0.000
  110 H   0.0267   0.973  0.000  0.000
  111 H   0.0289   0.971  0.000  0.000
  112 H   0.0309   0.969  0.000  0.000
  113 H   0.0371   0.963  0.000  0.000
  114 H   0.0372   0.963  0.000  0.000
  115 H   0.0337   0.966  0.000  0.000
  116 H   0.0401   0.960  0.000  0.000
  117 H   0.0349   0.965  0.000  0.000
  118 H   0.0392   0.961  0.000  0.000
  119 H   0.0444   0.956  0.000  0.000
  120 H   0.0330   0.967  0.000  0.000
  121 H   0.0348   0.965  0.000  0.000
  122 H   0.0351   0.965  0.000  0.000
  123 H   0.0311   0.969  0.000  0.000
  124 H   0.0273   0.973  0.000  0.000
  125 H   0.0351   0.965  0.000  0.000
  126 H   0.0276   0.972  0.000  0.000
  127 H   0.0298   0.970  0.000  0.000
  128 H   0.0269   0.973  0.000  0.000
  129 H   0.0420   0.958  0.000  0.000
  130 H   0.0286   0.971  0.000  0.000
  131 H   0.0351   0.965  0.000  0.000
  132 H   0.0352   0.965  0.000  0.000
  133 H   0.0322   0.968  0.000  0.000
  134 H   0.0216   0.978  0.000  0.000
  135 H   0.0399   0.960  0.000  0.000
  136 H   0.0361   0.964  0.000  0.000
  137 H   0.0375   0.962  0.000  0.000
  138 H   0.0289   0.971  0.000  0.000
  139 H   0.0266   0.973  0.000  0.000
  140 H   0.0419   0.958  0.000  0.000
 
 Wiberg/Mayer (AO) data. WBOs > 0.1 written file <wbo>
 largest (>0.05) Wiberg bond orders for each atom
           total WBO             WBO to atom ...
     1  MG  2.532    N   34 0.559    N   17 0.537    N   26 0.394    N    6 0.316    C   38 0.059    C   18 0.052
     2  C   3.891    C    7 1.325    C   38 1.254    C   42 0.970
     3  C   3.905    C   10 1.472    C   18 1.254    H   67 0.932
     4  C   3.937    C   27 1.385    C   21 1.342    H   68 0.927
     5  C   3.898    C   30 1.418    C   35 1.278    H   69 0.938
     6  N   3.305    C    7 1.356    C   10 1.196    MG   1 0.316    C   38 0.054
     7  C   3.870    N    6 1.356    C    2 1.325    C    8 0.910
     8  C   3.935    C    9 0.959    C   12 0.957    H   70 0.940    C    7 0.910
     9  C   3.938    C   11 0.963    C    8 0.959    H   71 0.946    C   10 0.935
    10  C   3.843    C    3 1.472    N    6 1.196    C    9 0.935
    11  C   3.969    H   72 0.982    H   73 0.979    H   74 0.978    C    9 0.963
    12  C   3.950    H   75 0.966    C    8 0.957    C   13 0.956    H   76 0.955
    13  C   3.953    H   77 0.963    C   12 0.956    H   78 0.949    C   14 0.942    O   15 0.079
    14  C   3.892    O   15 1.834    O   16 1.068    C   13 0.942
    15  O   2.149    C   14 1.834    O   16 0.164    C   13 0.079
    16  O   2.287    C   14 1.068    C   47 0.956    O   15 0.164
    17  N   3.326    C   21 1.215    C   18 1.095    MG   1 0.537    C   20 0.067    C   27 0.063
    18  C   3.847    C    3 1.254    C   19 1.225    N   17 1.095    MG   1 0.052
    19  C   3.871    C   20 1.429    C   18 1.225    C   22 0.966
    20  C   3.856    C   19 1.429    C   21 1.101    C   23 0.946    O   24 0.084    N   17 0.067
    21  C   3.897    C    4 1.342    N   17 1.215    C   20 1.101
    22  C   3.977    H   81 0.979    H   79 0.976    H   80 0.968    C   19 0.966
    23  C   3.877    O   24 1.867    C   25 0.968    C   20 0.946
    24  O   2.183    C   23 1.867    C   20 0.084    C   25 0.075
    25  C   3.976    C   23 0.968    H   82 0.965    H   83 0.962    H   84 0.949    O   24 0.075
    26  N   3.320    C   30 1.290    C   27 1.216    MG   1 0.394
    27  C   3.845    C    4 1.385    N   26 1.216    C   28 0.937    N   17 0.063
    28  C   3.936    C   29 0.962    C   31 0.959    H   85 0.942    C   27 0.937
    29  C   3.933    C   32 0.976    C   28 0.962    H   86 0.937    C   30 0.888
    30  C   3.857    C    5 1.418    N   26 1.290    C   29 0.888
    31  C   3.965    H   88 0.981    H   89 0.979    H   87 0.977    C   28 0.959
    32  C   3.960    C   33 0.994    C   29 0.976    H   90 0.965    H   91 0.962
    33  C   3.975    C   32 0.994    H   93 0.985    H   92 0.984    H   94 0.980
    34  N   3.316    C   38 1.158    C   35 1.148    MG   1 0.559    C   37 0.060
    35  C   3.878    C    5 1.278    C   36 1.203    N   34 1.148
    36  C   3.845    C   37 1.318    C   35 1.203    C   39 1.001    O   41 0.067
    37  C   3.905    C   36 1.318    C   38 1.162    C   40 1.119    O   41 0.067    N   34 0.060
    38  C   3.893    C    2 1.254    C   37 1.162    N   34 1.158    MG   1 0.059    N    6 0.054
    39  C   3.980    C   36 1.001    H   95 0.976    H   97 0.967    H   96 0.961
    40  C   3.886    O   41 1.790    C   37 1.119    C   42 0.828
    41  O   2.141    C   40 1.790    C   42 0.091    C   36 0.067    C   37 0.067
    42  C   3.935    C    2 0.970    H   98 0.924    C   43 0.886    C   40 0.828    O   41 0.091    O   44 0.086
    43  C   3.896    O   44 1.882    O   45 1.066    C   42 0.886
    44  O   2.199    C   43 1.882    O   45 0.163    C   42 0.086
    45  O   2.278    C   43 1.066    C   46 0.971    O   44 0.163
    46  C   3.941    H   99 0.990    H  101 0.979    H  100 0.977    O   45 0.971
    47  C   3.936    C   48 1.007    O   16 0.956    H  103 0.952    H  102 0.948
    48  C   3.960    C   49 1.882    C   47 1.007    H  104 0.937
    49  C   3.928    C   48 1.882    C   51 0.993    C   50 0.959
    50  C   3.984    H  106 0.981    H  105 0.976    H  107 0.974    C   49 0.959
    51  C   3.968    C   49 0.993    C   52 0.964    H  109 0.961    H  108 0.953
    52  C   3.958    C   53 0.973    H  111 0.968    H  110 0.966    C   51 0.964
    53  C   3.960    C   54 0.980    C   52 0.973    H  112 0.961    H  113 0.961
    54  C   3.943    C   55 0.996    C   53 0.980    C   56 0.960    H  114 0.944
    55  C   3.985    C   54 0.996    H  117 0.981    H  116 0.976    H  115 0.976
    56  C   3.961    C   57 0.987    H  119 0.963    H  118 0.961    C   54 0.960
    57  C   3.963    C   58 0.989    C   56 0.987    H  120 0.966    H  121 0.960
    58  C   3.956    C   57 0.989    H  123 0.966    H  122 0.960    C   59 0.946
    59  C   3.929    C   60 0.992    C   61 0.967    H  124 0.954    C   58 0.946
    60  C   3.976    C   59 0.992    H  125 0.979    H  126 0.977    H  127 0.974
    61  C   3.959    C   62 0.989    C   59 0.967    H  128 0.962    H  129 0.952
    62  C   3.963    C   61 0.989    C   63 0.972    H  130 0.969    H  131 0.965
    63  C   3.964    C   64 0.980    C   62 0.972    H  133 0.963    H  132 0.957
    64  C   3.952    C   65 0.994    C   66 0.989    C   63 0.980    H  134 0.952
    65  C   3.986    C   64 0.994    H  135 0.980    H  136 0.977    H  137 0.976
    66  C   3.979    C   64 0.989    H  139 0.981    H  138 0.978    H  140 0.972
    67  H   0.993    C    3 0.932
    68  H   0.994    C    4 0.927
    69  H   0.993    C    5 0.938
    70  H   0.993    C    8 0.940
    71  H   0.994    C    9 0.946
    72  H   0.997    C   11 0.982
    73  H   0.996    C   11 0.979
    74  H   0.996    C   11 0.978
    75  H   0.998    C   12 0.966
    76  H   0.995    C   12 0.955
    77  H   0.997    C   13 0.963
    78  H   0.998    C   13 0.949
    79  H   0.995    C   22 0.976
    80  H   0.995    C   22 0.968
    81  H   0.996    C   22 0.979
    82  H   0.995    C   25 0.965
    83  H   0.998    C   25 0.962
    84  H   0.995    C   25 0.949
    85  H   0.995    C   28 0.942
    86  H   0.995    C   29 0.937
    87  H   0.996    C   31 0.977
    88  H   0.997    C   31 0.981
    89  H   0.997    C   31 0.979
    90  H   0.996    C   32 0.965
    91  H   0.996    C   32 0.962
    92  H   0.999    C   33 0.984
    93  H   0.999    C   33 0.985
    94  H   0.999    C   33 0.980
    95  H   0.996    C   39 0.976
    96  H   0.991    C   39 0.961
    97  H   0.992    C   39 0.967
    98  H   0.992    C   42 0.924
    99  H   0.997    C   46 0.990
   100  H   0.996    C   46 0.977
   101  H   0.998    C   46 0.979
   102  H   0.994    C   47 0.948
   103  H   0.994    C   47 0.952
   104  H   0.999    C   48 0.937
   105  H   0.998    C   50 0.976
   106  H   0.999    C   50 0.981
   107  H   0.997    C   50 0.974
   108  H   0.999    C   51 0.953
   109  H   0.997    C   51 0.961
   110  H   0.999    C   52 0.966
   111  H   0.999    C   52 0.968
   112  H   0.997    C   53 0.961
   113  H   0.998    C   53 0.961
   114  H   0.998    C   54 0.944
   115  H   0.998    C   55 0.976
   116  H   0.998    C   55 0.976
   117  H   0.999    C   55 0.981
   118  H   0.998    C   56 0.961
   119  H   0.997    C   56 0.963
   120  H   0.998    C   57 0.966
   121  H   0.999    C   57 0.960
   122  H   0.998    C   58 0.960
   123  H   0.998    C   58 0.966
   124  H   0.999    C   59 0.954
   125  H   0.998    C   60 0.979
   126  H   0.999    C   60 0.977
   127  H   0.998    C   60 0.974
   128  H   0.998    C   61 0.962
   129  H   0.998    C   61 0.952
   130  H   0.999    C   62 0.969
   131  H   0.998    C   62 0.965
   132  H   0.999    C   63 0.957
   133  H   0.999    C   63 0.963
   134  H   0.999    C   64 0.952
   135  H   0.998    C   65 0.980
   136  H   0.999    C   65 0.977
   137  H   0.998    C   65 0.976
   138  H   0.998    C   66 0.978
   139  H   0.999    C   66 0.981
   140  H   0.998    C   66 0.972
 
 --------------------------------------------
          xTB calculation for sTDA...
 --------------------------------------------
 
 reading parameter file ~/.param_stda2.xtb
 
      method parameters     
 k(s)        :  1.6000
 k(p)        :  2.1800
 k(d)        :  1.9500
 k(f)        :  2.0000
 k(R-V)      :  2.2750
 k(R-R)      :  1.7650
 Tscal       :  0.2580
 Gscal       :  1.0000
 fpol        :  1.0000
 Zcnf        :  0.3430
 Zqf         :  0.0000
 kcn         :  2.7000
 Ryd Hsplit  :  0.7000
 lshift(virt):  3.1000
 lshift(OS)  :  0.2000
 wllscaling  :  2.6000
 
 mowrcut     : 3.000
 
  Z AO/shell   Hii/eV     exponent
  1     Sun Feb 14 09:53:25 CET 2016    EN: 2.327 GAM: 0.473  GM3: 0.0000
     1s    -14.339618    1.220000
     2sp    -3.348946    0.600000
  6     Sun Feb 14 09:53:25 CET 2016    EN: 2.731 GAM: 0.422  GM3: 0.0000
     2s    -22.009312    1.565095
     2p    -13.020408    1.596905
     3sp    -3.914040    0.824500
  7     Sun Feb 14 09:53:25 CET 2016    EN: 3.573 GAM: 0.504  GM3: 0.0000
     2s    -25.722000    2.064844
     2p    -18.684912    1.801692
     3sp    -4.344791    0.921400
  8     Sun Feb 14 09:53:25 CET 2016    EN: 3.700 GAM: 0.587  GM3: 0.0000
     2s    -33.859000    2.418661
     2p    -22.175911    1.973969
     3sp    -4.259392    1.013700
 12     Sun Feb 21 16:58:31 CET 2016    EN: 0.033 GAM: 0.222  GM3: 0.0000
     3s    -11.092543    1.647583
     3p     -6.929529    0.855020
 
 Nbf   :          894
 T(el) :     0.0
 calculating S/T integrals ...
 cpu time for ints    1.21096800000000     
 Nao   :          894
 making H0...
 making H1...
 cpu time for H      2.214500000000008E-002
 solving ...
 cpu time for diag   0.278605000000000     
 
 gap (eV)           :   4.728
 Koopmans IP (eV)   :  13.252
 Eel (Eh)           :  -301.253170

          eigenvalues
 #    :         164        165        166        167        168        169        170        171
 occ. :        2.000      2.000      2.000      2.000      2.000      2.000      2.000      2.000
 eps  :       -17.333    -17.268    -16.950    -16.240    -16.174    -16.075    -15.815    -15.449
 #    :         172        173        174        175        176        177        178        179
 occ. :        2.000      2.000      2.000      2.000      2.000      0.000      0.000      0.000
 eps  :       -15.423    -15.261    -15.017    -13.788    -13.253     -8.525     -6.887     -6.736
 #    :         180        181        182        183        184        185        186        187
 occ. :        0.000      0.000      0.000      0.000      0.000      0.000      0.000      0.000
 eps  :        -6.075     -5.980     -5.902     -5.708     -5.335     -5.092     -5.000     -4.997
                            1  SCC done.
 writing mo output ...
 molden style : F
 
speedup  1.25
cpu  time for all    2.05 s
wall time for all    1.63 s
