cpu-bind=MASK - bp1-compute183, task 4294967295 4294967295 [0]: mask 0xffffff00ffffff set
Host:    bp1-compute183.data.bp.acrc.priv
Time:    Wed Apr 27 16:16:13 BST 2022
Dir:     /user/home/of15641/chlorophyll_parameterization/tddft_data/step_1251_chromophore_23
Job ID:  1658224
Nodelist:
cat: bp1-compute183: No such file or directory
  
Result dir: /user/home/of15641/chlorophyll_parameterization/tddft_data/step_1251_chromophore_23
running gaussian jobs
Running time g16 < CAMB3LYP_step_1251_chromophore_23.com > CAMB3LYP_step_1251_chromophore_23.log

real	51m54.474s
user	1231m54.677s
sys	0m37.315s
Running time g16 < PBE0_step_1251_chromophore_23.com > PBE0_step_1251_chromophore_23.log

real	17m59.306s
user	429m5.766s
sys	0m37.989s
Running time g16 < wB97XD_step_1251_chromophore_23.com > wB97XD_step_1251_chromophore_23.log

real	37m15.106s
user	879m31.309s
sys	0m49.650s
Running time g16 < BLYP_step_1251_chromophore_23.com > BLYP_step_1251_chromophore_23.log

real	12m42.564s
user	302m46.566s
sys	0m26.595s
Running time g16 < ZINDO_step_1251_chromophore_23.com > ZINDO_step_1251_chromophore_23.log

real	0m7.884s
user	2m51.795s
sys	0m2.646s
