 
        ______________________________________
       |                                      |
       |          ===================         |
       |             xTB for sTDA             |
       |          ===================         |
       |               S. Grimme              |
       |        Universitaet Bonn, MCTC       |
       |         2015-19, Version 1.0         |
       |     Wed Apr  3 09:14:55 CEST 2019    |
       |______________________________________|
 
        This code comes without any warranty
        for non-commercial, academia use only.
        Preliminary test version.
        Cite this work as:
        S. Grimme  &  C. Bannwarth, JCP 145 (2016) 054103
        if GBSA is used additionally:
        P. Shushkov, F. März, C. Bannwarth, S. Grimme, unpublished.
 
        with help from
        P. Shushkov, G. Brandenburg, S. Dohm, J. Pisarek,
        F. März, M. Checinski, S. Ehrlich, S. Spicher, 
        P. Pracht, E. Caldeweyher, S. Ehlert, and C. Bannwarth.
 
        usage        :
        xtb4stda <coord_file> [options]
        where <coord_file> is a valid file of TM)
        (*coord, Bohr) or xmol (*xyz, Angstroem)
        format.

        options:
        -chrg <int>   : molecular charge
        -uhf  <int>   : # of unpaired electrons(=2*S)
        -nox          : skip second, extended part in sTDA-xTB
        -pop          : do population analysis
                      : (default for -nox)
        -mowr <real>  : cut MO write above (def.3 Eh)
        -molden       : write formatted molden file
        -parx <file>  : read parameters for sTDA-xTB
                        calc (def:~/.param_stda2.xtb)
        -parv <file>  : read parameters for vTB part in
                        sTDA-xTB (def: ~/.param_stda1.xtb)
        -xtemp <real> : el. temp for xTB (def. 0 K)
        -etemp <real> : el. temp for GFN (def. 300 K)
        -fod          : calculate the FOD and write
                        molden.input file with
                        appropriate occupations
                        for plotting. Def. T=12500 K
 
        -acc <real>   : xTB accuracy (def. 1.0)
        -gbsa [string1] [string2]
                        use GBSA implicit solvent
                        for solvent [string1] and
                        solvation state [string2]=
                        reference, bar1M (default=1M)
        additional GFN/opt/MD/siman options read from
        $XTB4STDAHOME/.xtb4stdarc or $set in input
 
       spin and charge state information can be on:
       <.CHRG> (charge) and <.UHF> (=nalpha-nbeta)
       -uhf and -chrg override the file info.
       useful machine settings:
       setenv MKL_NUM_THREADS <NCORE_ON_YOUR_MACHINE>
       setenv OMP_STACKSIZE 500m
       limit stacksize unlimited
 
       total energies in Eh, gaps/HL energies in eV
       please read REVISION and HOWTO files carefully
 =============================
  # OMP threads =           4
 =============================
 
 xtb4stdahome directory:~/
 
 
 name of molecule           :
 comment line               :
 number of atoms            :   140
 number of electrons        :   352
 charge                     :  0
 spin                       : 0.0
 first test random number   :  0.0819
 
 -----------------------------------------
      charge density (VTB) calculation
 -----------------------------------------
 
      method parameters     
 k(s)        :  1.8000
 k(p)        :  2.8350
 k(d)        :  2.0860
 k(f)        :  2.0000
 Tscal       :  0.3300
 Gscal       :  0.3910
 fpol        :  1.0000
 Zcnf        :  0.6500
 Zqf         :  0.0000
 kcn         :  0.3000
 kEN1        : -0.5900
 wllscal     :  2.6000
 
     -------------------------
     ! NO SOLVENT MODEL USED !
     -------------------------
 
 doing EN charges ...
 sum q : -0.2775558D-14
 point charge moment (au)
     X       Y       Z   
  -0.6268  -0.4202   0.7448  total (Debye):    2.695
 
            Z      q(EN)   CN      Cart. coordinates
     1  MG  2.0   0.940   4.869    76.93263    77.69230    50.42167
     2  C   4.0   0.021   3.356    75.27912    82.22576    55.30094
     3  C   4.0  -0.058   3.137    78.07970    73.36483    55.19701
     4  C   4.0  -0.057   3.217    78.75244    73.86372    46.16412
     5  C   4.0  -0.056   3.153    75.99344    82.58291    46.14522
     6  N   5.0  -0.328   3.049    76.75500    77.99466    54.85496
     7  C   4.0   0.134   3.316    75.83470    79.78234    56.31005
     8  C   4.0  -0.094   4.145    75.73644    78.99810    59.09551
     9  C   4.0  -0.095   4.137    77.03279    76.37705    59.01992
    10  C   4.0   0.077   3.276    77.36538    75.74966    56.18911
    11  C   4.0  -0.236   4.001    79.36849    76.02556    60.93421
    12  C   4.0  -0.161   4.056    72.97177    79.17952    60.23124
    13  C   4.0  -0.167   4.047    72.47288    77.99655    62.76725
    14  C   4.0   0.183   3.085    71.85683    79.97698    64.91776
    15  O   6.0  -0.095   1.034    70.07671    81.46798    65.05760
    16  O   6.0  -0.127   2.044    73.76923    79.79935    66.56182
    17  N   5.0  -0.512   3.249    78.34993    74.18308    50.68434
    18  C   4.0   0.087   3.508    78.37260    72.59760    52.66288
    19  C   4.0   0.013   3.304    79.33636    70.15986    51.82762
    20  C   4.0   0.008   3.259    79.64250    70.27891    49.15744
    21  C   4.0   0.084   3.646    78.99243    72.91130    48.63210
    22  C   4.0  -0.249   4.036    79.83903    67.99612    53.49058
    23  C   4.0   0.120   3.037    80.47209    68.20588    47.25638
    24  O   6.0  -0.112   1.068    80.74610    68.57438    45.01705
    25  C   4.0  -0.249   4.043    80.87082    65.53003    48.06140
    26  N   5.0  -0.472   3.172    77.62994    78.35182    46.72347
    27  C   4.0   0.066   3.506    78.16473    76.20698    45.29673
    28  C   4.0  -0.095   4.164    77.80569    76.81736    42.46025
    29  C   4.0  -0.096   4.152    76.67374    79.55746    42.46214
    30  C   4.0   0.108   3.441    76.65295    80.12060    45.23248
    31  C   4.0  -0.236   4.032    80.04312    76.45075    40.72737
    32  C   4.0  -0.162   4.035    74.07159    79.90328    41.13178
    33  C   4.0  -0.237   3.998    71.53558    79.77856    42.67001
    34  N   5.0  -0.407   3.206    75.90840    81.64372    50.69757
    35  C   4.0   0.069   3.559    75.61360    83.39550    48.77005
    36  C   4.0   0.019   3.310    74.89362    85.79167    49.76215
    37  C   4.0   0.003   3.470    74.80102    85.44207    52.40588
    38  C   4.0   0.103   3.781    75.28668    82.87015    52.72524
    39  C   4.0  -0.249   4.040    74.66685    88.05745    48.23337
    40  C   4.0   0.104   3.212    74.37583    86.69685    54.72835
    41  O   6.0  -0.091   1.043    74.10938    88.92483    55.37653
    42  C   4.0  -0.119   4.255    74.61583    84.55579    56.75603
    43  C   4.0   0.188   3.180    76.77390    85.15105    58.38308
    44  O   6.0  -0.120   1.060    78.76945    85.78222    57.59885
    45  O   6.0  -0.101   2.020    76.08982    85.06790    60.97012
    46  C   4.0  -0.200   4.015    78.15718    85.61025    62.78048
    47  C   4.0  -0.133   4.036    73.84482    81.68718    68.64052
    48  C   4.0  -0.057   3.079    72.72043    80.41729    71.14440
    49  C   4.0   0.023   3.073    71.12173    81.44530    72.92830
    50  C   4.0  -0.249   4.041    70.31670    84.21753    73.25712
    51  C   4.0  -0.184   4.126    69.94632    79.80502    74.75378
    52  C   4.0  -0.164   4.070    71.54313    78.68441    76.84760
    53  C   4.0  -0.163   4.063    70.75323    76.07848    77.75655
    54  C   4.0  -0.088   4.066    73.28924    74.53646    78.24410
    55  C   4.0  -0.239   4.051    73.48199    72.52768    76.14840
    56  C   4.0  -0.165   4.075    73.48199    73.21176    80.87460
    57  C   4.0  -0.164   4.063    73.84293    75.28857    82.87015
    58  C   4.0  -0.165   4.070    76.10682    74.65173    84.57280
    59  C   4.0  -0.087   4.030    75.23377    73.60861    87.20140
    60  C   4.0  -0.237   3.998    77.69419    73.50089    89.10058
    61  C   4.0  -0.165   4.061    73.76356    71.12740    87.13526
    62  C   4.0  -0.164   4.046    71.20865    71.19920    88.48264
    63  C   4.0  -0.163   4.057    68.88996    69.78569    87.25432
    64  C   4.0  -0.088   4.025    66.43898    71.27479    87.50187
    65  C   4.0  -0.239   4.045    64.59083    70.59449    85.31735
    66  C   4.0  -0.237   4.032    65.04437    70.76268    90.08135
    67  H   1.0   0.071   1.005    78.31780    71.93053    56.65965
    68  H   1.0   0.072   1.010    78.89984    72.53335    44.59186
    69  H   1.0   0.070   1.004    75.96698    84.18162    44.84131
    70  H   1.0   0.085   1.009    76.97610    80.23209    60.18399
    71  H   1.0   0.085   1.011    75.67030    74.95976    59.63030
    72  H   1.0   0.080   0.998    80.60248    74.59315    60.11596
    73  H   1.0   0.079   0.996    78.91118    75.22432    62.77670
    74  H   1.0   0.080   0.998    80.09037    77.87939    61.46712
    75  H   1.0   0.082   1.006    71.91352    78.40284    58.64198
    76  H   1.0   0.083   1.005    72.40296    81.15428    60.37485
    77  H   1.0   0.083   1.006    74.10371    76.99688    63.53259
    78  H   1.0   0.082   1.002    71.12928    76.45075    62.55938
    79  H   1.0   0.080   1.000    81.80435    67.41408    53.28649
    80  H   1.0   0.080   0.999    78.74488    66.29348    53.10886
    81  H   1.0   0.080   0.998    79.47242    68.08305    55.51448
    82  H   1.0   0.080   0.999    82.56780    65.37318    49.21791
    83  H   1.0   0.081   1.000    80.99365    64.36407    46.36821
    84  H   1.0   0.080   0.998    79.29668    64.57383    48.98737
    85  H   1.0   0.085   1.011    76.26556    75.59849    41.83853
    86  H   1.0   0.084   1.009    77.97009    80.87460    41.55129
    87  H   1.0   0.081   1.000    81.70419    76.06147    41.88200
    88  H   1.0   0.080   0.999    80.42674    78.11938    39.58220
    89  H   1.0   0.080   0.998    79.70675    74.94653    39.36110
    90  H   1.0   0.081   1.004    73.99411    78.40662    39.71637
    91  H   1.0   0.081   1.002    74.01112    81.67773    40.08676
    92  H   1.0   0.080   0.998    70.68331    81.65317    42.72859
    93  H   1.0   0.080   1.002    72.11950    79.27211    44.58052
    94  H   1.0   0.080   0.998    70.34316    78.37827    41.74216
    95  H   1.0   0.080   0.999    75.61171    88.01966    46.40411
    96  H   1.0   0.081   1.001    75.77990    89.54277    49.12532
    97  H   1.0   0.080   1.003    72.63162    88.33713    48.06329
    98  H   1.0   0.086   1.009    72.90374    84.65972    57.89553
    99  H   1.0   0.080   0.996    78.19875    87.65683    63.00913
   100  H   1.0   0.080   0.997    79.96186    84.93751    62.05104
   101  H   1.0   0.080   0.996    77.93986    84.53122    64.52091
   102  H   1.0   0.082   1.001    72.71854    83.36526    68.24745
   103  H   1.0   0.081   0.999    75.77423    82.31646    68.98634
   104  H   1.0   0.070   1.003    73.01523    78.37827    71.13495
   105  H   1.0   0.080   1.000    70.67575    84.69185    75.22999
   106  H   1.0   0.080   0.998    68.30981    84.47075    72.86594
   107  H   1.0   0.080   0.997    71.10094    85.64616    71.99856
   108  H   1.0   0.083   1.011    69.05248    78.39906    73.54058
   109  H   1.0   0.083   1.004    68.11895    80.49477    75.40951
   110  H   1.0   0.083   1.011    71.02157    79.99210    78.34993
   111  H   1.0   0.083   1.003    73.52357    79.11338    76.48288
   112  H   1.0   0.082   1.003    69.59105    75.11472    76.35627
   113  H   1.0   0.082   1.003    69.78569    76.21832    79.57069
   114  H   1.0   0.084   1.008    74.92574    75.77045    78.04190
   115  H   1.0   0.081   0.999    73.17775    70.63796    76.90618
   116  H   1.0   0.080   0.998    75.30936    72.67130    75.20920
   117  H   1.0   0.080   0.998    72.10816    72.66563    74.61961
   118  H   1.0   0.082   1.002    74.92007    71.73778    80.85192
   119  H   1.0   0.082   1.002    71.88706    71.98533    81.31302
   120  H   1.0   0.083   1.006    72.15919    75.25456    84.05690
   121  H   1.0   0.082   1.004    74.23977    77.20475    82.22765
   122  H   1.0   0.082   1.003    77.23310    76.34304    84.91106
   123  H   1.0   0.082   1.003    77.35782    73.29491    83.65817
   124  H   1.0   0.083   1.008    74.12639    75.16385    87.97619
   125  H   1.0   0.079   0.996    77.22932    74.27946    90.95062
   126  H   1.0   0.080   0.997    79.33636    74.49111    88.35225
   127  H   1.0   0.080   0.998    78.20820    71.51857    89.32546
   128  H   1.0   0.082   1.008    74.71221    69.70254    88.28233
   129  H   1.0   0.083   1.005    73.59160    70.59449    85.15294
   130  H   1.0   0.082   1.005    70.84016    73.21176    88.72452
   131  H   1.0   0.082   1.008    71.90218    70.56237    90.31378
   132  H   1.0   0.082   1.004    68.61406    68.03013    88.29556
   133  H   1.0   0.082   1.004    69.25657    69.58538    85.23609
   134  H   1.0   0.083   1.008    66.79236    73.27979    87.19196
   135  H   1.0   0.080   0.997    64.79114    68.71421    84.49910
   136  H   1.0   0.080   1.001    65.27302    71.80392    83.79423
   137  H   1.0   0.080   0.996    62.56505    70.90441    85.51577
   138  H   1.0   0.080   0.998    65.01035    72.52768    91.14337
   139  H   1.0   0.080   0.999    66.19521    69.49089    91.22274
   140  H   1.0   0.080   0.997    63.22834    69.81026    89.87726
 
  Z AO/shell   Hii/eV     exponent
  1     Sat Feb 20 21:38:01 CET 2016    EN: 2.327 GAM: 0.473  GM3: 0.0000
     1s    -13.751157    1.051071
  6     Sat Feb 20 21:38:01 CET 2016    EN: 2.731 GAM: 0.422  GM3: 0.0000
     2s    -19.378245    2.021003
     2p    -11.993376    1.497917
  7     Sat Feb 20 21:38:01 CET 2016    EN: 3.573 GAM: 0.504  GM3: 0.0000
     2s    -21.576984    2.275442
     2p    -16.125120    2.056788
  8     Sat Feb 20 21:38:01 CET 2016    EN: 3.700 GAM: 0.587  GM3: 0.0000
     2s    -21.648843    2.110798
     2p    -17.239740    2.329048
 12     Sat Feb 20 23:25:47 CET 2016    EN: 0.033 GAM: 0.222  GM3: 0.0000
     3s    -12.693633    1.302878
     3p     -8.128821    0.504252
 
 dipole moment of classical point charges (au)
     X       Y       Z   
  -0.6268  -0.4202   0.7448  total (Debye):    2.695

 
 Nbf   :          338
 T(el) :   300.0
 calculating S/T integrals ...
 cpu time for ints   0.170759000000000     
 Nao   :          338
 making H0...
 making H1...
 cpu time for H      6.043000000000021E-003
 solving ...
 cpu time for diag   7.149199999999997E-002
 
 gap (eV)           :   1.285
 Koopmans IP (eV)   :  12.110
 Eel (Eh)           :  -268.544215
 T,E(Fermi),NFOD :    300.000   -11.467  0.000000
 T,E(Fermi),NFOD :    300.000   -11.467  0.000000
 Nfod               :  0.0000
 Nfod/Nel           :  0.0000

          eigenvalues
 #    :         164        165        166        167        168        169        170        171
 occ. :        2.000      2.000      2.000      2.000      2.000      2.000      2.000      2.000
 eps  :       -16.316    -16.114    -16.039    -15.918    -15.638    -15.565    -15.365    -15.000
 #    :         172        173        174        175        176        177        178        179
 occ. :        2.000      2.000      2.000      2.000      2.000      0.000      0.000      0.000
 eps  :       -14.804    -14.587    -14.580    -13.071    -12.111    -10.826     -9.559     -8.579
 #    :         180        181        182        183        184        185        186        187
 occ. :        0.000      0.000      0.000      0.000      0.000      0.000      0.000      0.000
 eps  :        -8.261     -8.084     -7.859     -7.797     -7.383     -7.290     -7.213     -6.884
                            1  SCC done.
 making H1...
 cpu time for H      8.626399999999998E-002
 solving ...
 cpu time for diag   3.808299999999998E-002
 
 gap (eV)           :   1.609
 Koopmans IP (eV)   :  12.060
 Eel (Eh)           :  -265.797318
 T,E(Fermi),NFOD :    300.000   -11.256  0.000000
 T,E(Fermi),NFOD :    300.000   -11.256  0.000000
 Nfod               :  0.0000
 Nfod/Nel           :  0.0000

          eigenvalues
 #    :         164        165        166        167        168        169        170        171
 occ. :        2.000      2.000      2.000      2.000      2.000      2.000      2.000      2.000
 eps  :       -15.172    -15.078    -14.981    -14.787    -14.467    -14.406    -14.382    -14.324
 #    :         172        173        174        175        176        177        178        179
 occ. :        2.000      2.000      2.000      2.000      2.000      0.000      0.000      0.000
 eps  :       -14.303    -13.982    -13.778    -12.528    -12.061    -10.453     -9.077     -8.350
 #    :         180        181        182        183        184        185        186        187
 occ. :        0.000      0.000      0.000      0.000      0.000      0.000      0.000      0.000
 eps  :        -8.158     -7.928     -7.817     -7.728     -7.290     -7.224     -7.041     -6.812
                            2  SCC done.
 
 
 Mulliken/CM5 charges    n(s)   n(p)   n(d)   
    1 MG  0.3169  0.7865   0.656  1.027  0.000
    2 C   0.0323  0.0384   1.177  2.791  0.000
    3 C  -0.0220 -0.0644   1.126  2.896  0.000
    4 C  -0.0290 -0.0709   1.119  2.910  0.000
    5 C  -0.0755 -0.1173   1.146  2.929  0.000
    6 N  -0.1291 -0.3576   1.413  3.717  0.000
    7 C   0.0573  0.1299   1.227  2.716  0.000
    8 C  -0.0327 -0.0876   1.206  2.827  0.000
    9 C  -0.0341 -0.0903   1.201  2.833  0.000
   10 C   0.0157  0.0656   1.237  2.747  0.000
   11 C  -0.0970 -0.2452   1.111  2.986  0.000
   12 C  -0.0486 -0.1545   1.150  2.899  0.000
   13 C  -0.0687 -0.1687   1.147  2.922  0.000
   14 C   0.2185  0.2700   1.188  2.594  0.000
   15 O  -0.2693 -0.3152   1.631  4.638  0.000
   16 O  -0.1266 -0.2065   1.487  4.640  0.000
   17 N  -0.2110 -0.5302   1.371  3.840  0.000
   18 C   0.0190  0.0849   1.182  2.799  0.000
   19 C  -0.0343 -0.0381   1.206  2.828  0.000
   20 C  -0.0829 -0.0776   1.215  2.868  0.000
   21 C   0.0433  0.1124   1.185  2.772  0.000
   22 C  -0.0831 -0.2278   1.069  3.014  0.000
   23 C   0.1652  0.1904   1.201  2.633  0.000
   24 O  -0.2344 -0.2895   1.618  4.617  0.000
   25 C  -0.0951 -0.2367   1.092  3.003  0.000
   26 N  -0.2071 -0.5116   1.407  3.800  0.000
   27 C   0.0259  0.0752   1.220  2.754  0.000
   28 C  -0.0127 -0.0712   1.190  2.823  0.000
   29 C  -0.0189 -0.0754   1.198  2.821  0.000
   30 C   0.0659  0.1292   1.213  2.721  0.000
   31 C  -0.0799 -0.2282   1.096  2.983  0.000
   32 C  -0.0626 -0.1732   1.155  2.908  0.000
   33 C  -0.0869 -0.2373   1.097  2.990  0.000
   34 N  -0.2207 -0.4915   1.404  3.816  0.000
   35 C   0.0242  0.0835   1.213  2.763  0.000
   36 C   0.0072  0.0008   1.204  2.789  0.000
   37 C  -0.0354 -0.0279   1.168  2.867  0.000
   38 C   0.0464  0.1271   1.179  2.775  0.000
   39 C  -0.0646 -0.2083   1.069  2.996  0.000
   40 C   0.1423  0.1739   1.193  2.665  0.000
   41 O  -0.2351 -0.2765   1.637  4.598  0.000
   42 C  -0.0361 -0.0785   1.181  2.855  0.000
   43 C   0.2451  0.2996   1.172  2.583  0.000
   44 O  -0.2451 -0.2951   1.616  4.629  0.000
   45 O  -0.1920 -0.2740   1.505  4.687  0.000
   46 C  -0.0020 -0.1264   1.099  2.903  0.000
   47 C   0.0468 -0.0332   1.142  2.811  0.000
   48 C  -0.0874 -0.1426   1.177  2.911  0.000
   49 C  -0.0044 -0.0291   1.209  2.795  0.000
   50 C  -0.0955 -0.2412   1.086  3.009  0.000
   51 C  -0.0680 -0.1767   1.123  2.945  0.000
   52 C  -0.0610 -0.1723   1.147  2.914  0.000
   53 C  -0.0561 -0.1653   1.159  2.897  0.000
   54 C  -0.0340 -0.1062   1.218  2.816  0.000
   55 C  -0.1150 -0.2657   1.105  3.010  0.000
   56 C  -0.0707 -0.1820   1.157  2.913  0.000
   57 C  -0.0519 -0.1637   1.144  2.908  0.000
   58 C  -0.0733 -0.1852   1.161  2.912  0.000
   59 C  -0.0419 -0.1151   1.224  2.818  0.000
   60 C  -0.1158 -0.2655   1.117  2.999  0.000
   61 C  -0.0631 -0.1756   1.148  2.915  0.000
   62 C  -0.0810 -0.1940   1.158  2.923  0.000
   63 C  -0.0467 -0.1555   1.153  2.894  0.000
   64 C  -0.0124 -0.0875   1.201  2.811  0.000
   65 C  -0.1160 -0.2670   1.108  3.008  0.000
   66 C  -0.1090 -0.2580   1.107  3.002  0.000
   67 H   0.0576  0.1162   0.942  0.000  0.000
   68 H   0.0652  0.1310   0.935  0.000  0.000
   69 H   0.0525  0.1106   0.947  0.000  0.000
   70 H   0.0400  0.1061   0.960  0.000  0.000
   71 H   0.0339  0.0967   0.966  0.000  0.000
   72 H   0.0417  0.0941   0.958  0.000  0.000
   73 H   0.0330  0.0837   0.967  0.000  0.000
   74 H   0.0422  0.0945   0.958  0.000  0.000
   75 H   0.0373  0.0958   0.963  0.000  0.000
   76 H   0.0471  0.1090   0.953  0.000  0.000
   77 H   0.0330  0.0982   0.967  0.000  0.000
   78 H   0.0455  0.1017   0.954  0.000  0.000
   79 H   0.0459  0.0992   0.954  0.000  0.000
   80 H   0.0426  0.0950   0.957  0.000  0.000
   81 H   0.0465  0.0985   0.954  0.000  0.000
   82 H   0.0483  0.1019   0.952  0.000  0.000
   83 H   0.0440  0.1013   0.956  0.000  0.000
   84 H   0.0435  0.0960   0.957  0.000  0.000
   85 H   0.0463  0.1089   0.954  0.000  0.000
   86 H   0.0552  0.1168   0.945  0.000  0.000
   87 H   0.0389  0.0926   0.961  0.000  0.000
   88 H   0.0367  0.0893   0.963  0.000  0.000
   89 H   0.0418  0.0935   0.958  0.000  0.000
   90 H   0.0308  0.0872   0.969  0.000  0.000
   91 H   0.0352  0.0902   0.965  0.000  0.000
   92 H   0.0382  0.0896   0.962  0.000  0.000
   93 H   0.0410  0.0970   0.959  0.000  0.000
   94 H   0.0424  0.0939   0.958  0.000  0.000
   95 H   0.0463  0.0991   0.954  0.000  0.000
   96 H   0.0542  0.1078   0.946  0.000  0.000
   97 H   0.0582  0.1118   0.942  0.000  0.000
   98 H   0.0579  0.1259   0.942  0.000  0.000
   99 H   0.0540  0.1141   0.946  0.000  0.000
  100 H   0.0475  0.1098   0.953  0.000  0.000
  101 H   0.0506  0.1084   0.949  0.000  0.000
  102 H   0.0619  0.1286   0.938  0.000  0.000
  103 H   0.0602  0.1210   0.940  0.000  0.000
  104 H   0.0331  0.0922   0.967  0.000  0.000
  105 H   0.0400  0.0929   0.960  0.000  0.000
  106 H   0.0424  0.0943   0.958  0.000  0.000
  107 H   0.0384  0.0898   0.962  0.000  0.000
  108 H   0.0356  0.0944   0.964  0.000  0.000
  109 H   0.0433  0.0999   0.957  0.000  0.000
  110 H   0.0239  0.0819   0.976  0.000  0.000
  111 H   0.0448  0.1020   0.955  0.000  0.000
  112 H   0.0434  0.1004   0.957  0.000  0.000
  113 H   0.0391  0.0958   0.961  0.000  0.000
  114 H   0.0400  0.1007   0.960  0.000  0.000
  115 H   0.0272  0.0800   0.973  0.000  0.000
  116 H   0.0288  0.0805   0.971  0.000  0.000
  117 H   0.0337  0.0858   0.966  0.000  0.000
  118 H   0.0428  0.0991   0.957  0.000  0.000
  119 H   0.0318  0.0873   0.968  0.000  0.000
  120 H   0.0373  0.0953   0.963  0.000  0.000
  121 H   0.0467  0.1032   0.953  0.000  0.000
  122 H   0.0356  0.0913   0.964  0.000  0.000
  123 H   0.0254  0.0822   0.975  0.000  0.000
  124 H   0.0284  0.0886   0.972  0.000  0.000
  125 H   0.0341  0.0848   0.966  0.000  0.000
  126 H   0.0343  0.0858   0.966  0.000  0.000
  127 H   0.0271  0.0791   0.973  0.000  0.000
  128 H   0.0416  0.0992   0.958  0.000  0.000
  129 H   0.0321  0.0909   0.968  0.000  0.000
  130 H   0.0240  0.0819   0.976  0.000  0.000
  131 H   0.0384  0.0950   0.962  0.000  0.000
  132 H   0.0398  0.0966   0.960  0.000  0.000
  133 H   0.0438  0.1011   0.956  0.000  0.000
  134 H   0.0390  0.0981   0.961  0.000  0.000
  135 H   0.0234  0.0751   0.977  0.000  0.000
  136 H   0.0253  0.0780   0.975  0.000  0.000
  137 H   0.0405  0.0916   0.960  0.000  0.000
  138 H   0.0342  0.0858   0.966  0.000  0.000
  139 H   0.0270  0.0798   0.973  0.000  0.000
  140 H   0.0398  0.0917   0.960  0.000  0.000
 Hirshfeld charges for QMDFF written to <charges>
 
 Loewdin charges    n(s)   n(p)   n(d)
    1 MG  0.1534   0.669  1.178  0.000
    2 C   0.0321   1.138  2.830  0.000
    3 C  -0.0177   1.073  2.944  0.000
    4 C  -0.0251   1.064  2.961  0.000
    5 C  -0.0730   1.096  2.977  0.000
    6 N  -0.0972   1.370  3.727  0.000
    7 C   0.0570   1.192  2.751  0.000
    8 C  -0.0273   1.160  2.868  0.000
    9 C  -0.0272   1.154  2.873  0.000
   10 C   0.0195   1.202  2.779  0.000
   11 C  -0.0990   1.040  3.059  0.000
   12 C  -0.0426   1.090  2.953  0.000
   13 C  -0.0700   1.089  2.981  0.000
   14 C   0.1939   1.163  2.643  0.000
   15 O  -0.2564   1.603  4.654  0.000
   16 O  -0.0898   1.451  4.639  0.000
   17 N  -0.1711   1.323  3.849  0.000
   18 C   0.0180   1.144  2.838  0.000
   19 C  -0.0244   1.164  2.860  0.000
   20 C  -0.0918   1.180  2.911  0.000
   21 C   0.0478   1.145  2.808  0.000
   22 C  -0.0865   0.995  3.091  0.000
   23 C   0.1614   1.166  2.673  0.000
   24 O  -0.2168   1.585  4.632  0.000
   25 C  -0.1017   1.020  3.082  0.000
   26 N  -0.1668   1.360  3.806  0.000
   27 C   0.0328   1.181  2.786  0.000
   28 C  -0.0041   1.141  2.863  0.000
   29 C  -0.0119   1.150  2.861  0.000
   30 C   0.0710   1.175  2.754  0.000
   31 C  -0.0820   1.024  3.058  0.000
   32 C  -0.0582   1.097  2.961  0.000
   33 C  -0.0867   1.025  3.062  0.000
   34 N  -0.1898   1.361  3.829  0.000
   35 C   0.0246   1.177  2.798  0.000
   36 C   0.0174   1.161  2.822  0.000
   37 C  -0.0442   1.130  2.914  0.000
   38 C   0.0490   1.139  2.812  0.000
   39 C  -0.0653   0.993  3.072  0.000
   40 C   0.1378   1.159  2.704  0.000
   41 O  -0.2214   1.608  4.613  0.000
   42 C  -0.0371   1.133  2.904  0.000
   43 C   0.2213   1.145  2.634  0.000
   44 O  -0.2275   1.582  4.645  0.000
   45 O  -0.1623   1.474  4.688  0.000
   46 C  -0.0078   1.029  2.979  0.000
   47 C   0.0467   1.086  2.868  0.000
   48 C  -0.0891   1.132  2.958  0.000
   49 C   0.0097   1.166  2.824  0.000
   50 C  -0.0989   1.014  3.085  0.000
   51 C  -0.0672   1.063  3.004  0.000
   52 C  -0.0574   1.088  2.969  0.000
   53 C  -0.0524   1.101  2.951  0.000
   54 C  -0.0243   1.172  2.852  0.000
   55 C  -0.1199   1.035  3.085  0.000
   56 C  -0.0687   1.100  2.968  0.000
   57 C  -0.0465   1.084  2.962  0.000
   58 C  -0.0705   1.104  2.967  0.000
   59 C  -0.0329   1.179  2.854  0.000
   60 C  -0.1193   1.047  3.072  0.000
   61 C  -0.0605   1.090  2.970  0.000
   62 C  -0.0794   1.101  2.978  0.000
   63 C  -0.0420   1.094  2.948  0.000
   64 C  -0.0000   1.153  2.847  0.000
   65 C  -0.1208   1.038  3.083  0.000
   66 C  -0.1134   1.037  3.077  0.000
   67 H   0.0521   0.948  0.000  0.000
   68 H   0.0583   0.942  0.000  0.000
   69 H   0.0472   0.953  0.000  0.000
   70 H   0.0340   0.966  0.000  0.000
   71 H   0.0295   0.970  0.000  0.000
   72 H   0.0413   0.959  0.000  0.000
   73 H   0.0337   0.966  0.000  0.000
   74 H   0.0417   0.958  0.000  0.000
   75 H   0.0340   0.966  0.000  0.000
   76 H   0.0429   0.957  0.000  0.000
   77 H   0.0307   0.969  0.000  0.000
   78 H   0.0420   0.958  0.000  0.000
   79 H   0.0452   0.955  0.000  0.000
   80 H   0.0427   0.957  0.000  0.000
   81 H   0.0466   0.953  0.000  0.000
   82 H   0.0478   0.952  0.000  0.000
   83 H   0.0426   0.957  0.000  0.000
   84 H   0.0439   0.956  0.000  0.000
   85 H   0.0412   0.959  0.000  0.000
   86 H   0.0489   0.951  0.000  0.000
   87 H   0.0382   0.962  0.000  0.000
   88 H   0.0371   0.963  0.000  0.000
   89 H   0.0407   0.959  0.000  0.000
   90 H   0.0293   0.971  0.000  0.000
   91 H   0.0327   0.967  0.000  0.000
   92 H   0.0374   0.963  0.000  0.000
   93 H   0.0436   0.956  0.000  0.000
   94 H   0.0414   0.959  0.000  0.000
   95 H   0.0462   0.954  0.000  0.000
   96 H   0.0518   0.948  0.000  0.000
   97 H   0.0557   0.944  0.000  0.000
   98 H   0.0497   0.950  0.000  0.000
   99 H   0.0495   0.951  0.000  0.000
  100 H   0.0440   0.956  0.000  0.000
  101 H   0.0478   0.952  0.000  0.000
  102 H   0.0534   0.947  0.000  0.000
  103 H   0.0531   0.947  0.000  0.000
  104 H   0.0270   0.973  0.000  0.000
  105 H   0.0394   0.961  0.000  0.000
  106 H   0.0422   0.958  0.000  0.000
  107 H   0.0382   0.962  0.000  0.000
  108 H   0.0342   0.966  0.000  0.000
  109 H   0.0412   0.959  0.000  0.000
  110 H   0.0223   0.978  0.000  0.000
  111 H   0.0423   0.958  0.000  0.000
  112 H   0.0408   0.959  0.000  0.000
  113 H   0.0359   0.964  0.000  0.000
  114 H   0.0351   0.965  0.000  0.000
  115 H   0.0284   0.972  0.000  0.000
  116 H   0.0292   0.971  0.000  0.000
  117 H   0.0351   0.965  0.000  0.000
  118 H   0.0411   0.959  0.000  0.000
  119 H   0.0302   0.970  0.000  0.000
  120 H   0.0347   0.965  0.000  0.000
  121 H   0.0436   0.956  0.000  0.000
  122 H   0.0333   0.967  0.000  0.000
  123 H   0.0239   0.976  0.000  0.000
  124 H   0.0247   0.975  0.000  0.000
  125 H   0.0340   0.966  0.000  0.000
  126 H   0.0349   0.965  0.000  0.000
  127 H   0.0282   0.972  0.000  0.000
  128 H   0.0397   0.960  0.000  0.000
  129 H   0.0305   0.970  0.000  0.000
  130 H   0.0235   0.976  0.000  0.000
  131 H   0.0363   0.964  0.000  0.000
  132 H   0.0364   0.964  0.000  0.000
  133 H   0.0407   0.959  0.000  0.000
  134 H   0.0336   0.966  0.000  0.000
  135 H   0.0248   0.975  0.000  0.000
  136 H   0.0265   0.973  0.000  0.000
  137 H   0.0405   0.959  0.000  0.000
  138 H   0.0339   0.966  0.000  0.000
  139 H   0.0286   0.971  0.000  0.000
  140 H   0.0396   0.960  0.000  0.000
 
 Wiberg/Mayer (AO) data. WBOs > 0.1 written file <wbo>
 largest (>0.05) Wiberg bond orders for each atom
           total WBO             WBO to atom ...
     1  MG  2.525    N   17 0.525    N   26 0.480    N   34 0.450    N    6 0.325    C   21 0.058    C   27 0.058
     2  C   3.887    C    7 1.294    C   38 1.251    C   42 0.955
     3  C   3.918    C   10 1.470    C   18 1.248    H   67 0.935
     4  C   3.941    C   27 1.544    C   21 1.198    H   68 0.924
     5  C   3.900    C   30 1.389    C   35 1.237    H   69 0.942
     6  N   3.319    C    7 1.399    C   10 1.152    MG   1 0.325
     7  C   3.870    N    6 1.399    C    2 1.294    C    8 0.924
     8  C   3.931    C    9 0.964    H   70 0.939    C   12 0.933    C    7 0.924
     9  C   3.929    C    8 0.964    C   11 0.945    H   71 0.945    C   10 0.941
    10  C   3.844    C    3 1.470    N    6 1.152    C    9 0.941    C   19 0.053
    11  C   3.961    H   73 0.984    H   74 0.978    H   72 0.978    C    9 0.945
    12  C   3.952    C   13 0.989    H   75 0.966    H   76 0.961    C    8 0.933
    13  C   3.959    C   12 0.989    H   77 0.964    H   78 0.954    C   14 0.892    O   15 0.093
    14  C   3.886    O   15 1.819    O   16 1.137    C   13 0.892
    15  O   2.136    C   14 1.819    O   16 0.169    C   13 0.093
    16  O   2.349    C   14 1.137    C   47 0.947    O   15 0.169
    17  N   3.350    C   21 1.235    C   18 1.159    MG   1 0.525    C   20 0.067    C   19 0.053    C   27 0.050
    18  C   3.867    C    3 1.248    C   19 1.191    N   17 1.159
    19  C   3.873    C   20 1.399    C   18 1.191    C   22 1.012    N   17 0.053    C   10 0.053
    20  C   3.873    C   19 1.399    C   21 1.150    C   23 0.962    O   24 0.085    N   17 0.067
    21  C   3.877    N   17 1.235    C    4 1.198    C   20 1.150    MG   1 0.058
    22  C   3.977    C   19 1.012    H   81 0.972    H   79 0.961    H   80 0.959
    23  C   3.882    O   24 1.861    C   25 0.968    C   20 0.962
    24  O   2.182    C   23 1.861    C   20 0.085    C   25 0.072
    25  C   3.980    H   83 0.970    C   23 0.968    H   84 0.961    H   82 0.957    O   24 0.072
    26  N   3.335    C   30 1.283    C   27 1.113    MG   1 0.480
    27  C   3.870    C    4 1.544    N   26 1.113    C   28 0.919    MG   1 0.058    N   17 0.050
    28  C   3.938    C   31 0.985    C   29 0.947    H   85 0.942    C   27 0.919
    29  C   3.936    C   32 0.950    C   28 0.947    C   30 0.946    H   86 0.932
    30  C   3.859    C    5 1.389    N   26 1.283    C   29 0.946
    31  C   3.973    C   28 0.985    H   89 0.978    H   87 0.977    H   88 0.974
    32  C   3.953    C   33 0.995    H   91 0.970    H   90 0.969    C   29 0.950
    33  C   3.982    C   32 0.995    H   92 0.987    H   94 0.985    H   93 0.969
    34  N   3.285    C   38 1.262    C   35 1.132    MG   1 0.450    C   37 0.070
    35  C   3.865    C    5 1.237    C   36 1.223    N   34 1.132
    36  C   3.878    C   37 1.331    C   35 1.223    C   39 1.014    O   41 0.066
    37  C   3.910    C   36 1.331    C   38 1.132    C   40 1.114    N   34 0.070    O   41 0.066
    38  C   3.913    N   34 1.262    C    2 1.251    C   37 1.132
    39  C   3.981    C   36 1.014    H   95 0.971    H   96 0.964    H   97 0.956
    40  C   3.898    O   41 1.787    C   37 1.114    C   42 0.851
    41  O   2.134    C   40 1.787    C   42 0.083    C   37 0.066    C   36 0.066
    42  C   3.949    C    2 0.955    C   43 0.936    H   98 0.928    C   40 0.851    O   41 0.083    O   44 0.064
    43  C   3.892    O   44 1.874    O   45 1.006    C   42 0.936
    44  O   2.178    C   43 1.874    O   45 0.165    C   42 0.064
    45  O   2.232    C   43 1.006    C   46 0.978    O   44 0.165
    46  C   3.948    H  101 0.988    H   99 0.986    H  100 0.983    O   45 0.978
    47  C   3.922    H  103 0.969    C   48 0.968    H  102 0.964    O   16 0.947
    48  C   3.947    C   49 1.872    C   47 0.968    H  104 0.946
    49  C   3.936    C   48 1.872    C   51 1.003    C   50 0.972
    50  C   3.983    H  107 0.977    H  105 0.974    C   49 0.972    H  106 0.970
    51  C   3.960    C   49 1.003    C   52 0.959    H  109 0.952    H  108 0.941
    52  C   3.960    C   53 0.990    H  110 0.972    C   51 0.959    H  111 0.955
    53  C   3.963    C   52 0.990    H  113 0.968    H  112 0.958    C   54 0.958
    54  C   3.932    C   55 0.989    C   56 0.964    C   53 0.958    H  114 0.951
    55  C   3.977    C   54 0.989    H  116 0.980    H  115 0.979    H  117 0.973
    56  C   3.955    C   57 0.985    H  119 0.966    C   54 0.964    H  118 0.955
    57  C   3.970    C   56 0.985    C   58 0.985    H  120 0.967    H  121 0.963
    58  C   3.961    C   57 0.985    C   59 0.968    H  123 0.965    H  122 0.963
    59  C   3.927    C   61 0.982    C   58 0.968    C   60 0.955    H  124 0.954
    60  C   3.974    H  125 0.985    H  127 0.984    H  126 0.982    C   59 0.955
    61  C   3.969    C   62 0.990    C   59 0.982    H  128 0.962    H  129 0.958
    62  C   3.959    C   61 0.990    H  131 0.969    C   63 0.968    H  130 0.962
    63  C   3.966    C   64 0.990    C   62 0.968    H  132 0.966    H  133 0.959
    64  C   3.941    C   63 0.990    C   65 0.980    C   66 0.978    H  134 0.955
    65  C   3.973    H  135 0.981    H  136 0.981    C   64 0.980    H  137 0.975
    66  C   3.979    H  138 0.982    H  139 0.980    H  140 0.979    C   64 0.978
    67  H   0.993    C    3 0.935
    68  H   0.992    C    4 0.924
    69  H   0.994    C    5 0.942
    70  H   0.995    C    8 0.939
    71  H   0.996    C    9 0.945
    72  H   0.996    C   11 0.978
    73  H   0.998    C   11 0.984
    74  H   0.997    C   11 0.978
    75  H   0.998    C   12 0.966
    76  H   0.996    C   12 0.961
    77  H   0.999    C   13 0.964
    78  H   0.997    C   13 0.954
    79  H   0.994    C   22 0.961
    80  H   0.991    C   22 0.959
    81  H   0.996    C   22 0.972
    82  H   0.997    C   25 0.957
    83  H   0.996    C   25 0.970
    84  H   0.998    C   25 0.961
    85  H   0.995    C   28 0.942
    86  H   0.993    C   29 0.932
    87  H   0.998    C   31 0.977
    88  H   0.997    C   31 0.974
    89  H   0.997    C   31 0.978
    90  H   0.997    C   32 0.969
    91  H   0.997    C   32 0.970
    92  H   0.998    C   33 0.987
    93  H   0.998    C   33 0.969
    94  H   0.998    C   33 0.985
    95  H   0.995    C   39 0.971
    96  H   0.994    C   39 0.964
    97  H   0.992    C   39 0.956
    98  H   0.991    C   42 0.928
    99  H   0.997    C   46 0.986
   100  H   0.998    C   46 0.983
   101  H   0.997    C   46 0.988
   102  H   0.996    C   47 0.964
   103  H   0.996    C   47 0.969
   104  H   0.999    C   48 0.946
   105  H   0.998    C   50 0.974
   106  H   0.998    C   50 0.970
   107  H   0.997    C   50 0.977
   108  H   0.999    C   51 0.941
   109  H   0.996    C   51 0.952
   110  H   0.999    C   52 0.972
   111  H   0.998    C   52 0.955
   112  H   0.998    C   53 0.958
   113  H   0.998    C   53 0.968
   114  H   0.998    C   54 0.951
   115  H   0.999    C   55 0.979
   116  H   0.999    C   55 0.980
   117  H   0.998    C   55 0.973
   118  H   0.997    C   56 0.955
   119  H   0.999    C   56 0.966
   120  H   0.999    C   57 0.967
   121  H   0.998    C   57 0.963
   122  H   0.998    C   58 0.963
   123  H   0.999    C   58 0.965
   124  H   0.999    C   59 0.954
   125  H   0.998    C   60 0.985
   126  H   0.998    C   60 0.982
   127  H   0.999    C   60 0.984
   128  H   0.998    C   61 0.962
   129  H   0.999    C   61 0.958
   130  H   0.999    C   62 0.962
   131  H   0.998    C   62 0.969
   132  H   0.998    C   63 0.966
   133  H   0.998    C   63 0.959
   134  H   0.998    C   64 0.955
   135  H   0.999    C   65 0.981
   136  H   0.999    C   65 0.981
   137  H   0.997    C   65 0.975
   138  H   0.999    C   66 0.982
   139  H   0.999    C   66 0.980
   140  H   0.998    C   66 0.979
 
 --------------------------------------------
          xTB calculation for sTDA...
 --------------------------------------------
 
 reading parameter file ~/.param_stda2.xtb
 
      method parameters     
 k(s)        :  1.6000
 k(p)        :  2.1800
 k(d)        :  1.9500
 k(f)        :  2.0000
 k(R-V)      :  2.2750
 k(R-R)      :  1.7650
 Tscal       :  0.2580
 Gscal       :  1.0000
 fpol        :  1.0000
 Zcnf        :  0.3430
 Zqf         :  0.0000
 kcn         :  2.7000
 Ryd Hsplit  :  0.7000
 lshift(virt):  3.1000
 lshift(OS)  :  0.2000
 wllscaling  :  2.6000
 
 mowrcut     : 3.000
 
  Z AO/shell   Hii/eV     exponent
  1     Sun Feb 14 09:53:25 CET 2016    EN: 2.327 GAM: 0.473  GM3: 0.0000
     1s    -14.339618    1.220000
     2sp    -3.348946    0.600000
  6     Sun Feb 14 09:53:25 CET 2016    EN: 2.731 GAM: 0.422  GM3: 0.0000
     2s    -22.009312    1.565095
     2p    -13.020408    1.596905
     3sp    -3.914040    0.824500
  7     Sun Feb 14 09:53:25 CET 2016    EN: 3.573 GAM: 0.504  GM3: 0.0000
     2s    -25.722000    2.064844
     2p    -18.684912    1.801692
     3sp    -4.344791    0.921400
  8     Sun Feb 14 09:53:25 CET 2016    EN: 3.700 GAM: 0.587  GM3: 0.0000
     2s    -33.859000    2.418661
     2p    -22.175911    1.973969
     3sp    -4.259392    1.013700
 12     Sun Feb 21 16:58:31 CET 2016    EN: 0.033 GAM: 0.222  GM3: 0.0000
     3s    -11.092543    1.647583
     3p     -6.929529    0.855020
 
 Nbf   :          894
 T(el) :     0.0
 calculating S/T integrals ...
 cpu time for ints    1.21857800000000     
 Nao   :          894
 making H0...
 making H1...
 cpu time for H      2.553500000000009E-002
 solving ...
 cpu time for diag   0.264027000000000     
 
 gap (eV)           :   4.583
 Koopmans IP (eV)   :  13.302
 Eel (Eh)           :  -301.381741

          eigenvalues
 #    :         164        165        166        167        168        169        170        171
 occ. :        2.000      2.000      2.000      2.000      2.000      2.000      2.000      2.000
 eps  :       -17.461    -17.341    -16.831    -16.427    -16.294    -16.077    -15.968    -15.726
 #    :         172        173        174        175        176        177        178        179
 occ. :        2.000      2.000      2.000      2.000      2.000      0.000      0.000      0.000
 eps  :       -15.457    -15.419    -15.063    -13.817    -13.304     -8.720     -6.905     -6.706
 #    :         180        181        182        183        184        185        186        187
 occ. :        0.000      0.000      0.000      0.000      0.000      0.000      0.000      0.000
 eps  :        -6.274     -5.955     -5.933     -5.529     -5.322     -5.185     -5.111     -5.015
                            1  SCC done.
 writing mo output ...
 molden style : F
 
speedup  1.19
cpu  time for all    2.11 s
wall time for all    1.77 s
