cpu-bind=MASK - bp1-compute196, task 4294967295 4294967295 [0]: mask 0x1fffffe01fffffe set
Host:    bp1-compute196.data.bp.acrc.priv
Time:    Wed May  4 18:22:59 BST 2022
Dir:     /user/home/of15641/chlorophyll_parameterization/tddft_data/step_351_chromophore_3
Job ID:  1692280
Nodelist:
cat: bp1-compute196: No such file or directory
  
Result dir: /user/home/of15641/chlorophyll_parameterization/tddft_data/step_351_chromophore_3
running gaussian jobs
Running time g16 < CAMB3LYP_step_351_chromophore_3.com > CAMB3LYP_step_351_chromophore_3.log

real	38m47.403s
user	918m45.665s
sys	0m30.632s
Running time g16 < PBE0_step_351_chromophore_3.com > PBE0_step_351_chromophore_3.log

real	19m19.297s
user	461m38.493s
sys	0m22.100s
Running time g16 < wB97XD_step_351_chromophore_3.com > wB97XD_step_351_chromophore_3.log

real	40m47.354s
user	966m30.347s
sys	0m31.837s
Running time g16 < BLYP_step_351_chromophore_3.com > BLYP_step_351_chromophore_3.log

real	13m17.584s
user	317m3.038s
sys	0m24.770s
Running time g16 < ZINDO_step_351_chromophore_3.com > ZINDO_step_351_chromophore_3.log

real	0m6.983s
user	2m32.786s
sys	0m2.711s
