cpu-bind=MASK - bp1-compute168, task 4294967295 4294967295 [0]: mask 0xffffff00ffffff set
Host:    bp1-compute168.data.bp.acrc.priv
Time:    Thu May  5 10:54:28 BST 2022
Dir:     /user/home/of15641/chlorophyll_parameterization/tddft_data/step_851_chromophore_2
Job ID:  1692429
Nodelist:
cat: bp1-compute168: No such file or directory
  
Result dir: /user/home/of15641/chlorophyll_parameterization/tddft_data/step_851_chromophore_2
running gaussian jobs
Running time g16 < CAMB3LYP_step_851_chromophore_2.com > CAMB3LYP_step_851_chromophore_2.log

real	25m45.341s
user	606m32.292s
sys	0m36.298s
Running time g16 < PBE0_step_851_chromophore_2.com > PBE0_step_851_chromophore_2.log

real	15m55.039s
user	379m35.469s
sys	0m32.970s
Running time g16 < wB97XD_step_851_chromophore_2.com > wB97XD_step_851_chromophore_2.log

real	26m41.241s
user	628m22.506s
sys	0m31.315s
Running time g16 < BLYP_step_851_chromophore_2.com > BLYP_step_851_chromophore_2.log

real	12m37.403s
user	300m52.072s
sys	0m27.857s
Running time g16 < ZINDO_step_851_chromophore_2.com > ZINDO_step_851_chromophore_2.log

real	0m7.129s
user	2m36.320s
sys	0m2.826s
