cpu-bind=MASK - bp1-compute183, task 4294967295 4294967295 [0]: mask 0x3fffffc03fffffc set
Host:    bp1-compute183.data.bp.acrc.priv
Time:    Thu May  5 02:48:14 BST 2022
Dir:     /user/home/of15641/chlorophyll_parameterization/tddft_data/step_551_chromophore_24
Job ID:  1692343
Nodelist:
cat: bp1-compute183: No such file or directory
  
Result dir: /user/home/of15641/chlorophyll_parameterization/tddft_data/step_551_chromophore_24
running gaussian jobs
Running time g16 < CAMB3LYP_step_551_chromophore_24.com > CAMB3LYP_step_551_chromophore_24.log

real	31m53.244s
user	750m19.383s
sys	1m56.774s
Running time g16 < PBE0_step_551_chromophore_24.com > PBE0_step_551_chromophore_24.log

real	26m56.786s
user	641m43.457s
sys	2m14.166s
Running time g16 < wB97XD_step_551_chromophore_24.com > wB97XD_step_551_chromophore_24.log

real	36m52.534s
user	870m16.111s
sys	1m35.261s
Running time g16 < BLYP_step_551_chromophore_24.com > BLYP_step_551_chromophore_24.log

real	17m0.434s
user	405m19.828s
sys	0m43.254s
Running time g16 < ZINDO_step_551_chromophore_24.com > ZINDO_step_551_chromophore_24.log

real	0m10.226s
user	3m47.575s
sys	0m3.191s
