 
        ______________________________________
       |                                      |
       |          ===================         |
       |             xTB for sTDA             |
       |          ===================         |
       |               S. Grimme              |
       |        Universitaet Bonn, MCTC       |
       |         2015-19, Version 1.0         |
       |     Wed Apr  3 09:14:55 CEST 2019    |
       |______________________________________|
 
        This code comes without any warranty
        for non-commercial, academia use only.
        Preliminary test version.
        Cite this work as:
        S. Grimme  &  C. Bannwarth, JCP 145 (2016) 054103
        if GBSA is used additionally:
        P. Shushkov, F. März, C. Bannwarth, S. Grimme, unpublished.
 
        with help from
        P. Shushkov, G. Brandenburg, S. Dohm, J. Pisarek,
        F. März, M. Checinski, S. Ehrlich, S. Spicher, 
        P. Pracht, E. Caldeweyher, S. Ehlert, and C. Bannwarth.
 
        usage        :
        xtb4stda <coord_file> [options]
        where <coord_file> is a valid file of TM)
        (*coord, Bohr) or xmol (*xyz, Angstroem)
        format.

        options:
        -chrg <int>   : molecular charge
        -uhf  <int>   : # of unpaired electrons(=2*S)
        -nox          : skip second, extended part in sTDA-xTB
        -pop          : do population analysis
                      : (default for -nox)
        -mowr <real>  : cut MO write above (def.3 Eh)
        -molden       : write formatted molden file
        -parx <file>  : read parameters for sTDA-xTB
                        calc (def:~/.param_stda2.xtb)
        -parv <file>  : read parameters for vTB part in
                        sTDA-xTB (def: ~/.param_stda1.xtb)
        -xtemp <real> : el. temp for xTB (def. 0 K)
        -etemp <real> : el. temp for GFN (def. 300 K)
        -fod          : calculate the FOD and write
                        molden.input file with
                        appropriate occupations
                        for plotting. Def. T=12500 K
 
        -acc <real>   : xTB accuracy (def. 1.0)
        -gbsa [string1] [string2]
                        use GBSA implicit solvent
                        for solvent [string1] and
                        solvation state [string2]=
                        reference, bar1M (default=1M)
        additional GFN/opt/MD/siman options read from
        $XTB4STDAHOME/.xtb4stdarc or $set in input
 
       spin and charge state information can be on:
       <.CHRG> (charge) and <.UHF> (=nalpha-nbeta)
       -uhf and -chrg override the file info.
       useful machine settings:
       setenv MKL_NUM_THREADS <NCORE_ON_YOUR_MACHINE>
       setenv OMP_STACKSIZE 500m
       limit stacksize unlimited
 
       total energies in Eh, gaps/HL energies in eV
       please read REVISION and HOWTO files carefully
 =============================
  # OMP threads =           4
 =============================
 
 xtb4stdahome directory:~/
 
 
 name of molecule           :
 comment line               :
 number of atoms            :   140
 number of electrons        :   352
 charge                     :  0
 spin                       : 0.0
 first test random number   :  0.7578
 
 -----------------------------------------
      charge density (VTB) calculation
 -----------------------------------------
 
      method parameters     
 k(s)        :  1.8000
 k(p)        :  2.8350
 k(d)        :  2.0860
 k(f)        :  2.0000
 Tscal       :  0.3300
 Gscal       :  0.3910
 fpol        :  1.0000
 Zcnf        :  0.6500
 Zqf         :  0.0000
 kcn         :  0.3000
 kEN1        : -0.5900
 wllscal     :  2.6000
 
     -------------------------
     ! NO SOLVENT MODEL USED !
     -------------------------
 
 doing EN charges ...
 sum q :  0.2109424D-14
 point charge moment (au)
     X       Y       Z   
  -0.3303  -0.7243   0.5693  total (Debye):    2.488
 
            Z      q(EN)   CN      Cart. coordinates
     1  MG  2.0   0.892   4.723    76.80791    77.96631    51.50070
     2  C   4.0   0.021   3.291    75.95376    82.12182    56.74280
     3  C   4.0  -0.059   3.176    78.82047    73.54246    55.66755
     4  C   4.0  -0.058   3.165    79.07747    74.71032    46.65544
     5  C   4.0  -0.056   3.135    75.40007    83.09692    47.40000
     6  N   5.0  -0.376   3.131    77.45798    78.00600    55.74881
     7  C   4.0   0.108   3.367    76.49611    79.66707    57.44200
     8  C   4.0  -0.094   4.141    76.57359    78.61071    60.08384
     9  C   4.0  -0.095   4.150    77.72821    75.90084    59.64542
    10  C   4.0   0.116   3.373    78.20631    75.86872    56.79760
    11  C   4.0  -0.236   4.013    80.08281    75.49644    61.49735
    12  C   4.0  -0.161   4.018    73.81081    78.69953    61.46901
    13  C   4.0  -0.168   4.039    73.60105    77.49388    64.24501
    14  C   4.0   0.186   3.132    72.64484    79.19275    66.31615
    15  O   6.0  -0.095   1.053    70.38473    79.24188    66.88685
    16  O   6.0  -0.133   2.051    74.52134    80.17918    67.65597
    17  N   5.0  -0.445   3.230    78.75622    74.64795    51.26260
    18  C   4.0   0.075   3.497    79.35526    72.93964    53.11831
    19  C   4.0   0.011   3.313    80.30579    70.68331    52.04872
    20  C   4.0   0.004   3.305    80.46642    70.97622    49.50515
    21  C   4.0   0.064   3.532    79.41762    73.47254    49.01193
    22  C   4.0  -0.246   4.035    81.10137    68.43076    53.69089
    23  C   4.0   0.102   3.064    81.44341    69.13562    47.63243
    24  O   6.0  -0.094   1.056    81.63049    69.59483    45.33642
    25  C   4.0  -0.248   4.041    81.71742    66.41253    48.47525
    26  N   5.0  -0.417   3.150    76.94964    78.68252    47.62676
    27  C   4.0   0.101   3.374    77.93041    76.98932    46.02428
    28  C   4.0  -0.094   4.142    77.52223    77.90395    43.20480
    29  C   4.0  -0.095   4.129    75.74589    80.26233    43.45614
    30  C   4.0   0.071   3.348    76.05202    80.83114    46.25860
    31  C   4.0  -0.237   4.024    80.11682    78.48032    41.90656
    32  C   4.0  -0.163   4.035    72.89996    79.80313    42.67568
    33  C   4.0  -0.239   4.015    71.54502    77.81325    44.28762
    34  N   5.0  -0.395   3.203    75.88572    81.92907    51.85030
    35  C   4.0   0.073   3.406    75.38873    83.74510    50.00404
    36  C   4.0   0.014   3.246    74.74811    86.09780    51.28527
    37  C   4.0   0.006   3.360    75.01267    85.58569    53.91955
    38  C   4.0   0.093   3.654    75.70053    83.00054    54.10474
    39  C   4.0  -0.245   4.017    74.37961    88.55823    49.82451
    40  C   4.0   0.111   3.227    74.78212    86.54189    56.48958
    41  O   6.0  -0.102   1.046    73.99600    88.58279    57.17177
    42  C   4.0  -0.122   4.243    75.37550    84.31012    58.30749
    43  C   4.0   0.188   3.180    77.42018    85.10003    59.97045
    44  O   6.0  -0.104   1.058    79.43274    85.87104    59.19944
    45  O   6.0  -0.121   2.040    76.65862    85.19074    62.42899
    46  C   4.0  -0.196   4.037    78.55591    85.90127    64.28659
    47  C   4.0  -0.142   4.123    73.60105    81.64750    69.81593
    48  C   4.0  -0.049   3.100    72.41808    80.18674    71.78691
    49  C   4.0   0.017   3.087    71.77935    80.98610    74.15663
    50  C   4.0  -0.249   4.037    72.16485    83.71108    75.00133
    51  C   4.0  -0.173   4.068    70.41686    79.18897    76.04068
    52  C   4.0  -0.164   4.052    71.94187    78.78079    78.35938
    53  C   4.0  -0.163   4.045    72.33304    75.91785    79.05102
    54  C   4.0  -0.087   4.013    72.79791    75.46432    81.95363
    55  C   4.0  -0.239   4.039    75.58904    75.05802    82.71330
    56  C   4.0  -0.165   4.060    71.30881    73.04169    83.09503
    57  C   4.0  -0.163   4.048    69.48900    73.31192    85.31357
    58  C   4.0  -0.165   4.095    69.96899    71.55825    87.54344
    59  C   4.0  -0.087   4.043    67.89029    69.50979    87.73620
    60  C   4.0  -0.238   4.032    67.70888    68.84650    90.65771
    61  C   4.0  -0.165   4.088    68.85594    67.20432    86.09780
    62  C   4.0  -0.164   4.057    66.76213    65.92498    84.61815
    63  C   4.0  -0.164   4.080    67.80526    64.77414    82.17473
    64  C   4.0  -0.088   4.033    67.03803    66.46166    79.84092
    65  C   4.0  -0.239   4.042    69.24145    66.57693    77.92663
    66  C   4.0  -0.239   4.049    64.61729    65.56593    78.65984
    67  H   1.0   0.072   1.009    79.24377    72.24044    57.20956
    68  H   1.0   0.071   1.007    79.55746    73.59160    44.98871
    69  H   1.0   0.070   1.006    74.79157    84.57846    46.09986
    70  H   1.0   0.085   1.008    77.60349    79.85037    61.36696
    71  H   1.0   0.085   1.008    76.47910    74.31725    60.05549
    72  H   1.0   0.080   0.997    80.96909    77.22932    62.17198
    73  H   1.0   0.080   0.999    81.41317    74.32481    60.44666
    74  H   1.0   0.080   0.997    79.61226    74.34182    63.13763
    75  H   1.0   0.081   1.000    72.27635    78.07025    60.24824
    76  H   1.0   0.082   1.003    73.33648    80.69886    61.61074
    77  H   1.0   0.082   1.003    75.42274    76.72098    64.82138
    78  H   1.0   0.081   1.003    72.35005    75.87628    63.99368
    79  H   1.0   0.080   0.998    79.93730    66.74701    53.46602
    80  H   1.0   0.080   0.999    81.03523    68.92586    55.69022
    81  H   1.0   0.080   0.998    83.03456    67.83171    53.30728
    82  H   1.0   0.081   1.002    83.33125    66.45788    49.75459
    83  H   1.0   0.081   0.999    82.42607    65.29759    46.89733
    84  H   1.0   0.080   0.999    79.93730    65.68120    49.21224
    85  H   1.0   0.084   1.007    76.44130    76.56981    42.06719
    86  H   1.0   0.084   1.007    76.28635    81.84970    42.25994
    87  H   1.0   0.080   0.998    79.90517    80.08848    40.63667
    88  H   1.0   0.080   1.001    80.40973    76.77957    40.78218
    89  H   1.0   0.080   0.997    81.80624    78.34237    43.07441
    90  H   1.0   0.081   1.002    72.85838    79.21542    40.70092
    91  H   1.0   0.081   1.003    71.82470    81.54356    42.92324
    92  H   1.0   0.080   1.000    71.39385    76.13895    43.09709
    93  H   1.0   0.080   0.998    69.79514    78.56536    45.07185
    94  H   1.0   0.081   1.002    72.79980    77.13105    45.77105
    95  H   1.0   0.080   0.998    72.48989    88.73775    49.02705
    96  H   1.0   0.080   0.999    75.77045    88.61492    48.30517
    97  H   1.0   0.080   1.000    74.82937    90.10024    51.11331
    98  H   1.0   0.086   1.012    73.63317    83.86793    59.31472
    99  H   1.0   0.081   0.997    80.39650    85.34002    63.54959
   100  H   1.0   0.080   0.996    78.04757    85.09247    66.11206
   101  H   1.0   0.081   0.996    78.66551    87.95729    64.28848
   102  H   1.0   0.083   1.003    72.29147    83.06857    69.10161
   103  H   1.0   0.083   1.003    75.22621    82.64905    70.58882
   104  H   1.0   0.071   1.006    72.36894    78.15151    71.47510
   105  H   1.0   0.080   0.998    73.96765    83.93407    75.97454
   106  H   1.0   0.080   0.998    70.69276    84.30823    76.31280
   107  H   1.0   0.080   1.000    72.18186    84.93940    73.34782
   108  H   1.0   0.082   1.004    69.96521    77.38050    75.16196
   109  H   1.0   0.081   1.003    68.51012    79.95053    76.21643
   110  H   1.0   0.081   1.002    71.28424    79.89194    79.96564
   111  H   1.0   0.083   1.008    73.89395    79.32881    78.00033
   112  H   1.0   0.082   1.003    73.99411    75.31314    77.99466
   113  H   1.0   0.082   1.003    70.65307    74.99188    78.30079
   114  H   1.0   0.083   1.008    72.19698    76.99499    83.19518
   115  H   1.0   0.080   0.999    76.61894    76.73799    82.11426
   116  H   1.0   0.080   0.997    76.53957    73.29680    82.22953
   117  H   1.0   0.081   1.000    75.57959    75.03535    84.77311
   118  H   1.0   0.083   1.005    72.81681    71.70754    83.52400
   119  H   1.0   0.082   1.006    70.05781    72.45587    81.56624
   120  H   1.0   0.082   1.004    67.61817    73.24200    84.45563
   121  H   1.0   0.082   1.007    69.85561    75.21865    86.00521
   122  H   1.0   0.083   1.006    69.88207    72.84705    89.14782
   123  H   1.0   0.083   1.003    71.84171    70.70032    87.56612
   124  H   1.0   0.083   1.005    66.07427    70.12584    86.98220
   125  H   1.0   0.081   0.999    67.36117    66.82260    90.80889
   126  H   1.0   0.080   0.998    66.02136    69.77057    91.39849
   127  H   1.0   0.081   0.998    69.42475    69.40963    91.64415
   128  H   1.0   0.082   1.002    69.86695    65.76624    87.17306
   129  H   1.0   0.083   1.005    70.35072    67.88840    84.85625
   130  H   1.0   0.082   1.003    65.14263    67.16653    84.33658
   131  H   1.0   0.082   1.006    66.20466    64.40186    85.88804
   132  H   1.0   0.082   1.005    66.90764    62.92032    82.19363
   133  H   1.0   0.083   1.003    69.84994    64.60406    82.35804
   134  H   1.0   0.083   1.010    66.75646    68.43076    80.37382
   135  H   1.0   0.080   0.998    69.68175    68.53091    77.45042
   136  H   1.0   0.081   1.000    68.61028    65.59995    76.22588
   137  H   1.0   0.080   0.997    71.04236    65.73790    78.47465
   138  H   1.0   0.081   1.000    63.47212    64.67965    80.12438
   139  H   1.0   0.081   1.000    65.04059    64.06171    77.31814
   140  H   1.0   0.081   0.999    63.55337    67.17976    77.95120
 
  Z AO/shell   Hii/eV     exponent
  1     Sat Feb 20 21:38:01 CET 2016    EN: 2.327 GAM: 0.473  GM3: 0.0000
     1s    -13.751157    1.051071
  6     Sat Feb 20 21:38:01 CET 2016    EN: 2.731 GAM: 0.422  GM3: 0.0000
     2s    -19.378245    2.021003
     2p    -11.993376    1.497917
  7     Sat Feb 20 21:38:01 CET 2016    EN: 3.573 GAM: 0.504  GM3: 0.0000
     2s    -21.576984    2.275442
     2p    -16.125120    2.056788
  8     Sat Feb 20 21:38:01 CET 2016    EN: 3.700 GAM: 0.587  GM3: 0.0000
     2s    -21.648843    2.110798
     2p    -17.239740    2.329048
 12     Sat Feb 20 23:25:47 CET 2016    EN: 0.033 GAM: 0.222  GM3: 0.0000
     3s    -12.693633    1.302878
     3p     -8.128821    0.504252
 
 dipole moment of classical point charges (au)
     X       Y       Z   
  -0.3303  -0.7243   0.5693  total (Debye):    2.488

 
 Nbf   :          338
 T(el) :   300.0
 calculating S/T integrals ...
 cpu time for ints   0.156730000000000     
 Nao   :          338
 making H0...
 making H1...
 cpu time for H      5.594999999999989E-003
 solving ...
 cpu time for diag   5.801700000000001E-002
 
 gap (eV)           :   1.456
 Koopmans IP (eV)   :  12.310
 Eel (Eh)           :  -268.673709
 T,E(Fermi),NFOD :    300.000   -11.582  0.000000
 T,E(Fermi),NFOD :    300.000   -11.582  0.000000
 Nfod               :  0.0000
 Nfod/Nel           :  0.0000

          eigenvalues
 #    :         164        165        166        167        168        169        170        171
 occ. :        2.000      2.000      2.000      2.000      2.000      2.000      2.000      2.000
 eps  :       -16.236    -16.194    -16.125    -15.995    -15.730    -15.546    -15.467    -15.140
 #    :         172        173        174        175        176        177        178        179
 occ. :        2.000      2.000      2.000      2.000      2.000      0.000      0.000      0.000
 eps  :       -14.971    -14.688    -14.516    -13.172    -12.311    -10.855     -9.881     -8.659
 #    :         180        181        182        183        184        185        186        187
 occ. :        0.000      0.000      0.000      0.000      0.000      0.000      0.000      0.000
 eps  :        -8.550     -8.239     -8.017     -7.965     -7.532     -7.341     -6.907     -6.863
                            1  SCC done.
 making H1...
 cpu time for H      7.293100000000000E-002
 solving ...
 cpu time for diag   3.677200000000003E-002
 
 gap (eV)           :   1.569
 Koopmans IP (eV)   :  12.110
 Eel (Eh)           :  -265.861055
 T,E(Fermi),NFOD :    300.000   -11.325  0.000000
 T,E(Fermi),NFOD :    300.000   -11.325  0.000000
 Nfod               :  0.0000
 Nfod/Nel           :  0.0000

          eigenvalues
 #    :         164        165        166        167        168        169        170        171
 occ. :        2.000      2.000      2.000      2.000      2.000      2.000      2.000      2.000
 eps  :       -15.271    -15.190    -15.066    -14.866    -14.570    -14.398    -14.281    -14.222
 #    :         172        173        174        175        176        177        178        179
 occ. :        2.000      2.000      2.000      2.000      2.000      0.000      0.000      0.000
 eps  :       -14.179    -13.918    -13.710    -12.632    -12.111    -10.542     -9.256     -8.532
 #    :         180        181        182        183        184        185        186        187
 occ. :        0.000      0.000      0.000      0.000      0.000      0.000      0.000      0.000
 eps  :        -8.391     -7.955     -7.938     -7.799     -7.367     -7.023     -6.864     -6.724
                            2  SCC done.
 
 
 Mulliken/CM5 charges    n(s)   n(p)   n(d)   
    1 MG  0.3095  0.7579   0.656  1.035  0.000
    2 C   0.0222  0.0251   1.175  2.803  0.000
    3 C  -0.0499 -0.0922   1.133  2.917  0.000
    4 C  -0.0247 -0.0657   1.120  2.905  0.000
    5 C  -0.0076 -0.0490   1.125  2.883  0.000
    6 N  -0.1656 -0.4170   1.402  3.763  0.000
    7 C   0.0429  0.1075   1.208  2.749  0.000
    8 C  -0.0317 -0.0841   1.210  2.821  0.000
    9 C  -0.0280 -0.0833   1.204  2.824  0.000
   10 C   0.0410  0.1063   1.216  2.743  0.000
   11 C  -0.1003 -0.2487   1.112  2.988  0.000
   12 C  -0.0848 -0.1912   1.184  2.901  0.000
   13 C  -0.0700 -0.1681   1.151  2.919  0.000
   14 C   0.2286  0.2795   1.169  2.602  0.000
   15 O  -0.2869 -0.3356   1.632  4.655  0.000
   16 O  -0.1296 -0.2119   1.496  4.633  0.000
   17 N  -0.2251 -0.5158   1.397  3.828  0.000
   18 C   0.0118  0.0730   1.189  2.799  0.000
   19 C  -0.0299 -0.0336   1.198  2.832  0.000
   20 C  -0.0369 -0.0319   1.181  2.856  0.000
   21 C   0.0148  0.0739   1.212  2.773  0.000
   22 C  -0.0811 -0.2265   1.084  2.997  0.000
   23 C   0.1335  0.1551   1.208  2.658  0.000
   24 O  -0.2504 -0.3000   1.628  4.623  0.000
   25 C  -0.0914 -0.2342   1.095  2.996  0.000
   26 N  -0.1494 -0.4291   1.408  3.742  0.000
   27 C   0.0415  0.1028   1.227  2.731  0.000
   28 C  -0.0161 -0.0735   1.207  2.809  0.000
   29 C  -0.0235 -0.0803   1.203  2.821  0.000
   30 C   0.0339  0.0821   1.227  2.739  0.000
   31 C  -0.0932 -0.2406   1.104  2.989  0.000
   32 C  -0.0505 -0.1614   1.154  2.896  0.000
   33 C  -0.0955 -0.2465   1.092  3.004  0.000
   34 N  -0.2079 -0.4717   1.387  3.821  0.000
   35 C   0.0331  0.0915   1.200  2.767  0.000
   36 C   0.0095  0.0053   1.217  2.774  0.000
   37 C  -0.0615 -0.0536   1.184  2.877  0.000
   38 C   0.0329  0.1072   1.201  2.766  0.000
   39 C  -0.0678 -0.2115   1.082  2.986  0.000
   40 C   0.1583  0.1920   1.194  2.647  0.000
   41 O  -0.2316 -0.2750   1.629  4.603  0.000
   42 C  -0.0194 -0.0618   1.167  2.853  0.000
   43 C   0.2382  0.2933   1.165  2.597  0.000
   44 O  -0.2733 -0.3214   1.623  4.650  0.000
   45 O  -0.1586 -0.2459   1.481  4.678  0.000
   46 C   0.0136 -0.1090   1.097  2.889  0.000
   47 C   0.0759 -0.0040   1.113  2.811  0.000
   48 C  -0.0666 -0.1233   1.154  2.912  0.000
   49 C  -0.0383 -0.0624   1.223  2.815  0.000
   50 C  -0.0923 -0.2379   1.083  3.009  0.000
   51 C  -0.0479 -0.1546   1.128  2.919  0.000
   52 C  -0.0542 -0.1653   1.142  2.912  0.000
   53 C  -0.0633 -0.1730   1.164  2.899  0.000
   54 C  -0.0362 -0.1092   1.224  2.812  0.000
   55 C  -0.1021 -0.2535   1.105  2.997  0.000
   56 C  -0.0952 -0.2073   1.169  2.926  0.000
   57 C  -0.0616 -0.1752   1.147  2.914  0.000
   58 C  -0.0609 -0.1720   1.156  2.905  0.000
   59 C  -0.0321 -0.1044   1.220  2.812  0.000
   60 C  -0.1015 -0.2508   1.108  2.994  0.000
   61 C  -0.0900 -0.2018   1.164  2.926  0.000
   62 C  -0.0639 -0.1777   1.146  2.918  0.000
   63 C  -0.0666 -0.1767   1.162  2.905  0.000
   64 C  -0.0172 -0.0927   1.193  2.824  0.000
   65 C  -0.1113 -0.2619   1.106  3.006  0.000
   66 C  -0.0931 -0.2440   1.098  2.995  0.000
   67 H   0.0538  0.1139   0.946  0.000  0.000
   68 H   0.0569  0.1209   0.943  0.000  0.000
   69 H   0.0514  0.1098   0.949  0.000  0.000
   70 H   0.0544  0.1182   0.946  0.000  0.000
   71 H   0.0500  0.1112   0.950  0.000  0.000
   72 H   0.0405  0.0923   0.960  0.000  0.000
   73 H   0.0319  0.0848   0.968  0.000  0.000
   74 H   0.0352  0.0862   0.965  0.000  0.000
   75 H   0.0349  0.0899   0.965  0.000  0.000
   76 H   0.0343  0.0938   0.966  0.000  0.000
   77 H   0.0349  0.0961   0.965  0.000  0.000
   78 H   0.0445  0.1033   0.956  0.000  0.000
   79 H   0.0494  0.1016   0.951  0.000  0.000
   80 H   0.0438  0.0969   0.956  0.000  0.000
   81 H   0.0489  0.1017   0.951  0.000  0.000
   82 H   0.0500  0.1053   0.950  0.000  0.000
   83 H   0.0447  0.1005   0.955  0.000  0.000
   84 H   0.0565  0.1103   0.943  0.000  0.000
   85 H   0.0511  0.1119   0.949  0.000  0.000
   86 H   0.0509  0.1109   0.949  0.000  0.000
   87 H   0.0441  0.0964   0.956  0.000  0.000
   88 H   0.0310  0.0838   0.969  0.000  0.000
   89 H   0.0501  0.1025   0.950  0.000  0.000
   90 H   0.0364  0.0916   0.964  0.000  0.000
   91 H   0.0382  0.0940   0.962  0.000  0.000
   92 H   0.0300  0.0823   0.970  0.000  0.000
   93 H   0.0441  0.0955   0.956  0.000  0.000
   94 H   0.0431  0.1025   0.957  0.000  0.000
   95 H   0.0503  0.1020   0.950  0.000  0.000
   96 H   0.0459  0.0989   0.954  0.000  0.000
   97 H   0.0466  0.0996   0.953  0.000  0.000
   98 H   0.0598  0.1287   0.940  0.000  0.000
   99 H   0.0518  0.1171   0.948  0.000  0.000
  100 H   0.0554  0.1146   0.945  0.000  0.000
  101 H   0.0479  0.1088   0.952  0.000  0.000
  102 H   0.0617  0.1296   0.938  0.000  0.000
  103 H   0.0515  0.1162   0.949  0.000  0.000
  104 H   0.0356  0.0982   0.964  0.000  0.000
  105 H   0.0413  0.0934   0.959  0.000  0.000
  106 H   0.0376  0.0900   0.962  0.000  0.000
  107 H   0.0399  0.0934   0.960  0.000  0.000
  108 H   0.0389  0.0959   0.961  0.000  0.000
  109 H   0.0424  0.0979   0.958  0.000  0.000
  110 H   0.0314  0.0869   0.969  0.000  0.000
  111 H   0.0304  0.0891   0.970  0.000  0.000
  112 H   0.0365  0.0928   0.964  0.000  0.000
  113 H   0.0365  0.0931   0.964  0.000  0.000
  114 H   0.0345  0.0943   0.966  0.000  0.000
  115 H   0.0313  0.0837   0.969  0.000  0.000
  116 H   0.0338  0.0851   0.966  0.000  0.000
  117 H   0.0327  0.0857   0.967  0.000  0.000
  118 H   0.0313  0.0897   0.969  0.000  0.000
  119 H   0.0252  0.0828   0.975  0.000  0.000
  120 H   0.0426  0.0988   0.957  0.000  0.000
  121 H   0.0274  0.0846   0.973  0.000  0.000
  122 H   0.0371  0.0942   0.963  0.000  0.000
  123 H   0.0405  0.0973   0.959  0.000  0.000
  124 H   0.0430  0.1021   0.957  0.000  0.000
  125 H   0.0329  0.0854   0.967  0.000  0.000
  126 H   0.0334  0.0849   0.967  0.000  0.000
  127 H   0.0396  0.0923   0.960  0.000  0.000
  128 H   0.0274  0.0832   0.973  0.000  0.000
  129 H   0.0301  0.0890   0.970  0.000  0.000
  130 H   0.0343  0.0910   0.966  0.000  0.000
  131 H   0.0304  0.0869   0.970  0.000  0.000
  132 H   0.0374  0.0939   0.963  0.000  0.000
  133 H   0.0411  0.0982   0.959  0.000  0.000
  134 H   0.0360  0.0961   0.964  0.000  0.000
  135 H   0.0320  0.0836   0.968  0.000  0.000
  136 H   0.0263  0.0794   0.974  0.000  0.000
  137 H   0.0332  0.0847   0.967  0.000  0.000
  138 H   0.0324  0.0859   0.968  0.000  0.000
  139 H   0.0329  0.0860   0.967  0.000  0.000
  140 H   0.0405  0.0926   0.959  0.000  0.000
 Hirshfeld charges for QMDFF written to <charges>
 
 Loewdin charges    n(s)   n(p)   n(d)
    1 MG  0.1463   0.667  1.186  0.000
    2 C   0.0259   1.134  2.840  0.000
    3 C  -0.0480   1.081  2.967  0.000
    4 C  -0.0229   1.066  2.956  0.000
    5 C  -0.0039   1.072  2.932  0.000
    6 N  -0.1309   1.357  3.773  0.000
    7 C   0.0414   1.172  2.787  0.000
    8 C  -0.0240   1.164  2.860  0.000
    9 C  -0.0200   1.157  2.863  0.000
   10 C   0.0454   1.178  2.776  0.000
   11 C  -0.1029   1.041  3.061  0.000
   12 C  -0.0813   1.128  2.954  0.000
   13 C  -0.0710   1.093  2.978  0.000
   14 C   0.2062   1.142  2.651  0.000
   15 O  -0.2755   1.604  4.671  0.000
   16 O  -0.0924   1.459  4.633  0.000
   17 N  -0.1929   1.355  3.838  0.000
   18 C   0.0154   1.149  2.836  0.000
   19 C  -0.0197   1.155  2.865  0.000
   20 C  -0.0430   1.142  2.901  0.000
   21 C   0.0221   1.173  2.805  0.000
   22 C  -0.0842   1.011  3.073  0.000
   23 C   0.1330   1.172  2.695  0.000
   24 O  -0.2369   1.599  4.638  0.000
   25 C  -0.0972   1.023  3.074  0.000
   26 N  -0.1141   1.365  3.750  0.000
   27 C   0.0481   1.189  2.763  0.000
   28 C  -0.0075   1.160  2.847  0.000
   29 C  -0.0160   1.155  2.861  0.000
   30 C   0.0376   1.191  2.772  0.000
   31 C  -0.0953   1.033  3.063  0.000
   32 C  -0.0445   1.095  2.949  0.000
   33 C  -0.0965   1.019  3.078  0.000
   34 N  -0.1757   1.345  3.831  0.000
   35 C   0.0324   1.163  2.805  0.000
   36 C   0.0153   1.177  2.807  0.000
   37 C  -0.0703   1.148  2.923  0.000
   38 C   0.0349   1.163  2.802  0.000
   39 C  -0.0668   1.007  3.060  0.000
   40 C   0.1517   1.161  2.688  0.000
   41 O  -0.2155   1.597  4.618  0.000
   42 C  -0.0208   1.117  2.904  0.000
   43 C   0.2147   1.138  2.647  0.000
   44 O  -0.2598   1.593  4.667  0.000
   45 O  -0.1231   1.445  4.678  0.000
   46 C   0.0060   1.027  2.967  0.000
   47 C   0.0749   1.054  2.871  0.000
   48 C  -0.0652   1.104  2.961  0.000
   49 C  -0.0300   1.184  2.846  0.000
   50 C  -0.0947   1.009  3.085  0.000
   51 C  -0.0439   1.068  2.976  0.000
   52 C  -0.0498   1.083  2.967  0.000
   53 C  -0.0600   1.107  2.953  0.000
   54 C  -0.0265   1.178  2.848  0.000
   55 C  -0.1052   1.034  3.071  0.000
   56 C  -0.0953   1.114  2.982  0.000
   57 C  -0.0573   1.088  2.969  0.000
   58 C  -0.0577   1.098  2.960  0.000
   59 C  -0.0218   1.174  2.848  0.000
   60 C  -0.1040   1.037  3.067  0.000
   61 C  -0.0896   1.107  2.982  0.000
   62 C  -0.0593   1.087  2.972  0.000
   63 C  -0.0639   1.104  2.960  0.000
   64 C  -0.0055   1.144  2.861  0.000
   65 C  -0.1164   1.036  3.081  0.000
   66 C  -0.0966   1.026  3.070  0.000
   67 H   0.0495   0.951  0.000  0.000
   68 H   0.0502   0.950  0.000  0.000
   69 H   0.0462   0.954  0.000  0.000
   70 H   0.0474   0.953  0.000  0.000
   71 H   0.0442   0.956  0.000  0.000
   72 H   0.0397   0.960  0.000  0.000
   73 H   0.0327   0.967  0.000  0.000
   74 H   0.0354   0.965  0.000  0.000
   75 H   0.0320   0.968  0.000  0.000
   76 H   0.0328   0.967  0.000  0.000
   77 H   0.0324   0.968  0.000  0.000
   78 H   0.0403   0.960  0.000  0.000
   79 H   0.0484   0.952  0.000  0.000
   80 H   0.0433   0.957  0.000  0.000
   81 H   0.0485   0.951  0.000  0.000
   82 H   0.0504   0.950  0.000  0.000
   83 H   0.0427   0.957  0.000  0.000
   84 H   0.0552   0.945  0.000  0.000
   85 H   0.0449   0.955  0.000  0.000
   86 H   0.0447   0.955  0.000  0.000
   87 H   0.0434   0.957  0.000  0.000
   88 H   0.0318   0.968  0.000  0.000
   89 H   0.0492   0.951  0.000  0.000
   90 H   0.0340   0.966  0.000  0.000
   91 H   0.0354   0.965  0.000  0.000
   92 H   0.0306   0.969  0.000  0.000
   93 H   0.0432   0.957  0.000  0.000
   94 H   0.0477   0.952  0.000  0.000
   95 H   0.0487   0.951  0.000  0.000
   96 H   0.0450   0.955  0.000  0.000
   97 H   0.0444   0.956  0.000  0.000
   98 H   0.0525   0.947  0.000  0.000
   99 H   0.0475   0.952  0.000  0.000
  100 H   0.0517   0.948  0.000  0.000
  101 H   0.0441   0.956  0.000  0.000
  102 H   0.0539   0.946  0.000  0.000
  103 H   0.0451   0.955  0.000  0.000
  104 H   0.0288   0.971  0.000  0.000
  105 H   0.0409   0.959  0.000  0.000
  106 H   0.0369   0.963  0.000  0.000
  107 H   0.0396   0.960  0.000  0.000
  108 H   0.0368   0.963  0.000  0.000
  109 H   0.0388   0.961  0.000  0.000
  110 H   0.0287   0.971  0.000  0.000
  111 H   0.0282   0.972  0.000  0.000
  112 H   0.0335   0.967  0.000  0.000
  113 H   0.0345   0.966  0.000  0.000
  114 H   0.0301   0.970  0.000  0.000
  115 H   0.0313   0.969  0.000  0.000
  116 H   0.0341   0.966  0.000  0.000
  117 H   0.0332   0.967  0.000  0.000
  118 H   0.0305   0.969  0.000  0.000
  119 H   0.0244   0.976  0.000  0.000
  120 H   0.0400   0.960  0.000  0.000
  121 H   0.0263   0.974  0.000  0.000
  122 H   0.0349   0.965  0.000  0.000
  123 H   0.0384   0.962  0.000  0.000
  124 H   0.0376   0.962  0.000  0.000
  125 H   0.0331   0.967  0.000  0.000
  126 H   0.0333   0.967  0.000  0.000
  127 H   0.0394   0.961  0.000  0.000
  128 H   0.0260   0.974  0.000  0.000
  129 H   0.0293   0.971  0.000  0.000
  130 H   0.0326   0.967  0.000  0.000
  131 H   0.0283   0.972  0.000  0.000
  132 H   0.0350   0.965  0.000  0.000
  133 H   0.0388   0.961  0.000  0.000
  134 H   0.0312   0.969  0.000  0.000
  135 H   0.0323   0.968  0.000  0.000
  136 H   0.0276   0.972  0.000  0.000
  137 H   0.0342   0.966  0.000  0.000
  138 H   0.0332   0.967  0.000  0.000
  139 H   0.0333   0.967  0.000  0.000
  140 H   0.0396   0.960  0.000  0.000
 
 Wiberg/Mayer (AO) data. WBOs > 0.1 written file <wbo>
 largest (>0.05) Wiberg bond orders for each atom
           total WBO             WBO to atom ...
     1  MG  2.531    N   17 0.534    N   34 0.479    N   26 0.444    N    6 0.335    C   38 0.057    C   27 0.054    C   21 0.053
     2  C   3.895    C    7 1.464    C   38 1.122    C   42 0.974
     3  C   3.902    C   10 1.386    C   18 1.273    H   67 0.935
     4  C   3.921    C   27 1.400    C   21 1.292    H   68 0.931
     5  C   3.931    C   30 1.518    C   35 1.237    H   69 0.932
     6  N   3.297    C   10 1.310    C    7 1.201    MG   1 0.335
     7  C   3.880    C    2 1.464    N    6 1.201    C    8 0.950
     8  C   3.929    C    9 0.955    C    7 0.950    H   70 0.940    C   12 0.919
     9  C   3.933    C   11 0.956    C    8 0.955    H   71 0.945    C   10 0.931
    10  C   3.867    C    3 1.386    N    6 1.310    C    9 0.931
    11  C   3.967    H   74 0.983    H   72 0.979    H   73 0.978    C    9 0.956
    12  C   3.926    H   75 0.969    H   76 0.966    C   13 0.945    C    8 0.919
    13  C   3.960    H   77 0.964    H   78 0.963    C   12 0.945    C   14 0.945    O   15 0.079
    14  C   3.901    O   15 1.781    O   16 1.138    C   13 0.945
    15  O   2.102    C   14 1.781    O   16 0.170    C   13 0.079
    16  O   2.341    C   14 1.138    C   47 0.939    O   15 0.170
    17  N   3.306    C   21 1.170    C   18 1.150    MG   1 0.534    C   20 0.059
    18  C   3.874    C    3 1.273    C   19 1.201    N   17 1.150
    19  C   3.880    C   20 1.450    C   18 1.201    C   22 0.973    O   24 0.059
    20  C   3.897    C   19 1.450    C   21 1.108    C   23 1.023    O   24 0.066    N   17 0.059
    21  C   3.874    C    4 1.292    N   17 1.170    C   20 1.108    N   26 0.066    MG   1 0.053
    22  C   3.978    H   80 0.978    C   19 0.973    H   79 0.969    H   81 0.967
    23  C   3.886    O   24 1.809    C   20 1.023    C   25 0.958
    24  O   2.117    C   23 1.809    C   25 0.073    C   20 0.066    C   19 0.059
    25  C   3.981    H   83 0.974    H   84 0.961    H   82 0.958    C   23 0.958    O   24 0.073
    26  N   3.374    C   27 1.317    C   30 1.114    MG   1 0.444    C   21 0.066
    27  C   3.870    C    4 1.400    N   26 1.317    C   28 0.902    MG   1 0.054
    28  C   3.932    C   31 0.968    C   29 0.958    H   85 0.948    C   27 0.902
    29  C   3.935    C   28 0.958    C   30 0.951    H   86 0.939    C   32 0.937
    30  C   3.835    C    5 1.518    N   26 1.114    C   29 0.951
    31  C   3.964    H   88 0.981    H   89 0.976    H   87 0.975    C   28 0.968
    32  C   3.954    C   33 1.008    H   91 0.968    H   90 0.967    C   29 0.937
    33  C   3.980    C   32 1.008    H   92 0.985    H   93 0.980    H   94 0.959
    34  N   3.321    C   38 1.278    C   35 1.132    MG   1 0.479    C   37 0.068    C   36 0.053
    35  C   3.854    C    5 1.237    C   36 1.220    N   34 1.132
    36  C   3.855    C   37 1.342    C   35 1.220    C   39 0.986    O   41 0.054    N   34 0.053
    37  C   3.902    C   36 1.342    C   38 1.177    C   40 1.060    O   41 0.073    N   34 0.068
    38  C   3.883    N   34 1.278    C   37 1.177    C    2 1.122    MG   1 0.057
    39  C   3.981    C   36 0.986    H   97 0.978    H   96 0.973    H   95 0.969
    40  C   3.891    O   41 1.830    C   37 1.060    C   42 0.848
    41  O   2.168    C   40 1.830    C   42 0.081    C   37 0.073    C   36 0.054
    42  C   3.954    C    2 0.974    C   43 0.937    H   98 0.918    C   40 0.848    O   41 0.081    O   44 0.065
    43  C   3.900    O   44 1.809    O   45 1.080    C   42 0.937
    44  O   2.125    C   43 1.809    O   45 0.167    C   42 0.065
    45  O   2.292    C   43 1.080    C   46 0.971    O   44 0.167
    46  C   3.941    H  100 0.987    H  101 0.987    H   99 0.980    O   45 0.971
    47  C   3.931    C   48 1.018    H  103 0.955    H  102 0.949    O   16 0.939
    48  C   3.959    C   49 1.877    C   47 1.018    H  104 0.937
    49  C   3.925    C   48 1.877    C   50 0.986    C   51 0.951
    50  C   3.989    C   49 0.986    H  106 0.979    H  107 0.975    H  105 0.969
    51  C   3.967    C   52 0.996    H  109 0.957    H  108 0.956    C   49 0.951
    52  C   3.965    C   51 0.996    C   53 0.972    H  111 0.968    H  110 0.964
    53  C   3.957    C   52 0.972    H  112 0.971    C   54 0.963    H  113 0.962
    54  C   3.924    C   55 0.993    C   53 0.963    H  114 0.953    C   56 0.946
    55  C   3.978    C   54 0.993    H  117 0.979    H  116 0.978    H  115 0.976
    56  C   3.958    C   57 0.992    H  119 0.970    H  118 0.961    C   54 0.946
    57  C   3.966    C   56 0.992    C   58 0.983    H  121 0.964    H  120 0.963
    58  C   3.962    C   57 0.983    C   59 0.978    H  122 0.960    H  123 0.959
    59  C   3.934    C   58 0.978    C   60 0.976    C   61 0.960    H  124 0.951
    60  C   3.980    H  126 0.983    H  127 0.981    H  125 0.980    C   59 0.976
    61  C   3.957    C   62 0.994    H  128 0.967    C   59 0.960    H  129 0.958
    62  C   3.969    C   61 0.994    C   63 0.986    H  131 0.968    H  130 0.962
    63  C   3.962    C   62 0.986    H  132 0.963    C   64 0.960    H  133 0.960
    64  C   3.946    C   66 1.006    C   65 0.984    C   63 0.960    H  134 0.955
    65  C   3.979    C   64 0.984    H  135 0.981    H  136 0.978    H  137 0.977
    66  C   3.984    C   64 1.006    H  140 0.977    H  139 0.976    H  138 0.975
    67  H   0.994    C    3 0.935
    68  H   0.994    C    4 0.931
    69  H   0.993    C    5 0.932
    70  H   0.993    C    8 0.940
    71  H   0.995    C    9 0.945
    72  H   0.997    C   11 0.979
    73  H   0.997    C   11 0.978
    74  H   0.998    C   11 0.983
    75  H   0.998    C   12 0.969
    76  H   0.997    C   12 0.966
    77  H   0.999    C   13 0.964
    78  H   0.998    C   13 0.963
    79  H   0.993    C   22 0.969
    80  H   0.996    C   22 0.978
    81  H   0.994    C   22 0.967
    82  H   0.997    C   25 0.958
    83  H   0.996    C   25 0.974
    84  H   0.996    C   25 0.961
    85  H   0.995    C   28 0.948
    86  H   0.993    C   29 0.939
    87  H   0.996    C   31 0.975
    88  H   0.998    C   31 0.981
    89  H   0.997    C   31 0.976
    90  H   0.995    C   32 0.967
    91  H   0.996    C   32 0.968
    92  H   0.999    C   33 0.985
    93  H   0.998    C   33 0.980
    94  H   0.997    C   33 0.959
    95  H   0.993    C   39 0.969
    96  H   0.994    C   39 0.973
    97  H   0.996    C   39 0.978
    98  H   0.991    C   42 0.918
    99  H   0.997    C   46 0.980
   100  H   0.996    C   46 0.987
   101  H   0.998    C   46 0.987
   102  H   0.996    C   47 0.949
   103  H   0.997    C   47 0.955
   104  H   0.999    C   48 0.937
   105  H   0.998    C   50 0.969
   106  H   0.999    C   50 0.979
   107  H   0.998    C   50 0.975
   108  H   0.998    C   51 0.956
   109  H   0.997    C   51 0.957
   110  H   0.998    C   52 0.964
   111  H   0.999    C   52 0.968
   112  H   0.998    C   53 0.971
   113  H   0.999    C   53 0.962
   114  H   0.999    C   54 0.953
   115  H   0.999    C   55 0.976
   116  H   0.999    C   55 0.978
   117  H   0.998    C   55 0.979
   118  H   0.999    C   56 0.961
   119  H   0.999    C   56 0.970
   120  H   0.998    C   57 0.963
   121  H   0.999    C   57 0.964
   122  H   0.997    C   58 0.960
   123  H   0.998    C   58 0.959
   124  H   0.998    C   59 0.951
   125  H   0.998    C   60 0.980
   126  H   0.998    C   60 0.983
   127  H   0.998    C   60 0.981
   128  H   0.999    C   61 0.967
   129  H   0.999    C   61 0.958
   130  H   0.999    C   62 0.962
   131  H   0.998    C   62 0.968
   132  H   0.997    C   63 0.963
   133  H   0.998    C   63 0.960
   134  H   0.999    C   64 0.955
   135  H   0.999    C   65 0.981
   136  H   0.999    C   65 0.978
   137  H   0.999    C   65 0.977
   138  H   0.999    C   66 0.975
   139  H   0.999    C   66 0.976
   140  H   0.998    C   66 0.977
 
 --------------------------------------------
          xTB calculation for sTDA...
 --------------------------------------------
 
 reading parameter file ~/.param_stda2.xtb
 
      method parameters     
 k(s)        :  1.6000
 k(p)        :  2.1800
 k(d)        :  1.9500
 k(f)        :  2.0000
 k(R-V)      :  2.2750
 k(R-R)      :  1.7650
 Tscal       :  0.2580
 Gscal       :  1.0000
 fpol        :  1.0000
 Zcnf        :  0.3430
 Zqf         :  0.0000
 kcn         :  2.7000
 Ryd Hsplit  :  0.7000
 lshift(virt):  3.1000
 lshift(OS)  :  0.2000
 wllscaling  :  2.6000
 
 mowrcut     : 3.000
 
  Z AO/shell   Hii/eV     exponent
  1     Sun Feb 14 09:53:25 CET 2016    EN: 2.327 GAM: 0.473  GM3: 0.0000
     1s    -14.339618    1.220000
     2sp    -3.348946    0.600000
  6     Sun Feb 14 09:53:25 CET 2016    EN: 2.731 GAM: 0.422  GM3: 0.0000
     2s    -22.009312    1.565095
     2p    -13.020408    1.596905
     3sp    -3.914040    0.824500
  7     Sun Feb 14 09:53:25 CET 2016    EN: 3.573 GAM: 0.504  GM3: 0.0000
     2s    -25.722000    2.064844
     2p    -18.684912    1.801692
     3sp    -4.344791    0.921400
  8     Sun Feb 14 09:53:25 CET 2016    EN: 3.700 GAM: 0.587  GM3: 0.0000
     2s    -33.859000    2.418661
     2p    -22.175911    1.973969
     3sp    -4.259392    1.013700
 12     Sun Feb 21 16:58:31 CET 2016    EN: 0.033 GAM: 0.222  GM3: 0.0000
     3s    -11.092543    1.647583
     3p     -6.929529    0.855020
 
 Nbf   :          894
 T(el) :     0.0
 calculating S/T integrals ...
 cpu time for ints    1.36003000000000     
 Nao   :          894
 making H0...
 making H1...
 cpu time for H      2.371699999999999E-002
 solving ...
 cpu time for diag   0.309532000000000     
 
 gap (eV)           :   4.828
 Koopmans IP (eV)   :  13.525
 Eel (Eh)           :  -301.337880

          eigenvalues
 #    :         164        165        166        167        168        169        170        171
 occ. :        2.000      2.000      2.000      2.000      2.000      2.000      2.000      2.000
 eps  :       -17.248    -17.167    -16.955    -16.500    -16.304    -16.099    -16.000    -15.675
 #    :         172        173        174        175        176        177        178        179
 occ. :        2.000      2.000      2.000      2.000      2.000      0.000      0.000      0.000
 eps  :       -15.664    -15.450    -15.287    -13.886    -13.526     -8.697     -6.943     -6.719
 #    :         180        181        182        183        184        185        186        187
 occ. :        0.000      0.000      0.000      0.000      0.000      0.000      0.000      0.000
 eps  :        -6.442     -6.270     -5.741     -5.686     -5.353     -5.233     -5.139     -5.081
                            1  SCC done.
 writing mo output ...
 molden style : F
 
speedup  1.12
cpu  time for all    2.26 s
wall time for all    2.01 s
