cpu-bind=MASK - bp1-compute148, task 4294967295 4294967295 [0]: mask 0xffffff00ffffff set
Host:    bp1-compute148.data.bp.acrc.priv
Time:    Fri Apr 29 08:52:10 BST 2022
Dir:     /user/home/of15641/chlorophyll_parameterization/tddft_data/step_251_chromophore_13
Job ID:  1658649
Nodelist:
cat: bp1-compute148: No such file or directory
  
Result dir: /user/home/of15641/chlorophyll_parameterization/tddft_data/step_251_chromophore_13
running gaussian jobs
Running time g16 < CAMB3LYP_step_251_chromophore_13.com > CAMB3LYP_step_251_chromophore_13.log

real	27m44.939s
user	652m30.029s
sys	0m56.863s
Running time g16 < PBE0_step_251_chromophore_13.com > PBE0_step_251_chromophore_13.log

real	18m7.984s
user	432m18.806s
sys	0m56.115s
Running time g16 < wB97XD_step_251_chromophore_13.com > wB97XD_step_251_chromophore_13.log

real	29m27.267s
user	692m46.296s
sys	1m21.633s
Running time g16 < BLYP_step_251_chromophore_13.com > BLYP_step_251_chromophore_13.log

real	12m39.698s
user	301m37.724s
sys	0m41.834s
Running time g16 < ZINDO_step_251_chromophore_13.com > ZINDO_step_251_chromophore_13.log

real	0m6.217s
user	2m14.511s
sys	0m2.375s
