 
        ______________________________________
       |                                      |
       |          ===================         |
       |             xTB for sTDA             |
       |          ===================         |
       |               S. Grimme              |
       |        Universitaet Bonn, MCTC       |
       |         2015-19, Version 1.0         |
       |     Wed Apr  3 09:14:55 CEST 2019    |
       |______________________________________|
 
        This code comes without any warranty
        for non-commercial, academia use only.
        Preliminary test version.
        Cite this work as:
        S. Grimme  &  C. Bannwarth, JCP 145 (2016) 054103
        if GBSA is used additionally:
        P. Shushkov, F. März, C. Bannwarth, S. Grimme, unpublished.
 
        with help from
        P. Shushkov, G. Brandenburg, S. Dohm, J. Pisarek,
        F. März, M. Checinski, S. Ehrlich, S. Spicher, 
        P. Pracht, E. Caldeweyher, S. Ehlert, and C. Bannwarth.
 
        usage        :
        xtb4stda <coord_file> [options]
        where <coord_file> is a valid file of TM)
        (*coord, Bohr) or xmol (*xyz, Angstroem)
        format.

        options:
        -chrg <int>   : molecular charge
        -uhf  <int>   : # of unpaired electrons(=2*S)
        -nox          : skip second, extended part in sTDA-xTB
        -pop          : do population analysis
                      : (default for -nox)
        -mowr <real>  : cut MO write above (def.3 Eh)
        -molden       : write formatted molden file
        -parx <file>  : read parameters for sTDA-xTB
                        calc (def:~/.param_stda2.xtb)
        -parv <file>  : read parameters for vTB part in
                        sTDA-xTB (def: ~/.param_stda1.xtb)
        -xtemp <real> : el. temp for xTB (def. 0 K)
        -etemp <real> : el. temp for GFN (def. 300 K)
        -fod          : calculate the FOD and write
                        molden.input file with
                        appropriate occupations
                        for plotting. Def. T=12500 K
 
        -acc <real>   : xTB accuracy (def. 1.0)
        -gbsa [string1] [string2]
                        use GBSA implicit solvent
                        for solvent [string1] and
                        solvation state [string2]=
                        reference, bar1M (default=1M)
        additional GFN/opt/MD/siman options read from
        $XTB4STDAHOME/.xtb4stdarc or $set in input
 
       spin and charge state information can be on:
       <.CHRG> (charge) and <.UHF> (=nalpha-nbeta)
       -uhf and -chrg override the file info.
       useful machine settings:
       setenv MKL_NUM_THREADS <NCORE_ON_YOUR_MACHINE>
       setenv OMP_STACKSIZE 500m
       limit stacksize unlimited
 
       total energies in Eh, gaps/HL energies in eV
       please read REVISION and HOWTO files carefully
 =============================
  # OMP threads =           4
 =============================
 
 xtb4stdahome directory:~/
 
 
 name of molecule           :
 comment line               :
 number of atoms            :   140
 number of electrons        :   352
 charge                     :  0
 spin                       : 0.0
 first test random number   :  0.5462
 
 -----------------------------------------
      charge density (VTB) calculation
 -----------------------------------------
 
      method parameters     
 k(s)        :  1.8000
 k(p)        :  2.8350
 k(d)        :  2.0860
 k(f)        :  2.0000
 Tscal       :  0.3300
 Gscal       :  0.3910
 fpol        :  1.0000
 Zcnf        :  0.6500
 Zqf         :  0.0000
 kcn         :  0.3000
 kEN1        : -0.5900
 wllscal     :  2.6000
 
     -------------------------
     ! NO SOLVENT MODEL USED !
     -------------------------
 
 doing EN charges ...
 sum q : -0.1887379D-14
 point charge moment (au)
     X       Y       Z   
  -0.0156  -0.5602   0.2300  total (Debye):    1.540
 
            Z      q(EN)   CN      Cart. coordinates
     1  MG  2.0   0.952   4.862    31.70204    -4.45975    52.79516
     2  C   4.0   0.019   3.253    30.27908    -0.52912    57.85585
     3  C   4.0  -0.058   3.169    34.65379    -8.54912    56.77493
     4  C   4.0  -0.057   3.183    33.77318    -7.50977    47.63621
     5  C   4.0  -0.054   3.166    29.21138     0.23622    48.73036
     6  N   5.0  -0.398   3.124    32.52407    -4.43519    56.84485
     7  C   4.0   0.088   3.334    31.77007    -2.61727    58.58717
     8  C   4.0  -0.090   4.094    32.93792    -3.27867    61.32350
     9  C   4.0  -0.093   4.116    34.50640    -5.65028    60.75847
    10  C   4.0   0.122   3.376    33.57476    -6.37783    57.94467
    11  C   4.0  -0.237   4.025    37.42224    -5.49721    60.87752
    12  C   4.0  -0.161   4.016    30.59466    -3.72465    63.30393
    13  C   4.0  -0.168   4.032    31.38835    -3.39584    66.15742
    14  C   4.0   0.178   3.066    33.84877    -1.98610    66.85095
    15  O   6.0  -0.106   1.043    34.66135    -0.10205    65.82860
    16  O   6.0  -0.115   2.045    35.10544    -3.16340    68.82571
    17  N   5.0  -0.482   3.242    33.73161    -7.59103    52.27360
    18  C   4.0   0.054   3.451    34.70293    -9.09525    54.27860
    19  C   4.0   0.010   3.332    36.03140   -11.08324    53.09563
    20  C   4.0   0.006   3.255    35.75361   -11.04167    50.48781
    21  C   4.0   0.089   3.492    34.38356    -8.62471    50.05695
    22  C   4.0  -0.249   4.051    37.44303   -13.04856    54.50159
    23  C   4.0   0.094   3.045    36.59643   -12.94273    48.45824
    24  O   6.0  -0.088   1.057    35.87645   -12.58746    46.21325
    25  C   4.0  -0.247   4.022    38.15357   -15.28599    48.94390
    26  N   5.0  -0.404   3.174    31.85889    -3.59615    48.77950
    27  C   4.0   0.121   3.417    32.71305    -5.22887    47.12788
    28  C   4.0  -0.097   4.190    32.41258    -4.26133    44.45769
    29  C   4.0  -0.097   4.167    30.61545    -1.91051    44.75627
    30  C   4.0   0.086   3.405    30.52474    -1.68941    47.57196
    31  C   4.0  -0.236   4.036    34.99772    -3.60938    43.23126
    32  C   4.0  -0.163   4.038    27.94338    -2.33759    43.50149
    33  C   4.0  -0.238   4.005    27.90180    -2.34326    40.59887
    34  N   5.0  -0.430   3.204    29.86901    -0.97510    53.02949
    35  C   4.0   0.085   3.453    28.80887     0.60282    51.30795
    36  C   4.0   0.016   3.252    27.33678     2.58515    52.60052
    37  C   4.0   0.006   3.351    27.93393     2.28279    55.26315
    38  C   4.0   0.070   3.687    29.59122     0.15307    55.31606
    39  C   4.0  -0.249   4.028    26.14436     4.88683    51.60653
    40  C   4.0   0.102   3.184    27.54842     3.23143    57.75380
    41  O   6.0  -0.094   1.042    26.25018     5.03990    58.43789
    42  C   4.0  -0.112   4.183    29.07721     1.40407    59.63030
    43  C   4.0   0.202   3.164    31.01040     3.10293    60.87752
    44  O   6.0  -0.109   1.052    33.02674     3.66418    59.99502
    45  O   6.0  -0.135   2.048    30.22239     3.69252    63.18866
    46  C   4.0  -0.194   4.052    31.60567     5.63516    64.51524
    47  C   4.0  -0.138   4.066    37.58854    -2.26956    69.66853
    48  C   4.0  -0.052   3.108    39.01339    -4.33125    70.82504
    49  C   4.0   0.021   3.088    38.96048    -5.01911    73.24200
    50  C   4.0  -0.253   4.060    37.25973    -4.09693    75.26778
    51  C   4.0  -0.177   4.110    40.47793    -7.30001    74.12828
    52  C   4.0  -0.163   4.035    40.44580    -9.64138    72.45776
    53  C   4.0  -0.162   4.031    39.70125   -11.98842    74.11505
    54  C   4.0  -0.087   4.017    42.14278   -13.87626    74.53646
    55  C   4.0  -0.238   4.026    41.28484   -16.62770    75.40573
    56  C   4.0  -0.166   4.082    43.99660   -12.86525    76.45075
    57  C   4.0  -0.163   4.048    46.51749   -14.38459    76.63217
    58  C   4.0  -0.166   4.111    46.97481   -15.35024    79.29479
    59  C   4.0  -0.088   4.065    48.47903   -17.85224    79.50266
    60  C   4.0  -0.238   4.042    46.75749   -20.18038    79.47998
    61  C   4.0  -0.165   4.107    49.93979   -17.56122    82.00088
    62  C   4.0  -0.163   4.057    52.78194   -16.97541    81.25066
    63  C   4.0  -0.168   4.127    54.43167   -18.39648    83.05157
    64  C   4.0  -0.088   4.036    55.01748   -21.18194    82.42418
    65  C   4.0  -0.240   4.076    56.72768   -21.12714    80.13194
    66  C   4.0  -0.240   4.054    56.45367   -22.40081    84.66539
    67  H   1.0   0.071   1.006    35.34354   -10.00043    58.06939
    68  H   1.0   0.072   1.008    34.63679    -8.34314    45.95814
    69  H   1.0   0.071   1.007    27.99440     1.49666    47.63810
    70  H   1.0   0.085   1.008    34.30986    -1.81414    61.78648
    71  H   1.0   0.084   1.009    33.63145    -7.06569    61.97356
    72  H   1.0   0.081   1.000    37.95893    -3.57347    60.37863
    73  H   1.0   0.081   0.999    38.30663    -6.80301    59.55282
    74  H   1.0   0.080   0.999    38.00050    -5.92807    62.80693
    75  H   1.0   0.082   1.004    30.09011    -5.72209    63.29448
    76  H   1.0   0.082   1.000    28.83911    -2.74010    62.87118
    77  H   1.0   0.082   1.007    31.83054    -5.22131    67.00590
    78  H   1.0   0.081   1.003    29.76318    -2.45853    67.00968
    79  H   1.0   0.081   1.002    39.22882   -13.32635    53.51326
    80  H   1.0   0.081   1.000    36.42636   -14.83813    54.44111
    81  H   1.0   0.081   1.001    38.03451   -12.27944    56.31950
    82  H   1.0   0.080   1.000    37.25406   -16.32723    50.47836
    83  H   1.0   0.080   0.999    40.11132   -14.70018    49.21035
    84  H   1.0   0.081   1.002    37.77373   -16.41227    47.26205
    85  H   1.0   0.086   1.011    31.30142    -5.33281    43.09520
    86  H   1.0   0.085   1.008    31.49795    -0.18330    44.06463
    87  H   1.0   0.080   0.998    35.63645    -1.68941    43.62054
    88  H   1.0   0.080   0.997    35.03741    -3.79646    41.17902
    89  H   1.0   0.081   0.999    36.50195    -4.81691    43.95125
    90  H   1.0   0.082   1.005    26.78876    -0.71621    44.03061
    91  H   1.0   0.081   1.002    27.05143    -4.03268    44.26116
    92  H   1.0   0.080   0.998    29.75940    -2.36216    39.71070
    93  H   1.0   0.080   1.000    27.10434    -0.52156    40.06219
    94  H   1.0   0.080   0.998    26.68482    -3.88150    39.96770
    95  H   1.0   0.080   1.000    24.13936     4.52967    51.30228
    96  H   1.0   0.080   1.000    27.02875     5.46698    49.83963
    97  H   1.0   0.081   1.000    26.42404     6.44019    52.92933
    98  H   1.0   0.085   1.006    27.71094     0.63306    60.96256
    99  H   1.0   0.081   0.996    31.70960     7.33781    63.36062
   100  H   1.0   0.081   0.997    33.44815     4.83581    64.97823
   101  H   1.0   0.080   0.996    30.69482     6.09248    66.30481
   102  H   1.0   0.082   1.000    37.22004    -0.53479    70.71543
   103  H   1.0   0.083   1.004    38.52962    -1.73099    67.91864
   104  H   1.0   0.071   1.006    39.79763    -5.48776    69.31137
   105  H   1.0   0.080   0.998    36.07298    -5.46320    76.25044
   106  H   1.0   0.081   0.999    36.05786    -2.53034    74.68386
   107  H   1.0   0.081   1.001    38.46537    -3.31080    76.74177
   108  H   1.0   0.083   1.006    39.93180    -7.54946    76.09926
   109  H   1.0   0.083   1.006    42.44136    -6.68207    74.21143
   110  H   1.0   0.082   1.004    42.34498    -9.90594    71.70754
   111  H   1.0   0.082   1.002    39.15701    -9.67351    70.85150
   112  H   1.0   0.081   1.002    38.24805   -12.99187    73.05492
   113  H   1.0   0.081   1.000    38.76584   -11.72386    75.93108
   114  H   1.0   0.083   1.009    43.32575   -13.91783    72.85083
   115  H   1.0   0.080   0.996    39.28362   -17.10391    75.29235
   116  H   1.0   0.081   1.001    42.01806   -16.83935    77.31814
   117  H   1.0   0.080   0.997    42.40167   -18.10168    74.49867
   118  H   1.0   0.083   1.005    42.89678   -12.70085    78.18363
   119  H   1.0   0.083   1.005    44.47092   -10.95096    75.85360
   120  H   1.0   0.082   1.002    48.08030   -13.19596    76.01234
   121  H   1.0   0.083   1.007    46.44757   -16.11936    75.52479
   122  H   1.0   0.084   1.006    45.11721   -15.67717    80.12249
   123  H   1.0   0.083   1.006    48.05762   -13.85925    80.21698
   124  H   1.0   0.084   1.009    49.66767   -18.14893    77.84726
   125  H   1.0   0.081   0.999    47.79117   -21.77342    78.68441
   126  H   1.0   0.081   1.000    45.10587   -19.66827    78.35938
   127  H   1.0   0.080   0.999    46.37387   -20.80021    81.40750
   128  H   1.0   0.083   1.002    49.87176   -19.15993    83.29723
   129  H   1.0   0.083   1.003    49.23114   -16.02677    83.17818
   130  H   1.0   0.082   1.004    53.44334   -15.03655    81.45475
   131  H   1.0   0.082   1.003    53.42444   -17.42327    79.34392
   132  H   1.0   0.084   1.009    53.47735   -18.62325    84.86381
   133  H   1.0   0.083   1.005    56.18533   -17.33068    83.23676
   134  H   1.0   0.082   1.007    53.30161   -22.31577    82.29190
   135  H   1.0   0.081   0.999    55.76203   -21.95106    78.50866
   136  H   1.0   0.081   0.998    58.51725   -22.12680    80.34359
   137  H   1.0   0.081   0.999    57.47224   -19.26765    79.65195
   138  H   1.0   0.081   1.003    55.45023   -24.19794    84.72775
   139  H   1.0   0.081   0.998    56.19856   -21.32367    86.40205
   140  H   1.0   0.080   0.998    58.45678   -22.74663    84.33091
 
  Z AO/shell   Hii/eV     exponent
  1     Sat Feb 20 21:38:01 CET 2016    EN: 2.327 GAM: 0.473  GM3: 0.0000
     1s    -13.751157    1.051071
  6     Sat Feb 20 21:38:01 CET 2016    EN: 2.731 GAM: 0.422  GM3: 0.0000
     2s    -19.378245    2.021003
     2p    -11.993376    1.497917
  7     Sat Feb 20 21:38:01 CET 2016    EN: 3.573 GAM: 0.504  GM3: 0.0000
     2s    -21.576984    2.275442
     2p    -16.125120    2.056788
  8     Sat Feb 20 21:38:01 CET 2016    EN: 3.700 GAM: 0.587  GM3: 0.0000
     2s    -21.648843    2.110798
     2p    -17.239740    2.329048
 12     Sat Feb 20 23:25:47 CET 2016    EN: 0.033 GAM: 0.222  GM3: 0.0000
     3s    -12.693633    1.302878
     3p     -8.128821    0.504252
 
 dipole moment of classical point charges (au)
     X       Y       Z   
  -0.0156  -0.5602   0.2300  total (Debye):    1.540

 
 Nbf   :          338
 T(el) :   300.0
 calculating S/T integrals ...
 cpu time for ints   0.177714000000000     
 Nao   :          338
 making H0...
 making H1...
 cpu time for H      6.981000000000015E-003
 solving ...
 cpu time for diag   5.350500000000002E-002
 
 gap (eV)           :   1.422
 Koopmans IP (eV)   :  12.117
 Eel (Eh)           :  -268.493012
 T,E(Fermi),NFOD :    300.000   -11.406  0.000000
 T,E(Fermi),NFOD :    300.000   -11.406  0.000000
 Nfod               :  0.0000
 Nfod/Nel           :  0.0000

          eigenvalues
 #    :         164        165        166        167        168        169        170        171
 occ. :        2.000      2.000      2.000      2.000      2.000      2.000      2.000      2.000
 eps  :       -16.180    -16.105    -15.964    -15.905    -15.793    -15.622    -15.433    -14.984
 #    :         172        173        174        175        176        177        178        179
 occ. :        2.000      2.000      2.000      2.000      2.000      0.000      0.000      0.000
 eps  :       -14.970    -14.774    -14.697    -13.293    -12.118    -10.696     -9.639     -8.677
 #    :         180        181        182        183        184        185        186        187
 occ. :        0.000      0.000      0.000      0.000      0.000      0.000      0.000      0.000
 eps  :        -8.537     -8.320     -7.992     -7.870     -7.420     -7.281     -6.908     -6.694
                            1  SCC done.
 making H1...
 cpu time for H      6.574600000000003E-002
 solving ...
 cpu time for diag   3.601400000000005E-002
 
 gap (eV)           :   1.518
 Koopmans IP (eV)   :  11.896
 Eel (Eh)           :  -265.681524
 T,E(Fermi),NFOD :    300.000   -11.137  0.000000
 T,E(Fermi),NFOD :    300.000   -11.137  0.000000
 Nfod               :  0.0000
 Nfod/Nel           :  0.0000

          eigenvalues
 #    :         164        165        166        167        168        169        170        171
 occ. :        2.000      2.000      2.000      2.000      2.000      2.000      2.000      2.000
 eps  :       -15.244    -15.203    -15.150    -14.903    -14.783    -14.436    -14.413    -14.158
 #    :         172        173        174        175        176        177        178        179
 occ. :        2.000      2.000      2.000      2.000      2.000      0.000      0.000      0.000
 eps  :       -14.009    -13.715    -13.600    -12.729    -11.898    -10.379     -9.065     -8.577
 #    :         180        181        182        183        184        185        186        187
 occ. :        0.000      0.000      0.000      0.000      0.000      0.000      0.000      0.000
 eps  :        -8.233     -7.985     -7.905     -7.727     -7.286     -7.117     -6.920     -6.356
                            2  SCC done.
 
 
 Mulliken/CM5 charges    n(s)   n(p)   n(d)   
    1 MG  0.3054  0.7858   0.662  1.032  0.000
    2 C   0.0091  0.0128   1.187  2.804  0.000
    3 C  -0.0475 -0.0908   1.130  2.917  0.000
    4 C  -0.0297 -0.0699   1.122  2.907  0.000
    5 C  -0.0163 -0.0570   1.121  2.895  0.000
    6 N  -0.1745 -0.4376   1.404  3.771  0.000
    7 C   0.0172  0.0758   1.258  2.725  0.000
    8 C  -0.0239 -0.0776   1.224  2.800  0.000
    9 C  -0.0326 -0.0910   1.205  2.828  0.000
   10 C   0.0043  0.0734   1.248  2.748  0.000
   11 C  -0.0746 -0.2219   1.102  2.972  0.000
   12 C  -0.0512 -0.1569   1.173  2.878  0.000
   13 C  -0.0599 -0.1599   1.149  2.911  0.000
   14 C   0.2096  0.2579   1.193  2.598  0.000
   15 O  -0.2690 -0.3243   1.621  4.648  0.000
   16 O  -0.1837 -0.2652   1.472  4.712  0.000
   17 N  -0.2287 -0.5352   1.377  3.851  0.000
   18 C   0.0161  0.0676   1.176  2.807  0.000
   19 C  -0.0466 -0.0521   1.200  2.847  0.000
   20 C  -0.0602 -0.0550   1.207  2.853  0.000
   21 C   0.0311  0.0986   1.215  2.754  0.000
   22 C  -0.0795 -0.2245   1.079  3.000  0.000
   23 C   0.1095  0.1286   1.233  2.657  0.000
   24 O  -0.2481 -0.2985   1.630  4.618  0.000
   25 C  -0.0714 -0.2138   1.093  2.979  0.000
   26 N  -0.1444 -0.4126   1.401  3.743  0.000
   27 C   0.0704  0.1384   1.196  2.734  0.000
   28 C  -0.0234 -0.0790   1.191  2.832  0.000
   29 C  -0.0347 -0.0914   1.203  2.832  0.000
   30 C   0.0573  0.1124   1.213  2.729  0.000
   31 C  -0.0992 -0.2471   1.105  2.994  0.000
   32 C  -0.0516 -0.1624   1.154  2.897  0.000
   33 C  -0.0906 -0.2426   1.093  2.998  0.000
   34 N  -0.2034 -0.4865   1.387  3.817  0.000
   35 C   0.0533  0.1171   1.192  2.754  0.000
   36 C   0.0241  0.0182   1.221  2.755  0.000
   37 C  -0.0600 -0.0535   1.187  2.873  0.000
   38 C   0.0338  0.1011   1.206  2.760  0.000
   39 C  -0.0636 -0.2072   1.075  2.989  0.000
   40 C   0.1350  0.1668   1.202  2.663  0.000
   41 O  -0.2448 -0.2867   1.634  4.611  0.000
   42 C  -0.0467 -0.0896   1.205  2.842  0.000
   43 C   0.2433  0.3024   1.158  2.598  0.000
   44 O  -0.2797 -0.3268   1.622  4.658  0.000
   45 O  -0.1363 -0.2240   1.468  4.669  0.000
   46 C   0.0223 -0.0996   1.092  2.886  0.000
   47 C   0.0396 -0.0412   1.131  2.829  0.000
   48 C  -0.0626 -0.1184   1.139  2.923  0.000
   49 C   0.0033 -0.0203   1.205  2.791  0.000
   50 C  -0.0847 -0.2310   1.078  3.007  0.000
   51 C  -0.0616 -0.1677   1.137  2.924  0.000
   52 C  -0.0424 -0.1528   1.150  2.893  0.000
   53 C  -0.0798 -0.1888   1.174  2.906  0.000
   54 C  -0.0424 -0.1154   1.224  2.819  0.000
   55 C  -0.1179 -0.2678   1.107  3.011  0.000
   56 C  -0.0694 -0.1816   1.151  2.918  0.000
   57 C  -0.0601 -0.1735   1.147  2.913  0.000
   58 C  -0.0747 -0.1870   1.158  2.916  0.000
   59 C  -0.0214 -0.0957   1.199  2.822  0.000
   60 C  -0.1023 -0.2533   1.103  3.000  0.000
   61 C  -0.0681 -0.1776   1.165  2.903  0.000
   62 C  -0.0706 -0.1831   1.150  2.920  0.000
   63 C  -0.0779 -0.1912   1.154  2.924  0.000
   64 C  -0.0192 -0.0965   1.194  2.825  0.000
   65 C  -0.1143 -0.2646   1.100  3.015  0.000
   66 C  -0.1099 -0.2612   1.108  3.002  0.000
   67 H   0.0664  0.1256   0.934  0.000  0.000
   68 H   0.0581  0.1231   0.942  0.000  0.000
   69 H   0.0503  0.1095   0.950  0.000  0.000
   70 H   0.0650  0.1333   0.935  0.000  0.000
   71 H   0.0387  0.1007   0.961  0.000  0.000
   72 H   0.0443  0.0978   0.956  0.000  0.000
   73 H   0.0447  0.0984   0.955  0.000  0.000
   74 H   0.0390  0.0912   0.961  0.000  0.000
   75 H   0.0367  0.0934   0.963  0.000  0.000
   76 H   0.0582  0.1142   0.942  0.000  0.000
   77 H   0.0417  0.1051   0.958  0.000  0.000
   78 H   0.0557  0.1130   0.944  0.000  0.000
   79 H   0.0433  0.0977   0.957  0.000  0.000
   80 H   0.0559  0.1089   0.944  0.000  0.000
   81 H   0.0500  0.1039   0.950  0.000  0.000
   82 H   0.0489  0.1029   0.951  0.000  0.000
   83 H   0.0614  0.1148   0.939  0.000  0.000
   84 H   0.0556  0.1139   0.944  0.000  0.000
   85 H   0.0503  0.1131   0.950  0.000  0.000
   86 H   0.0466  0.1082   0.953  0.000  0.000
   87 H   0.0315  0.0839   0.969  0.000  0.000
   88 H   0.0325  0.0836   0.967  0.000  0.000
   89 H   0.0369  0.0901   0.963  0.000  0.000
   90 H   0.0376  0.0945   0.962  0.000  0.000
   91 H   0.0364  0.0923   0.964  0.000  0.000
   92 H   0.0340  0.0861   0.966  0.000  0.000
   93 H   0.0314  0.0834   0.969  0.000  0.000
   94 H   0.0393  0.0907   0.961  0.000  0.000
   95 H   0.0502  0.1028   0.950  0.000  0.000
   96 H   0.0414  0.0943   0.959  0.000  0.000
   97 H   0.0517  0.1060   0.948  0.000  0.000
   98 H   0.0611  0.1271   0.939  0.000  0.000
   99 H   0.0531  0.1146   0.947  0.000  0.000
  100 H   0.0499  0.1143   0.950  0.000  0.000
  101 H   0.0458  0.1042   0.954  0.000  0.000
  102 H   0.0460  0.1110   0.954  0.000  0.000
  103 H   0.0488  0.1184   0.951  0.000  0.000
  104 H   0.0443  0.1034   0.956  0.000  0.000
  105 H   0.0538  0.1056   0.946  0.000  0.000
  106 H   0.0379  0.0915   0.962  0.000  0.000
  107 H   0.0347  0.0878   0.965  0.000  0.000
  108 H   0.0455  0.1038   0.955  0.000  0.000
  109 H   0.0374  0.0944   0.963  0.000  0.000
  110 H   0.0422  0.0988   0.958  0.000  0.000
  111 H   0.0451  0.1009   0.955  0.000  0.000
  112 H   0.0316  0.0867   0.968  0.000  0.000
  113 H   0.0382  0.0932   0.962  0.000  0.000
  114 H   0.0266  0.0865   0.973  0.000  0.000
  115 H   0.0381  0.0890   0.962  0.000  0.000
  116 H   0.0348  0.0898   0.965  0.000  0.000
  117 H   0.0319  0.0834   0.968  0.000  0.000
  118 H   0.0273  0.0849   0.973  0.000  0.000
  119 H   0.0318  0.0891   0.968  0.000  0.000
  120 H   0.0355  0.0906   0.964  0.000  0.000
  121 H   0.0303  0.0891   0.970  0.000  0.000
  122 H   0.0322  0.0909   0.968  0.000  0.000
  123 H   0.0343  0.0924   0.966  0.000  0.000
  124 H   0.0406  0.1012   0.959  0.000  0.000
  125 H   0.0336  0.0855   0.966  0.000  0.000
  126 H   0.0425  0.0964   0.958  0.000  0.000
  127 H   0.0282  0.0809   0.972  0.000  0.000
  128 H   0.0442  0.1011   0.956  0.000  0.000
  129 H   0.0391  0.0956   0.961  0.000  0.000
  130 H   0.0359  0.0914   0.964  0.000  0.000
  131 H   0.0371  0.0942   0.963  0.000  0.000
  132 H   0.0281  0.0871   0.972  0.000  0.000
  133 H   0.0314  0.0884   0.969  0.000  0.000
  134 H   0.0458  0.1044   0.954  0.000  0.000
  135 H   0.0263  0.0782   0.974  0.000  0.000
  136 H   0.0306  0.0829   0.969  0.000  0.000
  137 H   0.0347  0.0879   0.965  0.000  0.000
  138 H   0.0333  0.0866   0.967  0.000  0.000
  139 H   0.0333  0.0857   0.967  0.000  0.000
  140 H   0.0340  0.0861   0.966  0.000  0.000
 Hirshfeld charges for QMDFF written to <charges>
 
 Loewdin charges    n(s)   n(p)   n(d)
    1 MG  0.1425   0.675  1.183  0.000
    2 C   0.0123   1.146  2.841  0.000
    3 C  -0.0415   1.075  2.967  0.000
    4 C  -0.0313   1.070  2.961  0.000
    5 C  -0.0157   1.068  2.947  0.000
    6 N  -0.1343   1.356  3.778  0.000
    7 C   0.0156   1.224  2.760  0.000
    8 C  -0.0158   1.178  2.838  0.000
    9 C  -0.0252   1.158  2.867  0.000
   10 C   0.0056   1.212  2.782  0.000
   11 C  -0.0750   1.029  3.046  0.000
   12 C  -0.0464   1.116  2.931  0.000
   13 C  -0.0591   1.091  2.968  0.000
   14 C   0.1878   1.167  2.646  0.000
   15 O  -0.2538   1.590  4.664  0.000
   16 O  -0.1510   1.439  4.712  0.000
   17 N  -0.1937   1.334  3.860  0.000
   18 C   0.0197   1.135  2.845  0.000
   19 C  -0.0334   1.155  2.878  0.000
   20 C  -0.0692   1.172  2.897  0.000
   21 C   0.0382   1.176  2.786  0.000
   22 C  -0.0822   1.005  3.077  0.000
   23 C   0.1112   1.198  2.691  0.000
   24 O  -0.2358   1.603  4.633  0.000
   25 C  -0.0747   1.019  3.056  0.000
   26 N  -0.1104   1.357  3.753  0.000
   27 C   0.0768   1.155  2.768  0.000
   28 C  -0.0161   1.144  2.873  0.000
   29 C  -0.0281   1.156  2.872  0.000
   30 C   0.0623   1.175  2.763  0.000
   31 C  -0.1023   1.034  3.068  0.000
   32 C  -0.0457   1.095  2.951  0.000
   33 C  -0.0918   1.020  3.071  0.000
   34 N  -0.1693   1.343  3.826  0.000
   35 C   0.0537   1.154  2.792  0.000
   36 C   0.0293   1.182  2.789  0.000
   37 C  -0.0682   1.151  2.918  0.000
   38 C   0.0371   1.168  2.795  0.000
   39 C  -0.0634   0.999  3.065  0.000
   40 C   0.1303   1.169  2.701  0.000
   41 O  -0.2301   1.605  4.625  0.000
   42 C  -0.0472   1.158  2.889  0.000
   43 C   0.2158   1.133  2.651  0.000
   44 O  -0.2653   1.590  4.675  0.000
   45 O  -0.0978   1.429  4.669  0.000
   46 C   0.0136   1.022  2.965  0.000
   47 C   0.0378   1.072  2.890  0.000
   48 C  -0.0638   1.090  2.974  0.000
   49 C   0.0168   1.162  2.821  0.000
   50 C  -0.0881   1.004  3.084  0.000
   51 C  -0.0601   1.078  2.982  0.000
   52 C  -0.0362   1.090  2.946  0.000
   53 C  -0.0766   1.118  2.958  0.000
   54 C  -0.0328   1.178  2.855  0.000
   55 C  -0.1234   1.038  3.086  0.000
   56 C  -0.0670   1.093  2.974  0.000
   57 C  -0.0554   1.088  2.967  0.000
   58 C  -0.0734   1.102  2.972  0.000
   59 C  -0.0107   1.151  2.859  0.000
   60 C  -0.1065   1.032  3.075  0.000
   61 C  -0.0657   1.108  2.958  0.000
   62 C  -0.0668   1.092  2.975  0.000
   63 C  -0.0761   1.097  2.979  0.000
   64 C  -0.0069   1.145  2.862  0.000
   65 C  -0.1200   1.030  3.090  0.000
   66 C  -0.1146   1.038  3.076  0.000
   67 H   0.0607   0.939  0.000  0.000
   68 H   0.0518   0.948  0.000  0.000
   69 H   0.0458   0.954  0.000  0.000
   70 H   0.0558   0.944  0.000  0.000
   71 H   0.0340   0.966  0.000  0.000
   72 H   0.0431   0.957  0.000  0.000
   73 H   0.0446   0.955  0.000  0.000
   74 H   0.0379   0.962  0.000  0.000
   75 H   0.0347   0.965  0.000  0.000
   76 H   0.0541   0.946  0.000  0.000
   77 H   0.0378   0.962  0.000  0.000
   78 H   0.0514   0.949  0.000  0.000
   79 H   0.0427   0.957  0.000  0.000
   80 H   0.0540   0.946  0.000  0.000
   81 H   0.0493   0.951  0.000  0.000
   82 H   0.0486   0.951  0.000  0.000
   83 H   0.0594   0.941  0.000  0.000
   84 H   0.0524   0.948  0.000  0.000
   85 H   0.0444   0.956  0.000  0.000
   86 H   0.0407   0.959  0.000  0.000
   87 H   0.0321   0.968  0.000  0.000
   88 H   0.0327   0.967  0.000  0.000
   89 H   0.0373   0.963  0.000  0.000
   90 H   0.0352   0.965  0.000  0.000
   91 H   0.0337   0.966  0.000  0.000
   92 H   0.0343   0.966  0.000  0.000
   93 H   0.0316   0.968  0.000  0.000
   94 H   0.0386   0.961  0.000  0.000
   95 H   0.0488   0.951  0.000  0.000
   96 H   0.0410   0.959  0.000  0.000
   97 H   0.0493   0.951  0.000  0.000
   98 H   0.0537   0.946  0.000  0.000
   99 H   0.0487   0.951  0.000  0.000
  100 H   0.0454   0.955  0.000  0.000
  101 H   0.0431   0.957  0.000  0.000
  102 H   0.0397   0.960  0.000  0.000
  103 H   0.0419   0.958  0.000  0.000
  104 H   0.0381   0.962  0.000  0.000
  105 H   0.0529   0.947  0.000  0.000
  106 H   0.0371   0.963  0.000  0.000
  107 H   0.0351   0.965  0.000  0.000
  108 H   0.0429   0.957  0.000  0.000
  109 H   0.0347   0.965  0.000  0.000
  110 H   0.0393   0.961  0.000  0.000
  111 H   0.0417   0.958  0.000  0.000
  112 H   0.0296   0.970  0.000  0.000
  113 H   0.0358   0.964  0.000  0.000
  114 H   0.0218   0.978  0.000  0.000
  115 H   0.0380   0.962  0.000  0.000
  116 H   0.0368   0.963  0.000  0.000
  117 H   0.0329   0.967  0.000  0.000
  118 H   0.0259   0.974  0.000  0.000
  119 H   0.0298   0.970  0.000  0.000
  120 H   0.0325   0.967  0.000  0.000
  121 H   0.0287   0.971  0.000  0.000
  122 H   0.0310   0.969  0.000  0.000
  123 H   0.0322   0.968  0.000  0.000
  124 H   0.0357   0.964  0.000  0.000
  125 H   0.0336   0.966  0.000  0.000
  126 H   0.0429   0.957  0.000  0.000
  127 H   0.0290   0.971  0.000  0.000
  128 H   0.0423   0.958  0.000  0.000
  129 H   0.0371   0.963  0.000  0.000
  130 H   0.0336   0.966  0.000  0.000
  131 H   0.0355   0.964  0.000  0.000
  132 H   0.0272   0.973  0.000  0.000
  133 H   0.0296   0.970  0.000  0.000
  134 H   0.0406   0.959  0.000  0.000
  135 H   0.0267   0.973  0.000  0.000
  136 H   0.0322   0.968  0.000  0.000
  137 H   0.0359   0.964  0.000  0.000
  138 H   0.0337   0.966  0.000  0.000
  139 H   0.0340   0.966  0.000  0.000
  140 H   0.0346   0.965  0.000  0.000
 
 Wiberg/Mayer (AO) data. WBOs > 0.1 written file <wbo>
 largest (>0.05) Wiberg bond orders for each atom
           total WBO             WBO to atom ...
     1  MG  2.535    N   17 0.565    N   34 0.505    N   26 0.392    N    6 0.359    C   38 0.059    C   21 0.056
     2  C   3.903    C    7 1.451    C   38 1.184    C   42 0.953
     3  C   3.909    C   18 1.383    C   10 1.306    H   67 0.928
     4  C   3.915    C   27 1.449    C   21 1.226    H   68 0.932
     5  C   3.919    C   30 1.476    C   35 1.263    H   69 0.931
     6  N   3.344    C   10 1.368    C    7 1.180    MG   1 0.359
     7  C   3.838    C    2 1.451    N    6 1.180    C    8 0.891
     8  C   3.918    C    9 0.988    H   70 0.937    C   12 0.930    C    7 0.891
     9  C   3.931    C    8 0.988    C   11 0.971    H   71 0.946    C   10 0.877
    10  C   3.826    N    6 1.368    C    3 1.306    C    9 0.877
    11  C   3.973    H   74 0.979    H   72 0.978    H   73 0.973    C    9 0.971
    12  C   3.938    H   75 0.969    C   13 0.967    H   76 0.961    C    8 0.930
    13  C   3.962    H   77 0.968    C   12 0.967    H   78 0.948    C   14 0.932    O   15 0.082
    14  C   3.888    O   15 1.839    O   16 1.075    C   13 0.932
    15  O   2.149    C   14 1.839    O   16 0.165    C   13 0.082
    16  O   2.273    C   14 1.075    C   47 0.916    O   15 0.165
    17  N   3.327    C   21 1.259    C   18 1.047    MG   1 0.565    C   20 0.061
    18  C   3.879    C    3 1.383    C   19 1.196    N   17 1.047
    19  C   3.884    C   20 1.440    C   18 1.196    C   22 0.992    O   24 0.058
    20  C   3.875    C   19 1.440    C   21 1.095    C   23 0.996    O   24 0.072    N   17 0.061
    21  C   3.870    N   17 1.259    C    4 1.226    C   20 1.095    N   26 0.063    MG   1 0.056
    22  C   3.980    C   19 0.992    H   81 0.973    H   79 0.969    H   80 0.961
    23  C   3.872    O   24 1.813    C   20 0.996    C   25 0.970
    24  O   2.115    C   23 1.813    C   20 0.072    C   25 0.066    C   19 0.058
    25  C   3.981    C   23 0.970    H   84 0.970    H   82 0.965    H   83 0.957    O   24 0.066
    26  N   3.348    C   27 1.297    C   30 1.167    MG   1 0.392    C   21 0.063
    27  C   3.893    C    4 1.449    N   26 1.297    C   28 0.927
    28  C   3.941    C   31 0.968    C   29 0.953    H   85 0.943    C   27 0.927
    29  C   3.935    C   30 0.957    C   28 0.953    C   32 0.938    H   86 0.938
    30  C   3.859    C    5 1.476    N   26 1.167    C   29 0.957
    31  C   3.970    H   88 0.981    H   87 0.978    H   89 0.975    C   28 0.968
    32  C   3.951    C   33 1.003    H   91 0.969    H   90 0.968    C   29 0.938
    33  C   3.982    C   32 1.003    H   93 0.987    H   94 0.982    H   92 0.981
    34  N   3.330    C   38 1.199    C   35 1.175    MG   1 0.505    C   37 0.065
    35  C   3.865    C    5 1.263    N   34 1.175    C   36 1.173
    36  C   3.827    C   37 1.301    C   35 1.173    C   39 1.015    O   41 0.063
    37  C   3.907    C   36 1.301    C   38 1.171    C   40 1.119    O   41 0.068    N   34 0.065
    38  C   3.871    N   34 1.199    C    2 1.184    C   37 1.171    MG   1 0.059
    39  C   3.982    C   36 1.015    H   97 0.969    H   96 0.968    H   95 0.959
    40  C   3.894    O   41 1.789    C   37 1.119    C   42 0.833
    41  O   2.152    C   40 1.789    C   42 0.089    C   37 0.068    C   36 0.063
    42  C   3.939    C    2 0.953    H   98 0.930    C   43 0.908    C   40 0.833    O   41 0.089    O   44 0.080
    43  C   3.901    O   44 1.808    O   45 1.116    C   42 0.908
    44  O   2.130    C   43 1.808    O   45 0.165    C   42 0.080
    45  O   2.320    C   43 1.116    C   46 0.967    O   44 0.165
    46  C   3.942    H  101 0.990    H  100 0.984    H   99 0.983    O   45 0.967
    47  C   3.935    C   48 1.020    H  103 0.967    H  102 0.965    O   16 0.916
    48  C   3.958    C   49 1.869    C   47 1.020    H  104 0.937
    49  C   3.938    C   48 1.869    C   50 0.999    C   51 0.962
    50  C   3.986    C   49 0.999    H  106 0.972    H  107 0.967    H  105 0.964
    51  C   3.968    C   52 0.977    C   49 0.962    H  109 0.959    H  108 0.956
    52  C   3.964    C   53 0.981    C   51 0.977    H  110 0.969    H  111 0.963
    53  C   3.946    C   52 0.981    H  112 0.970    H  113 0.965    C   54 0.937
    54  C   3.926    C   56 0.999    C   55 0.970    H  114 0.959    C   53 0.937
    55  C   3.974    H  117 0.981    H  115 0.980    H  116 0.977    C   54 0.970
    56  C   3.964    C   54 0.999    C   57 0.968    H  118 0.962    H  119 0.962
    57  C   3.967    C   58 0.994    H  120 0.971    C   56 0.968    H  121 0.968
    58  C   3.965    C   57 0.994    C   59 0.966    H  123 0.963    H  122 0.961
    59  C   3.944    C   60 0.990    C   61 0.974    C   58 0.966    H  124 0.949
    60  C   3.982    C   59 0.990    H  127 0.981    H  125 0.981    H  126 0.973
    61  C   3.956    C   59 0.974    C   62 0.968    H  129 0.964    H  128 0.956
    62  C   3.962    C   63 1.000    C   61 0.968    H  130 0.966    H  131 0.961
    63  C   3.967    C   62 1.000    C   64 0.971    H  132 0.958    H  133 0.958
    64  C   3.949    C   65 0.996    C   66 0.986    C   63 0.971    H  134 0.954
    65  C   3.978    C   64 0.996    H  135 0.979    H  137 0.975    H  136 0.972
    66  C   3.982    C   64 0.986    H  138 0.982    H  140 0.977    H  139 0.977
    67  H   0.992    C    3 0.928
    68  H   0.994    C    4 0.932
    69  H   0.994    C    5 0.931
    70  H   0.993    C    8 0.937
    71  H   0.997    C    9 0.946
    72  H   0.997    C   11 0.978
    73  H   0.997    C   11 0.973
    74  H   0.996    C   11 0.979
    75  H   0.997    C   12 0.969
    76  H   0.995    C   12 0.961
    77  H   0.997    C   13 0.968
    78  H   0.996    C   13 0.948
    79  H   0.996    C   22 0.969
    80  H   0.992    C   22 0.961
    81  H   0.995    C   22 0.973
    82  H   0.997    C   25 0.965
    83  H   0.995    C   25 0.957
    84  H   0.995    C   25 0.970
    85  H   0.995    C   28 0.943
    86  H   0.995    C   29 0.938
    87  H   0.997    C   31 0.978
    88  H   0.997    C   31 0.981
    89  H   0.996    C   31 0.975
    90  H   0.997    C   32 0.968
    91  H   0.998    C   32 0.969
    92  H   0.999    C   33 0.981
    93  H   0.998    C   33 0.987
    94  H   0.997    C   33 0.982
    95  H   0.991    C   39 0.959
    96  H   0.992    C   39 0.968
    97  H   0.993    C   39 0.969
    98  H   0.993    C   42 0.930
    99  H   0.997    C   46 0.983
   100  H   0.997    C   46 0.984
   101  H   0.997    C   46 0.990
   102  H   0.998    C   47 0.965
   103  H   0.997    C   47 0.967
   104  H   0.998    C   48 0.937
   105  H   0.997    C   50 0.964
   106  H   0.997    C   50 0.972
   107  H   0.999    C   50 0.967
   108  H   0.997    C   51 0.956
   109  H   0.998    C   51 0.959
   110  H   0.998    C   52 0.969
   111  H   0.997    C   52 0.963
   112  H   0.998    C   53 0.970
   113  H   0.999    C   53 0.965
   114  H   0.999    C   54 0.959
   115  H   0.998    C   55 0.980
   116  H   0.998    C   55 0.977
   117  H   0.999    C   55 0.981
   118  H   0.999    C   56 0.962
   119  H   0.998    C   56 0.962
   120  H   0.998    C   57 0.971
   121  H   0.999    C   57 0.968
   122  H   0.999    C   58 0.961
   123  H   0.998    C   58 0.963
   124  H   0.998    C   59 0.949
   125  H   0.999    C   60 0.981
   126  H   0.997    C   60 0.973
   127  H   0.999    C   60 0.981
   128  H   0.997    C   61 0.956
   129  H   0.998    C   61 0.964
   130  H   0.998    C   62 0.966
   131  H   0.999    C   62 0.961
   132  H   0.999    C   63 0.958
   133  H   0.997    C   63 0.958
   134  H   0.998    C   64 0.954
   135  H   0.999    C   65 0.979
   136  H   0.999    C   65 0.972
   137  H   0.999    C   65 0.975
   138  H   0.999    C   66 0.982
   139  H   0.999    C   66 0.977
   140  H   0.999    C   66 0.977
 
 --------------------------------------------
          xTB calculation for sTDA...
 --------------------------------------------
 
 reading parameter file ~/.param_stda2.xtb
 
      method parameters     
 k(s)        :  1.6000
 k(p)        :  2.1800
 k(d)        :  1.9500
 k(f)        :  2.0000
 k(R-V)      :  2.2750
 k(R-R)      :  1.7650
 Tscal       :  0.2580
 Gscal       :  1.0000
 fpol        :  1.0000
 Zcnf        :  0.3430
 Zqf         :  0.0000
 kcn         :  2.7000
 Ryd Hsplit  :  0.7000
 lshift(virt):  3.1000
 lshift(OS)  :  0.2000
 wllscaling  :  2.6000
 
 mowrcut     : 3.000
 
  Z AO/shell   Hii/eV     exponent
  1     Sun Feb 14 09:53:25 CET 2016    EN: 2.327 GAM: 0.473  GM3: 0.0000
     1s    -14.339618    1.220000
     2sp    -3.348946    0.600000
  6     Sun Feb 14 09:53:25 CET 2016    EN: 2.731 GAM: 0.422  GM3: 0.0000
     2s    -22.009312    1.565095
     2p    -13.020408    1.596905
     3sp    -3.914040    0.824500
  7     Sun Feb 14 09:53:25 CET 2016    EN: 3.573 GAM: 0.504  GM3: 0.0000
     2s    -25.722000    2.064844
     2p    -18.684912    1.801692
     3sp    -4.344791    0.921400
  8     Sun Feb 14 09:53:25 CET 2016    EN: 3.700 GAM: 0.587  GM3: 0.0000
     2s    -33.859000    2.418661
     2p    -22.175911    1.973969
     3sp    -4.259392    1.013700
 12     Sun Feb 21 16:58:31 CET 2016    EN: 0.033 GAM: 0.222  GM3: 0.0000
     3s    -11.092543    1.647583
     3p     -6.929529    0.855020
 
 Nbf   :          894
 T(el) :     0.0
 calculating S/T integrals ...
 cpu time for ints    1.20701100000000     
 Nao   :          894
 making H0...
 making H1...
 cpu time for H      2.329800000000004E-002
 solving ...
 cpu time for diag   0.257354000000000     
 
 gap (eV)           :   4.809
 Koopmans IP (eV)   :  13.266
 Eel (Eh)           :  -300.457163

          eigenvalues
 #    :         164        165        166        167        168        169        170        171
 occ. :        2.000      2.000      2.000      2.000      2.000      2.000      2.000      2.000
 eps  :       -17.221    -17.115    -16.902    -16.396    -16.207    -16.076    -15.855    -15.842
 #    :         172        173        174        175        176        177        178        179
 occ. :        2.000      2.000      2.000      2.000      2.000      0.000      0.000      0.000
 eps  :       -15.488    -15.399    -15.018    -13.913    -13.268     -8.458     -6.978     -6.631
 #    :         180        181        182        183        184        185        186        187
 occ. :        0.000      0.000      0.000      0.000      0.000      0.000      0.000      0.000
 eps  :        -6.173     -5.989     -5.924     -5.446     -5.248     -5.106     -5.054     -4.952
                            1  SCC done.
 writing mo output ...
 molden style : F
 
speedup  1.25
cpu  time for all    2.04 s
wall time for all    1.63 s
