 
        ______________________________________
       |                                      |
       |          ===================         |
       |             xTB for sTDA             |
       |          ===================         |
       |               S. Grimme              |
       |        Universitaet Bonn, MCTC       |
       |         2015-19, Version 1.0         |
       |     Wed Apr  3 09:14:55 CEST 2019    |
       |______________________________________|
 
        This code comes without any warranty
        for non-commercial, academia use only.
        Preliminary test version.
        Cite this work as:
        S. Grimme  &  C. Bannwarth, JCP 145 (2016) 054103
        if GBSA is used additionally:
        P. Shushkov, F. März, C. Bannwarth, S. Grimme, unpublished.
 
        with help from
        P. Shushkov, G. Brandenburg, S. Dohm, J. Pisarek,
        F. März, M. Checinski, S. Ehrlich, S. Spicher, 
        P. Pracht, E. Caldeweyher, S. Ehlert, and C. Bannwarth.
 
        usage        :
        xtb4stda <coord_file> [options]
        where <coord_file> is a valid file of TM)
        (*coord, Bohr) or xmol (*xyz, Angstroem)
        format.

        options:
        -chrg <int>   : molecular charge
        -uhf  <int>   : # of unpaired electrons(=2*S)
        -nox          : skip second, extended part in sTDA-xTB
        -pop          : do population analysis
                      : (default for -nox)
        -mowr <real>  : cut MO write above (def.3 Eh)
        -molden       : write formatted molden file
        -parx <file>  : read parameters for sTDA-xTB
                        calc (def:~/.param_stda2.xtb)
        -parv <file>  : read parameters for vTB part in
                        sTDA-xTB (def: ~/.param_stda1.xtb)
        -xtemp <real> : el. temp for xTB (def. 0 K)
        -etemp <real> : el. temp for GFN (def. 300 K)
        -fod          : calculate the FOD and write
                        molden.input file with
                        appropriate occupations
                        for plotting. Def. T=12500 K
 
        -acc <real>   : xTB accuracy (def. 1.0)
        -gbsa [string1] [string2]
                        use GBSA implicit solvent
                        for solvent [string1] and
                        solvation state [string2]=
                        reference, bar1M (default=1M)
        additional GFN/opt/MD/siman options read from
        $XTB4STDAHOME/.xtb4stdarc or $set in input
 
       spin and charge state information can be on:
       <.CHRG> (charge) and <.UHF> (=nalpha-nbeta)
       -uhf and -chrg override the file info.
       useful machine settings:
       setenv MKL_NUM_THREADS <NCORE_ON_YOUR_MACHINE>
       setenv OMP_STACKSIZE 500m
       limit stacksize unlimited
 
       total energies in Eh, gaps/HL energies in eV
       please read REVISION and HOWTO files carefully
 =============================
  # OMP threads =           4
 =============================
 
 xtb4stdahome directory:~/
 
 
 name of molecule           :
 comment line               :
 number of atoms            :   140
 number of electrons        :   352
 charge                     :  0
 spin                       : 0.0
 first test random number   :  0.1806
 
 -----------------------------------------
      charge density (VTB) calculation
 -----------------------------------------
 
      method parameters     
 k(s)        :  1.8000
 k(p)        :  2.8350
 k(d)        :  2.0860
 k(f)        :  2.0000
 Tscal       :  0.3300
 Gscal       :  0.3910
 fpol        :  1.0000
 Zcnf        :  0.6500
 Zqf         :  0.0000
 kcn         :  0.3000
 kEN1        : -0.5900
 wllscal     :  2.6000
 
     -------------------------
     ! NO SOLVENT MODEL USED !
     -------------------------
 
 doing EN charges ...
 sum q : -0.8881784D-15
 point charge moment (au)
     X       Y       Z   
  -0.6809   0.3917   0.5320  total (Debye):    2.411
 
            Z      q(EN)   CN      Cart. coordinates
     1  MG  2.0   0.929   4.773    49.26516     0.61038    55.13275
     2  C   4.0   0.021   3.238    52.78005     0.00567    60.79626
     3  C   4.0  -0.058   3.147    43.91156     0.70487    59.00102
     4  C   4.0  -0.060   3.183    45.73137     1.38895    50.09286
     5  C   4.0  -0.059   3.138    54.61119    -1.05636    51.69534
     6  N   5.0  -0.367   3.095    48.54328     0.44031    59.38653
     7  C   4.0   0.097   3.438    50.24214     0.47810    61.31972
     8  C   4.0  -0.091   4.116    49.11965     0.47432    64.00124
     9  C   4.0  -0.096   4.149    46.17545     0.46865    63.21889
    10  C   4.0   0.120   3.431    46.27372     0.51023    60.38619
    11  C   4.0  -0.237   4.030    44.66178    -1.93319    64.14297
    12  C   4.0  -0.163   4.060    49.88688     2.85160    65.57916
    13  C   4.0  -0.170   4.051    51.60086     2.79301    67.89218
    14  C   4.0   0.193   3.083    51.16433     4.56180    70.12017
    15  O   6.0  -0.108   1.046    50.64277     6.78223    70.11450
    16  O   6.0  -0.126   2.052    51.73125     3.37505    72.30658
    17  N   5.0  -0.421   3.225    45.36098     1.14517    54.56395
    18  C   4.0   0.068   3.416    43.43724     0.99022    56.37997
    19  C   4.0   0.012   3.277    41.05241     1.15840    55.05717
    20  C   4.0   0.004   3.266    41.52295     1.66296    52.51737
    21  C   4.0   0.095   3.474    44.30085     1.51934    52.31328
    22  C   4.0  -0.249   4.041    38.67891     1.22454    56.57273
    23  C   4.0   0.108   3.046    39.73716     2.04468    50.27994
    24  O   6.0  -0.099   1.057    40.42502     2.42074    48.08219
    25  C   4.0  -0.251   4.045    37.01028     2.23744    50.85253
    26  N   5.0  -0.452   3.149    49.94357     0.04724    51.40055
    27  C   4.0   0.086   3.395    48.32029     0.87305    49.56751
    28  C   4.0  -0.094   4.135    49.70168     1.14139    46.96347
    29  C   4.0  -0.096   4.164    52.35675     0.19086    47.53984
    30  C   4.0   0.082   3.375    52.30761    -0.46109    50.40277
    31  C   4.0  -0.237   4.023    48.29951    -0.20409    44.73737
    32  C   4.0  -0.165   4.070    54.29750     2.23555    46.84631
    33  C   4.0  -0.239   4.018    56.62186     1.46076    45.47625
    34  N   5.0  -0.419   3.187    52.92178    -0.53290    55.95479
    35  C   4.0   0.079   3.407    54.90788    -1.09604    54.38631
    36  C   4.0   0.014   3.221    57.15476    -1.64028    55.79416
    37  C   4.0   0.006   3.304    56.54816    -1.05825    58.46245
    38  C   4.0   0.062   3.593    53.89498    -0.37417    58.38875
    39  C   4.0  -0.245   4.010    59.68888    -2.52656    54.67922
    40  C   4.0   0.097   3.182    57.46090    -0.92030    61.11185
    41  O   6.0  -0.089   1.035    59.63597    -1.10738    61.97734
    42  C   4.0  -0.113   4.199    55.01937    -0.20976    62.69166
    43  C   4.0   0.200   3.178    54.91166    -2.42641    64.44532
    44  O   6.0  -0.097   1.053    53.91577    -4.48810    64.10328
    45  O   6.0  -0.138   2.047    55.86030    -1.84815    66.64685
    46  C   4.0  -0.200   4.027    56.22691    -3.85126    68.57249
    47  C   4.0  -0.134   4.068    51.51582     4.78857    74.67063
    48  C   4.0  -0.055   3.116    49.32563     4.04590    76.27879
    49  C   4.0   0.024   3.094    49.30295     2.54168    78.37827
    50  C   4.0  -0.251   4.058    51.61786     1.65162    79.69163
    51  C   4.0  -0.182   4.132    46.95402     2.33381    79.81069
    52  C   4.0  -0.162   4.042    46.49671     4.17629    81.94230
    53  C   4.0  -0.163   4.049    45.18902     2.70042    84.13249
    54  C   4.0  -0.089   4.033    45.28350     4.24810    86.82346
    55  C   4.0  -0.238   4.029    45.57452     2.76467    89.23475
    56  C   4.0  -0.164   4.066    43.18024     6.21720    86.77055
    57  C   4.0  -0.163   4.037    43.11410     8.06157    89.08357
    58  C   4.0  -0.164   4.062    41.59476    10.52199    88.68673
    59  C   4.0  -0.087   4.010    42.80418    12.97675    89.74498
    60  C   4.0  -0.239   4.039    40.75194    14.40160    91.28699
    61  C   4.0  -0.162   4.032    43.93991    14.78711    87.47541
    62  C   4.0  -0.165   4.055    41.85176    16.18739    86.00899
    63  C   4.0  -0.163   4.046    42.32419    19.09001    86.03544
    64  C   4.0  -0.087   4.019    41.43980    20.05377    83.32747
    65  C   4.0  -0.238   4.024    43.46181    20.03676    81.22042
    66  C   4.0  -0.238   4.018    40.13211    22.76553    83.50132
    67  H   1.0   0.071   1.007    42.45647     0.99967    60.43344
    68  H   1.0   0.072   1.009    44.77895     1.54202    48.26927
    69  H   1.0   0.070   1.003    56.30061    -1.44375    50.57663
    70  H   1.0   0.084   1.006    49.62987    -1.31525    64.88752
    71  H   1.0   0.084   1.008    45.02650     2.10138    63.72912
    72  H   1.0   0.080   0.997    45.76538    -3.56024    64.75524
    73  H   1.0   0.081   0.999    43.45803    -2.62672    62.62363
    74  H   1.0   0.080   0.998    43.44669    -1.36816    65.70766
    75  H   1.0   0.083   1.007    48.12943     3.67741    66.26702
    76  H   1.0   0.083   1.007    50.83552     4.22732    64.37729
    77  H   1.0   0.083   1.010    53.35452     3.49032    67.06637
    78  H   1.0   0.083   1.006    51.54983     0.79557    68.39296
    79  H   1.0   0.081   0.999    37.65657     2.99333    56.32328
    80  H   1.0   0.081   1.000    39.07575     1.01289    58.58339
    81  H   1.0   0.080   0.999    37.34665    -0.26078    56.06439
    82  H   1.0   0.081   1.001    36.72304     3.59426    52.37564
    83  H   1.0   0.080   0.999    36.26195     0.51967    51.70857
    84  H   1.0   0.080   0.998    35.85566     2.90073    49.28216
    85  H   1.0   0.084   1.009    49.61098     3.17663    46.66111
    86  H   1.0   0.085   1.009    52.84808    -1.41352    46.34553
    87  H   1.0   0.080   0.998    46.41356    -0.88250    45.21169
    88  H   1.0   0.080   0.998    49.29539    -1.84815    44.00038
    89  H   1.0   0.080   0.998    48.31084     1.01100    43.07441
    90  H   1.0   0.083   1.009    54.80961     2.99711    48.68879
    91  H   1.0   0.083   1.007    53.57184     3.73599    45.63688
    92  H   1.0   0.080   1.002    58.16576     2.15996    46.64600
    93  H   1.0   0.080   0.999    56.56517     2.14295    43.53362
    94  H   1.0   0.080   0.998    56.96012    -0.57070    45.41956
    95  H   1.0   0.080   0.999    59.71534    -4.58448    54.63198
    96  H   1.0   0.080   0.999    61.20633    -1.75933    55.84140
    97  H   1.0   0.080   0.998    59.93644    -1.91618    52.72713
    98  H   1.0   0.085   1.007    55.46535     1.51934    63.71778
    99  H   1.0   0.080   0.996    54.48647    -4.78668    69.15074
   100  H   1.0   0.080   0.995    57.20389    -3.21820    70.27135
   101  H   1.0   0.080   0.996    57.46657    -5.41406    68.06226
   102  H   1.0   0.082   1.006    51.15299     6.80490    74.44386
   103  H   1.0   0.082   1.000    53.36775     4.69597    75.56825
   104  H   1.0   0.071   1.005    47.53795     5.00777    75.93486
   105  H   1.0   0.081   1.000    51.77093     2.57192    81.52845
   106  H   1.0   0.081   1.000    53.31673     2.02012    78.58614
   107  H   1.0   0.080   0.999    51.53472    -0.37795    80.04123
   108  H   1.0   0.083   1.008    46.92945     0.39873    80.51744
   109  H   1.0   0.083   1.009    45.51405     2.42074    78.34048
   110  H   1.0   0.082   1.004    45.34397     5.68052    81.13727
   111  H   1.0   0.082   1.003    48.16911     5.07958    82.73787
   112  H   1.0   0.082   1.001    45.97892     0.84849    84.56713
   113  H   1.0   0.082   1.003    43.18780     2.53412    83.67518
   114  H   1.0   0.084   1.012    47.01449     5.36115    86.76110
   115  H   1.0   0.080   0.997    46.97481     3.45253    90.58212
   116  H   1.0   0.080   0.998    45.83719     0.75022    88.90027
   117  H   1.0   0.082   1.008    43.65078     3.01411    89.92828
   118  H   1.0   0.083   1.008    41.45303     5.14194    87.08991
   119  H   1.0   0.082   1.002    43.10465     7.09781    84.90917
   120  H   1.0   0.082   1.003    45.00004     8.55101    89.74875
   121  H   1.0   0.082   1.003    42.33364     7.01088    90.67472
   122  H   1.0   0.082   1.005    39.81086    10.17995    89.65805
   123  H   1.0   0.082   1.004    41.20358    10.78845    86.68173
   124  H   1.0   0.082   1.005    44.44824    12.53644    90.90338
   125  H   1.0   0.081   1.000    41.26595    16.39715    91.28132
   126  H   1.0   0.080   0.997    40.75572    13.88571    93.28065
   127  H   1.0   0.080   0.998    38.81119    14.06523    90.68228
   128  H   1.0   0.081   1.003    44.88288    13.57579    86.10158
   129  H   1.0   0.082   1.002    45.26083    16.01732    88.46752
   130  H   1.0   0.082   1.004    39.94503    15.97574    86.75732
   131  H   1.0   0.082   1.003    41.71948    15.46930    84.08336
   132  H   1.0   0.082   1.004    44.32352    19.24686    86.50410
   133  H   1.0   0.081   1.001    41.28673    19.88748    87.62848
   134  H   1.0   0.082   1.009    39.86566    18.92938    82.61504
   135  H   1.0   0.080   0.997    45.41389    19.70417    81.78923
   136  H   1.0   0.080   0.998    43.65078    21.83011    80.22832
   137  H   1.0   0.080   0.998    43.01394    18.56278    79.85226
   138  H   1.0   0.080   0.999    39.76172    23.14158    85.49120
   139  H   1.0   0.080   0.997    38.26128    22.73340    82.63961
   140  H   1.0   0.080   0.999    41.43602    24.03920    82.54134
 
  Z AO/shell   Hii/eV     exponent
  1     Sat Feb 20 21:38:01 CET 2016    EN: 2.327 GAM: 0.473  GM3: 0.0000
     1s    -13.751157    1.051071
  6     Sat Feb 20 21:38:01 CET 2016    EN: 2.731 GAM: 0.422  GM3: 0.0000
     2s    -19.378245    2.021003
     2p    -11.993376    1.497917
  7     Sat Feb 20 21:38:01 CET 2016    EN: 3.573 GAM: 0.504  GM3: 0.0000
     2s    -21.576984    2.275442
     2p    -16.125120    2.056788
  8     Sat Feb 20 21:38:01 CET 2016    EN: 3.700 GAM: 0.587  GM3: 0.0000
     2s    -21.648843    2.110798
     2p    -17.239740    2.329048
 12     Sat Feb 20 23:25:47 CET 2016    EN: 0.033 GAM: 0.222  GM3: 0.0000
     3s    -12.693633    1.302878
     3p     -8.128821    0.504252
 
 dipole moment of classical point charges (au)
     X       Y       Z   
  -0.6809   0.3917   0.5320  total (Debye):    2.411

 
 Nbf   :          338
 T(el) :   300.0
 calculating S/T integrals ...
 cpu time for ints   0.166848000000000     
 Nao   :          338
 making H0...
 making H1...
 cpu time for H      4.836000000000007E-003
 solving ...
 cpu time for diag   6.220300000000001E-002
 
 gap (eV)           :   1.473
 Koopmans IP (eV)   :  12.178
 Eel (Eh)           :  -268.394010
 T,E(Fermi),NFOD :    300.000   -11.442  0.000000
 T,E(Fermi),NFOD :    300.000   -11.442  0.000000
 Nfod               :  0.0000
 Nfod/Nel           :  0.0000

          eigenvalues
 #    :         164        165        166        167        168        169        170        171
 occ. :        2.000      2.000      2.000      2.000      2.000      2.000      2.000      2.000
 eps  :       -16.327    -16.192    -16.054    -15.931    -15.761    -15.575    -15.477    -15.094
 #    :         172        173        174        175        176        177        178        179
 occ. :        2.000      2.000      2.000      2.000      2.000      0.000      0.000      0.000
 eps  :       -14.845    -14.797    -14.672    -13.177    -12.179    -10.706     -9.710     -8.848
 #    :         180        181        182        183        184        185        186        187
 occ. :        0.000      0.000      0.000      0.000      0.000      0.000      0.000      0.000
 eps  :        -8.540     -8.380     -8.042     -8.034     -7.535     -7.457     -7.345     -6.999
                            1  SCC done.
 making H1...
 cpu time for H      7.579900000000001E-002
 solving ...
 cpu time for diag   3.284399999999998E-002
 
 gap (eV)           :   1.594
 Koopmans IP (eV)   :  11.989
 Eel (Eh)           :  -265.676321
 T,E(Fermi),NFOD :    300.000   -11.192  0.000000
 T,E(Fermi),NFOD :    300.000   -11.192  0.000000
 Nfod               :  0.0000
 Nfod/Nel           :  0.0000

          eigenvalues
 #    :         164        165        166        167        168        169        170        171
 occ. :        2.000      2.000      2.000      2.000      2.000      2.000      2.000      2.000
 eps  :       -15.365    -15.223    -15.122    -14.780    -14.714    -14.527    -14.335    -14.269
 #    :         172        173        174        175        176        177        178        179
 occ. :        2.000      2.000      2.000      2.000      2.000      0.000      0.000      0.000
 eps  :       -14.176    -13.824    -13.561    -12.631    -11.990    -10.396     -9.113     -8.588
 #    :         180        181        182        183        184        185        186        187
 occ. :        0.000      0.000      0.000      0.000      0.000      0.000      0.000      0.000
 eps  :        -8.386     -8.095     -8.004     -7.938     -7.422     -7.304     -7.154     -6.846
                            2  SCC done.
 
 
 Mulliken/CM5 charges    n(s)   n(p)   n(d)   
    1 MG  0.3024  0.7706   0.665  1.032  0.000
    2 C   0.0209  0.0256   1.181  2.798  0.000
    3 C  -0.0509 -0.0945   1.137  2.914  0.000
    4 C  -0.0329 -0.0733   1.118  2.915  0.000
    5 C  -0.0199 -0.0627   1.134  2.886  0.000
    6 N  -0.1501 -0.3985   1.425  3.725  0.000
    7 C   0.0235  0.0869   1.230  2.746  0.000
    8 C  -0.0096 -0.0639   1.213  2.797  0.000
    9 C  -0.0214 -0.0781   1.208  2.813  0.000
   10 C   0.0398  0.1063   1.226  2.734  0.000
   11 C  -0.0995 -0.2478   1.112  2.988  0.000
   12 C  -0.0593 -0.1674   1.150  2.910  0.000
   13 C  -0.0572 -0.1584   1.139  2.918  0.000
   14 C   0.2366  0.2888   1.173  2.591  0.000
   15 O  -0.2847 -0.3351   1.621  4.664  0.000
   16 O  -0.1542 -0.2301   1.477  4.677  0.000
   17 N  -0.2224 -0.4986   1.387  3.835  0.000
   18 C   0.0076  0.0642   1.200  2.792  0.000
   19 C  -0.0210 -0.0257   1.207  2.814  0.000
   20 C  -0.0560 -0.0509   1.207  2.849  0.000
   21 C   0.0460  0.1155   1.195  2.759  0.000
   22 C  -0.0768 -0.2220   1.077  2.999  0.000
   23 C   0.1511  0.1742   1.202  2.647  0.000
   24 O  -0.2443 -0.2943   1.626  4.619  0.000
   25 C  -0.0908 -0.2327   1.090  3.001  0.000
   26 N  -0.1638 -0.4577   1.402  3.762  0.000
   27 C   0.0273  0.0822   1.253  2.719  0.000
   28 C  -0.0037 -0.0612   1.198  2.806  0.000
   29 C  -0.0189 -0.0752   1.195  2.824  0.000
   30 C   0.0362  0.0910   1.233  2.731  0.000
   31 C  -0.0941 -0.2425   1.103  2.991  0.000
   32 C  -0.0560 -0.1686   1.144  2.912  0.000
   33 C  -0.0905 -0.2441   1.091  3.000  0.000
   34 N  -0.2001 -0.4777   1.391  3.809  0.000
   35 C   0.0431  0.1048   1.187  2.770  0.000
   36 C   0.0043  0.0002   1.223  2.772  0.000
   37 C  -0.0659 -0.0595   1.211  2.855  0.000
   38 C   0.0154  0.0779   1.209  2.776  0.000
   39 C  -0.0691 -0.2129   1.083  2.986  0.000
   40 C   0.1317  0.1627   1.216  2.652  0.000
   41 O  -0.2336 -0.2738   1.638  4.595  0.000
   42 C  -0.0332 -0.0761   1.200  2.833  0.000
   43 C   0.2349  0.2935   1.162  2.603  0.000
   44 O  -0.3150 -0.3603   1.627  4.688  0.000
   45 O  -0.1221 -0.2052   1.468  4.655  0.000
   46 C   0.0207 -0.1034   1.078  2.901  0.000
   47 C   0.0460 -0.0330   1.121  2.833  0.000
   48 C  -0.0747 -0.1326   1.162  2.913  0.000
   49 C  -0.0112 -0.0380   1.212  2.799  0.000
   50 C  -0.0917 -0.2374   1.079  3.013  0.000
   51 C  -0.0537 -0.1610   1.125  2.929  0.000
   52 C  -0.0448 -0.1556   1.146  2.899  0.000
   53 C  -0.0711 -0.1810   1.173  2.898  0.000
   54 C  -0.0385 -0.1143   1.207  2.832  0.000
   55 C  -0.0922 -0.2430   1.094  2.999  0.000
   56 C  -0.0672 -0.1788   1.157  2.910  0.000
   57 C  -0.0723 -0.1851   1.156  2.917  0.000
   58 C  -0.0683 -0.1778   1.153  2.915  0.000
   59 C  -0.0312 -0.1035   1.224  2.808  0.000
   60 C  -0.1014 -0.2518   1.101  3.001  0.000
   61 C  -0.0683 -0.1782   1.170  2.898  0.000
   62 C  -0.0738 -0.1868   1.149  2.925  0.000
   63 C  -0.0690 -0.1787   1.165  2.904  0.000
   64 C  -0.0287 -0.1017   1.213  2.815  0.000
   65 C  -0.1043 -0.2546   1.101  3.004  0.000
   66 C  -0.1109 -0.2610   1.112  2.999  0.000
   67 H   0.0583  0.1181   0.942  0.000  0.000
   68 H   0.0552  0.1203   0.945  0.000  0.000
   69 H   0.0597  0.1178   0.940  0.000  0.000
   70 H   0.0610  0.1243   0.939  0.000  0.000
   71 H   0.0567  0.1175   0.943  0.000  0.000
   72 H   0.0388  0.0905   0.961  0.000  0.000
   73 H   0.0387  0.0926   0.961  0.000  0.000
   74 H   0.0318  0.0833   0.968  0.000  0.000
   75 H   0.0278  0.0875   0.972  0.000  0.000
   76 H   0.0383  0.0971   0.962  0.000  0.000
   77 H   0.0584  0.1201   0.942  0.000  0.000
   78 H   0.0382  0.1013   0.962  0.000  0.000
   79 H   0.0475  0.1003   0.953  0.000  0.000
   80 H   0.0487  0.1028   0.951  0.000  0.000
   81 H   0.0474  0.0997   0.953  0.000  0.000
   82 H   0.0450  0.0996   0.955  0.000  0.000
   83 H   0.0479  0.1015   0.952  0.000  0.000
   84 H   0.0488  0.1037   0.951  0.000  0.000
   85 H   0.0600  0.1220   0.940  0.000  0.000
   86 H   0.0477  0.1096   0.952  0.000  0.000
   87 H   0.0459  0.0985   0.954  0.000  0.000
   88 H   0.0312  0.0832   0.969  0.000  0.000
   89 H   0.0373  0.0888   0.963  0.000  0.000
   90 H   0.0346  0.0945   0.965  0.000  0.000
   91 H   0.0371  0.0943   0.963  0.000  0.000
   92 H   0.0384  0.0910   0.962  0.000  0.000
   93 H   0.0372  0.0890   0.963  0.000  0.000
   94 H   0.0248  0.0769   0.975  0.000  0.000
   95 H   0.0507  0.1027   0.949  0.000  0.000
   96 H   0.0488  0.1015   0.951  0.000  0.000
   97 H   0.0433  0.0956   0.957  0.000  0.000
   98 H   0.0609  0.1277   0.939  0.000  0.000
   99 H   0.0529  0.1122   0.947  0.000  0.000
  100 H   0.0512  0.1077   0.949  0.000  0.000
  101 H   0.0533  0.1112   0.947  0.000  0.000
  102 H   0.0623  0.1311   0.938  0.000  0.000
  103 H   0.0509  0.1149   0.949  0.000  0.000
  104 H   0.0378  0.0960   0.962  0.000  0.000
  105 H   0.0453  0.0986   0.955  0.000  0.000
  106 H   0.0384  0.0920   0.962  0.000  0.000
  107 H   0.0369  0.0892   0.963  0.000  0.000
  108 H   0.0379  0.0969   0.962  0.000  0.000
  109 H   0.0406  0.0988   0.959  0.000  0.000
  110 H   0.0378  0.0936   0.962  0.000  0.000
  111 H   0.0349  0.0914   0.965  0.000  0.000
  112 H   0.0413  0.0970   0.959  0.000  0.000
  113 H   0.0273  0.0838   0.973  0.000  0.000
  114 H   0.0105  0.0719   0.989  0.000  0.000
  115 H   0.0466  0.0977   0.953  0.000  0.000
  116 H   0.0338  0.0860   0.966  0.000  0.000
  117 H   0.0318  0.0880   0.968  0.000  0.000
  118 H   0.0198  0.0778   0.980  0.000  0.000
  119 H   0.0413  0.0977   0.959  0.000  0.000
  120 H   0.0207  0.0772   0.979  0.000  0.000
  121 H   0.0328  0.0885   0.967  0.000  0.000
  122 H   0.0355  0.0927   0.965  0.000  0.000
  123 H   0.0318  0.0893   0.968  0.000  0.000
  124 H   0.0372  0.0956   0.963  0.000  0.000
  125 H   0.0347  0.0882   0.965  0.000  0.000
  126 H   0.0306  0.0819   0.969  0.000  0.000
  127 H   0.0383  0.0905   0.962  0.000  0.000
  128 H   0.0371  0.0928   0.963  0.000  0.000
  129 H   0.0428  0.0986   0.957  0.000  0.000
  130 H   0.0304  0.0878   0.970  0.000  0.000
  131 H   0.0344  0.0909   0.966  0.000  0.000
  132 H   0.0343  0.0910   0.966  0.000  0.000
  133 H   0.0404  0.0955   0.960  0.000  0.000
  134 H   0.0378  0.0974   0.962  0.000  0.000
  135 H   0.0287  0.0801   0.971  0.000  0.000
  136 H   0.0369  0.0890   0.963  0.000  0.000
  137 H   0.0341  0.0857   0.966  0.000  0.000
  138 H   0.0331  0.0856   0.967  0.000  0.000
  139 H   0.0351  0.0862   0.965  0.000  0.000
  140 H   0.0372  0.0902   0.963  0.000  0.000
 Hirshfeld charges for QMDFF written to <charges>
 
 Loewdin charges    n(s)   n(p)   n(d)
    1 MG  0.1405   0.677  1.182  0.000
    2 C   0.0226   1.141  2.836  0.000
    3 C  -0.0493   1.086  2.963  0.000
    4 C  -0.0320   1.066  2.966  0.000
    5 C  -0.0161   1.082  2.934  0.000
    6 N  -0.1153   1.380  3.736  0.000
    7 C   0.0225   1.195  2.782  0.000
    8 C  -0.0009   1.166  2.835  0.000
    9 C  -0.0139   1.162  2.852  0.000
   10 C   0.0448   1.189  2.766  0.000
   11 C  -0.1020   1.041  3.061  0.000
   12 C  -0.0554   1.091  2.964  0.000
   13 C  -0.0578   1.081  2.977  0.000
   14 C   0.2122   1.146  2.641  0.000
   15 O  -0.2699   1.590  4.680  0.000
   16 O  -0.1191   1.442  4.677  0.000
   17 N  -0.1912   1.345  3.847  0.000
   18 C   0.0111   1.162  2.827  0.000
   19 C  -0.0100   1.164  2.846  0.000
   20 C  -0.0636   1.171  2.893  0.000
   21 C   0.0518   1.155  2.793  0.000
   22 C  -0.0800   1.003  3.076  0.000
   23 C   0.1501   1.166  2.684  0.000
   24 O  -0.2300   1.596  4.634  0.000
   25 C  -0.0981   1.018  3.080  0.000
   26 N  -0.1245   1.356  3.768  0.000
   27 C   0.0345   1.216  2.749  0.000
   28 C   0.0060   1.149  2.845  0.000
   29 C  -0.0119   1.147  2.865  0.000
   30 C   0.0394   1.197  2.763  0.000
   31 C  -0.0972   1.032  3.066  0.000
   32 C  -0.0517   1.084  2.968  0.000
   33 C  -0.0925   1.018  3.074  0.000
   34 N  -0.1676   1.349  3.819  0.000
   35 C   0.0439   1.148  2.808  0.000
   36 C   0.0091   1.185  2.806  0.000
   37 C  -0.0750   1.177  2.898  0.000
   38 C   0.0197   1.170  2.810  0.000
   39 C  -0.0683   1.008  3.060  0.000
   40 C   0.1278   1.184  2.689  0.000
   41 O  -0.2195   1.610  4.609  0.000
   42 C  -0.0326   1.153  2.880  0.000
   43 C   0.2084   1.136  2.656  0.000
   44 O  -0.3036   1.599  4.705  0.000
   45 O  -0.0822   1.429  4.654  0.000
   46 C   0.0122   1.009  2.979  0.000
   47 C   0.0432   1.063  2.893  0.000
   48 C  -0.0748   1.114  2.961  0.000
   49 C   0.0016   1.169  2.829  0.000
   50 C  -0.0958   1.005  3.091  0.000
   51 C  -0.0516   1.064  2.988  0.000
   52 C  -0.0393   1.087  2.953  0.000
   53 C  -0.0673   1.116  2.951  0.000
   54 C  -0.0297   1.160  2.870  0.000
   55 C  -0.0955   1.022  3.074  0.000
   56 C  -0.0645   1.100  2.965  0.000
   57 C  -0.0692   1.098  2.971  0.000
   58 C  -0.0655   1.095  2.970  0.000
   59 C  -0.0209   1.178  2.843  0.000
   60 C  -0.1047   1.030  3.075  0.000
   61 C  -0.0641   1.114  2.950  0.000
   62 C  -0.0705   1.090  2.980  0.000
   63 C  -0.0660   1.108  2.958  0.000
   64 C  -0.0174   1.166  2.851  0.000
   65 C  -0.1085   1.030  3.079  0.000
   66 C  -0.1148   1.041  3.073  0.000
   67 H   0.0541   0.946  0.000  0.000
   68 H   0.0492   0.951  0.000  0.000
   69 H   0.0541   0.946  0.000  0.000
   70 H   0.0528   0.947  0.000  0.000
   71 H   0.0508   0.949  0.000  0.000
   72 H   0.0383   0.962  0.000  0.000
   73 H   0.0392   0.961  0.000  0.000
   74 H   0.0318   0.968  0.000  0.000
   75 H   0.0255   0.974  0.000  0.000
   76 H   0.0353   0.965  0.000  0.000
   77 H   0.0547   0.945  0.000  0.000
   78 H   0.0347   0.965  0.000  0.000
   79 H   0.0469   0.953  0.000  0.000
   80 H   0.0481   0.952  0.000  0.000
   81 H   0.0464   0.954  0.000  0.000
   82 H   0.0461   0.954  0.000  0.000
   83 H   0.0480   0.952  0.000  0.000
   84 H   0.0464   0.954  0.000  0.000
   85 H   0.0539   0.946  0.000  0.000
   86 H   0.0420   0.958  0.000  0.000
   87 H   0.0453   0.955  0.000  0.000
   88 H   0.0322   0.968  0.000  0.000
   89 H   0.0370   0.963  0.000  0.000
   90 H   0.0330   0.967  0.000  0.000
   91 H   0.0353   0.965  0.000  0.000
   92 H   0.0381   0.962  0.000  0.000
   93 H   0.0367   0.963  0.000  0.000
   94 H   0.0263   0.974  0.000  0.000
   95 H   0.0489   0.951  0.000  0.000
   96 H   0.0465   0.954  0.000  0.000
   97 H   0.0432   0.957  0.000  0.000
   98 H   0.0527   0.947  0.000  0.000
   99 H   0.0489   0.951  0.000  0.000
  100 H   0.0483   0.952  0.000  0.000
  101 H   0.0496   0.950  0.000  0.000
  102 H   0.0547   0.945  0.000  0.000
  103 H   0.0453   0.955  0.000  0.000
  104 H   0.0319   0.968  0.000  0.000
  105 H   0.0448   0.955  0.000  0.000
  106 H   0.0383   0.962  0.000  0.000
  107 H   0.0367   0.963  0.000  0.000
  108 H   0.0357   0.964  0.000  0.000
  109 H   0.0376   0.962  0.000  0.000
  110 H   0.0345   0.966  0.000  0.000
  111 H   0.0322   0.968  0.000  0.000
  112 H   0.0387   0.961  0.000  0.000
  113 H   0.0248   0.975  0.000  0.000
  114 H   0.0074   0.993  0.000  0.000
  115 H   0.0452   0.955  0.000  0.000
  116 H   0.0344   0.966  0.000  0.000
  117 H   0.0329   0.967  0.000  0.000
  118 H   0.0185   0.982  0.000  0.000
  119 H   0.0385   0.961  0.000  0.000
  120 H   0.0196   0.980  0.000  0.000
  121 H   0.0309   0.969  0.000  0.000
  122 H   0.0333   0.967  0.000  0.000
  123 H   0.0298   0.970  0.000  0.000
  124 H   0.0319   0.968  0.000  0.000
  125 H   0.0351   0.965  0.000  0.000
  126 H   0.0309   0.969  0.000  0.000
  127 H   0.0388   0.961  0.000  0.000
  128 H   0.0340   0.966  0.000  0.000
  129 H   0.0405   0.959  0.000  0.000
  130 H   0.0288   0.971  0.000  0.000
  131 H   0.0325   0.968  0.000  0.000
  132 H   0.0322   0.968  0.000  0.000
  133 H   0.0379   0.962  0.000  0.000
  134 H   0.0332   0.967  0.000  0.000
  135 H   0.0295   0.970  0.000  0.000
  136 H   0.0381   0.962  0.000  0.000
  137 H   0.0340   0.966  0.000  0.000
  138 H   0.0338   0.966  0.000  0.000
  139 H   0.0351   0.965  0.000  0.000
  140 H   0.0374   0.963  0.000  0.000
 
 Wiberg/Mayer (AO) data. WBOs > 0.1 written file <wbo>
 largest (>0.05) Wiberg bond orders for each atom
           total WBO             WBO to atom ...
     1  MG  2.539    N   34 0.542    N   26 0.478    N   17 0.476    N    6 0.316    C   38 0.058    C   27 0.058    C   30 0.055
     2  C   3.902    C    7 1.438    C   38 1.224    C   42 0.932
     3  C   3.899    C   18 1.337    C   10 1.300    H   67 0.936
     4  C   3.931    C   27 1.385    C   21 1.302    H   68 0.932
     5  C   3.915    C   30 1.460    C   35 1.227    H   69 0.938
     6  N   3.311    C   10 1.357    C    7 1.202    MG   1 0.316
     7  C   3.862    C    2 1.438    N    6 1.202    C    8 0.928
     8  C   3.926    C   12 0.950    H   70 0.936    C    9 0.936    C    7 0.928
     9  C   3.928    C   11 0.956    C   10 0.956    H   71 0.939    C    8 0.936
    10  C   3.855    N    6 1.357    C    3 1.300    C    9 0.956
    11  C   3.962    H   74 0.983    H   72 0.978    H   73 0.973    C    9 0.956
    12  C   3.952    C   13 0.980    H   76 0.966    H   75 0.964    C    8 0.950
    13  C   3.968    C   12 0.980    H   78 0.966    H   77 0.943    C   14 0.929    O   15 0.086
    14  C   3.894    O   15 1.818    O   16 1.103    C   13 0.929
    15  O   2.129    C   14 1.818    O   16 0.163    C   13 0.086
    16  O   2.309    C   14 1.103    C   47 0.931    O   15 0.163
    17  N   3.300    C   21 1.248    C   18 1.116    MG   1 0.476    C   20 0.062    C   27 0.056
    18  C   3.871    C    3 1.337    C   19 1.164    N   17 1.116
    19  C   3.877    C   20 1.465    C   18 1.164    C   22 0.996    O   24 0.059
    20  C   3.881    C   19 1.465    C   21 1.074    C   23 0.985    O   24 0.077    N   17 0.062
    21  C   3.884    C    4 1.302    N   17 1.248    C   20 1.074    N   26 0.052
    22  C   3.980    C   19 0.996    H   80 0.973    H   81 0.965    H   79 0.962
    23  C   3.889    O   24 1.822    C   25 0.985    C   20 0.985
    24  O   2.141    C   23 1.822    C   20 0.077    C   25 0.071    C   19 0.059
    25  C   3.980    C   23 0.985    H   84 0.969    H   83 0.954    H   82 0.952    O   24 0.071
    26  N   3.377    C   27 1.254    C   30 1.184    MG   1 0.478    C   21 0.052
    27  C   3.839    C    4 1.385    N   26 1.254    C   28 0.915    MG   1 0.058    N   17 0.056
    28  C   3.932    C   29 0.970    C   31 0.966    H   85 0.934    C   27 0.915
    29  C   3.940    C   28 0.970    C   32 0.951    H   86 0.935    C   30 0.922
    30  C   3.847    C    5 1.460    N   26 1.184    C   29 0.922    MG   1 0.055    C   36 0.053
    31  C   3.968    H   89 0.981    H   88 0.979    H   87 0.976    C   28 0.966
    32  C   3.959    C   33 1.013    H   90 0.961    H   91 0.960    C   29 0.951
    33  C   3.983    C   32 1.013    H   93 0.982    H   92 0.978    H   94 0.976
    34  N   3.324    C   38 1.165    C   35 1.153    MG   1 0.542    C   37 0.072
    35  C   3.880    C   36 1.264    C    5 1.227    N   34 1.153
    36  C   3.839    C   37 1.281    C   35 1.264    C   39 0.984    C   30 0.053    O   41 0.052
    37  C   3.885    C   36 1.281    C   38 1.186    C   40 1.067    O   41 0.080    N   34 0.072
    38  C   3.877    C    2 1.224    C   37 1.186    N   34 1.165    MG   1 0.058
    39  C   3.980    C   36 0.984    H   96 0.977    H   97 0.975    H   95 0.967
    40  C   3.885    O   41 1.808    C   37 1.067    C   42 0.851
    41  O   2.161    C   40 1.808    C   42 0.082    C   37 0.080    C   36 0.052
    42  C   3.939    C    2 0.932    H   98 0.931    C   43 0.921    C   40 0.851    O   41 0.082    O   44 0.075
    43  C   3.902    O   44 1.754    O   45 1.154    C   42 0.921
    44  O   2.077    C   43 1.754    O   45 0.166    C   42 0.075
    45  O   2.350    C   43 1.154    C   46 0.958    O   44 0.166
    46  C   3.933    H  100 0.990    H   99 0.983    H  101 0.983    O   45 0.958
    47  C   3.935    C   48 1.010    H  103 0.967    H  102 0.953    O   16 0.931
    48  C   3.952    C   49 1.839    C   47 1.010    H  104 0.942
    49  C   3.934    C   48 1.839    C   51 0.995    C   50 0.995
    50  C   3.991    C   49 0.995    H  106 0.974    H  107 0.971    H  105 0.964
    51  C   3.972    C   49 0.995    C   52 0.964    H  109 0.957    H  108 0.950
    52  C   3.964    C   53 0.986    H  110 0.970    H  111 0.964    C   51 0.964
    53  C   3.953    C   52 0.986    H  113 0.974    H  112 0.963    C   54 0.929
    54  C   3.928    C   55 0.997    C   56 0.982    H  114 0.959    C   53 0.929
    55  C   3.982    C   54 0.997    H  115 0.977    H  116 0.976    H  117 0.976
    56  C   3.960    C   54 0.982    H  118 0.971    C   57 0.967    H  119 0.961
    57  C   3.958    C   58 0.983    H  121 0.972    C   56 0.967    H  120 0.967
    58  C   3.963    C   57 0.983    C   59 0.975    H  123 0.965    H  122 0.963
    59  C   3.927    C   60 0.988    C   58 0.975    H  124 0.954    C   61 0.940
    60  C   3.979    C   59 0.988    H  126 0.979    H  127 0.979    H  125 0.977
    61  C   3.958    C   62 0.991    H  128 0.971    H  129 0.963    C   59 0.940
    62  C   3.966    C   61 0.991    C   63 0.984    H  130 0.969    H  131 0.968
    63  C   3.960    C   62 0.984    H  133 0.966    H  132 0.965    C   64 0.957
    64  C   3.932    C   65 0.992    C   66 0.977    H  134 0.960    C   63 0.957
    65  C   3.977    C   64 0.992    H  137 0.981    H  135 0.980    H  136 0.973
    66  C   3.979    H  139 0.983    H  138 0.981    H  140 0.979    C   64 0.977
    67  H   0.994    C    3 0.936
    68  H   0.994    C    4 0.932
    69  H   0.993    C    5 0.938
    70  H   0.994    C    8 0.936
    71  H   0.994    C    9 0.939
    72  H   0.996    C   11 0.978
    73  H   0.996    C   11 0.973
    74  H   0.997    C   11 0.983
    75  H   0.997    C   12 0.964
    76  H   0.996    C   12 0.966
    77  H   0.996    C   13 0.943
    78  H   0.998    C   13 0.966
    79  H   0.993    C   22 0.962
    80  H   0.995    C   22 0.973
    81  H   0.994    C   22 0.965
    82  H   0.997    C   25 0.952
    83  H   0.997    C   25 0.954
    84  H   0.994    C   25 0.969
    85  H   0.993    C   28 0.934
    86  H   0.995    C   29 0.935
    87  H   0.996    C   31 0.976
    88  H   0.998    C   31 0.979
    89  H   0.997    C   31 0.981
    90  H   0.998    C   32 0.961
    91  H   0.996    C   32 0.960
    92  H   0.997    C   33 0.978
    93  H   0.998    C   33 0.982
    94  H   0.999    C   33 0.976
    95  H   0.993    C   39 0.967
    96  H   0.995    C   39 0.977
    97  H   0.995    C   39 0.975
    98  H   0.993    C   42 0.931
    99  H   0.997    C   46 0.983
   100  H   0.997    C   46 0.990
   101  H   0.997    C   46 0.983
   102  H   0.996    C   47 0.953
   103  H   0.997    C   47 0.967
   104  H   0.999    C   48 0.942
   105  H   0.998    C   50 0.964
   106  H   0.998    C   50 0.974
   107  H   0.999    C   50 0.971
   108  H   0.998    C   51 0.950
   109  H   0.998    C   51 0.957
   110  H   0.998    C   52 0.970
   111  H   0.999    C   52 0.964
   112  H   0.997    C   53 0.963
   113  H   0.999    C   53 0.974
   114  H   1.000    C   54 0.959
   115  H   0.997    C   55 0.977
   116  H   0.999    C   55 0.976
   117  H   0.998    C   55 0.976
   118  H   0.999    C   56 0.971
   119  H   0.998    C   56 0.961
   120  H   1.000    C   57 0.967
   121  H   0.999    C   57 0.972
   122  H   0.998    C   58 0.963
   123  H   0.999    C   58 0.965
   124  H   0.998    C   59 0.954
   125  H   0.998    C   60 0.977
   126  H   0.999    C   60 0.979
   127  H   0.999    C   60 0.979
   128  H   0.998    C   61 0.971
   129  H   0.998    C   61 0.963
   130  H   0.999    C   62 0.969
   131  H   0.999    C   62 0.968
   132  H   0.999    C   63 0.965
   133  H   0.998    C   63 0.966
   134  H   0.999    C   64 0.960
   135  H   0.999    C   65 0.980
   136  H   0.998    C   65 0.973
   137  H   0.999    C   65 0.981
   138  H   0.999    C   66 0.981
   139  H   0.998    C   66 0.983
   140  H   0.998    C   66 0.979
 
 --------------------------------------------
          xTB calculation for sTDA...
 --------------------------------------------
 
 reading parameter file ~/.param_stda2.xtb
 
      method parameters     
 k(s)        :  1.6000
 k(p)        :  2.1800
 k(d)        :  1.9500
 k(f)        :  2.0000
 k(R-V)      :  2.2750
 k(R-R)      :  1.7650
 Tscal       :  0.2580
 Gscal       :  1.0000
 fpol        :  1.0000
 Zcnf        :  0.3430
 Zqf         :  0.0000
 kcn         :  2.7000
 Ryd Hsplit  :  0.7000
 lshift(virt):  3.1000
 lshift(OS)  :  0.2000
 wllscaling  :  2.6000
 
 mowrcut     : 3.000
 
  Z AO/shell   Hii/eV     exponent
  1     Sun Feb 14 09:53:25 CET 2016    EN: 2.327 GAM: 0.473  GM3: 0.0000
     1s    -14.339618    1.220000
     2sp    -3.348946    0.600000
  6     Sun Feb 14 09:53:25 CET 2016    EN: 2.731 GAM: 0.422  GM3: 0.0000
     2s    -22.009312    1.565095
     2p    -13.020408    1.596905
     3sp    -3.914040    0.824500
  7     Sun Feb 14 09:53:25 CET 2016    EN: 3.573 GAM: 0.504  GM3: 0.0000
     2s    -25.722000    2.064844
     2p    -18.684912    1.801692
     3sp    -4.344791    0.921400
  8     Sun Feb 14 09:53:25 CET 2016    EN: 3.700 GAM: 0.587  GM3: 0.0000
     2s    -33.859000    2.418661
     2p    -22.175911    1.973969
     3sp    -4.259392    1.013700
 12     Sun Feb 21 16:58:31 CET 2016    EN: 0.033 GAM: 0.222  GM3: 0.0000
     3s    -11.092543    1.647583
     3p     -6.929529    0.855020
 
 Nbf   :          894
 T(el) :     0.0
 calculating S/T integrals ...
 cpu time for ints    1.00761000000000     
 Nao   :          894
 making H0...
 making H1...
 cpu time for H      2.057099999999989E-002
 solving ...
 cpu time for diag   0.271124000000000     
 
 gap (eV)           :   4.762
 Koopmans IP (eV)   :  13.369
 Eel (Eh)           :  -301.047449

          eigenvalues
 #    :         164        165        166        167        168        169        170        171
 occ. :        2.000      2.000      2.000      2.000      2.000      2.000      2.000      2.000
 eps  :       -17.326    -17.270    -16.863    -16.462    -16.348    -16.065    -16.058    -15.644
 #    :         172        173        174        175        176        177        178        179
 occ. :        2.000      2.000      2.000      2.000      2.000      0.000      0.000      0.000
 eps  :       -15.630    -15.401    -15.182    -13.839    -13.370     -8.608     -7.084     -6.922
 #    :         180        181        182        183        184        185        186        187
 occ. :        0.000      0.000      0.000      0.000      0.000      0.000      0.000      0.000
 eps  :        -6.278     -6.101     -6.028     -5.580     -5.276     -5.200     -5.025     -4.985
                            1  SCC done.
 writing mo output ...
 molden style : F
 
speedup  1.17
cpu  time for all    1.83 s
wall time for all    1.56 s
