cpu-bind=MASK - bp1-compute135, task 4294967295 4294967295 [0]: mask 0xf11efffef11efffe set
Host:    bp1-compute135.data.bp.acrc.priv
Time:    Thu May  5 00:34:14 BST 2022
Dir:     /user/home/of15641/chlorophyll_parameterization/tddft_data/step_51_chromophore_10
Job ID:  1692326
Nodelist:
cat: bp1-compute135: No such file or directory
  
Result dir: /user/home/of15641/chlorophyll_parameterization/tddft_data/step_51_chromophore_10
running gaussian jobs
Running time g16 < CAMB3LYP_step_51_chromophore_10.com > CAMB3LYP_step_51_chromophore_10.log

real	48m26.458s
user	1149m4.654s
sys	1m10.156s
Running time g16 < PBE0_step_51_chromophore_10.com > PBE0_step_51_chromophore_10.log

real	36m26.739s
user	871m28.254s
sys	1m6.485s
Running time g16 < wB97XD_step_51_chromophore_10.com > wB97XD_step_51_chromophore_10.log

real	56m45.041s
user	1347m26.918s
sys	1m8.425s
Running time g16 < BLYP_step_51_chromophore_10.com > BLYP_step_51_chromophore_10.log

real	17m10.109s
user	410m13.472s
sys	0m27.770s
Running time g16 < ZINDO_step_51_chromophore_10.com > ZINDO_step_51_chromophore_10.log

real	0m5.991s
user	2m11.286s
sys	0m2.166s
