cpu-bind=MASK - bp1-compute148, task 4294967295 4294967295 [0]: mask 0xffffff00ffffff set
Host:    bp1-compute148.data.bp.acrc.priv
Time:    Thu Apr 28 04:16:12 BST 2022
Dir:     /user/home/of15641/chlorophyll_parameterization/tddft_data/step_1451_chromophore_24
Job ID:  1658333
Nodelist:
cat: bp1-compute148: No such file or directory
  
Result dir: /user/home/of15641/chlorophyll_parameterization/tddft_data/step_1451_chromophore_24
running gaussian jobs
Running time g16 < CAMB3LYP_step_1451_chromophore_24.com > CAMB3LYP_step_1451_chromophore_24.log

real	24m30.668s
user	575m52.147s
sys	0m58.005s
Running time g16 < PBE0_step_1451_chromophore_24.com > PBE0_step_1451_chromophore_24.log

real	20m17.546s
user	483m55.423s
sys	0m58.101s
Running time g16 < wB97XD_step_1451_chromophore_24.com > wB97XD_step_1451_chromophore_24.log

real	26m40.085s
user	626m39.127s
sys	1m16.126s
Running time g16 < BLYP_step_1451_chromophore_24.com > BLYP_step_1451_chromophore_24.log

real	11m38.911s
user	277m11.225s
sys	0m40.845s
Running time g16 < ZINDO_step_1451_chromophore_24.com > ZINDO_step_1451_chromophore_24.log

real	0m6.701s
user	2m25.896s
sys	0m2.639s
