 
        ______________________________________
       |                                      |
       |          ===================         |
       |             xTB for sTDA             |
       |          ===================         |
       |               S. Grimme              |
       |        Universitaet Bonn, MCTC       |
       |         2015-19, Version 1.0         |
       |     Wed Apr  3 09:14:55 CEST 2019    |
       |______________________________________|
 
        This code comes without any warranty
        for non-commercial, academia use only.
        Preliminary test version.
        Cite this work as:
        S. Grimme  &  C. Bannwarth, JCP 145 (2016) 054103
        if GBSA is used additionally:
        P. Shushkov, F. März, C. Bannwarth, S. Grimme, unpublished.
 
        with help from
        P. Shushkov, G. Brandenburg, S. Dohm, J. Pisarek,
        F. März, M. Checinski, S. Ehrlich, S. Spicher, 
        P. Pracht, E. Caldeweyher, S. Ehlert, and C. Bannwarth.
 
        usage        :
        xtb4stda <coord_file> [options]
        where <coord_file> is a valid file of TM)
        (*coord, Bohr) or xmol (*xyz, Angstroem)
        format.

        options:
        -chrg <int>   : molecular charge
        -uhf  <int>   : # of unpaired electrons(=2*S)
        -nox          : skip second, extended part in sTDA-xTB
        -pop          : do population analysis
                      : (default for -nox)
        -mowr <real>  : cut MO write above (def.3 Eh)
        -molden       : write formatted molden file
        -parx <file>  : read parameters for sTDA-xTB
                        calc (def:~/.param_stda2.xtb)
        -parv <file>  : read parameters for vTB part in
                        sTDA-xTB (def: ~/.param_stda1.xtb)
        -xtemp <real> : el. temp for xTB (def. 0 K)
        -etemp <real> : el. temp for GFN (def. 300 K)
        -fod          : calculate the FOD and write
                        molden.input file with
                        appropriate occupations
                        for plotting. Def. T=12500 K
 
        -acc <real>   : xTB accuracy (def. 1.0)
        -gbsa [string1] [string2]
                        use GBSA implicit solvent
                        for solvent [string1] and
                        solvation state [string2]=
                        reference, bar1M (default=1M)
        additional GFN/opt/MD/siman options read from
        $XTB4STDAHOME/.xtb4stdarc or $set in input
 
       spin and charge state information can be on:
       <.CHRG> (charge) and <.UHF> (=nalpha-nbeta)
       -uhf and -chrg override the file info.
       useful machine settings:
       setenv MKL_NUM_THREADS <NCORE_ON_YOUR_MACHINE>
       setenv OMP_STACKSIZE 500m
       limit stacksize unlimited
 
       total energies in Eh, gaps/HL energies in eV
       please read REVISION and HOWTO files carefully
 =============================
  # OMP threads =           4
 =============================
 
 xtb4stdahome directory:~/
 
 
 name of molecule           :
 comment line               :
 number of atoms            :   140
 number of electrons        :   352
 charge                     :  0
 spin                       : 0.0
 first test random number   :  0.8978
 
 -----------------------------------------
      charge density (VTB) calculation
 -----------------------------------------
 
      method parameters     
 k(s)        :  1.8000
 k(p)        :  2.8350
 k(d)        :  2.0860
 k(f)        :  2.0000
 Tscal       :  0.3300
 Gscal       :  0.3910
 fpol        :  1.0000
 Zcnf        :  0.6500
 Zqf         :  0.0000
 kcn         :  0.3000
 kEN1        : -0.5900
 wllscal     :  2.6000
 
     -------------------------
     ! NO SOLVENT MODEL USED !
     -------------------------
 
 doing EN charges ...
 sum q : -0.1554312D-14
 point charge moment (au)
     X       Y       Z   
   0.0071   0.0859   0.2126  total (Debye):    0.583
 
            Z      q(EN)   CN      Cart. coordinates
     1  MG  2.0   0.879   4.675    14.60569   107.93359    77.79435
     2  C   4.0   0.018   3.232    12.38337   101.61056    77.45987
     3  C   4.0  -0.060   3.161    20.61502   105.88512    76.47910
     4  C   4.0  -0.062   3.131    16.31967   114.04118    77.18775
     5  C   4.0  -0.055   3.133     8.13905   109.69292    79.08503
     6  N   5.0  -0.357   3.132    16.17605   104.13335    76.96476
     7  C   4.0   0.104   3.319    14.96852   101.85623    76.84760
     8  C   4.0  -0.096   4.150    16.75053    99.81155    76.00100
     9  C   4.0  -0.096   4.147    19.38859   101.05687    76.40540
    10  C   4.0   0.085   3.323    18.77632   103.91036    76.68886
    11  C   4.0  -0.236   4.023    20.98730    99.96839    78.63717
    12  C   4.0  -0.161   4.058    16.17227    98.59645    73.34593
    13  C   4.0  -0.168   4.044    18.42861    97.60246    71.80770
    14  C   4.0   0.163   3.098    17.61603    96.20595    69.37940
    15  O   6.0  -0.094   1.041    16.01921    94.50142    69.39074
    16  O   6.0  -0.113   2.037    18.67049    97.22073    67.19110
    17  N   5.0  -0.435   3.214    17.92405   109.62678    76.83248
    18  C   4.0   0.079   3.418    20.17282   108.42870    76.45831
    19  C   4.0   0.012   3.262    22.11735   110.23149    75.92352
    20  C   4.0   0.003   3.239    20.96840   112.72971    76.22021
    21  C   4.0   0.053   3.351    18.31900   112.32531    76.73610
    22  C   4.0  -0.248   4.035    24.48140   109.48127    74.59693
    23  C   4.0   0.098   3.037    22.41782   115.19013    75.81581
    24  O   6.0  -0.094   1.057    24.74407   115.17691    75.45298
    25  C   4.0  -0.245   4.014    21.28776   117.91701    76.02179
    26  N   5.0  -0.349   3.119    12.41550   111.39934    77.59593
    27  C   4.0   0.089   3.293    13.63437   113.71615    77.59404
    28  C   4.0  -0.099   4.178    11.66339   115.72871    78.07214
    29  C   4.0  -0.094   4.125     9.00265   114.48338    78.31213
    30  C   4.0   0.071   3.304     9.84736   111.66202    78.41985
    31  C   4.0  -0.237   4.041    12.37770   117.52395    80.21698
    32  C   4.0  -0.163   4.041     7.16584   115.12399    76.13328
    33  C   4.0  -0.238   4.013     4.39550   114.96526    76.83248
    34  N   5.0  -0.390   3.171    11.01143   106.20638    78.30835
    35  C   4.0   0.052   3.444     8.50377   107.15691    78.79401
    36  C   4.0   0.015   3.214     6.76333   105.08010    79.29668
    37  C   4.0   0.002   3.373     8.17118   102.91259    78.73354
    38  C   4.0   0.091   3.610    10.75821   103.71194    78.18363
    39  C   4.0  -0.245   4.016     4.05535   105.59600    80.20753
    40  C   4.0   0.103   3.196     8.05023   100.19327    78.77323
    41  O   6.0  -0.094   1.040     6.33625    98.77975    79.45920
    42  C   4.0  -0.115   4.215    10.64861    99.28431    77.56947
    43  C   4.0   0.196   3.185     9.83035    98.40370    75.05425
    44  O   6.0  -0.106   1.050     8.99132    99.52053    73.25523
    45  O   6.0  -0.129   2.064    10.27066    95.90359    75.03913
    46  C   4.0  -0.196   4.040     9.34281    94.46362    72.88484
    47  C   4.0  -0.131   4.062    18.20184    95.72218    64.94043
    48  C   4.0  -0.056   3.088    18.34924    97.54576    62.64442
    49  C   4.0   0.020   3.050    16.66360    98.90826    61.24035
    50  C   4.0  -0.253   4.051    13.96507    98.98573    61.90364
    51  C   4.0  -0.172   4.050    17.54233   100.64113    58.98780
    52  C   4.0  -0.163   4.033    17.10202   103.53242    59.31472
    53  C   4.0  -0.164   4.067    18.30578   105.18026    57.20767
    54  C   4.0  -0.087   4.048    20.51109   106.94904    58.18466
    55  C   4.0  -0.240   4.064    19.31489   109.06742    59.75880
    56  C   4.0  -0.165   4.086    22.02476   108.07154    56.08707
    57  C   4.0  -0.161   4.023    24.30943   106.38401    55.20267
    58  C   4.0  -0.164   4.048    26.84356   107.97327    55.34629
    59  C   4.0  -0.087   4.023    27.07788   110.22205    53.43200
    60  C   4.0  -0.237   4.018    28.22306   109.39246    50.86575
    61  C   4.0  -0.164   4.049    27.97739   112.86010    54.58851
    62  C   4.0  -0.164   4.031    26.08389   114.96526    54.69245
    63  C   4.0  -0.164   4.060    25.35634   115.58131    57.54593
    64  C   4.0  -0.087   4.006    26.98151   117.66190    58.84418
    65  C   4.0  -0.239   4.033    28.84100   116.58475    60.81516
    66  C   4.0  -0.237   4.012    25.19572   119.80674    60.04982
    67  H   1.0   0.071   1.006    22.51608   105.14435    76.17296
    68  H   1.0   0.070   1.006    16.95462   115.98193    77.48632
    69  H   1.0   0.071   1.006     6.26066   110.24850    79.73132
    70  H   1.0   0.085   1.012    16.30267    98.29787    77.32381
    71  H   1.0   0.085   1.009    20.57345   100.86601    74.73110
    72  H   1.0   0.081   1.000    20.65848   101.22884    80.23209
    73  H   1.0   0.080   0.998    22.97529   100.02319    78.09670
    74  H   1.0   0.081   1.001    20.00653    98.22418    79.12660
    75  H   1.0   0.082   1.003    15.04411    99.80588    72.11761
    76  H   1.0   0.083   1.006    15.02710    96.89759    73.56514
    77  H   1.0   0.081   1.002    19.62858    96.35146    72.92263
    78  H   1.0   0.082   1.005    19.48307    99.27108    71.21810
    79  H   1.0   0.081   1.001    25.26564   111.17258    73.72388
    80  H   1.0   0.080   0.999    24.21495   107.89957    73.30436
    81  H   1.0   0.081   1.003    25.72484   108.97483    76.15974
    82  H   1.0   0.080   0.998    20.73974   118.24960    77.97954
    83  H   1.0   0.080   1.001    19.65693   117.78473    74.76890
    84  H   1.0   0.080   0.996    22.37436   119.45714    75.19220
    85  H   1.0   0.085   1.012    11.68607   116.88144    76.36572
    86  H   1.0   0.084   1.007     8.01622   114.91235    80.06958
    87  H   1.0   0.081   1.004    11.90716   119.31730    79.31936
    88  H   1.0   0.080   0.998    14.40160   117.58253    80.59681
    89  H   1.0   0.081   0.998    11.14182   117.34064    81.85348
    90  H   1.0   0.082   1.004     7.71953   113.87678    74.58937
    91  H   1.0   0.082   1.003     7.50221   116.97404    75.29613
    92  H   1.0   0.080   0.999     3.61127   116.86632    76.96287
    93  H   1.0   0.080   0.998     4.00055   113.92969    78.56914
    94  H   1.0   0.080   0.999     3.37505   113.87678    75.41329
    95  H   1.0   0.080   1.001     3.06325   105.98339    78.44441
    96  H   1.0   0.080   1.000     4.22921   107.11723    81.58703
    97  H   1.0   0.080   1.000     3.42229   103.84611    81.09192
    98  H   1.0   0.085   1.007    11.37048    97.93883    78.95275
    99  H   1.0   0.080   0.996     8.28645    92.92916    73.76734
   100  H   1.0   0.081   0.996    10.99821    93.83812    71.83226
   101  H   1.0   0.081   0.997     8.05968    95.47840    71.63573
   102  H   1.0   0.082   1.000    16.56912    94.47118    64.84973
   103  H   1.0   0.082   1.001    19.77787    94.39937    64.84406
   104  H   1.0   0.070   1.005    20.24274    97.45317    61.84128
   105  H   1.0   0.081   1.000    13.75532    99.41092    63.90864
   106  H   1.0   0.080   0.999    12.97297    97.22073    61.52003
   107  H   1.0   0.081   1.002    13.04100   100.33689    60.65453
   108  H   1.0   0.081   1.002    16.63148    99.83233    57.32673
   109  H   1.0   0.082   1.004    19.54355   100.52397    58.52103
   110  H   1.0   0.082   1.003    17.77854   104.22972    61.13074
   111  H   1.0   0.081   1.002    15.08946   103.88013    59.58495
   112  H   1.0   0.082   1.005    16.67116   106.23094    56.52359
   113  H   1.0   0.082   1.001    18.80277   104.22595    55.45212
   114  H   1.0   0.083   1.008    21.69594   105.83599    59.45078
   115  H   1.0   0.081   1.002    17.29666   108.66113    59.82683
   116  H   1.0   0.080   0.997    19.49819   110.99872    59.06527
   117  H   1.0   0.081   0.999    20.07267   108.96727    61.67121
   118  H   1.0   0.083   1.004    22.57656   110.00662    56.52548
   119  H   1.0   0.083   1.005    20.87769   108.26996    54.38820
   120  H   1.0   0.081   1.001    24.13936   105.60922    53.30161
   121  H   1.0   0.081   1.002    24.69116   104.77397    56.43100
   122  H   1.0   0.082   1.002    28.48195   106.75440    55.08173
   123  H   1.0   0.082   1.003    27.20072   108.83877    57.18122
   124  H   1.0   0.084   1.015    25.09367   110.69070    53.14476
   125  H   1.0   0.080   0.999    26.63569   108.85766    49.66767
   126  H   1.0   0.079   0.996    29.62145   107.89201    50.66166
   127  H   1.0   0.080   0.998    29.11312   110.95337    49.86042
   128  H   1.0   0.082   1.005    29.51941   113.69536    53.50759
   129  H   1.0   0.082   1.004    28.83344   112.46515    56.41966
   130  H   1.0   0.081   1.001    24.33211   114.73849    53.63231
   131  H   1.0   0.082   1.003    26.85490   116.72837    53.95735
   132  H   1.0   0.083   1.004    25.60957   113.80875    58.56450
   133  H   1.0   0.082   1.004    23.34567   115.96303    57.31728
   134  H   1.0   0.083   1.010    28.37612   118.37243    57.50625
   135  H   1.0   0.081   1.000    28.85800   117.87544    62.41954
   136  H   1.0   0.080   0.999    30.73261   116.72081    60.01014
   137  H   1.0   0.081   1.000    28.14558   114.69314    61.24413
   138  H   1.0   0.080   0.997    25.27131   120.00327    62.09828
   139  H   1.0   0.080   0.997    23.22473   119.60831    59.48479
   140  H   1.0   0.080   0.998    25.92893   121.57930    59.29582
 
  Z AO/shell   Hii/eV     exponent
  1     Sat Feb 20 21:38:01 CET 2016    EN: 2.327 GAM: 0.473  GM3: 0.0000
     1s    -13.751157    1.051071
  6     Sat Feb 20 21:38:01 CET 2016    EN: 2.731 GAM: 0.422  GM3: 0.0000
     2s    -19.378245    2.021003
     2p    -11.993376    1.497917
  7     Sat Feb 20 21:38:01 CET 2016    EN: 3.573 GAM: 0.504  GM3: 0.0000
     2s    -21.576984    2.275442
     2p    -16.125120    2.056788
  8     Sat Feb 20 21:38:01 CET 2016    EN: 3.700 GAM: 0.587  GM3: 0.0000
     2s    -21.648843    2.110798
     2p    -17.239740    2.329048
 12     Sat Feb 20 23:25:47 CET 2016    EN: 0.033 GAM: 0.222  GM3: 0.0000
     3s    -12.693633    1.302878
     3p     -8.128821    0.504252
 
 dipole moment of classical point charges (au)
     X       Y       Z   
   0.0071   0.0859   0.2126  total (Debye):    0.583

 
 Nbf   :          338
 T(el) :   300.0
 calculating S/T integrals ...
 cpu time for ints   0.145079000000000     
 Nao   :          338
 making H0...
 making H1...
 cpu time for H      4.897000000000012E-003
 solving ...
 cpu time for diag   7.298499999999997E-002
 
 gap (eV)           :   1.186
 Koopmans IP (eV)   :  12.086
 Eel (Eh)           :  -268.163347
 T,E(Fermi),NFOD :    300.000   -11.494  0.000000
 T,E(Fermi),NFOD :    300.000   -11.494  0.000000
 Nfod               :  0.0000
 Nfod/Nel           :  0.0000

          eigenvalues
 #    :         164        165        166        167        168        169        170        171
 occ. :        2.000      2.000      2.000      2.000      2.000      2.000      2.000      2.000
 eps  :       -16.216    -16.202    -16.112    -16.030    -15.718    -15.654    -15.378    -15.174
 #    :         172        173        174        175        176        177        178        179
 occ. :        2.000      2.000      2.000      2.000      2.000      0.000      0.000      0.000
 eps  :       -14.937    -14.665    -14.594    -13.343    -12.088    -10.902     -9.867     -8.859
 #    :         180        181        182        183        184        185        186        187
 occ. :        0.000      0.000      0.000      0.000      0.000      0.000      0.000      0.000
 eps  :        -8.714     -8.410     -8.171     -8.032     -7.719     -7.657     -7.349     -7.039
                            1  SCC done.
 making H1...
 cpu time for H      8.551700000000001E-002
 solving ...
 cpu time for diag   3.553499999999998E-002
 
 gap (eV)           :   1.497
 Koopmans IP (eV)   :  11.950
 Eel (Eh)           :  -264.947431
 T,E(Fermi),NFOD :    300.000   -11.201  0.000000
 T,E(Fermi),NFOD :    300.000   -11.201  0.000000
 Nfod               :  0.0000
 Nfod/Nel           :  0.0000

          eigenvalues
 #    :         164        165        166        167        168        169        170        171
 occ. :        2.000      2.000      2.000      2.000      2.000      2.000      2.000      2.000
 eps  :       -15.204    -15.165    -15.086    -14.686    -14.665    -14.449    -14.393    -14.040
 #    :         172        173        174        175        176        177        178        179
 occ. :        2.000      2.000      2.000      2.000      2.000      0.000      0.000      0.000
 eps  :       -13.972    -13.847    -13.738    -12.632    -11.951    -10.453     -9.150     -8.542
 #    :         180        181        182        183        184        185        186        187
 occ. :        0.000      0.000      0.000      0.000      0.000      0.000      0.000      0.000
 eps  :        -8.468     -8.307     -7.986     -7.950     -7.638     -7.365     -7.140     -6.824
                            2  SCC done.
 
 
 Mulliken/CM5 charges    n(s)   n(p)   n(d)   
    1 MG  0.2830  0.7272   0.673  1.044  0.000
    2 C   0.0001  0.0034   1.185  2.815  0.000
    3 C  -0.0325 -0.0755   1.120  2.913  0.000
    4 C  -0.0258 -0.0691   1.120  2.905  0.000
    5 C  -0.0114 -0.0536   1.128  2.883  0.000
    6 N  -0.1621 -0.4085   1.407  3.755  0.000
    7 C   0.0419  0.1034   1.225  2.733  0.000
    8 C  -0.0161 -0.0698   1.194  2.822  0.000
    9 C  -0.0267 -0.0843   1.196  2.831  0.000
   10 C   0.0108  0.0645   1.248  2.741  0.000
   11 C  -0.0859 -0.2337   1.108  2.978  0.000
   12 C  -0.0521 -0.1584   1.157  2.895  0.000
   13 C  -0.0530 -0.1544   1.141  2.912  0.000
   14 C   0.2086  0.2553   1.202  2.589  0.000
   15 O  -0.2657 -0.3154   1.630  4.636  0.000
   16 O  -0.1458 -0.2198   1.499  4.647  0.000
   17 N  -0.2240 -0.5079   1.382  3.842  0.000
   18 C   0.0392  0.1009   1.171  2.790  0.000
   19 C  -0.0356 -0.0413   1.226  2.810  0.000
   20 C  -0.0490 -0.0437   1.203  2.846  0.000
   21 C   0.0081  0.0580   1.210  2.782  0.000
   22 C  -0.0630 -0.2068   1.082  2.981  0.000
   23 C   0.1142  0.1367   1.235  2.651  0.000
   24 O  -0.2505 -0.3002   1.626  4.625  0.000
   25 C  -0.0947 -0.2369   1.101  2.994  0.000
   26 N  -0.1325 -0.3762   1.423  3.709  0.000
   27 C   0.0186  0.0724   1.242  2.740  0.000
   28 C  -0.0063 -0.0638   1.185  2.821  0.000
   29 C  -0.0188 -0.0757   1.202  2.817  0.000
   30 C   0.0112  0.0598   1.252  2.737  0.000
   31 C  -0.0913 -0.2398   1.104  2.987  0.000
   32 C  -0.0492 -0.1597   1.143  2.906  0.000
   33 C  -0.0856 -0.2373   1.090  2.996  0.000
   34 N  -0.1956 -0.4582   1.409  3.786  0.000
   35 C   0.0184  0.0692   1.206  2.775  0.000
   36 C   0.0041 -0.0029   1.224  2.772  0.000
   37 C  -0.0533 -0.0461   1.186  2.868  0.000
   38 C   0.0334  0.1066   1.212  2.754  0.000
   39 C  -0.0559 -0.1998   1.088  2.968  0.000
   40 C   0.1367  0.1685   1.205  2.658  0.000
   41 O  -0.2394 -0.2812   1.635  4.604  0.000
   42 C  -0.0325 -0.0746   1.193  2.839  0.000
   43 C   0.2499  0.3080   1.157  2.593  0.000
   44 O  -0.2728 -0.3211   1.624  4.649  0.000
   45 O  -0.1532 -0.2424   1.480  4.674  0.000
   46 C   0.0166 -0.1062   1.097  2.886  0.000
   47 C   0.0438 -0.0348   1.131  2.825  0.000
   48 C  -0.0873 -0.1423   1.166  2.921  0.000
   49 C  -0.0123 -0.0358   1.224  2.788  0.000
   50 C  -0.0847 -0.2298   1.074  3.011  0.000
   51 C  -0.0571 -0.1628   1.144  2.913  0.000
   52 C  -0.0624 -0.1743   1.150  2.912  0.000
   53 C  -0.0757 -0.1863   1.163  2.913  0.000
   54 C  -0.0059 -0.0791   1.195  2.811  0.000
   55 C  -0.1047 -0.2557   1.104  3.000  0.000
   56 C  -0.0578 -0.1673   1.148  2.910  0.000
   57 C  -0.0560 -0.1665   1.161  2.895  0.000
   58 C  -0.0814 -0.1921   1.166  2.915  0.000
   59 C  -0.0458 -0.1179   1.217  2.829  0.000
   60 C  -0.1051 -0.2543   1.100  3.005  0.000
   61 C  -0.0668 -0.1777   1.155  2.912  0.000
   62 C  -0.0635 -0.1779   1.154  2.910  0.000
   63 C  -0.0860 -0.1969   1.168  2.918  0.000
   64 C  -0.0309 -0.1055   1.208  2.823  0.000
   65 C  -0.1027 -0.2541   1.107  2.996  0.000
   66 C  -0.1063 -0.2551   1.111  2.995  0.000
   67 H   0.0611  0.1202   0.939  0.000  0.000
   68 H   0.0561  0.1156   0.944  0.000  0.000
   69 H   0.0560  0.1150   0.944  0.000  0.000
   70 H   0.0502  0.1134   0.950  0.000  0.000
   71 H   0.0437  0.1057   0.956  0.000  0.000
   72 H   0.0342  0.0883   0.966  0.000  0.000
   73 H   0.0511  0.1028   0.949  0.000  0.000
   74 H   0.0474  0.1010   0.953  0.000  0.000
   75 H   0.0394  0.0980   0.961  0.000  0.000
   76 H   0.0378  0.1011   0.962  0.000  0.000
   77 H   0.0457  0.1033   0.954  0.000  0.000
   78 H   0.0320  0.0934   0.968  0.000  0.000
   79 H   0.0550  0.1142   0.945  0.000  0.000
   80 H   0.0556  0.1088   0.944  0.000  0.000
   81 H   0.0489  0.1030   0.951  0.000  0.000
   82 H   0.0488  0.1017   0.951  0.000  0.000
   83 H   0.0356  0.0899   0.964  0.000  0.000
   84 H   0.0524  0.1057   0.948  0.000  0.000
   85 H   0.0494  0.1122   0.951  0.000  0.000
   86 H   0.0465  0.1078   0.953  0.000  0.000
   87 H   0.0318  0.0852   0.968  0.000  0.000
   88 H   0.0461  0.0991   0.954  0.000  0.000
   89 H   0.0403  0.0928   0.960  0.000  0.000
   90 H   0.0344  0.0918   0.966  0.000  0.000
   91 H   0.0369  0.0926   0.963  0.000  0.000
   92 H   0.0347  0.0863   0.965  0.000  0.000
   93 H   0.0334  0.0857   0.967  0.000  0.000
   94 H   0.0369  0.0885   0.963  0.000  0.000
   95 H   0.0603  0.1135   0.940  0.000  0.000
   96 H   0.0585  0.1120   0.941  0.000  0.000
   97 H   0.0532  0.1064   0.947  0.000  0.000
   98 H   0.0604  0.1267   0.940  0.000  0.000
   99 H   0.0459  0.1068   0.954  0.000  0.000
  100 H   0.0526  0.1138   0.947  0.000  0.000
  101 H   0.0566  0.1198   0.943  0.000  0.000
  102 H   0.0597  0.1243   0.940  0.000  0.000
  103 H   0.0482  0.1128   0.952  0.000  0.000
  104 H   0.0220  0.0797   0.978  0.000  0.000
  105 H   0.0491  0.1028   0.951  0.000  0.000
  106 H   0.0426  0.0948   0.957  0.000  0.000
  107 H   0.0377  0.0918   0.962  0.000  0.000
  108 H   0.0384  0.0941   0.962  0.000  0.000
  109 H   0.0323  0.0889   0.968  0.000  0.000
  110 H   0.0326  0.0896   0.967  0.000  0.000
  111 H   0.0335  0.0888   0.966  0.000  0.000
  112 H   0.0312  0.0875   0.969  0.000  0.000
  113 H   0.0354  0.0908   0.965  0.000  0.000
  114 H   0.0398  0.1000   0.960  0.000  0.000
  115 H   0.0336  0.0883   0.966  0.000  0.000
  116 H   0.0345  0.0864   0.966  0.000  0.000
  117 H   0.0331  0.0851   0.967  0.000  0.000
  118 H   0.0507  0.1088   0.949  0.000  0.000
  119 H   0.0282  0.0854   0.972  0.000  0.000
  120 H   0.0396  0.0942   0.960  0.000  0.000
  121 H   0.0372  0.0926   0.963  0.000  0.000
  122 H   0.0259  0.0814   0.974  0.000  0.000
  123 H   0.0313  0.0877   0.969  0.000  0.000
  124 H   0.0272  0.0911   0.973  0.000  0.000
  125 H   0.0316  0.0837   0.968  0.000  0.000
  126 H   0.0372  0.0879   0.963  0.000  0.000
  127 H   0.0287  0.0805   0.971  0.000  0.000
  128 H   0.0303  0.0866   0.970  0.000  0.000
  129 H   0.0390  0.0964   0.961  0.000  0.000
  130 H   0.0391  0.0939   0.961  0.000  0.000
  131 H   0.0334  0.0894   0.967  0.000  0.000
  132 H   0.0335  0.0913   0.966  0.000  0.000
  133 H   0.0369  0.0928   0.963  0.000  0.000
  134 H   0.0398  0.0995   0.960  0.000  0.000
  135 H   0.0338  0.0867   0.966  0.000  0.000
  136 H   0.0396  0.0914   0.960  0.000  0.000
  137 H   0.0369  0.0903   0.963  0.000  0.000
  138 H   0.0374  0.0886   0.963  0.000  0.000
  139 H   0.0358  0.0874   0.964  0.000  0.000
  140 H   0.0288  0.0804   0.971  0.000  0.000
 Hirshfeld charges for QMDFF written to <charges>
 
 Loewdin charges    n(s)   n(p)   n(d)
    1 MG  0.1224   0.684  1.193  0.000
    2 C   0.0010   1.146  2.853  0.000
    3 C  -0.0286   1.066  2.963  0.000
    4 C  -0.0240   1.069  2.955  0.000
    5 C  -0.0078   1.075  2.933  0.000
    6 N  -0.1297   1.365  3.765  0.000
    7 C   0.0437   1.188  2.768  0.000
    8 C  -0.0091   1.146  2.863  0.000
    9 C  -0.0194   1.149  2.871  0.000
   10 C   0.0168   1.212  2.771  0.000
   11 C  -0.0865   1.036  3.051  0.000
   12 C  -0.0468   1.098  2.949  0.000
   13 C  -0.0528   1.082  2.970  0.000
   14 C   0.1887   1.177  2.635  0.000
   15 O  -0.2525   1.601  4.651  0.000
   16 O  -0.1125   1.465  4.647  0.000
   17 N  -0.1931   1.341  3.852  0.000
   18 C   0.0429   1.129  2.828  0.000
   19 C  -0.0269   1.185  2.842  0.000
   20 C  -0.0560   1.167  2.889  0.000
   21 C   0.0165   1.170  2.814  0.000
   22 C  -0.0630   1.006  3.057  0.000
   23 C   0.1124   1.201  2.687  0.000
   24 O  -0.2359   1.597  4.639  0.000
   25 C  -0.0998   1.029  3.070  0.000
   26 N  -0.1006   1.383  3.718  0.000
   27 C   0.0260   1.204  2.770  0.000
   28 C   0.0021   1.136  2.861  0.000
   29 C  -0.0115   1.155  2.857  0.000
   30 C   0.0149   1.217  2.768  0.000
   31 C  -0.0942   1.032  3.062  0.000
   32 C  -0.0439   1.083  2.960  0.000
   33 C  -0.0873   1.017  3.070  0.000
   34 N  -0.1652   1.368  3.797  0.000
   35 C   0.0193   1.168  2.812  0.000
   36 C   0.0131   1.183  2.803  0.000
   37 C  -0.0622   1.149  2.913  0.000
   38 C   0.0376   1.175  2.788  0.000
   39 C  -0.0534   1.012  3.041  0.000
   40 C   0.1315   1.172  2.697  0.000
   41 O  -0.2244   1.606  4.619  0.000
   42 C  -0.0318   1.145  2.887  0.000
   43 C   0.2245   1.131  2.644  0.000
   44 O  -0.2587   1.593  4.666  0.000
   45 O  -0.1168   1.443  4.674  0.000
   46 C   0.0092   1.027  2.964  0.000
   47 C   0.0418   1.074  2.884  0.000
   48 C  -0.0889   1.120  2.969  0.000
   49 C   0.0005   1.182  2.818  0.000
   50 C  -0.0880   0.999  3.089  0.000
   51 C  -0.0537   1.086  2.968  0.000
   52 C  -0.0580   1.092  2.966  0.000
   53 C  -0.0739   1.106  2.967  0.000
   54 C   0.0058   1.146  2.848  0.000
   55 C  -0.1097   1.034  3.076  0.000
   56 C  -0.0555   1.089  2.966  0.000
   57 C  -0.0499   1.103  2.947  0.000
   58 C  -0.0792   1.110  2.970  0.000
   59 C  -0.0384   1.171  2.868  0.000
   60 C  -0.1089   1.029  3.080  0.000
   61 C  -0.0647   1.098  2.967  0.000
   62 C  -0.0588   1.095  2.963  0.000
   63 C  -0.0852   1.113  2.972  0.000
   64 C  -0.0198   1.161  2.859  0.000
   65 C  -0.1068   1.036  3.070  0.000
   66 C  -0.1098   1.041  3.069  0.000
   67 H   0.0556   0.944  0.000  0.000
   68 H   0.0518   0.948  0.000  0.000
   69 H   0.0511   0.949  0.000  0.000
   70 H   0.0444   0.956  0.000  0.000
   71 H   0.0389   0.961  0.000  0.000
   72 H   0.0344   0.966  0.000  0.000
   73 H   0.0494   0.951  0.000  0.000
   74 H   0.0466   0.953  0.000  0.000
   75 H   0.0352   0.965  0.000  0.000
   76 H   0.0338   0.966  0.000  0.000
   77 H   0.0419   0.958  0.000  0.000
   78 H   0.0290   0.971  0.000  0.000
   79 H   0.0515   0.949  0.000  0.000
   80 H   0.0540   0.946  0.000  0.000
   81 H   0.0477   0.952  0.000  0.000
   82 H   0.0482   0.952  0.000  0.000
   83 H   0.0365   0.964  0.000  0.000
   84 H   0.0502   0.950  0.000  0.000
   85 H   0.0442   0.956  0.000  0.000
   86 H   0.0407   0.959  0.000  0.000
   87 H   0.0322   0.968  0.000  0.000
   88 H   0.0457   0.954  0.000  0.000
   89 H   0.0398   0.960  0.000  0.000
   90 H   0.0315   0.968  0.000  0.000
   91 H   0.0348   0.965  0.000  0.000
   92 H   0.0343   0.966  0.000  0.000
   93 H   0.0345   0.965  0.000  0.000
   94 H   0.0364   0.964  0.000  0.000
   95 H   0.0574   0.943  0.000  0.000
   96 H   0.0567   0.943  0.000  0.000
   97 H   0.0502   0.950  0.000  0.000
   98 H   0.0517   0.948  0.000  0.000
   99 H   0.0426   0.957  0.000  0.000
  100 H   0.0485   0.952  0.000  0.000
  101 H   0.0519   0.948  0.000  0.000
  102 H   0.0519   0.948  0.000  0.000
  103 H   0.0419   0.958  0.000  0.000
  104 H   0.0170   0.983  0.000  0.000
  105 H   0.0471   0.953  0.000  0.000
  106 H   0.0421   0.958  0.000  0.000
  107 H   0.0379   0.962  0.000  0.000
  108 H   0.0352   0.965  0.000  0.000
  109 H   0.0295   0.970  0.000  0.000
  110 H   0.0304   0.970  0.000  0.000
  111 H   0.0314   0.969  0.000  0.000
  112 H   0.0299   0.970  0.000  0.000
  113 H   0.0334   0.967  0.000  0.000
  114 H   0.0341   0.966  0.000  0.000
  115 H   0.0345   0.966  0.000  0.000
  116 H   0.0353   0.965  0.000  0.000
  117 H   0.0330   0.967  0.000  0.000
  118 H   0.0483   0.952  0.000  0.000
  119 H   0.0262   0.974  0.000  0.000
  120 H   0.0362   0.964  0.000  0.000
  121 H   0.0345   0.966  0.000  0.000
  122 H   0.0240   0.976  0.000  0.000
  123 H   0.0298   0.970  0.000  0.000
  124 H   0.0240   0.976  0.000  0.000
  125 H   0.0319   0.968  0.000  0.000
  126 H   0.0375   0.963  0.000  0.000
  127 H   0.0298   0.970  0.000  0.000
  128 H   0.0285   0.972  0.000  0.000
  129 H   0.0377   0.962  0.000  0.000
  130 H   0.0373   0.963  0.000  0.000
  131 H   0.0316   0.968  0.000  0.000
  132 H   0.0327   0.967  0.000  0.000
  133 H   0.0352   0.965  0.000  0.000
  134 H   0.0353   0.965  0.000  0.000
  135 H   0.0345   0.965  0.000  0.000
  136 H   0.0394   0.961  0.000  0.000
  137 H   0.0372   0.963  0.000  0.000
  138 H   0.0377   0.962  0.000  0.000
  139 H   0.0360   0.964  0.000  0.000
  140 H   0.0292   0.971  0.000  0.000
 
 Wiberg/Mayer (AO) data. WBOs > 0.1 written file <wbo>
 largest (>0.05) Wiberg bond orders for each atom
           total WBO             WBO to atom ...
     1  MG  2.561    N   17 0.578    N   34 0.482    N   26 0.418    N    6 0.384    C   38 0.057    C   21 0.055    C   27 0.052    C   10 0.051
     2  C   3.892    C    7 1.424    C   38 1.180    C   42 0.942
     3  C   3.924    C   10 1.393    C   18 1.315    H   67 0.933
     4  C   3.919    C   27 1.363    C   21 1.320    H   68 0.930
     5  C   3.926    C   30 1.398    C   35 1.365    H   69 0.925
     6  N   3.324    C   10 1.234    C    7 1.231    MG   1 0.384
     7  C   3.873    C    2 1.424    N    6 1.231    C    8 0.955
     8  C   3.934    C    7 0.955    C    9 0.954    H   70 0.938    C   12 0.926
     9  C   3.936    C   11 0.966    C    8 0.954    H   71 0.945    C   10 0.932
    10  C   3.845    C    3 1.393    N    6 1.234    C    9 0.932    C   19 0.056    MG   1 0.051
    11  C   3.967    H   72 0.981    H   73 0.978    H   74 0.975    C    9 0.966
    12  C   3.943    C   13 0.978    H   76 0.969    H   75 0.966    C    8 0.926
    13  C   3.966    C   12 0.978    H   78 0.970    H   77 0.953    C   14 0.928    O   15 0.076
    14  C   3.880    O   15 1.834    O   16 1.074    C   13 0.928
    15  O   2.135    C   14 1.834    O   16 0.166    C   13 0.076
    16  O   2.293    C   14 1.074    C   47 0.950    O   15 0.166
    17  N   3.304    C   18 1.164    C   21 1.083    MG   1 0.578    C   20 0.062
    18  C   3.899    C    3 1.315    C   19 1.196    N   17 1.164
    19  C   3.832    C   20 1.323    C   18 1.196    C   22 1.001    C   10 0.056
    20  C   3.882    C   19 1.323    C   21 1.201    C   23 1.017    O   24 0.073    N   17 0.062
    21  C   3.880    C    4 1.320    C   20 1.201    N   17 1.083    MG   1 0.055    N   26 0.053
    22  C   3.977    C   19 1.001    H   79 0.968    H   80 0.967    H   81 0.960
    23  C   3.870    O   24 1.819    C   20 1.017    C   25 0.935
    24  O   2.137    C   23 1.819    C   25 0.077    C   20 0.073
    25  C   3.976    H   84 0.973    H   83 0.971    H   82 0.964    C   23 0.935    O   24 0.077
    26  N   3.348    C   27 1.273    C   30 1.190    MG   1 0.418    C   21 0.053
    27  C   3.852    C    4 1.363    N   26 1.273    C   28 0.949    MG   1 0.052
    28  C   3.940    C   31 0.969    C   29 0.950    C   27 0.949    H   85 0.937
    29  C   3.934    C   32 0.953    C   28 0.950    H   86 0.939    C   30 0.934
    30  C   3.817    C    5 1.398    N   26 1.190    C   29 0.934    C   36 0.054
    31  C   3.969    H   87 0.982    H   89 0.977    H   88 0.972    C   28 0.969
    32  C   3.951    C   33 1.005    H   90 0.966    H   91 0.962    C   29 0.953
    33  C   3.981    C   32 1.005    H   92 0.984    H   94 0.979    H   93 0.977
    34  N   3.313    C   38 1.312    C   35 1.061    MG   1 0.482    C   37 0.060
    35  C   3.855    C    5 1.365    C   36 1.174    N   34 1.061
    36  C   3.863    C   37 1.405    C   35 1.174    C   39 0.977    O   41 0.062    C   30 0.054
    37  C   3.902    C   36 1.405    C   38 1.095    C   40 1.086    O   41 0.068    N   34 0.060
    38  C   3.883    N   34 1.312    C    2 1.180    C   37 1.095    MG   1 0.057
    39  C   3.978    H   97 0.978    C   36 0.977    H   96 0.972    H   95 0.966
    40  C   3.885    O   41 1.805    C   37 1.086    C   42 0.840
    41  O   2.145    C   40 1.805    C   42 0.086    C   37 0.068    C   36 0.062
    42  C   3.944    C    2 0.942    H   98 0.936    C   43 0.926    C   40 0.840    O   41 0.086    O   44 0.075
    43  C   3.904    O   44 1.804    O   45 1.097    C   42 0.926
    44  O   2.135    C   43 1.804    O   45 0.168    C   42 0.075
    45  O   2.310    C   43 1.097    C   46 0.968    O   44 0.168
    46  C   3.940    H   99 0.990    H  100 0.987    H  101 0.978    O   45 0.968
    47  C   3.930    H  103 0.974    C   48 0.974    H  102 0.960    O   16 0.950
    48  C   3.950    C   49 1.893    C   47 0.974    H  104 0.947
    49  C   3.928    C   48 1.893    C   50 1.009    C   51 0.939
    50  C   3.991    C   49 1.009    H  107 0.976    H  105 0.965    H  106 0.963
    51  C   3.961    C   52 0.972    H  109 0.968    H  108 0.962    C   49 0.939
    52  C   3.955    C   53 0.979    C   51 0.972    H  110 0.969    H  111 0.968
    53  C   3.948    C   52 0.979    H  112 0.963    H  113 0.960    C   54 0.954
    54  C   3.944    C   56 0.994    C   55 0.984    C   53 0.954    H  114 0.950
    55  C   3.980    C   54 0.984    H  117 0.981    H  115 0.976    H  116 0.976
    56  C   3.963    C   54 0.994    C   57 0.972    H  119 0.966    H  118 0.951
    57  C   3.958    C   58 0.975    H  120 0.972    C   56 0.972    H  121 0.965
    58  C   3.954    C   57 0.975    C   59 0.968    H  122 0.965    H  123 0.964
    59  C   3.923    C   60 0.978    C   58 0.968    H  124 0.958    C   61 0.946
    60  C   3.975    H  125 0.981    C   59 0.978    H  127 0.978    H  126 0.978
    61  C   3.959    C   62 1.002    H  128 0.963    H  129 0.956    C   59 0.946
    62  C   3.962    C   61 1.002    C   63 0.970    H  131 0.964    H  130 0.960
    63  C   3.959    C   64 0.977    C   62 0.970    H  133 0.963    H  132 0.958
    64  C   3.936    C   65 0.997    C   63 0.977    C   66 0.965    H  134 0.957
    65  C   3.984    C   64 0.997    H  136 0.979    H  135 0.977    H  137 0.975
    66  C   3.976    H  140 0.985    H  139 0.980    H  138 0.979    C   64 0.965
    67  H   0.993    C    3 0.933
    68  H   0.994    C    4 0.930
    69  H   0.992    C    5 0.925
    70  H   0.995    C    8 0.938
    71  H   0.996    C    9 0.945
    72  H   0.998    C   11 0.981
    73  H   0.996    C   11 0.978
    74  H   0.996    C   11 0.975
    75  H   0.998    C   12 0.966
    76  H   0.997    C   12 0.969
    77  H   0.998    C   13 0.953
    78  H   0.999    C   13 0.970
    79  H   0.994    C   22 0.968
    80  H   0.990    C   22 0.967
    81  H   0.991    C   22 0.960
    82  H   0.997    C   25 0.964
    83  H   0.998    C   25 0.971
    84  H   0.995    C   25 0.973
    85  H   0.994    C   28 0.937
    86  H   0.995    C   29 0.939
    87  H   0.998    C   31 0.982
    88  H   0.995    C   31 0.972
    89  H   0.996    C   31 0.977
    90  H   0.998    C   32 0.966
    91  H   0.996    C   32 0.962
    92  H   0.998    C   33 0.984
    93  H   0.999    C   33 0.977
    94  H   0.997    C   33 0.979
    95  H   0.992    C   39 0.966
    96  H   0.993    C   39 0.972
    97  H   0.996    C   39 0.978
    98  H   0.993    C   42 0.936
    99  H   0.998    C   46 0.990
   100  H   0.997    C   46 0.987
   101  H   0.997    C   46 0.978
   102  H   0.996    C   47 0.960
   103  H   0.997    C   47 0.974
   104  H   0.999    C   48 0.947
   105  H   0.997    C   50 0.965
   106  H   0.998    C   50 0.963
   107  H   0.999    C   50 0.976
   108  H   0.998    C   51 0.962
   109  H   0.999    C   51 0.968
   110  H   0.999    C   52 0.969
   111  H   0.998    C   52 0.968
   112  H   0.998    C   53 0.963
   113  H   0.999    C   53 0.960
   114  H   0.998    C   54 0.950
   115  H   0.999    C   55 0.976
   116  H   0.999    C   55 0.976
   117  H   0.999    C   55 0.981
   118  H   0.996    C   56 0.951
   119  H   0.999    C   56 0.966
   120  H   0.998    C   57 0.972
   121  H   0.998    C   57 0.965
   122  H   0.998    C   58 0.965
   123  H   0.999    C   58 0.964
   124  H   0.999    C   59 0.958
   125  H   0.998    C   60 0.981
   126  H   0.998    C   60 0.978
   127  H   0.999    C   60 0.978
   128  H   0.999    C   61 0.963
   129  H   0.998    C   61 0.956
   130  H   0.998    C   62 0.960
   131  H   0.998    C   62 0.964
   132  H   0.999    C   63 0.958
   133  H   0.998    C   63 0.963
   134  H   0.998    C   64 0.957
   135  H   0.998    C   65 0.977
   136  H   0.998    C   65 0.979
   137  H   0.999    C   65 0.975
   138  H   0.998    C   66 0.979
   139  H   0.999    C   66 0.980
   140  H   0.999    C   66 0.985
 
 --------------------------------------------
          xTB calculation for sTDA...
 --------------------------------------------
 
 reading parameter file ~/.param_stda2.xtb
 
      method parameters     
 k(s)        :  1.6000
 k(p)        :  2.1800
 k(d)        :  1.9500
 k(f)        :  2.0000
 k(R-V)      :  2.2750
 k(R-R)      :  1.7650
 Tscal       :  0.2580
 Gscal       :  1.0000
 fpol        :  1.0000
 Zcnf        :  0.3430
 Zqf         :  0.0000
 kcn         :  2.7000
 Ryd Hsplit  :  0.7000
 lshift(virt):  3.1000
 lshift(OS)  :  0.2000
 wllscaling  :  2.6000
 
 mowrcut     : 3.000
 
  Z AO/shell   Hii/eV     exponent
  1     Sun Feb 14 09:53:25 CET 2016    EN: 2.327 GAM: 0.473  GM3: 0.0000
     1s    -14.339618    1.220000
     2sp    -3.348946    0.600000
  6     Sun Feb 14 09:53:25 CET 2016    EN: 2.731 GAM: 0.422  GM3: 0.0000
     2s    -22.009312    1.565095
     2p    -13.020408    1.596905
     3sp    -3.914040    0.824500
  7     Sun Feb 14 09:53:25 CET 2016    EN: 3.573 GAM: 0.504  GM3: 0.0000
     2s    -25.722000    2.064844
     2p    -18.684912    1.801692
     3sp    -4.344791    0.921400
  8     Sun Feb 14 09:53:25 CET 2016    EN: 3.700 GAM: 0.587  GM3: 0.0000
     2s    -33.859000    2.418661
     2p    -22.175911    1.973969
     3sp    -4.259392    1.013700
 12     Sun Feb 21 16:58:31 CET 2016    EN: 0.033 GAM: 0.222  GM3: 0.0000
     3s    -11.092543    1.647583
     3p     -6.929529    0.855020
 
 Nbf   :          894
 T(el) :     0.0
 calculating S/T integrals ...
 cpu time for ints    1.31866900000000     
 Nao   :          894
 making H0...
 making H1...
 cpu time for H      2.612700000000001E-002
 solving ...
 cpu time for diag   0.287652000000000     
 
 gap (eV)           :   4.557
 Koopmans IP (eV)   :  13.299
 Eel (Eh)           :  -300.459749

          eigenvalues
 #    :         164        165        166        167        168        169        170        171
 occ. :        2.000      2.000      2.000      2.000      2.000      2.000      2.000      2.000
 eps  :       -17.437    -17.361    -17.054    -16.387    -16.351    -16.145    -16.062    -15.848
 #    :         172        173        174        175        176        177        178        179
 occ. :        2.000      2.000      2.000      2.000      2.000      0.000      0.000      0.000
 eps  :       -15.487    -15.342    -14.930    -14.069    -13.300     -8.743     -7.114     -6.934
 #    :         180        181        182        183        184        185        186        187
 occ. :        0.000      0.000      0.000      0.000      0.000      0.000      0.000      0.000
 eps  :        -6.331     -6.279     -5.796     -5.692     -5.316     -5.187     -5.111     -5.004
                            1  SCC done.
 writing mo output ...
 molden style : F
 
speedup  1.10
cpu  time for all    2.16 s
wall time for all    1.96 s
