cpu-bind=MASK - bp1-compute161, task 4294967295 4294967295 [0]: mask 0xffffff00ffffff set
Host:    bp1-compute161.data.bp.acrc.priv
Time:    Thu Apr 28 21:37:44 BST 2022
Dir:     /user/home/of15641/chlorophyll_parameterization/tddft_data/step_1751_chromophore_3
Job ID:  1658529
Nodelist:
cat: bp1-compute161: No such file or directory
  
Result dir: /user/home/of15641/chlorophyll_parameterization/tddft_data/step_1751_chromophore_3
running gaussian jobs
Running time g16 < CAMB3LYP_step_1751_chromophore_3.com > CAMB3LYP_step_1751_chromophore_3.log

real	23m33.448s
user	552m54.323s
sys	0m52.434s
Running time g16 < PBE0_step_1751_chromophore_3.com > PBE0_step_1751_chromophore_3.log

real	16m7.594s
user	384m40.482s
sys	0m37.215s
Running time g16 < wB97XD_step_1751_chromophore_3.com > wB97XD_step_1751_chromophore_3.log

real	24m37.019s
user	578m23.545s
sys	0m52.596s
Running time g16 < BLYP_step_1751_chromophore_3.com > BLYP_step_1751_chromophore_3.log

real	11m23.597s
user	271m9.964s
sys	0m34.255s
Running time g16 < ZINDO_step_1751_chromophore_3.com > ZINDO_step_1751_chromophore_3.log

real	0m7.869s
user	2m54.465s
sys	0m2.744s
