cpu-bind=MASK - bp1-compute132, task 4294967295 4294967295 [0]: mask 0x3f0ffffc3f0ffffc set
Host:    bp1-compute132.data.bp.acrc.priv
Time:    Thu May  5 06:44:00 BST 2022
Dir:     /user/home/of15641/chlorophyll_parameterization/tddft_data/step_751_chromophore_16
Job ID:  1692386
Nodelist:
cat: bp1-compute132: No such file or directory
  
Result dir: /user/home/of15641/chlorophyll_parameterization/tddft_data/step_751_chromophore_16
running gaussian jobs
Running time g16 < CAMB3LYP_step_751_chromophore_16.com > CAMB3LYP_step_751_chromophore_16.log

real	29m50.057s
user	699m15.029s
sys	3m38.562s
Running time g16 < PBE0_step_751_chromophore_16.com > PBE0_step_751_chromophore_16.log

real	20m20.399s
user	483m51.592s
sys	1m44.639s
Running time g16 < wB97XD_step_751_chromophore_16.com > wB97XD_step_751_chromophore_16.log

real	27m58.707s
user	655m40.065s
sys	3m18.236s
Running time g16 < BLYP_step_751_chromophore_16.com > BLYP_step_751_chromophore_16.log

real	11m59.289s
user	284m34.888s
sys	1m6.480s
Running time g16 < ZINDO_step_751_chromophore_16.com > ZINDO_step_751_chromophore_16.log

real	0m7.910s
user	2m54.449s
sys	0m2.756s
