 
        ______________________________________
       |                                      |
       |          ===================         |
       |             xTB for sTDA             |
       |          ===================         |
       |               S. Grimme              |
       |        Universitaet Bonn, MCTC       |
       |         2015-19, Version 1.0         |
       |     Wed Apr  3 09:14:55 CEST 2019    |
       |______________________________________|
 
        This code comes without any warranty
        for non-commercial, academia use only.
        Preliminary test version.
        Cite this work as:
        S. Grimme  &  C. Bannwarth, JCP 145 (2016) 054103
        if GBSA is used additionally:
        P. Shushkov, F. März, C. Bannwarth, S. Grimme, unpublished.
 
        with help from
        P. Shushkov, G. Brandenburg, S. Dohm, J. Pisarek,
        F. März, M. Checinski, S. Ehrlich, S. Spicher, 
        P. Pracht, E. Caldeweyher, S. Ehlert, and C. Bannwarth.
 
        usage        :
        xtb4stda <coord_file> [options]
        where <coord_file> is a valid file of TM)
        (*coord, Bohr) or xmol (*xyz, Angstroem)
        format.

        options:
        -chrg <int>   : molecular charge
        -uhf  <int>   : # of unpaired electrons(=2*S)
        -nox          : skip second, extended part in sTDA-xTB
        -pop          : do population analysis
                      : (default for -nox)
        -mowr <real>  : cut MO write above (def.3 Eh)
        -molden       : write formatted molden file
        -parx <file>  : read parameters for sTDA-xTB
                        calc (def:~/.param_stda2.xtb)
        -parv <file>  : read parameters for vTB part in
                        sTDA-xTB (def: ~/.param_stda1.xtb)
        -xtemp <real> : el. temp for xTB (def. 0 K)
        -etemp <real> : el. temp for GFN (def. 300 K)
        -fod          : calculate the FOD and write
                        molden.input file with
                        appropriate occupations
                        for plotting. Def. T=12500 K
 
        -acc <real>   : xTB accuracy (def. 1.0)
        -gbsa [string1] [string2]
                        use GBSA implicit solvent
                        for solvent [string1] and
                        solvation state [string2]=
                        reference, bar1M (default=1M)
        additional GFN/opt/MD/siman options read from
        $XTB4STDAHOME/.xtb4stdarc or $set in input
 
       spin and charge state information can be on:
       <.CHRG> (charge) and <.UHF> (=nalpha-nbeta)
       -uhf and -chrg override the file info.
       useful machine settings:
       setenv MKL_NUM_THREADS <NCORE_ON_YOUR_MACHINE>
       setenv OMP_STACKSIZE 500m
       limit stacksize unlimited
 
       total energies in Eh, gaps/HL energies in eV
       please read REVISION and HOWTO files carefully
 =============================
  # OMP threads =           4
 =============================
 
 xtb4stdahome directory:~/
 
 
 name of molecule           :
 comment line               :
 number of atoms            :   140
 number of electrons        :   352
 charge                     :  0
 spin                       : 0.0
 first test random number   :  0.7767
 
 -----------------------------------------
      charge density (VTB) calculation
 -----------------------------------------
 
      method parameters     
 k(s)        :  1.8000
 k(p)        :  2.8350
 k(d)        :  2.0860
 k(f)        :  2.0000
 Tscal       :  0.3300
 Gscal       :  0.3910
 fpol        :  1.0000
 Zcnf        :  0.6500
 Zqf         :  0.0000
 kcn         :  0.3000
 kEN1        : -0.5900
 wllscal     :  2.6000
 
     -------------------------
     ! NO SOLVENT MODEL USED !
     -------------------------
 
 doing EN charges ...
 sum q : -0.3330669D-15
 point charge moment (au)
     X       Y       Z   
   0.3535  -0.5062   0.4836  total (Debye):    1.994
 
            Z      q(EN)   CN      Cart. coordinates
     1  MG  2.0   0.859   4.750    66.53536     3.78701    57.42121
     2  C   4.0   0.020   3.257    61.82805     5.46131    61.71089
     3  C   4.0  -0.058   3.152    71.00456     3.61505    62.19844
     4  C   4.0  -0.061   3.181    70.72677     2.35649    53.10319
     5  C   4.0  -0.056   3.157    61.99435     4.94541    52.62131
     6  N   5.0  -0.359   3.168    66.51268     5.01722    61.37830
     7  C   4.0   0.097   3.318    64.33572     5.30824    62.78237
     8  C   4.0  -0.095   4.164    65.10673     5.47832    65.56404
     9  C   4.0  -0.096   4.158    68.04525     6.16051    65.25035
    10  C   4.0   0.083   3.312    68.70477     4.72998    62.82961
    11  C   4.0  -0.235   4.003    68.62729     9.15572    65.24279
    12  C   4.0  -0.162   4.062    64.51902     3.05569    67.10228
    13  C   4.0  -0.170   4.062    65.34483     3.11238    69.78191
    14  C   4.0   0.161   3.093    66.24245     5.50855    71.15574
    15  O   6.0  -0.085   1.037    64.82705     7.33970    71.70565
    16  O   6.0  -0.117   2.048    68.80303     5.42540    71.52046
    17  N   5.0  -0.451   3.264    70.36773     2.98199    57.64231
    18  C   4.0   0.078   3.442    71.84927     3.10104    59.76447
    19  C   4.0   0.015   3.276    74.18875     1.93697    59.19944
    20  C   4.0   0.002   3.298    74.21899     1.44564    56.54249
    21  C   4.0   0.092   3.432    71.67731     2.28846    55.58629
    22  C   4.0  -0.249   4.044    76.18808     1.68753    61.12319
    23  C   4.0   0.107   3.048    76.30146     0.36661    54.99669
    24  O   6.0  -0.101   1.060    76.01234     0.19464    52.69501
    25  C   4.0  -0.247   4.024    78.81858    -0.34204    56.23635
    26  N   5.0  -0.388   3.150    66.42765     3.67930    53.30917
    27  C   4.0   0.094   3.355    68.56115     3.18797    51.95801
    28  C   4.0  -0.094   4.126    68.02446     3.44686    49.05162
    29  C   4.0  -0.096   4.148    65.08783     3.92307    48.99681
    30  C   4.0   0.101   3.341    64.40564     4.12149    51.78605
    31  C   4.0  -0.237   4.039    69.65341     5.49343    47.90077
    32  C   4.0  -0.162   4.034    63.51180     2.03335    47.49637
    33  C   4.0  -0.237   4.000    62.56883    -0.45164    48.88721
    34  N   5.0  -0.404   3.205    62.63686     4.88872    57.11886
    35  C   4.0   0.071   3.448    61.07027     5.19864    55.02693
    36  C   4.0   0.017   3.264    58.53237     5.76933    55.86030
    37  C   4.0   0.004   3.362    58.64764     5.94319    58.52481
    38  C   4.0   0.092   3.672    61.24980     5.27423    59.15409
    39  C   4.0  -0.250   4.040    56.46879     6.56491    54.25214
    40  C   4.0   0.114   3.188    57.38531     6.46097    60.87563
    41  O   6.0  -0.105   1.047    55.22535     6.89183    61.47467
    42  C   4.0  -0.115   4.201    59.40731     6.21720    63.07905
    43  C   4.0   0.171   3.139    59.64920     8.64739    64.44154
    44  O   6.0  -0.090   1.047    60.52981    10.62215    63.52125
    45  O   6.0  -0.115   2.026    58.91788     8.47164    66.91709
    46  C   4.0  -0.199   4.021    59.84573    10.44829    68.66697
    47  C   4.0  -0.142   4.073    69.82537     7.51355    73.09271
    48  C   4.0  -0.051   3.112    71.50534     6.38727    74.92385
    49  C   4.0   0.018   3.087    71.05936     5.48587    77.26522
    50  C   4.0  -0.249   4.039    68.44209     5.45564    78.48410
    51  C   4.0  -0.177   4.077    73.16641     4.35015    78.83181
    52  C   4.0  -0.163   4.033    73.39696     1.46265    78.54835
    53  C   4.0  -0.163   4.043    74.43064     0.05858    81.00121
    54  C   4.0  -0.087   4.025    77.23310    -0.92786    80.75744
    55  C   4.0  -0.237   4.025    77.35215    -3.84937    81.05790
    56  C   4.0  -0.164   4.053    79.25133     0.55369    82.28812
    57  C   4.0  -0.164   4.059    81.96308     0.75022    81.03334
    58  C   4.0  -0.165   4.087    83.50132     2.84593    82.27867
    59  C   4.0  -0.089   4.073    83.98887     4.88872    80.43807
    60  C   4.0  -0.238   4.038    85.40050     4.01378    77.96253
    61  C   4.0  -0.165   4.093    85.30412     7.26411    81.50577
    62  C   4.0  -0.164   4.075    83.82824     9.73020    81.46420
    63  C   4.0  -0.167   4.111    85.55356    11.89016    80.81224
    64  C   4.0  -0.089   4.047    84.03233    14.30334    80.75744
    65  C   4.0  -0.239   4.055    83.25377    14.92695    78.03812
    66  C   4.0  -0.238   4.040    85.74443    16.57290    81.74577
    67  H   1.0   0.071   1.007    72.16108     3.53379    63.90486
    68  H   1.0   0.072   1.010    72.15919     1.87650    51.69723
    69  H   1.0   0.071   1.006    60.66587     5.24021    51.06984
    70  H   1.0   0.086   1.011    63.86140     6.85215    66.45977
    71  H   1.0   0.086   1.008    69.10539     5.39139    66.83772
    72  H   1.0   0.080   0.999    67.53692     9.85303    66.84528
    73  H   1.0   0.080   0.997    67.90541    10.06657    63.54204
    74  H   1.0   0.079   0.997    70.61906     9.54690    65.59806
    75  H   1.0   0.083   1.008    65.65853     1.60249    66.18954
    76  H   1.0   0.082   1.003    62.54237     2.51523    66.89441
    77  H   1.0   0.083   1.008    66.95677     1.84059    69.94821
    78  H   1.0   0.082   1.003    64.03714     2.07681    70.98945
    79  H   1.0   0.081   1.001    77.93230     2.50200    60.38808
    80  H   1.0   0.081   1.000    76.48666    -0.30992    61.52381
    81  H   1.0   0.080   0.999    75.89895     2.72687    62.87874
    82  H   1.0   0.080   0.999    79.74077     1.38139    56.88453
    83  H   1.0   0.080   1.001    79.93163    -1.07903    54.66788
    84  H   1.0   0.080   0.997    78.72598    -1.76311    57.72546
    85  H   1.0   0.084   1.008    68.58004     1.61194    48.30140
    86  H   1.0   0.085   1.010    64.69099     5.76744    48.17100
    87  H   1.0   0.080   0.997    71.10094     6.41751    49.03839
    88  H   1.0   0.080   0.999    68.52335     6.80679    46.78584
    89  H   1.0   0.081   1.001    70.87795     4.47676    46.59308
    90  H   1.0   0.082   1.004    64.33950     1.14706    45.83152
    91  H   1.0   0.081   1.002    61.92632     3.02923    46.63844
    92  H   1.0   0.079   0.997    62.49324    -2.05980    47.60220
    93  H   1.0   0.080   0.998    60.61863    -0.16063    49.48247
    94  H   1.0   0.080   0.998    63.56471    -0.80691    50.65599
    95  H   1.0   0.081   1.001    56.13620     5.15517    52.78949
    96  H   1.0   0.081   1.000    56.77871     8.46597    53.52460
    97  H   1.0   0.081   1.006    54.89276     6.62538    55.57684
    98  H   1.0   0.085   1.008    58.78559     4.77345    64.41131
    99  H   1.0   0.080   0.995    58.41332    11.86370    69.10161
   100  H   1.0   0.081   0.996    61.73168    11.12860    68.19643
   101  H   1.0   0.081   0.998    60.00069     9.28989    70.36395
   102  H   1.0   0.083   1.003    68.35139     8.65117    73.97521
   103  H   1.0   0.082   1.003    70.87606     8.99132    72.11383
   104  H   1.0   0.071   1.009    73.43475     5.91673    74.37961
   105  H   1.0   0.080   0.999    68.34572     6.90884    79.94108
   106  H   1.0   0.080   0.997    67.68431     3.59237    78.92440
   107  H   1.0   0.081   1.001    67.09283     6.03767    77.04035
   108  H   1.0   0.082   1.004    72.91319     4.89628    80.80090
   109  H   1.0   0.083   1.006    74.91630     5.14383    78.09104
   110  H   1.0   0.082   1.006    74.63095     1.41352    76.90051
   111  H   1.0   0.082   1.002    71.74534     0.33448    78.05891
   112  H   1.0   0.081   1.000    73.10972    -1.31714    81.77978
   113  H   1.0   0.082   1.005    74.51189     1.54580    82.42418
   114  H   1.0   0.084   1.013    77.45420    -0.49322    78.75622
   115  H   1.0   0.080   0.998    78.86771    -4.43708    82.32213
   116  H   1.0   0.080   0.997    77.35971    -4.82447    79.24188
   117  H   1.0   0.080   0.998    75.67408    -4.57314    82.01033
   118  H   1.0   0.082   1.004    79.65384    -0.37417    84.08147
   119  H   1.0   0.082   1.003    78.58992     2.46042    82.69630
   120  H   1.0   0.082   1.003    81.53034     0.64062    79.02267
   121  H   1.0   0.082   1.006    82.88338    -0.99589    81.62104
   122  H   1.0   0.083   1.006    85.34002     2.08815    82.81724
   123  H   1.0   0.083   1.005    82.50355     3.61316    83.90761
   124  H   1.0   0.084   1.014    82.06324     5.32714    79.84848
   125  H   1.0   0.080   0.997    84.25910     2.79301    76.75689
   126  H   1.0   0.081   1.000    87.03511     2.96309    78.64472
   127  H   1.0   0.080   0.998    86.09402     5.60871    76.85893
   128  H   1.0   0.083   1.005    87.09936     7.54190    80.53445
   129  H   1.0   0.083   1.005    85.77088     6.91640    83.48053
   130  H   1.0   0.082   1.004    83.00810    10.02122    83.33125
   131  H   1.0   0.082   1.003    82.15206     9.62815    80.26989
   132  H   1.0   0.083   1.002    86.85180    11.52733    79.25511
   133  H   1.0   0.084   1.008    86.88204    11.92039    82.38449
   134  H   1.0   0.083   1.007    82.39772    14.29578    82.00844
   135  H   1.0   0.081   0.999    81.22798    14.59813    77.87183
   136  H   1.0   0.080   0.998    84.22509    13.77232    76.63406
   137  H   1.0   0.081   1.000    83.51266    16.95084    77.75844
   138  H   1.0   0.080   0.998    85.06223    17.14170    83.60526
   139  H   1.0   0.080   0.997    85.66128    18.24908    80.54957
   140  H   1.0   0.081   0.999    87.61336    15.77165    82.07458
 
  Z AO/shell   Hii/eV     exponent
  1     Sat Feb 20 21:38:01 CET 2016    EN: 2.327 GAM: 0.473  GM3: 0.0000
     1s    -13.751157    1.051071
  6     Sat Feb 20 21:38:01 CET 2016    EN: 2.731 GAM: 0.422  GM3: 0.0000
     2s    -19.378245    2.021003
     2p    -11.993376    1.497917
  7     Sat Feb 20 21:38:01 CET 2016    EN: 3.573 GAM: 0.504  GM3: 0.0000
     2s    -21.576984    2.275442
     2p    -16.125120    2.056788
  8     Sat Feb 20 21:38:01 CET 2016    EN: 3.700 GAM: 0.587  GM3: 0.0000
     2s    -21.648843    2.110798
     2p    -17.239740    2.329048
 12     Sat Feb 20 23:25:47 CET 2016    EN: 0.033 GAM: 0.222  GM3: 0.0000
     3s    -12.693633    1.302878
     3p     -8.128821    0.504252
 
 dipole moment of classical point charges (au)
     X       Y       Z   
   0.3535  -0.5062   0.4836  total (Debye):    1.994

 
 Nbf   :          338
 T(el) :   300.0
 calculating S/T integrals ...
 cpu time for ints   0.162086000000000     
 Nao   :          338
 making H0...
 making H1...
 cpu time for H      1.318700000000000E-002
 solving ...
 cpu time for diag   5.773100000000000E-002
 
 gap (eV)           :   1.297
 Koopmans IP (eV)   :  12.138
 Eel (Eh)           :  -268.610158
 T,E(Fermi),NFOD :    300.000   -11.490  0.000000
 T,E(Fermi),NFOD :    300.000   -11.490  0.000000
 Nfod               :  0.0000
 Nfod/Nel           :  0.0000

          eigenvalues
 #    :         164        165        166        167        168        169        170        171
 occ. :        2.000      2.000      2.000      2.000      2.000      2.000      2.000      2.000
 eps  :       -16.282    -16.190    -16.140    -15.912    -15.652    -15.620    -15.442    -15.169
 #    :         172        173        174        175        176        177        178        179
 occ. :        2.000      2.000      2.000      2.000      2.000      0.000      0.000      0.000
 eps  :       -15.000    -14.839    -14.645    -13.281    -12.140    -10.842     -9.861     -8.605
 #    :         180        181        182        183        184        185        186        187
 occ. :        0.000      0.000      0.000      0.000      0.000      0.000      0.000      0.000
 eps  :        -8.483     -8.296     -8.187     -7.889     -7.632     -7.348     -7.206     -7.111
                            1  SCC done.
 making H1...
 cpu time for H      7.016500000000001E-002
 solving ...
 cpu time for diag   2.920699999999998E-002
 
 gap (eV)           :   1.545
 Koopmans IP (eV)   :  11.976
 Eel (Eh)           :  -265.601149
 T,E(Fermi),NFOD :    300.000   -11.204  0.000000
 T,E(Fermi),NFOD :    300.000   -11.204  0.000000
 Nfod               :  0.0000
 Nfod/Nel           :  0.0000

          eigenvalues
 #    :         164        165        166        167        168        169        170        171
 occ. :        2.000      2.000      2.000      2.000      2.000      2.000      2.000      2.000
 eps  :       -15.186    -15.112    -15.033    -15.018    -14.594    -14.360    -14.325    -14.194
 #    :         172        173        174        175        176        177        178        179
 occ. :        2.000      2.000      2.000      2.000      2.000      0.000      0.000      0.000
 eps  :       -14.014    -13.904    -13.813    -12.599    -11.978    -10.432     -9.180     -8.307
 #    :         180        181        182        183        184        185        186        187
 occ. :        0.000      0.000      0.000      0.000      0.000      0.000      0.000      0.000
 eps  :        -8.229     -8.166     -7.998     -7.876     -7.294     -7.207     -7.089     -6.924
                            2  SCC done.
 
 
 Mulliken/CM5 charges    n(s)   n(p)   n(d)   
    1 MG  0.3008  0.7347   0.675  1.024  0.000
    2 C   0.0058  0.0092   1.178  2.817  0.000
    3 C  -0.0250 -0.0677   1.125  2.900  0.000
    4 C  -0.0151 -0.0555   1.112  2.903  0.000
    5 C  -0.0367 -0.0775   1.123  2.914  0.000
    6 N  -0.1328 -0.3828   1.395  3.738  0.000
    7 C   0.0237  0.0830   1.248  2.728  0.000
    8 C  -0.0262 -0.0795   1.202  2.824  0.000
    9 C  -0.0279 -0.0815   1.211  2.817  0.000
   10 C   0.0348  0.0866   1.223  2.742  0.000
   11 C  -0.0752 -0.2217   1.109  2.966  0.000
   12 C  -0.0376 -0.1453   1.143  2.894  0.000
   13 C  -0.0598 -0.1610   1.131  2.929  0.000
   14 C   0.1982  0.2436   1.204  2.598  0.000
   15 O  -0.2843 -0.3339   1.638  4.647  0.000
   16 O  -0.1414 -0.2199   1.503  4.639  0.000
   17 N  -0.2163 -0.5059   1.366  3.851  0.000
   18 C   0.0401  0.1016   1.180  2.780  0.000
   19 C  -0.0194 -0.0239   1.204  2.816  0.000
   20 C  -0.0633 -0.0567   1.209  2.855  0.000
   21 C   0.0578  0.1242   1.198  2.744  0.000
   22 C  -0.0767 -0.2215   1.075  3.002  0.000
   23 C   0.1343  0.1577   1.207  2.658  0.000
   24 O  -0.2618 -0.3142   1.624  4.638  0.000
   25 C  -0.0938 -0.2365   1.098  2.996  0.000
   26 N  -0.1790 -0.4409   1.405  3.774  0.000
   27 C   0.0359  0.0930   1.232  2.732  0.000
   28 C  -0.0053 -0.0630   1.197  2.808  0.000
   29 C  -0.0061 -0.0608   1.192  2.814  0.000
   30 C   0.0277  0.0870   1.230  2.742  0.000
   31 C  -0.0874 -0.2354   1.096  2.991  0.000
   32 C  -0.0611 -0.1704   1.147  2.914  0.000
   33 C  -0.1031 -0.2540   1.102  3.001  0.000
   34 N  -0.2200 -0.4888   1.394  3.826  0.000
   35 C   0.0205  0.0791   1.191  2.788  0.000
   36 C  -0.0091 -0.0163   1.209  2.800  0.000
   37 C  -0.0561 -0.0497   1.184  2.872  0.000
   38 C   0.0240  0.0988   1.195  2.781  0.000
   39 C  -0.0570 -0.2007   1.073  2.984  0.000
   40 C   0.1617  0.1958   1.189  2.650  0.000
   41 O  -0.2216 -0.2660   1.627  4.594  0.000
   42 C  -0.0346 -0.0769   1.194  2.840  0.000
   43 C   0.2104  0.2625   1.188  2.602  0.000
   44 O  -0.2870 -0.3300   1.632  4.655  0.000
   45 O  -0.1527 -0.2374   1.489  4.664  0.000
   46 C   0.0161 -0.1080   1.101  2.883  0.000
   47 C   0.0574 -0.0233   1.115  2.828  0.000
   48 C  -0.0682 -0.1255   1.148  2.920  0.000
   49 C  -0.0089 -0.0336   1.221  2.788  0.000
   50 C  -0.1051 -0.2504   1.083  3.022  0.000
   51 C  -0.0500 -0.1573   1.139  2.911  0.000
   52 C  -0.0639 -0.1753   1.158  2.906  0.000
   53 C  -0.0807 -0.1914   1.174  2.907  0.000
   54 C  -0.0331 -0.1052   1.209  2.824  0.000
   55 C  -0.1028 -0.2521   1.103  3.000  0.000
   56 C  -0.0789 -0.1903   1.165  2.914  0.000
   57 C  -0.0632 -0.1763   1.152  2.911  0.000
   58 C  -0.0350 -0.1470   1.140  2.895  0.000
   59 C  -0.0298 -0.1042   1.194  2.836  0.000
   60 C  -0.1094 -0.2598   1.109  3.000  0.000
   61 C  -0.0676 -0.1784   1.150  2.918  0.000
   62 C  -0.0581 -0.1717   1.142  2.916  0.000
   63 C  -0.0604 -0.1723   1.144  2.917  0.000
   64 C  -0.0135 -0.0889   1.194  2.820  0.000
   65 C  -0.1048 -0.2546   1.104  3.001  0.000
   66 C  -0.1187 -0.2693   1.117  3.002  0.000
   67 H   0.0626  0.1215   0.937  0.000  0.000
   68 H   0.0529  0.1191   0.947  0.000  0.000
   69 H   0.0496  0.1090   0.950  0.000  0.000
   70 H   0.0469  0.1149   0.953  0.000  0.000
   71 H   0.0336  0.0993   0.966  0.000  0.000
   72 H   0.0370  0.0909   0.963  0.000  0.000
   73 H   0.0449  0.0982   0.955  0.000  0.000
   74 H   0.0424  0.0936   0.958  0.000  0.000
   75 H   0.0346  0.0941   0.965  0.000  0.000
   76 H   0.0476  0.1041   0.952  0.000  0.000
   77 H   0.0309  0.0942   0.969  0.000  0.000
   78 H   0.0488  0.1062   0.951  0.000  0.000
   79 H   0.0425  0.0963   0.957  0.000  0.000
   80 H   0.0495  0.1026   0.950  0.000  0.000
   81 H   0.0485  0.1016   0.952  0.000  0.000
   82 H   0.0497  0.1033   0.950  0.000  0.000
   83 H   0.0404  0.0971   0.960  0.000  0.000
   84 H   0.0477  0.1002   0.952  0.000  0.000
   85 H   0.0560  0.1171   0.944  0.000  0.000
   86 H   0.0563  0.1183   0.944  0.000  0.000
   87 H   0.0493  0.1016   0.951  0.000  0.000
   88 H   0.0372  0.0899   0.963  0.000  0.000
   89 H   0.0328  0.0855   0.967  0.000  0.000
   90 H   0.0380  0.0937   0.962  0.000  0.000
   91 H   0.0386  0.0936   0.961  0.000  0.000
   92 H   0.0409  0.0917   0.959  0.000  0.000
   93 H   0.0202  0.0719   0.980  0.000  0.000
   94 H   0.0403  0.0939   0.960  0.000  0.000
   95 H   0.0518  0.1050   0.948  0.000  0.000
   96 H   0.0577  0.1106   0.942  0.000  0.000
   97 H   0.0500  0.1057   0.950  0.000  0.000
   98 H   0.0540  0.1214   0.946  0.000  0.000
   99 H   0.0574  0.1149   0.943  0.000  0.000
  100 H   0.0650  0.1265   0.935  0.000  0.000
  101 H   0.0424  0.1064   0.958  0.000  0.000
  102 H   0.0602  0.1288   0.940  0.000  0.000
  103 H   0.0615  0.1225   0.938  0.000  0.000
  104 H   0.0323  0.0916   0.968  0.000  0.000
  105 H   0.0427  0.0948   0.957  0.000  0.000
  106 H   0.0491  0.1009   0.951  0.000  0.000
  107 H   0.0331  0.0888   0.967  0.000  0.000
  108 H   0.0378  0.0946   0.962  0.000  0.000
  109 H   0.0420  0.0994   0.958  0.000  0.000
  110 H   0.0356  0.0924   0.964  0.000  0.000
  111 H   0.0348  0.0902   0.965  0.000  0.000
  112 H   0.0436  0.0980   0.956  0.000  0.000
  113 H   0.0234  0.0814   0.977  0.000  0.000
  114 H   0.0314  0.0937   0.969  0.000  0.000
  115 H   0.0353  0.0875   0.965  0.000  0.000
  116 H   0.0381  0.0893   0.962  0.000  0.000
  117 H   0.0281  0.0803   0.972  0.000  0.000
  118 H   0.0240  0.0806   0.976  0.000  0.000
  119 H   0.0320  0.0887   0.968  0.000  0.000
  120 H   0.0440  0.1009   0.956  0.000  0.000
  121 H   0.0304  0.0869   0.970  0.000  0.000
  122 H   0.0303  0.0874   0.970  0.000  0.000
  123 H   0.0472  0.1047   0.953  0.000  0.000
  124 H   0.0191  0.0815   0.981  0.000  0.000
  125 H   0.0372  0.0890   0.963  0.000  0.000
  126 H   0.0218  0.0751   0.978  0.000  0.000
  127 H   0.0364  0.0883   0.964  0.000  0.000
  128 H   0.0350  0.0932   0.965  0.000  0.000
  129 H   0.0284  0.0856   0.972  0.000  0.000
  130 H   0.0294  0.0858   0.971  0.000  0.000
  131 H   0.0234  0.0798   0.977  0.000  0.000
  132 H   0.0406  0.0966   0.959  0.000  0.000
  133 H   0.0282  0.0865   0.972  0.000  0.000
  134 H   0.0436  0.1027   0.956  0.000  0.000
  135 H   0.0278  0.0799   0.972  0.000  0.000
  136 H   0.0348  0.0874   0.965  0.000  0.000
  137 H   0.0379  0.0913   0.962  0.000  0.000
  138 H   0.0258  0.0771   0.974  0.000  0.000
  139 H   0.0404  0.0922   0.960  0.000  0.000
  140 H   0.0315  0.0847   0.969  0.000  0.000
 Hirshfeld charges for QMDFF written to <charges>
 
 Loewdin charges    n(s)   n(p)   n(d)
    1 MG  0.1394   0.686  1.175  0.000
    2 C   0.0068   1.137  2.856  0.000
    3 C  -0.0208   1.070  2.950  0.000
    4 C  -0.0123   1.058  2.955  0.000
    5 C  -0.0340   1.070  2.964  0.000
    6 N  -0.1004   1.354  3.746  0.000
    7 C   0.0274   1.212  2.760  0.000
    8 C  -0.0200   1.155  2.865  0.000
    9 C  -0.0206   1.165  2.856  0.000
   10 C   0.0390   1.186  2.775  0.000
   11 C  -0.0749   1.037  3.038  0.000
   12 C  -0.0308   1.082  2.949  0.000
   13 C  -0.0619   1.072  2.990  0.000
   14 C   0.1796   1.178  2.642  0.000
   15 O  -0.2734   1.612  4.662  0.000
   16 O  -0.1078   1.469  4.639  0.000
   17 N  -0.1811   1.321  3.860  0.000
   18 C   0.0392   1.140  2.821  0.000
   19 C  -0.0095   1.161  2.848  0.000
   20 C  -0.0723   1.174  2.898  0.000
   21 C   0.0624   1.159  2.779  0.000
   22 C  -0.0791   1.001  3.078  0.000
   23 C   0.1322   1.171  2.696  0.000
   24 O  -0.2465   1.593  4.653  0.000
   25 C  -0.0988   1.026  3.073  0.000
   26 N  -0.1437   1.361  3.782  0.000
   27 C   0.0403   1.194  2.766  0.000
   28 C   0.0043   1.148  2.847  0.000
   29 C   0.0015   1.143  2.855  0.000
   30 C   0.0324   1.193  2.774  0.000
   31 C  -0.0904   1.024  3.066  0.000
   32 C  -0.0563   1.089  2.967  0.000
   33 C  -0.1047   1.030  3.074  0.000
   34 N  -0.1895   1.352  3.838  0.000
   35 C   0.0219   1.152  2.826  0.000
   36 C   0.0026   1.166  2.831  0.000
   37 C  -0.0650   1.148  2.917  0.000
   38 C   0.0284   1.156  2.816  0.000
   39 C  -0.0568   0.996  3.061  0.000
   40 C   0.1541   1.155  2.691  0.000
   41 O  -0.2048   1.595  4.610  0.000
   42 C  -0.0356   1.147  2.889  0.000
   43 C   0.1897   1.161  2.649  0.000
   44 O  -0.2756   1.605  4.670  0.000
   45 O  -0.1183   1.455  4.664  0.000
   46 C   0.0099   1.031  2.959  0.000
   47 C   0.0564   1.056  2.888  0.000
   48 C  -0.0676   1.098  2.969  0.000
   49 C   0.0032   1.179  2.818  0.000
   50 C  -0.1093   1.010  3.099  0.000
   51 C  -0.0469   1.079  2.968  0.000
   52 C  -0.0595   1.100  2.959  0.000
   53 C  -0.0791   1.118  2.961  0.000
   54 C  -0.0242   1.162  2.862  0.000
   55 C  -0.1066   1.032  3.075  0.000
   56 C  -0.0770   1.109  2.968  0.000
   57 C  -0.0591   1.094  2.965  0.000
   58 C  -0.0299   1.080  2.950  0.000
   59 C  -0.0206   1.146  2.875  0.000
   60 C  -0.1136   1.039  3.075  0.000
   61 C  -0.0654   1.092  2.973  0.000
   62 C  -0.0539   1.082  2.971  0.000
   63 C  -0.0582   1.085  2.973  0.000
   64 C  -0.0007   1.145  2.856  0.000
   65 C  -0.1096   1.033  3.076  0.000
   66 C  -0.1242   1.048  3.076  0.000
   67 H   0.0577   0.942  0.000  0.000
   68 H   0.0465   0.953  0.000  0.000
   69 H   0.0441   0.956  0.000  0.000
   70 H   0.0400   0.960  0.000  0.000
   71 H   0.0285   0.971  0.000  0.000
   72 H   0.0367   0.963  0.000  0.000
   73 H   0.0439   0.956  0.000  0.000
   74 H   0.0417   0.958  0.000  0.000
   75 H   0.0319   0.968  0.000  0.000
   76 H   0.0435   0.956  0.000  0.000
   77 H   0.0286   0.971  0.000  0.000
   78 H   0.0455   0.955  0.000  0.000
   79 H   0.0424   0.958  0.000  0.000
   80 H   0.0483   0.952  0.000  0.000
   81 H   0.0482   0.952  0.000  0.000
   82 H   0.0496   0.950  0.000  0.000
   83 H   0.0388   0.961  0.000  0.000
   84 H   0.0471   0.953  0.000  0.000
   85 H   0.0490   0.951  0.000  0.000
   86 H   0.0499   0.950  0.000  0.000
   87 H   0.0485   0.952  0.000  0.000
   88 H   0.0375   0.963  0.000  0.000
   89 H   0.0331   0.967  0.000  0.000
   90 H   0.0357   0.964  0.000  0.000
   91 H   0.0361   0.964  0.000  0.000
   92 H   0.0405   0.960  0.000  0.000
   93 H   0.0216   0.978  0.000  0.000
   94 H   0.0411   0.959  0.000  0.000
   95 H   0.0501   0.950  0.000  0.000
   96 H   0.0553   0.945  0.000  0.000
   97 H   0.0474   0.953  0.000  0.000
   98 H   0.0459   0.954  0.000  0.000
   99 H   0.0532   0.947  0.000  0.000
  100 H   0.0598   0.940  0.000  0.000
  101 H   0.0393   0.961  0.000  0.000
  102 H   0.0529   0.947  0.000  0.000
  103 H   0.0546   0.945  0.000  0.000
  104 H   0.0264   0.974  0.000  0.000
  105 H   0.0419   0.958  0.000  0.000
  106 H   0.0483   0.952  0.000  0.000
  107 H   0.0338   0.966  0.000  0.000
  108 H   0.0348   0.965  0.000  0.000
  109 H   0.0389   0.961  0.000  0.000
  110 H   0.0340   0.966  0.000  0.000
  111 H   0.0320   0.968  0.000  0.000
  112 H   0.0410   0.959  0.000  0.000
  113 H   0.0232   0.977  0.000  0.000
  114 H   0.0278   0.972  0.000  0.000
  115 H   0.0356   0.964  0.000  0.000
  116 H   0.0375   0.962  0.000  0.000
  117 H   0.0296   0.970  0.000  0.000
  118 H   0.0222   0.978  0.000  0.000
  119 H   0.0304   0.970  0.000  0.000
  120 H   0.0417   0.958  0.000  0.000
  121 H   0.0280   0.972  0.000  0.000
  122 H   0.0273   0.973  0.000  0.000
  123 H   0.0440   0.956  0.000  0.000
  124 H   0.0151   0.985  0.000  0.000
  125 H   0.0375   0.963  0.000  0.000
  126 H   0.0228   0.977  0.000  0.000
  127 H   0.0366   0.963  0.000  0.000
  128 H   0.0335   0.966  0.000  0.000
  129 H   0.0266   0.973  0.000  0.000
  130 H   0.0272   0.973  0.000  0.000
  131 H   0.0215   0.979  0.000  0.000
  132 H   0.0384   0.962  0.000  0.000
  133 H   0.0267   0.973  0.000  0.000
  134 H   0.0381   0.962  0.000  0.000
  135 H   0.0283   0.972  0.000  0.000
  136 H   0.0349   0.965  0.000  0.000
  137 H   0.0388   0.961  0.000  0.000
  138 H   0.0267   0.973  0.000  0.000
  139 H   0.0412   0.959  0.000  0.000
  140 H   0.0326   0.967  0.000  0.000
 
 Wiberg/Mayer (AO) data. WBOs > 0.1 written file <wbo>
 largest (>0.05) Wiberg bond orders for each atom
           total WBO             WBO to atom ...
     1  MG  2.532    N   17 0.521    N   34 0.459    N    6 0.436    N   26 0.386    C   21 0.060    C   10 0.051
     2  C   3.893    C    7 1.323    C   38 1.281    C   42 0.943
     3  C   3.925    C   10 1.468    C   18 1.257    H   67 0.927
     4  C   3.931    C   27 1.471    C   21 1.253    H   68 0.927
     5  C   3.920    C   30 1.372    C   35 1.348    H   69 0.935
     6  N   3.371    C    7 1.289    C   10 1.161    MG   1 0.436    C   38 0.051
     7  C   3.859    C    2 1.323    N    6 1.289    C    8 0.947    N   34 0.051
     8  C   3.932    C   12 0.947    C    7 0.947    H   70 0.941    C    9 0.934
     9  C   3.928    C   10 0.955    H   71 0.950    C   11 0.948    C    8 0.934
    10  C   3.848    C    3 1.468    N    6 1.161    C    9 0.955    MG   1 0.051    C   19 0.051
    11  C   3.966    H   72 0.982    H   74 0.980    H   73 0.980    C    9 0.948
    12  C   3.955    C   13 0.979    H   75 0.966    H   76 0.959    C    8 0.947
    13  C   3.960    C   12 0.979    H   77 0.971    H   78 0.948    C   14 0.926    O   15 0.075
    14  C   3.885    O   15 1.794    O   16 1.117    C   13 0.926
    15  O   2.104    C   14 1.794    O   16 0.171    C   13 0.075
    16  O   2.325    C   14 1.117    C   47 0.910    O   15 0.171
    17  N   3.345    C   21 1.239    C   18 1.126    MG   1 0.521    C   20 0.068    C   27 0.053
    18  C   3.867    C    3 1.257    C   19 1.229    N   17 1.126
    19  C   3.879    C   20 1.377    C   18 1.229    C   22 1.004    O   24 0.066    C   10 0.051
    20  C   3.875    C   19 1.377    C   21 1.086    C   23 1.056    O   24 0.073    N   17 0.068
    21  C   3.876    C    4 1.253    N   17 1.239    C   20 1.086    MG   1 0.060    N   26 0.052
    22  C   3.981    C   19 1.004    H   81 0.972    H   79 0.964    H   80 0.962
    23  C   3.887    O   24 1.794    C   20 1.056    C   25 0.943
    24  O   2.125    C   23 1.794    C   25 0.077    C   20 0.073    C   19 0.066
    25  C   3.980    H   83 0.975    H   84 0.968    H   82 0.960    C   23 0.943    O   24 0.077
    26  N   3.341    C   30 1.274    C   27 1.213    MG   1 0.386    C   21 0.052
    27  C   3.860    C    4 1.471    N   26 1.213    C   28 0.906    N   17 0.053
    28  C   3.934    C   31 0.985    C   29 0.948    H   85 0.945    C   27 0.906
    29  C   3.937    C   32 0.966    C   28 0.948    C   30 0.934    H   86 0.933
    30  C   3.844    C    5 1.372    N   26 1.274    C   29 0.934
    31  C   3.967    C   28 0.985    H   89 0.978    H   88 0.974    H   87 0.971
    32  C   3.950    C   33 0.988    H   90 0.967    C   29 0.966    H   91 0.965
    33  C   3.973    H   93 0.989    C   32 0.988    H   92 0.984    H   94 0.977
    34  N   3.289    C   38 1.259    C   35 1.113    MG   1 0.459    C   37 0.061    C    7 0.051
    35  C   3.875    C    5 1.348    C   36 1.164    N   34 1.113
    36  C   3.868    C   37 1.385    C   35 1.164    C   39 1.018    O   41 0.062
    37  C   3.897    C   36 1.385    C   38 1.087    C   40 1.086    O   41 0.070    N   34 0.061
    38  C   3.903    C    2 1.281    N   34 1.259    C   37 1.087    N    6 0.051
    39  C   3.983    C   36 1.018    H   97 0.972    H   95 0.965    H   96 0.955
    40  C   3.890    O   41 1.833    C   37 1.086    C   42 0.829
    41  O   2.181    C   40 1.833    C   42 0.090    C   37 0.070    C   36 0.062
    42  C   3.940    C   43 0.943    C    2 0.943    H   98 0.934    C   40 0.829    O   41 0.090    O   44 0.064
    43  C   3.893    O   44 1.783    O   45 1.095    C   42 0.943
    44  O   2.096    C   43 1.783    O   45 0.165    C   42 0.064
    45  O   2.296    C   43 1.095    C   46 0.961    O   44 0.165
    46  C   3.934    H  101 0.992    H   99 0.984    H  100 0.978    O   45 0.961
    47  C   3.931    C   48 1.033    H  103 0.963    H  102 0.955    O   16 0.910
    48  C   3.961    C   49 1.866    C   47 1.033    H  104 0.932
    49  C   3.932    C   48 1.866    C   50 0.976    C   51 0.976
    50  C   3.983    C   49 0.976    H  107 0.976    H  105 0.972    H  106 0.971
    51  C   3.971    C   49 0.976    C   52 0.968    H  109 0.964    H  108 0.959
    52  C   3.958    C   53 0.970    C   51 0.968    H  111 0.966    H  110 0.966
    53  C   3.946    C   52 0.970    H  113 0.965    C   54 0.959    H  112 0.959
    54  C   3.931    C   55 0.982    C   56 0.969    C   53 0.959    H  114 0.951
    55  C   3.976    C   54 0.982    H  116 0.980    H  117 0.978    H  115 0.978
    56  C   3.958    C   57 0.974    H  118 0.972    C   54 0.969    H  119 0.962
    57  C   3.963    C   58 0.982    H  121 0.974    C   56 0.974    H  120 0.961
    58  C   3.969    C   59 0.996    C   57 0.982    H  122 0.962    H  123 0.954
    59  C   3.942    C   58 0.996    C   60 0.973    C   61 0.961    H  124 0.953
    60  C   3.980    H  126 0.985    H  127 0.981    H  125 0.978    C   59 0.973
    61  C   3.963    C   62 0.984    H  129 0.967    C   59 0.961    H  128 0.961
    62  C   3.966    C   63 0.988    C   61 0.984    H  130 0.970    H  131 0.964
    63  C   3.962    C   62 0.988    C   64 0.982    H  133 0.961    H  132 0.956
    64  C   3.946    C   65 0.994    C   63 0.982    C   66 0.972    H  134 0.955
    65  C   3.982    C   64 0.994    H  135 0.981    H  136 0.979    H  137 0.973
    66  C   3.975    H  138 0.985    H  140 0.980    H  139 0.974    C   64 0.972
    67  H   0.993    C    3 0.927
    68  H   0.994    C    4 0.927
    69  H   0.994    C    5 0.935
    70  H   0.996    C    8 0.941
    71  H   0.997    C    9 0.950
    72  H   0.997    C   11 0.982
    73  H   0.997    C   11 0.980
    74  H   0.996    C   11 0.980
    75  H   0.998    C   12 0.966
    76  H   0.996    C   12 0.959
    77  H   0.999    C   13 0.971
    78  H   0.995    C   13 0.948
    79  H   0.994    C   22 0.964
    80  H   0.994    C   22 0.962
    81  H   0.995    C   22 0.972
    82  H   0.997    C   25 0.960
    83  H   0.996    C   25 0.975
    84  H   0.997    C   25 0.968
    85  H   0.995    C   28 0.945
    86  H   0.993    C   29 0.933
    87  H   0.997    C   31 0.971
    88  H   0.996    C   31 0.974
    89  H   0.998    C   31 0.978
    90  H   0.996    C   32 0.967
    91  H   0.997    C   32 0.965
    92  H   0.998    C   33 0.984
    93  H   0.999    C   33 0.989
    94  H   0.998    C   33 0.977
    95  H   0.993    C   39 0.965
    96  H   0.989    C   39 0.955
    97  H   0.996    C   39 0.972
    98  H   0.993    C   42 0.934
    99  H   0.997    C   46 0.984
   100  H   0.996    C   46 0.978
   101  H   0.998    C   46 0.992
   102  H   0.996    C   47 0.955
   103  H   0.996    C   47 0.963
   104  H   0.999    C   48 0.932
   105  H   0.998    C   50 0.972
   106  H   0.998    C   50 0.971
   107  H   0.998    C   50 0.976
   108  H   0.998    C   51 0.959
   109  H   0.998    C   51 0.964
   110  H   0.999    C   52 0.966
   111  H   0.998    C   52 0.966
   112  H   0.996    C   53 0.959
   113  H   0.999    C   53 0.965
   114  H   0.999    C   54 0.951
   115  H   0.998    C   55 0.978
   116  H   0.998    C   55 0.980
   117  H   0.999    C   55 0.978
   118  H   0.999    C   56 0.972
   119  H   0.999    C   56 0.962
   120  H   0.998    C   57 0.961
   121  H   0.998    C   57 0.974
   122  H   0.998    C   58 0.962
   123  H   0.998    C   58 0.954
   124  H   1.000    C   59 0.953
   125  H   0.998    C   60 0.978
   126  H   1.000    C   60 0.985
   127  H   0.999    C   60 0.981
   128  H   0.999    C   61 0.961
   129  H   0.999    C   61 0.967
   130  H   0.999    C   62 0.970
   131  H   0.999    C   62 0.964
   132  H   0.998    C   63 0.956
   133  H   0.999    C   63 0.961
   134  H   0.998    C   64 0.955
   135  H   0.999    C   65 0.981
   136  H   0.999    C   65 0.979
   137  H   0.998    C   65 0.973
   138  H   0.999    C   66 0.985
   139  H   0.997    C   66 0.974
   140  H   0.999    C   66 0.980
 
 --------------------------------------------
          xTB calculation for sTDA...
 --------------------------------------------
 
 reading parameter file ~/.param_stda2.xtb
 
      method parameters     
 k(s)        :  1.6000
 k(p)        :  2.1800
 k(d)        :  1.9500
 k(f)        :  2.0000
 k(R-V)      :  2.2750
 k(R-R)      :  1.7650
 Tscal       :  0.2580
 Gscal       :  1.0000
 fpol        :  1.0000
 Zcnf        :  0.3430
 Zqf         :  0.0000
 kcn         :  2.7000
 Ryd Hsplit  :  0.7000
 lshift(virt):  3.1000
 lshift(OS)  :  0.2000
 wllscaling  :  2.6000
 
 mowrcut     : 3.000
 
  Z AO/shell   Hii/eV     exponent
  1     Sun Feb 14 09:53:25 CET 2016    EN: 2.327 GAM: 0.473  GM3: 0.0000
     1s    -14.339618    1.220000
     2sp    -3.348946    0.600000
  6     Sun Feb 14 09:53:25 CET 2016    EN: 2.731 GAM: 0.422  GM3: 0.0000
     2s    -22.009312    1.565095
     2p    -13.020408    1.596905
     3sp    -3.914040    0.824500
  7     Sun Feb 14 09:53:25 CET 2016    EN: 3.573 GAM: 0.504  GM3: 0.0000
     2s    -25.722000    2.064844
     2p    -18.684912    1.801692
     3sp    -4.344791    0.921400
  8     Sun Feb 14 09:53:25 CET 2016    EN: 3.700 GAM: 0.587  GM3: 0.0000
     2s    -33.859000    2.418661
     2p    -22.175911    1.973969
     3sp    -4.259392    1.013700
 12     Sun Feb 21 16:58:31 CET 2016    EN: 0.033 GAM: 0.222  GM3: 0.0000
     3s    -11.092543    1.647583
     3p     -6.929529    0.855020
 
 Nbf   :          894
 T(el) :     0.0
 calculating S/T integrals ...
 cpu time for ints    1.43513400000000     
 Nao   :          894
 making H0...
 making H1...
 cpu time for H      2.851400000000015E-002
 solving ...
 cpu time for diag   0.298000000000000     
 
 gap (eV)           :   4.660
 Koopmans IP (eV)   :  13.314
 Eel (Eh)           :  -301.294943

          eigenvalues
 #    :         164        165        166        167        168        169        170        171
 occ. :        2.000      2.000      2.000      2.000      2.000      2.000      2.000      2.000
 eps  :       -17.350    -17.289    -17.002    -16.308    -16.207    -16.167    -15.944    -15.923
 #    :         172        173        174        175        176        177        178        179
 occ. :        2.000      2.000      2.000      2.000      2.000      0.000      0.000      0.000
 eps  :       -15.524    -15.385    -15.150    -13.932    -13.315     -8.655     -6.919     -6.783
 #    :         180        181        182        183        184        185        186        187
 occ. :        0.000      0.000      0.000      0.000      0.000      0.000      0.000      0.000
 eps  :        -6.320     -6.119     -6.090     -5.869     -5.357     -5.287     -5.114     -5.013
                            1  SCC done.
 writing mo output ...
 molden style : F
 
speedup  0.98
cpu  time for all    2.30 s
wall time for all    2.34 s
