cpu-bind=MASK - bp1-compute128, task 4294967295 4294967295 [0]: mask 0xffffffffffff set
Host:    bp1-compute128.data.bp.acrc.priv
Time:    Wed May  4 17:21:54 BST 2022
Dir:     /user/home/of15641/chlorophyll_parameterization/tddft_data/step_301_chromophore_25
Job ID:  1692271
Nodelist:
cat: bp1-compute128: No such file or directory
  
Result dir: /user/home/of15641/chlorophyll_parameterization/tddft_data/step_301_chromophore_25
running gaussian jobs
Running time g16 < CAMB3LYP_step_301_chromophore_25.com > CAMB3LYP_step_301_chromophore_25.log

real	26m58.676s
user	633m5.490s
sys	0m28.799s
Running time g16 < PBE0_step_301_chromophore_25.com > PBE0_step_301_chromophore_25.log

real	16m29.164s
user	392m27.992s
sys	0m22.390s
Running time g16 < wB97XD_step_301_chromophore_25.com > wB97XD_step_301_chromophore_25.log

real	32m6.633s
user	754m29.075s
sys	0m32.804s
Running time g16 < BLYP_step_301_chromophore_25.com > BLYP_step_301_chromophore_25.log

real	13m36.449s
user	324m1.916s
sys	0m25.165s
Running time g16 < ZINDO_step_301_chromophore_25.com > ZINDO_step_301_chromophore_25.log

real	0m7.590s
user	2m47.870s
sys	0m2.743s
