cpu-bind=MASK - bp1-compute082, task 4294967295 4294967295 [0]: mask 0xffffffffffff set
Host:    bp1-compute082.data.bp.acrc.priv
Time:    Fri Apr 29 23:13:55 BST 2022
Dir:     /user/home/of15641/chlorophyll_parameterization/tddft_data/step_51_chromophore_13
Job ID:  1658814
Nodelist:
cat: bp1-compute082: No such file or directory
  
Result dir: /user/home/of15641/chlorophyll_parameterization/tddft_data/step_51_chromophore_13
running gaussian jobs
Running time g16 < CAMB3LYP_step_51_chromophore_13.com > CAMB3LYP_step_51_chromophore_13.log

real	36m36.325s
user	862m52.409s
sys	0m39.278s
Running time g16 < PBE0_step_51_chromophore_13.com > PBE0_step_51_chromophore_13.log

real	23m50.381s
user	569m47.916s
sys	0m26.939s
Running time g16 < wB97XD_step_51_chromophore_13.com > wB97XD_step_51_chromophore_13.log

real	33m11.881s
user	782m36.626s
sys	0m35.437s
Running time g16 < BLYP_step_51_chromophore_13.com > BLYP_step_51_chromophore_13.log

real	12m49.475s
user	306m2.173s
sys	0m23.673s
Running time g16 < ZINDO_step_51_chromophore_13.com > ZINDO_step_51_chromophore_13.log

real	0m7.524s
user	2m45.840s
sys	0m2.839s
