 
        ______________________________________
       |                                      |
       |          ===================         |
       |             xTB for sTDA             |
       |          ===================         |
       |               S. Grimme              |
       |        Universitaet Bonn, MCTC       |
       |         2015-19, Version 1.0         |
       |     Wed Apr  3 09:14:55 CEST 2019    |
       |______________________________________|
 
        This code comes without any warranty
        for non-commercial, academia use only.
        Preliminary test version.
        Cite this work as:
        S. Grimme  &  C. Bannwarth, JCP 145 (2016) 054103
        if GBSA is used additionally:
        P. Shushkov, F. März, C. Bannwarth, S. Grimme, unpublished.
 
        with help from
        P. Shushkov, G. Brandenburg, S. Dohm, J. Pisarek,
        F. März, M. Checinski, S. Ehrlich, S. Spicher, 
        P. Pracht, E. Caldeweyher, S. Ehlert, and C. Bannwarth.
 
        usage        :
        xtb4stda <coord_file> [options]
        where <coord_file> is a valid file of TM)
        (*coord, Bohr) or xmol (*xyz, Angstroem)
        format.

        options:
        -chrg <int>   : molecular charge
        -uhf  <int>   : # of unpaired electrons(=2*S)
        -nox          : skip second, extended part in sTDA-xTB
        -pop          : do population analysis
                      : (default for -nox)
        -mowr <real>  : cut MO write above (def.3 Eh)
        -molden       : write formatted molden file
        -parx <file>  : read parameters for sTDA-xTB
                        calc (def:~/.param_stda2.xtb)
        -parv <file>  : read parameters for vTB part in
                        sTDA-xTB (def: ~/.param_stda1.xtb)
        -xtemp <real> : el. temp for xTB (def. 0 K)
        -etemp <real> : el. temp for GFN (def. 300 K)
        -fod          : calculate the FOD and write
                        molden.input file with
                        appropriate occupations
                        for plotting. Def. T=12500 K
 
        -acc <real>   : xTB accuracy (def. 1.0)
        -gbsa [string1] [string2]
                        use GBSA implicit solvent
                        for solvent [string1] and
                        solvation state [string2]=
                        reference, bar1M (default=1M)
        additional GFN/opt/MD/siman options read from
        $XTB4STDAHOME/.xtb4stdarc or $set in input
 
       spin and charge state information can be on:
       <.CHRG> (charge) and <.UHF> (=nalpha-nbeta)
       -uhf and -chrg override the file info.
       useful machine settings:
       setenv MKL_NUM_THREADS <NCORE_ON_YOUR_MACHINE>
       setenv OMP_STACKSIZE 500m
       limit stacksize unlimited
 
       total energies in Eh, gaps/HL energies in eV
       please read REVISION and HOWTO files carefully
 =============================
  # OMP threads =           4
 =============================
 
 xtb4stdahome directory:~/
 
 
 name of molecule           :
 comment line               :
 number of atoms            :   140
 number of electrons        :   352
 charge                     :  0
 spin                       : 0.0
 first test random number   :  0.9857
 
 -----------------------------------------
      charge density (VTB) calculation
 -----------------------------------------
 
      method parameters     
 k(s)        :  1.8000
 k(p)        :  2.8350
 k(d)        :  2.0860
 k(f)        :  2.0000
 Tscal       :  0.3300
 Gscal       :  0.3910
 fpol        :  1.0000
 Zcnf        :  0.6500
 Zqf         :  0.0000
 kcn         :  0.3000
 kEN1        : -0.5900
 wllscal     :  2.6000
 
     -------------------------
     ! NO SOLVENT MODEL USED !
     -------------------------
 
 doing EN charges ...
 sum q : -0.1554312D-14
 point charge moment (au)
     X       Y       Z   
   0.3519   0.4237   0.8838  total (Debye):    2.647
 
            Z      q(EN)   CN      Cart. coordinates
     1  MG  2.0   0.932   4.741    66.19521    93.43183    48.13510
     2  C   4.0   0.017   3.281    66.00813    89.92639    54.04238
     3  C   4.0  -0.060   3.166    63.53070    98.13914    51.31362
     4  C   4.0  -0.056   3.171    65.45255    96.17382    42.46592
     5  C   4.0  -0.053   3.163    67.19299    87.57179    45.11721
     6  N   5.0  -0.349   3.063    64.86862    93.91938    52.38320
     7  C   4.0   0.128   3.336    65.10673    92.43028    54.36931
     8  C   4.0  -0.094   4.166    64.03714    93.70017    56.77493
     9  C   4.0  -0.099   4.175    63.25858    96.42138    55.72235
    10  C   4.0   0.101   3.374    63.88408    96.20028    52.98225
    11  C   4.0  -0.238   4.060    60.56005    97.06199    56.17777
    12  C   4.0  -0.162   4.079    66.00246    94.08946    58.85929
    13  C   4.0  -0.168   4.054    65.51869    92.91971    61.42365
    14  C   4.0   0.187   3.097    62.86929    93.11625    62.61796
    15  O   6.0  -0.114   1.045    61.72979    91.36447    63.48156
    16  O   6.0  -0.110   2.034    62.07561    95.59746    62.62930
    17  N   5.0  -0.490   3.268    65.08027    96.85979    46.95969
    18  C   4.0   0.068   3.506    64.16187    98.63236    48.63777
    19  C   4.0   0.013   3.288    64.01069   101.00018    47.23748
    20  C   4.0   0.004   3.311    64.43777   100.42949    44.73926
    21  C   4.0   0.089   3.485    64.97256    97.77442    44.59564
    22  C   4.0  -0.248   4.034    63.46834   103.44171    48.58107
    23  C   4.0   0.120   3.056    64.54359   102.25874    42.50750
    24  O   6.0  -0.113   1.069    65.13885   101.78064    40.35699
    25  C   4.0  -0.250   4.053    64.05415   105.01018    42.96670
    26  N   5.0  -0.462   3.152    66.44087    92.14115    44.53706
    27  C   4.0   0.086   3.474    65.93065    93.58679    42.47915
    28  C   4.0  -0.094   4.131    65.75112    92.09201    39.96392
    29  C   4.0  -0.096   4.166    67.03236    89.54277    40.81430
    30  C   4.0   0.086   3.442    66.95866    89.74875    43.68668
    31  C   4.0  -0.237   4.025    63.13385    91.95406    38.77718
    32  C   4.0  -0.162   4.031    69.60995    88.74153    39.70881
    33  C   4.0  -0.239   4.003    72.16108    89.40104    41.03729
    34  N   5.0  -0.421   3.225    66.57882    89.51254    49.22169
    35  C   4.0   0.071   3.464    67.14196    87.42250    47.72692
    36  C   4.0   0.015   3.289    67.24212    85.25877    49.35964
    37  C   4.0   0.004   3.402    66.92653    86.14694    51.84463
    38  C   4.0   0.118   3.639    66.65252    88.85491    51.56117
    39  C   4.0  -0.246   4.028    68.03202    82.63961    48.61887
    40  C   4.0   0.101   3.242    66.87362    85.43451    54.48458
    41  O   6.0  -0.091   1.046    67.29125    83.35770    55.46346
    42  C   4.0  -0.114   4.186    66.34261    87.83446    56.04360
    43  C   4.0   0.193   3.204    63.93699    87.14660    57.23224
    44  O   6.0  -0.113   1.058    61.85262    87.38093    56.40265
    45  O   6.0  -0.114   2.036    64.29226    86.37181    59.67377
    46  C   4.0  -0.200   4.015    62.04159    85.74065    61.22901
    47  C   4.0  -0.139   4.058    59.78148    95.93761    64.28281
    48  C   4.0  -0.056   3.095    59.37141    98.81377    64.45477
    49  C   4.0   0.020   3.067    58.93299   100.28209    66.54292
    50  C   4.0  -0.249   4.033    58.33395    99.15770    69.13940
    51  C   4.0  -0.176   4.066    58.58339   103.07321    66.17064
    52  C   4.0  -0.162   4.020    60.88508   104.68704    67.16464
    53  C   4.0  -0.163   4.053    60.90020   107.58210    66.28214
    54  C   4.0  -0.086   4.012    61.91876   109.54363    68.29470
    55  C   4.0  -0.238   4.039    64.89886   109.27529    67.92053
    56  C   4.0  -0.163   4.049    60.96067   112.32531    67.84872
    57  C   4.0  -0.164   4.060    59.20889   113.38545    69.89151
    58  C   4.0  -0.167   4.112    57.51759   115.58509    69.08649
    59  C   4.0  -0.088   4.064    54.80772   115.19202    70.00679
    60  C   4.0  -0.240   4.064    53.96679   112.72971    68.54792
    61  C   4.0  -0.165   4.088    53.16744   117.48237    69.27357
    62  C   4.0  -0.164   4.054    50.81095   117.68646    70.94976
    63  C   4.0  -0.164   4.071    48.65855   119.13966    69.60050
    64  C   4.0  -0.087   4.018    49.05918   122.09897    69.78947
    65  C   4.0  -0.239   4.046    46.59497   123.03817    71.27857
    66  C   4.0  -0.239   4.048    49.36720   123.57107    67.49345
    67  H   1.0   0.071   1.008    62.70300    99.84178    52.13565
    68  H   1.0   0.071   1.005    65.15964    97.09979    40.64423
    69  H   1.0   0.071   1.006    67.28747    85.83324    44.00794
    70  H   1.0   0.086   1.007    62.46678    92.54177    57.43255
    71  H   1.0   0.085   1.010    64.42265    97.92371    56.51603
    72  H   1.0   0.081   0.999    59.23157    96.27587    54.81339
    73  H   1.0   0.081   1.003    60.51469    99.10479    55.92266
    74  H   1.0   0.082   1.001    60.10840    96.44405    58.09018
    75  H   1.0   0.082   1.002    66.86039    95.95650    59.00480
    76  H   1.0   0.083   1.007    67.74101    93.25231    58.13553
    77  H   1.0   0.082   1.004    66.82449    93.77387    62.76725
    78  H   1.0   0.083   1.006    65.90797    90.89960    61.31783
    79  H   1.0   0.081   1.001    64.98390   103.66281    49.95680
    80  H   1.0   0.081   1.001    61.64286   103.15636    49.49192
    81  H   1.0   0.080   0.998    63.29637   105.21805    47.55306
    82  H   1.0   0.081   0.998    65.25791   105.88323    44.39155
    83  H   1.0   0.081   1.001    62.04726   105.17459    43.39756
    84  H   1.0   0.081   1.001    64.40942   105.95693    41.17335
    85  H   1.0   0.085   1.011    67.24590    92.94806    38.83576
    86  H   1.0   0.085   1.011    65.66042    88.14627    40.17557
    87  H   1.0   0.080   0.998    62.48379    90.06056    38.29530
    88  H   1.0   0.080   0.998    63.06960    93.07467    37.04997
    89  H   1.0   0.081   0.999    61.72979    92.76098    40.04896
    90  H   1.0   0.082   1.005    70.05025    89.40671    37.80964
    91  H   1.0   0.081   1.004    69.60050    86.68362    39.60866
    92  H   1.0   0.080   0.999    71.79447    90.51220    42.73237
    93  H   1.0   0.080   0.998    73.37806    90.41772    39.72393
    94  H   1.0   0.080   0.999    73.00767    87.62848    41.65334
    95  H   1.0   0.081   1.003    69.18854    82.99109    46.95213
    96  H   1.0   0.080   0.999    66.41253    81.43207    48.22203
    97  H   1.0   0.080   0.998    69.04870    81.65506    50.11742
    98  H   1.0   0.085   1.007    67.73723    88.40894    57.44578
    99  H   1.0   0.080   0.996    62.71811    84.89216    62.98079
   100  H   1.0   0.081   0.997    61.19877    84.08714    60.33895
   101  H   1.0   0.080   0.996    60.66776    87.23164    61.58995
   102  H   1.0   0.082   1.001    60.10084    95.19683    66.17631
   103  H   1.0   0.081   0.999    58.20923    94.89070    63.45889
   104  H   1.0   0.070   1.004    59.57739    99.75863    62.63686
   105  H   1.0   0.080   0.998    56.71446   100.04398    70.05214
   106  H   1.0   0.080   0.998    59.89108    99.49218    70.44709
   107  H   1.0   0.081   1.002    58.13175    97.13758    68.79547
   108  H   1.0   0.082   1.004    56.97713   103.81587    67.22322
   109  H   1.0   0.082   1.002    58.09207   103.55131    64.22801
   110  H   1.0   0.081   1.001    62.69544   103.84989    66.65252
   111  H   1.0   0.082   1.002    60.80382   104.50940    69.21499
   112  H   1.0   0.082   1.004    58.96134   108.19437    65.95144
   113  H   1.0   0.081   1.001    61.72034   107.60666    64.39241
   114  H   1.0   0.082   1.005    61.37830   108.96160    70.19576
   115  H   1.0   0.080   0.997    65.79648   108.01107    69.27546
   116  H   1.0   0.080   0.998    65.78514   111.10833    68.22856
   117  H   1.0   0.080   0.998    65.37507   108.68003    66.00624
   118  H   1.0   0.082   1.004    59.95722   112.39334    66.05159
   119  H   1.0   0.082   1.002    62.43466   113.73127    67.54447
   120  H   1.0   0.082   1.006    60.35029   114.25094    71.37117
   121  H   1.0   0.083   1.003    58.26214   111.83398    70.85905
   122  H   1.0   0.084   1.007    57.29649   115.64934    67.03992
   123  H   1.0   0.082   1.003    58.47190   117.30096    69.70821
   124  H   1.0   0.083   1.008    55.02315   115.12210    72.05336
   125  H   1.0   0.081   0.998    53.39043   111.28218    69.89340
   126  H   1.0   0.081   0.999    55.41243   111.70359    67.50101
   127  H   1.0   0.081   0.998    52.45879   113.05097    67.18165
   128  H   1.0   0.083   1.004    52.74792   117.25183    67.27046
   129  H   1.0   0.083   1.005    54.31639   119.15100    69.64207
   130  H   1.0   0.082   1.007    51.58385   118.82219    72.48611
   131  H   1.0   0.082   1.003    50.10041   115.82319    71.46377
   132  H   1.0   0.082   1.004    46.98237   118.37243    70.51890
   133  H   1.0   0.083   1.005    48.78139   118.42724    67.67298
   134  H   1.0   0.083   1.009    50.68623   122.46369    70.99889
   135  H   1.0   0.080   0.998    45.11154   121.60953    71.21621
   136  H   1.0   0.080   0.997    45.69735   124.72758    70.51701
   137  H   1.0   0.080   0.996    46.90867   123.62209    73.22877
   138  H   1.0   0.081   0.999    47.63999   124.30995    66.64874
   139  H   1.0   0.081   1.004    50.44812   122.33141    66.25190
   140  H   1.0   0.081   0.999    50.40655   125.31907    67.81660
 
  Z AO/shell   Hii/eV     exponent
  1     Sat Feb 20 21:38:01 CET 2016    EN: 2.327 GAM: 0.473  GM3: 0.0000
     1s    -13.751157    1.051071
  6     Sat Feb 20 21:38:01 CET 2016    EN: 2.731 GAM: 0.422  GM3: 0.0000
     2s    -19.378245    2.021003
     2p    -11.993376    1.497917
  7     Sat Feb 20 21:38:01 CET 2016    EN: 3.573 GAM: 0.504  GM3: 0.0000
     2s    -21.576984    2.275442
     2p    -16.125120    2.056788
  8     Sat Feb 20 21:38:01 CET 2016    EN: 3.700 GAM: 0.587  GM3: 0.0000
     2s    -21.648843    2.110798
     2p    -17.239740    2.329048
 12     Sat Feb 20 23:25:47 CET 2016    EN: 0.033 GAM: 0.222  GM3: 0.0000
     3s    -12.693633    1.302878
     3p     -8.128821    0.504252
 
 dipole moment of classical point charges (au)
     X       Y       Z   
   0.3519   0.4237   0.8838  total (Debye):    2.647

 
 Nbf   :          338
 T(el) :   300.0
 calculating S/T integrals ...
 cpu time for ints   0.151280000000000     
 Nao   :          338
 making H0...
 making H1...
 cpu time for H      1.056199999999999E-002
 solving ...
 cpu time for diag   6.632800000000003E-002
 
 gap (eV)           :   1.350
 Koopmans IP (eV)   :  12.160
 Eel (Eh)           :  -268.630254
 T,E(Fermi),NFOD :    300.000   -11.485  0.000000
 T,E(Fermi),NFOD :    300.000   -11.485  0.000000
 Nfod               :  0.0000
 Nfod/Nel           :  0.0000

          eigenvalues
 #    :         164        165        166        167        168        169        170        171
 occ. :        2.000      2.000      2.000      2.000      2.000      2.000      2.000      2.000
 eps  :       -16.303    -16.185    -15.954    -15.767    -15.577    -15.514    -15.453    -15.029
 #    :         172        173        174        175        176        177        178        179
 occ. :        2.000      2.000      2.000      2.000      2.000      0.000      0.000      0.000
 eps  :       -14.906    -14.895    -14.693    -13.081    -12.161    -10.811     -9.671     -8.445
 #    :         180        181        182        183        184        185        186        187
 occ. :        0.000      0.000      0.000      0.000      0.000      0.000      0.000      0.000
 eps  :        -8.399     -8.153     -7.912     -7.615     -7.310     -7.067     -7.050     -6.657
                            1  SCC done.
 making H1...
 cpu time for H      8.565300000000001E-002
 solving ...
 cpu time for diag   2.887700000000004E-002
 
 gap (eV)           :   1.606
 Koopmans IP (eV)   :  12.051
 Eel (Eh)           :  -265.773752
 T,E(Fermi),NFOD :    300.000   -11.248  0.000000
 T,E(Fermi),NFOD :    300.000   -11.248  0.000000
 Nfod               :  0.0000
 Nfod/Nel           :  0.0000

          eigenvalues
 #    :         164        165        166        167        168        169        170        171
 occ. :        2.000      2.000      2.000      2.000      2.000      2.000      2.000      2.000
 eps  :       -15.168    -15.053    -15.021    -14.784    -14.770    -14.530    -14.432    -14.286
 #    :         172        173        174        175        176        177        178        179
 occ. :        2.000      2.000      2.000      2.000      2.000      0.000      0.000      0.000
 eps  :       -14.252    -13.975    -13.770    -12.506    -12.052    -10.446     -9.150     -8.418
 #    :         180        181        182        183        184        185        186        187
 occ. :        0.000      0.000      0.000      0.000      0.000      0.000      0.000      0.000
 eps  :        -8.180     -7.905     -7.664     -7.491     -7.152     -7.058     -6.868     -6.445
                            2  SCC done.
 
 
 Mulliken/CM5 charges    n(s)   n(p)   n(d)   
    1 MG  0.3279  0.7921   0.654  1.018  0.000
    2 C   0.0159  0.0206   1.195  2.789  0.000
    3 C  -0.0323 -0.0754   1.121  2.911  0.000
    4 C  -0.0465 -0.0874   1.130  2.917  0.000
    5 C  -0.0306 -0.0721   1.123  2.908  0.000
    6 N  -0.1487 -0.3873   1.400  3.749  0.000
    7 C   0.0477  0.1190   1.231  2.722  0.000
    8 C  -0.0207 -0.0741   1.206  2.815  0.000
    9 C  -0.0111 -0.0699   1.187  2.824  0.000
   10 C   0.0426  0.1021   1.203  2.755  0.000
   11 C  -0.0831 -0.2316   1.097  2.987  0.000
   12 C  -0.0702 -0.1772   1.145  2.925  0.000
   13 C  -0.0612 -0.1614   1.144  2.917  0.000
   14 C   0.2300  0.2807   1.181  2.590  0.000
   15 O  -0.2590 -0.3153   1.621  4.638  0.000
   16 O  -0.1746 -0.2492   1.513  4.661  0.000
   17 N  -0.2243 -0.5334   1.370  3.854  0.000
   18 C  -0.0133  0.0439   1.211  2.802  0.000
   19 C  -0.0229 -0.0280   1.203  2.820  0.000
   20 C  -0.0659 -0.0593   1.190  2.876  0.000
   21 C   0.0352  0.1020   1.194  2.771  0.000
   22 C  -0.0764 -0.2217   1.079  2.997  0.000
   23 C   0.1590  0.1838   1.200  2.641  0.000
   24 O  -0.2424 -0.2967   1.619  4.624  0.000
   25 C  -0.1025 -0.2450   1.101  3.002  0.000
   26 N  -0.1987 -0.4984   1.412  3.787  0.000
   27 C   0.0332  0.0909   1.225  2.742  0.000
   28 C  -0.0178 -0.0763   1.193  2.825  0.000
   29 C  -0.0280 -0.0845   1.201  2.827  0.000
   30 C   0.0499  0.1065   1.212  2.738  0.000
   31 C  -0.0731 -0.2207   1.096  2.977  0.000
   32 C  -0.0579 -0.1683   1.149  2.909  0.000
   33 C  -0.0946 -0.2466   1.098  2.996  0.000
   34 N  -0.2124 -0.4854   1.387  3.826  0.000
   35 C   0.0411  0.0998   1.188  2.771  0.000
   36 C  -0.0062 -0.0108   1.211  2.795  0.000
   37 C  -0.0579 -0.0500   1.185  2.873  0.000
   38 C   0.0398  0.1217   1.197  2.763  0.000
   39 C  -0.0684 -0.2119   1.078  2.991  0.000
   40 C   0.1453  0.1779   1.196  2.658  0.000
   41 O  -0.2399 -0.2814   1.636  4.604  0.000
   42 C  -0.0146 -0.0569   1.181  2.834  0.000
   43 C   0.2438  0.3011   1.163  2.593  0.000
   44 O  -0.2799 -0.3288   1.619  4.661  0.000
   45 O  -0.1691 -0.2508   1.484  4.685  0.000
   46 C   0.0049 -0.1191   1.096  2.899  0.000
   47 C   0.0420 -0.0396   1.145  2.812  0.000
   48 C  -0.0663 -0.1220   1.167  2.899  0.000
   49 C  -0.0161 -0.0393   1.218  2.799  0.000
   50 C  -0.0861 -0.2316   1.083  3.003  0.000
   51 C  -0.0545 -0.1602   1.135  2.920  0.000
   52 C  -0.0705 -0.1805   1.165  2.905  0.000
   53 C  -0.0767 -0.1859   1.170  2.907  0.000
   54 C  -0.0120 -0.0825   1.219  2.793  0.000
   55 C  -0.1121 -0.2611   1.112  3.000  0.000
   56 C  -0.0649 -0.1753   1.154  2.911  0.000
   57 C  -0.0658 -0.1799   1.144  2.921  0.000
   58 C  -0.0680 -0.1808   1.154  2.914  0.000
   59 C  -0.0208 -0.0947   1.201  2.820  0.000
   60 C  -0.1136 -0.2642   1.106  3.008  0.000
   61 C  -0.0701 -0.1822   1.156  2.914  0.000
   62 C  -0.0624 -0.1759   1.151  2.911  0.000
   63 C  -0.0672 -0.1777   1.165  2.903  0.000
   64 C  -0.0043 -0.0784   1.194  2.810  0.000
   65 C  -0.1348 -0.2848   1.119  3.016  0.000
   66 C  -0.0822 -0.2326   1.086  2.997  0.000
   67 H   0.0475  0.1075   0.953  0.000  0.000
   68 H   0.0607  0.1230   0.939  0.000  0.000
   69 H   0.0592  0.1182   0.941  0.000  0.000
   70 H   0.0584  0.1240   0.942  0.000  0.000
   71 H   0.0538  0.1161   0.946  0.000  0.000
   72 H   0.0354  0.0886   0.965  0.000  0.000
   73 H   0.0364  0.0904   0.964  0.000  0.000
   74 H   0.0422  0.0987   0.958  0.000  0.000
   75 H   0.0426  0.0992   0.957  0.000  0.000
   76 H   0.0364  0.0954   0.964  0.000  0.000
   77 H   0.0501  0.1089   0.950  0.000  0.000
   78 H   0.0386  0.1019   0.961  0.000  0.000
   79 H   0.0494  0.1030   0.951  0.000  0.000
   80 H   0.0460  0.0997   0.954  0.000  0.000
   81 H   0.0540  0.1068   0.946  0.000  0.000
   82 H   0.0486  0.1022   0.951  0.000  0.000
   83 H   0.0446  0.0991   0.955  0.000  0.000
   84 H   0.0406  0.0991   0.959  0.000  0.000
   85 H   0.0480  0.1105   0.952  0.000  0.000
   86 H   0.0484  0.1108   0.952  0.000  0.000
   87 H   0.0426  0.0945   0.957  0.000  0.000
   88 H   0.0406  0.0924   0.959  0.000  0.000
   89 H   0.0417  0.0953   0.958  0.000  0.000
   90 H   0.0372  0.0930   0.963  0.000  0.000
   91 H   0.0369  0.0929   0.963  0.000  0.000
   92 H   0.0330  0.0873   0.967  0.000  0.000
   93 H   0.0392  0.0905   0.961  0.000  0.000
   94 H   0.0338  0.0855   0.966  0.000  0.000
   95 H   0.0452  0.0999   0.955  0.000  0.000
   96 H   0.0489  0.1010   0.951  0.000  0.000
   97 H   0.0518  0.1048   0.948  0.000  0.000
   98 H   0.0672  0.1328   0.933  0.000  0.000
   99 H   0.0463  0.1049   0.954  0.000  0.000
  100 H   0.0450  0.1068   0.955  0.000  0.000
  101 H   0.0659  0.1277   0.934  0.000  0.000
  102 H   0.0570  0.1222   0.943  0.000  0.000
  103 H   0.0666  0.1305   0.933  0.000  0.000
  104 H   0.0341  0.0934   0.966  0.000  0.000
  105 H   0.0459  0.0978   0.954  0.000  0.000
  106 H   0.0403  0.0922   0.960  0.000  0.000
  107 H   0.0482  0.1027   0.952  0.000  0.000
  108 H   0.0351  0.0915   0.965  0.000  0.000
  109 H   0.0360  0.0920   0.964  0.000  0.000
  110 H   0.0271  0.0824   0.973  0.000  0.000
  111 H   0.0256  0.0817   0.974  0.000  0.000
  112 H   0.0217  0.0785   0.978  0.000  0.000
  113 H   0.0391  0.0942   0.961  0.000  0.000
  114 H   0.0432  0.1020   0.957  0.000  0.000
  115 H   0.0337  0.0848   0.966  0.000  0.000
  116 H   0.0250  0.0771   0.975  0.000  0.000
  117 H   0.0356  0.0883   0.964  0.000  0.000
  118 H   0.0278  0.0850   0.972  0.000  0.000
  119 H   0.0367  0.0925   0.963  0.000  0.000
  120 H   0.0239  0.0804   0.976  0.000  0.000
  121 H   0.0319  0.0894   0.968  0.000  0.000
  122 H   0.0211  0.0800   0.979  0.000  0.000
  123 H   0.0360  0.0916   0.964  0.000  0.000
  124 H   0.0360  0.0957   0.964  0.000  0.000
  125 H   0.0257  0.0774   0.974  0.000  0.000
  126 H   0.0409  0.0949   0.959  0.000  0.000
  127 H   0.0339  0.0861   0.966  0.000  0.000
  128 H   0.0287  0.0863   0.971  0.000  0.000
  129 H   0.0343  0.0918   0.966  0.000  0.000
  130 H   0.0341  0.0916   0.966  0.000  0.000
  131 H   0.0397  0.0958   0.960  0.000  0.000
  132 H   0.0499  0.1061   0.950  0.000  0.000
  133 H   0.0323  0.0895   0.968  0.000  0.000
  134 H   0.0409  0.1009   0.959  0.000  0.000
  135 H   0.0304  0.0830   0.970  0.000  0.000
  136 H   0.0246  0.0762   0.975  0.000  0.000
  137 H   0.0270  0.0778   0.973  0.000  0.000
  138 H   0.0333  0.0858   0.967  0.000  0.000
  139 H   0.0362  0.0903   0.964  0.000  0.000
  140 H   0.0382  0.0903   0.962  0.000  0.000
 Hirshfeld charges for QMDFF written to <charges>
 
 Loewdin charges    n(s)   n(p)   n(d)
    1 MG  0.1665   0.666  1.168  0.000
    2 C   0.0151   1.157  2.828  0.000
    3 C  -0.0296   1.069  2.961  0.000
    4 C  -0.0433   1.077  2.966  0.000
    5 C  -0.0272   1.069  2.959  0.000
    6 N  -0.1164   1.356  3.760  0.000
    7 C   0.0466   1.195  2.758  0.000
    8 C  -0.0133   1.159  2.855  0.000
    9 C  -0.0026   1.137  2.865  0.000
   10 C   0.0469   1.164  2.789  0.000
   11 C  -0.0853   1.024  3.061  0.000
   12 C  -0.0675   1.086  2.981  0.000
   13 C  -0.0614   1.085  2.976  0.000
   14 C   0.2062   1.155  2.639  0.000
   15 O  -0.2418   1.588  4.654  0.000
   16 O  -0.1445   1.482  4.662  0.000
   17 N  -0.1876   1.326  3.862  0.000
   18 C  -0.0104   1.174  2.837  0.000
   19 C  -0.0130   1.160  2.853  0.000
   20 C  -0.0729   1.152  2.921  0.000
   21 C   0.0389   1.154  2.807  0.000
   22 C  -0.0786   1.005  3.073  0.000
   23 C   0.1551   1.164  2.681  0.000
   24 O  -0.2251   1.586  4.639  0.000
   25 C  -0.1092   1.029  3.080  0.000
   26 N  -0.1586   1.366  3.793  0.000
   27 C   0.0386   1.187  2.774  0.000
   28 C  -0.0094   1.145  2.864  0.000
   29 C  -0.0214   1.153  2.868  0.000
   30 C   0.0540   1.175  2.771  0.000
   31 C  -0.0742   1.023  3.051  0.000
   32 C  -0.0534   1.090  2.963  0.000
   33 C  -0.0955   1.026  3.069  0.000
   34 N  -0.1784   1.342  3.836  0.000
   35 C   0.0410   1.149  2.810  0.000
   36 C   0.0019   1.169  2.829  0.000
   37 C  -0.0673   1.149  2.918  0.000
   38 C   0.0418   1.160  2.798  0.000
   39 C  -0.0685   1.003  3.066  0.000
   40 C   0.1416   1.162  2.696  0.000
   41 O  -0.2263   1.607  4.619  0.000
   42 C  -0.0137   1.132  2.882  0.000
   43 C   0.2190   1.137  2.645  0.000
   44 O  -0.2646   1.587  4.678  0.000
   45 O  -0.1361   1.451  4.686  0.000
   46 C  -0.0017   1.027  2.975  0.000
   47 C   0.0436   1.088  2.869  0.000
   48 C  -0.0652   1.120  2.946  0.000
   49 C  -0.0047   1.176  2.829  0.000
   50 C  -0.0888   1.009  3.080  0.000
   51 C  -0.0512   1.075  2.976  0.000
   52 C  -0.0658   1.108  2.958  0.000
   53 C  -0.0744   1.114  2.961  0.000
   54 C  -0.0000   1.173  2.827  0.000
   55 C  -0.1169   1.042  3.075  0.000
   56 C  -0.0627   1.097  2.966  0.000
   57 C  -0.0622   1.086  2.976  0.000
   58 C  -0.0654   1.096  2.969  0.000
   59 C  -0.0092   1.153  2.857  0.000
   60 C  -0.1190   1.036  3.083  0.000
   61 C  -0.0678   1.098  2.969  0.000
   62 C  -0.0572   1.093  2.964  0.000
   63 C  -0.0649   1.108  2.957  0.000
   64 C   0.0087   1.144  2.847  0.000
   65 C  -0.1420   1.051  3.091  0.000
   66 C  -0.0855   1.013  3.073  0.000
   67 H   0.0436   0.956  0.000  0.000
   68 H   0.0537   0.946  0.000  0.000
   69 H   0.0535   0.947  0.000  0.000
   70 H   0.0505   0.950  0.000  0.000
   71 H   0.0483   0.952  0.000  0.000
   72 H   0.0348   0.965  0.000  0.000
   73 H   0.0367   0.963  0.000  0.000
   74 H   0.0410   0.959  0.000  0.000
   75 H   0.0410   0.959  0.000  0.000
   76 H   0.0348   0.965  0.000  0.000
   77 H   0.0466   0.953  0.000  0.000
   78 H   0.0345   0.965  0.000  0.000
   79 H   0.0479   0.952  0.000  0.000
   80 H   0.0453   0.955  0.000  0.000
   81 H   0.0537   0.946  0.000  0.000
   82 H   0.0489   0.951  0.000  0.000
   83 H   0.0446   0.955  0.000  0.000
   84 H   0.0390   0.961  0.000  0.000
   85 H   0.0419   0.958  0.000  0.000
   86 H   0.0427   0.957  0.000  0.000
   87 H   0.0424   0.958  0.000  0.000
   88 H   0.0396   0.960  0.000  0.000
   89 H   0.0414   0.959  0.000  0.000
   90 H   0.0351   0.965  0.000  0.000
   91 H   0.0346   0.965  0.000  0.000
   92 H   0.0350   0.965  0.000  0.000
   93 H   0.0387   0.961  0.000  0.000
   94 H   0.0338   0.966  0.000  0.000
   95 H   0.0444   0.956  0.000  0.000
   96 H   0.0475   0.953  0.000  0.000
   97 H   0.0493   0.951  0.000  0.000
   98 H   0.0585   0.942  0.000  0.000
   99 H   0.0437   0.956  0.000  0.000
  100 H   0.0418   0.958  0.000  0.000
  101 H   0.0605   0.939  0.000  0.000
  102 H   0.0503   0.950  0.000  0.000
  103 H   0.0585   0.941  0.000  0.000
  104 H   0.0275   0.972  0.000  0.000
  105 H   0.0449   0.955  0.000  0.000
  106 H   0.0397   0.960  0.000  0.000
  107 H   0.0477   0.952  0.000  0.000
  108 H   0.0323   0.968  0.000  0.000
  109 H   0.0331   0.967  0.000  0.000
  110 H   0.0242   0.976  0.000  0.000
  111 H   0.0236   0.976  0.000  0.000
  112 H   0.0205   0.979  0.000  0.000
  113 H   0.0366   0.963  0.000  0.000
  114 H   0.0370   0.963  0.000  0.000
  115 H   0.0338   0.966  0.000  0.000
  116 H   0.0263   0.974  0.000  0.000
  117 H   0.0360   0.964  0.000  0.000
  118 H   0.0268   0.973  0.000  0.000
  119 H   0.0343   0.966  0.000  0.000
  120 H   0.0221   0.978  0.000  0.000
  121 H   0.0304   0.970  0.000  0.000
  122 H   0.0199   0.980  0.000  0.000
  123 H   0.0335   0.967  0.000  0.000
  124 H   0.0301   0.970  0.000  0.000
  125 H   0.0266   0.973  0.000  0.000
  126 H   0.0421   0.958  0.000  0.000
  127 H   0.0346   0.965  0.000  0.000
  128 H   0.0271   0.973  0.000  0.000
  129 H   0.0321   0.968  0.000  0.000
  130 H   0.0320   0.968  0.000  0.000
  131 H   0.0366   0.963  0.000  0.000
  132 H   0.0473   0.953  0.000  0.000
  133 H   0.0305   0.970  0.000  0.000
  134 H   0.0356   0.964  0.000  0.000
  135 H   0.0320   0.968  0.000  0.000
  136 H   0.0266   0.973  0.000  0.000
  137 H   0.0280   0.972  0.000  0.000
  138 H   0.0334   0.967  0.000  0.000
  139 H   0.0361   0.964  0.000  0.000
  140 H   0.0378   0.962  0.000  0.000
 
 Wiberg/Mayer (AO) data. WBOs > 0.1 written file <wbo>
 largest (>0.05) Wiberg bond orders for each atom
           total WBO             WBO to atom ...
     1  MG  2.502    N   17 0.554    N   34 0.451    N   26 0.450    N    6 0.317    C   18 0.066    C   27 0.054    C   38 0.052    C   21 0.050
     2  C   3.863    C    7 1.382    C   38 1.169    C   42 0.949
     3  C   3.925    C   10 1.506    C   18 1.176    H   67 0.937
     4  C   3.902    C   27 1.465    C   21 1.229    H   68 0.935
     5  C   3.930    C   30 1.449    C   35 1.294    H   69 0.931
     6  N   3.287    C    7 1.331    C   10 1.206    MG   1 0.317    C   18 0.051
     7  C   3.875    C    2 1.382    N    6 1.331    C    8 0.914
     8  C   3.933    C   12 0.965    H   70 0.939    C    9 0.934    C    7 0.914
     9  C   3.942    C   11 0.991    C   10 0.940    H   71 0.934    C    8 0.934
    10  C   3.881    C    3 1.506    N    6 1.206    C    9 0.940
    11  C   3.977    C    9 0.991    H   72 0.977    H   74 0.974    H   73 0.973
    12  C   3.943    C   13 0.978    C    8 0.965    H   76 0.955    H   75 0.954
    13  C   3.965    C   12 0.978    H   78 0.965    H   77 0.947    C   14 0.919    O   15 0.086
    14  C   3.889    O   15 1.857    O   16 1.068    C   13 0.919
    15  O   2.168    C   14 1.857    O   16 0.163    C   13 0.086
    16  O   2.268    C   14 1.068    C   47 0.935    O   15 0.163
    17  N   3.350    C   21 1.212    C   18 1.152    MG   1 0.554    C   20 0.058    C   19 0.054
    18  C   3.838    C   19 1.200    C    3 1.176    N   17 1.152    MG   1 0.066    N    6 0.051
    19  C   3.878    C   20 1.437    C   18 1.200    C   22 0.989    N   17 0.054
    20  C   3.883    C   19 1.437    C   21 1.151    C   23 0.968    O   24 0.076    N   17 0.058
    21  C   3.876    C    4 1.229    N   17 1.212    C   20 1.151    MG   1 0.050
    22  C   3.978    C   19 0.989    H   79 0.969    H   81 0.968    H   80 0.967
    23  C   3.882    O   24 1.856    C   20 0.968    C   25 0.961
    24  O   2.161    C   23 1.856    C   25 0.076    C   20 0.076
    25  C   3.982    H   84 0.972    C   23 0.961    H   83 0.959    H   82 0.958    O   24 0.076
    26  N   3.338    C   27 1.215    C   30 1.197    MG   1 0.450
    27  C   3.867    C    4 1.465    N   26 1.215    C   28 0.917    MG   1 0.054
    28  C   3.936    C   31 0.978    C   29 0.949    H   85 0.945    C   27 0.917
    29  C   3.935    C   32 0.953    C   28 0.949    H   86 0.939    C   30 0.934
    30  C   3.851    C    5 1.449    N   26 1.197    C   29 0.934
    31  C   3.972    C   28 0.978    H   88 0.978    H   89 0.975    H   87 0.973
    32  C   3.952    C   33 0.997    H   91 0.969    H   90 0.967    C   29 0.953
    33  C   3.977    C   32 0.997    H   94 0.986    H   93 0.986    H   92 0.975
    34  N   3.304    C   38 1.328    C   35 1.097    MG   1 0.451    C   37 0.067
    35  C   3.862    C    5 1.294    C   36 1.205    N   34 1.097
    36  C   3.876    C   37 1.378    C   35 1.205    C   39 0.993    O   41 0.061
    37  C   3.898    C   36 1.378    C   38 1.107    C   40 1.081    O   41 0.068    N   34 0.067
    38  C   3.902    N   34 1.328    C    2 1.169    C   37 1.107    MG   1 0.052
    39  C   3.982    C   36 0.993    H   97 0.974    H   95 0.973    H   96 0.965
    40  C   3.893    O   41 1.792    C   37 1.081    C   42 0.869
    41  O   2.129    C   40 1.792    C   42 0.077    C   37 0.068    C   36 0.061
    42  C   3.949    C    2 0.949    C   43 0.934    H   98 0.926    C   40 0.869    O   41 0.077    O   44 0.067
    43  C   3.898    O   44 1.821    O   45 1.066    C   42 0.934
    44  O   2.129    C   43 1.821    O   45 0.164    C   42 0.067
    45  O   2.274    C   43 1.066    C   46 0.969    O   44 0.164
    46  C   3.939    H   99 0.990    H  100 0.986    H  101 0.976    O   45 0.969
    47  C   3.927    C   48 0.994    H  102 0.965    H  103 0.960    O   16 0.935
    48  C   3.955    C   49 1.876    C   47 0.994    H  104 0.944
    49  C   3.929    C   48 1.876    C   51 0.984    C   50 0.982
    50  C   3.988    C   49 0.982    H  105 0.974    H  107 0.973    H  106 0.971
    51  C   3.967    C   49 0.984    H  108 0.963    H  109 0.962    C   52 0.955
    52  C   3.952    H  111 0.975    H  110 0.973    C   53 0.969    C   51 0.955
    53  C   3.948    C   52 0.969    H  112 0.967    H  113 0.965    C   54 0.965
    54  C   3.927    C   55 0.977    C   53 0.965    C   56 0.961    H  114 0.954
    55  C   3.975    H  115 0.980    H  117 0.980    H  116 0.980    C   54 0.977
    56  C   3.956    C   57 0.987    H  118 0.962    H  119 0.962    C   54 0.961
    57  C   3.963    C   56 0.987    C   58 0.980    H  120 0.973    H  121 0.964
    58  C   3.962    C   57 0.980    C   59 0.978    H  122 0.966    H  123 0.961
    59  C   3.941    C   58 0.978    C   60 0.974    C   61 0.974    H  124 0.954
    60  C   3.975    H  125 0.983    H  127 0.979    H  126 0.976    C   59 0.974
    61  C   3.965    C   62 0.988    C   59 0.974    H  129 0.964    H  128 0.962
    62  C   3.968    C   63 0.989    C   61 0.988    H  130 0.968    H  131 0.963
    63  C   3.959    C   62 0.989    H  133 0.962    C   64 0.958    H  132 0.956
    64  C   3.944    C   66 1.024    C   65 0.964    C   63 0.958    H  134 0.951
    65  C   3.969    H  137 0.982    H  136 0.978    H  135 0.978    C   64 0.964
    66  C   3.985    C   64 1.024    H  138 0.974    H  140 0.972    H  139 0.967
    67  H   0.995    C    3 0.937
    68  H   0.993    C    4 0.935
    69  H   0.992    C    5 0.931
    70  H   0.993    C    8 0.939
    71  H   0.995    C    9 0.934
    72  H   0.996    C   11 0.977
    73  H   0.997    C   11 0.973
    74  H   0.996    C   11 0.974
    75  H   0.996    C   12 0.954
    76  H   0.997    C   12 0.955
    77  H   0.996    C   13 0.947
    78  H   0.998    C   13 0.965
    79  H   0.993    C   22 0.969
    80  H   0.994    C   22 0.967
    81  H   0.996    C   22 0.968
    82  H   0.997    C   25 0.958
    83  H   0.997    C   25 0.959
    84  H   0.996    C   25 0.972
    85  H   0.996    C   28 0.945
    86  H   0.995    C   29 0.939
    87  H   0.996    C   31 0.973
    88  H   0.997    C   31 0.978
    89  H   0.998    C   31 0.975
    90  H   0.996    C   32 0.967
    91  H   0.997    C   32 0.969
    92  H   0.999    C   33 0.975
    93  H   0.998    C   33 0.986
    94  H   0.998    C   33 0.986
    95  H   0.994    C   39 0.973
    96  H   0.994    C   39 0.965
    97  H   0.994    C   39 0.974
    98  H   0.992    C   42 0.926
    99  H   0.997    C   46 0.990
   100  H   0.998    C   46 0.986
   101  H   0.996    C   46 0.976
   102  H   0.997    C   47 0.965
   103  H   0.995    C   47 0.960
   104  H   0.999    C   48 0.944
   105  H   0.998    C   50 0.974
   106  H   0.998    C   50 0.971
   107  H   0.997    C   50 0.973
   108  H   0.999    C   51 0.963
   109  H   0.999    C   51 0.962
   110  H   0.999    C   52 0.973
   111  H   0.999    C   52 0.975
   112  H   1.000    C   53 0.967
   113  H   0.998    C   53 0.965
   114  H   0.998    C   54 0.954
   115  H   0.998    C   55 0.980
   116  H   0.999    C   55 0.980
   117  H   0.998    C   55 0.980
   118  H   0.999    C   56 0.962
   119  H   0.997    C   56 0.962
   120  H   0.999    C   57 0.973
   121  H   0.999    C   57 0.964
   122  H   1.000    C   58 0.966
   123  H   0.998    C   58 0.961
   124  H   0.999    C   59 0.954
   125  H   0.999    C   60 0.983
   126  H   0.998    C   60 0.976
   127  H   0.999    C   60 0.979
   128  H   0.999    C   61 0.962
   129  H   0.999    C   61 0.964
   130  H   0.999    C   62 0.968
   131  H   0.998    C   62 0.963
   132  H   0.997    C   63 0.956
   133  H   0.999    C   63 0.962
   134  H   0.998    C   64 0.951
   135  H   0.999    C   65 0.978
   136  H   0.999    C   65 0.978
   137  H   0.999    C   65 0.982
   138  H   0.999    C   66 0.974
   139  H   0.999    C   66 0.967
   140  H   0.998    C   66 0.972
 
 --------------------------------------------
          xTB calculation for sTDA...
 --------------------------------------------
 
 reading parameter file ~/.param_stda2.xtb
 
      method parameters     
 k(s)        :  1.6000
 k(p)        :  2.1800
 k(d)        :  1.9500
 k(f)        :  2.0000
 k(R-V)      :  2.2750
 k(R-R)      :  1.7650
 Tscal       :  0.2580
 Gscal       :  1.0000
 fpol        :  1.0000
 Zcnf        :  0.3430
 Zqf         :  0.0000
 kcn         :  2.7000
 Ryd Hsplit  :  0.7000
 lshift(virt):  3.1000
 lshift(OS)  :  0.2000
 wllscaling  :  2.6000
 
 mowrcut     : 3.000
 
  Z AO/shell   Hii/eV     exponent
  1     Sun Feb 14 09:53:25 CET 2016    EN: 2.327 GAM: 0.473  GM3: 0.0000
     1s    -14.339618    1.220000
     2sp    -3.348946    0.600000
  6     Sun Feb 14 09:53:25 CET 2016    EN: 2.731 GAM: 0.422  GM3: 0.0000
     2s    -22.009312    1.565095
     2p    -13.020408    1.596905
     3sp    -3.914040    0.824500
  7     Sun Feb 14 09:53:25 CET 2016    EN: 3.573 GAM: 0.504  GM3: 0.0000
     2s    -25.722000    2.064844
     2p    -18.684912    1.801692
     3sp    -4.344791    0.921400
  8     Sun Feb 14 09:53:25 CET 2016    EN: 3.700 GAM: 0.587  GM3: 0.0000
     2s    -33.859000    2.418661
     2p    -22.175911    1.973969
     3sp    -4.259392    1.013700
 12     Sun Feb 21 16:58:31 CET 2016    EN: 0.033 GAM: 0.222  GM3: 0.0000
     3s    -11.092543    1.647583
     3p     -6.929529    0.855020
 
 Nbf   :          894
 T(el) :     0.0
 calculating S/T integrals ...
 cpu time for ints    1.31055400000000     
 Nao   :          894
 making H0...
 making H1...
 cpu time for H      2.435699999999974E-002
 solving ...
 cpu time for diag   0.332258000000000     
 
 gap (eV)           :   4.700
 Koopmans IP (eV)   :  13.289
 Eel (Eh)           :  -301.135911

          eigenvalues
 #    :         164        165        166        167        168        169        170        171
 occ. :        2.000      2.000      2.000      2.000      2.000      2.000      2.000      2.000
 eps  :       -17.363    -17.157    -16.883    -16.488    -16.066    -16.004    -15.806    -15.748
 #    :         172        173        174        175        176        177        178        179
 occ. :        2.000      2.000      2.000      2.000      2.000      0.000      0.000      0.000
 eps  :       -15.563    -15.435    -15.075    -13.793    -13.290     -8.589     -6.823     -6.494
 #    :         180        181        182        183        184        185        186        187
 occ. :        0.000      0.000      0.000      0.000      0.000      0.000      0.000      0.000
 eps  :        -6.211     -6.083     -6.044     -5.520     -5.297     -5.124     -5.082     -4.936
                            1  SCC done.
 writing mo output ...
 molden style : F
 
speedup  1.41
cpu  time for all    2.20 s
wall time for all    1.56 s
