cpu-bind=MASK - bp1-compute141, task 4294967295 4294967295 [0]: mask 0x57fffbe157fffbe1 set
Host:    bp1-compute141.data.bp.acrc.priv
Time:    Thu May  5 13:43:49 BST 2022
Dir:     /user/home/of15641/chlorophyll_parameterization/tddft_data/step_951_chromophore_18
Job ID:  1692460
Nodelist:
cat: bp1-compute141: No such file or directory
  
Result dir: /user/home/of15641/chlorophyll_parameterization/tddft_data/step_951_chromophore_18
running gaussian jobs
Running time g16 < CAMB3LYP_step_951_chromophore_18.com > CAMB3LYP_step_951_chromophore_18.log

real	61m53.680s
user	1464m39.353s
sys	8m37.135s
Running time g16 < PBE0_step_951_chromophore_18.com > PBE0_step_951_chromophore_18.log

real	39m10.158s
user	931m43.248s
sys	6m9.025s
Running time g16 < wB97XD_step_951_chromophore_18.com > wB97XD_step_951_chromophore_18.log

real	69m49.152s
user	1652m51.819s
sys	9m50.952s
Running time g16 < BLYP_step_951_chromophore_18.com > BLYP_step_951_chromophore_18.log

real	27m41.645s
user	659m7.037s
sys	3m36.144s
Running time g16 < ZINDO_step_951_chromophore_18.com > ZINDO_step_951_chromophore_18.log

real	0m7.580s
user	2m48.634s
sys	0m2.596s
