cpu-bind=MASK - bp1-compute164, task 4294967295 4294967295 [0]: mask 0xfffff807fffff807 set
Host:    bp1-compute164.data.bp.acrc.priv
Time:    Wed Apr 27 22:10:29 BST 2022
Dir:     /user/home/of15641/chlorophyll_parameterization/tddft_data/step_1351_chromophore_2
Job ID:  1658274
Nodelist:
cat: bp1-compute164: No such file or directory
  
Result dir: /user/home/of15641/chlorophyll_parameterization/tddft_data/step_1351_chromophore_2
running gaussian jobs
Running time g16 < CAMB3LYP_step_1351_chromophore_2.com > CAMB3LYP_step_1351_chromophore_2.log

real	31m46.631s
user	752m58.232s
sys	0m22.576s
Running time g16 < PBE0_step_1351_chromophore_2.com > PBE0_step_1351_chromophore_2.log

real	28m27.213s
user	680m47.284s
sys	0m21.788s
Running time g16 < wB97XD_step_1351_chromophore_2.com > wB97XD_step_1351_chromophore_2.log

real	35m13.028s
user	834m45.693s
sys	0m23.617s
Running time g16 < BLYP_step_1351_chromophore_2.com > BLYP_step_1351_chromophore_2.log

real	20m1.448s
user	478m43.799s
sys	0m21.887s
Running time g16 < ZINDO_step_1351_chromophore_2.com > ZINDO_step_1351_chromophore_2.log

real	0m6.354s
user	2m18.657s
sys	0m2.031s
