cpu-bind=MASK - bp1-compute164, task 4294967295 4294967295 [0]: mask 0xfffff807fffff807 set
Host:    bp1-compute164.data.bp.acrc.priv
Time:    Thu May  5 04:32:15 BST 2022
Dir:     /user/home/of15641/chlorophyll_parameterization/tddft_data/step_651_chromophore_24
Job ID:  1692362
Nodelist:
cat: bp1-compute164: No such file or directory
  
Result dir: /user/home/of15641/chlorophyll_parameterization/tddft_data/step_651_chromophore_24
running gaussian jobs
Running time g16 < CAMB3LYP_step_651_chromophore_24.com > CAMB3LYP_step_651_chromophore_24.log

real	38m56.811s
user	922m44.267s
sys	0m27.542s
Running time g16 < PBE0_step_651_chromophore_24.com > PBE0_step_651_chromophore_24.log

real	24m57.698s
user	596m56.339s
sys	0m20.327s
Running time g16 < wB97XD_step_651_chromophore_24.com > wB97XD_step_651_chromophore_24.log

real	41m34.392s
user	985m39.820s
sys	0m28.059s
Running time g16 < BLYP_step_651_chromophore_24.com > BLYP_step_651_chromophore_24.log

real	20m41.955s
user	494m40.125s
sys	0m25.983s
Running time g16 < ZINDO_step_651_chromophore_24.com > ZINDO_step_651_chromophore_24.log

real	0m7.425s
user	2m45.744s
sys	0m2.538s
