 
        ______________________________________
       |                                      |
       |          ===================         |
       |             xTB for sTDA             |
       |          ===================         |
       |               S. Grimme              |
       |        Universitaet Bonn, MCTC       |
       |         2015-19, Version 1.0         |
       |     Wed Apr  3 09:14:55 CEST 2019    |
       |______________________________________|
 
        This code comes without any warranty
        for non-commercial, academia use only.
        Preliminary test version.
        Cite this work as:
        S. Grimme  &  C. Bannwarth, JCP 145 (2016) 054103
        if GBSA is used additionally:
        P. Shushkov, F. März, C. Bannwarth, S. Grimme, unpublished.
 
        with help from
        P. Shushkov, G. Brandenburg, S. Dohm, J. Pisarek,
        F. März, M. Checinski, S. Ehrlich, S. Spicher, 
        P. Pracht, E. Caldeweyher, S. Ehlert, and C. Bannwarth.
 
        usage        :
        xtb4stda <coord_file> [options]
        where <coord_file> is a valid file of TM)
        (*coord, Bohr) or xmol (*xyz, Angstroem)
        format.

        options:
        -chrg <int>   : molecular charge
        -uhf  <int>   : # of unpaired electrons(=2*S)
        -nox          : skip second, extended part in sTDA-xTB
        -pop          : do population analysis
                      : (default for -nox)
        -mowr <real>  : cut MO write above (def.3 Eh)
        -molden       : write formatted molden file
        -parx <file>  : read parameters for sTDA-xTB
                        calc (def:~/.param_stda2.xtb)
        -parv <file>  : read parameters for vTB part in
                        sTDA-xTB (def: ~/.param_stda1.xtb)
        -xtemp <real> : el. temp for xTB (def. 0 K)
        -etemp <real> : el. temp for GFN (def. 300 K)
        -fod          : calculate the FOD and write
                        molden.input file with
                        appropriate occupations
                        for plotting. Def. T=12500 K
 
        -acc <real>   : xTB accuracy (def. 1.0)
        -gbsa [string1] [string2]
                        use GBSA implicit solvent
                        for solvent [string1] and
                        solvation state [string2]=
                        reference, bar1M (default=1M)
        additional GFN/opt/MD/siman options read from
        $XTB4STDAHOME/.xtb4stdarc or $set in input
 
       spin and charge state information can be on:
       <.CHRG> (charge) and <.UHF> (=nalpha-nbeta)
       -uhf and -chrg override the file info.
       useful machine settings:
       setenv MKL_NUM_THREADS <NCORE_ON_YOUR_MACHINE>
       setenv OMP_STACKSIZE 500m
       limit stacksize unlimited
 
       total energies in Eh, gaps/HL energies in eV
       please read REVISION and HOWTO files carefully
 =============================
  # OMP threads =           4
 =============================
 
 xtb4stdahome directory:~/
 
 
 name of molecule           :
 comment line               :
 number of atoms            :   140
 number of electrons        :   352
 charge                     :  0
 spin                       : 0.0
 first test random number   :  0.7969
 
 -----------------------------------------
      charge density (VTB) calculation
 -----------------------------------------
 
      method parameters     
 k(s)        :  1.8000
 k(p)        :  2.8350
 k(d)        :  2.0860
 k(f)        :  2.0000
 Tscal       :  0.3300
 Gscal       :  0.3910
 fpol        :  1.0000
 Zcnf        :  0.6500
 Zqf         :  0.0000
 kcn         :  0.3000
 kEN1        : -0.5900
 wllscal     :  2.6000
 
     -------------------------
     ! NO SOLVENT MODEL USED !
     -------------------------
 
 doing EN charges ...
 sum q :  0.2220446D-15
 point charge moment (au)
     X       Y       Z   
   0.7127   0.5742   0.2617  total (Debye):    2.419
 
            Z      q(EN)   CN      Cart. coordinates
     1  MG  2.0   0.908   4.747    67.07771    94.96629    47.75337
     2  C   4.0   0.021   3.227    66.47489    91.14715    53.16366
     3  C   4.0  -0.057   3.159    64.15809    99.78131    51.13976
     4  C   4.0  -0.060   3.159    67.13062    98.28276    42.42624
     5  C   4.0  -0.056   3.135    68.51201    89.41427    44.12699
     6  N   5.0  -0.362   3.122    65.47900    95.39148    51.62731
     7  C   4.0   0.086   3.350    65.68498    93.60191    53.56995
     8  C   4.0  -0.096   4.179    65.30515    94.90771    56.09463
     9  C   4.0  -0.094   4.129    64.06360    97.48907    55.43700
    10  C   4.0   0.109   3.363    64.60784    97.57222    52.54383
    11  C   4.0  -0.236   4.020    61.24980    97.83678    56.25147
    12  C   4.0  -0.162   4.044    67.74857    95.11936    57.75758
    13  C   4.0  -0.168   4.031    67.23078    95.05888    60.72067
    14  C   4.0   0.180   3.087    64.48123    94.91149    61.60885
    15  O   6.0  -0.104   1.048    63.28314    92.99530    62.02270
    16  O   6.0  -0.113   2.032    63.34739    97.22262    61.90931
    17  N   5.0  -0.492   3.209    66.07049    98.50008    47.00504
    18  C   4.0   0.066   3.498    65.04059   100.24051    48.66422
    19  C   4.0   0.013   3.244    64.80248   102.66881    47.48314
    20  C   4.0   0.004   3.271    65.42042   102.24929    44.88288
    21  C   4.0   0.078   3.493    66.29915    99.65470    44.72414
    22  C   4.0  -0.245   4.012    63.72723   105.04987    48.84564
    23  C   4.0   0.097   3.044    65.24468   104.04453    42.71159
    24  O   6.0  -0.092   1.069    65.57160   103.32266    40.47793
    25  C   4.0  -0.245   4.024    64.51902   106.89613    42.71348
    26  N   5.0  -0.383   3.128    67.21755    93.94017    43.75282
    27  C   4.0   0.101   3.367    67.40275    95.71651    41.94058
    28  C   4.0  -0.097   4.168    68.34383    94.52976    39.43480
    29  C   4.0  -0.093   4.138    68.74634    91.70651    39.94314
    30  C   4.0   0.088   3.389    68.19265    91.69706    42.90056
    31  C   4.0  -0.238   4.050    66.71111    95.26297    37.24083
    32  C   4.0  -0.162   4.035    71.34471    90.58401    39.23638
    33  C   4.0  -0.238   4.009    73.64262    91.81234    40.56864
    34  N   5.0  -0.391   3.208    67.34038    90.98086    48.36376
    35  C   4.0   0.094   3.365    68.20588    89.13459    46.81985
    36  C   4.0   0.011   3.292    68.64430    86.91606    48.40722
    37  C   4.0   0.006   3.322    68.06226    87.53589    50.95835
    38  C   4.0   0.055   3.629    67.16653    90.05489    50.84119
    39  C   4.0  -0.245   4.018    69.80270    84.42351    47.53228
    40  C   4.0   0.104   3.134    67.96777    86.62315    53.49625
    41  O   6.0  -0.096   1.035    68.67453    84.67106    54.53371
    42  C   4.0  -0.111   4.173    66.75079    89.02877    55.11764
    43  C   4.0   0.182   3.101    64.44910    88.11981    56.56517
    44  O   6.0  -0.103   1.043    62.37418    87.85525    55.61652
    45  O   6.0  -0.116   2.028    64.99712    87.83446    59.09173
    46  C   4.0  -0.196   4.021    63.30960    86.31890    60.66020
    47  C   4.0  -0.143   4.066    60.80949    97.14514    63.19244
    48  C   4.0  -0.053   3.109    59.95722    99.69627    63.90297
    49  C   4.0   0.022   3.082    59.48101   100.54665    66.25379
    50  C   4.0  -0.251   4.047    59.68699    99.05754    68.67264
    51  C   4.0  -0.179   4.107    59.01992   103.28864    66.61851
    52  C   4.0  -0.164   4.064    61.40475   105.02719    66.81693
    53  C   4.0  -0.164   4.068    60.84729   107.65769    65.86073
    54  C   4.0  -0.087   4.031    60.65075   109.48694    68.09061
    55  C   4.0  -0.238   4.018    63.36251   110.70204    68.76146
    56  C   4.0  -0.162   4.032    58.68733   111.74516    67.79203
    57  C   4.0  -0.164   4.036    56.22124   111.60344    69.59672
    58  C   4.0  -0.165   4.093    56.25147   113.59332    71.69620
    59  C   4.0  -0.089   4.075    56.01904   116.27673    70.61150
    60  C   4.0  -0.239   4.036    58.48324   117.83764    71.10850
    61  C   4.0  -0.167   4.129    53.67011   117.42568    71.69809
    62  C   4.0  -0.162   4.051    51.31551   116.66223    70.15797
    63  C   4.0  -0.166   4.102    49.08941   117.35387    71.94187
    64  C   4.0  -0.088   4.028    47.44157   119.64422    71.07070
    65  C   4.0  -0.238   4.046    46.64222   121.21269    73.29302
    66  C   4.0  -0.239   4.042    45.26461   118.77683    69.36050
    67  H   1.0   0.071   1.007    63.45511   101.21750    52.44367
    68  H   1.0   0.071   1.006    67.28180    99.51486    40.77840
    69  H   1.0   0.070   1.005    69.19987    87.87037    42.94402
    70  H   1.0   0.087   1.012    63.98045    93.81544    57.23224
    71  H   1.0   0.085   1.008    65.19366    98.94605    56.35352
    72  H   1.0   0.081   1.002    60.33328    98.30921    54.46946
    73  H   1.0   0.080   0.998    61.04193    99.49407    57.45901
    74  H   1.0   0.080   0.997    60.22746    96.26075    57.09618
    75  H   1.0   0.082   1.003    68.68776    96.93160    57.48735
    76  H   1.0   0.082   1.002    69.06381    93.64537    57.17933
    77  H   1.0   0.082   1.006    67.82982    96.87680    61.48223
    78  H   1.0   0.081   1.002    68.31170    93.48663    61.49546
    79  H   1.0   0.080   0.999    62.57072   106.07410    47.48125
    80  H   1.0   0.080   0.998    65.20499   106.34244    49.46547
    81  H   1.0   0.080   0.997    62.60284   104.88546    50.56340
    82  H   1.0   0.080   0.998    65.74357   107.95626    43.98715
    83  H   1.0   0.080   0.997    62.53103   107.20415    43.15567
    84  H   1.0   0.080   0.997    65.11051   107.92225    41.02973
    85  H   1.0   0.086   1.014    70.06348    95.55588    38.95859
    86  H   1.0   0.084   1.009    67.08149    90.79188    39.14378
    87  H   1.0   0.080   0.998    67.55014    96.74263    36.07865
    88  H   1.0   0.081   1.000    64.84028    95.80722    37.90979
    89  H   1.0   0.080   0.998    66.27647    93.71151    35.95582
    90  H   1.0   0.082   1.005    71.49022    90.98086    37.22004
    91  H   1.0   0.081   1.002    71.34660    88.54689    39.54629
    92  H   1.0   0.080   0.999    74.53835    90.28166    41.61554
    93  H   1.0   0.081   1.001    72.89429    93.26931    41.81775
    94  H   1.0   0.079   0.997    74.91819    92.82145    39.30441
    95  H   1.0   0.080   0.998    71.19543    83.68840    48.85886
    96  H   1.0   0.080   0.999    70.91953    84.67106    45.82019
    97  H   1.0   0.080   0.999    68.26446    83.12527    47.09197
    98  H   1.0   0.085   1.008    68.20588    89.48608    56.50281
    99  H   1.0   0.081   0.997    61.39153    86.76677    60.05549
   100  H   1.0   0.080   0.995    63.42676    86.70441    62.68032
   101  H   1.0   0.080   0.996    63.90108    84.36682    60.37296
   102  H   1.0   0.083   1.002    60.97201    95.86013    64.79303
   103  H   1.0   0.082   1.003    59.38086    96.38358    61.91876
   104  H   1.0   0.071   1.005    59.80983   101.09656    62.40064
   105  H   1.0   0.080   0.998    58.02215    99.22951    69.87262
   106  H   1.0   0.081   0.999    61.08350    99.86446    69.95199
   107  H   1.0   0.080   0.998    59.90053    97.01664    68.48367
   108  H   1.0   0.083   1.008    58.18655   103.62879    68.47044
   109  H   1.0   0.082   1.003    57.65176   103.96138    65.23334
   110  H   1.0   0.082   1.004    62.83150   104.16925    65.60184
   111  H   1.0   0.082   1.003    62.24757   105.12734    68.69343
   112  H   1.0   0.082   1.003    59.21078   107.56131    64.61351
   113  H   1.0   0.082   1.004    62.34584   108.16413    64.53981
   114  H   1.0   0.083   1.008    60.08384   108.51184    69.81404
   115  H   1.0   0.080   0.997    63.52125   112.71081    68.33816
   116  H   1.0   0.080   0.998    64.82705   109.67780    67.73723
   117  H   1.0   0.080   0.997    63.96911   110.32976    70.69465
   118  H   1.0   0.081   1.003    57.94089   111.62989    65.87396
   119  H   1.0   0.082   1.002    59.54904   113.60465    67.99423
   120  H   1.0   0.081   0.999    55.60141   109.73450    70.20332
   121  H   1.0   0.082   1.005    54.63954   112.10799    68.37784
   122  H   1.0   0.084   1.011    58.19222   113.30797    72.32548
   123  H   1.0   0.083   1.006    54.70379   112.90546    72.86783
   124  H   1.0   0.084   1.010    55.89998   116.34476    68.55548
   125  H   1.0   0.080   0.997    60.08951   116.78506    71.85305
   126  H   1.0   0.081   0.999    58.00892   119.26816    72.51067
   127  H   1.0   0.080   0.998    59.08417   118.71447    69.34538
   128  H   1.0   0.084   1.006    53.90821   119.46658    71.57148
   129  H   1.0   0.083   1.004    53.41310   116.95136    73.68608
   130  H   1.0   0.082   1.001    51.54039   114.74794    69.42853
   131  H   1.0   0.082   1.003    51.21724   117.83197    68.46477
   132  H   1.0   0.083   1.006    49.78294   117.87921    73.80892
   133  H   1.0   0.082   1.002    48.06329   115.60776    72.31414
   134  H   1.0   0.083   1.011    48.63588   120.65711    69.73278
   135  H   1.0   0.080   1.002    47.81574   122.89644    73.10594
   136  H   1.0   0.080   0.998    46.94457   120.41712    75.16952
   137  H   1.0   0.081   1.001    44.60131   121.46214    73.16452
   138  H   1.0   0.080   0.999    43.52417   118.59731    70.44898
   139  H   1.0   0.080   0.998    45.66334   117.10065    68.23233
   140  H   1.0   0.080   0.998    44.83186   120.12043    67.86195
 
  Z AO/shell   Hii/eV     exponent
  1     Sat Feb 20 21:38:01 CET 2016    EN: 2.327 GAM: 0.473  GM3: 0.0000
     1s    -13.751157    1.051071
  6     Sat Feb 20 21:38:01 CET 2016    EN: 2.731 GAM: 0.422  GM3: 0.0000
     2s    -19.378245    2.021003
     2p    -11.993376    1.497917
  7     Sat Feb 20 21:38:01 CET 2016    EN: 3.573 GAM: 0.504  GM3: 0.0000
     2s    -21.576984    2.275442
     2p    -16.125120    2.056788
  8     Sat Feb 20 21:38:01 CET 2016    EN: 3.700 GAM: 0.587  GM3: 0.0000
     2s    -21.648843    2.110798
     2p    -17.239740    2.329048
 12     Sat Feb 20 23:25:47 CET 2016    EN: 0.033 GAM: 0.222  GM3: 0.0000
     3s    -12.693633    1.302878
     3p     -8.128821    0.504252
 
 dipole moment of classical point charges (au)
     X       Y       Z   
   0.7127   0.5742   0.2617  total (Debye):    2.419

 
 Nbf   :          338
 T(el) :   300.0
 calculating S/T integrals ...
 cpu time for ints   0.149031000000000     
 Nao   :          338
 making H0...
 making H1...
 cpu time for H      1.333200000000001E-002
 solving ...
 cpu time for diag   7.594899999999999E-002
 
 gap (eV)           :   1.235
 Koopmans IP (eV)   :  12.248
 Eel (Eh)           :  -268.314059
 T,E(Fermi),NFOD :    300.000   -11.631  0.000000
 T,E(Fermi),NFOD :    300.000   -11.631  0.000000
 Nfod               :  0.0000
 Nfod/Nel           :  0.0000

          eigenvalues
 #    :         164        165        166        167        168        169        170        171
 occ. :        2.000      2.000      2.000      2.000      2.000      2.000      2.000      2.000
 eps  :       -16.260    -16.107    -16.052    -15.945    -15.728    -15.501    -15.388    -15.015
 #    :         172        173        174        175        176        177        178        179
 occ. :        2.000      2.000      2.000      2.000      2.000      0.000      0.000      0.000
 eps  :       -14.924    -14.840    -14.739    -13.306    -12.250    -11.014     -9.815     -8.866
 #    :         180        181        182        183        184        185        186        187
 occ. :        0.000      0.000      0.000      0.000      0.000      0.000      0.000      0.000
 eps  :        -8.476     -8.071     -7.987     -7.931     -7.663     -7.338     -7.178     -7.135
                            1  SCC done.
 making H1...
 cpu time for H      8.980900000000003E-002
 solving ...
 cpu time for diag   3.666500000000000E-002
 
 gap (eV)           :   1.486
 Koopmans IP (eV)   :  12.143
 Eel (Eh)           :  -265.567666
 T,E(Fermi),NFOD :    300.000   -11.400  0.000000
 T,E(Fermi),NFOD :    300.000   -11.400  0.000000
 Nfod               :  0.0000
 Nfod/Nel           :  0.0000

          eigenvalues
 #    :         164        165        166        167        168        169        170        171
 occ. :        2.000      2.000      2.000      2.000      2.000      2.000      2.000      2.000
 eps  :       -15.201    -15.141    -15.005    -14.918    -14.736    -14.496    -14.451    -14.362
 #    :         172        173        174        175        176        177        178        179
 occ. :        2.000      2.000      2.000      2.000      2.000      0.000      0.000      0.000
 eps  :       -13.997    -13.898    -13.890    -12.734    -12.145    -10.658     -9.248     -8.583
 #    :         180        181        182        183        184        185        186        187
 occ. :        0.000      0.000      0.000      0.000      0.000      0.000      0.000      0.000
 eps  :        -8.267     -7.988     -7.912     -7.844     -7.433     -7.162     -7.147     -6.883
                            2  SCC done.
 
 
 Mulliken/CM5 charges    n(s)   n(p)   n(d)   
    1 MG  0.3025  0.7590   0.662  1.036  0.000
    2 C   0.0287  0.0315   1.172  2.800  0.000
    3 C  -0.0499 -0.0922   1.137  2.913  0.000
    4 C  -0.0277 -0.0688   1.131  2.897  0.000
    5 C  -0.0226 -0.0648   1.130  2.893  0.000
    6 N  -0.1664 -0.4142   1.420  3.746  0.000
    7 C   0.0407  0.0970   1.229  2.731  0.000
    8 C  -0.0243 -0.0776   1.194  2.830  0.000
    9 C  -0.0247 -0.0826   1.204  2.821  0.000
   10 C   0.0337  0.0969   1.230  2.737  0.000
   11 C  -0.0894 -0.2373   1.105  2.984  0.000
   12 C  -0.0535 -0.1604   1.168  2.886  0.000
   13 C  -0.0567 -0.1568   1.150  2.906  0.000
   14 C   0.2138  0.2620   1.187  2.599  0.000
   15 O  -0.2792 -0.3321   1.623  4.656  0.000
   16 O  -0.1711 -0.2476   1.497  4.674  0.000
   17 N  -0.2165 -0.5269   1.382  3.834  0.000
   18 C   0.0240  0.0834   1.183  2.793  0.000
   19 C  -0.0582 -0.0613   1.227  2.831  0.000
   20 C  -0.0326 -0.0264   1.189  2.843  0.000
   21 C   0.0381  0.1018   1.211  2.750  0.000
   22 C  -0.0758 -0.2202   1.080  2.995  0.000
   23 C   0.1136  0.1366   1.227  2.660  0.000
   24 O  -0.2493 -0.3011   1.626  4.623  0.000
   25 C  -0.1020 -0.2438   1.100  3.002  0.000
   26 N  -0.1510 -0.4106   1.405  3.746  0.000
   27 C   0.0496  0.1098   1.229  2.722  0.000
   28 C  -0.0116 -0.0705   1.179  2.832  0.000
   29 C  -0.0261 -0.0839   1.206  2.820  0.000
   30 C   0.0409  0.0981   1.234  2.725  0.000
   31 C  -0.0929 -0.2427   1.099  2.994  0.000
   32 C  -0.0404 -0.1505   1.144  2.896  0.000
   33 C  -0.0872 -0.2380   1.092  2.995  0.000
   34 N  -0.1994 -0.4621   1.390  3.810  0.000
   35 C   0.0477  0.1136   1.197  2.755  0.000
   36 C   0.0100  0.0071   1.223  2.767  0.000
   37 C  -0.0421 -0.0352   1.170  2.872  0.000
   38 C   0.0256  0.0861   1.203  2.771  0.000
   39 C  -0.0765 -0.2200   1.081  2.995  0.000
   40 C   0.1431  0.1754   1.207  2.650  0.000
   41 O  -0.2129 -0.2543   1.634  4.579  0.000
   42 C  -0.0649 -0.1080   1.219  2.846  0.000
   43 C   0.2263  0.2807   1.178  2.596  0.000
   44 O  -0.2623 -0.3075   1.625  4.637  0.000
   45 O  -0.1511 -0.2349   1.471  4.681  0.000
   46 C   0.0167 -0.1061   1.094  2.890  0.000
   47 C   0.0503 -0.0310   1.129  2.820  0.000
   48 C  -0.0608 -0.1176   1.147  2.914  0.000
   49 C  -0.0028 -0.0265   1.201  2.801  0.000
   50 C  -0.0973 -0.2433   1.081  3.017  0.000
   51 C  -0.0650 -0.1717   1.135  2.930  0.000
   52 C  -0.0579 -0.1706   1.154  2.904  0.000
   53 C  -0.0523 -0.1630   1.143  2.909  0.000
   54 C  -0.0298 -0.1003   1.219  2.811  0.000
   55 C  -0.1201 -0.2700   1.115  3.005  0.000
   56 C  -0.0864 -0.1956   1.177  2.910  0.000
   57 C  -0.0888 -0.2034   1.167  2.921  0.000
   58 C  -0.0653 -0.1757   1.153  2.912  0.000
   59 C  -0.0217 -0.0963   1.195  2.827  0.000
   60 C  -0.1072 -0.2589   1.110  2.997  0.000
   61 C  -0.0698 -0.1820   1.155  2.915  0.000
   62 C  -0.0637 -0.1762   1.152  2.912  0.000
   63 C  -0.0830 -0.1934   1.164  2.919  0.000
   64 C  -0.0116 -0.0878   1.191  2.821  0.000
   65 C  -0.0842 -0.2342   1.093  2.991  0.000
   66 C  -0.1136 -0.2646   1.105  3.009  0.000
   67 H   0.0638  0.1233   0.936  0.000  0.000
   68 H   0.0579  0.1241   0.942  0.000  0.000
   69 H   0.0615  0.1201   0.938  0.000  0.000
   70 H   0.0507  0.1202   0.949  0.000  0.000
   71 H   0.0458  0.1080   0.954  0.000  0.000
   72 H   0.0326  0.0875   0.967  0.000  0.000
   73 H   0.0369  0.0899   0.963  0.000  0.000
   74 H   0.0471  0.1000   0.953  0.000  0.000
   75 H   0.0359  0.0927   0.964  0.000  0.000
   76 H   0.0484  0.1055   0.952  0.000  0.000
   77 H   0.0423  0.1036   0.958  0.000  0.000
   78 H   0.0495  0.1072   0.951  0.000  0.000
   79 H   0.0444  0.0975   0.956  0.000  0.000
   80 H   0.0463  0.0978   0.954  0.000  0.000
   81 H   0.0524  0.1038   0.948  0.000  0.000
   82 H   0.0311  0.0836   0.969  0.000  0.000
   83 H   0.0463  0.0988   0.954  0.000  0.000
   84 H   0.0509  0.1057   0.949  0.000  0.000
   85 H   0.0421  0.1053   0.958  0.000  0.000
   86 H   0.0566  0.1185   0.943  0.000  0.000
   87 H   0.0420  0.0938   0.958  0.000  0.000
   88 H   0.0314  0.0854   0.969  0.000  0.000
   89 H   0.0282  0.0804   0.972  0.000  0.000
   90 H   0.0322  0.0886   0.968  0.000  0.000
   91 H   0.0473  0.1028   0.953  0.000  0.000
   92 H   0.0389  0.0910   0.961  0.000  0.000
   93 H   0.0383  0.0940   0.962  0.000  0.000
   94 H   0.0388  0.0898   0.961  0.000  0.000
   95 H   0.0490  0.1014   0.951  0.000  0.000
   96 H   0.0373  0.0898   0.963  0.000  0.000
   97 H   0.0516  0.1038   0.948  0.000  0.000
   98 H   0.0494  0.1172   0.951  0.000  0.000
   99 H   0.0524  0.1168   0.948  0.000  0.000
  100 H   0.0524  0.1096   0.948  0.000  0.000
  101 H   0.0486  0.1093   0.951  0.000  0.000
  102 H   0.0574  0.1258   0.943  0.000  0.000
  103 H   0.0593  0.1236   0.941  0.000  0.000
  104 H   0.0363  0.0951   0.964  0.000  0.000
  105 H   0.0364  0.0884   0.964  0.000  0.000
  106 H   0.0440  0.0965   0.956  0.000  0.000
  107 H   0.0426  0.0948   0.957  0.000  0.000
  108 H   0.0275  0.0857   0.972  0.000  0.000
  109 H   0.0434  0.1002   0.957  0.000  0.000
  110 H   0.0248  0.0817   0.975  0.000  0.000
  111 H   0.0396  0.0961   0.960  0.000  0.000
  112 H   0.0402  0.0970   0.960  0.000  0.000
  113 H   0.0374  0.0935   0.963  0.000  0.000
  114 H   0.0370  0.0977   0.963  0.000  0.000
  115 H   0.0354  0.0871   0.965  0.000  0.000
  116 H   0.0260  0.0784   0.974  0.000  0.000
  117 H   0.0320  0.0828   0.968  0.000  0.000
  118 H   0.0258  0.0817   0.974  0.000  0.000
  119 H   0.0430  0.1004   0.957  0.000  0.000
  120 H   0.0373  0.0910   0.963  0.000  0.000
  121 H   0.0200  0.0768   0.980  0.000  0.000
  122 H   0.0396  0.0993   0.960  0.000  0.000
  123 H   0.0517  0.1089   0.948  0.000  0.000
  124 H   0.0385  0.1002   0.961  0.000  0.000
  125 H   0.0364  0.0882   0.964  0.000  0.000
  126 H   0.0266  0.0796   0.973  0.000  0.000
  127 H   0.0350  0.0867   0.965  0.000  0.000
  128 H   0.0268  0.0844   0.973  0.000  0.000
  129 H   0.0348  0.0926   0.965  0.000  0.000
  130 H   0.0432  0.0990   0.957  0.000  0.000
  131 H   0.0283  0.0848   0.972  0.000  0.000
  132 H   0.0391  0.0978   0.961  0.000  0.000
  133 H   0.0248  0.0804   0.975  0.000  0.000
  134 H   0.0366  0.0972   0.963  0.000  0.000
  135 H   0.0416  0.0945   0.958  0.000  0.000
  136 H   0.0384  0.0904   0.962  0.000  0.000
  137 H   0.0406  0.0940   0.959  0.000  0.000
  138 H   0.0237  0.0761   0.976  0.000  0.000
  139 H   0.0342  0.0862   0.966  0.000  0.000
  140 H   0.0285  0.0799   0.971  0.000  0.000
 Hirshfeld charges for QMDFF written to <charges>
 
 Loewdin charges    n(s)   n(p)   n(d)
    1 MG  0.1404   0.674  1.186  0.000
    2 C   0.0325   1.129  2.838  0.000
    3 C  -0.0469   1.084  2.963  0.000
    4 C  -0.0262   1.079  2.947  0.000
    5 C  -0.0207   1.078  2.943  0.000
    6 N  -0.1320   1.377  3.755  0.000
    7 C   0.0416   1.192  2.766  0.000
    8 C  -0.0175   1.147  2.871  0.000
    9 C  -0.0172   1.156  2.861  0.000
   10 C   0.0376   1.193  2.770  0.000
   11 C  -0.0920   1.034  3.058  0.000
   12 C  -0.0480   1.110  2.938  0.000
   13 C  -0.0564   1.092  2.965  0.000
   14 C   0.1922   1.161  2.647  0.000
   15 O  -0.2647   1.593  4.672  0.000
   16 O  -0.1396   1.465  4.674  0.000
   17 N  -0.1791   1.337  3.842  0.000
   18 C   0.0269   1.143  2.830  0.000
   19 C  -0.0495   1.187  2.863  0.000
   20 C  -0.0391   1.153  2.887  0.000
   21 C   0.0442   1.173  2.783  0.000
   22 C  -0.0772   1.007  3.070  0.000
   23 C   0.1127   1.192  2.696  0.000
   24 O  -0.2355   1.598  4.638  0.000
   25 C  -0.1086   1.029  3.080  0.000
   26 N  -0.1165   1.361  3.756  0.000
   27 C   0.0549   1.190  2.755  0.000
   28 C  -0.0037   1.130  2.874  0.000
   29 C  -0.0184   1.159  2.859  0.000
   30 C   0.0447   1.197  2.758  0.000
   31 C  -0.0961   1.027  3.069  0.000
   32 C  -0.0341   1.085  2.949  0.000
   33 C  -0.0881   1.020  3.069  0.000
   34 N  -0.1684   1.349  3.820  0.000
   35 C   0.0484   1.159  2.792  0.000
   36 C   0.0160   1.183  2.801  0.000
   37 C  -0.0492   1.132  2.917  0.000
   38 C   0.0299   1.164  2.806  0.000
   39 C  -0.0771   1.007  3.070  0.000
   40 C   0.1370   1.174  2.689  0.000
   41 O  -0.1968   1.604  4.593  0.000
   42 C  -0.0675   1.174  2.893  0.000
   43 C   0.2021   1.152  2.646  0.000
   44 O  -0.2479   1.595  4.653  0.000
   45 O  -0.1164   1.436  4.681  0.000
   46 C   0.0095   1.023  2.967  0.000
   47 C   0.0506   1.070  2.879  0.000
   48 C  -0.0601   1.097  2.963  0.000
   49 C   0.0092   1.158  2.833  0.000
   50 C  -0.1017   1.008  3.094  0.000
   51 C  -0.0636   1.077  2.987  0.000
   52 C  -0.0533   1.095  2.958  0.000
   53 C  -0.0491   1.084  2.965  0.000
   54 C  -0.0197   1.173  2.847  0.000
   55 C  -0.1251   1.046  3.079  0.000
   56 C  -0.0850   1.121  2.964  0.000
   57 C  -0.0857   1.111  2.975  0.000
   58 C  -0.0620   1.095  2.967  0.000
   59 C  -0.0117   1.146  2.865  0.000
   60 C  -0.1115   1.040  3.072  0.000
   61 C  -0.0678   1.097  2.970  0.000
   62 C  -0.0594   1.094  2.966  0.000
   63 C  -0.0823   1.108  2.974  0.000
   64 C   0.0005   1.141  2.858  0.000
   65 C  -0.0869   1.021  3.066  0.000
   66 C  -0.1189   1.035  3.084  0.000
   67 H   0.0581   0.942  0.000  0.000
   68 H   0.0508   0.949  0.000  0.000
   69 H   0.0562   0.944  0.000  0.000
   70 H   0.0435   0.956  0.000  0.000
   71 H   0.0405   0.959  0.000  0.000
   72 H   0.0334   0.967  0.000  0.000
   73 H   0.0367   0.963  0.000  0.000
   74 H   0.0460   0.954  0.000  0.000
   75 H   0.0336   0.966  0.000  0.000
   76 H   0.0450   0.955  0.000  0.000
   77 H   0.0387   0.961  0.000  0.000
   78 H   0.0448   0.955  0.000  0.000
   79 H   0.0434   0.957  0.000  0.000
   80 H   0.0452   0.955  0.000  0.000
   81 H   0.0515   0.948  0.000  0.000
   82 H   0.0325   0.968  0.000  0.000
   83 H   0.0459   0.954  0.000  0.000
   84 H   0.0494   0.951  0.000  0.000
   85 H   0.0372   0.963  0.000  0.000
   86 H   0.0497   0.950  0.000  0.000
   87 H   0.0412   0.959  0.000  0.000
   88 H   0.0314   0.969  0.000  0.000
   89 H   0.0295   0.970  0.000  0.000
   90 H   0.0293   0.971  0.000  0.000
   91 H   0.0444   0.956  0.000  0.000
   92 H   0.0382   0.962  0.000  0.000
   93 H   0.0399   0.960  0.000  0.000
   94 H   0.0382   0.962  0.000  0.000
   95 H   0.0471   0.953  0.000  0.000
   96 H   0.0375   0.962  0.000  0.000
   97 H   0.0497   0.950  0.000  0.000
   98 H   0.0425   0.958  0.000  0.000
   99 H   0.0477   0.952  0.000  0.000
  100 H   0.0490   0.951  0.000  0.000
  101 H   0.0448   0.955  0.000  0.000
  102 H   0.0501   0.950  0.000  0.000
  103 H   0.0520   0.948  0.000  0.000
  104 H   0.0298   0.970  0.000  0.000
  105 H   0.0371   0.963  0.000  0.000
  106 H   0.0436   0.956  0.000  0.000
  107 H   0.0425   0.958  0.000  0.000
  108 H   0.0253   0.975  0.000  0.000
  109 H   0.0409   0.959  0.000  0.000
  110 H   0.0225   0.978  0.000  0.000
  111 H   0.0370   0.963  0.000  0.000
  112 H   0.0384   0.962  0.000  0.000
  113 H   0.0350   0.965  0.000  0.000
  114 H   0.0319   0.968  0.000  0.000
  115 H   0.0359   0.964  0.000  0.000
  116 H   0.0277   0.972  0.000  0.000
  117 H   0.0326   0.967  0.000  0.000
  118 H   0.0242   0.976  0.000  0.000
  119 H   0.0411   0.959  0.000  0.000
  120 H   0.0355   0.964  0.000  0.000
  121 H   0.0201   0.980  0.000  0.000
  122 H   0.0372   0.963  0.000  0.000
  123 H   0.0483   0.952  0.000  0.000
  124 H   0.0341   0.966  0.000  0.000
  125 H   0.0373   0.963  0.000  0.000
  126 H   0.0277   0.972  0.000  0.000
  127 H   0.0351   0.965  0.000  0.000
  128 H   0.0248   0.975  0.000  0.000
  129 H   0.0333   0.967  0.000  0.000
  130 H   0.0405   0.960  0.000  0.000
  131 H   0.0268   0.973  0.000  0.000
  132 H   0.0386   0.961  0.000  0.000
  133 H   0.0230   0.977  0.000  0.000
  134 H   0.0320   0.968  0.000  0.000
  135 H   0.0405   0.960  0.000  0.000
  136 H   0.0389   0.961  0.000  0.000
  137 H   0.0405   0.960  0.000  0.000
  138 H   0.0249   0.975  0.000  0.000
  139 H   0.0347   0.965  0.000  0.000
  140 H   0.0294   0.971  0.000  0.000
 
 Wiberg/Mayer (AO) data. WBOs > 0.1 written file <wbo>
 largest (>0.05) Wiberg bond orders for each atom
           total WBO             WBO to atom ...
     1  MG  2.533    N   17 0.554    N   34 0.501    N   26 0.403    N    6 0.361    C   21 0.061    C   38 0.053
     2  C   3.913    C    7 1.431    C   38 1.241    C   42 0.939
     3  C   3.896    C   10 1.405    C   18 1.266    H   67 0.934
     4  C   3.912    C   27 1.483    C   21 1.176    H   68 0.933
     5  C   3.889    C   30 1.502    C   35 1.210    H   69 0.935
     6  N   3.299    C   10 1.307    C    7 1.180    MG   1 0.361    C   38 0.053
     7  C   3.857    C    2 1.431    N    6 1.180    C    8 0.947
     8  C   3.938    C    9 0.960    C    7 0.947    C   12 0.943    H   70 0.935
     9  C   3.932    C   11 0.964    C    8 0.960    H   71 0.945    C   10 0.914
    10  C   3.865    C    3 1.405    N    6 1.307    C    9 0.914
    11  C   3.967    H   73 0.981    H   72 0.979    H   74 0.975    C    9 0.964
    12  C   3.940    H   75 0.968    H   76 0.961    C   13 0.950    C    8 0.943
    13  C   3.961    H   77 0.969    H   78 0.963    C   12 0.950    C   14 0.939    O   15 0.077
    14  C   3.891    O   15 1.820    O   16 1.090    C   13 0.939
    15  O   2.129    C   14 1.820    O   16 0.166    C   13 0.077
    16  O   2.285    C   14 1.090    C   47 0.919    O   15 0.166
    17  N   3.329    C   21 1.217    C   18 1.117    MG   1 0.554    C   20 0.062    C   19 0.051
    18  C   3.885    C    3 1.266    C   19 1.241    N   17 1.117
    19  C   3.847    C   20 1.354    C   18 1.241    C   22 0.971    O   24 0.062    N   17 0.051
    20  C   3.888    C   19 1.354    C   21 1.167    C   23 1.049    O   24 0.065    N   17 0.062
    21  C   3.866    N   17 1.217    C    4 1.176    C   20 1.167    MG   1 0.061    N   26 0.053
    22  C   3.974    H   81 0.975    H   79 0.975    C   19 0.971    H   80 0.970
    23  C   3.877    O   24 1.799    C   20 1.049    C   25 0.936
    24  O   2.129    C   23 1.799    C   25 0.075    C   20 0.065    C   19 0.062
    25  C   3.970    H   84 0.973    H   82 0.971    H   83 0.962    C   23 0.936    O   24 0.075
    26  N   3.343    C   27 1.240    C   30 1.219    MG   1 0.403    C   21 0.053
    27  C   3.870    C    4 1.483    N   26 1.240    C   28 0.906
    28  C   3.941    C   31 0.987    C   29 0.966    H   85 0.942    C   27 0.906
    29  C   3.930    C   28 0.966    C   32 0.965    H   86 0.936    C   30 0.891
    30  C   3.862    C    5 1.502    N   26 1.219    C   29 0.891
    31  C   3.974    C   28 0.987    H   87 0.978    H   88 0.976    H   89 0.974
    32  C   3.961    C   33 1.002    H   90 0.968    C   29 0.965    H   91 0.963
    33  C   3.979    C   32 1.002    H   92 0.985    H   94 0.984    H   93 0.975
    34  N   3.307    C   35 1.220    C   38 1.139    MG   1 0.501    C   37 0.064
    35  C   3.869    N   34 1.220    C    5 1.210    C   36 1.186
    36  C   3.831    C   37 1.336    C   35 1.186    C   39 0.986    O   41 0.061
    37  C   3.919    C   36 1.336    C   38 1.176    C   40 1.107    O   41 0.065    N   34 0.064
    38  C   3.869    C    2 1.241    C   37 1.176    N   34 1.139    MG   1 0.053    N    6 0.053
    39  C   3.979    C   36 0.986    H   96 0.977    H   95 0.974    H   97 0.966
    40  C   3.888    O   41 1.836    C   37 1.107    C   42 0.789
    41  O   2.207    C   40 1.836    C   42 0.105    C   37 0.065    C   36 0.061
    42  C   3.925    C    2 0.939    H   98 0.936    C   43 0.921    C   40 0.789    O   41 0.105    O   44 0.077
    43  C   3.896    O   44 1.828    O   45 1.080    C   42 0.921
    44  O   2.151    C   43 1.828    O   45 0.164    C   42 0.077
    45  O   2.286    C   43 1.080    C   46 0.969    O   44 0.164
    46  C   3.943    H  100 0.988    H  101 0.987    H   99 0.982    O   45 0.969
    47  C   3.933    C   48 1.022    H  102 0.961    H  103 0.960    O   16 0.919
    48  C   3.963    C   49 1.860    C   47 1.022    H  104 0.939
    49  C   3.939    C   48 1.860    C   51 0.992    C   50 0.988
    50  C   3.983    C   49 0.988    H  107 0.972    H  105 0.969    H  106 0.965
    51  C   3.969    C   49 0.992    H  108 0.968    H  109 0.953    C   52 0.951
    52  C   3.962    C   53 0.994    H  110 0.966    H  111 0.965    C   51 0.951
    53  C   3.964    C   52 0.994    C   54 0.979    H  113 0.958    H  112 0.953
    54  C   3.930    C   53 0.979    C   55 0.967    C   56 0.962    H  114 0.955
    55  C   3.972    H  117 0.983    H  116 0.981    H  115 0.979    C   54 0.967
    56  C   3.951    H  118 0.972    C   54 0.962    H  119 0.962    C   57 0.961
    57  C   3.950    C   58 0.995    H  121 0.966    C   56 0.961    H  120 0.960
    58  C   3.967    C   57 0.995    C   59 0.974    H  122 0.961    H  123 0.954
    59  C   3.945    C   61 0.986    C   58 0.974    C   60 0.974    H  124 0.949
    60  C   3.977    H  127 0.983    H  126 0.981    H  125 0.975    C   59 0.974
    61  C   3.965    C   59 0.986    C   62 0.981    H  128 0.963    H  129 0.958
    62  C   3.964    C   61 0.981    C   63 0.981    H  131 0.969    H  130 0.964
    63  C   3.956    C   62 0.981    H  133 0.965    C   64 0.962    H  132 0.954
    64  C   3.945    C   65 0.999    C   66 0.987    C   63 0.962    H  134 0.954
    65  C   3.984    C   64 0.999    H  135 0.978    H  136 0.975    H  137 0.972
    66  C   3.976    C   64 0.987    H  140 0.980    H  138 0.979    H  139 0.977
    67  H   0.993    C    3 0.934
    68  H   0.994    C    4 0.933
    69  H   0.993    C    5 0.935
    70  H   0.994    C    8 0.935
    71  H   0.996    C    9 0.945
    72  H   0.997    C   11 0.979
    73  H   0.997    C   11 0.981
    74  H   0.996    C   11 0.975
    75  H   0.996    C   12 0.968
    76  H   0.997    C   12 0.961
    77  H   0.997    C   13 0.969
    78  H   0.996    C   13 0.963
    79  H   0.995    C   22 0.975
    80  H   0.993    C   22 0.970
    81  H   0.994    C   22 0.975
    82  H   0.999    C   25 0.971
    83  H   0.996    C   25 0.962
    84  H   0.995    C   25 0.973
    85  H   0.995    C   28 0.942
    86  H   0.994    C   29 0.936
    87  H   0.997    C   31 0.978
    88  H   0.997    C   31 0.976
    89  H   0.998    C   31 0.974
    90  H   0.997    C   32 0.968
    91  H   0.996    C   32 0.963
    92  H   0.998    C   33 0.985
    93  H   0.998    C   33 0.975
    94  H   0.998    C   33 0.984
    95  H   0.994    C   39 0.974
    96  H   0.995    C   39 0.977
    97  H   0.991    C   39 0.966
    98  H   0.994    C   42 0.936
    99  H   0.997    C   46 0.982
   100  H   0.997    C   46 0.988
   101  H   0.998    C   46 0.987
   102  H   0.997    C   47 0.961
   103  H   0.996    C   47 0.960
   104  H   0.999    C   48 0.939
   105  H   0.999    C   50 0.969
   106  H   0.998    C   50 0.965
   107  H   0.997    C   50 0.972
   108  H   0.999    C   51 0.968
   109  H   0.998    C   51 0.953
   110  H   0.998    C   52 0.966
   111  H   0.998    C   52 0.965
   112  H   0.998    C   53 0.953
   113  H   0.998    C   53 0.958
   114  H   0.999    C   54 0.955
   115  H   0.999    C   55 0.979
   116  H   0.999    C   55 0.981
   117  H   0.999    C   55 0.983
   118  H   0.999    C   56 0.972
   119  H   0.997    C   56 0.962
   120  H   0.998    C   57 0.960
   121  H   0.999    C   57 0.966
   122  H   0.998    C   58 0.961
   123  H   0.997    C   58 0.954
   124  H   0.998    C   59 0.949
   125  H   0.998    C   60 0.975
   126  H   0.999    C   60 0.981
   127  H   0.998    C   60 0.983
   128  H   0.999    C   61 0.963
   129  H   0.999    C   61 0.958
   130  H   0.998    C   62 0.964
   131  H   0.999    C   62 0.969
   132  H   0.998    C   63 0.954
   133  H   0.999    C   63 0.965
   134  H   0.999    C   64 0.954
   135  H   0.998    C   65 0.978
   136  H   0.999    C   65 0.975
   137  H   0.998    C   65 0.972
   138  H   0.999    C   66 0.979
   139  H   0.999    C   66 0.977
   140  H   0.999    C   66 0.980
 
 --------------------------------------------
          xTB calculation for sTDA...
 --------------------------------------------
 
 reading parameter file ~/.param_stda2.xtb
 
      method parameters     
 k(s)        :  1.6000
 k(p)        :  2.1800
 k(d)        :  1.9500
 k(f)        :  2.0000
 k(R-V)      :  2.2750
 k(R-R)      :  1.7650
 Tscal       :  0.2580
 Gscal       :  1.0000
 fpol        :  1.0000
 Zcnf        :  0.3430
 Zqf         :  0.0000
 kcn         :  2.7000
 Ryd Hsplit  :  0.7000
 lshift(virt):  3.1000
 lshift(OS)  :  0.2000
 wllscaling  :  2.6000
 
 mowrcut     : 3.000
 
  Z AO/shell   Hii/eV     exponent
  1     Sun Feb 14 09:53:25 CET 2016    EN: 2.327 GAM: 0.473  GM3: 0.0000
     1s    -14.339618    1.220000
     2sp    -3.348946    0.600000
  6     Sun Feb 14 09:53:25 CET 2016    EN: 2.731 GAM: 0.422  GM3: 0.0000
     2s    -22.009312    1.565095
     2p    -13.020408    1.596905
     3sp    -3.914040    0.824500
  7     Sun Feb 14 09:53:25 CET 2016    EN: 3.573 GAM: 0.504  GM3: 0.0000
     2s    -25.722000    2.064844
     2p    -18.684912    1.801692
     3sp    -4.344791    0.921400
  8     Sun Feb 14 09:53:25 CET 2016    EN: 3.700 GAM: 0.587  GM3: 0.0000
     2s    -33.859000    2.418661
     2p    -22.175911    1.973969
     3sp    -4.259392    1.013700
 12     Sun Feb 21 16:58:31 CET 2016    EN: 0.033 GAM: 0.222  GM3: 0.0000
     3s    -11.092543    1.647583
     3p     -6.929529    0.855020
 
 Nbf   :          894
 T(el) :     0.0
 calculating S/T integrals ...
 cpu time for ints    1.18239800000000     
 Nao   :          894
 making H0...
 making H1...
 cpu time for H      2.267700000000006E-002
 solving ...
 cpu time for diag   0.264056000000000     
 
 gap (eV)           :   4.649
 Koopmans IP (eV)   :  13.484
 Eel (Eh)           :  -300.752019

          eigenvalues
 #    :         164        165        166        167        168        169        170        171
 occ. :        2.000      2.000      2.000      2.000      2.000      2.000      2.000      2.000
 eps  :       -17.382    -17.253    -16.962    -16.313    -16.255    -16.138    -16.024    -15.756
 #    :         172        173        174        175        176        177        178        179
 occ. :        2.000      2.000      2.000      2.000      2.000      0.000      0.000      0.000
 eps  :       -15.736    -15.630    -15.136    -14.008    -13.485     -8.835     -7.070     -6.787
 #    :         180        181        182        183        184        185        186        187
 occ. :        0.000      0.000      0.000      0.000      0.000      0.000      0.000      0.000
 eps  :        -6.373     -6.179     -5.897     -5.473     -5.292     -5.208     -5.104     -5.022
                            1  SCC done.
 writing mo output ...
 molden style : F
 
speedup  1.08
cpu  time for all    2.01 s
wall time for all    1.86 s
