 
        ______________________________________
       |                                      |
       |          ===================         |
       |             xTB for sTDA             |
       |          ===================         |
       |               S. Grimme              |
       |        Universitaet Bonn, MCTC       |
       |         2015-19, Version 1.0         |
       |     Wed Apr  3 09:14:55 CEST 2019    |
       |______________________________________|
 
        This code comes without any warranty
        for non-commercial, academia use only.
        Preliminary test version.
        Cite this work as:
        S. Grimme  &  C. Bannwarth, JCP 145 (2016) 054103
        if GBSA is used additionally:
        P. Shushkov, F. März, C. Bannwarth, S. Grimme, unpublished.
 
        with help from
        P. Shushkov, G. Brandenburg, S. Dohm, J. Pisarek,
        F. März, M. Checinski, S. Ehrlich, S. Spicher, 
        P. Pracht, E. Caldeweyher, S. Ehlert, and C. Bannwarth.
 
        usage        :
        xtb4stda <coord_file> [options]
        where <coord_file> is a valid file of TM)
        (*coord, Bohr) or xmol (*xyz, Angstroem)
        format.

        options:
        -chrg <int>   : molecular charge
        -uhf  <int>   : # of unpaired electrons(=2*S)
        -nox          : skip second, extended part in sTDA-xTB
        -pop          : do population analysis
                      : (default for -nox)
        -mowr <real>  : cut MO write above (def.3 Eh)
        -molden       : write formatted molden file
        -parx <file>  : read parameters for sTDA-xTB
                        calc (def:~/.param_stda2.xtb)
        -parv <file>  : read parameters for vTB part in
                        sTDA-xTB (def: ~/.param_stda1.xtb)
        -xtemp <real> : el. temp for xTB (def. 0 K)
        -etemp <real> : el. temp for GFN (def. 300 K)
        -fod          : calculate the FOD and write
                        molden.input file with
                        appropriate occupations
                        for plotting. Def. T=12500 K
 
        -acc <real>   : xTB accuracy (def. 1.0)
        -gbsa [string1] [string2]
                        use GBSA implicit solvent
                        for solvent [string1] and
                        solvation state [string2]=
                        reference, bar1M (default=1M)
        additional GFN/opt/MD/siman options read from
        $XTB4STDAHOME/.xtb4stdarc or $set in input
 
       spin and charge state information can be on:
       <.CHRG> (charge) and <.UHF> (=nalpha-nbeta)
       -uhf and -chrg override the file info.
       useful machine settings:
       setenv MKL_NUM_THREADS <NCORE_ON_YOUR_MACHINE>
       setenv OMP_STACKSIZE 500m
       limit stacksize unlimited
 
       total energies in Eh, gaps/HL energies in eV
       please read REVISION and HOWTO files carefully
 =============================
  # OMP threads =           4
 =============================
 
 xtb4stdahome directory:~/
 
 
 name of molecule           :
 comment line               :
 number of atoms            :   140
 number of electrons        :   352
 charge                     :  0
 spin                       : 0.0
 first test random number   :  0.5290
 
 -----------------------------------------
      charge density (VTB) calculation
 -----------------------------------------
 
      method parameters     
 k(s)        :  1.8000
 k(p)        :  2.8350
 k(d)        :  2.0860
 k(f)        :  2.0000
 Tscal       :  0.3300
 Gscal       :  0.3910
 fpol        :  1.0000
 Zcnf        :  0.6500
 Zqf         :  0.0000
 kcn         :  0.3000
 kEN1        : -0.5900
 wllscal     :  2.6000
 
     -------------------------
     ! NO SOLVENT MODEL USED !
     -------------------------
 
 doing EN charges ...
 sum q :  0.8548717D-14
 point charge moment (au)
     X       Y       Z   
   0.3333   0.2237  -0.1243  total (Debye):    1.068
 
            Z      q(EN)   CN      Cart. coordinates
     1  MG  2.0   0.854   4.769    56.43856   110.95526    78.45575
     2  C   4.0   0.022   3.299    51.13787   107.70493    76.55469
     3  C   4.0  -0.059   3.190    60.21234   106.54653    75.65707
     4  C   4.0  -0.059   3.157    61.67499   114.55708    79.46298
     5  C   4.0  -0.053   3.182    52.48525   116.04429    79.95808
     6  N   5.0  -0.411   3.177    55.68266   107.59344    76.22399
     7  C   4.0   0.114   3.386    53.41877   106.57109    75.72888
     8  C   4.0  -0.096   4.169    53.77215   104.24673    74.15852
     9  C   4.0  -0.094   4.120    56.73146   103.52864    74.62150
    10  C   4.0   0.103   3.412    57.61396   106.09677    75.55313
    11  C   4.0  -0.237   4.007    57.37964   101.28931    76.55091
    12  C   4.0  -0.162   4.065    53.07862   104.84578    71.36172
    13  C   4.0  -0.167   4.036    50.49159   104.06154    70.21844
    14  C   4.0   0.182   3.098    50.42734   102.82188    67.55203
    15  O   6.0  -0.099   1.040    50.80339   100.59956    67.04181
    16  O   6.0  -0.127   2.050    49.91522   104.61712    65.80593
    17  N   5.0  -0.367   3.217    60.54493   110.54897    77.78301
    18  C   4.0   0.072   3.406    61.65798   108.49862    76.56792
    19  C   4.0   0.012   3.271    64.25635   108.73105    76.62272
    20  C   4.0   0.002   3.272    64.91398   111.01951    77.82269
    21  C   4.0   0.091   3.366    62.36852   112.23649    78.42930
    22  C   4.0  -0.246   4.030    66.09505   106.72038    75.65896
    23  C   4.0   0.124   3.049    67.43487   111.99461    78.44063
    24  O   6.0  -0.117   1.074    69.41719   111.04786    77.87939
    25  C   4.0  -0.247   4.044    67.79392   114.39456    80.04123
    26  N   5.0  -0.429   3.175    57.04516   114.62700    79.86549
    27  C   4.0   0.108   3.392    59.31283   115.71926    80.03745
    28  C   4.0  -0.098   4.204    58.92543   118.48204    80.73287
    29  C   4.0  -0.094   4.158    56.16832   118.93179    80.78956
    30  C   4.0   0.089   3.443    55.14598   116.38066    80.02800
    31  C   4.0  -0.236   4.011    60.80760   119.42879    82.90984
    32  C   4.0  -0.161   4.011    55.11008   121.32796    79.14550
    33  C   4.0  -0.238   4.008    52.90099   122.68479    80.38516
    34  N   5.0  -0.448   3.309    52.52304   111.68469    78.83748
    35  C   4.0   0.078   3.551    51.26827   113.87300    79.35337
    36  C   4.0   0.016   3.341    48.70013   113.40434    79.24755
    37  C   4.0   0.005   3.452    48.46202   111.00628    78.08915
    38  C   4.0   0.098   3.778    50.93378   110.07087    77.88317
    39  C   4.0  -0.245   4.028    46.70647   115.23549    80.16406
    40  C   4.0   0.112   3.196    46.69891   109.07876    77.11594
    41  O   6.0  -0.102   1.040    44.43313   108.80853    76.88350
    42  C   4.0  -0.123   4.271    48.52438   106.85455    76.16351
    43  C   4.0   0.163   3.183    47.89510   104.72294    77.69041
    44  O   6.0  -0.084   1.040    47.67401   104.57176    80.04501
    45  O   6.0  -0.109   2.059    47.10898   102.95227    75.91407
    46  C   4.0  -0.201   4.006    45.72570   100.68082    76.87027
    47  C   4.0  -0.130   4.078    49.87176   103.70249    63.22456
    48  C   4.0  -0.056   3.084    51.49692   105.49962    61.52759
    49  C   4.0   0.019   3.068    51.95990   105.35789    58.99535
    50  C   4.0  -0.251   4.042    51.01504   103.38880    57.21523
    51  C   4.0  -0.177   4.099    53.45279   107.49139    57.72735
    52  C   4.0  -0.162   4.036    52.20179   110.05386    57.37208
    53  C   4.0  -0.164   4.064    53.16933   111.89823    59.46212
    54  C   4.0  -0.086   4.007    54.43545   114.32086    58.30182
    55  C   4.0  -0.237   4.014    54.33718   116.74349    60.06683
    56  C   4.0  -0.162   4.038    57.38720   113.66891    57.77648
    57  C   4.0  -0.163   4.042    58.19978   113.70481    54.91355
    58  C   4.0  -0.166   4.079    58.56261   111.04786    53.74192
    59  C   4.0  -0.088   4.056    61.33295   110.68125    53.00492
    60  C   4.0  -0.239   4.050    61.63719   111.12533    50.12309
    61  C   4.0  -0.163   4.060    62.45355   108.09232    53.75703
    62  C   4.0  -0.162   4.032    64.70422   108.32854    55.73558
    63  C   4.0  -0.164   4.060    66.80559   106.35756    55.07039
    64  C   4.0  -0.089   4.044    67.99801   105.30120    57.48357
    65  C   4.0  -0.240   4.077    70.19576   106.64290    58.67788
    66  C   4.0  -0.241   4.080    68.92964   102.55732    57.26248
    67  H   1.0   0.072   1.009    61.26869   104.90247    74.99377
    68  H   1.0   0.071   1.009    63.29448   115.82886    79.33070
    69  H   1.0   0.071   1.006    51.31740   117.64300    80.54201
    70  H   1.0   0.085   1.007    52.68934   102.61212    74.78968
    71  H   1.0   0.084   1.006    57.52326   103.01652    72.79035
    72  H   1.0   0.080   0.997    56.00770    99.75485    76.49422
    73  H   1.0   0.080   0.998    57.40987   102.05087    78.46331
    74  H   1.0   0.080   0.998    59.29393   100.66570    76.11627
    75  H   1.0   0.083   1.004    54.61497   104.14280    70.18442
    76  H   1.0   0.083   1.007    53.18256   106.90180    71.26723
    77  H   1.0   0.082   1.007    49.61098   105.92103    70.12395
    78  H   1.0   0.082   1.002    49.26516   102.95605    71.45054
    79  H   1.0   0.080   0.998    67.30637   107.38179    74.12828
    80  H   1.0   0.081   1.000    64.96689   105.19726    74.85393
    81  H   1.0   0.080   0.998    67.36117   106.10055    77.16129
    82  H   1.0   0.081   1.000    67.33660   115.97248    78.79968
    83  H   1.0   0.080   0.998    69.75356   114.57786    80.64783
    84  H   1.0   0.080   0.998    66.71488   114.46070    81.79490
    85  H   1.0   0.086   1.014    59.67566   119.51383    79.11527
    86  H   1.0   0.085   1.013    55.91699   119.45147    82.76622
    87  H   1.0   0.081   0.999    62.10773   117.88299    83.31046
    88  H   1.0   0.080   0.997    59.79093   119.93713    84.62760
    89  H   1.0   0.080   0.998    61.62963   121.19001    82.22387
    90  H   1.0   0.082   1.005    54.27671   120.55885    77.42585
    91  H   1.0   0.081   1.000    56.52737   122.67156    78.48977
    92  H   1.0   0.080   0.998    53.25815   124.70302    80.58736
    93  H   1.0   0.079   0.997    52.40399   122.15000    82.31268
    94  H   1.0   0.080   0.999    51.20779   122.46747    79.23432
    95  H   1.0   0.081   1.004    45.03595   114.03362    80.13194
    96  H   1.0   0.080   0.998    46.52127   116.91168    78.98110
    97  H   1.0   0.080   1.001    47.11654   115.50761    82.16528
    98  H   1.0   0.088   1.013    48.26549   106.34055    74.18686
    99  H   1.0   0.079   0.995    46.87087    99.11991    77.57703
   100  H   1.0   0.080   0.996    44.88666    99.90792    75.15629
   101  H   1.0   0.081   0.997    44.30462   101.52175    78.10048
   102  H   1.0   0.082   1.001    47.91400   104.00485    62.65386
   103  H   1.0   0.082   1.001    50.47080   101.77119    62.83339
   104  H   1.0   0.071   1.004    51.87676   107.25329    62.53859
   105  H   1.0   0.081   1.001    50.47458   101.75985    58.35474
   106  H   1.0   0.081   1.004    52.72902   102.88613    56.18911
   107  H   1.0   0.080   0.999    49.51838   104.14280    56.01715
   108  H   1.0   0.082   1.003    54.45245   106.79408    56.06817
   109  H   1.0   0.083   1.007    55.14220   107.62934    58.89898
   110  H   1.0   0.082   1.005    50.19679   109.77796    57.76136
   111  H   1.0   0.082   1.004    52.76115   110.72471    55.50692
   112  H   1.0   0.082   1.003    54.53749   111.02140    60.72823
   113  H   1.0   0.082   1.002    51.61220   112.42358    60.70367
   114  H   1.0   0.082   1.005    53.44523   114.71392    56.53871
   115  H   1.0   0.080   0.997    53.67956   118.37054    58.98969
   116  H   1.0   0.080   0.998    56.21557   117.30096    60.69989
   117  H   1.0   0.079   0.996    53.10886   116.76806    61.72034
   118  H   1.0   0.083   1.006    57.71790   111.69981    58.28293
   119  H   1.0   0.081   1.002    58.73457   114.92557    58.70056
   120  H   1.0   0.081   0.999    59.50936   115.19958    54.36742
   121  H   1.0   0.082   1.009    56.56517   114.23015    53.77593
   122  H   1.0   0.083   1.007    57.48357   111.14423    51.99014
   123  H   1.0   0.083   1.002    57.73491   109.44159    54.72646
   124  H   1.0   0.084   1.011    62.42710   112.23271    53.80239
   125  H   1.0   0.081   0.998    63.20755   110.03685    49.35397
   126  H   1.0   0.080   0.997    61.94522   113.09443    49.60531
   127  H   1.0   0.080   0.998    59.92132   110.66802    49.07807
   128  H   1.0   0.082   1.003    63.13007   107.08888    52.09030
   129  H   1.0   0.082   1.003    61.04004   106.90369    54.67166
   130  H   1.0   0.082   1.002    64.15431   108.05642    57.70089
   131  H   1.0   0.082   1.003    65.62829   110.15968    55.55038
   132  H   1.0   0.082   1.002    68.31737   107.04731    53.85152
   133  H   1.0   0.082   1.005    66.20655   104.66814    54.05561
   134  H   1.0   0.084   1.013    66.56371   105.09333    58.94622
   135  H   1.0   0.081   0.998    71.88329   105.60922    59.25047
   136  H   1.0   0.081   0.999    69.65341   107.30620    60.55060
   137  H   1.0   0.081   1.000    70.51512   108.39279    57.63853
   138  H   1.0   0.081   0.999    70.28647   102.08866    58.74024
   139  H   1.0   0.081   1.000    70.02568   102.44204    55.52204
   140  H   1.0   0.081   0.997    67.39141   101.18727    57.26626
 
  Z AO/shell   Hii/eV     exponent
  1     Sat Feb 20 21:38:01 CET 2016    EN: 2.327 GAM: 0.473  GM3: 0.0000
     1s    -13.751157    1.051071
  6     Sat Feb 20 21:38:01 CET 2016    EN: 2.731 GAM: 0.422  GM3: 0.0000
     2s    -19.378245    2.021003
     2p    -11.993376    1.497917
  7     Sat Feb 20 21:38:01 CET 2016    EN: 3.573 GAM: 0.504  GM3: 0.0000
     2s    -21.576984    2.275442
     2p    -16.125120    2.056788
  8     Sat Feb 20 21:38:01 CET 2016    EN: 3.700 GAM: 0.587  GM3: 0.0000
     2s    -21.648843    2.110798
     2p    -17.239740    2.329048
 12     Sat Feb 20 23:25:47 CET 2016    EN: 0.033 GAM: 0.222  GM3: 0.0000
     3s    -12.693633    1.302878
     3p     -8.128821    0.504252
 
 dipole moment of classical point charges (au)
     X       Y       Z   
   0.3333   0.2237  -0.1243  total (Debye):    1.068

 
 Nbf   :          338
 T(el) :   300.0
 calculating S/T integrals ...
 cpu time for ints   0.161874000000000     
 Nao   :          338
 making H0...
 making H1...
 cpu time for H      4.213999999999996E-003
 solving ...
 cpu time for diag   7.572400000000001E-002
 
 gap (eV)           :   1.391
 Koopmans IP (eV)   :  12.154
 Eel (Eh)           :  -268.650796
 T,E(Fermi),NFOD :    300.000   -11.458  0.000000
 T,E(Fermi),NFOD :    300.000   -11.458  0.000000
 Nfod               :  0.0000
 Nfod/Nel           :  0.0000

          eigenvalues
 #    :         164        165        166        167        168        169        170        171
 occ. :        2.000      2.000      2.000      2.000      2.000      2.000      2.000      2.000
 eps  :       -16.317    -16.302    -16.068    -15.898    -15.647    -15.501    -15.408    -15.087
 #    :         172        173        174        175        176        177        178        179
 occ. :        2.000      2.000      2.000      2.000      2.000      0.000      0.000      0.000
 eps  :       -14.865    -14.632    -14.605    -13.128    -12.155    -10.763     -9.954     -8.675
 #    :         180        181        182        183        184        185        186        187
 occ. :        0.000      0.000      0.000      0.000      0.000      0.000      0.000      0.000
 eps  :        -8.575     -8.384     -8.140     -8.134     -7.652     -7.369     -7.110     -6.909
                            1  SCC done.
 making H1...
 cpu time for H      8.684200000000003E-002
 solving ...
 cpu time for diag   3.428000000000003E-002
 
 gap (eV)           :   1.608
 Koopmans IP (eV)   :  12.093
 Eel (Eh)           :  -266.180581
 T,E(Fermi),NFOD :    300.000   -11.289  0.000000
 T,E(Fermi),NFOD :    300.000   -11.289  0.000000
 Nfod               :  0.0000
 Nfod/Nel           :  0.0000

          eigenvalues
 #    :         164        165        166        167        168        169        170        171
 occ. :        2.000      2.000      2.000      2.000      2.000      2.000      2.000      2.000
 eps  :       -15.476    -15.162    -15.110    -14.820    -14.591    -14.446    -14.396    -14.179
 #    :         172        173        174        175        176        177        178        179
 occ. :        2.000      2.000      2.000      2.000      2.000      0.000      0.000      0.000
 eps  :       -14.086    -14.063    -13.764    -12.641    -12.094    -10.486     -9.454     -8.635
 #    :         180        181        182        183        184        185        186        187
 occ. :        0.000      0.000      0.000      0.000      0.000      0.000      0.000      0.000
 eps  :        -8.363     -8.281     -8.117     -8.045     -7.409     -7.346     -6.981     -6.757
                            2  SCC done.
 
 
 Mulliken/CM5 charges    n(s)   n(p)   n(d)   
    1 MG  0.3335  0.7646   0.656  1.011  0.000
    2 C   0.0010  0.0040   1.177  2.822  0.000
    3 C  -0.0261 -0.0682   1.119  2.907  0.000
    4 C  -0.0316 -0.0732   1.118  2.914  0.000
    5 C  -0.0220 -0.0634   1.124  2.898  0.000
    6 N  -0.1693 -0.4412   1.389  3.780  0.000
    7 C   0.0478  0.1132   1.214  2.739  0.000
    8 C  -0.0279 -0.0814   1.205  2.823  0.000
    9 C  -0.0318 -0.0887   1.215  2.817  0.000
   10 C   0.0560  0.1174   1.207  2.737  0.000
   11 C  -0.0802 -0.2278   1.110  2.971  0.000
   12 C  -0.0574 -0.1640   1.163  2.894  0.000
   13 C  -0.0694 -0.1697   1.154  2.915  0.000
   14 C   0.2252  0.2765   1.184  2.590  0.000
   15 O  -0.2668 -0.3144   1.628  4.639  0.000
   16 O  -0.1287 -0.2095   1.488  4.640  0.000
   17 N  -0.2330 -0.4829   1.394  3.839  0.000
   18 C   0.0436  0.1014   1.170  2.786  0.000
   19 C   0.0132  0.0099   1.198  2.789  0.000
   20 C  -0.0482 -0.0427   1.200  2.849  0.000
   21 C   0.0311  0.0948   1.217  2.752  0.000
   22 C  -0.0729 -0.2165   1.082  2.991  0.000
   23 C   0.1592  0.1861   1.186  2.655  0.000
   24 O  -0.2515 -0.3044   1.616  4.635  0.000
   25 C  -0.1178 -0.2599   1.107  3.011  0.000
   26 N  -0.1695 -0.4509   1.398  3.771  0.000
   27 C   0.0571  0.1194   1.225  2.718  0.000
   28 C  -0.0302 -0.0874   1.191  2.839  0.000
   29 C  -0.0245 -0.0791   1.195  2.830  0.000
   30 C   0.0301  0.0881   1.216  2.754  0.000
   31 C  -0.0867 -0.2354   1.115  2.972  0.000
   32 C  -0.0551 -0.1647   1.163  2.892  0.000
   33 C  -0.0949 -0.2476   1.092  3.003  0.000
   34 N  -0.2336 -0.5230   1.376  3.857  0.000
   35 C   0.0348  0.0977   1.162  2.803  0.000
   36 C  -0.0092 -0.0138   1.202  2.807  0.000
   37 C  -0.0652 -0.0569   1.184  2.881  0.000
   38 C   0.0374  0.1151   1.185  2.777  0.000
   39 C  -0.0682 -0.2120   1.083  2.985  0.000
   40 C   0.1557  0.1902   1.206  2.638  0.000
   41 O  -0.2064 -0.2493   1.631  4.575  0.000
   42 C  -0.0317 -0.0733   1.180  2.851  0.000
   43 C   0.2074  0.2574   1.190  2.603  0.000
   44 O  -0.2810 -0.3217   1.639  4.642  0.000
   45 O  -0.1724 -0.2626   1.503  4.669  0.000
   46 C   0.0114 -0.1135   1.106  2.883  0.000
   47 C   0.0485 -0.0298   1.133  2.819  0.000
   48 C  -0.0923 -0.1487   1.173  2.919  0.000
   49 C  -0.0315 -0.0575   1.214  2.817  0.000
   50 C  -0.0816 -0.2269   1.082  3.000  0.000
   51 C  -0.0821 -0.1907   1.141  2.941  0.000
   52 C  -0.0389 -0.1491   1.149  2.890  0.000
   53 C  -0.0754 -0.1859   1.166  2.909  0.000
   54 C  -0.0285 -0.0987   1.231  2.797  0.000
   55 C  -0.1084 -0.2574   1.105  3.003  0.000
   56 C  -0.0804 -0.1889   1.176  2.905  0.000
   57 C  -0.0842 -0.1972   1.163  2.921  0.000
   58 C  -0.0666 -0.1790   1.161  2.906  0.000
   59 C  -0.0239 -0.0964   1.202  2.822  0.000
   60 C  -0.1156 -0.2672   1.112  3.003  0.000
   61 C  -0.0647 -0.1731   1.162  2.903  0.000
   62 C  -0.0574 -0.1676   1.162  2.895  0.000
   63 C  -0.0627 -0.1733   1.154  2.909  0.000
   64 C  -0.0179 -0.0953   1.186  2.832  0.000
   65 C  -0.1148 -0.2661   1.099  3.015  0.000
   66 C  -0.1152 -0.2672   1.111  3.004  0.000
   67 H   0.0544  0.1152   0.946  0.000  0.000
   68 H   0.0512  0.1120   0.949  0.000  0.000
   69 H   0.0621  0.1221   0.938  0.000  0.000
   70 H   0.0408  0.1030   0.959  0.000  0.000
   71 H   0.0468  0.1068   0.953  0.000  0.000
   72 H   0.0431  0.0943   0.957  0.000  0.000
   73 H   0.0368  0.0901   0.963  0.000  0.000
   74 H   0.0434  0.0953   0.957  0.000  0.000
   75 H   0.0337  0.0919   0.966  0.000  0.000
   76 H   0.0423  0.1026   0.958  0.000  0.000
   77 H   0.0389  0.1010   0.961  0.000  0.000
   78 H   0.0451  0.1057   0.955  0.000  0.000
   79 H   0.0476  0.1003   0.952  0.000  0.000
   80 H   0.0447  0.0987   0.955  0.000  0.000
   81 H   0.0533  0.1069   0.947  0.000  0.000
   82 H   0.0405  0.0946   0.960  0.000  0.000
   83 H   0.0384  0.0945   0.962  0.000  0.000
   84 H   0.0358  0.0886   0.964  0.000  0.000
   85 H   0.0386  0.1024   0.961  0.000  0.000
   86 H   0.0492  0.1124   0.951  0.000  0.000
   87 H   0.0478  0.1014   0.952  0.000  0.000
   88 H   0.0307  0.0823   0.969  0.000  0.000
   89 H   0.0426  0.0942   0.957  0.000  0.000
   90 H   0.0320  0.0892   0.968  0.000  0.000
   91 H   0.0427  0.0970   0.957  0.000  0.000
   92 H   0.0304  0.0816   0.970  0.000  0.000
   93 H   0.0320  0.0835   0.968  0.000  0.000
   94 H   0.0361  0.0878   0.964  0.000  0.000
   95 H   0.0455  0.1003   0.955  0.000  0.000
   96 H   0.0556  0.1075   0.944  0.000  0.000
   97 H   0.0542  0.1075   0.946  0.000  0.000
   98 H   0.0596  0.1336   0.940  0.000  0.000
   99 H   0.0615  0.1179   0.938  0.000  0.000
  100 H   0.0439  0.1038   0.956  0.000  0.000
  101 H   0.0628  0.1267   0.937  0.000  0.000
  102 H   0.0507  0.1162   0.949  0.000  0.000
  103 H   0.0693  0.1363   0.931  0.000  0.000
  104 H   0.0326  0.0933   0.967  0.000  0.000
  105 H   0.0416  0.0953   0.958  0.000  0.000
  106 H   0.0425  0.0966   0.957  0.000  0.000
  107 H   0.0531  0.1054   0.947  0.000  0.000
  108 H   0.0391  0.0950   0.961  0.000  0.000
  109 H   0.0367  0.0950   0.963  0.000  0.000
  110 H   0.0443  0.1014   0.956  0.000  0.000
  111 H   0.0489  0.1058   0.951  0.000  0.000
  112 H   0.0357  0.0931   0.964  0.000  0.000
  113 H   0.0330  0.0884   0.967  0.000  0.000
  114 H   0.0400  0.0991   0.960  0.000  0.000
  115 H   0.0290  0.0802   0.971  0.000  0.000
  116 H   0.0345  0.0868   0.965  0.000  0.000
  117 H   0.0362  0.0870   0.964  0.000  0.000
  118 H   0.0382  0.0970   0.962  0.000  0.000
  119 H   0.0395  0.0947   0.961  0.000  0.000
  120 H   0.0466  0.1007   0.953  0.000  0.000
  121 H   0.0263  0.0841   0.974  0.000  0.000
  122 H   0.0385  0.0964   0.962  0.000  0.000
  123 H   0.0453  0.1017   0.955  0.000  0.000
  124 H   0.0389  0.1005   0.961  0.000  0.000
  125 H   0.0315  0.0839   0.968  0.000  0.000
  126 H   0.0308  0.0821   0.969  0.000  0.000
  127 H   0.0251  0.0775   0.975  0.000  0.000
  128 H   0.0401  0.0972   0.960  0.000  0.000
  129 H   0.0324  0.0885   0.968  0.000  0.000
  130 H   0.0425  0.0982   0.958  0.000  0.000
  131 H   0.0327  0.0888   0.967  0.000  0.000
  132 H   0.0314  0.0869   0.969  0.000  0.000
  133 H   0.0367  0.0938   0.963  0.000  0.000
  134 H   0.0268  0.0877   0.973  0.000  0.000
  135 H   0.0468  0.0988   0.953  0.000  0.000
  136 H   0.0235  0.0756   0.977  0.000  0.000
  137 H   0.0252  0.0783   0.975  0.000  0.000
  138 H   0.0375  0.0903   0.963  0.000  0.000
  139 H   0.0161  0.0692   0.984  0.000  0.000
  140 H   0.0289  0.0803   0.971  0.000  0.000
 Hirshfeld charges for QMDFF written to <charges>
 
 Loewdin charges    n(s)   n(p)   n(d)
    1 MG  0.1744   0.666  1.159  0.000
    2 C   0.0044   1.136  2.859  0.000
    3 C  -0.0239   1.065  2.959  0.000
    4 C  -0.0323   1.066  2.966  0.000
    5 C  -0.0185   1.070  2.948  0.000
    6 N  -0.1312   1.343  3.788  0.000
    7 C   0.0479   1.177  2.775  0.000
    8 C  -0.0211   1.158  2.863  0.000
    9 C  -0.0243   1.169  2.855  0.000
   10 C   0.0603   1.169  2.771  0.000
   11 C  -0.0802   1.038  3.043  0.000
   12 C  -0.0523   1.105  2.947  0.000
   13 C  -0.0715   1.097  2.974  0.000
   14 C   0.2015   1.159  2.639  0.000
   15 O  -0.2528   1.598  4.654  0.000
   16 O  -0.0923   1.452  4.640  0.000
   17 N  -0.2058   1.354  3.852  0.000
   18 C   0.0462   1.129  2.825  0.000
   19 C   0.0215   1.156  2.823  0.000
   20 C  -0.0557   1.164  2.892  0.000
   21 C   0.0369   1.178  2.785  0.000
   22 C  -0.0743   1.008  3.067  0.000
   23 C   0.1536   1.150  2.696  0.000
   24 O  -0.2339   1.583  4.651  0.000
   25 C  -0.1250   1.036  3.089  0.000
   26 N  -0.1305   1.352  3.779  0.000
   27 C   0.0629   1.186  2.751  0.000
   28 C  -0.0232   1.143  2.880  0.000
   29 C  -0.0181   1.147  2.871  0.000
   30 C   0.0337   1.179  2.787  0.000
   31 C  -0.0880   1.044  3.044  0.000
   32 C  -0.0499   1.105  2.945  0.000
   33 C  -0.0969   1.019  3.077  0.000
   34 N  -0.2011   1.332  3.869  0.000
   35 C   0.0353   1.121  2.843  0.000
   36 C  -0.0017   1.160  2.841  0.000
   37 C  -0.0735   1.148  2.926  0.000
   38 C   0.0402   1.146  2.814  0.000
   39 C  -0.0669   1.008  3.059  0.000
   40 C   0.1483   1.174  2.678  0.000
   41 O  -0.1894   1.600  4.590  0.000
   42 C  -0.0346   1.131  2.903  0.000
   43 C   0.1902   1.162  2.648  0.000
   44 O  -0.2708   1.614  4.657  0.000
   45 O  -0.1404   1.471  4.669  0.000
   46 C   0.0070   1.035  2.958  0.000
   47 C   0.0469   1.077  2.876  0.000
   48 C  -0.0927   1.127  2.966  0.000
   49 C  -0.0190   1.172  2.847  0.000
   50 C  -0.0834   1.007  3.076  0.000
   51 C  -0.0825   1.083  2.999  0.000
   52 C  -0.0319   1.089  2.943  0.000
   53 C  -0.0740   1.110  2.964  0.000
   54 C  -0.0179   1.185  2.832  0.000
   55 C  -0.1126   1.035  3.078  0.000
   56 C  -0.0786   1.120  2.959  0.000
   57 C  -0.0815   1.106  2.975  0.000
   58 C  -0.0650   1.104  2.961  0.000
   59 C  -0.0141   1.154  2.860  0.000
   60 C  -0.1211   1.043  3.078  0.000
   61 C  -0.0619   1.105  2.957  0.000
   62 C  -0.0524   1.104  2.948  0.000
   63 C  -0.0596   1.096  2.964  0.000
   64 C  -0.0063   1.136  2.870  0.000
   65 C  -0.1206   1.029  3.091  0.000
   66 C  -0.1201   1.042  3.078  0.000
   67 H   0.0503   0.950  0.000  0.000
   68 H   0.0471   0.953  0.000  0.000
   69 H   0.0561   0.944  0.000  0.000
   70 H   0.0344   0.966  0.000  0.000
   71 H   0.0412   0.959  0.000  0.000
   72 H   0.0420   0.958  0.000  0.000
   73 H   0.0369   0.963  0.000  0.000
   74 H   0.0426   0.957  0.000  0.000
   75 H   0.0311   0.969  0.000  0.000
   76 H   0.0399   0.960  0.000  0.000
   77 H   0.0365   0.964  0.000  0.000
   78 H   0.0417   0.958  0.000  0.000
   79 H   0.0460   0.954  0.000  0.000
   80 H   0.0450   0.955  0.000  0.000
   81 H   0.0509   0.949  0.000  0.000
   82 H   0.0414   0.959  0.000  0.000
   83 H   0.0375   0.963  0.000  0.000
   84 H   0.0364   0.964  0.000  0.000
   85 H   0.0345   0.966  0.000  0.000
   86 H   0.0433   0.957  0.000  0.000
   87 H   0.0467   0.953  0.000  0.000
   88 H   0.0311   0.969  0.000  0.000
   89 H   0.0417   0.958  0.000  0.000
   90 H   0.0298   0.970  0.000  0.000
   91 H   0.0396   0.960  0.000  0.000
   92 H   0.0307   0.969  0.000  0.000
   93 H   0.0331   0.967  0.000  0.000
   94 H   0.0360   0.964  0.000  0.000
   95 H   0.0434   0.957  0.000  0.000
   96 H   0.0534   0.947  0.000  0.000
   97 H   0.0524   0.948  0.000  0.000
   98 H   0.0519   0.948  0.000  0.000
   99 H   0.0571   0.943  0.000  0.000
  100 H   0.0411   0.959  0.000  0.000
  101 H   0.0571   0.943  0.000  0.000
  102 H   0.0438   0.956  0.000  0.000
  103 H   0.0608   0.939  0.000  0.000
  104 H   0.0266   0.973  0.000  0.000
  105 H   0.0408   0.959  0.000  0.000
  106 H   0.0419   0.958  0.000  0.000
  107 H   0.0512   0.949  0.000  0.000
  108 H   0.0381   0.962  0.000  0.000
  109 H   0.0359   0.964  0.000  0.000
  110 H   0.0405   0.960  0.000  0.000
  111 H   0.0453   0.955  0.000  0.000
  112 H   0.0345   0.965  0.000  0.000
  113 H   0.0308   0.969  0.000  0.000
  114 H   0.0346   0.965  0.000  0.000
  115 H   0.0297   0.970  0.000  0.000
  116 H   0.0354   0.965  0.000  0.000
  117 H   0.0366   0.963  0.000  0.000
  118 H   0.0365   0.964  0.000  0.000
  119 H   0.0370   0.963  0.000  0.000
  120 H   0.0443   0.956  0.000  0.000
  121 H   0.0264   0.974  0.000  0.000
  122 H   0.0373   0.963  0.000  0.000
  123 H   0.0439   0.956  0.000  0.000
  124 H   0.0342   0.966  0.000  0.000
  125 H   0.0325   0.967  0.000  0.000
  126 H   0.0313   0.969  0.000  0.000
  127 H   0.0270   0.973  0.000  0.000
  128 H   0.0379   0.962  0.000  0.000
  129 H   0.0301   0.970  0.000  0.000
  130 H   0.0393   0.961  0.000  0.000
  131 H   0.0300   0.970  0.000  0.000
  132 H   0.0290   0.971  0.000  0.000
  133 H   0.0346   0.965  0.000  0.000
  134 H   0.0229   0.977  0.000  0.000
  135 H   0.0476   0.952  0.000  0.000
  136 H   0.0250   0.975  0.000  0.000
  137 H   0.0261   0.974  0.000  0.000
  138 H   0.0384   0.962  0.000  0.000
  139 H   0.0176   0.982  0.000  0.000
  140 H   0.0291   0.971  0.000  0.000
 
 Wiberg/Mayer (AO) data. WBOs > 0.1 written file <wbo>
 largest (>0.05) Wiberg bond orders for each atom
           total WBO             WBO to atom ...
     1  MG  2.502    N   34 0.491    N   17 0.460    N   26 0.423    N    6 0.396    C   38 0.058    C   30 0.056    C   10 0.051
     2  C   3.888    C    7 1.398    C   38 1.162    C   42 0.965
     3  C   3.924    C   10 1.392    C   18 1.306    H   67 0.927
     4  C   3.922    C   27 1.346    C   21 1.343    H   68 0.933
     5  C   3.925    C   30 1.407    C   35 1.309    H   69 0.931
     6  N   3.347    C   10 1.257    C    7 1.235    MG   1 0.396
     7  C   3.876    C    2 1.398    N    6 1.235    C    8 0.956
     8  C   3.932    C    7 0.956    H   70 0.944    C   12 0.944    C    9 0.928
     9  C   3.925    C   11 0.953    C   10 0.950    H   71 0.946    C    8 0.928
    10  C   3.859    C    3 1.392    N    6 1.257    C    9 0.950    MG   1 0.051
    11  C   3.966    H   73 0.981    H   72 0.979    H   74 0.979    C    9 0.953
    12  C   3.945    H   75 0.962    H   76 0.961    C   13 0.960    C    8 0.944
    13  C   3.956    H   77 0.969    C   12 0.960    H   78 0.954    C   14 0.911    O   15 0.087
    14  C   3.887    O   15 1.825    O   16 1.111    C   13 0.911
    15  O   2.142    C   14 1.825    O   16 0.167    C   13 0.087
    16  O   2.333    C   14 1.111    C   47 0.963    O   15 0.167
    17  N   3.295    C   21 1.237    C   18 1.114    MG   1 0.460    C   20 0.075    C   27 0.056
    18  C   3.883    C    3 1.306    C   19 1.237    N   17 1.114
    19  C   3.884    C   20 1.414    C   18 1.237    C   22 0.976    O   24 0.054
    20  C   3.869    C   19 1.414    C   23 1.056    C   21 1.040    N   17 0.075    O   24 0.071
    21  C   3.876    C    4 1.343    N   17 1.237    C   20 1.040    N   26 0.052
    22  C   3.979    C   19 0.976    H   80 0.976    H   79 0.971    H   81 0.970
    23  C   3.894    O   24 1.818    C   20 1.056    C   25 0.931
    24  O   2.138    C   23 1.818    C   25 0.086    C   20 0.071    C   19 0.054
    25  C   3.978    H   83 0.975    H   84 0.970    H   82 0.962    C   23 0.931    O   24 0.086
    26  N   3.354    C   27 1.294    C   30 1.190    MG   1 0.423    C   21 0.052
    27  C   3.853    C    4 1.346    N   26 1.294    C   28 0.937    N   17 0.056
    28  C   3.928    C   29 0.987    C   31 0.942    C   27 0.937    H   85 0.934
    29  C   3.936    C   28 0.987    C   30 0.949    H   86 0.930    C   32 0.912
    30  C   3.847    C    5 1.407    N   26 1.190    C   29 0.949    C   36 0.063    MG   1 0.056
    31  C   3.965    H   89 0.984    H   88 0.982    H   87 0.978    C   28 0.942
    32  C   3.941    C   33 1.011    H   90 0.972    H   91 0.965    C   29 0.912
    33  C   3.979    C   32 1.011    H   94 0.982    H   92 0.980    H   93 0.977
    34  N   3.301    C   38 1.266    C   35 1.095    MG   1 0.491    C   37 0.067
    35  C   3.893    C    5 1.309    C   36 1.258    N   34 1.095
    36  C   3.863    C   37 1.322    C   35 1.258    C   39 0.984    C   30 0.063
    37  C   3.893    C   36 1.322    C   38 1.178    C   40 1.052    O   41 0.077    N   34 0.067
    38  C   3.901    N   34 1.266    C   37 1.178    C    2 1.162    MG   1 0.058
    39  C   3.979    C   36 0.984    H   95 0.980    H   97 0.970    H   96 0.968
    40  C   3.878    O   41 1.864    C   37 1.052    C   42 0.800
    41  O   2.208    C   40 1.864    C   42 0.091    C   37 0.077
    42  C   3.945    C   43 0.977    C    2 0.965    H   98 0.920    C   40 0.800    O   41 0.091    O   44 0.059
    43  C   3.894    O   44 1.772    O   45 1.065    C   42 0.977
    44  O   2.092    C   43 1.772    O   45 0.169    C   42 0.059
    45  O   2.287    C   43 1.065    C   46 0.965    O   44 0.169
    46  C   3.936    H  100 0.992    H  101 0.984    H   99 0.982    O   45 0.965
    47  C   3.931    C   48 0.970    H  102 0.965    O   16 0.963    H  103 0.955
    48  C   3.951    C   49 1.896    C   47 0.970    H  104 0.945
    49  C   3.935    C   48 1.896    C   50 0.997    C   51 0.953
    50  C   3.990    C   49 0.997    H  105 0.973    H  106 0.972    H  107 0.965
    51  C   3.957    C   52 0.981    H  108 0.954    C   49 0.953    H  109 0.950
    52  C   3.969    C   51 0.981    C   53 0.979    H  110 0.966    H  111 0.963
    53  C   3.957    C   52 0.979    C   54 0.972    H  113 0.963    H  112 0.959
    54  C   3.923    C   55 0.974    C   53 0.972    H  114 0.954    C   56 0.953
    55  C   3.972    H  115 0.983    H  116 0.978    H  117 0.978    C   54 0.974
    56  C   3.954    C   57 0.982    H  119 0.964    H  118 0.963    C   54 0.953
    57  C   3.948    C   56 0.982    C   58 0.974    H  121 0.964    H  120 0.957
    58  C   3.956    C   59 0.975    C   57 0.974    H  122 0.958    H  123 0.954
    59  C   3.939    C   60 0.980    C   58 0.975    C   61 0.970    H  124 0.947
    60  C   3.974    C   59 0.980    H  126 0.980    H  127 0.977    H  125 0.975
    61  C   3.959    C   62 0.972    C   59 0.970    H  129 0.967    H  128 0.961
    62  C   3.959    C   63 0.979    C   61 0.972    H  131 0.972    H  130 0.967
    63  C   3.958    C   62 0.979    C   64 0.974    H  132 0.966    H  133 0.960
    64  C   3.946    C   65 0.992    C   66 0.984    C   63 0.974    H  134 0.954
    65  C   3.973    C   64 0.992    H  136 0.980    H  137 0.977    H  135 0.968
    66  C   3.978    C   64 0.984    H  139 0.984    H  140 0.978    H  138 0.973
    67  H   0.994    C    3 0.927
    68  H   0.995    C    4 0.933
    69  H   0.992    C    5 0.931
    70  H   0.996    C    8 0.944
    71  H   0.996    C    9 0.946
    72  H   0.996    C   11 0.979
    73  H   0.998    C   11 0.981
    74  H   0.996    C   11 0.979
    75  H   0.996    C   12 0.962
    76  H   0.998    C   12 0.961
    77  H   0.998    C   13 0.969
    78  H   0.998    C   13 0.954
    79  H   0.994    C   22 0.971
    80  H   0.996    C   22 0.976
    81  H   0.994    C   22 0.970
    82  H   0.998    C   25 0.962
    83  H   0.996    C   25 0.975
    84  H   0.998    C   25 0.970
    85  H   0.995    C   28 0.934
    86  H   0.992    C   29 0.930
    87  H   0.995    C   31 0.978
    88  H   0.997    C   31 0.982
    89  H   0.997    C   31 0.984
    90  H   0.998    C   32 0.972
    91  H   0.996    C   32 0.965
    92  H   0.998    C   33 0.980
    93  H   0.999    C   33 0.977
    94  H   0.998    C   33 0.982
    95  H   0.997    C   39 0.980
    96  H   0.992    C   39 0.968
    97  H   0.993    C   39 0.970
    98  H   0.992    C   42 0.920
    99  H   0.996    C   46 0.982
   100  H   0.998    C   46 0.992
   101  H   0.996    C   46 0.984
   102  H   0.997    C   47 0.965
   103  H   0.995    C   47 0.955
   104  H   0.999    C   48 0.945
   105  H   0.997    C   50 0.973
   106  H   0.998    C   50 0.972
   107  H   0.997    C   50 0.965
   108  H   0.997    C   51 0.954
   109  H   0.999    C   51 0.950
   110  H   0.998    C   52 0.966
   111  H   0.997    C   52 0.963
   112  H   0.999    C   53 0.959
   113  H   0.998    C   53 0.963
   114  H   0.998    C   54 0.954
   115  H   0.998    C   55 0.983
   116  H   0.998    C   55 0.978
   117  H   0.998    C   55 0.978
   118  H   0.999    C   56 0.963
   119  H   0.998    C   56 0.964
   120  H   0.997    C   57 0.957
   121  H   0.999    C   57 0.964
   122  H   0.997    C   58 0.958
   123  H   0.998    C   58 0.954
   124  H   0.998    C   59 0.947
   125  H   0.998    C   60 0.975
   126  H   0.999    C   60 0.980
   127  H   0.999    C   60 0.977
   128  H   0.998    C   61 0.961
   129  H   0.999    C   61 0.967
   130  H   0.998    C   62 0.967
   131  H   0.999    C   62 0.972
   132  H   0.999    C   63 0.966
   133  H   0.999    C   63 0.960
   134  H   0.999    C   64 0.954
   135  H   0.997    C   65 0.968
   136  H   0.999    C   65 0.980
   137  H   0.999    C   65 0.977
   138  H   0.998    C   66 0.973
   139  H   1.000    C   66 0.984
   140  H   0.999    C   66 0.978
 
 --------------------------------------------
          xTB calculation for sTDA...
 --------------------------------------------
 
 reading parameter file ~/.param_stda2.xtb
 
      method parameters     
 k(s)        :  1.6000
 k(p)        :  2.1800
 k(d)        :  1.9500
 k(f)        :  2.0000
 k(R-V)      :  2.2750
 k(R-R)      :  1.7650
 Tscal       :  0.2580
 Gscal       :  1.0000
 fpol        :  1.0000
 Zcnf        :  0.3430
 Zqf         :  0.0000
 kcn         :  2.7000
 Ryd Hsplit  :  0.7000
 lshift(virt):  3.1000
 lshift(OS)  :  0.2000
 wllscaling  :  2.6000
 
 mowrcut     : 3.000
 
  Z AO/shell   Hii/eV     exponent
  1     Sun Feb 14 09:53:25 CET 2016    EN: 2.327 GAM: 0.473  GM3: 0.0000
     1s    -14.339618    1.220000
     2sp    -3.348946    0.600000
  6     Sun Feb 14 09:53:25 CET 2016    EN: 2.731 GAM: 0.422  GM3: 0.0000
     2s    -22.009312    1.565095
     2p    -13.020408    1.596905
     3sp    -3.914040    0.824500
  7     Sun Feb 14 09:53:25 CET 2016    EN: 3.573 GAM: 0.504  GM3: 0.0000
     2s    -25.722000    2.064844
     2p    -18.684912    1.801692
     3sp    -4.344791    0.921400
  8     Sun Feb 14 09:53:25 CET 2016    EN: 3.700 GAM: 0.587  GM3: 0.0000
     2s    -33.859000    2.418661
     2p    -22.175911    1.973969
     3sp    -4.259392    1.013700
 12     Sun Feb 21 16:58:31 CET 2016    EN: 0.033 GAM: 0.222  GM3: 0.0000
     3s    -11.092543    1.647583
     3p     -6.929529    0.855020
 
 Nbf   :          894
 T(el) :     0.0
 calculating S/T integrals ...
 cpu time for ints    1.29771000000000     
 Nao   :          894
 making H0...
 making H1...
 cpu time for H      2.323399999999998E-002
 solving ...
 cpu time for diag   0.263469000000000     
 
 gap (eV)           :   4.736
 Koopmans IP (eV)   :  13.492
 Eel (Eh)           :  -301.743907

          eigenvalues
 #    :         164        165        166        167        168        169        170        171
 occ. :        2.000      2.000      2.000      2.000      2.000      2.000      2.000      2.000
 eps  :       -17.439    -17.389    -17.138    -16.454    -16.404    -16.086    -15.935    -15.787
 #    :         172        173        174        175        176        177        178        179
 occ. :        2.000      2.000      2.000      2.000      2.000      0.000      0.000      0.000
 eps  :       -15.482    -15.478    -15.188    -13.952    -13.494     -8.757     -7.085     -6.829
 #    :         180        181        182        183        184        185        186        187
 occ. :        0.000      0.000      0.000      0.000      0.000      0.000      0.000      0.000
 eps  :        -6.576     -5.993     -5.665     -5.620     -5.486     -5.212     -5.147     -4.978
                            1  SCC done.
 writing mo output ...
 molden style : F
 
speedup  1.16
cpu  time for all    2.13 s
wall time for all    1.84 s
