cpu-bind=MASK - bp1-compute215, task 4294967295 4294967295 [0]: mask 0x3fffffc03fffffc set
Host:    bp1-compute215.data.bp.acrc.priv
Time:    Thu May  5 04:08:37 BST 2022
Dir:     /user/home/of15641/chlorophyll_parameterization/tddft_data/step_651_chromophore_20
Job ID:  1692360
Nodelist:
cat: bp1-compute215: No such file or directory
  
Result dir: /user/home/of15641/chlorophyll_parameterization/tddft_data/step_651_chromophore_20
running gaussian jobs
Running time g16 < CAMB3LYP_step_651_chromophore_20.com > CAMB3LYP_step_651_chromophore_20.log

real	33m59.702s
user	803m36.146s
sys	0m29.781s
Running time g16 < PBE0_step_651_chromophore_20.com > PBE0_step_651_chromophore_20.log

real	26m42.419s
user	638m25.480s
sys	0m22.669s
Running time g16 < wB97XD_step_651_chromophore_20.com > wB97XD_step_651_chromophore_20.log

real	39m25.224s
user	932m25.320s
sys	0m42.910s
Running time g16 < BLYP_step_651_chromophore_20.com > BLYP_step_651_chromophore_20.log

real	18m55.698s
user	451m42.154s
sys	0m34.731s
Running time g16 < ZINDO_step_651_chromophore_20.com > ZINDO_step_651_chromophore_20.log

real	0m8.886s
user	3m12.251s
sys	0m2.800s
