cpu-bind=MASK - bp1-compute156, task 4294967295 4294967295 [0]: mask 0xffffff00ffffff set
Host:    bp1-compute156.data.bp.acrc.priv
Time:    Fri Apr 29 12:03:14 BST 2022
Dir:     /user/home/of15641/chlorophyll_parameterization/tddft_data/step_301_chromophore_23
Job ID:  1658687
Nodelist:
cat: bp1-compute156: No such file or directory
  
Result dir: /user/home/of15641/chlorophyll_parameterization/tddft_data/step_301_chromophore_23
running gaussian jobs
Running time g16 < CAMB3LYP_step_301_chromophore_23.com > CAMB3LYP_step_301_chromophore_23.log

real	25m50.991s
user	608m27.260s
sys	0m38.234s
Running time g16 < PBE0_step_301_chromophore_23.com > PBE0_step_301_chromophore_23.log

real	16m48.940s
user	401m4.741s
sys	0m35.133s
Running time g16 < wB97XD_step_301_chromophore_23.com > wB97XD_step_301_chromophore_23.log

real	28m55.730s
user	681m23.233s
sys	0m42.756s
Running time g16 < BLYP_step_301_chromophore_23.com > BLYP_step_301_chromophore_23.log

real	15m28.528s
user	368m57.983s
sys	0m34.141s
Running time g16 < ZINDO_step_301_chromophore_23.com > ZINDO_step_301_chromophore_23.log

real	0m7.050s
user	2m35.189s
sys	0m2.508s
