cpu-bind=MASK - bp1-compute163, task 4294967295 4294967295 [0]: mask 0xffffff00ffffff set
Host:    bp1-compute163.data.bp.acrc.priv
Time:    Thu Apr 28 03:46:58 BST 2022
Dir:     /user/home/of15641/chlorophyll_parameterization/tddft_data/step_1451_chromophore_17
Job ID:  1658325
Nodelist:
cat: bp1-compute163: No such file or directory
  
Result dir: /user/home/of15641/chlorophyll_parameterization/tddft_data/step_1451_chromophore_17
running gaussian jobs
Running time g16 < CAMB3LYP_step_1451_chromophore_17.com > CAMB3LYP_step_1451_chromophore_17.log

real	35m26.025s
user	839m27.634s
sys	0m26.493s
Running time g16 < PBE0_step_1451_chromophore_17.com > PBE0_step_1451_chromophore_17.log

real	23m56.526s
user	572m25.651s
sys	0m19.816s
Running time g16 < wB97XD_step_1451_chromophore_17.com > wB97XD_step_1451_chromophore_17.log

real	40m35.601s
user	962m55.297s
sys	0m27.349s
Running time g16 < BLYP_step_1451_chromophore_17.com > BLYP_step_1451_chromophore_17.log

real	18m58.364s
user	453m7.270s
sys	0m24.206s
Running time g16 < ZINDO_step_1451_chromophore_17.com > ZINDO_step_1451_chromophore_17.log

real	0m7.752s
user	2m50.513s
sys	0m2.533s
