cpu-bind=MASK - bp1-compute137, task 4294967295 4294967295 [0]: mask 0xffffff00ffffff set
Host:    bp1-compute137.data.bp.acrc.priv
Time:    Fri Apr 29 06:24:05 BST 2022
Dir:     /user/home/of15641/chlorophyll_parameterization/tddft_data/step_201_chromophore_12
Job ID:  1658621
Nodelist:
cat: bp1-compute137: No such file or directory
  
Result dir: /user/home/of15641/chlorophyll_parameterization/tddft_data/step_201_chromophore_12
running gaussian jobs
Running time g16 < CAMB3LYP_step_201_chromophore_12.com > CAMB3LYP_step_201_chromophore_12.log

real	33m10.047s
user	782m2.434s
sys	1m18.863s
Running time g16 < PBE0_step_201_chromophore_12.com > PBE0_step_201_chromophore_12.log

real	24m11.847s
user	576m53.668s
sys	1m39.425s
Running time g16 < wB97XD_step_201_chromophore_12.com > wB97XD_step_201_chromophore_12.log

real	31m23.386s
user	739m5.657s
sys	1m54.831s
Running time g16 < BLYP_step_201_chromophore_12.com > BLYP_step_201_chromophore_12.log

real	14m52.499s
user	354m9.775s
sys	0m48.384s
Running time g16 < ZINDO_step_201_chromophore_12.com > ZINDO_step_201_chromophore_12.log

real	0m6.299s
user	2m18.237s
sys	0m2.276s
