cpu-bind=MASK - bp1-compute065, task 4294967295 4294967295 [0]: mask 0xffffffffffff set
Host:    bp1-compute065.data.bp.acrc.priv
Time:    Wed May  4 15:28:51 BST 2022
Dir:     /user/home/of15641/chlorophyll_parameterization/tddft_data/step_1_chromophore_8
Job ID:  1692250
Nodelist:
cat: bp1-compute065: No such file or directory
  
Result dir: /user/home/of15641/chlorophyll_parameterization/tddft_data/step_1_chromophore_8
running gaussian jobs
Running time g16 < CAMB3LYP_step_1_chromophore_8.com > CAMB3LYP_step_1_chromophore_8.log

real	25m55.184s
user	610m27.460s
sys	0m27.184s
Running time g16 < PBE0_step_1_chromophore_8.com > PBE0_step_1_chromophore_8.log

real	19m25.163s
user	463m51.726s
sys	0m23.265s
Running time g16 < wB97XD_step_1_chromophore_8.com > wB97XD_step_1_chromophore_8.log

real	26m35.483s
user	625m39.501s
sys	0m27.629s
Running time g16 < BLYP_step_1_chromophore_8.com > BLYP_step_1_chromophore_8.log

real	12m58.695s
user	309m35.224s
sys	0m22.910s
Running time g16 < ZINDO_step_1_chromophore_8.com > ZINDO_step_1_chromophore_8.log

real	0m6.076s
user	2m11.420s
sys	0m2.283s
