 
        ______________________________________
       |                                      |
       |          ===================         |
       |             xTB for sTDA             |
       |          ===================         |
       |               S. Grimme              |
       |        Universitaet Bonn, MCTC       |
       |         2015-19, Version 1.0         |
       |     Wed Apr  3 09:14:55 CEST 2019    |
       |______________________________________|
 
        This code comes without any warranty
        for non-commercial, academia use only.
        Preliminary test version.
        Cite this work as:
        S. Grimme  &  C. Bannwarth, JCP 145 (2016) 054103
        if GBSA is used additionally:
        P. Shushkov, F. März, C. Bannwarth, S. Grimme, unpublished.
 
        with help from
        P. Shushkov, G. Brandenburg, S. Dohm, J. Pisarek,
        F. März, M. Checinski, S. Ehrlich, S. Spicher, 
        P. Pracht, E. Caldeweyher, S. Ehlert, and C. Bannwarth.
 
        usage        :
        xtb4stda <coord_file> [options]
        where <coord_file> is a valid file of TM)
        (*coord, Bohr) or xmol (*xyz, Angstroem)
        format.

        options:
        -chrg <int>   : molecular charge
        -uhf  <int>   : # of unpaired electrons(=2*S)
        -nox          : skip second, extended part in sTDA-xTB
        -pop          : do population analysis
                      : (default for -nox)
        -mowr <real>  : cut MO write above (def.3 Eh)
        -molden       : write formatted molden file
        -parx <file>  : read parameters for sTDA-xTB
                        calc (def:~/.param_stda2.xtb)
        -parv <file>  : read parameters for vTB part in
                        sTDA-xTB (def: ~/.param_stda1.xtb)
        -xtemp <real> : el. temp for xTB (def. 0 K)
        -etemp <real> : el. temp for GFN (def. 300 K)
        -fod          : calculate the FOD and write
                        molden.input file with
                        appropriate occupations
                        for plotting. Def. T=12500 K
 
        -acc <real>   : xTB accuracy (def. 1.0)
        -gbsa [string1] [string2]
                        use GBSA implicit solvent
                        for solvent [string1] and
                        solvation state [string2]=
                        reference, bar1M (default=1M)
        additional GFN/opt/MD/siman options read from
        $XTB4STDAHOME/.xtb4stdarc or $set in input
 
       spin and charge state information can be on:
       <.CHRG> (charge) and <.UHF> (=nalpha-nbeta)
       -uhf and -chrg override the file info.
       useful machine settings:
       setenv MKL_NUM_THREADS <NCORE_ON_YOUR_MACHINE>
       setenv OMP_STACKSIZE 500m
       limit stacksize unlimited
 
       total energies in Eh, gaps/HL energies in eV
       please read REVISION and HOWTO files carefully
 =============================
  # OMP threads =           4
 =============================
 
 xtb4stdahome directory:~/
 
 
 name of molecule           :
 comment line               :
 number of atoms            :   140
 number of electrons        :   352
 charge                     :  0
 spin                       : 0.0
 first test random number   :  0.8170
 
 -----------------------------------------
      charge density (VTB) calculation
 -----------------------------------------
 
      method parameters     
 k(s)        :  1.8000
 k(p)        :  2.8350
 k(d)        :  2.0860
 k(f)        :  2.0000
 Tscal       :  0.3300
 Gscal       :  0.3910
 fpol        :  1.0000
 Zcnf        :  0.6500
 Zqf         :  0.0000
 kcn         :  0.3000
 kEN1        : -0.5900
 wllscal     :  2.6000
 
     -------------------------
     ! NO SOLVENT MODEL USED !
     -------------------------
 
 doing EN charges ...
 sum q : -0.1665335D-14
 point charge moment (au)
     X       Y       Z   
  -0.4176   0.9128   0.6561  total (Debye):    3.048
 
            Z      q(EN)   CN      Cart. coordinates
     1  MG  2.0   0.976   4.828    47.74771     0.22677    55.71857
     2  C   4.0   0.022   3.299    51.28905    -0.16441    61.15720
     3  C   4.0  -0.060   3.144    42.40923     1.23021    59.49613
     4  C   4.0  -0.058   3.158    44.10431     0.46109    50.48781
     5  C   4.0  -0.056   3.179    52.85563    -1.45131    52.22258
     6  N   5.0  -0.315   3.091    46.91623    -0.00567    59.94211
     7  C   4.0   0.088   3.325    48.81162     0.26267    61.76947
     8  C   4.0  -0.094   4.124    47.73637     1.08470    64.34895
     9  C   4.0  -0.099   4.164    44.84320     1.28879    63.69699
    10  C   4.0   0.085   3.300    44.61832     0.91652    60.86996
    11  C   4.0  -0.238   4.049    43.21803    -0.57070    65.17665
    12  C   4.0  -0.161   4.034    48.76816     3.54324    65.64908
    13  C   4.0  -0.168   4.031    50.35931     3.18797    68.24934
    14  C   4.0   0.189   3.088    49.10831     4.59959    70.44520
    15  O   6.0  -0.090   1.040    48.31084     6.80868    70.37528
    16  O   6.0  -0.142   2.061    48.66233     3.02167    72.30847
    17  N   5.0  -0.385   3.157    43.86621     0.56314    55.06850
    18  C   4.0   0.068   3.340    42.02562     1.20942    56.86752
    19  C   4.0   0.012   3.190    39.63511     1.91618    55.65621
    20  C   4.0   0.003   3.200    39.98660     1.56658    52.86886
    21  C   4.0   0.059   3.351    42.77584     0.94486    52.63265
    22  C   4.0  -0.247   4.018    37.32020     2.73065    57.12264
    23  C   4.0   0.104   3.046    38.23483     1.82548    50.76371
    24  O   6.0  -0.098   1.069    38.92458     1.24911    48.59997
    25  C   4.0  -0.248   4.029    35.50795     2.65884    51.08874
    26  N   5.0  -0.473   3.143    48.40155    -0.55180    52.06762
    27  C   4.0   0.068   3.424    46.67056    -0.09071    50.10230
    28  C   4.0  -0.091   4.069    47.79495    -0.34015    47.34330
    29  C   4.0  -0.094   4.135    50.67867    -1.03368    48.06329
    30  C   4.0   0.100   3.442    50.64088    -0.97321    50.98292
    31  C   4.0  -0.236   4.000    46.44002    -2.43775    45.61232
    32  C   4.0  -0.164   4.043    52.59674     0.88628    46.87654
    33  C   4.0  -0.239   4.016    55.05906    -0.12094    45.91656
    34  N   5.0  -0.474   3.264    51.36275    -0.83904    56.58595
    35  C   4.0   0.062   3.542    53.32240    -1.38895    54.90221
    36  C   4.0   0.021   3.239    55.66944    -1.60627    56.19667
    37  C   4.0   0.001   3.477    54.96268    -0.93730    58.74591
    38  C   4.0   0.100   3.777    52.33218    -0.65385    58.82150
    39  C   4.0  -0.248   4.025    58.24135    -2.10138    55.26504
    40  C   4.0   0.103   3.203    55.90565    -0.78235    61.27247
    41  O   6.0  -0.091   1.040    58.01459    -0.94675    62.26269
    42  C   4.0  -0.117   4.257    53.44145    -0.53857    62.99401
    43  C   4.0   0.205   3.144    53.26004    -2.81002    64.63808
    44  O   6.0  -0.130   1.057    52.01660    -4.61282    64.36407
    45  O   6.0  -0.114   2.039    54.66788    -2.45664    66.83394
    46  C   4.0  -0.195   4.041    53.83073    -3.91362    68.99389
    47  C   4.0  -0.137   4.084    46.89355     3.62449    74.31536
    48  C   4.0  -0.052   3.102    47.66078     2.69853    76.77201
    49  C   4.0   0.017   3.075    46.34364     2.95931    78.97165
    50  C   4.0  -0.249   4.041    43.57897     3.83614    78.95842
    51  C   4.0  -0.174   4.066    47.44535     2.29791    81.56246
    52  C   4.0  -0.162   4.036    47.11654     4.33692    83.75265
    53  C   4.0  -0.166   4.092    45.67279     3.16529    85.86348
    54  C   4.0  -0.089   4.059    44.61643     4.94541    87.92895
    55  C   4.0  -0.239   4.031    44.39155     3.71331    90.57645
    56  C   4.0  -0.163   4.056    42.20136     6.27578    87.00676
    57  C   4.0  -0.162   4.040    42.45269     9.23320    87.39605
    58  C   4.0  -0.165   4.080    41.56830    10.30846    89.91505
    59  C   4.0  -0.088   4.047    43.57519    12.19629    91.16416
    60  C   4.0  -0.240   4.061    44.77706    10.50121    93.21451
    61  C   4.0  -0.163   4.060    42.22026    14.54144    92.20729
    62  C   4.0  -0.163   4.056    43.03284    16.93950    90.70496
    63  C   4.0  -0.164   4.062    40.96926    18.36247    89.35002
    64  C   4.0  -0.089   4.037    42.01050    20.10857    87.21841
    65  C   4.0  -0.239   4.060    42.52072    22.75230    88.07446
    66  C   4.0  -0.239   4.040    40.34565    20.26920    84.77500
    67  H   1.0   0.071   1.007    40.78596     1.70831    60.67721
    68  H   1.0   0.072   1.009    43.16890     0.61227    48.65477
    69  H   1.0   0.071   1.006    54.55639    -1.71020    51.08307
    70  H   1.0   0.085   1.009    47.97447    -0.46676    65.68120
    71  H   1.0   0.085   1.010    44.05896     3.10671    64.26769
    72  H   1.0   0.081   1.000    42.39978    -1.92563    63.85951
    73  H   1.0   0.081   1.002    41.74594     0.64062    65.95333
    74  H   1.0   0.081   0.998    44.13644    -1.49477    66.77158
    75  H   1.0   0.082   1.003    47.16000     4.77156    66.03647
    76  H   1.0   0.082   1.002    50.07585     4.54857    64.41509
    77  H   1.0   0.082   1.004    52.12242     4.15740    67.80715
    78  H   1.0   0.082   1.002    50.57096     1.18864    68.69532
    79  H   1.0   0.080   1.000    36.55864     1.03179    58.00703
    80  H   1.0   0.081   1.001    35.95771     3.49410    55.78282
    81  H   1.0   0.080   0.998    37.74728     3.97976    58.70434
    82  H   1.0   0.080   1.000    34.54986     2.08437    49.35775
    83  H   1.0   0.080   0.998    35.29063     4.67707    51.44401
    84  H   1.0   0.080   0.997    34.36278     1.63272    52.45879
    85  H   1.0   0.083   1.005    47.85542     1.51178    46.44568
    86  H   1.0   0.084   1.007    51.33818    -2.85160    47.35275
    87  H   1.0   0.080   0.998    47.88755    -3.39395    44.50116
    88  H   1.0   0.080   0.996    45.19280    -1.74800    44.12699
    89  H   1.0   0.080   0.997    45.37043    -3.81725    46.70647
    90  H   1.0   0.082   1.004    53.02193     2.49822    48.08597
    91  H   1.0   0.082   1.008    51.87865     1.75178    45.15122
    92  H   1.0   0.080   1.001    56.47068     0.67085    47.19024
    93  H   1.0   0.079   0.997    55.83384     0.54235    44.12699
    94  H   1.0   0.080   0.999    55.05906    -2.17885    46.02428
    95  H   1.0   0.080   1.001    58.36230    -1.44186    53.31673
    96  H   1.0   0.080   1.003    58.39064    -4.15551    55.28771
    97  H   1.0   0.080   1.001    59.59062    -1.39084    56.65020
    98  H   1.0   0.086   1.010    53.57940     1.13195    64.19021
    99  H   1.0   0.081   0.997    54.52993    -5.81091    68.60650
   100  H   1.0   0.081   0.998    51.77282    -3.87961    68.91831
   101  H   1.0   0.080   0.995    54.65465    -3.21253    70.74756
   102  H   1.0   0.084   1.011    45.20224     2.48310    74.04891
   103  H   1.0   0.083   1.004    46.41545     5.61816    74.51945
   104  H   1.0   0.070   1.005    49.65822     2.24310    76.98555
   105  H   1.0   0.081   1.000    42.54151     2.55113    80.18863
   106  H   1.0   0.080   0.998    42.70214     3.87394    77.09515
   107  H   1.0   0.081   0.999    43.50905     5.74099    79.73699
   108  H   1.0   0.082   1.003    49.48247     2.01823    81.45097
   109  H   1.0   0.083   1.007    46.32663     0.65951    82.11426
   110  H   1.0   0.082   1.001    46.39466     6.13783    83.05912
   111  H   1.0   0.081   1.005    48.94201     4.80557    84.58791
   112  H   1.0   0.083   1.007    46.76316     1.87272    87.03889
   113  H   1.0   0.083   1.009    43.99660     2.36405    84.97153
   114  H   1.0   0.084   1.013    46.20380     6.22665    88.21430
   115  H   1.0   0.080   0.997    45.85609     4.30669    91.89737
   116  H   1.0   0.080   0.997    44.33486     1.65351    90.60669
   117  H   1.0   0.081   0.999    42.61332     4.23299    91.47596
   118  H   1.0   0.083   1.006    40.78784     5.54824    88.31634
   119  H   1.0   0.082   1.001    41.58909     5.79012    85.10192
   120  H   1.0   0.081   1.003    41.48137    10.33491    85.95041
   121  H   1.0   0.082   1.003    44.39344     9.65461    86.84425
   122  H   1.0   0.082   1.002    40.93713     8.91951    91.30022
   123  H   1.0   0.082   1.003    39.79574    11.29867    89.56734
   124  H   1.0   0.083   1.007    45.06618    12.59691    89.79978
   125  H   1.0   0.081   1.001    46.46647    11.56323    93.73041
   126  H   1.0   0.081   0.998    45.46681     8.69274    92.50964
   127  H   1.0   0.081   0.998    43.46937     9.99287    94.72062
   128  H   1.0   0.082   1.002    42.43380    14.59813    94.25575
   129  H   1.0   0.082   1.004    40.18691    14.25042    92.05989
   130  H   1.0   0.082   1.004    44.61643    16.38392    89.50876
   131  H   1.0   0.082   1.005    43.90589    18.35302    91.92194
   132  H   1.0   0.082   1.003    39.82597    19.57567    90.55945
   133  H   1.0   0.082   1.006    39.82408    16.88470    88.48264
   134  H   1.0   0.083   1.010    43.81708    19.28276    86.67795
   135  H   1.0   0.081   1.000    41.65523    24.11668    86.79700
   136  H   1.0   0.080   1.000    44.56163    23.02064    88.16327
   137  H   1.0   0.081   0.998    41.73838    23.26631    89.90938
   138  H   1.0   0.081   1.004    41.23193    18.68183    83.80935
   139  H   1.0   0.080   0.997    40.72359    21.90003    83.57502
   140  H   1.0   0.080   0.997    38.34065    19.84590    84.98287
 
  Z AO/shell   Hii/eV     exponent
  1     Sat Feb 20 21:38:01 CET 2016    EN: 2.327 GAM: 0.473  GM3: 0.0000
     1s    -13.751157    1.051071
  6     Sat Feb 20 21:38:01 CET 2016    EN: 2.731 GAM: 0.422  GM3: 0.0000
     2s    -19.378245    2.021003
     2p    -11.993376    1.497917
  7     Sat Feb 20 21:38:01 CET 2016    EN: 3.573 GAM: 0.504  GM3: 0.0000
     2s    -21.576984    2.275442
     2p    -16.125120    2.056788
  8     Sat Feb 20 21:38:01 CET 2016    EN: 3.700 GAM: 0.587  GM3: 0.0000
     2s    -21.648843    2.110798
     2p    -17.239740    2.329048
 12     Sat Feb 20 23:25:47 CET 2016    EN: 0.033 GAM: 0.222  GM3: 0.0000
     3s    -12.693633    1.302878
     3p     -8.128821    0.504252
 
 dipole moment of classical point charges (au)
     X       Y       Z   
  -0.4176   0.9128   0.6561  total (Debye):    3.048

 
 Nbf   :          338
 T(el) :   300.0
 calculating S/T integrals ...
 cpu time for ints   0.187306000000000     
 Nao   :          338
 making H0...
 making H1...
 cpu time for H      5.849999999999994E-003
 solving ...
 cpu time for diag   5.143300000000003E-002
 
 gap (eV)           :   1.182
 Koopmans IP (eV)   :  12.259
 Eel (Eh)           :  -268.578915
 T,E(Fermi),NFOD :    300.000   -11.668  0.000000
 T,E(Fermi),NFOD :    300.000   -11.668  0.000000
 Nfod               :  0.0000
 Nfod/Nel           :  0.0000

          eigenvalues
 #    :         164        165        166        167        168        169        170        171
 occ. :        2.000      2.000      2.000      2.000      2.000      2.000      2.000      2.000
 eps  :       -16.216    -16.157    -16.139    -15.968    -15.822    -15.479    -15.425    -14.947
 #    :         172        173        174        175        176        177        178        179
 occ. :        2.000      2.000      2.000      2.000      2.000      0.000      0.000      0.000
 eps  :       -14.809    -14.684    -14.344    -13.430    -12.260    -11.078     -9.501     -8.991
 #    :         180        181        182        183        184        185        186        187
 occ. :        0.000      0.000      0.000      0.000      0.000      0.000      0.000      0.000
 eps  :        -8.747     -8.370     -8.169     -7.997     -7.549     -7.391     -7.239     -6.969
                            1  SCC done.
 making H1...
 cpu time for H      6.238299999999999E-002
 solving ...
 cpu time for diag   3.070699999999998E-002
 
 gap (eV)           :   1.498
 Koopmans IP (eV)   :  12.215
 Eel (Eh)           :  -265.881596
 T,E(Fermi),NFOD :    300.000   -11.466  0.000000
 T,E(Fermi),NFOD :    300.000   -11.466  0.000000
 Nfod               :  0.0000
 Nfod/Nel           :  0.0000

          eigenvalues
 #    :         164        165        166        167        168        169        170        171
 occ. :        2.000      2.000      2.000      2.000      2.000      2.000      2.000      2.000
 eps  :       -15.202    -15.117    -14.939    -14.898    -14.651    -14.293    -14.137    -14.064
 #    :         172        173        174        175        176        177        178        179
 occ. :        2.000      2.000      2.000      2.000      2.000      0.000      0.000      0.000
 eps  :       -14.004    -13.778    -13.755    -12.818    -12.217    -10.718     -8.928     -8.857
 #    :         180        181        182        183        184        185        186        187
 occ. :        0.000      0.000      0.000      0.000      0.000      0.000      0.000      0.000
 eps  :        -8.534     -8.462     -7.959     -7.825     -7.390     -7.319     -7.172     -6.644
                            2  SCC done.
 
 
 Mulliken/CM5 charges    n(s)   n(p)   n(d)   
    1 MG  0.2734  0.7643   0.683  1.043  0.000
    2 C   0.0290  0.0335   1.160  2.811  0.000
    3 C  -0.0113 -0.0539   1.117  2.894  0.000
    4 C  -0.0062 -0.0468   1.119  2.887  0.000
    5 C  -0.0444 -0.0860   1.132  2.913  0.000
    6 N  -0.1073 -0.3340   1.436  3.671  0.000
    7 C   0.0294  0.0866   1.233  2.737  0.000
    8 C  -0.0226 -0.0775   1.205  2.817  0.000
    9 C  -0.0168 -0.0754   1.189  2.828  0.000
   10 C   0.0319  0.0842   1.227  2.741  0.000
   11 C  -0.0944 -0.2438   1.107  2.988  0.000
   12 C  -0.0602 -0.1664   1.171  2.889  0.000
   13 C  -0.0631 -0.1626   1.160  2.903  0.000
   14 C   0.2165  0.2684   1.178  2.606  0.000
   15 O  -0.3111 -0.3571   1.632  4.679  0.000
   16 O  -0.1201 -0.2020   1.456  4.664  0.000
   17 N  -0.1977 -0.4587   1.411  3.786  0.000
   18 C   0.0217  0.0777   1.198  2.780  0.000
   19 C  -0.0323 -0.0385   1.242  2.790  0.000
   20 C  -0.0537 -0.0489   1.213  2.840  0.000
   21 C   0.0323  0.0862   1.214  2.754  0.000
   22 C  -0.0668 -0.2116   1.081  2.986  0.000
   23 C   0.1382  0.1615   1.196  2.666  0.000
   24 O  -0.2661 -0.3187   1.626  4.641  0.000
   25 C  -0.0981 -0.2407   1.095  3.003  0.000
   26 N  -0.1876 -0.4904   1.423  3.765  0.000
   27 C   0.0197  0.0702   1.253  2.727  0.000
   28 C  -0.0086 -0.0653   1.220  2.788  0.000
   29 C  -0.0261 -0.0817   1.217  2.810  0.000
   30 C   0.0572  0.1202   1.200  2.743  0.000
   31 C  -0.0855 -0.2328   1.105  2.980  0.000
   32 C  -0.0586 -0.1706   1.144  2.915  0.000
   33 C  -0.0986 -0.2528   1.091  3.007  0.000
   34 N  -0.2209 -0.5238   1.386  3.835  0.000
   35 C   0.0216  0.0784   1.198  2.780  0.000
   36 C  -0.0056 -0.0125   1.209  2.796  0.000
   37 C  -0.0620 -0.0538   1.181  2.881  0.000
   38 C   0.0540  0.1333   1.171  2.775  0.000
   39 C  -0.0512 -0.1947   1.076  2.975  0.000
   40 C   0.1273  0.1592   1.205  2.667  0.000
   41 O  -0.2387 -0.2800   1.636  4.602  0.000
   42 C  -0.0580 -0.1005   1.200  2.858  0.000
   43 C   0.2570  0.3142   1.161  2.582  0.000
   44 O  -0.2405 -0.2935   1.611  4.629  0.000
   45 O  -0.1905 -0.2763   1.479  4.711  0.000
   46 C   0.0031 -0.1194   1.101  2.896  0.000
   47 C   0.0774 -0.0020   1.105  2.818  0.000
   48 C  -0.0824 -0.1412   1.156  2.926  0.000
   49 C  -0.0385 -0.0632   1.216  2.823  0.000
   50 C  -0.0978 -0.2442   1.085  3.013  0.000
   51 C  -0.0509 -0.1563   1.144  2.907  0.000
   52 C  -0.0518 -0.1641   1.144  2.908  0.000
   53 C  -0.0657 -0.1782   1.147  2.919  0.000
   54 C  -0.0325 -0.1078   1.202  2.831  0.000
   55 C  -0.1064 -0.2587   1.107  2.999  0.000
   56 C  -0.0673 -0.1769   1.161  2.907  0.000
   57 C  -0.0757 -0.1869   1.154  2.922  0.000
   58 C  -0.0888 -0.1994   1.168  2.921  0.000
   59 C  -0.0251 -0.0989   1.216  2.810  0.000
   60 C  -0.1067 -0.2579   1.105  3.002  0.000
   61 C  -0.0580 -0.1674   1.150  2.908  0.000
   62 C  -0.0595 -0.1713   1.144  2.915  0.000
   63 C  -0.0574 -0.1681   1.148  2.909  0.000
   64 C  -0.0173 -0.0944   1.197  2.820  0.000
   65 C  -0.1083 -0.2590   1.100  3.008  0.000
   66 C  -0.1078 -0.2583   1.109  2.999  0.000
   67 H   0.0521  0.1116   0.948  0.000  0.000
   68 H   0.0641  0.1304   0.936  0.000  0.000
   69 H   0.0562  0.1159   0.944  0.000  0.000
   70 H   0.0509  0.1147   0.949  0.000  0.000
   71 H   0.0480  0.1094   0.952  0.000  0.000
   72 H   0.0370  0.0915   0.963  0.000  0.000
   73 H   0.0332  0.0863   0.967  0.000  0.000
   74 H   0.0388  0.0909   0.961  0.000  0.000
   75 H   0.0435  0.1037   0.957  0.000  0.000
   76 H   0.0421  0.0987   0.958  0.000  0.000
   77 H   0.0552  0.1134   0.945  0.000  0.000
   78 H   0.0433  0.1053   0.957  0.000  0.000
   79 H   0.0500  0.1027   0.950  0.000  0.000
   80 H   0.0531  0.1074   0.947  0.000  0.000
   81 H   0.0555  0.1078   0.945  0.000  0.000
   82 H   0.0426  0.0994   0.957  0.000  0.000
   83 H   0.0486  0.1010   0.951  0.000  0.000
   84 H   0.0425  0.0949   0.958  0.000  0.000
   85 H   0.0605  0.1202   0.939  0.000  0.000
   86 H   0.0534  0.1145   0.947  0.000  0.000
   87 H   0.0360  0.0880   0.964  0.000  0.000
   88 H   0.0431  0.0937   0.957  0.000  0.000
   89 H   0.0420  0.0940   0.958  0.000  0.000
   90 H   0.0362  0.0927   0.964  0.000  0.000
   91 H   0.0291  0.0861   0.971  0.000  0.000
   92 H   0.0231  0.0757   0.977  0.000  0.000
   93 H   0.0431  0.0937   0.957  0.000  0.000
   94 H   0.0284  0.0812   0.972  0.000  0.000
   95 H   0.0533  0.1065   0.947  0.000  0.000
   96 H   0.0536  0.1070   0.946  0.000  0.000
   97 H   0.0619  0.1160   0.938  0.000  0.000
   98 H   0.0519  0.1199   0.948  0.000  0.000
   99 H   0.0441  0.1077   0.956  0.000  0.000
  100 H   0.0481  0.1138   0.952  0.000  0.000
  101 H   0.0542  0.1121   0.946  0.000  0.000
  102 H   0.0548  0.1216   0.945  0.000  0.000
  103 H   0.0733  0.1400   0.927  0.000  0.000
  104 H   0.0240  0.0836   0.976  0.000  0.000
  105 H   0.0367  0.0898   0.963  0.000  0.000
  106 H   0.0411  0.0939   0.959  0.000  0.000
  107 H   0.0433  0.0962   0.957  0.000  0.000
  108 H   0.0463  0.1024   0.954  0.000  0.000
  109 H   0.0464  0.1047   0.954  0.000  0.000
  110 H   0.0358  0.0920   0.964  0.000  0.000
  111 H   0.0267  0.0825   0.973  0.000  0.000
  112 H   0.0393  0.0972   0.961  0.000  0.000
  113 H   0.0231  0.0825   0.977  0.000  0.000
  114 H   0.0272  0.0893   0.973  0.000  0.000
  115 H   0.0378  0.0891   0.962  0.000  0.000
  116 H   0.0272  0.0787   0.973  0.000  0.000
  117 H   0.0322  0.0849   0.968  0.000  0.000
  118 H   0.0300  0.0881   0.970  0.000  0.000
  119 H   0.0468  0.1022   0.953  0.000  0.000
  120 H   0.0306  0.0855   0.969  0.000  0.000
  121 H   0.0321  0.0889   0.968  0.000  0.000
  122 H   0.0335  0.0903   0.967  0.000  0.000
  123 H   0.0284  0.0847   0.972  0.000  0.000
  124 H   0.0445  0.1043   0.955  0.000  0.000
  125 H   0.0290  0.0818   0.971  0.000  0.000
  126 H   0.0379  0.0910   0.962  0.000  0.000
  127 H   0.0323  0.0847   0.968  0.000  0.000
  128 H   0.0424  0.0978   0.958  0.000  0.000
  129 H   0.0371  0.0944   0.963  0.000  0.000
  130 H   0.0387  0.0959   0.961  0.000  0.000
  131 H   0.0225  0.0787   0.977  0.000  0.000
  132 H   0.0359  0.0923   0.964  0.000  0.000
  133 H   0.0259  0.0836   0.974  0.000  0.000
  134 H   0.0351  0.0956   0.965  0.000  0.000
  135 H   0.0340  0.0874   0.966  0.000  0.000
  136 H   0.0308  0.0830   0.969  0.000  0.000
  137 H   0.0258  0.0781   0.974  0.000  0.000
  138 H   0.0276  0.0814   0.972  0.000  0.000
  139 H   0.0444  0.0961   0.956  0.000  0.000
  140 H   0.0339  0.0852   0.966  0.000  0.000
 Hirshfeld charges for QMDFF written to <charges>
 
 Loewdin charges    n(s)   n(p)   n(d)
    1 MG  0.1088   0.696  1.196  0.000
    2 C   0.0308   1.117  2.852  0.000
    3 C  -0.0090   1.064  2.945  0.000
    4 C  -0.0037   1.064  2.940  0.000
    5 C  -0.0409   1.078  2.963  0.000
    6 N  -0.0789   1.397  3.682  0.000
    7 C   0.0319   1.197  2.771  0.000
    8 C  -0.0160   1.159  2.857  0.000
    9 C  -0.0094   1.141  2.869  0.000
   10 C   0.0381   1.189  2.773  0.000
   11 C  -0.0974   1.035  3.062  0.000
   12 C  -0.0550   1.114  2.941  0.000
   13 C  -0.0630   1.102  2.961  0.000
   14 C   0.1928   1.152  2.655  0.000
   15 O  -0.3000   1.605  4.695  0.000
   16 O  -0.0800   1.417  4.663  0.000
   17 N  -0.1685   1.372  3.796  0.000
   18 C   0.0255   1.160  2.815  0.000
   19 C  -0.0220   1.203  2.819  0.000
   20 C  -0.0618   1.179  2.882  0.000
   21 C   0.0393   1.174  2.787  0.000
   22 C  -0.0677   1.007  3.061  0.000
   23 C   0.1370   1.159  2.705  0.000
   24 O  -0.2519   1.597  4.655  0.000
   25 C  -0.1041   1.023  3.081  0.000
   26 N  -0.1464   1.376  3.770  0.000
   27 C   0.0270   1.216  2.757  0.000
   28 C   0.0009   1.174  2.825  0.000
   29 C  -0.0191   1.171  2.849  0.000
   30 C   0.0609   1.161  2.778  0.000
   31 C  -0.0869   1.034  3.053  0.000
   32 C  -0.0541   1.084  2.970  0.000
   33 C  -0.1015   1.019  3.082  0.000
   34 N  -0.1864   1.341  3.845  0.000
   35 C   0.0223   1.161  2.817  0.000
   36 C   0.0042   1.168  2.828  0.000
   37 C  -0.0713   1.144  2.927  0.000
   38 C   0.0577   1.130  2.812  0.000
   39 C  -0.0500   1.000  3.050  0.000
   40 C   0.1229   1.172  2.705  0.000
   41 O  -0.2247   1.608  4.617  0.000
   42 C  -0.0600   1.153  2.907  0.000
   43 C   0.2301   1.135  2.635  0.000
   44 O  -0.2208   1.575  4.646  0.000
   45 O  -0.1588   1.446  4.713  0.000
   46 C  -0.0041   1.030  2.974  0.000
   47 C   0.0752   1.046  2.879  0.000
   48 C  -0.0806   1.106  2.974  0.000
   49 C  -0.0294   1.176  2.854  0.000
   50 C  -0.1009   1.011  3.090  0.000
   51 C  -0.0465   1.084  2.962  0.000
   52 C  -0.0470   1.085  2.962  0.000
   53 C  -0.0630   1.089  2.974  0.000
   54 C  -0.0237   1.155  2.869  0.000
   55 C  -0.1111   1.037  3.074  0.000
   56 C  -0.0647   1.103  2.961  0.000
   57 C  -0.0725   1.096  2.976  0.000
   58 C  -0.0885   1.112  2.976  0.000
   59 C  -0.0146   1.169  2.846  0.000
   60 C  -0.1109   1.034  3.076  0.000
   61 C  -0.0548   1.092  2.963  0.000
   62 C  -0.0561   1.086  2.970  0.000
   63 C  -0.0540   1.090  2.964  0.000
   64 C  -0.0055   1.148  2.858  0.000
   65 C  -0.1138   1.029  3.084  0.000
   66 C  -0.1118   1.039  3.073  0.000
   67 H   0.0472   0.953  0.000  0.000
   68 H   0.0565   0.944  0.000  0.000
   69 H   0.0508   0.949  0.000  0.000
   70 H   0.0449   0.955  0.000  0.000
   71 H   0.0436   0.956  0.000  0.000
   72 H   0.0365   0.963  0.000  0.000
   73 H   0.0338   0.966  0.000  0.000
   74 H   0.0388   0.961  0.000  0.000
   75 H   0.0400   0.960  0.000  0.000
   76 H   0.0389   0.961  0.000  0.000
   77 H   0.0508   0.949  0.000  0.000
   78 H   0.0397   0.960  0.000  0.000
   79 H   0.0486   0.951  0.000  0.000
   80 H   0.0516   0.948  0.000  0.000
   81 H   0.0540   0.946  0.000  0.000
   82 H   0.0411   0.959  0.000  0.000
   83 H   0.0480   0.952  0.000  0.000
   84 H   0.0434   0.957  0.000  0.000
   85 H   0.0531   0.947  0.000  0.000
   86 H   0.0472   0.953  0.000  0.000
   87 H   0.0363   0.964  0.000  0.000
   88 H   0.0422   0.958  0.000  0.000
   89 H   0.0409   0.959  0.000  0.000
   90 H   0.0340   0.966  0.000  0.000
   91 H   0.0277   0.972  0.000  0.000
   92 H   0.0244   0.976  0.000  0.000
   93 H   0.0427   0.957  0.000  0.000
   94 H   0.0297   0.970  0.000  0.000
   95 H   0.0517   0.948  0.000  0.000
   96 H   0.0517   0.948  0.000  0.000
   97 H   0.0583   0.942  0.000  0.000
   98 H   0.0448   0.955  0.000  0.000
   99 H   0.0402   0.960  0.000  0.000
  100 H   0.0446   0.955  0.000  0.000
  101 H   0.0506   0.949  0.000  0.000
  102 H   0.0484   0.952  0.000  0.000
  103 H   0.0641   0.936  0.000  0.000
  104 H   0.0180   0.982  0.000  0.000
  105 H   0.0365   0.963  0.000  0.000
  106 H   0.0412   0.959  0.000  0.000
  107 H   0.0429   0.957  0.000  0.000
  108 H   0.0423   0.958  0.000  0.000
  109 H   0.0432   0.957  0.000  0.000
  110 H   0.0332   0.967  0.000  0.000
  111 H   0.0243   0.976  0.000  0.000
  112 H   0.0363   0.964  0.000  0.000
  113 H   0.0219   0.978  0.000  0.000
  114 H   0.0236   0.976  0.000  0.000
  115 H   0.0381   0.962  0.000  0.000
  116 H   0.0285   0.972  0.000  0.000
  117 H   0.0340   0.966  0.000  0.000
  118 H   0.0286   0.971  0.000  0.000
  119 H   0.0440   0.956  0.000  0.000
  120 H   0.0287   0.971  0.000  0.000
  121 H   0.0313   0.969  0.000  0.000
  122 H   0.0324   0.968  0.000  0.000
  123 H   0.0274   0.973  0.000  0.000
  124 H   0.0396   0.960  0.000  0.000
  125 H   0.0292   0.971  0.000  0.000
  126 H   0.0386   0.961  0.000  0.000
  127 H   0.0326   0.967  0.000  0.000
  128 H   0.0394   0.961  0.000  0.000
  129 H   0.0357   0.964  0.000  0.000
  130 H   0.0373   0.963  0.000  0.000
  131 H   0.0202   0.980  0.000  0.000
  132 H   0.0329   0.967  0.000  0.000
  133 H   0.0237   0.976  0.000  0.000
  134 H   0.0309   0.969  0.000  0.000
  135 H   0.0351   0.965  0.000  0.000
  136 H   0.0308   0.969  0.000  0.000
  137 H   0.0272   0.973  0.000  0.000
  138 H   0.0286   0.971  0.000  0.000
  139 H   0.0445   0.956  0.000  0.000
  140 H   0.0338   0.966  0.000  0.000
 
 Wiberg/Mayer (AO) data. WBOs > 0.1 written file <wbo>
 largest (>0.05) Wiberg bond orders for each atom
           total WBO             WBO to atom ...
     1  MG  2.572    N   17 0.525    N   34 0.505    N   26 0.454    N    6 0.386    C   27 0.051
     2  C   3.905    C    7 1.448    C   38 1.206    C   42 0.949
     3  C   3.921    C   10 1.453    C   18 1.274    H   67 0.932
     4  C   3.943    C   27 1.399    C   21 1.373    H   68 0.918
     5  C   3.915    C   30 1.497    C   35 1.202    H   69 0.934
     6  N   3.305    C   10 1.221    C    7 1.215    MG   1 0.386    C   18 0.056
     7  C   3.871    C    2 1.448    N    6 1.215    C    8 0.930
     8  C   3.931    C   12 0.953    C    9 0.948    H   70 0.935    C    7 0.930
     9  C   3.942    C   11 0.971    C   10 0.949    C    8 0.948    H   71 0.940
    10  C   3.866    C    3 1.453    N    6 1.221    C    9 0.949
    11  C   3.969    H   73 0.980    H   72 0.977    H   74 0.973    C    9 0.971
    12  C   3.944    H   76 0.968    H   75 0.962    C    8 0.953    C   13 0.949
    13  C   3.962    H   78 0.966    H   77 0.956    C   12 0.949    C   14 0.943    O   15 0.080
    14  C   3.894    O   15 1.759    O   16 1.156    C   13 0.943
    15  O   2.073    C   14 1.759    O   16 0.168    C   13 0.080
    16  O   2.361    C   14 1.156    C   47 0.946    O   15 0.168
    17  N   3.300    C   18 1.151    C   21 1.139    MG   1 0.525    C   20 0.067    C   27 0.064
    18  C   3.881    C    3 1.274    C   19 1.210    N   17 1.151    N    6 0.056
    19  C   3.840    C   20 1.334    C   18 1.210    C   22 0.998    O   24 0.084
    20  C   3.864    C   19 1.334    C   23 1.106    C   21 1.082    O   24 0.070    N   17 0.067
    21  C   3.867    C    4 1.373    N   17 1.139    C   20 1.082    N   26 0.054
    22  C   3.979    C   19 0.998    H   80 0.972    H   81 0.967    H   79 0.960
    23  C   3.898    O   24 1.754    C   20 1.106    C   25 0.946
    24  O   2.111    C   23 1.754    C   19 0.084    C   25 0.073    C   20 0.070
    25  C   3.977    H   82 0.973    H   84 0.965    H   83 0.961    C   23 0.946    O   24 0.073
    26  N   3.342    C   30 1.226    C   27 1.191    MG   1 0.454    C   21 0.054
    27  C   3.837    C    4 1.399    N   26 1.191    C   28 0.924    N   17 0.064    MG   1 0.051
    28  C   3.920    C   31 0.958    C   29 0.945    H   85 0.944    C   27 0.924
    29  C   3.926    C   32 0.954    C   28 0.945    H   86 0.939    C   30 0.919
    30  C   3.875    C    5 1.497    N   26 1.226    C   29 0.919
    31  C   3.962    H   89 0.982    H   88 0.979    H   87 0.979    C   28 0.958
    32  C   3.954    C   33 1.008    H   91 0.965    H   90 0.964    C   29 0.954
    33  C   3.978    C   32 1.008    H   92 0.984    H   93 0.977    H   94 0.977
    34  N   3.316    C   38 1.265    C   35 1.101    MG   1 0.505    C   37 0.066
    35  C   3.862    C   36 1.274    C    5 1.202    N   34 1.101
    36  C   3.863    C   37 1.279    C   35 1.274    C   39 1.013    O   41 0.054
    37  C   3.892    C   36 1.279    C   38 1.159    C   40 1.117    O   41 0.070    N   34 0.066
    38  C   3.908    N   34 1.265    C    2 1.206    C   37 1.159
    39  C   3.980    C   36 1.013    H   97 0.970    H   95 0.967    H   96 0.956
    40  C   3.895    O   41 1.793    C   37 1.117    C   42 0.829
    41  O   2.143    C   40 1.793    C   42 0.089    C   37 0.070    C   36 0.054
    42  C   3.939    C    2 0.949    H   98 0.930    C   43 0.920    C   40 0.829    O   41 0.089    O   44 0.076
    43  C   3.894    O   44 1.884    O   45 1.017    C   42 0.920
    44  O   2.195    C   43 1.884    O   45 0.153    C   42 0.076
    45  O   2.224    C   43 1.017    C   46 0.978    O   44 0.153
    46  C   3.951    H  101 0.987    H   99 0.987    H  100 0.982    O   45 0.978
    47  C   3.935    C   48 1.017    H  102 0.954    O   16 0.946    H  103 0.943
    48  C   3.958    C   49 1.877    C   47 1.017    H  104 0.937
    49  C   3.932    C   48 1.877    C   50 0.981    C   51 0.978
    50  C   3.990    C   49 0.981    H  105 0.977    H  106 0.976    H  107 0.970
    51  C   3.968    C   49 0.978    H  108 0.965    C   52 0.956    H  109 0.956
    52  C   3.965    C   53 1.007    H  111 0.971    H  110 0.965    C   51 0.956
    53  C   3.969    C   52 1.007    H  113 0.963    H  112 0.961    C   54 0.959
    54  C   3.937    C   55 0.979    C   56 0.977    C   53 0.959    H  114 0.953
    55  C   3.975    H  115 0.980    C   54 0.979    H  116 0.978    H  117 0.974
    56  C   3.959    C   54 0.977    C   57 0.966    H  118 0.964    H  119 0.958
    57  C   3.955    C   58 0.992    H  120 0.967    C   56 0.966    H  121 0.962
    58  C   3.952    C   57 0.992    H  123 0.964    H  122 0.961    C   59 0.948
    59  C   3.936    C   60 0.991    C   61 0.979    C   58 0.948    H  124 0.946
    60  C   3.980    C   59 0.991    H  127 0.980    H  125 0.977    H  126 0.975
    61  C   3.958    C   59 0.979    C   62 0.973    H  129 0.959    H  128 0.958
    62  C   3.962    C   63 0.997    C   61 0.973    H  131 0.970    H  130 0.956
    63  C   3.968    C   62 0.997    H  133 0.966    H  132 0.964    C   64 0.963
    64  C   3.943    C   65 1.003    C   66 0.974    C   63 0.963    H  134 0.956
    65  C   3.981    C   64 1.003    H  136 0.978    H  137 0.974    H  135 0.973
    66  C   3.975    H  138 0.983    H  140 0.981    H  139 0.974    C   64 0.974
    67  H   0.994    C    3 0.932
    68  H   0.992    C    4 0.918
    69  H   0.993    C    5 0.934
    70  H   0.995    C    8 0.935
    71  H   0.996    C    9 0.940
    72  H   0.998    C   11 0.977
    73  H   0.997    C   11 0.980
    74  H   0.996    C   11 0.973
    75  H   0.996    C   12 0.962
    76  H   0.997    C   12 0.968
    77  H   0.996    C   13 0.956
    78  H   0.998    C   13 0.966
    79  H   0.992    C   22 0.960
    80  H   0.996    C   22 0.972
    81  H   0.991    C   22 0.967
    82  H   0.996    C   25 0.973
    83  H   0.996    C   25 0.961
    84  H   0.998    C   25 0.965
    85  H   0.994    C   28 0.944
    86  H   0.995    C   29 0.939
    87  H   0.997    C   31 0.979
    88  H   0.996    C   31 0.979
    89  H   0.996    C   31 0.982
    90  H   0.998    C   32 0.964
    91  H   0.997    C   32 0.965
    92  H   0.999    C   33 0.984
    93  H   0.997    C   33 0.977
    94  H   0.999    C   33 0.977
    95  H   0.993    C   39 0.967
    96  H   0.991    C   39 0.956
    97  H   0.994    C   39 0.970
    98  H   0.994    C   42 0.930
    99  H   0.998    C   46 0.987
   100  H   0.998    C   46 0.982
   101  H   0.997    C   46 0.987
   102  H   0.997    C   47 0.954
   103  H   0.994    C   47 0.943
   104  H   0.999    C   48 0.937
   105  H   0.999    C   50 0.977
   106  H   0.998    C   50 0.976
   107  H   0.998    C   50 0.970
   108  H   0.997    C   51 0.965
   109  H   0.997    C   51 0.956
   110  H   0.999    C   52 0.965
   111  H   0.999    C   52 0.971
   112  H   0.997    C   53 0.961
   113  H   0.999    C   53 0.963
   114  H   0.999    C   54 0.953
   115  H   0.998    C   55 0.980
   116  H   0.999    C   55 0.978
   117  H   0.998    C   55 0.974
   118  H   0.999    C   56 0.964
   119  H   0.997    C   56 0.958
   120  H   0.998    C   57 0.967
   121  H   0.999    C   57 0.962
   122  H   0.999    C   58 0.961
   123  H   0.999    C   58 0.964
   124  H   0.998    C   59 0.946
   125  H   0.999    C   60 0.977
   126  H   0.998    C   60 0.975
   127  H   0.999    C   60 0.980
   128  H   0.996    C   61 0.958
   129  H   0.999    C   61 0.959
   130  H   0.998    C   62 0.956
   131  H   0.999    C   62 0.970
   132  H   0.998    C   63 0.964
   133  H   0.999    C   63 0.966
   134  H   0.999    C   64 0.956
   135  H   0.998    C   65 0.973
   136  H   0.999    C   65 0.978
   137  H   0.999    C   65 0.974
   138  H   0.999    C   66 0.983
   139  H   0.997    C   66 0.974
   140  H   0.999    C   66 0.981
 
 --------------------------------------------
          xTB calculation for sTDA...
 --------------------------------------------
 
 reading parameter file ~/.param_stda2.xtb
 
      method parameters     
 k(s)        :  1.6000
 k(p)        :  2.1800
 k(d)        :  1.9500
 k(f)        :  2.0000
 k(R-V)      :  2.2750
 k(R-R)      :  1.7650
 Tscal       :  0.2580
 Gscal       :  1.0000
 fpol        :  1.0000
 Zcnf        :  0.3430
 Zqf         :  0.0000
 kcn         :  2.7000
 Ryd Hsplit  :  0.7000
 lshift(virt):  3.1000
 lshift(OS)  :  0.2000
 wllscaling  :  2.6000
 
 mowrcut     : 3.000
 
  Z AO/shell   Hii/eV     exponent
  1     Sun Feb 14 09:53:25 CET 2016    EN: 2.327 GAM: 0.473  GM3: 0.0000
     1s    -14.339618    1.220000
     2sp    -3.348946    0.600000
  6     Sun Feb 14 09:53:25 CET 2016    EN: 2.731 GAM: 0.422  GM3: 0.0000
     2s    -22.009312    1.565095
     2p    -13.020408    1.596905
     3sp    -3.914040    0.824500
  7     Sun Feb 14 09:53:25 CET 2016    EN: 3.573 GAM: 0.504  GM3: 0.0000
     2s    -25.722000    2.064844
     2p    -18.684912    1.801692
     3sp    -4.344791    0.921400
  8     Sun Feb 14 09:53:25 CET 2016    EN: 3.700 GAM: 0.587  GM3: 0.0000
     2s    -33.859000    2.418661
     2p    -22.175911    1.973969
     3sp    -4.259392    1.013700
 12     Sun Feb 21 16:58:31 CET 2016    EN: 0.033 GAM: 0.222  GM3: 0.0000
     3s    -11.092543    1.647583
     3p     -6.929529    0.855020
 
 Nbf   :          894
 T(el) :     0.0
 calculating S/T integrals ...
 cpu time for ints    1.32663400000000     
 Nao   :          894
 making H0...
 making H1...
 cpu time for H      2.753900000000020E-002
 solving ...
 cpu time for diag   0.309556000000000     
 
 gap (eV)           :   4.533
 Koopmans IP (eV)   :  13.502
 Eel (Eh)           :  -301.813610

          eigenvalues
 #    :         164        165        166        167        168        169        170        171
 occ. :        2.000      2.000      2.000      2.000      2.000      2.000      2.000      2.000
 eps  :       -17.382    -17.331    -17.172    -16.387    -16.310    -16.209    -16.105    -15.728
 #    :         172        173        174        175        176        177        178        179
 occ. :        2.000      2.000      2.000      2.000      2.000      0.000      0.000      0.000
 eps  :       -15.461    -15.396    -15.204    -14.230    -13.504     -8.971     -7.136     -6.928
 #    :         180        181        182        183        184        185        186        187
 occ. :        0.000      0.000      0.000      0.000      0.000      0.000      0.000      0.000
 eps  :        -6.245     -6.079     -5.776     -5.757     -5.366     -5.216     -5.053     -5.023
                            1  SCC done.
 writing mo output ...
 molden style : F
 
speedup  0.73
cpu  time for all    2.15 s
wall time for all    2.94 s
