cpu-bind=MASK - bp1-compute063, task 4294967295 4294967295 [0]: mask 0xffffffffffff set
Host:    bp1-compute063.data.bp.acrc.priv
Time:    Thu May  5 06:34:10 BST 2022
Dir:     /user/home/of15641/chlorophyll_parameterization/tddft_data/step_751_chromophore_10
Job ID:  1692382
Nodelist:
cat: bp1-compute063: No such file or directory
  
Result dir: /user/home/of15641/chlorophyll_parameterization/tddft_data/step_751_chromophore_10
running gaussian jobs
Running time g16 < CAMB3LYP_step_751_chromophore_10.com > CAMB3LYP_step_751_chromophore_10.log

real	27m14.486s
user	641m32.965s
sys	0m27.630s
Running time g16 < PBE0_step_751_chromophore_10.com > PBE0_step_751_chromophore_10.log

real	16m14.374s
user	387m40.656s
sys	0m21.367s
Running time g16 < wB97XD_step_751_chromophore_10.com > wB97XD_step_751_chromophore_10.log

real	28m20.814s
user	667m31.470s
sys	0m26.788s
Running time g16 < BLYP_step_751_chromophore_10.com > BLYP_step_751_chromophore_10.log

real	12m40.610s
user	302m31.019s
sys	0m23.305s
Running time g16 < ZINDO_step_751_chromophore_10.com > ZINDO_step_751_chromophore_10.log

real	0m7.853s
user	2m50.370s
sys	0m2.876s
