cpu-bind=MASK - bp1-compute147, task 4294967295 4294967295 [0]: mask 0xffffff00ffffff set
Host:    bp1-compute147.data.bp.acrc.priv
Time:    Fri Apr 29 21:58:36 BST 2022
Dir:     /user/home/of15641/chlorophyll_parameterization/tddft_data/step_501_chromophore_25
Job ID:  1658799
Nodelist:
cat: bp1-compute147: No such file or directory
  
Result dir: /user/home/of15641/chlorophyll_parameterization/tddft_data/step_501_chromophore_25
running gaussian jobs
Running time g16 < CAMB3LYP_step_501_chromophore_25.com > CAMB3LYP_step_501_chromophore_25.log

real	32m18.258s
user	765m10.047s
sys	0m34.913s
Running time g16 < PBE0_step_501_chromophore_25.com > PBE0_step_501_chromophore_25.log

real	25m32.220s
user	610m38.797s
sys	0m31.002s
Running time g16 < wB97XD_step_501_chromophore_25.com > wB97XD_step_501_chromophore_25.log

real	34m49.534s
user	824m33.383s
sys	0m35.544s
Running time g16 < BLYP_step_501_chromophore_25.com > BLYP_step_501_chromophore_25.log

real	17m40.873s
user	422m35.137s
sys	0m21.626s
Running time g16 < ZINDO_step_501_chromophore_25.com > ZINDO_step_501_chromophore_25.log

real	0m7.465s
user	2m46.693s
sys	0m2.363s
