cpu-bind=MASK - bp1-compute059, task 4294967295 4294967295 [0]: mask 0xffffffffffff set
Host:    bp1-compute059.data.bp.acrc.priv
Time:    Wed May  4 12:33:41 BST 2022
Dir:     /user/home/of15641/chlorophyll_parameterization/tddft_data/step_1751_chromophore_2
Job ID:  1692214
Nodelist:
cat: bp1-compute059: No such file or directory
  
Result dir: /user/home/of15641/chlorophyll_parameterization/tddft_data/step_1751_chromophore_2
running gaussian jobs
Running time g16 < CAMB3LYP_step_1751_chromophore_2.com > CAMB3LYP_step_1751_chromophore_2.log

real	25m49.422s
user	607m22.412s
sys	0m24.834s
Running time g16 < PBE0_step_1751_chromophore_2.com > PBE0_step_1751_chromophore_2.log

real	18m27.541s
user	440m46.613s
sys	0m20.203s
Running time g16 < wB97XD_step_1751_chromophore_2.com > wB97XD_step_1751_chromophore_2.log

real	28m43.287s
user	675m48.421s
sys	0m27.255s
Running time g16 < BLYP_step_1751_chromophore_2.com > BLYP_step_1751_chromophore_2.log

real	13m51.093s
user	330m21.297s
sys	0m24.561s
Running time g16 < ZINDO_step_1751_chromophore_2.com > ZINDO_step_1751_chromophore_2.log

real	0m5.909s
user	2m8.473s
sys	0m2.153s
