cpu-bind=MASK - bp1-compute130, task 4294967295 4294967295 [0]: mask 0x1fffffe01fffffe set
Host:    bp1-compute130.data.bp.acrc.priv
Time:    Thu May  5 06:48:50 BST 2022
Dir:     /user/home/of15641/chlorophyll_parameterization/tddft_data/step_751_chromophore_19
Job ID:  1692388
Nodelist:
cat: bp1-compute130: No such file or directory
  
Result dir: /user/home/of15641/chlorophyll_parameterization/tddft_data/step_751_chromophore_19
running gaussian jobs
Running time g16 < CAMB3LYP_step_751_chromophore_19.com > CAMB3LYP_step_751_chromophore_19.log

real	46m11.947s
user	1093m37.476s
sys	1m55.864s
Running time g16 < PBE0_step_751_chromophore_19.com > PBE0_step_751_chromophore_19.log

real	37m17.815s
user	889m20.721s
sys	1m14.473s
Running time g16 < wB97XD_step_751_chromophore_19.com > wB97XD_step_751_chromophore_19.log

real	47m56.062s
user	1134m26.717s
sys	1m36.236s
Running time g16 < BLYP_step_751_chromophore_19.com > BLYP_step_751_chromophore_19.log

real	20m52.039s
user	496m1.594s
sys	1m23.991s
Running time g16 < ZINDO_step_751_chromophore_19.com > ZINDO_step_751_chromophore_19.log

real	0m6.402s
user	2m20.888s
sys	0m2.410s
