cpu-bind=MASK - bp1-compute183, task 4294967295 4294967295 [0]: mask 0x3fffffc03fffffc set
Host:    bp1-compute183.data.bp.acrc.priv
Time:    Wed May  4 14:52:53 BST 2022
Dir:     /user/home/of15641/chlorophyll_parameterization/tddft_data/step_1_chromophore_2
Job ID:  1692245
Nodelist:
cat: bp1-compute183: No such file or directory
  
Result dir: /user/home/of15641/chlorophyll_parameterization/tddft_data/step_1_chromophore_2
running gaussian jobs
Running time g16 < CAMB3LYP_step_1_chromophore_2.com > CAMB3LYP_step_1_chromophore_2.log

real	44m31.306s
user	1052m21.060s
sys	2m17.413s
Running time g16 < PBE0_step_1_chromophore_2.com > PBE0_step_1_chromophore_2.log

real	24m18.984s
user	579m26.177s
sys	1m12.854s
Running time g16 < wB97XD_step_1_chromophore_2.com > wB97XD_step_1_chromophore_2.log

real	44m15.703s
user	1047m24.912s
sys	1m31.478s
Running time g16 < BLYP_step_1_chromophore_2.com > BLYP_step_1_chromophore_2.log

real	21m20.328s
user	508m46.685s
sys	1m8.552s
Running time g16 < ZINDO_step_1_chromophore_2.com > ZINDO_step_1_chromophore_2.log

real	0m8.806s
user	3m16.734s
sys	0m2.899s
