 
        ______________________________________
       |                                      |
       |          ===================         |
       |             xTB for sTDA             |
       |          ===================         |
       |               S. Grimme              |
       |        Universitaet Bonn, MCTC       |
       |         2015-19, Version 1.0         |
       |     Wed Apr  3 09:14:55 CEST 2019    |
       |______________________________________|
 
        This code comes without any warranty
        for non-commercial, academia use only.
        Preliminary test version.
        Cite this work as:
        S. Grimme  &  C. Bannwarth, JCP 145 (2016) 054103
        if GBSA is used additionally:
        P. Shushkov, F. März, C. Bannwarth, S. Grimme, unpublished.
 
        with help from
        P. Shushkov, G. Brandenburg, S. Dohm, J. Pisarek,
        F. März, M. Checinski, S. Ehrlich, S. Spicher, 
        P. Pracht, E. Caldeweyher, S. Ehlert, and C. Bannwarth.
 
        usage        :
        xtb4stda <coord_file> [options]
        where <coord_file> is a valid file of TM)
        (*coord, Bohr) or xmol (*xyz, Angstroem)
        format.

        options:
        -chrg <int>   : molecular charge
        -uhf  <int>   : # of unpaired electrons(=2*S)
        -nox          : skip second, extended part in sTDA-xTB
        -pop          : do population analysis
                      : (default for -nox)
        -mowr <real>  : cut MO write above (def.3 Eh)
        -molden       : write formatted molden file
        -parx <file>  : read parameters for sTDA-xTB
                        calc (def:~/.param_stda2.xtb)
        -parv <file>  : read parameters for vTB part in
                        sTDA-xTB (def: ~/.param_stda1.xtb)
        -xtemp <real> : el. temp for xTB (def. 0 K)
        -etemp <real> : el. temp for GFN (def. 300 K)
        -fod          : calculate the FOD and write
                        molden.input file with
                        appropriate occupations
                        for plotting. Def. T=12500 K
 
        -acc <real>   : xTB accuracy (def. 1.0)
        -gbsa [string1] [string2]
                        use GBSA implicit solvent
                        for solvent [string1] and
                        solvation state [string2]=
                        reference, bar1M (default=1M)
        additional GFN/opt/MD/siman options read from
        $XTB4STDAHOME/.xtb4stdarc or $set in input
 
       spin and charge state information can be on:
       <.CHRG> (charge) and <.UHF> (=nalpha-nbeta)
       -uhf and -chrg override the file info.
       useful machine settings:
       setenv MKL_NUM_THREADS <NCORE_ON_YOUR_MACHINE>
       setenv OMP_STACKSIZE 500m
       limit stacksize unlimited
 
       total energies in Eh, gaps/HL energies in eV
       please read REVISION and HOWTO files carefully
 =============================
  # OMP threads =           4
 =============================
 
 xtb4stdahome directory:~/
 
 
 name of molecule           :
 comment line               :
 number of atoms            :   140
 number of electrons        :   352
 charge                     :  0
 spin                       : 0.0
 first test random number   :  0.7600
 
 -----------------------------------------
      charge density (VTB) calculation
 -----------------------------------------
 
      method parameters     
 k(s)        :  1.8000
 k(p)        :  2.8350
 k(d)        :  2.0860
 k(f)        :  2.0000
 Tscal       :  0.3300
 Gscal       :  0.3910
 fpol        :  1.0000
 Zcnf        :  0.6500
 Zqf         :  0.0000
 kcn         :  0.3000
 kEN1        : -0.5900
 wllscal     :  2.6000
 
     -------------------------
     ! NO SOLVENT MODEL USED !
     -------------------------
 
 doing EN charges ...
 sum q : -0.1554312D-14
 point charge moment (au)
     X       Y       Z   
  -0.5329  -0.8130   0.3259  total (Debye):    2.606
 
            Z      q(EN)   CN      Cart. coordinates
     1  MG  2.0   0.877   4.667    87.64927    46.95969    53.79294
     2  C   4.0   0.019   3.298    88.56012    51.07740    58.82150
     3  C   4.0  -0.060   3.129    85.93718    42.24482    58.27159
     4  C   4.0  -0.059   3.141    87.14660    42.57931    49.05540
     5  C   4.0  -0.059   3.140    89.87726    51.37031    49.59208
     6  N   5.0  -0.351   3.107    87.56234    46.67434    57.95978
     7  C   4.0   0.095   3.320    87.78911    48.70580    59.57739
     8  C   4.0  -0.094   4.130    87.22786    47.96313    62.39308
     9  C   4.0  -0.096   4.123    86.44551    45.10020    62.09073
    10  C   4.0   0.086   3.291    86.69118    44.55596    59.25803
    11  C   4.0  -0.237   4.009    88.16138    43.32008    63.88408
    12  C   4.0  -0.162   4.047    85.30223    49.50893    63.97667
    13  C   4.0  -0.168   4.039    86.25654    50.29317    66.63174
    14  C   4.0   0.171   3.051    84.43107    51.33630    68.67264
    15  O   6.0  -0.099   1.037    82.48465    52.50981    68.23611
    16  O   6.0  -0.107   2.030    85.23798    50.77505    71.11228
    17  N   5.0  -0.375   3.165    86.46630    43.04229    53.63231
    18  C   4.0   0.083   3.383    85.94096    41.43791    55.59763
    19  C   4.0   0.013   3.215    84.81846    39.10977    54.68300
    20  C   4.0   0.002   3.245    84.88460    39.22504    52.01093
    21  C   4.0   0.074   3.375    86.15639    41.70814    51.38921
    22  C   4.0  -0.248   4.025    83.47108    37.19359    56.32139
    23  C   4.0   0.099   3.039    83.95108    37.44870    49.96435
    24  O   6.0  -0.094   1.051    84.21753    38.00617    47.69290
    25  C   4.0  -0.245   4.013    82.81913    34.82954    50.68245
    26  N   5.0  -0.371   3.120    88.86625    46.75182    49.92278
    27  C   4.0   0.078   3.315    88.30689    44.79028    48.22014
    28  C   4.0  -0.096   4.117    88.97964    45.55562    45.46492
    29  C   4.0  -0.095   4.118    89.37459    48.51304    45.68979
    30  C   4.0   0.087   3.328    89.46152    48.90422    48.57541
    31  C   4.0  -0.237   4.022    91.19251    43.82841    44.50494
    32  C   4.0  -0.162   4.018    87.49620    49.95302    43.84920
    33  C   4.0  -0.237   3.995    84.62571    50.05506    44.56730
    34  N   5.0  -0.456   3.293    88.78499    50.62387    54.03482
    35  C   4.0   0.076   3.471    89.64104    52.23580    52.17533
    36  C   4.0   0.013   3.344    90.24575    54.52615    53.31862
    37  C   4.0   0.011   3.456    89.84135    54.19923    55.95856
    38  C   4.0   0.059   3.829    89.15538    51.81818    56.28927
    39  C   4.0  -0.243   4.015    91.51187    56.81272    51.99203
    40  C   4.0   0.090   3.305    90.09835    55.31606    58.40009
    41  O   6.0  -0.081   1.044    90.39126    57.62908    58.83473
    42  C   4.0  -0.116   4.216    89.56167    53.26004    60.42399
    43  C   4.0   0.166   3.131    91.95029    52.79705    61.78081
    44  O   6.0  -0.090   1.043    94.09890    52.29439    60.98335
    45  O   6.0  -0.106   2.024    91.64226    53.19768    64.36785
    46  C   4.0  -0.201   4.004    93.88347    52.97469    66.06860
    47  C   4.0  -0.141   4.040    83.57124    51.43267    73.30814
    48  C   4.0  -0.054   3.114    83.42951    49.15933    74.91630
    49  C   4.0   0.020   3.079    82.70764    48.85320    77.32948
    50  C   4.0  -0.251   4.051    82.11615    51.05662    79.01322
    51  C   4.0  -0.177   4.094    82.73976    46.27750    78.57480
    52  C   4.0  -0.163   4.039    80.70075    44.39722    77.73577
    53  C   4.0  -0.164   4.069    79.69919    42.97048    80.09603
    54  C   4.0  -0.089   4.042    76.86082    43.19347    80.72531
    55  C   4.0  -0.238   4.031    75.17141    42.05207    78.50677
    56  C   4.0  -0.163   4.057    75.87061    45.92601    81.24877
    57  C   4.0  -0.165   4.072    73.81081    45.98837    83.43707
    58  C   4.0  -0.166   4.100    74.44197    47.58519    85.63482
    59  C   4.0  -0.089   4.081    75.27345    45.74082    87.79100
    60  C   4.0  -0.240   4.086    72.95476    45.08886    89.16861
    61  C   4.0  -0.164   4.074    77.22365    47.05229    89.64293
    62  C   4.0  -0.163   4.050    79.50077    45.27405    90.10969
    63  C   4.0  -0.164   4.084    81.32625    45.22114    87.77210
    64  C   4.0  -0.087   4.027    83.86226    46.43624    88.52421
    65  C   4.0  -0.240   4.041    85.38160    46.97670    86.03544
    66  C   4.0  -0.239   4.045    85.31357    44.45769    90.17394
    67  H   1.0   0.070   1.005    85.47230    40.87288    59.73991
    68  H   1.0   0.071   1.010    87.05590    41.31319    47.42834
    69  H   1.0   0.070   1.004    90.36292    52.72524    48.11242
    70  H   1.0   0.085   1.010    88.94373    48.11053    63.52125
    71  H   1.0   0.084   1.007    84.50665    44.69958    62.65953
    72  H   1.0   0.080   0.998    88.66405    41.60610    62.85984
    73  H   1.0   0.080   0.998    87.02188    42.90812    65.54892
    74  H   1.0   0.080   0.998    90.02276    44.14211    64.19966
    75  H   1.0   0.082   1.004    83.61659    48.34108    64.17131
    76  H   1.0   0.082   1.005    84.87515    51.13220    62.78237
    77  H   1.0   0.082   1.006    87.67195    51.72369    66.18765
    78  H   1.0   0.082   1.004    87.26754    48.64155    67.33094
    79  H   1.0   0.080   1.001    84.59547    35.47583    56.15510
    80  H   1.0   0.080   0.998    81.60970    36.64746    55.63353
    81  H   1.0   0.080   0.998    83.12527    37.74917    58.27537
    82  H   1.0   0.080   0.997    83.61848    33.75617    52.24903
    83  H   1.0   0.080   1.001    83.06479    33.78641    48.92312
    84  H   1.0   0.080   0.999    80.82547    35.18859    51.05473
    85  H   1.0   0.084   1.007    87.36392    45.20413    44.23848
    86  H   1.0   0.084   1.009    91.32290    48.80217    45.09075
    87  H   1.0   0.080   1.002    90.08891    42.52072    43.35787
    88  H   1.0   0.080   0.999    91.86903    42.66434    46.06396
    89  H   1.0   0.080   0.996    92.80066    44.68824    43.54684
    90  H   1.0   0.081   1.002    87.79478    49.07996    42.00672
    91  H   1.0   0.081   1.003    88.21808    51.87865    43.75471
    92  H   1.0   0.080   1.000    84.47453    48.97981    46.31907
    93  H   1.0   0.080   0.997    83.44085    49.38043    43.02528
    94  H   1.0   0.080   1.000    84.20430    52.07140    44.57486
    95  H   1.0   0.080   0.999    93.46207    56.83162    52.64965
    96  H   1.0   0.080   0.999    90.60102    58.50781    52.72902
    97  H   1.0   0.080   0.998    91.16983    56.80138    49.96057
    98  H   1.0   0.086   1.009    88.05934    53.95923    61.64664
    99  H   1.0   0.080   0.996    93.13325    52.78383    67.97722
   100  H   1.0   0.080   0.995    95.20817    54.53749    65.85695
   101  H   1.0   0.080   0.996    94.71306    51.10008    65.87963
   102  H   1.0   0.082   1.001    81.71175    52.13376    72.76768
   103  H   1.0   0.082   1.003    84.52555    52.86886    74.43442
   104  H   1.0   0.071   1.006    83.89060    47.49070    73.79947
   105  H   1.0   0.081   0.999    83.04968    50.82985    80.83492
   106  H   1.0   0.081   1.005    80.06580    50.87709    79.06802
   107  H   1.0   0.080   0.997    82.52811    52.97280    78.38205
   108  H   1.0   0.082   1.003    82.92306    46.26805    80.62705
   109  H   1.0   0.083   1.008    84.45752    45.35720    77.90962
   110  H   1.0   0.081   1.001    81.35459    43.09898    76.27690
   111  H   1.0   0.083   1.006    79.12472    45.50460    77.00633
   112  H   1.0   0.084   1.017    80.18296    43.79818    81.91962
   113  H   1.0   0.082   1.002    80.15462    40.96170    80.14517
   114  H   1.0   0.083   1.008    76.40351    42.05585    82.38071
   115  H   1.0   0.081   0.999    74.64795    43.63944    77.30302
   116  H   1.0   0.080   0.997    73.42719    41.17524    79.16440
   117  H   1.0   0.080   0.997    76.15029    40.69525    77.30680
   118  H   1.0   0.082   1.004    74.81047    46.79339    79.71053
   119  H   1.0   0.082   1.002    77.41829    47.24126    81.59648
   120  H   1.0   0.083   1.005    73.36672    44.07975    84.07013
   121  H   1.0   0.082   1.005    72.03068    46.71780    82.70197
   122  H   1.0   0.083   1.003    72.82248    48.75682    86.12993
   123  H   1.0   0.083   1.004    75.91785    48.93823    85.15294
   124  H   1.0   0.084   1.009    76.27123    44.09864    87.05023
   125  H   1.0   0.081   0.998    71.10283    45.81074    88.62626
   126  H   1.0   0.081   0.999    72.88295    45.55940    91.17172
   127  H   1.0   0.081   1.001    72.79602    43.03473    89.12703
   128  H   1.0   0.082   1.003    76.23343    47.48503    91.39660
   129  H   1.0   0.083   1.004    78.05891    48.75871    88.84736
   130  H   1.0   0.082   1.002    78.75433    43.41078    90.57268
   131  H   1.0   0.082   1.003    80.13950    45.81263    91.99186
   132  H   1.0   0.083   1.005    80.65350    46.41167    86.23197
   133  H   1.0   0.082   1.003    81.78923    43.37110    86.99164
   134  H   1.0   0.082   1.005    83.75076    48.25604    89.48419
   135  H   1.0   0.081   0.997    84.65216    46.20380    84.27233
   136  H   1.0   0.080   0.997    87.34880    46.37199    86.11292
   137  H   1.0   0.080   0.998    85.33435    49.00815    85.70285
   138  H   1.0   0.080   0.997    86.40583    43.07630    89.10436
   139  H   1.0   0.080   0.998    84.11737    43.21614    91.30211
   140  H   1.0   0.080   0.997    86.48898    45.34208    91.61391
 
  Z AO/shell   Hii/eV     exponent
  1     Sat Feb 20 21:38:01 CET 2016    EN: 2.327 GAM: 0.473  GM3: 0.0000
     1s    -13.751157    1.051071
  6     Sat Feb 20 21:38:01 CET 2016    EN: 2.731 GAM: 0.422  GM3: 0.0000
     2s    -19.378245    2.021003
     2p    -11.993376    1.497917
  7     Sat Feb 20 21:38:01 CET 2016    EN: 3.573 GAM: 0.504  GM3: 0.0000
     2s    -21.576984    2.275442
     2p    -16.125120    2.056788
  8     Sat Feb 20 21:38:01 CET 2016    EN: 3.700 GAM: 0.587  GM3: 0.0000
     2s    -21.648843    2.110798
     2p    -17.239740    2.329048
 12     Sat Feb 20 23:25:47 CET 2016    EN: 0.033 GAM: 0.222  GM3: 0.0000
     3s    -12.693633    1.302878
     3p     -8.128821    0.504252
 
 dipole moment of classical point charges (au)
     X       Y       Z   
  -0.5329  -0.8130   0.3259  total (Debye):    2.606

 
 Nbf   :          338
 T(el) :   300.0
 calculating S/T integrals ...
 cpu time for ints   0.186655000000000     
 Nao   :          338
 making H0...
 making H1...
 cpu time for H      5.990000000000023E-003
 solving ...
 cpu time for diag   6.827800000000003E-002
 
 gap (eV)           :   1.221
 Koopmans IP (eV)   :  12.427
 Eel (Eh)           :  -268.252447
 T,E(Fermi),NFOD :    300.000   -11.817  0.000000
 T,E(Fermi),NFOD :    300.000   -11.817  0.000000
 Nfod               :  0.0000
 Nfod/Nel           :  0.0000

          eigenvalues
 #    :         164        165        166        167        168        169        170        171
 occ. :        2.000      2.000      2.000      2.000      2.000      2.000      2.000      2.000
 eps  :       -16.437    -16.303    -16.214    -16.127    -15.792    -15.716    -15.529    -15.031
 #    :         172        173        174        175        176        177        178        179
 occ. :        2.000      2.000      2.000      2.000      2.000      0.000      0.000      0.000
 eps  :       -14.957    -14.667    -14.604    -13.337    -12.428    -11.207     -9.872     -8.802
 #    :         180        181        182        183        184        185        186        187
 occ. :        0.000      0.000      0.000      0.000      0.000      0.000      0.000      0.000
 eps  :        -8.676     -8.539     -8.314     -7.995     -7.380     -7.279     -7.205     -6.903
                            1  SCC done.
 making H1...
 cpu time for H      8.543000000000003E-002
 solving ...
 cpu time for diag   3.514299999999998E-002
 
 gap (eV)           :   1.522
 Koopmans IP (eV)   :  12.285
 Eel (Eh)           :  -265.246242
 T,E(Fermi),NFOD :    300.000   -11.524  0.000000
 T,E(Fermi),NFOD :    300.000   -11.524  0.000000
 Nfod               :  0.0000
 Nfod/Nel           :  0.0000

          eigenvalues
 #    :         164        165        166        167        168        169        170        171
 occ. :        2.000      2.000      2.000      2.000      2.000      2.000      2.000      2.000
 eps  :       -15.222    -15.203    -14.995    -14.839    -14.658    -14.441    -14.438    -14.256
 #    :         172        173        174        175        176        177        178        179
 occ. :        2.000      2.000      2.000      2.000      2.000      0.000      0.000      0.000
 eps  :       -14.133    -13.758    -13.615    -12.639    -12.286    -10.764     -9.177     -8.617
 #    :         180        181        182        183        184        185        186        187
 occ. :        0.000      0.000      0.000      0.000      0.000      0.000      0.000      0.000
 eps  :        -8.470     -8.242     -8.118     -7.808     -7.376     -7.063     -7.019     -6.715
                            2  SCC done.
 
 
 Mulliken/CM5 charges    n(s)   n(p)   n(d)   
    1 MG  0.2910  0.7335   0.668  1.041  0.000
    2 C   0.0039  0.0069   1.183  2.813  0.000
    3 C  -0.0385 -0.0814   1.137  2.901  0.000
    4 C  -0.0043 -0.0448   1.119  2.885  0.000
    5 C  -0.0137 -0.0557   1.134  2.879  0.000
    6 N  -0.1459 -0.3884   1.420  3.726  0.000
    7 C   0.0375  0.0978   1.231  2.732  0.000
    8 C  -0.0309 -0.0874   1.209  2.822  0.000
    9 C  -0.0318 -0.0889   1.210  2.822  0.000
   10 C   0.0294  0.0831   1.226  2.745  0.000
   11 C  -0.1017 -0.2503   1.115  2.987  0.000
   12 C  -0.0489 -0.1575   1.151  2.898  0.000
   13 C  -0.0585 -0.1589   1.147  2.911  0.000
   14 C   0.2197  0.2693   1.193  2.588  0.000
   15 O  -0.2628 -0.3085   1.626  4.637  0.000
   16 O  -0.1584 -0.2313   1.488  4.670  0.000
   17 N  -0.1997 -0.4531   1.404  3.795  0.000
   18 C   0.0039  0.0668   1.215  2.781  0.000
   19 C  -0.0339 -0.0385   1.215  2.818  0.000
   20 C  -0.0604 -0.0551   1.215  2.845  0.000
   21 C   0.0163  0.0765   1.222  2.762  0.000
   22 C  -0.0724 -0.2170   1.078  2.995  0.000
   23 C   0.1261  0.1485   1.227  2.647  0.000
   24 O  -0.2394 -0.2901   1.629  4.611  0.000
   25 C  -0.0892 -0.2317   1.099  2.990  0.000
   26 N  -0.1376 -0.3922   1.424  3.713  0.000
   27 C   0.0151  0.0650   1.252  2.733  0.000
   28 C  -0.0187 -0.0779   1.210  2.809  0.000
   29 C  -0.0301 -0.0866   1.213  2.817  0.000
   30 C   0.0437  0.0988   1.233  2.723  0.000
   31 C  -0.0897 -0.2376   1.108  2.982  0.000
   32 C  -0.0504 -0.1610   1.159  2.892  0.000
   33 C  -0.0826 -0.2327   1.092  2.990  0.000
   34 N  -0.2307 -0.5274   1.378  3.853  0.000
   35 C   0.0413  0.1017   1.183  2.776  0.000
   36 C   0.0034  0.0006   1.211  2.786  0.000
   37 C  -0.0331 -0.0243   1.158  2.875  0.000
   38 C   0.0347  0.1009   1.191  2.774  0.000
   39 C  -0.0695 -0.2130   1.086  2.983  0.000
   40 C   0.1217  0.1517   1.211  2.667  0.000
   41 O  -0.2472 -0.2871   1.642  4.605  0.000
   42 C  -0.0033 -0.0466   1.179  2.824  0.000
   43 C   0.2111  0.2628   1.194  2.595  0.000
   44 O  -0.2669 -0.3087   1.632  4.635  0.000
   45 O  -0.1709 -0.2533   1.489  4.681  0.000
   46 C   0.0108 -0.1139   1.097  2.892  0.000
   47 C   0.0602 -0.0215   1.126  2.814  0.000
   48 C  -0.0738 -0.1304   1.149  2.925  0.000
   49 C  -0.0211 -0.0461   1.203  2.818  0.000
   50 C  -0.0939 -0.2396   1.080  3.014  0.000
   51 C  -0.0583 -0.1652   1.136  2.922  0.000
   52 C  -0.0453 -0.1557   1.147  2.898  0.000
   53 C  -0.0653 -0.1755   1.155  2.910  0.000
   54 C  -0.0295 -0.1046   1.220  2.809  0.000
   55 C  -0.1309 -0.2808   1.115  3.016  0.000
   56 C  -0.0812 -0.1918   1.167  2.914  0.000
   57 C  -0.0689 -0.1826   1.151  2.918  0.000
   58 C  -0.0673 -0.1788   1.151  2.916  0.000
   59 C  -0.0233 -0.0970   1.205  2.819  0.000
   60 C  -0.1098 -0.2612   1.093  3.017  0.000
   61 C  -0.0829 -0.1941   1.169  2.914  0.000
   62 C  -0.0700 -0.1817   1.149  2.921  0.000
   63 C  -0.0544 -0.1634   1.156  2.898  0.000
   64 C  -0.0122 -0.0859   1.204  2.808  0.000
   65 C  -0.1162 -0.2673   1.108  3.008  0.000
   66 C  -0.1197 -0.2695   1.106  3.014  0.000
   67 H   0.0572  0.1157   0.943  0.000  0.000
   68 H   0.0560  0.1215   0.944  0.000  0.000
   69 H   0.0533  0.1113   0.947  0.000  0.000
   70 H   0.0483  0.1127   0.952  0.000  0.000
   71 H   0.0497  0.1101   0.950  0.000  0.000
   72 H   0.0345  0.0872   0.965  0.000  0.000
   73 H   0.0423  0.0939   0.958  0.000  0.000
   74 H   0.0406  0.0927   0.959  0.000  0.000
   75 H   0.0323  0.0903   0.968  0.000  0.000
   76 H   0.0392  0.0976   0.961  0.000  0.000
   77 H   0.0494  0.1126   0.951  0.000  0.000
   78 H   0.0373  0.0978   0.963  0.000  0.000
   79 H   0.0483  0.1016   0.952  0.000  0.000
   80 H   0.0476  0.1002   0.952  0.000  0.000
   81 H   0.0519  0.1042   0.948  0.000  0.000
   82 H   0.0487  0.1007   0.951  0.000  0.000
   83 H   0.0477  0.1046   0.952  0.000  0.000
   84 H   0.0496  0.1031   0.950  0.000  0.000
   85 H   0.0505  0.1116   0.950  0.000  0.000
   86 H   0.0496  0.1112   0.950  0.000  0.000
   87 H   0.0405  0.0937   0.959  0.000  0.000
   88 H   0.0377  0.0915   0.962  0.000  0.000
   89 H   0.0448  0.0957   0.955  0.000  0.000
   90 H   0.0369  0.0923   0.963  0.000  0.000
   91 H   0.0370  0.0924   0.963  0.000  0.000
   92 H   0.0519  0.1065   0.948  0.000  0.000
   93 H   0.0366  0.0877   0.963  0.000  0.000
   94 H   0.0407  0.0926   0.959  0.000  0.000
   95 H   0.0570  0.1098   0.943  0.000  0.000
   96 H   0.0440  0.0969   0.956  0.000  0.000
   97 H   0.0485  0.1007   0.951  0.000  0.000
   98 H   0.0670  0.1343   0.933  0.000  0.000
   99 H   0.0463  0.1050   0.954  0.000  0.000
  100 H   0.0655  0.1237   0.934  0.000  0.000
  101 H   0.0513  0.1117   0.949  0.000  0.000
  102 H   0.0708  0.1362   0.929  0.000  0.000
  103 H   0.0532  0.1168   0.947  0.000  0.000
  104 H   0.0247  0.0871   0.975  0.000  0.000
  105 H   0.0401  0.0928   0.960  0.000  0.000
  106 H   0.0437  0.0981   0.956  0.000  0.000
  107 H   0.0424  0.0945   0.958  0.000  0.000
  108 H   0.0494  0.1065   0.951  0.000  0.000
  109 H   0.0325  0.0904   0.968  0.000  0.000
  110 H   0.0453  0.0999   0.955  0.000  0.000
  111 H   0.0313  0.0903   0.969  0.000  0.000
  112 H   0.0456  0.1057   0.954  0.000  0.000
  113 H   0.0389  0.0941   0.961  0.000  0.000
  114 H   0.0420  0.1016   0.958  0.000  0.000
  115 H   0.0242  0.0774   0.976  0.000  0.000
  116 H   0.0278  0.0789   0.972  0.000  0.000
  117 H   0.0278  0.0796   0.972  0.000  0.000
  118 H   0.0363  0.0927   0.964  0.000  0.000
  119 H   0.0338  0.0903   0.966  0.000  0.000
  120 H   0.0346  0.0933   0.965  0.000  0.000
  121 H   0.0328  0.0885   0.967  0.000  0.000
  122 H   0.0393  0.0956   0.961  0.000  0.000
  123 H   0.0290  0.0859   0.971  0.000  0.000
  124 H   0.0500  0.1122   0.950  0.000  0.000
  125 H   0.0384  0.0906   0.962  0.000  0.000
  126 H   0.0313  0.0839   0.969  0.000  0.000
  127 H   0.0236  0.0764   0.976  0.000  0.000
  128 H   0.0374  0.0935   0.963  0.000  0.000
  129 H   0.0296  0.0867   0.970  0.000  0.000
  130 H   0.0271  0.0828   0.973  0.000  0.000
  131 H   0.0444  0.1000   0.956  0.000  0.000
  132 H   0.0419  0.1002   0.958  0.000  0.000
  133 H   0.0422  0.0986   0.958  0.000  0.000
  134 H   0.0440  0.1020   0.956  0.000  0.000
  135 H   0.0316  0.0837   0.968  0.000  0.000
  136 H   0.0322  0.0841   0.968  0.000  0.000
  137 H   0.0282  0.0800   0.972  0.000  0.000
  138 H   0.0299  0.0817   0.970  0.000  0.000
  139 H   0.0299  0.0824   0.970  0.000  0.000
  140 H   0.0280  0.0793   0.972  0.000  0.000
 Hirshfeld charges for QMDFF written to <charges>
 
 Loewdin charges    n(s)   n(p)   n(d)
    1 MG  0.1301   0.680  1.190  0.000
    2 C   0.0055   1.142  2.852  0.000
    3 C  -0.0362   1.086  2.950  0.000
    4 C  -0.0019   1.066  2.936  0.000
    5 C  -0.0092   1.082  2.927  0.000
    6 N  -0.1139   1.379  3.735  0.000
    7 C   0.0392   1.194  2.766  0.000
    8 C  -0.0246   1.163  2.861  0.000
    9 C  -0.0243   1.164  2.861  0.000
   10 C   0.0357   1.188  2.777  0.000
   11 C  -0.1035   1.044  3.059  0.000
   12 C  -0.0438   1.092  2.951  0.000
   13 C  -0.0598   1.090  2.970  0.000
   14 C   0.1983   1.167  2.635  0.000
   15 O  -0.2489   1.596  4.653  0.000
   16 O  -0.1272   1.457  4.671  0.000
   17 N  -0.1691   1.363  3.806  0.000
   18 C   0.0058   1.178  2.817  0.000
   19 C  -0.0240   1.174  2.850  0.000
   20 C  -0.0677   1.180  2.888  0.000
   21 C   0.0221   1.184  2.794  0.000
   22 C  -0.0738   1.003  3.070  0.000
   23 C   0.1246   1.192  2.683  0.000
   24 O  -0.2248   1.600  4.625  0.000
   25 C  -0.0935   1.027  3.066  0.000
   26 N  -0.1038   1.382  3.721  0.000
   27 C   0.0222   1.214  2.764  0.000
   28 C  -0.0102   1.163  2.848  0.000
   29 C  -0.0231   1.167  2.856  0.000
   30 C   0.0485   1.196  2.755  0.000
   31 C  -0.0913   1.036  3.055  0.000
   32 C  -0.0441   1.100  2.944  0.000
   33 C  -0.0823   1.019  3.063  0.000
   34 N  -0.1992   1.336  3.863  0.000
   35 C   0.0430   1.144  2.813  0.000
   36 C   0.0090   1.170  2.821  0.000
   37 C  -0.0408   1.118  2.923  0.000
   38 C   0.0406   1.149  2.810  0.000
   39 C  -0.0685   1.012  3.057  0.000
   40 C   0.1196   1.177  2.703  0.000
   41 O  -0.2357   1.616  4.620  0.000
   42 C  -0.0021   1.130  2.872  0.000
   43 C   0.1908   1.167  2.642  0.000
   44 O  -0.2551   1.605  4.650  0.000
   45 O  -0.1384   1.457  4.681  0.000
   46 C   0.0051   1.027  2.968  0.000
   47 C   0.0620   1.067  2.871  0.000
   48 C  -0.0735   1.100  2.974  0.000
   49 C  -0.0104   1.161  2.850  0.000
   50 C  -0.0966   1.006  3.090  0.000
   51 C  -0.0572   1.077  2.980  0.000
   52 C  -0.0395   1.087  2.952  0.000
   53 C  -0.0623   1.097  2.965  0.000
   54 C  -0.0186   1.174  2.845  0.000
   55 C  -0.1372   1.046  3.091  0.000
   56 C  -0.0800   1.111  2.969  0.000
   57 C  -0.0651   1.092  2.973  0.000
   58 C  -0.0649   1.093  2.972  0.000
   59 C  -0.0134   1.157  2.857  0.000
   60 C  -0.1158   1.022  3.093  0.000
   61 C  -0.0810   1.113  2.968  0.000
   62 C  -0.0655   1.091  2.974  0.000
   63 C  -0.0507   1.099  2.952  0.000
   64 C   0.0011   1.155  2.844  0.000
   65 C  -0.1219   1.038  3.084  0.000
   66 C  -0.1252   1.036  3.089  0.000
   67 H   0.0520   0.948  0.000  0.000
   68 H   0.0492   0.951  0.000  0.000
   69 H   0.0480   0.952  0.000  0.000
   70 H   0.0430   0.957  0.000  0.000
   71 H   0.0443   0.956  0.000  0.000
   72 H   0.0351   0.965  0.000  0.000
   73 H   0.0414   0.959  0.000  0.000
   74 H   0.0403   0.960  0.000  0.000
   75 H   0.0294   0.971  0.000  0.000
   76 H   0.0357   0.964  0.000  0.000
   77 H   0.0455   0.955  0.000  0.000
   78 H   0.0344   0.966  0.000  0.000
   79 H   0.0473   0.953  0.000  0.000
   80 H   0.0467   0.953  0.000  0.000
   81 H   0.0506   0.949  0.000  0.000
   82 H   0.0481   0.952  0.000  0.000
   83 H   0.0453   0.955  0.000  0.000
   84 H   0.0488   0.951  0.000  0.000
   85 H   0.0446   0.955  0.000  0.000
   86 H   0.0435   0.956  0.000  0.000
   87 H   0.0401   0.960  0.000  0.000
   88 H   0.0377   0.962  0.000  0.000
   89 H   0.0439   0.956  0.000  0.000
   90 H   0.0342   0.966  0.000  0.000
   91 H   0.0343   0.966  0.000  0.000
   92 H   0.0519   0.948  0.000  0.000
   93 H   0.0363   0.964  0.000  0.000
   94 H   0.0401   0.960  0.000  0.000
   95 H   0.0543   0.946  0.000  0.000
   96 H   0.0425   0.958  0.000  0.000
   97 H   0.0474   0.953  0.000  0.000
   98 H   0.0579   0.942  0.000  0.000
   99 H   0.0438   0.956  0.000  0.000
  100 H   0.0600   0.940  0.000  0.000
  101 H   0.0476   0.952  0.000  0.000
  102 H   0.0619   0.938  0.000  0.000
  103 H   0.0464   0.954  0.000  0.000
  104 H   0.0188   0.981  0.000  0.000
  105 H   0.0396   0.960  0.000  0.000
  106 H   0.0429   0.957  0.000  0.000
  107 H   0.0421   0.958  0.000  0.000
  108 H   0.0478   0.952  0.000  0.000
  109 H   0.0299   0.970  0.000  0.000
  110 H   0.0415   0.959  0.000  0.000
  111 H   0.0285   0.971  0.000  0.000
  112 H   0.0442   0.956  0.000  0.000
  113 H   0.0357   0.964  0.000  0.000
  114 H   0.0372   0.963  0.000  0.000
  115 H   0.0261   0.974  0.000  0.000
  116 H   0.0285   0.972  0.000  0.000
  117 H   0.0289   0.971  0.000  0.000
  118 H   0.0347   0.965  0.000  0.000
  119 H   0.0326   0.967  0.000  0.000
  120 H   0.0335   0.967  0.000  0.000
  121 H   0.0308   0.969  0.000  0.000
  122 H   0.0369   0.963  0.000  0.000
  123 H   0.0278   0.972  0.000  0.000
  124 H   0.0449   0.955  0.000  0.000
  125 H   0.0393   0.961  0.000  0.000
  126 H   0.0332   0.967  0.000  0.000
  127 H   0.0245   0.975  0.000  0.000
  128 H   0.0354   0.965  0.000  0.000
  129 H   0.0281   0.972  0.000  0.000
  130 H   0.0254   0.975  0.000  0.000
  131 H   0.0420   0.958  0.000  0.000
  132 H   0.0393   0.961  0.000  0.000
  133 H   0.0388   0.961  0.000  0.000
  134 H   0.0376   0.962  0.000  0.000
  135 H   0.0340   0.966  0.000  0.000
  136 H   0.0328   0.967  0.000  0.000
  137 H   0.0290   0.971  0.000  0.000
  138 H   0.0309   0.969  0.000  0.000
  139 H   0.0315   0.969  0.000  0.000
  140 H   0.0285   0.972  0.000  0.000
 
 Wiberg/Mayer (AO) data. WBOs > 0.1 written file <wbo>
 largest (>0.05) Wiberg bond orders for each atom
           total WBO             WBO to atom ...
     1  MG  2.550    N   34 0.577    N   17 0.447    N   26 0.423    N    6 0.392    C   38 0.055    C   30 0.053    C   21 0.050
     2  C   3.886    C    7 1.470    C   38 1.143    C   42 0.932
     3  C   3.913    C   10 1.512    C   18 1.180    H   67 0.936
     4  C   3.934    C   27 1.444    C   21 1.293    H   68 0.927
     5  C   3.899    C   30 1.447    C   35 1.206    H   69 0.939
     6  N   3.321    C    7 1.227    C   10 1.193    MG   1 0.392
     7  C   3.873    C    2 1.470    N    6 1.227    C    8 0.908
     8  C   3.928    C   12 0.959    C    9 0.955    H   70 0.936    C    7 0.908
     9  C   3.929    C    8 0.955    C   11 0.951    C   10 0.943    H   71 0.942
    10  C   3.872    C    3 1.512    N    6 1.193    C    9 0.943
    11  C   3.964    H   73 0.982    H   74 0.979    H   72 0.979    C    9 0.951
    12  C   3.957    C   13 0.979    H   75 0.964    H   76 0.963    C    8 0.959
    13  C   3.962    C   12 0.979    H   78 0.963    H   77 0.947    C   14 0.920    O   15 0.086
    14  C   3.885    O   15 1.844    O   16 1.080    C   13 0.920
    15  O   2.150    C   14 1.844    O   16 0.162    C   13 0.086
    16  O   2.281    C   14 1.080    C   47 0.945    O   15 0.162
    17  N   3.298    C   18 1.216    C   21 1.186    MG   1 0.447    C   20 0.073
    18  C   3.856    N   17 1.216    C   19 1.194    C    3 1.180
    19  C   3.875    C   20 1.429    C   18 1.194    C   22 0.988    O   24 0.064
    20  C   3.881    C   19 1.429    C   21 1.081    C   23 1.021    N   17 0.073    O   24 0.072
    21  C   3.858    C    4 1.293    N   17 1.186    C   20 1.081    N   26 0.064    MG   1 0.050
    22  C   3.979    C   19 0.988    H   81 0.975    H   80 0.968    H   79 0.964
    23  C   3.876    O   24 1.821    C   20 1.021    C   25 0.936
    24  O   2.147    C   23 1.821    C   25 0.080    C   20 0.072    C   19 0.064
    25  C   3.980    H   83 0.973    H   82 0.971    H   84 0.961    C   23 0.936    O   24 0.080
    26  N   3.363    C   30 1.236    C   27 1.209    MG   1 0.423    C   21 0.064
    27  C   3.850    C    4 1.444    N   26 1.209    C   28 0.927
    28  C   3.926    C   31 0.961    C   29 0.951    H   85 0.948    C   27 0.927
    29  C   3.924    C   28 0.951    H   86 0.940    C   32 0.940    C   30 0.929
    30  C   3.862    C    5 1.447    N   26 1.236    C   29 0.929    MG   1 0.053
    31  C   3.968    H   87 0.980    H   88 0.979    H   89 0.975    C   28 0.961
    32  C   3.947    C   33 0.998    H   91 0.968    H   90 0.968    C   29 0.940
    33  C   3.977    C   32 0.998    H   93 0.986    H   94 0.986    H   92 0.975
    34  N   3.313    C   38 1.157    C   35 1.119    MG   1 0.577    C   37 0.062    C   36 0.056
    35  C   3.889    C   36 1.314    C    5 1.206    N   34 1.119
    36  C   3.842    C   35 1.314    C   37 1.240    C   39 0.973    N   34 0.056
    37  C   3.919    C   38 1.287    C   36 1.240    C   40 1.092    O   41 0.064    N   34 0.062
    38  C   3.893    C   37 1.287    N   34 1.157    C    2 1.143    MG   1 0.055
    39  C   3.977    H   97 0.980    H   96 0.977    C   36 0.973    H   95 0.968
    40  C   3.896    O   41 1.776    C   37 1.092    C   42 0.865
    41  O   2.117    C   40 1.776    C   42 0.077    C   37 0.064
    42  C   3.946    C   43 0.941    C    2 0.932    H   98 0.931    C   40 0.865    O   41 0.077    O   44 0.064
    43  C   3.890    O   44 1.807    O   45 1.068    C   42 0.941
    44  O   2.120    C   43 1.807    O   45 0.167    C   42 0.064
    45  O   2.281    C   43 1.068    C   46 0.967    O   44 0.167
    46  C   3.937    H   99 0.991    H  101 0.984    H  100 0.982    O   45 0.967
    47  C   3.932    C   48 1.008    H  103 0.961    H  102 0.949    O   16 0.945
    48  C   3.962    C   49 1.881    C   47 1.008    H  104 0.939
    49  C   3.939    C   48 1.881    C   50 0.987    C   51 0.969
    50  C   3.988    C   49 0.987    H  105 0.975    H  107 0.973    H  106 0.966
    51  C   3.966    C   52 0.973    C   49 0.969    H  109 0.961    H  108 0.950
    52  C   3.966    C   53 0.983    C   51 0.973    H  111 0.969    H  110 0.968
    53  C   3.958    C   52 0.983    C   54 0.971    H  113 0.962    H  112 0.950
    54  C   3.931    C   56 0.972    C   53 0.971    C   55 0.969    H  114 0.949
    55  C   3.975    H  116 0.983    H  115 0.982    H  117 0.980    C   54 0.969
    56  C   3.957    C   54 0.972    C   57 0.966    H  118 0.965    H  119 0.961
    57  C   3.964    C   58 1.009    C   56 0.966    H  121 0.964    H  120 0.960
    58  C   3.966    C   57 1.009    H  123 0.958    C   59 0.957    H  122 0.957
    59  C   3.942    C   60 1.012    C   58 0.957    C   61 0.956    H  124 0.946
    60  C   3.977    C   59 1.012    H  127 0.976    H  125 0.969    H  126 0.967
    61  C   3.961    C   62 0.992    H  129 0.966    H  128 0.958    C   59 0.956
    62  C   3.959    C   61 0.992    C   63 0.973    H  130 0.968    H  131 0.959
    63  C   3.964    C   64 0.984    C   62 0.973    H  133 0.966    H  132 0.960
    64  C   3.941    C   66 0.984    C   63 0.984    C   65 0.978    H  134 0.956
    65  C   3.975    H  137 0.982    C   64 0.978    H  136 0.978    H  135 0.975
    66  C   3.974    C   64 0.984    H  140 0.982    H  138 0.979    H  139 0.977
    67  H   0.994    C    3 0.936
    68  H   0.994    C    4 0.927
    69  H   0.994    C    5 0.939
    70  H   0.995    C    8 0.936
    71  H   0.996    C    9 0.942
    72  H   0.997    C   11 0.979
    73  H   0.997    C   11 0.982
    74  H   0.997    C   11 0.979
    75  H   0.997    C   12 0.964
    76  H   0.996    C   12 0.963
    77  H   0.997    C   13 0.947
    78  H   0.998    C   13 0.963
    79  H   0.993    C   22 0.964
    80  H   0.994    C   22 0.968
    81  H   0.995    C   22 0.975
    82  H   0.997    C   25 0.971
    83  H   0.995    C   25 0.973
    84  H   0.996    C   25 0.961
    85  H   0.995    C   28 0.948
    86  H   0.995    C   29 0.940
    87  H   0.997    C   31 0.980
    88  H   0.998    C   31 0.979
    89  H   0.996    C   31 0.975
    90  H   0.997    C   32 0.968
    91  H   0.997    C   32 0.968
    92  H   0.997    C   33 0.975
    93  H   0.998    C   33 0.986
    94  H   0.998    C   33 0.986
    95  H   0.992    C   39 0.968
    96  H   0.995    C   39 0.977
    97  H   0.995    C   39 0.980
    98  H   0.992    C   42 0.931
    99  H   0.997    C   46 0.991
   100  H   0.996    C   46 0.982
   101  H   0.997    C   46 0.984
   102  H   0.995    C   47 0.949
   103  H   0.997    C   47 0.961
   104  H   0.999    C   48 0.939
   105  H   0.998    C   50 0.975
   106  H   0.998    C   50 0.966
   107  H   0.997    C   50 0.973
   108  H   0.997    C   51 0.950
   109  H   0.999    C   51 0.961
   110  H   0.997    C   52 0.968
   111  H   0.999    C   52 0.969
   112  H   0.998    C   53 0.950
   113  H   0.997    C   53 0.962
   114  H   0.998    C   54 0.949
   115  H   0.999    C   55 0.982
   116  H   0.999    C   55 0.983
   117  H   0.999    C   55 0.980
   118  H   0.998    C   56 0.965
   119  H   0.999    C   56 0.961
   120  H   0.999    C   57 0.960
   121  H   0.998    C   57 0.964
   122  H   0.997    C   58 0.957
   123  H   0.999    C   58 0.958
   124  H   0.997    C   59 0.946
   125  H   0.998    C   60 0.969
   126  H   0.999    C   60 0.967
   127  H   0.999    C   60 0.976
   128  H   0.998    C   61 0.958
   129  H   0.999    C   61 0.966
   130  H   0.999    C   62 0.968
   131  H   0.997    C   62 0.959
   132  H   0.998    C   63 0.960
   133  H   0.998    C   63 0.966
   134  H   0.998    C   64 0.956
   135  H   0.999    C   65 0.975
   136  H   0.998    C   65 0.978
   137  H   0.999    C   65 0.982
   138  H   0.999    C   66 0.979
   139  H   0.999    C   66 0.977
   140  H   0.999    C   66 0.982
 
 --------------------------------------------
          xTB calculation for sTDA...
 --------------------------------------------
 
 reading parameter file ~/.param_stda2.xtb
 
      method parameters     
 k(s)        :  1.6000
 k(p)        :  2.1800
 k(d)        :  1.9500
 k(f)        :  2.0000
 k(R-V)      :  2.2750
 k(R-R)      :  1.7650
 Tscal       :  0.2580
 Gscal       :  1.0000
 fpol        :  1.0000
 Zcnf        :  0.3430
 Zqf         :  0.0000
 kcn         :  2.7000
 Ryd Hsplit  :  0.7000
 lshift(virt):  3.1000
 lshift(OS)  :  0.2000
 wllscaling  :  2.6000
 
 mowrcut     : 3.000
 
  Z AO/shell   Hii/eV     exponent
  1     Sun Feb 14 09:53:25 CET 2016    EN: 2.327 GAM: 0.473  GM3: 0.0000
     1s    -14.339618    1.220000
     2sp    -3.348946    0.600000
  6     Sun Feb 14 09:53:25 CET 2016    EN: 2.731 GAM: 0.422  GM3: 0.0000
     2s    -22.009312    1.565095
     2p    -13.020408    1.596905
     3sp    -3.914040    0.824500
  7     Sun Feb 14 09:53:25 CET 2016    EN: 3.573 GAM: 0.504  GM3: 0.0000
     2s    -25.722000    2.064844
     2p    -18.684912    1.801692
     3sp    -4.344791    0.921400
  8     Sun Feb 14 09:53:25 CET 2016    EN: 3.700 GAM: 0.587  GM3: 0.0000
     2s    -33.859000    2.418661
     2p    -22.175911    1.973969
     3sp    -4.259392    1.013700
 12     Sun Feb 21 16:58:31 CET 2016    EN: 0.033 GAM: 0.222  GM3: 0.0000
     3s    -11.092543    1.647583
     3p     -6.929529    0.855020
 
 Nbf   :          894
 T(el) :     0.0
 calculating S/T integrals ...
 cpu time for ints    1.19528800000000     
 Nao   :          894
 making H0...
 making H1...
 cpu time for H      2.157199999999992E-002
 solving ...
 cpu time for diag   0.298899000000000     
 
 gap (eV)           :   4.593
 Koopmans IP (eV)   :  13.586
 Eel (Eh)           :  -301.040520

          eigenvalues
 #    :         164        165        166        167        168        169        170        171
 occ. :        2.000      2.000      2.000      2.000      2.000      2.000      2.000      2.000
 eps  :       -17.582    -17.278    -16.988    -16.688    -16.408    -16.258    -16.163    -15.681
 #    :         172        173        174        175        176        177        178        179
 occ. :        2.000      2.000      2.000      2.000      2.000      0.000      0.000      0.000
 eps  :       -15.572    -15.391    -15.173    -14.022    -13.587     -8.994     -7.063     -6.799
 #    :         180        181        182        183        184        185        186        187
 occ. :        0.000      0.000      0.000      0.000      0.000      0.000      0.000      0.000
 eps  :        -6.407     -6.201     -5.728     -5.572     -5.511     -5.279     -5.238     -5.059
                            1  SCC done.
 writing mo output ...
 molden style : F
 
speedup  1.39
cpu  time for all    2.09 s
wall time for all    1.50 s
