cpu-bind=MASK - bp1-compute156, task 4294967295 4294967295 [0]: mask 0xffffff00ffffff set
Host:    bp1-compute156.data.bp.acrc.priv
Time:    Fri Apr 29 07:33:01 BST 2022
Dir:     /user/home/of15641/chlorophyll_parameterization/tddft_data/step_201_chromophore_21
Job ID:  1658631
Nodelist:
cat: bp1-compute156: No such file or directory
  
Result dir: /user/home/of15641/chlorophyll_parameterization/tddft_data/step_201_chromophore_21
running gaussian jobs
Running time g16 < CAMB3LYP_step_201_chromophore_21.com > CAMB3LYP_step_201_chromophore_21.log

real	25m45.004s
user	605m37.657s
sys	0m39.905s
Running time g16 < PBE0_step_201_chromophore_21.com > PBE0_step_201_chromophore_21.log

real	20m5.996s
user	479m49.126s
sys	0m33.910s
Running time g16 < wB97XD_step_201_chromophore_21.com > wB97XD_step_201_chromophore_21.log

real	26m43.877s
user	629m8.394s
sys	0m37.140s
Running time g16 < BLYP_step_201_chromophore_21.com > BLYP_step_201_chromophore_21.log

real	13m45.590s
user	327m52.933s
sys	0m29.319s
Running time g16 < ZINDO_step_201_chromophore_21.com > ZINDO_step_201_chromophore_21.log

real	0m8.058s
user	2m58.117s
sys	0m3.002s
