cpu-bind=MASK - bp1-compute196, task 4294967295 4294967295 [0]: mask 0xffffff00ffffff set
Host:    bp1-compute196.data.bp.acrc.priv
Time:    Wed Apr 27 10:25:54 BST 2022
Dir:     /user/home/of15641/chlorophyll_parameterization/tddft_data/step_1151_chromophore_19
Job ID:  1658165
Nodelist:
cat: bp1-compute196: No such file or directory
  
Result dir: /user/home/of15641/chlorophyll_parameterization/tddft_data/step_1151_chromophore_19
running gaussian jobs
Running time g16 < CAMB3LYP_step_1151_chromophore_19.com > CAMB3LYP_step_1151_chromophore_19.log

real	32m5.331s
user	755m57.287s
sys	0m32.529s
Running time g16 < PBE0_step_1151_chromophore_19.com > PBE0_step_1151_chromophore_19.log

real	24m10.850s
user	577m54.899s
sys	0m27.824s
Running time g16 < wB97XD_step_1151_chromophore_19.com > wB97XD_step_1151_chromophore_19.log

real	31m38.313s
user	745m21.945s
sys	0m32.239s
Running time g16 < BLYP_step_1151_chromophore_19.com > BLYP_step_1151_chromophore_19.log

real	11m51.847s
user	282m50.670s
sys	0m22.559s
Running time g16 < ZINDO_step_1151_chromophore_19.com > ZINDO_step_1151_chromophore_19.log

real	0m7.905s
user	2m54.943s
sys	0m2.830s
