 
        ______________________________________
       |                                      |
       |          ===================         |
       |             xTB for sTDA             |
       |          ===================         |
       |               S. Grimme              |
       |        Universitaet Bonn, MCTC       |
       |         2015-19, Version 1.0         |
       |     Wed Apr  3 09:14:55 CEST 2019    |
       |______________________________________|
 
        This code comes without any warranty
        for non-commercial, academia use only.
        Preliminary test version.
        Cite this work as:
        S. Grimme  &  C. Bannwarth, JCP 145 (2016) 054103
        if GBSA is used additionally:
        P. Shushkov, F. März, C. Bannwarth, S. Grimme, unpublished.
 
        with help from
        P. Shushkov, G. Brandenburg, S. Dohm, J. Pisarek,
        F. März, M. Checinski, S. Ehrlich, S. Spicher, 
        P. Pracht, E. Caldeweyher, S. Ehlert, and C. Bannwarth.
 
        usage        :
        xtb4stda <coord_file> [options]
        where <coord_file> is a valid file of TM)
        (*coord, Bohr) or xmol (*xyz, Angstroem)
        format.

        options:
        -chrg <int>   : molecular charge
        -uhf  <int>   : # of unpaired electrons(=2*S)
        -nox          : skip second, extended part in sTDA-xTB
        -pop          : do population analysis
                      : (default for -nox)
        -mowr <real>  : cut MO write above (def.3 Eh)
        -molden       : write formatted molden file
        -parx <file>  : read parameters for sTDA-xTB
                        calc (def:~/.param_stda2.xtb)
        -parv <file>  : read parameters for vTB part in
                        sTDA-xTB (def: ~/.param_stda1.xtb)
        -xtemp <real> : el. temp for xTB (def. 0 K)
        -etemp <real> : el. temp for GFN (def. 300 K)
        -fod          : calculate the FOD and write
                        molden.input file with
                        appropriate occupations
                        for plotting. Def. T=12500 K
 
        -acc <real>   : xTB accuracy (def. 1.0)
        -gbsa [string1] [string2]
                        use GBSA implicit solvent
                        for solvent [string1] and
                        solvation state [string2]=
                        reference, bar1M (default=1M)
        additional GFN/opt/MD/siman options read from
        $XTB4STDAHOME/.xtb4stdarc or $set in input
 
       spin and charge state information can be on:
       <.CHRG> (charge) and <.UHF> (=nalpha-nbeta)
       -uhf and -chrg override the file info.
       useful machine settings:
       setenv MKL_NUM_THREADS <NCORE_ON_YOUR_MACHINE>
       setenv OMP_STACKSIZE 500m
       limit stacksize unlimited
 
       total energies in Eh, gaps/HL energies in eV
       please read REVISION and HOWTO files carefully
 =============================
  # OMP threads =           4
 =============================
 
 xtb4stdahome directory:~/
 
 
 name of molecule           :
 comment line               :
 number of atoms            :   140
 number of electrons        :   352
 charge                     :  0
 spin                       : 0.0
 first test random number   :  0.3419
 
 -----------------------------------------
      charge density (VTB) calculation
 -----------------------------------------
 
      method parameters     
 k(s)        :  1.8000
 k(p)        :  2.8350
 k(d)        :  2.0860
 k(f)        :  2.0000
 Tscal       :  0.3300
 Gscal       :  0.3910
 fpol        :  1.0000
 Zcnf        :  0.6500
 Zqf         :  0.0000
 kcn         :  0.3000
 kEN1        : -0.5900
 wllscal     :  2.6000
 
     -------------------------
     ! NO SOLVENT MODEL USED !
     -------------------------
 
 doing EN charges ...
 sum q :  0.1776357D-14
 point charge moment (au)
     X       Y       Z   
  -0.2463   0.2454   0.5262  total (Debye):    1.603
 
            Z      q(EN)   CN      Cart. coordinates
     1  MG  2.0   0.858   4.743   -16.98675    34.16436    81.22798
     2  C   4.0   0.019   3.285   -10.55412    33.51996    80.96720
     3  C   4.0  -0.059   3.158   -16.28944    40.58564    80.08848
     4  C   4.0  -0.059   3.172   -23.27953    34.67836    80.77445
     5  C   4.0  -0.055   3.158   -17.49319    27.47473    81.19774
     6  N   5.0  -0.359   3.127   -13.74209    36.75706    80.27178
     7  C   4.0   0.100   3.334   -11.28544    36.03707    80.64405
     8  C   4.0  -0.094   4.165    -9.62059    38.35955    79.90895
     9  C   4.0  -0.094   4.119   -11.48575    40.68958    80.11493
    10  C   4.0   0.101   3.334   -14.03688    39.29685    80.16595
    11  C   4.0  -0.237   4.023   -11.14560    42.37144    82.54323
    12  C   4.0  -0.163   4.072    -8.44896    37.97782    77.26711
    13  C   4.0  -0.168   4.046    -9.91539    36.53785    75.25267
    14  C   4.0   0.186   3.064    -8.96864    36.84021    72.43509
    15  O   6.0  -0.104   1.039    -7.10159    35.83298    71.55825
    16  O   6.0  -0.119   2.035   -10.33113    38.60143    71.17653
    17  N   5.0  -0.407   3.207   -19.50008    37.19170    80.53067
    18  C   4.0   0.087   3.447   -18.85002    39.64834    80.27556
    19  C   4.0   0.015   3.246   -21.04777    41.25650    80.25855
    20  C   4.0   0.004   3.257   -23.15481    39.64267    80.40406
    21  C   4.0   0.069   3.398   -22.14192    37.04997    80.50422
    22  C   4.0  -0.248   4.032   -20.94383    44.07219    80.12249
    23  C   4.0   0.110   3.027   -26.02531    40.55163    80.41351
    24  O   6.0  -0.101   1.056   -26.35790    42.84576    80.25477
    25  C   4.0  -0.250   4.022   -28.16070    38.74316    80.57980
    26  N   5.0  -0.395   3.150   -19.85724    31.49606    80.35115
    27  C   4.0   0.094   3.512   -22.24018    32.17258    80.91429
    28  C   4.0  -0.097   4.194   -23.97873    30.01452    81.29601
    29  C   4.0  -0.101   4.216   -22.10601    27.78653    81.55112
    30  C   4.0   0.079   3.455   -19.71362    28.90336    80.89161
    31  C   4.0  -0.236   4.017   -26.00263    30.39624    83.49187
    32  C   4.0  -0.164   4.073   -22.92804    25.55098    79.87683
    33  C   4.0  -0.238   4.019   -23.43260    23.05088    81.00688
    34  N   5.0  -0.419   3.213   -14.53766    31.02174    80.96153
    35  C   4.0   0.056   3.462   -14.95151    28.37046    81.30168
    36  C   4.0   0.016   3.262   -12.63660    27.13457    81.63238
    37  C   4.0   0.006   3.390   -10.71853    29.09233    81.60404
    38  C   4.0   0.099   3.742   -12.10747    31.32599    81.09003
    39  C   4.0  -0.246   4.021   -12.30779    24.30754    81.95930
    40  C   4.0   0.115   3.217    -8.10881    29.70271    81.66640
    41  O   6.0  -0.105   1.055    -6.20397    28.48006    81.96686
    42  C   4.0  -0.118   4.233    -7.85181    32.58454    81.27522
    43  C   4.0   0.167   3.118    -6.31168    33.76940    83.29345
    44  O   6.0  -0.080   1.038    -3.96465    34.17380    83.08936
    45  O   6.0  -0.125   2.038    -7.70252    34.28908    85.39294
    46  C   4.0  -0.193   4.013    -6.93907    36.02574    87.36014
    47  C   4.0  -0.139   4.052    -9.97775    38.88867    68.39107
    48  C   4.0  -0.055   3.097   -12.41361    38.35199    67.07960
    49  C   4.0   0.017   3.074   -13.04667    36.06542    66.01380
    50  C   4.0  -0.247   4.022   -11.18340    33.76184    66.08750
    51  C   4.0  -0.177   4.088   -15.38048    35.91613    64.34895
    52  C   4.0  -0.164   4.058   -17.39682    34.01885    65.27491
    53  C   4.0  -0.165   4.099   -17.75020    31.96849    63.27936
    54  C   4.0  -0.088   4.073   -20.62447    31.79086    62.59528
    55  C   4.0  -0.239   4.056   -21.18572    28.99218    62.18521
    56  C   4.0  -0.164   4.081   -21.30855    33.50106    60.45044
    57  C   4.0  -0.165   4.063   -24.03920    34.54986    60.71878
    58  C   4.0  -0.163   4.050   -24.23385    37.35988    61.28759
    59  C   4.0  -0.088   4.031   -25.27508    38.78474    58.81961
    60  C   4.0  -0.237   4.011   -28.21739    39.32898    59.07661
    61  C   4.0  -0.163   4.045   -23.53276    41.15445    58.27915
    62  C   4.0  -0.163   4.051   -23.94094    42.15412    55.52015
    63  C   4.0  -0.164   4.065   -24.12046    45.07941    55.41432
    64  C   4.0  -0.088   4.024   -21.41437    46.07908    54.91355
    65  C   4.0  -0.237   4.009   -20.58667    48.49793    56.53304
    66  C   4.0  -0.238   4.031   -21.28209    46.71592    51.98069
    67  H   1.0   0.071   1.007   -16.09291    42.63222    80.26800
    68  H   1.0   0.071   1.007   -25.33934    34.62356    80.89161
    69  H   1.0   0.071   1.006   -17.44973    25.44894    81.58892
    70  H   1.0   0.084   1.008    -7.93307    38.55419    81.07680
    71  H   1.0   0.084   1.007   -11.13049    41.77050    78.39906
    72  H   1.0   0.080   0.999    -9.83413    41.45114    83.83769
    73  H   1.0   0.081   0.999   -12.88604    42.34876    83.64305
    74  H   1.0   0.080   0.996   -10.60325    44.33297    82.22198
    75  H   1.0   0.083   1.004    -6.61971    37.05753    77.48632
    76  H   1.0   0.083   1.007    -8.17306    39.82031    76.38650
    77  H   1.0   0.083   1.004   -11.90527    37.06320    75.33770
    78  H   1.0   0.082   1.006    -9.65839    34.55553    75.75155
    79  H   1.0   0.081   1.000   -19.33379    44.67690    78.99054
    80  H   1.0   0.080   0.997   -20.78699    45.14366    81.87427
    81  H   1.0   0.080   0.998   -22.46128    45.02461    79.10393
    82  H   1.0   0.080   0.998   -28.72572    38.16491    82.47520
    83  H   1.0   0.080   1.000   -27.86401    37.10099    79.37227
    84  H   1.0   0.080   0.998   -29.88413    39.35921    79.63683
    85  H   1.0   0.085   1.010   -25.10123    29.76696    79.58581
    86  H   1.0   0.086   1.011   -22.11924    27.09678    83.49187
    87  H   1.0   0.080   0.997   -26.18971    32.24061    84.39138
    88  H   1.0   0.080   0.997   -25.67193    29.15280    85.10003
    89  H   1.0   0.080   0.998   -27.83188    29.79720    82.75677
    90  H   1.0   0.083   1.009   -21.41060    25.13902    78.54646
    91  H   1.0   0.082   1.006   -24.45305    25.75130    78.50677
    92  H   1.0   0.081   1.005   -22.65026    23.26820    82.90039
    93  H   1.0   0.080   0.997   -22.44239    21.39737    80.28123
    94  H   1.0   0.080   0.998   -25.42437    22.73529    81.43207
    95  H   1.0   0.080   0.999   -10.34247    23.76897    81.65695
    96  H   1.0   0.080   1.001   -13.42461    23.46284    80.44941
    97  H   1.0   0.079   0.997   -12.83691    23.43827    83.75076
    98  H   1.0   0.086   1.011    -6.81057    32.72816    79.50266
    99  H   1.0   0.080   0.996    -5.77500    37.56964    86.64960
   100  H   1.0   0.080   0.995    -5.95075    35.05820    88.88704
   101  H   1.0   0.080   0.996    -8.63416    36.99894    88.01399
   102  H   1.0   0.082   1.001    -8.38849    38.12333    67.32905
   103  H   1.0   0.081   1.006    -9.79445    40.89178    67.93754
   104  H   1.0   0.070   1.004   -13.74398    39.85621    66.62607
   105  H   1.0   0.081   0.999    -9.48642    34.27207    67.13629
   106  H   1.0   0.080   1.000   -11.05490    33.11367    64.13730
   107  H   1.0   0.080   0.998   -12.11125    32.08944    66.85095
   108  H   1.0   0.082   1.003   -14.81545    35.59677    62.39308
   109  H   1.0   0.082   1.003   -16.13826    37.81531    64.10706
   110  H   1.0   0.082   1.003   -19.04844    35.16024    65.73412
   111  H   1.0   0.083   1.007   -16.50676    33.36311    67.01157
   112  H   1.0   0.083   1.003   -17.02076    30.20916    64.06171
   113  H   1.0   0.083   1.003   -16.57857    32.33888    61.62585
   114  H   1.0   0.084   1.012   -21.76964    32.46927    64.16753
   115  H   1.0   0.080   0.998   -19.88937    27.64102    63.04315
   116  H   1.0   0.081   0.999   -21.24052    28.61612    60.16132
   117  H   1.0   0.081   0.999   -23.03387    28.62179    63.01669
   118  H   1.0   0.082   1.004   -21.19517    32.52596    58.63820
   119  H   1.0   0.083   1.004   -20.04243    35.09599    60.14242
   120  H   1.0   0.083   1.007   -24.96517    33.73161    62.36663
   121  H   1.0   0.082   1.003   -25.04076    33.86578    59.05394
   122  H   1.0   0.082   1.003   -22.42349    38.19136    61.81294
   123  H   1.0   0.082   1.006   -25.77586    37.43169    62.65197
   124  H   1.0   0.083   1.007   -25.05777    37.57531    57.16610
   125  H   1.0   0.080   0.997   -29.10367    38.61088    60.79059
   126  H   1.0   0.080   0.999   -29.00918    38.39356    57.42121
   127  H   1.0   0.080   0.998   -28.52352    41.33776    58.74024
   128  H   1.0   0.082   1.001   -21.55043    40.70092    58.60418
   129  H   1.0   0.082   1.003   -24.01653    42.57553    59.68888
   130  H   1.0   0.082   1.003   -25.71350    41.38689    54.80583
   131  H   1.0   0.082   1.005   -22.29310    41.73649    54.35608
   132  H   1.0   0.083   1.005   -24.61368    45.83341    57.26626
   133  H   1.0   0.082   1.001   -25.46595    45.73893    54.00081
   134  H   1.0   0.082   1.006   -19.94417    44.69202    55.31228
   135  H   1.0   0.080   0.997   -19.88748    50.00782    55.31984
   136  H   1.0   0.080   0.998   -19.20906    47.85731    57.92388
   137  H   1.0   0.080   0.998   -22.25530    49.16878    57.53838
   138  H   1.0   0.080   0.998   -19.64937    45.69546    51.24370
   139  H   1.0   0.080   0.997   -21.41437    48.73414    51.58952
   140  H   1.0   0.080   0.997   -22.73151    45.83530    50.81095
 
  Z AO/shell   Hii/eV     exponent
  1     Sat Feb 20 21:38:01 CET 2016    EN: 2.327 GAM: 0.473  GM3: 0.0000
     1s    -13.751157    1.051071
  6     Sat Feb 20 21:38:01 CET 2016    EN: 2.731 GAM: 0.422  GM3: 0.0000
     2s    -19.378245    2.021003
     2p    -11.993376    1.497917
  7     Sat Feb 20 21:38:01 CET 2016    EN: 3.573 GAM: 0.504  GM3: 0.0000
     2s    -21.576984    2.275442
     2p    -16.125120    2.056788
  8     Sat Feb 20 21:38:01 CET 2016    EN: 3.700 GAM: 0.587  GM3: 0.0000
     2s    -21.648843    2.110798
     2p    -17.239740    2.329048
 12     Sat Feb 20 23:25:47 CET 2016    EN: 0.033 GAM: 0.222  GM3: 0.0000
     3s    -12.693633    1.302878
     3p     -8.128821    0.504252
 
 dipole moment of classical point charges (au)
     X       Y       Z   
  -0.2463   0.2454   0.5262  total (Debye):    1.603

 
 Nbf   :          338
 T(el) :   300.0
 calculating S/T integrals ...
 cpu time for ints   0.153495000000000     
 Nao   :          338
 making H0...
 making H1...
 cpu time for H      1.166400000000001E-002
 solving ...
 cpu time for diag   6.197200000000000E-002
 
 gap (eV)           :   1.398
 Koopmans IP (eV)   :  12.306
 Eel (Eh)           :  -268.372264
 T,E(Fermi),NFOD :    300.000   -11.607  0.000000
 T,E(Fermi),NFOD :    300.000   -11.607  0.000000
 Nfod               :  0.0000
 Nfod/Nel           :  0.0000

          eigenvalues
 #    :         164        165        166        167        168        169        170        171
 occ. :        2.000      2.000      2.000      2.000      2.000      2.000      2.000      2.000
 eps  :       -16.288    -16.278    -16.005    -15.934    -15.759    -15.543    -15.489    -14.954
 #    :         172        173        174        175        176        177        178        179
 occ. :        2.000      2.000      2.000      2.000      2.000      0.000      0.000      0.000
 eps  :       -14.948    -14.931    -14.753    -13.265    -12.307    -10.910    -10.025     -8.702
 #    :         180        181        182        183        184        185        186        187
 occ. :        0.000      0.000      0.000      0.000      0.000      0.000      0.000      0.000
 eps  :        -8.420     -8.096     -7.835     -7.692     -7.561     -7.262     -7.070     -6.979
                            1  SCC done.
 making H1...
 cpu time for H      7.237299999999999E-002
 solving ...
 cpu time for diag   3.245500000000001E-002
 
 gap (eV)           :   1.549
 Koopmans IP (eV)   :  12.214
 Eel (Eh)           :  -265.750150
 T,E(Fermi),NFOD :    300.000   -11.440  0.000000
 T,E(Fermi),NFOD :    300.000   -11.440  0.000000
 Nfod               :  0.0000
 Nfod/Nel           :  0.0000

          eigenvalues
 #    :         164        165        166        167        168        169        170        171
 occ. :        2.000      2.000      2.000      2.000      2.000      2.000      2.000      2.000
 eps  :       -15.244    -15.170    -15.098    -14.881    -14.624    -14.575    -14.369    -14.339
 #    :         172        173        174        175        176        177        178        179
 occ. :        2.000      2.000      2.000      2.000      2.000      0.000      0.000      0.000
 eps  :       -14.138    -13.791    -13.640    -12.741    -12.215    -10.666     -9.477     -8.548
 #    :         180        181        182        183        184        185        186        187
 occ. :        0.000      0.000      0.000      0.000      0.000      0.000      0.000      0.000
 eps  :        -8.302     -8.181     -7.660     -7.531     -7.504     -7.217     -6.922     -6.822
                            2  SCC done.
 
 
 Mulliken/CM5 charges    n(s)   n(p)   n(d)   
    1 MG  0.2934  0.7258   0.664  1.042  0.000
    2 C   0.0193  0.0230   1.178  2.803  0.000
    3 C  -0.0275 -0.0697   1.127  2.901  0.000
    4 C  -0.0460 -0.0883   1.130  2.916  0.000
    5 C  -0.0126 -0.0548   1.132  2.881  0.000
    6 N  -0.1338 -0.3820   1.401  3.733  0.000
    7 C   0.0255  0.0874   1.236  2.738  0.000
    8 C  -0.0222 -0.0769   1.210  2.812  0.000
    9 C  -0.0182 -0.0746   1.201  2.817  0.000
   10 C   0.0403  0.1005   1.218  2.742  0.000
   11 C  -0.0943 -0.2417   1.106  2.989  0.000
   12 C  -0.0493 -0.1575   1.151  2.899  0.000
   13 C  -0.0677 -0.1680   1.150  2.918  0.000
   14 C   0.2193  0.2717   1.187  2.594  0.000
   15 O  -0.2688 -0.3164   1.625  4.644  0.000
   16 O  -0.1447 -0.2152   1.489  4.655  0.000
   17 N  -0.2262 -0.4965   1.396  3.830  0.000
   18 C   0.0129  0.0777   1.201  2.787  0.000
   19 C  -0.0079 -0.0110   1.202  2.806  0.000
   20 C  -0.0785 -0.0725   1.231  2.847  0.000
   21 C   0.0072  0.0647   1.212  2.781  0.000
   22 C  -0.0772 -0.2208   1.071  3.006  0.000
   23 C   0.1532  0.1775   1.218  2.629  0.000
   24 O  -0.2170 -0.2661   1.624  4.593  0.000
   25 C  -0.0859 -0.2283   1.081  3.005  0.000
   26 N  -0.1581 -0.4260   1.440  3.719  0.000
   27 C   0.0300  0.0899   1.226  2.744  0.000
   28 C  -0.0167 -0.0728   1.195  2.821  0.000
   29 C   0.0041 -0.0511   1.179  2.817  0.000
   30 C   0.0427  0.0950   1.200  2.757  0.000
   31 C  -0.1024 -0.2510   1.111  2.991  0.000
   32 C  -0.0649 -0.1770   1.141  2.924  0.000
   33 C  -0.1003 -0.2546   1.093  3.007  0.000
   34 N  -0.2198 -0.4961   1.400  3.820  0.000
   35 C   0.0229  0.0747   1.196  2.781  0.000
   36 C   0.0157  0.0113   1.205  2.779  0.000
   37 C  -0.0553 -0.0478   1.181  2.874  0.000
   38 C   0.0458  0.1240   1.186  2.769  0.000
   39 C  -0.0706 -0.2144   1.079  2.992  0.000
   40 C   0.1563  0.1895   1.179  2.665  0.000
   41 O  -0.2350 -0.2800   1.626  4.610  0.000
   42 C  -0.0339 -0.0761   1.186  2.847  0.000
   43 C   0.2043  0.2559   1.192  2.603  0.000
   44 O  -0.2917 -0.3330   1.642  4.650  0.000
   45 O  -0.1361 -0.2169   1.453  4.684  0.000
   46 C   0.0223 -0.1002   1.084  2.893  0.000
   47 C   0.0452 -0.0356   1.121  2.834  0.000
   48 C  -0.0879 -0.1460   1.165  2.923  0.000
   49 C  -0.0325 -0.0568   1.243  2.790  0.000
   50 C  -0.0982 -0.2437   1.087  3.011  0.000
   51 C  -0.0793 -0.1880   1.144  2.935  0.000
   52 C  -0.0562 -0.1673   1.150  2.906  0.000
   53 C  -0.0693 -0.1789   1.161  2.908  0.000
   54 C  -0.0176 -0.0911   1.196  2.822  0.000
   55 C  -0.1014 -0.2517   1.102  2.999  0.000
   56 C  -0.0712 -0.1826   1.150  2.922  0.000
   57 C  -0.0687 -0.1824   1.154  2.915  0.000
   58 C  -0.0630 -0.1732   1.163  2.900  0.000
   59 C  -0.0527 -0.1257   1.233  2.820  0.000
   60 C  -0.1040 -0.2541   1.107  2.997  0.000
   61 C  -0.0772 -0.1875   1.165  2.912  0.000
   62 C  -0.0594 -0.1706   1.154  2.906  0.000
   63 C  -0.0649 -0.1755   1.159  2.906  0.000
   64 C  -0.0369 -0.1117   1.220  2.816  0.000
   65 C  -0.1039 -0.2536   1.111  2.993  0.000
   66 C  -0.1258 -0.2758   1.111  3.015  0.000
   67 H   0.0554  0.1151   0.945  0.000  0.000
   68 H   0.0551  0.1156   0.945  0.000  0.000
   69 H   0.0586  0.1176   0.941  0.000  0.000
   70 H   0.0519  0.1139   0.948  0.000  0.000
   71 H   0.0535  0.1141   0.946  0.000  0.000
   72 H   0.0359  0.0888   0.964  0.000  0.000
   73 H   0.0369  0.0907   0.963  0.000  0.000
   74 H   0.0422  0.0929   0.958  0.000  0.000
   75 H   0.0452  0.1028   0.955  0.000  0.000
   76 H   0.0285  0.0878   0.971  0.000  0.000
   77 H   0.0385  0.1016   0.962  0.000  0.000
   78 H   0.0384  0.0993   0.962  0.000  0.000
   79 H   0.0408  0.0942   0.959  0.000  0.000
   80 H   0.0518  0.1037   0.948  0.000  0.000
   81 H   0.0493  0.1053   0.951  0.000  0.000
   82 H   0.0585  0.1108   0.942  0.000  0.000
   83 H   0.0462  0.0999   0.954  0.000  0.000
   84 H   0.0496  0.1035   0.950  0.000  0.000
   85 H   0.0566  0.1192   0.943  0.000  0.000
   86 H   0.0599  0.1230   0.940  0.000  0.000
   87 H   0.0436  0.0953   0.956  0.000  0.000
   88 H   0.0315  0.0833   0.968  0.000  0.000
   89 H   0.0359  0.0874   0.964  0.000  0.000
   90 H   0.0274  0.0862   0.973  0.000  0.000
   91 H   0.0355  0.0918   0.964  0.000  0.000
   92 H   0.0153  0.0697   0.985  0.000  0.000
   93 H   0.0480  0.0989   0.952  0.000  0.000
   94 H   0.0291  0.0806   0.971  0.000  0.000
   95 H   0.0463  0.0990   0.954  0.000  0.000
   96 H   0.0441  0.0975   0.956  0.000  0.000
   97 H   0.0491  0.1002   0.951  0.000  0.000
   98 H   0.0667  0.1345   0.933  0.000  0.000
   99 H   0.0463  0.1064   0.954  0.000  0.000
  100 H   0.0544  0.1129   0.946  0.000  0.000
  101 H   0.0467  0.1060   0.953  0.000  0.000
  102 H   0.0779  0.1402   0.922  0.000  0.000
  103 H   0.0486  0.1118   0.951  0.000  0.000
  104 H   0.0373  0.0944   0.963  0.000  0.000
  105 H   0.0584  0.1147   0.942  0.000  0.000
  106 H   0.0438  0.0966   0.956  0.000  0.000
  107 H   0.0404  0.0925   0.960  0.000  0.000
  108 H   0.0375  0.0941   0.963  0.000  0.000
  109 H   0.0316  0.0879   0.968  0.000  0.000
  110 H   0.0416  0.0979   0.958  0.000  0.000
  111 H   0.0401  0.0985   0.960  0.000  0.000
  112 H   0.0383  0.0947   0.962  0.000  0.000
  113 H   0.0379  0.0950   0.962  0.000  0.000
  114 H   0.0391  0.1012   0.961  0.000  0.000
  115 H   0.0410  0.0930   0.959  0.000  0.000
  116 H   0.0275  0.0806   0.972  0.000  0.000
  117 H   0.0296  0.0819   0.970  0.000  0.000
  118 H   0.0269  0.0832   0.973  0.000  0.000
  119 H   0.0365  0.0939   0.963  0.000  0.000
  120 H   0.0339  0.0914   0.966  0.000  0.000
  121 H   0.0387  0.0947   0.961  0.000  0.000
  122 H   0.0465  0.1032   0.953  0.000  0.000
  123 H   0.0463  0.1036   0.954  0.000  0.000
  124 H   0.0298  0.0899   0.970  0.000  0.000
  125 H   0.0437  0.0953   0.956  0.000  0.000
  126 H   0.0329  0.0850   0.967  0.000  0.000
  127 H   0.0333  0.0860   0.967  0.000  0.000
  128 H   0.0370  0.0924   0.963  0.000  0.000
  129 H   0.0259  0.0825   0.974  0.000  0.000
  130 H   0.0387  0.0954   0.961  0.000  0.000
  131 H   0.0418  0.0994   0.958  0.000  0.000
  132 H   0.0321  0.0895   0.968  0.000  0.000
  133 H   0.0440  0.0996   0.956  0.000  0.000
  134 H   0.0406  0.0998   0.959  0.000  0.000
  135 H   0.0395  0.0914   0.961  0.000  0.000
  136 H   0.0375  0.0889   0.962  0.000  0.000
  137 H   0.0286  0.0809   0.971  0.000  0.000
  138 H   0.0305  0.0821   0.969  0.000  0.000
  139 H   0.0348  0.0866   0.965  0.000  0.000
  140 H   0.0297  0.0815   0.970  0.000  0.000
 Hirshfeld charges for QMDFF written to <charges>
 
 Loewdin charges    n(s)   n(p)   n(d)
    1 MG  0.1311   0.675  1.194  0.000
    2 C   0.0217   1.137  2.841  0.000
    3 C  -0.0270   1.075  2.952  0.000
    4 C  -0.0445   1.079  2.966  0.000
    5 C  -0.0091   1.080  2.929  0.000
    6 N  -0.1010   1.359  3.742  0.000
    7 C   0.0259   1.201  2.773  0.000
    8 C  -0.0147   1.163  2.852  0.000
    9 C  -0.0101   1.154  2.856  0.000
   10 C   0.0461   1.179  2.775  0.000
   11 C  -0.0964   1.034  3.062  0.000
   12 C  -0.0440   1.091  2.953  0.000
   13 C  -0.0680   1.091  2.977  0.000
   14 C   0.1942   1.162  2.644  0.000
   15 O  -0.2538   1.594  4.660  0.000
   16 O  -0.1105   1.455  4.655  0.000
   17 N  -0.1954   1.354  3.841  0.000
   18 C   0.0173   1.162  2.821  0.000
   19 C   0.0008   1.160  2.839  0.000
   20 C  -0.0857   1.196  2.889  0.000
   21 C   0.0140   1.172  2.814  0.000
   22 C  -0.0803   0.997  3.083  0.000
   23 C   0.1508   1.183  2.666  0.000
   24 O  -0.2013   1.593  4.608  0.000
   25 C  -0.0928   1.009  3.084  0.000
   26 N  -0.1225   1.396  3.727  0.000
   27 C   0.0388   1.187  2.774  0.000
   28 C  -0.0092   1.147  2.862  0.000
   29 C   0.0123   1.129  2.859  0.000
   30 C   0.0464   1.162  2.791  0.000
   31 C  -0.1052   1.041  3.065  0.000
   32 C  -0.0624   1.082  2.980  0.000
   33 C  -0.1036   1.021  3.083  0.000
   34 N  -0.1877   1.357  3.830  0.000
   35 C   0.0232   1.158  2.818  0.000
   36 C   0.0224   1.165  2.813  0.000
   37 C  -0.0651   1.145  2.920  0.000
   38 C   0.0501   1.146  2.804  0.000
   39 C  -0.0704   1.004  3.067  0.000
   40 C   0.1505   1.144  2.706  0.000
   41 O  -0.2200   1.594  4.626  0.000
   42 C  -0.0345   1.138  2.896  0.000
   43 C   0.1841   1.166  2.650  0.000
   44 O  -0.2822   1.617  4.665  0.000
   45 O  -0.0984   1.416  4.683  0.000
   46 C   0.0131   1.015  2.972  0.000
   47 C   0.0439   1.063  2.893  0.000
   48 C  -0.0871   1.117  2.970  0.000
   49 C  -0.0212   1.203  2.818  0.000
   50 C  -0.1011   1.015  3.086  0.000
   51 C  -0.0787   1.086  2.993  0.000
   52 C  -0.0510   1.090  2.961  0.000
   53 C  -0.0676   1.104  2.964  0.000
   54 C  -0.0076   1.147  2.860  0.000
   55 C  -0.1059   1.031  3.075  0.000
   56 C  -0.0696   1.092  2.978  0.000
   57 C  -0.0652   1.096  2.969  0.000
   58 C  -0.0590   1.106  2.953  0.000
   59 C  -0.0441   1.188  2.856  0.000
   60 C  -0.1069   1.037  3.070  0.000
   61 C  -0.0744   1.108  2.966  0.000
   62 C  -0.0545   1.096  2.959  0.000
   63 C  -0.0618   1.101  2.960  0.000
   64 C  -0.0258   1.174  2.852  0.000
   65 C  -0.1068   1.040  3.067  0.000
   66 C  -0.1308   1.042  3.089  0.000
   67 H   0.0506   0.949  0.000  0.000
   68 H   0.0507   0.949  0.000  0.000
   69 H   0.0526   0.947  0.000  0.000
   70 H   0.0453   0.955  0.000  0.000
   71 H   0.0470   0.953  0.000  0.000
   72 H   0.0361   0.964  0.000  0.000
   73 H   0.0377   0.962  0.000  0.000
   74 H   0.0411   0.959  0.000  0.000
   75 H   0.0410   0.959  0.000  0.000
   76 H   0.0266   0.973  0.000  0.000
   77 H   0.0367   0.963  0.000  0.000
   78 H   0.0353   0.965  0.000  0.000
   79 H   0.0415   0.959  0.000  0.000
   80 H   0.0505   0.949  0.000  0.000
   81 H   0.0475   0.952  0.000  0.000
   82 H   0.0571   0.943  0.000  0.000
   83 H   0.0473   0.953  0.000  0.000
   84 H   0.0485   0.952  0.000  0.000
   85 H   0.0505   0.950  0.000  0.000
   86 H   0.0540   0.946  0.000  0.000
   87 H   0.0439   0.956  0.000  0.000
   88 H   0.0322   0.968  0.000  0.000
   89 H   0.0355   0.964  0.000  0.000
   90 H   0.0260   0.974  0.000  0.000
   91 H   0.0340   0.966  0.000  0.000
   92 H   0.0186   0.981  0.000  0.000
   93 H   0.0469   0.953  0.000  0.000
   94 H   0.0292   0.971  0.000  0.000
   95 H   0.0442   0.956  0.000  0.000
   96 H   0.0435   0.956  0.000  0.000
   97 H   0.0478   0.952  0.000  0.000
   98 H   0.0581   0.942  0.000  0.000
   99 H   0.0429   0.957  0.000  0.000
  100 H   0.0500   0.950  0.000  0.000
  101 H   0.0441   0.956  0.000  0.000
  102 H   0.0704   0.930  0.000  0.000
  103 H   0.0429   0.957  0.000  0.000
  104 H   0.0316   0.968  0.000  0.000
  105 H   0.0561   0.944  0.000  0.000
  106 H   0.0437   0.956  0.000  0.000
  107 H   0.0406   0.959  0.000  0.000
  108 H   0.0366   0.963  0.000  0.000
  109 H   0.0303   0.970  0.000  0.000
  110 H   0.0389   0.961  0.000  0.000
  111 H   0.0370   0.963  0.000  0.000
  112 H   0.0359   0.964  0.000  0.000
  113 H   0.0362   0.964  0.000  0.000
  114 H   0.0346   0.965  0.000  0.000
  115 H   0.0415   0.959  0.000  0.000
  116 H   0.0282   0.972  0.000  0.000
  117 H   0.0298   0.970  0.000  0.000
  118 H   0.0255   0.974  0.000  0.000
  119 H   0.0348   0.965  0.000  0.000
  120 H   0.0330   0.967  0.000  0.000
  121 H   0.0366   0.963  0.000  0.000
  122 H   0.0437   0.956  0.000  0.000
  123 H   0.0436   0.956  0.000  0.000
  124 H   0.0256   0.974  0.000  0.000
  125 H   0.0437   0.956  0.000  0.000
  126 H   0.0331   0.967  0.000  0.000
  127 H   0.0336   0.966  0.000  0.000
  128 H   0.0347   0.965  0.000  0.000
  129 H   0.0244   0.976  0.000  0.000
  130 H   0.0359   0.964  0.000  0.000
  131 H   0.0391   0.961  0.000  0.000
  132 H   0.0305   0.969  0.000  0.000
  133 H   0.0411   0.959  0.000  0.000
  134 H   0.0361   0.964  0.000  0.000
  135 H   0.0394   0.961  0.000  0.000
  136 H   0.0371   0.963  0.000  0.000
  137 H   0.0296   0.970  0.000  0.000
  138 H   0.0312   0.969  0.000  0.000
  139 H   0.0353   0.965  0.000  0.000
  140 H   0.0315   0.968  0.000  0.000
 
 Wiberg/Mayer (AO) data. WBOs > 0.1 written file <wbo>
 largest (>0.05) Wiberg bond orders for each atom
           total WBO             WBO to atom ...
     1  MG  2.546    N   34 0.515    N   17 0.485    N   26 0.425    N    6 0.389    C   27 0.055    C   38 0.054
     2  C   3.886    C    7 1.447    C   38 1.163    C   42 0.948
     3  C   3.919    C   10 1.472    C   18 1.215    H   67 0.935
     4  C   3.922    C   21 1.362    C   27 1.319    H   68 0.930
     5  C   3.910    C   30 1.483    C   35 1.235    H   69 0.933
     6  N   3.330    C   10 1.255    C    7 1.216    MG   1 0.389    C   18 0.057
     7  C   3.867    C    2 1.447    N    6 1.216    C    8 0.918
     8  C   3.930    C    9 0.952    C   12 0.951    H   70 0.941    C    7 0.918
     9  C   3.935    C   11 0.965    C    8 0.952    H   71 0.943    C   10 0.926
    10  C   3.874    C    3 1.472    N    6 1.255    C    9 0.926
    11  C   3.966    H   74 0.980    H   72 0.978    H   73 0.977    C    9 0.965
    12  C   3.956    C   13 0.979    H   75 0.962    H   76 0.962    C    8 0.951
    13  C   3.964    C   12 0.979    H   78 0.962    H   77 0.960    C   14 0.896    O   15 0.091
    14  C   3.886    O   15 1.835    O   16 1.115    C   13 0.896
    15  O   2.147    C   14 1.835    O   16 0.167    C   13 0.091
    16  O   2.316    C   14 1.115    C   47 0.919    O   15 0.167
    17  N   3.292    C   18 1.222    C   21 1.130    MG   1 0.485    C   20 0.069    C   19 0.051
    18  C   3.870    N   17 1.222    C    3 1.215    C   19 1.170    N    6 0.057
    19  C   3.880    C   20 1.456    C   18 1.170    C   22 0.998    N   17 0.051
    20  C   3.869    C   19 1.456    C   21 1.117    C   23 0.921    O   24 0.087    N   17 0.069
    21  C   3.870    C    4 1.362    N   17 1.130    C   20 1.117    N   26 0.051
    22  C   3.975    C   19 0.998    H   79 0.971    H   81 0.968    H   80 0.961
    23  C   3.874    O   24 1.876    C   25 0.982    C   20 0.921
    24  O   2.185    C   23 1.876    C   20 0.087    C   25 0.066
    25  C   3.976    C   23 0.982    H   83 0.963    H   84 0.963    H   82 0.952    O   24 0.066
    26  N   3.310    C   27 1.304    C   30 1.132    MG   1 0.425    C   21 0.051
    27  C   3.856    C    4 1.319    N   26 1.304    C   28 0.965    MG   1 0.055
    28  C   3.937    C   27 0.965    C   31 0.952    C   29 0.947    H   85 0.930
    29  C   3.946    C   30 0.986    C   28 0.947    C   32 0.936    H   86 0.921
    30  C   3.867    C    5 1.483    N   26 1.132    C   29 0.986    C   36 0.056
    31  C   3.962    H   89 0.984    H   88 0.980    H   87 0.974    C   28 0.952
    32  C   3.945    C   33 1.015    H   90 0.962    H   91 0.955    C   29 0.936
    33  C   3.973    C   32 1.015    H   94 0.979    H   92 0.975    H   93 0.972
    34  N   3.312    C   38 1.301    C   35 1.054    MG   1 0.515    C   37 0.073
    35  C   3.866    C   36 1.326    C    5 1.235    N   34 1.054
    36  C   3.870    C   35 1.326    C   37 1.263    C   39 0.987    C   30 0.056    O   41 0.052
    37  C   3.886    C   36 1.263    C   38 1.160    C   40 1.112    O   41 0.073    N   34 0.073
    38  C   3.907    N   34 1.301    C    2 1.163    C   37 1.160    MG   1 0.054
    39  C   3.980    C   36 0.987    H   95 0.979    H   96 0.970    H   97 0.967
    40  C   3.906    O   41 1.796    C   37 1.112    C   42 0.846
    41  O   2.150    C   40 1.796    C   42 0.082    C   37 0.073    C   36 0.052
    42  C   3.944    C    2 0.948    C   43 0.945    H   98 0.920    C   40 0.846    O   41 0.082    O   44 0.067
    43  C   3.891    O   44 1.764    O   45 1.109    C   42 0.945
    44  O   2.078    C   43 1.764    O   45 0.163    C   42 0.067
    45  O   2.317    C   43 1.109    C   46 0.972    O   44 0.163
    46  C   3.944    H  101 0.989    H  100 0.984    H   99 0.982    O   45 0.972
    47  C   3.929    C   48 1.011    H  103 0.969    H  102 0.953    O   16 0.919
    48  C   3.955    C   49 1.870    C   47 1.011    H  104 0.937
    49  C   3.921    C   48 1.870    C   51 0.975    C   50 0.973
    50  C   3.984    H  105 0.973    H  107 0.973    C   49 0.973    H  106 0.971
    51  C   3.960    C   49 0.975    C   52 0.970    H  109 0.958    H  108 0.947
    52  C   3.963    C   53 0.991    C   51 0.970    H  111 0.966    H  110 0.964
    53  C   3.959    C   52 0.991    H  112 0.961    H  113 0.958    C   54 0.955
    54  C   3.944    C   56 0.991    C   55 0.987    C   53 0.955    H  114 0.945
    55  C   3.980    C   54 0.987    H  117 0.980    H  116 0.979    H  115 0.974
    56  C   3.963    C   54 0.991    C   57 0.975    H  118 0.962    H  119 0.957
    57  C   3.964    C   58 0.997    C   56 0.975    H  121 0.961    H  120 0.960
    58  C   3.964    C   57 0.997    H  123 0.962    H  122 0.959    C   59 0.956
    59  C   3.924    C   60 0.978    C   61 0.967    H  124 0.958    C   58 0.956
    60  C   3.980    H  126 0.985    H  127 0.982    C   59 0.978    H  125 0.977
    61  C   3.958    C   62 0.981    C   59 0.967    H  129 0.967    H  128 0.966
    62  C   3.967    C   63 0.986    C   61 0.981    H  130 0.966    H  131 0.966
    63  C   3.964    C   62 0.986    C   64 0.980    H  133 0.959    H  132 0.958
    64  C   3.933    C   66 0.980    C   63 0.980    C   65 0.976    H  134 0.956
    65  C   3.980    H  136 0.983    H  137 0.983    H  135 0.979    C   64 0.976
    66  C   3.973    H  138 0.982    C   64 0.980    H  139 0.979    H  140 0.978
    67  H   0.994    C    3 0.935
    68  H   0.993    C    4 0.930
    69  H   0.993    C    5 0.933
    70  H   0.993    C    8 0.941
    71  H   0.993    C    9 0.943
    72  H   0.997    C   11 0.978
    73  H   0.998    C   11 0.977
    74  H   0.997    C   11 0.980
    75  H   0.996    C   12 0.962
    76  H   0.996    C   12 0.962
    77  H   0.998    C   13 0.960
    78  H   0.998    C   13 0.962
    79  H   0.995    C   22 0.971
    80  H   0.992    C   22 0.961
    81  H   0.995    C   22 0.968
    82  H   0.995    C   25 0.952
    83  H   0.997    C   25 0.963
    84  H   0.994    C   25 0.963
    85  H   0.992    C   28 0.930
    86  H   0.992    C   29 0.921
    87  H   0.997    C   31 0.974
    88  H   0.997    C   31 0.980
    89  H   0.997    C   31 0.984
    90  H   0.997    C   32 0.962
    91  H   0.997    C   32 0.955
    92  H   0.999    C   33 0.975
    93  H   0.995    C   33 0.972
    94  H   0.998    C   33 0.979
    95  H   0.997    C   39 0.979
    96  H   0.994    C   39 0.970
    97  H   0.993    C   39 0.967
    98  H   0.991    C   42 0.920
    99  H   0.998    C   46 0.982
   100  H   0.997    C   46 0.984
   101  H   0.997    C   46 0.989
   102  H   0.994    C   47 0.953
   103  H   0.997    C   47 0.969
   104  H   0.998    C   48 0.937
   105  H   0.997    C   50 0.973
   106  H   0.998    C   50 0.971
   107  H   0.998    C   50 0.973
   108  H   0.998    C   51 0.947
   109  H   0.999    C   51 0.958
   110  H   0.998    C   52 0.964
   111  H   0.998    C   52 0.966
   112  H   0.997    C   53 0.961
   113  H   0.999    C   53 0.958
   114  H   0.998    C   54 0.945
   115  H   0.998    C   55 0.974
   116  H   0.999    C   55 0.979
   117  H   0.998    C   55 0.980
   118  H   0.999    C   56 0.962
   119  H   0.999    C   56 0.957
   120  H   0.998    C   57 0.960
   121  H   0.998    C   57 0.961
   122  H   0.998    C   58 0.959
   123  H   0.997    C   58 0.962
   124  H   0.999    C   59 0.958
   125  H   0.998    C   60 0.977
   126  H   0.999    C   60 0.985
   127  H   0.999    C   60 0.982
   128  H   0.999    C   61 0.966
   129  H   0.999    C   61 0.967
   130  H   0.998    C   62 0.966
   131  H   0.998    C   62 0.966
   132  H   0.999    C   63 0.958
   133  H   0.997    C   63 0.959
   134  H   0.998    C   64 0.956
   135  H   0.998    C   65 0.979
   136  H   0.999    C   65 0.983
   137  H   0.999    C   65 0.983
   138  H   0.999    C   66 0.982
   139  H   0.999    C   66 0.979
   140  H   0.999    C   66 0.978
 
 --------------------------------------------
          xTB calculation for sTDA...
 --------------------------------------------
 
 reading parameter file ~/.param_stda2.xtb
 
      method parameters     
 k(s)        :  1.6000
 k(p)        :  2.1800
 k(d)        :  1.9500
 k(f)        :  2.0000
 k(R-V)      :  2.2750
 k(R-R)      :  1.7650
 Tscal       :  0.2580
 Gscal       :  1.0000
 fpol        :  1.0000
 Zcnf        :  0.3430
 Zqf         :  0.0000
 kcn         :  2.7000
 Ryd Hsplit  :  0.7000
 lshift(virt):  3.1000
 lshift(OS)  :  0.2000
 wllscaling  :  2.6000
 
 mowrcut     : 3.000
 
  Z AO/shell   Hii/eV     exponent
  1     Sun Feb 14 09:53:25 CET 2016    EN: 2.327 GAM: 0.473  GM3: 0.0000
     1s    -14.339618    1.220000
     2sp    -3.348946    0.600000
  6     Sun Feb 14 09:53:25 CET 2016    EN: 2.731 GAM: 0.422  GM3: 0.0000
     2s    -22.009312    1.565095
     2p    -13.020408    1.596905
     3sp    -3.914040    0.824500
  7     Sun Feb 14 09:53:25 CET 2016    EN: 3.573 GAM: 0.504  GM3: 0.0000
     2s    -25.722000    2.064844
     2p    -18.684912    1.801692
     3sp    -4.344791    0.921400
  8     Sun Feb 14 09:53:25 CET 2016    EN: 3.700 GAM: 0.587  GM3: 0.0000
     2s    -33.859000    2.418661
     2p    -22.175911    1.973969
     3sp    -4.259392    1.013700
 12     Sun Feb 21 16:58:31 CET 2016    EN: 0.033 GAM: 0.222  GM3: 0.0000
     3s    -11.092543    1.647583
     3p     -6.929529    0.855020
 
 Nbf   :          894
 T(el) :     0.0
 calculating S/T integrals ...
 cpu time for ints    1.47415600000000     
 Nao   :          894
 making H0...
 making H1...
 cpu time for H      2.810199999999985E-002
 solving ...
 cpu time for diag   0.322845000000000     
 
 gap (eV)           :   4.738
 Koopmans IP (eV)   :  13.593
 Eel (Eh)           :  -301.133107

          eigenvalues
 #    :         164        165        166        167        168        169        170        171
 occ. :        2.000      2.000      2.000      2.000      2.000      2.000      2.000      2.000
 eps  :       -17.256    -17.155    -17.051    -16.615    -16.403    -16.262    -16.124    -15.753
 #    :         172        173        174        175        176        177        178        179
 occ. :        2.000      2.000      2.000      2.000      2.000      0.000      0.000      0.000
 eps  :       -15.538    -15.363    -15.237    -14.040    -13.594     -8.856     -7.093     -6.917
 #    :         180        181        182        183        184        185        186        187
 occ. :        0.000      0.000      0.000      0.000      0.000      0.000      0.000      0.000
 eps  :        -6.699     -6.307     -5.758     -5.697     -5.255     -5.220     -5.104     -5.035
                            1  SCC done.
 writing mo output ...
 molden style : F
 
speedup  1.25
cpu  time for all    2.37 s
wall time for all    1.90 s
