cpu-bind=MASK - bp1-compute174, task 4294967295 4294967295 [0]: mask 0xffffff00ffffff set
Host:    bp1-compute174.data.bp.acrc.priv
Time:    Wed Apr 27 06:50:58 BST 2022
Dir:     /user/home/of15641/chlorophyll_parameterization/tddft_data/step_1101_chromophore_22
Job ID:  1658141
Nodelist:
cat: bp1-compute174: No such file or directory
  
Result dir: /user/home/of15641/chlorophyll_parameterization/tddft_data/step_1101_chromophore_22
running gaussian jobs
Running time g16 < CAMB3LYP_step_1101_chromophore_22.com > CAMB3LYP_step_1101_chromophore_22.log

real	22m19.582s
user	525m4.174s
sys	0m24.177s
Running time g16 < PBE0_step_1101_chromophore_22.com > PBE0_step_1101_chromophore_22.log

real	15m49.123s
user	377m44.888s
sys	0m21.197s
Running time g16 < wB97XD_step_1101_chromophore_22.com > wB97XD_step_1101_chromophore_22.log

real	24m40.214s
user	580m10.466s
sys	0m25.720s
Running time g16 < BLYP_step_1101_chromophore_22.com > BLYP_step_1101_chromophore_22.log

real	10m38.827s
user	253m45.366s
sys	0m21.194s
Running time g16 < ZINDO_step_1101_chromophore_22.com > ZINDO_step_1101_chromophore_22.log

real	0m7.101s
user	2m36.506s
sys	0m2.597s
