cpu-bind=MASK - bp1-compute070, task 4294967295 4294967295 [0]: mask 0xffffffffffff set
Host:    bp1-compute070.data.bp.acrc.priv
Time:    Sat Apr 30 07:59:16 BST 2022
Dir:     /user/home/of15641/chlorophyll_parameterization/tddft_data/step_651_chromophore_6
Job ID:  1658914
Nodelist:
cat: bp1-compute070: No such file or directory
  
Result dir: /user/home/of15641/chlorophyll_parameterization/tddft_data/step_651_chromophore_6
running gaussian jobs
Running time g16 < CAMB3LYP_step_651_chromophore_6.com > CAMB3LYP_step_651_chromophore_6.log

real	26m37.696s
user	626m11.435s
sys	0m45.132s
Running time g16 < PBE0_step_651_chromophore_6.com > PBE0_step_651_chromophore_6.log

real	18m47.361s
user	448m19.899s
sys	0m48.531s
Running time g16 < wB97XD_step_651_chromophore_6.com > wB97XD_step_651_chromophore_6.log

real	28m46.328s
user	677m13.737s
sys	0m40.285s
Running time g16 < BLYP_step_651_chromophore_6.com > BLYP_step_651_chromophore_6.log

real	11m59.158s
user	285m45.192s
sys	0m27.013s
Running time g16 < ZINDO_step_651_chromophore_6.com > ZINDO_step_651_chromophore_6.log

real	0m5.869s
user	2m7.319s
sys	0m2.203s
