cpu-bind=MASK - bp1-compute070, task 4294967295 4294967295 [0]: mask 0xffffffffffff set
Host:    bp1-compute070.data.bp.acrc.priv
Time:    Thu Apr 28 17:07:30 BST 2022
Dir:     /user/home/of15641/chlorophyll_parameterization/tddft_data/step_1651_chromophore_6
Job ID:  1658476
Nodelist:
cat: bp1-compute070: No such file or directory
  
Result dir: /user/home/of15641/chlorophyll_parameterization/tddft_data/step_1651_chromophore_6
running gaussian jobs
Running time g16 < CAMB3LYP_step_1651_chromophore_6.com > CAMB3LYP_step_1651_chromophore_6.log

real	27m40.080s
user	650m45.109s
sys	0m44.280s
Running time g16 < PBE0_step_1651_chromophore_6.com > PBE0_step_1651_chromophore_6.log

real	19m30.271s
user	465m31.262s
sys	0m43.907s
Running time g16 < wB97XD_step_1651_chromophore_6.com > wB97XD_step_1651_chromophore_6.log

real	29m33.705s
user	696m12.634s
sys	0m43.965s
Running time g16 < BLYP_step_1651_chromophore_6.com > BLYP_step_1651_chromophore_6.log

real	11m24.022s
user	271m49.418s
sys	0m25.409s
Running time g16 < ZINDO_step_1651_chromophore_6.com > ZINDO_step_1651_chromophore_6.log

real	0m6.987s
user	2m33.757s
sys	0m2.689s
