cpu-bind=MASK - bp1-compute102, task 4294967295 4294967295 [0]: mask 0xffffffffffff set
Host:    bp1-compute102.data.bp.acrc.priv
Time:    Sat Apr 30 08:04:52 BST 2022
Dir:     /user/home/of15641/chlorophyll_parameterization/tddft_data/step_651_chromophore_8
Job ID:  1658916
Nodelist:
cat: bp1-compute102: No such file or directory
  
Result dir: /user/home/of15641/chlorophyll_parameterization/tddft_data/step_651_chromophore_8
running gaussian jobs
Running time g16 < CAMB3LYP_step_651_chromophore_8.com > CAMB3LYP_step_651_chromophore_8.log

real	27m4.906s
user	637m12.774s
sys	0m27.395s
Running time g16 < PBE0_step_651_chromophore_8.com > PBE0_step_651_chromophore_8.log

real	15m46.260s
user	376m14.084s
sys	0m19.994s
Running time g16 < wB97XD_step_651_chromophore_8.com > wB97XD_step_651_chromophore_8.log

real	27m52.438s
user	656m3.571s
sys	0m27.253s
Running time g16 < BLYP_step_651_chromophore_8.com > BLYP_step_651_chromophore_8.log

real	11m48.886s
user	281m34.289s
sys	0m22.814s
Running time g16 < ZINDO_step_651_chromophore_8.com > ZINDO_step_651_chromophore_8.log

real	0m8.129s
user	2m58.160s
sys	0m3.333s
