cpu-bind=MASK - bp1-compute158, task 4294967295 4294967295 [0]: mask 0xffffff00ffffff set
Host:    bp1-compute158.data.bp.acrc.priv
Time:    Thu Apr 28 18:23:30 BST 2022
Dir:     /user/home/of15641/chlorophyll_parameterization/tddft_data/step_1701_chromophore_18
Job ID:  1658489
Nodelist:
cat: bp1-compute158: No such file or directory
  
Result dir: /user/home/of15641/chlorophyll_parameterization/tddft_data/step_1701_chromophore_18
running gaussian jobs
Running time g16 < CAMB3LYP_step_1701_chromophore_18.com > CAMB3LYP_step_1701_chromophore_18.log

real	26m0.054s
user	611m38.857s
sys	0m56.809s
Running time g16 < PBE0_step_1701_chromophore_18.com > PBE0_step_1701_chromophore_18.log

real	18m35.553s
user	443m8.867s
sys	1m2.222s
Running time g16 < wB97XD_step_1701_chromophore_18.com > wB97XD_step_1701_chromophore_18.log

real	27m14.919s
user	640m54.076s
sys	1m5.484s
Running time g16 < BLYP_step_1701_chromophore_18.com > BLYP_step_1701_chromophore_18.log

real	12m23.829s
user	295m13.285s
sys	0m35.739s
Running time g16 < ZINDO_step_1701_chromophore_18.com > ZINDO_step_1701_chromophore_18.log

real	0m8.089s
user	2m56.222s
sys	0m2.731s
