cpu-bind=MASK - bp1-compute181, task 4294967295 4294967295 [0]: mask 0x3fffffc03fffffc set
Host:    bp1-compute181.data.bp.acrc.priv
Time:    Thu May  5 01:57:57 BST 2022
Dir:     /user/home/of15641/chlorophyll_parameterization/tddft_data/step_51_chromophore_9
Job ID:  1692339
Nodelist:
cat: bp1-compute181: No such file or directory
  
Result dir: /user/home/of15641/chlorophyll_parameterization/tddft_data/step_51_chromophore_9
running gaussian jobs
Running time g16 < CAMB3LYP_step_51_chromophore_9.com > CAMB3LYP_step_51_chromophore_9.log

real	32m16.809s
user	762m5.281s
sys	0m30.908s
Running time g16 < PBE0_step_51_chromophore_9.com > PBE0_step_51_chromophore_9.log

real	19m8.567s
user	457m15.565s
sys	0m21.340s
Running time g16 < wB97XD_step_51_chromophore_9.com > wB97XD_step_51_chromophore_9.log

real	34m51.788s
user	823m41.608s
sys	0m33.117s
Running time g16 < BLYP_step_51_chromophore_9.com > BLYP_step_51_chromophore_9.log

real	13m41.634s
user	326m29.679s
sys	0m24.720s
Running time g16 < ZINDO_step_51_chromophore_9.com > ZINDO_step_51_chromophore_9.log

real	0m7.347s
user	2m41.210s
sys	0m2.661s
