cpu-bind=MASK - bp1-compute063, task 4294967295 4294967295 [0]: mask 0xffffffffffff set
Host:    bp1-compute063.data.bp.acrc.priv
Time:    Thu May  5 12:54:21 BST 2022
Dir:     /user/home/of15641/chlorophyll_parameterization/tddft_data/step_901_chromophore_3
Job ID:  1692451
Nodelist:
cat: bp1-compute063: No such file or directory
  
Result dir: /user/home/of15641/chlorophyll_parameterization/tddft_data/step_901_chromophore_3
running gaussian jobs
Running time g16 < CAMB3LYP_step_901_chromophore_3.com > CAMB3LYP_step_901_chromophore_3.log

real	27m15.670s
user	641m19.833s
sys	0m27.889s
Running time g16 < PBE0_step_901_chromophore_3.com > PBE0_step_901_chromophore_3.log

real	17m44.325s
user	423m42.720s
sys	0m22.263s
Running time g16 < wB97XD_step_901_chromophore_3.com > wB97XD_step_901_chromophore_3.log

real	29m42.877s
user	699m39.676s
sys	0m29.062s
Running time g16 < BLYP_step_901_chromophore_3.com > BLYP_step_901_chromophore_3.log

real	14m1.005s
user	334m32.023s
sys	0m26.116s
Running time g16 < ZINDO_step_901_chromophore_3.com > ZINDO_step_901_chromophore_3.log

real	0m6.918s
user	2m31.214s
sys	0m2.764s
