cpu-bind=MASK - bp1-compute122, task 4294967295 4294967295 [0]: mask 0xffffffffffff set
Host:    bp1-compute122.data.bp.acrc.priv
Time:    Wed May  4 18:06:26 BST 2022
Dir:     /user/home/of15641/chlorophyll_parameterization/tddft_data/step_301_chromophore_8
Job ID:  1692273
Nodelist:
cat: bp1-compute122: No such file or directory
  
Result dir: /user/home/of15641/chlorophyll_parameterization/tddft_data/step_301_chromophore_8
running gaussian jobs
Running time g16 < CAMB3LYP_step_301_chromophore_8.com > CAMB3LYP_step_301_chromophore_8.log

real	28m4.751s
user	659m25.921s
sys	0m29.079s
Running time g16 < PBE0_step_301_chromophore_8.com > PBE0_step_301_chromophore_8.log

real	15m21.614s
user	365m33.090s
sys	0m19.792s
Running time g16 < wB97XD_step_301_chromophore_8.com > wB97XD_step_301_chromophore_8.log

real	28m55.974s
user	680m0.156s
sys	0m28.520s
Running time g16 < BLYP_step_301_chromophore_8.com > BLYP_step_301_chromophore_8.log

real	13m40.503s
user	325m30.412s
sys	0m24.525s
Running time g16 < ZINDO_step_301_chromophore_8.com > ZINDO_step_301_chromophore_8.log

real	0m7.784s
user	2m52.884s
sys	0m2.915s
