 
        ______________________________________
       |                                      |
       |          ===================         |
       |             xTB for sTDA             |
       |          ===================         |
       |               S. Grimme              |
       |        Universitaet Bonn, MCTC       |
       |         2015-19, Version 1.0         |
       |     Wed Apr  3 09:14:55 CEST 2019    |
       |______________________________________|
 
        This code comes without any warranty
        for non-commercial, academia use only.
        Preliminary test version.
        Cite this work as:
        S. Grimme  &  C. Bannwarth, JCP 145 (2016) 054103
        if GBSA is used additionally:
        P. Shushkov, F. März, C. Bannwarth, S. Grimme, unpublished.
 
        with help from
        P. Shushkov, G. Brandenburg, S. Dohm, J. Pisarek,
        F. März, M. Checinski, S. Ehrlich, S. Spicher, 
        P. Pracht, E. Caldeweyher, S. Ehlert, and C. Bannwarth.
 
        usage        :
        xtb4stda <coord_file> [options]
        where <coord_file> is a valid file of TM)
        (*coord, Bohr) or xmol (*xyz, Angstroem)
        format.

        options:
        -chrg <int>   : molecular charge
        -uhf  <int>   : # of unpaired electrons(=2*S)
        -nox          : skip second, extended part in sTDA-xTB
        -pop          : do population analysis
                      : (default for -nox)
        -mowr <real>  : cut MO write above (def.3 Eh)
        -molden       : write formatted molden file
        -parx <file>  : read parameters for sTDA-xTB
                        calc (def:~/.param_stda2.xtb)
        -parv <file>  : read parameters for vTB part in
                        sTDA-xTB (def: ~/.param_stda1.xtb)
        -xtemp <real> : el. temp for xTB (def. 0 K)
        -etemp <real> : el. temp for GFN (def. 300 K)
        -fod          : calculate the FOD and write
                        molden.input file with
                        appropriate occupations
                        for plotting. Def. T=12500 K
 
        -acc <real>   : xTB accuracy (def. 1.0)
        -gbsa [string1] [string2]
                        use GBSA implicit solvent
                        for solvent [string1] and
                        solvation state [string2]=
                        reference, bar1M (default=1M)
        additional GFN/opt/MD/siman options read from
        $XTB4STDAHOME/.xtb4stdarc or $set in input
 
       spin and charge state information can be on:
       <.CHRG> (charge) and <.UHF> (=nalpha-nbeta)
       -uhf and -chrg override the file info.
       useful machine settings:
       setenv MKL_NUM_THREADS <NCORE_ON_YOUR_MACHINE>
       setenv OMP_STACKSIZE 500m
       limit stacksize unlimited
 
       total energies in Eh, gaps/HL energies in eV
       please read REVISION and HOWTO files carefully
 =============================
  # OMP threads =           4
 =============================
 
 xtb4stdahome directory:~/
 
 
 name of molecule           :
 comment line               :
 number of atoms            :   140
 number of electrons        :   352
 charge                     :  0
 spin                       : 0.0
 first test random number   :  0.9000
 
 -----------------------------------------
      charge density (VTB) calculation
 -----------------------------------------
 
      method parameters     
 k(s)        :  1.8000
 k(p)        :  2.8350
 k(d)        :  2.0860
 k(f)        :  2.0000
 Tscal       :  0.3300
 Gscal       :  0.3910
 fpol        :  1.0000
 Zcnf        :  0.6500
 Zqf         :  0.0000
 kcn         :  0.3000
 kEN1        : -0.5900
 wllscal     :  2.6000
 
     -------------------------
     ! NO SOLVENT MODEL USED !
     -------------------------
 
 doing EN charges ...
 sum q : -0.7216450D-14
 point charge moment (au)
     X       Y       Z   
  -0.3191  -0.3290   0.4252  total (Debye):    1.589
 
            Z      q(EN)   CN      Cart. coordinates
     1  MG  2.0   0.879   4.723    88.34469    46.49482    53.32429
     2  C   4.0   0.020   3.247    89.59002    51.04150    58.21112
     3  C   4.0  -0.062   3.128    86.36803    42.35065    57.79349
     4  C   4.0  -0.061   3.141    88.22941    42.12577    48.72280
     5  C   4.0  -0.054   3.155    90.48386    51.13032    48.99303
     6  N   5.0  -0.337   3.095    87.96107    46.80284    57.51570
     7  C   4.0   0.096   3.286    88.78688    48.69446    59.12008
     8  C   4.0  -0.093   4.123    88.34091    47.90833    61.93388
     9  C   4.0  -0.095   4.114    87.50187    45.04540    61.76758
    10  C   4.0   0.080   3.331    87.30534    44.64289    58.89331
    11  C   4.0  -0.239   4.055    89.22719    43.04229    62.80315
    12  C   4.0  -0.161   4.036    86.28489    49.55428    63.47212
    13  C   4.0  -0.169   4.040    86.95952    49.90766    66.30670
    14  C   4.0   0.180   3.076    84.83736    49.73759    68.24367
    15  O   6.0  -0.109   1.048    82.76433    48.92689    67.75612
    16  O   6.0  -0.108   2.029    85.45719    50.63899    70.63796
    17  N   5.0  -0.410   3.183    86.73653    42.89678    53.07862
    18  C   4.0   0.074   3.342    86.13182    41.50405    55.21212
    19  C   4.0   0.010   3.203    85.47419    38.89623    54.32017
    20  C   4.0   0.004   3.203    86.20741    38.73938    51.66322
    21  C   4.0   0.072   3.356    87.06156    41.33398    50.99237
    22  C   4.0  -0.245   4.007    84.55579    36.76651    56.13998
    23  C   4.0   0.107   3.038    86.33213    36.32242    50.03238
    24  O   6.0  -0.100   1.054    87.03511    36.37533    47.81574
    25  C   4.0  -0.248   4.031    85.61403    33.81476    51.17189
    26  N   5.0  -0.417   3.135    89.48608    46.58552    49.52783
    27  C   4.0   0.091   3.386    89.37270    44.50305    48.02172
    28  C   4.0  -0.095   4.134    90.06434    45.14744    45.22681
    29  C   4.0  -0.095   4.136    90.25520    48.06329    45.20602
    30  C   4.0   0.089   3.403    90.14371    48.62643    48.06707
    31  C   4.0  -0.236   4.009    92.38870    43.66401    44.04951
    32  C   4.0  -0.161   4.022    88.40327    49.65255    43.58653
    33  C   4.0  -0.237   3.996    85.60459    49.97380    44.59375
    34  N   5.0  -0.395   3.175    90.10969    50.10608    53.40932
    35  C   4.0   0.076   3.470    90.57079    51.79172    51.49503
    36  C   4.0   0.014   3.245    91.30400    54.29183    52.51548
    37  C   4.0   0.005   3.336    90.81078    54.12175    55.14031
    38  C   4.0   0.068   3.649    90.05300    51.54983    55.56172
    39  C   4.0  -0.246   4.016    92.28666    56.50659    50.99048
    40  C   4.0   0.107   3.146    90.81078    55.54660    57.57995
    41  O   6.0  -0.098   1.034    91.22463    57.75191    58.14309
    42  C   4.0  -0.118   4.217    90.17583    53.41499    59.61518
    43  C   4.0   0.209   3.160    92.33201    53.19390    61.36507
    44  O   6.0  -0.111   1.059    94.40126    52.49281    60.76225
    45  O   6.0  -0.133   2.046    91.80100    54.25214    63.56093
    46  C   4.0  -0.199   4.030    93.74364    54.18411    65.56971
    47  C   4.0  -0.136   4.046    83.30101    50.95835    72.40863
    48  C   4.0  -0.055   3.093    83.18196    48.67556    74.15096
    49  C   4.0   0.021   3.060    82.76622    48.43179    76.66807
    50  C   4.0  -0.250   4.040    81.89316    50.39332    78.55024
    51  C   4.0  -0.177   4.088    82.83047    45.79562    77.80191
    52  C   4.0  -0.163   4.050    80.41729    44.10809    77.36916
    53  C   4.0  -0.164   4.056    79.90517    42.24860    79.62738
    54  C   4.0  -0.091   4.075    77.34648    43.00260    80.74799
    55  C   4.0  -0.238   4.019    74.95220    42.51316    79.12472
    56  C   4.0  -0.164   4.064    77.47498    45.47437    82.40339
    57  C   4.0  -0.164   4.056    75.17519    45.58397    84.21753
    58  C   4.0  -0.164   4.063    75.95187    46.65544    86.77622
    59  C   4.0  -0.087   4.043    75.81769    44.62588    88.93995
    60  C   4.0  -0.238   4.031    73.01334    44.20258    89.84135
    61  C   4.0  -0.163   4.061    77.49955    45.17768    91.30400
    62  C   4.0  -0.165   4.083    79.90706    43.53173    91.23597
    63  C   4.0  -0.166   4.117    82.37126    44.97359    91.14715
    64  C   4.0  -0.091   4.075    83.59959    44.51249    88.67539
    65  C   4.0  -0.239   4.057    85.72742    42.52828    88.90783
    66  C   4.0  -0.240   4.075    84.62571    46.98615    87.68895
    67  H   1.0   0.070   1.006    85.83891    41.05241    59.30716
    68  H   1.0   0.071   1.006    88.54500    40.78029    47.19024
    69  H   1.0   0.071   1.005    90.97330    52.63265    47.66456
    70  H   1.0   0.084   1.007    90.16638    48.08030    62.87496
    71  H   1.0   0.084   1.009    85.61403    44.65800    62.49891
    72  H   1.0   0.081   1.002    90.58023    44.08353    63.95400
    73  H   1.0   0.081   0.998    90.56134    42.06341    61.57672
    74  H   1.0   0.080   1.000    88.13871    41.92546    64.15053
    75  H   1.0   0.082   1.003    84.48587    48.60186    63.15275
    76  H   1.0   0.083   1.004    86.20930    51.30795    62.39686
    77  H   1.0   0.082   1.008    87.52833    51.88432    66.42198
    78  H   1.0   0.082   1.003    88.68673    48.83052    66.61851
    79  H   1.0   0.080   0.999    86.03733    35.33410    56.15699
    80  H   1.0   0.080   1.000    82.87771    36.02196    55.20645
    81  H   1.0   0.080   0.998    84.05690    37.54885    57.97868
    82  H   1.0   0.080   0.997    86.53811    33.18359    52.90099
    83  H   1.0   0.080   0.999    86.15261    32.31053    49.87176
    84  H   1.0   0.080   1.003    83.57502    34.02452    51.38921
    85  H   1.0   0.084   1.009    88.46185    44.62777    44.04195
    86  H   1.0   0.085   1.011    92.15438    48.73981    44.78462
    87  H   1.0   0.080   1.000    91.56478    42.90056    42.32419
    88  H   1.0   0.080   0.998    93.13703    42.30152    45.40067
    89  H   1.0   0.080   1.000    93.68505    45.16823    43.50338
    90  H   1.0   0.082   1.004    88.23319    48.66422    41.78751
    91  H   1.0   0.081   1.003    89.47852    51.37976    43.26339
    92  H   1.0   0.079   0.997    84.23264    49.57696    43.11032
    93  H   1.0   0.080   0.997    85.20018    51.91644    45.14177
    94  H   1.0   0.080   0.997    85.07924    48.99115    46.32663
    95  H   1.0   0.080   0.999    90.75409    57.24547    49.83018
    96  H   1.0   0.080   0.997    93.94962    56.12108    49.83963
    97  H   1.0   0.081   1.002    92.37358    58.01270    52.39265
    98  H   1.0   0.086   1.013    88.71885    54.25403    60.80571
    99  H   1.0   0.080   0.996    93.38648    52.40588    66.54670
   100  H   1.0   0.080   0.995    93.54332    55.78471    66.85095
   101  H   1.0   0.080   0.996    95.71273    54.16333    64.96311
   102  H   1.0   0.082   1.000    81.57947    51.29283    71.32771
   103  H   1.0   0.082   1.003    83.63171    52.52871    73.69931
   104  H   1.0   0.071   1.006    83.90005    46.96914    73.24956
   105  H   1.0   0.080   0.999    80.03367    49.89254    79.28156
   106  H   1.0   0.080   0.999    81.64750    52.24336    77.67907
   107  H   1.0   0.080   0.997    83.19141    50.79961    80.09792
   108  H   1.0   0.083   1.004    83.16873    45.75782    79.83336
   109  H   1.0   0.082   1.003    84.44807    44.75249    77.06869
   110  H   1.0   0.082   1.007    81.16751    42.96481    75.82714
   111  H   1.0   0.082   1.002    78.71464    45.17768    76.91752
   112  H   1.0   0.082   1.001    81.40183    42.16734    81.03901
   113  H   1.0   0.082   1.008    79.40062    40.45525    78.74866
   114  H   1.0   0.085   1.019    77.31814    41.69869    82.34103
   115  H   1.0   0.081   1.003    73.74656    44.07597    79.71431
   116  H   1.0   0.080   0.998    74.25489    40.60454    79.44975
   117  H   1.0   0.080   0.998    75.23377    42.79662    77.10460
   118  H   1.0   0.082   1.002    77.75655    47.02583    81.07869
   119  H   1.0   0.083   1.007    79.10771    45.10020    83.60148
   120  H   1.0   0.082   1.002    73.99033    43.90967    84.42729
   121  H   1.0   0.082   1.003    73.72010    46.72536    83.30857
   122  H   1.0   0.082   1.005    74.56670    48.15211    87.05967
   123  H   1.0   0.082   1.003    77.74144    47.63999    86.49843
   124  H   1.0   0.083   1.008    76.39973    42.84198    88.08769
   125  H   1.0   0.081   1.001    71.91352    45.15878    88.38626
   126  H   1.0   0.080   0.997    72.47666    45.14177    91.59313
   127  H   1.0   0.080   0.997    72.44264    42.22404    89.80167
   128  H   1.0   0.082   1.002    76.46209    44.94902    93.06900
   129  H   1.0   0.083   1.004    78.09670    47.14677    91.37203
   130  H   1.0   0.083   1.004    79.72376    42.07664    89.78844
   131  H   1.0   0.083   1.005    79.79179    42.43002    92.97074
   132  H   1.0   0.083   1.005    83.57502    44.30840    92.67972
   133  H   1.0   0.083   1.006    81.97631    46.98426    91.36447
   134  H   1.0   0.084   1.010    82.25410    43.74716    87.31479
   135  H   1.0   0.081   1.000    85.17562    41.09020    87.53966
   136  H   1.0   0.081   1.000    85.53089    41.57208    90.72196
   137  H   1.0   0.081   0.998    87.62281    43.26717    88.59602
   138  H   1.0   0.081   1.002    83.22542    47.47370    86.25654
   139  H   1.0   0.081   1.001    86.47008    46.57985    86.86692
   140  H   1.0   0.081   0.998    85.12082    48.37698    89.12514
 
  Z AO/shell   Hii/eV     exponent
  1     Sat Feb 20 21:38:01 CET 2016    EN: 2.327 GAM: 0.473  GM3: 0.0000
     1s    -13.751157    1.051071
  6     Sat Feb 20 21:38:01 CET 2016    EN: 2.731 GAM: 0.422  GM3: 0.0000
     2s    -19.378245    2.021003
     2p    -11.993376    1.497917
  7     Sat Feb 20 21:38:01 CET 2016    EN: 3.573 GAM: 0.504  GM3: 0.0000
     2s    -21.576984    2.275442
     2p    -16.125120    2.056788
  8     Sat Feb 20 21:38:01 CET 2016    EN: 3.700 GAM: 0.587  GM3: 0.0000
     2s    -21.648843    2.110798
     2p    -17.239740    2.329048
 12     Sat Feb 20 23:25:47 CET 2016    EN: 0.033 GAM: 0.222  GM3: 0.0000
     3s    -12.693633    1.302878
     3p     -8.128821    0.504252
 
 dipole moment of classical point charges (au)
     X       Y       Z   
  -0.3191  -0.3290   0.4252  total (Debye):    1.589

 
 Nbf   :          338
 T(el) :   300.0
 calculating S/T integrals ...
 cpu time for ints   0.138979000000000     
 Nao   :          338
 making H0...
 making H1...
 cpu time for H      1.402700000000001E-002
 solving ...
 cpu time for diag   7.634299999999999E-002
 
 gap (eV)           :   1.259
 Koopmans IP (eV)   :  12.000
 Eel (Eh)           :  -268.292759
 T,E(Fermi),NFOD :    300.000   -11.371  0.000000
 T,E(Fermi),NFOD :    300.000   -11.371  0.000000
 Nfod               :  0.0000
 Nfod/Nel           :  0.0000

          eigenvalues
 #    :         164        165        166        167        168        169        170        171
 occ. :        2.000      2.000      2.000      2.000      2.000      2.000      2.000      2.000
 eps  :       -16.290    -16.133    -16.098    -16.041    -15.747    -15.530    -15.456    -14.976
 #    :         172        173        174        175        176        177        178        179
 occ. :        2.000      2.000      2.000      2.000      2.000      0.000      0.000      0.000
 eps  :       -14.885    -14.797    -14.699    -13.253    -12.001    -10.742     -9.878     -8.973
 #    :         180        181        182        183        184        185        186        187
 occ. :        0.000      0.000      0.000      0.000      0.000      0.000      0.000      0.000
 eps  :        -8.639     -8.168     -8.041     -7.719     -7.533     -7.488     -7.159     -6.793
                            1  SCC done.
 making H1...
 cpu time for H      8.591900000000002E-002
 solving ...
 cpu time for diag   2.686600000000000E-002
 
 gap (eV)           :   1.533
 Koopmans IP (eV)   :  11.805
 Eel (Eh)           :  -265.064823
 T,E(Fermi),NFOD :    300.000   -11.039  0.000000
 T,E(Fermi),NFOD :    300.000   -11.039  0.000000
 Nfod               :  0.0000
 Nfod/Nel           :  0.0000

          eigenvalues
 #    :         164        165        166        167        168        169        170        171
 occ. :        2.000      2.000      2.000      2.000      2.000      2.000      2.000      2.000
 eps  :       -15.414    -15.143    -14.936    -14.724    -14.681    -14.626    -14.347    -14.169
 #    :         172        173        174        175        176        177        178        179
 occ. :        2.000      2.000      2.000      2.000      2.000      0.000      0.000      0.000
 eps  :       -14.091    -14.024    -13.777    -12.473    -11.806    -10.273     -9.175     -8.647
 #    :         180        181        182        183        184        185        186        187
 occ. :        0.000      0.000      0.000      0.000      0.000      0.000      0.000      0.000
 eps  :        -8.340     -7.908     -7.796     -7.533     -7.489     -7.222     -6.753     -6.727
                            2  SCC done.
 
 
 Mulliken/CM5 charges    n(s)   n(p)   n(d)   
    1 MG  0.2943  0.7398   0.666  1.040  0.000
    2 C   0.0112  0.0149   1.173  2.816  0.000
    3 C  -0.0354 -0.0788   1.127  2.908  0.000
    4 C  -0.0260 -0.0676   1.129  2.897  0.000
    5 C  -0.0374 -0.0786   1.130  2.908  0.000
    6 N  -0.1398 -0.3766   1.419  3.721  0.000
    7 C   0.0245  0.0842   1.240  2.735  0.000
    8 C  -0.0318 -0.0872   1.227  2.805  0.000
    9 C  -0.0075 -0.0668   1.193  2.814  0.000
   10 C   0.0178  0.0692   1.252  2.730  0.000
   11 C  -0.0951 -0.2437   1.100  2.995  0.000
   12 C  -0.0573 -0.1640   1.163  2.894  0.000
   13 C  -0.0557 -0.1546   1.142  2.914  0.000
   14 C   0.2326  0.2828   1.182  2.586  0.000
   15 O  -0.2662 -0.3177   1.618  4.648  0.000
   16 O  -0.1668 -0.2390   1.495  4.672  0.000
   17 N  -0.2059 -0.4764   1.378  3.827  0.000
   18 C   0.0230  0.0815   1.207  2.771  0.000
   19 C  -0.0439 -0.0491   1.250  2.794  0.000
   20 C  -0.0669 -0.0617   1.226  2.841  0.000
   21 C   0.0431  0.1025   1.203  2.754  0.000
   22 C  -0.0715 -0.2164   1.091  2.981  0.000
   23 C   0.1457  0.1687   1.213  2.641  0.000
   24 O  -0.2457 -0.2951   1.625  4.621  0.000
   25 C  -0.0880 -0.2305   1.091  2.997  0.000
   26 N  -0.1659 -0.4425   1.414  3.751  0.000
   27 C   0.0253  0.0830   1.250  2.725  0.000
   28 C  -0.0290 -0.0873   1.205  2.824  0.000
   29 C  -0.0273 -0.0852   1.206  2.822  0.000
   30 C   0.0195  0.0765   1.242  2.739  0.000
   31 C  -0.0776 -0.2257   1.109  2.969  0.000
   32 C  -0.0456 -0.1541   1.157  2.889  0.000
   33 C  -0.0963 -0.2459   1.096  3.001  0.000
   34 N  -0.2009 -0.4668   1.411  3.789  0.000
   35 C   0.0244  0.0864   1.192  2.783  0.000
   36 C  -0.0227 -0.0284   1.227  2.796  0.000
   37 C  -0.0602 -0.0542   1.195  2.865  0.000
   38 C   0.0139  0.0797   1.212  2.774  0.000
   39 C  -0.0691 -0.2130   1.080  2.989  0.000
   40 C   0.1511  0.1834   1.212  2.637  0.000
   41 O  -0.2103 -0.2527   1.633  4.577  0.000
   42 C  -0.0451 -0.0874   1.189  2.856  0.000
   43 C   0.2423  0.3008   1.152  2.606  0.000
   44 O  -0.2976 -0.3453   1.619  4.679  0.000
   45 O  -0.1395 -0.2278   1.475  4.664  0.000
   46 C   0.0224 -0.1015   1.093  2.885  0.000
   47 C   0.0485 -0.0315   1.133  2.818  0.000
   48 C  -0.0664 -0.1223   1.165  2.902  0.000
   49 C  -0.0137 -0.0366   1.214  2.799  0.000
   50 C  -0.0958 -0.2415   1.082  3.014  0.000
   51 C  -0.0762 -0.1834   1.146  2.930  0.000
   52 C  -0.0763 -0.1870   1.162  2.914  0.000
   53 C  -0.0602 -0.1718   1.159  2.902  0.000
   54 C  -0.0629 -0.1399   1.211  2.852  0.000
   55 C  -0.0933 -0.2437   1.097  2.996  0.000
   56 C  -0.0731 -0.1853   1.163  2.910  0.000
   57 C  -0.0718 -0.1862   1.145  2.927  0.000
   58 C  -0.0656 -0.1763   1.157  2.909  0.000
   59 C  -0.0290 -0.1007   1.219  2.810  0.000
   60 C  -0.1111 -0.2614   1.108  3.003  0.000
   61 C  -0.0735 -0.1837   1.160  2.913  0.000
   62 C  -0.0747 -0.1882   1.152  2.923  0.000
   63 C  -0.0577 -0.1693   1.147  2.911  0.000
   64 C  -0.0186 -0.0979   1.186  2.833  0.000
   65 C  -0.1159 -0.2674   1.112  3.004  0.000
   66 C  -0.1072 -0.2583   1.102  3.005  0.000
   67 H   0.0522  0.1111   0.948  0.000  0.000
   68 H   0.0598  0.1221   0.940  0.000  0.000
   69 H   0.0527  0.1114   0.947  0.000  0.000
   70 H   0.0460  0.1082   0.954  0.000  0.000
   71 H   0.0572  0.1184   0.943  0.000  0.000
   72 H   0.0252  0.0792   0.975  0.000  0.000
   73 H   0.0519  0.1044   0.948  0.000  0.000
   74 H   0.0421  0.0943   0.958  0.000  0.000
   75 H   0.0389  0.0985   0.961  0.000  0.000
   76 H   0.0463  0.1047   0.954  0.000  0.000
   77 H   0.0439  0.1057   0.956  0.000  0.000
   78 H   0.0560  0.1142   0.944  0.000  0.000
   79 H   0.0556  0.1086   0.944  0.000  0.000
   80 H   0.0489  0.1022   0.951  0.000  0.000
   81 H   0.0543  0.1068   0.946  0.000  0.000
   82 H   0.0509  0.1035   0.949  0.000  0.000
   83 H   0.0449  0.1007   0.955  0.000  0.000
   84 H   0.0545  0.1096   0.945  0.000  0.000
   85 H   0.0432  0.1047   0.957  0.000  0.000
   86 H   0.0551  0.1173   0.945  0.000  0.000
   87 H   0.0455  0.0979   0.954  0.000  0.000
   88 H   0.0520  0.1044   0.948  0.000  0.000
   89 H   0.0380  0.0914   0.962  0.000  0.000
   90 H   0.0360  0.0920   0.964  0.000  0.000
   91 H   0.0476  0.1030   0.952  0.000  0.000
   92 H   0.0367  0.0876   0.963  0.000  0.000
   93 H   0.0269  0.0781   0.973  0.000  0.000
   94 H   0.0463  0.0992   0.954  0.000  0.000
   95 H   0.0448  0.0972   0.955  0.000  0.000
   96 H   0.0602  0.1119   0.940  0.000  0.000
   97 H   0.0515  0.1061   0.949  0.000  0.000
   98 H   0.0527  0.1243   0.947  0.000  0.000
   99 H   0.0447  0.1057   0.955  0.000  0.000
  100 H   0.0532  0.1107   0.947  0.000  0.000
  101 H   0.0593  0.1197   0.941  0.000  0.000
  102 H   0.0714  0.1389   0.929  0.000  0.000
  103 H   0.0520  0.1150   0.948  0.000  0.000
  104 H   0.0335  0.0952   0.967  0.000  0.000
  105 H   0.0440  0.0970   0.956  0.000  0.000
  106 H   0.0300  0.0824   0.970  0.000  0.000
  107 H   0.0448  0.0963   0.955  0.000  0.000
  108 H   0.0312  0.0885   0.969  0.000  0.000
  109 H   0.0353  0.0914   0.965  0.000  0.000
  110 H   0.0305  0.0873   0.969  0.000  0.000
  111 H   0.0430  0.1007   0.957  0.000  0.000
  112 H   0.0489  0.1043   0.951  0.000  0.000
  113 H   0.0422  0.0997   0.958  0.000  0.000
  114 H   0.0169  0.0798   0.983  0.000  0.000
  115 H   0.0408  0.0955   0.959  0.000  0.000
  116 H   0.0439  0.0955   0.956  0.000  0.000
  117 H   0.0328  0.0850   0.967  0.000  0.000
  118 H   0.0371  0.0934   0.963  0.000  0.000
  119 H   0.0389  0.0978   0.961  0.000  0.000
  120 H   0.0390  0.0956   0.961  0.000  0.000
  121 H   0.0290  0.0843   0.971  0.000  0.000
  122 H   0.0312  0.0879   0.969  0.000  0.000
  123 H   0.0409  0.0975   0.959  0.000  0.000
  124 H   0.0376  0.0984   0.962  0.000  0.000
  125 H   0.0279  0.0822   0.972  0.000  0.000
  126 H   0.0350  0.0866   0.965  0.000  0.000
  127 H   0.0373  0.0884   0.963  0.000  0.000
  128 H   0.0425  0.0980   0.958  0.000  0.000
  129 H   0.0279  0.0849   0.972  0.000  0.000
  130 H   0.0387  0.0962   0.961  0.000  0.000
  131 H   0.0257  0.0817   0.974  0.000  0.000
  132 H   0.0390  0.0963   0.961  0.000  0.000
  133 H   0.0399  0.0985   0.960  0.000  0.000
  134 H   0.0432  0.1042   0.957  0.000  0.000
  135 H   0.0292  0.0818   0.971  0.000  0.000
  136 H   0.0301  0.0834   0.970  0.000  0.000
  137 H   0.0379  0.0901   0.962  0.000  0.000
  138 H   0.0396  0.0929   0.960  0.000  0.000
  139 H   0.0302  0.0838   0.970  0.000  0.000
  140 H   0.0372  0.0896   0.963  0.000  0.000
 Hirshfeld charges for QMDFF written to <charges>
 
 Loewdin charges    n(s)   n(p)   n(d)
    1 MG  0.1321   0.677  1.191  0.000
    2 C   0.0131   1.132  2.855  0.000
    3 C  -0.0319   1.075  2.957  0.000
    4 C  -0.0224   1.077  2.945  0.000
    5 C  -0.0345   1.077  2.958  0.000
    6 N  -0.1089   1.379  3.730  0.000
    7 C   0.0252   1.205  2.770  0.000
    8 C  -0.0258   1.182  2.844  0.000
    9 C   0.0018   1.144  2.854  0.000
   10 C   0.0235   1.216  2.761  0.000
   11 C  -0.0984   1.029  3.070  0.000
   12 C  -0.0523   1.105  2.947  0.000
   13 C  -0.0563   1.083  2.973  0.000
   14 C   0.2103   1.155  2.635  0.000
   15 O  -0.2509   1.587  4.664  0.000
   16 O  -0.1356   1.464  4.672  0.000
   17 N  -0.1736   1.337  3.837  0.000
   18 C   0.0260   1.169  2.805  0.000
   19 C  -0.0356   1.212  2.824  0.000
   20 C  -0.0743   1.192  2.883  0.000
   21 C   0.0486   1.164  2.788  0.000
   22 C  -0.0714   1.017  3.055  0.000
   23 C   0.1440   1.178  2.678  0.000
   24 O  -0.2305   1.595  4.636  0.000
   25 C  -0.0935   1.018  3.075  0.000
   26 N  -0.1276   1.369  3.759  0.000
   27 C   0.0299   1.214  2.757  0.000
   28 C  -0.0213   1.158  2.863  0.000
   29 C  -0.0202   1.158  2.862  0.000
   30 C   0.0233   1.206  2.771  0.000
   31 C  -0.0780   1.037  3.041  0.000
   32 C  -0.0394   1.098  2.942  0.000
   33 C  -0.0976   1.024  3.074  0.000
   34 N  -0.1703   1.370  3.800  0.000
   35 C   0.0255   1.154  2.821  0.000
   36 C  -0.0145   1.187  2.828  0.000
   37 C  -0.0683   1.159  2.909  0.000
   38 C   0.0178   1.174  2.808  0.000
   39 C  -0.0684   1.005  3.064  0.000
   40 C   0.1448   1.180  2.675  0.000
   41 O  -0.1937   1.603  4.591  0.000
   42 C  -0.0467   1.141  2.906  0.000
   43 C   0.2154   1.125  2.660  0.000
   44 O  -0.2839   1.588  4.696  0.000
   45 O  -0.1013   1.437  4.664  0.000
   46 C   0.0155   1.023  2.962  0.000
   47 C   0.0489   1.075  2.876  0.000
   48 C  -0.0659   1.116  2.950  0.000
   49 C  -0.0021   1.172  2.830  0.000
   50 C  -0.1001   1.009  3.091  0.000
   51 C  -0.0748   1.088  2.987  0.000
   52 C  -0.0727   1.105  2.968  0.000
   53 C  -0.0545   1.100  2.954  0.000
   54 C  -0.0557   1.165  2.890  0.000
   55 C  -0.0953   1.025  3.070  0.000
   56 C  -0.0704   1.106  2.964  0.000
   57 C  -0.0684   1.087  2.982  0.000
   58 C  -0.0628   1.099  2.964  0.000
   59 C  -0.0196   1.173  2.846  0.000
   60 C  -0.1154   1.038  3.077  0.000
   61 C  -0.0713   1.103  2.968  0.000
   62 C  -0.0724   1.094  2.978  0.000
   63 C  -0.0557   1.088  2.967  0.000
   64 C  -0.0072   1.136  2.872  0.000
   65 C  -0.1216   1.042  3.079  0.000
   66 C  -0.1118   1.032  3.080  0.000
   67 H   0.0477   0.952  0.000  0.000
   68 H   0.0530   0.947  0.000  0.000
   69 H   0.0474   0.953  0.000  0.000
   70 H   0.0406   0.959  0.000  0.000
   71 H   0.0512   0.949  0.000  0.000
   72 H   0.0273   0.973  0.000  0.000
   73 H   0.0511   0.949  0.000  0.000
   74 H   0.0415   0.959  0.000  0.000
   75 H   0.0352   0.965  0.000  0.000
   76 H   0.0431   0.957  0.000  0.000
   77 H   0.0405   0.959  0.000  0.000
   78 H   0.0526   0.947  0.000  0.000
   79 H   0.0543   0.946  0.000  0.000
   80 H   0.0476   0.952  0.000  0.000
   81 H   0.0526   0.947  0.000  0.000
   82 H   0.0511   0.949  0.000  0.000
   83 H   0.0432   0.957  0.000  0.000
   84 H   0.0536   0.946  0.000  0.000
   85 H   0.0380   0.962  0.000  0.000
   86 H   0.0496   0.950  0.000  0.000
   87 H   0.0443   0.956  0.000  0.000
   88 H   0.0500   0.950  0.000  0.000
   89 H   0.0381   0.962  0.000  0.000
   90 H   0.0332   0.967  0.000  0.000
   91 H   0.0442   0.956  0.000  0.000
   92 H   0.0364   0.964  0.000  0.000
   93 H   0.0279   0.972  0.000  0.000
   94 H   0.0479   0.952  0.000  0.000
   95 H   0.0443   0.956  0.000  0.000
   96 H   0.0576   0.942  0.000  0.000
   97 H   0.0492   0.951  0.000  0.000
   98 H   0.0454   0.955  0.000  0.000
   99 H   0.0415   0.959  0.000  0.000
  100 H   0.0495   0.950  0.000  0.000
  101 H   0.0544   0.946  0.000  0.000
  102 H   0.0627   0.937  0.000  0.000
  103 H   0.0455   0.955  0.000  0.000
  104 H   0.0268   0.973  0.000  0.000
  105 H   0.0440   0.956  0.000  0.000
  106 H   0.0308   0.969  0.000  0.000
  107 H   0.0443   0.956  0.000  0.000
  108 H   0.0297   0.970  0.000  0.000
  109 H   0.0330   0.967  0.000  0.000
  110 H   0.0284   0.972  0.000  0.000
  111 H   0.0404   0.960  0.000  0.000
  112 H   0.0459   0.954  0.000  0.000
  113 H   0.0391   0.961  0.000  0.000
  114 H   0.0144   0.986  0.000  0.000
  115 H   0.0408   0.959  0.000  0.000
  116 H   0.0426   0.957  0.000  0.000
  117 H   0.0334   0.967  0.000  0.000
  118 H   0.0346   0.965  0.000  0.000
  119 H   0.0371   0.963  0.000  0.000
  120 H   0.0379   0.962  0.000  0.000
  121 H   0.0277   0.972  0.000  0.000
  122 H   0.0293   0.971  0.000  0.000
  123 H   0.0387   0.961  0.000  0.000
  124 H   0.0330   0.967  0.000  0.000
  125 H   0.0296   0.970  0.000  0.000
  126 H   0.0354   0.965  0.000  0.000
  127 H   0.0370   0.963  0.000  0.000
  128 H   0.0400   0.960  0.000  0.000
  129 H   0.0268   0.973  0.000  0.000
  130 H   0.0381   0.962  0.000  0.000
  131 H   0.0242   0.976  0.000  0.000
  132 H   0.0367   0.963  0.000  0.000
  133 H   0.0384   0.962  0.000  0.000
  134 H   0.0394   0.961  0.000  0.000
  135 H   0.0299   0.970  0.000  0.000
  136 H   0.0315   0.968  0.000  0.000
  137 H   0.0384   0.962  0.000  0.000
  138 H   0.0391   0.961  0.000  0.000
  139 H   0.0316   0.968  0.000  0.000
  140 H   0.0377   0.962  0.000  0.000
 
 Wiberg/Mayer (AO) data. WBOs > 0.1 written file <wbo>
 largest (>0.05) Wiberg bond orders for each atom
           total WBO             WBO to atom ...
     1  MG  2.549    N   17 0.531    N   34 0.474    N   26 0.415    N    6 0.387    C   21 0.055    C   27 0.055    C   18 0.054    C   38 0.054    C   10 0.054
     2  C   3.894    C    7 1.433    C   38 1.191    C   42 0.960
     3  C   3.918    C   10 1.416    C   18 1.266    H   67 0.938
     4  C   3.925    C   27 1.361    C   21 1.322    H   68 0.934
     5  C   3.926    C   30 1.387    C   35 1.340    H   69 0.935
     6  N   3.323    C    7 1.233    C   10 1.228    MG   1 0.387    C   38 0.051
     7  C   3.860    C    2 1.433    N    6 1.233    C    8 0.919
     8  C   3.917    C    9 0.946    H   70 0.941    C   12 0.936    C    7 0.919
     9  C   3.936    C   11 0.984    C    8 0.946    H   71 0.937    C   10 0.932
    10  C   3.840    C    3 1.416    N    6 1.228    C    9 0.932    MG   1 0.054
    11  C   3.963    C    9 0.984    H   74 0.974    H   72 0.972    H   73 0.967
    12  C   3.945    C   13 0.982    H   75 0.966    H   76 0.961    C    8 0.936
    13  C   3.962    C   12 0.982    H   77 0.952    H   78 0.944    C   14 0.936    O   15 0.083
    14  C   3.890    O   15 1.852    O   16 1.056    C   13 0.936
    15  O   2.153    C   14 1.852    O   16 0.157    C   13 0.083
    16  O   2.266    C   14 1.056    C   47 0.948    O   15 0.157
    17  N   3.318    C   18 1.172    C   21 1.158    MG   1 0.531    C   20 0.064
    18  C   3.864    C    3 1.266    N   17 1.172    C   19 1.161    MG   1 0.054
    19  C   3.841    C   20 1.416    C   18 1.161    C   22 0.977    O   24 0.061
    20  C   3.864    C   19 1.416    C   21 1.119    C   23 0.984    O   24 0.082    N   17 0.064
    21  C   3.873    C    4 1.322    N   17 1.158    C   20 1.119    MG   1 0.055
    22  C   3.979    H   81 0.978    C   19 0.977    H   80 0.971    H   79 0.964
    23  C   3.880    O   24 1.833    C   20 0.984    C   25 0.966
    24  O   2.157    C   23 1.833    C   20 0.082    C   25 0.072    C   19 0.061
    25  C   3.981    H   83 0.972    C   23 0.966    H   82 0.961    H   84 0.954    O   24 0.072
    26  N   3.359    C   27 1.266    C   30 1.230    MG   1 0.415
    27  C   3.833    C    4 1.361    N   26 1.266    C   28 0.916    MG   1 0.055
    28  C   3.928    C   29 0.961    C   31 0.961    H   85 0.947    C   27 0.916
    29  C   3.928    C   28 0.961    C   32 0.952    H   86 0.931    C   30 0.929
    30  C   3.836    C    5 1.387    N   26 1.230    C   29 0.929    C   36 0.053
    31  C   3.972    H   87 0.983    H   89 0.980    H   88 0.979    C   28 0.961
    32  C   3.947    C   33 0.988    H   90 0.969    H   91 0.964    C   29 0.952
    33  C   3.974    C   32 0.988    H   93 0.986    H   92 0.985    H   94 0.971
    34  N   3.288    C   38 1.205    C   35 1.153    MG   1 0.474    C   37 0.060    C   36 0.053
    35  C   3.876    C    5 1.340    N   34 1.153    C   36 1.137
    36  C   3.843    C   37 1.397    C   35 1.137    C   39 0.992    N   34 0.053    C   30 0.053    O   41 0.051
    37  C   3.903    C   36 1.397    C   38 1.165    C   40 1.023    O   41 0.075    N   34 0.060
    38  C   3.872    N   34 1.205    C    2 1.191    C   37 1.165    MG   1 0.054    N    6 0.051
    39  C   3.976    C   36 0.992    H   97 0.975    H   96 0.969    H   95 0.964
    40  C   3.876    O   41 1.863    C   37 1.023    C   42 0.836
    41  O   2.203    C   40 1.863    C   42 0.088    C   37 0.075    C   36 0.051
    42  C   3.945    C    2 0.960    H   98 0.927    C   43 0.923    C   40 0.836    O   41 0.088    O   44 0.070
    43  C   3.905    O   44 1.786    O   45 1.124    C   42 0.923
    44  O   2.107    C   43 1.786    O   45 0.169    C   42 0.070
    45  O   2.327    C   43 1.124    C   46 0.960    O   44 0.169
    46  C   3.937    H   99 0.989    H  100 0.989    H  101 0.980    O   45 0.960
    47  C   3.932    C   48 0.990    H  103 0.968    H  102 0.953    O   16 0.948
    48  C   3.953    C   49 1.878    C   47 0.990    H  104 0.941
    49  C   3.931    C   48 1.878    C   50 0.986    C   51 0.973
    50  C   3.985    C   49 0.986    H  106 0.975    H  107 0.970    H  105 0.966
    51  C   3.965    C   49 0.973    H  109 0.965    H  108 0.962    C   52 0.960
    52  C   3.962    C   53 0.979    H  110 0.975    H  111 0.965    C   51 0.960
    53  C   3.964    C   52 0.979    C   54 0.975    H  113 0.962    H  112 0.959
    54  C   3.926    C   55 0.978    C   53 0.975    H  114 0.958    C   56 0.957
    55  C   3.983    H  116 0.983    H  117 0.982    H  115 0.979    C   54 0.978
    56  C   3.964    C   57 0.982    H  118 0.966    H  119 0.964    C   54 0.957
    57  C   3.957    C   58 0.989    C   56 0.982    H  121 0.966    H  120 0.960
    58  C   3.960    C   57 0.989    H  122 0.963    C   59 0.962    H  123 0.958
    59  C   3.931    C   60 0.979    C   61 0.967    C   58 0.962    H  124 0.951
    60  C   3.976    H  127 0.981    C   59 0.979    H  126 0.979    H  125 0.978
    61  C   3.959    C   62 0.982    C   59 0.967    H  129 0.963    H  128 0.961
    62  C   3.962    C   63 0.986    C   61 0.982    H  131 0.966    H  130 0.954
    63  C   3.970    C   64 0.993    C   62 0.986    H  132 0.955    H  133 0.950
    64  C   3.953    C   66 0.993    C   63 0.993    C   65 0.980    H  134 0.946
    65  C   3.979    H  135 0.984    C   64 0.980    H  136 0.976    H  137 0.975
    66  C   3.983    C   64 0.993    H  138 0.978    H  140 0.975    H  139 0.974
    67  H   0.994    C    3 0.938
    68  H   0.993    C    4 0.934
    69  H   0.993    C    5 0.935
    70  H   0.996    C    8 0.941
    71  H   0.993    C    9 0.937
    72  H   0.998    C   11 0.972
    73  H   0.996    C   11 0.967
    74  H   0.997    C   11 0.974
    75  H   0.997    C   12 0.966
    76  H   0.996    C   12 0.961
    77  H   0.997    C   13 0.952
    78  H   0.997    C   13 0.944
    79  H   0.993    C   22 0.964
    80  H   0.994    C   22 0.971
    81  H   0.995    C   22 0.978
    82  H   0.997    C   25 0.961
    83  H   0.995    C   25 0.972
    84  H   0.996    C   25 0.954
    85  H   0.995    C   28 0.947
    86  H   0.995    C   29 0.931
    87  H   0.997    C   31 0.983
    88  H   0.995    C   31 0.979
    89  H   0.997    C   31 0.980
    90  H   0.996    C   32 0.969
    91  H   0.996    C   32 0.964
    92  H   0.998    C   33 0.985
    93  H   0.998    C   33 0.986
    94  H   0.998    C   33 0.971
    95  H   0.992    C   39 0.964
    96  H   0.992    C   39 0.969
    97  H   0.996    C   39 0.975
    98  H   0.993    C   42 0.927
    99  H   0.998    C   46 0.989
   100  H   0.997    C   46 0.989
   101  H   0.996    C   46 0.980
   102  H   0.994    C   47 0.953
   103  H   0.997    C   47 0.968
   104  H   0.999    C   48 0.941
   105  H   0.998    C   50 0.966
   106  H   0.999    C   50 0.975
   107  H   0.998    C   50 0.970
   108  H   0.998    C   51 0.962
   109  H   0.999    C   51 0.965
   110  H   0.999    C   52 0.975
   111  H   0.998    C   52 0.965
   112  H   0.998    C   53 0.959
   113  H   0.996    C   53 0.962
   114  H   0.999    C   54 0.958
   115  H   0.998    C   55 0.979
   116  H   0.998    C   55 0.983
   117  H   0.999    C   55 0.982
   118  H   0.998    C   56 0.966
   119  H   0.998    C   56 0.964
   120  H   0.998    C   57 0.960
   121  H   0.998    C   57 0.966
   122  H   0.998    C   58 0.963
   123  H   0.998    C   58 0.958
   124  H   0.999    C   59 0.951
   125  H   0.999    C   60 0.978
   126  H   0.999    C   60 0.979
   127  H   0.998    C   60 0.981
   128  H   0.997    C   61 0.961
   129  H   0.999    C   61 0.963
   130  H   0.998    C   62 0.954
   131  H   0.999    C   62 0.966
   132  H   0.997    C   63 0.955
   133  H   0.998    C   63 0.950
   134  H   0.998    C   64 0.946
   135  H   0.999    C   65 0.984
   136  H   0.999    C   65 0.976
   137  H   0.998    C   65 0.975
   138  H   0.998    C   66 0.978
   139  H   0.999    C   66 0.974
   140  H   0.999    C   66 0.975
 
 --------------------------------------------
          xTB calculation for sTDA...
 --------------------------------------------
 
 reading parameter file ~/.param_stda2.xtb
 
      method parameters     
 k(s)        :  1.6000
 k(p)        :  2.1800
 k(d)        :  1.9500
 k(f)        :  2.0000
 k(R-V)      :  2.2750
 k(R-R)      :  1.7650
 Tscal       :  0.2580
 Gscal       :  1.0000
 fpol        :  1.0000
 Zcnf        :  0.3430
 Zqf         :  0.0000
 kcn         :  2.7000
 Ryd Hsplit  :  0.7000
 lshift(virt):  3.1000
 lshift(OS)  :  0.2000
 wllscaling  :  2.6000
 
 mowrcut     : 3.000
 
  Z AO/shell   Hii/eV     exponent
  1     Sun Feb 14 09:53:25 CET 2016    EN: 2.327 GAM: 0.473  GM3: 0.0000
     1s    -14.339618    1.220000
     2sp    -3.348946    0.600000
  6     Sun Feb 14 09:53:25 CET 2016    EN: 2.731 GAM: 0.422  GM3: 0.0000
     2s    -22.009312    1.565095
     2p    -13.020408    1.596905
     3sp    -3.914040    0.824500
  7     Sun Feb 14 09:53:25 CET 2016    EN: 3.573 GAM: 0.504  GM3: 0.0000
     2s    -25.722000    2.064844
     2p    -18.684912    1.801692
     3sp    -4.344791    0.921400
  8     Sun Feb 14 09:53:25 CET 2016    EN: 3.700 GAM: 0.587  GM3: 0.0000
     2s    -33.859000    2.418661
     2p    -22.175911    1.973969
     3sp    -4.259392    1.013700
 12     Sun Feb 21 16:58:31 CET 2016    EN: 0.033 GAM: 0.222  GM3: 0.0000
     3s    -11.092543    1.647583
     3p     -6.929529    0.855020
 
 Nbf   :          894
 T(el) :     0.0
 calculating S/T integrals ...
 cpu time for ints    1.15963400000000     
 Nao   :          894
 making H0...
 making H1...
 cpu time for H      2.212400000000003E-002
 solving ...
 cpu time for diag   0.307941000000000     
 
 gap (eV)           :   4.603
 Koopmans IP (eV)   :  13.097
 Eel (Eh)           :  -300.608988

          eigenvalues
 #    :         164        165        166        167        168        169        170        171
 occ. :        2.000      2.000      2.000      2.000      2.000      2.000      2.000      2.000
 eps  :       -17.351    -17.279    -16.685    -16.410    -16.326    -16.132    -15.911    -15.655
 #    :         172        173        174        175        176        177        178        179
 occ. :        2.000      2.000      2.000      2.000      2.000      0.000      0.000      0.000
 eps  :       -15.429    -15.330    -15.108    -13.868    -13.098     -8.495     -6.967     -6.914
 #    :         180        181        182        183        184        185        186        187
 occ. :        0.000      0.000      0.000      0.000      0.000      0.000      0.000      0.000
 eps  :        -6.290     -6.056     -5.762     -5.665     -5.342     -5.296     -5.088     -4.977
                            1  SCC done.
 writing mo output ...
 molden style : F
 
speedup  1.14
cpu  time for all    2.00 s
wall time for all    1.75 s
