 
        ______________________________________
       |                                      |
       |          ===================         |
       |             xTB for sTDA             |
       |          ===================         |
       |               S. Grimme              |
       |        Universitaet Bonn, MCTC       |
       |         2015-19, Version 1.0         |
       |     Wed Apr  3 09:14:55 CEST 2019    |
       |______________________________________|
 
        This code comes without any warranty
        for non-commercial, academia use only.
        Preliminary test version.
        Cite this work as:
        S. Grimme  &  C. Bannwarth, JCP 145 (2016) 054103
        if GBSA is used additionally:
        P. Shushkov, F. März, C. Bannwarth, S. Grimme, unpublished.
 
        with help from
        P. Shushkov, G. Brandenburg, S. Dohm, J. Pisarek,
        F. März, M. Checinski, S. Ehrlich, S. Spicher, 
        P. Pracht, E. Caldeweyher, S. Ehlert, and C. Bannwarth.
 
        usage        :
        xtb4stda <coord_file> [options]
        where <coord_file> is a valid file of TM)
        (*coord, Bohr) or xmol (*xyz, Angstroem)
        format.

        options:
        -chrg <int>   : molecular charge
        -uhf  <int>   : # of unpaired electrons(=2*S)
        -nox          : skip second, extended part in sTDA-xTB
        -pop          : do population analysis
                      : (default for -nox)
        -mowr <real>  : cut MO write above (def.3 Eh)
        -molden       : write formatted molden file
        -parx <file>  : read parameters for sTDA-xTB
                        calc (def:~/.param_stda2.xtb)
        -parv <file>  : read parameters for vTB part in
                        sTDA-xTB (def: ~/.param_stda1.xtb)
        -xtemp <real> : el. temp for xTB (def. 0 K)
        -etemp <real> : el. temp for GFN (def. 300 K)
        -fod          : calculate the FOD and write
                        molden.input file with
                        appropriate occupations
                        for plotting. Def. T=12500 K
 
        -acc <real>   : xTB accuracy (def. 1.0)
        -gbsa [string1] [string2]
                        use GBSA implicit solvent
                        for solvent [string1] and
                        solvation state [string2]=
                        reference, bar1M (default=1M)
        additional GFN/opt/MD/siman options read from
        $XTB4STDAHOME/.xtb4stdarc or $set in input
 
       spin and charge state information can be on:
       <.CHRG> (charge) and <.UHF> (=nalpha-nbeta)
       -uhf and -chrg override the file info.
       useful machine settings:
       setenv MKL_NUM_THREADS <NCORE_ON_YOUR_MACHINE>
       setenv OMP_STACKSIZE 500m
       limit stacksize unlimited
 
       total energies in Eh, gaps/HL energies in eV
       please read REVISION and HOWTO files carefully
 =============================
  # OMP threads =           4
 =============================
 
 xtb4stdahome directory:~/
 
 
 name of molecule           :
 comment line               :
 number of atoms            :   140
 number of electrons        :   352
 charge                     :  0
 spin                       : 0.0
 first test random number   :  0.2070
 
 -----------------------------------------
      charge density (VTB) calculation
 -----------------------------------------
 
      method parameters     
 k(s)        :  1.8000
 k(p)        :  2.8350
 k(d)        :  2.0860
 k(f)        :  2.0000
 Tscal       :  0.3300
 Gscal       :  0.3910
 fpol        :  1.0000
 Zcnf        :  0.6500
 Zqf         :  0.0000
 kcn         :  0.3000
 kEN1        : -0.5900
 wllscal     :  2.6000
 
     -------------------------
     ! NO SOLVENT MODEL USED !
     -------------------------
 
 doing EN charges ...
 sum q :  0.1998401D-14
 point charge moment (au)
     X       Y       Z   
   0.6412  -0.0673   0.2772  total (Debye):    1.784
 
            Z      q(EN)   CN      Cart. coordinates
     1  MG  2.0   0.945   4.984    90.69929    28.99784    54.16899
     2  C   4.0   0.024   3.266    86.62315    28.65014    59.44322
     3  C   4.0  -0.057   3.165    94.50708    32.76974    57.57428
     4  C   4.0  -0.055   3.195    94.35969    29.60823    49.05351
     5  C   4.0  -0.054   3.180    86.17150    26.24640    50.58418
     6  N   5.0  -0.388   3.151    90.43095    30.53986    57.90498
     7  C   4.0   0.085   3.447    88.89838    29.89546    59.94967
     8  C   4.0  -0.094   4.154    89.60136    31.23150    62.40631
     9  C   4.0  -0.095   4.151    91.62903    33.12123    61.45578
    10  C   4.0   0.095   3.462    92.27721    32.01385    58.86874
    11  C   4.0  -0.237   4.030    90.75976    35.96148    60.97201
    12  C   4.0  -0.162   4.072    90.57834    29.20382    64.26958
    13  C   4.0  -0.167   4.027    90.00198    29.67248    67.16842
    14  C   4.0   0.187   3.085    92.40004    29.66303    68.86728
    15  O   6.0  -0.105   1.051    94.11402    28.17959    68.52524
    16  O   6.0  -0.114   2.021    92.58334    31.53008    70.60394
    17  N   5.0  -0.451   3.243    94.28032    30.48506    53.60775
    18  C   4.0   0.083   3.448    95.45951    32.05920    55.24803
    19  C   4.0   0.012   3.256    97.87080    32.88312    54.02349
    20  C   4.0   0.004   3.286    97.88025    31.76818    51.63487
    21  C   4.0   0.086   3.484    95.41037    30.56821    51.32496
    22  C   4.0  -0.246   4.019    99.90792    34.47994    55.30283
    23  C   4.0   0.111   3.050    99.82666    31.92125    49.56940
    24  O   6.0  -0.105   1.059    99.52431    30.82899    47.55873
    25  C   4.0  -0.246   4.023   102.29087    33.43492    49.95868
    26  N   5.0  -0.446   3.166    90.10969    28.72761    50.25537
    27  C   4.0   0.115   3.529    91.97674    28.67470    48.65288
    28  C   4.0  -0.096   4.184    91.26242    27.74307    46.03372
    29  C   4.0  -0.095   4.160    88.59980    26.50530    46.46647
    30  C   4.0   0.081   3.523    88.26532    27.17993    49.31618
    31  C   4.0  -0.236   4.036    91.28321    29.63279    43.87755
    32  C   4.0  -0.162   4.037    88.35603    23.71228    45.78806
    33  C   4.0  -0.238   4.001    89.73742    22.58600    43.45236
    34  N   5.0  -0.459   3.309    87.04078    27.51063    54.79449
    35  C   4.0   0.096   3.513    85.43073    26.56577    53.10130
    36  C   4.0   0.020   3.285    83.08558    26.00830    54.36553
    37  C   4.0   0.000   3.487    83.56935    26.55821    56.88075
    38  C   4.0   0.099   3.716    86.02599    27.65614    57.04327
    39  C   4.0  -0.248   4.035    80.74232    24.76486    53.50381
    40  C   4.0   0.115   3.220    82.44496    26.57522    59.38275
    41  O   6.0  -0.104   1.046    80.49477    25.75130    60.23879
    42  C   4.0  -0.116   4.216    84.37626    28.01519    61.12508
    43  C   4.0   0.170   3.156    82.87393    30.15058    62.09450
    44  O   6.0  -0.091   1.047    82.28812    32.06865    60.88319
    45  O   6.0  -0.109   2.020    82.42040    29.94649    64.64941
    46  C   4.0  -0.201   4.010    81.65128    32.29542    66.02136
    47  C   4.0  -0.140   4.046    94.90771    31.30331    72.28580
    48  C   4.0  -0.057   3.099    94.97385    33.75428    73.82214
    49  C   4.0   0.020   3.074    96.89381    34.90702    75.01456
    50  C   4.0  -0.248   4.048    99.51297    33.62578    75.23188
    51  C   4.0  -0.180   4.107    96.87113    37.52807    75.99533
    52  C   4.0  -0.164   4.064    98.47929    39.51606    74.77079
    53  C   4.0  -0.167   4.108    99.93060    41.09398    76.58303
    54  C   4.0  -0.088   4.063   101.26285    43.41456    75.68541
    55  C   4.0  -0.240   4.067   102.12457    44.95280    78.02300
    56  C   4.0  -0.165   4.081    99.88902    45.24571    73.90907
    57  C   4.0  -0.162   4.031    99.97973    44.57108    71.13684
    58  C   4.0  -0.164   4.070   100.15925    46.99559    69.28680
    59  C   4.0  -0.089   4.062    99.89847    46.28506    66.50135
    60  C   4.0  -0.238   4.041   102.14914    47.44913    64.93476
    61  C   4.0  -0.163   4.067    97.39459    47.10520    65.49412
    62  C   4.0  -0.163   4.045    96.78231    45.43846    63.00346
    63  C   4.0  -0.164   4.078    96.62169    46.99182    60.46934
    64  C   4.0  -0.088   4.039    97.62891    45.30429    58.34718
    65  C   4.0  -0.240   4.065   100.37279    46.16412    57.94845
    66  C   4.0  -0.239   4.038    96.03398    45.43657    55.90754
    67  H   1.0   0.071   1.007    95.80911    33.81665    58.78559
    68  H   1.0   0.072   1.008    95.57100    29.33044    47.40755
    69  H   1.0   0.071   1.009    84.92995    25.33367    49.21224
    70  H   1.0   0.085   1.007    87.97808    32.18392    63.24157
    71  H   1.0   0.084   1.006    93.24853    33.05698    62.72567
    72  H   1.0   0.080   0.996    90.60102    36.89123    59.14086
    73  H   1.0   0.080   1.000    92.33012    37.05753    61.73168
    74  H   1.0   0.080   0.999    88.90027    36.16935    61.83372
    75  H   1.0   0.083   1.006    92.62681    29.19627    64.05037
    76  H   1.0   0.082   1.002    90.03788    27.29898    63.69699
    77  H   1.0   0.081   1.003    88.84358    28.17392    67.97911
    78  H   1.0   0.082   1.003    89.05145    31.49795    67.23834
    79  H   1.0   0.081   1.001   101.67481    33.52941    54.83796
    80  H   1.0   0.080   0.998    99.57911    34.73505    57.32106
    81  H   1.0   0.080   0.999   100.05343    36.29786    54.34663
    82  H   1.0   0.081   0.999   101.86568    35.27740    50.77316
    83  H   1.0   0.080   0.997   103.35289    33.74106    48.22014
    84  H   1.0   0.080   0.999   103.50974    32.24628    51.12087
    85  H   1.0   0.086   1.013    92.29044    26.03097    45.53106
    86  H   1.0   0.085   1.008    87.14660    27.47284    45.37421
    87  H   1.0   0.080   0.998    89.54466    30.72505    43.69802
    88  H   1.0   0.080   0.998    91.78966    28.77864    42.07286
    89  H   1.0   0.081   1.001    92.83468    30.92537    44.27817
    90  H   1.0   0.082   1.004    86.40016    23.12647    45.51783
    91  H   1.0   0.082   1.008    89.14971    22.83167    47.47370
    92  H   1.0   0.080   0.998    90.25142    24.06188    42.10876
    93  H   1.0   0.080   0.998    88.50909    21.21028    42.53584
    94  H   1.0   0.080   0.997    91.43439    21.51264    43.90967
    95  H   1.0   0.081   1.000    80.99554    22.72206    53.52271
    96  H   1.0   0.080   1.000    80.46642    25.21272    51.51204
    97  H   1.0   0.080   0.998    79.07936    25.14847    54.65654
    98  H   1.0   0.085   1.008    84.98098    26.66970    62.56316
    99  H   1.0   0.080   0.995    81.61348    31.82865    68.02824
   100  H   1.0   0.080   0.996    79.71431    32.77919    65.51491
   101  H   1.0   0.080   0.996    82.85881    33.92247    65.65097
   102  H   1.0   0.082   1.008    96.64814    31.64535    71.23889
   103  H   1.0   0.081   1.000    95.15715    29.71783    73.57837
   104  H   1.0   0.070   1.006    93.26176    34.89946    73.77490
   105  H   1.0   0.080   0.998    99.52620    31.72472    74.43442
   106  H   1.0   0.080   0.997   100.07800    33.20060    77.16696
   107  H   1.0   0.080   0.999   100.88680    34.71238    74.14718
   108  H   1.0   0.083   1.006    97.23396    37.56397    78.02300
   109  H   1.0   0.083   1.010    94.88125    38.01940    75.80447
   110  H   1.0   0.083   1.012    96.97507    40.66123    73.95443
   111  H   1.0   0.083   1.005    99.70194    38.63356    73.36861
   112  H   1.0   0.084   1.009   101.39514    39.82786    77.28412
   113  H   1.0   0.083   1.006    98.70228    41.52862    78.17796
   114  H   1.0   0.083   1.011   102.98062    42.68135    74.81425
   115  H   1.0   0.081   0.998   102.13780    43.88700    79.78612
   116  H   1.0   0.081   1.002   100.76586    46.49860    78.10615
   117  H   1.0   0.080   0.997   103.96516    45.83152    77.73010
   118  H   1.0   0.083   1.004   100.53909    47.16756    74.26056
   119  H   1.0   0.083   1.005    97.95205    45.30051    74.60827
   120  H   1.0   0.082   1.003    98.29410    43.54118    70.55481
   121  H   1.0   0.082   1.003   101.59545    43.34842    70.76646
   122  H   1.0   0.082   1.003   101.99985    47.86865    69.58916
   123  H   1.0   0.082   1.002    98.79487    48.37887    69.96899
   124  H   1.0   0.084   1.010   100.09500    44.24793    66.27836
   125  H   1.0   0.081   0.999   101.37435    48.88532    63.67621
   126  H   1.0   0.081   0.999   103.13746    45.87310    64.05226
   127  H   1.0   0.080   0.998   103.53431    48.44312    66.09128
   128  H   1.0   0.082   1.001    97.17538    49.10075    65.03303
   129  H   1.0   0.083   1.007    96.13414    46.58363    67.03803
   130  H   1.0   0.082   1.002    94.96440    44.56919    63.42676
   131  H   1.0   0.082   1.002    98.09378    43.85487    62.87496
   132  H   1.0   0.082   1.002    97.60624    48.80028    60.52981
   133  H   1.0   0.082   1.004    94.62425    47.33764    60.10462
   134  H   1.0   0.083   1.010    97.68560    43.26339    58.61363
   135  H   1.0   0.081   0.998   100.53909    47.47559    56.36864
   136  H   1.0   0.081   0.997   101.75418    44.64667    57.78215
   137  H   1.0   0.081   0.998   101.34222    47.23937    59.41487
   138  H   1.0   0.080   0.998    94.05355    45.01327    56.27982
   139  H   1.0   0.080   0.997    96.62547    44.10998    54.44678
   140  H   1.0   0.080   0.999    96.44594    47.18457    54.89654
 
  Z AO/shell   Hii/eV     exponent
  1     Sat Feb 20 21:38:01 CET 2016    EN: 2.327 GAM: 0.473  GM3: 0.0000
     1s    -13.751157    1.051071
  6     Sat Feb 20 21:38:01 CET 2016    EN: 2.731 GAM: 0.422  GM3: 0.0000
     2s    -19.378245    2.021003
     2p    -11.993376    1.497917
  7     Sat Feb 20 21:38:01 CET 2016    EN: 3.573 GAM: 0.504  GM3: 0.0000
     2s    -21.576984    2.275442
     2p    -16.125120    2.056788
  8     Sat Feb 20 21:38:01 CET 2016    EN: 3.700 GAM: 0.587  GM3: 0.0000
     2s    -21.648843    2.110798
     2p    -17.239740    2.329048
 12     Sat Feb 20 23:25:47 CET 2016    EN: 0.033 GAM: 0.222  GM3: 0.0000
     3s    -12.693633    1.302878
     3p     -8.128821    0.504252
 
 dipole moment of classical point charges (au)
     X       Y       Z   
   0.6412  -0.0673   0.2772  total (Debye):    1.784

 
 Nbf   :          338
 T(el) :   300.0
 calculating S/T integrals ...
 cpu time for ints   0.125394000000000     
 Nao   :          338
 making H0...
 making H1...
 cpu time for H      9.537999999999991E-003
 solving ...
 cpu time for diag   6.729000000000002E-002
 
 gap (eV)           :   1.374
 Koopmans IP (eV)   :  12.001
 Eel (Eh)           :  -268.674284
 T,E(Fermi),NFOD :    300.000   -11.314  0.000000
 T,E(Fermi),NFOD :    300.000   -11.314  0.000000
 Nfod               :  0.0000
 Nfod/Nel           :  0.0000

          eigenvalues
 #    :         164        165        166        167        168        169        170        171
 occ. :        2.000      2.000      2.000      2.000      2.000      2.000      2.000      2.000
 eps  :       -16.387    -16.293    -16.022    -15.885    -15.660    -15.439    -15.322    -14.967
 #    :         172        173        174        175        176        177        178        179
 occ. :        2.000      2.000      2.000      2.000      2.000      0.000      0.000      0.000
 eps  :       -14.919    -14.769    -14.714    -13.200    -12.002    -10.628     -9.694     -8.609
 #    :         180        181        182        183        184        185        186        187
 occ. :        0.000      0.000      0.000      0.000      0.000      0.000      0.000      0.000
 eps  :        -8.408     -8.149     -7.911     -7.592     -7.432     -7.359     -7.279     -6.922
                            1  SCC done.
 making H1...
 cpu time for H      8.301500000000001E-002
 solving ...
 cpu time for diag   2.581500000000003E-002
 
 gap (eV)           :   1.505
 Koopmans IP (eV)   :  11.855
 Eel (Eh)           :  -266.377618
 T,E(Fermi),NFOD :    300.000   -11.103  0.000000
 T,E(Fermi),NFOD :    300.000   -11.103  0.000000
 Nfod               :  0.0000
 Nfod/Nel           :  0.0000

          eigenvalues
 #    :         164        165        166        167        168        169        170        171
 occ. :        2.000      2.000      2.000      2.000      2.000      2.000      2.000      2.000
 eps  :       -15.272    -15.222    -15.062    -14.782    -14.602    -14.524    -14.452    -14.348
 #    :         172        173        174        175        176        177        178        179
 occ. :        2.000      2.000      2.000      2.000      2.000      0.000      0.000      0.000
 eps  :       -14.222    -13.968    -13.828    -12.711    -11.856    -10.351     -9.169     -8.446
 #    :         180        181        182        183        184        185        186        187
 occ. :        0.000      0.000      0.000      0.000      0.000      0.000      0.000      0.000
 eps  :        -8.221     -7.956     -7.902     -7.544     -7.434     -7.288     -7.057     -6.832
                            2  SCC done.
 
 
 Mulliken/CM5 charges    n(s)   n(p)   n(d)   
    1 MG  0.3080  0.7871   0.662  1.030  0.000
    2 C   0.0168  0.0205   1.182  2.802  0.000
    3 C  -0.0401 -0.0820   1.125  2.915  0.000
    4 C  -0.0389 -0.0793   1.124  2.915  0.000
    5 C  -0.0273 -0.0684   1.123  2.904  0.000
    6 N  -0.1496 -0.4148   1.427  3.723  0.000
    7 C   0.0176  0.0747   1.242  2.740  0.000
    8 C  -0.0066 -0.0626   1.195  2.812  0.000
    9 C  -0.0093 -0.0664   1.206  2.803  0.000
   10 C   0.0206  0.0808   1.236  2.743  0.000
   11 C  -0.0977 -0.2445   1.106  2.992  0.000
   12 C  -0.0557 -0.1613   1.159  2.896  0.000
   13 C  -0.0607 -0.1601   1.153  2.907  0.000
   14 C   0.2185  0.2704   1.185  2.596  0.000
   15 O  -0.2918 -0.3415   1.621  4.671  0.000
   16 O  -0.1401 -0.2090   1.505  4.635  0.000
   17 N  -0.2217 -0.5126   1.372  3.850  0.000
   18 C   0.0152  0.0784   1.191  2.793  0.000
   19 C  -0.0488 -0.0538   1.231  2.818  0.000
   20 C  -0.0535 -0.0473   1.196  2.857  0.000
   21 C   0.0400  0.1064   1.201  2.759  0.000
   22 C  -0.0681 -0.2132   1.084  2.984  0.000
   23 C   0.1438  0.1685   1.211  2.645  0.000
   24 O  -0.2396 -0.2926   1.620  4.620  0.000
   25 C  -0.0986 -0.2414   1.100  2.999  0.000
   26 N  -0.1618 -0.4520   1.404  3.758  0.000
   27 C   0.0705  0.1387   1.203  2.726  0.000
   28 C  -0.0222 -0.0802   1.184  2.838  0.000
   29 C  -0.0357 -0.0952   1.204  2.832  0.000
   30 C   0.0427  0.0985   1.225  2.732  0.000
   31 C  -0.0831 -0.2314   1.098  2.985  0.000
   32 C  -0.0521 -0.1632   1.146  2.906  0.000
   33 C  -0.0952 -0.2478   1.096  2.999  0.000
   34 N  -0.2110 -0.5042   1.363  3.848  0.000
   35 C   0.0591  0.1277   1.174  2.767  0.000
   36 C   0.0126  0.0089   1.196  2.792  0.000
   37 C  -0.0711 -0.0623   1.182  2.889  0.000
   38 C   0.0415  0.1186   1.178  2.780  0.000
   39 C  -0.0664 -0.2098   1.074  2.993  0.000
   40 C   0.1558  0.1896   1.196  2.648  0.000
   41 O  -0.2300 -0.2746   1.628  4.602  0.000
   42 C  -0.0309 -0.0731   1.184  2.847  0.000
   43 C   0.2169  0.2702   1.186  2.597  0.000
   44 O  -0.2795 -0.3223   1.632  4.647  0.000
   45 O  -0.1612 -0.2385   1.492  4.669  0.000
   46 C   0.0154 -0.1093   1.098  2.886  0.000
   47 C   0.0630 -0.0185   1.133  2.804  0.000
   48 C  -0.0809 -0.1391   1.163  2.918  0.000
   49 C  -0.0306 -0.0560   1.204  2.826  0.000
   50 C  -0.1183 -0.2641   1.089  3.029  0.000
   51 C  -0.0524 -0.1614   1.125  2.927  0.000
   52 C  -0.0422 -0.1559   1.130  2.912  0.000
   53 C  -0.0568 -0.1696   1.139  2.918  0.000
   54 C  -0.0119 -0.0873   1.189  2.823  0.000
   55 C  -0.1018 -0.2531   1.105  2.996  0.000
   56 C  -0.0604 -0.1714   1.143  2.917  0.000
   57 C  -0.0675 -0.1791   1.155  2.912  0.000
   58 C  -0.0775 -0.1879   1.167  2.911  0.000
   59 C  -0.0156 -0.0903   1.195  2.821  0.000
   60 C  -0.1142 -0.2649   1.112  3.002  0.000
   61 C  -0.0615 -0.1716   1.158  2.904  0.000
   62 C  -0.0804 -0.1911   1.170  2.910  0.000
   63 C  -0.0527 -0.1613   1.155  2.897  0.000
   64 C  -0.0059 -0.0802   1.188  2.818  0.000
   65 C  -0.1262 -0.2773   1.104  3.023  0.000
   66 C  -0.1057 -0.2567   1.103  3.002  0.000
   67 H   0.0511  0.1103   0.949  0.000  0.000
   68 H   0.0604  0.1272   0.940  0.000  0.000
   69 H   0.0515  0.1115   0.949  0.000  0.000
   70 H   0.0529  0.1158   0.947  0.000  0.000
   71 H   0.0555  0.1160   0.944  0.000  0.000
   72 H   0.0489  0.1004   0.951  0.000  0.000
   73 H   0.0351  0.0874   0.965  0.000  0.000
   74 H   0.0408  0.0936   0.959  0.000  0.000
   75 H   0.0333  0.0954   0.967  0.000  0.000
   76 H   0.0493  0.1065   0.951  0.000  0.000
   77 H   0.0535  0.1113   0.946  0.000  0.000
   78 H   0.0370  0.0966   0.963  0.000  0.000
   79 H   0.0526  0.1069   0.947  0.000  0.000
   80 H   0.0537  0.1060   0.946  0.000  0.000
   81 H   0.0515  0.1041   0.948  0.000  0.000
   82 H   0.0444  0.0983   0.956  0.000  0.000
   83 H   0.0437  0.0977   0.956  0.000  0.000
   84 H   0.0485  0.1021   0.951  0.000  0.000
   85 H   0.0504  0.1148   0.950  0.000  0.000
   86 H   0.0363  0.0977   0.964  0.000  0.000
   87 H   0.0392  0.0916   0.961  0.000  0.000
   88 H   0.0392  0.0909   0.961  0.000  0.000
   89 H   0.0363  0.0905   0.964  0.000  0.000
   90 H   0.0424  0.0981   0.958  0.000  0.000
   91 H   0.0274  0.0861   0.973  0.000  0.000
   92 H   0.0294  0.0818   0.971  0.000  0.000
   93 H   0.0363  0.0875   0.964  0.000  0.000
   94 H   0.0316  0.0826   0.968  0.000  0.000
   95 H   0.0449  0.0976   0.955  0.000  0.000
   96 H   0.0398  0.0929   0.960  0.000  0.000
   97 H   0.0550  0.1082   0.945  0.000  0.000
   98 H   0.0551  0.1215   0.945  0.000  0.000
   99 H   0.0496  0.1079   0.950  0.000  0.000
  100 H   0.0518  0.1113   0.948  0.000  0.000
  101 H   0.0571  0.1160   0.943  0.000  0.000
  102 H   0.0711  0.1373   0.929  0.000  0.000
  103 H   0.0809  0.1412   0.919  0.000  0.000
  104 H   0.0275  0.0880   0.972  0.000  0.000
  105 H   0.0280  0.0808   0.972  0.000  0.000
  106 H   0.0389  0.0904   0.961  0.000  0.000
  107 H   0.0400  0.0929   0.960  0.000  0.000
  108 H   0.0329  0.0906   0.967  0.000  0.000
  109 H   0.0362  0.0947   0.964  0.000  0.000
  110 H   0.0309  0.0900   0.969  0.000  0.000
  111 H   0.0335  0.0912   0.967  0.000  0.000
  112 H   0.0288  0.0871   0.971  0.000  0.000
  113 H   0.0226  0.0807   0.977  0.000  0.000
  114 H   0.0242  0.0847   0.976  0.000  0.000
  115 H   0.0373  0.0895   0.963  0.000  0.000
  116 H   0.0294  0.0837   0.971  0.000  0.000
  117 H   0.0345  0.0860   0.965  0.000  0.000
  118 H   0.0398  0.0971   0.960  0.000  0.000
  119 H   0.0253  0.0826   0.975  0.000  0.000
  120 H   0.0285  0.0847   0.971  0.000  0.000
  121 H   0.0278  0.0842   0.972  0.000  0.000
  122 H   0.0310  0.0877   0.969  0.000  0.000
  123 H   0.0293  0.0854   0.971  0.000  0.000
  124 H   0.0412  0.1024   0.959  0.000  0.000
  125 H   0.0351  0.0886   0.965  0.000  0.000
  126 H   0.0355  0.0875   0.965  0.000  0.000
  127 H   0.0306  0.0826   0.969  0.000  0.000
  128 H   0.0373  0.0931   0.963  0.000  0.000
  129 H   0.0404  0.0980   0.960  0.000  0.000
  130 H   0.0277  0.0827   0.972  0.000  0.000
  131 H   0.0358  0.0928   0.964  0.000  0.000
  132 H   0.0471  0.1037   0.953  0.000  0.000
  133 H   0.0329  0.0894   0.967  0.000  0.000
  134 H   0.0402  0.1000   0.960  0.000  0.000
  135 H   0.0244  0.0768   0.976  0.000  0.000
  136 H   0.0269  0.0782   0.973  0.000  0.000
  137 H   0.0363  0.0887   0.964  0.000  0.000
  138 H   0.0410  0.0928   0.959  0.000  0.000
  139 H   0.0314  0.0827   0.969  0.000  0.000
  140 H   0.0253  0.0777   0.975  0.000  0.000
 Hirshfeld charges for QMDFF written to <charges>
 
 Loewdin charges    n(s)   n(p)   n(d)
    1 MG  0.1437   0.674  1.182  0.000
    2 C   0.0196   1.140  2.840  0.000
    3 C  -0.0378   1.072  2.966  0.000
    4 C  -0.0393   1.071  2.968  0.000
    5 C  -0.0250   1.070  2.955  0.000
    6 N  -0.1147   1.383  3.731  0.000
    7 C   0.0166   1.207  2.776  0.000
    8 C   0.0018   1.146  2.852  0.000
    9 C  -0.0011   1.159  2.842  0.000
   10 C   0.0267   1.199  2.774  0.000
   11 C  -0.0996   1.035  3.064  0.000
   12 C  -0.0512   1.102  2.950  0.000
   13 C  -0.0603   1.095  2.965  0.000
   14 C   0.1943   1.159  2.646  0.000
   15 O  -0.2775   1.590  4.687  0.000
   16 O  -0.1071   1.472  4.635  0.000
   17 N  -0.1876   1.328  3.860  0.000
   18 C   0.0180   1.152  2.830  0.000
   19 C  -0.0380   1.190  2.848  0.000
   20 C  -0.0610   1.159  2.902  0.000
   21 C   0.0466   1.160  2.793  0.000
   22 C  -0.0694   1.010  3.059  0.000
   23 C   0.1403   1.176  2.684  0.000
   24 O  -0.2232   1.588  4.635  0.000
   25 C  -0.1045   1.028  3.077  0.000
   26 N  -0.1224   1.356  3.766  0.000
   27 C   0.0764   1.164  2.760  0.000
   28 C  -0.0148   1.136  2.879  0.000
   29 C  -0.0288   1.157  2.872  0.000
   30 C   0.0465   1.189  2.765  0.000
   31 C  -0.0853   1.026  3.059  0.000
   32 C  -0.0467   1.087  2.960  0.000
   33 C  -0.0968   1.024  3.073  0.000
   34 N  -0.1750   1.317  3.858  0.000
   35 C   0.0576   1.136  2.807  0.000
   36 C   0.0190   1.154  2.827  0.000
   37 C  -0.0793   1.145  2.935  0.000
   38 C   0.0424   1.140  2.818  0.000
   39 C  -0.0667   0.998  3.068  0.000
   40 C   0.1491   1.162  2.688  0.000
   41 O  -0.2132   1.597  4.617  0.000
   42 C  -0.0316   1.136  2.896  0.000
   43 C   0.1962   1.160  2.644  0.000
   44 O  -0.2679   1.605  4.663  0.000
   45 O  -0.1284   1.459  4.669  0.000
   46 C   0.0101   1.028  2.962  0.000
   47 C   0.0660   1.076  2.858  0.000
   48 C  -0.0794   1.114  2.965  0.000
   49 C  -0.0204   1.163  2.858  0.000
   50 C  -0.1234   1.017  3.106  0.000
   51 C  -0.0504   1.065  2.985  0.000
   52 C  -0.0379   1.069  2.968  0.000
   53 C  -0.0548   1.080  2.975  0.000
   54 C  -0.0013   1.140  2.861  0.000
   55 C  -0.1055   1.035  3.070  0.000
   56 C  -0.0580   1.085  2.973  0.000
   57 C  -0.0634   1.097  2.966  0.000
   58 C  -0.0755   1.111  2.965  0.000
   59 C  -0.0046   1.146  2.859  0.000
   60 C  -0.1197   1.043  3.077  0.000
   61 C  -0.0575   1.100  2.958  0.000
   62 C  -0.0775   1.114  2.963  0.000
   63 C  -0.0489   1.097  2.952  0.000
   64 C   0.0069   1.139  2.854  0.000
   65 C  -0.1333   1.035  3.099  0.000
   66 C  -0.1097   1.033  3.077  0.000
   67 H   0.0465   0.954  0.000  0.000
   68 H   0.0537   0.946  0.000  0.000
   69 H   0.0467   0.953  0.000  0.000
   70 H   0.0462   0.954  0.000  0.000
   71 H   0.0493   0.951  0.000  0.000
   72 H   0.0488   0.951  0.000  0.000
   73 H   0.0354   0.965  0.000  0.000
   74 H   0.0401   0.960  0.000  0.000
   75 H   0.0308   0.969  0.000  0.000
   76 H   0.0455   0.954  0.000  0.000
   77 H   0.0489   0.951  0.000  0.000
   78 H   0.0340   0.966  0.000  0.000
   79 H   0.0513   0.949  0.000  0.000
   80 H   0.0520   0.948  0.000  0.000
   81 H   0.0505   0.950  0.000  0.000
   82 H   0.0446   0.955  0.000  0.000
   83 H   0.0422   0.958  0.000  0.000
   84 H   0.0483   0.952  0.000  0.000
   85 H   0.0450   0.955  0.000  0.000
   86 H   0.0308   0.969  0.000  0.000
   87 H   0.0386   0.961  0.000  0.000
   88 H   0.0387   0.961  0.000  0.000
   89 H   0.0365   0.963  0.000  0.000
   90 H   0.0394   0.961  0.000  0.000
   91 H   0.0255   0.975  0.000  0.000
   92 H   0.0303   0.970  0.000  0.000
   93 H   0.0363   0.964  0.000  0.000
   94 H   0.0316   0.968  0.000  0.000
   95 H   0.0441   0.956  0.000  0.000
   96 H   0.0393   0.961  0.000  0.000
   97 H   0.0524   0.948  0.000  0.000
   98 H   0.0470   0.953  0.000  0.000
   99 H   0.0463   0.954  0.000  0.000
  100 H   0.0474   0.953  0.000  0.000
  101 H   0.0528   0.947  0.000  0.000
  102 H   0.0627   0.937  0.000  0.000
  103 H   0.0716   0.928  0.000  0.000
  104 H   0.0219   0.978  0.000  0.000
  105 H   0.0297   0.970  0.000  0.000
  106 H   0.0387   0.961  0.000  0.000
  107 H   0.0402   0.960  0.000  0.000
  108 H   0.0309   0.969  0.000  0.000
  109 H   0.0340   0.966  0.000  0.000
  110 H   0.0286   0.971  0.000  0.000
  111 H   0.0309   0.969  0.000  0.000
  112 H   0.0263   0.974  0.000  0.000
  113 H   0.0210   0.979  0.000  0.000
  114 H   0.0194   0.981  0.000  0.000
  115 H   0.0374   0.963  0.000  0.000
  116 H   0.0307   0.969  0.000  0.000
  117 H   0.0343   0.966  0.000  0.000
  118 H   0.0379   0.962  0.000  0.000
  119 H   0.0233   0.977  0.000  0.000
  120 H   0.0263   0.974  0.000  0.000
  121 H   0.0257   0.974  0.000  0.000
  122 H   0.0293   0.971  0.000  0.000
  123 H   0.0274   0.973  0.000  0.000
  124 H   0.0367   0.963  0.000  0.000
  125 H   0.0359   0.964  0.000  0.000
  126 H   0.0355   0.964  0.000  0.000
  127 H   0.0322   0.968  0.000  0.000
  128 H   0.0346   0.965  0.000  0.000
  129 H   0.0375   0.963  0.000  0.000
  130 H   0.0257   0.974  0.000  0.000
  131 H   0.0344   0.966  0.000  0.000
  132 H   0.0440   0.956  0.000  0.000
  133 H   0.0299   0.970  0.000  0.000
  134 H   0.0349   0.965  0.000  0.000
  135 H   0.0259   0.974  0.000  0.000
  136 H   0.0279   0.972  0.000  0.000
  137 H   0.0384   0.962  0.000  0.000
  138 H   0.0407   0.959  0.000  0.000
  139 H   0.0322   0.968  0.000  0.000
  140 H   0.0261   0.974  0.000  0.000
 
 Wiberg/Mayer (AO) data. WBOs > 0.1 written file <wbo>
 largest (>0.05) Wiberg bond orders for each atom
           total WBO             WBO to atom ...
     1  MG  2.534    N   17 0.495    N   34 0.471    N   26 0.426    N    6 0.407    C   21 0.054    C   10 0.053    C   38 0.053    C   30 0.050
     2  C   3.902    C    7 1.436    C   38 1.213    C   42 0.938
     3  C   3.929    C   18 1.346    C   10 1.346    H   67 0.935
     4  C   3.924    C   27 1.425    C   21 1.267    H   68 0.929
     5  C   3.923    C   30 1.483    C   35 1.242    H   69 0.934
     6  N   3.339    C   10 1.289    C    7 1.174    MG   1 0.407    C   18 0.050
     7  C   3.843    C    2 1.436    N    6 1.174    C    8 0.931
     8  C   3.938    C    9 0.959    C   12 0.957    H   70 0.935    C    7 0.931
     9  C   3.931    C    8 0.959    C   11 0.944    H   71 0.943    C   10 0.942
    10  C   3.845    C    3 1.346    N    6 1.289    C    9 0.942    MG   1 0.053
    11  C   3.958    H   73 0.981    H   74 0.977    H   72 0.973    C    9 0.944
    12  C   3.944    C   13 0.966    H   75 0.964    H   76 0.957    C    8 0.957
    13  C   3.961    H   78 0.967    C   12 0.966    H   77 0.953    C   14 0.920    O   15 0.084
    14  C   3.887    O   15 1.818    O   16 1.111    C   13 0.920
    15  O   2.116    C   14 1.818    O   16 0.164    C   13 0.084
    16  O   2.306    C   14 1.111    C   47 0.941    O   15 0.164
    17  N   3.321    C   21 1.211    C   18 1.163    MG   1 0.495    C   20 0.054    C   19 0.051
    18  C   3.872    C    3 1.346    N   17 1.163    C   19 1.106    N    6 0.050
    19  C   3.854    C   20 1.475    C   18 1.106    C   22 0.987    O   24 0.064    N   17 0.051
    20  C   3.894    C   19 1.475    C   21 1.103    C   23 1.005    O   24 0.070    N   17 0.054
    21  C   3.871    C    4 1.267    N   17 1.211    C   20 1.103    N   26 0.058    MG   1 0.054
    22  C   3.979    C   19 0.987    H   80 0.977    H   79 0.966    H   81 0.964
    23  C   3.879    O   24 1.842    C   20 1.005    C   25 0.939
    24  O   2.161    C   23 1.842    C   25 0.080    C   20 0.070    C   19 0.064
    25  C   3.980    H   83 0.974    H   82 0.970    H   84 0.960    C   23 0.939    O   24 0.080
    26  N   3.360    C   27 1.292    C   30 1.170    MG   1 0.426    C   21 0.058
    27  C   3.877    C    4 1.425    N   26 1.292    C   28 0.919
    28  C   3.942    C   31 0.981    C   29 0.951    H   85 0.941    C   27 0.919
    29  C   3.935    C   32 0.968    C   28 0.951    H   86 0.944    C   30 0.913
    30  C   3.845    C    5 1.483    N   26 1.170    C   29 0.913    MG   1 0.050
    31  C   3.972    C   28 0.981    H   88 0.979    H   87 0.976    H   89 0.974
    32  C   3.957    C   33 0.992    H   91 0.970    C   29 0.968    H   90 0.966
    33  C   3.979    C   32 0.992    H   94 0.986    H   93 0.983    H   92 0.983
    34  N   3.333    C   38 1.245    C   35 1.182    MG   1 0.471    C   37 0.063
    35  C   3.864    C    5 1.242    N   34 1.182    C   36 1.176
    36  C   3.870    C   37 1.392    C   35 1.176    C   39 1.007    O   41 0.052
    37  C   3.907    C   36 1.392    C   38 1.134    C   40 1.058    O   41 0.071    N   34 0.063
    38  C   3.898    N   34 1.245    C    2 1.213    C   37 1.134    MG   1 0.053
    39  C   3.981    C   36 1.007    H   96 0.974    H   97 0.973    H   95 0.958
    40  C   3.888    O   41 1.839    C   37 1.058    C   42 0.838
    41  O   2.175    C   40 1.839    C   42 0.087    C   37 0.071    C   36 0.052
    42  C   3.945    C   43 0.946    C    2 0.938    H   98 0.933    C   40 0.838    O   41 0.087    O   44 0.066
    43  C   3.893    O   44 1.795    O   45 1.080    C   42 0.946
    44  O   2.106    C   43 1.795    O   45 0.162    C   42 0.066
    45  O   2.279    C   43 1.080    C   46 0.964    O   44 0.162
    46  C   3.939    H   99 0.990    H  100 0.986    H  101 0.982    O   45 0.964
    47  C   3.924    C   48 0.989    H  102 0.958    H  103 0.956    O   16 0.941
    48  C   3.959    C   49 1.905    C   47 0.989    H  104 0.937
    49  C   3.937    C   48 1.905    C   51 0.986    C   50 0.964
    50  C   3.984    H  105 0.978    H  106 0.975    H  107 0.973    C   49 0.964
    51  C   3.971    C   49 0.986    C   52 0.973    H  109 0.958    H  108 0.950
    52  C   3.974    C   53 0.996    C   51 0.973    H  110 0.967    H  111 0.963
    53  C   3.968    C   52 0.996    C   54 0.979    H  112 0.963    H  113 0.961
    54  C   3.944    C   55 0.980    C   53 0.979    C   56 0.966    H  114 0.955
    55  C   3.979    H  117 0.981    H  116 0.981    C   54 0.980    H  115 0.976
    56  C   3.964    C   57 0.994    H  119 0.967    C   54 0.966    H  118 0.958
    57  C   3.963    C   56 0.994    H  120 0.972    H  121 0.970    C   58 0.960
    58  C   3.954    C   59 0.972    H  123 0.967    H  122 0.963    C   57 0.960
    59  C   3.945    C   61 0.999    C   58 0.972    C   60 0.970    H  124 0.948
    60  C   3.978    H  126 0.982    H  125 0.978    H  127 0.977    C   59 0.970
    61  C   3.963    C   59 0.999    H  128 0.963    H  129 0.960    C   62 0.958
    62  C   3.953    C   63 0.978    H  130 0.976    H  131 0.965    C   61 0.958
    63  C   3.964    C   64 0.978    C   62 0.978    H  133 0.966    H  132 0.961
    64  C   3.946    C   65 0.988    C   66 0.985    C   63 0.978    H  134 0.952
    65  C   3.971    C   64 0.988    H  136 0.978    H  135 0.977    H  137 0.972
    66  C   3.975    C   64 0.985    H  140 0.980    H  139 0.979    H  138 0.976
    67  H   0.994    C    3 0.935
    68  H   0.993    C    4 0.929
    69  H   0.993    C    5 0.934
    70  H   0.994    C    8 0.935
    71  H   0.995    C    9 0.943
    72  H   0.997    C   11 0.973
    73  H   0.996    C   11 0.981
    74  H   0.995    C   11 0.977
    75  H   0.997    C   12 0.964
    76  H   0.996    C   12 0.957
    77  H   0.996    C   13 0.953
    78  H   0.998    C   13 0.967
    79  H   0.993    C   22 0.966
    80  H   0.995    C   22 0.977
    81  H   0.992    C   22 0.964
    82  H   0.998    C   25 0.970
    83  H   0.996    C   25 0.974
    84  H   0.997    C   25 0.960
    85  H   0.995    C   28 0.941
    86  H   0.996    C   29 0.944
    87  H   0.996    C   31 0.976
    88  H   0.997    C   31 0.979
    89  H   0.997    C   31 0.974
    90  H   0.996    C   32 0.966
    91  H   0.999    C   32 0.970
    92  H   0.999    C   33 0.983
    93  H   0.997    C   33 0.983
    94  H   0.999    C   33 0.986
    95  H   0.991    C   39 0.958
    96  H   0.995    C   39 0.974
    97  H   0.995    C   39 0.973
    98  H   0.994    C   42 0.933
    99  H   0.997    C   46 0.990
   100  H   0.997    C   46 0.986
   101  H   0.997    C   46 0.982
   102  H   0.995    C   47 0.958
   103  H   0.993    C   47 0.956
   104  H   0.999    C   48 0.937
   105  H   0.999    C   50 0.978
   106  H   0.998    C   50 0.975
   107  H   0.998    C   50 0.973
   108  H   0.999    C   51 0.950
   109  H   0.998    C   51 0.958
   110  H   0.999    C   52 0.967
   111  H   0.999    C   52 0.963
   112  H   0.998    C   53 0.963
   113  H   0.999    C   53 0.961
   114  H   0.999    C   54 0.955
   115  H   0.997    C   55 0.976
   116  H   0.999    C   55 0.981
   117  H   0.998    C   55 0.981
   118  H   0.998    C   56 0.958
   119  H   0.999    C   56 0.967
   120  H   0.999    C   57 0.972
   121  H   0.999    C   57 0.970
   122  H   0.998    C   58 0.963
   123  H   0.999    C   58 0.967
   124  H   0.998    C   59 0.948
   125  H   0.998    C   60 0.978
   126  H   0.998    C   60 0.982
   127  H   0.999    C   60 0.977
   128  H   0.998    C   61 0.963
   129  H   0.997    C   61 0.960
   130  H   0.999    C   62 0.976
   131  H   0.999    C   62 0.965
   132  H   0.998    C   63 0.961
   133  H   0.998    C   63 0.966
   134  H   0.998    C   64 0.952
   135  H   0.999    C   65 0.977
   136  H   0.999    C   65 0.978
   137  H   0.999    C   65 0.972
   138  H   0.998    C   66 0.976
   139  H   0.998    C   66 0.979
   140  H   0.999    C   66 0.980
 
 --------------------------------------------
          xTB calculation for sTDA...
 --------------------------------------------
 
 reading parameter file ~/.param_stda2.xtb
 
      method parameters     
 k(s)        :  1.6000
 k(p)        :  2.1800
 k(d)        :  1.9500
 k(f)        :  2.0000
 k(R-V)      :  2.2750
 k(R-R)      :  1.7650
 Tscal       :  0.2580
 Gscal       :  1.0000
 fpol        :  1.0000
 Zcnf        :  0.3430
 Zqf         :  0.0000
 kcn         :  2.7000
 Ryd Hsplit  :  0.7000
 lshift(virt):  3.1000
 lshift(OS)  :  0.2000
 wllscaling  :  2.6000
 
 mowrcut     : 3.000
 
  Z AO/shell   Hii/eV     exponent
  1     Sun Feb 14 09:53:25 CET 2016    EN: 2.327 GAM: 0.473  GM3: 0.0000
     1s    -14.339618    1.220000
     2sp    -3.348946    0.600000
  6     Sun Feb 14 09:53:25 CET 2016    EN: 2.731 GAM: 0.422  GM3: 0.0000
     2s    -22.009312    1.565095
     2p    -13.020408    1.596905
     3sp    -3.914040    0.824500
  7     Sun Feb 14 09:53:25 CET 2016    EN: 3.573 GAM: 0.504  GM3: 0.0000
     2s    -25.722000    2.064844
     2p    -18.684912    1.801692
     3sp    -4.344791    0.921400
  8     Sun Feb 14 09:53:25 CET 2016    EN: 3.700 GAM: 0.587  GM3: 0.0000
     2s    -33.859000    2.418661
     2p    -22.175911    1.973969
     3sp    -4.259392    1.013700
 12     Sun Feb 21 16:58:31 CET 2016    EN: 0.033 GAM: 0.222  GM3: 0.0000
     3s    -11.092543    1.647583
     3p     -6.929529    0.855020
 
 Nbf   :          894
 T(el) :     0.0
 calculating S/T integrals ...
 cpu time for ints    1.23765200000000     
 Nao   :          894
 making H0...
 making H1...
 cpu time for H      2.582499999999999E-002
 solving ...
 cpu time for diag   0.256102000000000     
 
 gap (eV)           :   4.758
 Koopmans IP (eV)   :  13.274
 Eel (Eh)           :  -301.865695

          eigenvalues
 #    :         164        165        166        167        168        169        170        171
 occ. :        2.000      2.000      2.000      2.000      2.000      2.000      2.000      2.000
 eps  :       -17.408    -17.303    -17.052    -16.307    -16.249    -16.086    -15.949    -15.668
 #    :         172        173        174        175        176        177        178        179
 occ. :        2.000      2.000      2.000      2.000      2.000      0.000      0.000      0.000
 eps  :       -15.648    -15.485    -15.222    -13.817    -13.275     -8.517     -6.836     -6.652
 #    :         180        181        182        183        184        185        186        187
 occ. :        0.000      0.000      0.000      0.000      0.000      0.000      0.000      0.000
 eps  :        -6.265     -6.100     -5.614     -5.506     -5.471     -5.253     -5.127     -5.091
                            1  SCC done.
 writing mo output ...
 molden style : F
 
speedup  1.01
cpu  time for all    2.01 s
wall time for all    1.98 s
