 
        ______________________________________
       |                                      |
       |          ===================         |
       |             xTB for sTDA             |
       |          ===================         |
       |               S. Grimme              |
       |        Universitaet Bonn, MCTC       |
       |         2015-19, Version 1.0         |
       |     Wed Apr  3 09:14:55 CEST 2019    |
       |______________________________________|
 
        This code comes without any warranty
        for non-commercial, academia use only.
        Preliminary test version.
        Cite this work as:
        S. Grimme  &  C. Bannwarth, JCP 145 (2016) 054103
        if GBSA is used additionally:
        P. Shushkov, F. März, C. Bannwarth, S. Grimme, unpublished.
 
        with help from
        P. Shushkov, G. Brandenburg, S. Dohm, J. Pisarek,
        F. März, M. Checinski, S. Ehrlich, S. Spicher, 
        P. Pracht, E. Caldeweyher, S. Ehlert, and C. Bannwarth.
 
        usage        :
        xtb4stda <coord_file> [options]
        where <coord_file> is a valid file of TM)
        (*coord, Bohr) or xmol (*xyz, Angstroem)
        format.

        options:
        -chrg <int>   : molecular charge
        -uhf  <int>   : # of unpaired electrons(=2*S)
        -nox          : skip second, extended part in sTDA-xTB
        -pop          : do population analysis
                      : (default for -nox)
        -mowr <real>  : cut MO write above (def.3 Eh)
        -molden       : write formatted molden file
        -parx <file>  : read parameters for sTDA-xTB
                        calc (def:~/.param_stda2.xtb)
        -parv <file>  : read parameters for vTB part in
                        sTDA-xTB (def: ~/.param_stda1.xtb)
        -xtemp <real> : el. temp for xTB (def. 0 K)
        -etemp <real> : el. temp for GFN (def. 300 K)
        -fod          : calculate the FOD and write
                        molden.input file with
                        appropriate occupations
                        for plotting. Def. T=12500 K
 
        -acc <real>   : xTB accuracy (def. 1.0)
        -gbsa [string1] [string2]
                        use GBSA implicit solvent
                        for solvent [string1] and
                        solvation state [string2]=
                        reference, bar1M (default=1M)
        additional GFN/opt/MD/siman options read from
        $XTB4STDAHOME/.xtb4stdarc or $set in input
 
       spin and charge state information can be on:
       <.CHRG> (charge) and <.UHF> (=nalpha-nbeta)
       -uhf and -chrg override the file info.
       useful machine settings:
       setenv MKL_NUM_THREADS <NCORE_ON_YOUR_MACHINE>
       setenv OMP_STACKSIZE 500m
       limit stacksize unlimited
 
       total energies in Eh, gaps/HL energies in eV
       please read REVISION and HOWTO files carefully
 =============================
  # OMP threads =           4
 =============================
 
 xtb4stdahome directory:~/
 
 
 name of molecule           :
 comment line               :
 number of atoms            :   140
 number of electrons        :   352
 charge                     :  0
 spin                       : 0.0
 first test random number   :  0.0077
 
 -----------------------------------------
      charge density (VTB) calculation
 -----------------------------------------
 
      method parameters     
 k(s)        :  1.8000
 k(p)        :  2.8350
 k(d)        :  2.0860
 k(f)        :  2.0000
 Tscal       :  0.3300
 Gscal       :  0.3910
 fpol        :  1.0000
 Zcnf        :  0.6500
 Zqf         :  0.0000
 kcn         :  0.3000
 kEN1        : -0.5900
 wllscal     :  2.6000
 
     -------------------------
     ! NO SOLVENT MODEL USED !
     -------------------------
 
 doing EN charges ...
 sum q :  0.4440892D-15
 point charge moment (au)
     X       Y       Z   
   0.0884   1.0470   0.6312  total (Debye):    3.116
 
            Z      q(EN)   CN      Cart. coordinates
     1  MG  2.0   0.987   4.879    16.68250     5.62949    53.65121
     2  C   4.0   0.022   3.259    19.58701     3.03112    58.78371
     3  C   4.0  -0.059   3.153    14.35625    10.47853    57.62152
     4  C   4.0  -0.057   3.173    13.44351     7.99921    48.75871
     5  C   4.0  -0.053   3.182    19.15048     0.89573    49.95868
     6  N   5.0  -0.367   3.123    16.42739     6.33247    57.78404
     7  C   4.0   0.084   3.363    17.99964     5.07391    59.50180
     8  C   4.0  -0.092   4.116    17.77476     6.18318    62.21356
     9  C   4.0  -0.098   4.184    15.98708     8.43574    61.63908
    10  C   4.0   0.115   3.342    15.42205     8.38282    58.82717
    11  C   4.0  -0.236   4.020    13.46052     8.87415    63.19810
    12  C   4.0  -0.162   4.049    20.33345     7.04301    63.54204
    13  C   4.0  -0.168   4.041    19.85913     8.17873    66.20466
    14  C   4.0   0.147   3.129    20.72651     6.45152    68.35328
    15  O   6.0  -0.070   1.038    23.09434     6.02634    68.81815
    16  O   6.0  -0.120   2.046    18.81411     5.43485    69.77435
    17  N   5.0  -0.384   3.247    14.25609     8.93462    53.23925
    18  C   4.0   0.082   3.364    13.96130    10.83947    54.99103
    19  C   4.0   0.012   3.267    12.22842    12.64794    53.84207
    20  C   4.0   0.003   3.284    11.96574    11.89205    51.25693
    21  C   4.0   0.086   3.382    13.26966     9.54879    50.93756
    22  C   4.0  -0.249   4.035    11.26088    14.83435    55.29338
    23  C   4.0   0.100   3.039    10.23854    13.32446    49.31996
    24  O   6.0  -0.092   1.050     9.67540    12.47408    47.19402
    25  C   4.0  -0.248   4.032     9.04234    15.80378    50.04561
    26  N   5.0  -0.497   3.173    16.31778     4.62605    50.11364
    27  C   4.0   0.061   3.464    14.79844     5.90728    48.30140
    28  C   4.0  -0.096   4.162    14.49798     4.34259    45.92979
    29  C   4.0  -0.098   4.215    16.90171     2.75144    46.07908
    30  C   4.0   0.089   3.460    17.61792     2.78924    48.86453
    31  C   4.0  -0.237   4.035    12.03189     2.70798    45.92790
    32  C   4.0  -0.165   4.075    19.11647     3.90417    44.56541
    33  C   4.0  -0.237   4.010    19.31678     3.30891    41.79129
    34  N   5.0  -0.462   3.288    18.88025     2.44153    54.08207
    35  C   4.0   0.088   3.551    19.98007     0.85794    52.43234
    36  C   4.0   0.017   3.326    21.45595    -0.96565    53.78538
    37  C   4.0   0.004   3.452    21.41437    -0.20220    56.27604
    38  C   4.0   0.069   3.826    19.87236     1.95398    56.36486
    39  C   4.0  -0.247   4.033    22.83734    -3.05191    52.49848
    40  C   4.0   0.112   3.196    22.34601    -0.79368    58.68166
    41  O   6.0  -0.101   1.044    23.77653    -2.43964    59.40542
    42  C   4.0  -0.117   4.244    21.17438     1.33982    60.47690
    43  C   4.0   0.200   3.142    19.72874     0.05291    62.51591
    44  O   6.0  -0.107   1.055    17.80311    -1.14895    62.29293
    45  O   6.0  -0.122   2.029    20.66982     0.60660    64.79303
    46  C   4.0  -0.203   4.016    19.29788    -0.51212    67.03992
    47  C   4.0  -0.137   4.111    19.73252     4.60337    72.22344
    48  C   4.0  -0.052   3.097    20.00275     6.82569    73.89017
    49  C   4.0   0.017   3.076    20.66982     6.85593    76.36949
    50  C   4.0  -0.249   4.035    21.52020     4.65628    78.01356
    51  C   4.0  -0.174   4.065    21.07989     9.42784    77.72254
    52  C   4.0  -0.164   4.049    18.42861    10.55979    78.56725
    53  C   4.0  -0.165   4.084    18.03177    13.30178    77.93041
    54  C   4.0  -0.090   4.078    17.17950    15.05923    80.07147
    55  C   4.0  -0.239   4.049    14.46396    14.23153    80.93885
    56  C   4.0  -0.163   4.081    17.20029    17.84279    79.35337
    57  C   4.0  -0.163   4.069    19.75142    18.91049    79.96564
    58  C   4.0  -0.165   4.077    19.65693    21.41815    81.52467
    59  C   4.0  -0.088   4.047    20.67927    21.11391    84.20052
    60  C   4.0  -0.239   4.042    22.81655    22.99230    84.73720
    61  C   4.0  -0.163   4.053    18.61002    20.98919    86.30567
    62  C   4.0  -0.163   4.024    18.61002    18.77254    88.22564
    63  C   4.0  -0.164   4.055    16.38392    16.84880    87.79478
    64  C   4.0  -0.088   4.024    14.47530    16.69195    90.03410
    65  C   4.0  -0.239   4.045    15.03088    14.45829    91.92005
    66  C   4.0  -0.241   4.070    11.80890    16.45762    89.25743
    67  H   1.0   0.071   1.006    13.96130    12.05456    58.89331
    68  H   1.0   0.071   1.008    12.40794     8.75699    47.14299
    69  H   1.0   0.071   1.007    20.19361    -0.51967    48.87965
    70  H   1.0   0.084   1.007    16.80911     4.80557    63.40220
    71  H   1.0   0.085   1.012    17.01698    10.20452    61.87719
    72  H   1.0   0.080   0.997    12.95407    10.83380    63.58361
    73  H   1.0   0.080   0.998    13.41894     7.61371    64.82705
    74  H   1.0   0.081   1.001    11.97141     8.27511    61.90742
    75  H   1.0   0.082   1.003    21.16682     8.33369    62.17198
    76  H   1.0   0.083   1.004    21.56555     5.39895    63.68754
    77  H   1.0   0.082   1.003    17.90137     8.79856    66.36529
    78  H   1.0   0.082   1.005    21.04210     9.85870    66.33883
    79  H   1.0   0.080   1.000     9.24454    14.54522    55.60141
    80  H   1.0   0.081   1.002    11.86559    16.50676    54.25403
    81  H   1.0   0.081   1.000    12.22086    14.98931    57.10941
    82  H   1.0   0.080   0.999     8.00866    16.57857    48.44123
    83  H   1.0   0.080   1.002    10.65050    17.06800    50.30073
    84  H   1.0   0.080   0.998     7.86504    15.81701    51.73503
    85  H   1.0   0.084   1.007    14.44129     5.53690    44.25171
    86  H   1.0   0.085   1.008    16.62959     0.79935    45.48192
    87  H   1.0   0.081   0.998    12.20574     1.10171    47.20346
    88  H   1.0   0.080   0.998    11.59914     2.06925    44.01739
    89  H   1.0   0.081   1.000    10.53711     3.98165    46.54584
    90  H   1.0   0.083   1.004    20.95328     3.50922    45.40634
    91  H   1.0   0.083   1.005    19.08623     5.95453    44.76194
    92  H   1.0   0.080   1.000    19.22418     5.10982    40.79729
    93  H   1.0   0.081   1.003    17.51965     2.38672    41.38689
    94  H   1.0   0.080   0.997    20.91927     2.11838    41.28295
    95  H   1.0   0.080   0.999    24.80643    -2.53034    52.20179
    96  H   1.0   0.080   0.998    21.99452    -3.89661    50.81851
    97  H   1.0   0.081   1.002    22.88080    -4.58636    53.87231
    98  H   1.0   0.086   1.008    22.72773     2.42074    61.29137
    99  H   1.0   0.080   0.997    17.30233    -0.05291    66.81315
   100  H   1.0   0.080   0.996    19.88559     0.30236    68.83894
   101  H   1.0   0.080   0.996    19.60402    -2.54924    67.00968
   102  H   1.0   0.083   1.001    21.43327     3.45064    72.06470
   103  H   1.0   0.083   1.003    18.09980     3.48843    72.80169
   104  H   1.0   0.071   1.005    19.55866     8.65494    73.05492
   105  H   1.0   0.080   0.997    23.54032     4.25755    77.99088
   106  H   1.0   0.080   1.001    20.55455     3.01222    77.23121
   107  H   1.0   0.080   1.000    20.86446     5.00021    79.93541
   108  H   1.0   0.082   1.004    22.00019    10.56735    76.27501
   109  H   1.0   0.082   1.003    22.10034     9.42595    79.51211
   110  H   1.0   0.082   1.003    18.31522    10.15350    80.58358
   111  H   1.0   0.082   1.004    16.97541     9.40328    77.67907
   112  H   1.0   0.083   1.005    16.64660    13.35280    76.40729
   113  H   1.0   0.083   1.007    19.82134    13.86303    77.08003
   114  H   1.0   0.084   1.011    18.25664    14.41861    81.70608
   115  H   1.0   0.081   0.998    13.12604    15.78299    81.13727
   116  H   1.0   0.081   1.000    14.78333    13.32257    82.76055
   117  H   1.0   0.081   1.000    13.78933    12.79155    79.63116
   118  H   1.0   0.082   1.002    15.67339    19.07111    79.99021
   119  H   1.0   0.083   1.009    16.83935    17.68217    77.33137
   120  H   1.0   0.082   1.006    20.80777    19.60591    78.33859
   121  H   1.0   0.083   1.005    20.90226    17.50264    80.93318
   122  H   1.0   0.083   1.005    17.75964    22.17593    81.77978
   123  H   1.0   0.082   1.002    20.59612    22.96773    80.54390
   124  H   1.0   0.084   1.013    21.73941    19.34701    84.23264
   125  H   1.0   0.080   1.000    24.53620    21.86602    84.58980
   126  H   1.0   0.080   0.999    22.82600    23.53276    86.72519
   127  H   1.0   0.080   0.996    23.31166    24.54565    83.47864
   128  H   1.0   0.083   1.008    16.90171    20.72462    85.18696
   129  H   1.0   0.082   1.003    18.53254    22.65970    87.50943
   130  H   1.0   0.082   1.002    18.59868    19.30733    90.21363
   131  H   1.0   0.082   1.004    20.35991    17.72752    87.92895
   132  H   1.0   0.082   1.005    17.30233    15.00820    87.69651
   133  H   1.0   0.082   1.005    15.10269    17.00186    86.18851
   134  H   1.0   0.083   1.012    14.43373    18.49664    91.02243
   135  H   1.0   0.080   0.998    13.42650    14.11625    93.16538
   136  H   1.0   0.080   0.997    16.60313    14.90805    93.17105
   137  H   1.0   0.080   0.997    15.32568    12.67250    90.93550
   138  H   1.0   0.081   0.998    11.40639    15.90582    87.31479
   139  H   1.0   0.081   1.000    10.81679    18.16783    89.83757
   140  H   1.0   0.081   0.999    10.76955    14.87025    90.06056
 
  Z AO/shell   Hii/eV     exponent
  1     Sat Feb 20 21:38:01 CET 2016    EN: 2.327 GAM: 0.473  GM3: 0.0000
     1s    -13.751157    1.051071
  6     Sat Feb 20 21:38:01 CET 2016    EN: 2.731 GAM: 0.422  GM3: 0.0000
     2s    -19.378245    2.021003
     2p    -11.993376    1.497917
  7     Sat Feb 20 21:38:01 CET 2016    EN: 3.573 GAM: 0.504  GM3: 0.0000
     2s    -21.576984    2.275442
     2p    -16.125120    2.056788
  8     Sat Feb 20 21:38:01 CET 2016    EN: 3.700 GAM: 0.587  GM3: 0.0000
     2s    -21.648843    2.110798
     2p    -17.239740    2.329048
 12     Sat Feb 20 23:25:47 CET 2016    EN: 0.033 GAM: 0.222  GM3: 0.0000
     3s    -12.693633    1.302878
     3p     -8.128821    0.504252
 
 dipole moment of classical point charges (au)
     X       Y       Z   
   0.0884   1.0470   0.6312  total (Debye):    3.116

 
 Nbf   :          338
 T(el) :   300.0
 calculating S/T integrals ...
 cpu time for ints   0.155064000000000     
 Nao   :          338
 making H0...
 making H1...
 cpu time for H      5.628999999999995E-003
 solving ...
 cpu time for diag   5.755700000000000E-002
 
 gap (eV)           :   1.255
 Koopmans IP (eV)   :  12.157
 Eel (Eh)           :  -268.584263
 T,E(Fermi),NFOD :    300.000   -11.530  0.000000
 T,E(Fermi),NFOD :    300.000   -11.530  0.000000
 Nfod               :  0.0000
 Nfod/Nel           :  0.0000

          eigenvalues
 #    :         164        165        166        167        168        169        170        171
 occ. :        2.000      2.000      2.000      2.000      2.000      2.000      2.000      2.000
 eps  :       -16.390    -16.253    -16.216    -15.961    -15.739    -15.526    -15.368    -15.050
 #    :         172        173        174        175        176        177        178        179
 occ. :        2.000      2.000      2.000      2.000      2.000      0.000      0.000      0.000
 eps  :       -14.908    -14.724    -14.675    -13.331    -12.158    -10.903     -9.465     -8.824
 #    :         180        181        182        183        184        185        186        187
 occ. :        0.000      0.000      0.000      0.000      0.000      0.000      0.000      0.000
 eps  :        -8.523     -8.232     -7.749     -7.630     -7.511     -7.432     -7.006     -6.965
                            1  SCC done.
 making H1...
 cpu time for H      6.791600000000000E-002
 solving ...
 cpu time for diag   3.188399999999997E-002
 
 gap (eV)           :   1.421
 Koopmans IP (eV)   :  12.030
 Eel (Eh)           :  -265.933612
 T,E(Fermi),NFOD :    300.000   -11.320  0.000000
 T,E(Fermi),NFOD :    300.000   -11.320  0.000000
 Nfod               :  0.0000
 Nfod/Nel           :  0.0000

          eigenvalues
 #    :         164        165        166        167        168        169        170        171
 occ. :        2.000      2.000      2.000      2.000      2.000      2.000      2.000      2.000
 eps  :       -15.350    -15.187    -14.937    -14.878    -14.520    -14.505    -14.340    -14.148
 #    :         172        173        174        175        176        177        178        179
 occ. :        2.000      2.000      2.000      2.000      2.000      0.000      0.000      0.000
 eps  :       -14.059    -13.955    -13.569    -12.824    -12.032    -10.611     -8.929     -8.570
 #    :         180        181        182        183        184        185        186        187
 occ. :        0.000      0.000      0.000      0.000      0.000      0.000      0.000      0.000
 eps  :        -8.212     -7.925     -7.724     -7.574     -7.432     -7.150     -6.947     -6.884
                            2  SCC done.
 
 
 Mulliken/CM5 charges    n(s)   n(p)   n(d)   
    1 MG  0.2875  0.7815   0.676  1.037  0.000
    2 C   0.0228  0.0254   1.179  2.799  0.000
    3 C   0.0045 -0.0381   1.126  2.869  0.000
    4 C  -0.0048 -0.0464   1.115  2.890  0.000
    5 C  -0.0587 -0.0993   1.132  2.926  0.000
    6 N  -0.1036 -0.3537   1.408  3.696  0.000
    7 C   0.0103  0.0666   1.249  2.741  0.000
    8 C  -0.0198 -0.0754   1.207  2.812  0.000
    9 C  -0.0434 -0.1001   1.200  2.844  0.000
   10 C   0.0749  0.1385   1.207  2.718  0.000
   11 C  -0.0991 -0.2477   1.111  2.988  0.000
   12 C  -0.0463 -0.1528   1.162  2.884  0.000
   13 C  -0.0349 -0.1346   1.138  2.897  0.000
   14 C   0.1706  0.2137   1.226  2.603  0.000
   15 O  -0.2797 -0.3236   1.648  4.632  0.000
   16 O  -0.1363 -0.2199   1.504  4.633  0.000
   17 N  -0.2135 -0.4712   1.382  3.831  0.000
   18 C   0.0259  0.0865   1.208  2.766  0.000
   19 C   0.0001 -0.0057   1.215  2.784  0.000
   20 C  -0.0603 -0.0538   1.207  2.854  0.000
   21 C   0.0621  0.1255   1.188  2.750  0.000
   22 C  -0.0744 -0.2197   1.079  2.996  0.000
   23 C   0.1211  0.1428   1.234  2.645  0.000
   24 O  -0.2561 -0.3044   1.630  4.626  0.000
   25 C  -0.0900 -0.2323   1.095  2.995  0.000
   26 N  -0.2232 -0.5403   1.414  3.809  0.000
   27 C   0.0426  0.0891   1.217  2.741  0.000
   28 C  -0.0035 -0.0617   1.187  2.817  0.000
   29 C  -0.0146 -0.0701   1.193  2.822  0.000
   30 C   0.0324  0.0905   1.226  2.741  0.000
   31 C  -0.0817 -0.2293   1.107  2.975  0.000
   32 C  -0.0660 -0.1773   1.144  2.922  0.000
   33 C  -0.0883 -0.2405   1.091  2.998  0.000
   34 N  -0.2272 -0.5270   1.392  3.835  0.000
   35 C   0.0174  0.0830   1.192  2.790  0.000
   36 C  -0.0321 -0.0363   1.206  2.826  0.000
   37 C  -0.0368 -0.0290   1.159  2.878  0.000
   38 C   0.0066  0.0757   1.194  2.799  0.000
   39 C  -0.0680 -0.2119   1.075  2.993  0.000
   40 C   0.1546  0.1880   1.186  2.659  0.000
   41 O  -0.2254 -0.2684   1.630  4.595  0.000
   42 C  -0.0497 -0.0926   1.201  2.848  0.000
   43 C   0.2342  0.2916   1.163  2.602  0.000
   44 O  -0.2928 -0.3408   1.621  4.671  0.000
   45 O  -0.1498 -0.2330   1.486  4.664  0.000
   46 C   0.0203 -0.1048   1.104  2.875  0.000
   47 C   0.0720 -0.0070   1.127  2.801  0.000
   48 C  -0.0639 -0.1199   1.156  2.908  0.000
   49 C  -0.0278 -0.0520   1.218  2.810  0.000
   50 C  -0.0900 -0.2353   1.084  3.006  0.000
   51 C  -0.0701 -0.1772   1.153  2.917  0.000
   52 C  -0.0715 -0.1848   1.155  2.917  0.000
   53 C  -0.0681 -0.1804   1.150  2.918  0.000
   54 C  -0.0264 -0.1015   1.204  2.823  0.000
   55 C  -0.1168 -0.2683   1.111  3.006  0.000
   56 C  -0.0496 -0.1588   1.139  2.910  0.000
   57 C  -0.0539 -0.1651   1.148  2.906  0.000
   58 C  -0.0770 -0.1888   1.162  2.915  0.000
   59 C  -0.0274 -0.1018   1.206  2.822  0.000
   60 C  -0.1178 -0.2687   1.106  3.011  0.000
   61 C  -0.0690 -0.1783   1.159  2.910  0.000
   62 C  -0.0583 -0.1699   1.157  2.901  0.000
   63 C  -0.0755 -0.1857   1.165  2.911  0.000
   64 C  -0.0199 -0.0961   1.194  2.826  0.000
   65 C  -0.1125 -0.2626   1.112  3.001  0.000
   66 C  -0.1128 -0.2655   1.096  3.017  0.000
   67 H   0.0523  0.1113   0.948  0.000  0.000
   68 H   0.0618  0.1255   0.938  0.000  0.000
   69 H   0.0564  0.1155   0.944  0.000  0.000
   70 H   0.0481  0.1112   0.952  0.000  0.000
   71 H   0.0344  0.0979   0.966  0.000  0.000
   72 H   0.0440  0.0949   0.956  0.000  0.000
   73 H   0.0357  0.0878   0.964  0.000  0.000
   74 H   0.0311  0.0856   0.969  0.000  0.000
   75 H   0.0445  0.1013   0.956  0.000  0.000
   76 H   0.0493  0.1115   0.951  0.000  0.000
   77 H   0.0463  0.1065   0.954  0.000  0.000
   78 H   0.0557  0.1146   0.944  0.000  0.000
   79 H   0.0577  0.1109   0.942  0.000  0.000
   80 H   0.0500  0.1041   0.950  0.000  0.000
   81 H   0.0466  0.1005   0.953  0.000  0.000
   82 H   0.0436  0.0995   0.956  0.000  0.000
   83 H   0.0456  0.1002   0.954  0.000  0.000
   84 H   0.0521  0.1054   0.948  0.000  0.000
   85 H   0.0549  0.1156   0.945  0.000  0.000
   86 H   0.0470  0.1086   0.953  0.000  0.000
   87 H   0.0378  0.0912   0.962  0.000  0.000
   88 H   0.0377  0.0892   0.962  0.000  0.000
   89 H   0.0435  0.0972   0.956  0.000  0.000
   90 H   0.0306  0.0877   0.969  0.000  0.000
   91 H   0.0302  0.0881   0.970  0.000  0.000
   92 H   0.0390  0.0912   0.961  0.000  0.000
   93 H   0.0257  0.0798   0.974  0.000  0.000
   94 H   0.0412  0.0923   0.959  0.000  0.000
   95 H   0.0507  0.1033   0.949  0.000  0.000
   96 H   0.0527  0.1046   0.947  0.000  0.000
   97 H   0.0440  0.0981   0.956  0.000  0.000
   98 H   0.0562  0.1238   0.944  0.000  0.000
   99 H   0.0525  0.1157   0.948  0.000  0.000
  100 H   0.0571  0.1161   0.943  0.000  0.000
  101 H   0.0575  0.1176   0.942  0.000  0.000
  102 H   0.0739  0.1418   0.926  0.000  0.000
  103 H   0.0505  0.1181   0.949  0.000  0.000
  104 H   0.0411  0.1031   0.959  0.000  0.000
  105 H   0.0467  0.0982   0.953  0.000  0.000
  106 H   0.0321  0.0857   0.968  0.000  0.000
  107 H   0.0427  0.0956   0.957  0.000  0.000
  108 H   0.0394  0.0964   0.961  0.000  0.000
  109 H   0.0451  0.1009   0.955  0.000  0.000
  110 H   0.0270  0.0834   0.973  0.000  0.000
  111 H   0.0269  0.0842   0.973  0.000  0.000
  112 H   0.0254  0.0825   0.975  0.000  0.000
  113 H   0.0319  0.0901   0.968  0.000  0.000
  114 H   0.0370  0.0982   0.963  0.000  0.000
  115 H   0.0326  0.0847   0.967  0.000  0.000
  116 H   0.0327  0.0853   0.967  0.000  0.000
  117 H   0.0294  0.0833   0.971  0.000  0.000
  118 H   0.0508  0.1069   0.949  0.000  0.000
  119 H   0.0331  0.0914   0.967  0.000  0.000
  120 H   0.0362  0.0924   0.964  0.000  0.000
  121 H   0.0439  0.1021   0.956  0.000  0.000
  122 H   0.0286  0.0862   0.971  0.000  0.000
  123 H   0.0414  0.0972   0.959  0.000  0.000
  124 H   0.0343  0.0964   0.966  0.000  0.000
  125 H   0.0256  0.0779   0.974  0.000  0.000
  126 H   0.0299  0.0824   0.970  0.000  0.000
  127 H   0.0374  0.0884   0.963  0.000  0.000
  128 H   0.0375  0.0971   0.963  0.000  0.000
  129 H   0.0348  0.0907   0.965  0.000  0.000
  130 H   0.0429  0.0984   0.957  0.000  0.000
  131 H   0.0306  0.0867   0.969  0.000  0.000
  132 H   0.0290  0.0860   0.971  0.000  0.000
  133 H   0.0454  0.1028   0.955  0.000  0.000
  134 H   0.0343  0.0946   0.966  0.000  0.000
  135 H   0.0318  0.0840   0.968  0.000  0.000
  136 H   0.0287  0.0802   0.971  0.000  0.000
  137 H   0.0286  0.0805   0.971  0.000  0.000
  138 H   0.0296  0.0817   0.970  0.000  0.000
  139 H   0.0346  0.0869   0.965  0.000  0.000
  140 H   0.0315  0.0842   0.968  0.000  0.000
 Hirshfeld charges for QMDFF written to <charges>
 
 Loewdin charges    n(s)   n(p)   n(d)
    1 MG  0.1223   0.688  1.190  0.000
    2 C   0.0255   1.138  2.837  0.000
    3 C   0.0067   1.074  2.919  0.000
    4 C  -0.0016   1.060  2.942  0.000
    5 C  -0.0560   1.079  2.977  0.000
    6 N  -0.0694   1.364  3.705  0.000
    7 C   0.0127   1.214  2.773  0.000
    8 C  -0.0119   1.160  2.852  0.000
    9 C  -0.0370   1.153  2.884  0.000
   10 C   0.0774   1.170  2.753  0.000
   11 C  -0.1012   1.040  3.061  0.000
   12 C  -0.0401   1.103  2.937  0.000
   13 C  -0.0344   1.078  2.956  0.000
   14 C   0.1551   1.200  2.645  0.000
   15 O  -0.2720   1.626  4.646  0.000
   16 O  -0.1010   1.469  4.632  0.000
   17 N  -0.1840   1.342  3.842  0.000
   18 C   0.0243   1.171  2.805  0.000
   19 C   0.0098   1.174  2.816  0.000
   20 C  -0.0686   1.172  2.897  0.000
   21 C   0.0666   1.148  2.785  0.000
   22 C  -0.0759   1.004  3.072  0.000
   23 C   0.1210   1.199  2.680  0.000
   24 O  -0.2418   1.602  4.640  0.000
   25 C  -0.0961   1.023  3.073  0.000
   26 N  -0.1832   1.368  3.815  0.000
   27 C   0.0491   1.177  2.774  0.000
   28 C   0.0059   1.138  2.857  0.000
   29 C  -0.0073   1.145  2.863  0.000
   30 C   0.0388   1.188  2.773  0.000
   31 C  -0.0825   1.034  3.048  0.000
   32 C  -0.0617   1.085  2.977  0.000
   33 C  -0.0898   1.018  3.072  0.000
   34 N  -0.1946   1.348  3.846  0.000
   35 C   0.0184   1.153  2.829  0.000
   36 C  -0.0218   1.163  2.859  0.000
   37 C  -0.0444   1.119  2.925  0.000
   38 C   0.0118   1.154  2.834  0.000
   39 C  -0.0689   1.001  3.068  0.000
   40 C   0.1477   1.152  2.700  0.000
   41 O  -0.2096   1.600  4.610  0.000
   42 C  -0.0513   1.155  2.897  0.000
   43 C   0.2083   1.137  2.655  0.000
   44 O  -0.2786   1.591  4.688  0.000
   45 O  -0.1151   1.451  4.664  0.000
   46 C   0.0156   1.034  2.951  0.000
   47 C   0.0710   1.068  2.861  0.000
   48 C  -0.0614   1.107  2.955  0.000
   49 C  -0.0185   1.178  2.841  0.000
   50 C  -0.0922   1.010  3.082  0.000
   51 C  -0.0669   1.096  2.971  0.000
   52 C  -0.0678   1.097  2.971  0.000
   53 C  -0.0663   1.092  2.974  0.000
   54 C  -0.0167   1.156  2.860  0.000
   55 C  -0.1220   1.041  3.081  0.000
   56 C  -0.0462   1.080  2.966  0.000
   57 C  -0.0498   1.089  2.960  0.000
   58 C  -0.0757   1.105  2.971  0.000
   59 C  -0.0185   1.158  2.860  0.000
   60 C  -0.1232   1.036  3.087  0.000
   61 C  -0.0672   1.102  2.965  0.000
   62 C  -0.0531   1.099  2.954  0.000
   63 C  -0.0742   1.109  2.966  0.000
   64 C  -0.0082   1.144  2.864  0.000
   65 C  -0.1170   1.042  3.075  0.000
   66 C  -0.1184   1.025  3.093  0.000
   67 H   0.0485   0.951  0.000  0.000
   68 H   0.0550   0.945  0.000  0.000
   69 H   0.0507   0.949  0.000  0.000
   70 H   0.0409   0.959  0.000  0.000
   71 H   0.0304   0.970  0.000  0.000
   72 H   0.0435   0.956  0.000  0.000
   73 H   0.0358   0.964  0.000  0.000
   74 H   0.0314   0.969  0.000  0.000
   75 H   0.0405   0.960  0.000  0.000
   76 H   0.0451   0.955  0.000  0.000
   77 H   0.0424   0.958  0.000  0.000
   78 H   0.0507   0.949  0.000  0.000
   79 H   0.0560   0.944  0.000  0.000
   80 H   0.0491   0.951  0.000  0.000
   81 H   0.0465   0.954  0.000  0.000
   82 H   0.0419   0.958  0.000  0.000
   83 H   0.0460   0.954  0.000  0.000
   84 H   0.0516   0.948  0.000  0.000
   85 H   0.0481   0.952  0.000  0.000
   86 H   0.0409   0.959  0.000  0.000
   87 H   0.0379   0.962  0.000  0.000
   88 H   0.0371   0.963  0.000  0.000
   89 H   0.0426   0.957  0.000  0.000
   90 H   0.0291   0.971  0.000  0.000
   91 H   0.0290   0.971  0.000  0.000
   92 H   0.0384   0.962  0.000  0.000
   93 H   0.0270   0.973  0.000  0.000
   94 H   0.0401   0.960  0.000  0.000
   95 H   0.0489   0.951  0.000  0.000
   96 H   0.0515   0.948  0.000  0.000
   97 H   0.0424   0.958  0.000  0.000
   98 H   0.0490   0.951  0.000  0.000
   99 H   0.0482   0.952  0.000  0.000
  100 H   0.0537   0.946  0.000  0.000
  101 H   0.0526   0.947  0.000  0.000
  102 H   0.0649   0.935  0.000  0.000
  103 H   0.0439   0.956  0.000  0.000
  104 H   0.0342   0.966  0.000  0.000
  105 H   0.0453   0.955  0.000  0.000
  106 H   0.0322   0.968  0.000  0.000
  107 H   0.0419   0.958  0.000  0.000
  108 H   0.0367   0.963  0.000  0.000
  109 H   0.0418   0.958  0.000  0.000
  110 H   0.0258   0.974  0.000  0.000
  111 H   0.0249   0.975  0.000  0.000
  112 H   0.0240   0.976  0.000  0.000
  113 H   0.0305   0.970  0.000  0.000
  114 H   0.0326   0.967  0.000  0.000
  115 H   0.0333   0.967  0.000  0.000
  116 H   0.0335   0.967  0.000  0.000
  117 H   0.0303   0.970  0.000  0.000
  118 H   0.0480   0.952  0.000  0.000
  119 H   0.0307   0.969  0.000  0.000
  120 H   0.0334   0.967  0.000  0.000
  121 H   0.0418   0.958  0.000  0.000
  122 H   0.0284   0.972  0.000  0.000
  123 H   0.0393   0.961  0.000  0.000
  124 H   0.0311   0.969  0.000  0.000
  125 H   0.0272   0.973  0.000  0.000
  126 H   0.0308   0.969  0.000  0.000
  127 H   0.0381   0.962  0.000  0.000
  128 H   0.0359   0.964  0.000  0.000
  129 H   0.0322   0.968  0.000  0.000
  130 H   0.0401   0.960  0.000  0.000
  131 H   0.0286   0.971  0.000  0.000
  132 H   0.0272   0.973  0.000  0.000
  133 H   0.0434   0.957  0.000  0.000
  134 H   0.0297   0.970  0.000  0.000
  135 H   0.0328   0.967  0.000  0.000
  136 H   0.0290   0.971  0.000  0.000
  137 H   0.0293   0.971  0.000  0.000
  138 H   0.0316   0.968  0.000  0.000
  139 H   0.0345   0.966  0.000  0.000
  140 H   0.0336   0.966  0.000  0.000
 
 Wiberg/Mayer (AO) data. WBOs > 0.1 written file <wbo>
 largest (>0.05) Wiberg bond orders for each atom
           total WBO             WBO to atom ...
     1  MG  2.561    N   26 0.517    N   34 0.477    N   17 0.471    N    6 0.374    C   38 0.055    C   30 0.054    C   21 0.051    C   27 0.050
     2  C   3.899    C    7 1.399    C   38 1.228    C   42 0.944
     3  C   3.899    C   10 1.392    C   18 1.280    H   67 0.936
     4  C   3.950    C   27 1.571    C   21 1.193    H   68 0.923
     5  C   3.906    C   30 1.412    C   35 1.283    H   69 0.935
     6  N   3.358    C   10 1.306    C    7 1.212    MG   1 0.374    C   18 0.053
     7  C   3.853    C    2 1.399    N    6 1.212    C    8 0.924
     8  C   3.928    C    9 0.962    C   12 0.943    H   70 0.941    C    7 0.924
     9  C   3.931    C    8 0.962    C   11 0.954    H   71 0.943    C   10 0.936
    10  C   3.865    C    3 1.392    N    6 1.306    C    9 0.936
    11  C   3.967    H   74 0.982    H   72 0.980    H   73 0.979    C    9 0.954
    12  C   3.946    H   75 0.966    C   13 0.964    H   76 0.959    C    8 0.943
    13  C   3.965    C   12 0.964    H   77 0.963    C   14 0.951    H   78 0.951    O   15 0.070
    14  C   3.878    O   15 1.769    O   16 1.113    C   13 0.951
    15  O   2.075    C   14 1.769    O   16 0.165    C   13 0.070
    16  O   2.326    C   14 1.113    C   47 0.950    O   15 0.165
    17  N   3.313    C   21 1.228    C   18 1.148    MG   1 0.471    C   20 0.065    C   19 0.063    C   27 0.055
    18  C   3.854    C    3 1.280    C   19 1.165    N   17 1.148    N    6 0.053
    19  C   3.854    C   20 1.402    C   18 1.165    C   22 1.007    N   17 0.063    O   24 0.051
    20  C   3.894    C   19 1.402    C   21 1.183    C   23 0.961    O   24 0.078    N   17 0.065
    21  C   3.873    N   17 1.228    C    4 1.193    C   20 1.183    MG   1 0.051
    22  C   3.981    C   19 1.007    H   81 0.972    H   80 0.962    H   79 0.960
    23  C   3.872    O   24 1.833    C   25 0.972    C   20 0.961
    24  O   2.141    C   23 1.833    C   20 0.078    C   25 0.071    C   19 0.051
    25  C   3.982    C   23 0.972    H   82 0.972    H   84 0.959    H   83 0.956    O   24 0.071
    26  N   3.338    C   30 1.236    C   27 1.083    MG   1 0.517
    27  C   3.866    C    4 1.571    N   26 1.083    C   28 0.946    N   17 0.055    MG   1 0.050
    28  C   3.942    C   29 0.964    C   31 0.959    C   27 0.946    H   85 0.943
    29  C   3.941    C   28 0.964    C   32 0.947    H   86 0.939    C   30 0.938
    30  C   3.853    C    5 1.412    N   26 1.236    C   29 0.938    MG   1 0.054
    31  C   3.971    H   88 0.981    H   87 0.979    H   89 0.976    C   28 0.959
    32  C   3.953    C   33 1.006    H   91 0.967    H   90 0.962    C   29 0.947
    33  C   3.982    C   32 1.006    H   92 0.982    H   94 0.982    H   93 0.982
    34  N   3.300    C   38 1.203    C   35 1.168    MG   1 0.477    C   37 0.060
    35  C   3.876    C    5 1.283    C   36 1.181    N   34 1.168
    36  C   3.857    C   37 1.367    C   35 1.181    C   39 0.997    O   41 0.060
    37  C   3.920    C   36 1.367    C   38 1.148    C   40 1.109    O   41 0.062    N   34 0.060
    38  C   3.889    C    2 1.228    N   34 1.203    C   37 1.148    MG   1 0.055
    39  C   3.978    C   36 0.997    H   96 0.974    H   97 0.972    H   95 0.961
    40  C   3.899    O   41 1.817    C   37 1.109    C   42 0.825
    41  O   2.172    C   40 1.817    C   42 0.096    C   37 0.062    C   36 0.060
    42  C   3.937    C    2 0.944    H   98 0.932    C   43 0.923    C   40 0.825    O   41 0.096    O   44 0.072
    43  C   3.901    O   44 1.793    O   45 1.122    C   42 0.923
    44  O   2.111    C   43 1.793    O   45 0.170    C   42 0.072
    45  O   2.316    C   43 1.122    C   46 0.954    O   44 0.170
    46  C   3.932    H  100 0.987    H  101 0.986    H   99 0.985    O   45 0.954
    47  C   3.928    C   48 1.001    H  103 0.958    O   16 0.950    H  102 0.947
    48  C   3.960    C   49 1.886    C   47 1.001    H  104 0.938
    49  C   3.930    C   48 1.886    C   50 0.985    C   51 0.961
    50  C   3.988    C   49 0.985    H  107 0.977    H  106 0.975    H  105 0.968
    51  C   3.967    H  109 0.969    C   49 0.961    H  108 0.961    C   52 0.959
    52  C   3.962    C   53 0.994    H  110 0.969    H  111 0.968    C   51 0.959
    53  C   3.963    C   52 0.994    C   54 0.972    H  112 0.963    H  113 0.956
    54  C   3.939    C   56 0.976    C   55 0.975    C   53 0.972    H  114 0.948
    55  C   3.980    H  116 0.984    H  117 0.980    H  115 0.980    C   54 0.975
    56  C   3.963    C   57 0.996    C   54 0.976    H  119 0.960    H  118 0.950
    57  C   3.966    C   56 0.996    C   58 0.972    H  120 0.965    H  121 0.956
    58  C   3.956    C   59 0.979    C   57 0.972    H  122 0.958    H  123 0.957
    59  C   3.936    C   58 0.979    C   60 0.978    C   61 0.960    H  124 0.949
    60  C   3.970    H  125 0.982    C   59 0.978    H  126 0.976    H  127 0.974
    61  C   3.963    C   62 0.987    H  129 0.963    C   59 0.960    H  128 0.958
    62  C   3.960    C   61 0.987    C   63 0.975    H  131 0.969    H  130 0.964
    63  C   3.958    C   62 0.975    C   64 0.969    H  132 0.968    H  133 0.954
    64  C   3.944    C   66 1.009    C   65 0.973    C   63 0.969    H  134 0.955
    65  C   3.977    H  137 0.982    H  136 0.981    H  135 0.978    C   64 0.973
    66  C   3.975    C   64 1.009    H  139 0.977    H  140 0.968    H  138 0.967
    67  H   0.994    C    3 0.936
    68  H   0.993    C    4 0.923
    69  H   0.993    C    5 0.935
    70  H   0.996    C    8 0.941
    71  H   0.996    C    9 0.943
    72  H   0.997    C   11 0.980
    73  H   0.997    C   11 0.979
    74  H   0.998    C   11 0.982
    75  H   0.995    C   12 0.966
    76  H   0.996    C   12 0.959
    77  H   0.998    C   13 0.963
    78  H   0.996    C   13 0.951
    79  H   0.993    C   22 0.960
    80  H   0.992    C   22 0.962
    81  H   0.996    C   22 0.972
    82  H   0.995    C   25 0.972
    83  H   0.998    C   25 0.956
    84  H   0.997    C   25 0.959
    85  H   0.995    C   28 0.943
    86  H   0.995    C   29 0.939
    87  H   0.998    C   31 0.979
    88  H   0.996    C   31 0.981
    89  H   0.997    C   31 0.976
    90  H   0.998    C   32 0.962
    91  H   0.998    C   32 0.967
    92  H   0.997    C   33 0.982
    93  H   0.999    C   33 0.982
    94  H   0.997    C   33 0.982
    95  H   0.990    C   39 0.961
    96  H   0.994    C   39 0.974
    97  H   0.995    C   39 0.972
    98  H   0.993    C   42 0.932
    99  H   0.997    C   46 0.985
   100  H   0.996    C   46 0.987
   101  H   0.997    C   46 0.986
   102  H   0.994    C   47 0.947
   103  H   0.997    C   47 0.958
   104  H   0.998    C   48 0.938
   105  H   0.998    C   50 0.968
   106  H   0.998    C   50 0.975
   107  H   0.998    C   50 0.977
   108  H   0.998    C   51 0.961
   109  H   0.997    C   51 0.969
   110  H   0.999    C   52 0.969
   111  H   0.999    C   52 0.968
   112  H   0.999    C   53 0.963
   113  H   0.999    C   53 0.956
   114  H   0.999    C   54 0.948
   115  H   0.999    C   55 0.980
   116  H   0.999    C   55 0.984
   117  H   0.999    C   55 0.980
   118  H   0.996    C   56 0.950
   119  H   0.998    C   56 0.960
   120  H   0.998    C   57 0.965
   121  H   0.998    C   57 0.956
   122  H   0.999    C   58 0.958
   123  H   0.996    C   58 0.957
   124  H   0.999    C   59 0.949
   125  H   0.999    C   60 0.982
   126  H   0.998    C   60 0.976
   127  H   0.998    C   60 0.974
   128  H   0.999    C   61 0.958
   129  H   0.999    C   61 0.963
   130  H   0.997    C   62 0.964
   131  H   0.999    C   62 0.969
   132  H   0.999    C   63 0.968
   133  H   0.998    C   63 0.954
   134  H   0.999    C   64 0.955
   135  H   0.998    C   65 0.978
   136  H   0.999    C   65 0.981
   137  H   0.999    C   65 0.982
   138  H   0.999    C   66 0.967
   139  H   0.999    C   66 0.977
   140  H   0.998    C   66 0.968
 
 --------------------------------------------
          xTB calculation for sTDA...
 --------------------------------------------
 
 reading parameter file ~/.param_stda2.xtb
 
      method parameters     
 k(s)        :  1.6000
 k(p)        :  2.1800
 k(d)        :  1.9500
 k(f)        :  2.0000
 k(R-V)      :  2.2750
 k(R-R)      :  1.7650
 Tscal       :  0.2580
 Gscal       :  1.0000
 fpol        :  1.0000
 Zcnf        :  0.3430
 Zqf         :  0.0000
 kcn         :  2.7000
 Ryd Hsplit  :  0.7000
 lshift(virt):  3.1000
 lshift(OS)  :  0.2000
 wllscaling  :  2.6000
 
 mowrcut     : 3.000
 
  Z AO/shell   Hii/eV     exponent
  1     Sun Feb 14 09:53:25 CET 2016    EN: 2.327 GAM: 0.473  GM3: 0.0000
     1s    -14.339618    1.220000
     2sp    -3.348946    0.600000
  6     Sun Feb 14 09:53:25 CET 2016    EN: 2.731 GAM: 0.422  GM3: 0.0000
     2s    -22.009312    1.565095
     2p    -13.020408    1.596905
     3sp    -3.914040    0.824500
  7     Sun Feb 14 09:53:25 CET 2016    EN: 3.573 GAM: 0.504  GM3: 0.0000
     2s    -25.722000    2.064844
     2p    -18.684912    1.801692
     3sp    -4.344791    0.921400
  8     Sun Feb 14 09:53:25 CET 2016    EN: 3.700 GAM: 0.587  GM3: 0.0000
     2s    -33.859000    2.418661
     2p    -22.175911    1.973969
     3sp    -4.259392    1.013700
 12     Sun Feb 21 16:58:31 CET 2016    EN: 0.033 GAM: 0.222  GM3: 0.0000
     3s    -11.092543    1.647583
     3p     -6.929529    0.855020
 
 Nbf   :          894
 T(el) :     0.0
 calculating S/T integrals ...
 cpu time for ints    1.19731800000000     
 Nao   :          894
 making H0...
 making H1...
 cpu time for H      2.182900000000010E-002
 solving ...
 cpu time for diag   0.277525000000000     
 
 gap (eV)           :   4.774
 Koopmans IP (eV)   :  13.420
 Eel (Eh)           :  -301.686942

          eigenvalues
 #    :         164        165        166        167        168        169        170        171
 occ. :        2.000      2.000      2.000      2.000      2.000      2.000      2.000      2.000
 eps  :       -17.524    -17.393    -17.068    -16.450    -16.125    -16.064    -15.877    -15.719
 #    :         172        173        174        175        176        177        178        179
 occ. :        2.000      2.000      2.000      2.000      2.000      0.000      0.000      0.000
 eps  :       -15.681    -15.500    -15.179    -14.049    -13.421     -8.647     -7.007     -6.775
 #    :         180        181        182        183        184        185        186        187
 occ. :        0.000      0.000      0.000      0.000      0.000      0.000      0.000      0.000
 eps  :        -6.403     -6.109     -5.892     -5.827     -5.405     -5.282     -5.143     -5.036
                            1  SCC done.
 writing mo output ...
 molden style : F
 
speedup  1.14
cpu  time for all    1.96 s
wall time for all    1.72 s
