cpu-bind=MASK - bp1-compute163, task 4294967295 4294967295 [0]: mask 0xffffff00ffffff set
Host:    bp1-compute163.data.bp.acrc.priv
Time:    Tue Apr 26 22:15:58 BST 2022
Dir:     /user/home/of15641/chlorophyll_parameterization/tddft_data/step_1001_chromophore_4
Job ID:  1658067
Nodelist:
cat: bp1-compute163: No such file or directory
  
Result dir: /user/home/of15641/chlorophyll_parameterization/tddft_data/step_1001_chromophore_4
running gaussian jobs
Running time g16 < CAMB3LYP_step_1001_chromophore_4.com > CAMB3LYP_step_1001_chromophore_4.log

real	24m56.632s
user	585m35.287s
sys	0m25.124s
Running time g16 < PBE0_step_1001_chromophore_4.com > PBE0_step_1001_chromophore_4.log

real	20m59.996s
user	501m15.894s
sys	0m23.784s
Running time g16 < wB97XD_step_1001_chromophore_4.com > wB97XD_step_1001_chromophore_4.log

real	25m49.738s
user	607m44.777s
sys	0m24.196s
Running time g16 < BLYP_step_1001_chromophore_4.com > BLYP_step_1001_chromophore_4.log

real	11m20.080s
user	269m55.877s
sys	0m20.285s
Running time g16 < ZINDO_step_1001_chromophore_4.com > ZINDO_step_1001_chromophore_4.log

real	0m9.156s
user	3m15.666s
sys	0m2.783s
