 
        ______________________________________
       |                                      |
       |          ===================         |
       |             xTB for sTDA             |
       |          ===================         |
       |               S. Grimme              |
       |        Universitaet Bonn, MCTC       |
       |         2015-19, Version 1.0         |
       |     Wed Apr  3 09:14:55 CEST 2019    |
       |______________________________________|
 
        This code comes without any warranty
        for non-commercial, academia use only.
        Preliminary test version.
        Cite this work as:
        S. Grimme  &  C. Bannwarth, JCP 145 (2016) 054103
        if GBSA is used additionally:
        P. Shushkov, F. März, C. Bannwarth, S. Grimme, unpublished.
 
        with help from
        P. Shushkov, G. Brandenburg, S. Dohm, J. Pisarek,
        F. März, M. Checinski, S. Ehrlich, S. Spicher, 
        P. Pracht, E. Caldeweyher, S. Ehlert, and C. Bannwarth.
 
        usage        :
        xtb4stda <coord_file> [options]
        where <coord_file> is a valid file of TM)
        (*coord, Bohr) or xmol (*xyz, Angstroem)
        format.

        options:
        -chrg <int>   : molecular charge
        -uhf  <int>   : # of unpaired electrons(=2*S)
        -nox          : skip second, extended part in sTDA-xTB
        -pop          : do population analysis
                      : (default for -nox)
        -mowr <real>  : cut MO write above (def.3 Eh)
        -molden       : write formatted molden file
        -parx <file>  : read parameters for sTDA-xTB
                        calc (def:~/.param_stda2.xtb)
        -parv <file>  : read parameters for vTB part in
                        sTDA-xTB (def: ~/.param_stda1.xtb)
        -xtemp <real> : el. temp for xTB (def. 0 K)
        -etemp <real> : el. temp for GFN (def. 300 K)
        -fod          : calculate the FOD and write
                        molden.input file with
                        appropriate occupations
                        for plotting. Def. T=12500 K
 
        -acc <real>   : xTB accuracy (def. 1.0)
        -gbsa [string1] [string2]
                        use GBSA implicit solvent
                        for solvent [string1] and
                        solvation state [string2]=
                        reference, bar1M (default=1M)
        additional GFN/opt/MD/siman options read from
        $XTB4STDAHOME/.xtb4stdarc or $set in input
 
       spin and charge state information can be on:
       <.CHRG> (charge) and <.UHF> (=nalpha-nbeta)
       -uhf and -chrg override the file info.
       useful machine settings:
       setenv MKL_NUM_THREADS <NCORE_ON_YOUR_MACHINE>
       setenv OMP_STACKSIZE 500m
       limit stacksize unlimited
 
       total energies in Eh, gaps/HL energies in eV
       please read REVISION and HOWTO files carefully
 =============================
  # OMP threads =           4
 =============================
 
 xtb4stdahome directory:~/
 
 
 name of molecule           :
 comment line               :
 number of atoms            :   140
 number of electrons        :   352
 charge                     :  0
 spin                       : 0.0
 first test random number   :  0.1731
 
 -----------------------------------------
      charge density (VTB) calculation
 -----------------------------------------
 
      method parameters     
 k(s)        :  1.8000
 k(p)        :  2.8350
 k(d)        :  2.0860
 k(f)        :  2.0000
 Tscal       :  0.3300
 Gscal       :  0.3910
 fpol        :  1.0000
 Zcnf        :  0.6500
 Zqf         :  0.0000
 kcn         :  0.3000
 kEN1        : -0.5900
 wllscal     :  2.6000
 
     -------------------------
     ! NO SOLVENT MODEL USED !
     -------------------------
 
 doing EN charges ...
 sum q :  0.3774758D-14
 point charge moment (au)
     X       Y       Z   
   0.3989  -0.0237   0.7299  total (Debye):    2.115
 
            Z      q(EN)   CN      Cart. coordinates
     1  MG  2.0   0.874   4.640    16.50487    90.33079    47.21102
     2  C   4.0   0.025   3.285    12.30212    90.89582    52.57029
     3  C   4.0  -0.058   3.153    21.12903    92.84979    51.10575
     4  C   4.0  -0.060   3.171    20.38447    90.54433    42.23537
     5  C   4.0  -0.058   3.182    11.29489    89.84513    43.51094
     6  N   5.0  -0.344   3.065    16.53510    91.83501    51.42889
     7  C   4.0   0.136   3.314    14.77577    91.67627    53.15799
     8  C   4.0  -0.096   4.212    15.91716    92.68539    55.63731
     9  C   4.0  -0.094   4.123    18.43239    94.16693    54.80961
    10  C   4.0   0.087   3.386    18.77443    92.85357    52.29628
    11  C   4.0  -0.238   4.052    18.27554    96.99018    54.29750
    12  C   4.0  -0.161   4.068    16.29700    90.52921    57.55538
    13  C   4.0  -0.168   4.047    16.27243    91.41360    60.31060
    14  C   4.0   0.185   3.086    15.06867    89.51443    62.20600
    15  O   6.0  -0.118   1.048    15.63937    87.37148    62.58016
    16  O   6.0  -0.104   2.021    13.02777    90.58779    63.50424
    17  N   5.0  -0.441   3.200    20.25219    91.27187    46.76883
    18  C   4.0   0.081   3.426    21.85468    91.84635    48.69257
    19  C   4.0   0.013   3.224    24.46817    91.86147    47.80818
    20  C   4.0   0.003   3.238    24.36613    91.36636    45.12855
    21  C   4.0   0.071   3.396    21.60713    91.05644    44.52950
    22  C   4.0  -0.249   4.028    26.66214    92.39815    49.49003
    23  C   4.0   0.103   3.050    26.43160    91.09802    43.04985
    24  O   6.0  -0.094   1.052    26.16326    90.40638    40.81997
    25  C   4.0  -0.253   4.056    28.92415    91.82745    43.92101
    26  N   5.0  -0.425   3.151    15.88315    90.51220    43.38244
    27  C   4.0   0.078   3.371    17.83523    90.48386    41.59854
    28  C   4.0  -0.097   4.115    16.97541    89.97930    38.99827
    29  C   4.0  -0.093   4.104    13.99531    89.44451    39.31197
    30  C   4.0   0.083   3.352    13.63437    89.83757    42.23160
    31  C   4.0  -0.236   4.011    17.51020    92.19595    37.00272
    32  C   4.0  -0.163   4.025    13.09769    86.58913    38.69970
    33  C   4.0  -0.238   4.007    10.61459    86.25087    37.35043
    34  N   5.0  -0.416   3.262    12.45518    90.23441    47.72314
    35  C   4.0   0.091   3.503    10.55223    89.99820    46.05829
    36  C   4.0   0.021   3.231     8.12582    90.04922    47.23559
    37  C   4.0  -0.001   3.536     8.85715    89.99442    49.89443
    38  C   4.0   0.086   3.740    11.47820    90.34780    50.04183
    39  C   4.0  -0.247   4.017     5.54635    89.93017    46.10742
    40  C   4.0   0.101   3.302     7.85748    89.76765    52.33218
    41  O   6.0  -0.087   1.052     5.65973    89.15916    52.89343
    42  C   4.0  -0.124   4.318     9.99098    90.53488    54.03482
    43  C   4.0   0.154   3.202    10.01933    88.30878    55.84140
    44  O   6.0  -0.082   1.041    11.61048    86.54189    55.72424
    45  O   6.0  -0.104   2.014     8.10881    88.52421    57.64042
    46  C   4.0  -0.202   4.021     8.10881    86.42284    59.53771
    47  C   4.0  -0.140   4.068    11.76165    88.72830    65.21255
    48  C   4.0  -0.054   3.109    13.04667    88.07257    67.64463
    49  C   4.0   0.021   3.093    12.23598    88.25776    70.01624
    50  C   4.0  -0.250   4.049     9.79256    89.35569    71.02157
    51  C   4.0  -0.178   4.111    14.05200    87.63415    72.06659
    52  C   4.0  -0.164   4.061    15.12726    90.01710    73.32515
    53  C   4.0  -0.164   4.063    18.07145    90.09457    73.56703
    54  C   4.0  -0.087   4.041    18.88592    89.35380    76.27123
    55  C   4.0  -0.238   4.035    18.84624    91.68950    78.04568
    56  C   4.0  -0.163   4.047    21.55610    87.99698    76.24477
    57  C   4.0  -0.162   4.023    21.56366    85.67828    78.18174
    58  C   4.0  -0.165   4.093    24.33589    85.38349    79.27022
    59  C   4.0  -0.089   4.075    24.62502    83.31046    81.24877
    60  C   4.0  -0.240   4.070    26.44105    81.32058    80.28879
    61  C   4.0  -0.165   4.099    25.48673    84.36870    83.73943
    62  C   4.0  -0.163   4.049    23.15481    85.21152    85.28900
    63  C   4.0  -0.165   4.063    22.78254    88.12548    85.14538
    64  C   4.0  -0.087   3.999    21.20839    89.47096    87.27510
    65  C   4.0  -0.237   4.015    19.61913    91.82556    86.31890
    66  C   4.0  -0.238   4.029    23.12836    90.36292    89.38971
    67  H   1.0   0.071   1.006    22.62569    93.88725    52.07707
    68  H   1.0   0.071   1.008    21.55421    90.20040    40.57053
    69  H   1.0   0.071   1.008     9.82280    89.55222    42.09365
    70  H   1.0   0.085   1.008    14.63782    94.04599    56.50659
    71  H   1.0   0.084   1.007    20.05566    93.72474    55.99825
    72  H   1.0   0.081   1.000    18.61380    97.46829    52.32273
    73  H   1.0   0.080   0.998    19.64559    98.06355    55.39921
    74  H   1.0   0.081   0.998    16.37070    97.74230    54.51481
    75  H   1.0   0.083   1.008    18.24719    89.92450    57.27570
    76  H   1.0   0.083   1.004    15.11781    88.84547    57.43822
    77  H   1.0   0.082   1.002    15.50142    93.29577    60.63564
    78  H   1.0   0.081   1.002    18.18105    91.97107    60.85107
    79  H   1.0   0.081   1.001    26.12735    92.09012    51.45346
    80  H   1.0   0.080   0.997    27.53898    94.25008    49.69979
    81  H   1.0   0.081   1.007    27.83188    90.78621    48.96091
    82  H   1.0   0.081   1.008    29.49295    90.06056    44.81296
    83  H   1.0   0.081   0.999    29.09611    93.48096    45.13610
    84  H   1.0   0.081   1.005    29.97294    92.02776    42.15979
    85  H   1.0   0.084   1.008    17.84468    88.21808    38.37655
    86  H   1.0   0.083   1.004    12.78022    90.77488    38.31419
    87  H   1.0   0.080   1.000    18.95395    91.28888    35.84621
    88  H   1.0   0.080   0.998    18.31333    93.81167    37.99294
    89  H   1.0   0.080   0.998    15.78677    92.62114    35.95582
    90  H   1.0   0.082   1.003    13.26966    85.56301    40.47793
    91  H   1.0   0.082   1.006    14.39971    85.75198    37.34098
    92  H   1.0   0.080   0.998     9.40328    84.79011    38.15168
    93  H   1.0   0.080   1.000    11.03222    85.30790    35.56653
    94  H   1.0   0.080   0.998     9.70185    88.03666    36.87800
    95  H   1.0   0.080   1.000     5.57280    90.92038    44.30085
    96  H   1.0   0.080   0.999     4.12338    90.77488    47.33386
    97  H   1.0   0.081   1.002     5.16651    87.91761    45.89955
    98  H   1.0   0.087   1.011     9.28233    92.25075    54.92677
    99  H   1.0   0.080   0.997     6.07547    86.23386    59.81550
   100  H   1.0   0.081   0.997     9.11226    87.23542    61.14397
   101  H   1.0   0.080   0.996     9.12549    84.67295    59.15787
   102  H   1.0   0.082   1.004    11.37237    86.91228    64.32249
   103  H   1.0   0.082   1.001     9.87571    89.46908    65.58672
   104  H   1.0   0.071   1.008    14.96474    87.32613    67.53314
   105  H   1.0   0.080   0.997     9.62437    89.94907    72.98689
   106  H   1.0   0.080   0.998     8.12015    88.26154    70.52457
   107  H   1.0   0.081   1.001     9.50910    91.12636    70.00868
   108  H   1.0   0.083   1.005    15.60914    86.51354    71.31259
   109  H   1.0   0.082   1.004    13.12037    86.29245    73.32326
   110  H   1.0   0.082   1.003    14.24286    90.26276    75.16952
   111  H   1.0   0.082   1.002    14.54522    91.81989    72.51634
   112  H   1.0   0.083   1.004    18.51553    92.06178    73.15696
   113  H   1.0   0.082   1.001    19.05033    89.06278    72.07793
   114  H   1.0   0.083   1.009    17.52721    88.04611    77.10082
   115  H   1.0   0.081   1.000    20.15204    91.26242    79.58014
   116  H   1.0   0.080   0.997    17.06045    92.01265    79.02267
   117  H   1.0   0.080   0.997    19.61347    93.44506    77.28790
   118  H   1.0   0.081   1.000    23.16237    89.26876    76.45831
   119  H   1.0   0.082   1.003    21.89248    87.07101    74.43631
   120  H   1.0   0.081   1.001    21.05155    83.94352    77.19719
   121  H   1.0   0.082   1.002    20.23330    86.14505    79.68407
   122  H   1.0   0.083   1.005    24.86312    87.15605    80.17729
   123  H   1.0   0.083   1.004    25.51130    85.16806    77.59404
   124  H   1.0   0.084   1.012    22.87324    82.24465    81.44152
   125  H   1.0   0.081   1.000    27.25552    81.86104    78.47654
   126  H   1.0   0.081   0.998    25.49807    79.56691    79.76533
   127  H   1.0   0.081   0.999    28.14369    81.17129    81.43963
   128  H   1.0   0.083   1.005    26.73395    85.96552    83.36715
   129  H   1.0   0.083   1.005    26.41081    82.89094    84.83736
   130  H   1.0   0.081   1.002    23.33056    84.72019    87.28266
   131  H   1.0   0.081   1.002    21.48429    84.13249    84.74665
   132  H   1.0   0.082   1.003    22.01153    88.58657    83.29156
   133  H   1.0   0.084   1.008    24.63258    88.96641    85.47041
   134  H   1.0   0.082   1.006    19.94795    88.00076    87.97241
   135  H   1.0   0.079   0.996    17.56311    91.71029    86.34725
   136  H   1.0   0.080   0.999    20.26731    92.19595    84.39894
   137  H   1.0   0.080   0.998    20.07267    93.44317    87.51321
   138  H   1.0   0.080   0.997    22.26097    90.73708    91.22085
   139  H   1.0   0.080   0.999    23.96739    92.12036    88.71696
   140  H   1.0   0.080   0.997    24.78376    89.15349    89.59002
 
  Z AO/shell   Hii/eV     exponent
  1     Sat Feb 20 21:38:01 CET 2016    EN: 2.327 GAM: 0.473  GM3: 0.0000
     1s    -13.751157    1.051071
  6     Sat Feb 20 21:38:01 CET 2016    EN: 2.731 GAM: 0.422  GM3: 0.0000
     2s    -19.378245    2.021003
     2p    -11.993376    1.497917
  7     Sat Feb 20 21:38:01 CET 2016    EN: 3.573 GAM: 0.504  GM3: 0.0000
     2s    -21.576984    2.275442
     2p    -16.125120    2.056788
  8     Sat Feb 20 21:38:01 CET 2016    EN: 3.700 GAM: 0.587  GM3: 0.0000
     2s    -21.648843    2.110798
     2p    -17.239740    2.329048
 12     Sat Feb 20 23:25:47 CET 2016    EN: 0.033 GAM: 0.222  GM3: 0.0000
     3s    -12.693633    1.302878
     3p     -8.128821    0.504252
 
 dipole moment of classical point charges (au)
     X       Y       Z   
   0.3989  -0.0237   0.7299  total (Debye):    2.115

 
 Nbf   :          338
 T(el) :   300.0
 calculating S/T integrals ...
 cpu time for ints   0.142290000000000     
 Nao   :          338
 making H0...
 making H1...
 cpu time for H      4.674000000000011E-003
 solving ...
 cpu time for diag   5.414300000000000E-002
 
 gap (eV)           :   1.276
 Koopmans IP (eV)   :  12.243
 Eel (Eh)           :  -268.455427
 T,E(Fermi),NFOD :    300.000   -11.605  0.000000
 T,E(Fermi),NFOD :    300.000   -11.605  0.000000
 Nfod               :  0.0000
 Nfod/Nel           :  0.0000

          eigenvalues
 #    :         164        165        166        167        168        169        170        171
 occ. :        2.000      2.000      2.000      2.000      2.000      2.000      2.000      2.000
 eps  :       -16.316    -16.271    -16.013    -15.891    -15.737    -15.606    -15.378    -14.976
 #    :         172        173        174        175        176        177        178        179
 occ. :        2.000      2.000      2.000      2.000      2.000      0.000      0.000      0.000
 eps  :       -14.888    -14.795    -14.651    -13.152    -12.244    -10.967     -9.863     -8.584
 #    :         180        181        182        183        184        185        186        187
 occ. :        0.000      0.000      0.000      0.000      0.000      0.000      0.000      0.000
 eps  :        -8.462     -8.205     -8.136     -8.119     -7.536     -7.524     -7.283     -7.046
                            1  SCC done.
 making H1...
 cpu time for H      6.790099999999999E-002
 solving ...
 cpu time for diag   3.388300000000000E-002
 
 gap (eV)           :   1.573
 Koopmans IP (eV)   :  12.099
 Eel (Eh)           :  -265.018450
 T,E(Fermi),NFOD :    300.000   -11.312  0.000000
 T,E(Fermi),NFOD :    300.000   -11.312  0.000000
 Nfod               :  0.0000
 Nfod/Nel           :  0.0000

          eigenvalues
 #    :         164        165        166        167        168        169        170        171
 occ. :        2.000      2.000      2.000      2.000      2.000      2.000      2.000      2.000
 eps  :       -15.101    -14.978    -14.934    -14.735    -14.723    -14.635    -14.203    -14.192
 #    :         172        173        174        175        176        177        178        179
 occ. :        2.000      2.000      2.000      2.000      2.000      0.000      0.000      0.000
 eps  :       -14.106    -13.673    -13.468    -12.529    -12.100    -10.527     -9.225     -8.354
 #    :         180        181        182        183        184        185        186        187
 occ. :        0.000      0.000      0.000      0.000      0.000      0.000      0.000      0.000
 eps  :        -8.333     -8.197     -8.041     -7.767     -7.438     -7.360     -7.017     -6.865
                            2  SCC done.
 
 
 Mulliken/CM5 charges    n(s)   n(p)   n(d)   
    1 MG  0.3166  0.7534   0.658  1.026  0.000
    2 C   0.0342  0.0387   1.161  2.804  0.000
    3 C  -0.0382 -0.0816   1.130  2.908  0.000
    4 C  -0.0221 -0.0633   1.119  2.903  0.000
    5 C  -0.0308 -0.0706   1.126  2.905  0.000
    6 N  -0.1542 -0.3904   1.399  3.756  0.000
    7 C   0.0657  0.1399   1.214  2.720  0.000
    8 C  -0.0244 -0.0768   1.212  2.812  0.000
    9 C  -0.0121 -0.0695   1.193  2.819  0.000
   10 C   0.0178  0.0729   1.225  2.758  0.000
   11 C  -0.0898 -0.2371   1.100  2.989  0.000
   12 C  -0.0450 -0.1503   1.150  2.895  0.000
   13 C  -0.0817 -0.1832   1.149  2.933  0.000
   14 C   0.2314  0.2830   1.187  2.581  0.000
   15 O  -0.2403 -0.2934   1.617  4.623  0.000
   16 O  -0.1726 -0.2430   1.520  4.653  0.000
   17 N  -0.2120 -0.4976   1.382  3.830  0.000
   18 C   0.0036  0.0658   1.197  2.799  0.000
   19 C  -0.0472 -0.0541   1.219  2.828  0.000
   20 C  -0.0869 -0.0828   1.233  2.853  0.000
   21 C   0.0114  0.0706   1.212  2.776  0.000
   22 C  -0.0788 -0.2241   1.074  3.005  0.000
   23 C   0.1511  0.1701   1.207  2.642  0.000
   24 O  -0.2532 -0.3043   1.631  4.622  0.000
   25 C  -0.0801 -0.2221   1.088  2.992  0.000
   26 N  -0.1805 -0.4617   1.413  3.768  0.000
   27 C   0.0275  0.0778   1.218  2.755  0.000
   28 C  -0.0104 -0.0678   1.199  2.812  0.000
   29 C  -0.0359 -0.0917   1.233  2.802  0.000
   30 C   0.0355  0.0889   1.243  2.722  0.000
   31 C  -0.0761 -0.2233   1.112  2.964  0.000
   32 C  -0.0540 -0.1640   1.153  2.901  0.000
   33 C  -0.0933 -0.2457   1.089  3.004  0.000
   34 N  -0.2247 -0.4987   1.387  3.838  0.000
   35 C   0.0578  0.1249   1.180  2.762  0.000
   36 C   0.0066  0.0012   1.218  2.776  0.000
   37 C  -0.0647 -0.0559   1.185  2.879  0.000
   38 C   0.0319  0.1047   1.196  2.772  0.000
   39 C  -0.0514 -0.1948   1.076  2.975  0.000
   40 C   0.1377  0.1679   1.184  2.678  0.000
   41 O  -0.2685 -0.3102   1.639  4.630  0.000
   42 C   0.0013 -0.0413   1.166  2.832  0.000
   43 C   0.1906  0.2411   1.216  2.593  0.000
   44 O  -0.2774 -0.3242   1.637  4.640  0.000
   45 O  -0.1465 -0.2255   1.514  4.633  0.000
   46 C   0.0094 -0.1155   1.106  2.884  0.000
   47 C   0.0321 -0.0486   1.128  2.840  0.000
   48 C  -0.0630 -0.1202   1.154  2.909  0.000
   49 C  -0.0096 -0.0344   1.201  2.809  0.000
   50 C  -0.1004 -0.2463   1.081  3.020  0.000
   51 C  -0.0578 -0.1636   1.132  2.926  0.000
   52 C  -0.0685 -0.1794   1.154  2.915  0.000
   53 C  -0.0643 -0.1739   1.158  2.906  0.000
   54 C  -0.0181 -0.0896   1.211  2.808  0.000
   55 C  -0.1105 -0.2608   1.105  3.006  0.000
   56 C  -0.0769 -0.1867   1.167  2.910  0.000
   57 C  -0.0711 -0.1833   1.166  2.905  0.000
   58 C  -0.0791 -0.1901   1.164  2.915  0.000
   59 C  -0.0100 -0.0847   1.183  2.827  0.000
   60 C  -0.1155 -0.2670   1.104  3.011  0.000
   61 C  -0.0461 -0.1569   1.150  2.896  0.000
   62 C  -0.0676 -0.1799   1.153  2.915  0.000
   63 C  -0.0790 -0.1903   1.161  2.918  0.000
   64 C  -0.0242 -0.0981   1.211  2.813  0.000
   65 C  -0.0994 -0.2487   1.105  2.995  0.000
   66 C  -0.1073 -0.2579   1.110  2.997  0.000
   67 H   0.0573  0.1166   0.943  0.000  0.000
   68 H   0.0591  0.1227   0.941  0.000  0.000
   69 H   0.0400  0.0998   0.960  0.000  0.000
   70 H   0.0357  0.0977   0.964  0.000  0.000
   71 H   0.0521  0.1125   0.948  0.000  0.000
   72 H   0.0423  0.0966   0.958  0.000  0.000
   73 H   0.0374  0.0889   0.963  0.000  0.000
   74 H   0.0358  0.0884   0.964  0.000  0.000
   75 H   0.0322  0.0915   0.968  0.000  0.000
   76 H   0.0618  0.1263   0.938  0.000  0.000
   77 H   0.0326  0.0922   0.967  0.000  0.000
   78 H   0.0410  0.0978   0.959  0.000  0.000
   79 H   0.0442  0.0980   0.956  0.000  0.000
   80 H   0.0608  0.1118   0.939  0.000  0.000
   81 H   0.0538  0.1091   0.946  0.000  0.000
   82 H   0.0624  0.1191   0.938  0.000  0.000
   83 H   0.0527  0.1066   0.947  0.000  0.000
   84 H   0.0482  0.1073   0.952  0.000  0.000
   85 H   0.0579  0.1189   0.942  0.000  0.000
   86 H   0.0502  0.1101   0.950  0.000  0.000
   87 H   0.0433  0.0958   0.957  0.000  0.000
   88 H   0.0451  0.0981   0.955  0.000  0.000
   89 H   0.0474  0.0995   0.953  0.000  0.000
   90 H   0.0417  0.0989   0.958  0.000  0.000
   91 H   0.0335  0.0901   0.966  0.000  0.000
   92 H   0.0395  0.0905   0.961  0.000  0.000
   93 H   0.0294  0.0813   0.971  0.000  0.000
   94 H   0.0352  0.0873   0.965  0.000  0.000
   95 H   0.0476  0.1004   0.952  0.000  0.000
   96 H   0.0554  0.1083   0.945  0.000  0.000
   97 H   0.0569  0.1102   0.943  0.000  0.000
   98 H   0.0700  0.1368   0.930  0.000  0.000
   99 H   0.0547  0.1163   0.945  0.000  0.000
  100 H   0.0480  0.1109   0.952  0.000  0.000
  101 H   0.0680  0.1280   0.932  0.000  0.000
  102 H   0.0641  0.1306   0.936  0.000  0.000
  103 H   0.0435  0.1072   0.957  0.000  0.000
  104 H   0.0416  0.1033   0.958  0.000  0.000
  105 H   0.0464  0.0983   0.954  0.000  0.000
  106 H   0.0384  0.0901   0.962  0.000  0.000
  107 H   0.0325  0.0858   0.968  0.000  0.000
  108 H   0.0363  0.0941   0.964  0.000  0.000
  109 H   0.0379  0.0939   0.962  0.000  0.000
  110 H   0.0289  0.0855   0.971  0.000  0.000
  111 H   0.0391  0.0952   0.961  0.000  0.000
  112 H   0.0341  0.0907   0.966  0.000  0.000
  113 H   0.0410  0.0966   0.959  0.000  0.000
  114 H   0.0400  0.1008   0.960  0.000  0.000
  115 H   0.0272  0.0806   0.973  0.000  0.000
  116 H   0.0373  0.0885   0.963  0.000  0.000
  117 H   0.0300  0.0816   0.970  0.000  0.000
  118 H   0.0353  0.0905   0.965  0.000  0.000
  119 H   0.0305  0.0867   0.969  0.000  0.000
  120 H   0.0346  0.0895   0.965  0.000  0.000
  121 H   0.0295  0.0859   0.971  0.000  0.000
  122 H   0.0300  0.0885   0.970  0.000  0.000
  123 H   0.0346  0.0916   0.965  0.000  0.000
  124 H   0.0377  0.0993   0.962  0.000  0.000
  125 H   0.0254  0.0785   0.975  0.000  0.000
  126 H   0.0383  0.0899   0.962  0.000  0.000
  127 H   0.0330  0.0857   0.967  0.000  0.000
  128 H   0.0411  0.0990   0.959  0.000  0.000
  129 H   0.0436  0.1003   0.956  0.000  0.000
  130 H   0.0266  0.0821   0.973  0.000  0.000
  131 H   0.0316  0.0873   0.968  0.000  0.000
  132 H   0.0341  0.0911   0.966  0.000  0.000
  133 H   0.0303  0.0897   0.970  0.000  0.000
  134 H   0.0254  0.0839   0.975  0.000  0.000
  135 H   0.0399  0.0903   0.960  0.000  0.000
  136 H   0.0332  0.0861   0.967  0.000  0.000
  137 H   0.0340  0.0865   0.966  0.000  0.000
  138 H   0.0354  0.0863   0.965  0.000  0.000
  139 H   0.0254  0.0782   0.975  0.000  0.000
  140 H   0.0378  0.0897   0.962  0.000  0.000
 Hirshfeld charges for QMDFF written to <charges>
 
 Loewdin charges    n(s)   n(p)   n(d)
    1 MG  0.1564   0.669  1.174  0.000
    2 C   0.0345   1.121  2.844  0.000
    3 C  -0.0353   1.078  2.958  0.000
    4 C  -0.0190   1.065  2.954  0.000
    5 C  -0.0276   1.073  2.954  0.000
    6 N  -0.1217   1.355  3.767  0.000
    7 C   0.0642   1.178  2.758  0.000
    8 C  -0.0185   1.166  2.853  0.000
    9 C  -0.0033   1.144  2.859  0.000
   10 C   0.0222   1.188  2.790  0.000
   11 C  -0.0921   1.028  3.064  0.000
   12 C  -0.0390   1.090  2.949  0.000
   13 C  -0.0847   1.092  2.993  0.000
   14 C   0.2070   1.162  2.631  0.000
   15 O  -0.2223   1.584  4.639  0.000
   16 O  -0.1429   1.489  4.654  0.000
   17 N  -0.1777   1.339  3.839  0.000
   18 C   0.0052   1.159  2.836  0.000
   19 C  -0.0367   1.178  2.859  0.000
   20 C  -0.0952   1.200  2.895  0.000
   21 C   0.0168   1.173  2.810  0.000
   22 C  -0.0802   0.999  3.081  0.000
   23 C   0.1529   1.170  2.677  0.000
   24 O  -0.2398   1.602  4.637  0.000
   25 C  -0.0850   1.014  3.071  0.000
   26 N  -0.1440   1.369  3.775  0.000
   27 C   0.0354   1.178  2.786  0.000
   28 C  -0.0015   1.150  2.851  0.000
   29 C  -0.0290   1.189  2.840  0.000
   30 C   0.0403   1.206  2.754  0.000
   31 C  -0.0759   1.040  3.036  0.000
   32 C  -0.0484   1.094  2.954  0.000
   33 C  -0.0956   1.017  3.079  0.000
   34 N  -0.1934   1.344  3.850  0.000
   35 C   0.0576   1.142  2.801  0.000
   36 C   0.0147   1.177  2.808  0.000
   37 C  -0.0736   1.148  2.925  0.000
   38 C   0.0357   1.157  2.807  0.000
   39 C  -0.0498   1.000  3.050  0.000
   40 C   0.1357   1.148  2.716  0.000
   41 O  -0.2568   1.612  4.645  0.000
   42 C   0.0036   1.116  2.880  0.000
   43 C   0.1715   1.191  2.637  0.000
   44 O  -0.2664   1.611  4.655  0.000
   45 O  -0.1149   1.482  4.633  0.000
   46 C   0.0035   1.036  2.960  0.000
   47 C   0.0308   1.071  2.898  0.000
   48 C  -0.0633   1.105  2.959  0.000
   49 C   0.0028   1.157  2.840  0.000
   50 C  -0.1044   1.008  3.096  0.000
   51 C  -0.0556   1.072  2.983  0.000
   52 C  -0.0650   1.096  2.969  0.000
   53 C  -0.0615   1.101  2.961  0.000
   54 C  -0.0073   1.163  2.844  0.000
   55 C  -0.1154   1.035  3.081  0.000
   56 C  -0.0742   1.111  2.963  0.000
   57 C  -0.0658   1.109  2.957  0.000
   58 C  -0.0784   1.108  2.970  0.000
   59 C   0.0006   1.134  2.866  0.000
   60 C  -0.1211   1.034  3.087  0.000
   61 C  -0.0422   1.091  2.951  0.000
   62 C  -0.0636   1.095  2.969  0.000
   63 C  -0.0781   1.105  2.973  0.000
   64 C  -0.0121   1.164  2.849  0.000
   65 C  -0.1027   1.034  3.069  0.000
   66 C  -0.1111   1.040  3.071  0.000
   67 H   0.0525   0.947  0.000  0.000
   68 H   0.0524   0.948  0.000  0.000
   69 H   0.0356   0.964  0.000  0.000
   70 H   0.0302   0.970  0.000  0.000
   71 H   0.0460   0.954  0.000  0.000
   72 H   0.0429   0.957  0.000  0.000
   73 H   0.0369   0.963  0.000  0.000
   74 H   0.0360   0.964  0.000  0.000
   75 H   0.0297   0.970  0.000  0.000
   76 H   0.0557   0.944  0.000  0.000
   77 H   0.0310   0.969  0.000  0.000
   78 H   0.0389   0.961  0.000  0.000
   79 H   0.0444   0.956  0.000  0.000
   80 H   0.0590   0.941  0.000  0.000
   81 H   0.0521   0.948  0.000  0.000
   82 H   0.0614   0.939  0.000  0.000
   83 H   0.0514   0.949  0.000  0.000
   84 H   0.0456   0.954  0.000  0.000
   85 H   0.0518   0.948  0.000  0.000
   86 H   0.0442   0.956  0.000  0.000
   87 H   0.0421   0.958  0.000  0.000
   88 H   0.0438   0.956  0.000  0.000
   89 H   0.0463   0.954  0.000  0.000
   90 H   0.0392   0.961  0.000  0.000
   91 H   0.0317   0.968  0.000  0.000
   92 H   0.0390   0.961  0.000  0.000
   93 H   0.0305   0.970  0.000  0.000
   94 H   0.0356   0.964  0.000  0.000
   95 H   0.0463   0.954  0.000  0.000
   96 H   0.0525   0.947  0.000  0.000
   97 H   0.0545   0.945  0.000  0.000
   98 H   0.0609   0.939  0.000  0.000
   99 H   0.0504   0.950  0.000  0.000
  100 H   0.0459   0.954  0.000  0.000
  101 H   0.0625   0.938  0.000  0.000
  102 H   0.0578   0.942  0.000  0.000
  103 H   0.0379   0.962  0.000  0.000
  104 H   0.0349   0.965  0.000  0.000
  105 H   0.0459   0.954  0.000  0.000
  106 H   0.0381   0.962  0.000  0.000
  107 H   0.0331   0.967  0.000  0.000
  108 H   0.0343   0.966  0.000  0.000
  109 H   0.0347   0.965  0.000  0.000
  110 H   0.0276   0.972  0.000  0.000
  111 H   0.0369   0.963  0.000  0.000
  112 H   0.0320   0.968  0.000  0.000
  113 H   0.0387   0.961  0.000  0.000
  114 H   0.0347   0.965  0.000  0.000
  115 H   0.0291   0.971  0.000  0.000
  116 H   0.0373   0.963  0.000  0.000
  117 H   0.0306   0.969  0.000  0.000
  118 H   0.0330   0.967  0.000  0.000
  119 H   0.0288   0.971  0.000  0.000
  120 H   0.0315   0.968  0.000  0.000
  121 H   0.0274   0.973  0.000  0.000
  122 H   0.0288   0.971  0.000  0.000
  123 H   0.0329   0.967  0.000  0.000
  124 H   0.0331   0.967  0.000  0.000
  125 H   0.0279   0.972  0.000  0.000
  126 H   0.0381   0.962  0.000  0.000
  127 H   0.0340   0.966  0.000  0.000
  128 H   0.0388   0.961  0.000  0.000
  129 H   0.0405   0.960  0.000  0.000
  130 H   0.0247   0.975  0.000  0.000
  131 H   0.0297   0.970  0.000  0.000
  132 H   0.0324   0.968  0.000  0.000
  133 H   0.0290   0.971  0.000  0.000
  134 H   0.0200   0.980  0.000  0.000
  135 H   0.0392   0.961  0.000  0.000
  136 H   0.0339   0.966  0.000  0.000
  137 H   0.0346   0.965  0.000  0.000
  138 H   0.0350   0.965  0.000  0.000
  139 H   0.0270   0.973  0.000  0.000
  140 H   0.0383   0.962  0.000  0.000
 
 Wiberg/Mayer (AO) data. WBOs > 0.1 written file <wbo>
 largest (>0.05) Wiberg bond orders for each atom
           total WBO             WBO to atom ...
     1  MG  2.516    N   17 0.528    N   26 0.487    N   34 0.460    N    6 0.316    C   30 0.058    C   21 0.054    C   38 0.053    C   18 0.051
     2  C   3.886    C    7 1.352    C   38 1.206    C   42 0.984
     3  C   3.919    C   10 1.489    C   18 1.210    H   67 0.935
     4  C   3.916    C   27 1.443    C   21 1.291    H   68 0.927
     5  C   3.920    C   30 1.440    C   35 1.250    H   69 0.937
     6  N   3.276    C    7 1.360    C   10 1.177    MG   1 0.316    C   38 0.051
     7  C   3.878    N    6 1.360    C    2 1.352    C    8 0.913
     8  C   3.928    C   12 0.958    H   70 0.942    C    9 0.933    C    7 0.913
     9  C   3.937    C   11 0.976    C   10 0.948    H   71 0.944    C    8 0.933
    10  C   3.866    C    3 1.489    N    6 1.177    C    9 0.948
    11  C   3.967    H   73 0.977    C    9 0.976    H   74 0.974    H   72 0.968
    12  C   3.952    C   13 0.972    H   75 0.968    C    8 0.958    H   76 0.952
    13  C   3.950    C   12 0.972    H   77 0.962    H   78 0.954    C   14 0.910    O   15 0.085
    14  C   3.882    O   15 1.888    O   16 1.043    C   13 0.910
    15  O   2.189    C   14 1.888    O   16 0.163    C   13 0.085
    16  O   2.259    C   14 1.043    C   47 0.941    O   15 0.163
    17  N   3.332    C   18 1.191    C   21 1.165    MG   1 0.528    C   20 0.065    C   19 0.052    C   27 0.051
    18  C   3.865    C    3 1.210    C   19 1.196    N   17 1.191    MG   1 0.051
    19  C   3.869    C   20 1.402    C   18 1.196    C   22 1.000    N   17 0.052    O   24 0.052
    20  C   3.851    C   19 1.402    C   21 1.125    C   23 0.961    O   24 0.085    N   17 0.065
    21  C   3.868    C    4 1.291    N   17 1.165    C   20 1.125    MG   1 0.054    N   26 0.052
    22  C   3.975    C   19 1.000    H   79 0.971    H   81 0.964    H   80 0.959
    23  C   3.884    O   24 1.814    C   25 1.003    C   20 0.961
    24  O   2.138    C   23 1.814    C   20 0.085    C   25 0.069    C   19 0.052
    25  C   3.985    C   23 1.003    H   83 0.963    H   84 0.963    H   82 0.935    O   24 0.069
    26  N   3.357    C   30 1.209    C   27 1.173    MG   1 0.487    C   21 0.052
    27  C   3.861    C    4 1.443    N   26 1.173    C   28 0.977    N   17 0.051
    28  C   3.933    C   27 0.977    C   31 0.948    C   29 0.939    H   85 0.936
    29  C   3.915    H   86 0.942    C   28 0.939    C   32 0.938    C   30 0.926
    30  C   3.843    C    5 1.440    N   26 1.209    C   29 0.926    MG   1 0.058
    31  C   3.966    H   87 0.982    H   88 0.980    H   89 0.979    C   28 0.948
    32  C   3.953    C   33 1.009    H   91 0.969    H   90 0.962    C   29 0.938
    33  C   3.977    C   32 1.009    H   93 0.984    H   92 0.978    H   94 0.977
    34  N   3.292    C   38 1.216    C   35 1.168    MG   1 0.460    C   37 0.065    C   36 0.051
    35  C   3.882    C    5 1.250    C   36 1.223    N   34 1.168
    36  C   3.851    C   37 1.283    C   35 1.223    C   39 1.006    O   41 0.070    N   34 0.051
    37  C   3.905    C   36 1.283    C   38 1.167    C   40 1.132    N   34 0.065    O   41 0.065
    38  C   3.894    N   34 1.216    C    2 1.206    C   37 1.167    MG   1 0.053    N    6 0.051
    39  C   3.981    C   36 1.006    H   96 0.973    H   95 0.973    H   97 0.956
    40  C   3.907    O   41 1.731    C   37 1.132    C   42 0.881
    41  O   2.084    C   40 1.731    C   42 0.073    C   36 0.070    C   37 0.065
    42  C   3.954    C    2 0.984    H   98 0.912    C   43 0.905    C   40 0.881    O   41 0.073    O   44 0.070
    43  C   3.877    O   44 1.786    O   45 1.092    C   42 0.905
    44  O   2.107    C   43 1.786    O   45 0.166    C   42 0.070
    45  O   2.293    C   43 1.092    C   46 0.962    O   44 0.166
    46  C   3.934    H   99 0.989    H  100 0.984    H  101 0.976    O   45 0.962
    47  C   3.937    C   48 0.994    H  103 0.971    H  102 0.951    O   16 0.941
    48  C   3.960    C   49 1.887    C   47 0.994    H  104 0.932
    49  C   3.940    C   48 1.887    C   51 0.981    C   50 0.975
    50  C   3.982    H  105 0.979    C   49 0.975    H  106 0.971    H  107 0.970
    51  C   3.970    C   49 0.981    C   52 0.964    H  109 0.959    H  108 0.955
    52  C   3.951    C   53 0.975    H  110 0.967    C   51 0.964    H  111 0.962
    53  C   3.957    C   52 0.975    C   54 0.972    H  112 0.964    H  113 0.959
    54  C   3.933    C   55 0.986    C   53 0.972    C   56 0.958    H  114 0.952
    55  C   3.974    C   54 0.986    H  117 0.979    H  116 0.978    H  115 0.977
    56  C   3.953    C   57 0.974    H  119 0.970    H  118 0.966    C   54 0.958
    57  C   3.961    C   58 0.976    H  120 0.975    C   56 0.974    H  121 0.972
    58  C   3.959    C   57 0.976    C   59 0.971    H  122 0.963    H  123 0.961
    59  C   3.949    C   61 0.986    C   60 0.986    C   58 0.971    H  124 0.946
    60  C   3.972    C   59 0.986    H  126 0.978    H  127 0.973    H  125 0.972
    61  C   3.967    C   59 0.986    C   62 0.979    H  128 0.959    H  129 0.956
    62  C   3.961    C   63 0.984    C   61 0.979    H  130 0.969    H  131 0.965
    63  C   3.962    C   62 0.984    C   64 0.970    H  133 0.966    H  132 0.962
    64  C   3.934    C   66 0.983    C   65 0.978    C   63 0.970    H  134 0.961
    65  C   3.978    H  135 0.981    H  136 0.980    H  137 0.980    C   64 0.978
    66  C   3.976    H  139 0.983    C   64 0.983    H  138 0.979    H  140 0.976
    67  H   0.993    C    3 0.935
    68  H   0.993    C    4 0.927
    69  H   0.995    C    5 0.937
    70  H   0.995    C    8 0.942
    71  H   0.993    C    9 0.944
    72  H   0.997    C   11 0.968
    73  H   0.996    C   11 0.977
    74  H   0.996    C   11 0.974
    75  H   0.996    C   12 0.968
    76  H   0.994    C   12 0.952
    77  H   0.999    C   13 0.962
    78  H   0.998    C   13 0.954
    79  H   0.995    C   22 0.971
    80  H   0.991    C   22 0.959
    81  H   0.994    C   22 0.964
    82  H   0.995    C   25 0.935
    83  H   0.997    C   25 0.963
    84  H   0.995    C   25 0.963
    85  H   0.993    C   28 0.936
    86  H   0.995    C   29 0.942
    87  H   0.997    C   31 0.982
    88  H   0.995    C   31 0.980
    89  H   0.996    C   31 0.979
    90  H   0.998    C   32 0.962
    91  H   0.997    C   32 0.969
    92  H   0.997    C   33 0.978
    93  H   0.998    C   33 0.984
    94  H   0.998    C   33 0.977
    95  H   0.994    C   39 0.973
    96  H   0.995    C   39 0.973
    97  H   0.989    C   39 0.956
    98  H   0.991    C   42 0.912
    99  H   0.997    C   46 0.989
   100  H   0.998    C   46 0.984
   101  H   0.995    C   46 0.976
   102  H   0.996    C   47 0.951
   103  H   0.998    C   47 0.971
   104  H   0.998    C   48 0.932
   105  H   0.998    C   50 0.979
   106  H   0.998    C   50 0.971
   107  H   0.999    C   50 0.970
   108  H   0.999    C   51 0.955
   109  H   0.998    C   51 0.959
   110  H   0.998    C   52 0.967
   111  H   0.998    C   52 0.962
   112  H   0.998    C   53 0.964
   113  H   0.998    C   53 0.959
   114  H   0.998    C   54 0.952
   115  H   0.999    C   55 0.977
   116  H   0.998    C   55 0.978
   117  H   0.999    C   55 0.979
   118  H   0.999    C   56 0.966
   119  H   0.999    C   56 0.970
   120  H   0.999    C   57 0.975
   121  H   0.999    C   57 0.972
   122  H   0.999    C   58 0.963
   123  H   0.999    C   58 0.961
   124  H   0.999    C   59 0.946
   125  H   0.999    C   60 0.972
   126  H   0.998    C   60 0.978
   127  H   0.998    C   60 0.973
   128  H   0.998    C   61 0.959
   129  H   0.996    C   61 0.956
   130  H   0.999    C   62 0.969
   131  H   0.999    C   62 0.965
   132  H   0.999    C   63 0.962
   133  H   0.999    C   63 0.966
   134  H   0.999    C   64 0.961
   135  H   0.998    C   65 0.981
   136  H   0.999    C   65 0.980
   137  H   0.998    C   65 0.980
   138  H   0.998    C   66 0.979
   139  H   0.999    C   66 0.983
   140  H   0.999    C   66 0.976
 
 --------------------------------------------
          xTB calculation for sTDA...
 --------------------------------------------
 
 reading parameter file ~/.param_stda2.xtb
 
      method parameters     
 k(s)        :  1.6000
 k(p)        :  2.1800
 k(d)        :  1.9500
 k(f)        :  2.0000
 k(R-V)      :  2.2750
 k(R-R)      :  1.7650
 Tscal       :  0.2580
 Gscal       :  1.0000
 fpol        :  1.0000
 Zcnf        :  0.3430
 Zqf         :  0.0000
 kcn         :  2.7000
 Ryd Hsplit  :  0.7000
 lshift(virt):  3.1000
 lshift(OS)  :  0.2000
 wllscaling  :  2.6000
 
 mowrcut     : 3.000
 
  Z AO/shell   Hii/eV     exponent
  1     Sun Feb 14 09:53:25 CET 2016    EN: 2.327 GAM: 0.473  GM3: 0.0000
     1s    -14.339618    1.220000
     2sp    -3.348946    0.600000
  6     Sun Feb 14 09:53:25 CET 2016    EN: 2.731 GAM: 0.422  GM3: 0.0000
     2s    -22.009312    1.565095
     2p    -13.020408    1.596905
     3sp    -3.914040    0.824500
  7     Sun Feb 14 09:53:25 CET 2016    EN: 3.573 GAM: 0.504  GM3: 0.0000
     2s    -25.722000    2.064844
     2p    -18.684912    1.801692
     3sp    -4.344791    0.921400
  8     Sun Feb 14 09:53:25 CET 2016    EN: 3.700 GAM: 0.587  GM3: 0.0000
     2s    -33.859000    2.418661
     2p    -22.175911    1.973969
     3sp    -4.259392    1.013700
 12     Sun Feb 21 16:58:31 CET 2016    EN: 0.033 GAM: 0.222  GM3: 0.0000
     3s    -11.092543    1.647583
     3p     -6.929529    0.855020
 
 Nbf   :          894
 T(el) :     0.0
 calculating S/T integrals ...
 cpu time for ints    1.12570500000000     
 Nao   :          894
 making H0...
 making H1...
 cpu time for H      2.050699999999983E-002
 solving ...
 cpu time for diag   0.267122000000000     
 
 gap (eV)           :   4.595
 Koopmans IP (eV)   :  13.351
 Eel (Eh)           :  -300.572987

          eigenvalues
 #    :         164        165        166        167        168        169        170        171
 occ. :        2.000      2.000      2.000      2.000      2.000      2.000      2.000      2.000
 eps  :       -17.379    -17.278    -16.885    -16.354    -16.209    -15.997    -15.782    -15.728
 #    :         172        173        174        175        176        177        178        179
 occ. :        2.000      2.000      2.000      2.000      2.000      0.000      0.000      0.000
 eps  :       -15.550    -15.250    -14.912    -13.824    -13.352     -8.757     -6.967     -6.715
 #    :         180        181        182        183        184        185        186        187
 occ. :        0.000      0.000      0.000      0.000      0.000      0.000      0.000      0.000
 eps  :        -6.452     -6.153     -5.577     -5.462     -5.407     -5.133     -5.067     -4.992
                            1  SCC done.
 writing mo output ...
 molden style : F
 
speedup  1.03
cpu  time for all    1.90 s
wall time for all    1.85 s
