cpu-bind=MASK - bp1-compute070, task 4294967295 4294967295 [0]: mask 0xffffffffffff set
Host:    bp1-compute070.data.bp.acrc.priv
Time:    Fri Apr 29 08:43:00 BST 2022
Dir:     /user/home/of15641/chlorophyll_parameterization/tddft_data/step_201_chromophore_9
Job ID:  1658644
Nodelist:
cat: bp1-compute070: No such file or directory
  
Result dir: /user/home/of15641/chlorophyll_parameterization/tddft_data/step_201_chromophore_9
running gaussian jobs
Running time g16 < CAMB3LYP_step_201_chromophore_9.com > CAMB3LYP_step_201_chromophore_9.log

real	20m54.196s
user	490m49.734s
sys	0m29.539s
Running time g16 < PBE0_step_201_chromophore_9.com > PBE0_step_201_chromophore_9.log

real	17m47.345s
user	424m34.570s
sys	0m33.686s
Running time g16 < wB97XD_step_201_chromophore_9.com > wB97XD_step_201_chromophore_9.log

real	21m43.698s
user	510m25.332s
sys	0m38.049s
Running time g16 < BLYP_step_201_chromophore_9.com > BLYP_step_201_chromophore_9.log

real	14m14.652s
user	339m54.965s
sys	0m27.561s
Running time g16 < ZINDO_step_201_chromophore_9.com > ZINDO_step_201_chromophore_9.log

real	0m7.158s
user	2m35.405s
sys	0m2.893s
