 
        ______________________________________
       |                                      |
       |          ===================         |
       |             xTB for sTDA             |
       |          ===================         |
       |               S. Grimme              |
       |        Universitaet Bonn, MCTC       |
       |         2015-19, Version 1.0         |
       |     Wed Apr  3 09:14:55 CEST 2019    |
       |______________________________________|
 
        This code comes without any warranty
        for non-commercial, academia use only.
        Preliminary test version.
        Cite this work as:
        S. Grimme  &  C. Bannwarth, JCP 145 (2016) 054103
        if GBSA is used additionally:
        P. Shushkov, F. März, C. Bannwarth, S. Grimme, unpublished.
 
        with help from
        P. Shushkov, G. Brandenburg, S. Dohm, J. Pisarek,
        F. März, M. Checinski, S. Ehrlich, S. Spicher, 
        P. Pracht, E. Caldeweyher, S. Ehlert, and C. Bannwarth.
 
        usage        :
        xtb4stda <coord_file> [options]
        where <coord_file> is a valid file of TM)
        (*coord, Bohr) or xmol (*xyz, Angstroem)
        format.

        options:
        -chrg <int>   : molecular charge
        -uhf  <int>   : # of unpaired electrons(=2*S)
        -nox          : skip second, extended part in sTDA-xTB
        -pop          : do population analysis
                      : (default for -nox)
        -mowr <real>  : cut MO write above (def.3 Eh)
        -molden       : write formatted molden file
        -parx <file>  : read parameters for sTDA-xTB
                        calc (def:~/.param_stda2.xtb)
        -parv <file>  : read parameters for vTB part in
                        sTDA-xTB (def: ~/.param_stda1.xtb)
        -xtemp <real> : el. temp for xTB (def. 0 K)
        -etemp <real> : el. temp for GFN (def. 300 K)
        -fod          : calculate the FOD and write
                        molden.input file with
                        appropriate occupations
                        for plotting. Def. T=12500 K
 
        -acc <real>   : xTB accuracy (def. 1.0)
        -gbsa [string1] [string2]
                        use GBSA implicit solvent
                        for solvent [string1] and
                        solvation state [string2]=
                        reference, bar1M (default=1M)
        additional GFN/opt/MD/siman options read from
        $XTB4STDAHOME/.xtb4stdarc or $set in input
 
       spin and charge state information can be on:
       <.CHRG> (charge) and <.UHF> (=nalpha-nbeta)
       -uhf and -chrg override the file info.
       useful machine settings:
       setenv MKL_NUM_THREADS <NCORE_ON_YOUR_MACHINE>
       setenv OMP_STACKSIZE 500m
       limit stacksize unlimited
 
       total energies in Eh, gaps/HL energies in eV
       please read REVISION and HOWTO files carefully
 =============================
  # OMP threads =           4
 =============================
 
 xtb4stdahome directory:~/
 
 
 name of molecule           :
 comment line               :
 number of atoms            :   140
 number of electrons        :   352
 charge                     :  0
 spin                       : 0.0
 first test random number   :  0.6860
 
 -----------------------------------------
      charge density (VTB) calculation
 -----------------------------------------
 
      method parameters     
 k(s)        :  1.8000
 k(p)        :  2.8350
 k(d)        :  2.0860
 k(f)        :  2.0000
 Tscal       :  0.3300
 Gscal       :  0.3910
 fpol        :  1.0000
 Zcnf        :  0.6500
 Zqf         :  0.0000
 kcn         :  0.3000
 kEN1        : -0.5900
 wllscal     :  2.6000
 
     -------------------------
     ! NO SOLVENT MODEL USED !
     -------------------------
 
 doing EN charges ...
 sum q : -0.1332268D-14
 point charge moment (au)
     X       Y       Z   
  -0.0445   0.4597   0.2647  total (Debye):    1.353
 
            Z      q(EN)   CN      Cart. coordinates
     1  MG  2.0   0.862   4.663   -17.92216    77.50144    81.08247
     2  C   4.0   0.016   3.243   -17.07934    71.25779    79.30235
     3  C   4.0  -0.058   3.157   -12.89549    79.14739    77.03846
     4  C   4.0  -0.059   3.159   -19.67961    83.69974    81.04090
     5  C   4.0  -0.056   3.148   -23.83700    75.95942    83.71108
     6  N   5.0  -0.340   3.095   -15.15182    75.41518    78.67685
     7  C   4.0   0.096   3.278   -15.18017    72.83949    78.28001
     8  C   4.0  -0.091   4.091   -12.89549    71.96265    76.54146
     9  C   4.0  -0.095   4.107   -11.28544    74.56481    76.35816
    10  C   4.0   0.082   3.300   -13.14871    76.58492    77.40506
    11  C   4.0  -0.238   4.057    -8.97620    74.60638    77.94931
    12  C   4.0  -0.162   4.055   -13.84224    70.87228    73.91663
    13  C   4.0  -0.168   4.044   -12.54400    68.60650    72.77524
    14  C   4.0   0.189   3.098   -10.23287    69.29436    71.08960
    15  O   6.0  -0.102   1.046    -8.70408    70.99133    71.38629
    16  O   6.0  -0.125   2.043   -10.08358    67.74857    69.09405
    17  N   5.0  -0.390   3.222   -16.40093    80.90484    79.51211
    18  C   4.0   0.073   3.435   -14.28444    81.19963    77.99844
    19  C   4.0   0.012   3.267   -13.58902    83.72620    77.84726
    20  C   4.0   0.003   3.293   -15.55055    85.15105    79.03779
    21  C   4.0   0.077   3.422   -17.32123    83.28400    80.01478
    22  C   4.0  -0.244   4.022   -11.55945    84.79200    76.01801
    23  C   4.0   0.110   3.039   -15.63370    88.09524    79.29479
    24  O   6.0  -0.102   1.062   -14.00287    89.26876    78.13072
    25  C   4.0  -0.249   4.026   -17.26832    89.45585    81.14672
    26  N   5.0  -0.369   3.135   -21.47485    79.51400    81.94608
    27  C   4.0   0.091   3.312   -21.55610    82.11048    81.96119
    28  C   4.0  -0.095   4.150   -24.15826    82.89661    83.15361
    29  C   4.0  -0.095   4.152   -25.47351    80.40217    83.87549
    30  C   4.0   0.097   3.347   -23.45906    78.45386    83.19518
    31  C   4.0  -0.238   4.035   -23.96361    84.85436    85.25877
    32  C   4.0  -0.162   4.025   -28.15881    79.93919    82.59614
    33  C   4.0  -0.238   4.007   -30.32254    79.51778    84.47453
    34  N   5.0  -0.465   3.255   -19.82134    74.30213    81.98765
    35  C   4.0   0.082   3.492   -22.17026    73.91285    82.96275
    36  C   4.0   0.014   3.299   -22.52364    71.18787    83.17062
    37  C   4.0   0.004   3.439   -20.56589    70.13718    81.77978
    38  C   4.0   0.059   3.750   -19.07678    72.05714    80.94452
    39  C   4.0  -0.242   3.999   -24.96328    69.77057    84.22509
    40  C   4.0   0.105   3.163   -19.63803    67.66920    81.05035
    41  O   6.0  -0.094   1.039   -20.25597    65.46011    81.44152
    42  C   4.0  -0.112   4.184   -17.21540    68.25690    79.39117
    43  C   4.0   0.173   3.129   -14.86836    67.00401    80.32280
    44  O   6.0  -0.087   1.047   -13.80823    67.66542    82.33158
    45  O   6.0  -0.118   2.021   -14.07846    65.08783    78.82803
    46  C   4.0  -0.201   4.031   -12.23031    63.34550    80.04312
    47  C   4.0  -0.136   4.058    -8.77211    68.81248    66.83961
    48  C   4.0  -0.056   3.094   -10.60325    68.57249    64.56249
    49  C   4.0   0.019   3.084   -12.55156    70.01246    63.87463
    50  C   4.0  -0.248   4.045   -13.33013    72.38973    65.40342
    51  C   4.0  -0.179   4.093   -13.91216    69.71766    61.45767
    52  C   4.0  -0.164   4.055   -12.83313    71.30503    59.31661
    53  C   4.0  -0.165   4.071   -14.71152    73.24578    58.16010
    54  C   4.0  -0.087   4.034   -13.81201    76.03123    58.13175
    55  C   4.0  -0.239   4.043   -11.62559    76.35060    56.17399
    56  C   4.0  -0.164   4.074   -15.98708    77.89639    57.40609
    57  C   4.0  -0.162   4.044   -15.92472    80.39839    58.98402
    58  C   4.0  -0.164   4.072   -16.30456    82.65094    57.19445
    59  C   4.0  -0.089   4.049   -15.76220    85.17562    58.63064
    60  C   4.0  -0.239   4.049   -18.22074    86.68551    58.99346
    61  C   4.0  -0.162   4.047   -13.77043    86.88771    57.35129
    62  C   4.0  -0.161   4.006   -10.87348    86.57968    58.37552
    63  C   4.0  -0.164   4.063    -9.17084    85.54789    56.18344
    64  C   4.0  -0.087   4.016    -7.87071    87.51321    54.56962
    65  C   4.0  -0.237   4.020    -8.02567    87.34124    51.58952
    66  C   4.0  -0.240   4.052    -5.00966    87.62092    55.30850
    67  H   1.0   0.071   1.008   -11.16450    79.75399    76.09171
    68  H   1.0   0.071   1.010   -20.11802    85.67262    81.46231
    69  H   1.0   0.070   1.005   -25.62468    75.51345    84.64271
    70  H   1.0   0.084   1.006   -11.89016    70.44709    77.50900
    71  H   1.0   0.084   1.010   -11.10592    75.27723    74.43442
    72  H   1.0   0.080   0.997    -8.33369    72.96421    79.01322
    73  H   1.0   0.081   1.000    -8.86848    76.22966    79.21164
    74  H   1.0   0.081   1.005    -7.55890    74.92196    76.48855
    75  H   1.0   0.083   1.010   -13.34335    72.35761    72.57681
    76  H   1.0   0.082   1.002   -15.87937    70.70977    73.66908
    77  H   1.0   0.082   1.003   -13.87437    67.44999    71.70943
    78  H   1.0   0.082   1.005   -11.92984    67.48211    74.38906
    79  H   1.0   0.080   0.998   -12.32479    86.27922    74.81425
    80  H   1.0   0.080   0.998   -10.80356    83.42384    74.67630
    81  H   1.0   0.080   1.001   -10.02878    85.27577    77.30869
    82  H   1.0   0.080   1.002   -16.00787    90.84858    81.99332
    83  H   1.0   0.080   0.997   -18.12058    88.49209    82.75488
    84  H   1.0   0.080   1.000   -18.76876    90.34969    80.05446
    85  H   1.0   0.085   1.010   -25.17304    83.92273    81.68529
    86  H   1.0   0.085   1.013   -25.40548    80.14895    85.91828
    87  H   1.0   0.080   0.999   -24.16959    84.03611    87.13715
    88  H   1.0   0.080   0.997   -24.59478    86.78377    84.91484
    89  H   1.0   0.081   1.002   -21.95484    85.20207    85.54978
    90  H   1.0   0.082   1.003   -28.01330    78.28568    81.37727
    91  H   1.0   0.081   1.003   -28.82777    81.51900    81.45475
    92  H   1.0   0.080   0.999   -30.95560    77.56758    84.27611
    93  H   1.0   0.080   0.997   -31.96471    80.73665    84.23264
    94  H   1.0   0.080   1.000   -29.59500    79.89383    86.36426
    95  H   1.0   0.080   1.000   -26.42026    71.22377    84.24398
    96  H   1.0   0.080   0.997   -24.74218    68.99011    86.11670
    97  H   1.0   0.079   0.997   -25.55854    68.17564    83.06290
    98  H   1.0   0.085   1.009   -17.43839    67.75423    77.40506
    99  H   1.0   0.079   0.995   -11.52166    61.81105    78.86393
   100  H   1.0   0.081   0.997   -13.29422    62.47056    81.57380
   101  H   1.0   0.080   0.996   -10.65994    64.42643    80.82358
   102  H   1.0   0.081   0.999    -6.99010    67.81471    66.57127
   103  H   1.0   0.083   1.002    -8.38471    70.82126    67.07771
   104  H   1.0   0.070   1.005   -10.24609    66.97000    63.31905
   105  H   1.0   0.080   0.998   -15.36725    72.41241    65.70199
   106  H   1.0   0.080   0.999   -12.62715    74.08104    64.46044
   107  H   1.0   0.081   0.998   -12.52321    72.51823    67.29503
   108  H   1.0   0.083   1.008   -15.84724    70.16552    62.00002
   109  H   1.0   0.082   1.005   -13.84791    67.76179    60.81516
   110  H   1.0   0.082   1.005   -12.40416    70.01057    57.77459
   111  H   1.0   0.083   1.006   -11.22119    72.32548    60.09329
   112  H   1.0   0.082   1.003   -16.53321    73.00200    59.08984
   113  H   1.0   0.082   1.004   -14.97608    72.60705    56.21935
   114  H   1.0   0.083   1.008   -13.01265    76.30146    60.01014
   115  H   1.0   0.081   1.000   -11.46308    74.57426    55.14409
   116  H   1.0   0.080   0.997    -9.84358    76.85893    57.07161
   117  H   1.0   0.080   0.998   -11.92228    77.85104    54.79260
   118  H   1.0   0.082   1.002   -17.85224    77.03657    57.57428
   119  H   1.0   0.082   1.002   -16.15338    78.24032    55.38220
   120  H   1.0   0.082   1.003   -14.12570    80.38138    59.98935
   121  H   1.0   0.082   1.002   -17.37792    80.13572    60.42021
   122  H   1.0   0.083   1.005   -18.26798    82.86826    56.61052
   123  H   1.0   0.082   1.003   -15.08757    82.44496    55.54471
   124  H   1.0   0.084   1.010   -15.19529    84.64271    60.53737
   125  H   1.0   0.080   0.998   -17.81256    88.49020    59.90242
   126  H   1.0   0.081   1.000   -19.29599    85.58569    60.36352
   127  H   1.0   0.080   0.998   -19.31678    86.71196    57.24925
   128  H   1.0   0.082   1.002   -14.18995    88.89271    57.57050
   129  H   1.0   0.082   1.004   -13.87059    86.41717    55.34818
   130  H   1.0   0.081   1.000   -10.65050    85.35325    60.01581
   131  H   1.0   0.081   1.000   -10.30090    88.41650    59.11252
   132  H   1.0   0.082   1.004   -10.30468    84.31012    54.98914
   133  H   1.0   0.082   1.005    -7.73843    84.36493    57.07161
   134  H   1.0   0.083   1.011    -8.36393    89.42372    55.16488
   135  H   1.0   0.080   0.997    -8.97242    88.95696    50.73158
   136  H   1.0   0.079   0.997    -9.18029    85.78789    50.88087
   137  H   1.0   0.080   0.998    -6.15862    87.24487    50.72402
   138  H   1.0   0.081   0.998    -3.88906    86.38882    54.09718
   139  H   1.0   0.081   0.998    -4.66573    86.91228    57.21145
   140  H   1.0   0.080   0.998    -4.41629    89.58813    55.16488
 
  Z AO/shell   Hii/eV     exponent
  1     Sat Feb 20 21:38:01 CET 2016    EN: 2.327 GAM: 0.473  GM3: 0.0000
     1s    -13.751157    1.051071
  6     Sat Feb 20 21:38:01 CET 2016    EN: 2.731 GAM: 0.422  GM3: 0.0000
     2s    -19.378245    2.021003
     2p    -11.993376    1.497917
  7     Sat Feb 20 21:38:01 CET 2016    EN: 3.573 GAM: 0.504  GM3: 0.0000
     2s    -21.576984    2.275442
     2p    -16.125120    2.056788
  8     Sat Feb 20 21:38:01 CET 2016    EN: 3.700 GAM: 0.587  GM3: 0.0000
     2s    -21.648843    2.110798
     2p    -17.239740    2.329048
 12     Sat Feb 20 23:25:47 CET 2016    EN: 0.033 GAM: 0.222  GM3: 0.0000
     3s    -12.693633    1.302878
     3p     -8.128821    0.504252
 
 dipole moment of classical point charges (au)
     X       Y       Z   
  -0.0445   0.4597   0.2647  total (Debye):    1.353

 
 Nbf   :          338
 T(el) :   300.0
 calculating S/T integrals ...
 cpu time for ints   0.169078000000000     
 Nao   :          338
 making H0...
 making H1...
 cpu time for H      3.894000000000009E-003
 solving ...
 cpu time for diag   5.901199999999998E-002
 
 gap (eV)           :   1.232
 Koopmans IP (eV)   :  12.376
 Eel (Eh)           :  -268.421533
 T,E(Fermi),NFOD :    300.000   -11.760  0.000000
 T,E(Fermi),NFOD :    300.000   -11.760  0.000000
 Nfod               :  0.0000
 Nfod/Nel           :  0.0000

          eigenvalues
 #    :         164        165        166        167        168        169        170        171
 occ. :        2.000      2.000      2.000      2.000      2.000      2.000      2.000      2.000
 eps  :       -16.326    -16.263    -15.981    -15.873    -15.744    -15.589    -15.551    -15.312
 #    :         172        173        174        175        176        177        178        179
 occ. :        2.000      2.000      2.000      2.000      2.000      0.000      0.000      0.000
 eps  :       -15.065    -14.920    -14.810    -13.367    -12.378    -11.145     -9.998     -8.689
 #    :         180        181        182        183        184        185        186        187
 occ. :        0.000      0.000      0.000      0.000      0.000      0.000      0.000      0.000
 eps  :        -8.567     -8.405     -8.071     -7.984     -7.783     -7.447     -7.136     -7.083
                            1  SCC done.
 making H1...
 cpu time for H      7.506399999999999E-002
 solving ...
 cpu time for diag   3.575299999999998E-002
 
 gap (eV)           :   1.538
 Koopmans IP (eV)   :  12.189
 Eel (Eh)           :  -265.282005
 T,E(Fermi),NFOD :    300.000   -11.420  0.000000
 T,E(Fermi),NFOD :    300.000   -11.420  0.000000
 Nfod               :  0.0000
 Nfod/Nel           :  0.0000

          eigenvalues
 #    :         164        165        166        167        168        169        170        171
 occ. :        2.000      2.000      2.000      2.000      2.000      2.000      2.000      2.000
 eps  :       -15.341    -15.101    -15.082    -15.073    -14.794    -14.509    -14.423    -14.236
 #    :         172        173        174        175        176        177        178        179
 occ. :        2.000      2.000      2.000      2.000      2.000      0.000      0.000      0.000
 eps  :       -14.124    -14.034    -13.654    -12.645    -12.191    -10.652     -9.304     -8.465
 #    :         180        181        182        183        184        185        186        187
 occ. :        0.000      0.000      0.000      0.000      0.000      0.000      0.000      0.000
 eps  :        -8.364     -8.138     -7.990     -7.944     -7.587     -7.214     -7.095     -6.829
                            2  SCC done.
 
 
 Mulliken/CM5 charges    n(s)   n(p)   n(d)   
    1 MG  0.3114  0.7452   0.660  1.028  0.000
    2 C  -0.0090 -0.0067   1.206  2.803  0.000
    3 C  -0.0160 -0.0581   1.121  2.895  0.000
    4 C  -0.0216 -0.0633   1.114  2.908  0.000
    5 C  -0.0387 -0.0807   1.127  2.912  0.000
    6 N  -0.1335 -0.3713   1.411  3.723  0.000
    7 C   0.0225  0.0830   1.250  2.727  0.000
    8 C  -0.0236 -0.0776   1.230  2.794  0.000
    9 C   0.0020 -0.0567   1.197  2.801  0.000
   10 C   0.0333  0.0846   1.238  2.728  0.000
   11 C  -0.0769 -0.2240   1.090  2.987  0.000
   12 C  -0.0669 -0.1737   1.153  2.914  0.000
   13 C  -0.0566 -0.1579   1.146  2.911  0.000
   14 C   0.2188  0.2701   1.187  2.594  0.000
   15 O  -0.2900 -0.3427   1.625  4.665  0.000
   16 O  -0.1556 -0.2311   1.484  4.672  0.000
   17 N  -0.2221 -0.4848   1.390  3.832  0.000
   18 C   0.0410  0.1000   1.186  2.773  0.000
   19 C  -0.0076 -0.0112   1.216  2.792  0.000
   20 C  -0.0711 -0.0650   1.226  2.845  0.000
   21 C   0.0375  0.0985   1.195  2.767  0.000
   22 C  -0.0766 -0.2201   1.085  2.991  0.000
   23 C   0.1433  0.1662   1.219  2.638  0.000
   24 O  -0.2391 -0.2905   1.623  4.616  0.000
   25 C  -0.0831 -0.2257   1.089  2.994  0.000
   26 N  -0.1818 -0.4338   1.403  3.779  0.000
   27 C   0.0366  0.0922   1.238  2.726  0.000
   28 C  -0.0133 -0.0703   1.190  2.823  0.000
   29 C  -0.0267 -0.0819   1.205  2.821  0.000
   30 C   0.0408  0.0982   1.212  2.747  0.000
   31 C  -0.1176 -0.2669   1.104  3.013  0.000
   32 C  -0.0480 -0.1573   1.153  2.895  0.000
   33 C  -0.0940 -0.2461   1.094  3.000  0.000
   34 N  -0.2121 -0.5117   1.386  3.826  0.000
   35 C   0.0188  0.0825   1.206  2.775  0.000
   36 C  -0.0484 -0.0502   1.235  2.813  0.000
   37 C  -0.0312 -0.0231   1.158  2.873  0.000
   38 C   0.0234  0.0880   1.187  2.790  0.000
   39 C  -0.0745 -0.2181   1.089  2.986  0.000
   40 C   0.1538  0.1863   1.200  2.646  0.000
   41 O  -0.2144 -0.2555   1.635  4.579  0.000
   42 C  -0.0492 -0.0915   1.215  2.834  0.000
   43 C   0.2098  0.2617   1.184  2.606  0.000
   44 O  -0.2858 -0.3295   1.634  4.652  0.000
   45 O  -0.1407 -0.2227   1.490  4.651  0.000
   46 C   0.0235 -0.1008   1.097  2.879  0.000
   47 C   0.0480 -0.0320   1.148  2.804  0.000
   48 C  -0.0723 -0.1278   1.161  2.911  0.000
   49 C  -0.0062 -0.0312   1.212  2.794  0.000
   50 C  -0.1060 -0.2521   1.088  3.018  0.000
   51 C  -0.0457 -0.1531   1.128  2.917  0.000
   52 C  -0.0519 -0.1639   1.151  2.901  0.000
   53 C  -0.0771 -0.1886   1.162  2.915  0.000
   54 C  -0.0197 -0.0919   1.207  2.812  0.000
   55 C  -0.1112 -0.2612   1.107  3.004  0.000
   56 C  -0.0846 -0.1948   1.159  2.925  0.000
   57 C  -0.0557 -0.1670   1.151  2.904  0.000
   58 C  -0.0577 -0.1677   1.156  2.902  0.000
   59 C  -0.0310 -0.1054   1.204  2.827  0.000
   60 C  -0.0990 -0.2502   1.106  2.993  0.000
   61 C  -0.0803 -0.1887   1.171  2.910  0.000
   62 C  -0.0702 -0.1807   1.169  2.901  0.000
   63 C  -0.0574 -0.1667   1.151  2.906  0.000
   64 C  -0.0211 -0.0948   1.198  2.823  0.000
   65 C  -0.1042 -0.2535   1.106  2.998  0.000
   66 C  -0.1163 -0.2684   1.115  3.001  0.000
   67 H   0.0517  0.1116   0.948  0.000  0.000
   68 H   0.0530  0.1143   0.947  0.000  0.000
   69 H   0.0585  0.1169   0.942  0.000  0.000
   70 H   0.0512  0.1140   0.949  0.000  0.000
   71 H   0.0649  0.1271   0.935  0.000  0.000
   72 H   0.0456  0.0973   0.954  0.000  0.000
   73 H   0.0444  0.0985   0.956  0.000  0.000
   74 H   0.0331  0.0873   0.967  0.000  0.000
   75 H   0.0277  0.0905   0.972  0.000  0.000
   76 H   0.0473  0.1035   0.953  0.000  0.000
   77 H   0.0476  0.1071   0.952  0.000  0.000
   78 H   0.0416  0.1017   0.958  0.000  0.000
   79 H   0.0537  0.1091   0.946  0.000  0.000
   80 H   0.0409  0.0931   0.959  0.000  0.000
   81 H   0.0500  0.1040   0.950  0.000  0.000
   82 H   0.0519  0.1084   0.948  0.000  0.000
   83 H   0.0491  0.1016   0.951  0.000  0.000
   84 H   0.0523  0.1064   0.948  0.000  0.000
   85 H   0.0433  0.1051   0.957  0.000  0.000
   86 H   0.0579  0.1214   0.942  0.000  0.000
   87 H   0.0446  0.0971   0.955  0.000  0.000
   88 H   0.0523  0.1032   0.948  0.000  0.000
   89 H   0.0273  0.0817   0.973  0.000  0.000
   90 H   0.0424  0.0993   0.958  0.000  0.000
   91 H   0.0376  0.0933   0.962  0.000  0.000
   92 H   0.0318  0.0835   0.968  0.000  0.000
   93 H   0.0377  0.0885   0.962  0.000  0.000
   94 H   0.0292  0.0821   0.971  0.000  0.000
   95 H   0.0415  0.0947   0.958  0.000  0.000
   96 H   0.0505  0.1016   0.950  0.000  0.000
   97 H   0.0478  0.0996   0.952  0.000  0.000
   98 H   0.0502  0.1171   0.950  0.000  0.000
   99 H   0.0570  0.1129   0.943  0.000  0.000
  100 H   0.0496  0.1117   0.950  0.000  0.000
  101 H   0.0575  0.1193   0.943  0.000  0.000
  102 H   0.0628  0.1243   0.937  0.000  0.000
  103 H   0.0607  0.1301   0.939  0.000  0.000
  104 H   0.0287  0.0861   0.971  0.000  0.000
  105 H   0.0388  0.0910   0.961  0.000  0.000
  106 H   0.0401  0.0928   0.960  0.000  0.000
  107 H   0.0371  0.0920   0.963  0.000  0.000
  108 H   0.0439  0.1022   0.956  0.000  0.000
  109 H   0.0403  0.0971   0.960  0.000  0.000
  110 H   0.0434  0.0996   0.957  0.000  0.000
  111 H   0.0360  0.0949   0.964  0.000  0.000
  112 H   0.0321  0.0887   0.968  0.000  0.000
  113 H   0.0253  0.0821   0.975  0.000  0.000
  114 H   0.0395  0.0995   0.961  0.000  0.000
  115 H   0.0309  0.0846   0.969  0.000  0.000
  116 H   0.0315  0.0829   0.969  0.000  0.000
  117 H   0.0321  0.0843   0.968  0.000  0.000
  118 H   0.0290  0.0844   0.971  0.000  0.000
  119 H   0.0353  0.0915   0.965  0.000  0.000
  120 H   0.0357  0.0925   0.964  0.000  0.000
  121 H   0.0341  0.0893   0.966  0.000  0.000
  122 H   0.0364  0.0940   0.964  0.000  0.000
  123 H   0.0395  0.0963   0.960  0.000  0.000
  124 H   0.0291  0.0902   0.971  0.000  0.000
  125 H   0.0405  0.0927   0.959  0.000  0.000
  126 H   0.0300  0.0828   0.970  0.000  0.000
  127 H   0.0330  0.0855   0.967  0.000  0.000
  128 H   0.0376  0.0933   0.962  0.000  0.000
  129 H   0.0324  0.0899   0.968  0.000  0.000
  130 H   0.0380  0.0924   0.962  0.000  0.000
  131 H   0.0340  0.0885   0.966  0.000  0.000
  132 H   0.0358  0.0929   0.964  0.000  0.000
  133 H   0.0400  0.0971   0.960  0.000  0.000
  134 H   0.0351  0.0953   0.965  0.000  0.000
  135 H   0.0322  0.0831   0.968  0.000  0.000
  136 H   0.0293  0.0806   0.971  0.000  0.000
  137 H   0.0383  0.0905   0.962  0.000  0.000
  138 H   0.0228  0.0751   0.977  0.000  0.000
  139 H   0.0321  0.0844   0.968  0.000  0.000
  140 H   0.0333  0.0852   0.967  0.000  0.000
 Hirshfeld charges for QMDFF written to <charges>
 
 Loewdin charges    n(s)   n(p)   n(d)
    1 MG  0.1530   0.671  1.176  0.000
    2 C  -0.0072   1.167  2.840  0.000
    3 C  -0.0138   1.068  2.946  0.000
    4 C  -0.0207   1.060  2.960  0.000
    5 C  -0.0358   1.074  2.962  0.000
    6 N  -0.1016   1.370  3.732  0.000
    7 C   0.0245   1.215  2.760  0.000
    8 C  -0.0174   1.185  2.832  0.000
    9 C   0.0118   1.149  2.839  0.000
   10 C   0.0381   1.201  2.761  0.000
   11 C  -0.0793   1.017  3.062  0.000
   12 C  -0.0634   1.094  2.969  0.000
   13 C  -0.0562   1.087  2.970  0.000
   14 C   0.1944   1.161  2.644  0.000
   15 O  -0.2756   1.595  4.681  0.000
   16 O  -0.1212   1.449  4.672  0.000
   17 N  -0.1938   1.350  3.844  0.000
   18 C   0.0441   1.145  2.811  0.000
   19 C  -0.0021   1.175  2.827  0.000
   20 C  -0.0782   1.191  2.887  0.000
   21 C   0.0439   1.154  2.802  0.000
   22 C  -0.0768   1.011  3.065  0.000
   23 C   0.1415   1.184  2.675  0.000
   24 O  -0.2235   1.593  4.631  0.000
   25 C  -0.0882   1.016  3.072  0.000
   26 N  -0.1482   1.360  3.788  0.000
   27 C   0.0419   1.201  2.758  0.000
   28 C  -0.0044   1.142  2.863  0.000
   29 C  -0.0207   1.159  2.862  0.000
   30 C   0.0460   1.174  2.780  0.000
   31 C  -0.1227   1.034  3.088  0.000
   32 C  -0.0419   1.094  2.948  0.000
   33 C  -0.0959   1.022  3.074  0.000
   34 N  -0.1775   1.342  3.835  0.000
   35 C   0.0210   1.169  2.810  0.000
   36 C  -0.0434   1.196  2.847  0.000
   37 C  -0.0367   1.117  2.919  0.000
   38 C   0.0284   1.146  2.826  0.000
   39 C  -0.0743   1.015  3.060  0.000
   40 C   0.1486   1.167  2.685  0.000
   41 O  -0.1993   1.606  4.594  0.000
   42 C  -0.0513   1.169  2.882  0.000
   43 C   0.1886   1.158  2.653  0.000
   44 O  -0.2754   1.607  4.668  0.000
   45 O  -0.1048   1.455  4.650  0.000
   46 C   0.0179   1.027  2.955  0.000
   47 C   0.0481   1.090  2.862  0.000
   48 C  -0.0721   1.113  2.959  0.000
   49 C   0.0063   1.169  2.825  0.000
   50 C  -0.1107   1.016  3.095  0.000
   51 C  -0.0428   1.068  2.975  0.000
   52 C  -0.0466   1.092  2.954  0.000
   53 C  -0.0758   1.105  2.971  0.000
   54 C  -0.0087   1.160  2.849  0.000
   55 C  -0.1163   1.037  3.079  0.000
   56 C  -0.0833   1.103  2.980  0.000
   57 C  -0.0504   1.093  2.958  0.000
   58 C  -0.0547   1.098  2.956  0.000
   59 C  -0.0208   1.156  2.865  0.000
   60 C  -0.1019   1.035  3.067  0.000
   61 C  -0.0783   1.115  2.964  0.000
   62 C  -0.0654   1.112  2.954  0.000
   63 C  -0.0545   1.093  2.962  0.000
   64 C  -0.0099   1.150  2.860  0.000
   65 C  -0.1081   1.035  3.073  0.000
   66 C  -0.1213   1.046  3.075  0.000
   67 H   0.0473   0.953  0.000  0.000
   68 H   0.0494   0.951  0.000  0.000
   69 H   0.0529   0.947  0.000  0.000
   70 H   0.0445   0.956  0.000  0.000
   71 H   0.0579   0.942  0.000  0.000
   72 H   0.0449   0.955  0.000  0.000
   73 H   0.0442   0.956  0.000  0.000
   74 H   0.0332   0.967  0.000  0.000
   75 H   0.0261   0.974  0.000  0.000
   76 H   0.0444   0.956  0.000  0.000
   77 H   0.0436   0.956  0.000  0.000
   78 H   0.0386   0.961  0.000  0.000
   79 H   0.0510   0.949  0.000  0.000
   80 H   0.0415   0.959  0.000  0.000
   81 H   0.0482   0.952  0.000  0.000
   82 H   0.0499   0.950  0.000  0.000
   83 H   0.0495   0.950  0.000  0.000
   84 H   0.0512   0.949  0.000  0.000
   85 H   0.0375   0.962  0.000  0.000
   86 H   0.0522   0.948  0.000  0.000
   87 H   0.0451   0.955  0.000  0.000
   88 H   0.0511   0.949  0.000  0.000
   89 H   0.0306   0.969  0.000  0.000
   90 H   0.0391   0.961  0.000  0.000
   91 H   0.0347   0.965  0.000  0.000
   92 H   0.0317   0.968  0.000  0.000
   93 H   0.0373   0.963  0.000  0.000
   94 H   0.0301   0.970  0.000  0.000
   95 H   0.0410   0.959  0.000  0.000
   96 H   0.0486   0.951  0.000  0.000
   97 H   0.0458   0.954  0.000  0.000
   98 H   0.0428   0.957  0.000  0.000
   99 H   0.0533   0.947  0.000  0.000
  100 H   0.0453   0.955  0.000  0.000
  101 H   0.0525   0.948  0.000  0.000
  102 H   0.0552   0.945  0.000  0.000
  103 H   0.0527   0.947  0.000  0.000
  104 H   0.0228   0.977  0.000  0.000
  105 H   0.0387   0.961  0.000  0.000
  106 H   0.0401   0.960  0.000  0.000
  107 H   0.0372   0.963  0.000  0.000
  108 H   0.0413   0.959  0.000  0.000
  109 H   0.0372   0.963  0.000  0.000
  110 H   0.0403   0.960  0.000  0.000
  111 H   0.0334   0.967  0.000  0.000
  112 H   0.0306   0.969  0.000  0.000
  113 H   0.0240   0.976  0.000  0.000
  114 H   0.0344   0.966  0.000  0.000
  115 H   0.0318   0.968  0.000  0.000
  116 H   0.0317   0.968  0.000  0.000
  117 H   0.0330   0.967  0.000  0.000
  118 H   0.0277   0.972  0.000  0.000
  119 H   0.0343   0.966  0.000  0.000
  120 H   0.0332   0.967  0.000  0.000
  121 H   0.0309   0.969  0.000  0.000
  122 H   0.0339   0.966  0.000  0.000
  123 H   0.0370   0.963  0.000  0.000
  124 H   0.0247   0.975  0.000  0.000
  125 H   0.0402   0.960  0.000  0.000
  126 H   0.0304   0.970  0.000  0.000
  127 H   0.0333   0.967  0.000  0.000
  128 H   0.0352   0.965  0.000  0.000
  129 H   0.0308   0.969  0.000  0.000
  130 H   0.0355   0.964  0.000  0.000
  131 H   0.0317   0.968  0.000  0.000
  132 H   0.0337   0.966  0.000  0.000
  133 H   0.0377   0.962  0.000  0.000
  134 H   0.0303   0.970  0.000  0.000
  135 H   0.0325   0.968  0.000  0.000
  136 H   0.0302   0.970  0.000  0.000
  137 H   0.0386   0.961  0.000  0.000
  138 H   0.0242   0.976  0.000  0.000
  139 H   0.0332   0.967  0.000  0.000
  140 H   0.0334   0.967  0.000  0.000
 
 Wiberg/Mayer (AO) data. WBOs > 0.1 written file <wbo>
 largest (>0.05) Wiberg bond orders for each atom
           total WBO             WBO to atom ...
     1  MG  2.529    N   34 0.543    N   17 0.512    N    6 0.390    N   26 0.382    C   38 0.059
     2  C   3.869    C    7 1.407    C   38 1.199    C   42 0.913
     3  C   3.925    C   10 1.489    C   18 1.237    H   67 0.929
     4  C   3.929    C   27 1.420    C   21 1.310    H   68 0.924
     5  C   3.897    C   30 1.519    C   35 1.190    H   69 0.936
     6  N   3.327    C    7 1.265    C   10 1.194    MG   1 0.390    C   18 0.052
     7  C   3.861    C    2 1.407    N    6 1.265    C    8 0.910
     8  C   3.915    C   12 0.944    H   70 0.942    C    9 0.933    C    7 0.910
     9  C   3.931    C   11 0.992    H   71 0.938    C    8 0.933    C   10 0.923
    10  C   3.854    C    3 1.489    N    6 1.194    C    9 0.923
    11  C   3.974    C    9 0.992    H   74 0.973    H   72 0.972    H   73 0.968
    12  C   3.944    C   13 0.991    H   75 0.962    H   76 0.953    C    8 0.944
    13  C   3.965    C   12 0.991    H   77 0.958    H   78 0.948    C   14 0.912    O   15 0.087
    14  C   3.886    O   15 1.809    O   16 1.122    C   13 0.912
    15  O   2.119    C   14 1.809    O   16 0.157    C   13 0.087
    16  O   2.305    C   14 1.122    C   47 0.921    O   15 0.157
    17  N   3.300    C   21 1.172    C   18 1.137    MG   1 0.512    C   20 0.078    C   19 0.051
    18  C   3.874    C   19 1.257    C    3 1.237    N   17 1.137    N    6 0.052
    19  C   3.865    C   20 1.380    C   18 1.257    C   22 0.968    N   17 0.051
    20  C   3.861    C   19 1.380    C   21 1.141    C   23 0.955    O   24 0.080    N   17 0.078
    21  C   3.881    C    4 1.310    N   17 1.172    C   20 1.141    N   26 0.055
    22  C   3.976    H   80 0.978    H   79 0.973    H   81 0.971    C   19 0.968
    23  C   3.873    O   24 1.846    C   25 0.973    C   20 0.955
    24  O   2.148    C   23 1.846    C   20 0.080    C   25 0.072
    25  C   3.982    C   23 0.973    H   83 0.968    H   82 0.960    H   84 0.954    O   24 0.072
    26  N   3.323    C   27 1.252    C   30 1.198    MG   1 0.382    C   21 0.055
    27  C   3.851    C    4 1.420    N   26 1.252    C   28 0.907
    28  C   3.938    C   31 0.978    C   29 0.965    H   85 0.943    C   27 0.907
    29  C   3.927    C   28 0.965    C   32 0.933    C   30 0.931    H   86 0.930
    30  C   3.879    C    5 1.519    N   26 1.198    C   29 0.931
    31  C   3.949    C   28 0.978    H   88 0.972    H   89 0.970    H   87 0.966
    32  C   3.950    C   33 1.008    H   91 0.969    H   90 0.966    C   29 0.933
    33  C   3.982    C   32 1.008    H   92 0.984    H   93 0.982    H   94 0.980
    34  N   3.313    C   35 1.177    C   38 1.149    MG   1 0.543    C   36 0.057    C   37 0.054
    35  C   3.862    C   36 1.224    C    5 1.190    N   34 1.177
    36  C   3.833    C   37 1.341    C   35 1.224    C   39 0.958    N   34 0.057
    37  C   3.917    C   36 1.341    C   38 1.231    C   40 1.061    O   41 0.064    N   34 0.054
    38  C   3.896    C   37 1.231    C    2 1.199    N   34 1.149    MG   1 0.059
    39  C   3.974    H   95 0.981    H   97 0.979    H   96 0.975    C   36 0.958
    40  C   3.890    O   41 1.837    C   37 1.061    C   42 0.837
    41  O   2.185    C   40 1.837    C   42 0.092    C   37 0.064
    42  C   3.923    C   43 0.936    H   98 0.934    C    2 0.913    C   40 0.837    O   41 0.092    O   44 0.067
    43  C   3.896    O   44 1.772    O   45 1.119    C   42 0.936
    44  O   2.094    C   43 1.772    O   45 0.166    C   42 0.067
    45  O   2.312    C   43 1.119    C   46 0.956    O   44 0.166
    46  C   3.933    H  100 0.988    H   99 0.988    H  101 0.983    O   45 0.956
    47  C   3.922    C   48 0.985    H  102 0.972    H  103 0.962    O   16 0.921
    48  C   3.957    C   49 1.898    C   47 0.985    H  104 0.937
    49  C   3.937    C   48 1.898    C   51 0.988    C   50 0.964
    50  C   3.986    H  107 0.978    H  105 0.978    H  106 0.973    C   49 0.964
    51  C   3.973    C   49 0.988    C   52 0.972    H  109 0.957    H  108 0.950
    52  C   3.965    C   53 0.978    C   51 0.972    H  110 0.969    H  111 0.965
    53  C   3.958    C   52 0.978    C   54 0.973    H  113 0.967    H  112 0.958
    54  C   3.937    C   55 0.984    C   53 0.973    C   56 0.963    H  114 0.952
    55  C   3.979    C   54 0.984    H  116 0.982    H  117 0.979    H  115 0.979
    56  C   3.947    C   57 0.973    H  118 0.964    C   54 0.963    H  119 0.960
    57  C   3.963    C   58 0.990    C   56 0.973    H  121 0.972    H  120 0.967
    58  C   3.964    C   57 0.990    H  122 0.965    C   59 0.963    H  123 0.962
    59  C   3.939    C   60 0.986    C   61 0.975    C   58 0.963    H  124 0.953
    60  C   3.980    C   59 0.986    H  127 0.980    H  126 0.980    H  125 0.975
    61  C   3.955    C   59 0.975    H  129 0.966    H  128 0.965    C   62 0.962
    62  C   3.954    C   63 0.981    H  131 0.970    H  130 0.967    C   61 0.962
    63  C   3.964    C   64 0.989    C   62 0.981    H  132 0.959    H  133 0.955
    64  C   3.941    C   63 0.989    C   66 0.984    C   65 0.971    H  134 0.956
    65  C   3.975    H  135 0.983    H  136 0.981    H  137 0.978    C   64 0.971
    66  C   3.978    C   64 0.984    H  140 0.981    H  138 0.980    H  139 0.975
    67  H   0.994    C    3 0.929
    68  H   0.994    C    4 0.924
    69  H   0.993    C    5 0.936
    70  H   0.996    C    8 0.942
    71  H   0.994    C    9 0.938
    72  H   0.996    C   11 0.972
    73  H   0.997    C   11 0.968
    74  H   0.998    C   11 0.973
    75  H   0.998    C   12 0.962
    76  H   0.995    C   12 0.953
    77  H   0.996    C   13 0.958
    78  H   0.998    C   13 0.948
    79  H   0.994    C   22 0.973
    80  H   0.996    C   22 0.978
    81  H   0.994    C   22 0.971
    82  H   0.994    C   25 0.960
    83  H   0.997    C   25 0.968
    84  H   0.996    C   25 0.954
    85  H   0.995    C   28 0.943
    86  H   0.995    C   29 0.930
    87  H   0.996    C   31 0.966
    88  H   0.996    C   31 0.972
    89  H   0.998    C   31 0.970
    90  H   0.996    C   32 0.966
    91  H   0.997    C   32 0.969
    92  H   0.998    C   33 0.984
    93  H   0.997    C   33 0.982
    94  H   0.999    C   33 0.980
    95  H   0.996    C   39 0.981
    96  H   0.994    C   39 0.975
    97  H   0.994    C   39 0.979
    98  H   0.994    C   42 0.934
    99  H   0.996    C   46 0.988
   100  H   0.997    C   46 0.988
   101  H   0.997    C   46 0.983
   102  H   0.995    C   47 0.972
   103  H   0.996    C   47 0.962
   104  H   0.999    C   48 0.937
   105  H   0.998    C   50 0.978
   106  H   0.998    C   50 0.973
   107  H   0.999    C   50 0.978
   108  H   0.997    C   51 0.950
   109  H   0.997    C   51 0.957
   110  H   0.997    C   52 0.969
   111  H   0.999    C   52 0.965
   112  H   0.999    C   53 0.958
   113  H   0.998    C   53 0.967
   114  H   0.998    C   54 0.952
   115  H   0.999    C   55 0.979
   116  H   0.999    C   55 0.982
   117  H   0.999    C   55 0.979
   118  H   0.999    C   56 0.964
   119  H   0.999    C   56 0.960
   120  H   0.999    C   57 0.967
   121  H   0.999    C   57 0.972
   122  H   0.998    C   58 0.965
   123  H   0.998    C   58 0.962
   124  H   0.999    C   59 0.953
   125  H   0.997    C   60 0.975
   126  H   0.998    C   60 0.980
   127  H   0.999    C   60 0.980
   128  H   0.997    C   61 0.965
   129  H   0.999    C   61 0.966
   130  H   0.998    C   62 0.967
   131  H   0.999    C   62 0.970
   132  H   0.999    C   63 0.959
   133  H   0.998    C   63 0.955
   134  H   0.999    C   64 0.956
   135  H   0.999    C   65 0.983
   136  H   0.999    C   65 0.981
   137  H   0.998    C   65 0.978
   138  H   0.999    C   66 0.980
   139  H   0.999    C   66 0.975
   140  H   0.999    C   66 0.981
 
 --------------------------------------------
          xTB calculation for sTDA...
 --------------------------------------------
 
 reading parameter file ~/.param_stda2.xtb
 
      method parameters     
 k(s)        :  1.6000
 k(p)        :  2.1800
 k(d)        :  1.9500
 k(f)        :  2.0000
 k(R-V)      :  2.2750
 k(R-R)      :  1.7650
 Tscal       :  0.2580
 Gscal       :  1.0000
 fpol        :  1.0000
 Zcnf        :  0.3430
 Zqf         :  0.0000
 kcn         :  2.7000
 Ryd Hsplit  :  0.7000
 lshift(virt):  3.1000
 lshift(OS)  :  0.2000
 wllscaling  :  2.6000
 
 mowrcut     : 3.000
 
  Z AO/shell   Hii/eV     exponent
  1     Sun Feb 14 09:53:25 CET 2016    EN: 2.327 GAM: 0.473  GM3: 0.0000
     1s    -14.339618    1.220000
     2sp    -3.348946    0.600000
  6     Sun Feb 14 09:53:25 CET 2016    EN: 2.731 GAM: 0.422  GM3: 0.0000
     2s    -22.009312    1.565095
     2p    -13.020408    1.596905
     3sp    -3.914040    0.824500
  7     Sun Feb 14 09:53:25 CET 2016    EN: 3.573 GAM: 0.504  GM3: 0.0000
     2s    -25.722000    2.064844
     2p    -18.684912    1.801692
     3sp    -4.344791    0.921400
  8     Sun Feb 14 09:53:25 CET 2016    EN: 3.700 GAM: 0.587  GM3: 0.0000
     2s    -33.859000    2.418661
     2p    -22.175911    1.973969
     3sp    -4.259392    1.013700
 12     Sun Feb 21 16:58:31 CET 2016    EN: 0.033 GAM: 0.222  GM3: 0.0000
     3s    -11.092543    1.647583
     3p     -6.929529    0.855020
 
 Nbf   :          894
 T(el) :     0.0
 calculating S/T integrals ...
 cpu time for ints    1.27377300000000     
 Nao   :          894
 making H0...
 making H1...
 cpu time for H      2.428799999999987E-002
 solving ...
 cpu time for diag   0.271170000000000     
 
 gap (eV)           :   4.636
 Koopmans IP (eV)   :  13.454
 Eel (Eh)           :  -300.829974

          eigenvalues
 #    :         164        165        166        167        168        169        170        171
 occ. :        2.000      2.000      2.000      2.000      2.000      2.000      2.000      2.000
 eps  :       -17.402    -17.171    -17.158    -16.520    -16.375    -16.213    -16.064    -15.957
 #    :         172        173        174        175        176        177        178        179
 occ. :        2.000      2.000      2.000      2.000      2.000      0.000      0.000      0.000
 eps  :       -15.730    -15.355    -15.172    -14.009    -13.455     -8.818     -6.909     -6.763
 #    :         180        181        182        183        184        185        186        187
 occ. :        0.000      0.000      0.000      0.000      0.000      0.000      0.000      0.000
 eps  :        -6.495     -6.202     -5.812     -5.517     -5.275     -5.168     -5.114     -4.990
                            1  SCC done.
 writing mo output ...
 molden style : F
 
speedup  1.12
cpu  time for all    2.11 s
wall time for all    1.89 s
