cpu-bind=MASK - bp1-compute158, task 4294967295 4294967295 [0]: mask 0xffffff00ffffff set
Host:    bp1-compute158.data.bp.acrc.priv
Time:    Fri Apr 29 12:19:16 BST 2022
Dir:     /user/home/of15641/chlorophyll_parameterization/tddft_data/step_301_chromophore_3
Job ID:  1658692
Nodelist:
cat: bp1-compute158: No such file or directory
  
Result dir: /user/home/of15641/chlorophyll_parameterization/tddft_data/step_301_chromophore_3
running gaussian jobs
Running time g16 < CAMB3LYP_step_301_chromophore_3.com > CAMB3LYP_step_301_chromophore_3.log

real	28m0.676s
user	658m51.898s
sys	1m13.925s
Running time g16 < PBE0_step_301_chromophore_3.com > PBE0_step_301_chromophore_3.log

real	21m47.847s
user	520m4.704s
sys	0m52.887s
Running time g16 < wB97XD_step_301_chromophore_3.com > wB97XD_step_301_chromophore_3.log

real	28m25.875s
user	668m49.587s
sys	1m0.260s
Running time g16 < BLYP_step_301_chromophore_3.com > BLYP_step_301_chromophore_3.log

real	13m27.976s
user	320m35.162s
sys	0m45.911s
Running time g16 < ZINDO_step_301_chromophore_3.com > ZINDO_step_301_chromophore_3.log

real	0m6.558s
user	2m23.141s
sys	0m2.387s
