cpu-bind=MASK - bp1-compute082, task 4294967295 4294967295 [0]: mask 0xffffffffffff set
Host:    bp1-compute082.data.bp.acrc.priv
Time:    Fri Apr 29 06:48:05 BST 2022
Dir:     /user/home/of15641/chlorophyll_parameterization/tddft_data/step_201_chromophore_13
Job ID:  1658622
Nodelist:
cat: bp1-compute082: No such file or directory
  
Result dir: /user/home/of15641/chlorophyll_parameterization/tddft_data/step_201_chromophore_13
running gaussian jobs
Running time g16 < CAMB3LYP_step_201_chromophore_13.com > CAMB3LYP_step_201_chromophore_13.log

real	25m57.129s
user	610m57.527s
sys	0m26.440s
Running time g16 < PBE0_step_201_chromophore_13.com > PBE0_step_201_chromophore_13.log

real	21m38.269s
user	516m48.860s
sys	0m24.761s
Running time g16 < wB97XD_step_201_chromophore_13.com > wB97XD_step_201_chromophore_13.log

real	27m22.047s
user	644m30.476s
sys	0m26.188s
Running time g16 < BLYP_step_201_chromophore_13.com > BLYP_step_201_chromophore_13.log

real	14m20.158s
user	342m6.174s
sys	0m27.348s
Running time g16 < ZINDO_step_201_chromophore_13.com > ZINDO_step_201_chromophore_13.log

real	0m8.276s
user	3m4.144s
sys	0m3.245s
