cpu-bind=MASK - bp1-compute067, task 4294967295 4294967295 [0]: mask 0xffffffffffff set
Host:    bp1-compute067.data.bp.acrc.priv
Time:    Thu May  5 01:19:22 BST 2022
Dir:     /user/home/of15641/chlorophyll_parameterization/tddft_data/step_51_chromophore_2
Job ID:  1692331
Nodelist:
cat: bp1-compute067: No such file or directory
  
Result dir: /user/home/of15641/chlorophyll_parameterization/tddft_data/step_51_chromophore_2
running gaussian jobs
Running time g16 < CAMB3LYP_step_51_chromophore_2.com > CAMB3LYP_step_51_chromophore_2.log

real	29m3.370s
user	684m56.946s
sys	0m52.839s
Running time g16 < PBE0_step_51_chromophore_2.com > PBE0_step_51_chromophore_2.log

real	20m35.862s
user	491m43.153s
sys	0m44.236s
Running time g16 < wB97XD_step_51_chromophore_2.com > wB97XD_step_51_chromophore_2.log

real	30m14.909s
user	712m32.438s
sys	0m53.802s
Running time g16 < BLYP_step_51_chromophore_2.com > BLYP_step_51_chromophore_2.log

real	13m39.904s
user	325m49.218s
sys	0m35.186s
Running time g16 < ZINDO_step_51_chromophore_2.com > ZINDO_step_51_chromophore_2.log

real	0m7.648s
user	2m49.624s
sys	0m2.829s
