cpu-bind=MASK - bp1-compute148, task 4294967295 4294967295 [0]: mask 0xffffff00ffffff set
Host:    bp1-compute148.data.bp.acrc.priv
Time:    Tue Apr 26 16:34:54 BST 2022
Dir:     /user/home/of15641/chlorophyll_parameterization/tddft_data/step_1001_chromophore_1
Job ID:  1658046
Nodelist:
cat: bp1-compute148: No such file or directory
  
Result dir: /user/home/of15641/chlorophyll_parameterization/tddft_data/step_1001_chromophore_1
running gaussian jobs
Running time g16 < CAMB3LYP_step_1001_chromophore_1.com > CAMB3LYP_step_1001_chromophore_1.log

real	28m30.646s
user	671m20.615s
sys	1m1.973s
Running time g16 < PBE0_step_1001_chromophore_1.com > PBE0_step_1001_chromophore_1.log

real	18m55.395s
user	451m10.442s
sys	0m58.504s
Running time g16 < wB97XD_step_1001_chromophore_1.com > wB97XD_step_1001_chromophore_1.log

real	26m40.994s
user	627m57.923s
sys	1m3.331s
Running time g16 < BLYP_step_1001_chromophore_1.com > BLYP_step_1001_chromophore_1.log

real	12m42.536s
user	302m36.804s
sys	0m46.363s
Running time g16 < ZINDO_step_1001_chromophore_1.com > ZINDO_step_1001_chromophore_1.log

real	0m10.107s
user	3m32.970s
sys	0m2.506s
