cpu-bind=MASK - bp1-compute068, task 4294967295 4294967295 [0]: mask 0xffffffffffff set
Host:    bp1-compute068.data.bp.acrc.priv
Time:    Thu Apr 28 13:52:46 BST 2022
Dir:     /user/home/of15641/chlorophyll_parameterization/tddft_data/step_1601_chromophore_2
Job ID:  1658436
Nodelist:
cat: bp1-compute068: No such file or directory
  
Result dir: /user/home/of15641/chlorophyll_parameterization/tddft_data/step_1601_chromophore_2
running gaussian jobs
Running time g16 < CAMB3LYP_step_1601_chromophore_2.com > CAMB3LYP_step_1601_chromophore_2.log

real	26m33.483s
user	624m33.751s
sys	0m27.519s
Running time g16 < PBE0_step_1601_chromophore_2.com > PBE0_step_1601_chromophore_2.log

real	17m0.572s
user	406m5.698s
sys	0m20.870s
Running time g16 < wB97XD_step_1601_chromophore_2.com > wB97XD_step_1601_chromophore_2.log

real	27m29.238s
user	646m30.728s
sys	0m27.716s
Running time g16 < BLYP_step_1601_chromophore_2.com > BLYP_step_1601_chromophore_2.log

real	13m36.480s
user	324m37.845s
sys	0m22.596s
Running time g16 < ZINDO_step_1601_chromophore_2.com > ZINDO_step_1601_chromophore_2.log

real	0m6.248s
user	2m16.786s
sys	0m2.426s
