cpu-bind=MASK - bp1-compute036, task 4294967295 4294967295 [0]: mask 0xffffffffffff set
Host:    bp1-compute036.data.bp.acrc.priv
Time:    Wed May  4 04:53:08 BST 2022
Dir:     /user/home/of15641/chlorophyll_parameterization/tddft_data/step_1401_chromophore_23
Job ID:  1692114
Nodelist:
cat: bp1-compute036: No such file or directory
  
Result dir: /user/home/of15641/chlorophyll_parameterization/tddft_data/step_1401_chromophore_23
running gaussian jobs
Running time g16 < CAMB3LYP_step_1401_chromophore_23.com > CAMB3LYP_step_1401_chromophore_23.log

real	30m38.147s
user	722m1.445s
sys	0m32.281s
Running time g16 < PBE0_step_1401_chromophore_23.com > PBE0_step_1401_chromophore_23.log

real	21m24.194s
user	511m21.833s
sys	0m25.905s
Running time g16 < wB97XD_step_1401_chromophore_23.com > wB97XD_step_1401_chromophore_23.log

real	26m50.362s
user	631m12.859s
sys	0m28.096s
Running time g16 < BLYP_step_1401_chromophore_23.com > BLYP_step_1401_chromophore_23.log

real	12m36.091s
user	300m36.763s
sys	0m23.867s
Running time g16 < ZINDO_step_1401_chromophore_23.com > ZINDO_step_1401_chromophore_23.log

real	0m7.868s
user	2m52.901s
sys	0m3.091s
