cpu-bind=MASK - bp1-compute135, task 4294967295 4294967295 [0]: mask 0xf11efffef11efffe set
Host:    bp1-compute135.data.bp.acrc.priv
Time:    Thu May  5 14:14:39 BST 2022
Dir:     /user/home/of15641/chlorophyll_parameterization/tddft_data/step_951_chromophore_6
Job ID:  1692467
Nodelist:
cat: bp1-compute135: No such file or directory
  
Result dir: /user/home/of15641/chlorophyll_parameterization/tddft_data/step_951_chromophore_6
running gaussian jobs
Running time g16 < CAMB3LYP_step_951_chromophore_6.com > CAMB3LYP_step_951_chromophore_6.log

real	36m28.274s
user	863m17.359s
sys	0m50.052s
Running time g16 < PBE0_step_951_chromophore_6.com > PBE0_step_951_chromophore_6.log

real	23m19.124s
user	557m11.192s
sys	0m37.555s
Running time g16 < wB97XD_step_951_chromophore_6.com > wB97XD_step_951_chromophore_6.log

real	43m44.940s
user	1036m51.850s
sys	0m59.134s
Running time g16 < BLYP_step_951_chromophore_6.com > BLYP_step_951_chromophore_6.log

real	19m17.314s
user	460m26.325s
sys	0m43.010s
Running time g16 < ZINDO_step_951_chromophore_6.com > ZINDO_step_951_chromophore_6.log

real	0m9.623s
user	3m1.274s
sys	0m2.890s
