cpu-bind=MASK - bp1-compute161, task 4294967295 4294967295 [0]: mask 0xffffff00ffffff set
Host:    bp1-compute161.data.bp.acrc.priv
Time:    Fri Apr 29 18:33:42 BST 2022
Dir:     /user/home/of15641/chlorophyll_parameterization/tddft_data/step_451_chromophore_18
Job ID:  1658762
Nodelist:
cat: bp1-compute161: No such file or directory
  
Result dir: /user/home/of15641/chlorophyll_parameterization/tddft_data/step_451_chromophore_18
running gaussian jobs
Running time g16 < CAMB3LYP_step_451_chromophore_18.com > CAMB3LYP_step_451_chromophore_18.log

real	24m48.216s
user	583m31.211s
sys	0m42.571s
Running time g16 < PBE0_step_451_chromophore_18.com > PBE0_step_451_chromophore_18.log

real	17m46.448s
user	423m52.646s
sys	0m49.990s
Running time g16 < wB97XD_step_451_chromophore_18.com > wB97XD_step_451_chromophore_18.log

real	27m58.741s
user	658m44.571s
sys	0m52.360s
Running time g16 < BLYP_step_451_chromophore_18.com > BLYP_step_451_chromophore_18.log

real	11m47.387s
user	280m41.985s
sys	0m43.812s
Running time g16 < ZINDO_step_451_chromophore_18.com > ZINDO_step_451_chromophore_18.log

real	0m6.656s
user	2m25.911s
sys	0m2.298s
