 
        ______________________________________
       |                                      |
       |          ===================         |
       |             xTB for sTDA             |
       |          ===================         |
       |               S. Grimme              |
       |        Universitaet Bonn, MCTC       |
       |         2015-19, Version 1.0         |
       |     Wed Apr  3 09:14:55 CEST 2019    |
       |______________________________________|
 
        This code comes without any warranty
        for non-commercial, academia use only.
        Preliminary test version.
        Cite this work as:
        S. Grimme  &  C. Bannwarth, JCP 145 (2016) 054103
        if GBSA is used additionally:
        P. Shushkov, F. März, C. Bannwarth, S. Grimme, unpublished.
 
        with help from
        P. Shushkov, G. Brandenburg, S. Dohm, J. Pisarek,
        F. März, M. Checinski, S. Ehrlich, S. Spicher, 
        P. Pracht, E. Caldeweyher, S. Ehlert, and C. Bannwarth.
 
        usage        :
        xtb4stda <coord_file> [options]
        where <coord_file> is a valid file of TM)
        (*coord, Bohr) or xmol (*xyz, Angstroem)
        format.

        options:
        -chrg <int>   : molecular charge
        -uhf  <int>   : # of unpaired electrons(=2*S)
        -nox          : skip second, extended part in sTDA-xTB
        -pop          : do population analysis
                      : (default for -nox)
        -mowr <real>  : cut MO write above (def.3 Eh)
        -molden       : write formatted molden file
        -parx <file>  : read parameters for sTDA-xTB
                        calc (def:~/.param_stda2.xtb)
        -parv <file>  : read parameters for vTB part in
                        sTDA-xTB (def: ~/.param_stda1.xtb)
        -xtemp <real> : el. temp for xTB (def. 0 K)
        -etemp <real> : el. temp for GFN (def. 300 K)
        -fod          : calculate the FOD and write
                        molden.input file with
                        appropriate occupations
                        for plotting. Def. T=12500 K
 
        -acc <real>   : xTB accuracy (def. 1.0)
        -gbsa [string1] [string2]
                        use GBSA implicit solvent
                        for solvent [string1] and
                        solvation state [string2]=
                        reference, bar1M (default=1M)
        additional GFN/opt/MD/siman options read from
        $XTB4STDAHOME/.xtb4stdarc or $set in input
 
       spin and charge state information can be on:
       <.CHRG> (charge) and <.UHF> (=nalpha-nbeta)
       -uhf and -chrg override the file info.
       useful machine settings:
       setenv MKL_NUM_THREADS <NCORE_ON_YOUR_MACHINE>
       setenv OMP_STACKSIZE 500m
       limit stacksize unlimited
 
       total energies in Eh, gaps/HL energies in eV
       please read REVISION and HOWTO files carefully
 =============================
  # OMP threads =           4
 =============================
 
 xtb4stdahome directory:~/
 
 
 name of molecule           :
 comment line               :
 number of atoms            :   140
 number of electrons        :   352
 charge                     :  0
 spin                       : 0.0
 first test random number   :  0.6174
 
 -----------------------------------------
      charge density (VTB) calculation
 -----------------------------------------
 
      method parameters     
 k(s)        :  1.8000
 k(p)        :  2.8350
 k(d)        :  2.0860
 k(f)        :  2.0000
 Tscal       :  0.3300
 Gscal       :  0.3910
 fpol        :  1.0000
 Zcnf        :  0.6500
 Zqf         :  0.0000
 kcn         :  0.3000
 kEN1        : -0.5900
 wllscal     :  2.6000
 
     -------------------------
     ! NO SOLVENT MODEL USED !
     -------------------------
 
 doing EN charges ...
 sum q : -0.1665335D-14
 point charge moment (au)
     X       Y       Z   
  -0.0843  -0.1805   0.4248  total (Debye):    1.193
 
            Z      q(EN)   CN      Cart. coordinates
     1  MG  2.0   0.843   4.666    46.03183   -12.52888    86.09591
     2  C   4.0   0.018   3.299    50.62009    -7.95386    84.01722
     3  C   4.0  -0.058   3.148    41.95381   -10.13838    81.57758
     4  C   4.0  -0.062   3.174    42.45647   -17.63681    86.83669
     5  C   4.0  -0.058   3.131    51.15299   -15.65638    89.24231
     6  N   5.0  -0.382   3.121    46.25482    -9.57335    83.28967
     7  C   4.0   0.096   3.373    48.25037    -8.02000    82.72842
     8  C   4.0  -0.093   4.131    47.53984    -6.03012    80.65350
     9  C   4.0  -0.095   4.120    44.61076    -6.35326    80.44752
    10  C   4.0   0.089   3.375    44.17990    -8.79478    81.94230
    11  C   4.0  -0.236   4.002    42.68135    -4.09882    81.05035
    12  C   4.0  -0.162   4.047    49.11209    -6.35515    78.10615
    13  C   4.0  -0.166   4.023    50.26293    -3.94953    77.00444
    14  C   4.0   0.165   3.044    49.75459    -3.62449    74.01868
    15  O   6.0  -0.090   1.031    48.24659    -2.15618    72.96988
    16  O   6.0  -0.114   2.034    50.93000    -5.49343    72.64673
    17  N   5.0  -0.417   3.214    42.55285   -13.75343    84.53878
    18  C   4.0   0.087   3.424    41.23571   -12.48353    82.75110
    19  C   4.0   0.012   3.238    38.83387   -13.83090    82.26733
    20  C   4.0   0.004   3.251    38.92269   -16.05133    83.71297
    21  C   4.0   0.079   3.408    41.42846   -16.04944    84.97342
    22  C   4.0  -0.246   4.019    36.77218   -13.08446    80.38516
    23  C   4.0   0.119   3.033    37.00083   -18.27932    83.59770
    24  O   6.0  -0.114   1.061    35.06198   -17.96751    82.44496
    25  C   4.0  -0.246   4.017    37.39201   -20.85502    84.91484
    26  N   5.0  -0.370   3.128    46.69702   -16.17227    87.73431
    27  C   4.0   0.069   3.293    44.63344   -17.84468    88.21619
    28  C   4.0  -0.093   4.104    45.73893   -20.35235    89.43695
    29  C   4.0  -0.096   4.134    48.52627   -19.64181    90.12670
    30  C   4.0   0.094   3.309    48.83997   -17.00186    88.94184
    31  C   4.0  -0.237   4.015    43.97392   -21.22162    91.69517
    32  C   4.0  -0.163   4.041    50.59552   -21.49185    89.16105
    33  C   4.0  -0.239   4.021    51.06040   -21.30288    86.30378
    34  N   5.0  -0.406   3.194    50.05128   -11.90338    86.74220
    35  C   4.0   0.079   3.457    51.82762   -13.27532    88.04233
    36  C   4.0   0.018   3.205    54.33529   -12.18117    87.80801
    37  C   4.0   0.001   3.436    53.84207   -10.06279    86.09213
    38  C   4.0   0.104   3.630    51.17000    -9.96830    85.68773
    39  C   4.0  -0.247   4.014    56.69745   -12.77266    89.26687
    40  C   4.0   0.106   3.204    55.05150    -7.90472    84.89027
    41  O   6.0  -0.095   1.045    57.21145    -7.07702    85.08113
    42  C   4.0  -0.116   4.194    52.99547    -6.49877    83.34825
    43  C   4.0   0.164   3.166    53.03705    -3.80402    84.03611
    44  O   6.0  -0.093   1.051    53.71357    -2.22799    82.45063
    45  O   6.0  -0.109   2.025    52.31328    -3.37505    86.54945
    46  C   4.0  -0.197   4.051    52.52493    -0.71621    87.21841
    47  C   4.0  -0.141   4.048    50.41033    -5.92618    69.91608
    48  C   4.0  -0.053   3.125    49.34263    -8.42251    69.50979
    49  C   4.0   0.019   3.078    50.33474   -10.41239    68.35139
    50  C   4.0  -0.246   4.018    52.94823   -10.39538    66.91709
    51  C   4.0  -0.178   4.104    48.99492   -12.87659    68.78791
    52  C   4.0  -0.163   4.042    46.61765   -13.37359    67.16275
    53  C   4.0  -0.164   4.069    47.32819   -14.77199    64.68532
    54  C   4.0  -0.087   4.041    46.38332   -13.40383    62.26836
    55  C   4.0  -0.238   4.025    45.05485   -15.40505    60.45233
    56  C   4.0  -0.164   4.061    48.59997   -12.03000    60.81327
    57  C   4.0  -0.165   4.066    47.94802    -9.14627    60.79059
    58  C   4.0  -0.166   4.098    49.83396    -7.66473    59.25236
    59  C   4.0  -0.088   4.056    48.86264    -6.83514    56.64831
    60  C   4.0  -0.239   4.064    47.47181    -4.38227    57.00547
    61  C   4.0  -0.164   4.064    50.87142    -6.84648    54.49025
    62  C   4.0  -0.163   4.034    50.27994    -8.62849    52.21124
    63  C   4.0  -0.164   4.063    49.23870    -6.98821    50.00593
    64  C   4.0  -0.087   4.015    47.19024    -8.54534    48.44501
    65  C   4.0  -0.237   4.022    48.49793   -10.55034    46.67812
    66  C   4.0  -0.238   4.034    45.41200    -6.74065    47.05418
    67  H   1.0   0.070   1.005    40.67446    -9.47698    80.09981
    68  H   1.0   0.072   1.012    41.09398   -19.08245    87.38849
    69  H   1.0   0.071   1.004    52.71202   -16.60313    90.20229
    70  H   1.0   0.085   1.008    47.90833    -4.19708    81.51333
    71  H   1.0   0.085   1.010    44.21203    -6.69719    78.45764
    72  H   1.0   0.080   0.998    43.67913    -2.70609    82.19552
    73  H   1.0   0.080   0.998    41.02595    -4.84526    82.02167
    74  H   1.0   0.079   0.997    42.11254    -3.11805    79.32881
    75  H   1.0   0.083   1.010    47.79873    -6.78412    76.57925
    76  H   1.0   0.082   1.003    50.49159    -7.85937    78.37449
    77  H   1.0   0.082   1.005    52.25470    -4.22921    77.45231
    78  H   1.0   0.082   1.003    49.45980    -2.28846    77.91907
    79  H   1.0   0.080   0.998    37.17091   -11.27222    79.48943
    80  H   1.0   0.080   1.000    35.08465   -12.74053    81.51522
    81  H   1.0   0.080   0.998    36.30353   -14.52632    78.99243
    82  H   1.0   0.080   1.000    37.01028   -20.51298    86.91039
    83  H   1.0   0.080   0.999    39.32898   -21.48240    84.60303
    84  H   1.0   0.080   0.997    36.16558   -22.40081    84.33091
    85  H   1.0   0.084   1.007    45.66712   -21.72996    87.90816
    86  H   1.0   0.084   1.008    48.81540   -19.27331    92.13170
    87  H   1.0   0.080   0.998    43.25016   -23.10946    91.30400
    88  H   1.0   0.080   0.998    42.47726   -19.87614    92.13170
    89  H   1.0   0.080   0.998    45.16445   -21.63547    93.32412
    90  H   1.0   0.083   1.008    49.68845   -23.33434    89.30467
    91  H   1.0   0.081   1.001    52.35297   -21.30855    90.21930
    92  H   1.0   0.080   0.998    50.84308   -23.16804    85.45530
    93  H   1.0   0.080   0.998    52.96713   -20.67927    85.83702
    94  H   1.0   0.081   1.000    49.62987   -20.13314    85.39294
    95  H   1.0   0.080   0.999    58.30749   -12.68762    87.98564
    96  H   1.0   0.081   1.003    56.37619   -14.71908    89.85836
    97  H   1.0   0.080   0.999    56.88075   -11.51977    90.89204
    98  H   1.0   0.086   1.011    53.12776    -6.66128    81.29979
    99  H   1.0   0.082   0.998    52.74036     0.42519    85.51766
   100  H   1.0   0.080   0.996    54.29750    -0.42519    88.22753
   101  H   1.0   0.080   0.995    51.07173    -0.06992    88.52610
   102  H   1.0   0.083   1.003    52.30383    -5.81847    69.11484
   103  H   1.0   0.082   1.002    49.13098    -4.47865    69.20176
   104  H   1.0   0.071   1.008    47.70802    -8.86092    70.68331
   105  H   1.0   0.080   0.999    53.71357   -12.30401    67.05882
   106  H   1.0   0.080   0.997    54.25214    -8.90817    67.48967
   107  H   1.0   0.080   0.998    52.69690    -9.99287    64.91398
   108  H   1.0   0.082   1.006    48.44690   -12.86336    70.77402
   109  H   1.0   0.083   1.006    50.23081   -14.46585    68.35328
   110  H   1.0   0.082   1.002    45.55940   -11.65961    66.73567
   111  H   1.0   0.082   1.005    45.55562   -14.65294    68.37784
   112  H   1.0   0.082   1.002    46.79150   -16.73919    64.98201
   113  H   1.0   0.083   1.006    49.35208   -14.91750    64.32816
   114  H   1.0   0.083   1.008    44.77139   -12.22653    62.77670
   115  H   1.0   0.081   1.000    45.78806   -14.96285    58.57961
   116  H   1.0   0.079   0.996    42.99504   -15.40505    60.41076
   117  H   1.0   0.080   0.997    45.54995   -17.34957    60.92099
   118  H   1.0   0.082   1.003    48.91745   -12.49487    58.83284
   119  H   1.0   0.082   1.002    50.40466   -12.30023    61.76947
   120  H   1.0   0.083   1.005    48.08786    -8.59825    62.77103
   121  H   1.0   0.082   1.003    46.00349    -8.80990    60.20100
   122  H   1.0   0.083   1.004    51.57818    -8.75132    59.13141
   123  H   1.0   0.083   1.008    50.21569    -6.11515    60.55627
   124  H   1.0   0.084   1.013    47.34708    -8.09370    56.04171
   125  H   1.0   0.081   1.002    48.90233    -2.93663    56.67099
   126  H   1.0   0.081   1.001    46.66489    -4.39550    58.90087
   127  H   1.0   0.080   0.998    45.79940    -4.19330    55.81684
   128  H   1.0   0.083   1.006    52.55706    -7.66662    55.34251
   129  H   1.0   0.082   1.003    51.18512    -4.95108    53.74759
   130  H   1.0   0.082   1.004    49.01760   -10.02689    53.04272
   131  H   1.0   0.082   1.004    51.88432    -9.53178    51.28905
   132  H   1.0   0.082   1.004    50.69568    -6.62160    48.59619
   133  H   1.0   0.082   1.001    48.47903    -5.16462    50.58985
   134  H   1.0   0.082   1.008    45.94491    -9.66217    49.64688
   135  H   1.0   0.080   0.997    48.06896   -12.46463    47.30929
   136  H   1.0   0.080   0.997    50.55773   -10.61837    46.65166
   137  H   1.0   0.080   0.999    47.85164   -10.20263    44.75249
   138  H   1.0   0.080   0.999    43.48637    -7.45686    47.21480
   139  H   1.0   0.080   0.998    45.97514    -6.43263    45.09642
   140  H   1.0   0.080   0.998    45.12099    -4.97187    48.06896
 
  Z AO/shell   Hii/eV     exponent
  1     Sat Feb 20 21:38:01 CET 2016    EN: 2.327 GAM: 0.473  GM3: 0.0000
     1s    -13.751157    1.051071
  6     Sat Feb 20 21:38:01 CET 2016    EN: 2.731 GAM: 0.422  GM3: 0.0000
     2s    -19.378245    2.021003
     2p    -11.993376    1.497917
  7     Sat Feb 20 21:38:01 CET 2016    EN: 3.573 GAM: 0.504  GM3: 0.0000
     2s    -21.576984    2.275442
     2p    -16.125120    2.056788
  8     Sat Feb 20 21:38:01 CET 2016    EN: 3.700 GAM: 0.587  GM3: 0.0000
     2s    -21.648843    2.110798
     2p    -17.239740    2.329048
 12     Sat Feb 20 23:25:47 CET 2016    EN: 0.033 GAM: 0.222  GM3: 0.0000
     3s    -12.693633    1.302878
     3p     -8.128821    0.504252
 
 dipole moment of classical point charges (au)
     X       Y       Z   
  -0.0843  -0.1805   0.4248  total (Debye):    1.193

 
 Nbf   :          338
 T(el) :   300.0
 calculating S/T integrals ...
 cpu time for ints   0.150342000000000     
 Nao   :          338
 making H0...
 making H1...
 cpu time for H      5.778000000000005E-003
 solving ...
 cpu time for diag   5.964000000000000E-002
 
 gap (eV)           :   1.274
 Koopmans IP (eV)   :  12.331
 Eel (Eh)           :  -268.289000
 T,E(Fermi),NFOD :    300.000   -11.694  0.000000
 T,E(Fermi),NFOD :    300.000   -11.694  0.000000
 Nfod               :  0.0000
 Nfod/Nel           :  0.0000

          eigenvalues
 #    :         164        165        166        167        168        169        170        171
 occ. :        2.000      2.000      2.000      2.000      2.000      2.000      2.000      2.000
 eps  :       -16.364    -16.184    -16.112    -15.979    -15.597    -15.556    -15.352    -15.029
 #    :         172        173        174        175        176        177        178        179
 occ. :        2.000      2.000      2.000      2.000      2.000      0.000      0.000      0.000
 eps  :       -15.015    -14.847    -14.754    -13.248    -12.332    -11.058    -10.119     -8.961
 #    :         180        181        182        183        184        185        186        187
 occ. :        0.000      0.000      0.000      0.000      0.000      0.000      0.000      0.000
 eps  :        -8.898     -8.339     -7.917     -7.768     -7.706     -7.327     -7.278     -7.008
                            1  SCC done.
 making H1...
 cpu time for H      7.441999999999999E-002
 solving ...
 cpu time for diag   3.022399999999997E-002
 
 gap (eV)           :   1.555
 Koopmans IP (eV)   :  12.217
 Eel (Eh)           :  -265.510135
 T,E(Fermi),NFOD :    300.000   -11.440  0.000000
 T,E(Fermi),NFOD :    300.000   -11.440  0.000000
 Nfod               :  0.0000
 Nfod/Nel           :  0.0000

          eigenvalues
 #    :         164        165        166        167        168        169        170        171
 occ. :        2.000      2.000      2.000      2.000      2.000      2.000      2.000      2.000
 eps  :       -15.232    -15.166    -14.969    -14.868    -14.833    -14.638    -14.450    -14.377
 #    :         172        173        174        175        176        177        178        179
 occ. :        2.000      2.000      2.000      2.000      2.000      0.000      0.000      0.000
 eps  :       -14.241    -13.943    -13.854    -12.700    -12.218    -10.664     -9.555     -8.869
 #    :         180        181        182        183        184        185        186        187
 occ. :        0.000      0.000      0.000      0.000      0.000      0.000      0.000      0.000
 eps  :        -8.718     -7.959     -7.879     -7.728     -7.568     -7.172     -7.055     -6.963
                            2  SCC done.
 
 
 Mulliken/CM5 charges    n(s)   n(p)   n(d)   
    1 MG  0.3225  0.7503   0.646  1.031  0.000
    2 C  -0.0114 -0.0093   1.199  2.813  0.000
    3 C  -0.0365 -0.0792   1.130  2.907  0.000
    4 C  -0.0210 -0.0623   1.118  2.903  0.000
    5 C  -0.0314 -0.0737   1.142  2.890  0.000
    6 N  -0.1640 -0.4229   1.412  3.752  0.000
    7 C   0.0288  0.0898   1.253  2.718  0.000
    8 C  -0.0348 -0.0901   1.216  2.818  0.000
    9 C  -0.0336 -0.0910   1.203  2.831  0.000
   10 C   0.0363  0.0934   1.221  2.742  0.000
   11 C  -0.0837 -0.2317   1.112  2.972  0.000
   12 C  -0.0500 -0.1577   1.157  2.893  0.000
   13 C  -0.0463 -0.1484   1.152  2.894  0.000
   14 C   0.1878  0.2360   1.220  2.592  0.000
   15 O  -0.2629 -0.3076   1.633  4.630  0.000
   16 O  -0.1600 -0.2361   1.474  4.686  0.000
   17 N  -0.2067 -0.4804   1.386  3.820  0.000
   18 C   0.0235  0.0880   1.203  2.774  0.000
   19 C  -0.0268 -0.0305   1.222  2.805  0.000
   20 C  -0.0686 -0.0628   1.224  2.844  0.000
   21 C   0.0065  0.0676   1.219  2.775  0.000
   22 C  -0.0697 -0.2131   1.082  2.988  0.000
   23 C   0.1538  0.1802   1.219  2.627  0.000
   24 O  -0.2267 -0.2781   1.615  4.611  0.000
   25 C  -0.0945 -0.2371   1.099  2.995  0.000
   26 N  -0.1474 -0.4030   1.414  3.733  0.000
   27 C  -0.0085  0.0381   1.266  2.742  0.000
   28 C  -0.0120 -0.0693   1.210  2.802  0.000
   29 C  -0.0162 -0.0728   1.201  2.816  0.000
   30 C   0.0431  0.0995   1.234  2.722  0.000
   31 C  -0.0896 -0.2371   1.104  2.985  0.000
   32 C  -0.0425 -0.1524   1.146  2.897  0.000
   33 C  -0.0969 -0.2484   1.094  3.003  0.000
   34 N  -0.2172 -0.4839   1.388  3.829  0.000
   35 C   0.0329  0.0952   1.208  2.760  0.000
   36 C  -0.0119 -0.0182   1.229  2.783  0.000
   37 C  -0.0799 -0.0718   1.202  2.878  0.000
   38 C   0.0430  0.1205   1.184  2.773  0.000
   39 C  -0.0527 -0.1963   1.079  2.974  0.000
   40 C   0.1380  0.1710   1.201  2.661  0.000
   41 O  -0.2346 -0.2760   1.632  4.602  0.000
   42 C  -0.0186 -0.0612   1.185  2.834  0.000
   43 C   0.2243  0.2745   1.187  2.589  0.000
   44 O  -0.2545 -0.3075   1.634  4.621  0.000
   45 O  -0.1459 -0.2221   1.505  4.641  0.000
   46 C   0.0036 -0.1190   1.093  2.904  0.000
   47 C   0.0569 -0.0240   1.127  2.816  0.000
   48 C  -0.0659 -0.1232   1.146  2.919  0.000
   49 C  -0.0198 -0.0436   1.221  2.799  0.000
   50 C  -0.0991 -0.2451   1.090  3.009  0.000
   51 C  -0.0546 -0.1620   1.141  2.913  0.000
   52 C  -0.0575 -0.1690   1.156  2.901  0.000
   53 C  -0.0796 -0.1898   1.159  2.921  0.000
   54 C  -0.0271 -0.0988   1.218  2.810  0.000
   55 C  -0.1196 -0.2695   1.113  3.006  0.000
   56 C  -0.0714 -0.1825   1.168  2.904  0.000
   57 C  -0.0670 -0.1821   1.152  2.915  0.000
   58 C  -0.0616 -0.1736   1.148  2.913  0.000
   59 C  -0.0259 -0.1008   1.194  2.832  0.000
   60 C  -0.1003 -0.2517   1.099  3.001  0.000
   61 C  -0.0642 -0.1743   1.158  2.906  0.000
   62 C  -0.0581 -0.1696   1.152  2.906  0.000
   63 C  -0.0776 -0.1875   1.169  2.909  0.000
   64 C  -0.0298 -0.1040   1.208  2.822  0.000
   65 C  -0.1106 -0.2606   1.106  3.005  0.000
   66 C  -0.1042 -0.2548   1.100  3.004  0.000
   67 H   0.0619  0.1205   0.938  0.000  0.000
   68 H   0.0450  0.1068   0.955  0.000  0.000
   69 H   0.0536  0.1119   0.946  0.000  0.000
   70 H   0.0448  0.1078   0.955  0.000  0.000
   71 H   0.0418  0.1039   0.958  0.000  0.000
   72 H   0.0324  0.0844   0.968  0.000  0.000
   73 H   0.0434  0.0961   0.957  0.000  0.000
   74 H   0.0422  0.0931   0.958  0.000  0.000
   75 H   0.0357  0.0980   0.964  0.000  0.000
   76 H   0.0528  0.1104   0.947  0.000  0.000
   77 H   0.0470  0.1064   0.953  0.000  0.000
   78 H   0.0454  0.1042   0.955  0.000  0.000
   79 H   0.0432  0.0958   0.957  0.000  0.000
   80 H   0.0468  0.1012   0.953  0.000  0.000
   81 H   0.0547  0.1089   0.945  0.000  0.000
   82 H   0.0480  0.1017   0.952  0.000  0.000
   83 H   0.0416  0.0951   0.958  0.000  0.000
   84 H   0.0474  0.1009   0.953  0.000  0.000
   85 H   0.0538  0.1150   0.946  0.000  0.000
   86 H   0.0535  0.1148   0.946  0.000  0.000
   87 H   0.0370  0.0883   0.963  0.000  0.000
   88 H   0.0479  0.1004   0.952  0.000  0.000
   89 H   0.0337  0.0860   0.966  0.000  0.000
   90 H   0.0371  0.0949   0.963  0.000  0.000
   91 H   0.0490  0.1039   0.951  0.000  0.000
   92 H   0.0294  0.0809   0.971  0.000  0.000
   93 H   0.0314  0.0829   0.969  0.000  0.000
   94 H   0.0411  0.0974   0.959  0.000  0.000
   95 H   0.0554  0.1082   0.945  0.000  0.000
   96 H   0.0456  0.0999   0.954  0.000  0.000
   97 H   0.0604  0.1126   0.940  0.000  0.000
   98 H   0.0690  0.1368   0.931  0.000  0.000
   99 H   0.0573  0.1249   0.943  0.000  0.000
  100 H   0.0396  0.0990   0.960  0.000  0.000
  101 H   0.0534  0.1106   0.947  0.000  0.000
  102 H   0.0493  0.1159   0.951  0.000  0.000
  103 H   0.0657  0.1331   0.934  0.000  0.000
  104 H   0.0323  0.0931   0.968  0.000  0.000
  105 H   0.0421  0.0945   0.958  0.000  0.000
  106 H   0.0471  0.0991   0.953  0.000  0.000
  107 H   0.0373  0.0894   0.963  0.000  0.000
  108 H   0.0509  0.1080   0.949  0.000  0.000
  109 H   0.0403  0.0983   0.960  0.000  0.000
  110 H   0.0359  0.0926   0.964  0.000  0.000
  111 H   0.0377  0.0936   0.962  0.000  0.000
  112 H   0.0390  0.0944   0.961  0.000  0.000
  113 H   0.0324  0.0908   0.968  0.000  0.000
  114 H   0.0426  0.1028   0.957  0.000  0.000
  115 H   0.0298  0.0831   0.970  0.000  0.000
  116 H   0.0338  0.0844   0.966  0.000  0.000
  117 H   0.0252  0.0771   0.975  0.000  0.000
  118 H   0.0363  0.0927   0.964  0.000  0.000
  119 H   0.0384  0.0948   0.962  0.000  0.000
  120 H   0.0298  0.0868   0.970  0.000  0.000
  121 H   0.0316  0.0882   0.968  0.000  0.000
  122 H   0.0332  0.0905   0.967  0.000  0.000
  123 H   0.0382  0.0956   0.962  0.000  0.000
  124 H   0.0285  0.0906   0.971  0.000  0.000
  125 H   0.0279  0.0818   0.972  0.000  0.000
  126 H   0.0384  0.0927   0.962  0.000  0.000
  127 H   0.0342  0.0858   0.966  0.000  0.000
  128 H   0.0340  0.0912   0.966  0.000  0.000
  129 H   0.0390  0.0960   0.961  0.000  0.000
  130 H   0.0383  0.0951   0.962  0.000  0.000
  131 H   0.0437  0.0994   0.956  0.000  0.000
  132 H   0.0310  0.0876   0.969  0.000  0.000
  133 H   0.0364  0.0926   0.964  0.000  0.000
  134 H   0.0304  0.0895   0.970  0.000  0.000
  135 H   0.0331  0.0844   0.967  0.000  0.000
  136 H   0.0319  0.0834   0.968  0.000  0.000
  137 H   0.0313  0.0838   0.969  0.000  0.000
  138 H   0.0326  0.0844   0.967  0.000  0.000
  139 H   0.0324  0.0845   0.968  0.000  0.000
  140 H   0.0360  0.0881   0.964  0.000  0.000
 Hirshfeld charges for QMDFF written to <charges>
 
 Loewdin charges    n(s)   n(p)   n(d)
    1 MG  0.1641   0.657  1.179  0.000
    2 C  -0.0098   1.159  2.851  0.000
    3 C  -0.0338   1.077  2.956  0.000
    4 C  -0.0182   1.064  2.954  0.000
    5 C  -0.0291   1.091  2.938  0.000
    6 N  -0.1278   1.368  3.760  0.000
    7 C   0.0303   1.218  2.752  0.000
    8 C  -0.0284   1.170  2.858  0.000
    9 C  -0.0272   1.157  2.871  0.000
   10 C   0.0418   1.183  2.775  0.000
   11 C  -0.0844   1.040  3.044  0.000
   12 C  -0.0443   1.099  2.946  0.000
   13 C  -0.0452   1.094  2.951  0.000
   14 C   0.1654   1.196  2.639  0.000
   15 O  -0.2493   1.605  4.644  0.000
   16 O  -0.1270   1.442  4.685  0.000
   17 N  -0.1732   1.343  3.830  0.000
   18 C   0.0259   1.165  2.809  0.000
   19 C  -0.0191   1.182  2.837  0.000
   20 C  -0.0755   1.189  2.887  0.000
   21 C   0.0107   1.179  2.810  0.000
   22 C  -0.0706   1.008  3.063  0.000
   23 C   0.1478   1.185  2.667  0.000
   24 O  -0.2083   1.582  4.626  0.000
   25 C  -0.0998   1.027  3.072  0.000
   26 N  -0.1143   1.373  3.741  0.000
   27 C  -0.0044   1.229  2.775  0.000
   28 C  -0.0021   1.163  2.839  0.000
   29 C  -0.0089   1.153  2.856  0.000
   30 C   0.0484   1.198  2.754  0.000
   31 C  -0.0914   1.033  3.059  0.000
   32 C  -0.0360   1.086  2.950  0.000
   33 C  -0.0988   1.022  3.077  0.000
   34 N  -0.1845   1.344  3.841  0.000
   35 C   0.0329   1.171  2.796  0.000
   36 C  -0.0039   1.190  2.814  0.000
   37 C  -0.0892   1.167  2.922  0.000
   38 C   0.0461   1.144  2.809  0.000
   39 C  -0.0516   1.003  3.049  0.000
   40 C   0.1333   1.167  2.700  0.000
   41 O  -0.2202   1.603  4.617  0.000
   42 C  -0.0203   1.136  2.884  0.000
   43 C   0.2043   1.160  2.635  0.000
   44 O  -0.2412   1.606  4.636  0.000
   45 O  -0.1134   1.472  4.642  0.000
   46 C  -0.0049   1.023  2.981  0.000
   47 C   0.0566   1.067  2.876  0.000
   48 C  -0.0652   1.096  2.969  0.000
   49 C  -0.0090   1.179  2.830  0.000
   50 C  -0.1028   1.018  3.085  0.000
   51 C  -0.0515   1.082  2.970  0.000
   52 C  -0.0523   1.098  2.955  0.000
   53 C  -0.0787   1.102  2.976  0.000
   54 C  -0.0166   1.171  2.845  0.000
   55 C  -0.1247   1.044  3.081  0.000
   56 C  -0.0693   1.112  2.958  0.000
   57 C  -0.0627   1.094  2.969  0.000
   58 C  -0.0589   1.090  2.969  0.000
   59 C  -0.0169   1.146  2.871  0.000
   60 C  -0.1043   1.028  3.076  0.000
   61 C  -0.0612   1.101  2.960  0.000
   62 C  -0.0527   1.094  2.959  0.000
   63 C  -0.0752   1.112  2.963  0.000
   64 C  -0.0183   1.160  2.858  0.000
   65 C  -0.1149   1.036  3.079  0.000
   66 C  -0.1081   1.029  3.079  0.000
   67 H   0.0563   0.944  0.000  0.000
   68 H   0.0416   0.958  0.000  0.000
   69 H   0.0486   0.951  0.000  0.000
   70 H   0.0389   0.961  0.000  0.000
   71 H   0.0370   0.963  0.000  0.000
   72 H   0.0322   0.968  0.000  0.000
   73 H   0.0428   0.957  0.000  0.000
   74 H   0.0411   0.959  0.000  0.000
   75 H   0.0330   0.967  0.000  0.000
   76 H   0.0492   0.951  0.000  0.000
   77 H   0.0426   0.957  0.000  0.000
   78 H   0.0409   0.959  0.000  0.000
   79 H   0.0433   0.957  0.000  0.000
   80 H   0.0453   0.955  0.000  0.000
   81 H   0.0521   0.948  0.000  0.000
   82 H   0.0478   0.952  0.000  0.000
   83 H   0.0417   0.958  0.000  0.000
   84 H   0.0458   0.954  0.000  0.000
   85 H   0.0470   0.953  0.000  0.000
   86 H   0.0471   0.953  0.000  0.000
   87 H   0.0368   0.963  0.000  0.000
   88 H   0.0466   0.953  0.000  0.000
   89 H   0.0341   0.966  0.000  0.000
   90 H   0.0345   0.965  0.000  0.000
   91 H   0.0451   0.955  0.000  0.000
   92 H   0.0301   0.970  0.000  0.000
   93 H   0.0313   0.969  0.000  0.000
   94 H   0.0424   0.958  0.000  0.000
   95 H   0.0526   0.947  0.000  0.000
   96 H   0.0450   0.955  0.000  0.000
   97 H   0.0575   0.942  0.000  0.000
   98 H   0.0608   0.939  0.000  0.000
   99 H   0.0525   0.947  0.000  0.000
  100 H   0.0369   0.963  0.000  0.000
  101 H   0.0499   0.950  0.000  0.000
  102 H   0.0430   0.957  0.000  0.000
  103 H   0.0572   0.943  0.000  0.000
  104 H   0.0264   0.974  0.000  0.000
  105 H   0.0416   0.958  0.000  0.000
  106 H   0.0469   0.953  0.000  0.000
  107 H   0.0378   0.962  0.000  0.000
  108 H   0.0473   0.953  0.000  0.000
  109 H   0.0380   0.962  0.000  0.000
  110 H   0.0332   0.967  0.000  0.000
  111 H   0.0350   0.965  0.000  0.000
  112 H   0.0369   0.963  0.000  0.000
  113 H   0.0319   0.968  0.000  0.000
  114 H   0.0375   0.962  0.000  0.000
  115 H   0.0309   0.969  0.000  0.000
  116 H   0.0340   0.966  0.000  0.000
  117 H   0.0265   0.973  0.000  0.000
  118 H   0.0342   0.966  0.000  0.000
  119 H   0.0368   0.963  0.000  0.000
  120 H   0.0276   0.972  0.000  0.000
  121 H   0.0297   0.970  0.000  0.000
  122 H   0.0318   0.968  0.000  0.000
  123 H   0.0360   0.964  0.000  0.000
  124 H   0.0249   0.975  0.000  0.000
  125 H   0.0283   0.972  0.000  0.000
  126 H   0.0389   0.961  0.000  0.000
  127 H   0.0341   0.966  0.000  0.000
  128 H   0.0319   0.968  0.000  0.000
  129 H   0.0366   0.963  0.000  0.000
  130 H   0.0359   0.964  0.000  0.000
  131 H   0.0404   0.960  0.000  0.000
  132 H   0.0287   0.971  0.000  0.000
  133 H   0.0343   0.966  0.000  0.000
  134 H   0.0257   0.974  0.000  0.000
  135 H   0.0334   0.967  0.000  0.000
  136 H   0.0331   0.967  0.000  0.000
  137 H   0.0319   0.968  0.000  0.000
  138 H   0.0331   0.967  0.000  0.000
  139 H   0.0325   0.967  0.000  0.000
  140 H   0.0371   0.963  0.000  0.000
 
 Wiberg/Mayer (AO) data. WBOs > 0.1 written file <wbo>
 largest (>0.05) Wiberg bond orders for each atom
           total WBO             WBO to atom ...
     1  MG  2.513    N   17 0.484    N   26 0.458    N   34 0.438    N    6 0.420    C   27 0.057    C   21 0.051
     2  C   3.882    C    7 1.386    C   38 1.206    C   42 0.943
     3  C   3.919    C   10 1.473    C   18 1.229    H   67 0.935
     4  C   3.936    C   27 1.491    C   21 1.262    H   68 0.922
     5  C   3.897    C   30 1.420    C   35 1.240    H   69 0.940
     6  N   3.335    C    7 1.250    C   10 1.199    MG   1 0.420
     7  C   3.850    C    2 1.386    N    6 1.250    C    8 0.916
     8  C   3.923    C    9 0.959    H   70 0.941    C   12 0.933    C    7 0.916
     9  C   3.929    C    8 0.959    C   11 0.949    H   71 0.943    C   10 0.935
    10  C   3.860    C    3 1.473    N    6 1.199    C    9 0.935
    11  C   3.963    H   74 0.984    H   72 0.983    H   73 0.977    C    9 0.949
    12  C   3.951    C   13 0.987    H   75 0.963    H   76 0.958    C    8 0.933
    13  C   3.961    C   12 0.987    H   78 0.963    H   77 0.963    C   14 0.888    O   15 0.092
    14  C   3.869    O   15 1.826    O   16 1.116    C   13 0.888
    15  O   2.144    C   14 1.826    O   16 0.169    C   13 0.092
    16  O   2.311    C   14 1.116    C   47 0.919    O   15 0.169
    17  N   3.336    C   18 1.223    C   21 1.178    MG   1 0.484    C   20 0.070    C   19 0.051
    18  C   3.867    C    3 1.229    N   17 1.223    C   19 1.142
    19  C   3.865    C   20 1.469    C   18 1.142    C   22 0.983    N   17 0.051
    20  C   3.877    C   19 1.469    C   21 1.112    C   23 0.947    O   24 0.080    N   17 0.070
    21  C   3.843    C    4 1.262    N   17 1.178    C   20 1.112    N   26 0.052    MG   1 0.051
    22  C   3.976    C   19 0.983    H   79 0.978    H   81 0.968    H   80 0.968
    23  C   3.868    O   24 1.887    C   20 0.947    C   25 0.941
    24  O   2.193    C   23 1.887    C   25 0.080    C   20 0.080
    25  C   3.978    H   84 0.972    H   83 0.972    H   82 0.960    C   23 0.941    O   24 0.080
    26  N   3.370    C   30 1.277    C   27 1.136    MG   1 0.458    C   21 0.052    C   35 0.052
    27  C   3.815    C    4 1.491    N   26 1.136    C   28 0.900    MG   1 0.057
    28  C   3.922    C   31 0.970    C   29 0.959    H   85 0.945    C   27 0.900
    29  C   3.932    C   28 0.959    C   32 0.956    H   86 0.936    C   30 0.926
    30  C   3.863    C    5 1.420    N   26 1.277    C   29 0.926
    31  C   3.970    H   87 0.981    H   89 0.980    H   88 0.978    C   28 0.970
    32  C   3.960    C   33 1.004    H   90 0.969    H   91 0.964    C   29 0.956
    33  C   3.977    C   32 1.004    H   92 0.985    H   93 0.984    H   94 0.971
    34  N   3.290    C   38 1.271    C   35 1.145    MG   1 0.438    C   37 0.067    C   36 0.056
    35  C   3.867    C    5 1.240    C   36 1.221    N   34 1.145    N   26 0.052
    36  C   3.846    C   37 1.315    C   35 1.221    C   39 1.000    O   41 0.060    N   34 0.056
    37  C   3.893    C   36 1.315    C   38 1.144    C   40 1.083    O   41 0.073    N   34 0.067
    38  C   3.900    N   34 1.271    C    2 1.206    C   37 1.144
    39  C   3.980    C   36 1.000    H   96 0.973    H   95 0.971    H   97 0.961
    40  C   3.893    O   41 1.804    C   37 1.083    C   42 0.855
    41  O   2.148    C   40 1.804    C   42 0.079    C   37 0.073    C   36 0.060
    42  C   3.942    C   43 0.944    C    2 0.943    H   98 0.917    C   40 0.855    O   41 0.079    O   44 0.065
    43  C   3.892    O   44 1.815    O   45 1.063    C   42 0.944
    44  O   2.143    C   43 1.815    O   45 0.167    C   42 0.065
    45  O   2.285    C   43 1.063    C   46 0.976    O   44 0.167
    46  C   3.943    H  100 0.988    H  101 0.985    O   45 0.976    H   99 0.974
    47  C   3.934    C   48 1.023    H  102 0.966    H  103 0.954    O   16 0.919
    48  C   3.964    C   49 1.886    C   47 1.023    H  104 0.930
    49  C   3.929    C   48 1.886    C   51 0.982    C   50 0.958
    50  C   3.985    H  105 0.979    H  107 0.973    H  106 0.973    C   49 0.958
    51  C   3.970    C   49 0.982    C   52 0.968    H  109 0.960    H  108 0.952
    52  C   3.964    C   53 0.982    H  111 0.968    C   51 0.968    H  110 0.964
    53  C   3.957    C   52 0.982    C   54 0.975    H  112 0.960    H  113 0.959
    54  C   3.931    C   53 0.975    C   55 0.972    C   56 0.961    H  114 0.952
    55  C   3.974    H  117 0.981    H  116 0.981    H  115 0.979    C   54 0.972
    56  C   3.958    C   57 0.981    H  118 0.963    H  119 0.962    C   54 0.961
    57  C   3.966    C   58 0.990    C   56 0.981    H  120 0.969    H  121 0.965
    58  C   3.964    C   57 0.990    C   59 0.969    H  123 0.958    H  122 0.958
    59  C   3.943    C   60 0.999    C   58 0.969    C   61 0.966    H  124 0.948
    60  C   3.984    C   59 0.999    H  125 0.980    H  127 0.978    H  126 0.974
    61  C   3.963    C   62 0.983    C   59 0.966    H  128 0.962    H  129 0.960
    62  C   3.966    C   63 0.987    C   61 0.983    H  131 0.968    H  130 0.964
    63  C   3.958    C   62 0.987    H  132 0.972    H  133 0.961    C   64 0.957
    64  C   3.937    C   66 0.995    C   65 0.982    H  134 0.960    C   63 0.957
    65  C   3.977    H  135 0.983    C   64 0.982    H  136 0.980    H  137 0.979
    66  C   3.978    C   64 0.995    H  138 0.979    H  139 0.978    H  140 0.974
    67  H   0.993    C    3 0.935
    68  H   0.993    C    4 0.922
    69  H   0.994    C    5 0.940
    70  H   0.996    C    8 0.941
    71  H   0.996    C    9 0.943
    72  H   0.997    C   11 0.983
    73  H   0.995    C   11 0.977
    74  H   0.997    C   11 0.984
    75  H   0.997    C   12 0.963
    76  H   0.995    C   12 0.958
    77  H   0.997    C   13 0.963
    78  H   0.998    C   13 0.963
    79  H   0.996    C   22 0.978
    80  H   0.994    C   22 0.968
    81  H   0.992    C   22 0.968
    82  H   0.997    C   25 0.960
    83  H   0.998    C   25 0.972
    84  H   0.995    C   25 0.972
    85  H   0.994    C   28 0.945
    86  H   0.995    C   29 0.936
    87  H   0.998    C   31 0.981
    88  H   0.995    C   31 0.978
    89  H   0.998    C   31 0.980
    90  H   0.997    C   32 0.969
    91  H   0.996    C   32 0.964
    92  H   0.999    C   33 0.985
    93  H   0.998    C   33 0.984
    94  H   0.998    C   33 0.971
    95  H   0.995    C   39 0.971
    96  H   0.995    C   39 0.973
    97  H   0.991    C   39 0.961
    98  H   0.991    C   42 0.917
    99  H   0.997    C   46 0.974
   100  H   0.998    C   46 0.988
   101  H   0.997    C   46 0.985
   102  H   0.998    C   47 0.966
   103  H   0.995    C   47 0.954
   104  H   0.999    C   48 0.930
   105  H   0.998    C   50 0.979
   106  H   0.997    C   50 0.973
   107  H   0.999    C   50 0.973
   108  H   0.996    C   51 0.952
   109  H   0.998    C   51 0.960
   110  H   0.999    C   52 0.964
   111  H   0.997    C   52 0.968
   112  H   0.998    C   53 0.960
   113  H   0.999    C   53 0.959
   114  H   0.998    C   54 0.952
   115  H   0.998    C   55 0.979
   116  H   0.998    C   55 0.981
   117  H   0.999    C   55 0.981
   118  H   0.998    C   56 0.963
   119  H   0.999    C   56 0.962
   120  H   0.998    C   57 0.969
   121  H   0.999    C   57 0.965
   122  H   0.999    C   58 0.958
   123  H   0.997    C   58 0.958
   124  H   0.999    C   59 0.948
   125  H   0.999    C   60 0.980
   126  H   0.998    C   60 0.974
   127  H   0.999    C   60 0.978
   128  H   0.998    C   61 0.962
   129  H   0.998    C   61 0.960
   130  H   0.999    C   62 0.964
   131  H   0.997    C   62 0.968
   132  H   0.999    C   63 0.972
   133  H   0.999    C   63 0.961
   134  H   0.999    C   64 0.960
   135  H   0.999    C   65 0.983
   136  H   0.999    C   65 0.980
   137  H   0.999    C   65 0.979
   138  H   0.998    C   66 0.979
   139  H   0.999    C   66 0.978
   140  H   0.999    C   66 0.974
 
 --------------------------------------------
          xTB calculation for sTDA...
 --------------------------------------------
 
 reading parameter file ~/.param_stda2.xtb
 
      method parameters     
 k(s)        :  1.6000
 k(p)        :  2.1800
 k(d)        :  1.9500
 k(f)        :  2.0000
 k(R-V)      :  2.2750
 k(R-R)      :  1.7650
 Tscal       :  0.2580
 Gscal       :  1.0000
 fpol        :  1.0000
 Zcnf        :  0.3430
 Zqf         :  0.0000
 kcn         :  2.7000
 Ryd Hsplit  :  0.7000
 lshift(virt):  3.1000
 lshift(OS)  :  0.2000
 wllscaling  :  2.6000
 
 mowrcut     : 3.000
 
  Z AO/shell   Hii/eV     exponent
  1     Sun Feb 14 09:53:25 CET 2016    EN: 2.327 GAM: 0.473  GM3: 0.0000
     1s    -14.339618    1.220000
     2sp    -3.348946    0.600000
  6     Sun Feb 14 09:53:25 CET 2016    EN: 2.731 GAM: 0.422  GM3: 0.0000
     2s    -22.009312    1.565095
     2p    -13.020408    1.596905
     3sp    -3.914040    0.824500
  7     Sun Feb 14 09:53:25 CET 2016    EN: 3.573 GAM: 0.504  GM3: 0.0000
     2s    -25.722000    2.064844
     2p    -18.684912    1.801692
     3sp    -4.344791    0.921400
  8     Sun Feb 14 09:53:25 CET 2016    EN: 3.700 GAM: 0.587  GM3: 0.0000
     2s    -33.859000    2.418661
     2p    -22.175911    1.973969
     3sp    -4.259392    1.013700
 12     Sun Feb 21 16:58:31 CET 2016    EN: 0.033 GAM: 0.222  GM3: 0.0000
     3s    -11.092543    1.647583
     3p     -6.929529    0.855020
 
 Nbf   :          894
 T(el) :     0.0
 calculating S/T integrals ...
 cpu time for ints    1.19422700000000     
 Nao   :          894
 making H0...
 making H1...
 cpu time for H      2.500700000000000E-002
 solving ...
 cpu time for diag   0.268327000000000     
 
 gap (eV)           :   4.597
 Koopmans IP (eV)   :  13.420
 Eel (Eh)           :  -300.902077

          eigenvalues
 #    :         164        165        166        167        168        169        170        171
 occ. :        2.000      2.000      2.000      2.000      2.000      2.000      2.000      2.000
 eps  :       -17.390    -17.296    -16.959    -16.487    -16.271    -16.049    -15.960    -15.749
 #    :         172        173        174        175        176        177        178        179
 occ. :        2.000      2.000      2.000      2.000      2.000      0.000      0.000      0.000
 eps  :       -15.632    -15.386    -15.212    -13.980    -13.422     -8.824     -6.932     -6.811
 #    :         180        181        182        183        184        185        186        187
 occ. :        0.000      0.000      0.000      0.000      0.000      0.000      0.000      0.000
 eps  :        -6.784     -6.199     -5.885     -5.749     -5.522     -5.277     -5.173     -5.065
                            1  SCC done.
 writing mo output ...
 molden style : F
 
speedup  1.26
cpu  time for all    2.02 s
wall time for all    1.60 s
