cpu-bind=MASK - bp1-compute142, task 4294967295 4294967295 [0]: mask 0x3fffff503fffff5 set
Host:    bp1-compute142.data.bp.acrc.priv
Time:    Sat Apr 30 02:14:26 BST 2022
Dir:     /user/home/of15641/chlorophyll_parameterization/tddft_data/step_551_chromophore_19
Job ID:  1658847
Nodelist:
cat: bp1-compute142: No such file or directory
  
Result dir: /user/home/of15641/chlorophyll_parameterization/tddft_data/step_551_chromophore_19
running gaussian jobs
Running time g16 < CAMB3LYP_step_551_chromophore_19.com > CAMB3LYP_step_551_chromophore_19.log

real	34m17.823s
user	808m59.597s
sys	1m36.828s
Running time g16 < PBE0_step_551_chromophore_19.com > PBE0_step_551_chromophore_19.log

real	20m11.838s
user	481m29.162s
sys	1m18.423s
Running time g16 < wB97XD_step_551_chromophore_19.com > wB97XD_step_551_chromophore_19.log

real	38m42.303s
user	914m30.966s
sys	1m45.032s
Running time g16 < BLYP_step_551_chromophore_19.com > BLYP_step_551_chromophore_19.log

real	16m39.901s
user	397m9.370s
sys	0m59.194s
Running time g16 < ZINDO_step_551_chromophore_19.com > ZINDO_step_551_chromophore_19.log

real	0m7.592s
user	2m47.858s
sys	0m2.590s
