 
        ______________________________________
       |                                      |
       |          ===================         |
       |             xTB for sTDA             |
       |          ===================         |
       |               S. Grimme              |
       |        Universitaet Bonn, MCTC       |
       |         2015-19, Version 1.0         |
       |     Wed Apr  3 09:14:55 CEST 2019    |
       |______________________________________|
 
        This code comes without any warranty
        for non-commercial, academia use only.
        Preliminary test version.
        Cite this work as:
        S. Grimme  &  C. Bannwarth, JCP 145 (2016) 054103
        if GBSA is used additionally:
        P. Shushkov, F. März, C. Bannwarth, S. Grimme, unpublished.
 
        with help from
        P. Shushkov, G. Brandenburg, S. Dohm, J. Pisarek,
        F. März, M. Checinski, S. Ehrlich, S. Spicher, 
        P. Pracht, E. Caldeweyher, S. Ehlert, and C. Bannwarth.
 
        usage        :
        xtb4stda <coord_file> [options]
        where <coord_file> is a valid file of TM)
        (*coord, Bohr) or xmol (*xyz, Angstroem)
        format.

        options:
        -chrg <int>   : molecular charge
        -uhf  <int>   : # of unpaired electrons(=2*S)
        -nox          : skip second, extended part in sTDA-xTB
        -pop          : do population analysis
                      : (default for -nox)
        -mowr <real>  : cut MO write above (def.3 Eh)
        -molden       : write formatted molden file
        -parx <file>  : read parameters for sTDA-xTB
                        calc (def:~/.param_stda2.xtb)
        -parv <file>  : read parameters for vTB part in
                        sTDA-xTB (def: ~/.param_stda1.xtb)
        -xtemp <real> : el. temp for xTB (def. 0 K)
        -etemp <real> : el. temp for GFN (def. 300 K)
        -fod          : calculate the FOD and write
                        molden.input file with
                        appropriate occupations
                        for plotting. Def. T=12500 K
 
        -acc <real>   : xTB accuracy (def. 1.0)
        -gbsa [string1] [string2]
                        use GBSA implicit solvent
                        for solvent [string1] and
                        solvation state [string2]=
                        reference, bar1M (default=1M)
        additional GFN/opt/MD/siman options read from
        $XTB4STDAHOME/.xtb4stdarc or $set in input
 
       spin and charge state information can be on:
       <.CHRG> (charge) and <.UHF> (=nalpha-nbeta)
       -uhf and -chrg override the file info.
       useful machine settings:
       setenv MKL_NUM_THREADS <NCORE_ON_YOUR_MACHINE>
       setenv OMP_STACKSIZE 500m
       limit stacksize unlimited
 
       total energies in Eh, gaps/HL energies in eV
       please read REVISION and HOWTO files carefully
 =============================
  # OMP threads =           4
 =============================
 
 xtb4stdahome directory:~/
 
 
 name of molecule           :
 comment line               :
 number of atoms            :   140
 number of electrons        :   352
 charge                     :  0
 spin                       : 0.0
 first test random number   :  0.5215
 
 -----------------------------------------
      charge density (VTB) calculation
 -----------------------------------------
 
      method parameters     
 k(s)        :  1.8000
 k(p)        :  2.8350
 k(d)        :  2.0860
 k(f)        :  2.0000
 Tscal       :  0.3300
 Gscal       :  0.3910
 fpol        :  1.0000
 Zcnf        :  0.6500
 Zqf         :  0.0000
 kcn         :  0.3000
 kEN1        : -0.5900
 wllscal     :  2.6000
 
     -------------------------
     ! NO SOLVENT MODEL USED !
     -------------------------
 
 doing EN charges ...
 sum q : -0.7771561D-15
 point charge moment (au)
     X       Y       Z   
  -0.6082   0.1498   0.4175  total (Debye):    1.913
 
            Z      q(EN)   CN      Cart. coordinates
     1  MG  2.0   0.887   4.815   -10.53144    46.62143    52.22636
     2  C   4.0   0.021   3.286    -6.85215    49.98136    56.38942
     3  C   4.0  -0.058   3.154   -12.21519    42.49049    57.07539
     4  C   4.0  -0.059   3.190   -13.08446    42.95347    47.96880
     5  C   4.0  -0.055   3.141    -7.31702    50.02294    47.35275
     6  N   5.0  -0.383   3.121    -9.56768    46.35120    56.18344
     7  C   4.0   0.102   3.343    -8.31857    48.15400    57.50814
     8  C   4.0  -0.090   4.105    -8.81746    47.90455    60.51091
     9  C   4.0  -0.094   4.100   -10.11570    45.15122    60.61485
    10  C   4.0   0.085   3.324   -10.78089    44.67312    57.79538
    11  C   4.0  -0.236   4.000    -8.42629    42.97237    61.91309
    12  C   4.0  -0.163   4.070   -10.67506    49.81507    61.54837
    13  C   4.0  -0.168   4.044   -10.46908    50.51615    64.32060
    14  C   4.0   0.153   3.052   -10.47664    48.40911    66.41442
    15  O   6.0  -0.086   1.029    -8.67762    47.00126    67.04181
    16  O   6.0  -0.106   2.036   -12.88037    48.40533    67.55770
    17  N   5.0  -0.453   3.230   -12.48353    43.24449    52.56840
    18  C   4.0   0.076   3.480   -12.94651    41.74216    54.62442
    19  C   4.0   0.015   3.248   -14.29767    39.57842    53.99892
    20  C   4.0   0.002   3.318   -14.63593    39.66913    51.30606
    21  C   4.0   0.092   3.515   -13.33580    42.06719    50.51804
    22  C   4.0  -0.245   4.019   -14.99120    37.39201    55.81306
    23  C   4.0   0.109   3.070   -16.10424    37.97404    49.62798
    24  O   6.0  -0.098   1.072   -16.47463    38.52017    47.38110
    25  C   4.0  -0.255   4.063   -17.09257    35.69125    50.64088
    26  N   5.0  -0.404   3.148   -10.09870    46.32285    48.18990
    27  C   4.0   0.094   3.423   -11.85425    44.96981    46.92756
    28  C   4.0  -0.094   4.124   -12.19062    45.79562    44.17234
    29  C   4.0  -0.094   4.142   -10.17239    47.93101    43.93046
    30  C   4.0   0.101   3.356    -8.97053    47.99715    46.61765
    31  C   4.0  -0.237   4.009   -12.09614    43.77172    41.95759
    32  C   4.0  -0.161   4.007   -11.15883    50.59363    43.00827
    33  C   4.0  -0.236   3.976    -9.93240    51.60653    40.36833
    34  N   5.0  -0.387   3.190    -7.96897    49.73759    51.87109
    35  C   4.0   0.051   3.479    -6.72742    50.93756    49.76215
    36  C   4.0   0.021   3.190    -5.19864    53.04272    50.51237
    37  C   4.0   0.003   3.412    -5.14005    52.72146    53.22224
    38  C   4.0   0.090   3.701    -6.82002    50.67678    53.87231
    39  C   4.0  -0.249   4.022    -3.97598    54.91733    48.83997
    40  C   4.0   0.106   3.265    -4.22165    53.63798    55.63731
    41  O   6.0  -0.096   1.054    -2.82892    55.39921    56.19100
    42  C   4.0  -0.120   4.255    -5.18919    51.93156    57.72546
    43  C   4.0   0.160   3.142    -2.97065    50.95268    59.05772
    44  O   6.0  -0.084   1.040    -1.44753    49.37854    58.13742
    45  O   6.0  -0.108   2.026    -2.98955    51.86164    61.53326
    46  C   4.0  -0.198   3.997    -1.13006    51.05095    63.46078
    47  C   4.0  -0.135   4.035   -13.24509    47.06174    69.99545
    48  C   4.0  -0.055   3.092   -14.97419    44.83753    69.28491
    49  C   4.0   0.021   3.072   -16.29889    43.41456    71.01968
    50  C   4.0  -0.249   4.046   -15.94929    43.65456    73.86939
    51  C   4.0  -0.179   4.086   -17.89382    41.24327    70.27324
    52  C   4.0  -0.163   4.036   -20.81722    41.47948    70.23166
    53  C   4.0  -0.164   4.052   -22.13436    41.03351    72.80736
    54  C   4.0  -0.089   4.044   -24.61746    39.31575    72.50689
    55  C   4.0  -0.238   4.029   -27.05143    40.66879    73.39507
    56  C   4.0  -0.165   4.081   -24.22629    36.76273    73.77868
    57  C   4.0  -0.163   4.047   -22.43483    34.95237    72.24800
    58  C   4.0  -0.164   4.063   -21.12714    33.13068    73.99978
    59  C   4.0  -0.088   4.052   -18.14893    33.77885    74.28891
    60  C   4.0  -0.238   4.038   -17.68217    36.01062    76.15596
    61  C   4.0  -0.165   4.101   -16.76943    31.46394    75.22999
    62  C   4.0  -0.164   4.065   -15.78677    29.93515    73.00389
    63  C   4.0  -0.165   4.091   -13.02210    30.74962    72.41808
    64  C   4.0  -0.089   4.042   -10.95474    29.46461    73.99789
    65  C   4.0  -0.240   4.071    -8.82880    31.22205    74.60638
    66  C   4.0  -0.241   4.074    -9.92484    27.11001    72.83004
    67  H   1.0   0.070   1.005   -12.89171    41.33398    58.64576
    68  H   1.0   0.072   1.009   -14.19184    41.90467    46.57797
    69  H   1.0   0.071   1.007    -6.56113    51.34763    45.96569
    70  H   1.0   0.084   1.006    -7.16017    47.85731    61.73546
    71  H   1.0   0.084   1.007   -11.92228    45.30240    61.59184
    72  H   1.0   0.080   0.998    -6.65184    43.81141    62.54048
    73  H   1.0   0.080   0.997    -8.01244    41.33587    60.73390
    74  H   1.0   0.080   0.997    -9.47131    42.05207    63.42865
    75  H   1.0   0.083   1.006   -12.62904    49.20657    61.31405
    76  H   1.0   0.083   1.007   -10.43318    51.61975    60.58650
    77  H   1.0   0.082   1.004   -12.02622    51.77849    64.79681
    78  H   1.0   0.082   1.005    -8.69274    51.53661    64.53225
    79  H   1.0   0.080   0.998   -14.32034    35.55330    55.16866
    80  H   1.0   0.080   0.998   -17.02832    37.29941    56.10218
    81  H   1.0   0.080   1.000   -14.19184    37.83042    57.66121
    82  H   1.0   0.081   1.000   -15.64315    34.31175    51.12465
    83  H   1.0   0.082   1.014   -17.85413    34.94481    48.87776
    84  H   1.0   0.081   1.000   -18.67427    35.98605    51.92589
    85  H   1.0   0.084   1.009   -14.05956    46.63844    43.96636
    86  H   1.0   0.084   1.009    -8.53400    47.42267    42.78906
    87  H   1.0   0.080   1.000   -12.13393    41.95003    42.91946
    88  H   1.0   0.080   0.998   -10.35948    43.97203    40.87099
    89  H   1.0   0.080   0.997   -13.61170    44.10053    40.60265
    90  H   1.0   0.081   1.002   -10.87159    52.02227    44.46336
    91  H   1.0   0.081   1.002   -13.19218    50.40844    42.74182
    92  H   1.0   0.079   0.996   -11.32324    52.33974    39.03796
    93  H   1.0   0.079   0.997    -8.85904    50.11364    39.44047
    94  H   1.0   0.079   0.998    -8.79667    53.21657    40.97115
    95  H   1.0   0.080   0.998    -5.21375    55.70723    47.39622
    96  H   1.0   0.080   0.999    -2.15996    54.28427    48.10297
    97  H   1.0   0.080   1.001    -3.40907    56.51792    50.00593
    98  H   1.0   0.087   1.014    -6.05846    53.32807    58.96512
    99  H   1.0   0.080   0.997     0.01890    52.75170    63.63085
   100  H   1.0   0.080   0.996    -0.01890    49.40500    62.91087
   101  H   1.0   0.079   0.995    -1.99366    50.81473    65.31649
   102  H   1.0   0.082   1.000   -14.13137    48.41289    71.27101
   103  H   1.0   0.081   1.001   -11.46686    46.33608    70.74378
   104  H   1.0   0.070   1.002   -15.32001    44.59375    67.26857
   105  H   1.0   0.080   0.998   -17.70106    43.92290    74.91819
   106  H   1.0   0.081   1.000   -14.75120    45.28161    74.27379
   107  H   1.0   0.080   0.999   -15.13293    41.91412    74.61394
   108  H   1.0   0.082   1.003   -17.46485    39.43102    71.15574
   109  H   1.0   0.083   1.011   -17.33257    41.02028    68.30414
   110  H   1.0   0.082   1.005   -21.56366    40.02062    68.98256
   111  H   1.0   0.082   1.006   -21.10635    43.47504    69.81593
   112  H   1.0   0.082   1.000   -22.35546    42.76828    73.89395
   113  H   1.0   0.083   1.006   -20.81344    39.91290    73.92041
   114  H   1.0   0.084   1.010   -24.97273    38.82820    70.53780
   115  H   1.0   0.080   0.999   -27.39536    42.20703    72.06848
   116  H   1.0   0.081   1.001   -26.42782    41.67791    75.07881
   117  H   1.0   0.080   0.997   -28.61045    39.37811    73.77868
   118  H   1.0   0.082   1.005   -26.08200    35.86700    73.77490
   119  H   1.0   0.083   1.004   -23.48740    37.17280    75.65707
   120  H   1.0   0.083   1.004   -21.08745    36.08243    71.17464
   121  H   1.0   0.082   1.005   -23.73118    33.82232    71.11417
   122  H   1.0   0.082   1.003   -21.48618    31.23339    73.28168
   123  H   1.0   0.082   1.004   -22.03420    33.20626    75.84793
   124  H   1.0   0.084   1.008   -17.58201    34.33254    72.38973
   125  H   1.0   0.081   0.999   -19.48685    36.81186    76.74555
   126  H   1.0   0.080   0.997   -16.46896    37.55452    75.53235
   127  H   1.0   0.081   1.000   -16.53699    35.32654    77.72443
   128  H   1.0   0.082   1.004   -17.98452    30.26774    76.38650
   129  H   1.0   0.083   1.006   -15.10080    31.85133    76.37705
   130  H   1.0   0.082   1.003   -16.97730    30.16192    71.33904
   131  H   1.0   0.082   1.003   -16.05322    27.96039    73.53113
   132  H   1.0   0.083   1.002   -12.88982    32.80186    72.31981
   133  H   1.0   0.083   1.010   -12.93328    29.91436    70.53780
   134  H   1.0   0.084   1.013   -11.79378    28.69171    75.71187
   135  H   1.0   0.081   0.998    -8.77967    31.87590    76.55847
   136  H   1.0   0.081   0.999    -8.63416    32.80375    73.30058
   137  H   1.0   0.081   1.000    -6.99388    30.32254    74.35694
   138  H   1.0   0.081   0.997    -8.54534    27.23284    71.30692
   139  H   1.0   0.081   1.001   -11.53111    25.92893    72.31414
   140  H   1.0   0.081   1.006    -9.16328    26.23318    74.53268
 
  Z AO/shell   Hii/eV     exponent
  1     Sat Feb 20 21:38:01 CET 2016    EN: 2.327 GAM: 0.473  GM3: 0.0000
     1s    -13.751157    1.051071
  6     Sat Feb 20 21:38:01 CET 2016    EN: 2.731 GAM: 0.422  GM3: 0.0000
     2s    -19.378245    2.021003
     2p    -11.993376    1.497917
  7     Sat Feb 20 21:38:01 CET 2016    EN: 3.573 GAM: 0.504  GM3: 0.0000
     2s    -21.576984    2.275442
     2p    -16.125120    2.056788
  8     Sat Feb 20 21:38:01 CET 2016    EN: 3.700 GAM: 0.587  GM3: 0.0000
     2s    -21.648843    2.110798
     2p    -17.239740    2.329048
 12     Sat Feb 20 23:25:47 CET 2016    EN: 0.033 GAM: 0.222  GM3: 0.0000
     3s    -12.693633    1.302878
     3p     -8.128821    0.504252
 
 dipole moment of classical point charges (au)
     X       Y       Z   
  -0.6082   0.1498   0.4175  total (Debye):    1.913

 
 Nbf   :          338
 T(el) :   300.0
 calculating S/T integrals ...
 cpu time for ints   0.170059000000000     
 Nao   :          338
 making H0...
 making H1...
 cpu time for H      8.094999999999991E-003
 solving ...
 cpu time for diag   6.809200000000001E-002
 
 gap (eV)           :   1.267
 Koopmans IP (eV)   :  12.176
 Eel (Eh)           :  -268.397875
 T,E(Fermi),NFOD :    300.000   -11.542  0.000000
 T,E(Fermi),NFOD :    300.000   -11.542  0.000000
 Nfod               :  0.0000
 Nfod/Nel           :  0.0000

          eigenvalues
 #    :         164        165        166        167        168        169        170        171
 occ. :        2.000      2.000      2.000      2.000      2.000      2.000      2.000      2.000
 eps  :       -16.315    -16.274    -16.121    -16.034    -15.790    -15.572    -15.490    -14.988
 #    :         172        173        174        175        176        177        178        179
 occ. :        2.000      2.000      2.000      2.000      2.000      0.000      0.000      0.000
 eps  :       -14.931    -14.687    -14.681    -13.283    -12.177    -10.910    -10.029     -8.718
 #    :         180        181        182        183        184        185        186        187
 occ. :        0.000      0.000      0.000      0.000      0.000      0.000      0.000      0.000
 eps  :        -8.542     -8.365     -8.281     -7.779     -7.557     -7.301     -7.187     -6.868
                            1  SCC done.
 making H1...
 cpu time for H      8.196699999999998E-002
 solving ...
 cpu time for diag   3.479199999999999E-002
 
 gap (eV)           :   1.465
 Koopmans IP (eV)   :  12.007
 Eel (Eh)           :  -265.389945
 T,E(Fermi),NFOD :    300.000   -11.274  0.000000
 T,E(Fermi),NFOD :    300.000   -11.274  0.000000
 Nfod               :  0.0000
 Nfod/Nel           :  0.0000

          eigenvalues
 #    :         164        165        166        167        168        169        170        171
 occ. :        2.000      2.000      2.000      2.000      2.000      2.000      2.000      2.000
 eps  :       -15.332    -15.223    -15.109    -14.723    -14.537    -14.460    -14.303    -14.090
 #    :         172        173        174        175        176        177        178        179
 occ. :        2.000      2.000      2.000      2.000      2.000      0.000      0.000      0.000
 eps  :       -13.925    -13.813    -13.795    -12.742    -12.008    -10.543     -9.514     -8.637
 #    :         180        181        182        183        184        185        186        187
 occ. :        0.000      0.000      0.000      0.000      0.000      0.000      0.000      0.000
 eps  :        -8.445     -8.118     -7.888     -7.517     -7.508     -7.066     -7.026     -6.751
                            2  SCC done.
 
 
 Mulliken/CM5 charges    n(s)   n(p)   n(d)   
    1 MG  0.3200  0.7703   0.646  1.034  0.000
    2 C   0.0122  0.0177   1.159  2.829  0.000
    3 C  -0.0332 -0.0754   1.135  2.898  0.000
    4 C  -0.0207 -0.0615   1.122  2.898  0.000
    5 C  -0.0372 -0.0788   1.132  2.905  0.000
    6 N  -0.1456 -0.4040   1.410  3.736  0.000
    7 C   0.0392  0.1042   1.233  2.728  0.000
    8 C  -0.0201 -0.0749   1.212  2.809  0.000
    9 C  -0.0386 -0.0950   1.223  2.815  0.000
   10 C   0.0333  0.0880   1.241  2.726  0.000
   11 C  -0.0934 -0.2406   1.109  2.985  0.000
   12 C  -0.0348 -0.1426   1.141  2.893  0.000
   13 C  -0.0478 -0.1500   1.148  2.900  0.000
   14 C   0.1809  0.2260   1.226  2.593  0.000
   15 O  -0.2587 -0.3040   1.638  4.621  0.000
   16 O  -0.1642 -0.2405   1.493  4.671  0.000
   17 N  -0.2145 -0.5063   1.378  3.837  0.000
   18 C   0.0482  0.1100   1.171  2.781  0.000
   19 C  -0.0314 -0.0354   1.211  2.821  0.000
   20 C  -0.0705 -0.0648   1.217  2.854  0.000
   21 C   0.0510  0.1196   1.205  2.744  0.000
   22 C  -0.0747 -0.2195   1.085  2.990  0.000
   23 C   0.1526  0.1715   1.184  2.664  0.000
   24 O  -0.2782 -0.3360   1.627  4.651  0.000
   25 C  -0.0872 -0.2293   1.082  3.005  0.000
   26 N  -0.1682 -0.4369   1.408  3.760  0.000
   27 C   0.0573  0.1164   1.209  2.733  0.000
   28 C  -0.0161 -0.0733   1.200  2.816  0.000
   29 C  -0.0313 -0.0868   1.211  2.821  0.000
   30 C   0.0318  0.0927   1.242  2.726  0.000
   31 C  -0.0821 -0.2306   1.107  2.975  0.000
   32 C  -0.0661 -0.1749   1.171  2.895  0.000
   33 C  -0.0954 -0.2456   1.106  2.990  0.000
   34 N  -0.2256 -0.4880   1.408  3.818  0.000
   35 C   0.0110  0.0616   1.210  2.779  0.000
   36 C  -0.0039 -0.0101   1.210  2.794  0.000
   37 C  -0.0582 -0.0509   1.198  2.860  0.000
   38 C   0.0344  0.1095   1.190  2.775  0.000
   39 C  -0.0565 -0.2004   1.071  2.986  0.000
   40 C   0.1404  0.1717   1.196  2.663  0.000
   41 O  -0.2555 -0.3000   1.631  4.624  0.000
   42 C  -0.0205 -0.0622   1.173  2.847  0.000
   43 C   0.2063  0.2565   1.194  2.600  0.000
   44 O  -0.2707 -0.3106   1.638  4.633  0.000
   45 O  -0.1589 -0.2419   1.479  4.679  0.000
   46 C   0.0166 -0.1077   1.097  2.887  0.000
   47 C   0.0542 -0.0265   1.142  2.804  0.000
   48 C  -0.0705 -0.1261   1.175  2.895  0.000
   49 C  -0.0231 -0.0473   1.212  2.811  0.000
   50 C  -0.0995 -0.2451   1.085  3.014  0.000
   51 C  -0.0655 -0.1729   1.132  2.933  0.000
   52 C  -0.0552 -0.1671   1.155  2.900  0.000
   53 C  -0.0882 -0.1995   1.166  2.922  0.000
   54 C  -0.0379 -0.1133   1.209  2.829  0.000
   55 C  -0.0967 -0.2467   1.102  2.995  0.000
   56 C  -0.0774 -0.1899   1.161  2.916  0.000
   57 C  -0.0568 -0.1700   1.147  2.910  0.000
   58 C  -0.0736 -0.1849   1.162  2.912  0.000
   59 C  -0.0297 -0.1020   1.213  2.817  0.000
   60 C  -0.1165 -0.2671   1.105  3.011  0.000
   61 C  -0.0677 -0.1788   1.146  2.921  0.000
   62 C  -0.0687 -0.1834   1.153  2.916  0.000
   63 C  -0.0742 -0.1844   1.158  2.916  0.000
   64 C  -0.0014 -0.0792   1.176  2.825  0.000
   65 C  -0.1053 -0.2558   1.095  3.011  0.000
   66 C  -0.0995 -0.2521   1.104  2.996  0.000
   67 H   0.0569  0.1154   0.943  0.000  0.000
   68 H   0.0612  0.1288   0.939  0.000  0.000
   69 H   0.0535  0.1130   0.947  0.000  0.000
   70 H   0.0545  0.1178   0.945  0.000  0.000
   71 H   0.0493  0.1111   0.951  0.000  0.000
   72 H   0.0426  0.0957   0.957  0.000  0.000
   73 H   0.0355  0.0873   0.965  0.000  0.000
   74 H   0.0367  0.0885   0.963  0.000  0.000
   75 H   0.0381  0.0967   0.962  0.000  0.000
   76 H   0.0477  0.1058   0.952  0.000  0.000
   77 H   0.0487  0.1097   0.951  0.000  0.000
   78 H   0.0395  0.0985   0.961  0.000  0.000
   79 H   0.0516  0.1038   0.948  0.000  0.000
   80 H   0.0461  0.0982   0.954  0.000  0.000
   81 H   0.0452  0.0985   0.955  0.000  0.000
   82 H   0.0571  0.1111   0.943  0.000  0.000
   83 H   0.0430  0.1058   0.957  0.000  0.000
   84 H   0.0577  0.1118   0.942  0.000  0.000
   85 H   0.0513  0.1127   0.949  0.000  0.000
   86 H   0.0482  0.1102   0.952  0.000  0.000
   87 H   0.0475  0.1011   0.953  0.000  0.000
   88 H   0.0330  0.0853   0.967  0.000  0.000
   89 H   0.0451  0.0963   0.955  0.000  0.000
   90 H   0.0429  0.0992   0.957  0.000  0.000
   91 H   0.0323  0.0880   0.968  0.000  0.000
   92 H   0.0386  0.0889   0.961  0.000  0.000
   93 H   0.0377  0.0891   0.962  0.000  0.000
   94 H   0.0337  0.0851   0.966  0.000  0.000
   95 H   0.0551  0.1072   0.945  0.000  0.000
   96 H   0.0567  0.1087   0.943  0.000  0.000
   97 H   0.0465  0.0999   0.954  0.000  0.000
   98 H   0.0618  0.1339   0.938  0.000  0.000
   99 H   0.0450  0.1064   0.955  0.000  0.000
  100 H   0.0623  0.1221   0.938  0.000  0.000
  101 H   0.0540  0.1111   0.946  0.000  0.000
  102 H   0.0616  0.1245   0.938  0.000  0.000
  103 H   0.0679  0.1337   0.932  0.000  0.000
  104 H   0.0435  0.1037   0.957  0.000  0.000
  105 H   0.0406  0.0930   0.959  0.000  0.000
  106 H   0.0336  0.0873   0.966  0.000  0.000
  107 H   0.0410  0.0935   0.959  0.000  0.000
  108 H   0.0379  0.0946   0.962  0.000  0.000
  109 H   0.0356  0.0944   0.964  0.000  0.000
  110 H   0.0489  0.1060   0.951  0.000  0.000
  111 H   0.0323  0.0897   0.968  0.000  0.000
  112 H   0.0356  0.0903   0.964  0.000  0.000
  113 H   0.0289  0.0885   0.971  0.000  0.000
  114 H   0.0239  0.0848   0.976  0.000  0.000
  115 H   0.0388  0.0910   0.961  0.000  0.000
  116 H   0.0242  0.0778   0.976  0.000  0.000
  117 H   0.0464  0.0981   0.954  0.000  0.000
  118 H   0.0332  0.0901   0.967  0.000  0.000
  119 H   0.0299  0.0876   0.970  0.000  0.000
  120 H   0.0402  0.0986   0.960  0.000  0.000
  121 H   0.0379  0.0941   0.962  0.000  0.000
  122 H   0.0389  0.0946   0.961  0.000  0.000
  123 H   0.0286  0.0858   0.971  0.000  0.000
  124 H   0.0366  0.0974   0.963  0.000  0.000
  125 H   0.0372  0.0907   0.963  0.000  0.000
  126 H   0.0339  0.0851   0.966  0.000  0.000
  127 H   0.0308  0.0840   0.969  0.000  0.000
  128 H   0.0309  0.0873   0.969  0.000  0.000
  129 H   0.0396  0.0982   0.960  0.000  0.000
  130 H   0.0353  0.0914   0.965  0.000  0.000
  131 H   0.0307  0.0861   0.969  0.000  0.000
  132 H   0.0415  0.0981   0.959  0.000  0.000
  133 H   0.0278  0.0864   0.972  0.000  0.000
  134 H   0.0369  0.0981   0.963  0.000  0.000
  135 H   0.0329  0.0843   0.967  0.000  0.000
  136 H   0.0304  0.0829   0.970  0.000  0.000
  137 H   0.0300  0.0832   0.970  0.000  0.000
  138 H   0.0316  0.0833   0.968  0.000  0.000
  139 H   0.0301  0.0834   0.970  0.000  0.000
  140 H   0.0358  0.0901   0.964  0.000  0.000
 Hirshfeld charges for QMDFF written to <charges>
 
 Loewdin charges    n(s)   n(p)   n(d)
    1 MG  0.1593   0.658  1.183  0.000
    2 C   0.0134   1.116  2.870  0.000
    3 C  -0.0298   1.083  2.946  0.000
    4 C  -0.0186   1.069  2.950  0.000
    5 C  -0.0338   1.080  2.954  0.000
    6 N  -0.1092   1.366  3.744  0.000
    7 C   0.0404   1.197  2.763  0.000
    8 C  -0.0126   1.165  2.847  0.000
    9 C  -0.0319   1.178  2.854  0.000
   10 C   0.0370   1.205  2.758  0.000
   11 C  -0.0956   1.038  3.058  0.000
   12 C  -0.0284   1.081  2.948  0.000
   13 C  -0.0471   1.089  2.958  0.000
   14 C   0.1621   1.201  2.637  0.000
   15 O  -0.2463   1.611  4.635  0.000
   16 O  -0.1330   1.462  4.671  0.000
   17 N  -0.1787   1.332  3.846  0.000
   18 C   0.0488   1.131  2.820  0.000
   19 C  -0.0233   1.170  2.854  0.000
   20 C  -0.0796   1.182  2.897  0.000
   21 C   0.0557   1.166  2.778  0.000
   22 C  -0.0756   1.011  3.065  0.000
   23 C   0.1546   1.145  2.701  0.000
   24 O  -0.2647   1.598  4.667  0.000
   25 C  -0.0929   1.009  3.084  0.000
   26 N  -0.1306   1.362  3.768  0.000
   27 C   0.0631   1.170  2.767  0.000
   28 C  -0.0079   1.152  2.855  0.000
   29 C  -0.0245   1.164  2.860  0.000
   30 C   0.0352   1.206  2.759  0.000
   31 C  -0.0835   1.035  3.048  0.000
   32 C  -0.0613   1.114  2.947  0.000
   33 C  -0.0959   1.034  3.062  0.000
   34 N  -0.1976   1.368  3.830  0.000
   35 C   0.0133   1.173  2.814  0.000
   36 C   0.0064   1.168  2.825  0.000
   37 C  -0.0679   1.163  2.905  0.000
   38 C   0.0400   1.150  2.810  0.000
   39 C  -0.0563   0.995  3.061  0.000
   40 C   0.1360   1.162  2.702  0.000
   41 O  -0.2414   1.602  4.640  0.000
   42 C  -0.0207   1.124  2.896  0.000
   43 C   0.1877   1.167  2.645  0.000
   44 O  -0.2606   1.613  4.648  0.000
   45 O  -0.1255   1.447  4.679  0.000
   46 C   0.0107   1.026  2.963  0.000
   47 C   0.0558   1.083  2.861  0.000
   48 C  -0.0693   1.128  2.941  0.000
   49 C  -0.0121   1.170  2.842  0.000
   50 C  -0.1039   1.013  3.091  0.000
   51 C  -0.0641   1.073  2.991  0.000
   52 C  -0.0494   1.096  2.953  0.000
   53 C  -0.0879   1.110  2.978  0.000
   54 C  -0.0277   1.162  2.866  0.000
   55 C  -0.0990   1.030  3.069  0.000
   56 C  -0.0759   1.105  2.971  0.000
   57 C  -0.0519   1.088  2.964  0.000
   58 C  -0.0711   1.105  2.966  0.000
   59 C  -0.0199   1.166  2.854  0.000
   60 C  -0.1230   1.036  3.087  0.000
   61 C  -0.0653   1.088  2.977  0.000
   62 C  -0.0641   1.094  2.970  0.000
   63 C  -0.0725   1.101  2.972  0.000
   64 C   0.0111   1.125  2.864  0.000
   65 C  -0.1101   1.023  3.087  0.000
   66 C  -0.1039   1.033  3.071  0.000
   67 H   0.0520   0.948  0.000  0.000
   68 H   0.0545   0.946  0.000  0.000
   69 H   0.0476   0.952  0.000  0.000
   70 H   0.0471   0.953  0.000  0.000
   71 H   0.0440   0.956  0.000  0.000
   72 H   0.0419   0.958  0.000  0.000
   73 H   0.0359   0.964  0.000  0.000
   74 H   0.0366   0.963  0.000  0.000
   75 H   0.0352   0.965  0.000  0.000
   76 H   0.0443   0.956  0.000  0.000
   77 H   0.0444   0.956  0.000  0.000
   78 H   0.0357   0.964  0.000  0.000
   79 H   0.0500   0.950  0.000  0.000
   80 H   0.0451   0.955  0.000  0.000
   81 H   0.0449   0.955  0.000  0.000
   82 H   0.0564   0.944  0.000  0.000
   83 H   0.0413   0.959  0.000  0.000
   84 H   0.0566   0.943  0.000  0.000
   85 H   0.0459   0.954  0.000  0.000
   86 H   0.0425   0.957  0.000  0.000
   87 H   0.0463   0.954  0.000  0.000
   88 H   0.0333   0.967  0.000  0.000
   89 H   0.0439   0.956  0.000  0.000
   90 H   0.0404   0.960  0.000  0.000
   91 H   0.0301   0.970  0.000  0.000
   92 H   0.0380   0.962  0.000  0.000
   93 H   0.0375   0.962  0.000  0.000
   94 H   0.0336   0.966  0.000  0.000
   95 H   0.0533   0.947  0.000  0.000
   96 H   0.0545   0.945  0.000  0.000
   97 H   0.0447   0.955  0.000  0.000
   98 H   0.0532   0.947  0.000  0.000
   99 H   0.0415   0.958  0.000  0.000
  100 H   0.0569   0.943  0.000  0.000
  101 H   0.0505   0.950  0.000  0.000
  102 H   0.0543   0.946  0.000  0.000
  103 H   0.0593   0.941  0.000  0.000
  104 H   0.0366   0.963  0.000  0.000
  105 H   0.0405   0.959  0.000  0.000
  106 H   0.0340   0.966  0.000  0.000
  107 H   0.0408   0.959  0.000  0.000
  108 H   0.0359   0.964  0.000  0.000
  109 H   0.0335   0.967  0.000  0.000
  110 H   0.0461   0.954  0.000  0.000
  111 H   0.0290   0.971  0.000  0.000
  112 H   0.0335   0.966  0.000  0.000
  113 H   0.0287   0.971  0.000  0.000
  114 H   0.0202   0.980  0.000  0.000
  115 H   0.0382   0.962  0.000  0.000
  116 H   0.0252   0.975  0.000  0.000
  117 H   0.0456   0.954  0.000  0.000
  118 H   0.0312   0.969  0.000  0.000
  119 H   0.0287   0.971  0.000  0.000
  120 H   0.0381   0.962  0.000  0.000
  121 H   0.0352   0.965  0.000  0.000
  122 H   0.0365   0.964  0.000  0.000
  123 H   0.0272   0.973  0.000  0.000
  124 H   0.0318   0.968  0.000  0.000
  125 H   0.0383   0.962  0.000  0.000
  126 H   0.0351   0.965  0.000  0.000
  127 H   0.0323   0.968  0.000  0.000
  128 H   0.0287   0.971  0.000  0.000
  129 H   0.0379   0.962  0.000  0.000
  130 H   0.0334   0.967  0.000  0.000
  131 H   0.0289   0.971  0.000  0.000
  132 H   0.0388   0.961  0.000  0.000
  133 H   0.0262   0.974  0.000  0.000
  134 H   0.0324   0.968  0.000  0.000
  135 H   0.0327   0.967  0.000  0.000
  136 H   0.0312   0.969  0.000  0.000
  137 H   0.0315   0.968  0.000  0.000
  138 H   0.0314   0.969  0.000  0.000
  139 H   0.0307   0.969  0.000  0.000
  140 H   0.0362   0.964  0.000  0.000
 
 Wiberg/Mayer (AO) data. WBOs > 0.1 written file <wbo>
 largest (>0.05) Wiberg bond orders for each atom
           total WBO             WBO to atom ...
     1  MG  2.524    N   17 0.513    N   34 0.483    N    6 0.409    N   26 0.395    C   21 0.062    C   10 0.053    C   27 0.050
     2  C   3.908    C    7 1.431    C   38 1.228    C   42 0.924
     3  C   3.912    C   10 1.430    C   18 1.254    H   67 0.935
     4  C   3.928    C   27 1.486    C   21 1.214    H   68 0.925
     5  C   3.907    C   30 1.360    C   35 1.330    H   69 0.935
     6  N   3.349    C    7 1.269    C   10 1.198    MG   1 0.409    C   38 0.050
     7  C   3.871    C    2 1.431    N    6 1.269    C    8 0.878    N   34 0.053
     8  C   3.930    C   12 0.980    C    9 0.951    H   70 0.943    C    7 0.878
     9  C   3.921    C    8 0.951    C   11 0.946    H   71 0.943    C   10 0.942
    10  C   3.831    C    3 1.430    N    6 1.198    C    9 0.942    MG   1 0.053
    11  C   3.959    H   74 0.982    H   73 0.980    H   72 0.979    C    9 0.946
    12  C   3.962    C    8 0.980    C   13 0.975    H   75 0.960    H   76 0.950
    13  C   3.961    C   12 0.975    H   77 0.961    H   78 0.960    C   14 0.918    O   15 0.080
    14  C   3.871    O   15 1.837    O   16 1.072    C   13 0.918
    15  O   2.139    C   14 1.837    O   16 0.168    C   13 0.080
    16  O   2.292    C   14 1.072    C   47 0.956    O   15 0.168
    17  N   3.331    C   21 1.264    C   18 1.117    MG   1 0.513    C   20 0.072
    18  C   3.880    C   19 1.277    C    3 1.254    N   17 1.117
    19  C   3.874    C   20 1.361    C   18 1.277    C   22 0.973    O   24 0.064
    20  C   3.865    C   19 1.361    C   21 1.094    C   23 1.045    N   17 0.072    O   24 0.070
    21  C   3.873    N   17 1.264    C    4 1.214    C   20 1.094    MG   1 0.062    N   26 0.051
    22  C   3.979    H   81 0.977    C   19 0.973    H   79 0.972    H   80 0.972
    23  C   3.902    O   24 1.753    C   20 1.045    C   25 1.005
    24  O   2.087    C   23 1.753    C   20 0.070    C   19 0.064    C   25 0.062
    25  C   3.981    C   23 1.005    H   83 0.963    H   82 0.951    H   84 0.950    O   24 0.062
    26  N   3.337    C   30 1.278    C   27 1.210    MG   1 0.395    C   21 0.051
    27  C   3.879    C    4 1.486    N   26 1.210    C   28 0.925    MG   1 0.050
    28  C   3.931    C   31 0.958    C   29 0.957    H   85 0.940    C   27 0.925
    29  C   3.924    C   28 0.957    C   32 0.948    H   86 0.937    C   30 0.923
    30  C   3.830    C    5 1.360    N   26 1.278    C   29 0.923
    31  C   3.971    H   89 0.982    H   88 0.981    H   87 0.978    C   28 0.958
    32  C   3.942    C   33 0.984    H   91 0.969    H   90 0.965    C   29 0.948
    33  C   3.978    H   94 0.989    H   92 0.985    C   32 0.984    H   93 0.984
    34  N   3.284    C   38 1.276    C   35 1.057    MG   1 0.483    C   37 0.062    C    7 0.053
    35  C   3.855    C    5 1.330    C   36 1.228    N   34 1.057
    36  C   3.863    C   37 1.333    C   35 1.228    C   39 1.007    O   41 0.057
    37  C   3.881    C   36 1.333    C   38 1.120    C   40 1.073    O   41 0.073    N   34 0.062
    38  C   3.901    N   34 1.276    C    2 1.228    C   37 1.120    N    6 0.050
    39  C   3.978    C   36 1.007    H   97 0.973    H   95 0.967    H   96 0.957
    40  C   3.892    O   41 1.781    C   37 1.073    C   42 0.884
    41  O   2.114    C   40 1.781    C   37 0.073    C   42 0.072    C   36 0.057
    42  C   3.950    C   43 0.950    C    2 0.924    H   98 0.923    C   40 0.884    O   41 0.072    O   44 0.060
    43  C   3.893    O   44 1.793    O   45 1.078    C   42 0.950
    44  O   2.107    C   43 1.793    O   45 0.172    C   42 0.060
    45  O   2.291    C   43 1.078    C   46 0.967    O   44 0.172
    46  C   3.939    H   99 0.991    H  101 0.988    H  100 0.980    O   45 0.967
    47  C   3.928    C   48 0.987    H  102 0.964    O   16 0.956    H  103 0.956
    48  C   3.949    C   49 1.871    C   47 0.987    H  104 0.941
    49  C   3.935    C   48 1.871    C   51 0.996    C   50 0.983
    50  C   3.988    C   49 0.983    H  106 0.977    H  105 0.971    H  107 0.969
    51  C   3.968    C   49 0.996    C   52 0.961    H  109 0.953    H  108 0.952
    52  C   3.966    C   53 0.991    H  111 0.971    H  110 0.961    C   51 0.961
    53  C   3.956    C   52 0.991    H  112 0.965    H  113 0.963    C   54 0.949
    54  C   3.935    C   56 0.986    C   55 0.984    H  114 0.954    C   53 0.949
    55  C   3.979    H  116 0.985    C   54 0.984    H  115 0.980    H  117 0.974
    56  C   3.965    C   54 0.986    C   57 0.974    H  118 0.963    H  119 0.962
    57  C   3.971    C   58 1.005    C   56 0.974    H  121 0.968    H  120 0.963
    58  C   3.960    C   57 1.005    H  123 0.964    H  122 0.962    C   59 0.948
    59  C   3.937    C   61 0.987    C   60 0.982    H  124 0.951    C   58 0.948
    60  C   3.976    C   59 0.982    H  127 0.978    H  126 0.977    H  125 0.975
    61  C   3.968    C   62 0.989    C   59 0.987    H  128 0.962    H  129 0.955
    62  C   3.964    C   61 0.989    C   63 0.980    H  131 0.965    H  130 0.963
    63  C   3.962    C   62 0.980    C   64 0.967    H  133 0.964    H  132 0.961
    64  C   3.953    C   66 1.000    C   65 0.996    C   63 0.967    H  134 0.951
    65  C   3.979    C   64 0.996    H  135 0.978    H  136 0.976    H  137 0.973
    66  C   3.982    C   64 1.000    H  138 0.976    H  140 0.975    H  139 0.975
    67  H   0.993    C    3 0.935
    68  H   0.993    C    4 0.925
    69  H   0.993    C    5 0.935
    70  H   0.993    C    8 0.943
    71  H   0.995    C    9 0.943
    72  H   0.996    C   11 0.979
    73  H   0.996    C   11 0.980
    74  H   0.997    C   11 0.982
    75  H   0.998    C   12 0.960
    76  H   0.996    C   12 0.950
    77  H   0.996    C   13 0.961
    78  H   0.998    C   13 0.960
    79  H   0.994    C   22 0.972
    80  H   0.995    C   22 0.972
    81  H   0.996    C   22 0.977
    82  H   0.996    C   25 0.951
    83  H   0.996    C   25 0.963
    84  H   0.996    C   25 0.950
    85  H   0.994    C   28 0.940
    86  H   0.995    C   29 0.937
    87  H   0.996    C   31 0.978
    88  H   0.998    C   31 0.981
    89  H   0.997    C   31 0.982
    90  H   0.997    C   32 0.965
    91  H   0.996    C   32 0.969
    92  H   0.997    C   33 0.985
    93  H   0.998    C   33 0.984
    94  H   0.998    C   33 0.989
    95  H   0.993    C   39 0.967
    96  H   0.991    C   39 0.957
    97  H   0.996    C   39 0.973
    98  H   0.992    C   42 0.923
    99  H   0.998    C   46 0.991
   100  H   0.996    C   46 0.980
   101  H   0.997    C   46 0.988
   102  H   0.996    C   47 0.964
   103  H   0.995    C   47 0.956
   104  H   0.998    C   48 0.941
   105  H   0.998    C   50 0.971
   106  H   0.998    C   50 0.977
   107  H   0.998    C   50 0.969
   108  H   0.998    C   51 0.952
   109  H   0.998    C   51 0.953
   110  H   0.996    C   52 0.961
   111  H   0.999    C   52 0.971
   112  H   0.999    C   53 0.965
   113  H   0.999    C   53 0.963
   114  H   0.999    C   54 0.954
   115  H   0.998    C   55 0.980
   116  H   0.999    C   55 0.985
   117  H   0.997    C   55 0.974
   118  H   0.998    C   56 0.963
   119  H   0.999    C   56 0.962
   120  H   0.998    C   57 0.963
   121  H   0.998    C   57 0.968
   122  H   0.997    C   58 0.962
   123  H   0.999    C   58 0.964
   124  H   0.999    C   59 0.951
   125  H   0.998    C   60 0.975
   126  H   0.999    C   60 0.977
   127  H   0.999    C   60 0.978
   128  H   0.999    C   61 0.962
   129  H   0.997    C   61 0.955
   130  H   0.998    C   62 0.963
   131  H   0.999    C   62 0.965
   132  H   0.998    C   63 0.961
   133  H   0.999    C   63 0.964
   134  H   0.999    C   64 0.951
   135  H   0.999    C   65 0.978
   136  H   0.999    C   65 0.976
   137  H   0.998    C   65 0.973
   138  H   0.999    C   66 0.976
   139  H   0.999    C   66 0.975
   140  H   0.999    C   66 0.975
 
 --------------------------------------------
          xTB calculation for sTDA...
 --------------------------------------------
 
 reading parameter file ~/.param_stda2.xtb
 
      method parameters     
 k(s)        :  1.6000
 k(p)        :  2.1800
 k(d)        :  1.9500
 k(f)        :  2.0000
 k(R-V)      :  2.2750
 k(R-R)      :  1.7650
 Tscal       :  0.2580
 Gscal       :  1.0000
 fpol        :  1.0000
 Zcnf        :  0.3430
 Zqf         :  0.0000
 kcn         :  2.7000
 Ryd Hsplit  :  0.7000
 lshift(virt):  3.1000
 lshift(OS)  :  0.2000
 wllscaling  :  2.6000
 
 mowrcut     : 3.000
 
  Z AO/shell   Hii/eV     exponent
  1     Sun Feb 14 09:53:25 CET 2016    EN: 2.327 GAM: 0.473  GM3: 0.0000
     1s    -14.339618    1.220000
     2sp    -3.348946    0.600000
  6     Sun Feb 14 09:53:25 CET 2016    EN: 2.731 GAM: 0.422  GM3: 0.0000
     2s    -22.009312    1.565095
     2p    -13.020408    1.596905
     3sp    -3.914040    0.824500
  7     Sun Feb 14 09:53:25 CET 2016    EN: 3.573 GAM: 0.504  GM3: 0.0000
     2s    -25.722000    2.064844
     2p    -18.684912    1.801692
     3sp    -4.344791    0.921400
  8     Sun Feb 14 09:53:25 CET 2016    EN: 3.700 GAM: 0.587  GM3: 0.0000
     2s    -33.859000    2.418661
     2p    -22.175911    1.973969
     3sp    -4.259392    1.013700
 12     Sun Feb 21 16:58:31 CET 2016    EN: 0.033 GAM: 0.222  GM3: 0.0000
     3s    -11.092543    1.647583
     3p     -6.929529    0.855020
 
 Nbf   :          894
 T(el) :     0.0
 calculating S/T integrals ...
 cpu time for ints    1.28423500000000     
 Nao   :          894
 making H0...
 making H1...
 cpu time for H      2.269699999999997E-002
 solving ...
 cpu time for diag   0.266906000000000     
 
 gap (eV)           :   4.592
 Koopmans IP (eV)   :  13.345
 Eel (Eh)           :  -300.822105

          eigenvalues
 #    :         164        165        166        167        168        169        170        171
 occ. :        2.000      2.000      2.000      2.000      2.000      2.000      2.000      2.000
 eps  :       -17.408    -17.354    -16.984    -16.442    -16.196    -16.170    -15.998    -15.632
 #    :         172        173        174        175        176        177        178        179
 occ. :        2.000      2.000      2.000      2.000      2.000      0.000      0.000      0.000
 eps  :       -15.532    -15.387    -15.158    -13.958    -13.346     -8.753     -6.996     -6.786
 #    :         180        181        182        183        184        185        186        187
 occ. :        0.000      0.000      0.000      0.000      0.000      0.000      0.000      0.000
 eps  :        -6.619     -6.119     -6.084     -5.933     -5.598     -5.188     -5.060     -5.000
                            1  SCC done.
 writing mo output ...
 molden style : F
 
speedup  1.15
cpu  time for all    2.11 s
wall time for all    1.84 s
