cpu-bind=MASK - bp1-compute166, task 4294967295 4294967295 [0]: mask 0xffffff00ffffff set
Host:    bp1-compute166.data.bp.acrc.priv
Time:    Thu Apr 28 17:38:22 BST 2022
Dir:     /user/home/of15641/chlorophyll_parameterization/tddft_data/step_1701_chromophore_13
Job ID:  1658484
Nodelist:
cat: bp1-compute166: No such file or directory
  
Result dir: /user/home/of15641/chlorophyll_parameterization/tddft_data/step_1701_chromophore_13
running gaussian jobs
Running time g16 < CAMB3LYP_step_1701_chromophore_13.com > CAMB3LYP_step_1701_chromophore_13.log

real	27m25.709s
user	645m27.389s
sys	0m27.618s
Running time g16 < PBE0_step_1701_chromophore_13.com > PBE0_step_1701_chromophore_13.log

real	18m24.885s
user	439m34.515s
sys	0m21.444s
Running time g16 < wB97XD_step_1701_chromophore_13.com > wB97XD_step_1701_chromophore_13.log

real	29m56.058s
user	705m34.346s
sys	0m27.935s
Running time g16 < BLYP_step_1701_chromophore_13.com > BLYP_step_1701_chromophore_13.log

real	12m55.604s
user	308m17.359s
sys	0m23.139s
Running time g16 < ZINDO_step_1701_chromophore_13.com > ZINDO_step_1701_chromophore_13.log

real	0m6.488s
user	2m21.524s
sys	0m2.434s
