cpu-bind=MASK - bp1-compute166, task 4294967295 4294967295 [0]: mask 0xffffff00ffffff set
Host:    bp1-compute166.data.bp.acrc.priv
Time:    Wed May  4 18:24:04 BST 2022
Dir:     /user/home/of15641/chlorophyll_parameterization/tddft_data/step_351_chromophore_21
Job ID:  1692279
Nodelist:
cat: bp1-compute166: No such file or directory
  
Result dir: /user/home/of15641/chlorophyll_parameterization/tddft_data/step_351_chromophore_21
running gaussian jobs
Running time g16 < CAMB3LYP_step_351_chromophore_21.com > CAMB3LYP_step_351_chromophore_21.log

real	44m56.565s
user	1066m24.136s
sys	0m31.312s
Running time g16 < PBE0_step_351_chromophore_21.com > PBE0_step_351_chromophore_21.log

real	31m47.352s
user	760m40.628s
sys	0m24.408s
Running time g16 < wB97XD_step_351_chromophore_21.com > wB97XD_step_351_chromophore_21.log

real	49m17.223s
user	1169m36.961s
sys	0m41.621s
Running time g16 < BLYP_step_351_chromophore_21.com > BLYP_step_351_chromophore_21.log

real	21m58.184s
user	525m1.577s
sys	0m24.922s
Running time g16 < ZINDO_step_351_chromophore_21.com > ZINDO_step_351_chromophore_21.log

real	0m7.644s
user	2m49.288s
sys	0m2.444s
