cpu-bind=MASK - bp1-compute163, task 4294967295 4294967295 [0]: mask 0xffffff00ffffff set
Host:    bp1-compute163.data.bp.acrc.priv
Time:    Thu Apr 28 09:57:09 BST 2022
Dir:     /user/home/of15641/chlorophyll_parameterization/tddft_data/step_151_chromophore_4
Job ID:  1658392
Nodelist:
cat: bp1-compute163: No such file or directory
  
Result dir: /user/home/of15641/chlorophyll_parameterization/tddft_data/step_151_chromophore_4
running gaussian jobs
Running time g16 < CAMB3LYP_step_151_chromophore_4.com > CAMB3LYP_step_151_chromophore_4.log

real	35m26.986s
user	840m7.918s
sys	0m25.478s
Running time g16 < PBE0_step_151_chromophore_4.com > PBE0_step_151_chromophore_4.log

real	22m59.185s
user	549m41.846s
sys	0m19.620s
Running time g16 < wB97XD_step_151_chromophore_4.com > wB97XD_step_151_chromophore_4.log

real	34m50.650s
user	825m25.878s
sys	0m24.257s
Running time g16 < BLYP_step_151_chromophore_4.com > BLYP_step_151_chromophore_4.log

real	17m45.609s
user	424m26.415s
sys	0m21.245s
Running time g16 < ZINDO_step_151_chromophore_4.com > ZINDO_step_151_chromophore_4.log

real	0m6.256s
user	2m17.699s
sys	0m2.162s
