cpu-bind=MASK - bp1-compute036, task 4294967295 4294967295 [0]: mask 0xffffffffffff set
Host:    bp1-compute036.data.bp.acrc.priv
Time:    Wed May  4 06:28:09 BST 2022
Dir:     /user/home/of15641/chlorophyll_parameterization/tddft_data/step_1451_chromophore_25
Job ID:  1692133
Nodelist:
cat: bp1-compute036: No such file or directory
  
Result dir: /user/home/of15641/chlorophyll_parameterization/tddft_data/step_1451_chromophore_25
running gaussian jobs
Running time g16 < CAMB3LYP_step_1451_chromophore_25.com > CAMB3LYP_step_1451_chromophore_25.log

real	28m40.159s
user	675m21.720s
sys	0m31.350s
Running time g16 < PBE0_step_1451_chromophore_25.com > PBE0_step_1451_chromophore_25.log

real	16m27.681s
user	392m57.273s
sys	0m21.852s
Running time g16 < wB97XD_step_1451_chromophore_25.com > wB97XD_step_1451_chromophore_25.log

real	29m40.669s
user	698m26.316s
sys	0m31.019s
Running time g16 < BLYP_step_1451_chromophore_25.com > BLYP_step_1451_chromophore_25.log

real	12m24.085s
user	295m38.351s
sys	0m26.285s
Running time g16 < ZINDO_step_1451_chromophore_25.com > ZINDO_step_1451_chromophore_25.log

real	0m6.533s
user	2m23.243s
sys	0m2.458s
