cpu-bind=MASK - bp1-compute137, task 4294967295 4294967295 [0]: mask 0xffffff00ffffff set
Host:    bp1-compute137.data.bp.acrc.priv
Time:    Thu Apr 28 18:03:41 BST 2022
Dir:     /user/home/of15641/chlorophyll_parameterization/tddft_data/step_1701_chromophore_16
Job ID:  1658487
Nodelist:
cat: bp1-compute137: No such file or directory
  
Result dir: /user/home/of15641/chlorophyll_parameterization/tddft_data/step_1701_chromophore_16
running gaussian jobs
Running time g16 < CAMB3LYP_step_1701_chromophore_16.com > CAMB3LYP_step_1701_chromophore_16.log

real	30m26.696s
user	717m12.384s
sys	1m24.331s
Running time g16 < PBE0_step_1701_chromophore_16.com > PBE0_step_1701_chromophore_16.log

real	19m44.969s
user	470m59.896s
sys	1m2.519s
Running time g16 < wB97XD_step_1701_chromophore_16.com > wB97XD_step_1701_chromophore_16.log

real	33m19.971s
user	785m43.423s
sys	1m26.228s
Running time g16 < BLYP_step_1701_chromophore_16.com > BLYP_step_1701_chromophore_16.log

real	14m17.273s
user	340m0.245s
sys	1m9.128s
Running time g16 < ZINDO_step_1701_chromophore_16.com > ZINDO_step_1701_chromophore_16.log

real	0m6.180s
user	2m15.595s
sys	0m2.230s
