cpu-bind=MASK - bp1-compute082, task 4294967295 4294967295 [0]: mask 0xffffffffffff set
Host:    bp1-compute082.data.bp.acrc.priv
Time:    Fri Apr 29 08:18:08 BST 2022
Dir:     /user/home/of15641/chlorophyll_parameterization/tddft_data/step_201_chromophore_7
Job ID:  1658642
Nodelist:
cat: bp1-compute082: No such file or directory
  
Result dir: /user/home/of15641/chlorophyll_parameterization/tddft_data/step_201_chromophore_7
running gaussian jobs
Running time g16 < CAMB3LYP_step_201_chromophore_7.com > CAMB3LYP_step_201_chromophore_7.log

real	25m50.086s
user	607m26.032s
sys	0m29.278s
Running time g16 < PBE0_step_201_chromophore_7.com > PBE0_step_201_chromophore_7.log

real	15m53.690s
user	379m30.745s
sys	0m21.237s
Running time g16 < wB97XD_step_201_chromophore_7.com > wB97XD_step_201_chromophore_7.log

real	30m58.049s
user	729m47.047s
sys	0m33.792s
Running time g16 < BLYP_step_201_chromophore_7.com > BLYP_step_201_chromophore_7.log

real	13m5.214s
user	312m23.866s
sys	0m23.819s
Running time g16 < ZINDO_step_201_chromophore_7.com > ZINDO_step_201_chromophore_7.log

real	0m6.300s
user	2m16.481s
sys	0m2.412s
