cpu-bind=MASK - bp1-compute174, task 4294967295 4294967295 [0]: mask 0xffffff00ffffff set
Host:    bp1-compute174.data.bp.acrc.priv
Time:    Wed Apr 27 09:26:00 BST 2022
Dir:     /user/home/of15641/chlorophyll_parameterization/tddft_data/step_1151_chromophore_11
Job ID:  1658156
Nodelist:
cat: bp1-compute174: No such file or directory
  
Result dir: /user/home/of15641/chlorophyll_parameterization/tddft_data/step_1151_chromophore_11
running gaussian jobs
Running time g16 < CAMB3LYP_step_1151_chromophore_11.com > CAMB3LYP_step_1151_chromophore_11.log

real	29m47.772s
user	702m14.780s
sys	0m31.408s
Running time g16 < PBE0_step_1151_chromophore_11.com > PBE0_step_1151_chromophore_11.log

real	16m56.790s
user	404m35.256s
sys	0m20.815s
Running time g16 < wB97XD_step_1151_chromophore_11.com > wB97XD_step_1151_chromophore_11.log

real	29m45.214s
user	701m27.267s
sys	0m29.947s
Running time g16 < BLYP_step_1151_chromophore_11.com > BLYP_step_1151_chromophore_11.log

real	12m2.014s
user	286m57.368s
sys	0m23.115s
Running time g16 < ZINDO_step_1151_chromophore_11.com > ZINDO_step_1151_chromophore_11.log

real	0m6.237s
user	2m16.104s
sys	0m2.336s
