cpu-bind=MASK - bp1-compute128, task 4294967295 4294967295 [0]: mask 0xffffffffffff set
Host:    bp1-compute128.data.bp.acrc.priv
Time:    Wed May  4 18:51:58 BST 2022
Dir:     /user/home/of15641/chlorophyll_parameterization/tddft_data/step_401_chromophore_18
Job ID:  1692286
Nodelist:
cat: bp1-compute128: No such file or directory
  
Result dir: /user/home/of15641/chlorophyll_parameterization/tddft_data/step_401_chromophore_18
running gaussian jobs
Running time g16 < CAMB3LYP_step_401_chromophore_18.com > CAMB3LYP_step_401_chromophore_18.log

real	25m27.558s
user	597m41.900s
sys	0m27.700s
Running time g16 < PBE0_step_401_chromophore_18.com > PBE0_step_401_chromophore_18.log

real	16m53.090s
user	402m16.023s
sys	0m22.364s
Running time g16 < wB97XD_step_401_chromophore_18.com > wB97XD_step_401_chromophore_18.log

real	26m8.901s
user	613m56.298s
sys	0m26.644s
Running time g16 < BLYP_step_401_chromophore_18.com > BLYP_step_401_chromophore_18.log

real	14m6.067s
user	335m38.231s
sys	0m26.195s
Running time g16 < ZINDO_step_401_chromophore_18.com > ZINDO_step_401_chromophore_18.log

real	0m6.043s
user	2m10.237s
sys	0m2.188s
