 
        ______________________________________
       |                                      |
       |          ===================         |
       |             xTB for sTDA             |
       |          ===================         |
       |               S. Grimme              |
       |        Universitaet Bonn, MCTC       |
       |         2015-19, Version 1.0         |
       |     Wed Apr  3 09:14:55 CEST 2019    |
       |______________________________________|
 
        This code comes without any warranty
        for non-commercial, academia use only.
        Preliminary test version.
        Cite this work as:
        S. Grimme  &  C. Bannwarth, JCP 145 (2016) 054103
        if GBSA is used additionally:
        P. Shushkov, F. März, C. Bannwarth, S. Grimme, unpublished.
 
        with help from
        P. Shushkov, G. Brandenburg, S. Dohm, J. Pisarek,
        F. März, M. Checinski, S. Ehrlich, S. Spicher, 
        P. Pracht, E. Caldeweyher, S. Ehlert, and C. Bannwarth.
 
        usage        :
        xtb4stda <coord_file> [options]
        where <coord_file> is a valid file of TM)
        (*coord, Bohr) or xmol (*xyz, Angstroem)
        format.

        options:
        -chrg <int>   : molecular charge
        -uhf  <int>   : # of unpaired electrons(=2*S)
        -nox          : skip second, extended part in sTDA-xTB
        -pop          : do population analysis
                      : (default for -nox)
        -mowr <real>  : cut MO write above (def.3 Eh)
        -molden       : write formatted molden file
        -parx <file>  : read parameters for sTDA-xTB
                        calc (def:~/.param_stda2.xtb)
        -parv <file>  : read parameters for vTB part in
                        sTDA-xTB (def: ~/.param_stda1.xtb)
        -xtemp <real> : el. temp for xTB (def. 0 K)
        -etemp <real> : el. temp for GFN (def. 300 K)
        -fod          : calculate the FOD and write
                        molden.input file with
                        appropriate occupations
                        for plotting. Def. T=12500 K
 
        -acc <real>   : xTB accuracy (def. 1.0)
        -gbsa [string1] [string2]
                        use GBSA implicit solvent
                        for solvent [string1] and
                        solvation state [string2]=
                        reference, bar1M (default=1M)
        additional GFN/opt/MD/siman options read from
        $XTB4STDAHOME/.xtb4stdarc or $set in input
 
       spin and charge state information can be on:
       <.CHRG> (charge) and <.UHF> (=nalpha-nbeta)
       -uhf and -chrg override the file info.
       useful machine settings:
       setenv MKL_NUM_THREADS <NCORE_ON_YOUR_MACHINE>
       setenv OMP_STACKSIZE 500m
       limit stacksize unlimited
 
       total energies in Eh, gaps/HL energies in eV
       please read REVISION and HOWTO files carefully
 =============================
  # OMP threads =           4
 =============================
 
 xtb4stdahome directory:~/
 
 
 name of molecule           :
 comment line               :
 number of atoms            :   140
 number of electrons        :   352
 charge                     :  0
 spin                       : 0.0
 first test random number   :  0.2909
 
 -----------------------------------------
      charge density (VTB) calculation
 -----------------------------------------
 
      method parameters     
 k(s)        :  1.8000
 k(p)        :  2.8350
 k(d)        :  2.0860
 k(f)        :  2.0000
 Tscal       :  0.3300
 Gscal       :  0.3910
 fpol        :  1.0000
 Zcnf        :  0.6500
 Zqf         :  0.0000
 kcn         :  0.3000
 kEN1        : -0.5900
 wllscal     :  2.6000
 
     -------------------------
     ! NO SOLVENT MODEL USED !
     -------------------------
 
 doing EN charges ...
 sum q : -0.8881784D-15
 point charge moment (au)
     X       Y       Z   
   0.1329   0.0465   0.0978  total (Debye):    0.436
 
            Z      q(EN)   CN      Cart. coordinates
     1  MG  2.0   0.898   4.699    55.76581   111.31998    77.88317
     2  C   4.0   0.020   3.282    49.86798   108.63279    75.91596
     3  C   4.0  -0.059   3.138    58.72890   105.93048    75.26023
     4  C   4.0  -0.060   3.191    61.31594   114.35110    78.35182
     5  C   4.0  -0.056   3.165    52.61186   116.88711    79.14928
     6  N   5.0  -0.335   3.102    54.47513   107.63690    75.81769
     7  C   4.0   0.102   3.350    52.00148   107.14746    75.25834
     8  C   4.0  -0.095   4.145    51.84652   104.94026    73.42530
     9  C   4.0  -0.100   4.206    54.63387   103.88957    73.75600
    10  C   4.0   0.107   3.292    56.15321   105.87757    75.01078
    11  C   4.0  -0.236   4.035    54.95512   101.33466    75.21298
    12  C   4.0  -0.161   4.047    50.95268   105.88323    70.77402
    13  C   4.0  -0.168   4.033    48.86075   104.35445    69.27546
    14  C   4.0   0.185   3.110    49.50515   103.18282    66.69221
    15  O   6.0  -0.111   1.051    50.84875   101.35734    66.57127
    16  O   6.0  -0.117   2.060    48.64722   104.55476    64.64941
    17  N   5.0  -0.452   3.188    59.41109   110.26362    77.32003
    18  C   4.0   0.057   3.444    60.30304   107.96760    76.25611
    19  C   4.0   0.016   3.221    63.04504   107.92414    76.22777
    20  C   4.0   0.003   3.268    63.77258   110.41669    77.12727
    21  C   4.0   0.088   3.459    61.43688   111.75461    77.64884
    22  C   4.0  -0.249   4.033    64.46611   105.78875    75.15251
    23  C   4.0   0.091   3.041    66.54670   111.23116    77.43530
    24  O   6.0  -0.086   1.053    68.19643   109.67591    76.67374
    25  C   4.0  -0.246   4.010    67.45377   113.75394    78.58425
    26  N   5.0  -0.408   3.206    56.96768   115.27517    78.16473
    27  C   4.0   0.121   3.364    59.31094   115.97248    78.65228
    28  C   4.0  -0.099   4.191    59.34495   118.76361    79.08314
    29  C   4.0  -0.097   4.186    56.51981   119.46847    79.43652
    30  C   4.0   0.096   3.398    55.20645   117.06852    78.71087
    31  C   4.0  -0.236   4.016    61.06838   119.92579    81.24877
    32  C   4.0  -0.161   4.018    55.55983   121.86465    77.80758
    33  C   4.0  -0.237   3.994    54.67733   124.26082    79.23621
    34  N   5.0  -0.471   3.245    52.08652   112.46137    77.98143
    35  C   4.0   0.084   3.565    51.08307   114.73093    78.52000
    36  C   4.0   0.019   3.293    48.41289   114.69881    78.32158
    37  C   4.0  -0.001   3.475    47.86676   112.29319    77.38239
    38  C   4.0   0.073   3.719    50.19112   110.98738    77.11594
    39  C   4.0  -0.248   4.034    46.50805   116.64711    78.91685
    40  C   4.0   0.115   3.144    45.76727   110.80219    76.56036
    41  O   6.0  -0.105   1.040    43.56574   111.40501    76.40729
    42  C   4.0  -0.114   4.179    47.09575   108.20571    75.41896
    43  C   4.0   0.171   3.144    46.15467   105.98528    76.78901
    44  O   6.0  -0.092   1.043    45.87310   105.83599    79.10582
    45  O   6.0  -0.116   2.043    45.72003   104.13713    75.00511
    46  C   4.0  -0.197   4.029    44.75438   101.72584    75.94620
    47  C   4.0  -0.136   4.112    49.78294   103.60989    62.32505
    48  C   4.0  -0.054   3.110    49.65066   105.88512    60.66209
    49  C   4.0   0.015   3.056    50.31017   105.93993    58.14876
    50  C   4.0  -0.246   4.015    51.01126   103.50785    56.60485
    51  C   4.0  -0.174   4.060    50.01727   108.51940    56.69556
    52  C   4.0  -0.165   4.061    52.32651   109.22805    55.00803
    53  C   4.0  -0.165   4.075    52.48714   111.94359    54.29561
    54  C   4.0  -0.087   4.043    55.30283   112.73349    53.82317
    55  C   4.0  -0.238   4.035    55.31228   115.34509    52.38320
    56  C   4.0  -0.163   4.052    56.80894   112.92624    56.28549
    57  C   4.0  -0.162   4.014    59.44511   111.42580    56.34785
    58  C   4.0  -0.163   4.044    59.56794   109.06175    58.06372
    59  C   4.0  -0.088   4.038    60.72823   106.53897    56.85241
    60  C   4.0  -0.239   4.043    58.93866   104.19760    56.92799
    61  C   4.0  -0.166   4.102    63.14897   105.91914    58.16010
    62  C   4.0  -0.164   4.048    64.67020   103.70249    56.92421
    63  C   4.0  -0.164   4.060    67.05882   104.76452    55.78849
    64  C   4.0  -0.087   3.995    68.51768   102.98817    53.79672
    65  C   4.0  -0.238   4.019    71.32960   102.52141    54.61686
    66  C   4.0  -0.238   4.012    68.41375   104.09933    50.99048
    67  H   1.0   0.071   1.005    59.75313   104.31476    74.49111
    68  H   1.0   0.072   1.010    63.03937   115.48493    78.34804
    69  H   1.0   0.071   1.004    51.50070   118.44046    79.93163
    70  H   1.0   0.085   1.009    50.62009   103.54186    74.31158
    71  H   1.0   0.085   1.012    55.17055   103.89713    71.76612
    72  H   1.0   0.081   1.000    56.23446   101.68615    76.79090
    73  H   1.0   0.080   0.997    55.80928    99.82855    74.09804
    74  H   1.0   0.080   0.997    53.24870   100.59389    76.09926
    75  H   1.0   0.083   1.007    52.74603   105.78119    69.76679
    76  H   1.0   0.082   1.003    50.36498   107.85422    70.67008
    77  H   1.0   0.082   1.003    47.29039   105.67348    69.08649
    78  H   1.0   0.082   1.003    48.04250   102.96928    70.56048
    79  H   1.0   0.081   1.002    63.70455   105.48261    73.26279
    80  H   1.0   0.080   1.000    64.05604   104.06910    76.20887
    81  H   1.0   0.080   0.998    66.52402   105.87379    75.20731
    82  H   1.0   0.080   0.999    67.03236   115.25250    77.23499
    83  H   1.0   0.080   1.000    69.33216   113.32498    79.30991
    84  H   1.0   0.080   1.001    66.24056   113.95614    80.23776
    85  H   1.0   0.085   1.010    60.10840   119.61020    77.36916
    86  H   1.0   0.085   1.012    56.36675   119.55918    81.48876
    87  H   1.0   0.080   0.999    61.52570   121.81740    80.57225
    88  H   1.0   0.080   0.998    62.71811   118.71636    81.48876
    89  H   1.0   0.080   0.999    59.88919   120.03539    82.93440
    90  H   1.0   0.082   1.004    54.03671   121.08608    76.66051
    91  H   1.0   0.081   1.002    57.02059   122.28795    76.41863
    92  H   1.0   0.080   0.997    52.85375   124.95435    78.58047
    93  H   1.0   0.079   0.998    56.10785   125.72536    79.00377
    94  H   1.0   0.080   0.997    54.59607   124.02271    81.28089
    95  H   1.0   0.081   0.999    44.62966   115.83453    79.14172
    96  H   1.0   0.081   1.008    46.70458   117.75260    77.18964
    97  H   1.0   0.081   1.001    47.32819   117.93402    80.30012
    98  H   1.0   0.085   1.009    46.93134   108.12067    73.36861
    99  H   1.0   0.080   0.996    43.10087   101.98284    77.14806
   100  H   1.0   0.080   0.996    46.24348   100.72995    76.96665
   101  H   1.0   0.080   0.996    44.16667   100.58066    74.33804
   102  H   1.0   0.083   1.007    48.57163   102.34756    61.23468
   103  H   1.0   0.083   1.002    51.72558   102.93526    62.43088
   104  H   1.0   0.071   1.003    48.99681   107.58021    61.63341
   105  H   1.0   0.081   1.001    53.06917   103.57021    56.62564
   106  H   1.0   0.080   0.999    50.43490   103.88579    54.66410
   107  H   1.0   0.079   0.997    50.24592   101.75418    57.37208
   108  H   1.0   0.082   1.002    49.67145   110.05197    58.02970
   109  H   1.0   0.082   1.002    48.32029   108.38145    55.53716
   110  H   1.0   0.083   1.009    51.78605   108.15846    53.33374
   111  H   1.0   0.083   1.007    53.84774   108.43247    56.14754
   112  H   1.0   0.083   1.003    51.58574   113.12277    55.72235
   113  H   1.0   0.083   1.007    51.27015   111.97004    52.63454
   114  H   1.0   0.083   1.008    56.04171   111.41635    52.42100
   115  H   1.0   0.080   0.997    53.56617   115.78162    51.38354
   116  H   1.0   0.081   0.999    56.76737   115.10510    50.94701
   117  H   1.0   0.080   0.997    55.60141   116.96270    53.62664
   118  H   1.0   0.082   1.002    55.65054   112.41980    57.91254
   119  H   1.0   0.082   1.003    57.35507   114.86510    56.71823
   120  H   1.0   0.081   1.003    60.78304   112.79585    57.10563
   121  H   1.0   0.082   1.002    59.92321   110.99305    54.39198
   122  H   1.0   0.082   1.003    57.73113   108.54775    58.84229
   123  H   1.0   0.082   1.004    60.74524   109.64190    59.65109
   124  H   1.0   0.084   1.011    61.10618   106.55220    54.82851
   125  H   1.0   0.080   0.998    59.03504   103.22817    55.11197
   126  H   1.0   0.081   1.000    57.11697   104.86278    57.62341
   127  H   1.0   0.081   0.998    59.53960   102.66692    58.16765
   128  H   1.0   0.083   1.005    62.65008   105.46372    60.10651
   129  H   1.0   0.083   1.006    64.37351   107.57265    58.06372
   130  H   1.0   0.082   1.003    63.63652   102.67070    55.47102
   131  H   1.0   0.082   1.003    65.30704   102.17748    58.15254
   132  H   1.0   0.083   1.012    68.31926   104.55854    57.40421
   133  H   1.0   0.082   1.004    66.61284   106.58621    54.93811
   134  H   1.0   0.082   1.006    67.52936   101.19860    53.54161
   135  H   1.0   0.080   0.999    71.26723   101.18349    56.18155
   136  H   1.0   0.080   0.999    72.12139   104.34878    55.14220
   137  H   1.0   0.079   0.997    72.48233   101.46128    53.27704
   138  H   1.0   0.080   0.999    66.97189   102.97684    50.04183
   139  H   1.0   0.080   0.997    70.16363   103.78753    49.94924
   140  H   1.0   0.080   0.997    68.09816   106.13457    50.93756
 
  Z AO/shell   Hii/eV     exponent
  1     Sat Feb 20 21:38:01 CET 2016    EN: 2.327 GAM: 0.473  GM3: 0.0000
     1s    -13.751157    1.051071
  6     Sat Feb 20 21:38:01 CET 2016    EN: 2.731 GAM: 0.422  GM3: 0.0000
     2s    -19.378245    2.021003
     2p    -11.993376    1.497917
  7     Sat Feb 20 21:38:01 CET 2016    EN: 3.573 GAM: 0.504  GM3: 0.0000
     2s    -21.576984    2.275442
     2p    -16.125120    2.056788
  8     Sat Feb 20 21:38:01 CET 2016    EN: 3.700 GAM: 0.587  GM3: 0.0000
     2s    -21.648843    2.110798
     2p    -17.239740    2.329048
 12     Sat Feb 20 23:25:47 CET 2016    EN: 0.033 GAM: 0.222  GM3: 0.0000
     3s    -12.693633    1.302878
     3p     -8.128821    0.504252
 
 dipole moment of classical point charges (au)
     X       Y       Z   
   0.1329   0.0465   0.0978  total (Debye):    0.436

 
 Nbf   :          338
 T(el) :   300.0
 calculating S/T integrals ...
 cpu time for ints   0.122610000000000     
 Nao   :          338
 making H0...
 making H1...
 cpu time for H      1.020199999999999E-002
 solving ...
 cpu time for diag   7.439799999999999E-002
 
 gap (eV)           :   1.286
 Koopmans IP (eV)   :  12.208
 Eel (Eh)           :  -268.396588
 T,E(Fermi),NFOD :    300.000   -11.565  0.000000
 T,E(Fermi),NFOD :    300.000   -11.565  0.000000
 Nfod               :  0.0000
 Nfod/Nel           :  0.0000

          eigenvalues
 #    :         164        165        166        167        168        169        170        171
 occ. :        2.000      2.000      2.000      2.000      2.000      2.000      2.000      2.000
 eps  :       -16.331    -16.162    -15.969    -15.811    -15.766    -15.442    -15.237    -14.839
 #    :         172        173        174        175        176        177        178        179
 occ. :        2.000      2.000      2.000      2.000      2.000      0.000      0.000      0.000
 eps  :       -14.782    -14.651    -14.487    -13.157    -12.209    -10.923     -9.772     -8.954
 #    :         180        181        182        183        184        185        186        187
 occ. :        0.000      0.000      0.000      0.000      0.000      0.000      0.000      0.000
 eps  :        -8.335     -8.121     -8.042     -8.000     -7.607     -7.288     -7.178     -7.008
                            1  SCC done.
 making H1...
 cpu time for H      8.839400000000000E-002
 solving ...
 cpu time for diag   2.968500000000002E-002
 
 gap (eV)           :   1.573
 Koopmans IP (eV)   :  12.091
 Eel (Eh)           :  -265.733086
 T,E(Fermi),NFOD :    300.000   -11.304  0.000000
 T,E(Fermi),NFOD :    300.000   -11.304  0.000000
 Nfod               :  0.0000
 Nfod/Nel           :  0.0000

          eigenvalues
 #    :         164        165        166        167        168        169        170        171
 occ. :        2.000      2.000      2.000      2.000      2.000      2.000      2.000      2.000
 eps  :       -15.385    -15.095    -14.997    -14.832    -14.710    -14.478    -14.189    -14.172
 #    :         172        173        174        175        176        177        178        179
 occ. :        2.000      2.000      2.000      2.000      2.000      0.000      0.000      0.000
 eps  :       -14.080    -13.874    -13.782    -12.636    -12.092    -10.518     -9.213     -8.822
 #    :         180        181        182        183        184        185        186        187
 occ. :        0.000      0.000      0.000      0.000      0.000      0.000      0.000      0.000
 eps  :        -8.065     -8.048     -8.021     -7.821     -7.356     -7.165     -7.063     -6.852
                            2  SCC done.
 
 
 Mulliken/CM5 charges    n(s)   n(p)   n(d)   
    1 MG  0.3249  0.7736   0.658  1.017  0.000
    2 C   0.0120  0.0135   1.185  2.803  0.000
    3 C  -0.0201 -0.0633   1.125  2.895  0.000
    4 C  -0.0520 -0.0931   1.116  2.936  0.000
    5 C  -0.0467 -0.0895   1.132  2.915  0.000
    6 N  -0.1615 -0.3960   1.395  3.766  0.000
    7 C   0.0219  0.0836   1.236  2.742  0.000
    8 C  -0.0300 -0.0857   1.207  2.823  0.000
    9 C  -0.0230 -0.0777   1.194  2.829  0.000
   10 C   0.0625  0.1216   1.197  2.741  0.000
   11 C  -0.0903 -0.2371   1.107  2.984  0.000
   12 C  -0.0562 -0.1626   1.167  2.889  0.000
   13 C  -0.0805 -0.1799   1.157  2.924  0.000
   14 C   0.2367  0.2887   1.177  2.586  0.000
   15 O  -0.2515 -0.3020   1.621  4.630  0.000
   16 O  -0.1415 -0.2178   1.507  4.634  0.000
   17 N  -0.2119 -0.5030   1.383  3.829  0.000
   18 C   0.0152  0.0686   1.209  2.776  0.000
   19 C   0.0029 -0.0027   1.211  2.786  0.000
   20 C  -0.0634 -0.0575   1.211  2.853  0.000
   21 C   0.0543  0.1209   1.191  2.755  0.000
   22 C  -0.0633 -0.2070   1.074  2.989  0.000
   23 C   0.0972  0.1166   1.246  2.657  0.000
   24 O  -0.2618 -0.3106   1.632  4.630  0.000
   25 C  -0.0767 -0.2196   1.099  2.978  0.000
   26 N  -0.1969 -0.4664   1.386  3.811  0.000
   27 C   0.0640  0.1286   1.204  2.732  0.000
   28 C  -0.0357 -0.0931   1.197  2.839  0.000
   29 C  -0.0430 -0.0978   1.208  2.835  0.000
   30 C   0.0429  0.1010   1.209  2.748  0.000
   31 C  -0.0880 -0.2368   1.111  2.977  0.000
   32 C  -0.0571 -0.1653   1.161  2.896  0.000
   33 C  -0.0862 -0.2365   1.092  2.994  0.000
   34 N  -0.2139 -0.5161   1.376  3.837  0.000
   35 C   0.0258  0.0912   1.186  2.788  0.000
   36 C  -0.0100 -0.0171   1.202  2.808  0.000
   37 C  -0.0719 -0.0642   1.175  2.897  0.000
   38 C   0.0187  0.0870   1.191  2.790  0.000
   39 C  -0.0616 -0.2053   1.079  2.982  0.000
   40 C   0.1492  0.1837   1.201  2.650  0.000
   41 O  -0.2112 -0.2549   1.628  4.583  0.000
   42 C  -0.0417 -0.0845   1.204  2.838  0.000
   43 C   0.2242  0.2770   1.178  2.597  0.000
   44 O  -0.2656 -0.3076   1.634  4.632  0.000
   45 O  -0.1544 -0.2417   1.492  4.662  0.000
   46 C   0.0175 -0.1058   1.093  2.890  0.000
   47 C   0.0553 -0.0235   1.124  2.821  0.000
   48 C  -0.0930 -0.1499   1.171  2.922  0.000
   49 C  -0.0588 -0.0825   1.240  2.819  0.000
   50 C  -0.0889 -0.2348   1.089  3.000  0.000
   51 C  -0.0754 -0.1841   1.154  2.921  0.000
   52 C  -0.0599 -0.1732   1.141  2.919  0.000
   53 C  -0.0605 -0.1711   1.150  2.911  0.000
   54 C  -0.0148 -0.0862   1.207  2.808  0.000
   55 C  -0.1072 -0.2574   1.108  2.999  0.000
   56 C  -0.0681 -0.1773   1.160  2.908  0.000
   57 C  -0.0606 -0.1715   1.160  2.900  0.000
   58 C  -0.0629 -0.1720   1.163  2.900  0.000
   59 C  -0.0292 -0.1032   1.204  2.825  0.000
   60 C  -0.1180 -0.2699   1.109  3.009  0.000
   61 C  -0.0545 -0.1649   1.150  2.904  0.000
   62 C  -0.0675 -0.1816   1.147  2.921  0.000
   63 C  -0.0694 -0.1806   1.157  2.912  0.000
   64 C  -0.0408 -0.1151   1.225  2.816  0.000
   65 C  -0.0999 -0.2497   1.103  2.997  0.000
   66 C  -0.1169 -0.2668   1.110  3.007  0.000
   67 H   0.0606  0.1196   0.939  0.000  0.000
   68 H   0.0527  0.1141   0.947  0.000  0.000
   69 H   0.0624  0.1208   0.938  0.000  0.000
   70 H   0.0438  0.1091   0.956  0.000  0.000
   71 H   0.0470  0.1102   0.953  0.000  0.000
   72 H   0.0382  0.0929   0.962  0.000  0.000
   73 H   0.0366  0.0877   0.963  0.000  0.000
   74 H   0.0376  0.0894   0.962  0.000  0.000
   75 H   0.0352  0.0951   0.965  0.000  0.000
   76 H   0.0547  0.1121   0.945  0.000  0.000
   77 H   0.0313  0.0909   0.969  0.000  0.000
   78 H   0.0406  0.1009   0.959  0.000  0.000
   79 H   0.0510  0.1051   0.949  0.000  0.000
   80 H   0.0445  0.0976   0.956  0.000  0.000
   81 H   0.0576  0.1149   0.942  0.000  0.000
   82 H   0.0637  0.1168   0.936  0.000  0.000
   83 H   0.0616  0.1178   0.938  0.000  0.000
   84 H   0.0436  0.0981   0.956  0.000  0.000
   85 H   0.0430  0.1056   0.957  0.000  0.000
   86 H   0.0522  0.1159   0.948  0.000  0.000
   87 H   0.0413  0.0934   0.959  0.000  0.000
   88 H   0.0427  0.0952   0.957  0.000  0.000
   89 H   0.0378  0.0908   0.962  0.000  0.000
   90 H   0.0363  0.0939   0.964  0.000  0.000
   91 H   0.0391  0.0947   0.961  0.000  0.000
   92 H   0.0425  0.0935   0.957  0.000  0.000
   93 H   0.0318  0.0832   0.968  0.000  0.000
   94 H   0.0327  0.0842   0.967  0.000  0.000
   95 H   0.0685  0.1231   0.931  0.000  0.000
   96 H   0.0516  0.1067   0.948  0.000  0.000
   97 H   0.0534  0.1069   0.947  0.000  0.000
   98 H   0.0606  0.1280   0.939  0.000  0.000
   99 H   0.0532  0.1136   0.947  0.000  0.000
  100 H   0.0504  0.1102   0.950  0.000  0.000
  101 H   0.0473  0.1058   0.953  0.000  0.000
  102 H   0.0630  0.1276   0.937  0.000  0.000
  103 H   0.0730  0.1398   0.927  0.000  0.000
  104 H   0.0339  0.0961   0.966  0.000  0.000
  105 H   0.0454  0.0988   0.955  0.000  0.000
  106 H   0.0420  0.0949   0.958  0.000  0.000
  107 H   0.0499  0.1018   0.950  0.000  0.000
  108 H   0.0279  0.0842   0.972  0.000  0.000
  109 H   0.0282  0.0837   0.972  0.000  0.000
  110 H   0.0348  0.0927   0.965  0.000  0.000
  111 H   0.0358  0.0949   0.964  0.000  0.000
  112 H   0.0270  0.0838   0.973  0.000  0.000
  113 H   0.0393  0.0961   0.961  0.000  0.000
  114 H   0.0410  0.1008   0.959  0.000  0.000
  115 H   0.0320  0.0837   0.968  0.000  0.000
  116 H   0.0352  0.0874   0.965  0.000  0.000
  117 H   0.0327  0.0846   0.967  0.000  0.000
  118 H   0.0352  0.0920   0.965  0.000  0.000
  119 H   0.0402  0.0963   0.960  0.000  0.000
  120 H   0.0404  0.0957   0.960  0.000  0.000
  121 H   0.0317  0.0879   0.968  0.000  0.000
  122 H   0.0395  0.0960   0.960  0.000  0.000
  123 H   0.0384  0.0951   0.962  0.000  0.000
  124 H   0.0327  0.0934   0.967  0.000  0.000
  125 H   0.0398  0.0916   0.960  0.000  0.000
  126 H   0.0362  0.0894   0.964  0.000  0.000
  127 H   0.0250  0.0776   0.975  0.000  0.000
  128 H   0.0318  0.0888   0.968  0.000  0.000
  129 H   0.0387  0.0972   0.961  0.000  0.000
  130 H   0.0229  0.0798   0.977  0.000  0.000
  131 H   0.0333  0.0887   0.967  0.000  0.000
  132 H   0.0405  0.1000   0.959  0.000  0.000
  133 H   0.0436  0.1008   0.956  0.000  0.000
  134 H   0.0292  0.0877   0.971  0.000  0.000
  135 H   0.0320  0.0840   0.968  0.000  0.000
  136 H   0.0347  0.0873   0.965  0.000  0.000
  137 H   0.0402  0.0912   0.960  0.000  0.000
  138 H   0.0345  0.0863   0.965  0.000  0.000
  139 H   0.0292  0.0808   0.971  0.000  0.000
  140 H   0.0302  0.0817   0.970  0.000  0.000
 Hirshfeld charges for QMDFF written to <charges>
 
 Loewdin charges    n(s)   n(p)   n(d)
    1 MG  0.1656   0.669  1.165  0.000
    2 C   0.0158   1.143  2.841  0.000
    3 C  -0.0170   1.072  2.945  0.000
    4 C  -0.0530   1.064  2.989  0.000
    5 C  -0.0433   1.079  2.964  0.000
    6 N  -0.1302   1.354  3.777  0.000
    7 C   0.0228   1.201  2.776  0.000
    8 C  -0.0242   1.160  2.864  0.000
    9 C  -0.0164   1.146  2.870  0.000
   10 C   0.0667   1.158  2.776  0.000
   11 C  -0.0925   1.035  3.057  0.000
   12 C  -0.0510   1.109  2.942  0.000
   13 C  -0.0836   1.100  2.984  0.000
   14 C   0.2129   1.151  2.636  0.000
   15 O  -0.2352   1.589  4.646  0.000
   16 O  -0.1086   1.474  4.635  0.000
   17 N  -0.1770   1.339  3.838  0.000
   18 C   0.0172   1.172  2.810  0.000
   19 C   0.0120   1.170  2.818  0.000
   20 C  -0.0725   1.176  2.896  0.000
   21 C   0.0611   1.150  2.789  0.000
   22 C  -0.0646   0.999  3.065  0.000
   23 C   0.0981   1.211  2.691  0.000
   24 O  -0.2490   1.605  4.644  0.000
   25 C  -0.0796   1.026  3.054  0.000
   26 N  -0.1617   1.340  3.821  0.000
   27 C   0.0692   1.163  2.767  0.000
   28 C  -0.0283   1.149  2.879  0.000
   29 C  -0.0376   1.162  2.876  0.000
   30 C   0.0484   1.170  2.781  0.000
   31 C  -0.0893   1.040  3.050  0.000
   32 C  -0.0516   1.103  2.949  0.000
   33 C  -0.0870   1.019  3.068  0.000
   34 N  -0.1777   1.331  3.847  0.000
   35 C   0.0262   1.148  2.826  0.000
   36 C  -0.0002   1.159  2.841  0.000
   37 C  -0.0798   1.137  2.943  0.000
   38 C   0.0217   1.152  2.826  0.000
   39 C  -0.0614   1.004  3.058  0.000
   40 C   0.1402   1.169  2.691  0.000
   41 O  -0.1933   1.596  4.597  0.000
   42 C  -0.0439   1.157  2.887  0.000
   43 C   0.2034   1.152  2.645  0.000
   44 O  -0.2540   1.607  4.647  0.000
   45 O  -0.1197   1.458  4.662  0.000
   46 C   0.0102   1.023  2.967  0.000
   47 C   0.0550   1.066  2.879  0.000
   48 C  -0.0899   1.123  2.967  0.000
   49 C  -0.0506   1.202  2.849  0.000
   50 C  -0.0901   1.015  3.075  0.000
   51 C  -0.0724   1.096  2.976  0.000
   52 C  -0.0553   1.082  2.974  0.000
   53 C  -0.0578   1.091  2.967  0.000
   54 C  -0.0035   1.159  2.844  0.000
   55 C  -0.1110   1.038  3.073  0.000
   56 C  -0.0659   1.103  2.963  0.000
   57 C  -0.0555   1.102  2.953  0.000
   58 C  -0.0598   1.106  2.954  0.000
   59 C  -0.0196   1.156  2.863  0.000
   60 C  -0.1238   1.039  3.084  0.000
   61 C  -0.0505   1.092  2.959  0.000
   62 C  -0.0638   1.088  2.976  0.000
   63 C  -0.0659   1.100  2.966  0.000
   64 C  -0.0300   1.179  2.851  0.000
   65 C  -0.1020   1.032  3.070  0.000
   66 C  -0.1209   1.040  3.081  0.000
   67 H   0.0549   0.945  0.000  0.000
   68 H   0.0493   0.951  0.000  0.000
   69 H   0.0567   0.943  0.000  0.000
   70 H   0.0381   0.962  0.000  0.000
   71 H   0.0420   0.958  0.000  0.000
   72 H   0.0385   0.962  0.000  0.000
   73 H   0.0360   0.964  0.000  0.000
   74 H   0.0377   0.962  0.000  0.000
   75 H   0.0333   0.967  0.000  0.000
   76 H   0.0514   0.949  0.000  0.000
   77 H   0.0290   0.971  0.000  0.000
   78 H   0.0380   0.962  0.000  0.000
   79 H   0.0501   0.950  0.000  0.000
   80 H   0.0443   0.956  0.000  0.000
   81 H   0.0542   0.946  0.000  0.000
   82 H   0.0620   0.938  0.000  0.000
   83 H   0.0582   0.942  0.000  0.000
   84 H   0.0438   0.956  0.000  0.000
   85 H   0.0383   0.962  0.000  0.000
   86 H   0.0472   0.953  0.000  0.000
   87 H   0.0403   0.960  0.000  0.000
   88 H   0.0420   0.958  0.000  0.000
   89 H   0.0379   0.962  0.000  0.000
   90 H   0.0337   0.966  0.000  0.000
   91 H   0.0364   0.964  0.000  0.000
   92 H   0.0415   0.959  0.000  0.000
   93 H   0.0317   0.968  0.000  0.000
   94 H   0.0330   0.967  0.000  0.000
   95 H   0.0642   0.936  0.000  0.000
   96 H   0.0507   0.949  0.000  0.000
   97 H   0.0525   0.948  0.000  0.000
   98 H   0.0527   0.947  0.000  0.000
   99 H   0.0488   0.951  0.000  0.000
  100 H   0.0464   0.954  0.000  0.000
  101 H   0.0442   0.956  0.000  0.000
  102 H   0.0559   0.944  0.000  0.000
  103 H   0.0642   0.936  0.000  0.000
  104 H   0.0274   0.973  0.000  0.000
  105 H   0.0450   0.955  0.000  0.000
  106 H   0.0413   0.959  0.000  0.000
  107 H   0.0487   0.951  0.000  0.000
  108 H   0.0259   0.974  0.000  0.000
  109 H   0.0258   0.974  0.000  0.000
  110 H   0.0326   0.967  0.000  0.000
  111 H   0.0331   0.967  0.000  0.000
  112 H   0.0250   0.975  0.000  0.000
  113 H   0.0365   0.963  0.000  0.000
  114 H   0.0353   0.965  0.000  0.000
  115 H   0.0327   0.967  0.000  0.000
  116 H   0.0351   0.965  0.000  0.000
  117 H   0.0332   0.967  0.000  0.000
  118 H   0.0331   0.967  0.000  0.000
  119 H   0.0382   0.962  0.000  0.000
  120 H   0.0376   0.962  0.000  0.000
  121 H   0.0294   0.971  0.000  0.000
  122 H   0.0376   0.962  0.000  0.000
  123 H   0.0360   0.964  0.000  0.000
  124 H   0.0280   0.972  0.000  0.000
  125 H   0.0401   0.960  0.000  0.000
  126 H   0.0377   0.962  0.000  0.000
  127 H   0.0266   0.973  0.000  0.000
  128 H   0.0290   0.971  0.000  0.000
  129 H   0.0365   0.964  0.000  0.000
  130 H   0.0218   0.978  0.000  0.000
  131 H   0.0309   0.969  0.000  0.000
  132 H   0.0380   0.962  0.000  0.000
  133 H   0.0409   0.959  0.000  0.000
  134 H   0.0247   0.975  0.000  0.000
  135 H   0.0324   0.968  0.000  0.000
  136 H   0.0343   0.966  0.000  0.000
  137 H   0.0401   0.960  0.000  0.000
  138 H   0.0346   0.965  0.000  0.000
  139 H   0.0302   0.970  0.000  0.000
  140 H   0.0308   0.969  0.000  0.000
 
 Wiberg/Mayer (AO) data. WBOs > 0.1 written file <wbo>
 largest (>0.05) Wiberg bond orders for each atom
           total WBO             WBO to atom ...
     1  MG  2.511    N   17 0.559    N   34 0.530    N   26 0.382    N    6 0.334    C   21 0.057    C   38 0.054    C   18 0.051
     2  C   3.886    C    7 1.352    C   38 1.253    C   42 0.944
     3  C   3.918    C   10 1.476    C   18 1.222    H   67 0.935
     4  C   3.918    C   27 1.434    C   21 1.242    H   68 0.931
     5  C   3.895    C   30 1.484    C   35 1.199    H   69 0.938
     6  N   3.281    C    7 1.271    C   10 1.228    MG   1 0.334    C   18 0.056
     7  C   3.863    C    2 1.352    N    6 1.271    C    8 0.944
     8  C   3.931    C    7 0.944    C    9 0.943    C   12 0.942    H   70 0.937
     9  C   3.936    C   10 0.957    C   11 0.957    C    8 0.943    H   71 0.936
    10  C   3.881    C    3 1.476    N    6 1.228    C    9 0.957
    11  C   3.965    H   73 0.981    H   74 0.977    H   72 0.976    C    9 0.957
    12  C   3.939    H   75 0.962    H   76 0.956    C   13 0.950    C    8 0.942
    13  C   3.951    H   77 0.970    H   78 0.956    C   12 0.950    C   14 0.921    O   15 0.083
    14  C   3.890    O   15 1.859    O   16 1.070    C   13 0.921
    15  O   2.169    C   14 1.859    O   16 0.161    C   13 0.083
    16  O   2.292    C   14 1.070    C   47 0.957    O   15 0.161
    17  N   3.328    C   21 1.220    C   18 1.102    MG   1 0.559    C   20 0.069    C   19 0.051
    18  C   3.846    C   19 1.238    C    3 1.222    N   17 1.102    N    6 0.056    MG   1 0.051
    19  C   3.866    C   20 1.343    C   18 1.238    C   22 1.012    N   17 0.051
    20  C   3.873    C   19 1.343    C   21 1.154    C   23 1.012    O   24 0.075    N   17 0.069
    21  C   3.885    C    4 1.242    N   17 1.220    C   20 1.154    MG   1 0.057    N   26 0.051
    22  C   3.978    C   19 1.012    H   81 0.967    H   80 0.961    H   79 0.958
    23  C   3.866    O   24 1.799    C   20 1.012    C   25 0.956
    24  O   2.107    C   23 1.799    C   20 0.075    C   25 0.069
    25  C   3.978    H   83 0.970    H   84 0.969    H   82 0.958    C   23 0.956    O   24 0.069
    26  N   3.312    C   27 1.269    C   30 1.186    MG   1 0.382    C   21 0.051
    27  C   3.874    C    4 1.434    N   26 1.269    C   28 0.942
    28  C   3.937    C   31 0.962    C   29 0.959    C   27 0.942    H   85 0.935
    29  C   3.930    C   28 0.959    C   30 0.951    C   32 0.930    H   86 0.930
    30  C   3.868    C    5 1.484    N   26 1.186    C   29 0.951
    31  C   3.974    H   87 0.985    H   89 0.979    H   88 0.979    C   28 0.962
    32  C   3.944    C   33 1.002    H   91 0.968    H   90 0.967    C   29 0.930
    33  C   3.980    C   32 1.002    H   93 0.986    H   94 0.982    H   92 0.980
    34  N   3.324    C   38 1.179    C   35 1.176    MG   1 0.530    C   37 0.064
    35  C   3.866    C   36 1.230    C    5 1.199    N   34 1.176
    36  C   3.874    C   37 1.338    C   35 1.230    C   39 1.006    O   41 0.051
    37  C   3.910    C   36 1.338    C   38 1.155    C   40 1.097    O   41 0.067    N   34 0.064
    38  C   3.894    C    2 1.253    N   34 1.179    C   37 1.155    MG   1 0.054
    39  C   3.975    C   36 1.006    H   95 0.971    H   97 0.967    H   96 0.952
    40  C   3.884    O   41 1.853    C   37 1.097    C   42 0.788
    41  O   2.209    C   40 1.853    C   42 0.108    C   37 0.067    C   36 0.051
    42  C   3.931    C   43 0.953    C    2 0.944    H   98 0.929    C   40 0.788    O   41 0.108    O   44 0.067
    43  C   3.897    O   44 1.804    O   45 1.075    C   42 0.953
    44  O   2.120    C   43 1.804    O   45 0.169    C   42 0.067
    45  O   2.297    C   43 1.075    C   46 0.971    O   44 0.169
    46  C   3.943    H  101 0.990    H  100 0.985    H   99 0.983    O   45 0.971
    47  C   3.934    C   48 0.998    O   16 0.957    H  102 0.953    H  103 0.950
    48  C   3.957    C   49 1.901    C   47 0.998    H  104 0.940
    49  C   3.918    C   48 1.901    C   50 0.972    C   51 0.952
    50  C   3.987    H  106 0.980    H  107 0.975    C   49 0.972    H  105 0.971
    51  C   3.961    C   52 0.970    H  109 0.965    H  108 0.963    C   49 0.952
    52  C   3.970    C   53 1.003    H  110 0.972    C   51 0.970    H  111 0.963
    53  C   3.963    C   52 1.003    H  113 0.964    H  112 0.962    C   54 0.956
    54  C   3.937    C   56 0.985    C   55 0.976    C   53 0.956    H  114 0.954
    55  C   3.977    H  116 0.982    H  117 0.979    H  115 0.979    C   54 0.976
    56  C   3.955    C   54 0.985    C   57 0.964    H  118 0.962    H  119 0.960
    57  C   3.961    C   58 0.991    H  120 0.970    H  121 0.968    C   56 0.964
    58  C   3.956    C   57 0.991    H  123 0.966    H  122 0.960    C   59 0.944
    59  C   3.939    C   61 0.999    C   60 0.982    H  124 0.954    C   58 0.944
    60  C   3.977    C   59 0.982    H  125 0.980    H  127 0.979    H  126 0.974
    61  C   3.966    C   59 0.999    H  128 0.964    C   62 0.961    H  129 0.956
    62  C   3.963    C   63 1.006    H  131 0.970    H  130 0.966    C   61 0.961
    63  C   3.966    C   62 1.006    H  132 0.968    H  133 0.961    C   64 0.952
    64  C   3.927    C   65 0.988    C   66 0.979    H  134 0.961    C   63 0.952
    65  C   3.980    C   64 0.988    H  136 0.984    H  135 0.980    H  137 0.976
    66  C   3.979    H  138 0.984    H  140 0.981    H  139 0.981    C   64 0.979
    67  H   0.993    C    3 0.935
    68  H   0.994    C    4 0.931
    69  H   0.993    C    5 0.938
    70  H   0.996    C    8 0.937
    71  H   0.995    C    9 0.936
    72  H   0.998    C   11 0.976
    73  H   0.997    C   11 0.981
    74  H   0.997    C   11 0.977
    75  H   0.996    C   12 0.962
    76  H   0.996    C   12 0.956
    77  H   0.998    C   13 0.970
    78  H   0.998    C   13 0.956
    79  H   0.991    C   22 0.958
    80  H   0.992    C   22 0.961
    81  H   0.995    C   22 0.967
    82  H   0.995    C   25 0.958
    83  H   0.994    C   25 0.970
    84  H   0.997    C   25 0.969
    85  H   0.995    C   28 0.935
    86  H   0.994    C   29 0.930
    87  H   0.997    C   31 0.985
    88  H   0.996    C   31 0.979
    89  H   0.997    C   31 0.979
    90  H   0.998    C   32 0.967
    91  H   0.997    C   32 0.968
    92  H   0.997    C   33 0.980
    93  H   0.998    C   33 0.986
    94  H   0.999    C   33 0.982
    95  H   0.993    C   39 0.971
    96  H   0.992    C   39 0.952
    97  H   0.993    C   39 0.967
    98  H   0.992    C   42 0.929
    99  H   0.997    C   46 0.983
   100  H   0.997    C   46 0.985
   101  H   0.997    C   46 0.990
   102  H   0.996    C   47 0.953
   103  H   0.994    C   47 0.950
   104  H   0.999    C   48 0.940
   105  H   0.998    C   50 0.971
   106  H   0.998    C   50 0.980
   107  H   0.997    C   50 0.975
   108  H   0.999    C   51 0.963
   109  H   0.999    C   51 0.965
   110  H   0.998    C   52 0.972
   111  H   0.999    C   52 0.963
   112  H   0.999    C   53 0.962
   113  H   0.997    C   53 0.964
   114  H   0.998    C   54 0.954
   115  H   0.998    C   55 0.979
   116  H   0.998    C   55 0.982
   117  H   0.998    C   55 0.979
   118  H   0.999    C   56 0.962
   119  H   0.997    C   56 0.960
   120  H   0.998    C   57 0.970
   121  H   0.999    C   57 0.968
   122  H   0.998    C   58 0.960
   123  H   0.998    C   58 0.966
   124  H   0.999    C   59 0.954
   125  H   0.998    C   60 0.980
   126  H   0.999    C   60 0.974
   127  H   0.999    C   60 0.979
   128  H   0.998    C   61 0.964
   129  H   0.998    C   61 0.956
   130  H   0.999    C   62 0.966
   131  H   0.998    C   62 0.970
   132  H   0.998    C   63 0.968
   133  H   0.998    C   63 0.961
   134  H   0.999    C   64 0.961
   135  H   0.999    C   65 0.980
   136  H   0.999    C   65 0.984
   137  H   0.997    C   65 0.976
   138  H   0.999    C   66 0.984
   139  H   0.999    C   66 0.981
   140  H   0.999    C   66 0.981
 
 --------------------------------------------
          xTB calculation for sTDA...
 --------------------------------------------
 
 reading parameter file ~/.param_stda2.xtb
 
      method parameters     
 k(s)        :  1.6000
 k(p)        :  2.1800
 k(d)        :  1.9500
 k(f)        :  2.0000
 k(R-V)      :  2.2750
 k(R-R)      :  1.7650
 Tscal       :  0.2580
 Gscal       :  1.0000
 fpol        :  1.0000
 Zcnf        :  0.3430
 Zqf         :  0.0000
 kcn         :  2.7000
 Ryd Hsplit  :  0.7000
 lshift(virt):  3.1000
 lshift(OS)  :  0.2000
 wllscaling  :  2.6000
 
 mowrcut     : 3.000
 
  Z AO/shell   Hii/eV     exponent
  1     Sun Feb 14 09:53:25 CET 2016    EN: 2.327 GAM: 0.473  GM3: 0.0000
     1s    -14.339618    1.220000
     2sp    -3.348946    0.600000
  6     Sun Feb 14 09:53:25 CET 2016    EN: 2.731 GAM: 0.422  GM3: 0.0000
     2s    -22.009312    1.565095
     2p    -13.020408    1.596905
     3sp    -3.914040    0.824500
  7     Sun Feb 14 09:53:25 CET 2016    EN: 3.573 GAM: 0.504  GM3: 0.0000
     2s    -25.722000    2.064844
     2p    -18.684912    1.801692
     3sp    -4.344791    0.921400
  8     Sun Feb 14 09:53:25 CET 2016    EN: 3.700 GAM: 0.587  GM3: 0.0000
     2s    -33.859000    2.418661
     2p    -22.175911    1.973969
     3sp    -4.259392    1.013700
 12     Sun Feb 21 16:58:31 CET 2016    EN: 0.033 GAM: 0.222  GM3: 0.0000
     3s    -11.092543    1.647583
     3p     -6.929529    0.855020
 
 Nbf   :          894
 T(el) :     0.0
 calculating S/T integrals ...
 cpu time for ints    1.38954900000000     
 Nao   :          894
 making H0...
 making H1...
 cpu time for H      2.825199999999994E-002
 solving ...
 cpu time for diag   0.298413000000000     
 
 gap (eV)           :   4.685
 Koopmans IP (eV)   :  13.434
 Eel (Eh)           :  -301.105062

          eigenvalues
 #    :         164        165        166        167        168        169        170        171
 occ. :        2.000      2.000      2.000      2.000      2.000      2.000      2.000      2.000
 eps  :       -17.437    -17.176    -16.892    -16.338    -16.208    -16.030    -15.930    -15.583
 #    :         172        173        174        175        176        177        178        179
 occ. :        2.000      2.000      2.000      2.000      2.000      0.000      0.000      0.000
 eps  :       -15.309    -15.206    -15.128    -13.850    -13.435     -8.751     -6.890     -6.707
 #    :         180        181        182        183        184        185        186        187
 occ. :        0.000      0.000      0.000      0.000      0.000      0.000      0.000      0.000
 eps  :        -6.288     -6.120     -5.690     -5.549     -5.448     -5.229     -5.148     -5.005
                            1  SCC done.
 writing mo output ...
 molden style : F
 
speedup  0.86
cpu  time for all    2.20 s
wall time for all    2.54 s
