cpu-bind=MASK - bp1-compute103, task 4294967295 4294967295 [0]: mask 0xffffffffffff set
Host:    bp1-compute103.data.bp.acrc.priv
Time:    Sat Apr 30 04:19:26 BST 2022
Dir:     /user/home/of15641/chlorophyll_parameterization/tddft_data/step_601_chromophore_19
Job ID:  1658874
Nodelist:
cat: bp1-compute103: No such file or directory
  
Result dir: /user/home/of15641/chlorophyll_parameterization/tddft_data/step_601_chromophore_19
running gaussian jobs
Running time g16 < CAMB3LYP_step_601_chromophore_19.com > CAMB3LYP_step_601_chromophore_19.log

real	24m49.619s
user	583m32.699s
sys	0m26.610s
Running time g16 < PBE0_step_601_chromophore_19.com > PBE0_step_601_chromophore_19.log

real	20m54.519s
user	499m32.772s
sys	0m23.707s
Running time g16 < wB97XD_step_601_chromophore_19.com > wB97XD_step_601_chromophore_19.log

real	27m35.504s
user	648m39.152s
sys	0m30.141s
Running time g16 < BLYP_step_601_chromophore_19.com > BLYP_step_601_chromophore_19.log

real	12m11.831s
user	290m48.246s
sys	0m24.757s
Running time g16 < ZINDO_step_601_chromophore_19.com > ZINDO_step_601_chromophore_19.log

real	0m6.283s
user	2m16.822s
sys	0m2.376s
