cpu-bind=MASK - bp1-compute031, task 4294967295 4294967295 [0]: mask 0xffffffffffff set
Host:    bp1-compute031.data.bp.acrc.priv
Time:    Wed May  4 06:13:19 BST 2022
Dir:     /user/home/of15641/chlorophyll_parameterization/tddft_data/step_1451_chromophore_22
Job ID:  1692131
Nodelist:
cat: bp1-compute031: No such file or directory
  
Result dir: /user/home/of15641/chlorophyll_parameterization/tddft_data/step_1451_chromophore_22
running gaussian jobs
Running time g16 < CAMB3LYP_step_1451_chromophore_22.com > CAMB3LYP_step_1451_chromophore_22.log

real	24m56.507s
user	585m55.304s
sys	0m29.194s
Running time g16 < PBE0_step_1451_chromophore_22.com > PBE0_step_1451_chromophore_22.log

real	19m38.645s
user	469m11.421s
sys	0m25.514s
Running time g16 < wB97XD_step_1451_chromophore_22.com > wB97XD_step_1451_chromophore_22.log

real	26m25.297s
user	622m7.911s
sys	0m28.554s
Running time g16 < BLYP_step_1451_chromophore_22.com > BLYP_step_1451_chromophore_22.log

real	13m16.094s
user	316m29.112s
sys	0m29.202s
Running time g16 < ZINDO_step_1451_chromophore_22.com > ZINDO_step_1451_chromophore_22.log

real	0m7.708s
user	2m50.845s
sys	0m2.710s
