cpu-bind=MASK - bp1-compute148, task 4294967295 4294967295 [0]: mask 0xffffff00ffffff set
Host:    bp1-compute148.data.bp.acrc.priv
Time:    Wed Apr 27 01:20:08 BST 2022
Dir:     /user/home/of15641/chlorophyll_parameterization/tddft_data/step_1051_chromophore_11
Job ID:  1658102
Nodelist:
cat: bp1-compute148: No such file or directory
  
Result dir: /user/home/of15641/chlorophyll_parameterization/tddft_data/step_1051_chromophore_11
running gaussian jobs
Running time g16 < CAMB3LYP_step_1051_chromophore_11.com > CAMB3LYP_step_1051_chromophore_11.log

real	30m11.026s
user	710m21.120s
sys	1m9.317s
Running time g16 < PBE0_step_1051_chromophore_11.com > PBE0_step_1051_chromophore_11.log

real	17m20.652s
user	413m20.151s
sys	0m57.743s
Running time g16 < wB97XD_step_1051_chromophore_11.com > wB97XD_step_1051_chromophore_11.log

real	27m22.953s
user	643m44.100s
sys	1m6.973s
Running time g16 < BLYP_step_1051_chromophore_11.com > BLYP_step_1051_chromophore_11.log

real	12m46.692s
user	304m6.930s
sys	0m35.374s
Running time g16 < ZINDO_step_1051_chromophore_11.com > ZINDO_step_1051_chromophore_11.log

real	0m9.415s
user	3m26.148s
sys	0m3.468s
