 
        ______________________________________
       |                                      |
       |          ===================         |
       |             xTB for sTDA             |
       |          ===================         |
       |               S. Grimme              |
       |        Universitaet Bonn, MCTC       |
       |         2015-19, Version 1.0         |
       |     Wed Apr  3 09:14:55 CEST 2019    |
       |______________________________________|
 
        This code comes without any warranty
        for non-commercial, academia use only.
        Preliminary test version.
        Cite this work as:
        S. Grimme  &  C. Bannwarth, JCP 145 (2016) 054103
        if GBSA is used additionally:
        P. Shushkov, F. März, C. Bannwarth, S. Grimme, unpublished.
 
        with help from
        P. Shushkov, G. Brandenburg, S. Dohm, J. Pisarek,
        F. März, M. Checinski, S. Ehrlich, S. Spicher, 
        P. Pracht, E. Caldeweyher, S. Ehlert, and C. Bannwarth.
 
        usage        :
        xtb4stda <coord_file> [options]
        where <coord_file> is a valid file of TM)
        (*coord, Bohr) or xmol (*xyz, Angstroem)
        format.

        options:
        -chrg <int>   : molecular charge
        -uhf  <int>   : # of unpaired electrons(=2*S)
        -nox          : skip second, extended part in sTDA-xTB
        -pop          : do population analysis
                      : (default for -nox)
        -mowr <real>  : cut MO write above (def.3 Eh)
        -molden       : write formatted molden file
        -parx <file>  : read parameters for sTDA-xTB
                        calc (def:~/.param_stda2.xtb)
        -parv <file>  : read parameters for vTB part in
                        sTDA-xTB (def: ~/.param_stda1.xtb)
        -xtemp <real> : el. temp for xTB (def. 0 K)
        -etemp <real> : el. temp for GFN (def. 300 K)
        -fod          : calculate the FOD and write
                        molden.input file with
                        appropriate occupations
                        for plotting. Def. T=12500 K
 
        -acc <real>   : xTB accuracy (def. 1.0)
        -gbsa [string1] [string2]
                        use GBSA implicit solvent
                        for solvent [string1] and
                        solvation state [string2]=
                        reference, bar1M (default=1M)
        additional GFN/opt/MD/siman options read from
        $XTB4STDAHOME/.xtb4stdarc or $set in input
 
       spin and charge state information can be on:
       <.CHRG> (charge) and <.UHF> (=nalpha-nbeta)
       -uhf and -chrg override the file info.
       useful machine settings:
       setenv MKL_NUM_THREADS <NCORE_ON_YOUR_MACHINE>
       setenv OMP_STACKSIZE 500m
       limit stacksize unlimited
 
       total energies in Eh, gaps/HL energies in eV
       please read REVISION and HOWTO files carefully
 =============================
  # OMP threads =           4
 =============================
 
 xtb4stdahome directory:~/
 
 
 name of molecule           :
 comment line               :
 number of atoms            :   140
 number of electrons        :   352
 charge                     :  0
 spin                       : 0.0
 first test random number   :  0.6810
 
 -----------------------------------------
      charge density (VTB) calculation
 -----------------------------------------
 
      method parameters     
 k(s)        :  1.8000
 k(p)        :  2.8350
 k(d)        :  2.0860
 k(f)        :  2.0000
 Tscal       :  0.3300
 Gscal       :  0.3910
 fpol        :  1.0000
 Zcnf        :  0.6500
 Zqf         :  0.0000
 kcn         :  0.3000
 kEN1        : -0.5900
 wllscal     :  2.6000
 
     -------------------------
     ! NO SOLVENT MODEL USED !
     -------------------------
 
 doing EN charges ...
 sum q :  0.3885781D-14
 point charge moment (au)
     X       Y       Z   
  -0.3902  -0.3603   0.2619  total (Debye):    1.505
 
            Z      q(EN)   CN      Cart. coordinates
     1  MG  2.0   0.902   4.783    87.79667    45.74649    53.86475
     2  C   4.0   0.025   3.311    88.62626    50.03049    58.64953
     3  C   4.0  -0.058   3.144    85.34758    41.47571    58.19222
     4  C   4.0  -0.058   3.162    88.09713    41.00138    49.35208
     5  C   4.0  -0.057   3.138    90.75220    49.84152    49.67901
     6  N   5.0  -0.413   3.169    87.05212    45.85987    57.90498
     7  C   4.0   0.110   3.419    87.44329    47.87243    59.39787
     8  C   4.0  -0.095   4.178    86.39638    47.40567    62.00002
     9  C   4.0  -0.094   4.135    85.80112    44.46714    61.98679
    10  C   4.0   0.111   3.408    86.07135    43.93235    59.18433
    11  C   4.0  -0.237   4.019    87.50754    42.77962    63.74424
    12  C   4.0  -0.160   4.024    84.07958    49.11398    62.91087
    13  C   4.0  -0.168   4.050    84.49910    50.57096    65.50924
    14  C   4.0   0.194   3.130    82.93251    49.88121    67.87140
    15  O   6.0  -0.099   1.047    80.66862    49.47114    67.66920
    16  O   6.0  -0.137   2.061    84.29123    50.40844    69.88962
    17  N   5.0  -0.406   3.191    86.63260    41.95381    53.69845
    18  C   4.0   0.065   3.401    85.71986    40.55541    55.75825
    19  C   4.0   0.016   3.187    84.97720    37.99483    54.91733
    20  C   4.0   0.001   3.274    85.88804    37.88523    52.40777
    21  C   4.0   0.084   3.356    86.96708    40.43258    51.63865
    22  C   4.0  -0.250   4.028    83.55234    36.17124    56.47635
    23  C   4.0   0.102   3.028    85.55545    35.59866    50.52560
    24  O   6.0  -0.096   1.048    86.07891    35.84243    48.25415
    25  C   4.0  -0.246   4.013    84.49910    33.01918    51.41566
    26  N   5.0  -0.377   3.136    89.27443    45.30051    50.09097
    27  C   4.0   0.096   3.338    89.10058    43.22937    48.57163
    28  C   4.0  -0.093   4.083    90.51976    43.53929    46.02805
    29  C   4.0  -0.097   4.148    90.96007    46.54773    46.05262
    30  C   4.0   0.080   3.334    90.13048    47.38677    48.69824
    31  C   4.0  -0.236   3.989    93.10113    41.79885    45.93357
    32  C   4.0  -0.163   4.054    89.72608    47.98959    44.00227
    33  C   4.0  -0.237   4.005    86.81590    48.45068    44.09487
    34  N   5.0  -0.446   3.227    89.38404    49.31996    53.97435
    35  C   4.0   0.076   3.459    90.28733    50.86953    52.09030
    36  C   4.0   0.019   3.212    90.99786    53.39043    53.15610
    37  C   4.0   0.006   3.418    90.41961    53.04461    55.76770
    38  C   4.0   0.078   3.800    89.45585    50.59174    56.13809
    39  C   4.0  -0.248   4.018    91.97296    55.65054    51.83518
    40  C   4.0   0.097   3.296    90.41016    54.18978    58.11663
    41  O   6.0  -0.089   1.050    91.21707    56.31194    58.68166
    42  C   4.0  -0.117   4.253    89.20073    52.29250    60.08951
    43  C   4.0   0.183   3.177    91.41738    51.88054    61.92065
    44  O   6.0  -0.088   1.047    93.61702    51.38732    61.23846
    45  O   6.0  -0.131   2.031    90.62370    51.74637    64.28281
    46  C   4.0  -0.201   4.032    92.57767    51.26638    66.24623
    47  C   4.0  -0.140   4.126    82.71142    50.47647    72.17241
    48  C   4.0  -0.053   3.124    83.06479    48.06707    73.51790
    49  C   4.0   0.019   3.093    82.15017    47.36598    75.76289
    50  C   4.0  -0.252   4.056    80.98043    49.17634    77.53357
    51  C   4.0  -0.177   4.102    82.73220    44.67123    76.74933
    52  C   4.0  -0.164   4.068    80.51744    42.93646    76.52445
    53  C   4.0  -0.165   4.091    79.42518    42.36955    79.14739
    54  C   4.0  -0.089   4.066    76.85326    40.99194    79.05669
    55  C   4.0  -0.238   4.039    76.62650    39.13622    76.78901
    56  C   4.0  -0.163   4.064    74.65740    42.91001    79.12094
    57  C   4.0  -0.164   4.050    73.33837    42.45080    81.83080
    58  C   4.0  -0.164   4.067    72.28202    44.94335    82.79834
    59  C   4.0  -0.090   4.060    72.45776    45.26839    85.71041
    60  C   4.0  -0.240   4.055    70.13151    46.29073    87.04456
    61  C   4.0  -0.166   4.109    74.68386    47.02205    86.52677
    62  C   4.0  -0.165   4.072    77.26522    45.91278    85.90316
    63  C   4.0  -0.164   4.082    78.89039    46.01672    88.30689
    64  C   4.0  -0.089   4.036    81.70608    46.02239    87.54722
    65  C   4.0  -0.238   4.027    82.72464    43.62810    86.09402
    66  C   4.0  -0.239   4.042    83.34825    46.37010    89.98119
    67  H   1.0   0.071   1.005    84.57468    40.13022    59.55093
    68  H   1.0   0.071   1.010    88.61870    39.51039    48.02361
    69  H   1.0   0.070   1.005    91.78966    51.11520    48.42990
    70  H   1.0   0.086   1.010    87.84013    47.83463    63.40786
    71  H   1.0   0.084   1.008    83.90383    43.99660    62.63686
    72  H   1.0   0.081   0.999    88.60358    44.03439    64.95366
    73  H   1.0   0.080   0.998    88.60169    41.43791    62.62741
    74  H   1.0   0.080   0.998    86.33591    41.55318    64.91209
    75  H   1.0   0.082   1.003    82.46575    47.87432    63.22267
    76  H   1.0   0.082   1.003    83.72053    50.59930    61.52948
    77  H   1.0   0.082   1.003    84.32902    52.61564    65.33916
    78  H   1.0   0.083   1.004    86.48898    50.38765    66.00813
    79  H   1.0   0.080   1.001    84.73909    34.49506    56.64265
    80  H   1.0   0.080   1.000    81.80435    35.69503    55.49558
    81  H   1.0   0.080   0.999    82.87582    36.88745    58.28482
    82  H   1.0   0.080   1.000    84.94885    31.70582    49.89254
    83  H   1.0   0.080   1.000    82.45630    33.20626    51.22480
    84  H   1.0   0.080   0.997    84.80145    32.35589    53.34129
    85  H   1.0   0.083   1.004    89.35758    42.86087    44.46903
    86  H   1.0   0.084   1.010    92.98397    46.78961    45.74838
    87  H   1.0   0.080   0.998    93.00475    40.36644    47.40944
    88  H   1.0   0.079   0.997    94.75464    42.99316    46.22837
    89  H   1.0   0.080   0.998    93.00097    40.83698    44.11565
    90  H   1.0   0.082   1.007    90.11158    46.90111    42.29585
    91  H   1.0   0.082   1.005    90.77110    49.76026    43.87944
    92  H   1.0   0.080   0.999    86.59291    50.45379    44.52383
    93  H   1.0   0.080   0.998    85.78411    47.59842    45.66145
    94  H   1.0   0.080   0.997    85.76710    47.95558    42.39411
    95  H   1.0   0.080   0.999    90.53488    57.10752    51.60842
    96  H   1.0   0.080   0.999    92.98208    55.19323    50.09852
    97  H   1.0   0.080   1.002    93.15404    56.59351    53.23547
    98  H   1.0   0.086   1.007    87.57746    53.19201    60.98335
    99  H   1.0   0.080   0.996    93.49608    49.46736    65.83805
   100  H   1.0   0.081   0.997    91.39282    51.25126    67.92998
   101  H   1.0   0.080   0.995    93.99308    52.75737    66.38607
   102  H   1.0   0.083   1.002    80.71020    50.84875    71.86250
   103  H   1.0   0.083   1.003    83.49754    51.95990    73.36672
   104  H   1.0   0.071   1.006    84.17217    46.64977    72.51445
   105  H   1.0   0.081   1.002    82.25221    49.21413    79.15495
   106  H   1.0   0.081   1.001    79.04724    48.55273    77.87372
   107  H   1.0   0.081   0.998    80.92373    51.17189    77.02901
   108  H   1.0   0.083   1.004    83.46920    44.78462    78.66929
   109  H   1.0   0.083   1.005    84.26855    43.92857    75.59849
   110  H   1.0   0.082   1.004    81.16562    41.28484    75.47754
   111  H   1.0   0.083   1.010    79.16062    44.10998    75.51156
   112  H   1.0   0.083   1.002    79.48754    43.94936    80.46831
   113  H   1.0   0.082   1.005    80.70831    41.03351    80.05068
   114  H   1.0   0.084   1.010    76.66618    39.80708    80.73098
   115  H   1.0   0.080   0.997    74.93897    37.95515    76.75500
   116  H   1.0   0.080   1.000    78.32536    37.97026    76.84571
   117  H   1.0   0.081   0.998    76.71720    40.04518    74.94275
   118  H   1.0   0.082   1.004    73.32326    42.27884    77.68474
   119  H   1.0   0.082   1.002    75.32070    44.84131    78.84882
   120  H   1.0   0.082   1.002    74.43631    41.55507    83.32558
   121  H   1.0   0.082   1.004    71.78313    41.17902    81.37727
   122  H   1.0   0.083   1.007    70.24867    44.84509    82.48843
   123  H   1.0   0.083   1.003    72.97933    46.51749    81.67018
   124  H   1.0   0.084   1.011    72.87539    43.52795    86.72708
   125  H   1.0   0.081   1.000    70.17119    45.51027    88.94940
   126  H   1.0   0.080   0.998    68.36462    45.90900    86.05623
   127  H   1.0   0.081   1.001    70.24678    48.34486    86.95385
   128  H   1.0   0.083   1.002    74.39095    47.80251    88.40894
   129  H   1.0   0.084   1.012    74.53646    48.44690    85.04523
   130  H   1.0   0.083   1.004    77.99655    47.00693    84.31957
   131  H   1.0   0.083   1.005    77.05169    43.94558    85.33058
   132  H   1.0   0.083   1.009    78.43497    44.14211    89.02877
   133  H   1.0   0.082   1.001    78.57103    47.39433    89.80545
   134  H   1.0   0.083   1.007    82.20308    47.60787    86.33024
   135  H   1.0   0.080   0.998    82.57535    42.00861    87.36014
   136  H   1.0   0.081   1.000    84.73531    44.01550    85.88615
   137  H   1.0   0.081   0.999    81.65317    43.43346    84.34603
   138  H   1.0   0.080   0.998    82.57158    45.36098    91.60069
   139  H   1.0   0.081   1.002    82.88905    48.33541    90.39504
   140  H   1.0   0.080   0.998    85.35514    46.13577    89.58246
 
  Z AO/shell   Hii/eV     exponent
  1     Sat Feb 20 21:38:01 CET 2016    EN: 2.327 GAM: 0.473  GM3: 0.0000
     1s    -13.751157    1.051071
  6     Sat Feb 20 21:38:01 CET 2016    EN: 2.731 GAM: 0.422  GM3: 0.0000
     2s    -19.378245    2.021003
     2p    -11.993376    1.497917
  7     Sat Feb 20 21:38:01 CET 2016    EN: 3.573 GAM: 0.504  GM3: 0.0000
     2s    -21.576984    2.275442
     2p    -16.125120    2.056788
  8     Sat Feb 20 21:38:01 CET 2016    EN: 3.700 GAM: 0.587  GM3: 0.0000
     2s    -21.648843    2.110798
     2p    -17.239740    2.329048
 12     Sat Feb 20 23:25:47 CET 2016    EN: 0.033 GAM: 0.222  GM3: 0.0000
     3s    -12.693633    1.302878
     3p     -8.128821    0.504252
 
 dipole moment of classical point charges (au)
     X       Y       Z   
  -0.3902  -0.3603   0.2619  total (Debye):    1.505

 
 Nbf   :          338
 T(el) :   300.0
 calculating S/T integrals ...
 cpu time for ints   0.194310000000000     
 Nao   :          338
 making H0...
 making H1...
 cpu time for H      5.148000000000014E-003
 solving ...
 cpu time for diag   7.514999999999999E-002
 
 gap (eV)           :   1.417
 Koopmans IP (eV)   :  12.001
 Eel (Eh)           :  -268.523393
 T,E(Fermi),NFOD :    300.000   -11.293  0.000000
 T,E(Fermi),NFOD :    300.000   -11.293  0.000000
 Nfod               :  0.0000
 Nfod/Nel           :  0.0000

          eigenvalues
 #    :         164        165        166        167        168        169        170        171
 occ. :        2.000      2.000      2.000      2.000      2.000      2.000      2.000      2.000
 eps  :       -16.364    -16.264    -15.986    -15.862    -15.685    -15.591    -15.416    -14.920
 #    :         172        173        174        175        176        177        178        179
 occ. :        2.000      2.000      2.000      2.000      2.000      0.000      0.000      0.000
 eps  :       -14.895    -14.715    -14.706    -13.307    -12.002    -10.585     -9.743     -8.726
 #    :         180        181        182        183        184        185        186        187
 occ. :        0.000      0.000      0.000      0.000      0.000      0.000      0.000      0.000
 eps  :        -8.490     -8.278     -7.827     -7.624     -7.427     -7.411     -7.060     -6.835
                            1  SCC done.
 making H1...
 cpu time for H      9.043099999999998E-002
 solving ...
 cpu time for diag   3.129199999999999E-002
 
 gap (eV)           :   1.558
 Koopmans IP (eV)   :  11.795
 Eel (Eh)           :  -265.811984
 T,E(Fermi),NFOD :    300.000   -11.016  0.000000
 T,E(Fermi),NFOD :    300.000   -11.016  0.000000
 Nfod               :  0.0000
 Nfod/Nel           :  0.0000

          eigenvalues
 #    :         164        165        166        167        168        169        170        171
 occ. :        2.000      2.000      2.000      2.000      2.000      2.000      2.000      2.000
 eps  :       -15.317    -15.180    -14.971    -14.744    -14.601    -14.362    -14.243    -14.200
 #    :         172        173        174        175        176        177        178        179
 occ. :        2.000      2.000      2.000      2.000      2.000      0.000      0.000      0.000
 eps  :       -14.009    -13.771    -13.505    -12.731    -11.796    -10.238     -9.099     -8.508
 #    :         180        181        182        183        184        185        186        187
 occ. :        0.000      0.000      0.000      0.000      0.000      0.000      0.000      0.000
 eps  :        -8.445     -8.038     -7.616     -7.424     -7.324     -7.119     -6.804     -6.567
                            2  SCC done.
 
 
 Mulliken/CM5 charges    n(s)   n(p)   n(d)   
    1 MG  0.3019  0.7585   0.668  1.030  0.000
    2 C   0.0150  0.0186   1.154  2.831  0.000
    3 C  -0.0584 -0.1013   1.134  2.924  0.000
    4 C  -0.0092 -0.0494   1.109  2.900  0.000
    5 C  -0.0161 -0.0576   1.129  2.887  0.000
    6 N  -0.1813 -0.4526   1.399  3.782  0.000
    7 C   0.0461  0.1120   1.196  2.758  0.000
    8 C  -0.0360 -0.0888   1.210  2.826  0.000
    9 C  -0.0276 -0.0842   1.199  2.828  0.000
   10 C   0.0235  0.0885   1.228  2.749  0.000
   11 C  -0.0927 -0.2411   1.110  2.983  0.000
   12 C  -0.0530 -0.1587   1.167  2.886  0.000
   13 C  -0.0996 -0.1995   1.168  2.932  0.000
   14 C   0.2323  0.2849   1.168  2.600  0.000
   15 O  -0.2942 -0.3441   1.628  4.667  0.000
   16 O  -0.1184 -0.2020   1.498  4.621  0.000
   17 N  -0.2098 -0.4791   1.383  3.827  0.000
   18 C   0.0061  0.0621   1.203  2.791  0.000
   19 C  -0.0423 -0.0491   1.214  2.828  0.000
   20 C  -0.0679 -0.0619   1.232  2.836  0.000
   21 C   0.0320  0.0958   1.203  2.765  0.000
   22 C  -0.0618 -0.2069   1.074  2.988  0.000
   23 C   0.1202  0.1433   1.242  2.638  0.000
   24 O  -0.2294 -0.2796   1.626  4.603  0.000
   25 C  -0.0960 -0.2384   1.102  2.994  0.000
   26 N  -0.1311 -0.3885   1.412  3.719  0.000
   27 C   0.0288  0.0870   1.225  2.746  0.000
   28 C  -0.0376 -0.0949   1.225  2.813  0.000
   29 C  -0.0118 -0.0686   1.192  2.820  0.000
   30 C   0.0358  0.0887   1.238  2.726  0.000
   31 C  -0.0928 -0.2405   1.118  2.974  0.000
   32 C  -0.0391 -0.1488   1.139  2.900  0.000
   33 C  -0.1009 -0.2509   1.095  3.006  0.000
   34 N  -0.2079 -0.4988   1.382  3.826  0.000
   35 C   0.0351  0.0957   1.203  2.762  0.000
   36 C   0.0255  0.0194   1.214  2.761  0.000
   37 C  -0.0437 -0.0355   1.163  2.881  0.000
   38 C   0.0329  0.1052   1.194  2.773  0.000
   39 C  -0.0566 -0.2001   1.073  2.984  0.000
   40 C   0.1295  0.1614   1.195  2.675  0.000
   41 O  -0.2663 -0.3080   1.637  4.629  0.000
   42 C  -0.0363 -0.0793   1.188  2.848  0.000
   43 C   0.2094  0.2655   1.189  2.602  0.000
   44 O  -0.2919 -0.3344   1.633  4.658  0.000
   45 O  -0.1339 -0.2255   1.486  4.648  0.000
   46 C   0.0333 -0.0912   1.103  2.864  0.000
   47 C   0.0717 -0.0080   1.124  2.804  0.000
   48 C  -0.0811 -0.1380   1.155  2.926  0.000
   49 C  -0.0332 -0.0596   1.207  2.826  0.000
   50 C  -0.0926 -0.2385   1.075  3.018  0.000
   51 C  -0.0567 -0.1657   1.136  2.921  0.000
   52 C  -0.0466 -0.1585   1.139  2.908  0.000
   53 C  -0.0739 -0.1848   1.155  2.919  0.000
   54 C  -0.0262 -0.0997   1.205  2.821  0.000
   55 C  -0.1060 -0.2568   1.103  3.003  0.000
   56 C  -0.0702 -0.1797   1.168  2.902  0.000
   57 C  -0.0707 -0.1837   1.164  2.907  0.000
   58 C  -0.0675 -0.1782   1.151  2.916  0.000
   59 C  -0.0363 -0.1126   1.204  2.833  0.000
   60 C  -0.0962 -0.2478   1.100  2.996  0.000
   61 C  -0.0873 -0.1995   1.159  2.928  0.000
   62 C  -0.0553 -0.1693   1.150  2.905  0.000
   63 C  -0.0654 -0.1753   1.150  2.915  0.000
   64 C  -0.0375 -0.1145   1.208  2.830  0.000
   65 C  -0.1072 -0.2576   1.106  3.001  0.000
   66 C  -0.1109 -0.2617   1.106  3.005  0.000
   67 H   0.0607  0.1195   0.939  0.000  0.000
   68 H   0.0630  0.1281   0.937  0.000  0.000
   69 H   0.0492  0.1074   0.951  0.000  0.000
   70 H   0.0473  0.1139   0.953  0.000  0.000
   71 H   0.0503  0.1109   0.950  0.000  0.000
   72 H   0.0412  0.0940   0.959  0.000  0.000
   73 H   0.0383  0.0913   0.962  0.000  0.000
   74 H   0.0361  0.0875   0.964  0.000  0.000
   75 H   0.0422  0.1017   0.958  0.000  0.000
   76 H   0.0459  0.1027   0.954  0.000  0.000
   77 H   0.0517  0.1107   0.948  0.000  0.000
   78 H   0.0262  0.0922   0.974  0.000  0.000
   79 H   0.0554  0.1090   0.945  0.000  0.000
   80 H   0.0513  0.1045   0.949  0.000  0.000
   81 H   0.0544  0.1072   0.946  0.000  0.000
   82 H   0.0511  0.1071   0.949  0.000  0.000
   83 H   0.0466  0.1005   0.953  0.000  0.000
   84 H   0.0515  0.1038   0.948  0.000  0.000
   85 H   0.0472  0.1064   0.953  0.000  0.000
   86 H   0.0529  0.1145   0.947  0.000  0.000
   87 H   0.0421  0.0949   0.958  0.000  0.000
   88 H   0.0417  0.0934   0.958  0.000  0.000
   89 H   0.0405  0.0919   0.960  0.000  0.000
   90 H   0.0309  0.0879   0.969  0.000  0.000
   91 H   0.0462  0.1026   0.954  0.000  0.000
   92 H   0.0272  0.0792   0.973  0.000  0.000
   93 H   0.0369  0.0900   0.963  0.000  0.000
   94 H   0.0372  0.0879   0.963  0.000  0.000
   95 H   0.0562  0.1084   0.944  0.000  0.000
   96 H   0.0531  0.1054   0.947  0.000  0.000
   97 H   0.0544  0.1089   0.946  0.000  0.000
   98 H   0.0574  0.1229   0.943  0.000  0.000
   99 H   0.0583  0.1195   0.942  0.000  0.000
  100 H   0.0488  0.1104   0.951  0.000  0.000
  101 H   0.0604  0.1189   0.940  0.000  0.000
  102 H   0.0741  0.1420   0.926  0.000  0.000
  103 H   0.0532  0.1179   0.947  0.000  0.000
  104 H   0.0279  0.0899   0.972  0.000  0.000
  105 H   0.0417  0.0952   0.958  0.000  0.000
  106 H   0.0431  0.0965   0.957  0.000  0.000
  107 H   0.0390  0.0915   0.961  0.000  0.000
  108 H   0.0338  0.0908   0.966  0.000  0.000
  109 H   0.0367  0.0938   0.963  0.000  0.000
  110 H   0.0459  0.1022   0.954  0.000  0.000
  111 H   0.0336  0.0940   0.966  0.000  0.000
  112 H   0.0438  0.1003   0.956  0.000  0.000
  113 H   0.0193  0.0760   0.981  0.000  0.000
  114 H   0.0398  0.1008   0.960  0.000  0.000
  115 H   0.0382  0.0894   0.962  0.000  0.000
  116 H   0.0302  0.0831   0.970  0.000  0.000
  117 H   0.0258  0.0785   0.974  0.000  0.000
  118 H   0.0388  0.0957   0.961  0.000  0.000
  119 H   0.0421  0.0985   0.958  0.000  0.000
  120 H   0.0437  0.1004   0.956  0.000  0.000
  121 H   0.0304  0.0861   0.970  0.000  0.000
  122 H   0.0296  0.0873   0.970  0.000  0.000
  123 H   0.0411  0.0979   0.959  0.000  0.000
  124 H   0.0260  0.0871   0.974  0.000  0.000
  125 H   0.0437  0.0962   0.956  0.000  0.000
  126 H   0.0336  0.0854   0.966  0.000  0.000
  127 H   0.0279  0.0815   0.972  0.000  0.000
  128 H   0.0427  0.0991   0.957  0.000  0.000
  129 H   0.0224  0.0819   0.978  0.000  0.000
  130 H   0.0336  0.0901   0.966  0.000  0.000
  131 H   0.0417  0.1002   0.958  0.000  0.000
  132 H   0.0261  0.0845   0.974  0.000  0.000
  133 H   0.0487  0.1042   0.951  0.000  0.000
  134 H   0.0263  0.0852   0.974  0.000  0.000
  135 H   0.0260  0.0784   0.974  0.000  0.000
  136 H   0.0382  0.0912   0.962  0.000  0.000
  137 H   0.0412  0.0941   0.959  0.000  0.000
  138 H   0.0317  0.0838   0.968  0.000  0.000
  139 H   0.0284  0.0818   0.972  0.000  0.000
  140 H   0.0421  0.0940   0.958  0.000  0.000
 Hirshfeld charges for QMDFF written to <charges>
 
 Loewdin charges    n(s)   n(p)   n(d)
    1 MG  0.1401   0.679  1.181  0.000
    2 C   0.0182   1.111  2.871  0.000
    3 C  -0.0555   1.082  2.974  0.000
    4 C  -0.0095   1.055  2.955  0.000
    5 C  -0.0124   1.077  2.935  0.000
    6 N  -0.1431   1.352  3.791  0.000
    7 C   0.0460   1.159  2.795  0.000
    8 C  -0.0306   1.164  2.867  0.000
    9 C  -0.0201   1.152  2.868  0.000
   10 C   0.0283   1.191  2.781  0.000
   11 C  -0.0945   1.039  3.056  0.000
   12 C  -0.0468   1.109  2.938  0.000
   13 C  -0.1036   1.112  2.992  0.000
   14 C   0.2082   1.143  2.649  0.000
   15 O  -0.2817   1.599  4.683  0.000
   16 O  -0.0807   1.460  4.621  0.000
   17 N  -0.1787   1.342  3.837  0.000
   18 C   0.0093   1.164  2.826  0.000
   19 C  -0.0298   1.172  2.858  0.000
   20 C  -0.0770   1.199  2.878  0.000
   21 C   0.0391   1.163  2.798  0.000
   22 C  -0.0630   0.999  3.064  0.000
   23 C   0.1180   1.208  2.674  0.000
   24 O  -0.2140   1.597  4.617  0.000
   25 C  -0.1015   1.030  3.071  0.000
   26 N  -0.0978   1.370  3.728  0.000
   27 C   0.0352   1.186  2.779  0.000
   28 C  -0.0310   1.180  2.851  0.000
   29 C  -0.0033   1.143  2.860  0.000
   30 C   0.0386   1.203  2.759  0.000
   31 C  -0.0931   1.047  3.046  0.000
   32 C  -0.0334   1.079  2.954  0.000
   33 C  -0.1032   1.023  3.080  0.000
   34 N  -0.1728   1.338  3.835  0.000
   35 C   0.0339   1.166  2.800  0.000
   36 C   0.0331   1.174  2.793  0.000
   37 C  -0.0524   1.124  2.928  0.000
   38 C   0.0364   1.155  2.808  0.000
   39 C  -0.0558   0.997  3.059  0.000
   40 C   0.1251   1.160  2.714  0.000
   41 O  -0.2536   1.609  4.644  0.000
   42 C  -0.0357   1.140  2.896  0.000
   43 C   0.1848   1.164  2.651  0.000
   44 O  -0.2815   1.607  4.674  0.000
   45 O  -0.0947   1.448  4.647  0.000
   46 C   0.0277   1.032  2.940  0.000
   47 C   0.0715   1.065  2.863  0.000
   48 C  -0.0800   1.105  2.975  0.000
   49 C  -0.0240   1.165  2.859  0.000
   50 C  -0.0955   1.001  3.095  0.000
   51 C  -0.0537   1.076  2.978  0.000
   52 C  -0.0413   1.078  2.963  0.000
   53 C  -0.0726   1.098  2.974  0.000
   54 C  -0.0158   1.157  2.859  0.000
   55 C  -0.1099   1.032  3.078  0.000
   56 C  -0.0669   1.111  2.956  0.000
   57 C  -0.0673   1.107  2.961  0.000
   58 C  -0.0653   1.093  2.972  0.000
   59 C  -0.0265   1.156  2.870  0.000
   60 C  -0.0991   1.029  3.070  0.000
   61 C  -0.0861   1.103  2.983  0.000
   62 C  -0.0510   1.091  2.960  0.000
   63 C  -0.0622   1.092  2.970  0.000
   64 C  -0.0257   1.160  2.866  0.000
   65 C  -0.1109   1.036  3.075  0.000
   66 C  -0.1143   1.035  3.079  0.000
   67 H   0.0554   0.945  0.000  0.000
   68 H   0.0564   0.944  0.000  0.000
   69 H   0.0444   0.956  0.000  0.000
   70 H   0.0422   0.958  0.000  0.000
   71 H   0.0447   0.955  0.000  0.000
   72 H   0.0406   0.959  0.000  0.000
   73 H   0.0382   0.962  0.000  0.000
   74 H   0.0360   0.964  0.000  0.000
   75 H   0.0384   0.962  0.000  0.000
   76 H   0.0422   0.958  0.000  0.000
   77 H   0.0487   0.951  0.000  0.000
   78 H   0.0256   0.974  0.000  0.000
   79 H   0.0540   0.946  0.000  0.000
   80 H   0.0497   0.950  0.000  0.000
   81 H   0.0534   0.947  0.000  0.000
   82 H   0.0488   0.951  0.000  0.000
   83 H   0.0469   0.953  0.000  0.000
   84 H   0.0513   0.949  0.000  0.000
   85 H   0.0413   0.959  0.000  0.000
   86 H   0.0470   0.953  0.000  0.000
   87 H   0.0418   0.958  0.000  0.000
   88 H   0.0412   0.959  0.000  0.000
   89 H   0.0397   0.960  0.000  0.000
   90 H   0.0287   0.971  0.000  0.000
   91 H   0.0431   0.957  0.000  0.000
   92 H   0.0279   0.972  0.000  0.000
   93 H   0.0386   0.961  0.000  0.000
   94 H   0.0369   0.963  0.000  0.000
   95 H   0.0546   0.945  0.000  0.000
   96 H   0.0514   0.949  0.000  0.000
   97 H   0.0521   0.948  0.000  0.000
   98 H   0.0494   0.951  0.000  0.000
   99 H   0.0533   0.947  0.000  0.000
  100 H   0.0455   0.954  0.000  0.000
  101 H   0.0552   0.945  0.000  0.000
  102 H   0.0649   0.935  0.000  0.000
  103 H   0.0466   0.953  0.000  0.000
  104 H   0.0223   0.978  0.000  0.000
  105 H   0.0413   0.959  0.000  0.000
  106 H   0.0422   0.958  0.000  0.000
  107 H   0.0392   0.961  0.000  0.000
  108 H   0.0317   0.968  0.000  0.000
  109 H   0.0344   0.966  0.000  0.000
  110 H   0.0426   0.957  0.000  0.000
  111 H   0.0307   0.969  0.000  0.000
  112 H   0.0420   0.958  0.000  0.000
  113 H   0.0179   0.982  0.000  0.000
  114 H   0.0349   0.965  0.000  0.000
  115 H   0.0380   0.962  0.000  0.000
  116 H   0.0309   0.969  0.000  0.000
  117 H   0.0268   0.973  0.000  0.000
  118 H   0.0360   0.964  0.000  0.000
  119 H   0.0395   0.960  0.000  0.000
  120 H   0.0427   0.957  0.000  0.000
  121 H   0.0281   0.972  0.000  0.000
  122 H   0.0278   0.972  0.000  0.000
  123 H   0.0392   0.961  0.000  0.000
  124 H   0.0223   0.978  0.000  0.000
  125 H   0.0428   0.957  0.000  0.000
  126 H   0.0342   0.966  0.000  0.000
  127 H   0.0286   0.971  0.000  0.000
  128 H   0.0403   0.960  0.000  0.000
  129 H   0.0216   0.978  0.000  0.000
  130 H   0.0311   0.969  0.000  0.000
  131 H   0.0398   0.960  0.000  0.000
  132 H   0.0240   0.976  0.000  0.000
  133 H   0.0455   0.955  0.000  0.000
  134 H   0.0217   0.978  0.000  0.000
  135 H   0.0264   0.974  0.000  0.000
  136 H   0.0384   0.962  0.000  0.000
  137 H   0.0412   0.959  0.000  0.000
  138 H   0.0320   0.968  0.000  0.000
  139 H   0.0293   0.971  0.000  0.000
  140 H   0.0418   0.958  0.000  0.000
 
 Wiberg/Mayer (AO) data. WBOs > 0.1 written file <wbo>
 largest (>0.05) Wiberg bond orders for each atom
           total WBO             WBO to atom ...
     1  MG  2.534    N   34 0.521    N   17 0.503    N   26 0.428    N    6 0.369    C   38 0.058    C   30 0.056
     2  C   3.920    C    7 1.466    C   38 1.149    C   42 0.981
     3  C   3.913    C   18 1.370    C   10 1.310    H   67 0.936
     4  C   3.938    C   27 1.431    C   21 1.318    H   68 0.923
     5  C   3.913    C   30 1.413    C   35 1.296    H   69 0.938
     6  N   3.323    C   10 1.314    C    7 1.195    MG   1 0.369
     7  C   3.889    C    2 1.466    N    6 1.195    C    8 0.945
     8  C   3.929    C    9 0.947    C    7 0.945    C   12 0.935    H   70 0.935
     9  C   3.935    C   11 0.955    C   10 0.952    C    8 0.947    H   71 0.943
    10  C   3.841    N    6 1.314    C    3 1.310    C    9 0.952
    11  C   3.962    H   74 0.983    H   73 0.978    H   72 0.977    C    9 0.955
    12  C   3.946    C   13 0.971    H   75 0.966    H   76 0.965    C    8 0.935
    13  C   3.950    C   12 0.971    H   78 0.959    H   77 0.942    C   14 0.916    O   15 0.091
    14  C   3.898    O   15 1.791    O   16 1.147    C   13 0.916
    15  O   2.111    C   14 1.791    O   16 0.166    C   13 0.091
    16  O   2.348    C   14 1.147    C   47 0.939    O   15 0.166
    17  N   3.305    C   21 1.212    C   18 1.122    MG   1 0.503    C   20 0.058    C   27 0.052
    18  C   3.864    C    3 1.370    N   17 1.122    C   19 1.122
    19  C   3.879    C   20 1.492    C   18 1.122    C   22 1.007    O   24 0.055
    20  C   3.868    C   19 1.492    C   21 1.062    C   23 0.955    O   24 0.077    N   17 0.058
    21  C   3.874    C    4 1.318    N   17 1.212    C   20 1.062    N   26 0.066
    22  C   3.981    C   19 1.007    H   81 0.972    H   80 0.962    H   79 0.959
    23  C   3.861    O   24 1.861    C   20 0.955    C   25 0.946
    24  O   2.172    C   23 1.861    C   25 0.081    C   20 0.077    C   19 0.055
    25  C   3.975    H   82 0.968    H   84 0.967    H   83 0.953    C   23 0.946    O   24 0.081
    26  N   3.367    C   27 1.257    C   30 1.201    MG   1 0.428    C   21 0.066
    27  C   3.867    C    4 1.431    N   26 1.257    C   28 0.936    N   17 0.052
    28  C   3.921    H   85 0.951    C   31 0.943    C   29 0.938    C   27 0.936
    29  C   3.940    C   32 0.988    C   28 0.938    C   30 0.932    H   86 0.931
    30  C   3.830    C    5 1.413    N   26 1.201    C   29 0.932    MG   1 0.056    C   36 0.053
    31  C   3.962    H   89 0.984    H   88 0.980    H   87 0.980    C   28 0.943
    32  C   3.962    C   33 0.989    C   29 0.988    H   90 0.964    H   91 0.959
    33  C   3.973    C   32 0.989    H   92 0.987    H   94 0.984    H   93 0.975
    34  N   3.343    C   38 1.248    C   35 1.139    MG   1 0.521    C   37 0.055    C   36 0.052
    35  C   3.861    C    5 1.296    C   36 1.162    N   34 1.139
    36  C   3.840    C   37 1.319    C   35 1.162    C   39 1.019    O   41 0.070    C   30 0.053    N   34 0.052
    37  C   3.922    C   36 1.319    C   38 1.160    C   40 1.155    O   41 0.062    N   34 0.055
    38  C   3.885    N   34 1.248    C   37 1.160    C    2 1.149    MG   1 0.058
    39  C   3.979    C   36 1.019    H   96 0.972    H   97 0.962    H   95 0.954
    40  C   3.904    O   41 1.750    C   37 1.155    C   42 0.850
    41  O   2.111    C   40 1.750    C   42 0.088    C   36 0.070    C   37 0.062
    42  C   3.947    C    2 0.981    H   98 0.930    C   43 0.882    C   40 0.850    O   41 0.088    O   44 0.077
    43  C   3.889    O   44 1.774    O   45 1.157    C   42 0.882
    44  O   2.090    C   43 1.774    O   45 0.173    C   42 0.077
    45  O   2.350    C   43 1.157    C   46 0.951    O   44 0.173
    46  C   3.929    H  100 0.991    H   99 0.984    H  101 0.983    O   45 0.951
    47  C   3.926    C   48 1.000    H  103 0.958    H  102 0.948    O   16 0.939
    48  C   3.963    C   49 1.893    C   47 1.000    H  104 0.938
    49  C   3.937    C   48 1.893    C   50 0.998    C   51 0.949
    50  C   3.988    C   49 0.998    H  107 0.972    H  106 0.970    H  105 0.967
    51  C   3.971    C   52 0.991    H  109 0.961    H  108 0.957    C   49 0.949
    52  C   3.971    C   51 0.991    C   53 0.985    H  111 0.965    H  110 0.964
    53  C   3.958    C   52 0.985    H  113 0.969    C   54 0.964    H  112 0.957
    54  C   3.939    C   55 0.981    C   56 0.980    C   53 0.964    H  114 0.949
    55  C   3.978    H  117 0.983    C   54 0.981    H  116 0.979    H  115 0.979
    56  C   3.961    C   54 0.980    H  118 0.969    C   57 0.964    H  119 0.962
    57  C   3.959    C   58 0.993    H  121 0.974    C   56 0.964    H  120 0.956
    58  C   3.962    C   57 0.993    H  122 0.965    C   59 0.963    H  123 0.957
    59  C   3.939    C   60 0.994    C   61 0.966    C   58 0.963    H  124 0.953
    60  C   3.981    C   59 0.994    H  127 0.980    H  125 0.978    H  126 0.974
    61  C   3.962    C   62 0.985    H  129 0.971    C   59 0.966    H  128 0.957
    62  C   3.968    C   61 0.985    C   63 0.983    H  130 0.968    H  131 0.965
    63  C   3.963    C   62 0.983    C   64 0.974    H  132 0.973    H  133 0.958
    64  C   3.939    C   66 0.984    C   65 0.984    C   63 0.974    H  134 0.959
    65  C   3.984    H  135 0.986    C   64 0.984    H  136 0.981    H  137 0.977
    66  C   3.979    C   64 0.984    H  138 0.983    H  139 0.982    H  140 0.977
    67  H   0.993    C    3 0.936
    68  H   0.993    C    4 0.923
    69  H   0.994    C    5 0.938
    70  H   0.995    C    8 0.935
    71  H   0.995    C    9 0.943
    72  H   0.996    C   11 0.977
    73  H   0.997    C   11 0.978
    74  H   0.997    C   11 0.983
    75  H   0.996    C   12 0.966
    76  H   0.997    C   12 0.965
    77  H   0.996    C   13 0.942
    78  H   0.999    C   13 0.959
    79  H   0.993    C   22 0.959
    80  H   0.993    C   22 0.962
    81  H   0.995    C   22 0.972
    82  H   0.995    C   25 0.968
    83  H   0.997    C   25 0.953
    84  H   0.997    C   25 0.967
    85  H   0.996    C   28 0.951
    86  H   0.992    C   29 0.931
    87  H   0.997    C   31 0.980
    88  H   0.996    C   31 0.980
    89  H   0.997    C   31 0.984
    90  H   0.997    C   32 0.964
    91  H   0.996    C   32 0.959
    92  H   0.999    C   33 0.987
    93  H   0.998    C   33 0.975
    94  H   0.998    C   33 0.984
    95  H   0.988    C   39 0.954
    96  H   0.994    C   39 0.972
    97  H   0.993    C   39 0.962
    98  H   0.992    C   42 0.930
    99  H   0.997    C   46 0.984
   100  H   0.997    C   46 0.991
   101  H   0.996    C   46 0.983
   102  H   0.994    C   47 0.948
   103  H   0.997    C   47 0.958
   104  H   0.999    C   48 0.938
   105  H   0.998    C   50 0.967
   106  H   0.998    C   50 0.970
   107  H   0.998    C   50 0.972
   108  H   0.998    C   51 0.957
   109  H   0.998    C   51 0.961
   110  H   0.997    C   52 0.964
   111  H   0.999    C   52 0.965
   112  H   0.998    C   53 0.957
   113  H   0.999    C   53 0.969
   114  H   0.997    C   54 0.949
   115  H   0.998    C   55 0.979
   116  H   0.998    C   55 0.979
   117  H   0.999    C   55 0.983
   118  H   0.998    C   56 0.969
   119  H   0.998    C   56 0.962
   120  H   0.998    C   57 0.956
   121  H   0.999    C   57 0.974
   122  H   0.998    C   58 0.965
   123  H   0.998    C   58 0.957
   124  H   0.999    C   59 0.953
   125  H   0.997    C   60 0.978
   126  H   0.998    C   60 0.974
   127  H   0.999    C   60 0.980
   128  H   0.997    C   61 0.957
   129  H   0.999    C   61 0.971
   130  H   0.999    C   62 0.968
   131  H   0.998    C   62 0.965
   132  H   0.999    C   63 0.973
   133  H   0.997    C   63 0.958
   134  H   0.999    C   64 0.959
   135  H   0.999    C   65 0.986
   136  H   0.998    C   65 0.981
   137  H   0.998    C   65 0.977
   138  H   0.999    C   66 0.983
   139  H   0.999    C   66 0.982
   140  H   0.997    C   66 0.977
 
 --------------------------------------------
          xTB calculation for sTDA...
 --------------------------------------------
 
 reading parameter file ~/.param_stda2.xtb
 
      method parameters     
 k(s)        :  1.6000
 k(p)        :  2.1800
 k(d)        :  1.9500
 k(f)        :  2.0000
 k(R-V)      :  2.2750
 k(R-R)      :  1.7650
 Tscal       :  0.2580
 Gscal       :  1.0000
 fpol        :  1.0000
 Zcnf        :  0.3430
 Zqf         :  0.0000
 kcn         :  2.7000
 Ryd Hsplit  :  0.7000
 lshift(virt):  3.1000
 lshift(OS)  :  0.2000
 wllscaling  :  2.6000
 
 mowrcut     : 3.000
 
  Z AO/shell   Hii/eV     exponent
  1     Sun Feb 14 09:53:25 CET 2016    EN: 2.327 GAM: 0.473  GM3: 0.0000
     1s    -14.339618    1.220000
     2sp    -3.348946    0.600000
  6     Sun Feb 14 09:53:25 CET 2016    EN: 2.731 GAM: 0.422  GM3: 0.0000
     2s    -22.009312    1.565095
     2p    -13.020408    1.596905
     3sp    -3.914040    0.824500
  7     Sun Feb 14 09:53:25 CET 2016    EN: 3.573 GAM: 0.504  GM3: 0.0000
     2s    -25.722000    2.064844
     2p    -18.684912    1.801692
     3sp    -4.344791    0.921400
  8     Sun Feb 14 09:53:25 CET 2016    EN: 3.700 GAM: 0.587  GM3: 0.0000
     2s    -33.859000    2.418661
     2p    -22.175911    1.973969
     3sp    -4.259392    1.013700
 12     Sun Feb 21 16:58:31 CET 2016    EN: 0.033 GAM: 0.222  GM3: 0.0000
     3s    -11.092543    1.647583
     3p     -6.929529    0.855020
 
 Nbf   :          894
 T(el) :     0.0
 calculating S/T integrals ...
 cpu time for ints    1.18814000000000     
 Nao   :          894
 making H0...
 making H1...
 cpu time for H      2.394699999999994E-002
 solving ...
 cpu time for diag   0.274173000000000     
 
 gap (eV)           :   4.801
 Koopmans IP (eV)   :  13.232
 Eel (Eh)           :  -300.899020

          eigenvalues
 #    :         164        165        166        167        168        169        170        171
 occ. :        2.000      2.000      2.000      2.000      2.000      2.000      2.000      2.000
 eps  :       -17.338    -16.980    -16.881    -16.308    -16.159    -16.068    -15.817    -15.623
 #    :         172        173        174        175        176        177        178        179
 occ. :        2.000      2.000      2.000      2.000      2.000      0.000      0.000      0.000
 eps  :       -15.613    -15.357    -15.091    -13.957    -13.233     -8.432     -6.998     -6.667
 #    :         180        181        182        183        184        185        186        187
 occ. :        0.000      0.000      0.000      0.000      0.000      0.000      0.000      0.000
 eps  :        -6.203     -6.080     -5.574     -5.507     -5.223     -5.173     -5.164     -5.042
                            1  SCC done.
 writing mo output ...
 molden style : F
 
speedup  1.29
cpu  time for all    2.05 s
wall time for all    1.58 s
