cpu-bind=MASK - bp1-compute159, task 4294967295 4294967295 [0]: mask 0xffffff00ffffff set
Host:    bp1-compute159.data.bp.acrc.priv
Time:    Thu Apr 28 20:21:35 BST 2022
Dir:     /user/home/of15641/chlorophyll_parameterization/tddft_data/step_1751_chromophore_14
Job ID:  1658513
Nodelist:
cat: bp1-compute159: No such file or directory
  
Result dir: /user/home/of15641/chlorophyll_parameterization/tddft_data/step_1751_chromophore_14
running gaussian jobs
Running time g16 < CAMB3LYP_step_1751_chromophore_14.com > CAMB3LYP_step_1751_chromophore_14.log

real	29m13.348s
user	689m23.570s
sys	0m25.387s
Running time g16 < PBE0_step_1751_chromophore_14.com > PBE0_step_1751_chromophore_14.log

real	22m19.893s
user	533m25.745s
sys	0m22.766s
Running time g16 < wB97XD_step_1751_chromophore_14.com > wB97XD_step_1751_chromophore_14.log

real	29m32.453s
user	696m49.199s
sys	0m27.395s
Running time g16 < BLYP_step_1751_chromophore_14.com > BLYP_step_1751_chromophore_14.log

real	13m36.322s
user	324m13.489s
sys	0m21.869s
Running time g16 < ZINDO_step_1751_chromophore_14.com > ZINDO_step_1751_chromophore_14.log

real	0m6.887s
user	2m30.774s
sys	0m2.537s
