cpu-bind=MASK - bp1-compute196, task 4294967295 4294967295 [0]: mask 0xffffff00ffffff set
Host:    bp1-compute196.data.bp.acrc.priv
Time:    Wed Apr 27 08:50:52 BST 2022
Dir:     /user/home/of15641/chlorophyll_parameterization/tddft_data/step_1151_chromophore_1
Job ID:  1658154
Nodelist:
cat: bp1-compute196: No such file or directory
  
Result dir: /user/home/of15641/chlorophyll_parameterization/tddft_data/step_1151_chromophore_1
running gaussian jobs
Running time g16 < CAMB3LYP_step_1151_chromophore_1.com > CAMB3LYP_step_1151_chromophore_1.log

real	29m51.221s
user	702m38.792s
sys	0m32.171s
Running time g16 < PBE0_step_1151_chromophore_1.com > PBE0_step_1151_chromophore_1.log

real	18m43.673s
user	447m13.845s
sys	0m22.243s
Running time g16 < wB97XD_step_1151_chromophore_1.com > wB97XD_step_1151_chromophore_1.log

real	31m47.755s
user	749m17.190s
sys	0m33.324s
Running time g16 < BLYP_step_1151_chromophore_1.com > BLYP_step_1151_chromophore_1.log

real	10m41.364s
user	254m47.010s
sys	0m21.132s
Running time g16 < ZINDO_step_1151_chromophore_1.com > ZINDO_step_1151_chromophore_1.log

real	0m7.047s
user	2m35.999s
sys	0m2.365s
