cpu-bind=MASK - bp1-compute166, task 4294967295 4294967295 [0]: mask 0xffffff00ffffff set
Host:    bp1-compute166.data.bp.acrc.priv
Time:    Thu Apr 28 20:53:24 BST 2022
Dir:     /user/home/of15641/chlorophyll_parameterization/tddft_data/step_1751_chromophore_17
Job ID:  1658516
Nodelist:
cat: bp1-compute166: No such file or directory
  
Result dir: /user/home/of15641/chlorophyll_parameterization/tddft_data/step_1751_chromophore_17
running gaussian jobs
Running time g16 < CAMB3LYP_step_1751_chromophore_17.com > CAMB3LYP_step_1751_chromophore_17.log

real	24m27.599s
user	575m28.511s
sys	0m23.960s
Running time g16 < PBE0_step_1751_chromophore_17.com > PBE0_step_1751_chromophore_17.log

real	17m1.672s
user	406m31.305s
sys	0m20.101s
Running time g16 < wB97XD_step_1751_chromophore_17.com > wB97XD_step_1751_chromophore_17.log

real	24m51.921s
user	584m25.745s
sys	0m23.800s
Running time g16 < BLYP_step_1751_chromophore_17.com > BLYP_step_1751_chromophore_17.log

real	14m5.390s
user	335m49.633s
sys	0m24.176s
Running time g16 < ZINDO_step_1751_chromophore_17.com > ZINDO_step_1751_chromophore_17.log

real	0m7.014s
user	2m32.973s
sys	0m2.630s
