cpu-bind=MASK - bp1-compute168, task 4294967295 4294967295 [0]: mask 0xffffff00ffffff set
Host:    bp1-compute168.data.bp.acrc.priv
Time:    Wed May  4 14:24:03 BST 2022
Dir:     /user/home/of15641/chlorophyll_parameterization/tddft_data/step_1851_chromophore_8
Job ID:  1692240
Nodelist:
cat: bp1-compute168: No such file or directory
  
Result dir: /user/home/of15641/chlorophyll_parameterization/tddft_data/step_1851_chromophore_8
running gaussian jobs
Running time g16 < CAMB3LYP_step_1851_chromophore_8.com > CAMB3LYP_step_1851_chromophore_8.log

real	23m29.897s
user	552m2.670s
sys	0m31.143s
Running time g16 < PBE0_step_1851_chromophore_8.com > PBE0_step_1851_chromophore_8.log

real	19m12.240s
user	458m18.324s
sys	0m31.820s
Running time g16 < wB97XD_step_1851_chromophore_8.com > wB97XD_step_1851_chromophore_8.log

real	26m40.132s
user	628m6.250s
sys	0m35.971s
Running time g16 < BLYP_step_1851_chromophore_8.com > BLYP_step_1851_chromophore_8.log

real	12m29.070s
user	297m0.986s
sys	0m29.571s
Running time g16 < ZINDO_step_1851_chromophore_8.com > ZINDO_step_1851_chromophore_8.log

real	0m7.916s
user	2m52.131s
sys	0m3.023s
