cpu-bind=MASK - bp1-compute181, task 4294967295 4294967295 [0]: mask 0x3fffffc03fffffc set
Host:    bp1-compute181.data.bp.acrc.priv
Time:    Thu May  5 09:38:07 BST 2022
Dir:     /user/home/of15641/chlorophyll_parameterization/tddft_data/step_801_chromophore_9
Job ID:  1692420
Nodelist:
cat: bp1-compute181: No such file or directory
  
Result dir: /user/home/of15641/chlorophyll_parameterization/tddft_data/step_801_chromophore_9
running gaussian jobs
Running time g16 < CAMB3LYP_step_801_chromophore_9.com > CAMB3LYP_step_801_chromophore_9.log

real	35m10.329s
user	832m9.620s
sys	0m26.219s
Running time g16 < PBE0_step_801_chromophore_9.com > PBE0_step_801_chromophore_9.log

real	24m55.000s
user	594m9.367s
sys	0m22.927s
Running time g16 < wB97XD_step_801_chromophore_9.com > wB97XD_step_801_chromophore_9.log

real	39m16.413s
user	929m5.178s
sys	0m28.549s
Running time g16 < BLYP_step_801_chromophore_9.com > BLYP_step_801_chromophore_9.log

real	16m35.336s
user	395m45.331s
sys	0m21.797s
Running time g16 < ZINDO_step_801_chromophore_9.com > ZINDO_step_801_chromophore_9.log

real	0m7.902s
user	2m55.299s
sys	0m2.571s
