cpu-bind=MASK - bp1-compute168, task 4294967295 4294967295 [0]: mask 0xffffff00ffffff set
Host:    bp1-compute168.data.bp.acrc.priv
Time:    Wed May  4 18:13:58 BST 2022
Dir:     /user/home/of15641/chlorophyll_parameterization/tddft_data/step_351_chromophore_17
Job ID:  1692276
Nodelist:
cat: bp1-compute168: No such file or directory
  
Result dir: /user/home/of15641/chlorophyll_parameterization/tddft_data/step_351_chromophore_17
running gaussian jobs
Running time g16 < CAMB3LYP_step_351_chromophore_17.com > CAMB3LYP_step_351_chromophore_17.log

real	37m31.444s
user	889m10.725s
sys	0m43.202s
Running time g16 < PBE0_step_351_chromophore_17.com > PBE0_step_351_chromophore_17.log

real	27m43.688s
user	662m56.857s
sys	0m37.405s
Running time g16 < wB97XD_step_351_chromophore_17.com > wB97XD_step_351_chromophore_17.log

real	46m22.381s
user	1099m38.024s
sys	0m50.414s
Running time g16 < BLYP_step_351_chromophore_17.com > BLYP_step_351_chromophore_17.log

real	22m4.817s
user	527m41.356s
sys	0m29.699s
Running time g16 < ZINDO_step_351_chromophore_17.com > ZINDO_step_351_chromophore_17.log

real	0m7.152s
user	2m38.209s
sys	0m2.387s
