 
        ______________________________________
       |                                      |
       |          ===================         |
       |             xTB for sTDA             |
       |          ===================         |
       |               S. Grimme              |
       |        Universitaet Bonn, MCTC       |
       |         2015-19, Version 1.0         |
       |     Wed Apr  3 09:14:55 CEST 2019    |
       |______________________________________|
 
        This code comes without any warranty
        for non-commercial, academia use only.
        Preliminary test version.
        Cite this work as:
        S. Grimme  &  C. Bannwarth, JCP 145 (2016) 054103
        if GBSA is used additionally:
        P. Shushkov, F. März, C. Bannwarth, S. Grimme, unpublished.
 
        with help from
        P. Shushkov, G. Brandenburg, S. Dohm, J. Pisarek,
        F. März, M. Checinski, S. Ehrlich, S. Spicher, 
        P. Pracht, E. Caldeweyher, S. Ehlert, and C. Bannwarth.
 
        usage        :
        xtb4stda <coord_file> [options]
        where <coord_file> is a valid file of TM)
        (*coord, Bohr) or xmol (*xyz, Angstroem)
        format.

        options:
        -chrg <int>   : molecular charge
        -uhf  <int>   : # of unpaired electrons(=2*S)
        -nox          : skip second, extended part in sTDA-xTB
        -pop          : do population analysis
                      : (default for -nox)
        -mowr <real>  : cut MO write above (def.3 Eh)
        -molden       : write formatted molden file
        -parx <file>  : read parameters for sTDA-xTB
                        calc (def:~/.param_stda2.xtb)
        -parv <file>  : read parameters for vTB part in
                        sTDA-xTB (def: ~/.param_stda1.xtb)
        -xtemp <real> : el. temp for xTB (def. 0 K)
        -etemp <real> : el. temp for GFN (def. 300 K)
        -fod          : calculate the FOD and write
                        molden.input file with
                        appropriate occupations
                        for plotting. Def. T=12500 K
 
        -acc <real>   : xTB accuracy (def. 1.0)
        -gbsa [string1] [string2]
                        use GBSA implicit solvent
                        for solvent [string1] and
                        solvation state [string2]=
                        reference, bar1M (default=1M)
        additional GFN/opt/MD/siman options read from
        $XTB4STDAHOME/.xtb4stdarc or $set in input
 
       spin and charge state information can be on:
       <.CHRG> (charge) and <.UHF> (=nalpha-nbeta)
       -uhf and -chrg override the file info.
       useful machine settings:
       setenv MKL_NUM_THREADS <NCORE_ON_YOUR_MACHINE>
       setenv OMP_STACKSIZE 500m
       limit stacksize unlimited
 
       total energies in Eh, gaps/HL energies in eV
       please read REVISION and HOWTO files carefully
 =============================
  # OMP threads =           4
 =============================
 
 xtb4stdahome directory:~/
 
 
 name of molecule           :
 comment line               :
 number of atoms            :   140
 number of electrons        :   352
 charge                     :  0
 spin                       : 0.0
 first test random number   :  0.3798
 
 -----------------------------------------
      charge density (VTB) calculation
 -----------------------------------------
 
      method parameters     
 k(s)        :  1.8000
 k(p)        :  2.8350
 k(d)        :  2.0860
 k(f)        :  2.0000
 Tscal       :  0.3300
 Gscal       :  0.3910
 fpol        :  1.0000
 Zcnf        :  0.6500
 Zqf         :  0.0000
 kcn         :  0.3000
 kEN1        : -0.5900
 wllscal     :  2.6000
 
     -------------------------
     ! NO SOLVENT MODEL USED !
     -------------------------
 
 doing EN charges ...
 sum q : -0.7771561D-15
 point charge moment (au)
     X       Y       Z   
   0.1872  -1.2161   0.7281  total (Debye):    3.634
 
            Z      q(EN)   CN      Cart. coordinates
     1  MG  2.0   0.932   4.805    48.17478    94.88881    51.18701
     2  C   4.0   0.019   3.255    44.17990    97.39648    56.04360
     3  C   4.0  -0.058   3.145    52.20935    92.92160    56.11541
     4  C   4.0  -0.057   3.185    52.63265    93.71340    47.06740
     5  C   4.0  -0.055   3.178    44.33675    97.55143    46.77450
     6  N   5.0  -0.331   3.078    48.08030    95.07967    55.55416
     7  C   4.0   0.108   3.328    46.14522    96.01509    56.94500
     8  C   4.0  -0.097   4.198    46.61387    95.38581    59.70778
     9  C   4.0  -0.093   4.097    49.14043    93.89670    59.88353
    10  C   4.0   0.091   3.316    49.85286    93.88914    57.06028
    11  C   4.0  -0.236   4.000    51.21346    95.19305    61.76191
    12  C   4.0  -0.162   4.056    44.39722    93.76631    60.92287
    13  C   4.0  -0.167   4.040    43.39567    94.66015    63.48156
    14  C   4.0   0.168   3.096    45.20413    95.95839    65.47522
    15  O   6.0  -0.095   1.037    46.40600    97.91804    65.08405
    16  O   6.0  -0.117   2.043    45.14555    94.50897    67.63329
    17  N   5.0  -0.433   3.260    51.98069    93.58679    51.55928
    18  C   4.0   0.109   3.445    53.15610    92.88003    53.63420
    19  C   4.0   0.007   3.375    55.65621    92.10146    52.92366
    20  C   4.0   0.009   3.258    55.85841    92.00509    50.25348
    21  C   4.0   0.076   3.554    53.50948    93.17294    49.53350
    22  C   4.0  -0.245   4.029    57.52704    90.95818    54.80205
    23  C   4.0   0.115   3.044    57.77081    90.88826    48.42234
    24  O   6.0  -0.107   1.055    57.61963    91.14715    46.14144
    25  C   4.0  -0.249   4.036    59.83817    89.31790    49.57885
    26  N   5.0  -0.441   3.154    48.68501    96.16059    47.56629
    27  C   4.0   0.070   3.453    50.57474    95.04755    46.09986
    28  C   4.0  -0.093   4.108    50.11175    95.33289    43.21614
    29  C   4.0  -0.095   4.167    47.29417    96.29099    43.28228
    30  C   4.0   0.093   3.459    46.69135    96.70295    46.07719
    31  C   4.0  -0.237   4.034    52.04305    97.14703    42.03317
    32  C   4.0  -0.164   4.048    45.30429    94.27276    42.22026
    33  C   4.0  -0.238   4.011    44.17045    94.71306    39.67669
    34  N   5.0  -0.448   3.189    44.88099    96.80877    51.29094
    35  C   4.0   0.068   3.522    43.55629    97.83867    49.29917
    36  C   4.0   0.017   3.231    41.39823    99.35234    50.11742
    37  C   4.0   0.006   3.342    41.54751    99.23329    52.83296
    38  C   4.0   0.058   3.660    43.78495    97.89347    53.42255
    39  C   4.0  -0.248   4.023    39.40457   100.32177    48.39399
    40  C   4.0   0.096   3.181    40.27195    99.86257    55.18567
    41  O   6.0  -0.088   1.036    38.22727   100.99829    55.43133
    42  C   4.0  -0.114   4.178    42.00483    98.71361    57.46657
    43  C   4.0   0.198   3.141    42.78151   100.90570    58.93110
    44  O   6.0  -0.105   1.057    43.89833   102.69716    58.04482
    45  O   6.0  -0.124   2.035    42.12766   100.67515    61.36318
    46  C   4.0  -0.201   4.003    42.60954   102.71983    63.25669
    47  C   4.0  -0.132   4.068    47.26394    95.07211    69.31704
    48  C   4.0  -0.056   3.065    46.90300    93.29577    71.67353
    49  C   4.0   0.015   3.040    48.12565    93.10869    73.92797
    50  C   4.0  -0.245   4.008    50.47647    94.78298    74.83126
    51  C   4.0  -0.173   4.054    47.14110    91.35124    76.05769
    52  C   4.0  -0.163   4.040    48.54895    88.73586    76.21265
    53  C   4.0  -0.165   4.096    50.37065    88.59224    78.56347
    54  C   4.0  -0.088   4.064    49.79995    86.50221    80.29824
    55  C   4.0  -0.239   4.056    49.90766    83.92273    79.11905
    56  C   4.0  -0.165   4.091    47.20157    87.00109    81.64939
    57  C   4.0  -0.164   4.057    47.47936    88.95885    83.80368
    58  C   4.0  -0.167   4.110    46.95969    87.72108    86.35670
    59  C   4.0  -0.087   4.050    48.84564    88.34658    88.36736
    60  C   4.0  -0.237   4.004    48.80028    86.25465    90.62748
    61  C   4.0  -0.164   4.067    48.53761    91.13392    89.12137
    62  C   4.0  -0.163   4.037    51.08685    92.58145    88.67728
    63  C   4.0  -0.163   4.042    50.73914    95.51431    88.03477
    64  C   4.0  -0.088   4.021    51.62542    96.03398    85.28522
    65  C   4.0  -0.239   4.040    54.47135    96.50830    84.90728
    66  C   4.0  -0.240   4.045    50.20057    98.38669    84.17406
    67  H   1.0   0.071   1.005    53.46035    92.14871    57.56294
    68  H   1.0   0.072   1.009    53.59830    92.70240    45.54806
    69  H   1.0   0.071   1.005    43.08008    98.23362    45.28728
    70  H   1.0   0.086   1.010    46.84253    97.17538    60.70178
    71  H   1.0   0.083   1.006    48.88532    92.04477    60.74902
    72  H   1.0   0.080   0.998    50.29128    96.41571    63.13952
    73  H   1.0   0.080   0.999    52.47958    96.22862    60.50902
    74  H   1.0   0.080   0.997    52.29250    93.72474    62.72189
    75  H   1.0   0.082   1.002    44.77139    91.74808    61.07405
    76  H   1.0   0.083   1.006    42.74749    93.85135    59.69266
    77  H   1.0   0.082   1.003    42.45080    93.13892    64.50013
    78  H   1.0   0.082   1.005    41.87633    95.94328    62.94488
    79  H   1.0   0.080   0.998    57.55349    88.89838    54.81906
    80  H   1.0   0.080   0.999    57.30972    91.77265    56.68233
    81  H   1.0   0.081   1.001    59.38842    91.61958    54.22002
    82  H   1.0   0.080   0.999    59.24291    88.06879    51.10575
    83  H   1.0   0.080   0.998    61.41609    90.39504    50.34419
    84  H   1.0   0.080   0.999    60.42588    87.88737    48.21825
    85  H   1.0   0.084   1.007    50.31962    93.46396    42.37710
    86  H   1.0   0.084   1.006    47.18835    98.01253    42.15601
    87  H   1.0   0.080   0.998    53.60397    97.66104    43.27472
    88  H   1.0   0.081   0.999    51.17756    98.93849    41.50405
    89  H   1.0   0.080   0.998    52.80839    96.29665    40.31919
    90  H   1.0   0.082   1.006    43.64511    93.98741    43.40701
    91  H   1.0   0.082   1.004    46.05640    92.35658    42.19758
    92  H   1.0   0.080   0.999    44.72792    93.21451    38.38033
    93  H   1.0   0.081   1.003    44.97737    96.52531    39.12111
    94  H   1.0   0.080   0.999    42.11443    94.73763    39.79763
    95  H   1.0   0.080   0.999    37.55641   100.30665    49.30106
    96  H   1.0   0.081   1.002    39.57086    99.23329    46.65355
    97  H   1.0   0.080   1.001    39.89778   102.27764    47.96880
    98  H   1.0   0.085   1.008    40.92957    97.44183    58.67599
    99  H   1.0   0.080   0.996    41.90845   104.51129    62.51969
   100  H   1.0   0.080   0.996    44.61265   102.95416    63.67810
   101  H   1.0   0.080   0.995    41.88578   102.29465    65.13696
   102  H   1.0   0.082   1.001    47.40189    96.93916    70.17686
   103  H   1.0   0.082   0.999    48.94012    95.02487    68.11895
   104  H   1.0   0.070   1.004    45.40256    91.92761    71.33338
   105  H   1.0   0.080   0.998    49.71869    96.44783    75.77801
   106  H   1.0   0.079   0.997    51.60464    95.49919    73.26279
   107  H   1.0   0.080   0.999    51.67078    93.57356    75.99533
   108  H   1.0   0.081   1.005    45.20224    90.90527    75.51723
   109  H   1.0   0.082   1.002    46.93512    92.48886    77.76222
   110  H   1.0   0.082   1.004    49.79617    88.55823    74.58370
   111  H   1.0   0.082   1.002    47.13354    87.23731    76.23154
   112  H   1.0   0.083   1.005    50.30639    90.38937    79.56691
   113  H   1.0   0.083   1.005    52.23014    88.29933    77.72632
   114  H   1.0   0.084   1.012    51.22291    86.56268    81.78545
   115  H   1.0   0.081   1.000    49.38610    82.55268    80.56658
   116  H   1.0   0.080   0.998    51.79550    83.35392    78.52000
   117  H   1.0   0.081   0.999    48.69068    83.69596    77.47309
   118  H   1.0   0.082   1.001    46.12632    85.34758    82.24276
   119  H   1.0   0.083   1.004    45.77861    87.76454    80.37193
   120  H   1.0   0.083   1.009    45.89766    90.27599    83.80935
   121  H   1.0   0.083   1.007    49.35964    89.74686    84.09280
   122  H   1.0   0.083   1.006    46.88977    85.67640    86.10914
   123  H   1.0   0.083   1.004    45.06429    88.07824    87.08046
   124  H   1.0   0.084   1.010    50.77505    88.05367    87.70596
   125  H   1.0   0.080   0.997    50.03238    86.87070    92.15816
   126  H   1.0   0.080   0.996    49.19902    84.31390    90.06812
   127  H   1.0   0.079   0.997    46.92945    85.90883    91.41927
   128  H   1.0   0.082   1.003    48.15211    91.25487    91.14148
   129  H   1.0   0.083   1.003    46.95213    91.98997    88.12359
   130  H   1.0   0.082   1.001    52.34541    91.65171    87.33746
   131  H   1.0   0.082   1.008    51.75770    92.71373    90.61992
   132  H   1.0   0.081   1.003    52.05250    96.45728    89.31412
   133  H   1.0   0.082   1.001    48.82674    96.11902    88.49776
   134  H   1.0   0.083   1.009    51.11142    94.57322    83.92651
   135  H   1.0   0.081   0.999    54.80961    98.48496    84.43862
   136  H   1.0   0.080   0.998    55.18378    95.27053    83.42006
   137  H   1.0   0.080   0.998    55.53527    96.21351    86.64582
   138  H   1.0   0.080   0.998    51.34196   100.09500    84.03611
   139  H   1.0   0.080   0.997    48.37887    98.76275    85.05845
   140  H   1.0   0.080   0.999    49.87176    97.98985    82.18040
 
  Z AO/shell   Hii/eV     exponent
  1     Sat Feb 20 21:38:01 CET 2016    EN: 2.327 GAM: 0.473  GM3: 0.0000
     1s    -13.751157    1.051071
  6     Sat Feb 20 21:38:01 CET 2016    EN: 2.731 GAM: 0.422  GM3: 0.0000
     2s    -19.378245    2.021003
     2p    -11.993376    1.497917
  7     Sat Feb 20 21:38:01 CET 2016    EN: 3.573 GAM: 0.504  GM3: 0.0000
     2s    -21.576984    2.275442
     2p    -16.125120    2.056788
  8     Sat Feb 20 21:38:01 CET 2016    EN: 3.700 GAM: 0.587  GM3: 0.0000
     2s    -21.648843    2.110798
     2p    -17.239740    2.329048
 12     Sat Feb 20 23:25:47 CET 2016    EN: 0.033 GAM: 0.222  GM3: 0.0000
     3s    -12.693633    1.302878
     3p     -8.128821    0.504252
 
 dipole moment of classical point charges (au)
     X       Y       Z   
   0.1872  -1.2161   0.7281  total (Debye):    3.634

 
 Nbf   :          338
 T(el) :   300.0
 calculating S/T integrals ...
 cpu time for ints   0.182424000000000     
 Nao   :          338
 making H0...
 making H1...
 cpu time for H      7.837999999999984E-003
 solving ...
 cpu time for diag   6.675000000000003E-002
 
 gap (eV)           :   1.225
 Koopmans IP (eV)   :  12.173
 Eel (Eh)           :  -268.319724
 T,E(Fermi),NFOD :    300.000   -11.560  0.000000
 T,E(Fermi),NFOD :    300.000   -11.560  0.000000
 Nfod               :  0.0000
 Nfod/Nel           :  0.0000

          eigenvalues
 #    :         164        165        166        167        168        169        170        171
 occ. :        2.000      2.000      2.000      2.000      2.000      2.000      2.000      2.000
 eps  :       -16.326    -16.196    -16.022    -15.894    -15.776    -15.562    -15.473    -14.957
 #    :         172        173        174        175        176        177        178        179
 occ. :        2.000      2.000      2.000      2.000      2.000      0.000      0.000      0.000
 eps  :       -14.947    -14.864    -14.645    -13.238    -12.174    -10.949     -9.735     -8.716
 #    :         180        181        182        183        184        185        186        187
 occ. :        0.000      0.000      0.000      0.000      0.000      0.000      0.000      0.000
 eps  :        -8.361     -8.279     -7.953     -7.628     -7.600     -7.461     -7.196     -7.070
                            1  SCC done.
 making H1...
 cpu time for H      8.102700000000002E-002
 solving ...
 cpu time for diag   3.734500000000002E-002
 
 gap (eV)           :   1.505
 Koopmans IP (eV)   :  12.062
 Eel (Eh)           :  -265.538371
 T,E(Fermi),NFOD :    300.000   -11.310  0.000000
 T,E(Fermi),NFOD :    300.000   -11.310  0.000000
 Nfod               :  0.0000
 Nfod/Nel           :  0.0000

          eigenvalues
 #    :         164        165        166        167        168        169        170        171
 occ. :        2.000      2.000      2.000      2.000      2.000      2.000      2.000      2.000
 eps  :       -15.247    -15.236    -15.057    -14.816    -14.723    -14.501    -14.393    -14.284
 #    :         172        173        174        175        176        177        178        179
 occ. :        2.000      2.000      2.000      2.000      2.000      0.000      0.000      0.000
 eps  :       -14.133    -13.890    -13.827    -12.636    -12.063    -10.558     -9.110     -8.315
 #    :         180        181        182        183        184        185        186        187
 occ. :        0.000      0.000      0.000      0.000      0.000      0.000      0.000      0.000
 eps  :        -8.193     -8.056     -7.958     -7.590     -7.520     -7.287     -7.018     -6.880
                            2  SCC done.
 
 
 Mulliken/CM5 charges    n(s)   n(p)   n(d)   
    1 MG  0.3036  0.7716   0.661  1.035  0.000
    2 C   0.0232  0.0270   1.168  2.809  0.000
    3 C  -0.0179 -0.0595   1.129  2.889  0.000
    4 C  -0.0306 -0.0718   1.127  2.904  0.000
    5 C  -0.0423 -0.0851   1.124  2.919  0.000
    6 N  -0.1307 -0.3628   1.419  3.711  0.000
    7 C   0.0509  0.1154   1.206  2.743  0.000
    8 C  -0.0249 -0.0766   1.200  2.825  0.000
    9 C  -0.0276 -0.0844   1.206  2.821  0.000
   10 C   0.0311  0.0883   1.242  2.727  0.000
   11 C  -0.0967 -0.2449   1.118  2.979  0.000
   12 C  -0.0626 -0.1699   1.161  2.901  0.000
   13 C  -0.0762 -0.1773   1.153  2.923  0.000
   14 C   0.2081  0.2562   1.201  2.591  0.000
   15 O  -0.2500 -0.3063   1.631  4.619  0.000
   16 O  -0.1402 -0.2193   1.500  4.640  0.000
   17 N  -0.2200 -0.4999   1.378  3.842  0.000
   18 C   0.0510  0.1224   1.171  2.778  0.000
   19 C  -0.0322 -0.0353   1.225  2.808  0.000
   20 C  -0.0654 -0.0602   1.206  2.860  0.000
   21 C   0.0453  0.1094   1.199  2.756  0.000
   22 C  -0.0888 -0.2342   1.087  3.002  0.000
   23 C   0.1693  0.1945   1.196  2.635  0.000
   24 O  -0.2309 -0.2829   1.622  4.609  0.000
   25 C  -0.0993 -0.2418   1.092  3.008  0.000
   26 N  -0.1916 -0.4815   1.411  3.781  0.000
   27 C   0.0261  0.0765   1.242  2.732  0.000
   28 C  -0.0053 -0.0636   1.197  2.809  0.000
   29 C  -0.0254 -0.0797   1.215  2.810  0.000
   30 C   0.0537  0.1140   1.205  2.742  0.000
   31 C  -0.0835 -0.2313   1.100  2.984  0.000
   32 C  -0.0745 -0.1861   1.152  2.923  0.000
   33 C  -0.0899 -0.2432   1.090  3.000  0.000
   34 N  -0.2101 -0.5037   1.398  3.812  0.000
   35 C   0.0251  0.0848   1.197  2.778  0.000
   36 C  -0.0208 -0.0275   1.222  2.799  0.000
   37 C  -0.0455 -0.0385   1.184  2.861  0.000
   38 C   0.0113  0.0736   1.213  2.776  0.000
   39 C  -0.0560 -0.1998   1.078  2.978  0.000
   40 C   0.1250  0.1568   1.223  2.652  0.000
   41 O  -0.2246 -0.2640   1.638  4.587  0.000
   42 C  -0.0323 -0.0752   1.198  2.834  0.000
   43 C   0.2415  0.2987   1.153  2.606  0.000
   44 O  -0.2967 -0.3412   1.623  4.674  0.000
   45 O  -0.1476 -0.2308   1.468  4.679  0.000
   46 C   0.0195 -0.1052   1.090  2.890  0.000
   47 C   0.0449 -0.0339   1.134  2.821  0.000
   48 C  -0.0751 -0.1299   1.173  2.902  0.000
   49 C  -0.0406 -0.0632   1.238  2.802  0.000
   50 C  -0.0996 -0.2447   1.093  3.006  0.000
   51 C  -0.0624 -0.1686   1.149  2.913  0.000
   52 C  -0.0643 -0.1752   1.161  2.904  0.000
   53 C  -0.0614 -0.1721   1.146  2.915  0.000
   54 C  -0.0049 -0.0788   1.180  2.825  0.000
   55 C  -0.0962 -0.2466   1.093  3.003  0.000
   56 C  -0.0834 -0.1938   1.161  2.923  0.000
   57 C  -0.0572 -0.1701   1.149  2.908  0.000
   58 C  -0.0821 -0.1957   1.152  2.930  0.000
   59 C  -0.0276 -0.1009   1.207  2.821  0.000
   60 C  -0.1195 -0.2698   1.115  3.004  0.000
   61 C  -0.0675 -0.1779   1.157  2.910  0.000
   62 C  -0.0730 -0.1848   1.166  2.907  0.000
   63 C  -0.0644 -0.1736   1.164  2.901  0.000
   64 C  -0.0215 -0.0955   1.201  2.821  0.000
   65 C  -0.1005 -0.2510   1.104  2.997  0.000
   66 C  -0.1216 -0.2727   1.114  3.008  0.000
   67 H   0.0524  0.1114   0.948  0.000  0.000
   68 H   0.0565  0.1222   0.943  0.000  0.000
   69 H   0.0617  0.1207   0.938  0.000  0.000
   70 H   0.0569  0.1269   0.943  0.000  0.000
   71 H   0.0488  0.1089   0.951  0.000  0.000
   72 H   0.0468  0.1035   0.953  0.000  0.000
   73 H   0.0341  0.0875   0.966  0.000  0.000
   74 H   0.0356  0.0867   0.964  0.000  0.000
   75 H   0.0350  0.0912   0.965  0.000  0.000
   76 H   0.0425  0.1011   0.957  0.000  0.000
   77 H   0.0377  0.0989   0.962  0.000  0.000
   78 H   0.0414  0.1024   0.959  0.000  0.000
   79 H   0.0501  0.1022   0.950  0.000  0.000
   80 H   0.0454  0.0981   0.955  0.000  0.000
   81 H   0.0388  0.0925   0.961  0.000  0.000
   82 H   0.0420  0.0956   0.958  0.000  0.000
   83 H   0.0537  0.1065   0.946  0.000  0.000
   84 H   0.0421  0.0972   0.958  0.000  0.000
   85 H   0.0573  0.1177   0.943  0.000  0.000
   86 H   0.0544  0.1153   0.946  0.000  0.000
   87 H   0.0446  0.0976   0.955  0.000  0.000
   88 H   0.0332  0.0859   0.967  0.000  0.000
   89 H   0.0378  0.0894   0.962  0.000  0.000
   90 H   0.0366  0.0944   0.963  0.000  0.000
   91 H   0.0288  0.0851   0.971  0.000  0.000
   92 H   0.0327  0.0845   0.967  0.000  0.000
   93 H   0.0292  0.0832   0.971  0.000  0.000
   94 H   0.0381  0.0897   0.962  0.000  0.000
   95 H   0.0570  0.1099   0.943  0.000  0.000
   96 H   0.0532  0.1075   0.947  0.000  0.000
   97 H   0.0516  0.1044   0.948  0.000  0.000
   98 H   0.0579  0.1253   0.942  0.000  0.000
   99 H   0.0559  0.1159   0.944  0.000  0.000
  100 H   0.0508  0.1100   0.949  0.000  0.000
  101 H   0.0559  0.1128   0.944  0.000  0.000
  102 H   0.0584  0.1210   0.942  0.000  0.000
  103 H   0.0618  0.1281   0.938  0.000  0.000
  104 H   0.0381  0.0991   0.962  0.000  0.000
  105 H   0.0416  0.0934   0.958  0.000  0.000
  106 H   0.0349  0.0864   0.965  0.000  0.000
  107 H   0.0442  0.0971   0.956  0.000  0.000
  108 H   0.0341  0.0908   0.966  0.000  0.000
  109 H   0.0480  0.1037   0.952  0.000  0.000
  110 H   0.0359  0.0926   0.964  0.000  0.000
  111 H   0.0430  0.0995   0.957  0.000  0.000
  112 H   0.0392  0.0974   0.961  0.000  0.000
  113 H   0.0358  0.0926   0.964  0.000  0.000
  114 H   0.0357  0.0968   0.964  0.000  0.000
  115 H   0.0324  0.0852   0.968  0.000  0.000
  116 H   0.0340  0.0857   0.966  0.000  0.000
  117 H   0.0299  0.0829   0.970  0.000  0.000
  118 H   0.0405  0.0963   0.960  0.000  0.000
  119 H   0.0290  0.0863   0.971  0.000  0.000
  120 H   0.0456  0.1028   0.954  0.000  0.000
  121 H   0.0483  0.1079   0.952  0.000  0.000
  122 H   0.0222  0.0802   0.978  0.000  0.000
  123 H   0.0252  0.0816   0.975  0.000  0.000
  124 H   0.0312  0.0925   0.969  0.000  0.000
  125 H   0.0329  0.0843   0.967  0.000  0.000
  126 H   0.0381  0.0888   0.962  0.000  0.000
  127 H   0.0191  0.0701   0.981  0.000  0.000
  128 H   0.0329  0.0891   0.967  0.000  0.000
  129 H   0.0366  0.0940   0.963  0.000  0.000
  130 H   0.0440  0.1002   0.956  0.000  0.000
  131 H   0.0367  0.0936   0.963  0.000  0.000
  132 H   0.0355  0.0916   0.965  0.000  0.000
  133 H   0.0436  0.0991   0.956  0.000  0.000
  134 H   0.0381  0.0976   0.962  0.000  0.000
  135 H   0.0362  0.0892   0.964  0.000  0.000
  136 H   0.0365  0.0881   0.963  0.000  0.000
  137 H   0.0293  0.0817   0.971  0.000  0.000
  138 H   0.0305  0.0825   0.969  0.000  0.000
  139 H   0.0317  0.0834   0.968  0.000  0.000
  140 H   0.0258  0.0777   0.974  0.000  0.000
 Hirshfeld charges for QMDFF written to <charges>
 
 Loewdin charges    n(s)   n(p)   n(d)
    1 MG  0.1413   0.673  1.185  0.000
    2 C   0.0247   1.127  2.849  0.000
    3 C  -0.0156   1.077  2.938  0.000
    4 C  -0.0282   1.074  2.954  0.000
    5 C  -0.0394   1.070  2.969  0.000
    6 N  -0.0995   1.378  3.722  0.000
    7 C   0.0518   1.168  2.780  0.000
    8 C  -0.0182   1.153  2.865  0.000
    9 C  -0.0200   1.160  2.860  0.000
   10 C   0.0351   1.207  2.758  0.000
   11 C  -0.0983   1.047  3.051  0.000
   12 C  -0.0583   1.103  2.955  0.000
   13 C  -0.0780   1.096  2.982  0.000
   14 C   0.1869   1.176  2.637  0.000
   15 O  -0.2358   1.602  4.634  0.000
   16 O  -0.1063   1.466  4.640  0.000
   17 N  -0.1870   1.333  3.854  0.000
   18 C   0.0516   1.132  2.817  0.000
   19 C  -0.0245   1.184  2.840  0.000
   20 C  -0.0730   1.170  2.903  0.000
   21 C   0.0505   1.159  2.790  0.000
   22 C  -0.0912   1.014  3.077  0.000
   23 C   0.1664   1.160  2.673  0.000
   24 O  -0.2141   1.591  4.624  0.000
   25 C  -0.1069   1.020  3.087  0.000
   26 N  -0.1533   1.366  3.788  0.000
   27 C   0.0333   1.204  2.762  0.000
   28 C   0.0042   1.148  2.848  0.000
   29 C  -0.0186   1.169  2.849  0.000
   30 C   0.0590   1.166  2.775  0.000
   31 C  -0.0857   1.028  3.058  0.000
   32 C  -0.0712   1.093  2.978  0.000
   33 C  -0.0916   1.017  3.075  0.000
   34 N  -0.1771   1.356  3.821  0.000
   35 C   0.0273   1.159  2.814  0.000
   36 C  -0.0123   1.181  2.831  0.000
   37 C  -0.0538   1.147  2.907  0.000
   38 C   0.0161   1.174  2.810  0.000
   39 C  -0.0557   1.002  3.054  0.000
   40 C   0.1199   1.191  2.690  0.000
   41 O  -0.2104   1.610  4.601  0.000
   42 C  -0.0328   1.151  2.882  0.000
   43 C   0.2162   1.126  2.658  0.000
   44 O  -0.2840   1.593  4.691  0.000
   45 O  -0.1114   1.433  4.679  0.000
   46 C   0.0134   1.020  2.967  0.000
   47 C   0.0439   1.078  2.878  0.000
   48 C  -0.0726   1.125  2.948  0.000
   49 C  -0.0314   1.199  2.832  0.000
   50 C  -0.1015   1.021  3.081  0.000
   51 C  -0.0587   1.091  2.968  0.000
   52 C  -0.0601   1.103  2.957  0.000
   53 C  -0.0588   1.087  2.971  0.000
   54 C   0.0070   1.130  2.863  0.000
   55 C  -0.1003   1.021  3.079  0.000
   56 C  -0.0830   1.105  2.978  0.000
   57 C  -0.0523   1.090  2.962  0.000
   58 C  -0.0812   1.094  2.987  0.000
   59 C  -0.0173   1.160  2.858  0.000
   60 C  -0.1238   1.046  3.078  0.000
   61 C  -0.0644   1.100  2.965  0.000
   62 C  -0.0688   1.110  2.959  0.000
   63 C  -0.0605   1.107  2.954  0.000
   64 C  -0.0097   1.152  2.857  0.000
   65 C  -0.1048   1.033  3.072  0.000
   66 C  -0.1272   1.044  3.083  0.000
   67 H   0.0475   0.952  0.000  0.000
   68 H   0.0505   0.950  0.000  0.000
   69 H   0.0567   0.943  0.000  0.000
   70 H   0.0493   0.951  0.000  0.000
   71 H   0.0431   0.957  0.000  0.000
   72 H   0.0455   0.954  0.000  0.000
   73 H   0.0337   0.966  0.000  0.000
   74 H   0.0357   0.964  0.000  0.000
   75 H   0.0325   0.968  0.000  0.000
   76 H   0.0402   0.960  0.000  0.000
   77 H   0.0345   0.965  0.000  0.000
   78 H   0.0386   0.961  0.000  0.000
   79 H   0.0492   0.951  0.000  0.000
   80 H   0.0452   0.955  0.000  0.000
   81 H   0.0388   0.961  0.000  0.000
   82 H   0.0431   0.957  0.000  0.000
   83 H   0.0530   0.947  0.000  0.000
   84 H   0.0411   0.959  0.000  0.000
   85 H   0.0509   0.949  0.000  0.000
   86 H   0.0486   0.951  0.000  0.000
   87 H   0.0437   0.956  0.000  0.000
   88 H   0.0339   0.966  0.000  0.000
   89 H   0.0371   0.963  0.000  0.000
   90 H   0.0359   0.964  0.000  0.000
   91 H   0.0279   0.972  0.000  0.000
   92 H   0.0324   0.968  0.000  0.000
   93 H   0.0302   0.970  0.000  0.000
   94 H   0.0377   0.962  0.000  0.000
   95 H   0.0539   0.946  0.000  0.000
   96 H   0.0524   0.948  0.000  0.000
   97 H   0.0498   0.950  0.000  0.000
   98 H   0.0502   0.950  0.000  0.000
   99 H   0.0512   0.949  0.000  0.000
  100 H   0.0470   0.953  0.000  0.000
  101 H   0.0525   0.947  0.000  0.000
  102 H   0.0509   0.949  0.000  0.000
  103 H   0.0542   0.946  0.000  0.000
  104 H   0.0313   0.969  0.000  0.000
  105 H   0.0408   0.959  0.000  0.000
  106 H   0.0347   0.965  0.000  0.000
  107 H   0.0434   0.957  0.000  0.000
  108 H   0.0317   0.968  0.000  0.000
  109 H   0.0449   0.955  0.000  0.000
  110 H   0.0332   0.967  0.000  0.000
  111 H   0.0408   0.959  0.000  0.000
  112 H   0.0369   0.963  0.000  0.000
  113 H   0.0334   0.967  0.000  0.000
  114 H   0.0301   0.970  0.000  0.000
  115 H   0.0327   0.967  0.000  0.000
  116 H   0.0342   0.966  0.000  0.000
  117 H   0.0306   0.969  0.000  0.000
  118 H   0.0391   0.961  0.000  0.000
  119 H   0.0278   0.972  0.000  0.000
  120 H   0.0424   0.958  0.000  0.000
  121 H   0.0459   0.954  0.000  0.000
  122 H   0.0217   0.978  0.000  0.000
  123 H   0.0239   0.976  0.000  0.000
  124 H   0.0272   0.973  0.000  0.000
  125 H   0.0331   0.967  0.000  0.000
  126 H   0.0386   0.961  0.000  0.000
  127 H   0.0207   0.979  0.000  0.000
  128 H   0.0306   0.969  0.000  0.000
  129 H   0.0344   0.966  0.000  0.000
  130 H   0.0416   0.958  0.000  0.000
  131 H   0.0344   0.966  0.000  0.000
  132 H   0.0330   0.967  0.000  0.000
  133 H   0.0407   0.959  0.000  0.000
  134 H   0.0333   0.967  0.000  0.000
  135 H   0.0371   0.963  0.000  0.000
  136 H   0.0361   0.964  0.000  0.000
  137 H   0.0301   0.970  0.000  0.000
  138 H   0.0321   0.968  0.000  0.000
  139 H   0.0323   0.968  0.000  0.000
  140 H   0.0270   0.973  0.000  0.000
 
 Wiberg/Mayer (AO) data. WBOs > 0.1 written file <wbo>
 largest (>0.05) Wiberg bond orders for each atom
           total WBO             WBO to atom ...
     1  MG  2.539    N   34 0.547    N   26 0.474    N   17 0.463    N    6 0.333    C   27 0.057    C   38 0.057    C   21 0.051    C   30 0.050
     2  C   3.901    C    7 1.458    C   38 1.200    C   42 0.926
     3  C   3.908    C   10 1.394    C   18 1.277    H   67 0.940
     4  C   3.936    C   27 1.484    C   21 1.235    H   68 0.927
     5  C   3.920    C   30 1.465    C   35 1.244    H   69 0.930
     6  N   3.316    C   10 1.259    C    7 1.241    MG   1 0.333    C   38 0.054
     7  C   3.889    C    2 1.458    N    6 1.241    C    8 0.934
     8  C   3.936    C    9 0.966    C   12 0.938    H   70 0.934    C    7 0.934
     9  C   3.933    C    8 0.966    C   11 0.945    C   10 0.943    H   71 0.943
    10  C   3.847    C    3 1.394    N    6 1.259    C    9 0.943
    11  C   3.965    H   73 0.984    H   74 0.984    H   72 0.976    C    9 0.945
    12  C   3.946    C   13 0.976    H   75 0.965    H   76 0.959    C    8 0.938
    13  C   3.958    C   12 0.976    H   77 0.966    H   78 0.958    C   14 0.905    O   15 0.089
    14  C   3.881    O   15 1.841    O   16 1.089    C   13 0.905
    15  O   2.161    C   14 1.841    O   16 0.162    C   13 0.089
    16  O   2.301    C   14 1.089    C   47 0.957    O   15 0.162
    17  N   3.313    C   18 1.214    C   21 1.188    MG   1 0.463    C   20 0.067    C   19 0.056
    18  C   3.890    C    3 1.277    N   17 1.214    C   19 1.167
    19  C   3.843    C   20 1.403    C   18 1.167    C   22 0.982    O   24 0.058    N   17 0.056
    20  C   3.893    C   19 1.403    C   21 1.159    C   23 0.986    O   24 0.080    N   17 0.067
    21  C   3.867    C    4 1.235    N   17 1.188    C   20 1.159    MG   1 0.051
    22  C   3.978    C   19 0.982    H   80 0.976    H   81 0.974    H   79 0.963
    23  C   3.888    O   24 1.851    C   20 0.986    C   25 0.959
    24  O   2.177    C   23 1.851    C   20 0.080    C   25 0.075    C   19 0.058
    25  C   3.978    H   84 0.969    H   82 0.966    C   23 0.959    H   83 0.955    O   24 0.075
    26  N   3.336    C   30 1.224    C   27 1.157    MG   1 0.474
    27  C   3.846    C    4 1.484    N   26 1.157    C   28 0.925    MG   1 0.057
    28  C   3.935    C   31 0.977    C   29 0.954    H   85 0.941    C   27 0.925
    29  C   3.929    C   28 0.954    H   86 0.936    C   30 0.934    C   32 0.932
    30  C   3.878    C    5 1.465    N   26 1.224    C   29 0.934    MG   1 0.050
    31  C   3.970    H   89 0.979    C   28 0.977    H   88 0.976    H   87 0.974
    32  C   3.946    C   33 1.014    H   91 0.965    H   90 0.960    C   29 0.932
    33  C   3.985    C   32 1.014    H   92 0.983    H   94 0.981    H   93 0.978
    34  N   3.313    C   35 1.157    C   38 1.154    MG   1 0.547    C   37 0.062    C   36 0.052
    35  C   3.870    C    5 1.244    C   36 1.207    N   34 1.157
    36  C   3.840    C   37 1.307    C   35 1.207    C   39 1.007    O   41 0.053    N   34 0.052
    37  C   3.902    C   36 1.307    C   38 1.199    C   40 1.086    O   41 0.067    N   34 0.062
    38  C   3.873    C    2 1.200    C   37 1.199    N   34 1.154    MG   1 0.057    N    6 0.054
    39  C   3.980    C   36 1.007    H   95 0.970    H   96 0.968    H   97 0.959
    40  C   3.878    O   41 1.819    C   37 1.086    C   42 0.819
    41  O   2.170    C   40 1.819    C   42 0.094    C   37 0.067    C   36 0.053
    42  C   3.940    C   43 0.955    H   98 0.933    C    2 0.926    C   40 0.819    O   41 0.094    O   44 0.065
    43  C   3.909    O   44 1.780    O   45 1.111    C   42 0.955
    44  O   2.097    C   43 1.780    O   45 0.170    C   42 0.065
    45  O   2.316    C   43 1.111    C   46 0.959    O   44 0.170
    46  C   3.934    H  101 0.989    H  100 0.986    H   99 0.984    O   45 0.959
    47  C   3.925    C   48 0.970    H  102 0.961    H  103 0.958    O   16 0.957
    48  C   3.954    C   49 1.921    C   47 0.970    H  104 0.939
    49  C   3.921    C   48 1.921    C   51 0.961    C   50 0.956
    50  C   3.987    H  106 0.982    H  107 0.981    H  105 0.976    C   49 0.956
    51  C   3.960    C   52 0.966    H  108 0.963    C   49 0.961    H  109 0.957
    52  C   3.960    C   53 0.974    H  110 0.972    C   51 0.966    H  111 0.966
    53  C   3.969    C   54 1.000    C   52 0.974    H  113 0.961    H  112 0.959
    54  C   3.951    C   53 1.000    C   55 0.994    C   56 0.953    H  114 0.946
    55  C   3.983    C   54 0.994    H  117 0.979    H  115 0.979    H  116 0.975
    56  C   3.952    C   57 0.985    H  119 0.965    H  118 0.955    C   54 0.953
    57  C   3.968    C   56 0.985    C   58 0.981    H  120 0.967    H  121 0.960
    58  C   3.961    C   59 0.990    C   57 0.981    H  123 0.963    H  122 0.954
    59  C   3.937    C   58 0.990    C   61 0.977    C   60 0.952    H  124 0.949
    60  C   3.967    H  127 0.986    H  125 0.982    H  126 0.980    C   59 0.952
    61  C   3.964    C   62 0.981    C   59 0.977    H  128 0.969    H  129 0.961
    62  C   3.961    C   61 0.981    H  131 0.974    C   63 0.970    H  130 0.963
    63  C   3.959    C   64 0.976    C   62 0.970    H  132 0.967    H  133 0.962
    64  C   3.942    C   65 0.993    C   66 0.977    C   63 0.976    H  134 0.957
    65  C   3.981    C   64 0.993    H  136 0.981    H  137 0.979    H  135 0.974
    66  C   3.974    H  140 0.983    H  139 0.978    C   64 0.977    H  138 0.975
    67  H   0.995    C    3 0.940
    68  H   0.993    C    4 0.927
    69  H   0.993    C    5 0.930
    70  H   0.994    C    8 0.934
    71  H   0.993    C    9 0.943
    72  H   0.996    C   11 0.976
    73  H   0.997    C   11 0.984
    74  H   0.997    C   11 0.984
    75  H   0.997    C   12 0.965
    76  H   0.995    C   12 0.959
    77  H   0.997    C   13 0.966
    78  H   0.998    C   13 0.958
    79  H   0.991    C   22 0.963
    80  H   0.996    C   22 0.976
    81  H   0.996    C   22 0.974
    82  H   0.998    C   25 0.966
    83  H   0.996    C   25 0.955
    84  H   0.996    C   25 0.969
    85  H   0.994    C   28 0.941
    86  H   0.995    C   29 0.936
    87  H   0.997    C   31 0.974
    88  H   0.997    C   31 0.976
    89  H   0.997    C   31 0.979
    90  H   0.998    C   32 0.960
    91  H   0.998    C   32 0.965
    92  H   0.998    C   33 0.983
    93  H   0.999    C   33 0.978
    94  H   0.997    C   33 0.981
    95  H   0.993    C   39 0.970
    96  H   0.993    C   39 0.968
    97  H   0.991    C   39 0.959
    98  H   0.993    C   42 0.933
    99  H   0.997    C   46 0.984
   100  H   0.997    C   46 0.986
   101  H   0.996    C   46 0.989
   102  H   0.996    C   47 0.961
   103  H   0.995    C   47 0.958
   104  H   0.999    C   48 0.939
   105  H   0.998    C   50 0.976
   106  H   0.999    C   50 0.982
   107  H   0.998    C   50 0.981
   108  H   0.999    C   51 0.963
   109  H   0.997    C   51 0.957
   110  H   0.999    C   52 0.972
   111  H   0.997    C   52 0.966
   112  H   0.998    C   53 0.959
   113  H   0.998    C   53 0.961
   114  H   0.998    C   54 0.946
   115  H   0.999    C   55 0.979
   116  H   0.998    C   55 0.975
   117  H   0.999    C   55 0.979
   118  H   0.998    C   56 0.955
   119  H   0.998    C   56 0.965
   120  H   0.997    C   57 0.967
   121  H   0.998    C   57 0.960
   122  H   0.999    C   58 0.954
   123  H   0.999    C   58 0.963
   124  H   0.999    C   59 0.949
   125  H   0.998    C   60 0.982
   126  H   0.998    C   60 0.980
   127  H   0.999    C   60 0.986
   128  H   0.998    C   61 0.969
   129  H   0.999    C   61 0.961
   130  H   0.998    C   62 0.963
   131  H   0.998    C   62 0.974
   132  H   0.998    C   63 0.967
   133  H   0.998    C   63 0.962
   134  H   0.999    C   64 0.957
   135  H   0.999    C   65 0.974
   136  H   0.999    C   65 0.981
   137  H   0.999    C   65 0.979
   138  H   0.999    C   66 0.975
   139  H   0.999    C   66 0.978
   140  H   0.999    C   66 0.983
 
 --------------------------------------------
          xTB calculation for sTDA...
 --------------------------------------------
 
 reading parameter file ~/.param_stda2.xtb
 
      method parameters     
 k(s)        :  1.6000
 k(p)        :  2.1800
 k(d)        :  1.9500
 k(f)        :  2.0000
 k(R-V)      :  2.2750
 k(R-R)      :  1.7650
 Tscal       :  0.2580
 Gscal       :  1.0000
 fpol        :  1.0000
 Zcnf        :  0.3430
 Zqf         :  0.0000
 kcn         :  2.7000
 Ryd Hsplit  :  0.7000
 lshift(virt):  3.1000
 lshift(OS)  :  0.2000
 wllscaling  :  2.6000
 
 mowrcut     : 3.000
 
  Z AO/shell   Hii/eV     exponent
  1     Sun Feb 14 09:53:25 CET 2016    EN: 2.327 GAM: 0.473  GM3: 0.0000
     1s    -14.339618    1.220000
     2sp    -3.348946    0.600000
  6     Sun Feb 14 09:53:25 CET 2016    EN: 2.731 GAM: 0.422  GM3: 0.0000
     2s    -22.009312    1.565095
     2p    -13.020408    1.596905
     3sp    -3.914040    0.824500
  7     Sun Feb 14 09:53:25 CET 2016    EN: 3.573 GAM: 0.504  GM3: 0.0000
     2s    -25.722000    2.064844
     2p    -18.684912    1.801692
     3sp    -4.344791    0.921400
  8     Sun Feb 14 09:53:25 CET 2016    EN: 3.700 GAM: 0.587  GM3: 0.0000
     2s    -33.859000    2.418661
     2p    -22.175911    1.973969
     3sp    -4.259392    1.013700
 12     Sun Feb 21 16:58:31 CET 2016    EN: 0.033 GAM: 0.222  GM3: 0.0000
     3s    -11.092543    1.647583
     3p     -6.929529    0.855020
 
 Nbf   :          894
 T(el) :     0.0
 calculating S/T integrals ...
 cpu time for ints    1.21634800000000     
 Nao   :          894
 making H0...
 making H1...
 cpu time for H      2.139300000000022E-002
 solving ...
 cpu time for diag   0.274932000000000     
 
 gap (eV)           :   4.601
 Koopmans IP (eV)   :  13.348
 Eel (Eh)           :  -301.119565

          eigenvalues
 #    :         164        165        166        167        168        169        170        171
 occ. :        2.000      2.000      2.000      2.000      2.000      2.000      2.000      2.000
 eps  :       -17.324    -17.252    -16.910    -16.526    -16.365    -16.171    -16.045    -15.763
 #    :         172        173        174        175        176        177        178        179
 occ. :        2.000      2.000      2.000      2.000      2.000      0.000      0.000      0.000
 eps  :       -15.623    -15.414    -15.071    -13.870    -13.349     -8.747     -6.985     -6.711
 #    :         180        181        182        183        184        185        186        187
 occ. :        0.000      0.000      0.000      0.000      0.000      0.000      0.000      0.000
 eps  :        -6.451     -6.189     -5.959     -5.675     -5.349     -5.178     -5.035     -4.927
                            1  SCC done.
 writing mo output ...
 molden style : F
 
speedup  1.23
cpu  time for all    2.07 s
wall time for all    1.68 s
