cpu-bind=MASK - bp1-compute064, task 4294967295 4294967295 [0]: mask 0xffffffffffff set
Host:    bp1-compute064.data.bp.acrc.priv
Time:    Tue May  3 12:08:07 BST 2022
Dir:     /user/home/of15641/chlorophyll_parameterization/tddft_data/step_1001_chromophore_10
Job ID:  1692002
Nodelist:
cat: bp1-compute064: No such file or directory
  
Result dir: /user/home/of15641/chlorophyll_parameterization/tddft_data/step_1001_chromophore_10
running gaussian jobs
Running time g16 < CAMB3LYP_step_1001_chromophore_10.com > CAMB3LYP_step_1001_chromophore_10.log

real	26m17.033s
user	617m33.000s
sys	0m28.337s
Running time g16 < PBE0_step_1001_chromophore_10.com > PBE0_step_1001_chromophore_10.log

real	19m23.260s
user	463m9.788s
sys	0m23.118s
Running time g16 < wB97XD_step_1001_chromophore_10.com > wB97XD_step_1001_chromophore_10.log

real	28m15.468s
user	664m46.433s
sys	0m26.680s
Running time g16 < BLYP_step_1001_chromophore_10.com > BLYP_step_1001_chromophore_10.log

real	11m37.776s
user	277m24.912s
sys	0m21.525s
Running time g16 < ZINDO_step_1001_chromophore_10.com > ZINDO_step_1001_chromophore_10.log

real	0m8.443s
user	3m8.525s
sys	0m3.092s
