cpu-bind=MASK - bp1-compute148, task 4294967295 4294967295 [0]: mask 0xffffff00ffffff set
Host:    bp1-compute148.data.bp.acrc.priv
Time:    Tue Apr 26 22:30:03 BST 2022
Dir:     /user/home/of15641/chlorophyll_parameterization/tddft_data/step_1001_chromophore_9
Job ID:  1658072
Nodelist:
cat: bp1-compute148: No such file or directory
  
Result dir: /user/home/of15641/chlorophyll_parameterization/tddft_data/step_1001_chromophore_9
running gaussian jobs
Running time g16 < CAMB3LYP_step_1001_chromophore_9.com > CAMB3LYP_step_1001_chromophore_9.log

real	25m1.668s
user	588m38.514s
sys	0m55.462s
Running time g16 < PBE0_step_1001_chromophore_9.com > PBE0_step_1001_chromophore_9.log

real	20m44.516s
user	494m45.489s
sys	1m4.231s
Running time g16 < wB97XD_step_1001_chromophore_9.com > wB97XD_step_1001_chromophore_9.log

real	25m32.890s
user	601m4.161s
sys	1m6.635s
Running time g16 < BLYP_step_1001_chromophore_9.com > BLYP_step_1001_chromophore_9.log

real	12m40.052s
user	301m42.049s
sys	0m38.223s
Running time g16 < ZINDO_step_1001_chromophore_9.com > ZINDO_step_1001_chromophore_9.log

real	0m8.354s
user	3m5.029s
sys	0m3.126s
