 
        ______________________________________
       |                                      |
       |          ===================         |
       |             xTB for sTDA             |
       |          ===================         |
       |               S. Grimme              |
       |        Universitaet Bonn, MCTC       |
       |         2015-19, Version 1.0         |
       |     Wed Apr  3 09:14:55 CEST 2019    |
       |______________________________________|
 
        This code comes without any warranty
        for non-commercial, academia use only.
        Preliminary test version.
        Cite this work as:
        S. Grimme  &  C. Bannwarth, JCP 145 (2016) 054103
        if GBSA is used additionally:
        P. Shushkov, F. März, C. Bannwarth, S. Grimme, unpublished.
 
        with help from
        P. Shushkov, G. Brandenburg, S. Dohm, J. Pisarek,
        F. März, M. Checinski, S. Ehrlich, S. Spicher, 
        P. Pracht, E. Caldeweyher, S. Ehlert, and C. Bannwarth.
 
        usage        :
        xtb4stda <coord_file> [options]
        where <coord_file> is a valid file of TM)
        (*coord, Bohr) or xmol (*xyz, Angstroem)
        format.

        options:
        -chrg <int>   : molecular charge
        -uhf  <int>   : # of unpaired electrons(=2*S)
        -nox          : skip second, extended part in sTDA-xTB
        -pop          : do population analysis
                      : (default for -nox)
        -mowr <real>  : cut MO write above (def.3 Eh)
        -molden       : write formatted molden file
        -parx <file>  : read parameters for sTDA-xTB
                        calc (def:~/.param_stda2.xtb)
        -parv <file>  : read parameters for vTB part in
                        sTDA-xTB (def: ~/.param_stda1.xtb)
        -xtemp <real> : el. temp for xTB (def. 0 K)
        -etemp <real> : el. temp for GFN (def. 300 K)
        -fod          : calculate the FOD and write
                        molden.input file with
                        appropriate occupations
                        for plotting. Def. T=12500 K
 
        -acc <real>   : xTB accuracy (def. 1.0)
        -gbsa [string1] [string2]
                        use GBSA implicit solvent
                        for solvent [string1] and
                        solvation state [string2]=
                        reference, bar1M (default=1M)
        additional GFN/opt/MD/siman options read from
        $XTB4STDAHOME/.xtb4stdarc or $set in input
 
       spin and charge state information can be on:
       <.CHRG> (charge) and <.UHF> (=nalpha-nbeta)
       -uhf and -chrg override the file info.
       useful machine settings:
       setenv MKL_NUM_THREADS <NCORE_ON_YOUR_MACHINE>
       setenv OMP_STACKSIZE 500m
       limit stacksize unlimited
 
       total energies in Eh, gaps/HL energies in eV
       please read REVISION and HOWTO files carefully
 =============================
  # OMP threads =           4
 =============================
 
 xtb4stdahome directory:~/
 
 
 name of molecule           :
 comment line               :
 number of atoms            :   140
 number of electrons        :   352
 charge                     :  0
 spin                       : 0.0
 first test random number   :  0.3988
 
 -----------------------------------------
      charge density (VTB) calculation
 -----------------------------------------
 
      method parameters     
 k(s)        :  1.8000
 k(p)        :  2.8350
 k(d)        :  2.0860
 k(f)        :  2.0000
 Tscal       :  0.3300
 Gscal       :  0.3910
 fpol        :  1.0000
 Zcnf        :  0.6500
 Zqf         :  0.0000
 kcn         :  0.3000
 kEN1        : -0.5900
 wllscal     :  2.6000
 
     -------------------------
     ! NO SOLVENT MODEL USED !
     -------------------------
 
 doing EN charges ...
 sum q :  0.1665335D-14
 point charge moment (au)
     X       Y       Z   
  -0.4809  -0.3506   0.1647  total (Debye):    1.570
 
            Z      q(EN)   CN      Cart. coordinates
     1  MG  2.0   0.820   4.615    77.10838    78.39339    51.32118
     2  C   4.0   0.019   3.222    75.47187    83.08369    55.78093
     3  C   4.0  -0.060   3.178    78.74677    74.52134    55.92077
     4  C   4.0  -0.060   3.140    80.14706    74.81614    46.88788
     5  C   4.0  -0.054   3.156    77.10082    83.54100    46.59497
     6  N   5.0  -0.391   3.156    77.17641    78.89039    55.40488
     7  C   4.0   0.108   3.338    76.03123    80.70642    56.77871
     8  C   4.0  -0.096   4.179    75.80447    79.81258    59.54149
     9  C   4.0  -0.094   4.147    76.77012    77.15751    59.56794
    10  C   4.0   0.089   3.377    77.72065    76.78334    56.80516
    11  C   4.0  -0.237   4.021    78.66740    76.62839    61.82049
    12  C   4.0  -0.161   4.045    73.20798    80.13761    60.92099
    13  C   4.0  -0.169   4.027    72.18753    78.14773    62.92409
    14  C   4.0   0.154   3.066    71.03102    79.13983    65.39397
    15  O   6.0  -0.084   1.032    68.95988    80.26044    65.73034
    16  O   6.0  -0.118   2.051    72.70343    78.77701    67.40652
    17  N   5.0  -0.436   3.220    78.75055    74.88606    51.38543
    18  C   4.0   0.073   3.428    79.25700    73.55191    53.56050
    19  C   4.0   0.012   3.281    80.32469    71.16708    52.83296
    20  C   4.0   0.006   3.213    80.86326    71.15952    50.14766
    21  C   4.0   0.067   3.418    80.01100    73.71065    49.38421
    22  C   4.0  -0.250   4.044    80.95775    69.34538    54.84552
    23  C   4.0   0.132   3.038    81.91206    69.04870    48.41289
    24  O   6.0  -0.125   1.069    82.29568    69.45877    46.24159
    25  C   4.0  -0.249   4.037    82.00466    66.37473    49.31429
    26  N   5.0  -0.342   3.074    78.51433    79.18897    47.31874
    27  C   4.0   0.100   3.333    79.44975    77.21987    45.98648
    28  C   4.0  -0.094   4.129    80.01667    77.94742    43.18213
    29  C   4.0  -0.096   4.151    78.98865    80.70453    43.02528
    30  C   4.0   0.092   3.327    78.16095    81.26200    45.77672
    31  C   4.0  -0.237   4.041    82.74354    77.76789    42.39033
    32  C   4.0  -0.163   4.042    76.78523    81.26955    41.12422
    33  C   4.0  -0.238   4.015    74.15474    80.52122    41.80452
    34  N   5.0  -0.373   3.192    76.44319    82.46008    50.98292
    35  C   4.0   0.085   3.427    76.42052    84.12304    49.01004
    36  C   4.0   0.013   3.296    75.48699    86.53433    49.87365
    37  C   4.0   0.006   3.349    75.07314    86.29434    52.51359
    38  C   4.0   0.069   3.652    75.77234    83.79234    53.10319
    39  C   4.0  -0.247   4.029    75.33015    88.93995    48.42612
    40  C   4.0   0.106   3.169    74.33048    87.56612    54.79071
    41  O   6.0  -0.097   1.042    73.55947    89.70340    55.24047
    42  C   4.0  -0.112   4.187    74.46276    85.52333    57.00169
    43  C   4.0   0.183   3.125    75.89706    86.45685    59.30716
    44  O   6.0  -0.109   1.046    78.11938    86.94440    59.30716
    45  O   6.0  -0.115   2.033    74.26623    86.55701    61.35373
    46  C   4.0  -0.198   4.043    75.46432    87.50376    63.65920
    47  C   4.0  -0.130   4.068    72.50123    80.29446    69.62884
    48  C   4.0  -0.054   3.108    71.63006    78.73543    71.78691
    49  C   4.0   0.021   3.069    70.53402    79.48754    73.93175
    50  C   4.0  -0.253   4.057    69.61183    82.05190    74.49300
    51  C   4.0  -0.174   4.071    69.75734    77.55246    75.99155
    52  C   4.0  -0.164   4.054    71.60928    75.35282    76.64917
    53  C   4.0  -0.167   4.101    72.53524    75.28290    79.43652
    54  C   4.0  -0.090   4.087    71.57337    73.00956    80.74799
    55  C   4.0  -0.238   4.026    72.95665    70.50379    79.94675
    56  C   4.0  -0.164   4.089    68.67075    73.05492    80.76689
    57  C   4.0  -0.164   4.056    67.73723    73.32893    83.50699
    58  C   4.0  -0.163   4.046    68.25690    71.00645    85.09247
    59  C   4.0  -0.086   4.002    65.76246    69.40208    85.84458
    60  C   4.0  -0.237   3.991    64.62107    70.16741    88.58846
    61  C   4.0  -0.162   4.022    66.18576    66.41631    85.42317
    62  C   4.0  -0.163   4.030    65.56971    65.82671    82.57724
    63  C   4.0  -0.163   4.030    63.20377    64.12785    82.15584
    64  C   4.0  -0.087   3.992    60.94933    65.39397    80.50610
    65  C   4.0  -0.237   4.019    59.67377    63.35306    78.75622
    66  C   4.0  -0.239   4.024    58.96890    66.76969    82.19174
    67  H   1.0   0.071   1.011    78.97354    72.99066    57.28704
    68  H   1.0   0.071   1.006    81.05035    73.52168    45.55940
    69  H   1.0   0.071   1.006    76.90429    85.01499    45.16445
    70  H   1.0   0.086   1.014    77.07625    81.18830    60.39753
    71  H   1.0   0.085   1.011    75.17330    75.92541    59.98935
    72  H   1.0   0.080   0.999    78.69953    78.25544    63.08283
    73  H   1.0   0.080   0.999    80.45886    76.03312    60.99657
    74  H   1.0   0.080   0.997    77.95309    75.15251    63.06771
    75  H   1.0   0.082   1.004    71.77179    80.23587    59.44700
    76  H   1.0   0.082   1.003    73.06814    81.95930    61.87341
    77  H   1.0   0.083   1.005    73.82214    76.96476    63.33983
    78  H   1.0   0.081   1.002    70.78913    76.94019    62.01325
    79  H   1.0   0.081   1.002    82.69063    68.42131    54.22569
    80  H   1.0   0.081   1.001    79.46487    67.92809    54.86441
    81  H   1.0   0.080   0.998    81.22231    69.92931    56.80327
    82  H   1.0   0.081   1.003    83.90194    66.24812    50.10230
    83  H   1.0   0.080   0.999    81.52089    65.12185    47.75149
    84  H   1.0   0.080   0.999    80.77067    65.94577    50.90733
    85  H   1.0   0.084   1.009    78.82992    76.90051    41.86310
    86  H   1.0   0.085   1.011    80.29824    82.26355    42.71914
    87  H   1.0   0.080   0.999    83.87738    76.79090    43.80763
    88  H   1.0   0.080   0.999    83.61659    79.62171    42.17490
    89  H   1.0   0.081   1.000    82.73409    76.71342    40.62155
    90  H   1.0   0.082   1.004    77.19342    80.38327    39.31008
    91  H   1.0   0.081   1.003    76.91374    83.25755    40.59887
    92  H   1.0   0.081   1.001    74.20198    79.00566    43.19914
    93  H   1.0   0.079   0.997    72.87350    79.73321    40.39667
    94  H   1.0   0.080   1.001    73.25712    82.26544    42.43569
    95  H   1.0   0.080   0.998    77.12539    89.62214    47.68345
    96  H   1.0   0.081   1.002    75.02779    90.40449    49.84341
    97  H   1.0   0.080   0.999    73.87128    88.86625    46.97292
    98  H   1.0   0.085   1.009    72.50501    85.11326    57.49491
    99  H   1.0   0.082   1.002    75.29613    85.64049    64.51902
   100  H   1.0   0.081   0.996    74.10182    88.87570    64.36785
   101  H   1.0   0.081   0.997    77.37483    88.21052    63.35117
   102  H   1.0   0.082   1.001    71.34849    81.95552    69.23200
   103  H   1.0   0.082   1.005    74.42686    80.78012    70.17497
   104  H   1.0   0.071   1.007    72.15352    76.74366    71.77746
   105  H   1.0   0.081   1.000    69.93309    83.33313    72.91319
   106  H   1.0   0.080   0.999    70.52457    82.80401    76.18052
   107  H   1.0   0.080   0.998    67.58605    82.20686    74.82748
   108  H   1.0   0.082   1.003    67.94699    76.63784    75.64006
   109  H   1.0   0.083   1.005    69.42097    78.51433    77.78112
   110  H   1.0   0.082   1.005    73.42152    75.39251    75.67219
   111  H   1.0   0.083   1.004    70.86283    73.48388    76.21265
   112  H   1.0   0.083   1.004    72.00990    76.97988    80.47776
   113  H   1.0   0.083   1.009    74.56292    74.91819    79.46109
   114  H   1.0   0.085   1.017    72.34060    73.42341    82.61504
   115  H   1.0   0.080   0.997    73.44609    69.26224    81.51522
   116  H   1.0   0.080   0.997    74.72921    70.78913    78.93763
   117  H   1.0   0.080   1.000    71.63195    69.55136    78.68819
   118  H   1.0   0.083   1.004    67.98100    71.30692    79.92407
   119  H   1.0   0.083   1.003    67.63707    74.43631    79.64061
   120  H   1.0   0.082   1.004    65.71711    73.73144    83.51077
   121  H   1.0   0.082   1.004    68.49879    74.87472    84.63705
   122  H   1.0   0.082   1.002    69.36239    71.60739    86.72330
   123  H   1.0   0.083   1.004    69.56081    69.74412    84.11737
   124  H   1.0   0.083   1.007    64.27147    69.93120    84.52555
   125  H   1.0   0.080   0.998    65.66609    71.82659    89.21963
   126  H   1.0   0.080   0.997    64.81004    68.59705    89.90560
   127  H   1.0   0.079   0.997    62.70300    70.85338    88.28422
   128  H   1.0   0.082   1.003    64.75335    65.46389    86.55701
   129  H   1.0   0.081   1.000    68.05281    65.86829    86.10158
   130  H   1.0   0.081   1.004    67.26480    64.83083    81.96119
   131  H   1.0   0.082   1.004    65.22767    67.50668    81.43585
   132  H   1.0   0.082   1.003    62.31182    63.59684    83.93407
   133  H   1.0   0.081   1.002    64.00124    62.39119    81.38672
   134  H   1.0   0.082   1.007    61.60696    66.92653    79.29668
   135  H   1.0   0.080   0.998    57.62152    63.49479    78.85259
   136  H   1.0   0.080   0.997    60.14431    61.38586    79.14928
   137  H   1.0   0.080   0.998    60.16698    63.80093    76.80602
   138  H   1.0   0.080   0.998    59.70022    67.18921    84.07013
   139  H   1.0   0.080   0.997    57.13208    65.84372    82.30890
   140  H   1.0   0.080   1.000    58.88575    68.67075    81.40561
 
  Z AO/shell   Hii/eV     exponent
  1     Sat Feb 20 21:38:01 CET 2016    EN: 2.327 GAM: 0.473  GM3: 0.0000
     1s    -13.751157    1.051071
  6     Sat Feb 20 21:38:01 CET 2016    EN: 2.731 GAM: 0.422  GM3: 0.0000
     2s    -19.378245    2.021003
     2p    -11.993376    1.497917
  7     Sat Feb 20 21:38:01 CET 2016    EN: 3.573 GAM: 0.504  GM3: 0.0000
     2s    -21.576984    2.275442
     2p    -16.125120    2.056788
  8     Sat Feb 20 21:38:01 CET 2016    EN: 3.700 GAM: 0.587  GM3: 0.0000
     2s    -21.648843    2.110798
     2p    -17.239740    2.329048
 12     Sat Feb 20 23:25:47 CET 2016    EN: 0.033 GAM: 0.222  GM3: 0.0000
     3s    -12.693633    1.302878
     3p     -8.128821    0.504252
 
 dipole moment of classical point charges (au)
     X       Y       Z   
  -0.4809  -0.3506   0.1647  total (Debye):    1.570

 
 Nbf   :          338
 T(el) :   300.0
 calculating S/T integrals ...
 cpu time for ints   0.179318000000000     
 Nao   :          338
 making H0...
 making H1...
 cpu time for H      6.021000000000026E-003
 solving ...
 cpu time for diag   5.740100000000004E-002
 
 gap (eV)           :   1.325
 Koopmans IP (eV)   :  12.155
 Eel (Eh)           :  -268.548225
 T,E(Fermi),NFOD :    300.000   -11.493  0.000000
 T,E(Fermi),NFOD :    300.000   -11.493  0.000000
 Nfod               :  0.0000
 Nfod/Nel           :  0.0000

          eigenvalues
 #    :         164        165        166        167        168        169        170        171
 occ. :        2.000      2.000      2.000      2.000      2.000      2.000      2.000      2.000
 eps  :       -16.255    -16.182    -16.088    -15.985    -15.664    -15.516    -15.489    -14.980
 #    :         172        173        174        175        176        177        178        179
 occ. :        2.000      2.000      2.000      2.000      2.000      0.000      0.000      0.000
 eps  :       -14.745    -14.721    -14.615    -13.234    -12.156    -10.831    -10.167     -8.909
 #    :         180        181        182        183        184        185        186        187
 occ. :        0.000      0.000      0.000      0.000      0.000      0.000      0.000      0.000
 eps  :        -8.541     -8.106     -7.955     -7.916     -7.654     -7.437     -7.119     -6.931
                            1  SCC done.
 making H1...
 cpu time for H      7.229000000000002E-002
 solving ...
 cpu time for diag   4.410599999999998E-002
 
 gap (eV)           :   1.591
 Koopmans IP (eV)   :  12.012
 Eel (Eh)           :  -265.593158
 T,E(Fermi),NFOD :    300.000   -11.216  0.000000
 T,E(Fermi),NFOD :    300.000   -11.216  0.000000
 Nfod               :  0.0000
 Nfod/Nel           :  0.0000

          eigenvalues
 #    :         164        165        166        167        168        169        170        171
 occ. :        2.000      2.000      2.000      2.000      2.000      2.000      2.000      2.000
 eps  :       -15.205    -15.097    -15.011    -14.891    -14.580    -14.520    -14.501    -14.418
 #    :         172        173        174        175        176        177        178        179
 occ. :        2.000      2.000      2.000      2.000      2.000      0.000      0.000      0.000
 eps  :       -13.993    -13.952    -13.714    -12.569    -12.013    -10.422     -9.524     -8.828
 #    :         180        181        182        183        184        185        186        187
 occ. :        0.000      0.000      0.000      0.000      0.000      0.000      0.000      0.000
 eps  :        -8.264     -7.895     -7.868     -7.637     -7.405     -7.286     -6.881     -6.854
                            2  SCC done.
 
 
 Mulliken/CM5 charges    n(s)   n(p)   n(d)   
    1 MG  0.3185  0.7309   0.653  1.028  0.000
    2 C  -0.0062 -0.0036   1.189  2.818  0.000
    3 C  -0.0399 -0.0820   1.110  2.930  0.000
    4 C  -0.0249 -0.0667   1.129  2.896  0.000
    5 C  -0.0074 -0.0480   1.119  2.889  0.000
    6 N  -0.1800 -0.4420   1.401  3.779  0.000
    7 C   0.0465  0.1101   1.222  2.732  0.000
    8 C  -0.0168 -0.0719   1.189  2.827  0.000
    9 C  -0.0197 -0.0772   1.189  2.830  0.000
   10 C   0.0219  0.0792   1.224  2.754  0.000
   11 C  -0.0957 -0.2448   1.110  2.985  0.000
   12 C  -0.0611 -0.1682   1.162  2.899  0.000
   13 C  -0.0521 -0.1532   1.146  2.907  0.000
   14 C   0.1949  0.2402   1.214  2.591  0.000
   15 O  -0.2472 -0.2901   1.637  4.610  0.000
   16 O  -0.1589 -0.2391   1.469  4.690  0.000
   17 N  -0.2238 -0.5085   1.377  3.847  0.000
   18 C   0.0154  0.0733   1.182  2.803  0.000
   19 C  -0.0416 -0.0472   1.214  2.828  0.000
   20 C  -0.0812 -0.0765   1.234  2.848  0.000
   21 C   0.0102  0.0678   1.226  2.764  0.000
   22 C  -0.0783 -0.2237   1.076  3.002  0.000
   23 C   0.1816  0.2078   1.191  2.627  0.000
   24 O  -0.2210 -0.2781   1.609  4.612  0.000
   25 C  -0.0871 -0.2289   1.092  2.996  0.000
   26 N  -0.1370 -0.3744   1.416  3.721  0.000
   27 C   0.0348  0.0961   1.228  2.737  0.000
   28 C  -0.0069 -0.0647   1.189  2.817  0.000
   29 C  -0.0347 -0.0916   1.213  2.822  0.000
   30 C   0.0376  0.0941   1.237  2.726  0.000
   31 C  -0.0817 -0.2296   1.097  2.984  0.000
   32 C  -0.0548 -0.1664   1.143  2.912  0.000
   33 C  -0.0909 -0.2422   1.083  3.008  0.000
   34 N  -0.2125 -0.4667   1.396  3.816  0.000
   35 C   0.0497  0.1138   1.177  2.774  0.000
   36 C   0.0144  0.0097   1.210  2.776  0.000
   37 C  -0.0482 -0.0416   1.172  2.876  0.000
   38 C   0.0196  0.0854   1.216  2.764  0.000
   39 C  -0.0741 -0.2178   1.075  2.999  0.000
   40 C   0.1499  0.1819   1.197  2.653  0.000
   41 O  -0.2306 -0.2731   1.632  4.598  0.000
   42 C  -0.0549 -0.0974   1.213  2.842  0.000
   43 C   0.2323  0.2866   1.178  2.590  0.000
   44 O  -0.2485 -0.2980   1.623  4.626  0.000
   45 O  -0.1610 -0.2569   1.498  4.663  0.000
   46 C   0.0064 -0.1169   1.115  2.878  0.000
   47 C   0.0621 -0.0155   1.118  2.820  0.000
   48 C  -0.0715 -0.1279   1.152  2.919  0.000
   49 C  -0.0178 -0.0411   1.199  2.819  0.000
   50 C  -0.0890 -0.2348   1.076  3.013  0.000
   51 C  -0.0676 -0.1733   1.146  2.922  0.000
   52 C  -0.0843 -0.1965   1.154  2.931  0.000
   53 C  -0.0670 -0.1808   1.155  2.912  0.000
   54 C  -0.0277 -0.1032   1.192  2.836  0.000
   55 C  -0.1040 -0.2553   1.106  2.998  0.000
   56 C  -0.0622 -0.1724   1.149  2.913  0.000
   57 C  -0.0604 -0.1734   1.145  2.915  0.000
   58 C  -0.0855 -0.1964   1.162  2.923  0.000
   59 C  -0.0639 -0.1351   1.250  2.813  0.000
   60 C  -0.1050 -0.2541   1.110  2.995  0.000
   61 C  -0.0691 -0.1785   1.169  2.900  0.000
   62 C  -0.0583 -0.1698   1.153  2.905  0.000
   63 C  -0.0771 -0.1863   1.169  2.908  0.000
   64 C  -0.0252 -0.0985   1.219  2.806  0.000
   65 C  -0.1027 -0.2519   1.104  2.998  0.000
   66 C  -0.1062 -0.2569   1.106  3.000  0.000
   67 H   0.0537  0.1145   0.946  0.000  0.000
   68 H   0.0571  0.1224   0.943  0.000  0.000
   69 H   0.0508  0.1100   0.949  0.000  0.000
   70 H   0.0515  0.1172   0.948  0.000  0.000
   71 H   0.0526  0.1160   0.947  0.000  0.000
   72 H   0.0413  0.0942   0.959  0.000  0.000
   73 H   0.0392  0.0922   0.961  0.000  0.000
   74 H   0.0356  0.0869   0.964  0.000  0.000
   75 H   0.0322  0.0897   0.968  0.000  0.000
   76 H   0.0406  0.1020   0.959  0.000  0.000
   77 H   0.0403  0.1030   0.960  0.000  0.000
   78 H   0.0501  0.1073   0.950  0.000  0.000
   79 H   0.0405  0.0948   0.960  0.000  0.000
   80 H   0.0453  0.0986   0.955  0.000  0.000
   81 H   0.0554  0.1076   0.945  0.000  0.000
   82 H   0.0542  0.1093   0.946  0.000  0.000
   83 H   0.0560  0.1118   0.944  0.000  0.000
   84 H   0.0398  0.0934   0.960  0.000  0.000
   85 H   0.0518  0.1132   0.948  0.000  0.000
   86 H   0.0547  0.1165   0.945  0.000  0.000
   87 H   0.0405  0.0941   0.960  0.000  0.000
   88 H   0.0380  0.0910   0.962  0.000  0.000
   89 H   0.0392  0.0918   0.961  0.000  0.000
   90 H   0.0215  0.0775   0.978  0.000  0.000
   91 H   0.0374  0.0928   0.963  0.000  0.000
   92 H   0.0366  0.0914   0.963  0.000  0.000
   93 H   0.0372  0.0878   0.963  0.000  0.000
   94 H   0.0297  0.0828   0.970  0.000  0.000
   95 H   0.0489  0.1009   0.951  0.000  0.000
   96 H   0.0455  0.1005   0.954  0.000  0.000
   97 H   0.0516  0.1038   0.948  0.000  0.000
   98 H   0.0524  0.1202   0.948  0.000  0.000
   99 H   0.0523  0.1213   0.948  0.000  0.000
  100 H   0.0545  0.1152   0.946  0.000  0.000
  101 H   0.0659  0.1307   0.934  0.000  0.000
  102 H   0.0614  0.1303   0.939  0.000  0.000
  103 H   0.0548  0.1204   0.945  0.000  0.000
  104 H   0.0357  0.0966   0.964  0.000  0.000
  105 H   0.0388  0.0924   0.961  0.000  0.000
  106 H   0.0394  0.0919   0.961  0.000  0.000
  107 H   0.0402  0.0923   0.960  0.000  0.000
  108 H   0.0415  0.0972   0.958  0.000  0.000
  109 H   0.0367  0.0946   0.963  0.000  0.000
  110 H   0.0261  0.0829   0.974  0.000  0.000
  111 H   0.0348  0.0926   0.965  0.000  0.000
  112 H   0.0385  0.0952   0.961  0.000  0.000
  113 H   0.0370  0.0949   0.963  0.000  0.000
  114 H   0.0333  0.0961   0.967  0.000  0.000
  115 H   0.0374  0.0885   0.963  0.000  0.000
  116 H   0.0365  0.0883   0.964  0.000  0.000
  117 H   0.0259  0.0789   0.974  0.000  0.000
  118 H   0.0315  0.0885   0.969  0.000  0.000
  119 H   0.0478  0.1047   0.952  0.000  0.000
  120 H   0.0314  0.0877   0.969  0.000  0.000
  121 H   0.0376  0.0933   0.962  0.000  0.000
  122 H   0.0306  0.0860   0.969  0.000  0.000
  123 H   0.0311  0.0897   0.969  0.000  0.000
  124 H   0.0292  0.0898   0.971  0.000  0.000
  125 H   0.0325  0.0847   0.968  0.000  0.000
  126 H   0.0380  0.0896   0.962  0.000  0.000
  127 H   0.0388  0.0901   0.961  0.000  0.000
  128 H   0.0343  0.0910   0.966  0.000  0.000
  129 H   0.0416  0.0959   0.958  0.000  0.000
  130 H   0.0369  0.0923   0.963  0.000  0.000
  131 H   0.0415  0.0991   0.958  0.000  0.000
  132 H   0.0308  0.0875   0.969  0.000  0.000
  133 H   0.0371  0.0923   0.963  0.000  0.000
  134 H   0.0392  0.0978   0.961  0.000  0.000
  135 H   0.0333  0.0854   0.967  0.000  0.000
  136 H   0.0346  0.0860   0.965  0.000  0.000
  137 H   0.0329  0.0844   0.967  0.000  0.000
  138 H   0.0324  0.0848   0.968  0.000  0.000
  139 H   0.0370  0.0887   0.963  0.000  0.000
  140 H   0.0353  0.0876   0.965  0.000  0.000
 Hirshfeld charges for QMDFF written to <charges>
 
 Loewdin charges    n(s)   n(p)   n(d)
    1 MG  0.1616   0.664  1.175  0.000
    2 C  -0.0041   1.149  2.855  0.000
    3 C  -0.0369   1.056  2.981  0.000
    4 C  -0.0227   1.077  2.945  0.000
    5 C  -0.0053   1.065  2.940  0.000
    6 N  -0.1439   1.356  3.788  0.000
    7 C   0.0471   1.185  2.768  0.000
    8 C  -0.0087   1.141  2.868  0.000
    9 C  -0.0121   1.141  2.871  0.000
   10 C   0.0275   1.187  2.786  0.000
   11 C  -0.0981   1.039  3.059  0.000
   12 C  -0.0564   1.104  2.952  0.000
   13 C  -0.0533   1.088  2.965  0.000
   14 C   0.1770   1.188  2.635  0.000
   15 O  -0.2359   1.612  4.624  0.000
   16 O  -0.1245   1.435  4.689  0.000
   17 N  -0.1918   1.335  3.857  0.000
   18 C   0.0189   1.141  2.840  0.000
   19 C  -0.0310   1.172  2.859  0.000
   20 C  -0.0897   1.200  2.890  0.000
   21 C   0.0166   1.188  2.795  0.000
   22 C  -0.0804   1.002  3.078  0.000
   23 C   0.1752   1.156  2.669  0.000
   24 O  -0.2013   1.574  4.628  0.000
   25 C  -0.0922   1.018  3.074  0.000
   26 N  -0.1040   1.373  3.731  0.000
   27 C   0.0393   1.191  2.770  0.000
   28 C   0.0022   1.140  2.857  0.000
   29 C  -0.0283   1.167  2.862  0.000
   30 C   0.0403   1.201  2.759  0.000
   31 C  -0.0840   1.025  3.059  0.000
   32 C  -0.0501   1.084  2.967  0.000
   33 C  -0.0925   1.010  3.083  0.000
   34 N  -0.1833   1.355  3.828  0.000
   35 C   0.0498   1.137  2.813  0.000
   36 C   0.0216   1.169  2.809  0.000
   37 C  -0.0561   1.134  2.922  0.000
   38 C   0.0240   1.179  2.797  0.000
   39 C  -0.0744   1.000  3.074  0.000
   40 C   0.1445   1.164  2.692  0.000
   41 O  -0.2153   1.602  4.613  0.000
   42 C  -0.0571   1.167  2.890  0.000
   43 C   0.2082   1.152  2.640  0.000
   44 O  -0.2323   1.591  4.641  0.000
   45 O  -0.1272   1.464  4.663  0.000
   46 C   0.0006   1.044  2.955  0.000
   47 C   0.0594   1.059  2.881  0.000
   48 C  -0.0711   1.103  2.969  0.000
   49 C  -0.0077   1.156  2.851  0.000
   50 C  -0.0924   1.002  3.090  0.000
   51 C  -0.0654   1.087  2.978  0.000
   52 C  -0.0823   1.096  2.986  0.000
   53 C  -0.0636   1.097  2.967  0.000
   54 C  -0.0184   1.144  2.875  0.000
   55 C  -0.1079   1.036  3.072  0.000
   56 C  -0.0599   1.091  2.969  0.000
   57 C  -0.0559   1.086  2.970  0.000
   58 C  -0.0839   1.105  2.978  0.000
   59 C  -0.0566   1.207  2.849  0.000
   60 C  -0.1068   1.039  3.067  0.000
   61 C  -0.0647   1.112  2.952  0.000
   62 C  -0.0533   1.095  2.958  0.000
   63 C  -0.0748   1.113  2.962  0.000
   64 C  -0.0136   1.173  2.841  0.000
   65 C  -0.1060   1.034  3.073  0.000
   66 C  -0.1104   1.036  3.075  0.000
   67 H   0.0496   0.950  0.000  0.000
   68 H   0.0504   0.950  0.000  0.000
   69 H   0.0455   0.955  0.000  0.000
   70 H   0.0448   0.955  0.000  0.000
   71 H   0.0479   0.952  0.000  0.000
   72 H   0.0410   0.959  0.000  0.000
   73 H   0.0385   0.962  0.000  0.000
   74 H   0.0360   0.964  0.000  0.000
   75 H   0.0294   0.971  0.000  0.000
   76 H   0.0368   0.963  0.000  0.000
   77 H   0.0383   0.962  0.000  0.000
   78 H   0.0455   0.955  0.000  0.000
   79 H   0.0399   0.960  0.000  0.000
   80 H   0.0446   0.955  0.000  0.000
   81 H   0.0548   0.945  0.000  0.000
   82 H   0.0534   0.947  0.000  0.000
   83 H   0.0534   0.947  0.000  0.000
   84 H   0.0400   0.960  0.000  0.000
   85 H   0.0456   0.954  0.000  0.000
   86 H   0.0488   0.951  0.000  0.000
   87 H   0.0401   0.960  0.000  0.000
   88 H   0.0379   0.962  0.000  0.000
   89 H   0.0384   0.962  0.000  0.000
   90 H   0.0203   0.980  0.000  0.000
   91 H   0.0352   0.965  0.000  0.000
   92 H   0.0381   0.962  0.000  0.000
   93 H   0.0372   0.963  0.000  0.000
   94 H   0.0297   0.970  0.000  0.000
   95 H   0.0481   0.952  0.000  0.000
   96 H   0.0438   0.956  0.000  0.000
   97 H   0.0499   0.950  0.000  0.000
   98 H   0.0450   0.955  0.000  0.000
   99 H   0.0484   0.952  0.000  0.000
  100 H   0.0502   0.950  0.000  0.000
  101 H   0.0602   0.940  0.000  0.000
  102 H   0.0536   0.946  0.000  0.000
  103 H   0.0480   0.952  0.000  0.000
  104 H   0.0295   0.971  0.000  0.000
  105 H   0.0390   0.961  0.000  0.000
  106 H   0.0391   0.961  0.000  0.000
  107 H   0.0398   0.960  0.000  0.000
  108 H   0.0385   0.961  0.000  0.000
  109 H   0.0352   0.965  0.000  0.000
  110 H   0.0251   0.975  0.000  0.000
  111 H   0.0332   0.967  0.000  0.000
  112 H   0.0362   0.964  0.000  0.000
  113 H   0.0352   0.965  0.000  0.000
  114 H   0.0292   0.971  0.000  0.000
  115 H   0.0373   0.963  0.000  0.000
  116 H   0.0373   0.963  0.000  0.000
  117 H   0.0269   0.973  0.000  0.000
  118 H   0.0299   0.970  0.000  0.000
  119 H   0.0452   0.955  0.000  0.000
  120 H   0.0298   0.970  0.000  0.000
  121 H   0.0354   0.965  0.000  0.000
  122 H   0.0291   0.971  0.000  0.000
  123 H   0.0300   0.970  0.000  0.000
  124 H   0.0257   0.974  0.000  0.000
  125 H   0.0329   0.967  0.000  0.000
  126 H   0.0375   0.962  0.000  0.000
  127 H   0.0384   0.962  0.000  0.000
  128 H   0.0324   0.968  0.000  0.000
  129 H   0.0384   0.962  0.000  0.000
  130 H   0.0341   0.966  0.000  0.000
  131 H   0.0394   0.961  0.000  0.000
  132 H   0.0293   0.971  0.000  0.000
  133 H   0.0347   0.965  0.000  0.000
  134 H   0.0344   0.966  0.000  0.000
  135 H   0.0340   0.966  0.000  0.000
  136 H   0.0347   0.965  0.000  0.000
  137 H   0.0329   0.967  0.000  0.000
  138 H   0.0333   0.967  0.000  0.000
  139 H   0.0371   0.963  0.000  0.000
  140 H   0.0357   0.964  0.000  0.000
 
 Wiberg/Mayer (AO) data. WBOs > 0.1 written file <wbo>
 largest (>0.05) Wiberg bond orders for each atom
           total WBO             WBO to atom ...
     1  MG  2.517    N   17 0.576    N   34 0.479    N    6 0.395    N   26 0.354    C   21 0.058    C   38 0.057    C   10 0.056
     2  C   3.892    C    7 1.445    C   38 1.162    C   42 0.940
     3  C   3.930    C   10 1.435    C   18 1.285    H   67 0.927
     4  C   3.916    C   27 1.428    C   21 1.255    H   68 0.932
     5  C   3.918    C   30 1.414    C   35 1.324    H   69 0.934
     6  N   3.314    C    7 1.239    C   10 1.216    MG   1 0.395
     7  C   3.870    C    2 1.445    N    6 1.239    C    8 0.915
     8  C   3.937    C    9 0.985    C   12 0.941    H   70 0.933    C    7 0.915
     9  C   3.938    C    8 0.985    C   11 0.957    H   71 0.938    C   10 0.916
    10  C   3.856    C    3 1.435    N    6 1.216    C    9 0.916    MG   1 0.056    C   19 0.052
    11  C   3.966    H   74 0.982    H   73 0.980    H   72 0.978    C    9 0.957
    12  C   3.944    H   75 0.971    H   76 0.968    C   13 0.949    C    8 0.941
    13  C   3.959    H   77 0.965    H   78 0.958    C   12 0.949    C   14 0.943    O   15 0.077
    14  C   3.878    O   15 1.829    O   16 1.065    C   13 0.943
    15  O   2.135    C   14 1.829    O   16 0.159    C   13 0.077
    16  O   2.291    C   14 1.065    C   47 0.965    O   15 0.159
    17  N   3.332    C   21 1.160    C   18 1.137    MG   1 0.576    C   20 0.071
    18  C   3.879    C    3 1.285    C   19 1.208    N   17 1.137
    19  C   3.864    C   20 1.378    C   18 1.208    C   22 1.004    C   10 0.052
    20  C   3.847    C   19 1.378    C   21 1.157    C   23 0.944    O   24 0.091    N   17 0.071
    21  C   3.863    C    4 1.255    N   17 1.160    C   20 1.157    MG   1 0.058    N   26 0.054
    22  C   3.979    C   19 1.004    H   79 0.969    H   81 0.968    H   80 0.959
    23  C   3.881    O   24 1.880    C   25 0.965    C   20 0.944
    24  O   2.209    C   23 1.880    C   20 0.091    C   25 0.073
    25  C   3.982    H   84 0.972    H   83 0.965    C   23 0.965    H   82 0.952    O   24 0.073
    26  N   3.335    C   27 1.281    C   30 1.239    MG   1 0.354    C   21 0.054
    27  C   3.866    C    4 1.428    N   26 1.281    C   28 0.906
    28  C   3.941    C   31 0.988    C   29 0.955    H   85 0.944    C   27 0.906
    29  C   3.926    C   28 0.955    C   32 0.944    H   86 0.934    C   30 0.930
    30  C   3.846    C    5 1.414    N   26 1.239    C   29 0.930
    31  C   3.975    C   28 0.988    H   89 0.978    H   87 0.974    H   88 0.974
    32  C   3.954    C   33 1.012    H   90 0.967    H   91 0.964    C   29 0.944
    33  C   3.977    C   32 1.012    H   94 0.984    H   93 0.978    H   92 0.973
    34  N   3.290    C   38 1.207    C   35 1.154    MG   1 0.479    C   37 0.062    C   36 0.051
    35  C   3.886    C    5 1.324    C   36 1.176    N   34 1.154
    36  C   3.843    C   37 1.336    C   35 1.176    C   39 1.003    O   41 0.059    N   34 0.051
    37  C   3.916    C   36 1.336    C   38 1.188    C   40 1.091    O   41 0.067    N   34 0.062
    38  C   3.872    N   34 1.207    C   37 1.188    C    2 1.162    MG   1 0.057
    39  C   3.979    C   36 1.003    H   96 0.976    H   97 0.965    H   95 0.963
    40  C   3.892    O   41 1.817    C   37 1.091    C   42 0.838
    41  O   2.172    C   40 1.817    C   42 0.094    C   37 0.067    C   36 0.059
    42  C   3.928    C    2 0.940    H   98 0.933    C   43 0.905    C   40 0.838    O   41 0.094    O   44 0.076
    43  C   3.892    O   44 1.849    O   45 1.074    C   42 0.905
    44  O   2.176    C   43 1.849    O   45 0.170    C   42 0.076
    45  O   2.287    C   43 1.074    C   46 0.965    O   44 0.170
    46  C   3.936    H   99 0.990    H  100 0.988    H  101 0.973    O   45 0.965
    47  C   3.941    C   48 0.993    O   16 0.965    H  103 0.957    H  102 0.953
    48  C   3.962    C   49 1.895    C   47 0.993    H  104 0.938
    49  C   3.939    C   48 1.895    C   50 1.004    C   51 0.948
    50  C   3.988    C   49 1.004    H  105 0.968    H  106 0.968    H  107 0.968
    51  C   3.964    C   52 0.976    H  109 0.961    H  108 0.959    C   49 0.948
    52  C   3.961    C   51 0.976    C   53 0.975    H  110 0.971    H  111 0.968
    53  C   3.967    C   54 0.997    C   52 0.975    H  113 0.958    H  112 0.956
    54  C   3.943    C   53 0.997    C   55 0.971    C   56 0.967    H  114 0.947
    55  C   3.979    H  117 0.984    H  115 0.982    H  116 0.977    C   54 0.971
    56  C   3.961    C   57 0.983    C   54 0.967    H  118 0.963    H  119 0.955
    57  C   3.965    C   58 0.997    C   56 0.983    H  121 0.962    H  120 0.959
    58  C   3.957    C   57 0.997    H  122 0.967    H  123 0.963    C   59 0.950
    59  C   3.911    C   60 0.967    C   61 0.961    H  124 0.959    C   58 0.950
    60  C   3.979    H  127 0.984    H  126 0.983    H  125 0.983    C   59 0.967
    61  C   3.958    C   62 0.981    H  129 0.967    H  128 0.963    C   59 0.961
    62  C   3.965    C   63 0.988    C   61 0.981    H  130 0.968    H  131 0.962
    63  C   3.955    C   62 0.988    H  133 0.965    H  132 0.964    C   64 0.950
    64  C   3.931    C   66 0.991    C   65 0.983    H  134 0.960    C   63 0.950
    65  C   3.979    C   64 0.983    H  137 0.982    H  136 0.981    H  135 0.977
    66  C   3.978    C   64 0.991    H  140 0.980    H  138 0.977    H  139 0.977
    67  H   0.994    C    3 0.927
    68  H   0.994    C    4 0.932
    69  H   0.994    C    5 0.934
    70  H   0.995    C    8 0.933
    71  H   0.994    C    9 0.938
    72  H   0.997    C   11 0.978
    73  H   0.996    C   11 0.980
    74  H   0.998    C   11 0.982
    75  H   0.998    C   12 0.971
    76  H   0.997    C   12 0.968
    77  H   0.998    C   13 0.965
    78  H   0.997    C   13 0.958
    79  H   0.994    C   22 0.969
    80  H   0.992    C   22 0.959
    81  H   0.993    C   22 0.968
    82  H   0.996    C   25 0.952
    83  H   0.994    C   25 0.965
    84  H   0.998    C   25 0.972
    85  H   0.995    C   28 0.944
    86  H   0.994    C   29 0.934
    87  H   0.996    C   31 0.974
    88  H   0.997    C   31 0.974
    89  H   0.997    C   31 0.978
    90  H   0.997    C   32 0.967
    91  H   0.997    C   32 0.964
    92  H   0.998    C   33 0.973
    93  H   0.998    C   33 0.978
    94  H   0.998    C   33 0.984
    95  H   0.990    C   39 0.963
    96  H   0.996    C   39 0.976
    97  H   0.992    C   39 0.965
    98  H   0.993    C   42 0.933
    99  H   0.997    C   46 0.990
   100  H   0.997    C   46 0.988
   101  H   0.996    C   46 0.973
   102  H   0.996    C   47 0.953
   103  H   0.997    C   47 0.957
   104  H   0.999    C   48 0.938
   105  H   0.997    C   50 0.968
   106  H   0.998    C   50 0.968
   107  H   0.998    C   50 0.968
   108  H   0.998    C   51 0.959
   109  H   0.998    C   51 0.961
   110  H   0.999    C   52 0.971
   111  H   0.998    C   52 0.968
   112  H   0.998    C   53 0.956
   113  H   0.998    C   53 0.958
   114  H   0.998    C   54 0.947
   115  H   0.998    C   55 0.982
   116  H   0.998    C   55 0.977
   117  H   0.999    C   55 0.984
   118  H   0.999    C   56 0.963
   119  H   0.997    C   56 0.955
   120  H   0.998    C   57 0.959
   121  H   0.998    C   57 0.962
   122  H   0.999    C   58 0.967
   123  H   0.999    C   58 0.963
   124  H   0.999    C   59 0.959
   125  H   0.998    C   60 0.983
   126  H   0.998    C   60 0.983
   127  H   0.998    C   60 0.984
   128  H   0.998    C   61 0.963
   129  H   0.997    C   61 0.967
   130  H   0.998    C   62 0.968
   131  H   0.998    C   62 0.962
   132  H   0.999    C   63 0.964
   133  H   0.998    C   63 0.965
   134  H   0.998    C   64 0.960
   135  H   0.998    C   65 0.977
   136  H   0.999    C   65 0.981
   137  H   0.999    C   65 0.982
   138  H   0.999    C   66 0.977
   139  H   0.999    C   66 0.977
   140  H   0.999    C   66 0.980
 
 --------------------------------------------
          xTB calculation for sTDA...
 --------------------------------------------
 
 reading parameter file ~/.param_stda2.xtb
 
      method parameters     
 k(s)        :  1.6000
 k(p)        :  2.1800
 k(d)        :  1.9500
 k(f)        :  2.0000
 k(R-V)      :  2.2750
 k(R-R)      :  1.7650
 Tscal       :  0.2580
 Gscal       :  1.0000
 fpol        :  1.0000
 Zcnf        :  0.3430
 Zqf         :  0.0000
 kcn         :  2.7000
 Ryd Hsplit  :  0.7000
 lshift(virt):  3.1000
 lshift(OS)  :  0.2000
 wllscaling  :  2.6000
 
 mowrcut     : 3.000
 
  Z AO/shell   Hii/eV     exponent
  1     Sun Feb 14 09:53:25 CET 2016    EN: 2.327 GAM: 0.473  GM3: 0.0000
     1s    -14.339618    1.220000
     2sp    -3.348946    0.600000
  6     Sun Feb 14 09:53:25 CET 2016    EN: 2.731 GAM: 0.422  GM3: 0.0000
     2s    -22.009312    1.565095
     2p    -13.020408    1.596905
     3sp    -3.914040    0.824500
  7     Sun Feb 14 09:53:25 CET 2016    EN: 3.573 GAM: 0.504  GM3: 0.0000
     2s    -25.722000    2.064844
     2p    -18.684912    1.801692
     3sp    -4.344791    0.921400
  8     Sun Feb 14 09:53:25 CET 2016    EN: 3.700 GAM: 0.587  GM3: 0.0000
     2s    -33.859000    2.418661
     2p    -22.175911    1.973969
     3sp    -4.259392    1.013700
 12     Sun Feb 21 16:58:31 CET 2016    EN: 0.033 GAM: 0.222  GM3: 0.0000
     3s    -11.092543    1.647583
     3p     -6.929529    0.855020
 
 Nbf   :          894
 T(el) :     0.0
 calculating S/T integrals ...
 cpu time for ints    1.33345500000000     
 Nao   :          894
 making H0...
 making H1...
 cpu time for H      2.749300000000021E-002
 solving ...
 cpu time for diag   0.316292000000000     
 
 gap (eV)           :   4.709
 Koopmans IP (eV)   :  13.405
 Eel (Eh)           :  -301.170853

          eigenvalues
 #    :         164        165        166        167        168        169        170        171
 occ. :        2.000      2.000      2.000      2.000      2.000      2.000      2.000      2.000
 eps  :       -17.324    -17.207    -17.006    -16.393    -16.289    -16.224    -16.109    -15.643
 #    :         172        173        174        175        176        177        178        179
 occ. :        2.000      2.000      2.000      2.000      2.000      0.000      0.000      0.000
 eps  :       -15.638    -15.459    -14.913    -13.875    -13.406     -8.697     -6.941     -6.789
 #    :         180        181        182        183        184        185        186        187
 occ. :        0.000      0.000      0.000      0.000      0.000      0.000      0.000      0.000
 eps  :        -6.726     -6.239     -6.107     -5.486     -5.321     -5.189     -5.132     -5.068
                            1  SCC done.
 writing mo output ...
 molden style : F
 
speedup  0.83
cpu  time for all    2.23 s
wall time for all    2.68 s
