cpu-bind=MASK - bp1-compute139, task 4294967295 4294967295 [0]: mask 0xfffff00ffffff00f set
Host:    bp1-compute139.data.bp.acrc.priv
Time:    Fri Apr 29 21:18:57 BST 2022
Dir:     /user/home/of15641/chlorophyll_parameterization/tddft_data/step_501_chromophore_2
Job ID:  1658793
Nodelist:
cat: bp1-compute139: No such file or directory
  
Result dir: /user/home/of15641/chlorophyll_parameterization/tddft_data/step_501_chromophore_2
running gaussian jobs
Running time g16 < CAMB3LYP_step_501_chromophore_2.com > CAMB3LYP_step_501_chromophore_2.log

real	34m20.537s
user	814m11.405s
sys	0m24.295s
Running time g16 < PBE0_step_501_chromophore_2.com > PBE0_step_501_chromophore_2.log

real	29m16.233s
user	700m21.614s
sys	0m22.526s
Running time g16 < wB97XD_step_501_chromophore_2.com > wB97XD_step_501_chromophore_2.log

real	34m43.008s
user	821m24.397s
sys	0m28.977s
Running time g16 < BLYP_step_501_chromophore_2.com > BLYP_step_501_chromophore_2.log

real	13m32.832s
user	323m4.153s
sys	0m23.370s
Running time g16 < ZINDO_step_501_chromophore_2.com > ZINDO_step_501_chromophore_2.log

real	0m6.722s
user	2m27.658s
sys	0m2.259s
