cpu-bind=MASK - bp1-compute192, task 4294967295 4294967295 [0]: mask 0xffffff00ffffff set
Host:    bp1-compute192.data.bp.acrc.priv
Time:    Thu May  5 08:57:52 BST 2022
Dir:     /user/home/of15641/chlorophyll_parameterization/tddft_data/step_801_chromophore_20
Job ID:  1692409
Nodelist:
cat: bp1-compute192: No such file or directory
  
Result dir: /user/home/of15641/chlorophyll_parameterization/tddft_data/step_801_chromophore_20
running gaussian jobs
Running time g16 < CAMB3LYP_step_801_chromophore_20.com > CAMB3LYP_step_801_chromophore_20.log

real	26m41.812s
user	626m12.391s
sys	0m41.685s
Running time g16 < PBE0_step_801_chromophore_20.com > PBE0_step_801_chromophore_20.log

real	16m29.332s
user	392m29.789s
sys	0m26.748s
Running time g16 < wB97XD_step_801_chromophore_20.com > wB97XD_step_801_chromophore_20.log

real	30m20.368s
user	713m17.933s
sys	0m42.870s
Running time g16 < BLYP_step_801_chromophore_20.com > BLYP_step_801_chromophore_20.log

real	13m7.213s
user	311m55.610s
sys	0m26.636s
Running time g16 < ZINDO_step_801_chromophore_20.com > ZINDO_step_801_chromophore_20.log

real	0m8.848s
user	3m17.175s
sys	0m2.866s
