cpu-bind=MASK - bp1-compute141, task 4294967295 4294967295 [0]: mask 0x57fffbe157fffbe1 set
Host:    bp1-compute141.data.bp.acrc.priv
Time:    Wed May  4 15:23:12 BST 2022
Dir:     /user/home/of15641/chlorophyll_parameterization/tddft_data/step_1_chromophore_5
Job ID:  1692249
Nodelist:
cat: bp1-compute141: No such file or directory
  
Result dir: /user/home/of15641/chlorophyll_parameterization/tddft_data/step_1_chromophore_5
running gaussian jobs
Running time g16 < CAMB3LYP_step_1_chromophore_5.com > CAMB3LYP_step_1_chromophore_5.log

real	51m48.711s
user	1225m24.896s
sys	7m3.687s
Running time g16 < PBE0_step_1_chromophore_5.com > PBE0_step_1_chromophore_5.log

real	35m56.169s
user	854m23.531s
sys	5m47.802s
Running time g16 < wB97XD_step_1_chromophore_5.com > wB97XD_step_1_chromophore_5.log

real	56m20.991s
user	1333m3.216s
sys	7m45.202s
Running time g16 < BLYP_step_1_chromophore_5.com > BLYP_step_1_chromophore_5.log

real	31m7.148s
user	740m10.883s
sys	4m31.204s
Running time g16 < ZINDO_step_1_chromophore_5.com > ZINDO_step_1_chromophore_5.log

real	0m5.548s
user	2m1.172s
sys	0m2.109s
