cpu-bind=MASK - bp1-compute065, task 4294967295 4294967295 [0]: mask 0xffffffffffff set
Host:    bp1-compute065.data.bp.acrc.priv
Time:    Wed May  4 06:28:32 BST 2022
Dir:     /user/home/of15641/chlorophyll_parameterization/tddft_data/step_1451_chromophore_5
Job ID:  1692135
Nodelist:
cat: bp1-compute065: No such file or directory
  
Result dir: /user/home/of15641/chlorophyll_parameterization/tddft_data/step_1451_chromophore_5
running gaussian jobs
Running time g16 < CAMB3LYP_step_1451_chromophore_5.com > CAMB3LYP_step_1451_chromophore_5.log

real	27m53.770s
user	656m54.046s
sys	0m29.007s
Running time g16 < PBE0_step_1451_chromophore_5.com > PBE0_step_1451_chromophore_5.log

real	16m54.190s
user	403m32.061s
sys	0m21.101s
Running time g16 < wB97XD_step_1451_chromophore_5.com > wB97XD_step_1451_chromophore_5.log

real	28m46.510s
user	677m48.881s
sys	0m28.928s
Running time g16 < BLYP_step_1451_chromophore_5.com > BLYP_step_1451_chromophore_5.log

real	14m58.406s
user	357m20.424s
sys	0m28.665s
Running time g16 < ZINDO_step_1451_chromophore_5.com > ZINDO_step_1451_chromophore_5.log

real	0m7.042s
user	2m34.909s
sys	0m2.637s
