 
        ______________________________________
       |                                      |
       |          ===================         |
       |             xTB for sTDA             |
       |          ===================         |
       |               S. Grimme              |
       |        Universitaet Bonn, MCTC       |
       |         2015-19, Version 1.0         |
       |     Wed Apr  3 09:14:55 CEST 2019    |
       |______________________________________|
 
        This code comes without any warranty
        for non-commercial, academia use only.
        Preliminary test version.
        Cite this work as:
        S. Grimme  &  C. Bannwarth, JCP 145 (2016) 054103
        if GBSA is used additionally:
        P. Shushkov, F. März, C. Bannwarth, S. Grimme, unpublished.
 
        with help from
        P. Shushkov, G. Brandenburg, S. Dohm, J. Pisarek,
        F. März, M. Checinski, S. Ehrlich, S. Spicher, 
        P. Pracht, E. Caldeweyher, S. Ehlert, and C. Bannwarth.
 
        usage        :
        xtb4stda <coord_file> [options]
        where <coord_file> is a valid file of TM)
        (*coord, Bohr) or xmol (*xyz, Angstroem)
        format.

        options:
        -chrg <int>   : molecular charge
        -uhf  <int>   : # of unpaired electrons(=2*S)
        -nox          : skip second, extended part in sTDA-xTB
        -pop          : do population analysis
                      : (default for -nox)
        -mowr <real>  : cut MO write above (def.3 Eh)
        -molden       : write formatted molden file
        -parx <file>  : read parameters for sTDA-xTB
                        calc (def:~/.param_stda2.xtb)
        -parv <file>  : read parameters for vTB part in
                        sTDA-xTB (def: ~/.param_stda1.xtb)
        -xtemp <real> : el. temp for xTB (def. 0 K)
        -etemp <real> : el. temp for GFN (def. 300 K)
        -fod          : calculate the FOD and write
                        molden.input file with
                        appropriate occupations
                        for plotting. Def. T=12500 K
 
        -acc <real>   : xTB accuracy (def. 1.0)
        -gbsa [string1] [string2]
                        use GBSA implicit solvent
                        for solvent [string1] and
                        solvation state [string2]=
                        reference, bar1M (default=1M)
        additional GFN/opt/MD/siman options read from
        $XTB4STDAHOME/.xtb4stdarc or $set in input
 
       spin and charge state information can be on:
       <.CHRG> (charge) and <.UHF> (=nalpha-nbeta)
       -uhf and -chrg override the file info.
       useful machine settings:
       setenv MKL_NUM_THREADS <NCORE_ON_YOUR_MACHINE>
       setenv OMP_STACKSIZE 500m
       limit stacksize unlimited
 
       total energies in Eh, gaps/HL energies in eV
       please read REVISION and HOWTO files carefully
 =============================
  # OMP threads =           4
 =============================
 
 xtb4stdahome directory:~/
 
 
 name of molecule           :
 comment line               :
 number of atoms            :   140
 number of electrons        :   352
 charge                     :  0
 spin                       : 0.0
 first test random number   :  0.0918
 
 -----------------------------------------
      charge density (VTB) calculation
 -----------------------------------------
 
      method parameters     
 k(s)        :  1.8000
 k(p)        :  2.8350
 k(d)        :  2.0860
 k(f)        :  2.0000
 Tscal       :  0.3300
 Gscal       :  0.3910
 fpol        :  1.0000
 Zcnf        :  0.6500
 Zqf         :  0.0000
 kcn         :  0.3000
 kEN1        : -0.5900
 wllscal     :  2.6000
 
     -------------------------
     ! NO SOLVENT MODEL USED !
     -------------------------
 
 doing EN charges ...
 sum q :  0.5551115D-15
 point charge moment (au)
     X       Y       Z   
  -0.2019   0.0044   0.4814  total (Debye):    1.327
 
            Z      q(EN)   CN      Cart. coordinates
     1  MG  2.0   0.839   4.699     5.67296     1.38706    82.77756
     2  C   4.0   0.021   3.309    11.49142     4.77534    82.51866
     3  C   4.0  -0.061   3.128     2.80246     6.23988    79.80502
     4  C   4.0  -0.059   3.148     0.53290    -2.38105    81.69096
     5  C   4.0  -0.054   3.173     9.23698    -3.92118    84.38193
     6  N   5.0  -0.329   3.078     7.29245     4.94730    80.94452
     7  C   4.0   0.098   3.324     9.65083     6.05090    81.11838
     8  C   4.0  -0.094   4.140     9.59603     8.76077    79.99210
     9  C   4.0  -0.093   4.078     6.63861     9.33336    79.53101
    10  C   4.0   0.088   3.306     5.53123     6.64806    80.04690
    11  C   4.0  -0.237   4.016     5.67485    11.42906    81.46420
    12  C   4.0  -0.164   4.091    11.33080     8.70975    77.64884
    13  C   4.0  -0.170   4.060    10.76388     6.87104    75.65518
    14  C   4.0   0.158   3.069    11.80512     7.26978    72.96988
    15  O   6.0  -0.089   1.037    12.54967     9.33525    72.11761
    16  O   6.0  -0.108   2.031    11.60859     5.12305    71.43542
    17  N   5.0  -0.450   3.202     1.97287     1.89162    81.42829
    18  C   4.0   0.089   3.452     1.19998     4.09693    80.44563
    19  C   4.0   0.012   3.242    -1.62705     4.10826    80.35682
    20  C   4.0   0.004   3.227    -2.42452     1.55713    80.82925
    21  C   4.0   0.097   3.448     0.04724     0.27590    81.52845
    22  C   4.0  -0.246   4.020    -3.18608     6.38349    79.65573
    23  C   4.0   0.107   3.049    -5.01344     0.53290    80.53823
    24  O   6.0  -0.098   1.060    -6.85026     1.75556    79.78045
    25  C   4.0  -0.250   4.045    -5.45942    -2.18074    81.19019
    26  N   5.0  -0.395   3.129     5.13061    -2.74955    82.47331
    27  C   4.0   0.103   3.336     2.81758    -3.74355    82.12938
    28  C   4.0  -0.092   4.107     3.02923    -6.75010    82.24276
    29  C   4.0  -0.094   4.157     5.77311    -7.08269    83.31235
    30  C   4.0   0.109   3.378     6.81246    -4.34070    83.45597
    31  C   4.0  -0.238   4.039     0.96754    -7.82158    83.96430
    32  C   4.0  -0.162   4.032     7.70819    -8.80612    81.81380
    33  C   4.0  -0.238   4.007     9.11037   -10.80356    83.33125
    34  N   5.0  -0.450   3.275     9.42406     0.56314    83.53723
    35  C   4.0   0.067   3.505    10.51255    -1.69697    84.31201
    36  C   4.0   0.018   3.276    13.02210    -1.20376    85.10948
    37  C   4.0   0.000   3.478    13.44729     1.33226    84.46319
    38  C   4.0   0.091   3.698    11.19852     2.31491    83.40872
    39  C   4.0  -0.246   4.022    14.93072    -3.05569    86.17339
    40  C   4.0   0.125   3.193    15.35213     3.35993    84.48398
    41  O   6.0  -0.113   1.047    17.47430     3.37316    85.24365
    42  C   4.0  -0.116   4.212    14.07846     5.66162    83.20274
    43  C   4.0   0.178   3.129    14.09925     8.02189    84.89027
    44  O   6.0  -0.097   1.048    16.03810     9.20108    85.35892
    45  O   6.0  -0.122   2.032    11.89016     8.58314    86.10347
    46  C   4.0  -0.195   4.042    12.01110    10.48042    88.06501
    47  C   4.0  -0.134   4.044    12.17361     5.35548    68.72177
    48  C   4.0  -0.055   3.092     9.98909     4.26511    67.22700
    49  C   4.0   0.017   3.055     9.98531     3.00088    65.01980
    50  C   4.0  -0.248   4.022    12.30401     2.49444    63.36251
    51  C   4.0  -0.173   4.067     7.33781     1.84815    64.18265
    52  C   4.0  -0.164   4.042     5.82225     3.73599    62.57827
    53  C   4.0  -0.164   4.075     3.41662     2.40751    61.47279
    54  C   4.0  -0.087   4.025     0.82203     3.37694    62.40442
    55  C   4.0  -0.237   4.015    -1.23588     1.15084    62.20789
    56  C   4.0  -0.164   4.049     0.06425     5.79201    61.06082
    57  C   4.0  -0.161   4.010    -0.84093     5.69941    58.13364
    58  C   4.0  -0.164   4.065    -3.63583     6.56869    57.63475
    59  C   4.0  -0.086   4.014    -4.03456     9.01966    56.26092
    60  C   4.0  -0.238   4.021    -5.05880    11.03978    58.39820
    61  C   4.0  -0.163   4.050    -6.31168     8.84014    54.28994
    62  C   4.0  -0.163   4.039    -5.20997     8.44707    51.51204
    63  C   4.0  -0.164   4.063    -6.08114     5.96209    50.30262
    64  C   4.0  -0.088   4.028    -6.29846     6.16429    47.34519
    65  C   4.0  -0.241   4.069    -8.55857     7.86504    46.73670
    66  C   4.0  -0.238   4.046    -6.59514     3.75866    45.80507
    67  H   1.0   0.070   1.004     1.84626     8.01244    79.35148
    68  H   1.0   0.071   1.007    -0.99967    -3.72276    81.35837
    69  H   1.0   0.071   1.007    10.41995    -5.54257    84.86570
    70  H   1.0   0.084   1.009    10.54467    10.22342    81.09003
    71  H   1.0   0.083   1.005     6.27011    10.18184    77.69041
    72  H   1.0   0.080   0.998     4.68274    12.88793    80.40217
    73  H   1.0   0.080   0.998     7.22064    12.20007    82.58669
    74  H   1.0   0.081   1.002     4.40684    10.29334    82.62449
    75  H   1.0   0.083   1.008    13.16761     8.30157    78.48788
    76  H   1.0   0.083   1.005    11.53489    10.53711    76.71909
    77  H   1.0   0.083   1.007     8.72864     6.66317    75.41329
    78  H   1.0   0.083   1.011    11.68229     5.17785    76.38272
    79  H   1.0   0.080   1.000    -2.75522     7.88205    81.00121
    80  H   1.0   0.080   0.997    -5.24399     6.45530    79.61415
    81  H   1.0   0.080   1.001    -2.45286     7.01277    77.83592
    82  H   1.0   0.080   0.998    -7.37371    -2.60971    81.81757
    83  H   1.0   0.082   1.003    -4.08937    -2.60971    82.66606
    84  H   1.0   0.080   0.999    -5.07769    -3.42985    79.59715
    85  H   1.0   0.083   1.006     2.80246    -7.71386    80.43619
    86  H   1.0   0.085   1.012     5.59737    -7.38316    85.34380
    87  H   1.0   0.081   1.000    -0.37606    -8.72864    82.69441
    88  H   1.0   0.081   1.002     0.05669    -6.17940    84.81279
    89  H   1.0   0.080   0.997     1.45887    -9.08391    85.51577
    90  H   1.0   0.083   1.005     9.15761    -7.62693    80.95208
    91  H   1.0   0.081   1.004     6.76711    -9.85303    80.30957
    92  H   1.0   0.080   0.998     8.14850   -12.62526    83.35203
    93  H   1.0   0.080   0.997     9.34281   -10.50688    85.35703
    94  H   1.0   0.080   1.000    10.91884   -11.00576    82.36371
    95  H   1.0   0.080   0.998    14.64538    -5.02478    85.63860
    96  H   1.0   0.080   1.002    14.36948    -3.20309    88.15005
    97  H   1.0   0.080   0.998    16.86580    -2.35649    86.09025
    98  H   1.0   0.086   1.011    15.04222     5.85815    81.39428
    99  H   1.0   0.080   0.995    10.42940    10.33491    89.37648
   100  H   1.0   0.080   0.996    12.29456    12.38148    87.32424
   101  H   1.0   0.081   0.998    13.72130    10.04767    89.12892
   102  H   1.0   0.081   0.999    14.01610     4.52400    68.32682
   103  H   1.0   0.082   1.003    12.26810     7.33970    68.17375
   104  H   1.0   0.070   1.005     8.15984     4.52589    68.13974
   105  H   1.0   0.080   1.000    12.46652     0.44220    63.31716
   106  H   1.0   0.080   0.997    14.13893     3.09915    64.07494
   107  H   1.0   0.080   0.998    12.04133     3.08592    61.40664
   108  H   1.0   0.082   1.004     6.11515     1.45698    65.79270
   109  H   1.0   0.082   1.003     7.62693     0.19086    62.99401
   110  H   1.0   0.082   1.003     7.11860     4.46353    61.15342
   111  H   1.0   0.082   1.003     5.32525     5.30257    63.82171
   112  H   1.0   0.083   1.004     3.54135     0.38172    61.81860
   113  H   1.0   0.082   1.007     3.72843     2.90262    59.49613
   114  H   1.0   0.083   1.011     1.17163     4.07236    64.31115
   115  H   1.0   0.080   0.998    -1.97476     0.92408    60.29927
   116  H   1.0   0.080   0.997    -2.65695     1.41352    63.67621
   117  H   1.0   0.080   0.998    -0.24188    -0.65196    62.24568
   118  H   1.0   0.082   1.005     1.74422     6.97876    61.14775
   119  H   1.0   0.082   1.003    -1.27745     6.72364    62.31371
   120  H   1.0   0.081   1.001    -0.48944     3.83992    57.31728
   121  H   1.0   0.081   1.001     0.57448     6.81057    57.13019
   122  H   1.0   0.082   1.005    -4.59959     6.60837    59.45645
   123  H   1.0   0.083   1.007    -4.27267     4.99077    56.47446
   124  H   1.0   0.082   1.004    -2.30169     9.80957    55.47102
   125  H   1.0   0.080   0.998    -3.84748    10.77522    60.04415
   126  H   1.0   0.080   0.996    -7.07513    11.02844    58.81961
   127  H   1.0   0.080   0.997    -4.52211    12.92950    57.78404
   128  H   1.0   0.081   1.000    -7.69496    10.36515    54.20868
   129  H   1.0   0.082   1.005    -7.32080     7.25655    55.13653
   130  H   1.0   0.082   1.005    -3.16907     8.26755    51.72747
   131  H   1.0   0.082   1.003    -5.87705    10.03444    50.38198
   132  H   1.0   0.082   1.004    -7.81591     5.53312    51.32874
   133  H   1.0   0.082   1.005    -4.57314     4.66951    50.84497
   134  H   1.0   0.083   1.009    -4.63928     7.15639    46.63277
   135  H   1.0   0.082   1.001    -9.59603     8.11259    48.49793
   136  H   1.0   0.081   0.998    -9.87004     7.12238    45.33264
   137  H   1.0   0.081   0.998    -7.90472     9.66595    45.98081
   138  H   1.0   0.080   0.999    -8.53967     3.08403    45.90522
   139  H   1.0   0.080   0.998    -5.37627     2.23177    46.45702
   140  H   1.0   0.080   1.000    -6.25688     4.31802    43.85109
 
  Z AO/shell   Hii/eV     exponent
  1     Sat Feb 20 21:38:01 CET 2016    EN: 2.327 GAM: 0.473  GM3: 0.0000
     1s    -13.751157    1.051071
  6     Sat Feb 20 21:38:01 CET 2016    EN: 2.731 GAM: 0.422  GM3: 0.0000
     2s    -19.378245    2.021003
     2p    -11.993376    1.497917
  7     Sat Feb 20 21:38:01 CET 2016    EN: 3.573 GAM: 0.504  GM3: 0.0000
     2s    -21.576984    2.275442
     2p    -16.125120    2.056788
  8     Sat Feb 20 21:38:01 CET 2016    EN: 3.700 GAM: 0.587  GM3: 0.0000
     2s    -21.648843    2.110798
     2p    -17.239740    2.329048
 12     Sat Feb 20 23:25:47 CET 2016    EN: 0.033 GAM: 0.222  GM3: 0.0000
     3s    -12.693633    1.302878
     3p     -8.128821    0.504252
 
 dipole moment of classical point charges (au)
     X       Y       Z   
  -0.2019   0.0044   0.4814  total (Debye):    1.327

 
 Nbf   :          338
 T(el) :   300.0
 calculating S/T integrals ...
 cpu time for ints   0.196387000000000     
 Nao   :          338
 making H0...
 making H1...
 cpu time for H      1.139900000000002E-002
 solving ...
 cpu time for diag   5.850399999999997E-002
 
 gap (eV)           :   1.351
 Koopmans IP (eV)   :  12.021
 Eel (Eh)           :  -268.379574
 T,E(Fermi),NFOD :    300.000   -11.345  0.000000
 T,E(Fermi),NFOD :    300.000   -11.345  0.000000
 Nfod               :  0.0000
 Nfod/Nel           :  0.0000

          eigenvalues
 #    :         164        165        166        167        168        169        170        171
 occ. :        2.000      2.000      2.000      2.000      2.000      2.000      2.000      2.000
 eps  :       -16.286    -16.228    -16.183    -15.796    -15.732    -15.442    -15.348    -14.923
 #    :         172        173        174        175        176        177        178        179
 occ. :        2.000      2.000      2.000      2.000      2.000      0.000      0.000      0.000
 eps  :       -14.860    -14.851    -14.642    -13.202    -12.022    -10.671    -10.078     -8.727
 #    :         180        181        182        183        184        185        186        187
 occ. :        0.000      0.000      0.000      0.000      0.000      0.000      0.000      0.000
 eps  :        -8.560     -8.075     -8.032     -7.905     -7.598     -7.391     -7.248     -7.193
                            1  SCC done.
 making H1...
 cpu time for H      6.834900000000002E-002
 solving ...
 cpu time for diag   3.844600000000004E-002
 
 gap (eV)           :   1.613
 Koopmans IP (eV)   :  11.986
 Eel (Eh)           :  -265.914939
 T,E(Fermi),NFOD :    300.000   -11.180  0.000000
 T,E(Fermi),NFOD :    300.000   -11.180  0.000000
 Nfod               :  0.0000
 Nfod/Nel           :  0.0000

          eigenvalues
 #    :         164        165        166        167        168        169        170        171
 occ. :        2.000      2.000      2.000      2.000      2.000      2.000      2.000      2.000
 eps  :       -15.324    -15.304    -15.119    -14.836    -14.607    -14.586    -14.337    -14.304
 #    :         172        173        174        175        176        177        178        179
 occ. :        2.000      2.000      2.000      2.000      2.000      0.000      0.000      0.000
 eps  :       -14.155    -14.037    -14.017    -12.742    -11.987    -10.374     -9.635     -8.567
 #    :         180        181        182        183        184        185        186        187
 occ. :        0.000      0.000      0.000      0.000      0.000      0.000      0.000      0.000
 eps  :        -8.488     -8.103     -7.841     -7.782     -7.437     -7.302     -7.143     -7.017
                            2  SCC done.
 
 
 Mulliken/CM5 charges    n(s)   n(p)   n(d)   
    1 MG  0.3273  0.7486   0.645  1.028  0.000
    2 C   0.0062  0.0098   1.170  2.824  0.000
    3 C  -0.0397 -0.0834   1.139  2.900  0.000
    4 C  -0.0467 -0.0893   1.131  2.915  0.000
    5 C  -0.0326 -0.0746   1.119  2.914  0.000
    6 N  -0.1465 -0.3793   1.420  3.727  0.000
    7 C   0.0141  0.0746   1.242  2.744  0.000
    8 C  -0.0208 -0.0762   1.213  2.807  0.000
    9 C  -0.0241 -0.0821   1.210  2.814  0.000
   10 C   0.0282  0.0837   1.248  2.724  0.000
   11 C  -0.0908 -0.2390   1.113  2.978  0.000
   12 C  -0.0479 -0.1570   1.139  2.909  0.000
   13 C  -0.0353 -0.1361   1.124  2.912  0.000
   14 C   0.1967  0.2420   1.214  2.590  0.000
   15 O  -0.2859 -0.3334   1.631  4.655  0.000
   16 O  -0.1590 -0.2324   1.483  4.676  0.000
   17 N  -0.2081 -0.4953   1.373  3.835  0.000
   18 C   0.0356  0.1012   1.199  2.766  0.000
   19 C  -0.0070 -0.0109   1.231  2.776  0.000
   20 C  -0.0581 -0.0533   1.207  2.851  0.000
   21 C   0.0371  0.1060   1.209  2.754  0.000
   22 C  -0.0687 -0.2122   1.075  2.994  0.000
   23 C   0.1493  0.1723   1.194  2.657  0.000
   24 O  -0.2589 -0.3065   1.627  4.632  0.000
   25 C  -0.0995 -0.2420   1.095  3.005  0.000
   26 N  -0.1777 -0.4394   1.385  3.793  0.000
   27 C   0.0339  0.0953   1.242  2.725  0.000
   28 C  -0.0157 -0.0737   1.203  2.812  0.000
   29 C  -0.0497 -0.1035   1.214  2.836  0.000
   30 C   0.0431  0.1063   1.214  2.743  0.000
   31 C  -0.0946 -0.2436   1.103  2.992  0.000
   32 C  -0.0452 -0.1544   1.152  2.893  0.000
   33 C  -0.0942 -0.2466   1.093  3.002  0.000
   34 N  -0.2218 -0.5133   1.372  3.850  0.000
   35 C   0.0360  0.0939   1.179  2.785  0.000
   36 C  -0.0140 -0.0181   1.208  2.806  0.000
   37 C  -0.0781 -0.0696   1.189  2.889  0.000
   38 C   0.0345  0.1089   1.178  2.788  0.000
   39 C  -0.0708 -0.2146   1.080  2.991  0.000
   40 C   0.1675  0.2022   1.188  2.645  0.000
   41 O  -0.2086 -0.2542   1.622  4.586  0.000
   42 C  -0.0342 -0.0773   1.195  2.839  0.000
   43 C   0.2150  0.2696   1.190  2.595  0.000
   44 O  -0.2658 -0.3131   1.627  4.639  0.000
   45 O  -0.1400 -0.2217   1.471  4.669  0.000
   46 C   0.0165 -0.1055   1.090  2.894  0.000
   47 C   0.0499 -0.0296   1.129  2.821  0.000
   48 C  -0.0698 -0.1255   1.160  2.910  0.000
   49 C  -0.0325 -0.0546   1.226  2.807  0.000
   50 C  -0.0891 -0.2343   1.082  3.007  0.000
   51 C  -0.0604 -0.1677   1.150  2.911  0.000
   52 C  -0.0705 -0.1840   1.158  2.912  0.000
   53 C  -0.0761 -0.1865   1.159  2.917  0.000
   54 C  -0.0231 -0.0963   1.207  2.816  0.000
   55 C  -0.1049 -0.2535   1.103  3.002  0.000
   56 C  -0.0799 -0.1905   1.164  2.916  0.000
   57 C  -0.0840 -0.1953   1.167  2.917  0.000
   58 C  -0.0530 -0.1626   1.150  2.903  0.000
   59 C  -0.0206 -0.0927   1.222  2.798  0.000
   60 C  -0.1240 -0.2739   1.120  3.004  0.000
   61 C  -0.0786 -0.1884   1.171  2.908  0.000
   62 C  -0.0662 -0.1788   1.155  2.911  0.000
   63 C  -0.0719 -0.1827   1.158  2.914  0.000
   64 C  -0.0135 -0.0889   1.192  2.822  0.000
   65 C  -0.1119 -0.2634   1.103  3.009  0.000
   66 C  -0.0900 -0.2399   1.099  2.991  0.000
   67 H   0.0554  0.1139   0.945  0.000  0.000
   68 H   0.0623  0.1225   0.938  0.000  0.000
   69 H   0.0622  0.1223   0.938  0.000  0.000
   70 H   0.0594  0.1218   0.941  0.000  0.000
   71 H   0.0534  0.1123   0.947  0.000  0.000
   72 H   0.0423  0.0937   0.958  0.000  0.000
   73 H   0.0421  0.0946   0.958  0.000  0.000
   74 H   0.0396  0.0950   0.960  0.000  0.000
   75 H   0.0392  0.0987   0.961  0.000  0.000
   76 H   0.0303  0.0901   0.970  0.000  0.000
   77 H   0.0558  0.1178   0.944  0.000  0.000
   78 H   0.0444  0.1069   0.956  0.000  0.000
   79 H   0.0417  0.0946   0.958  0.000  0.000
   80 H   0.0602  0.1138   0.940  0.000  0.000
   81 H   0.0455  0.0990   0.954  0.000  0.000
   82 H   0.0465  0.1008   0.954  0.000  0.000
   83 H   0.0423  0.0990   0.958  0.000  0.000
   84 H   0.0477  0.1010   0.952  0.000  0.000
   85 H   0.0515  0.1111   0.948  0.000  0.000
   86 H   0.0507  0.1143   0.949  0.000  0.000
   87 H   0.0369  0.0894   0.963  0.000  0.000
   88 H   0.0335  0.0889   0.967  0.000  0.000
   89 H   0.0409  0.0923   0.959  0.000  0.000
   90 H   0.0450  0.1030   0.955  0.000  0.000
   91 H   0.0372  0.0931   0.963  0.000  0.000
   92 H   0.0262  0.0774   0.974  0.000  0.000
   93 H   0.0306  0.0819   0.969  0.000  0.000
   94 H   0.0402  0.0923   0.960  0.000  0.000
   95 H   0.0509  0.1029   0.949  0.000  0.000
   96 H   0.0448  0.0981   0.955  0.000  0.000
   97 H   0.0573  0.1103   0.943  0.000  0.000
   98 H   0.0704  0.1358   0.930  0.000  0.000
   99 H   0.0548  0.1127   0.945  0.000  0.000
  100 H   0.0511  0.1108   0.949  0.000  0.000
  101 H   0.0440  0.1103   0.956  0.000  0.000
  102 H   0.0552  0.1177   0.945  0.000  0.000
  103 H   0.0605  0.1290   0.940  0.000  0.000
  104 H   0.0379  0.0980   0.962  0.000  0.000
  105 H   0.0352  0.0880   0.965  0.000  0.000
  106 H   0.0461  0.0979   0.954  0.000  0.000
  107 H   0.0439  0.0956   0.956  0.000  0.000
  108 H   0.0401  0.0968   0.960  0.000  0.000
  109 H   0.0361  0.0926   0.964  0.000  0.000
  110 H   0.0318  0.0877   0.968  0.000  0.000
  111 H   0.0243  0.0809   0.976  0.000  0.000
  112 H   0.0392  0.0965   0.961  0.000  0.000
  113 H   0.0312  0.0890   0.969  0.000  0.000
  114 H   0.0421  0.1022   0.958  0.000  0.000
  115 H   0.0372  0.0895   0.963  0.000  0.000
  116 H   0.0439  0.0952   0.956  0.000  0.000
  117 H   0.0377  0.0901   0.962  0.000  0.000
  118 H   0.0351  0.0922   0.965  0.000  0.000
  119 H   0.0337  0.0896   0.966  0.000  0.000
  120 H   0.0358  0.0909   0.964  0.000  0.000
  121 H   0.0270  0.0820   0.973  0.000  0.000
  122 H   0.0432  0.1011   0.957  0.000  0.000
  123 H   0.0408  0.0986   0.959  0.000  0.000
  124 H   0.0430  0.1012   0.957  0.000  0.000
  125 H   0.0311  0.0836   0.969  0.000  0.000
  126 H   0.0373  0.0885   0.963  0.000  0.000
  127 H   0.0240  0.0753   0.976  0.000  0.000
  128 H   0.0431  0.0977   0.957  0.000  0.000
  129 H   0.0327  0.0906   0.967  0.000  0.000
  130 H   0.0362  0.0935   0.964  0.000  0.000
  131 H   0.0357  0.0925   0.964  0.000  0.000
  132 H   0.0331  0.0903   0.967  0.000  0.000
  133 H   0.0296  0.0860   0.970  0.000  0.000
  134 H   0.0327  0.0922   0.967  0.000  0.000
  135 H   0.0311  0.0858   0.969  0.000  0.000
  136 H   0.0313  0.0836   0.969  0.000  0.000
  137 H   0.0307  0.0826   0.969  0.000  0.000
  138 H   0.0278  0.0805   0.972  0.000  0.000
  139 H   0.0338  0.0855   0.966  0.000  0.000
  140 H   0.0412  0.0940   0.959  0.000  0.000
 Hirshfeld charges for QMDFF written to <charges>
 
 Loewdin charges    n(s)   n(p)   n(d)
    1 MG  0.1673   0.656  1.177  0.000
    2 C   0.0088   1.128  2.864  0.000
    3 C  -0.0363   1.089  2.948  0.000
    4 C  -0.0455   1.081  2.965  0.000
    5 C  -0.0299   1.064  2.965  0.000
    6 N  -0.1140   1.378  3.736  0.000
    7 C   0.0135   1.207  2.779  0.000
    8 C  -0.0131   1.167  2.846  0.000
    9 C  -0.0154   1.163  2.852  0.000
   10 C   0.0334   1.213  2.754  0.000
   11 C  -0.0922   1.041  3.051  0.000
   12 C  -0.0437   1.079  2.965  0.000
   13 C  -0.0344   1.063  2.971  0.000
   14 C   0.1779   1.188  2.634  0.000
   15 O  -0.2737   1.603  4.671  0.000
   16 O  -0.1267   1.451  4.676  0.000
   17 N  -0.1701   1.326  3.844  0.000
   18 C   0.0364   1.162  2.802  0.000
   19 C   0.0024   1.191  2.806  0.000
   20 C  -0.0666   1.172  2.895  0.000
   21 C   0.0404   1.171  2.788  0.000
   22 C  -0.0701   1.001  3.069  0.000
   23 C   0.1484   1.157  2.695  0.000
   24 O  -0.2452   1.598  4.647  0.000
   25 C  -0.1072   1.023  3.084  0.000
   26 N  -0.1392   1.338  3.801  0.000
   27 C   0.0366   1.206  2.757  0.000
   28 C  -0.0058   1.156  2.850  0.000
   29 C  -0.0446   1.168  2.877  0.000
   30 C   0.0464   1.177  2.777  0.000
   31 C  -0.0979   1.032  3.066  0.000
   32 C  -0.0386   1.093  2.946  0.000
   33 C  -0.0960   1.020  3.076  0.000
   34 N  -0.1890   1.329  3.860  0.000
   35 C   0.0379   1.139  2.824  0.000
   36 C  -0.0061   1.166  2.840  0.000
   37 C  -0.0859   1.152  2.934  0.000
   38 C   0.0381   1.138  2.824  0.000
   39 C  -0.0710   1.006  3.065  0.000
   40 C   0.1589   1.154  2.687  0.000
   41 O  -0.1907   1.589  4.602  0.000
   42 C  -0.0351   1.147  2.888  0.000
   43 C   0.1909   1.165  2.644  0.000
   44 O  -0.2526   1.598  4.655  0.000
   45 O  -0.1030   1.434  4.669  0.000
   46 C   0.0077   1.020  2.972  0.000
   47 C   0.0490   1.071  2.880  0.000
   48 C  -0.0679   1.111  2.957  0.000
   49 C  -0.0232   1.186  2.837  0.000
   50 C  -0.0913   1.008  3.083  0.000
   51 C  -0.0562   1.091  2.965  0.000
   52 C  -0.0660   1.100  2.966  0.000
   53 C  -0.0742   1.102  2.972  0.000
   54 C  -0.0120   1.160  2.852  0.000
   55 C  -0.1081   1.032  3.076  0.000
   56 C  -0.0778   1.107  2.971  0.000
   57 C  -0.0812   1.111  2.970  0.000
   58 C  -0.0495   1.092  2.958  0.000
   59 C  -0.0090   1.176  2.833  0.000
   60 C  -0.1284   1.051  3.077  0.000
   61 C  -0.0760   1.115  2.961  0.000
   62 C  -0.0612   1.097  2.964  0.000
   63 C  -0.0696   1.100  2.969  0.000
   64 C  -0.0010   1.143  2.858  0.000
   65 C  -0.1172   1.033  3.084  0.000
   66 C  -0.0925   1.027  3.065  0.000
   67 H   0.0502   0.950  0.000  0.000
   68 H   0.0583   0.942  0.000  0.000
   69 H   0.0566   0.943  0.000  0.000
   70 H   0.0525   0.948  0.000  0.000
   71 H   0.0468   0.953  0.000  0.000
   72 H   0.0413   0.959  0.000  0.000
   73 H   0.0417   0.958  0.000  0.000
   74 H   0.0399   0.960  0.000  0.000
   75 H   0.0368   0.963  0.000  0.000
   76 H   0.0268   0.973  0.000  0.000
   77 H   0.0521   0.948  0.000  0.000
   78 H   0.0409   0.959  0.000  0.000
   79 H   0.0418   0.958  0.000  0.000
   80 H   0.0573   0.943  0.000  0.000
   81 H   0.0448   0.955  0.000  0.000
   82 H   0.0450   0.955  0.000  0.000
   83 H   0.0436   0.956  0.000  0.000
   84 H   0.0477   0.952  0.000  0.000
   85 H   0.0449   0.955  0.000  0.000
   86 H   0.0453   0.955  0.000  0.000
   87 H   0.0367   0.963  0.000  0.000
   88 H   0.0344   0.966  0.000  0.000
   89 H   0.0406   0.959  0.000  0.000
   90 H   0.0418   0.958  0.000  0.000
   91 H   0.0342   0.966  0.000  0.000
   92 H   0.0266   0.973  0.000  0.000
   93 H   0.0313   0.969  0.000  0.000
   94 H   0.0398   0.960  0.000  0.000
   95 H   0.0503   0.950  0.000  0.000
   96 H   0.0444   0.956  0.000  0.000
   97 H   0.0540   0.946  0.000  0.000
   98 H   0.0623   0.938  0.000  0.000
   99 H   0.0513   0.949  0.000  0.000
  100 H   0.0473   0.953  0.000  0.000
  101 H   0.0402   0.960  0.000  0.000
  102 H   0.0484   0.952  0.000  0.000
  103 H   0.0525   0.948  0.000  0.000
  104 H   0.0313   0.969  0.000  0.000
  105 H   0.0354   0.965  0.000  0.000
  106 H   0.0454   0.955  0.000  0.000
  107 H   0.0430   0.957  0.000  0.000
  108 H   0.0365   0.964  0.000  0.000
  109 H   0.0333   0.967  0.000  0.000
  110 H   0.0293   0.971  0.000  0.000
  111 H   0.0227   0.977  0.000  0.000
  112 H   0.0377   0.962  0.000  0.000
  113 H   0.0291   0.971  0.000  0.000
  114 H   0.0366   0.963  0.000  0.000
  115 H   0.0377   0.962  0.000  0.000
  116 H   0.0425   0.957  0.000  0.000
  117 H   0.0388   0.961  0.000  0.000
  118 H   0.0332   0.967  0.000  0.000
  119 H   0.0320   0.968  0.000  0.000
  120 H   0.0344   0.966  0.000  0.000
  121 H   0.0257   0.974  0.000  0.000
  122 H   0.0405   0.960  0.000  0.000
  123 H   0.0384   0.962  0.000  0.000
  124 H   0.0371   0.963  0.000  0.000
  125 H   0.0320   0.968  0.000  0.000
  126 H   0.0373   0.963  0.000  0.000
  127 H   0.0252   0.975  0.000  0.000
  128 H   0.0401   0.960  0.000  0.000
  129 H   0.0316   0.968  0.000  0.000
  130 H   0.0338   0.966  0.000  0.000
  131 H   0.0330   0.967  0.000  0.000
  132 H   0.0312   0.969  0.000  0.000
  133 H   0.0272   0.973  0.000  0.000
  134 H   0.0276   0.972  0.000  0.000
  135 H   0.0320   0.968  0.000  0.000
  136 H   0.0324   0.968  0.000  0.000
  137 H   0.0310   0.969  0.000  0.000
  138 H   0.0282   0.972  0.000  0.000
  139 H   0.0334   0.967  0.000  0.000
  140 H   0.0405   0.959  0.000  0.000
 
 Wiberg/Mayer (AO) data. WBOs > 0.1 written file <wbo>
 largest (>0.05) Wiberg bond orders for each atom
           total WBO             WBO to atom ...
     1  MG  2.508    N   34 0.545    N   17 0.475    N   26 0.378    N    6 0.371    C   10 0.058    C   38 0.054    C   18 0.053    C    3 0.052
     2  C   3.901    C    7 1.418    C   38 1.224    C   42 0.966
     3  C   3.915    C   10 1.377    C   18 1.259    H   67 0.943    MG   1 0.052
     4  C   3.927    C   27 1.411    C   21 1.278    H   68 0.932
     5  C   3.916    C   30 1.397    C   35 1.326    H   69 0.928
     6  N   3.320    C   10 1.273    C    7 1.229    MG   1 0.371
     7  C   3.858    C    2 1.418    N    6 1.229    C    8 0.926
     8  C   3.926    C   12 0.953    C    9 0.940    H   70 0.936    C    7 0.926
     9  C   3.931    C   11 0.962    H   71 0.949    C    8 0.940    C   10 0.932
    10  C   3.841    C    3 1.377    N    6 1.273    C    9 0.932    MG   1 0.058
    11  C   3.967    H   72 0.981    H   74 0.976    H   73 0.976    C    9 0.962
    12  C   3.960    C   13 1.007    H   76 0.959    H   75 0.957    C    8 0.953
    13  C   3.969    C   12 1.007    H   78 0.954    H   77 0.938    C   14 0.933    O   15 0.077
    14  C   3.877    O   15 1.818    O   16 1.073    C   13 0.933
    15  O   2.114    C   14 1.818    O   16 0.161    C   13 0.077
    16  O   2.281    C   14 1.073    C   47 0.953    O   15 0.161
    17  N   3.330    C   21 1.236    C   18 1.199    MG   1 0.475    C   20 0.067
    18  C   3.859    C    3 1.259    N   17 1.199    C   19 1.130    MG   1 0.053
    19  C   3.855    C   20 1.430    C   18 1.130    C   22 0.997    O   24 0.062
    20  C   3.875    C   19 1.430    C   21 1.061    C   23 1.048    O   24 0.076    N   17 0.067
    21  C   3.858    C    4 1.278    N   17 1.236    C   20 1.061
    22  C   3.975    C   19 0.997    H   80 0.972    H   79 0.965    H   81 0.963
    23  C   3.899    O   24 1.789    C   20 1.048    C   25 0.968
    24  O   2.121    C   23 1.789    C   20 0.076    C   25 0.072    C   19 0.062
    25  C   3.982    C   23 0.968    H   82 0.967    H   83 0.965    H   84 0.954    O   24 0.072
    26  N   3.343    C   27 1.266    C   30 1.261    MG   1 0.378
    27  C   3.837    C    4 1.411    N   26 1.266    C   28 0.892
    28  C   3.929    C   31 0.986    C   29 0.960    H   85 0.946    C   27 0.892
    29  C   3.925    C   28 0.960    C   32 0.939    H   86 0.935    C   30 0.923
    30  C   3.853    C    5 1.397    N   26 1.261    C   29 0.923    C   36 0.053
    31  C   3.973    C   28 0.986    H   87 0.978    H   88 0.976    H   89 0.973
    32  C   3.953    C   33 1.009    H   91 0.968    H   90 0.964    C   29 0.939
    33  C   3.980    C   32 1.009    H   92 0.985    H   93 0.979    H   94 0.976
    34  N   3.315    C   38 1.229    C   35 1.090    MG   1 0.545    C   37 0.063
    35  C   3.875    C    5 1.326    C   36 1.210    N   34 1.090
    36  C   3.863    C   37 1.372    C   35 1.210    C   39 0.990    C   30 0.053
    37  C   3.897    C   36 1.372    C   38 1.160    C   40 1.023    O   41 0.074    N   34 0.063
    38  C   3.908    N   34 1.229    C    2 1.224    C   37 1.160    MG   1 0.054
    39  C   3.974    C   36 0.990    H   97 0.976    H   95 0.969    H   96 0.961
    40  C   3.889    O   41 1.869    C   37 1.023    C   42 0.855
    41  O   2.205    C   40 1.869    C   42 0.086    C   37 0.074
    42  C   3.939    C    2 0.966    H   98 0.917    C   43 0.895    C   40 0.855    O   41 0.086    O   44 0.078
    43  C   3.888    O   44 1.820    O   45 1.097    C   42 0.895
    44  O   2.139    C   43 1.820    O   45 0.162    C   42 0.078
    45  O   2.302    C   43 1.097    C   46 0.972    O   44 0.162
    46  C   3.943    H   99 0.987    H  101 0.983    H  100 0.983    O   45 0.972
    47  C   3.933    C   48 0.987    H  102 0.965    O   16 0.953    H  103 0.952
    48  C   3.960    C   49 1.911    C   47 0.987    H  104 0.939
    49  C   3.925    C   48 1.911    C   50 0.982    C   51 0.935
    50  C   3.985    C   49 0.982    H  107 0.974    H  106 0.974    H  105 0.972
    51  C   3.967    C   52 0.986    H  108 0.968    H  109 0.967    C   49 0.935
    52  C   3.963    C   51 0.986    H  110 0.970    C   53 0.970    H  111 0.969
    53  C   3.961    C   54 0.977    C   52 0.970    H  113 0.968    H  112 0.959
    54  C   3.936    C   56 0.987    C   53 0.977    C   55 0.965    H  114 0.947
    55  C   3.975    H  115 0.982    H  116 0.981    H  117 0.978    C   54 0.965
    56  C   3.955    C   54 0.987    H  118 0.964    H  119 0.963    C   57 0.959
    57  C   3.951    C   58 0.975    H  121 0.971    H  120 0.969    C   56 0.959
    58  C   3.966    C   59 1.000    C   57 0.975    H  122 0.958    H  123 0.956
    59  C   3.931    C   58 1.000    C   61 0.959    C   60 0.958    H  124 0.949
    60  C   3.971    H  127 0.985    H  126 0.982    H  125 0.980    C   59 0.958
    61  C   3.951    C   62 0.971    H  128 0.965    H  129 0.964    C   59 0.959
    62  C   3.967    C   63 0.995    C   61 0.971    H  130 0.970    H  131 0.970
    63  C   3.964    C   62 0.995    H  133 0.969    H  132 0.963    C   64 0.956
    64  C   3.944    C   66 0.996    C   65 0.993    H  134 0.958    C   63 0.956
    65  C   3.982    C   64 0.993    H  137 0.981    H  135 0.979    H  136 0.976
    66  C   3.983    C   64 0.996    H  138 0.981    H  139 0.977    H  140 0.976
    67  H   0.994    C    3 0.943
    68  H   0.993    C    4 0.932
    69  H   0.992    C    5 0.928
    70  H   0.991    C    8 0.936
    71  H   0.993    C    9 0.949
    72  H   0.997    C   11 0.981
    73  H   0.996    C   11 0.976
    74  H   0.998    C   11 0.976
    75  H   0.997    C   12 0.957
    76  H   0.996    C   12 0.959
    77  H   0.997    C   13 0.938
    78  H   0.998    C   13 0.954
    79  H   0.993    C   22 0.965
    80  H   0.995    C   22 0.972
    81  H   0.993    C   22 0.963
    82  H   0.995    C   25 0.967
    83  H   0.997    C   25 0.965
    84  H   0.997    C   25 0.954
    85  H   0.994    C   28 0.946
    86  H   0.995    C   29 0.935
    87  H   0.997    C   31 0.978
    88  H   0.998    C   31 0.976
    89  H   0.997    C   31 0.973
    90  H   0.997    C   32 0.964
    91  H   0.997    C   32 0.968
    92  H   0.999    C   33 0.985
    93  H   0.999    C   33 0.979
    94  H   0.996    C   33 0.976
    95  H   0.994    C   39 0.969
    96  H   0.992    C   39 0.961
    97  H   0.995    C   39 0.976
    98  H   0.991    C   42 0.917
    99  H   0.996    C   46 0.987
   100  H   0.997    C   46 0.983
   101  H   0.998    C   46 0.983
   102  H   0.997    C   47 0.965
   103  H   0.996    C   47 0.952
   104  H   0.999    C   48 0.939
   105  H   0.999    C   50 0.972
   106  H   0.997    C   50 0.974
   107  H   0.998    C   50 0.974
   108  H   0.998    C   51 0.968
   109  H   0.998    C   51 0.967
   110  H   0.999    C   52 0.970
   111  H   0.999    C   52 0.969
   112  H   0.998    C   53 0.959
   113  H   0.998    C   53 0.968
   114  H   0.998    C   54 0.947
   115  H   0.999    C   55 0.982
   116  H   0.997    C   55 0.981
   117  H   0.999    C   55 0.978
   118  H   0.998    C   56 0.964
   119  H   0.998    C   56 0.963
   120  H   0.998    C   57 0.969
   121  H   0.999    C   57 0.971
   122  H   0.998    C   58 0.958
   123  H   0.998    C   58 0.956
   124  H   0.998    C   59 0.949
   125  H   0.998    C   60 0.980
   126  H   0.999    C   60 0.982
   127  H   0.999    C   60 0.985
   128  H   0.997    C   61 0.965
   129  H   0.999    C   61 0.964
   130  H   0.999    C   62 0.970
   131  H   0.998    C   62 0.970
   132  H   0.999    C   63 0.963
   133  H   0.999    C   63 0.969
   134  H   0.999    C   64 0.958
   135  H   0.999    C   65 0.979
   136  H   0.999    C   65 0.976
   137  H   0.999    C   65 0.981
   138  H   0.999    C   66 0.981
   139  H   0.999    C   66 0.977
   140  H   0.997    C   66 0.976
 
 --------------------------------------------
          xTB calculation for sTDA...
 --------------------------------------------
 
 reading parameter file ~/.param_stda2.xtb
 
      method parameters     
 k(s)        :  1.6000
 k(p)        :  2.1800
 k(d)        :  1.9500
 k(f)        :  2.0000
 k(R-V)      :  2.2750
 k(R-R)      :  1.7650
 Tscal       :  0.2580
 Gscal       :  1.0000
 fpol        :  1.0000
 Zcnf        :  0.3430
 Zqf         :  0.0000
 kcn         :  2.7000
 Ryd Hsplit  :  0.7000
 lshift(virt):  3.1000
 lshift(OS)  :  0.2000
 wllscaling  :  2.6000
 
 mowrcut     : 3.000
 
  Z AO/shell   Hii/eV     exponent
  1     Sun Feb 14 09:53:25 CET 2016    EN: 2.327 GAM: 0.473  GM3: 0.0000
     1s    -14.339618    1.220000
     2sp    -3.348946    0.600000
  6     Sun Feb 14 09:53:25 CET 2016    EN: 2.731 GAM: 0.422  GM3: 0.0000
     2s    -22.009312    1.565095
     2p    -13.020408    1.596905
     3sp    -3.914040    0.824500
  7     Sun Feb 14 09:53:25 CET 2016    EN: 3.573 GAM: 0.504  GM3: 0.0000
     2s    -25.722000    2.064844
     2p    -18.684912    1.801692
     3sp    -4.344791    0.921400
  8     Sun Feb 14 09:53:25 CET 2016    EN: 3.700 GAM: 0.587  GM3: 0.0000
     2s    -33.859000    2.418661
     2p    -22.175911    1.973969
     3sp    -4.259392    1.013700
 12     Sun Feb 21 16:58:31 CET 2016    EN: 0.033 GAM: 0.222  GM3: 0.0000
     3s    -11.092543    1.647583
     3p     -6.929529    0.855020
 
 Nbf   :          894
 T(el) :     0.0
 calculating S/T integrals ...
 cpu time for ints    1.18497700000000     
 Nao   :          894
 making H0...
 making H1...
 cpu time for H      2.045399999999997E-002
 solving ...
 cpu time for diag   0.192155000000000     
 
 gap (eV)           :   4.670
 Koopmans IP (eV)   :  13.361
 Eel (Eh)           :  -301.202732

          eigenvalues
 #    :         164        165        166        167        168        169        170        171
 occ. :        2.000      2.000      2.000      2.000      2.000      2.000      2.000      2.000
 eps  :       -17.318    -17.261    -17.100    -16.391    -16.348    -16.220    -15.966    -15.668
 #    :         172        173        174        175        176        177        178        179
 occ. :        2.000      2.000      2.000      2.000      2.000      0.000      0.000      0.000
 eps  :       -15.468    -15.461    -15.221    -13.957    -13.362     -8.692     -7.073     -6.934
 #    :         180        181        182        183        184        185        186        187
 occ. :        0.000      0.000      0.000      0.000      0.000      0.000      0.000      0.000
 eps  :        -6.784     -6.241     -5.686     -5.612     -5.309     -5.157     -5.058     -5.042
                            1  SCC done.
 writing mo output ...
 molden style : F
 
speedup  1.49
cpu  time for all    1.95 s
wall time for all    1.31 s
