cpu-bind=MASK - bp1-compute139, task 4294967295 4294967295 [0]: mask 0xffffff00ffffff set
Host:    bp1-compute139.data.bp.acrc.priv
Time:    Fri Apr 29 07:23:13 BST 2022
Dir:     /user/home/of15641/chlorophyll_parameterization/tddft_data/step_201_chromophore_2
Job ID:  1658629
Nodelist:
cat: bp1-compute139: No such file or directory
  
Result dir: /user/home/of15641/chlorophyll_parameterization/tddft_data/step_201_chromophore_2
running gaussian jobs
Running time g16 < CAMB3LYP_step_201_chromophore_2.com > CAMB3LYP_step_201_chromophore_2.log

real	24m3.729s
user	565m47.757s
sys	0m24.017s
Running time g16 < PBE0_step_201_chromophore_2.com > PBE0_step_201_chromophore_2.log

real	19m28.760s
user	465m6.917s
sys	0m23.817s
Running time g16 < wB97XD_step_201_chromophore_2.com > wB97XD_step_201_chromophore_2.log

real	24m54.326s
user	585m40.939s
sys	0m26.421s
Running time g16 < BLYP_step_201_chromophore_2.com > BLYP_step_201_chromophore_2.log

real	12m21.624s
user	294m31.865s
sys	0m22.735s
Running time g16 < ZINDO_step_201_chromophore_2.com > ZINDO_step_201_chromophore_2.log

real	0m6.244s
user	2m15.444s
sys	0m2.246s
