cpu-bind=MASK - bp1-compute135, task 4294967295 4294967295 [0]: mask 0xf11efffef11efffe set
Host:    bp1-compute135.data.bp.acrc.priv
Time:    Wed May  4 18:24:00 BST 2022
Dir:     /user/home/of15641/chlorophyll_parameterization/tddft_data/step_351_chromophore_19
Job ID:  1692277
Nodelist:
cat: bp1-compute135: No such file or directory
  
Result dir: /user/home/of15641/chlorophyll_parameterization/tddft_data/step_351_chromophore_19
running gaussian jobs
Running time g16 < CAMB3LYP_step_351_chromophore_19.com > CAMB3LYP_step_351_chromophore_19.log

real	38m33.321s
user	912m51.148s
sys	0m48.375s
Running time g16 < PBE0_step_351_chromophore_19.com > PBE0_step_351_chromophore_19.log

real	26m40.746s
user	637m44.933s
sys	0m44.723s
Running time g16 < wB97XD_step_351_chromophore_19.com > wB97XD_step_351_chromophore_19.log

real	43m10.426s
user	1023m34.961s
sys	1m1.816s
Running time g16 < BLYP_step_351_chromophore_19.com > BLYP_step_351_chromophore_19.log

real	19m33.230s
user	466m55.736s
sys	0m36.717s
Running time g16 < ZINDO_step_351_chromophore_19.com > ZINDO_step_351_chromophore_19.log

real	0m7.287s
user	2m38.957s
sys	0m2.297s
