cpu-bind=MASK - bp1-compute156, task 4294967295 4294967295 [0]: mask 0xffffff00ffffff set
Host:    bp1-compute156.data.bp.acrc.priv
Time:    Fri Apr 29 09:03:04 BST 2022
Dir:     /user/home/of15641/chlorophyll_parameterization/tddft_data/step_251_chromophore_15
Job ID:  1658651
Nodelist:
cat: bp1-compute156: No such file or directory
  
Result dir: /user/home/of15641/chlorophyll_parameterization/tddft_data/step_251_chromophore_15
running gaussian jobs
Running time g16 < CAMB3LYP_step_251_chromophore_15.com > CAMB3LYP_step_251_chromophore_15.log

real	27m48.107s
user	654m5.846s
sys	0m42.582s
Running time g16 < PBE0_step_251_chromophore_15.com > PBE0_step_251_chromophore_15.log

real	18m13.012s
user	434m37.796s
sys	0m34.036s
Running time g16 < wB97XD_step_251_chromophore_15.com > wB97XD_step_251_chromophore_15.log

real	28m8.045s
user	661m49.672s
sys	0m39.800s
Running time g16 < BLYP_step_251_chromophore_15.com > BLYP_step_251_chromophore_15.log

real	14m23.354s
user	342m31.785s
sys	0m37.758s
Running time g16 < ZINDO_step_251_chromophore_15.com > ZINDO_step_251_chromophore_15.log

real	0m7.155s
user	2m37.240s
sys	0m2.476s
