cpu-bind=MASK - bp1-compute070, task 4294967295 4294967295 [0]: mask 0xffffffffffff set
Host:    bp1-compute070.data.bp.acrc.priv
Time:    Fri Apr 29 11:28:10 BST 2022
Dir:     /user/home/of15641/chlorophyll_parameterization/tddft_data/step_301_chromophore_13
Job ID:  1658676
Nodelist:
cat: bp1-compute070: No such file or directory
  
Result dir: /user/home/of15641/chlorophyll_parameterization/tddft_data/step_301_chromophore_13
running gaussian jobs
Running time g16 < CAMB3LYP_step_301_chromophore_13.com > CAMB3LYP_step_301_chromophore_13.log

real	27m27.986s
user	646m45.911s
sys	0m43.214s
Running time g16 < PBE0_step_301_chromophore_13.com > PBE0_step_301_chromophore_13.log

real	21m29.308s
user	513m4.822s
sys	0m46.154s
Running time g16 < wB97XD_step_301_chromophore_13.com > wB97XD_step_301_chromophore_13.log

real	32m15.999s
user	759m52.305s
sys	0m57.508s
Running time g16 < BLYP_step_301_chromophore_13.com > BLYP_step_301_chromophore_13.log

real	11m25.362s
user	272m24.954s
sys	0m24.053s
Running time g16 < ZINDO_step_301_chromophore_13.com > ZINDO_step_301_chromophore_13.log

real	0m9.904s
user	3m36.500s
sys	0m3.693s
