cpu-bind=MASK - bp1-compute179, task 4294967295 4294967295 [0]: mask 0x3fffffc03fffffc set
Host:    bp1-compute179.data.bp.acrc.priv
Time:    Thu May  5 11:12:33 BST 2022
Dir:     /user/home/of15641/chlorophyll_parameterization/tddft_data/step_851_chromophore_4
Job ID:  1692436
Nodelist:
cat: bp1-compute179: No such file or directory
  
Result dir: /user/home/of15641/chlorophyll_parameterization/tddft_data/step_851_chromophore_4
running gaussian jobs
Running time g16 < CAMB3LYP_step_851_chromophore_4.com > CAMB3LYP_step_851_chromophore_4.log

real	34m50.594s
user	823m40.894s
sys	0m26.399s
Running time g16 < PBE0_step_851_chromophore_4.com > PBE0_step_851_chromophore_4.log

real	21m56.694s
user	524m43.316s
sys	0m19.137s
Running time g16 < wB97XD_step_851_chromophore_4.com > wB97XD_step_851_chromophore_4.log

real	37m46.548s
user	893m23.830s
sys	0m27.680s
Running time g16 < BLYP_step_851_chromophore_4.com > BLYP_step_851_chromophore_4.log

real	16m44.341s
user	398m51.112s
sys	0m22.813s
Running time g16 < ZINDO_step_851_chromophore_4.com > ZINDO_step_851_chromophore_4.log

real	0m7.359s
user	2m42.143s
sys	0m2.365s
