 
        ______________________________________
       |                                      |
       |          ===================         |
       |             xTB for sTDA             |
       |          ===================         |
       |               S. Grimme              |
       |        Universitaet Bonn, MCTC       |
       |         2015-19, Version 1.0         |
       |     Wed Apr  3 09:14:55 CEST 2019    |
       |______________________________________|
 
        This code comes without any warranty
        for non-commercial, academia use only.
        Preliminary test version.
        Cite this work as:
        S. Grimme  &  C. Bannwarth, JCP 145 (2016) 054103
        if GBSA is used additionally:
        P. Shushkov, F. März, C. Bannwarth, S. Grimme, unpublished.
 
        with help from
        P. Shushkov, G. Brandenburg, S. Dohm, J. Pisarek,
        F. März, M. Checinski, S. Ehrlich, S. Spicher, 
        P. Pracht, E. Caldeweyher, S. Ehlert, and C. Bannwarth.
 
        usage        :
        xtb4stda <coord_file> [options]
        where <coord_file> is a valid file of TM)
        (*coord, Bohr) or xmol (*xyz, Angstroem)
        format.

        options:
        -chrg <int>   : molecular charge
        -uhf  <int>   : # of unpaired electrons(=2*S)
        -nox          : skip second, extended part in sTDA-xTB
        -pop          : do population analysis
                      : (default for -nox)
        -mowr <real>  : cut MO write above (def.3 Eh)
        -molden       : write formatted molden file
        -parx <file>  : read parameters for sTDA-xTB
                        calc (def:~/.param_stda2.xtb)
        -parv <file>  : read parameters for vTB part in
                        sTDA-xTB (def: ~/.param_stda1.xtb)
        -xtemp <real> : el. temp for xTB (def. 0 K)
        -etemp <real> : el. temp for GFN (def. 300 K)
        -fod          : calculate the FOD and write
                        molden.input file with
                        appropriate occupations
                        for plotting. Def. T=12500 K
 
        -acc <real>   : xTB accuracy (def. 1.0)
        -gbsa [string1] [string2]
                        use GBSA implicit solvent
                        for solvent [string1] and
                        solvation state [string2]=
                        reference, bar1M (default=1M)
        additional GFN/opt/MD/siman options read from
        $XTB4STDAHOME/.xtb4stdarc or $set in input
 
       spin and charge state information can be on:
       <.CHRG> (charge) and <.UHF> (=nalpha-nbeta)
       -uhf and -chrg override the file info.
       useful machine settings:
       setenv MKL_NUM_THREADS <NCORE_ON_YOUR_MACHINE>
       setenv OMP_STACKSIZE 500m
       limit stacksize unlimited
 
       total energies in Eh, gaps/HL energies in eV
       please read REVISION and HOWTO files carefully
 =============================
  # OMP threads =           4
 =============================
 
 xtb4stdahome directory:~/
 
 
 name of molecule           :
 comment line               :
 number of atoms            :   140
 number of electrons        :   352
 charge                     :  0
 spin                       : 0.0
 first test random number   :  0.9073
 
 -----------------------------------------
      charge density (VTB) calculation
 -----------------------------------------
 
      method parameters     
 k(s)        :  1.8000
 k(p)        :  2.8350
 k(d)        :  2.0860
 k(f)        :  2.0000
 Tscal       :  0.3300
 Gscal       :  0.3910
 fpol        :  1.0000
 Zcnf        :  0.6500
 Zqf         :  0.0000
 kcn         :  0.3000
 kEN1        : -0.5900
 wllscal     :  2.6000
 
     -------------------------
     ! NO SOLVENT MODEL USED !
     -------------------------
 
 doing EN charges ...
 sum q :  0.3108624D-14
 point charge moment (au)
     X       Y       Z   
  -0.2015   0.5425   0.5391  total (Debye):    2.010
 
            Z      q(EN)   CN      Cart. coordinates
     1  MG  2.0   0.958   4.846    31.01229    98.95928    48.31273
     2  C   4.0   0.018   3.244    34.04908    96.16437    53.47924
     3  C   4.0  -0.056   3.162    26.31254   101.04554    52.22069
     4  C   4.0  -0.059   3.180    27.93960   100.98318    43.25961
     5  C   4.0  -0.057   3.134    35.86133    96.35524    44.39722
     6  N   5.0  -0.383   3.132    30.26774    98.52842    52.41155
     7  C   4.0   0.097   3.364    31.77385    97.44561    54.23702
     8  C   4.0  -0.096   4.171    30.83277    98.13725    56.85618
     9  C   4.0  -0.094   4.138    28.10211    99.22006    56.32328
    10  C   4.0   0.112   3.403    28.35723    99.77564    53.42633
    11  C   4.0  -0.238   4.040    25.98751    97.35301    56.89776
    12  C   4.0  -0.162   4.060    32.84344    99.82855    58.24324
    13  C   4.0  -0.169   4.050    31.87212   100.95861    60.77359
    14  C   4.0   0.184   3.107    29.92948    99.42037    62.20600
    15  O   6.0  -0.095   1.049    30.22428    97.17160    62.75780
    16  O   6.0  -0.136   2.075    27.82055   100.69594    62.75024
    17  N   5.0  -0.486   3.205    27.72795   100.73184    47.83463
    18  C   4.0   0.064   3.500    25.90625   101.28175    49.64310
    19  C   4.0   0.015   3.227    23.64803   102.45149    48.50927
    20  C   4.0   0.003   3.279    24.20550   102.48173    45.86743
    21  C   4.0   0.078   3.511    26.70561   101.34978    45.57452
    22  C   4.0  -0.249   4.028    21.48240   103.39069    50.01916
    23  C   4.0   0.094   3.056    22.50664   103.46816    43.80574
    24  O   6.0  -0.087   1.055    23.18505   103.50218    41.51917
    25  C   4.0  -0.248   4.032    19.96873   104.60389    44.40100
    26  N   5.0  -0.407   3.135    31.87023    98.78542    44.35376
    27  C   4.0   0.103   3.378    30.22995    99.79643    42.73048
    28  C   4.0  -0.091   4.097    31.07276    99.22573    39.89967
    29  C   4.0  -0.093   4.095    33.67114    97.61568    40.27006
    30  C   4.0   0.092   3.346    33.81287    97.54576    43.15567
    31  C   4.0  -0.237   4.017    28.86556    97.73663    38.53340
    32  C   4.0  -0.163   4.028    36.12589    98.94794    39.17024
    33  C   4.0  -0.237   3.998    36.67580    98.46795    36.32242
    34  N   5.0  -0.401   3.147    34.17569    96.66137    48.68879
    35  C   4.0   0.063   3.379    36.12400    95.91115    47.00315
    36  C   4.0   0.014   3.207    38.16868    94.48819    48.46391
    37  C   4.0   0.003   3.299    37.38256    94.41449    50.97158
    38  C   4.0   0.067   3.610    35.00528    95.90548    51.02449
    39  C   4.0  -0.247   4.021    40.60076    93.44317    47.46803
    40  C   4.0   0.101   3.141    37.99672    93.64537    53.51704
    41  O   6.0  -0.093   1.038    39.79763    92.45295    54.40143
    42  C   4.0  -0.112   4.167    36.01440    95.05510    55.34062
    43  C   4.0   0.179   3.103    34.87111    93.30900    57.29082
    44  O   6.0  -0.111   1.047    33.03241    92.02776    56.92799
    45  O   6.0  -0.104   2.018    35.95393    93.71340    59.69833
    46  C   4.0  -0.198   4.016    34.51773    92.82523    61.90553
    47  C   4.0  -0.131   4.083    25.90625    99.45817    64.24501
    48  C   4.0  -0.054   3.117    24.54754   101.67104    65.41286
    49  C   4.0   0.021   3.086    23.65181   101.79198    67.81660
    50  C   4.0  -0.250   4.047    23.62535    99.86824    69.90663
    51  C   4.0  -0.178   4.104    22.76931   104.33366    68.74634
    52  C   4.0  -0.164   4.056    19.87425   104.44704    69.04492
    53  C   4.0  -0.164   4.072    18.59868   106.79219    67.67298
    54  C   4.0  -0.089   4.060    17.22296   108.41925    69.55703
    55  C   4.0  -0.239   4.052    14.63215   107.21927    70.23544
    56  C   4.0  -0.164   4.070    16.83935   111.19147    68.82004
    57  C   4.0  -0.164   4.049    19.27709   112.82609    68.43076
    58  C   4.0  -0.166   4.090    19.84401   113.57253    65.77947
    59  C   4.0  -0.089   4.071    19.90826   116.47893    65.37129
    60  C   4.0  -0.241   4.089    18.96718   117.13088    62.82394
    61  C   4.0  -0.166   4.113    22.55388   117.60520    65.58861
    62  C   4.0  -0.162   4.041    22.65214   120.10720    67.00779
    63  C   4.0  -0.164   4.072    24.40959   122.05362    65.69254
    64  C   4.0  -0.087   4.017    27.32166   121.53583    65.65097
    65  C   4.0  -0.238   4.035    28.85423   123.42934    67.19110
    66  C   4.0  -0.238   4.037    28.15881   121.30718    62.84851
    67  H   1.0   0.071   1.007    24.93115   101.49529    53.68711
    68  H   1.0   0.072   1.008    26.90214   101.62946    41.59665
    69  H   1.0   0.070   1.005    37.28807    95.34423    43.30118
    70  H   1.0   0.086   1.010    30.70427    96.39492    57.94467
    71  H   1.0   0.084   1.007    27.66181   101.01341    57.23791
    72  H   1.0   0.081   1.000    24.76108    98.30543    58.25080
    73  H   1.0   0.081   1.000    26.83411    95.58234    57.52137
    74  H   1.0   0.081   0.999    24.68360    97.11491    55.32173
    75  H   1.0   0.083   1.004    33.51807   101.00207    56.69178
    76  H   1.0   0.083   1.005    34.42325    98.57000    58.64198
    77  H   1.0   0.082   1.005    31.10867   102.78408    60.20100
    78  H   1.0   0.082   1.004    33.49350   101.21750    62.01703
    79  H   1.0   0.081   1.004    19.94984   102.16236    49.39933
    80  H   1.0   0.080   0.999    21.11013   105.39758    49.74704
    81  H   1.0   0.080   0.998    21.50886   103.18093    52.06951
    82  H   1.0   0.081   1.000    20.24652   106.30275    45.52917
    83  H   1.0   0.081   1.006    19.13914   102.98628    45.37232
    84  H   1.0   0.080   0.997    18.74608   105.01018    42.79473
    85  H   1.0   0.083   1.006    31.42236   101.14758    39.24205
    86  H   1.0   0.083   1.009    33.59744    95.58990    39.89589
    87  H   1.0   0.080   0.998    27.23851    97.33222    39.72960
    88  H   1.0   0.080   0.998    29.56476    95.92249    37.85121
    89  H   1.0   0.080   0.999    28.17014    99.01030    37.07264
    90  H   1.0   0.081   1.001    37.76239    98.70795    40.39667
    91  H   1.0   0.082   1.005    35.76117   100.96995    39.30252
    92  H   1.0   0.080   0.999    36.81753   100.31799    35.43047
    93  H   1.0   0.080   0.999    35.19993    97.24341    35.57031
    94  H   1.0   0.079   0.997    38.47671    97.50986    36.03329
    95  H   1.0   0.080   1.001    42.08609    94.68472    48.17289
    96  H   1.0   0.080   0.999    40.56108    93.38270    45.40822
    97  H   1.0   0.080   0.997    41.16579    91.56289    48.08975
    98  H   1.0   0.085   1.008    37.05753    96.59334    56.22691
    99  H   1.0   0.080   0.996    34.85977    90.79566    61.96978
   100  H   1.0   0.081   0.997    32.55809    93.45262    61.80349
   101  H   1.0   0.080   0.996    35.31520    93.80033    63.53448
   102  H   1.0   0.082   1.001    26.59411    98.14859    65.67932
   103  H   1.0   0.082   1.001    24.57211    98.36402    63.11874
   104  H   1.0   0.071   1.004    24.57589   103.37746    64.26013
   105  H   1.0   0.081   1.001    21.64303    99.37691    70.17308
   106  H   1.0   0.080   0.998    24.46628   100.47484    71.68675
   107  H   1.0   0.080   1.000    24.64014    98.20528    69.23578
   108  H   1.0   0.083   1.005    23.27009   105.91347    67.52369
   109  H   1.0   0.082   1.004    23.52520   104.75885    70.61528
   110  H   1.0   0.082   1.006    19.67772   104.66247    71.08393
   111  H   1.0   0.082   1.003    19.09190   102.65936    68.38729
   112  H   1.0   0.082   1.004    17.33257   105.90969    66.30859
   113  H   1.0   0.082   1.003    19.91960   107.91280    66.55804
   114  H   1.0   0.084   1.012    18.43050   108.33232    71.22377
   115  H   1.0   0.081   1.001    15.12726   105.67348    71.50156
   116  H   1.0   0.080   0.997    13.66650   106.09488    68.80492
   117  H   1.0   0.080   0.998    13.30178   108.55720    71.06125
   118  H   1.0   0.082   1.005    15.62236   111.90390    70.32048
   119  H   1.0   0.083   1.006    15.75653   111.06297    67.07393
   120  H   1.0   0.082   1.004    20.97218   111.97949    69.23578
   121  H   1.0   0.082   1.005    19.19584   114.57786    69.51168
   122  H   1.0   0.083   1.007    18.31522   112.78451    64.64752
   123  H   1.0   0.083   1.005    21.70917   112.82420    65.32405
   124  H   1.0   0.084   1.010    18.68561   117.20836    66.86039
   125  H   1.0   0.081   0.998    19.86102   118.68046    61.80349
   126  H   1.0   0.081   1.001    16.96974   117.57875    63.04882
   127  H   1.0   0.081   1.000    19.12970   115.56808    61.49168
   128  H   1.0   0.084   1.007    23.25497   117.85087    63.66676
   129  H   1.0   0.083   1.004    23.87669   116.33720    66.52780
   130  H   1.0   0.081   1.002    23.23607   119.82941    68.96366
   131  H   1.0   0.081   1.002    20.73974   120.81207    67.31960
   132  H   1.0   0.082   1.004    23.98251   123.82429    66.65819
   133  H   1.0   0.082   1.003    23.77842   122.48448    63.78014
   134  H   1.0   0.083   1.010    27.55787   119.80863    66.74890
   135  H   1.0   0.080   0.999    29.85956   124.73514    65.95522
   136  H   1.0   0.080   0.998    30.23373   122.50337    68.40997
   137  H   1.0   0.080   0.999    27.62212   124.42145    68.51201
   138  H   1.0   0.080   0.998    27.17237   122.56007    61.54648
   139  H   1.0   0.080   0.998    28.22684   119.31163    62.34206
   140  H   1.0   0.080   1.000    30.06932   122.07630    62.77859
 
  Z AO/shell   Hii/eV     exponent
  1     Sat Feb 20 21:38:01 CET 2016    EN: 2.327 GAM: 0.473  GM3: 0.0000
     1s    -13.751157    1.051071
  6     Sat Feb 20 21:38:01 CET 2016    EN: 2.731 GAM: 0.422  GM3: 0.0000
     2s    -19.378245    2.021003
     2p    -11.993376    1.497917
  7     Sat Feb 20 21:38:01 CET 2016    EN: 3.573 GAM: 0.504  GM3: 0.0000
     2s    -21.576984    2.275442
     2p    -16.125120    2.056788
  8     Sat Feb 20 21:38:01 CET 2016    EN: 3.700 GAM: 0.587  GM3: 0.0000
     2s    -21.648843    2.110798
     2p    -17.239740    2.329048
 12     Sat Feb 20 23:25:47 CET 2016    EN: 0.033 GAM: 0.222  GM3: 0.0000
     3s    -12.693633    1.302878
     3p     -8.128821    0.504252
 
 dipole moment of classical point charges (au)
     X       Y       Z   
  -0.2015   0.5425   0.5391  total (Debye):    2.010

 
 Nbf   :          338
 T(el) :   300.0
 calculating S/T integrals ...
 cpu time for ints   0.133105000000000     
 Nao   :          338
 making H0...
 making H1...
 cpu time for H      4.862000000000005E-003
 solving ...
 cpu time for diag   6.559299999999998E-002
 
 gap (eV)           :   1.367
 Koopmans IP (eV)   :  11.868
 Eel (Eh)           :  -268.394634
 T,E(Fermi),NFOD :    300.000   -11.185  0.000000
 T,E(Fermi),NFOD :    300.000   -11.185  0.000000
 Nfod               :  0.0000
 Nfod/Nel           :  0.0000

          eigenvalues
 #    :         164        165        166        167        168        169        170        171
 occ. :        2.000      2.000      2.000      2.000      2.000      2.000      2.000      2.000
 eps  :       -16.224    -16.199    -16.115    -15.884    -15.749    -15.586    -15.485    -15.126
 #    :         172        173        174        175        176        177        178        179
 occ. :        2.000      2.000      2.000      2.000      2.000      0.000      0.000      0.000
 eps  :       -14.863    -14.728    -14.660    -13.234    -11.869    -10.502     -9.613     -8.954
 #    :         180        181        182        183        184        185        186        187
 occ. :        0.000      0.000      0.000      0.000      0.000      0.000      0.000      0.000
 eps  :        -8.515     -8.335     -8.101     -7.619     -7.465     -7.390     -7.221     -6.961
                            1  SCC done.
 making H1...
 cpu time for H      8.048600000000000E-002
 solving ...
 cpu time for diag   3.289799999999998E-002
 
 gap (eV)           :   1.608
 Koopmans IP (eV)   :  11.749
 Eel (Eh)           :  -265.613864
 T,E(Fermi),NFOD :    300.000   -10.946  0.000000
 T,E(Fermi),NFOD :    300.000   -10.946  0.000000
 Nfod               :  0.0000
 Nfod/Nel           :  0.0000

          eigenvalues
 #    :         164        165        166        167        168        169        170        171
 occ. :        2.000      2.000      2.000      2.000      2.000      2.000      2.000      2.000
 eps  :       -15.213    -15.136    -15.005    -14.803    -14.615    -14.494    -14.374    -14.318
 #    :         172        173        174        175        176        177        178        179
 occ. :        2.000      2.000      2.000      2.000      2.000      0.000      0.000      0.000
 eps  :       -14.005    -13.962    -13.799    -12.646    -11.750    -10.143     -9.022     -8.579
 #    :         180        181        182        183        184        185        186        187
 occ. :        0.000      0.000      0.000      0.000      0.000      0.000      0.000      0.000
 eps  :        -8.403     -8.094     -7.949     -7.471     -7.385     -7.110     -7.008     -6.833
                            2  SCC done.
 
 
 Mulliken/CM5 charges    n(s)   n(p)   n(d)   
    1 MG  0.3028  0.7866   0.662  1.035  0.000
    2 C   0.0016  0.0051   1.185  2.813  0.000
    3 C  -0.0528 -0.0955   1.132  2.921  0.000
    4 C  -0.0321 -0.0736   1.119  2.914  0.000
    5 C  -0.0356 -0.0776   1.129  2.907  0.000
    6 N  -0.1590 -0.4168   1.408  3.751  0.000
    7 C   0.0275  0.0868   1.244  2.728  0.000
    8 C  -0.0297 -0.0842   1.205  2.824  0.000
    9 C  -0.0302 -0.0883   1.200  2.831  0.000
   10 C   0.0272  0.0921   1.231  2.742  0.000
   11 C  -0.0859 -0.2342   1.101  2.985  0.000
   12 C  -0.0561 -0.1629   1.159  2.897  0.000
   13 C  -0.0465 -0.1451   1.137  2.910  0.000
   14 C   0.2264  0.2767   1.175  2.598  0.000
   15 O  -0.2976 -0.3526   1.626  4.671  0.000
   16 O  -0.1274 -0.2105   1.469  4.658  0.000
   17 N  -0.2206 -0.5296   1.383  3.838  0.000
   18 C   0.0193  0.0775   1.194  2.787  0.000
   19 C  -0.0396 -0.0464   1.219  2.821  0.000
   20 C  -0.0464 -0.0416   1.197  2.849  0.000
   21 C   0.0526  0.1167   1.191  2.756  0.000
   22 C  -0.0667 -0.2118   1.072  2.995  0.000
   23 C   0.1161  0.1353   1.223  2.661  0.000
   24 O  -0.2691 -0.3193   1.630  4.639  0.000
   25 C  -0.0826 -0.2249   1.089  2.994  0.000
   26 N  -0.1652 -0.4352   1.396  3.769  0.000
   27 C   0.0404  0.1023   1.230  2.730  0.000
   28 C  -0.0263 -0.0823   1.225  2.801  0.000
   29 C  -0.0268 -0.0818   1.219  2.807  0.000
   30 C   0.0406  0.0971   1.231  2.728  0.000
   31 C  -0.0817 -0.2286   1.104  2.978  0.000
   32 C  -0.0637 -0.1729   1.159  2.905  0.000
   33 C  -0.0888 -0.2395   1.095  2.994  0.000
   34 N  -0.1874 -0.4569   1.411  3.777  0.000
   35 C   0.0170  0.0711   1.222  2.761  0.000
   36 C   0.0042 -0.0017   1.222  2.774  0.000
   37 C  -0.0443 -0.0389   1.181  2.864  0.000
   38 C   0.0168  0.0819   1.209  2.774  0.000
   39 C  -0.0634 -0.2069   1.075  2.988  0.000
   40 C   0.1401  0.1715   1.207  2.653  0.000
   41 O  -0.2214 -0.2622   1.634  4.587  0.000
   42 C  -0.0428 -0.0863   1.209  2.833  0.000
   43 C   0.2295  0.2828   1.184  2.587  0.000
   44 O  -0.2399 -0.2883   1.621  4.619  0.000
   45 O  -0.1826 -0.2650   1.490  4.693  0.000
   46 C   0.0042 -0.1194   1.104  2.892  0.000
   47 C   0.0624 -0.0159   1.119  2.819  0.000
   48 C  -0.0799 -0.1351   1.164  2.916  0.000
   49 C  -0.0185 -0.0427   1.207  2.812  0.000
   50 C  -0.0810 -0.2270   1.080  3.001  0.000
   51 C  -0.0733 -0.1809   1.140  2.933  0.000
   52 C  -0.0769 -0.1896   1.165  2.912  0.000
   53 C  -0.0724 -0.1831   1.155  2.917  0.000
   54 C  -0.0197 -0.0949   1.196  2.824  0.000
   55 C  -0.1111 -0.2619   1.103  3.008  0.000
   56 C  -0.0647 -0.1744   1.157  2.908  0.000
   57 C  -0.0646 -0.1778   1.142  2.923  0.000
   58 C  -0.0624 -0.1751   1.151  2.912  0.000
   59 C  -0.0161 -0.0919   1.193  2.823  0.000
   60 C  -0.1011 -0.2526   1.096  3.005  0.000
   61 C  -0.0773 -0.1881   1.152  2.925  0.000
   62 C  -0.0645 -0.1771   1.149  2.916  0.000
   63 C  -0.0834 -0.1936   1.164  2.919  0.000
   64 C  -0.0169 -0.0918   1.193  2.824  0.000
   65 C  -0.0998 -0.2507   1.103  2.997  0.000
   66 C  -0.0950 -0.2448   1.103  2.992  0.000
   67 H   0.0591  0.1188   0.941  0.000  0.000
   68 H   0.0629  0.1302   0.937  0.000  0.000
   69 H   0.0535  0.1118   0.947  0.000  0.000
   70 H   0.0514  0.1208   0.949  0.000  0.000
   71 H   0.0441  0.1063   0.956  0.000  0.000
   72 H   0.0349  0.0885   0.965  0.000  0.000
   73 H   0.0490  0.1034   0.951  0.000  0.000
   74 H   0.0392  0.0928   0.961  0.000  0.000
   75 H   0.0478  0.1060   0.952  0.000  0.000
   76 H   0.0400  0.1011   0.960  0.000  0.000
   77 H   0.0337  0.0942   0.966  0.000  0.000
   78 H   0.0581  0.1162   0.942  0.000  0.000
   79 H   0.0520  0.1062   0.948  0.000  0.000
   80 H   0.0538  0.1064   0.946  0.000  0.000
   81 H   0.0501  0.1022   0.950  0.000  0.000
   82 H   0.0523  0.1063   0.948  0.000  0.000
   83 H   0.0483  0.1046   0.952  0.000  0.000
   84 H   0.0505  0.1045   0.949  0.000  0.000
   85 H   0.0583  0.1185   0.942  0.000  0.000
   86 H   0.0611  0.1220   0.939  0.000  0.000
   87 H   0.0456  0.0987   0.954  0.000  0.000
   88 H   0.0396  0.0918   0.960  0.000  0.000
   89 H   0.0404  0.0924   0.960  0.000  0.000
   90 H   0.0440  0.0999   0.956  0.000  0.000
   91 H   0.0292  0.0864   0.971  0.000  0.000
   92 H   0.0411  0.0928   0.959  0.000  0.000
   93 H   0.0353  0.0878   0.965  0.000  0.000
   94 H   0.0308  0.0817   0.969  0.000  0.000
   95 H   0.0525  0.1055   0.947  0.000  0.000
   96 H   0.0425  0.0951   0.958  0.000  0.000
   97 H   0.0542  0.1061   0.946  0.000  0.000
   98 H   0.0638  0.1301   0.936  0.000  0.000
   99 H   0.0528  0.1142   0.947  0.000  0.000
  100 H   0.0587  0.1246   0.941  0.000  0.000
  101 H   0.0463  0.1061   0.954  0.000  0.000
  102 H   0.0610  0.1269   0.939  0.000  0.000
  103 H   0.0566  0.1194   0.943  0.000  0.000
  104 H   0.0413  0.1026   0.959  0.000  0.000
  105 H   0.0456  0.0991   0.954  0.000  0.000
  106 H   0.0497  0.1017   0.950  0.000  0.000
  107 H   0.0374  0.0908   0.963  0.000  0.000
  108 H   0.0320  0.0896   0.968  0.000  0.000
  109 H   0.0398  0.0964   0.960  0.000  0.000
  110 H   0.0330  0.0906   0.967  0.000  0.000
  111 H   0.0346  0.0913   0.965  0.000  0.000
  112 H   0.0254  0.0819   0.975  0.000  0.000
  113 H   0.0378  0.0949   0.962  0.000  0.000
  114 H   0.0301  0.0916   0.970  0.000  0.000
  115 H   0.0316  0.0848   0.968  0.000  0.000
  116 H   0.0317  0.0833   0.968  0.000  0.000
  117 H   0.0374  0.0894   0.963  0.000  0.000
  118 H   0.0416  0.0982   0.958  0.000  0.000
  119 H   0.0295  0.0875   0.970  0.000  0.000
  120 H   0.0332  0.0893   0.967  0.000  0.000
  121 H   0.0323  0.0895   0.968  0.000  0.000
  122 H   0.0375  0.0963   0.962  0.000  0.000
  123 H   0.0331  0.0903   0.967  0.000  0.000
  124 H   0.0378  0.0992   0.962  0.000  0.000
  125 H   0.0401  0.0927   0.960  0.000  0.000
  126 H   0.0269  0.0798   0.973  0.000  0.000
  127 H   0.0267  0.0798   0.973  0.000  0.000
  128 H   0.0324  0.0918   0.968  0.000  0.000
  129 H   0.0267  0.0836   0.973  0.000  0.000
  130 H   0.0268  0.0821   0.973  0.000  0.000
  131 H   0.0351  0.0908   0.965  0.000  0.000
  132 H   0.0268  0.0829   0.973  0.000  0.000
  133 H   0.0294  0.0861   0.971  0.000  0.000
  134 H   0.0337  0.0940   0.966  0.000  0.000
  135 H   0.0288  0.0812   0.971  0.000  0.000
  136 H   0.0348  0.0861   0.965  0.000  0.000
  137 H   0.0334  0.0859   0.967  0.000  0.000
  138 H   0.0426  0.0945   0.957  0.000  0.000
  139 H   0.0412  0.0930   0.959  0.000  0.000
  140 H   0.0301  0.0830   0.970  0.000  0.000
 Hirshfeld charges for QMDFF written to <charges>
 
 Loewdin charges    n(s)   n(p)   n(d)
    1 MG  0.1395   0.675  1.186  0.000
    2 C   0.0038   1.145  2.851  0.000
    3 C  -0.0496   1.079  2.971  0.000
    4 C  -0.0307   1.065  2.965  0.000
    5 C  -0.0338   1.077  2.957  0.000
    6 N  -0.1221   1.362  3.760  0.000
    7 C   0.0278   1.210  2.763  0.000
    8 C  -0.0233   1.158  2.865  0.000
    9 C  -0.0218   1.152  2.870  0.000
   10 C   0.0294   1.195  2.776  0.000
   11 C  -0.0888   1.029  3.060  0.000
   12 C  -0.0507   1.101  2.950  0.000
   13 C  -0.0457   1.077  2.968  0.000
   14 C   0.2039   1.149  2.647  0.000
   15 O  -0.2857   1.598  4.688  0.000
   16 O  -0.0888   1.432  4.657  0.000
   17 N  -0.1846   1.338  3.847  0.000
   18 C   0.0211   1.155  2.824  0.000
   19 C  -0.0283   1.177  2.851  0.000
   20 C  -0.0542   1.161  2.893  0.000
   21 C   0.0585   1.151  2.791  0.000
   22 C  -0.0681   0.997  3.071  0.000
   23 C   0.1177   1.186  2.696  0.000
   24 O  -0.2570   1.603  4.654  0.000
   25 C  -0.0875   1.016  3.071  0.000
   26 N  -0.1284   1.350  3.778  0.000
   27 C   0.0455   1.192  2.762  0.000
   28 C  -0.0176   1.180  2.838  0.000
   29 C  -0.0189   1.173  2.846  0.000
   30 C   0.0447   1.194  2.761  0.000
   31 C  -0.0824   1.032  3.051  0.000
   32 C  -0.0592   1.101  2.958  0.000
   33 C  -0.0894   1.022  3.067  0.000
   34 N  -0.1555   1.369  3.786  0.000
   35 C   0.0185   1.186  2.795  0.000
   36 C   0.0133   1.181  2.806  0.000
   37 C  -0.0520   1.144  2.908  0.000
   38 C   0.0210   1.171  2.808  0.000
   39 C  -0.0640   1.000  3.064  0.000
   40 C   0.1348   1.173  2.692  0.000
   41 O  -0.2067   1.605  4.602  0.000
   42 C  -0.0441   1.163  2.881  0.000
   43 C   0.2055   1.158  2.636  0.000
   44 O  -0.2231   1.589  4.635  0.000
   45 O  -0.1514   1.458  4.693  0.000
   46 C  -0.0020   1.033  2.969  0.000
   47 C   0.0593   1.061  2.879  0.000
   48 C  -0.0785   1.116  2.963  0.000
   49 C  -0.0075   1.165  2.843  0.000
   50 C  -0.0835   1.006  3.078  0.000
   51 C  -0.0718   1.081  2.991  0.000
   52 C  -0.0738   1.108  2.966  0.000
   53 C  -0.0704   1.098  2.972  0.000
   54 C  -0.0093   1.147  2.862  0.000
   55 C  -0.1157   1.033  3.083  0.000
   56 C  -0.0620   1.100  2.962  0.000
   57 C  -0.0613   1.083  2.978  0.000
   58 C  -0.0604   1.093  2.968  0.000
   59 C  -0.0061   1.144  2.862  0.000
   60 C  -0.1058   1.026  3.080  0.000
   61 C  -0.0765   1.095  2.982  0.000
   62 C  -0.0599   1.090  2.970  0.000
   63 C  -0.0827   1.108  2.975  0.000
   64 C  -0.0051   1.144  2.861  0.000
   65 C  -0.1040   1.032  3.072  0.000
   66 C  -0.0981   1.032  3.066  0.000
   67 H   0.0544   0.946  0.000  0.000
   68 H   0.0558   0.944  0.000  0.000
   69 H   0.0485   0.952  0.000  0.000
   70 H   0.0444   0.956  0.000  0.000
   71 H   0.0390   0.961  0.000  0.000
   72 H   0.0355   0.965  0.000  0.000
   73 H   0.0475   0.953  0.000  0.000
   74 H   0.0397   0.960  0.000  0.000
   75 H   0.0446   0.955  0.000  0.000
   76 H   0.0367   0.963  0.000  0.000
   77 H   0.0302   0.970  0.000  0.000
   78 H   0.0533   0.947  0.000  0.000
   79 H   0.0508   0.949  0.000  0.000
   80 H   0.0523   0.948  0.000  0.000
   81 H   0.0494   0.951  0.000  0.000
   82 H   0.0514   0.949  0.000  0.000
   83 H   0.0482   0.952  0.000  0.000
   84 H   0.0481   0.952  0.000  0.000
   85 H   0.0515   0.949  0.000  0.000
   86 H   0.0541   0.946  0.000  0.000
   87 H   0.0451   0.955  0.000  0.000
   88 H   0.0392   0.961  0.000  0.000
   89 H   0.0394   0.961  0.000  0.000
   90 H   0.0412   0.959  0.000  0.000
   91 H   0.0275   0.972  0.000  0.000
   92 H   0.0403   0.960  0.000  0.000
   93 H   0.0351   0.965  0.000  0.000
   94 H   0.0307   0.969  0.000  0.000
   95 H   0.0507   0.949  0.000  0.000
   96 H   0.0419   0.958  0.000  0.000
   97 H   0.0521   0.948  0.000  0.000
   98 H   0.0562   0.944  0.000  0.000
   99 H   0.0485   0.952  0.000  0.000
  100 H   0.0538   0.946  0.000  0.000
  101 H   0.0433   0.957  0.000  0.000
  102 H   0.0535   0.946  0.000  0.000
  103 H   0.0497   0.950  0.000  0.000
  104 H   0.0345   0.966  0.000  0.000
  105 H   0.0447   0.955  0.000  0.000
  106 H   0.0485   0.951  0.000  0.000
  107 H   0.0374   0.963  0.000  0.000
  108 H   0.0304   0.970  0.000  0.000
  109 H   0.0374   0.963  0.000  0.000
  110 H   0.0321   0.968  0.000  0.000
  111 H   0.0323   0.968  0.000  0.000
  112 H   0.0236   0.976  0.000  0.000
  113 H   0.0360   0.964  0.000  0.000
  114 H   0.0256   0.974  0.000  0.000
  115 H   0.0323   0.968  0.000  0.000
  116 H   0.0327   0.967  0.000  0.000
  117 H   0.0377   0.962  0.000  0.000
  118 H   0.0387   0.961  0.000  0.000
  119 H   0.0277   0.972  0.000  0.000
  120 H   0.0313   0.969  0.000  0.000
  121 H   0.0313   0.969  0.000  0.000
  122 H   0.0359   0.964  0.000  0.000
  123 H   0.0309   0.969  0.000  0.000
  124 H   0.0337   0.966  0.000  0.000
  125 H   0.0406   0.959  0.000  0.000
  126 H   0.0272   0.973  0.000  0.000
  127 H   0.0280   0.972  0.000  0.000
  128 H   0.0311   0.969  0.000  0.000
  129 H   0.0250   0.975  0.000  0.000
  130 H   0.0248   0.975  0.000  0.000
  131 H   0.0332   0.967  0.000  0.000
  132 H   0.0258   0.974  0.000  0.000
  133 H   0.0282   0.972  0.000  0.000
  134 H   0.0288   0.971  0.000  0.000
  135 H   0.0294   0.971  0.000  0.000
  136 H   0.0348   0.965  0.000  0.000
  137 H   0.0341   0.966  0.000  0.000
  138 H   0.0425   0.957  0.000  0.000
  139 H   0.0402   0.960  0.000  0.000
  140 H   0.0312   0.969  0.000  0.000
 
 Wiberg/Mayer (AO) data. WBOs > 0.1 written file <wbo>
 largest (>0.05) Wiberg bond orders for each atom
           total WBO             WBO to atom ...
     1  MG  2.540    N   17 0.558    N   34 0.512    N   26 0.396    N    6 0.359    C   38 0.055    C   21 0.054    C   27 0.053
     2  C   3.904    C    7 1.343    C   38 1.301    C   42 0.939
     3  C   3.912    C   10 1.348    C   18 1.338    H   67 0.933
     4  C   3.929    C   27 1.411    C   21 1.285    H   68 0.927
     5  C   3.907    C   30 1.406    C   35 1.323    H   69 0.933
     6  N   3.325    C   10 1.321    C    7 1.228    MG   1 0.359
     7  C   3.840    C    2 1.343    N    6 1.228    C    8 0.950    N   34 0.053
     8  C   3.930    C    7 0.950    C    9 0.949    C   12 0.940    H   70 0.937
     9  C   3.937    C   11 0.980    H   71 0.949    C    8 0.949    C   10 0.912
    10  C   3.845    C    3 1.348    N    6 1.321    C    9 0.912
    11  C   3.970    C    9 0.980    H   72 0.978    H   74 0.973    H   73 0.973
    12  C   3.941    H   76 0.966    C   13 0.964    H   75 0.962    C    8 0.940
    13  C   3.966    H   77 0.972    C   12 0.964    H   78 0.947    C   14 0.944    O   15 0.077
    14  C   3.897    O   15 1.783    O   16 1.129    C   13 0.944
    15  O   2.098    C   14 1.783    O   16 0.166    C   13 0.077
    16  O   2.344    C   14 1.129    C   47 0.949    O   15 0.166
    17  N   3.328    C   21 1.199    C   18 1.114    MG   1 0.558    C   20 0.055
    18  C   3.872    C    3 1.338    C   19 1.159    N   17 1.114
    19  C   3.855    C   20 1.406    C   18 1.159    C   22 1.005    O   24 0.065
    20  C   3.887    C   19 1.406    C   21 1.120    C   23 1.031    O   24 0.070    N   17 0.055
    21  C   3.882    C    4 1.285    N   17 1.199    C   20 1.120    MG   1 0.054    N   26 0.053
    22  C   3.979    C   19 1.005    H   81 0.973    H   80 0.962    H   79 0.958
    23  C   3.882    O   24 1.777    C   20 1.031    C   25 0.972
    24  O   2.104    C   23 1.777    C   20 0.070    C   25 0.067    C   19 0.065
    25  C   3.982    H   84 0.973    C   23 0.972    H   82 0.959    H   83 0.959    O   24 0.067
    26  N   3.347    C   27 1.280    C   30 1.216    MG   1 0.396    C   21 0.053
    27  C   3.860    C    4 1.411    N   26 1.280    C   28 0.905    MG   1 0.053
    28  C   3.918    C   31 0.968    H   85 0.946    C   29 0.940    C   27 0.905
    29  C   3.920    C   30 0.944    C   32 0.942    C   28 0.940    H   86 0.935
    30  C   3.834    C    5 1.406    N   26 1.216    C   29 0.944
    31  C   3.972    H   89 0.980    H   88 0.980    H   87 0.977    C   28 0.968
    32  C   3.943    C   33 0.996    H   91 0.973    H   90 0.959    C   29 0.942
    33  C   3.981    C   32 0.996    H   94 0.985    H   92 0.984    H   93 0.983
    34  N   3.321    C   38 1.208    C   35 1.138    MG   1 0.512    C   37 0.057    C    7 0.053
    35  C   3.842    C    5 1.323    N   34 1.138    C   36 1.105
    36  C   3.856    C   37 1.446    C   35 1.105    C   39 0.999    O   41 0.067
    37  C   3.910    C   36 1.446    C   40 1.084    C   38 1.074    O   41 0.066    N   34 0.057
    38  C   3.878    C    2 1.301    N   34 1.208    C   37 1.074    MG   1 0.055
    39  C   3.981    C   36 0.999    H   96 0.977    H   97 0.967    H   95 0.959
    40  C   3.885    O   41 1.821    C   37 1.084    C   42 0.833
    41  O   2.174    C   40 1.821    C   42 0.091    C   36 0.067    C   37 0.066
    42  C   3.934    C    2 0.939    H   98 0.927    C   43 0.923    C   40 0.833    O   41 0.091    O   44 0.074
    43  C   3.889    O   44 1.869    O   45 1.032    C   42 0.923
    44  O   2.179    C   43 1.869    O   45 0.162    C   42 0.074
    45  O   2.241    C   43 1.032    C   46 0.972    O   44 0.162
    46  C   3.943    H  101 0.990    H   99 0.985    H  100 0.976    O   45 0.972
    47  C   3.932    C   48 0.997    H  103 0.958    H  102 0.955    O   16 0.949
    48  C   3.957    C   49 1.879    C   47 0.997    H  104 0.941
    49  C   3.938    C   48 1.879    C   50 0.992    C   51 0.979
    50  C   3.989    C   49 0.992    H  107 0.973    H  106 0.971    H  105 0.969
    51  C   3.972    C   49 0.979    C   52 0.972    H  109 0.959    H  108 0.958
    52  C   3.961    C   51 0.972    C   53 0.969    H  111 0.968    H  110 0.968
    53  C   3.963    C   54 0.989    C   52 0.969    H  112 0.966    H  113 0.956
    54  C   3.943    C   53 0.989    C   55 0.974    C   56 0.973    H  114 0.950
    55  C   3.974    H  115 0.980    H  116 0.979    H  117 0.977    C   54 0.974
    56  C   3.961    C   54 0.973    C   57 0.969    H  119 0.965    H  118 0.962
    57  C   3.964    C   58 1.006    C   56 0.969    H  120 0.964    H  121 0.959
    58  C   3.968    C   57 1.006    H  123 0.963    C   59 0.958    H  122 0.956
    59  C   3.947    C   60 1.004    C   61 0.973    C   58 0.958    H  124 0.942
    60  C   3.981    C   59 1.004    H  126 0.977    H  127 0.976    H  125 0.969
    61  C   3.966    C   62 0.988    C   59 0.973    H  129 0.964    H  128 0.960
    62  C   3.961    C   61 0.988    C   63 0.978    H  130 0.971    H  131 0.962
    63  C   3.953    C   62 0.978    C   64 0.966    H  133 0.962    H  132 0.959
    64  C   3.944    C   65 0.994    C   66 0.986    C   63 0.966    H  134 0.959
    65  C   3.981    C   64 0.994    H  136 0.980    H  135 0.979    H  137 0.974
    66  C   3.980    C   64 0.986    H  139 0.979    H  140 0.976    H  138 0.976
    67  H   0.993    C    3 0.933
    68  H   0.993    C    4 0.927
    69  H   0.993    C    5 0.933
    70  H   0.995    C    8 0.937
    71  H   0.996    C    9 0.949
    72  H   0.997    C   11 0.978
    73  H   0.995    C   11 0.973
    74  H   0.998    C   11 0.973
    75  H   0.997    C   12 0.962
    76  H   0.997    C   12 0.966
    77  H   0.998    C   13 0.972
    78  H   0.995    C   13 0.947
    79  H   0.992    C   22 0.958
    80  H   0.993    C   22 0.962
    81  H   0.995    C   22 0.973
    82  H   0.997    C   25 0.959
    83  H   0.997    C   25 0.959
    84  H   0.995    C   25 0.973
    85  H   0.995    C   28 0.946
    86  H   0.994    C   29 0.935
    87  H   0.997    C   31 0.977
    88  H   0.997    C   31 0.980
    89  H   0.997    C   31 0.980
    90  H   0.996    C   32 0.959
    91  H   0.997    C   32 0.973
    92  H   0.997    C   33 0.984
    93  H   0.999    C   33 0.983
    94  H   0.998    C   33 0.985
    95  H   0.991    C   39 0.959
    96  H   0.996    C   39 0.977
    97  H   0.993    C   39 0.967
    98  H   0.992    C   42 0.927
    99  H   0.997    C   46 0.985
   100  H   0.997    C   46 0.976
   101  H   0.997    C   46 0.990
   102  H   0.996    C   47 0.955
   103  H   0.996    C   47 0.958
   104  H   0.998    C   48 0.941
   105  H   0.998    C   50 0.969
   106  H   0.997    C   50 0.971
   107  H   0.998    C   50 0.973
   108  H   0.999    C   51 0.958
   109  H   0.998    C   51 0.959
   110  H   0.998    C   52 0.968
   111  H   0.998    C   52 0.968
   112  H   0.999    C   53 0.966
   113  H   0.999    C   53 0.956
   114  H   0.999    C   54 0.950
   115  H   0.998    C   55 0.980
   116  H   0.999    C   55 0.979
   117  H   0.998    C   55 0.977
   118  H   0.997    C   56 0.962
   119  H   0.999    C   56 0.965
   120  H   0.998    C   57 0.964
   121  H   0.999    C   57 0.959
   122  H   0.998    C   58 0.956
   123  H   0.998    C   58 0.963
   124  H   0.999    C   59 0.942
   125  H   0.997    C   60 0.969
   126  H   0.999    C   60 0.977
   127  H   0.999    C   60 0.976
   128  H   0.999    C   61 0.960
   129  H   0.999    C   61 0.964
   130  H   0.999    C   62 0.971
   131  H   0.998    C   62 0.962
   132  H   0.998    C   63 0.959
   133  H   0.999    C   63 0.962
   134  H   0.999    C   64 0.959
   135  H   0.999    C   65 0.979
   136  H   0.999    C   65 0.980
   137  H   0.999    C   65 0.974
   138  H   0.998    C   66 0.976
   139  H   0.998    C   66 0.979
   140  H   0.999    C   66 0.976
 
 --------------------------------------------
          xTB calculation for sTDA...
 --------------------------------------------
 
 reading parameter file ~/.param_stda2.xtb
 
      method parameters     
 k(s)        :  1.6000
 k(p)        :  2.1800
 k(d)        :  1.9500
 k(f)        :  2.0000
 k(R-V)      :  2.2750
 k(R-R)      :  1.7650
 Tscal       :  0.2580
 Gscal       :  1.0000
 fpol        :  1.0000
 Zcnf        :  0.3430
 Zqf         :  0.0000
 kcn         :  2.7000
 Ryd Hsplit  :  0.7000
 lshift(virt):  3.1000
 lshift(OS)  :  0.2000
 wllscaling  :  2.6000
 
 mowrcut     : 3.000
 
  Z AO/shell   Hii/eV     exponent
  1     Sun Feb 14 09:53:25 CET 2016    EN: 2.327 GAM: 0.473  GM3: 0.0000
     1s    -14.339618    1.220000
     2sp    -3.348946    0.600000
  6     Sun Feb 14 09:53:25 CET 2016    EN: 2.731 GAM: 0.422  GM3: 0.0000
     2s    -22.009312    1.565095
     2p    -13.020408    1.596905
     3sp    -3.914040    0.824500
  7     Sun Feb 14 09:53:25 CET 2016    EN: 3.573 GAM: 0.504  GM3: 0.0000
     2s    -25.722000    2.064844
     2p    -18.684912    1.801692
     3sp    -4.344791    0.921400
  8     Sun Feb 14 09:53:25 CET 2016    EN: 3.700 GAM: 0.587  GM3: 0.0000
     2s    -33.859000    2.418661
     2p    -22.175911    1.973969
     3sp    -4.259392    1.013700
 12     Sun Feb 21 16:58:31 CET 2016    EN: 0.033 GAM: 0.222  GM3: 0.0000
     3s    -11.092543    1.647583
     3p     -6.929529    0.855020
 
 Nbf   :          894
 T(el) :     0.0
 calculating S/T integrals ...
 cpu time for ints    1.26338700000000     
 Nao   :          894
 making H0...
 making H1...
 cpu time for H      2.375400000000005E-002
 solving ...
 cpu time for diag   0.245221000000000     
 
 gap (eV)           :   4.677
 Koopmans IP (eV)   :  13.092
 Eel (Eh)           :  -300.884248

          eigenvalues
 #    :         164        165        166        167        168        169        170        171
 occ. :        2.000      2.000      2.000      2.000      2.000      2.000      2.000      2.000
 eps  :       -17.368    -17.176    -16.901    -16.365    -16.209    -16.113    -15.990    -15.774
 #    :         172        173        174        175        176        177        178        179
 occ. :        2.000      2.000      2.000      2.000      2.000      0.000      0.000      0.000
 eps  :       -15.677    -15.454    -15.142    -13.899    -13.093     -8.415     -7.059     -6.888
 #    :         180        181        182        183        184        185        186        187
 occ. :        0.000      0.000      0.000      0.000      0.000      0.000      0.000      0.000
 eps  :        -6.191     -5.922     -5.867     -5.646     -5.467     -5.282     -5.062     -4.996
                            1  SCC done.
 writing mo output ...
 molden style : F
 
speedup  1.17
cpu  time for all    2.03 s
wall time for all    1.73 s
