cpu-bind=MASK - bp1-compute098, task 4294967295 4294967295 [0]: mask 0xffffffffffff set
Host:    bp1-compute098.data.bp.acrc.priv
Time:    Wed May  4 13:29:09 BST 2022
Dir:     /user/home/of15641/chlorophyll_parameterization/tddft_data/step_1801_chromophore_18
Job ID:  1692226
Nodelist:
cat: bp1-compute098: No such file or directory
  
Result dir: /user/home/of15641/chlorophyll_parameterization/tddft_data/step_1801_chromophore_18
running gaussian jobs
Running time g16 < CAMB3LYP_step_1801_chromophore_18.com > CAMB3LYP_step_1801_chromophore_18.log

real	28m43.122s
user	675m23.800s
sys	0m30.391s
Running time g16 < PBE0_step_1801_chromophore_18.com > PBE0_step_1801_chromophore_18.log

real	17m27.017s
user	416m38.716s
sys	0m20.965s
Running time g16 < wB97XD_step_1801_chromophore_18.com > wB97XD_step_1801_chromophore_18.log

real	29m19.910s
user	690m14.065s
sys	0m29.458s
Running time g16 < BLYP_step_1801_chromophore_18.com > BLYP_step_1801_chromophore_18.log

real	12m6.362s
user	288m51.773s
sys	0m21.371s
Running time g16 < ZINDO_step_1801_chromophore_18.com > ZINDO_step_1801_chromophore_18.log

real	0m6.596s
user	2m24.506s
sys	0m2.515s
