cpu-bind=MASK - bp1-compute164, task 4294967295 4294967295 [0]: mask 0xfffff807fffff807 set
Host:    bp1-compute164.data.bp.acrc.priv
Time:    Thu May  5 06:42:17 BST 2022
Dir:     /user/home/of15641/chlorophyll_parameterization/tddft_data/step_751_chromophore_15
Job ID:  1692385
Nodelist:
cat: bp1-compute164: No such file or directory
  
Result dir: /user/home/of15641/chlorophyll_parameterization/tddft_data/step_751_chromophore_15
running gaussian jobs
Running time g16 < CAMB3LYP_step_751_chromophore_15.com > CAMB3LYP_step_751_chromophore_15.log

real	39m0.007s
user	924m53.818s
sys	0m27.094s
Running time g16 < PBE0_step_751_chromophore_15.com > PBE0_step_751_chromophore_15.log

real	37m38.976s
user	901m8.087s
sys	0m32.282s
Running time g16 < wB97XD_step_751_chromophore_15.com > wB97XD_step_751_chromophore_15.log

real	41m45.731s
user	990m30.664s
sys	0m27.873s
Running time g16 < BLYP_step_751_chromophore_15.com > BLYP_step_751_chromophore_15.log

real	18m27.102s
user	440m57.569s
sys	0m22.016s
Running time g16 < ZINDO_step_751_chromophore_15.com > ZINDO_step_751_chromophore_15.log

real	0m7.750s
user	2m50.161s
sys	0m2.954s
