cpu-bind=MASK - bp1-compute102, task 4294967295 4294967295 [0]: mask 0xffffffffffff set
Host:    bp1-compute102.data.bp.acrc.priv
Time:    Sat Apr 30 16:25:34 BST 2022
Dir:     /user/home/of15641/chlorophyll_parameterization/tddft_data/step_801_chromophore_8
Job ID:  1658997
Nodelist:
cat: bp1-compute102: No such file or directory
  
Result dir: /user/home/of15641/chlorophyll_parameterization/tddft_data/step_801_chromophore_8
running gaussian jobs
Running time g16 < CAMB3LYP_step_801_chromophore_8.com > CAMB3LYP_step_801_chromophore_8.log

real	23m25.354s
user	550m57.939s
sys	0m24.805s
Running time g16 < PBE0_step_801_chromophore_8.com > PBE0_step_801_chromophore_8.log

real	18m8.764s
user	433m15.984s
sys	0m21.728s
Running time g16 < wB97XD_step_801_chromophore_8.com > wB97XD_step_801_chromophore_8.log

real	24m53.017s
user	585m3.266s
sys	0m26.924s
Running time g16 < BLYP_step_801_chromophore_8.com > BLYP_step_801_chromophore_8.log

real	12m47.112s
user	305m7.963s
sys	0m22.848s
Running time g16 < ZINDO_step_801_chromophore_8.com > ZINDO_step_801_chromophore_8.log

real	0m7.809s
user	2m50.458s
sys	0m2.989s
