cpu-bind=MASK - bp1-compute128, task 4294967295 4294967295 [0]: mask 0xffffffffffff set
Host:    bp1-compute128.data.bp.acrc.priv
Time:    Wed May  4 07:36:36 BST 2022
Dir:     /user/home/of15641/chlorophyll_parameterization/tddft_data/step_151_chromophore_13
Job ID:  1692150
Nodelist:
cat: bp1-compute128: No such file or directory
  
Result dir: /user/home/of15641/chlorophyll_parameterization/tddft_data/step_151_chromophore_13
running gaussian jobs
Running time g16 < CAMB3LYP_step_151_chromophore_13.com > CAMB3LYP_step_151_chromophore_13.log

real	26m37.787s
user	625m18.910s
sys	0m29.001s
Running time g16 < PBE0_step_151_chromophore_13.com > PBE0_step_151_chromophore_13.log

real	21m46.934s
user	519m19.146s
sys	0m26.469s
Running time g16 < wB97XD_step_151_chromophore_13.com > wB97XD_step_151_chromophore_13.log

real	28m11.862s
user	662m3.670s
sys	0m30.084s
Running time g16 < BLYP_step_151_chromophore_13.com > BLYP_step_151_chromophore_13.log

real	13m28.678s
user	320m50.878s
sys	0m26.948s
Running time g16 < ZINDO_step_151_chromophore_13.com > ZINDO_step_151_chromophore_13.log

real	0m6.540s
user	2m23.275s
sys	0m2.479s
