cpu-bind=MASK - bp1-compute216, task 4294967295 4294967295 [0]: mask 0xffffff00ffffff set
Host:    bp1-compute216.data.bp.acrc.priv
Time:    Wed Apr 27 13:27:11 BST 2022
Dir:     /user/home/of15641/chlorophyll_parameterization/tddft_data/step_1201_chromophore_21
Job ID:  1658195
Nodelist:
cat: bp1-compute216: No such file or directory
  
Result dir: /user/home/of15641/chlorophyll_parameterization/tddft_data/step_1201_chromophore_21
running gaussian jobs
Running time g16 < CAMB3LYP_step_1201_chromophore_21.com > CAMB3LYP_step_1201_chromophore_21.log

real	22m48.018s
user	536m10.441s
sys	0m26.367s
Running time g16 < PBE0_step_1201_chromophore_21.com > PBE0_step_1201_chromophore_21.log

real	15m17.477s
user	364m54.189s
sys	0m19.458s
Running time g16 < wB97XD_step_1201_chromophore_21.com > wB97XD_step_1201_chromophore_21.log

real	24m31.320s
user	576m33.259s
sys	0m25.847s
Running time g16 < BLYP_step_1201_chromophore_21.com > BLYP_step_1201_chromophore_21.log

real	12m46.398s
user	304m29.799s
sys	0m26.873s
Running time g16 < ZINDO_step_1201_chromophore_21.com > ZINDO_step_1201_chromophore_21.log

real	0m8.835s
user	3m12.745s
sys	0m3.488s
