cpu-bind=MASK - bp1-compute148, task 4294967295 4294967295 [0]: mask 0xffffff00ffffff set
Host:    bp1-compute148.data.bp.acrc.priv
Time:    Fri Apr 29 11:42:19 BST 2022
Dir:     /user/home/of15641/chlorophyll_parameterization/tddft_data/step_301_chromophore_17
Job ID:  1658680
Nodelist:
cat: bp1-compute148: No such file or directory
  
Result dir: /user/home/of15641/chlorophyll_parameterization/tddft_data/step_301_chromophore_17
running gaussian jobs
Running time g16 < CAMB3LYP_step_301_chromophore_17.com > CAMB3LYP_step_301_chromophore_17.log

real	25m4.234s
user	589m18.498s
sys	0m55.876s
Running time g16 < PBE0_step_301_chromophore_17.com > PBE0_step_301_chromophore_17.log

real	20m36.804s
user	491m22.086s
sys	1m14.080s
Running time g16 < wB97XD_step_301_chromophore_17.com > wB97XD_step_301_chromophore_17.log

real	25m28.889s
user	599m3.629s
sys	1m25.459s
Running time g16 < BLYP_step_301_chromophore_17.com > BLYP_step_301_chromophore_17.log

real	13m6.752s
user	312m22.042s
sys	0m39.659s
Running time g16 < ZINDO_step_301_chromophore_17.com > ZINDO_step_301_chromophore_17.log

real	0m7.676s
user	2m48.919s
sys	0m2.773s
