cpu-bind=MASK - bp1-compute069, task 4294967295 4294967295 [0]: mask 0xffffffffffff set
Host:    bp1-compute069.data.bp.acrc.priv
Time:    Thu May  5 06:39:47 BST 2022
Dir:     /user/home/of15641/chlorophyll_parameterization/tddft_data/step_751_chromophore_11
Job ID:  1692383
Nodelist:
cat: bp1-compute069: No such file or directory
  
Result dir: /user/home/of15641/chlorophyll_parameterization/tddft_data/step_751_chromophore_11
running gaussian jobs
Running time g16 < CAMB3LYP_step_751_chromophore_11.com > CAMB3LYP_step_751_chromophore_11.log

real	28m36.278s
user	673m18.918s
sys	0m34.767s
Running time g16 < PBE0_step_751_chromophore_11.com > PBE0_step_751_chromophore_11.log

real	19m50.008s
user	473m30.704s
sys	0m28.186s
Running time g16 < wB97XD_step_751_chromophore_11.com > wB97XD_step_751_chromophore_11.log

real	28m48.820s
user	677m22.504s
sys	0m30.287s
Running time g16 < BLYP_step_751_chromophore_11.com > BLYP_step_751_chromophore_11.log

real	12m31.705s
user	298m47.318s
sys	0m22.996s
Running time g16 < ZINDO_step_751_chromophore_11.com > ZINDO_step_751_chromophore_11.log

real	0m6.848s
user	2m28.311s
sys	0m2.787s
