 
        ______________________________________
       |                                      |
       |          ===================         |
       |             xTB for sTDA             |
       |          ===================         |
       |               S. Grimme              |
       |        Universitaet Bonn, MCTC       |
       |         2015-19, Version 1.0         |
       |     Wed Apr  3 09:14:55 CEST 2019    |
       |______________________________________|
 
        This code comes without any warranty
        for non-commercial, academia use only.
        Preliminary test version.
        Cite this work as:
        S. Grimme  &  C. Bannwarth, JCP 145 (2016) 054103
        if GBSA is used additionally:
        P. Shushkov, F. März, C. Bannwarth, S. Grimme, unpublished.
 
        with help from
        P. Shushkov, G. Brandenburg, S. Dohm, J. Pisarek,
        F. März, M. Checinski, S. Ehrlich, S. Spicher, 
        P. Pracht, E. Caldeweyher, S. Ehlert, and C. Bannwarth.
 
        usage        :
        xtb4stda <coord_file> [options]
        where <coord_file> is a valid file of TM)
        (*coord, Bohr) or xmol (*xyz, Angstroem)
        format.

        options:
        -chrg <int>   : molecular charge
        -uhf  <int>   : # of unpaired electrons(=2*S)
        -nox          : skip second, extended part in sTDA-xTB
        -pop          : do population analysis
                      : (default for -nox)
        -mowr <real>  : cut MO write above (def.3 Eh)
        -molden       : write formatted molden file
        -parx <file>  : read parameters for sTDA-xTB
                        calc (def:~/.param_stda2.xtb)
        -parv <file>  : read parameters for vTB part in
                        sTDA-xTB (def: ~/.param_stda1.xtb)
        -xtemp <real> : el. temp for xTB (def. 0 K)
        -etemp <real> : el. temp for GFN (def. 300 K)
        -fod          : calculate the FOD and write
                        molden.input file with
                        appropriate occupations
                        for plotting. Def. T=12500 K
 
        -acc <real>   : xTB accuracy (def. 1.0)
        -gbsa [string1] [string2]
                        use GBSA implicit solvent
                        for solvent [string1] and
                        solvation state [string2]=
                        reference, bar1M (default=1M)
        additional GFN/opt/MD/siman options read from
        $XTB4STDAHOME/.xtb4stdarc or $set in input
 
       spin and charge state information can be on:
       <.CHRG> (charge) and <.UHF> (=nalpha-nbeta)
       -uhf and -chrg override the file info.
       useful machine settings:
       setenv MKL_NUM_THREADS <NCORE_ON_YOUR_MACHINE>
       setenv OMP_STACKSIZE 500m
       limit stacksize unlimited
 
       total energies in Eh, gaps/HL energies in eV
       please read REVISION and HOWTO files carefully
 =============================
  # OMP threads =           4
 =============================
 
 xtb4stdahome directory:~/
 
 
 name of molecule           :
 comment line               :
 number of atoms            :   140
 number of electrons        :   352
 charge                     :  0
 spin                       : 0.0
 first test random number   :  0.1478
 
 -----------------------------------------
      charge density (VTB) calculation
 -----------------------------------------
 
      method parameters     
 k(s)        :  1.8000
 k(p)        :  2.8350
 k(d)        :  2.0860
 k(f)        :  2.0000
 Tscal       :  0.3300
 Gscal       :  0.3910
 fpol        :  1.0000
 Zcnf        :  0.6500
 Zqf         :  0.0000
 kcn         :  0.3000
 kEN1        : -0.5900
 wllscal     :  2.6000
 
     -------------------------
     ! NO SOLVENT MODEL USED !
     -------------------------
 
 doing EN charges ...
 sum q : -0.3219647D-14
 point charge moment (au)
     X       Y       Z   
   0.3359  -0.0563   0.3824  total (Debye):    1.302
 
            Z      q(EN)   CN      Cart. coordinates
     1  MG  2.0   0.822   4.592    84.39138     6.19263    89.03633
     2  C   4.0   0.016   3.257    79.90706    11.06246    88.86436
     3  C   4.0  -0.061   3.157    79.59904     1.76311    88.93428
     4  C   4.0  -0.060   3.156    88.82090     1.57981    88.49965
     5  C   4.0  -0.058   3.145    89.23664    10.63916    88.33335
     6  N   5.0  -0.336   3.100    80.14139     6.54601    88.83035
     7  C   4.0   0.100   3.278    78.68252     8.68707    89.06845
     8  C   4.0  -0.095   4.119    75.86116     7.96708    89.09491
     9  C   4.0  -0.098   4.113    75.93297     4.86415    89.28577
    10  C   4.0   0.087   3.319    78.69008     4.35393    88.97775
    11  C   4.0  -0.238   4.039    74.92385     3.72465    91.75375
    12  C   4.0  -0.161   4.039    74.25489     8.87982    86.81590
    13  C   4.0  -0.168   4.030    75.36983     8.59069    84.06257
    14  C   4.0   0.182   3.084    73.59916     8.60959    81.73821
    15  O   6.0  -0.102   1.044    71.38629     7.98787    81.64183
    16  O   6.0  -0.130   2.068    74.85960     9.11037    79.55179
    17  N   5.0  -0.415   3.228    84.19485     2.22421    88.69807
    18  C   4.0   0.084   3.379    82.02733     0.83148    88.71507
    19  C   4.0   0.012   3.252    82.68307    -1.79146    88.53366
    20  C   4.0   0.003   3.264    85.40050    -1.90295    88.14627
    21  C   4.0   0.076   3.360    86.33213     0.72754    88.52610
    22  C   4.0  -0.247   4.027    80.75555    -3.88339    88.60169
    23  C   4.0   0.110   3.049    86.90472    -4.36527    87.70218
    24  O   6.0  -0.100   1.062    85.75387    -6.39105    87.72864
    25  C   4.0  -0.253   4.041    89.57301    -4.24621    87.12770
    26  N   5.0  -0.357   3.139    88.55823     6.15484    88.25965
    27  C   4.0   0.084   3.358    89.96985     3.94575    88.52043
    28  C   4.0  -0.097   4.157    92.65137     4.56747    89.17428
    29  C   4.0  -0.098   4.182    92.82334     7.43796    88.72263
    30  C   4.0   0.108   3.358    90.10213     8.16929    88.24453
    31  C   4.0  -0.237   4.030    93.51120     3.69819    91.84824
    32  C   4.0  -0.162   4.042    94.50897     8.53022    86.62504
    33  C   4.0  -0.237   3.994    96.74263     6.91073    85.47419
    34  N   5.0  -0.416   3.201    84.64271    10.09492    88.70941
    35  C   4.0   0.063   3.388    86.72141    11.77110    88.36548
    36  C   4.0   0.015   3.211    85.69529    14.41294    88.24831
    37  C   4.0   0.001   3.401    83.13849    14.10491    88.69618
    38  C   4.0   0.077   3.619    82.52433    11.51977    88.69807
    39  C   4.0  -0.244   4.004    87.20707    16.92628    87.94596
    40  C   4.0   0.105   3.177    80.86515    15.64882    88.89271
    41  O   6.0  -0.095   1.043    80.26611    17.86736    88.55256
    42  C   4.0  -0.112   4.192    78.57858    13.68917    89.03444
    43  C   4.0   0.177   3.147    77.15940    14.22019    91.40226
    44  O   6.0  -0.091   1.047    78.21576    14.69262    93.43939
    45  O   6.0  -0.130   2.043    74.65740    13.82712    91.04133
    46  C   4.0  -0.192   4.044    72.96043    14.47719    93.03877
    47  C   4.0  -0.130   4.089    73.44420     9.44674    77.28412
    48  C   4.0  -0.054   3.121    75.08259     8.66061    75.17330
    49  C   4.0   0.018   3.064    74.65551     8.90439    72.67319
    50  C   4.0  -0.250   4.039    72.66185    10.67317    71.64518
    51  C   4.0  -0.173   4.047    76.44130     7.59859    70.73622
    52  C   4.0  -0.162   4.010    78.39906     5.52934    71.69620
    53  C   4.0  -0.162   4.019    81.09570     6.65939    72.47288
    54  C   4.0  -0.087   4.027    83.34636     5.62004    70.70599
    55  C   4.0  -0.239   4.031    85.22097     3.77189    71.87006
    56  C   4.0  -0.164   4.075    84.65405     7.79323    69.23578
    57  C   4.0  -0.163   4.038    83.42006     8.56424    66.71488
    58  C   4.0  -0.165   4.070    85.25499     8.24865    64.54170
    59  C   4.0  -0.087   4.029    84.77311     5.91106    62.70111
    60  C   4.0  -0.239   4.032    86.92550     3.94386    62.71245
    61  C   4.0  -0.165   4.076    84.16650     6.85026    59.99313
    62  C   4.0  -0.164   4.046    81.56813     7.60048    59.21078
    63  C   4.0  -0.164   4.057    81.39239     9.73965    57.18878
    64  C   4.0  -0.088   4.027    82.58102     8.86470    54.63954
    65  C   4.0  -0.238   4.031    80.57036     8.31857    52.52871
    66  C   4.0  -0.239   4.040    84.57468    10.69207    53.59263
    67  H   1.0   0.071   1.006    78.08348     0.37606    89.12137
    68  H   1.0   0.071   1.010    90.31756     0.17385    88.71696
    69  H   1.0   0.070   1.006    90.63126    12.14338    88.56579
    70  H   1.0   0.084   1.007    74.96543     8.65683    90.81645
    71  H   1.0   0.084   1.007    74.74811     4.21409    87.73242
    72  H   1.0   0.080   0.999    73.34215     2.50200    91.26054
    73  H   1.0   0.081   1.006    74.54402     5.48965    92.74586
    74  H   1.0   0.081   0.999    76.37705     2.65884    92.74964
    75  H   1.0   0.082   1.004    73.86561    10.88104    87.11070
    76  H   1.0   0.082   1.004    72.46721     7.90094    87.10314
    77  H   1.0   0.082   1.005    76.31847     6.76333    84.01722
    78  H   1.0   0.082   1.005    76.67185    10.10247    83.55045
    79  H   1.0   0.081   1.005    81.61726    -5.09281    90.03032
    80  H   1.0   0.080   0.998    80.60059    -4.96053    86.85369
    81  H   1.0   0.080   0.999    78.98110    -3.33915    89.49364
    82  H   1.0   0.080   0.999    90.06434    -3.20686    85.41939
    83  H   1.0   0.081   1.006    90.05111    -6.24743    87.00487
    84  H   1.0   0.081   1.001    90.63126    -3.87205    88.85302
    85  H   1.0   0.085   1.011    93.78521     3.64150    87.72486
    86  H   1.0   0.085   1.012    93.22774     8.43574    90.47819
    87  H   1.0   0.080   0.999    92.84224     1.78012    92.18650
    88  H   1.0   0.080   0.998    93.02932     4.98510    93.38270
    89  H   1.0   0.080   0.998    95.55588     3.88717    92.01076
    90  H   1.0   0.082   1.002    95.22140    10.34436    87.29022
    91  H   1.0   0.082   1.005    93.39026     8.99699    84.96019
    92  H   1.0   0.080   0.997    97.13947     5.03234    86.21875
    93  H   1.0   0.079   0.996    98.59267     7.81402    85.51766
    94  H   1.0   0.080   0.998    96.28721     6.64806    83.48242
    95  H   1.0   0.080   0.999    86.69874    18.15271    89.52010
    96  H   1.0   0.079   0.997    87.04078    17.75775    86.06757
    97  H   1.0   0.080   1.002    89.12892    16.23653    88.21808
    98  H   1.0   0.085   1.009    77.23121    14.13515    87.54155
    99  H   1.0   0.080   0.996    71.42408    15.63937    92.30933
   100  H   1.0   0.081   0.997    73.91096    15.32190    94.65826
   101  H   1.0   0.081   0.996    72.14218    12.74053    93.78332
   102  H   1.0   0.083   1.008    73.41396    11.48575    76.99121
   103  H   1.0   0.082   1.001    71.56014     8.61904    77.18775
   104  H   1.0   0.072   1.006    76.77201     7.69307    75.84604
   105  H   1.0   0.080   1.001    71.78502     9.64138    70.09183
   106  H   1.0   0.080   0.999    73.54813    12.43818    71.05748
   107  H   1.0   0.081   1.000    71.25401    11.03411    73.10405
   108  H   1.0   0.082   1.002    77.42585     9.01210    69.60995
   109  H   1.0   0.082   1.006    75.22621     6.40806    69.57404
   110  H   1.0   0.081   1.000    78.68252     3.97031    70.37906
   111  H   1.0   0.081   1.004    77.42207     4.79423    73.35538
   112  H   1.0   0.081   1.001    81.49443     6.22287    74.44575
   113  H   1.0   0.082   1.003    80.82169     8.69652    72.33871
   114  H   1.0   0.084   1.013    82.51866     4.39739    69.26979
   115  H   1.0   0.080   0.999    86.44362     4.75455    73.20420
   116  H   1.0   0.080   0.998    86.14883     2.62861    70.42820
   117  H   1.0   0.080   0.998    84.28745     2.30358    72.97366
   118  H   1.0   0.083   1.006    86.56268     7.07324    68.95799
   119  H   1.0   0.082   1.002    84.96775     9.49587    70.35450
   120  H   1.0   0.082   1.008    83.21408    10.61270    66.69410
   121  H   1.0   0.082   1.002    81.57002     7.67607    66.53158
   122  H   1.0   0.082   1.002    87.22786     8.26944    65.13507
   123  H   1.0   0.083   1.006    85.02444     9.93051    63.37574
   124  H   1.0   0.083   1.010    83.27077     4.83014    63.60629
   125  H   1.0   0.080   0.998    88.61870     4.62227    63.66865
   126  H   1.0   0.081   1.000    87.35258     3.56213    60.73390
   127  H   1.0   0.080   0.999    86.11670     2.20153    63.45511
   128  H   1.0   0.082   1.006    84.78444     5.48021    58.58339
   129  H   1.0   0.083   1.008    85.27577     8.54912    59.63786
   130  H   1.0   0.082   1.004    80.41918     8.29968    60.77170
   131  H   1.0   0.082   1.006    80.74421     5.89406    58.40576
   132  H   1.0   0.082   1.004    82.49410    11.34402    57.86341
   133  H   1.0   0.082   1.001    79.50077    10.52577    56.98091
   134  H   1.0   0.083   1.009    83.55423     7.09025    55.02693
   135  H   1.0   0.080   0.998    81.19397     9.03856    50.70135
   136  H   1.0   0.080   0.998    78.70520     9.05557    52.99358
   137  H   1.0   0.081   1.001    80.53256     6.26066    52.55895
   138  H   1.0   0.080   0.998    84.10603    11.37048    51.70479
   139  H   1.0   0.080   0.997    86.46441     9.90216    53.37342
   140  H   1.0   0.080   0.998    84.85814    12.30590    54.84174
 
  Z AO/shell   Hii/eV     exponent
  1     Sat Feb 20 21:38:01 CET 2016    EN: 2.327 GAM: 0.473  GM3: 0.0000
     1s    -13.751157    1.051071
  6     Sat Feb 20 21:38:01 CET 2016    EN: 2.731 GAM: 0.422  GM3: 0.0000
     2s    -19.378245    2.021003
     2p    -11.993376    1.497917
  7     Sat Feb 20 21:38:01 CET 2016    EN: 3.573 GAM: 0.504  GM3: 0.0000
     2s    -21.576984    2.275442
     2p    -16.125120    2.056788
  8     Sat Feb 20 21:38:01 CET 2016    EN: 3.700 GAM: 0.587  GM3: 0.0000
     2s    -21.648843    2.110798
     2p    -17.239740    2.329048
 12     Sat Feb 20 23:25:47 CET 2016    EN: 0.033 GAM: 0.222  GM3: 0.0000
     3s    -12.693633    1.302878
     3p     -8.128821    0.504252
 
 dipole moment of classical point charges (au)
     X       Y       Z   
   0.3359  -0.0563   0.3824  total (Debye):    1.302

 
 Nbf   :          338
 T(el) :   300.0
 calculating S/T integrals ...
 cpu time for ints   0.191312000000000     
 Nao   :          338
 making H0...
 making H1...
 cpu time for H      1.226600000000000E-002
 solving ...
 cpu time for diag   5.992599999999998E-002
 
 gap (eV)           :   1.284
 Koopmans IP (eV)   :  12.151
 Eel (Eh)           :  -268.412013
 T,E(Fermi),NFOD :    300.000   -11.509  0.000000
 T,E(Fermi),NFOD :    300.000   -11.509  0.000000
 Nfod               :  0.0000
 Nfod/Nel           :  0.0000

          eigenvalues
 #    :         164        165        166        167        168        169        170        171
 occ. :        2.000      2.000      2.000      2.000      2.000      2.000      2.000      2.000
 eps  :       -16.263    -16.163    -16.069    -16.027    -15.787    -15.525    -15.329    -15.112
 #    :         172        173        174        175        176        177        178        179
 occ. :        2.000      2.000      2.000      2.000      2.000      0.000      0.000      0.000
 eps  :       -14.841    -14.683    -14.368    -13.314    -12.152    -10.868    -10.075     -8.945
 #    :         180        181        182        183        184        185        186        187
 occ. :        0.000      0.000      0.000      0.000      0.000      0.000      0.000      0.000
 eps  :        -8.643     -8.114     -7.902     -7.856     -7.600     -7.376     -7.252     -7.185
                            1  SCC done.
 making H1...
 cpu time for H      7.289499999999999E-002
 solving ...
 cpu time for diag   2.773200000000003E-002
 
 gap (eV)           :   1.612
 Koopmans IP (eV)   :  12.022
 Eel (Eh)           :  -265.388504
 T,E(Fermi),NFOD :    300.000   -11.216  0.000000
 T,E(Fermi),NFOD :    300.000   -11.216  0.000000
 Nfod               :  0.0000
 Nfod/Nel           :  0.0000

          eigenvalues
 #    :         164        165        166        167        168        169        170        171
 occ. :        2.000      2.000      2.000      2.000      2.000      2.000      2.000      2.000
 eps  :       -15.329    -15.114    -14.982    -14.793    -14.477    -14.295    -14.229    -14.116
 #    :         172        173        174        175        176        177        178        179
 occ. :        2.000      2.000      2.000      2.000      2.000      0.000      0.000      0.000
 eps  :       -14.067    -13.917    -13.791    -12.624    -12.023    -10.411     -9.414     -8.683
 #    :         180        181        182        183        184        185        186        187
 occ. :        0.000      0.000      0.000      0.000      0.000      0.000      0.000      0.000
 eps  :        -8.377     -7.894     -7.773     -7.770     -7.419     -7.125     -7.113     -7.015
                            2  SCC done.
 
 
 Mulliken/CM5 charges    n(s)   n(p)   n(d)   
    1 MG  0.3146  0.7279   0.660  1.026  0.000
    2 C   0.0009  0.0056   1.188  2.811  0.000
    3 C  -0.0343 -0.0776   1.128  2.906  0.000
    4 C  -0.0267 -0.0686   1.112  2.915  0.000
    5 C  -0.0296 -0.0707   1.123  2.906  0.000
    6 N  -0.1605 -0.3962   1.424  3.737  0.000
    7 C   0.0203  0.0816   1.242  2.737  0.000
    8 C  -0.0238 -0.0799   1.219  2.804  0.000
    9 C  -0.0262 -0.0861   1.195  2.831  0.000
   10 C   0.0148  0.0683   1.237  2.748  0.000
   11 C  -0.0862 -0.2346   1.105  2.981  0.000
   12 C  -0.0460 -0.1522   1.153  2.893  0.000
   13 C  -0.0534 -0.1520   1.146  2.907  0.000
   14 C   0.2216  0.2718   1.189  2.590  0.000
   15 O  -0.2937 -0.3414   1.623  4.671  0.000
   16 O  -0.1388 -0.2236   1.463  4.676  0.000
   17 N  -0.2171 -0.4895   1.365  3.852  0.000
   18 C   0.0363  0.0984   1.174  2.790  0.000
   19 C  -0.0244 -0.0289   1.221  2.803  0.000
   20 C  -0.0837 -0.0777   1.235  2.849  0.000
   21 C   0.0184  0.0780   1.203  2.778  0.000
   22 C  -0.0713 -0.2150   1.081  2.990  0.000
   23 C   0.1495  0.1704   1.202  2.648  0.000
   24 O  -0.2543 -0.3066   1.627  4.628  0.000
   25 C  -0.0836 -0.2261   1.083  3.001  0.000
   26 N  -0.1682 -0.4147   1.418  3.750  0.000
   27 C   0.0123  0.0641   1.234  2.754  0.000
   28 C  -0.0018 -0.0584   1.180  2.821  0.000
   29 C  -0.0146 -0.0700   1.190  2.825  0.000
   30 C   0.0461  0.1075   1.216  2.738  0.000
   31 C  -0.0884 -0.2362   1.104  2.984  0.000
   32 C  -0.0518 -0.1603   1.154  2.897  0.000
   33 C  -0.1072 -0.2588   1.099  3.008  0.000
   34 N  -0.1975 -0.4727   1.394  3.803  0.000
   35 C   0.0111  0.0642   1.233  2.756  0.000
   36 C  -0.0056 -0.0109   1.228  2.778  0.000
   37 C  -0.0343 -0.0267   1.170  2.865  0.000
   38 C   0.0424  0.1110   1.182  2.776  0.000
   39 C  -0.0595 -0.2029   1.086  2.973  0.000
   40 C   0.1435  0.1761   1.207  2.650  0.000
   41 O  -0.2181 -0.2607   1.635  4.583  0.000
   42 C  -0.0579 -0.1000   1.206  2.852  0.000
   43 C   0.2182  0.2712   1.180  2.601  0.000
   44 O  -0.2809 -0.3250   1.632  4.649  0.000
   45 O  -0.1359 -0.2283   1.472  4.664  0.000
   46 C   0.0186 -0.1031   1.085  2.896  0.000
   47 C   0.0599 -0.0182   1.114  2.826  0.000
   48 C  -0.0871 -0.1450   1.155  2.932  0.000
   49 C  -0.0429 -0.0674   1.215  2.828  0.000
   50 C  -0.0800 -0.2255   1.082  2.999  0.000
   51 C  -0.0626 -0.1688   1.147  2.915  0.000
   52 C  -0.0713 -0.1830   1.165  2.907  0.000
   53 C  -0.0777 -0.1858   1.171  2.907  0.000
   54 C  -0.0337 -0.1064   1.211  2.823  0.000
   55 C  -0.0927 -0.2441   1.098  2.995  0.000
   56 C  -0.0761 -0.1864   1.157  2.919  0.000
   57 C  -0.0464 -0.1588   1.145  2.901  0.000
   58 C  -0.0777 -0.1892   1.167  2.911  0.000
   59 C  -0.0376 -0.1108   1.211  2.827  0.000
   60 C  -0.0986 -0.2495   1.105  2.994  0.000
   61 C  -0.0691 -0.1810   1.149  2.920  0.000
   62 C  -0.0498 -0.1633   1.140  2.910  0.000
   63 C  -0.0689 -0.1802   1.163  2.906  0.000
   64 C  -0.0278 -0.1029   1.202  2.826  0.000
   65 C  -0.1038 -0.2538   1.108  2.995  0.000
   66 C  -0.1138 -0.2645   1.106  3.008  0.000
   67 H   0.0607  0.1203   0.939  0.000  0.000
   68 H   0.0520  0.1132   0.948  0.000  0.000
   69 H   0.0433  0.1019   0.957  0.000  0.000
   70 H   0.0583  0.1211   0.942  0.000  0.000
   71 H   0.0492  0.1103   0.951  0.000  0.000
   72 H   0.0451  0.0972   0.955  0.000  0.000
   73 H   0.0463  0.1018   0.954  0.000  0.000
   74 H   0.0439  0.0979   0.956  0.000  0.000
   75 H   0.0380  0.0974   0.962  0.000  0.000
   76 H   0.0425  0.1003   0.958  0.000  0.000
   77 H   0.0538  0.1145   0.946  0.000  0.000
   78 H   0.0467  0.1085   0.953  0.000  0.000
   79 H   0.0469  0.1040   0.953  0.000  0.000
   80 H   0.0575  0.1107   0.943  0.000  0.000
   81 H   0.0508  0.1037   0.949  0.000  0.000
   82 H   0.0618  0.1151   0.938  0.000  0.000
   83 H   0.0449  0.1041   0.955  0.000  0.000
   84 H   0.0598  0.1140   0.940  0.000  0.000
   85 H   0.0513  0.1141   0.949  0.000  0.000
   86 H   0.0506  0.1137   0.949  0.000  0.000
   87 H   0.0461  0.0989   0.954  0.000  0.000
   88 H   0.0388  0.0909   0.961  0.000  0.000
   89 H   0.0358  0.0876   0.964  0.000  0.000
   90 H   0.0385  0.0938   0.962  0.000  0.000
   91 H   0.0389  0.0966   0.961  0.000  0.000
   92 H   0.0331  0.0844   0.967  0.000  0.000
   93 H   0.0321  0.0827   0.968  0.000  0.000
   94 H   0.0319  0.0834   0.968  0.000  0.000
   95 H   0.0573  0.1099   0.943  0.000  0.000
   96 H   0.0591  0.1104   0.941  0.000  0.000
   97 H   0.0421  0.0960   0.958  0.000  0.000
   98 H   0.0539  0.1229   0.946  0.000  0.000
   99 H   0.0500  0.1089   0.950  0.000  0.000
  100 H   0.0560  0.1200   0.944  0.000  0.000
  101 H   0.0390  0.0990   0.961  0.000  0.000
  102 H   0.0468  0.1150   0.953  0.000  0.000
  103 H   0.0690  0.1356   0.931  0.000  0.000
  104 H   0.0322  0.0958   0.968  0.000  0.000
  105 H   0.0398  0.0928   0.960  0.000  0.000
  106 H   0.0472  0.0994   0.953  0.000  0.000
  107 H   0.0457  0.0995   0.954  0.000  0.000
  108 H   0.0362  0.0921   0.964  0.000  0.000
  109 H   0.0408  0.0975   0.959  0.000  0.000
  110 H   0.0412  0.0960   0.959  0.000  0.000
  111 H   0.0335  0.0906   0.966  0.000  0.000
  112 H   0.0339  0.0887   0.966  0.000  0.000
  113 H   0.0364  0.0934   0.964  0.000  0.000
  114 H   0.0271  0.0889   0.973  0.000  0.000
  115 H   0.0261  0.0784   0.974  0.000  0.000
  116 H   0.0441  0.0958   0.956  0.000  0.000
  117 H   0.0321  0.0838   0.968  0.000  0.000
  118 H   0.0327  0.0913   0.967  0.000  0.000
  119 H   0.0298  0.0852   0.970  0.000  0.000
  120 H   0.0423  0.0990   0.958  0.000  0.000
  121 H   0.0420  0.0983   0.958  0.000  0.000
  122 H   0.0364  0.0929   0.964  0.000  0.000
  123 H   0.0341  0.0917   0.966  0.000  0.000
  124 H   0.0295  0.0900   0.971  0.000  0.000
  125 H   0.0383  0.0904   0.962  0.000  0.000
  126 H   0.0302  0.0836   0.970  0.000  0.000
  127 H   0.0408  0.0928   0.959  0.000  0.000
  128 H   0.0370  0.0944   0.963  0.000  0.000
  129 H   0.0242  0.0835   0.976  0.000  0.000
  130 H   0.0296  0.0857   0.970  0.000  0.000
  131 H   0.0264  0.0833   0.974  0.000  0.000
  132 H   0.0288  0.0857   0.971  0.000  0.000
  133 H   0.0402  0.0950   0.960  0.000  0.000
  134 H   0.0379  0.0989   0.962  0.000  0.000
  135 H   0.0399  0.0922   0.960  0.000  0.000
  136 H   0.0326  0.0845   0.967  0.000  0.000
  137 H   0.0342  0.0869   0.966  0.000  0.000
  138 H   0.0321  0.0845   0.968  0.000  0.000
  139 H   0.0299  0.0810   0.970  0.000  0.000
  140 H   0.0280  0.0803   0.972  0.000  0.000
 Hirshfeld charges for QMDFF written to <charges>
 
 Loewdin charges    n(s)   n(p)   n(d)
    1 MG  0.1569   0.670  1.173  0.000
    2 C   0.0037   1.148  2.848  0.000
    3 C  -0.0308   1.076  2.955  0.000
    4 C  -0.0257   1.059  2.967  0.000
    5 C  -0.0277   1.072  2.956  0.000
    6 N  -0.1282   1.383  3.746  0.000
    7 C   0.0206   1.207  2.772  0.000
    8 C  -0.0166   1.174  2.843  0.000
    9 C  -0.0183   1.147  2.871  0.000
   10 C   0.0211   1.200  2.779  0.000
   11 C  -0.0878   1.033  3.055  0.000
   12 C  -0.0406   1.095  2.946  0.000
   13 C  -0.0523   1.087  2.965  0.000
   14 C   0.1984   1.163  2.639  0.000
   15 O  -0.2797   1.593  4.687  0.000
   16 O  -0.1022   1.427  4.675  0.000
   17 N  -0.1854   1.323  3.862  0.000
   18 C   0.0384   1.134  2.828  0.000
   19 C  -0.0149   1.180  2.835  0.000
   20 C  -0.0929   1.201  2.892  0.000
   21 C   0.0253   1.163  2.812  0.000
   22 C  -0.0723   1.006  3.066  0.000
   23 C   0.1499   1.165  2.685  0.000
   24 O  -0.2401   1.597  4.643  0.000
   25 C  -0.0887   1.009  3.079  0.000
   26 N  -0.1372   1.376  3.761  0.000
   27 C   0.0186   1.196  2.786  0.000
   28 C   0.0065   1.131  2.863  0.000
   29 C  -0.0073   1.141  2.866  0.000
   30 C   0.0499   1.178  2.772  0.000
   31 C  -0.0902   1.033  3.058  0.000
   32 C  -0.0464   1.096  2.951  0.000
   33 C  -0.1100   1.028  3.082  0.000
   34 N  -0.1650   1.353  3.812  0.000
   35 C   0.0128   1.197  2.790  0.000
   36 C   0.0010   1.188  2.811  0.000
   37 C  -0.0408   1.130  2.910  0.000
   38 C   0.0460   1.142  2.813  0.000
   39 C  -0.0580   1.011  3.047  0.000
   40 C   0.1375   1.174  2.688  0.000
   41 O  -0.2025   1.605  4.597  0.000
   42 C  -0.0602   1.160  2.900  0.000
   43 C   0.1962   1.154  2.650  0.000
   44 O  -0.2697   1.605  4.665  0.000
   45 O  -0.0968   1.434  4.663  0.000
   46 C   0.0084   1.016  2.976  0.000
   47 C   0.0569   1.056  2.888  0.000
   48 C  -0.0865   1.106  2.980  0.000
   49 C  -0.0336   1.174  2.860  0.000
   50 C  -0.0809   1.007  3.074  0.000
   51 C  -0.0584   1.089  2.970  0.000
   52 C  -0.0674   1.108  2.959  0.000
   53 C  -0.0748   1.114  2.960  0.000
   54 C  -0.0247   1.164  2.861  0.000
   55 C  -0.0950   1.026  3.069  0.000
   56 C  -0.0748   1.100  2.975  0.000
   57 C  -0.0407   1.085  2.955  0.000
   58 C  -0.0765   1.111  2.966  0.000
   59 C  -0.0284   1.164  2.864  0.000
   60 C  -0.1022   1.034  3.069  0.000
   61 C  -0.0685   1.092  2.977  0.000
   62 C  -0.0441   1.080  2.964  0.000
   63 C  -0.0665   1.106  2.961  0.000
   64 C  -0.0172   1.153  2.864  0.000
   65 C  -0.1076   1.038  3.070  0.000
   66 C  -0.1195   1.036  3.083  0.000
   67 H   0.0556   0.944  0.000  0.000
   68 H   0.0482   0.952  0.000  0.000
   69 H   0.0391   0.961  0.000  0.000
   70 H   0.0522   0.948  0.000  0.000
   71 H   0.0437   0.956  0.000  0.000
   72 H   0.0437   0.956  0.000  0.000
   73 H   0.0462   0.954  0.000  0.000
   74 H   0.0435   0.957  0.000  0.000
   75 H   0.0344   0.966  0.000  0.000
   76 H   0.0388   0.961  0.000  0.000
   77 H   0.0502   0.950  0.000  0.000
   78 H   0.0424   0.958  0.000  0.000
   79 H   0.0454   0.955  0.000  0.000
   80 H   0.0547   0.945  0.000  0.000
   81 H   0.0507   0.949  0.000  0.000
   82 H   0.0597   0.940  0.000  0.000
   83 H   0.0433   0.957  0.000  0.000
   84 H   0.0599   0.940  0.000  0.000
   85 H   0.0455   0.954  0.000  0.000
   86 H   0.0446   0.955  0.000  0.000
   87 H   0.0452   0.955  0.000  0.000
   88 H   0.0391   0.961  0.000  0.000
   89 H   0.0357   0.964  0.000  0.000
   90 H   0.0354   0.965  0.000  0.000
   91 H   0.0359   0.964  0.000  0.000
   92 H   0.0348   0.965  0.000  0.000
   93 H   0.0324   0.968  0.000  0.000
   94 H   0.0321   0.968  0.000  0.000
   95 H   0.0543   0.946  0.000  0.000
   96 H   0.0563   0.944  0.000  0.000
   97 H   0.0416   0.958  0.000  0.000
   98 H   0.0462   0.954  0.000  0.000
   99 H   0.0464   0.954  0.000  0.000
  100 H   0.0511   0.949  0.000  0.000
  101 H   0.0366   0.963  0.000  0.000
  102 H   0.0408   0.959  0.000  0.000
  103 H   0.0606   0.939  0.000  0.000
  104 H   0.0268   0.973  0.000  0.000
  105 H   0.0390   0.961  0.000  0.000
  106 H   0.0457   0.954  0.000  0.000
  107 H   0.0450   0.955  0.000  0.000
  108 H   0.0331   0.967  0.000  0.000
  109 H   0.0379   0.962  0.000  0.000
  110 H   0.0390   0.961  0.000  0.000
  111 H   0.0317   0.968  0.000  0.000
  112 H   0.0311   0.969  0.000  0.000
  113 H   0.0342   0.966  0.000  0.000
  114 H   0.0234   0.977  0.000  0.000
  115 H   0.0259   0.974  0.000  0.000
  116 H   0.0438   0.956  0.000  0.000
  117 H   0.0326   0.967  0.000  0.000
  118 H   0.0316   0.968  0.000  0.000
  119 H   0.0277   0.972  0.000  0.000
  120 H   0.0395   0.961  0.000  0.000
  121 H   0.0393   0.961  0.000  0.000
  122 H   0.0351   0.965  0.000  0.000
  123 H   0.0328   0.967  0.000  0.000
  124 H   0.0252   0.975  0.000  0.000
  125 H   0.0382   0.962  0.000  0.000
  126 H   0.0316   0.968  0.000  0.000
  127 H   0.0402   0.960  0.000  0.000
  128 H   0.0359   0.964  0.000  0.000
  129 H   0.0233   0.977  0.000  0.000
  130 H   0.0269   0.973  0.000  0.000
  131 H   0.0238   0.976  0.000  0.000
  132 H   0.0278   0.972  0.000  0.000
  133 H   0.0376   0.962  0.000  0.000
  134 H   0.0339   0.966  0.000  0.000
  135 H   0.0403   0.960  0.000  0.000
  136 H   0.0329   0.967  0.000  0.000
  137 H   0.0341   0.966  0.000  0.000
  138 H   0.0335   0.967  0.000  0.000
  139 H   0.0305   0.970  0.000  0.000
  140 H   0.0295   0.971  0.000  0.000
 
 Wiberg/Mayer (AO) data. WBOs > 0.1 written file <wbo>
 largest (>0.05) Wiberg bond orders for each atom
           total WBO             WBO to atom ...
     1  MG  2.521    N   34 0.544    N   17 0.533    N    6 0.372    N   26 0.366    C   38 0.056    C   21 0.053    C   10 0.050
     2  C   3.898    C    7 1.392    C   38 1.238    C   42 0.917
     3  C   3.896    C   10 1.362    C   18 1.320    H   67 0.933
     4  C   3.918    C   27 1.425    C   21 1.307    H   68 0.925
     5  C   3.913    C   30 1.449    C   35 1.244    H   69 0.938
     6  N   3.285    C    7 1.245    C   10 1.238    MG   1 0.372
     7  C   3.850    C    2 1.392    N    6 1.245    C    8 0.936
     8  C   3.922    C   12 0.957    C    7 0.936    H   70 0.933    C    9 0.925
     9  C   3.940    C   11 0.972    C   10 0.972    H   71 0.940    C    8 0.925
    10  C   3.837    C    3 1.362    N    6 1.238    C    9 0.972    MG   1 0.050
    11  C   3.971    H   72 0.979    H   74 0.973    C    9 0.972    H   73 0.971
    12  C   3.950    C   13 0.973    H   75 0.963    H   76 0.963    C    8 0.957
    13  C   3.960    C   12 0.973    H   78 0.963    H   77 0.945    C   14 0.928    O   15 0.087
    14  C   3.885    O   15 1.818    O   16 1.092    C   13 0.928
    15  O   2.120    C   14 1.818    O   16 0.159    C   13 0.087
    16  O   2.312    C   14 1.092    C   47 0.965    O   15 0.159
    17  N   3.328    C   21 1.168    C   18 1.151    MG   1 0.533    C   20 0.069
    18  C   3.893    C    3 1.320    C   19 1.191    N   17 1.151
    19  C   3.863    C   20 1.393    C   18 1.191    C   22 0.995
    20  C   3.868    C   19 1.393    C   21 1.122    C   23 0.976    O   24 0.081    N   17 0.069
    21  C   3.871    C    4 1.307    N   17 1.168    C   20 1.122    MG   1 0.053    N   26 0.052
    22  C   3.976    C   19 0.995    H   81 0.973    H   80 0.964    H   79 0.964
    23  C   3.889    O   24 1.814    C   25 1.001    C   20 0.976
    24  O   2.128    C   23 1.814    C   20 0.081    C   25 0.064
    25  C   3.979    C   23 1.001    H   83 0.963    H   82 0.956    H   84 0.946    O   24 0.064
    26  N   3.282    C   30 1.262    C   27 1.204    MG   1 0.366    C   35 0.056    C   21 0.052
    27  C   3.848    C    4 1.425    N   26 1.204    C   28 0.954
    28  C   3.941    C   31 0.958    C   29 0.956    C   27 0.954    H   85 0.937
    29  C   3.936    C   28 0.956    C   32 0.955    H   86 0.938    C   30 0.928
    30  C   3.859    C    5 1.449    N   26 1.262    C   29 0.928
    31  C   3.962    H   89 0.979    H   88 0.976    H   87 0.973    C   28 0.958
    32  C   3.951    C   33 0.985    H   91 0.971    H   90 0.971    C   29 0.955
    33  C   3.975    H   94 0.988    C   32 0.985    H   93 0.984    H   92 0.979
    34  N   3.334    C   38 1.212    C   35 1.127    MG   1 0.544    C   37 0.056    C   36 0.052
    35  C   3.839    C    5 1.244    C   36 1.170    N   34 1.127    N   26 0.056
    36  C   3.850    C   37 1.413    C   35 1.170    C   39 0.971    O   41 0.054    N   34 0.052
    37  C   3.913    C   36 1.413    C   38 1.152    C   40 1.051    O   41 0.065    N   34 0.056
    38  C   3.897    C    2 1.238    N   34 1.212    C   37 1.152    MG   1 0.056
    39  C   3.977    H   97 0.981    H   95 0.973    H   96 0.971    C   36 0.971
    40  C   3.882    O   41 1.841    C   37 1.051    C   42 0.851
    41  O   2.174    C   40 1.841    C   42 0.091    C   37 0.065    C   36 0.054
    42  C   3.935    C   43 0.937    H   98 0.932    C    2 0.917    C   40 0.851    O   41 0.091    O   44 0.066
    43  C   3.894    O   44 1.789    O   45 1.102    C   42 0.937
    44  O   2.104    C   43 1.789    O   45 0.170    C   42 0.066
    45  O   2.325    C   43 1.102    C   46 0.975    O   44 0.170
    46  C   3.944    H  101 0.988    H   99 0.987    H  100 0.977    O   45 0.975
    47  C   3.941    C   48 1.000    O   16 0.965    H  102 0.957    H  103 0.946
    48  C   3.963    C   49 1.901    C   47 1.000    H  104 0.937
    49  C   3.932    C   48 1.901    C   50 0.987    C   51 0.955
    50  C   3.990    C   49 0.987    H  105 0.977    H  107 0.973    H  106 0.970
    51  C   3.966    C   52 0.977    H  108 0.961    H  109 0.960    C   49 0.955
    52  C   3.956    C   51 0.977    C   53 0.977    H  111 0.969    H  110 0.965
    53  C   3.955    C   52 0.977    H  112 0.969    H  113 0.968    C   54 0.950
    54  C   3.931    C   55 0.994    C   56 0.968    H  114 0.953    C   53 0.950
    55  C   3.979    C   54 0.994    H  115 0.982    H  117 0.976    H  116 0.974
    56  C   3.959    C   57 0.983    C   54 0.968    H  119 0.965    H  118 0.956
    57  C   3.968    C   58 0.995    C   56 0.983    H  120 0.963    H  121 0.961
    58  C   3.956    C   57 0.995    H  123 0.961    H  122 0.957    C   59 0.954
    59  C   3.935    C   60 0.989    C   61 0.962    H  124 0.957    C   58 0.954
    60  C   3.982    C   59 0.989    H  127 0.981    H  126 0.977    H  125 0.976
    61  C   3.963    C   62 1.001    C   59 0.962    H  129 0.961    H  128 0.956
    62  C   3.971    C   61 1.001    C   63 0.976    H  131 0.970    H  130 0.963
    63  C   3.957    C   62 0.976    C   64 0.972    H  132 0.961    H  133 0.960
    64  C   3.942    C   66 0.990    C   65 0.981    C   63 0.972    H  134 0.957
    65  C   3.982    H  137 0.983    C   64 0.981    H  136 0.981    H  135 0.976
    66  C   3.977    C   64 0.990    H  139 0.980    H  140 0.975    H  138 0.974
    67  H   0.994    C    3 0.933
    68  H   0.994    C    4 0.925
    69  H   0.995    C    5 0.938
    70  H   0.993    C    8 0.933
    71  H   0.994    C    9 0.940
    72  H   0.996    C   11 0.979
    73  H   0.996    C   11 0.971
    74  H   0.997    C   11 0.973
    75  H   0.996    C   12 0.963
    76  H   0.996    C   12 0.963
    77  H   0.997    C   13 0.945
    78  H   0.996    C   13 0.963
    79  H   0.994    C   22 0.964
    80  H   0.992    C   22 0.964
    81  H   0.995    C   22 0.973
    82  H   0.995    C   25 0.956
    83  H   0.995    C   25 0.963
    84  H   0.996    C   25 0.946
    85  H   0.995    C   28 0.937
    86  H   0.994    C   29 0.938
    87  H   0.995    C   31 0.973
    88  H   0.997    C   31 0.976
    89  H   0.997    C   31 0.979
    90  H   0.997    C   32 0.971
    91  H   0.996    C   32 0.971
    92  H   0.999    C   33 0.979
    93  H   0.998    C   33 0.984
    94  H   0.999    C   33 0.988
    95  H   0.994    C   39 0.973
    96  H   0.993    C   39 0.971
    97  H   0.996    C   39 0.981
    98  H   0.994    C   42 0.932
    99  H   0.997    C   46 0.987
   100  H   0.997    C   46 0.977
   101  H   0.998    C   46 0.988
   102  H   0.998    C   47 0.957
   103  H   0.995    C   47 0.946
   104  H   0.999    C   48 0.937
   105  H   0.998    C   50 0.977
   106  H   0.998    C   50 0.970
   107  H   0.997    C   50 0.973
   108  H   0.998    C   51 0.961
   109  H   0.998    C   51 0.960
   110  H   0.998    C   52 0.965
   111  H   0.998    C   52 0.969
   112  H   0.998    C   53 0.969
   113  H   0.999    C   53 0.968
   114  H   0.999    C   54 0.953
   115  H   0.999    C   55 0.982
   116  H   0.998    C   55 0.974
   117  H   0.998    C   55 0.976
   118  H   0.998    C   56 0.956
   119  H   0.998    C   56 0.965
   120  H   0.997    C   57 0.963
   121  H   0.998    C   57 0.961
   122  H   0.999    C   58 0.957
   123  H   0.997    C   58 0.961
   124  H   0.999    C   59 0.957
   125  H   0.998    C   60 0.976
   126  H   0.999    C   60 0.977
   127  H   0.998    C   60 0.981
   128  H   0.998    C   61 0.956
   129  H   0.999    C   61 0.961
   130  H   0.999    C   62 0.963
   131  H   0.999    C   62 0.970
   132  H   0.999    C   63 0.961
   133  H   0.997    C   63 0.960
   134  H   0.999    C   64 0.957
   135  H   0.998    C   65 0.976
   136  H   0.999    C   65 0.981
   137  H   0.999    C   65 0.983
   138  H   0.999    C   66 0.974
   139  H   0.999    C   66 0.980
   140  H   0.999    C   66 0.975
 
 --------------------------------------------
          xTB calculation for sTDA...
 --------------------------------------------
 
 reading parameter file ~/.param_stda2.xtb
 
      method parameters     
 k(s)        :  1.6000
 k(p)        :  2.1800
 k(d)        :  1.9500
 k(f)        :  2.0000
 k(R-V)      :  2.2750
 k(R-R)      :  1.7650
 Tscal       :  0.2580
 Gscal       :  1.0000
 fpol        :  1.0000
 Zcnf        :  0.3430
 Zqf         :  0.0000
 kcn         :  2.7000
 Ryd Hsplit  :  0.7000
 lshift(virt):  3.1000
 lshift(OS)  :  0.2000
 wllscaling  :  2.6000
 
 mowrcut     : 3.000
 
  Z AO/shell   Hii/eV     exponent
  1     Sun Feb 14 09:53:25 CET 2016    EN: 2.327 GAM: 0.473  GM3: 0.0000
     1s    -14.339618    1.220000
     2sp    -3.348946    0.600000
  6     Sun Feb 14 09:53:25 CET 2016    EN: 2.731 GAM: 0.422  GM3: 0.0000
     2s    -22.009312    1.565095
     2p    -13.020408    1.596905
     3sp    -3.914040    0.824500
  7     Sun Feb 14 09:53:25 CET 2016    EN: 3.573 GAM: 0.504  GM3: 0.0000
     2s    -25.722000    2.064844
     2p    -18.684912    1.801692
     3sp    -4.344791    0.921400
  8     Sun Feb 14 09:53:25 CET 2016    EN: 3.700 GAM: 0.587  GM3: 0.0000
     2s    -33.859000    2.418661
     2p    -22.175911    1.973969
     3sp    -4.259392    1.013700
 12     Sun Feb 21 16:58:31 CET 2016    EN: 0.033 GAM: 0.222  GM3: 0.0000
     3s    -11.092543    1.647583
     3p     -6.929529    0.855020
 
 Nbf   :          894
 T(el) :     0.0
 calculating S/T integrals ...
 cpu time for ints    1.23599300000000     
 Nao   :          894
 making H0...
 making H1...
 cpu time for H      2.321399999999985E-002
 solving ...
 cpu time for diag   0.289016000000000     
 
 gap (eV)           :   4.681
 Koopmans IP (eV)   :  13.347
 Eel (Eh)           :  -300.701615

          eigenvalues
 #    :         164        165        166        167        168        169        170        171
 occ. :        2.000      2.000      2.000      2.000      2.000      2.000      2.000      2.000
 eps  :       -17.445    -17.179    -16.977    -16.451    -16.264    -16.176    -16.051    -15.788
 #    :         172        173        174        175        176        177        178        179
 occ. :        2.000      2.000      2.000      2.000      2.000      0.000      0.000      0.000
 eps  :       -15.490    -15.170    -14.993    -13.974    -13.348     -8.666     -6.995     -6.952
 #    :         180        181        182        183        184        185        186        187
 occ. :        0.000      0.000      0.000      0.000      0.000      0.000      0.000      0.000
 eps  :        -6.607     -6.289     -5.496     -5.396     -5.270     -5.245     -5.079     -5.039
                            1  SCC done.
 writing mo output ...
 molden style : F
 
speedup  1.38
cpu  time for all    2.12 s
wall time for all    1.53 s
