cpu-bind=MASK - bp1-compute159, task 4294967295 4294967295 [0]: mask 0xffffff00ffffff set
Host:    bp1-compute159.data.bp.acrc.priv
Time:    Sat Apr 30 02:48:03 BST 2022
Dir:     /user/home/of15641/chlorophyll_parameterization/tddft_data/step_551_chromophore_27
Job ID:  1658856
Nodelist:
cat: bp1-compute159: No such file or directory
  
Result dir: /user/home/of15641/chlorophyll_parameterization/tddft_data/step_551_chromophore_27
running gaussian jobs
Running time g16 < CAMB3LYP_step_551_chromophore_27.com > CAMB3LYP_step_551_chromophore_27.log

real	29m7.749s
user	686m12.387s
sys	0m27.623s
Running time g16 < PBE0_step_551_chromophore_27.com > PBE0_step_551_chromophore_27.log

real	16m16.107s
user	388m18.591s
sys	0m17.769s
Running time g16 < wB97XD_step_551_chromophore_27.com > wB97XD_step_551_chromophore_27.log

real	22m38.015s
user	532m5.019s
sys	0m21.941s
Running time g16 < BLYP_step_551_chromophore_27.com > BLYP_step_551_chromophore_27.log

real	12m54.765s
user	307m45.895s
sys	0m20.959s
Running time g16 < ZINDO_step_551_chromophore_27.com > ZINDO_step_551_chromophore_27.log

real	0m9.516s
user	3m34.415s
sys	0m3.043s
