cpu-bind=MASK - bp1-compute161, task 4294967295 4294967295 [0]: mask 0xffffff00ffffff set
Host:    bp1-compute161.data.bp.acrc.priv
Time:    Wed Apr 27 00:56:07 BST 2022
Dir:     /user/home/of15641/chlorophyll_parameterization/tddft_data/step_101_chromophore_4
Job ID:  1658094
Nodelist:
cat: bp1-compute161: No such file or directory
  
Result dir: /user/home/of15641/chlorophyll_parameterization/tddft_data/step_101_chromophore_4
running gaussian jobs
Running time g16 < CAMB3LYP_step_101_chromophore_4.com > CAMB3LYP_step_101_chromophore_4.log

real	26m5.390s
user	613m44.789s
sys	0m48.151s
Running time g16 < PBE0_step_101_chromophore_4.com > PBE0_step_101_chromophore_4.log

real	18m35.614s
user	443m16.895s
sys	0m56.477s
Running time g16 < wB97XD_step_101_chromophore_4.com > wB97XD_step_101_chromophore_4.log

real	28m24.712s
user	668m38.919s
sys	0m49.870s
Running time g16 < BLYP_step_101_chromophore_4.com > BLYP_step_101_chromophore_4.log

real	11m40.463s
user	277m51.003s
sys	0m35.456s
Running time g16 < ZINDO_step_101_chromophore_4.com > ZINDO_step_101_chromophore_4.log

real	0m9.094s
user	3m19.188s
sys	0m3.254s
