 
        ______________________________________
       |                                      |
       |          ===================         |
       |             xTB for sTDA             |
       |          ===================         |
       |               S. Grimme              |
       |        Universitaet Bonn, MCTC       |
       |         2015-19, Version 1.0         |
       |     Wed Apr  3 09:14:55 CEST 2019    |
       |______________________________________|
 
        This code comes without any warranty
        for non-commercial, academia use only.
        Preliminary test version.
        Cite this work as:
        S. Grimme  &  C. Bannwarth, JCP 145 (2016) 054103
        if GBSA is used additionally:
        P. Shushkov, F. März, C. Bannwarth, S. Grimme, unpublished.
 
        with help from
        P. Shushkov, G. Brandenburg, S. Dohm, J. Pisarek,
        F. März, M. Checinski, S. Ehrlich, S. Spicher, 
        P. Pracht, E. Caldeweyher, S. Ehlert, and C. Bannwarth.
 
        usage        :
        xtb4stda <coord_file> [options]
        where <coord_file> is a valid file of TM)
        (*coord, Bohr) or xmol (*xyz, Angstroem)
        format.

        options:
        -chrg <int>   : molecular charge
        -uhf  <int>   : # of unpaired electrons(=2*S)
        -nox          : skip second, extended part in sTDA-xTB
        -pop          : do population analysis
                      : (default for -nox)
        -mowr <real>  : cut MO write above (def.3 Eh)
        -molden       : write formatted molden file
        -parx <file>  : read parameters for sTDA-xTB
                        calc (def:~/.param_stda2.xtb)
        -parv <file>  : read parameters for vTB part in
                        sTDA-xTB (def: ~/.param_stda1.xtb)
        -xtemp <real> : el. temp for xTB (def. 0 K)
        -etemp <real> : el. temp for GFN (def. 300 K)
        -fod          : calculate the FOD and write
                        molden.input file with
                        appropriate occupations
                        for plotting. Def. T=12500 K
 
        -acc <real>   : xTB accuracy (def. 1.0)
        -gbsa [string1] [string2]
                        use GBSA implicit solvent
                        for solvent [string1] and
                        solvation state [string2]=
                        reference, bar1M (default=1M)
        additional GFN/opt/MD/siman options read from
        $XTB4STDAHOME/.xtb4stdarc or $set in input
 
       spin and charge state information can be on:
       <.CHRG> (charge) and <.UHF> (=nalpha-nbeta)
       -uhf and -chrg override the file info.
       useful machine settings:
       setenv MKL_NUM_THREADS <NCORE_ON_YOUR_MACHINE>
       setenv OMP_STACKSIZE 500m
       limit stacksize unlimited
 
       total energies in Eh, gaps/HL energies in eV
       please read REVISION and HOWTO files carefully
 =============================
  # OMP threads =           4
 =============================
 
 xtb4stdahome directory:~/
 
 
 name of molecule           :
 comment line               :
 number of atoms            :   140
 number of electrons        :   352
 charge                     :  0
 spin                       : 0.0
 first test random number   :  0.0643
 
 -----------------------------------------
      charge density (VTB) calculation
 -----------------------------------------
 
      method parameters     
 k(s)        :  1.8000
 k(p)        :  2.8350
 k(d)        :  2.0860
 k(f)        :  2.0000
 Tscal       :  0.3300
 Gscal       :  0.3910
 fpol        :  1.0000
 Zcnf        :  0.6500
 Zqf         :  0.0000
 kcn         :  0.3000
 kEN1        : -0.5900
 wllscal     :  2.6000
 
     -------------------------
     ! NO SOLVENT MODEL USED !
     -------------------------
 
 doing EN charges ...
 sum q : -0.9992007D-15
 point charge moment (au)
     X       Y       Z   
  -0.4383  -0.4559   0.3386  total (Debye):    1.823
 
            Z      q(EN)   CN      Cart. coordinates
     1  MG  2.0   0.930   4.770    77.33703    14.47719    54.32773
     2  C   4.0   0.017   3.314    80.48532    16.89793    59.62652
     3  C   4.0  -0.059   3.120    72.67319    11.62181    58.20545
     4  C   4.0  -0.060   3.155    74.13584    12.47408    49.13476
     5  C   4.0  -0.056   3.127    82.44307    16.25353    50.53694
     6  N   5.0  -0.353   3.136    76.82303    14.17483    58.44355
     7  C   4.0   0.101   3.297    78.20631    15.53355    60.18021
     8  C   4.0  -0.097   4.154    76.98177    15.21229    62.68977
     9  C   4.0  -0.095   4.102    74.74622    13.15816    62.31182
    10  C   4.0   0.081   3.299    74.75378    12.84447    59.43755
    11  C   4.0  -0.237   4.021    75.43975    10.39349    63.42676
    12  C   4.0  -0.161   4.040    75.94809    17.75964    63.89163
    13  C   4.0  -0.172   4.066    77.27656    18.62136    66.38040
    14  C   4.0   0.181   3.063    76.11060    20.25597    68.36462
    15  O   6.0  -0.107   1.037    74.04891    21.23485    68.33249
    16  O   6.0  -0.113   2.053    78.04379    20.68116    70.10127
    17  N   5.0  -0.377   3.158    73.93742    12.39660    53.71357
    18  C   4.0   0.056   3.352    72.25934    11.45552    55.63731
    19  C   4.0   0.012   3.195    69.97466    10.22342    54.36364
    20  C   4.0   0.001   3.264    70.28269    10.85648    51.77282
    21  C   4.0   0.087   3.356    72.79602    12.05078    51.43267
    22  C   4.0  -0.248   4.021    68.06226     8.70786    55.81306
    23  C   4.0   0.118   3.070    68.47422    10.22153    49.82262
    24  O   6.0  -0.110   1.076    68.71233    10.79600    47.61731
    25  C   4.0  -0.251   4.061    65.95710     9.19919    50.55017
    26  N   5.0  -0.390   3.119    78.03623    14.57357    50.45001
    27  C   4.0   0.077   3.312    76.47154    13.50776    48.59052
    28  C   4.0  -0.093   4.093    77.81325    13.27721    45.93357
    29  C   4.0  -0.094   4.120    80.43807    14.56790    46.40600
    30  C   4.0   0.074   3.321    80.38327    15.14804    49.31051
    31  C   4.0  -0.237   4.014    77.90206    10.45963    44.90556
    32  C   4.0  -0.163   4.027    81.02389    16.93950    44.71281
    33  C   4.0  -0.238   4.015    79.37038    19.22796    45.52728
    34  N   5.0  -0.492   3.263    80.71586    16.21952    54.91355
    35  C   4.0   0.081   3.584    82.57158    16.80155    53.25437
    36  C   4.0   0.020   3.281    84.69752    17.95240    54.60930
    37  C   4.0   0.002   3.496    83.77533    18.12625    57.03949
    38  C   4.0   0.092   3.785    81.44719    16.97541    57.14531
    39  C   4.0  -0.246   4.024    87.15038    18.83301    53.55861
    40  C   4.0   0.128   3.222    84.44807    19.03521    59.60574
    41  O   6.0  -0.119   1.048    86.30756    20.08023    60.26714
    42  C   4.0  -0.114   4.194    82.20875    18.31333    61.48412
    43  C   4.0   0.184   3.193    83.24054    16.92628    63.56282
    44  O   6.0  -0.102   1.060    83.14983    14.63215    63.67432
    45  O   6.0  -0.117   2.055    83.93785    18.69506    65.32972
    46  C   4.0  -0.198   4.076    84.70130    17.42516    67.65219
    47  C   4.0  -0.137   4.052    77.66396    22.35168    72.28580
    48  C   4.0  -0.053   3.100    77.47309    21.06289    74.73488
    49  C   4.0   0.018   3.074    77.51845    22.08901    77.06113
    50  C   4.0  -0.249   4.034    77.70742    24.93682    77.55057
    51  C   4.0  -0.176   4.097    78.00033    20.30700    79.31369
    52  C   4.0  -0.165   4.066    76.46209    20.84368    81.67585
    53  C   4.0  -0.166   4.096    75.43597    18.43239    82.76055
    54  C   4.0  -0.087   4.038    72.62028    18.48152    83.42573
    55  C   4.0  -0.237   4.012    71.71888    15.76976    84.51421
    56  C   4.0  -0.165   4.081    71.01401    19.32245    81.15239
    57  C   4.0  -0.164   4.040    69.66475    21.87169    81.46420
    58  C   4.0  -0.163   4.044    66.85472    21.73185    80.83114
    59  C   4.0  -0.088   4.038    64.93287    22.10790    83.19896
    60  C   4.0  -0.239   4.047    62.45166    20.65659    82.68307
    61  C   4.0  -0.164   4.063    64.37729    24.67982    84.24020
    62  C   4.0  -0.163   4.037    63.35117    24.67415    86.95763
    63  C   4.0  -0.165   4.084    65.21633    25.73051    89.10625
    64  C   4.0  -0.089   4.028    66.51835    23.74441    90.81267
    65  C   4.0  -0.240   4.069    64.32249    22.77120    92.43972
    66  C   4.0  -0.238   4.031    68.87673    24.71573    92.09579
    67  H   1.0   0.070   1.005    71.21621    11.01143    59.53393
    68  H   1.0   0.071   1.007    73.09649    11.81268    47.47747
    69  H   1.0   0.070   1.003    84.07013    16.73541    49.36342
    70  H   1.0   0.086   1.012    78.27623    14.03122    63.77258
    71  H   1.0   0.083   1.004    72.97744    13.72130    63.20377
    72  H   1.0   0.081   1.000    75.97265     9.25210    61.79593
    73  H   1.0   0.080   0.997    73.77301     9.64705    64.38107
    74  H   1.0   0.081   0.998    76.75500    10.59002    64.99712
    75  H   1.0   0.082   1.003    73.93553    17.48185    64.22234
    76  H   1.0   0.082   1.004    76.21454    19.31678    62.56883
    77  H   1.0   0.084   1.009    78.92818    19.71929    65.82860
    78  H   1.0   0.083   1.005    78.04001    16.92628    67.26668
    79  H   1.0   0.080   1.003    68.84083     8.63038    57.71979
    80  H   1.0   0.081   1.000    67.74290     6.94474    54.80016
    81  H   1.0   0.080   0.999    66.23678     9.65272    55.92833
    82  H   1.0   0.081   1.000    64.91776    10.63538    51.59708
    83  H   1.0   0.081   1.000    66.09128     7.42284    51.58385
    84  H   1.0   0.081   1.000    64.82894     8.84959    48.86264
    85  H   1.0   0.083   1.007    76.73610    14.19940    44.43880
    86  H   1.0   0.084   1.008    81.75710    13.02210    46.06396
    87  H   1.0   0.080   0.997    79.74832     9.59036    45.19091
    88  H   1.0   0.080   0.996    77.50900    10.18562    42.90245
    89  H   1.0   0.080   0.999    76.40918     9.34658    45.78617
    90  H   1.0   0.082   1.001    80.75177    16.49920    42.72103
    91  H   1.0   0.081   1.003    82.99487    17.41382    45.08508
    92  H   1.0   0.080   0.998    80.55524    20.84557    45.99782
    93  H   1.0   0.081   0.999    77.89261    18.75364    46.88221
    94  H   1.0   0.080   1.002    78.59559    19.72685    43.68479
    95  H   1.0   0.080   0.998    87.01432    20.63014    52.56084
    96  H   1.0   0.080   0.999    88.02343    17.38548    52.37942
    97  H   1.0   0.081   1.003    88.38059    18.92372    55.20834
    98  H   1.0   0.085   1.010    81.09570    20.01031    61.83561
    99  H   1.0   0.081   0.997    83.02889    16.53510    68.46099
   100  H   1.0   0.081   0.996    85.29278    18.77443    69.09027
   101  H   1.0   0.080   0.996    86.07135    15.88882    67.54636
   102  H   1.0   0.082   1.001    76.10871    23.65559    71.93242
   103  H   1.0   0.082   1.004    79.44030    23.39481    72.32359
   104  H   1.0   0.070   1.005    77.25767    19.01631    74.63662
   105  H   1.0   0.080   1.000    79.64061    25.46595    77.07436
   106  H   1.0   0.081   0.998    77.54868    25.49429    79.52534
   107  H   1.0   0.080   0.998    76.29769    25.97995    76.46776
   108  H   1.0   0.082   1.004    79.97887    20.42794    79.87494
   109  H   1.0   0.083   1.004    77.81325    18.35869    78.67307
   110  H   1.0   0.083   1.003    75.17141    22.42538    81.39617
   111  H   1.0   0.083   1.008    77.84915    21.47485    83.06101
   112  H   1.0   0.083   1.008    76.68130    18.24719    84.39138
   113  H   1.0   0.083   1.003    76.07659    16.78455    81.70419
   114  H   1.0   0.083   1.008    72.30469    19.78165    84.99042
   115  H   1.0   0.080   0.998    69.95576    15.23497    83.59581
   116  H   1.0   0.080   0.999    71.47699    16.14582    86.52488
   117  H   1.0   0.080   0.997    73.24389    14.38837    84.41406
   118  H   1.0   0.083   1.005    69.54947    17.94295    80.70453
   119  H   1.0   0.083   1.006    72.26501    19.43016    79.51967
   120  H   1.0   0.082   1.006    70.68142    23.04710    80.11304
   121  H   1.0   0.082   1.004    69.84238    22.70128    83.34069
   122  H   1.0   0.081   1.000    66.30859    20.29755    79.45542
   123  H   1.0   0.082   1.007    66.51646    23.48173    79.79935
   124  H   1.0   0.084   1.012    65.91931    20.95706    84.59358
   125  H   1.0   0.080   0.998    62.84473    18.76876    81.95552
   126  H   1.0   0.081   0.998    61.35751    21.56555    81.19397
   127  H   1.0   0.081   0.999    61.38775    20.47707    84.43673
   128  H   1.0   0.083   1.010    62.69733    25.30910    83.22920
   129  H   1.0   0.082   1.002    65.86451    26.07633    83.96052
   130  H   1.0   0.083   1.006    63.03181    22.69561    87.43384
   131  H   1.0   0.081   1.000    61.45389    25.47162    87.05778
   132  H   1.0   0.082   1.003    64.01258    27.05899    90.11914
   133  H   1.0   0.082   1.004    66.66197    26.74151    88.04044
   134  H   1.0   0.083   1.011    66.85850    22.10790    89.60891
   135  H   1.0   0.081   1.001    65.28058    21.55799    93.80222
   136  H   1.0   0.081   0.999    63.20188    21.48051    91.29266
   137  H   1.0   0.081   0.999    63.27936    24.38124    93.19184
   138  H   1.0   0.080   0.998    68.80303    24.64581    94.15182
   139  H   1.0   0.080   0.998    69.43798    26.61112    91.51187
   140  H   1.0   0.081   1.002    70.32237    23.45717    91.34179
 
  Z AO/shell   Hii/eV     exponent
  1     Sat Feb 20 21:38:01 CET 2016    EN: 2.327 GAM: 0.473  GM3: 0.0000
     1s    -13.751157    1.051071
  6     Sat Feb 20 21:38:01 CET 2016    EN: 2.731 GAM: 0.422  GM3: 0.0000
     2s    -19.378245    2.021003
     2p    -11.993376    1.497917
  7     Sat Feb 20 21:38:01 CET 2016    EN: 3.573 GAM: 0.504  GM3: 0.0000
     2s    -21.576984    2.275442
     2p    -16.125120    2.056788
  8     Sat Feb 20 21:38:01 CET 2016    EN: 3.700 GAM: 0.587  GM3: 0.0000
     2s    -21.648843    2.110798
     2p    -17.239740    2.329048
 12     Sat Feb 20 23:25:47 CET 2016    EN: 0.033 GAM: 0.222  GM3: 0.0000
     3s    -12.693633    1.302878
     3p     -8.128821    0.504252
 
 dipole moment of classical point charges (au)
     X       Y       Z   
  -0.4383  -0.4559   0.3386  total (Debye):    1.823

 
 Nbf   :          338
 T(el) :   300.0
 calculating S/T integrals ...
 cpu time for ints   0.169164000000000     
 Nao   :          338
 making H0...
 making H1...
 cpu time for H      1.250200000000001E-002
 solving ...
 cpu time for diag   5.712400000000001E-002
 
 gap (eV)           :   1.249
 Koopmans IP (eV)   :  12.037
 Eel (Eh)           :  -268.437672
 T,E(Fermi),NFOD :    300.000   -11.413  0.000000
 T,E(Fermi),NFOD :    300.000   -11.413  0.000000
 Nfod               :  0.0000
 Nfod/Nel           :  0.0000

          eigenvalues
 #    :         164        165        166        167        168        169        170        171
 occ. :        2.000      2.000      2.000      2.000      2.000      2.000      2.000      2.000
 eps  :       -16.275    -16.230    -16.105    -15.938    -15.622    -15.486    -15.140    -15.069
 #    :         172        173        174        175        176        177        178        179
 occ. :        2.000      2.000      2.000      2.000      2.000      0.000      0.000      0.000
 eps  :       -14.889    -14.743    -14.604    -13.297    -12.039    -10.789     -9.675     -8.735
 #    :         180        181        182        183        184        185        186        187
 occ. :        0.000      0.000      0.000      0.000      0.000      0.000      0.000      0.000
 eps  :        -8.484     -8.093     -8.066     -7.806     -7.456     -7.251     -6.968     -6.905
                            1  SCC done.
 making H1...
 cpu time for H      6.838000000000000E-002
 solving ...
 cpu time for diag   2.857700000000002E-002
 
 gap (eV)           :   1.531
 Koopmans IP (eV)   :  11.861
 Eel (Eh)           :  -265.443361
 T,E(Fermi),NFOD :    300.000   -11.096  0.000000
 T,E(Fermi),NFOD :    300.000   -11.096  0.000000
 Nfod               :  0.0000
 Nfod/Nel           :  0.0000

          eigenvalues
 #    :         164        165        166        167        168        169        170        171
 occ. :        2.000      2.000      2.000      2.000      2.000      2.000      2.000      2.000
 eps  :       -15.429    -15.068    -14.945    -14.908    -14.673    -14.510    -14.408    -14.329
 #    :         172        173        174        175        176        177        178        179
 occ. :        2.000      2.000      2.000      2.000      2.000      0.000      0.000      0.000
 eps  :       -14.164    -13.962    -13.899    -12.554    -11.863    -10.331     -8.960     -8.455
 #    :         180        181        182        183        184        185        186        187
 occ. :        0.000      0.000      0.000      0.000      0.000      0.000      0.000      0.000
 eps  :        -8.296     -7.949     -7.799     -7.738     -7.244     -7.055     -6.929     -6.639
                            2  SCC done.
 
 
 Mulliken/CM5 charges    n(s)   n(p)   n(d)   
    1 MG  0.2909  0.7616   0.666  1.043  0.000
    2 C  -0.0034 -0.0013   1.196  2.808  0.000
    3 C  -0.0217 -0.0656   1.130  2.891  0.000
    4 C  -0.0185 -0.0591   1.115  2.903  0.000
    5 C  -0.0404 -0.0826   1.134  2.906  0.000
    6 N  -0.1470 -0.3927   1.406  3.741  0.000
    7 C   0.0392  0.0984   1.224  2.737  0.000
    8 C  -0.0307 -0.0832   1.207  2.823  0.000
    9 C  -0.0408 -0.0988   1.219  2.822  0.000
   10 C   0.0095  0.0610   1.239  2.752  0.000
   11 C  -0.1031 -0.2512   1.120  2.983  0.000
   12 C  -0.0516 -0.1570   1.163  2.889  0.000
   13 C  -0.0705 -0.1697   1.146  2.925  0.000
   14 C   0.2415  0.2905   1.174  2.585  0.000
   15 O  -0.2693 -0.3158   1.623  4.646  0.000
   16 O  -0.1707 -0.2525   1.480  4.690  0.000
   17 N  -0.1944 -0.4495   1.405  3.789  0.000
   18 C  -0.0056  0.0453   1.217  2.788  0.000
   19 C  -0.0424 -0.0503   1.238  2.804  0.000
   20 C  -0.0411 -0.0358   1.189  2.852  0.000
   21 C   0.0394  0.1035   1.211  2.750  0.000
   22 C  -0.0628 -0.2084   1.083  2.980  0.000
   23 C   0.1537  0.1783   1.181  2.666  0.000
   24 O  -0.2685 -0.3224   1.618  4.650  0.000
   25 C  -0.1064 -0.2488   1.097  3.009  0.000
   26 N  -0.1466 -0.4121   1.422  3.725  0.000
   27 C   0.0246  0.0764   1.244  2.731  0.000
   28 C  -0.0158 -0.0736   1.205  2.811  0.000
   29 C  -0.0241 -0.0805   1.210  2.814  0.000
   30 C   0.0267  0.0771   1.238  2.735  0.000
   31 C  -0.1024 -0.2514   1.110  2.992  0.000
   32 C  -0.0445 -0.1548   1.154  2.891  0.000
   33 C  -0.0931 -0.2432   1.094  2.999  0.000
   34 N  -0.2068 -0.5174   1.375  3.832  0.000
   35 C   0.0227  0.0878   1.209  2.768  0.000
   36 C  -0.0132 -0.0183   1.204  2.810  0.000
   37 C  -0.0744 -0.0659   1.180  2.894  0.000
   38 C   0.0445  0.1209   1.163  2.792  0.000
   39 C  -0.0630 -0.2064   1.075  2.987  0.000
   40 C   0.1680  0.2046   1.201  2.631  0.000
   41 O  -0.2071 -0.2538   1.619  4.588  0.000
   42 C  -0.0326 -0.0743   1.188  2.845  0.000
   43 C   0.2513  0.3057   1.154  2.595  0.000
   44 O  -0.2622 -0.3120   1.629  4.634  0.000
   45 O  -0.1432 -0.2255   1.511  4.633  0.000
   46 C   0.0094 -0.1135   1.087  2.904  0.000
   47 C   0.0551 -0.0247   1.121  2.824  0.000
   48 C  -0.0690 -0.1263   1.152  2.917  0.000
   49 C  -0.0379 -0.0616   1.218  2.820  0.000
   50 C  -0.0943 -0.2399   1.083  3.011  0.000
   51 C  -0.0648 -0.1726   1.145  2.920  0.000
   52 C  -0.0546 -0.1687   1.140  2.915  0.000
   53 C  -0.0729 -0.1845   1.149  2.924  0.000
   54 C  -0.0330 -0.1050   1.213  2.820  0.000
   55 C  -0.1064 -0.2559   1.113  2.993  0.000
   56 C  -0.0744 -0.1849   1.155  2.919  0.000
   57 C  -0.0511 -0.1643   1.146  2.905  0.000
   58 C  -0.0797 -0.1905   1.166  2.914  0.000
   59 C  -0.0315 -0.1057   1.206  2.826  0.000
   60 C  -0.1032 -0.2545   1.103  3.000  0.000
   61 C  -0.0503 -0.1610   1.141  2.910  0.000
   62 C  -0.0811 -0.1951   1.165  2.916  0.000
   63 C  -0.0886 -0.1988   1.171  2.918  0.000
   64 C  -0.0161 -0.0936   1.188  2.828  0.000
   65 C  -0.1056 -0.2570   1.105  3.001  0.000
   66 C  -0.0826 -0.2319   1.093  2.990  0.000
   67 H   0.0649  0.1233   0.935  0.000  0.000
   68 H   0.0519  0.1161   0.948  0.000  0.000
   69 H   0.0555  0.1132   0.945  0.000  0.000
   70 H   0.0592  0.1262   0.941  0.000  0.000
   71 H   0.0468  0.1054   0.953  0.000  0.000
   72 H   0.0482  0.1030   0.952  0.000  0.000
   73 H   0.0309  0.0822   0.969  0.000  0.000
   74 H   0.0401  0.0922   0.960  0.000  0.000
   75 H   0.0400  0.0981   0.960  0.000  0.000
   76 H   0.0418  0.0996   0.958  0.000  0.000
   77 H   0.0478  0.1140   0.952  0.000  0.000
   78 H   0.0415  0.1033   0.959  0.000  0.000
   79 H   0.0571  0.1119   0.943  0.000  0.000
   80 H   0.0647  0.1183   0.935  0.000  0.000
   81 H   0.0503  0.1028   0.950  0.000  0.000
   82 H   0.0462  0.1007   0.954  0.000  0.000
   83 H   0.0430  0.0974   0.957  0.000  0.000
   84 H   0.0389  0.0955   0.961  0.000  0.000
   85 H   0.0456  0.1058   0.954  0.000  0.000
   86 H   0.0505  0.1116   0.949  0.000  0.000
   87 H   0.0304  0.0823   0.970  0.000  0.000
   88 H   0.0357  0.0864   0.964  0.000  0.000
   89 H   0.0393  0.0924   0.961  0.000  0.000
   90 H   0.0449  0.0997   0.955  0.000  0.000
   91 H   0.0373  0.0932   0.963  0.000  0.000
   92 H   0.0372  0.0887   0.963  0.000  0.000
   93 H   0.0527  0.1083   0.947  0.000  0.000
   94 H   0.0276  0.0804   0.972  0.000  0.000
   95 H   0.0530  0.1050   0.947  0.000  0.000
   96 H   0.0465  0.0988   0.954  0.000  0.000
   97 H   0.0467  0.1018   0.953  0.000  0.000
   98 H   0.0721  0.1388   0.928  0.000  0.000
   99 H   0.0398  0.1021   0.960  0.000  0.000
  100 H   0.0487  0.1066   0.951  0.000  0.000
  101 H   0.0593  0.1184   0.941  0.000  0.000
  102 H   0.0592  0.1254   0.941  0.000  0.000
  103 H   0.0519  0.1185   0.948  0.000  0.000
  104 H   0.0353  0.0951   0.965  0.000  0.000
  105 H   0.0382  0.0910   0.962  0.000  0.000
  106 H   0.0402  0.0927   0.960  0.000  0.000
  107 H   0.0429  0.0951   0.957  0.000  0.000
  108 H   0.0382  0.0945   0.962  0.000  0.000
  109 H   0.0397  0.0972   0.960  0.000  0.000
  110 H   0.0378  0.0957   0.962  0.000  0.000
  111 H   0.0347  0.0918   0.965  0.000  0.000
  112 H   0.0343  0.0913   0.966  0.000  0.000
  113 H   0.0349  0.0917   0.965  0.000  0.000
  114 H   0.0332  0.0932   0.967  0.000  0.000
  115 H   0.0430  0.0952   0.957  0.000  0.000
  116 H   0.0324  0.0842   0.968  0.000  0.000
  117 H   0.0338  0.0856   0.966  0.000  0.000
  118 H   0.0330  0.0908   0.967  0.000  0.000
  119 H   0.0362  0.0949   0.964  0.000  0.000
  120 H   0.0414  0.0977   0.959  0.000  0.000
  121 H   0.0360  0.0931   0.964  0.000  0.000
  122 H   0.0459  0.1007   0.954  0.000  0.000
  123 H   0.0179  0.0753   0.982  0.000  0.000
  124 H   0.0186  0.0803   0.981  0.000  0.000
  125 H   0.0312  0.0832   0.969  0.000  0.000
  126 H   0.0251  0.0774   0.975  0.000  0.000
  127 H   0.0397  0.0925   0.960  0.000  0.000
  128 H   0.0312  0.0900   0.969  0.000  0.000
  129 H   0.0396  0.0954   0.960  0.000  0.000
  130 H   0.0255  0.0847   0.974  0.000  0.000
  131 H   0.0435  0.0975   0.957  0.000  0.000
  132 H   0.0315  0.0876   0.969  0.000  0.000
  133 H   0.0230  0.0800   0.977  0.000  0.000
  134 H   0.0355  0.0959   0.965  0.000  0.000
  135 H   0.0275  0.0806   0.972  0.000  0.000
  136 H   0.0416  0.0946   0.958  0.000  0.000
  137 H   0.0341  0.0873   0.966  0.000  0.000
  138 H   0.0393  0.0913   0.961  0.000  0.000
  139 H   0.0378  0.0899   0.962  0.000  0.000
  140 H   0.0374  0.0902   0.963  0.000  0.000
 Hirshfeld charges for QMDFF written to <charges>
 
 Loewdin charges    n(s)   n(p)   n(d)
    1 MG  0.1279   0.678  1.194  0.000
    2 C   0.0000   1.155  2.845  0.000
    3 C  -0.0167   1.077  2.940  0.000
    4 C  -0.0177   1.062  2.955  0.000
    5 C  -0.0375   1.083  2.955  0.000
    6 N  -0.1134   1.364  3.749  0.000
    7 C   0.0401   1.188  2.772  0.000
    8 C  -0.0244   1.161  2.864  0.000
    9 C  -0.0333   1.173  2.860  0.000
   10 C   0.0141   1.203  2.783  0.000
   11 C  -0.1047   1.050  3.055  0.000
   12 C  -0.0460   1.104  2.942  0.000
   13 C  -0.0729   1.088  2.985  0.000
   14 C   0.2204   1.147  2.633  0.000
   15 O  -0.2547   1.592  4.663  0.000
   16 O  -0.1389   1.448  4.691  0.000
   17 N  -0.1649   1.365  3.800  0.000
   18 C  -0.0036   1.180  2.823  0.000
   19 C  -0.0300   1.198  2.832  0.000
   20 C  -0.0496   1.152  2.897  0.000
   21 C   0.0457   1.171  2.783  0.000
   22 C  -0.0643   1.008  3.056  0.000
   23 C   0.1509   1.143  2.706  0.000
   24 O  -0.2531   1.587  4.666  0.000
   25 C  -0.1139   1.026  3.088  0.000
   26 N  -0.1141   1.381  3.733  0.000
   27 C   0.0316   1.207  2.762  0.000
   28 C  -0.0071   1.158  2.849  0.000
   29 C  -0.0170   1.163  2.854  0.000
   30 C   0.0323   1.201  2.766  0.000
   31 C  -0.1058   1.040  3.066  0.000
   32 C  -0.0375   1.094  2.943  0.000
   33 C  -0.0945   1.022  3.072  0.000
   34 N  -0.1694   1.328  3.841  0.000
   35 C   0.0225   1.173  2.804  0.000
   36 C  -0.0063   1.162  2.844  0.000
   37 C  -0.0810   1.141  2.940  0.000
   38 C   0.0459   1.123  2.831  0.000
   39 C  -0.0624   1.000  3.063  0.000
   40 C   0.1576   1.169  2.674  0.000
   41 O  -0.1869   1.584  4.603  0.000
   42 C  -0.0336   1.140  2.894  0.000
   43 C   0.2293   1.127  2.644  0.000
   44 O  -0.2492   1.599  4.650  0.000
   45 O  -0.1094   1.476  4.633  0.000
   46 C   0.0010   1.018  2.981  0.000
   47 C   0.0550   1.062  2.883  0.000
   48 C  -0.0668   1.102  2.965  0.000
   49 C  -0.0294   1.178  2.852  0.000
   50 C  -0.0966   1.009  3.087  0.000
   51 C  -0.0627   1.086  2.977  0.000
   52 C  -0.0506   1.080  2.970  0.000
   53 C  -0.0719   1.091  2.980  0.000
   54 C  -0.0231   1.166  2.857  0.000
   55 C  -0.1095   1.043  3.066  0.000
   56 C  -0.0731   1.098  2.976  0.000
   57 C  -0.0459   1.087  2.959  0.000
   58 C  -0.0778   1.110  2.968  0.000
   59 C  -0.0223   1.159  2.863  0.000
   60 C  -0.1070   1.033  3.074  0.000
   61 C  -0.0467   1.082  2.965  0.000
   62 C  -0.0790   1.108  2.971  0.000
   63 C  -0.0873   1.115  2.972  0.000
   64 C  -0.0039   1.138  2.866  0.000
   65 C  -0.1100   1.035  3.075  0.000
   66 C  -0.0849   1.020  3.065  0.000
   67 H   0.0595   0.940  0.000  0.000
   68 H   0.0460   0.954  0.000  0.000
   69 H   0.0502   0.950  0.000  0.000
   70 H   0.0529   0.947  0.000  0.000
   71 H   0.0415   0.958  0.000  0.000
   72 H   0.0472   0.953  0.000  0.000
   73 H   0.0316   0.968  0.000  0.000
   74 H   0.0404   0.960  0.000  0.000
   75 H   0.0365   0.963  0.000  0.000
   76 H   0.0385   0.962  0.000  0.000
   77 H   0.0448   0.955  0.000  0.000
   78 H   0.0388   0.961  0.000  0.000
   79 H   0.0556   0.944  0.000  0.000
   80 H   0.0631   0.937  0.000  0.000
   81 H   0.0489   0.951  0.000  0.000
   82 H   0.0462   0.954  0.000  0.000
   83 H   0.0443   0.956  0.000  0.000
   84 H   0.0377   0.962  0.000  0.000
   85 H   0.0394   0.961  0.000  0.000
   86 H   0.0445   0.956  0.000  0.000
   87 H   0.0313   0.969  0.000  0.000
   88 H   0.0360   0.964  0.000  0.000
   89 H   0.0395   0.961  0.000  0.000
   90 H   0.0415   0.959  0.000  0.000
   91 H   0.0346   0.965  0.000  0.000
   92 H   0.0370   0.963  0.000  0.000
   93 H   0.0523   0.948  0.000  0.000
   94 H   0.0286   0.971  0.000  0.000
   95 H   0.0509   0.949  0.000  0.000
   96 H   0.0454   0.955  0.000  0.000
   97 H   0.0449   0.955  0.000  0.000
   98 H   0.0641   0.936  0.000  0.000
   99 H   0.0373   0.963  0.000  0.000
  100 H   0.0454   0.955  0.000  0.000
  101 H   0.0548   0.945  0.000  0.000
  102 H   0.0513   0.949  0.000  0.000
  103 H   0.0452   0.955  0.000  0.000
  104 H   0.0290   0.971  0.000  0.000
  105 H   0.0378   0.962  0.000  0.000
  106 H   0.0403   0.960  0.000  0.000
  107 H   0.0418   0.958  0.000  0.000
  108 H   0.0355   0.965  0.000  0.000
  109 H   0.0381   0.962  0.000  0.000
  110 H   0.0359   0.964  0.000  0.000
  111 H   0.0330   0.967  0.000  0.000
  112 H   0.0326   0.967  0.000  0.000
  113 H   0.0340   0.966  0.000  0.000
  114 H   0.0284   0.972  0.000  0.000
  115 H   0.0426   0.957  0.000  0.000
  116 H   0.0327   0.967  0.000  0.000
  117 H   0.0341   0.966  0.000  0.000
  118 H   0.0319   0.968  0.000  0.000
  119 H   0.0339   0.966  0.000  0.000
  120 H   0.0386   0.961  0.000  0.000
  121 H   0.0341   0.966  0.000  0.000
  122 H   0.0436   0.956  0.000  0.000
  123 H   0.0170   0.983  0.000  0.000
  124 H   0.0146   0.985  0.000  0.000
  125 H   0.0317   0.968  0.000  0.000
  126 H   0.0258   0.974  0.000  0.000
  127 H   0.0398   0.960  0.000  0.000
  128 H   0.0292   0.971  0.000  0.000
  129 H   0.0369   0.963  0.000  0.000
  130 H   0.0264   0.974  0.000  0.000
  131 H   0.0410   0.959  0.000  0.000
  132 H   0.0297   0.970  0.000  0.000
  133 H   0.0218   0.978  0.000  0.000
  134 H   0.0309   0.969  0.000  0.000
  135 H   0.0283   0.972  0.000  0.000
  136 H   0.0419   0.958  0.000  0.000
  137 H   0.0339   0.966  0.000  0.000
  138 H   0.0388   0.961  0.000  0.000
  139 H   0.0378   0.962  0.000  0.000
  140 H   0.0368   0.963  0.000  0.000
 
 Wiberg/Mayer (AO) data. WBOs > 0.1 written file <wbo>
 largest (>0.05) Wiberg bond orders for each atom
           total WBO             WBO to atom ...
     1  MG  2.553    N   34 0.500    N   17 0.479    N   26 0.463    N    6 0.398    C   30 0.052    C   21 0.050
     2  C   3.887    C    7 1.363    C   38 1.227    C   42 0.943
     3  C   3.928    C   18 1.394    C   10 1.347    H   67 0.927
     4  C   3.937    C   27 1.483    C   21 1.247    H   68 0.929
     5  C   3.919    C   30 1.528    C   35 1.183    H   69 0.938
     6  N   3.337    C    7 1.244    C   10 1.234    MG   1 0.398    C   18 0.051
     7  C   3.866    C    2 1.363    N    6 1.244    C    8 0.971
     8  C   3.929    C    7 0.971    C    9 0.936    C   12 0.935    H   70 0.926
     9  C   3.929    C   10 0.960    C   11 0.950    H   71 0.944    C    8 0.936
    10  C   3.833    C    3 1.347    N    6 1.234    C    9 0.960    C   19 0.052
    11  C   3.958    H   73 0.982    H   74 0.975    H   72 0.974    C    9 0.950
    12  C   3.944    C   13 0.972    H   76 0.965    H   75 0.964    C    8 0.935
    13  C   3.960    C   12 0.972    C   14 0.950    H   78 0.948    H   77 0.942    O   15 0.084
    14  C   3.893    O   15 1.846    O   16 1.047    C   13 0.950
    15  O   2.148    C   14 1.846    O   16 0.159    C   13 0.084
    16  O   2.264    C   14 1.047    C   47 0.958    O   15 0.159
    17  N   3.312    C   21 1.264    C   18 1.099    MG   1 0.479    C   27 0.060    C   19 0.054    C   20 0.052
    18  C   3.857    C    3 1.394    C   19 1.106    N   17 1.099    N    6 0.051
    19  C   3.857    C   20 1.441    C   18 1.106    C   22 1.003    O   24 0.078    N   17 0.054    C   10 0.052
    20  C   3.899    C   19 1.441    C   21 1.082    C   23 1.065    O   24 0.065    N   17 0.052
    21  C   3.875    N   17 1.264    C    4 1.247    C   20 1.082    N   26 0.060    MG   1 0.050
    22  C   3.979    C   19 1.003    H   79 0.970    H   81 0.960    H   80 0.956
    23  C   3.902    O   24 1.785    C   20 1.065    C   25 0.958
    24  O   2.118    C   23 1.785    C   19 0.078    C   25 0.076    C   20 0.065
    25  C   3.981    H   84 0.973    H   83 0.960    C   23 0.958    H   82 0.957    O   24 0.076
    26  N   3.357    C   27 1.202    C   30 1.168    MG   1 0.463    C   21 0.060
    27  C   3.861    C    4 1.483    N   26 1.202    C   28 0.915    N   17 0.060
    28  C   3.930    C   29 0.962    C   31 0.961    H   85 0.949    C   27 0.915
    29  C   3.927    C   28 0.962    C   32 0.951    H   86 0.938    C   30 0.917
    30  C   3.853    C    5 1.528    N   26 1.168    C   29 0.917    MG   1 0.052
    31  C   3.965    H   88 0.981    H   87 0.978    H   89 0.976    C   28 0.961
    32  C   3.956    C   33 1.002    H   91 0.968    H   90 0.968    C   29 0.951
    33  C   3.978    C   32 1.002    H   94 0.987    H   92 0.985    H   93 0.973
    34  N   3.329    C   38 1.214    C   35 1.189    MG   1 0.500    C   37 0.061    C   36 0.055
    35  C   3.847    N   34 1.189    C    5 1.183    C   36 1.176
    36  C   3.870    C   37 1.401    C   35 1.176    C   39 1.001    N   34 0.055
    37  C   3.907    C   36 1.401    C   38 1.185    C   40 0.996    O   41 0.073    N   34 0.061
    38  C   3.907    C    2 1.227    N   34 1.214    C   37 1.185
    39  C   3.981    C   36 1.001    H   97 0.974    H   96 0.972    H   95 0.964
    40  C   3.879    O   41 1.903    C   37 0.996    C   42 0.817
    41  O   2.225    C   40 1.903    C   42 0.088    C   37 0.073
    42  C   3.943    C   43 0.971    C    2 0.943    H   98 0.916    C   40 0.817    O   41 0.088    O   44 0.067
    43  C   3.908    O   44 1.805    O   45 1.062    C   42 0.971
    44  O   2.135    C   43 1.805    O   45 0.164    C   42 0.067
    45  O   2.284    C   43 1.062    C   46 0.972    O   44 0.164
    46  C   3.942    H  100 0.988    H   99 0.986    H  101 0.979    O   45 0.972
    47  C   3.937    C   48 1.004    H  103 0.959    O   16 0.958    H  102 0.950
    48  C   3.963    C   49 1.895    C   47 1.004    H  104 0.935
    49  C   3.928    C   48 1.895    C   50 0.977    C   51 0.956
    50  C   3.987    H  106 0.980    H  107 0.977    C   49 0.977    H  105 0.968
    51  C   3.965    C   52 0.980    H  108 0.958    C   49 0.956    H  109 0.953
    52  C   3.967    C   53 0.988    C   51 0.980    H  111 0.970    H  110 0.961
    53  C   3.958    C   52 0.988    C   54 0.972    H  112 0.963    H  113 0.954
    54  C   3.935    C   56 0.976    C   53 0.972    C   55 0.964    H  114 0.956
    55  C   3.978    H  116 0.986    H  117 0.983    H  115 0.979    C   54 0.964
    56  C   3.964    C   57 0.985    C   54 0.976    H  119 0.964    H  118 0.957
    57  C   3.968    C   58 0.991    C   56 0.985    H  120 0.963    H  121 0.962
    58  C   3.947    C   57 0.991    H  123 0.970    H  122 0.956    C   59 0.936
    59  C   3.935    C   61 0.991    C   60 0.987    H  124 0.955    C   58 0.936
    60  C   3.982    C   59 0.987    H  126 0.983    H  125 0.980    H  127 0.974
    61  C   3.968    C   59 0.991    C   62 0.982    H  128 0.961    H  129 0.957
    62  C   3.952    C   61 0.982    C   63 0.965    H  130 0.965    H  131 0.965
    63  C   3.957    C   64 0.973    C   62 0.965    H  133 0.965    H  132 0.964
    64  C   3.948    C   65 0.993    C   66 0.991    C   63 0.973    H  134 0.955
    65  C   3.985    C   64 0.993    H  137 0.978    H  135 0.978    H  136 0.977
    66  C   3.983    C   64 0.991    H  140 0.981    H  139 0.977    H  138 0.977
    67  H   0.992    C    3 0.927
    68  H   0.994    C    4 0.929
    69  H   0.994    C    5 0.938
    70  H   0.994    C    8 0.926
    71  H   0.995    C    9 0.944
    72  H   0.997    C   11 0.974
    73  H   0.997    C   11 0.982
    74  H   0.996    C   11 0.975
    75  H   0.996    C   12 0.964
    76  H   0.997    C   12 0.965
    77  H   0.997    C   13 0.942
    78  H   0.998    C   13 0.948
    79  H   0.995    C   22 0.970
    80  H   0.992    C   22 0.956
    81  H   0.992    C   22 0.960
    82  H   0.997    C   25 0.957
    83  H   0.998    C   25 0.960
    84  H   0.996    C   25 0.973
    85  H   0.996    C   28 0.949
    86  H   0.995    C   29 0.938
    87  H   0.997    C   31 0.978
    88  H   0.997    C   31 0.981
    89  H   0.996    C   31 0.976
    90  H   0.996    C   32 0.968
    91  H   0.997    C   32 0.968
    92  H   0.998    C   33 0.985
    93  H   0.997    C   33 0.973
    94  H   0.999    C   33 0.987
    95  H   0.991    C   39 0.964
    96  H   0.994    C   39 0.972
    97  H   0.996    C   39 0.974
    98  H   0.991    C   42 0.916
    99  H   0.998    C   46 0.986
   100  H   0.997    C   46 0.988
   101  H   0.996    C   46 0.979
   102  H   0.995    C   47 0.950
   103  H   0.997    C   47 0.959
   104  H   0.999    C   48 0.935
   105  H   0.998    C   50 0.968
   106  H   0.998    C   50 0.980
   107  H   0.998    C   50 0.977
   108  H   0.998    C   51 0.958
   109  H   0.998    C   51 0.953
   110  H   0.999    C   52 0.961
   111  H   0.997    C   52 0.970
   112  H   0.997    C   53 0.963
   113  H   0.999    C   53 0.954
   114  H   0.999    C   54 0.956
   115  H   0.997    C   55 0.979
   116  H   0.999    C   55 0.986
   117  H   0.998    C   55 0.983
   118  H   0.999    C   56 0.957
   119  H   0.998    C   56 0.964
   120  H   0.997    C   57 0.963
   121  H   0.999    C   57 0.962
   122  H   0.997    C   58 0.956
   123  H   0.998    C   58 0.970
   124  H   1.000    C   59 0.955
   125  H   0.999    C   60 0.980
   126  H   0.999    C   60 0.983
   127  H   0.998    C   60 0.974
   128  H   0.998    C   61 0.961
   129  H   0.998    C   61 0.957
   130  H   0.999    C   62 0.965
   131  H   0.997    C   62 0.965
   132  H   0.998    C   63 0.964
   133  H   0.999    C   63 0.965
   134  H   0.999    C   64 0.955
   135  H   0.999    C   65 0.978
   136  H   0.998    C   65 0.977
   137  H   0.999    C   65 0.978
   138  H   0.998    C   66 0.977
   139  H   0.999    C   66 0.977
   140  H   0.998    C   66 0.981
 
 --------------------------------------------
          xTB calculation for sTDA...
 --------------------------------------------
 
 reading parameter file ~/.param_stda2.xtb
 
      method parameters     
 k(s)        :  1.6000
 k(p)        :  2.1800
 k(d)        :  1.9500
 k(f)        :  2.0000
 k(R-V)      :  2.2750
 k(R-R)      :  1.7650
 Tscal       :  0.2580
 Gscal       :  1.0000
 fpol        :  1.0000
 Zcnf        :  0.3430
 Zqf         :  0.0000
 kcn         :  2.7000
 Ryd Hsplit  :  0.7000
 lshift(virt):  3.1000
 lshift(OS)  :  0.2000
 wllscaling  :  2.6000
 
 mowrcut     : 3.000
 
  Z AO/shell   Hii/eV     exponent
  1     Sun Feb 14 09:53:25 CET 2016    EN: 2.327 GAM: 0.473  GM3: 0.0000
     1s    -14.339618    1.220000
     2sp    -3.348946    0.600000
  6     Sun Feb 14 09:53:25 CET 2016    EN: 2.731 GAM: 0.422  GM3: 0.0000
     2s    -22.009312    1.565095
     2p    -13.020408    1.596905
     3sp    -3.914040    0.824500
  7     Sun Feb 14 09:53:25 CET 2016    EN: 3.573 GAM: 0.504  GM3: 0.0000
     2s    -25.722000    2.064844
     2p    -18.684912    1.801692
     3sp    -4.344791    0.921400
  8     Sun Feb 14 09:53:25 CET 2016    EN: 3.700 GAM: 0.587  GM3: 0.0000
     2s    -33.859000    2.418661
     2p    -22.175911    1.973969
     3sp    -4.259392    1.013700
 12     Sun Feb 21 16:58:31 CET 2016    EN: 0.033 GAM: 0.222  GM3: 0.0000
     3s    -11.092543    1.647583
     3p     -6.929529    0.855020
 
 Nbf   :          894
 T(el) :     0.0
 calculating S/T integrals ...
 cpu time for ints    1.28518300000000     
 Nao   :          894
 making H0...
 making H1...
 cpu time for H      2.141199999999999E-002
 solving ...
 cpu time for diag   0.278622000000000     
 
 gap (eV)           :   4.606
 Koopmans IP (eV)   :  13.208
 Eel (Eh)           :  -301.167319

          eigenvalues
 #    :         164        165        166        167        168        169        170        171
 occ. :        2.000      2.000      2.000      2.000      2.000      2.000      2.000      2.000
 eps  :       -17.370    -17.118    -16.908    -16.325    -16.120    -16.019    -15.892    -15.606
 #    :         172        173        174        175        176        177        178        179
 occ. :        2.000      2.000      2.000      2.000      2.000      0.000      0.000      0.000
 eps  :       -15.577    -15.502    -15.284    -14.038    -13.210     -8.603     -6.849     -6.736
 #    :         180        181        182        183        184        185        186        187
 occ. :        0.000      0.000      0.000      0.000      0.000      0.000      0.000      0.000
 eps  :        -6.262     -6.012     -5.710     -5.600     -5.559     -5.258     -5.120     -4.999
                            1  SCC done.
 writing mo output ...
 molden style : F
 
speedup  1.29
cpu  time for all    2.13 s
wall time for all    1.65 s
