 
        ______________________________________
       |                                      |
       |          ===================         |
       |             xTB for sTDA             |
       |          ===================         |
       |               S. Grimme              |
       |        Universitaet Bonn, MCTC       |
       |         2015-19, Version 1.0         |
       |     Wed Apr  3 09:14:55 CEST 2019    |
       |______________________________________|
 
        This code comes without any warranty
        for non-commercial, academia use only.
        Preliminary test version.
        Cite this work as:
        S. Grimme  &  C. Bannwarth, JCP 145 (2016) 054103
        if GBSA is used additionally:
        P. Shushkov, F. März, C. Bannwarth, S. Grimme, unpublished.
 
        with help from
        P. Shushkov, G. Brandenburg, S. Dohm, J. Pisarek,
        F. März, M. Checinski, S. Ehrlich, S. Spicher, 
        P. Pracht, E. Caldeweyher, S. Ehlert, and C. Bannwarth.
 
        usage        :
        xtb4stda <coord_file> [options]
        where <coord_file> is a valid file of TM)
        (*coord, Bohr) or xmol (*xyz, Angstroem)
        format.

        options:
        -chrg <int>   : molecular charge
        -uhf  <int>   : # of unpaired electrons(=2*S)
        -nox          : skip second, extended part in sTDA-xTB
        -pop          : do population analysis
                      : (default for -nox)
        -mowr <real>  : cut MO write above (def.3 Eh)
        -molden       : write formatted molden file
        -parx <file>  : read parameters for sTDA-xTB
                        calc (def:~/.param_stda2.xtb)
        -parv <file>  : read parameters for vTB part in
                        sTDA-xTB (def: ~/.param_stda1.xtb)
        -xtemp <real> : el. temp for xTB (def. 0 K)
        -etemp <real> : el. temp for GFN (def. 300 K)
        -fod          : calculate the FOD and write
                        molden.input file with
                        appropriate occupations
                        for plotting. Def. T=12500 K
 
        -acc <real>   : xTB accuracy (def. 1.0)
        -gbsa [string1] [string2]
                        use GBSA implicit solvent
                        for solvent [string1] and
                        solvation state [string2]=
                        reference, bar1M (default=1M)
        additional GFN/opt/MD/siman options read from
        $XTB4STDAHOME/.xtb4stdarc or $set in input
 
       spin and charge state information can be on:
       <.CHRG> (charge) and <.UHF> (=nalpha-nbeta)
       -uhf and -chrg override the file info.
       useful machine settings:
       setenv MKL_NUM_THREADS <NCORE_ON_YOUR_MACHINE>
       setenv OMP_STACKSIZE 500m
       limit stacksize unlimited
 
       total energies in Eh, gaps/HL energies in eV
       please read REVISION and HOWTO files carefully
 =============================
  # OMP threads =           4
 =============================
 
 xtb4stdahome directory:~/
 
 
 name of molecule           :
 comment line               :
 number of atoms            :   140
 number of electrons        :   352
 charge                     :  0
 spin                       : 0.0
 first test random number   :  0.3895
 
 -----------------------------------------
      charge density (VTB) calculation
 -----------------------------------------
 
      method parameters     
 k(s)        :  1.8000
 k(p)        :  2.8350
 k(d)        :  2.0860
 k(f)        :  2.0000
 Tscal       :  0.3300
 Gscal       :  0.3910
 fpol        :  1.0000
 Zcnf        :  0.6500
 Zqf         :  0.0000
 kcn         :  0.3000
 kEN1        : -0.5900
 wllscal     :  2.6000
 
     -------------------------
     ! NO SOLVENT MODEL USED !
     -------------------------
 
 doing EN charges ...
 sum q :  0.2220446D-14
 point charge moment (au)
     X       Y       Z   
  -0.1390   0.2176   0.4667  total (Debye):    1.356
 
            Z      q(EN)   CN      Cart. coordinates
     1  MG  2.0   0.879   4.718     5.15139     1.34360    82.25032
     2  C   4.0   0.019   3.324    11.13238     4.62227    81.91017
     3  C   4.0  -0.060   3.141     2.49633     6.77278    79.65951
     4  C   4.0  -0.061   3.189    -0.17763    -1.71776    81.36971
     5  C   4.0  -0.056   3.141     8.62282    -4.11771    83.55801
     6  N   5.0  -0.320   3.062     6.76522     5.03423    80.52122
     7  C   4.0   0.103   3.351     9.19352     5.90539    80.67240
     8  C   4.0  -0.094   4.150     9.38816     8.64361    79.83336
     9  C   4.0  -0.096   4.131     6.59136     9.46753    79.58203
    10  C   4.0   0.088   3.309     5.16462     6.97687    79.77100
    11  C   4.0  -0.236   4.017     5.68430    11.50087    81.62482
    12  C   4.0  -0.161   4.027    11.10214     8.99510    77.37294
    13  C   4.0  -0.169   4.027    11.46308     6.74821    75.37550
    14  C   4.0   0.183   3.045    11.70118     7.35103    72.51445
    15  O   6.0  -0.108   1.039    11.92039     9.44485    71.63006
    16  O   6.0  -0.115   2.046    11.77110     5.19486    71.05370
    17  N   5.0  -0.403   3.272     1.38895     2.47554    81.18074
    18  C   4.0   0.077   3.367     0.74455     4.83203    80.23209
    19  C   4.0   0.011   3.306    -1.87461     4.79046    79.89383
    20  C   4.0   0.004   3.276    -2.81002     2.25822    80.29824
    21  C   4.0   0.093   3.408    -0.57259     0.85794    81.08436
    22  C   4.0  -0.247   4.038    -3.62449     6.84459    79.09259
    23  C   4.0   0.102   3.034    -5.45942     1.22454    79.96375
    24  O   6.0  -0.095   1.052    -7.26600     2.47932    79.14928
    25  C   4.0  -0.246   4.019    -6.12838    -1.58548    80.60815
    26  N   5.0  -0.470   3.150     4.42385    -2.38483    81.87805
    27  C   4.0   0.091   3.480     2.02579    -3.22765    81.89505
    28  C   4.0  -0.092   4.089     1.71209    -6.10381    82.29001
    29  C   4.0  -0.097   4.164     4.65251    -6.72742    82.87204
    30  C   4.0   0.084   3.416     6.02634    -4.23677    82.76622
    31  C   4.0  -0.237   4.018    -0.12283    -6.64617    84.59169
    32  C   4.0  -0.162   4.028     5.75799    -8.95730    81.25822
    33  C   4.0  -0.238   3.999     5.50099   -11.75976    82.11615
    34  N   5.0  -0.403   3.211     8.98565     0.34771    82.80968
    35  C   4.0   0.081   3.406    10.00988    -1.90484    83.57124
    36  C   4.0   0.012   3.257    12.73864    -1.42107    84.20808
    37  C   4.0   0.006   3.373    13.19974     1.12250    83.48620
    38  C   4.0   0.067   3.651    10.89994     2.10704    82.75866
    39  C   4.0  -0.244   4.003    14.56601    -3.36560    85.45341
    40  C   4.0   0.101   3.213    15.14615     3.15962    83.39361
    41  O   6.0  -0.091   1.038    17.39493     3.13695    84.01533
    42  C   4.0  -0.119   4.210    13.74965     5.53501    82.41284
    43  C   4.0   0.166   3.165    14.00476     7.56268    84.27044
    44  O   6.0  -0.093   1.052    15.91716     8.87793    84.52177
    45  O   6.0  -0.115   2.035    11.76543     8.33558    85.43262
    46  C   4.0  -0.193   4.036    11.91661    10.44452    87.13904
    47  C   4.0  -0.138   4.044    12.23787     5.14950    68.29848
    48  C   4.0  -0.052   3.105    10.45207     3.31269    67.24779
    49  C   4.0   0.019   3.082    11.00198     1.63650    65.35239
    50  C   4.0  -0.251   4.044    13.38682     1.36627    63.85006
    51  C   4.0  -0.176   4.074     8.93462    -0.13984    64.46611
    52  C   4.0  -0.163   4.032     6.16807     0.98266    63.99368
    53  C   4.0  -0.164   4.052     5.37627     1.24155    61.18744
    54  C   4.0  -0.087   4.029     2.37728     1.26612    61.07783
    55  C   4.0  -0.237   4.016     1.29635    -1.49288    60.68288
    56  C   4.0  -0.163   4.052     1.57603     3.21442    58.99913
    57  C   4.0  -0.163   4.029    -1.29635     3.23332    58.10718
    58  C   4.0  -0.163   4.059    -2.59837     5.72587    58.78559
    59  C   4.0  -0.089   4.060    -3.23332     7.37938    56.29683
    60  C   4.0  -0.241   4.084    -2.74199    10.05712    56.80327
    61  C   4.0  -0.165   4.090    -5.79012     6.98443    55.26693
    62  C   4.0  -0.162   4.031    -6.14161     7.88583    52.43423
    63  C   4.0  -0.162   4.039    -6.73498     5.67485    50.62198
    64  C   4.0  -0.086   4.005    -9.17462     6.15106    48.87020
    65  C   4.0  -0.239   4.049   -10.69774     3.63583    48.60753
    66  C   4.0  -0.240   4.052    -8.68329     7.02411    46.16034
    67  H   1.0   0.071   1.009     1.36816     8.47353    79.35526
    68  H   1.0   0.072   1.009    -1.86138    -2.86105    81.02767
    69  H   1.0   0.070   1.005     9.73965    -5.69563    84.28367
    70  H   1.0   0.085   1.010    10.36704     9.66406    81.33192
    71  H   1.0   0.084   1.007     6.14161    10.38971    77.79624
    72  H   1.0   0.080   0.998     5.70697    13.33769    80.68941
    73  H   1.0   0.080   0.998     6.92018    11.51032    83.27266
    74  H   1.0   0.080   0.999     3.83047    10.88671    82.28056
    75  H   1.0   0.082   1.002    13.03533     9.57146    77.78301
    76  H   1.0   0.082   1.006    10.42184    10.38782    76.01612
    77  H   1.0   0.082   1.003    10.03067     5.34037    75.83470
    78  H   1.0   0.082   1.005    13.28477     5.89406    75.81581
    79  H   1.0   0.081   1.000    -4.48432     6.36838    77.28223
    80  H   1.0   0.081   1.002    -2.43019     8.51699    78.96598
    81  H   1.0   0.080   0.998    -5.22509     7.26789    80.31902
    82  H   1.0   0.080   0.997    -8.15417    -1.94642    80.67618
    83  H   1.0   0.080   0.998    -5.51422    -2.15240    82.49032
    84  H   1.0   0.080   0.997    -5.34792    -2.94041    79.26644
    85  H   1.0   0.083   1.006     1.41540    -7.04868    80.48343
    86  H   1.0   0.085   1.010     4.66951    -7.54568    84.76177
    87  H   1.0   0.080   1.001    -1.85382    -7.07324    83.55801
    88  H   1.0   0.080   0.998    -0.75211    -4.97565    85.61592
    89  H   1.0   0.080   0.997     0.38550    -8.29023    85.72364
    90  H   1.0   0.082   1.006     7.79323    -8.93462    80.94074
    91  H   1.0   0.082   1.004     4.90951    -8.94407    79.38172
    92  H   1.0   0.080   0.998     5.38005   -11.79945    84.17217
    93  H   1.0   0.080   0.999     7.27733   -12.65172    81.57380
    94  H   1.0   0.079   0.997     3.80402   -12.66116    81.37349
    95  H   1.0   0.080   1.000    16.43684    -2.52278    85.28522
    96  H   1.0   0.080   0.998    14.53955    -5.14005    84.40650
    97  H   1.0   0.080   0.997    14.31089    -3.63394    87.47919
    98  H   1.0   0.086   1.019    14.73797     6.51389    80.89350
    99  H   1.0   0.080   0.997    11.61804    12.14338    86.01277
   100  H   1.0   0.080   0.996    13.63815    10.45774    88.27099
   101  H   1.0   0.080   0.995    10.38026    10.62215    88.49965
   102  H   1.0   0.082   1.002    14.20696     4.55235    68.22478
   103  H   1.0   0.081   1.001    12.14905     6.94096    67.28369
   104  H   1.0   0.071   1.005     8.53400     3.11238    67.96966
   105  H   1.0   0.080   0.998    14.14082    -0.54991    63.82549
   106  H   1.0   0.080   1.001    14.82868     2.50011    64.78925
   107  H   1.0   0.080   0.999    13.13926     2.21098    61.98868
   108  H   1.0   0.082   1.005     8.72297    -1.50422    65.99301
   109  H   1.0   0.082   1.007     9.66595    -0.78424    62.65008
   110  H   1.0   0.082   1.007     6.40050     2.91018    64.68154
   111  H   1.0   0.081   1.001     4.78668    -0.03779    65.13129
   112  H   1.0   0.082   1.003     5.99799    -0.34771    60.03470
   113  H   1.0   0.081   1.001     6.35326     2.82136    60.29549
   114  H   1.0   0.083   1.008     1.85193     2.11460    62.88063
   115  H   1.0   0.080   0.998    -0.17952    -1.85193    62.07372
   116  H   1.0   0.080   0.998     2.80246    -2.87994    60.90209
   117  H   1.0   0.080   1.000     0.42708    -1.49666    58.81394
   118  H   1.0   0.082   1.002     2.78735     2.95175    57.35318
   119  H   1.0   0.082   1.004     1.97854     5.08525    59.76069
   120  H   1.0   0.082   1.002    -2.24877     1.54013    58.78748
   121  H   1.0   0.081   1.002    -1.53257     2.87616    56.09085
   122  H   1.0   0.082   1.005    -1.29446     6.60459    60.11596
   123  H   1.0   0.082   1.004    -4.34826     5.10604    59.67944
   124  H   1.0   0.084   1.015    -1.81225     6.99577    54.85685
   125  H   1.0   0.081   0.998    -3.98732    11.44985    55.93400
   126  H   1.0   0.081   1.002    -0.78802    10.34625    56.21935
   127  H   1.0   0.082   1.004    -3.04435    10.25176    58.83284
   128  H   1.0   0.083   1.005    -7.05624     7.95008    56.57462
   129  H   1.0   0.083   1.005    -6.28523     5.00966    55.57495
   130  H   1.0   0.081   1.001    -4.66006     9.02533    51.56873
   131  H   1.0   0.082   1.005    -7.81591     9.08202    52.54761
   132  H   1.0   0.082   1.002    -6.93340     3.90984    51.66511
   133  H   1.0   0.081   1.002    -5.00399     5.31958    49.56184
   134  H   1.0   0.082   1.011   -10.34436     7.75355    49.42389
   135  H   1.0   0.080   0.997   -11.17395     2.79679    50.42734
   136  H   1.0   0.080   0.998    -9.75854     2.31113    47.33952
   137  H   1.0   0.080   0.999   -12.49298     4.10637    47.71180
   138  H   1.0   0.081   1.000    -6.64239     7.12427    45.90900
   139  H   1.0   0.080   0.997    -9.63949     8.76455    45.61232
   140  H   1.0   0.081   0.999    -9.21052     5.57280    44.79595
 
  Z AO/shell   Hii/eV     exponent
  1     Sat Feb 20 21:38:01 CET 2016    EN: 2.327 GAM: 0.473  GM3: 0.0000
     1s    -13.751157    1.051071
  6     Sat Feb 20 21:38:01 CET 2016    EN: 2.731 GAM: 0.422  GM3: 0.0000
     2s    -19.378245    2.021003
     2p    -11.993376    1.497917
  7     Sat Feb 20 21:38:01 CET 2016    EN: 3.573 GAM: 0.504  GM3: 0.0000
     2s    -21.576984    2.275442
     2p    -16.125120    2.056788
  8     Sat Feb 20 21:38:01 CET 2016    EN: 3.700 GAM: 0.587  GM3: 0.0000
     2s    -21.648843    2.110798
     2p    -17.239740    2.329048
 12     Sat Feb 20 23:25:47 CET 2016    EN: 0.033 GAM: 0.222  GM3: 0.0000
     3s    -12.693633    1.302878
     3p     -8.128821    0.504252
 
 dipole moment of classical point charges (au)
     X       Y       Z   
  -0.1390   0.2176   0.4667  total (Debye):    1.356

 
 Nbf   :          338
 T(el) :   300.0
 calculating S/T integrals ...
 cpu time for ints   0.151970000000000     
 Nao   :          338
 making H0...
 making H1...
 cpu time for H      1.085500000000000E-002
 solving ...
 cpu time for diag   7.422199999999998E-002
 
 gap (eV)           :   1.304
 Koopmans IP (eV)   :  12.149
 Eel (Eh)           :  -268.237723
 T,E(Fermi),NFOD :    300.000   -11.497  0.000000
 T,E(Fermi),NFOD :    300.000   -11.497  0.000000
 Nfod               :  0.0000
 Nfod/Nel           :  0.0000

          eigenvalues
 #    :         164        165        166        167        168        169        170        171
 occ. :        2.000      2.000      2.000      2.000      2.000      2.000      2.000      2.000
 eps  :       -16.367    -16.186    -16.071    -16.042    -15.777    -15.725    -15.678    -14.870
 #    :         172        173        174        175        176        177        178        179
 occ. :        2.000      2.000      2.000      2.000      2.000      0.000      0.000      0.000
 eps  :       -14.810    -14.643    -14.538    -13.241    -12.150    -10.846     -9.965     -8.749
 #    :         180        181        182        183        184        185        186        187
 occ. :        0.000      0.000      0.000      0.000      0.000      0.000      0.000      0.000
 eps  :        -8.527     -8.436     -8.196     -8.027     -7.804     -7.448     -7.423     -7.279
                            1  SCC done.
 making H1...
 cpu time for H      8.913999999999997E-002
 solving ...
 cpu time for diag   3.700599999999998E-002
 
 gap (eV)           :   1.593
 Koopmans IP (eV)   :  12.161
 Eel (Eh)           :  -265.655622
 T,E(Fermi),NFOD :    300.000   -11.364  0.000000
 T,E(Fermi),NFOD :    300.000   -11.364  0.000000
 Nfod               :  0.0000
 Nfod/Nel           :  0.0000

          eigenvalues
 #    :         164        165        166        167        168        169        170        171
 occ. :        2.000      2.000      2.000      2.000      2.000      2.000      2.000      2.000
 eps  :       -15.346    -15.220    -15.208    -14.755    -14.571    -14.555    -14.267    -14.225
 #    :         172        173        174        175        176        177        178        179
 occ. :        2.000      2.000      2.000      2.000      2.000      0.000      0.000      0.000
 eps  :       -14.153    -13.974    -13.617    -12.728    -12.162    -10.569     -9.466     -8.638
 #    :         180        181        182        183        184        185        186        187
 occ. :        0.000      0.000      0.000      0.000      0.000      0.000      0.000      0.000
 eps  :        -8.526     -8.380     -8.183     -7.946     -7.707     -7.376     -7.316     -7.136
                            2  SCC done.
 
 
 Mulliken/CM5 charges    n(s)   n(p)   n(d)   
    1 MG  0.3045  0.7452   0.658  1.038  0.000
    2 C   0.0117  0.0158   1.169  2.819  0.000
    3 C  -0.0010 -0.0437   1.121  2.880  0.000
    4 C  -0.0360 -0.0782   1.125  2.911  0.000
    5 C  -0.0266 -0.0682   1.125  2.901  0.000
    6 N  -0.1166 -0.3447   1.421  3.696  0.000
    7 C   0.0225  0.0849   1.228  2.749  0.000
    8 C  -0.0119 -0.0645   1.201  2.811  0.000
    9 C  -0.0136 -0.0699   1.196  2.817  0.000
   10 C   0.0502  0.1052   1.229  2.721  0.000
   11 C  -0.0877 -0.2357   1.115  2.973  0.000
   12 C  -0.0720 -0.1782   1.166  2.906  0.000
   13 C  -0.0763 -0.1769   1.157  2.919  0.000
   14 C   0.2285  0.2795   1.184  2.588  0.000
   15 O  -0.2779 -0.3260   1.620  4.657  0.000
   16 O  -0.1655 -0.2406   1.464  4.701  0.000
   17 N  -0.2298 -0.4962   1.371  3.859  0.000
   18 C   0.0549  0.1123   1.177  2.768  0.000
   19 C   0.0275  0.0238   1.200  2.773  0.000
   20 C  -0.0533 -0.0472   1.201  2.853  0.000
   21 C   0.0500  0.1156   1.190  2.760  0.000
   22 C  -0.0732 -0.2166   1.077  2.996  0.000
   23 C   0.1233  0.1478   1.223  2.654  0.000
   24 O  -0.2456 -0.2933   1.628  4.618  0.000
   25 C  -0.1118 -0.2551   1.107  3.005  0.000
   26 N  -0.1875 -0.4887   1.408  3.780  0.000
   27 C   0.0382  0.0978   1.233  2.729  0.000
   28 C  -0.0182 -0.0761   1.216  2.803  0.000
   29 C  -0.0426 -0.0965   1.207  2.835  0.000
   30 C   0.0241  0.0809   1.219  2.757  0.000
   31 C  -0.0792 -0.2264   1.106  2.973  0.000
   32 C  -0.0737 -0.1848   1.158  2.916  0.000
   33 C  -0.0925 -0.2457   1.101  2.991  0.000
   34 N  -0.2175 -0.4876   1.394  3.823  0.000
   35 C   0.0099  0.0715   1.203  2.787  0.000
   36 C  -0.0560 -0.0597   1.243  2.813  0.000
   37 C  -0.0525 -0.0454   1.185  2.868  0.000
   38 C   0.0099  0.0752   1.190  2.800  0.000
   39 C  -0.0677 -0.2114   1.085  2.983  0.000
   40 C   0.1418  0.1737   1.211  2.647  0.000
   41 O  -0.2016 -0.2427   1.635  4.567  0.000
   42 C  -0.0032 -0.0461   1.171  2.833  0.000
   43 C   0.2151  0.2639   1.195  2.590  0.000
   44 O  -0.2753 -0.3241   1.629  4.646  0.000
   45 O  -0.1589 -0.2425   1.478  4.681  0.000
   46 C   0.0074 -0.1145   1.082  2.911  0.000
   47 C   0.0595 -0.0206   1.123  2.818  0.000
   48 C  -0.0713 -0.1278   1.153  2.918  0.000
   49 C  -0.0296 -0.0560   1.216  2.813  0.000
   50 C  -0.0879 -0.2345   1.081  3.007  0.000
   51 C  -0.0705 -0.1768   1.146  2.924  0.000
   52 C  -0.0712 -0.1825   1.164  2.908  0.000
   53 C  -0.0764 -0.1870   1.162  2.914  0.000
   54 C  -0.0317 -0.1042   1.218  2.814  0.000
   55 C  -0.0938 -0.2430   1.104  2.990  0.000
   56 C  -0.0791 -0.1890   1.168  2.911  0.000
   57 C  -0.0805 -0.1937   1.152  2.929  0.000
   58 C  -0.0676 -0.1783   1.169  2.898  0.000
   59 C  -0.0188 -0.0955   1.187  2.832  0.000
   60 C  -0.1028 -0.2547   1.097  3.006  0.000
   61 C  -0.0640 -0.1744   1.150  2.914  0.000
   62 C  -0.0564 -0.1669   1.154  2.903  0.000
   63 C  -0.0724 -0.1814   1.163  2.909  0.000
   64 C  -0.0214 -0.0952   1.207  2.815  0.000
   65 C  -0.1012 -0.2513   1.108  2.993  0.000
   66 C  -0.1120 -0.2638   1.105  3.007  0.000
   67 H   0.0545  0.1143   0.946  0.000  0.000
   68 H   0.0555  0.1171   0.944  0.000  0.000
   69 H   0.0693  0.1272   0.931  0.000  0.000
   70 H   0.0604  0.1284   0.940  0.000  0.000
   71 H   0.0498  0.1103   0.950  0.000  0.000
   72 H   0.0415  0.0930   0.958  0.000  0.000
   73 H   0.0337  0.0866   0.966  0.000  0.000
   74 H   0.0441  0.0980   0.956  0.000  0.000
   75 H   0.0420  0.0980   0.958  0.000  0.000
   76 H   0.0364  0.0974   0.964  0.000  0.000
   77 H   0.0437  0.1041   0.956  0.000  0.000
   78 H   0.0392  0.0987   0.961  0.000  0.000
   79 H   0.0521  0.1070   0.948  0.000  0.000
   80 H   0.0386  0.0929   0.961  0.000  0.000
   81 H   0.0529  0.1062   0.947  0.000  0.000
   82 H   0.0402  0.0945   0.960  0.000  0.000
   83 H   0.0362  0.0890   0.964  0.000  0.000
   84 H   0.0431  0.0956   0.957  0.000  0.000
   85 H   0.0677  0.1280   0.932  0.000  0.000
   86 H   0.0417  0.1044   0.958  0.000  0.000
   87 H   0.0341  0.0870   0.966  0.000  0.000
   88 H   0.0527  0.1055   0.947  0.000  0.000
   89 H   0.0505  0.1019   0.950  0.000  0.000
   90 H   0.0392  0.0957   0.961  0.000  0.000
   91 H   0.0257  0.0821   0.974  0.000  0.000
   92 H   0.0226  0.0746   0.977  0.000  0.000
   93 H   0.0457  0.0973   0.954  0.000  0.000
   94 H   0.0334  0.0845   0.967  0.000  0.000
   95 H   0.0455  0.0992   0.954  0.000  0.000
   96 H   0.0481  0.1000   0.952  0.000  0.000
   97 H   0.0539  0.1051   0.946  0.000  0.000
   98 H   0.0891  0.1587   0.911  0.000  0.000
   99 H   0.0417  0.1029   0.958  0.000  0.000
  100 H   0.0549  0.1172   0.945  0.000  0.000
  101 H   0.0459  0.1028   0.954  0.000  0.000
  102 H   0.0517  0.1177   0.948  0.000  0.000
  103 H   0.0676  0.1304   0.932  0.000  0.000
  104 H   0.0487  0.1090   0.951  0.000  0.000
  105 H   0.0469  0.0989   0.953  0.000  0.000
  106 H   0.0339  0.0877   0.966  0.000  0.000
  107 H   0.0466  0.0991   0.953  0.000  0.000
  108 H   0.0472  0.1037   0.953  0.000  0.000
  109 H   0.0377  0.0964   0.962  0.000  0.000
  110 H   0.0300  0.0887   0.970  0.000  0.000
  111 H   0.0398  0.0952   0.960  0.000  0.000
  112 H   0.0224  0.0787   0.978  0.000  0.000
  113 H   0.0370  0.0920   0.963  0.000  0.000
  114 H   0.0325  0.0923   0.968  0.000  0.000
  115 H   0.0357  0.0872   0.964  0.000  0.000
  116 H   0.0416  0.0941   0.958  0.000  0.000
  117 H   0.0384  0.0920   0.962  0.000  0.000
  118 H   0.0249  0.0808   0.975  0.000  0.000
  119 H   0.0383  0.0953   0.962  0.000  0.000
  120 H   0.0355  0.0912   0.965  0.000  0.000
  121 H   0.0293  0.0850   0.971  0.000  0.000
  122 H   0.0493  0.1067   0.951  0.000  0.000
  123 H   0.0340  0.0904   0.966  0.000  0.000
  124 H   0.0269  0.0889   0.973  0.000  0.000
  125 H   0.0350  0.0878   0.965  0.000  0.000
  126 H   0.0356  0.0888   0.964  0.000  0.000
  127 H   0.0232  0.0780   0.977  0.000  0.000
  128 H   0.0303  0.0874   0.970  0.000  0.000
  129 H   0.0343  0.0916   0.966  0.000  0.000
  130 H   0.0442  0.0994   0.956  0.000  0.000
  131 H   0.0307  0.0874   0.969  0.000  0.000
  132 H   0.0363  0.0927   0.964  0.000  0.000
  133 H   0.0315  0.0867   0.968  0.000  0.000
  134 H   0.0425  0.1018   0.957  0.000  0.000
  135 H   0.0325  0.0840   0.968  0.000  0.000
  136 H   0.0351  0.0874   0.965  0.000  0.000
  137 H   0.0307  0.0830   0.969  0.000  0.000
  138 H   0.0239  0.0769   0.976  0.000  0.000
  139 H   0.0395  0.0906   0.960  0.000  0.000
  140 H   0.0277  0.0807   0.972  0.000  0.000
 Hirshfeld charges for QMDFF written to <charges>
 
 Loewdin charges    n(s)   n(p)   n(d)
    1 MG  0.1429   0.669  1.188  0.000
    2 C   0.0131   1.128  2.859  0.000
    3 C   0.0017   1.069  2.930  0.000
    4 C  -0.0357   1.073  2.963  0.000
    5 C  -0.0225   1.072  2.951  0.000
    6 N  -0.0857   1.380  3.706  0.000
    7 C   0.0229   1.192  2.785  0.000
    8 C  -0.0043   1.153  2.851  0.000
    9 C  -0.0053   1.148  2.857  0.000
   10 C   0.0536   1.192  2.754  0.000
   11 C  -0.0893   1.044  3.046  0.000
   12 C  -0.0680   1.109  2.959  0.000
   13 C  -0.0770   1.100  2.977  0.000
   14 C   0.2051   1.158  2.637  0.000
   15 O  -0.2625   1.589  4.674  0.000
   16 O  -0.1329   1.432  4.701  0.000
   17 N  -0.2006   1.330  3.870  0.000
   18 C   0.0565   1.137  2.806  0.000
   19 C   0.0359   1.158  2.806  0.000
   20 C  -0.0617   1.166  2.896  0.000
   21 C   0.0559   1.149  2.795  0.000
   22 C  -0.0749   1.002  3.073  0.000
   23 C   0.1212   1.188  2.691  0.000
   24 O  -0.2309   1.599  4.632  0.000
   25 C  -0.1189   1.037  3.082  0.000
   26 N  -0.1444   1.360  3.785  0.000
   27 C   0.0443   1.196  2.760  0.000
   28 C  -0.0087   1.169  2.840  0.000
   29 C  -0.0371   1.161  2.876  0.000
   30 C   0.0306   1.181  2.788  0.000
   31 C  -0.0800   1.034  3.046  0.000
   32 C  -0.0698   1.100  2.970  0.000
   33 C  -0.0936   1.029  3.064  0.000
   34 N  -0.1874   1.353  3.834  0.000
   35 C   0.0123   1.164  2.824  0.000
   36 C  -0.0489   1.205  2.844  0.000
   37 C  -0.0596   1.147  2.913  0.000
   38 C   0.0145   1.150  2.835  0.000
   39 C  -0.0668   1.010  3.057  0.000
   40 C   0.1373   1.178  2.685  0.000
   41 O  -0.1878   1.606  4.582  0.000
   42 C  -0.0019   1.120  2.882  0.000
   43 C   0.1959   1.168  2.636  0.000
   44 O  -0.2638   1.602  4.662  0.000
   45 O  -0.1242   1.443  4.681  0.000
   46 C  -0.0026   1.013  2.990  0.000
   47 C   0.0597   1.063  2.877  0.000
   48 C  -0.0706   1.104  2.966  0.000
   49 C  -0.0182   1.175  2.843  0.000
   50 C  -0.0905   1.007  3.083  0.000
   51 C  -0.0672   1.088  2.980  0.000
   52 C  -0.0674   1.106  2.961  0.000
   53 C  -0.0734   1.105  2.968  0.000
   54 C  -0.0212   1.171  2.850  0.000
   55 C  -0.0963   1.032  3.064  0.000
   56 C  -0.0769   1.112  2.965  0.000
   57 C  -0.0772   1.094  2.983  0.000
   58 C  -0.0650   1.113  2.952  0.000
   59 C  -0.0087   1.137  2.872  0.000
   60 C  -0.1076   1.025  3.082  0.000
   61 C  -0.0617   1.092  2.970  0.000
   62 C  -0.0511   1.095  2.956  0.000
   63 C  -0.0703   1.107  2.964  0.000
   64 C  -0.0097   1.159  2.851  0.000
   65 C  -0.1044   1.037  3.067  0.000
   66 C  -0.1170   1.035  3.082  0.000
   67 H   0.0501   0.950  0.000  0.000
   68 H   0.0518   0.948  0.000  0.000
   69 H   0.0620   0.938  0.000  0.000
   70 H   0.0530   0.947  0.000  0.000
   71 H   0.0434   0.957  0.000  0.000
   72 H   0.0406   0.959  0.000  0.000
   73 H   0.0340   0.966  0.000  0.000
   74 H   0.0438   0.956  0.000  0.000
   75 H   0.0389   0.961  0.000  0.000
   76 H   0.0331   0.967  0.000  0.000
   77 H   0.0412   0.959  0.000  0.000
   78 H   0.0369   0.963  0.000  0.000
   79 H   0.0501   0.950  0.000  0.000
   80 H   0.0392   0.961  0.000  0.000
   81 H   0.0510   0.949  0.000  0.000
   82 H   0.0393   0.961  0.000  0.000
   83 H   0.0375   0.962  0.000  0.000
   84 H   0.0440   0.956  0.000  0.000
   85 H   0.0601   0.940  0.000  0.000
   86 H   0.0369   0.963  0.000  0.000
   87 H   0.0344   0.966  0.000  0.000
   88 H   0.0519   0.948  0.000  0.000
   89 H   0.0490   0.951  0.000  0.000
   90 H   0.0372   0.963  0.000  0.000
   91 H   0.0242   0.976  0.000  0.000
   92 H   0.0239   0.976  0.000  0.000
   93 H   0.0450   0.955  0.000  0.000
   94 H   0.0328   0.967  0.000  0.000
   95 H   0.0435   0.957  0.000  0.000
   96 H   0.0467   0.953  0.000  0.000
   97 H   0.0519   0.948  0.000  0.000
   98 H   0.0788   0.921  0.000  0.000
   99 H   0.0391   0.961  0.000  0.000
  100 H   0.0503   0.950  0.000  0.000
  101 H   0.0437   0.956  0.000  0.000
  102 H   0.0455   0.955  0.000  0.000
  103 H   0.0594   0.941  0.000  0.000
  104 H   0.0418   0.958  0.000  0.000
  105 H   0.0459   0.954  0.000  0.000
  106 H   0.0347   0.965  0.000  0.000
  107 H   0.0455   0.955  0.000  0.000
  108 H   0.0435   0.957  0.000  0.000
  109 H   0.0351   0.965  0.000  0.000
  110 H   0.0283   0.972  0.000  0.000
  111 H   0.0370   0.963  0.000  0.000
  112 H   0.0213   0.979  0.000  0.000
  113 H   0.0344   0.966  0.000  0.000
  114 H   0.0272   0.973  0.000  0.000
  115 H   0.0353   0.965  0.000  0.000
  116 H   0.0413   0.959  0.000  0.000
  117 H   0.0387   0.961  0.000  0.000
  118 H   0.0229   0.977  0.000  0.000
  119 H   0.0368   0.963  0.000  0.000
  120 H   0.0344   0.966  0.000  0.000
  121 H   0.0281   0.972  0.000  0.000
  122 H   0.0472   0.953  0.000  0.000
  123 H   0.0316   0.968  0.000  0.000
  124 H   0.0228   0.977  0.000  0.000
  125 H   0.0355   0.964  0.000  0.000
  126 H   0.0353   0.965  0.000  0.000
  127 H   0.0245   0.976  0.000  0.000
  128 H   0.0282   0.972  0.000  0.000
  129 H   0.0325   0.967  0.000  0.000
  130 H   0.0408   0.959  0.000  0.000
  131 H   0.0286   0.971  0.000  0.000
  132 H   0.0345   0.965  0.000  0.000
  133 H   0.0295   0.971  0.000  0.000
  134 H   0.0373   0.963  0.000  0.000
  135 H   0.0325   0.968  0.000  0.000
  136 H   0.0353   0.965  0.000  0.000
  137 H   0.0311   0.969  0.000  0.000
  138 H   0.0251   0.975  0.000  0.000
  139 H   0.0392   0.961  0.000  0.000
  140 H   0.0294   0.971  0.000  0.000
 
 Wiberg/Mayer (AO) data. WBOs > 0.1 written file <wbo>
 largest (>0.05) Wiberg bond orders for each atom
           total WBO             WBO to atom ...
     1  MG  2.537    N   17 0.503    N   34 0.490    N   26 0.472    N    6 0.357    C   27 0.056    C   30 0.052    C   21 0.051
     2  C   3.889    C    7 1.401    C   38 1.220    C   42 0.966
     3  C   3.914    C   10 1.414    C   18 1.266    H   67 0.932
     4  C   3.931    C   27 1.365    C   21 1.316    H   68 0.930
     5  C   3.925    C   30 1.400    C   35 1.325    H   69 0.934
     6  N   3.330    C    7 1.263    C   10 1.239    MG   1 0.357
     7  C   3.872    C    2 1.401    N    6 1.263    C    8 0.940
     8  C   3.933    C    9 0.963    C    7 0.940    C   12 0.933    H   70 0.933
     9  C   3.936    C    8 0.963    C   10 0.951    C   11 0.946    H   71 0.945
    10  C   3.851    C    3 1.414    N    6 1.239    C    9 0.951
    11  C   3.961    H   72 0.982    H   73 0.980    H   74 0.975    C    9 0.946
    12  C   3.942    C   13 0.969    H   76 0.968    H   75 0.968    C    8 0.933
    13  C   3.953    C   12 0.969    H   77 0.954    H   78 0.952    C   14 0.921    O   15 0.092
    14  C   3.889    O   15 1.841    O   16 1.084    C   13 0.921
    15  O   2.146    C   14 1.841    O   16 0.161    C   13 0.092
    16  O   2.283    C   14 1.084    C   47 0.938    O   15 0.161
    17  N   3.304    C   21 1.209    C   18 1.120    MG   1 0.503    C   20 0.077    C   27 0.058
    18  C   3.880    C    3 1.266    C   19 1.250    N   17 1.120
    19  C   3.872    C   20 1.348    C   18 1.250    C   22 1.000
    20  C   3.883    C   19 1.348    C   21 1.124    C   23 1.039    N   17 0.077    O   24 0.073
    21  C   3.891    C    4 1.316    N   17 1.209    C   20 1.124    MG   1 0.051
    22  C   3.981    C   19 1.000    H   80 0.974    H   81 0.966    H   79 0.962
    23  C   3.881    O   24 1.818    C   20 1.039    C   25 0.928
    24  O   2.134    C   23 1.818    C   25 0.084    C   20 0.073
    25  C   3.974    H   82 0.974    H   83 0.969    H   84 0.962    C   23 0.928    O   24 0.084
    26  N   3.346    C   27 1.254    C   30 1.183    MG   1 0.472
    27  C   3.839    C    4 1.365    N   26 1.254    C   28 0.934    N   17 0.058    MG   1 0.056
    28  C   3.926    C   31 0.962    H   85 0.938    C   29 0.938    C   27 0.934
    29  C   3.930    C   30 0.959    C   32 0.940    C   28 0.938    H   86 0.936
    30  C   3.847    C    5 1.400    N   26 1.183    C   29 0.959    C   36 0.060    MG   1 0.052
    31  C   3.963    H   87 0.978    H   89 0.975    H   88 0.974    C   28 0.962
    32  C   3.946    C   33 1.001    H   91 0.968    H   90 0.965    C   29 0.940
    33  C   3.981    C   32 1.001    H   94 0.986    H   92 0.984    H   93 0.980
    34  N   3.286    C   35 1.174    C   38 1.164    MG   1 0.490    C   36 0.059    C   37 0.056
    35  C   3.870    C    5 1.325    N   34 1.174    C   36 1.135
    36  C   3.829    C   37 1.379    C   35 1.135    C   39 0.976    C   30 0.060    N   34 0.059    O   41 0.052
    37  C   3.907    C   36 1.379    C   38 1.218    C   40 1.010    O   41 0.073    N   34 0.056
    38  C   3.896    C    2 1.220    C   37 1.218    N   34 1.164
    39  C   3.977    H   95 0.979    C   36 0.976    H   96 0.975    H   97 0.970
    40  C   3.884    O   41 1.855    C   37 1.010    C   42 0.869
    41  O   2.189    C   40 1.855    C   42 0.077    C   37 0.073    C   36 0.052
    42  C   3.950    C    2 0.966    C   43 0.942    H   98 0.897    C   40 0.869    O   41 0.077    O   44 0.067
    43  C   3.887    O   44 1.803    O   45 1.051    C   42 0.942
    44  O   2.114    C   43 1.803    O   45 0.161    C   42 0.067
    45  O   2.281    C   43 1.051    C   46 0.982    O   44 0.161
    46  C   3.947    H  101 0.988    H   99 0.985    O   45 0.982    H  100 0.978
    47  C   3.935    C   48 1.018    H  102 0.962    H  103 0.948    O   16 0.938
    48  C   3.958    C   49 1.859    C   47 1.018    H  104 0.937
    49  C   3.934    C   48 1.859    C   50 0.993    C   51 0.983
    50  C   3.988    C   49 0.993    H  105 0.972    H  106 0.971    H  107 0.966
    51  C   3.969    C   49 0.983    H  109 0.964    H  108 0.958    C   52 0.950
    52  C   3.958    C   53 0.988    H  110 0.970    H  111 0.969    C   51 0.950
    53  C   3.956    C   52 0.988    H  112 0.966    H  113 0.965    C   54 0.958
    54  C   3.929    C   55 0.980    C   56 0.970    H  114 0.959    C   53 0.958
    55  C   3.983    H  115 0.984    H  117 0.981    C   54 0.980    H  116 0.979
    56  C   3.955    H  118 0.971    C   54 0.970    C   57 0.966    H  119 0.961
    57  C   3.955    C   58 0.998    H  121 0.967    C   56 0.966    H  120 0.963
    58  C   3.956    C   57 0.998    H  123 0.967    H  122 0.955    C   59 0.931
    59  C   3.947    C   60 1.008    C   61 1.000    H  124 0.949    C   58 0.931
    60  C   3.985    C   59 1.008    H  126 0.979    H  127 0.977    H  125 0.969
    61  C   3.961    C   59 1.000    H  128 0.963    H  129 0.958    C   62 0.956
    62  C   3.961    C   63 0.995    H  131 0.970    H  130 0.967    C   61 0.956
    63  C   3.954    C   62 0.995    H  133 0.967    H  132 0.962    C   64 0.947
    64  C   3.935    C   66 0.999    C   65 0.986    H  134 0.954    C   63 0.947
    65  C   3.979    C   64 0.986    H  136 0.980    H  137 0.978    H  135 0.978
    66  C   3.978    C   64 0.999    H  138 0.978    H  139 0.977    H  140 0.974
    67  H   0.994    C    3 0.932
    68  H   0.994    C    4 0.930
    69  H   0.992    C    5 0.934
    70  H   0.993    C    8 0.933
    71  H   0.994    C    9 0.945
    72  H   0.996    C   11 0.982
    73  H   0.996    C   11 0.980
    74  H   0.997    C   11 0.975
    75  H   0.997    C   12 0.968
    76  H   0.997    C   12 0.968
    77  H   0.998    C   13 0.954
    78  H   0.998    C   13 0.952
    79  H   0.992    C   22 0.962
    80  H   0.996    C   22 0.974
    81  H   0.992    C   22 0.966
    82  H   0.996    C   25 0.974
    83  H   0.998    C   25 0.969
    84  H   0.997    C   25 0.962
    85  H   0.992    C   28 0.938
    86  H   0.993    C   29 0.936
    87  H   0.997    C   31 0.978
    88  H   0.997    C   31 0.974
    89  H   0.995    C   31 0.975
    90  H   0.996    C   32 0.965
    91  H   0.997    C   32 0.968
    92  H   0.999    C   33 0.984
    93  H   0.997    C   33 0.980
    94  H   0.998    C   33 0.986
    95  H   0.996    C   39 0.979
    96  H   0.994    C   39 0.975
    97  H   0.991    C   39 0.970
    98  H   0.987    C   42 0.897
    99  H   0.998    C   46 0.985
   100  H   0.997    C   46 0.978
   101  H   0.997    C   46 0.988
   102  H   0.997    C   47 0.962
   103  H   0.995    C   47 0.948
   104  H   0.998    C   48 0.937
   105  H   0.998    C   50 0.972
   106  H   0.998    C   50 0.971
   107  H   0.998    C   50 0.966
   108  H   0.997    C   51 0.958
   109  H   0.998    C   51 0.964
   110  H   0.999    C   52 0.970
   111  H   0.998    C   52 0.969
   112  H   0.999    C   53 0.966
   113  H   0.999    C   53 0.965
   114  H   0.999    C   54 0.959
   115  H   0.999    C   55 0.984
   116  H   0.998    C   55 0.979
   117  H   0.998    C   55 0.981
   118  H   0.999    C   56 0.971
   119  H   0.998    C   56 0.961
   120  H   0.998    C   57 0.963
   121  H   0.999    C   57 0.967
   122  H   0.997    C   58 0.955
   123  H   0.998    C   58 0.967
   124  H   0.999    C   59 0.949
   125  H   0.998    C   60 0.969
   126  H   0.999    C   60 0.979
   127  H   0.999    C   60 0.977
   128  H   0.999    C   61 0.963
   129  H   0.999    C   61 0.958
   130  H   0.998    C   62 0.967
   131  H   0.999    C   62 0.970
   132  H   0.999    C   63 0.962
   133  H   0.999    C   63 0.967
   134  H   0.998    C   64 0.954
   135  H   0.999    C   65 0.978
   136  H   0.999    C   65 0.980
   137  H   0.998    C   65 0.978
   138  H   0.999    C   66 0.978
   139  H   0.998    C   66 0.977
   140  H   0.999    C   66 0.974
 
 --------------------------------------------
          xTB calculation for sTDA...
 --------------------------------------------
 
 reading parameter file ~/.param_stda2.xtb
 
      method parameters     
 k(s)        :  1.6000
 k(p)        :  2.1800
 k(d)        :  1.9500
 k(f)        :  2.0000
 k(R-V)      :  2.2750
 k(R-R)      :  1.7650
 Tscal       :  0.2580
 Gscal       :  1.0000
 fpol        :  1.0000
 Zcnf        :  0.3430
 Zqf         :  0.0000
 kcn         :  2.7000
 Ryd Hsplit  :  0.7000
 lshift(virt):  3.1000
 lshift(OS)  :  0.2000
 wllscaling  :  2.6000
 
 mowrcut     : 3.000
 
  Z AO/shell   Hii/eV     exponent
  1     Sun Feb 14 09:53:25 CET 2016    EN: 2.327 GAM: 0.473  GM3: 0.0000
     1s    -14.339618    1.220000
     2sp    -3.348946    0.600000
  6     Sun Feb 14 09:53:25 CET 2016    EN: 2.731 GAM: 0.422  GM3: 0.0000
     2s    -22.009312    1.565095
     2p    -13.020408    1.596905
     3sp    -3.914040    0.824500
  7     Sun Feb 14 09:53:25 CET 2016    EN: 3.573 GAM: 0.504  GM3: 0.0000
     2s    -25.722000    2.064844
     2p    -18.684912    1.801692
     3sp    -4.344791    0.921400
  8     Sun Feb 14 09:53:25 CET 2016    EN: 3.700 GAM: 0.587  GM3: 0.0000
     2s    -33.859000    2.418661
     2p    -22.175911    1.973969
     3sp    -4.259392    1.013700
 12     Sun Feb 21 16:58:31 CET 2016    EN: 0.033 GAM: 0.222  GM3: 0.0000
     3s    -11.092543    1.647583
     3p     -6.929529    0.855020
 
 Nbf   :          894
 T(el) :     0.0
 calculating S/T integrals ...
 cpu time for ints    1.20439000000000     
 Nao   :          894
 making H0...
 making H1...
 cpu time for H      2.211600000000002E-002
 solving ...
 cpu time for diag   0.269349000000000     
 
 gap (eV)           :   4.641
 Koopmans IP (eV)   :  13.476
 Eel (Eh)           :  -301.256615

          eigenvalues
 #    :         164        165        166        167        168        169        170        171
 occ. :        2.000      2.000      2.000      2.000      2.000      2.000      2.000      2.000
 eps  :       -17.487    -17.298    -17.263    -16.764    -16.561    -16.433    -16.193    -15.741
 #    :         172        173        174        175        176        177        178        179
 occ. :        2.000      2.000      2.000      2.000      2.000      0.000      0.000      0.000
 eps  :       -15.441    -15.335    -15.174    -14.090    -13.477     -8.835     -7.157     -7.151
 #    :         180        181        182        183        184        185        186        187
 occ. :        0.000      0.000      0.000      0.000      0.000      0.000      0.000      0.000
 eps  :        -6.685     -6.470     -5.881     -5.632     -5.369     -5.271     -5.145     -5.061
                            1  SCC done.
 writing mo output ...
 molden style : F
 
speedup  1.12
cpu  time for all    2.03 s
wall time for all    1.82 s
