cpu-bind=MASK - bp1-compute148, task 4294967295 4294967295 [0]: mask 0xffffff00ffffff set
Host:    bp1-compute148.data.bp.acrc.priv
Time:    Sat Apr 30 06:23:21 BST 2022
Dir:     /user/home/of15641/chlorophyll_parameterization/tddft_data/step_651_chromophore_16
Job ID:  1658898
Nodelist:
cat: bp1-compute148: No such file or directory
  
Result dir: /user/home/of15641/chlorophyll_parameterization/tddft_data/step_651_chromophore_16
running gaussian jobs
Running time g16 < CAMB3LYP_step_651_chromophore_16.com > CAMB3LYP_step_651_chromophore_16.log

real	28m11.408s
user	662m22.039s
sys	1m40.920s
Running time g16 < PBE0_step_651_chromophore_16.com > PBE0_step_651_chromophore_16.log

real	16m16.141s
user	387m33.269s
sys	0m58.777s
Running time g16 < wB97XD_step_651_chromophore_16.com > wB97XD_step_651_chromophore_16.log

real	28m28.834s
user	669m38.209s
sys	1m13.913s
Running time g16 < BLYP_step_651_chromophore_16.com > BLYP_step_651_chromophore_16.log

real	11m36.841s
user	276m29.414s
sys	0m45.191s
Running time g16 < ZINDO_step_651_chromophore_16.com > ZINDO_step_651_chromophore_16.log

real	0m7.048s
user	2m35.031s
sys	0m2.418s
