 
        ______________________________________
       |                                      |
       |          ===================         |
       |             xTB for sTDA             |
       |          ===================         |
       |               S. Grimme              |
       |        Universitaet Bonn, MCTC       |
       |         2015-19, Version 1.0         |
       |     Wed Apr  3 09:14:55 CEST 2019    |
       |______________________________________|
 
        This code comes without any warranty
        for non-commercial, academia use only.
        Preliminary test version.
        Cite this work as:
        S. Grimme  &  C. Bannwarth, JCP 145 (2016) 054103
        if GBSA is used additionally:
        P. Shushkov, F. März, C. Bannwarth, S. Grimme, unpublished.
 
        with help from
        P. Shushkov, G. Brandenburg, S. Dohm, J. Pisarek,
        F. März, M. Checinski, S. Ehrlich, S. Spicher, 
        P. Pracht, E. Caldeweyher, S. Ehlert, and C. Bannwarth.
 
        usage        :
        xtb4stda <coord_file> [options]
        where <coord_file> is a valid file of TM)
        (*coord, Bohr) or xmol (*xyz, Angstroem)
        format.

        options:
        -chrg <int>   : molecular charge
        -uhf  <int>   : # of unpaired electrons(=2*S)
        -nox          : skip second, extended part in sTDA-xTB
        -pop          : do population analysis
                      : (default for -nox)
        -mowr <real>  : cut MO write above (def.3 Eh)
        -molden       : write formatted molden file
        -parx <file>  : read parameters for sTDA-xTB
                        calc (def:~/.param_stda2.xtb)
        -parv <file>  : read parameters for vTB part in
                        sTDA-xTB (def: ~/.param_stda1.xtb)
        -xtemp <real> : el. temp for xTB (def. 0 K)
        -etemp <real> : el. temp for GFN (def. 300 K)
        -fod          : calculate the FOD and write
                        molden.input file with
                        appropriate occupations
                        for plotting. Def. T=12500 K
 
        -acc <real>   : xTB accuracy (def. 1.0)
        -gbsa [string1] [string2]
                        use GBSA implicit solvent
                        for solvent [string1] and
                        solvation state [string2]=
                        reference, bar1M (default=1M)
        additional GFN/opt/MD/siman options read from
        $XTB4STDAHOME/.xtb4stdarc or $set in input
 
       spin and charge state information can be on:
       <.CHRG> (charge) and <.UHF> (=nalpha-nbeta)
       -uhf and -chrg override the file info.
       useful machine settings:
       setenv MKL_NUM_THREADS <NCORE_ON_YOUR_MACHINE>
       setenv OMP_STACKSIZE 500m
       limit stacksize unlimited
 
       total energies in Eh, gaps/HL energies in eV
       please read REVISION and HOWTO files carefully
 =============================
  # OMP threads =           4
 =============================
 
 xtb4stdahome directory:~/
 
 
 name of molecule           :
 comment line               :
 number of atoms            :   140
 number of electrons        :   352
 charge                     :  0
 spin                       : 0.0
 first test random number   :  0.3933
 
 -----------------------------------------
      charge density (VTB) calculation
 -----------------------------------------
 
      method parameters     
 k(s)        :  1.8000
 k(p)        :  2.8350
 k(d)        :  2.0860
 k(f)        :  2.0000
 Tscal       :  0.3300
 Gscal       :  0.3910
 fpol        :  1.0000
 Zcnf        :  0.6500
 Zqf         :  0.0000
 kcn         :  0.3000
 kEN1        : -0.5900
 wllscal     :  2.6000
 
     -------------------------
     ! NO SOLVENT MODEL USED !
     -------------------------
 
 doing EN charges ...
 sum q :  0.8881784D-15
 point charge moment (au)
     X       Y       Z   
   0.0202  -0.2583   0.1329  total (Debye):    0.740
 
            Z      q(EN)   CN      Cart. coordinates
     1  MG  2.0   0.909   4.864   -18.33034    78.07025    78.93196
     2  C   4.0   0.019   3.300   -16.17983    71.90218    77.71498
     3  C   4.0  -0.060   3.153   -12.85014    80.18863    76.32792
     4  C   4.0  -0.060   3.216   -21.00619    83.52211    79.13227
     5  C   4.0  -0.055   3.131   -24.11290    75.30936    81.27711
     6  N   5.0  -0.370   3.129   -15.18206    76.24666    76.98177
     7  C   4.0   0.082   3.387   -14.65294    73.65963    76.79468
     8  C   4.0  -0.090   4.106   -12.06023    73.15129    75.26589
     9  C   4.0  -0.096   4.137   -10.96797    75.82336    75.27345
    10  C   4.0   0.101   3.391   -13.05423    77.48821    76.32603
    11  C   4.0  -0.237   4.014    -8.36015    76.44319    76.72098
    12  C   4.0  -0.162   4.046   -12.46652    71.90218    72.57115
    13  C   4.0  -0.166   4.027   -11.06624    69.40396    71.88518
    14  C   4.0   0.184   3.120    -9.43162    69.66853    69.44743
    15  O   6.0  -0.103   1.051    -7.46631    70.85338    69.38507
    16  O   6.0  -0.124   2.056   -10.36515    68.51012    67.36306
    17  N   5.0  -0.498   3.256   -17.10580    81.48309    77.86616
    18  C   4.0   0.089   3.464   -14.83057    82.00844    76.88539
    19  C   4.0   0.011   3.257   -14.60569    84.68240    76.56792
    20  C   4.0   0.005   3.260   -16.99620    85.77844    77.28412
    21  C   4.0   0.072   3.483   -18.54010    83.63738    78.05135
    22  C   4.0  -0.242   3.997   -12.16795    85.97119    75.28857
    23  C   4.0   0.107   3.045   -17.68595    88.58279    77.22554
    24  O   6.0  -0.096   1.065   -16.17227    90.18339    76.41863
    25  C   4.0  -0.253   4.049   -20.19550    89.43317    77.87939
    26  N   5.0  -0.426   3.186   -22.08901    79.21920    79.92974
    27  C   4.0   0.099   3.492   -22.46128    81.70041    80.12627
    28  C   4.0  -0.096   4.185   -25.16170    82.21064    80.98043
    29  C   4.0  -0.093   4.144   -25.74941    79.73321    82.53000
    30  C   4.0   0.107   3.424   -23.88992    77.96442    81.18263
    31  C   4.0  -0.236   4.010   -25.60579    84.79389    82.47709
    32  C   4.0  -0.163   4.036   -28.59722    78.82614    82.15206
    33  C   4.0  -0.238   4.003   -30.09011    77.87183    84.43485
    34  N   5.0  -0.385   3.214   -19.94228    74.28324    79.50455
    35  C   4.0   0.076   3.352   -22.33467    73.51790    80.33603
    36  C   4.0   0.013   3.263   -22.13814    70.68520    80.49855
    37  C   4.0   0.005   3.405   -19.74386    70.04458    79.51967
    38  C   4.0   0.098   3.658   -18.57223    72.32359    78.84315
    39  C   4.0  -0.244   4.011   -24.27542    69.00145    81.49443
    40  C   4.0   0.093   3.252   -18.05066    67.98289    79.06613
    41  O   6.0  -0.082   1.046   -18.36436    65.65853    79.44975
    42  C   4.0  -0.117   4.249   -15.77165    69.03547    77.68474
    43  C   4.0   0.182   3.166   -13.54367    67.97911    79.09259
    44  O   6.0  -0.102   1.043   -12.14527    69.05626    80.55713
    45  O   6.0  -0.120   2.056   -12.94462    65.83616    77.75466
    46  C   4.0  -0.195   4.038   -10.51066    64.70044    78.29702
    47  C   4.0  -0.142   4.131    -8.58314    68.62918    65.25791
    48  C   4.0  -0.048   3.112    -9.93807    68.02635    62.99779
    49  C   4.0   0.017   3.098   -11.38749    69.70443    61.68632
    50  C   4.0  -0.247   4.029   -12.28511    72.35383    62.51024
    51  C   4.0  -0.177   4.102   -12.42873    68.83705    59.15598
    52  C   4.0  -0.163   4.049   -10.43129    68.39674    57.13586
    53  C   4.0  -0.165   4.081   -11.61048    68.85594    54.49214
    54  C   4.0  -0.089   4.045   -11.00765    71.54691    53.38665
    55  C   4.0  -0.239   4.040   -10.10059    71.53180    50.66355
    56  C   4.0  -0.164   4.068   -13.45863    73.17208    53.64176
    57  C   4.0  -0.163   4.036   -13.59469    74.95220    56.00581
    58  C   4.0  -0.164   4.076   -13.67973    77.85104    55.59763
    59  C   4.0  -0.089   4.052   -11.45930    79.23999    56.98091
    60  C   4.0  -0.239   4.049   -12.05834    79.12472    59.81927
    61  C   4.0  -0.164   4.076   -11.16450    81.89694    55.82250
    62  C   4.0  -0.164   4.068    -9.31257    83.63549    57.26248
    63  C   4.0  -0.166   4.089    -9.51288    86.40394    56.32328
    64  C   4.0  -0.088   4.048    -7.89339    86.67606    54.04994
    65  C   4.0  -0.238   4.042    -5.20053    87.72108    54.71135
    66  C   4.0  -0.238   4.039    -9.08958    88.46185    52.01471
    67  H   1.0   0.071   1.004   -10.99065    80.81224    75.69108
    68  H   1.0   0.073   1.012   -21.76964    85.42128    79.39495
    69  H   1.0   0.070   1.004   -25.65870    74.41552    82.31457
    70  H   1.0   0.084   1.008   -10.70341    72.00423    76.30902
    71  H   1.0   0.085   1.010   -10.58813    76.52634    73.37617
    72  H   1.0   0.080   0.997    -7.23576    77.72632    75.56636
    73  H   1.0   0.081   1.000    -7.54190    74.55914    76.85893
    74  H   1.0   0.080   0.997    -8.64550    77.00633    78.68252
    75  H   1.0   0.083   1.004   -12.03000    73.34215    71.16519
    76  H   1.0   0.082   1.003   -14.47719    71.59983    72.24989
    77  H   1.0   0.082   1.005   -12.65549    68.15675    71.48077
    78  H   1.0   0.081   1.002    -9.83224    68.80114    73.42152
    79  H   1.0   0.080   0.996   -12.23031    87.98942    74.88228
    80  H   1.0   0.079   0.997   -11.54623    85.01310    73.57459
    81  H   1.0   0.080   0.999   -10.64105    85.54411    76.60382
    82  H   1.0   0.080   0.999   -20.53187    91.43250    77.51278
    83  H   1.0   0.080   0.999   -20.65093    89.31601    79.88439
    84  H   1.0   0.080   1.000   -21.70161    88.42595    76.89862
    85  H   1.0   0.085   1.011   -26.08200    82.34292    79.14361
    86  H   1.0   0.084   1.005   -25.37902    80.04501    84.53122
    87  H   1.0   0.080   0.998   -26.38435    86.11670    81.10515
    88  H   1.0   0.080   0.997   -23.89747    85.69907    83.18763
    89  H   1.0   0.080   0.998   -26.95127    84.48965    84.00777
    90  H   1.0   0.082   1.005   -28.76163    77.24633    80.84059
    91  H   1.0   0.082   1.003   -29.69515    80.34926    81.30546
    92  H   1.0   0.080   1.000   -31.79086    79.03023    84.49721
    93  H   1.0   0.080   1.001   -28.94493    78.39339    86.06568
    94  H   1.0   0.079   0.997   -30.25451    75.82147    84.55768
    95  H   1.0   0.081   1.002   -25.61335    70.38473    82.22765
    96  H   1.0   0.079   0.997   -23.74630    67.69565    82.99865
    97  H   1.0   0.080   1.000   -24.81021    67.82415    79.89005
    98  H   1.0   0.086   1.009   -15.67906    68.44965    75.71187
    99  H   1.0   0.081   0.996   -10.37460    63.13952    76.96098
   100  H   1.0   0.081   0.996   -10.50877    63.79715    80.14706
   101  H   1.0   0.081   0.997    -9.08013    66.17442    78.13450
   102  H   1.0   0.083   1.002    -7.12805    67.28936    65.83049
   103  H   1.0   0.083   1.004    -7.62126    70.43198    64.99334
   104  H   1.0   0.070   1.004    -9.51099    66.21600    62.10962
   105  H   1.0   0.080   1.001   -14.30712    72.30280    62.11907
   106  H   1.0   0.080   1.000   -11.20230    73.67286    61.35562
   107  H   1.0   0.081   1.001   -11.72386    72.48989    64.48879
   108  H   1.0   0.084   1.008   -13.67028    70.35828    58.53237
   109  H   1.0   0.082   1.004   -13.48697    67.07015    59.19000
   110  H   1.0   0.082   1.004    -9.84925    66.42198    57.05461
   111  H   1.0   0.082   1.003    -8.79856    69.58538    57.54027
   112  H   1.0   0.082   1.001   -13.54556    68.17186    54.33718
   113  H   1.0   0.083   1.008   -10.71097    67.75045    53.00492
   114  H   1.0   0.084   1.009    -9.67540    72.37083    54.72457
   115  H   1.0   0.080   0.997   -11.39127    72.05714    49.14610
   116  H   1.0   0.081   0.999    -9.30123    69.71388    50.12120
   117  H   1.0   0.080   1.002    -8.45841    72.77146    50.77883
   118  H   1.0   0.082   1.000   -15.23308    72.17997    53.30917
   119  H   1.0   0.083   1.006   -13.37548    74.31347    51.92778
   120  H   1.0   0.083   1.006   -11.92039    74.44953    57.09429
   121  H   1.0   0.082   1.003   -15.27277    74.41552    57.07161
   122  H   1.0   0.082   1.001   -15.53922    78.61071    56.05683
   123  H   1.0   0.083   1.005   -13.37737    78.10804    53.57562
   124  H   1.0   0.083   1.008    -9.75477    78.19308    56.48958
   125  H   1.0   0.080   0.999   -10.28578    79.03401    60.86807
   126  H   1.0   0.081   1.000   -13.20918    77.47687    60.27092
   127  H   1.0   0.082   1.003   -12.99942    80.93318    60.10651
   128  H   1.0   0.083   1.004   -12.95596    82.90984    55.73558
   129  H   1.0   0.082   1.004   -10.66750    81.54167    53.85530
   130  H   1.0   0.082   1.002    -7.33970    83.04590    57.20578
   131  H   1.0   0.082   1.004    -9.84358    83.58825    59.25236
   132  H   1.0   0.083   1.005    -8.79289    87.62281    57.81806
   133  H   1.0   0.083   1.005   -11.49520    86.73842    55.87731
   134  H   1.0   0.084   1.012    -7.61182    84.74287    53.39799
   135  H   1.0   0.080   0.998    -5.10037    88.54500    56.59729
   136  H   1.0   0.080   0.998    -4.55046    89.13837    53.36397
   137  H   1.0   0.080   0.998    -3.81914    86.19418    54.67922
   138  H   1.0   0.081   0.998    -7.65528    89.32168    50.81473
   139  H   1.0   0.080   0.998   -10.02878    90.05111    52.92933
   140  H   1.0   0.080   0.997   -10.45585    87.47163    50.83174
 
  Z AO/shell   Hii/eV     exponent
  1     Sat Feb 20 21:38:01 CET 2016    EN: 2.327 GAM: 0.473  GM3: 0.0000
     1s    -13.751157    1.051071
  6     Sat Feb 20 21:38:01 CET 2016    EN: 2.731 GAM: 0.422  GM3: 0.0000
     2s    -19.378245    2.021003
     2p    -11.993376    1.497917
  7     Sat Feb 20 21:38:01 CET 2016    EN: 3.573 GAM: 0.504  GM3: 0.0000
     2s    -21.576984    2.275442
     2p    -16.125120    2.056788
  8     Sat Feb 20 21:38:01 CET 2016    EN: 3.700 GAM: 0.587  GM3: 0.0000
     2s    -21.648843    2.110798
     2p    -17.239740    2.329048
 12     Sat Feb 20 23:25:47 CET 2016    EN: 0.033 GAM: 0.222  GM3: 0.0000
     3s    -12.693633    1.302878
     3p     -8.128821    0.504252
 
 dipole moment of classical point charges (au)
     X       Y       Z   
   0.0202  -0.2583   0.1329  total (Debye):    0.740

 
 Nbf   :          338
 T(el) :   300.0
 calculating S/T integrals ...
 cpu time for ints   0.137311000000000     
 Nao   :          338
 making H0...
 making H1...
 cpu time for H      1.144800000000001E-002
 solving ...
 cpu time for diag   7.390300000000000E-002
 
 gap (eV)           :   1.211
 Koopmans IP (eV)   :  12.169
 Eel (Eh)           :  -268.520288
 T,E(Fermi),NFOD :    300.000   -11.564  0.000000
 T,E(Fermi),NFOD :    300.000   -11.564  0.000000
 Nfod               :  0.0000
 Nfod/Nel           :  0.0000

          eigenvalues
 #    :         164        165        166        167        168        169        170        171
 occ. :        2.000      2.000      2.000      2.000      2.000      2.000      2.000      2.000
 eps  :       -16.228    -16.204    -16.011    -15.930    -15.810    -15.676    -15.405    -15.123
 #    :         172        173        174        175        176        177        178        179
 occ. :        2.000      2.000      2.000      2.000      2.000      0.000      0.000      0.000
 eps  :       -14.975    -14.866    -14.678    -13.324    -12.170    -10.960     -9.830     -8.846
 #    :         180        181        182        183        184        185        186        187
 occ. :        0.000      0.000      0.000      0.000      0.000      0.000      0.000      0.000
 eps  :        -8.454     -8.322     -8.074     -7.789     -7.639     -7.379     -7.168     -6.737
                            1  SCC done.
 making H1...
 cpu time for H      8.634599999999998E-002
 solving ...
 cpu time for diag   2.953099999999997E-002
 
 gap (eV)           :   1.423
 Koopmans IP (eV)   :  12.045
 Eel (Eh)           :  -265.930645
 T,E(Fermi),NFOD :    300.000   -11.334  0.000000
 T,E(Fermi),NFOD :    300.000   -11.334  0.000000
 Nfod               :  0.0000
 Nfod/Nel           :  0.0000

          eigenvalues
 #    :         164        165        166        167        168        169        170        171
 occ. :        2.000      2.000      2.000      2.000      2.000      2.000      2.000      2.000
 eps  :       -15.306    -15.215    -15.124    -14.940    -14.776    -14.580    -14.404    -14.219
 #    :         172        173        174        175        176        177        178        179
 occ. :        2.000      2.000      2.000      2.000      2.000      0.000      0.000      0.000
 eps  :       -14.094    -13.957    -13.759    -12.864    -12.046    -10.623     -9.341     -8.673
 #    :         180        181        182        183        184        185        186        187
 occ. :        0.000      0.000      0.000      0.000      0.000      0.000      0.000      0.000
 eps  :        -8.407     -8.096     -7.904     -7.622     -7.573     -7.202     -7.002     -6.593
                            2  SCC done.
 
 
 Mulliken/CM5 charges    n(s)   n(p)   n(d)   
    1 MG  0.3190  0.7775   0.656  1.025  0.000
    2 C   0.0144  0.0183   1.164  2.822  0.000
    3 C  -0.0324 -0.0750   1.134  2.898  0.000
    4 C  -0.0498 -0.0922   1.117  2.933  0.000
    5 C  -0.0330 -0.0742   1.131  2.902  0.000
    6 N  -0.1380 -0.3915   1.421  3.717  0.000
    7 C   0.0240  0.0816   1.234  2.742  0.000
    8 C  -0.0181 -0.0735   1.213  2.805  0.000
    9 C  -0.0227 -0.0811   1.199  2.824  0.000
   10 C   0.0458  0.1061   1.235  2.719  0.000
   11 C  -0.0883 -0.2369   1.114  2.974  0.000
   12 C  -0.0614 -0.1683   1.163  2.898  0.000
   13 C  -0.0520 -0.1520   1.152  2.900  0.000
   14 C   0.2149  0.2656   1.188  2.597  0.000
   15 O  -0.2814 -0.3336   1.624  4.658  0.000
   16 O  -0.1528 -0.2318   1.498  4.655  0.000
   17 N  -0.2236 -0.5362   1.365  3.858  0.000
   18 C   0.0454  0.1117   1.182  2.772  0.000
   19 C  -0.0259 -0.0269   1.237  2.789  0.000
   20 C  -0.0622 -0.0560   1.210  2.853  0.000
   21 C   0.0247  0.0841   1.205  2.770  0.000
   22 C  -0.0752 -0.2187   1.091  2.984  0.000
   23 C   0.1509  0.1734   1.198  2.651  0.000
   24 O  -0.2524 -0.3010   1.627  4.626  0.000
   25 C  -0.0861 -0.2288   1.083  3.003  0.000
   26 N  -0.1895 -0.4701   1.403  3.786  0.000
   27 C   0.0541  0.1146   1.202  2.744  0.000
   28 C  -0.0299 -0.0859   1.212  2.818  0.000
   29 C  -0.0155 -0.0694   1.212  2.804  0.000
   30 C   0.0527  0.1175   1.215  2.732  0.000
   31 C  -0.0895 -0.2379   1.105  2.985  0.000
   32 C  -0.0683 -0.1791   1.153  2.915  0.000
   33 C  -0.0921 -0.2447   1.095  2.997  0.000
   34 N  -0.2187 -0.4768   1.388  3.831  0.000
   35 C   0.0104  0.0679   1.220  2.770  0.000
   36 C  -0.0216 -0.0262   1.236  2.785  0.000
   37 C  -0.0541 -0.0458   1.172  2.882  0.000
   38 C   0.0373  0.1137   1.183  2.780  0.000
   39 C  -0.0659 -0.2093   1.083  2.983  0.000
   40 C   0.1214  0.1515   1.203  2.676  0.000
   41 O  -0.2636 -0.3029   1.642  4.622  0.000
   42 C  -0.0244 -0.0664   1.186  2.839  0.000
   43 C   0.2356  0.2905   1.177  2.588  0.000
   44 O  -0.2517 -0.2985   1.627  4.624  0.000
   45 O  -0.1528 -0.2414   1.484  4.669  0.000
   46 C   0.0147 -0.1079   1.097  2.888  0.000
   47 C   0.0554 -0.0239   1.121  2.824  0.000
   48 C  -0.0693 -0.1255   1.148  2.922  0.000
   49 C  -0.0246 -0.0498   1.230  2.794  0.000
   50 C  -0.0788 -0.2253   1.091  2.988  0.000
   51 C  -0.0651 -0.1723   1.133  2.932  0.000
   52 C  -0.0526 -0.1644   1.150  2.903  0.000
   53 C  -0.0946 -0.2057   1.165  2.929  0.000
   54 C  -0.0243 -0.0995   1.212  2.812  0.000
   55 C  -0.0902 -0.2414   1.099  2.991  0.000
   56 C  -0.0975 -0.2085   1.169  2.928  0.000
   57 C  -0.0708 -0.1841   1.155  2.916  0.000
   58 C  -0.0744 -0.1854   1.161  2.913  0.000
   59 C  -0.0246 -0.0998   1.202  2.823  0.000
   60 C  -0.0985 -0.2488   1.098  3.000  0.000
   61 C  -0.0675 -0.1789   1.153  2.915  0.000
   62 C  -0.0644 -0.1777   1.151  2.914  0.000
   63 C  -0.0511 -0.1628   1.146  2.906  0.000
   64 C  -0.0180 -0.0929   1.193  2.825  0.000
   65 C  -0.1154 -0.2660   1.111  3.004  0.000
   66 C  -0.1038 -0.2534   1.106  2.998  0.000
   67 H   0.0559  0.1146   0.944  0.000  0.000
   68 H   0.0555  0.1183   0.945  0.000  0.000
   69 H   0.0596  0.1179   0.940  0.000  0.000
   70 H   0.0499  0.1132   0.950  0.000  0.000
   71 H   0.0465  0.1084   0.953  0.000  0.000
   72 H   0.0489  0.1003   0.951  0.000  0.000
   73 H   0.0338  0.0871   0.966  0.000  0.000
   74 H   0.0416  0.0939   0.958  0.000  0.000
   75 H   0.0345  0.0936   0.966  0.000  0.000
   76 H   0.0423  0.0995   0.958  0.000  0.000
   77 H   0.0450  0.1053   0.955  0.000  0.000
   78 H   0.0519  0.1108   0.948  0.000  0.000
   79 H   0.0554  0.1097   0.945  0.000  0.000
   80 H   0.0432  0.0948   0.957  0.000  0.000
   81 H   0.0417  0.0943   0.958  0.000  0.000
   82 H   0.0451  0.1006   0.955  0.000  0.000
   83 H   0.0488  0.1022   0.951  0.000  0.000
   84 H   0.0488  0.1027   0.951  0.000  0.000
   85 H   0.0569  0.1202   0.943  0.000  0.000
   86 H   0.0609  0.1213   0.939  0.000  0.000
   87 H   0.0367  0.0886   0.963  0.000  0.000
   88 H   0.0397  0.0918   0.960  0.000  0.000
   89 H   0.0404  0.0924   0.960  0.000  0.000
   90 H   0.0310  0.0885   0.969  0.000  0.000
   91 H   0.0335  0.0897   0.966  0.000  0.000
   92 H   0.0437  0.0957   0.956  0.000  0.000
   93 H   0.0217  0.0748   0.978  0.000  0.000
   94 H   0.0440  0.0950   0.956  0.000  0.000
   95 H   0.0505  0.1049   0.949  0.000  0.000
   96 H   0.0525  0.1040   0.947  0.000  0.000
   97 H   0.0557  0.1085   0.944  0.000  0.000
   98 H   0.0718  0.1412   0.928  0.000  0.000
   99 H   0.0485  0.1091   0.951  0.000  0.000
  100 H   0.0492  0.1090   0.951  0.000  0.000
  101 H   0.0544  0.1175   0.946  0.000  0.000
  102 H   0.0504  0.1182   0.950  0.000  0.000
  103 H   0.0584  0.1271   0.942  0.000  0.000
  104 H   0.0355  0.0932   0.964  0.000  0.000
  105 H   0.0554  0.1090   0.945  0.000  0.000
  106 H   0.0526  0.1061   0.947  0.000  0.000
  107 H   0.0491  0.1057   0.951  0.000  0.000
  108 H   0.0378  0.0978   0.962  0.000  0.000
  109 H   0.0369  0.0934   0.963  0.000  0.000
  110 H   0.0343  0.0901   0.966  0.000  0.000
  111 H   0.0332  0.0901   0.967  0.000  0.000
  112 H   0.0364  0.0920   0.964  0.000  0.000
  113 H   0.0294  0.0872   0.971  0.000  0.000
  114 H   0.0455  0.1067   0.954  0.000  0.000
  115 H   0.0441  0.0956   0.956  0.000  0.000
  116 H   0.0356  0.0879   0.964  0.000  0.000
  117 H   0.0352  0.0882   0.965  0.000  0.000
  118 H   0.0340  0.0889   0.966  0.000  0.000
  119 H   0.0206  0.0788   0.979  0.000  0.000
  120 H   0.0355  0.0949   0.965  0.000  0.000
  121 H   0.0320  0.0877   0.968  0.000  0.000
  122 H   0.0339  0.0892   0.966  0.000  0.000
  123 H   0.0259  0.0834   0.974  0.000  0.000
  124 H   0.0284  0.0881   0.972  0.000  0.000
  125 H   0.0330  0.0851   0.967  0.000  0.000
  126 H   0.0448  0.0990   0.955  0.000  0.000
  127 H   0.0350  0.0899   0.965  0.000  0.000
  128 H   0.0263  0.0835   0.974  0.000  0.000
  129 H   0.0327  0.0892   0.967  0.000  0.000
  130 H   0.0303  0.0865   0.970  0.000  0.000
  131 H   0.0321  0.0889   0.968  0.000  0.000
  132 H   0.0386  0.0957   0.961  0.000  0.000
  133 H   0.0384  0.0960   0.962  0.000  0.000
  134 H   0.0394  0.1012   0.961  0.000  0.000
  135 H   0.0286  0.0807   0.971  0.000  0.000
  136 H   0.0328  0.0849   0.967  0.000  0.000
  137 H   0.0291  0.0806   0.971  0.000  0.000
  138 H   0.0361  0.0883   0.964  0.000  0.000
  139 H   0.0277  0.0800   0.972  0.000  0.000
  140 H   0.0329  0.0842   0.967  0.000  0.000
 Hirshfeld charges for QMDFF written to <charges>
 
 Loewdin charges    n(s)   n(p)   n(d)
    1 MG  0.1580   0.668  1.174  0.000
    2 C   0.0162   1.121  2.863  0.000
    3 C  -0.0303   1.084  2.947  0.000
    4 C  -0.0490   1.064  2.985  0.000
    5 C  -0.0298   1.079  2.951  0.000
    6 N  -0.1047   1.378  3.726  0.000
    7 C   0.0244   1.198  2.778  0.000
    8 C  -0.0108   1.167  2.844  0.000
    9 C  -0.0157   1.152  2.864  0.000
   10 C   0.0515   1.198  2.751  0.000
   11 C  -0.0892   1.043  3.046  0.000
   12 C  -0.0571   1.105  2.952  0.000
   13 C  -0.0513   1.093  2.958  0.000
   14 C   0.1913   1.163  2.646  0.000
   15 O  -0.2666   1.593  4.673  0.000
   16 O  -0.1186   1.463  4.656  0.000
   17 N  -0.1858   1.320  3.866  0.000
   18 C   0.0484   1.143  2.809  0.000
   19 C  -0.0208   1.198  2.822  0.000
   20 C  -0.0690   1.174  2.895  0.000
   21 C   0.0306   1.165  2.804  0.000
   22 C  -0.0753   1.018  3.057  0.000
   23 C   0.1513   1.160  2.688  0.000
   24 O  -0.2393   1.599  4.641  0.000
   25 C  -0.0933   1.010  3.083  0.000
   26 N  -0.1514   1.357  3.795  0.000
   27 C   0.0599   1.162  2.778  0.000
   28 C  -0.0212   1.165  2.856  0.000
   29 C  -0.0069   1.165  2.842  0.000
   30 C   0.0553   1.178  2.766  0.000
   31 C  -0.0909   1.033  3.058  0.000
   32 C  -0.0646   1.095  2.969  0.000
   33 C  -0.0935   1.023  3.071  0.000
   34 N  -0.1877   1.346  3.842  0.000
   35 C   0.0099   1.184  2.806  0.000
   36 C  -0.0134   1.197  2.816  0.000
   37 C  -0.0628   1.134  2.929  0.000
   38 C   0.0414   1.143  2.815  0.000
   39 C  -0.0655   1.008  3.058  0.000
   40 C   0.1204   1.168  2.712  0.000
   41 O  -0.2525   1.616  4.637  0.000
   42 C  -0.0245   1.138  2.887  0.000
   43 C   0.2113   1.151  2.637  0.000
   44 O  -0.2370   1.597  4.640  0.000
   45 O  -0.1183   1.449  4.670  0.000
   46 C   0.0072   1.027  2.966  0.000
   47 C   0.0540   1.061  2.885  0.000
   48 C  -0.0684   1.098  2.971  0.000
   49 C  -0.0131   1.190  2.823  0.000
   50 C  -0.0802   1.018  3.062  0.000
   51 C  -0.0636   1.074  2.989  0.000
   52 C  -0.0466   1.091  2.956  0.000
   53 C  -0.0946   1.110  2.985  0.000
   54 C  -0.0139   1.165  2.849  0.000
   55 C  -0.0936   1.028  3.066  0.000
   56 C  -0.0978   1.114  2.984  0.000
   57 C  -0.0674   1.097  2.970  0.000
   58 C  -0.0719   1.104  2.968  0.000
   59 C  -0.0134   1.154  2.859  0.000
   60 C  -0.1024   1.027  3.075  0.000
   61 C  -0.0650   1.095  2.970  0.000
   62 C  -0.0601   1.092  2.968  0.000
   63 C  -0.0475   1.087  2.961  0.000
   64 C  -0.0068   1.144  2.863  0.000
   65 C  -0.1208   1.041  3.080  0.000
   66 C  -0.1074   1.036  3.072  0.000
   67 H   0.0506   0.949  0.000  0.000
   68 H   0.0523   0.948  0.000  0.000
   69 H   0.0540   0.946  0.000  0.000
   70 H   0.0434   0.957  0.000  0.000
   71 H   0.0414   0.959  0.000  0.000
   72 H   0.0476   0.952  0.000  0.000
   73 H   0.0342   0.966  0.000  0.000
   74 H   0.0409   0.959  0.000  0.000
   75 H   0.0321   0.968  0.000  0.000
   76 H   0.0396   0.960  0.000  0.000
   77 H   0.0409   0.959  0.000  0.000
   78 H   0.0476   0.952  0.000  0.000
   79 H   0.0523   0.948  0.000  0.000
   80 H   0.0428   0.957  0.000  0.000
   81 H   0.0414   0.959  0.000  0.000
   82 H   0.0434   0.957  0.000  0.000
   83 H   0.0497   0.950  0.000  0.000
   84 H   0.0493   0.951  0.000  0.000
   85 H   0.0505   0.949  0.000  0.000
   86 H   0.0538   0.946  0.000  0.000
   87 H   0.0364   0.964  0.000  0.000
   88 H   0.0396   0.960  0.000  0.000
   89 H   0.0396   0.960  0.000  0.000
   90 H   0.0291   0.971  0.000  0.000
   91 H   0.0315   0.968  0.000  0.000
   92 H   0.0428   0.957  0.000  0.000
   93 H   0.0235   0.977  0.000  0.000
   94 H   0.0430   0.957  0.000  0.000
   95 H   0.0496   0.950  0.000  0.000
   96 H   0.0504   0.950  0.000  0.000
   97 H   0.0532   0.947  0.000  0.000
   98 H   0.0630   0.937  0.000  0.000
   99 H   0.0452   0.955  0.000  0.000
  100 H   0.0453   0.955  0.000  0.000
  101 H   0.0500   0.950  0.000  0.000
  102 H   0.0435   0.956  0.000  0.000
  103 H   0.0511   0.949  0.000  0.000
  104 H   0.0292   0.971  0.000  0.000
  105 H   0.0538   0.946  0.000  0.000
  106 H   0.0520   0.948  0.000  0.000
  107 H   0.0472   0.953  0.000  0.000
  108 H   0.0359   0.964  0.000  0.000
  109 H   0.0337   0.966  0.000  0.000
  110 H   0.0314   0.969  0.000  0.000
  111 H   0.0307   0.969  0.000  0.000
  112 H   0.0347   0.965  0.000  0.000
  113 H   0.0290   0.971  0.000  0.000
  114 H   0.0410   0.959  0.000  0.000
  115 H   0.0438   0.956  0.000  0.000
  116 H   0.0369   0.963  0.000  0.000
  117 H   0.0350   0.965  0.000  0.000
  118 H   0.0322   0.968  0.000  0.000
  119 H   0.0211   0.979  0.000  0.000
  120 H   0.0352   0.965  0.000  0.000
  121 H   0.0300   0.970  0.000  0.000
  122 H   0.0313   0.969  0.000  0.000
  123 H   0.0247   0.975  0.000  0.000
  124 H   0.0233   0.977  0.000  0.000
  125 H   0.0328   0.967  0.000  0.000
  126 H   0.0450   0.955  0.000  0.000
  127 H   0.0352   0.965  0.000  0.000
  128 H   0.0247   0.975  0.000  0.000
  129 H   0.0304   0.970  0.000  0.000
  130 H   0.0280   0.972  0.000  0.000
  131 H   0.0301   0.970  0.000  0.000
  132 H   0.0359   0.964  0.000  0.000
  133 H   0.0359   0.964  0.000  0.000
  134 H   0.0346   0.965  0.000  0.000
  135 H   0.0299   0.970  0.000  0.000
  136 H   0.0339   0.966  0.000  0.000
  137 H   0.0296   0.970  0.000  0.000
  138 H   0.0367   0.963  0.000  0.000
  139 H   0.0283   0.972  0.000  0.000
  140 H   0.0327   0.967  0.000  0.000
 
 Wiberg/Mayer (AO) data. WBOs > 0.1 written file <wbo>
 largest (>0.05) Wiberg bond orders for each atom
           total WBO             WBO to atom ...
     1  MG  2.518    N   17 0.567    N   34 0.440    N    6 0.411    N   26 0.384    C   21 0.061    C   18 0.054    C   10 0.051    C   27 0.050
     2  C   3.920    C    7 1.565    C   38 1.140    C   42 0.932
     3  C   3.884    C   10 1.393    C   18 1.229    H   67 0.943
     4  C   3.935    C   27 1.494    C   21 1.219    H   68 0.923
     5  C   3.906    C   30 1.415    C   35 1.290    H   69 0.936
     6  N   3.345    C   10 1.288    C    7 1.147    MG   1 0.411
     7  C   3.872    C    2 1.565    N    6 1.147    C    8 0.881
     8  C   3.923    C    9 0.977    C   12 0.944    H   70 0.943    C    7 0.881
     9  C   3.933    C    8 0.977    C   11 0.944    C   10 0.942    H   71 0.937
    10  C   3.858    C    3 1.393    N    6 1.288    C    9 0.942    MG   1 0.051
    11  C   3.964    H   73 0.981    H   72 0.981    H   74 0.980    C    9 0.944
    12  C   3.943    C   13 0.969    H   76 0.963    H   75 0.962    C    8 0.944
    13  C   3.963    H   77 0.970    C   12 0.969    H   78 0.956    C   14 0.917    O   15 0.082
    14  C   3.887    O   15 1.820    O   16 1.112    C   13 0.917
    15  O   2.131    C   14 1.820    O   16 0.167    C   13 0.082
    16  O   2.309    C   14 1.112    C   47 0.914    O   15 0.167
    17  N   3.349    C   18 1.181    C   21 1.159    MG   1 0.567    C   20 0.068    C   19 0.051
    18  C   3.884    C    3 1.229    C   19 1.227    N   17 1.181    MG   1 0.054
    19  C   3.834    C   20 1.374    C   18 1.227    C   22 0.954    N   17 0.051
    20  C   3.886    C   19 1.374    C   21 1.173    C   23 0.991    O   24 0.076    N   17 0.068
    21  C   3.857    C    4 1.219    C   20 1.173    N   17 1.159    MG   1 0.061    N   26 0.054
    22  C   3.969    H   79 0.979    H   80 0.977    H   81 0.975    C   19 0.954
    23  C   3.895    O   24 1.804    C   25 1.005    C   20 0.991
    24  O   2.124    C   23 1.804    C   20 0.076    C   25 0.064
    25  C   3.981    C   23 1.005    H   82 0.965    H   84 0.952    H   83 0.947    O   24 0.064
    26  N   3.324    C   30 1.258    C   27 1.209    MG   1 0.384    C   21 0.054
    27  C   3.874    C    4 1.494    N   26 1.209    C   28 0.922    MG   1 0.050
    28  C   3.923    C   31 0.965    C   29 0.950    H   85 0.937    C   27 0.922
    29  C   3.930    C   28 0.950    C   32 0.944    H   86 0.936    C   30 0.932
    30  C   3.856    C    5 1.415    N   26 1.258    C   29 0.932
    31  C   3.974    H   87 0.984    H   89 0.982    H   88 0.981    C   28 0.965
    32  C   3.951    C   33 1.008    H   90 0.969    H   91 0.969    C   29 0.944
    33  C   3.980    C   32 1.008    H   93 0.981    H   94 0.981    H   92 0.979
    34  N   3.294    C   38 1.294    C   35 1.126    MG   1 0.440    C   37 0.057    C   36 0.056
    35  C   3.838    C    5 1.290    C   36 1.160    N   34 1.126
    36  C   3.832    C   37 1.369    C   35 1.160    C   39 0.987    O   41 0.066    N   34 0.056
    37  C   3.917    C   36 1.369    C   38 1.156    C   40 1.095    O   41 0.067    N   34 0.057
    38  C   3.888    N   34 1.294    C   37 1.156    C    2 1.140
    39  C   3.979    C   36 0.987    H   95 0.977    H   96 0.970    H   97 0.966
    40  C   3.899    O   41 1.753    C   37 1.095    C   42 0.902
    41  O   2.090    C   40 1.753    C   42 0.070    C   37 0.067    C   36 0.066
    42  C   3.947    C    2 0.932    H   98 0.919    C   43 0.906    C   40 0.902    O   44 0.076    O   41 0.070
    43  C   3.894    O   44 1.839    O   45 1.078    C   42 0.906
    44  O   2.155    C   43 1.839    O   45 0.168    C   42 0.076
    45  O   2.292    C   43 1.078    C   46 0.973    O   44 0.168
    46  C   3.944    H   99 0.990    H  100 0.984    H  101 0.982    O   45 0.973
    47  C   3.934    C   48 1.033    H  102 0.967    H  103 0.952    O   16 0.914
    48  C   3.961    C   49 1.867    C   47 1.033    H  104 0.935
    49  C   3.927    C   48 1.867    C   50 0.977    C   51 0.974
    50  C   3.988    C   49 0.977    H  107 0.976    H  105 0.973    H  106 0.967
    51  C   3.974    C   52 0.980    C   49 0.974    H  108 0.960    H  109 0.960
    52  C   3.966    C   51 0.980    C   53 0.980    H  110 0.967    H  111 0.964
    53  C   3.951    C   52 0.980    C   54 0.961    H  112 0.959    H  113 0.958
    54  C   3.937    C   55 0.989    C   56 0.965    C   53 0.961    H  114 0.947
    55  C   3.978    C   54 0.989    H  117 0.978    H  115 0.974    H  116 0.970
    56  C   3.948    C   57 0.976    C   54 0.965    H  118 0.960    H  119 0.960
    57  C   3.963    C   58 0.982    C   56 0.976    H  121 0.969    H  120 0.961
    58  C   3.959    C   57 0.982    H  122 0.966    C   59 0.964    H  123 0.963
    59  C   3.942    C   60 0.992    C   61 0.969    C   58 0.964    H  124 0.957
    60  C   3.986    C   59 0.992    H  127 0.981    H  125 0.981    H  126 0.975
    61  C   3.962    C   62 0.983    C   59 0.969    H  128 0.966    H  129 0.966
    62  C   3.964    C   61 0.983    C   63 0.979    H  130 0.967    H  131 0.966
    63  C   3.970    C   64 1.002    C   62 0.979    H  133 0.958    H  132 0.956
    64  C   3.947    C   63 1.002    C   65 0.979    C   66 0.977    H  134 0.951
    65  C   3.977    H  137 0.983    C   64 0.979    H  136 0.978    H  135 0.978
    66  C   3.979    H  139 0.984    H  140 0.980    H  138 0.977    C   64 0.977
    67  H   0.994    C    3 0.943
    68  H   0.993    C    4 0.923
    69  H   0.992    C    5 0.936
    70  H   0.994    C    8 0.943
    71  H   0.995    C    9 0.937
    72  H   0.996    C   11 0.981
    73  H   0.997    C   11 0.981
    74  H   0.997    C   11 0.980
    75  H   0.997    C   12 0.962
    76  H   0.996    C   12 0.963
    77  H   0.997    C   13 0.970
    78  H   0.997    C   13 0.956
    79  H   0.996    C   22 0.979
    80  H   0.994    C   22 0.977
    81  H   0.995    C   22 0.975
    82  H   0.994    C   25 0.965
    83  H   0.997    C   25 0.947
    84  H   0.997    C   25 0.952
    85  H   0.993    C   28 0.937
    86  H   0.993    C   29 0.936
    87  H   0.998    C   31 0.984
    88  H   0.997    C   31 0.981
    89  H   0.997    C   31 0.982
    90  H   0.998    C   32 0.969
    91  H   0.997    C   32 0.969
    92  H   0.997    C   33 0.979
    93  H   0.999    C   33 0.981
    94  H   0.997    C   33 0.981
    95  H   0.995    C   39 0.977
    96  H   0.993    C   39 0.970
    97  H   0.991    C   39 0.966
    98  H   0.991    C   42 0.919
    99  H   0.997    C   46 0.990
   100  H   0.997    C   46 0.984
   101  H   0.997    C   46 0.982
   102  H   0.996    C   47 0.967
   103  H   0.996    C   47 0.952
   104  H   0.998    C   48 0.935
   105  H   0.997    C   50 0.973
   106  H   0.997    C   50 0.967
   107  H   0.997    C   50 0.976
   108  H   0.998    C   51 0.960
   109  H   0.998    C   51 0.960
   110  H   0.998    C   52 0.967
   111  H   0.999    C   52 0.964
   112  H   0.999    C   53 0.959
   113  H   0.997    C   53 0.958
   114  H   0.998    C   54 0.947
   115  H   0.998    C   55 0.974
   116  H   0.998    C   55 0.970
   117  H   0.998    C   55 0.978
   118  H   0.998    C   56 0.960
   119  H   0.999    C   56 0.960
   120  H   0.999    C   57 0.961
   121  H   0.998    C   57 0.969
   122  H   0.998    C   58 0.966
   123  H   0.999    C   58 0.963
   124  H   0.999    C   59 0.957
   125  H   0.999    C   60 0.981
   126  H   0.998    C   60 0.975
   127  H   0.999    C   60 0.981
   128  H   0.999    C   61 0.966
   129  H   0.999    C   61 0.966
   130  H   0.999    C   62 0.967
   131  H   0.998    C   62 0.966
   132  H   0.997    C   63 0.956
   133  H   0.999    C   63 0.958
   134  H   0.998    C   64 0.951
   135  H   0.999    C   65 0.978
   136  H   0.999    C   65 0.978
   137  H   0.999    C   65 0.983
   138  H   0.998    C   66 0.977
   139  H   0.999    C   66 0.984
   140  H   0.999    C   66 0.980
 
 --------------------------------------------
          xTB calculation for sTDA...
 --------------------------------------------
 
 reading parameter file ~/.param_stda2.xtb
 
      method parameters     
 k(s)        :  1.6000
 k(p)        :  2.1800
 k(d)        :  1.9500
 k(f)        :  2.0000
 k(R-V)      :  2.2750
 k(R-R)      :  1.7650
 Tscal       :  0.2580
 Gscal       :  1.0000
 fpol        :  1.0000
 Zcnf        :  0.3430
 Zqf         :  0.0000
 kcn         :  2.7000
 Ryd Hsplit  :  0.7000
 lshift(virt):  3.1000
 lshift(OS)  :  0.2000
 wllscaling  :  2.6000
 
 mowrcut     : 3.000
 
  Z AO/shell   Hii/eV     exponent
  1     Sun Feb 14 09:53:25 CET 2016    EN: 2.327 GAM: 0.473  GM3: 0.0000
     1s    -14.339618    1.220000
     2sp    -3.348946    0.600000
  6     Sun Feb 14 09:53:25 CET 2016    EN: 2.731 GAM: 0.422  GM3: 0.0000
     2s    -22.009312    1.565095
     2p    -13.020408    1.596905
     3sp    -3.914040    0.824500
  7     Sun Feb 14 09:53:25 CET 2016    EN: 3.573 GAM: 0.504  GM3: 0.0000
     2s    -25.722000    2.064844
     2p    -18.684912    1.801692
     3sp    -4.344791    0.921400
  8     Sun Feb 14 09:53:25 CET 2016    EN: 3.700 GAM: 0.587  GM3: 0.0000
     2s    -33.859000    2.418661
     2p    -22.175911    1.973969
     3sp    -4.259392    1.013700
 12     Sun Feb 21 16:58:31 CET 2016    EN: 0.033 GAM: 0.222  GM3: 0.0000
     3s    -11.092543    1.647583
     3p     -6.929529    0.855020
 
 Nbf   :          894
 T(el) :     0.0
 calculating S/T integrals ...
 cpu time for ints    1.30433300000000     
 Nao   :          894
 making H0...
 making H1...
 cpu time for H      2.547999999999995E-002
 solving ...
 cpu time for diag   0.311209000000000     
 
 gap (eV)           :   4.561
 Koopmans IP (eV)   :  13.361
 Eel (Eh)           :  -301.459455

          eigenvalues
 #    :         164        165        166        167        168        169        170        171
 occ. :        2.000      2.000      2.000      2.000      2.000      2.000      2.000      2.000
 eps  :       -17.359    -17.224    -17.053    -16.512    -16.380    -16.049    -16.018    -15.834
 #    :         172        173        174        175        176        177        178        179
 occ. :        2.000      2.000      2.000      2.000      2.000      0.000      0.000      0.000
 eps  :       -15.618    -15.376    -15.102    -14.080    -13.363     -8.801     -7.038     -6.664
 #    :         180        181        182        183        184        185        186        187
 occ. :        0.000      0.000      0.000      0.000      0.000      0.000      0.000      0.000
 eps  :        -6.406     -6.269     -5.962     -5.844     -5.500     -5.241     -5.148     -5.029
                            1  SCC done.
 writing mo output ...
 molden style : F
 
speedup  1.19
cpu  time for all    2.14 s
wall time for all    1.80 s
