 
        ______________________________________
       |                                      |
       |          ===================         |
       |             xTB for sTDA             |
       |          ===================         |
       |               S. Grimme              |
       |        Universitaet Bonn, MCTC       |
       |         2015-19, Version 1.0         |
       |     Wed Apr  3 09:14:55 CEST 2019    |
       |______________________________________|
 
        This code comes without any warranty
        for non-commercial, academia use only.
        Preliminary test version.
        Cite this work as:
        S. Grimme  &  C. Bannwarth, JCP 145 (2016) 054103
        if GBSA is used additionally:
        P. Shushkov, F. März, C. Bannwarth, S. Grimme, unpublished.
 
        with help from
        P. Shushkov, G. Brandenburg, S. Dohm, J. Pisarek,
        F. März, M. Checinski, S. Ehrlich, S. Spicher, 
        P. Pracht, E. Caldeweyher, S. Ehlert, and C. Bannwarth.
 
        usage        :
        xtb4stda <coord_file> [options]
        where <coord_file> is a valid file of TM)
        (*coord, Bohr) or xmol (*xyz, Angstroem)
        format.

        options:
        -chrg <int>   : molecular charge
        -uhf  <int>   : # of unpaired electrons(=2*S)
        -nox          : skip second, extended part in sTDA-xTB
        -pop          : do population analysis
                      : (default for -nox)
        -mowr <real>  : cut MO write above (def.3 Eh)
        -molden       : write formatted molden file
        -parx <file>  : read parameters for sTDA-xTB
                        calc (def:~/.param_stda2.xtb)
        -parv <file>  : read parameters for vTB part in
                        sTDA-xTB (def: ~/.param_stda1.xtb)
        -xtemp <real> : el. temp for xTB (def. 0 K)
        -etemp <real> : el. temp for GFN (def. 300 K)
        -fod          : calculate the FOD and write
                        molden.input file with
                        appropriate occupations
                        for plotting. Def. T=12500 K
 
        -acc <real>   : xTB accuracy (def. 1.0)
        -gbsa [string1] [string2]
                        use GBSA implicit solvent
                        for solvent [string1] and
                        solvation state [string2]=
                        reference, bar1M (default=1M)
        additional GFN/opt/MD/siman options read from
        $XTB4STDAHOME/.xtb4stdarc or $set in input
 
       spin and charge state information can be on:
       <.CHRG> (charge) and <.UHF> (=nalpha-nbeta)
       -uhf and -chrg override the file info.
       useful machine settings:
       setenv MKL_NUM_THREADS <NCORE_ON_YOUR_MACHINE>
       setenv OMP_STACKSIZE 500m
       limit stacksize unlimited
 
       total energies in Eh, gaps/HL energies in eV
       please read REVISION and HOWTO files carefully
 =============================
  # OMP threads =           4
 =============================
 
 xtb4stdahome directory:~/
 
 
 name of molecule           :
 comment line               :
 number of atoms            :   140
 number of electrons        :   352
 charge                     :  0
 spin                       : 0.0
 first test random number   :  0.9076
 
 -----------------------------------------
      charge density (VTB) calculation
 -----------------------------------------
 
      method parameters     
 k(s)        :  1.8000
 k(p)        :  2.8350
 k(d)        :  2.0860
 k(f)        :  2.0000
 Tscal       :  0.3300
 Gscal       :  0.3910
 fpol        :  1.0000
 Zcnf        :  0.6500
 Zqf         :  0.0000
 kcn         :  0.3000
 kEN1        : -0.5900
 wllscal     :  2.6000
 
     -------------------------
     ! NO SOLVENT MODEL USED !
     -------------------------
 
 doing EN charges ...
 sum q : -0.4440892D-15
 point charge moment (au)
     X       Y       Z   
  -0.8206   0.2768   0.7204  total (Debye):    2.863
 
            Z      q(EN)   CN      Cart. coordinates
     1  MG  2.0   0.892   4.724    77.72065    14.95907    54.34285
     2  C   4.0   0.023   3.319    81.14294    17.39115    59.41865
     3  C   4.0  -0.061   3.128    73.21743    12.75754    58.62308
     4  C   4.0  -0.060   3.148    74.68197    12.09047    49.49759
     5  C   4.0  -0.053   3.177    82.69252    16.71841    50.41789
     6  N   5.0  -0.337   3.087    77.38050    14.85892    58.62308
     7  C   4.0   0.082   3.351    78.96220    16.19684    60.32383
     8  C   4.0  -0.097   4.154    77.97387    16.07401    62.96567
     9  C   4.0  -0.094   4.117    75.48510    14.50554    62.75780
    10  C   4.0   0.110   3.300    75.41707    13.86303    59.87408
    11  C   4.0  -0.236   4.014    75.26401    12.15472    64.56249
    12  C   4.0  -0.162   4.063    77.94175    18.70640    64.31493
    13  C   4.0  -0.166   4.034    76.44697    18.97852    66.76024
    14  C   4.0   0.203   3.081    78.16662    18.89726    69.23767
    15  O   6.0  -0.120   1.045    80.02611    17.66138    69.44176
    16  O   6.0  -0.124   2.039    77.33326    20.56778    70.96299
    17  N   5.0  -0.385   3.197    74.29269    12.92762    54.02915
    18  C   4.0   0.069   3.315    72.69020    12.27755    56.05872
    19  C   4.0   0.012   3.250    70.58882    10.91884    54.97213
    20  C   4.0   0.004   3.223    70.81748    10.82246    52.24903
    21  C   4.0   0.071   3.355    73.43853    11.81457    51.79361
    22  C   4.0  -0.250   4.040    68.48934     9.84358    56.42533
    23  C   4.0   0.135   3.037    68.90319    10.24609    50.18545
    24  O   6.0  -0.129   1.070    69.23956    10.61270    48.01038
    25  C   4.0  -0.248   4.041    66.21222     9.51666    50.90544
    26  N   5.0  -0.433   3.152    78.57669    14.48286    50.53694
    27  C   4.0   0.095   3.386    77.13105    13.10525    48.94012
    28  C   4.0  -0.095   4.123    78.18174    13.13737    46.18112
    29  C   4.0  -0.096   4.152    80.47587    15.05734    46.49482
    30  C   4.0   0.090   3.383    80.52500    15.65827    49.28972
    31  C   4.0  -0.237   4.028    78.79590    10.49932    45.18713
    32  C   4.0  -0.163   4.049    80.09037    17.56878    44.98871
    33  C   4.0  -0.238   4.002    77.47687    18.90104    44.97926
    34  N   5.0  -0.465   3.316    81.28278    16.58801    54.68867
    35  C   4.0   0.085   3.687    83.03834    17.25131    53.00870
    36  C   4.0   0.023   3.319    85.08869    18.47396    54.12364
    37  C   4.0  -0.000   3.596    84.28745    18.68561    56.59540
    38  C   4.0   0.080   3.888    82.06702    17.45540    56.89587
    39  C   4.0  -0.244   4.024    87.12959    19.80055    52.55328
    40  C   4.0   0.094   3.255    84.87704    19.92338    58.92543
    41  O   6.0  -0.081   1.040    86.52488    21.61091    59.21267
    42  C   4.0  -0.116   4.231    82.83047    19.02954    60.88886
    43  C   4.0   0.166   3.144    84.14383    17.46674    62.96189
    44  O   6.0  -0.099   1.040    84.53500    15.20285    63.19433
    45  O   6.0  -0.109   2.031    84.80901    19.17505    64.88941
    46  C   4.0  -0.196   4.033    86.41528    18.16027    66.86606
    47  C   4.0  -0.136   4.063    79.11716    21.29532    72.98122
    48  C   4.0  -0.055   3.082    77.67907    21.69216    75.43597
    49  C   4.0   0.016   3.062    78.64661    21.57878    77.85104
    50  C   4.0  -0.250   4.034    81.38861    20.97785    78.38772
    51  C   4.0  -0.172   4.050    76.91752    22.08334    80.24154
    52  C   4.0  -0.163   4.041    75.65896    19.71173    81.34325
    53  C   4.0  -0.163   4.058    73.08326    18.99930    79.94486
    54  C   4.0  -0.088   4.055    70.92330    19.43205    81.78545
    55  C   4.0  -0.239   4.055    70.41875    17.11147    83.44274
    56  C   4.0  -0.163   4.061    68.29659    20.23519    80.56469
    57  C   4.0  -0.164   4.046    66.35017    21.02320    82.53945
    58  C   4.0  -0.164   4.042    65.40342    23.79165    82.33347
    59  C   4.0  -0.090   4.045    63.01102    24.21117    84.20808
    60  C   4.0  -0.238   4.032    61.07783    25.98562    82.92306
    61  C   4.0  -0.164   4.072    63.67999    25.02375    86.96141
    62  C   4.0  -0.164   4.068    63.87085    22.74096    88.67539
    63  C   4.0  -0.164   4.072    65.94955    23.23229    90.66149
    64  C   4.0  -0.088   4.031    67.94132    21.02509    90.30433
    65  C   4.0  -0.238   4.018    67.91486    18.88592    92.41138
    66  C   4.0  -0.240   4.048    70.54536    22.13814    89.97552
    67  H   1.0   0.070   1.005    71.79447    12.32668    60.05360
    68  H   1.0   0.071   1.006    73.66341    11.36292    47.85731
    69  H   1.0   0.071   1.005    83.95108    17.67083    49.08752
    70  H   1.0   0.086   1.017    79.46109    14.87592    63.73479
    71  H   1.0   0.084   1.008    73.94498    15.84157    63.04882
    72  H   1.0   0.080   0.998    74.86338    10.40861    63.54770
    73  H   1.0   0.080   1.000    73.45932    12.49298    65.49601
    74  H   1.0   0.080   0.997    76.68130    12.03566    66.05348
    75  H   1.0   0.082   1.002    77.55813    20.24274    62.99779
    76  H   1.0   0.084   1.010    79.91840    18.90860    64.86295
    77  H   1.0   0.083   1.007    75.34337    17.26832    67.07393
    78  H   1.0   0.081   1.001    75.28479    20.67927    66.74701
    79  H   1.0   0.080   0.998    68.58949    10.00232    58.47757
    80  H   1.0   0.081   1.001    68.17753     7.91228    55.78093
    81  H   1.0   0.081   1.002    66.75646    10.73175    55.75825
    82  H   1.0   0.080   0.999    66.11584     8.13338    52.42856
    83  H   1.0   0.080   0.999    65.18610     8.96675    49.20468
    84  H   1.0   0.080   0.998    65.11996    11.02277    51.78794
    85  H   1.0   0.084   1.010    76.53390    13.84791    45.17012
    86  H   1.0   0.084   1.007    82.28245    14.24097    45.94113
    87  H   1.0   0.081   1.002    78.91307     9.35225    46.89355
    88  H   1.0   0.081   1.000    80.70264    10.63160    44.41801
    89  H   1.0   0.081   1.000    77.18964     9.97775    44.00983
    90  H   1.0   0.082   1.004    80.48532    17.13415    43.01583
    91  H   1.0   0.082   1.005    81.48309    18.84624    45.81074
    92  H   1.0   0.080   1.001    77.96820    20.74541    45.75027
    93  H   1.0   0.080   0.998    76.09171    18.09602    46.27372
    94  H   1.0   0.079   0.997    76.62839    19.14859    43.11788
    95  H   1.0   0.080   0.998    88.60169    20.60179    53.75325
    96  H   1.0   0.081   1.005    85.96741    21.30666    51.76526
    97  H   1.0   0.080   0.996    88.09713    18.94828    50.94701
    98  H   1.0   0.086   1.008    82.02544    20.67927    61.82238
    99  H   1.0   0.081   0.997    85.13593    18.00342    68.47233
   100  H   1.0   0.080   0.995    87.98753    19.33001    67.50101
   101  H   1.0   0.081   0.996    87.19951    16.26676    66.67331
   102  H   1.0   0.082   1.002    80.05635    23.09623    72.64107
   103  H   1.0   0.082   1.003    80.62327    19.98763    73.49522
   104  H   1.0   0.070   1.003    75.63061    21.62791    75.22621
   105  H   1.0   0.080   1.000    82.52811    22.38191    77.39940
   106  H   1.0   0.081   1.002    81.60782    19.06356    77.66396
   107  H   1.0   0.080   0.999    81.76277    21.11580    80.40973
   108  H   1.0   0.082   1.006    75.46810    23.30788    79.44030
   109  H   1.0   0.081   1.002    78.05324    23.11135    81.61915
   110  H   1.0   0.082   1.006    75.38495    20.32211    83.29156
   111  H   1.0   0.081   1.001    76.88161    18.05444    81.33380
   112  H   1.0   0.082   1.006    73.35538    16.97730    79.65951
   113  H   1.0   0.082   1.001    72.65996    19.69661    78.05324
   114  H   1.0   0.084   1.010    71.50723    21.03265    82.94196
   115  H   1.0   0.080   0.997    71.01212    15.25765    82.76433
   116  H   1.0   0.081   0.998    68.50068    16.70329    84.07202
   117  H   1.0   0.081   1.002    71.30125    17.65193    85.22286
   118  H   1.0   0.082   1.001    67.58227    18.75175    79.32692
   119  H   1.0   0.082   1.003    68.52335    21.81689    79.26455
   120  H   1.0   0.083   1.008    67.24779    21.07611    84.39327
   121  H   1.0   0.083   1.006    64.54926    20.02921    82.46008
   122  H   1.0   0.082   1.002    64.81949    24.10156    80.38327
   123  H   1.0   0.082   1.002    66.78103    25.19005    82.95708
   124  H   1.0   0.084   1.010    61.92254    22.47073    84.36304
   125  H   1.0   0.080   0.997    61.09106    25.90436    80.86515
   126  H   1.0   0.081   0.999    61.52948    27.90936    83.50321
   127  H   1.0   0.080   1.000    59.29015    25.48862    83.81879
   128  H   1.0   0.083   1.005    62.07561    26.18593    87.52455
   129  H   1.0   0.083   1.004    65.42042    26.10278    86.74031
   130  H   1.0   0.083   1.003    63.97667    21.02131    87.54722
   131  H   1.0   0.082   1.005    62.21167    22.49152    89.86970
   132  H   1.0   0.082   1.001    65.35617    23.19450    92.63437
   133  H   1.0   0.083   1.004    66.94921    24.98785    90.25898
   134  H   1.0   0.084   1.010    67.54636    19.90826    88.62059
   135  H   1.0   0.080   0.997    66.48623    19.13914    93.87214
   136  H   1.0   0.080   0.998    69.72522    18.89348    93.39215
   137  H   1.0   0.079   0.997    67.63707    17.01320    91.59691
   138  H   1.0   0.081   0.999    70.69087    24.07700    90.65015
   139  H   1.0   0.080   0.998    71.15385    22.05877    88.00832
   140  H   1.0   0.081   0.999    71.93431    21.45973    91.33612
 
  Z AO/shell   Hii/eV     exponent
  1     Sat Feb 20 21:38:01 CET 2016    EN: 2.327 GAM: 0.473  GM3: 0.0000
     1s    -13.751157    1.051071
  6     Sat Feb 20 21:38:01 CET 2016    EN: 2.731 GAM: 0.422  GM3: 0.0000
     2s    -19.378245    2.021003
     2p    -11.993376    1.497917
  7     Sat Feb 20 21:38:01 CET 2016    EN: 3.573 GAM: 0.504  GM3: 0.0000
     2s    -21.576984    2.275442
     2p    -16.125120    2.056788
  8     Sat Feb 20 21:38:01 CET 2016    EN: 3.700 GAM: 0.587  GM3: 0.0000
     2s    -21.648843    2.110798
     2p    -17.239740    2.329048
 12     Sat Feb 20 23:25:47 CET 2016    EN: 0.033 GAM: 0.222  GM3: 0.0000
     3s    -12.693633    1.302878
     3p     -8.128821    0.504252
 
 dipole moment of classical point charges (au)
     X       Y       Z   
  -0.8206   0.2768   0.7204  total (Debye):    2.863

 
 Nbf   :          338
 T(el) :   300.0
 calculating S/T integrals ...
 cpu time for ints   0.180974000000000     
 Nao   :          338
 making H0...
 making H1...
 cpu time for H      8.347999999999994E-003
 solving ...
 cpu time for diag   6.789200000000001E-002
 
 gap (eV)           :   1.471
 Koopmans IP (eV)   :  12.226
 Eel (Eh)           :  -268.439376
 T,E(Fermi),NFOD :    300.000   -11.490  0.000000
 T,E(Fermi),NFOD :    300.000   -11.490  0.000000
 Nfod               :  0.0000
 Nfod/Nel           :  0.0000

          eigenvalues
 #    :         164        165        166        167        168        169        170        171
 occ. :        2.000      2.000      2.000      2.000      2.000      2.000      2.000      2.000
 eps  :       -16.237    -16.107    -15.863    -15.656    -15.627    -15.566    -15.455    -14.951
 #    :         172        173        174        175        176        177        178        179
 occ. :        2.000      2.000      2.000      2.000      2.000      0.000      0.000      0.000
 eps  :       -14.665    -14.623    -14.527    -13.225    -12.227    -10.755     -9.773     -8.761
 #    :         180        181        182        183        184        185        186        187
 occ. :        0.000      0.000      0.000      0.000      0.000      0.000      0.000      0.000
 eps  :        -8.487     -8.048     -7.922     -7.784     -7.464     -7.220     -7.179     -6.888
                            1  SCC done.
 making H1...
 cpu time for H      8.300600000000002E-002
 solving ...
 cpu time for diag   3.235600000000000E-002
 
 gap (eV)           :   1.654
 Koopmans IP (eV)   :  12.031
 Eel (Eh)           :  -265.451114
 T,E(Fermi),NFOD :    300.000   -11.205  0.000000
 T,E(Fermi),NFOD :    300.000   -11.205  0.000000
 Nfod               :  0.0000
 Nfod/Nel           :  0.0000

          eigenvalues
 #    :         164        165        166        167        168        169        170        171
 occ. :        2.000      2.000      2.000      2.000      2.000      2.000      2.000      2.000
 eps  :       -15.166    -15.088    -14.989    -14.760    -14.554    -14.486    -14.344    -14.235
 #    :         172        173        174        175        176        177        178        179
 occ. :        2.000      2.000      2.000      2.000      2.000      0.000      0.000      0.000
 eps  :       -13.976    -13.719    -13.671    -12.589    -12.033    -10.379     -9.099     -8.529
 #    :         180        181        182        183        184        185        186        187
 occ. :        0.000      0.000      0.000      0.000      0.000      0.000      0.000      0.000
 eps  :        -8.174     -7.898     -7.788     -7.712     -7.215     -7.159     -7.037     -6.689
                            2  SCC done.
 
 
 Mulliken/CM5 charges    n(s)   n(p)   n(d)   
    1 MG  0.3033  0.7527   0.666  1.030  0.000
    2 C   0.0178  0.0212   1.165  2.817  0.000
    3 C  -0.0398 -0.0819   1.127  2.913  0.000
    4 C  -0.0259 -0.0676   1.124  2.902  0.000
    5 C  -0.0323 -0.0737   1.149  2.884  0.000
    6 N  -0.1502 -0.3858   1.427  3.723  0.000
    7 C   0.0238  0.0755   1.236  2.740  0.000
    8 C  -0.0198 -0.0752   1.199  2.821  0.000
    9 C  -0.0194 -0.0769   1.205  2.815  0.000
   10 C   0.0202  0.0831   1.253  2.726  0.000
   11 C  -0.0850 -0.2328   1.104  2.981  0.000
   12 C  -0.0517 -0.1580   1.152  2.899  0.000
   13 C  -0.0726 -0.1730   1.153  2.920  0.000
   14 C   0.2333  0.2878   1.176  2.590  0.000
   15 O  -0.2603 -0.3152   1.615  4.645  0.000
   16 O  -0.1442 -0.2185   1.482  4.663  0.000
   17 N  -0.2201 -0.4798   1.385  3.835  0.000
   18 C   0.0202  0.0756   1.193  2.786  0.000
   19 C  -0.0092 -0.0146   1.212  2.797  0.000
   20 C  -0.0750 -0.0703   1.223  2.852  0.000
   21 C   0.0251  0.0833   1.217  2.758  0.000
   22 C  -0.0759 -0.2210   1.076  3.000  0.000
   23 C   0.1784  0.2071   1.185  2.636  0.000
   24 O  -0.2219 -0.2783   1.610  4.612  0.000
   25 C  -0.1173 -0.2596   1.105  3.012  0.000
   26 N  -0.1626 -0.4473   1.397  3.766  0.000
   27 C   0.0309  0.0886   1.251  2.718  0.000
   28 C  -0.0293 -0.0891   1.201  2.828  0.000
   29 C  -0.0239 -0.0796   1.204  2.820  0.000
   30 C   0.0315  0.0876   1.226  2.742  0.000
   31 C  -0.0783 -0.2262   1.102  2.977  0.000
   32 C  -0.0541 -0.1639   1.154  2.900  0.000
   33 C  -0.0949 -0.2462   1.094  3.001  0.000
   34 N  -0.2221 -0.5223   1.383  3.840  0.000
   35 C   0.0350  0.1035   1.175  2.790  0.000
   36 C   0.0030 -0.0005   1.197  2.799  0.000
   37 C  -0.0423 -0.0326   1.157  2.885  0.000
   38 C   0.0351  0.1087   1.175  2.789  0.000
   39 C  -0.0711 -0.2149   1.080  2.991  0.000
   40 C   0.1128  0.1428   1.218  2.669  0.000
   41 O  -0.2464 -0.2857   1.643  4.604  0.000
   42 C  -0.0176 -0.0620   1.191  2.827  0.000
   43 C   0.2100  0.2608   1.207  2.583  0.000
   44 O  -0.2462 -0.2943   1.629  4.618  0.000
   45 O  -0.1620 -0.2446   1.497  4.665  0.000
   46 C  -0.0029 -0.1253   1.083  2.920  0.000
   47 C   0.0508 -0.0291   1.122  2.828  0.000
   48 C  -0.0956 -0.1534   1.173  2.922  0.000
   49 C  -0.0531 -0.0783   1.237  2.816  0.000
   50 C  -0.0882 -0.2341   1.083  3.005  0.000
   51 C  -0.0612 -0.1678   1.150  2.912  0.000
   52 C  -0.0502 -0.1607   1.161  2.889  0.000
   53 C  -0.0617 -0.1710   1.155  2.907  0.000
   54 C  -0.0172 -0.0904   1.205  2.812  0.000
   55 C  -0.1145 -0.2651   1.100  3.015  0.000
   56 C  -0.0729 -0.1823   1.157  2.916  0.000
   57 C  -0.0606 -0.1734   1.144  2.916  0.000
   58 C  -0.0853 -0.1973   1.172  2.914  0.000
   59 C  -0.0542 -0.1303   1.224  2.830  0.000
   60 C  -0.1005 -0.2517   1.104  2.996  0.000
   61 C  -0.0563 -0.1673   1.151  2.905  0.000
   62 C  -0.0529 -0.1649   1.145  2.908  0.000
   63 C  -0.0629 -0.1727   1.167  2.896  0.000
   64 C  -0.0367 -0.1115   1.211  2.826  0.000
   65 C  -0.1173 -0.2677   1.114  3.003  0.000
   66 C  -0.1172 -0.2688   1.100  3.017  0.000
   67 H   0.0508  0.1093   0.949  0.000  0.000
   68 H   0.0570  0.1208   0.943  0.000  0.000
   69 H   0.0513  0.1104   0.949  0.000  0.000
   70 H   0.0599  0.1275   0.940  0.000  0.000
   71 H   0.0481  0.1099   0.952  0.000  0.000
   72 H   0.0446  0.0970   0.955  0.000  0.000
   73 H   0.0296  0.0821   0.970  0.000  0.000
   74 H   0.0510  0.1026   0.949  0.000  0.000
   75 H   0.0426  0.0992   0.957  0.000  0.000
   76 H   0.0459  0.1143   0.954  0.000  0.000
   77 H   0.0425  0.1036   0.957  0.000  0.000
   78 H   0.0441  0.1027   0.956  0.000  0.000
   79 H   0.0510  0.1035   0.949  0.000  0.000
   80 H   0.0533  0.1070   0.947  0.000  0.000
   81 H   0.0495  0.1039   0.950  0.000  0.000
   82 H   0.0395  0.0931   0.961  0.000  0.000
   83 H   0.0437  0.0998   0.956  0.000  0.000
   84 H   0.0445  0.0973   0.956  0.000  0.000
   85 H   0.0523  0.1147   0.948  0.000  0.000
   86 H   0.0566  0.1172   0.943  0.000  0.000
   87 H   0.0389  0.0940   0.961  0.000  0.000
   88 H   0.0464  0.0997   0.954  0.000  0.000
   89 H   0.0527  0.1053   0.947  0.000  0.000
   90 H   0.0287  0.0846   0.971  0.000  0.000
   91 H   0.0455  0.1029   0.955  0.000  0.000
   92 H   0.0321  0.0847   0.968  0.000  0.000
   93 H   0.0378  0.0913   0.962  0.000  0.000
   94 H   0.0376  0.0883   0.962  0.000  0.000
   95 H   0.0452  0.0977   0.955  0.000  0.000
   96 H   0.0472  0.1020   0.953  0.000  0.000
   97 H   0.0529  0.1039   0.947  0.000  0.000
   98 H   0.0733  0.1412   0.927  0.000  0.000
   99 H   0.0357  0.0994   0.964  0.000  0.000
  100 H   0.0499  0.1064   0.950  0.000  0.000
  101 H   0.0551  0.1167   0.945  0.000  0.000
  102 H   0.0613  0.1234   0.939  0.000  0.000
  103 H   0.0640  0.1301   0.936  0.000  0.000
  104 H   0.0312  0.0910   0.969  0.000  0.000
  105 H   0.0421  0.0950   0.958  0.000  0.000
  106 H   0.0497  0.1034   0.950  0.000  0.000
  107 H   0.0405  0.0931   0.960  0.000  0.000
  108 H   0.0375  0.0954   0.963  0.000  0.000
  109 H   0.0463  0.1016   0.954  0.000  0.000
  110 H   0.0427  0.0997   0.957  0.000  0.000
  111 H   0.0411  0.0963   0.959  0.000  0.000
  112 H   0.0309  0.0880   0.969  0.000  0.000
  113 H   0.0485  0.1039   0.951  0.000  0.000
  114 H   0.0401  0.1015   0.960  0.000  0.000
  115 H   0.0351  0.0866   0.965  0.000  0.000
  116 H   0.0345  0.0870   0.966  0.000  0.000
  117 H   0.0296  0.0830   0.970  0.000  0.000
  118 H   0.0272  0.0825   0.973  0.000  0.000
  119 H   0.0278  0.0842   0.972  0.000  0.000
  120 H   0.0364  0.0962   0.964  0.000  0.000
  121 H   0.0414  0.0986   0.959  0.000  0.000
  122 H   0.0282  0.0843   0.972  0.000  0.000
  123 H   0.0256  0.0815   0.974  0.000  0.000
  124 H   0.0229  0.0839   0.977  0.000  0.000
  125 H   0.0433  0.0952   0.957  0.000  0.000
  126 H   0.0214  0.0742   0.979  0.000  0.000
  127 H   0.0371  0.0896   0.963  0.000  0.000
  128 H   0.0387  0.0959   0.961  0.000  0.000
  129 H   0.0419  0.0994   0.958  0.000  0.000
  130 H   0.0503  0.1079   0.950  0.000  0.000
  131 H   0.0311  0.0872   0.969  0.000  0.000
  132 H   0.0423  0.0976   0.958  0.000  0.000
  133 H   0.0438  0.1017   0.956  0.000  0.000
  134 H   0.0381  0.0989   0.962  0.000  0.000
  135 H   0.0278  0.0792   0.972  0.000  0.000
  136 H   0.0281  0.0805   0.972  0.000  0.000
  137 H   0.0338  0.0847   0.966  0.000  0.000
  138 H   0.0298  0.0825   0.970  0.000  0.000
  139 H   0.0372  0.0891   0.963  0.000  0.000
  140 H   0.0360  0.0883   0.964  0.000  0.000
 Hirshfeld charges for QMDFF written to <charges>
 
 Loewdin charges    n(s)   n(p)   n(d)
    1 MG  0.1431   0.678  1.179  0.000
    2 C   0.0201   1.124  2.856  0.000
    3 C  -0.0368   1.076  2.961  0.000
    4 C  -0.0236   1.071  2.952  0.000
    5 C  -0.0302   1.097  2.933  0.000
    6 N  -0.1180   1.385  3.733  0.000
    7 C   0.0259   1.200  2.774  0.000
    8 C  -0.0126   1.150  2.862  0.000
    9 C  -0.0110   1.157  2.854  0.000
   10 C   0.0248   1.218  2.758  0.000
   11 C  -0.0868   1.032  3.054  0.000
   12 C  -0.0468   1.093  2.954  0.000
   13 C  -0.0724   1.095  2.978  0.000
   14 C   0.2049   1.152  2.643  0.000
   15 O  -0.2428   1.581  4.662  0.000
   16 O  -0.1090   1.446  4.663  0.000
   17 N  -0.1921   1.346  3.846  0.000
   18 C   0.0240   1.154  2.822  0.000
   19 C   0.0031   1.169  2.827  0.000
   20 C  -0.0835   1.189  2.895  0.000
   21 C   0.0322   1.177  2.790  0.000
   22 C  -0.0790   1.002  3.077  0.000
   23 C   0.1705   1.150  2.680  0.000
   24 O  -0.2015   1.573  4.628  0.000
   25 C  -0.1259   1.034  3.092  0.000
   26 N  -0.1242   1.352  3.773  0.000
   27 C   0.0374   1.214  2.748  0.000
   28 C  -0.0215   1.154  2.868  0.000
   29 C  -0.0158   1.156  2.860  0.000
   30 C   0.0343   1.189  2.777  0.000
   31 C  -0.0788   1.029  3.050  0.000
   32 C  -0.0489   1.096  2.953  0.000
   33 C  -0.0964   1.022  3.075  0.000
   34 N  -0.1880   1.338  3.850  0.000
   35 C   0.0349   1.136  2.829  0.000
   36 C   0.0074   1.156  2.836  0.000
   37 C  -0.0489   1.117  2.932  0.000
   38 C   0.0380   1.135  2.827  0.000
   39 C  -0.0704   1.005  3.065  0.000
   40 C   0.1099   1.185  2.705  0.000
   41 O  -0.2343   1.617  4.618  0.000
   42 C  -0.0164   1.142  2.874  0.000
   43 C   0.1877   1.182  2.630  0.000
   44 O  -0.2313   1.599  4.633  0.000
   45 O  -0.1294   1.464  4.666  0.000
   46 C  -0.0123   1.014  2.998  0.000
   47 C   0.0501   1.064  2.885  0.000
   48 C  -0.0945   1.126  2.969  0.000
   49 C  -0.0431   1.197  2.846  0.000
   50 C  -0.0896   1.009  3.080  0.000
   51 C  -0.0569   1.090  2.967  0.000
   52 C  -0.0445   1.103  2.942  0.000
   53 C  -0.0591   1.097  2.962  0.000
   54 C  -0.0065   1.157  2.849  0.000
   55 C  -0.1204   1.030  3.091  0.000
   56 C  -0.0706   1.100  2.971  0.000
   57 C  -0.0564   1.086  2.971  0.000
   58 C  -0.0827   1.116  2.967  0.000
   59 C  -0.0457   1.179  2.867  0.000
   60 C  -0.1030   1.033  3.070  0.000
   61 C  -0.0524   1.093  2.960  0.000
   62 C  -0.0489   1.086  2.963  0.000
   63 C  -0.0597   1.110  2.949  0.000
   64 C  -0.0268   1.164  2.863  0.000
   65 C  -0.1221   1.044  3.078  0.000
   66 C  -0.1231   1.030  3.093  0.000
   67 H   0.0458   0.954  0.000  0.000
   68 H   0.0506   0.949  0.000  0.000
   69 H   0.0471   0.953  0.000  0.000
   70 H   0.0522   0.948  0.000  0.000
   71 H   0.0423   0.958  0.000  0.000
   72 H   0.0439   0.956  0.000  0.000
   73 H   0.0305   0.969  0.000  0.000
   74 H   0.0492   0.951  0.000  0.000
   75 H   0.0392   0.961  0.000  0.000
   76 H   0.0422   0.958  0.000  0.000
   77 H   0.0398   0.960  0.000  0.000
   78 H   0.0400   0.960  0.000  0.000
   79 H   0.0496   0.950  0.000  0.000
   80 H   0.0526   0.947  0.000  0.000
   81 H   0.0493   0.951  0.000  0.000
   82 H   0.0412   0.959  0.000  0.000
   83 H   0.0421   0.958  0.000  0.000
   84 H   0.0455   0.955  0.000  0.000
   85 H   0.0468   0.953  0.000  0.000
   86 H   0.0502   0.950  0.000  0.000
   87 H   0.0387   0.961  0.000  0.000
   88 H   0.0456   0.954  0.000  0.000
   89 H   0.0507   0.949  0.000  0.000
   90 H   0.0263   0.974  0.000  0.000
   91 H   0.0428   0.957  0.000  0.000
   92 H   0.0325   0.967  0.000  0.000
   93 H   0.0393   0.961  0.000  0.000
   94 H   0.0372   0.963  0.000  0.000
   95 H   0.0430   0.957  0.000  0.000
   96 H   0.0463   0.954  0.000  0.000
   97 H   0.0519   0.948  0.000  0.000
   98 H   0.0646   0.935  0.000  0.000
   99 H   0.0332   0.967  0.000  0.000
  100 H   0.0470   0.953  0.000  0.000
  101 H   0.0511   0.949  0.000  0.000
  102 H   0.0541   0.946  0.000  0.000
  103 H   0.0562   0.944  0.000  0.000
  104 H   0.0254   0.975  0.000  0.000
  105 H   0.0412   0.959  0.000  0.000
  106 H   0.0483   0.952  0.000  0.000
  107 H   0.0400   0.960  0.000  0.000
  108 H   0.0343   0.966  0.000  0.000
  109 H   0.0430   0.957  0.000  0.000
  110 H   0.0405   0.960  0.000  0.000
  111 H   0.0375   0.962  0.000  0.000
  112 H   0.0290   0.971  0.000  0.000
  113 H   0.0457   0.954  0.000  0.000
  114 H   0.0353   0.965  0.000  0.000
  115 H   0.0357   0.964  0.000  0.000
  116 H   0.0358   0.964  0.000  0.000
  117 H   0.0305   0.969  0.000  0.000
  118 H   0.0248   0.975  0.000  0.000
  119 H   0.0262   0.974  0.000  0.000
  120 H   0.0347   0.965  0.000  0.000
  121 H   0.0386   0.961  0.000  0.000
  122 H   0.0264   0.974  0.000  0.000
  123 H   0.0237   0.976  0.000  0.000
  124 H   0.0200   0.980  0.000  0.000
  125 H   0.0430   0.957  0.000  0.000
  126 H   0.0225   0.978  0.000  0.000
  127 H   0.0369   0.963  0.000  0.000
  128 H   0.0358   0.964  0.000  0.000
  129 H   0.0395   0.961  0.000  0.000
  130 H   0.0483   0.952  0.000  0.000
  131 H   0.0286   0.971  0.000  0.000
  132 H   0.0391   0.961  0.000  0.000
  133 H   0.0417   0.958  0.000  0.000
  134 H   0.0345   0.965  0.000  0.000
  135 H   0.0289   0.971  0.000  0.000
  136 H   0.0295   0.970  0.000  0.000
  137 H   0.0340   0.966  0.000  0.000
  138 H   0.0322   0.968  0.000  0.000
  139 H   0.0370   0.963  0.000  0.000
  140 H   0.0376   0.962  0.000  0.000
 
 Wiberg/Mayer (AO) data. WBOs > 0.1 written file <wbo>
 largest (>0.05) Wiberg bond orders for each atom
           total WBO             WBO to atom ...
     1  MG  2.534    N   17 0.528    N   34 0.497    N   26 0.443    N    6 0.352    C   27 0.054    C   38 0.054    C   30 0.052    C   21 0.051
     2  C   3.909    C    7 1.462    C   38 1.153    C   42 0.980
     3  C   3.908    C   18 1.347    C   10 1.307    H   67 0.940
     4  C   3.932    C   21 1.370    C   27 1.329    H   68 0.932
     5  C   3.900    C   30 1.472    C   35 1.212    H   69 0.935
     6  N   3.322    C   10 1.375    C    7 1.141    MG   1 0.352    C   18 0.051
     7  C   3.866    C    2 1.462    N    6 1.141    C    8 0.959
     8  C   3.928    C    7 0.959    C    9 0.952    C   12 0.934    H   70 0.929
     9  C   3.928    C   11 0.965    C    8 0.952    H   71 0.945    C   10 0.912
    10  C   3.841    N    6 1.375    C    3 1.307    C    9 0.912
    11  C   3.967    H   73 0.983    H   72 0.978    H   74 0.976    C    9 0.965
    12  C   3.949    C   13 0.990    H   75 0.962    H   76 0.958    C    8 0.934
    13  C   3.961    C   12 0.990    H   78 0.964    H   77 0.952    C   14 0.884    O   15 0.101
    14  C   3.886    O   15 1.862    O   16 1.096    C   13 0.884
    15  O   2.174    C   14 1.862    O   16 0.158    C   13 0.101
    16  O   2.299    C   14 1.096    C   47 0.949    O   15 0.158
    17  N   3.295    C   21 1.163    C   18 1.119    MG   1 0.528    C   20 0.067    C   27 0.053
    18  C   3.885    C    3 1.347    C   19 1.175    N   17 1.119    N    6 0.051
    19  C   3.877    C   20 1.421    C   18 1.175    C   22 1.015    O   24 0.062
    20  C   3.875    C   19 1.421    C   21 1.080    C   23 0.988    O   24 0.085    N   17 0.067
    21  C   3.874    C    4 1.370    N   17 1.163    C   20 1.080    N   26 0.058    MG   1 0.051
    22  C   3.980    C   19 1.015    H   79 0.972    H   80 0.957    H   81 0.953
    23  C   3.890    O   24 1.872    C   20 0.988    C   25 0.940
    24  O   2.206    C   23 1.872    C   20 0.085    C   25 0.085    C   19 0.062
    25  C   3.975    H   83 0.971    H   82 0.964    H   84 0.955    C   23 0.940    O   24 0.085
    26  N   3.371    C   27 1.304    C   30 1.170    MG   1 0.443    C   21 0.058
    27  C   3.840    C    4 1.329    N   26 1.304    C   28 0.918    MG   1 0.054    N   17 0.053
    28  C   3.933    C   31 0.983    C   29 0.942    H   85 0.942    C   27 0.918
    29  C   3.936    C   32 0.951    C   30 0.948    C   28 0.942    H   86 0.937
    30  C   3.852    C    5 1.472    N   26 1.170    C   29 0.948    MG   1 0.052
    31  C   3.974    C   28 0.983    H   87 0.977    H   89 0.976    H   88 0.974
    32  C   3.957    C   33 0.999    H   90 0.972    H   91 0.963    C   29 0.951
    33  C   3.977    C   32 0.999    H   92 0.985    H   94 0.985    H   93 0.976
    34  N   3.313    C   38 1.216    C   35 1.161    MG   1 0.497    C   37 0.061    C   36 0.057
    35  C   3.883    C   36 1.262    C    5 1.212    N   34 1.161
    36  C   3.859    C   37 1.313    C   35 1.262    C   39 0.977    N   34 0.057
    37  C   3.923    C   36 1.313    C   38 1.216    C   40 1.092    O   41 0.064    N   34 0.061
    38  C   3.899    N   34 1.216    C   37 1.216    C    2 1.153    MG   1 0.054
    39  C   3.975    H   95 0.981    C   36 0.977    H   97 0.976    H   96 0.963
    40  C   3.890    O   41 1.780    C   37 1.092    C   42 0.855
    41  O   2.126    C   40 1.780    C   42 0.083    C   37 0.064
    42  C   3.944    C    2 0.980    H   98 0.922    C   43 0.893    C   40 0.855    O   41 0.083    O   44 0.075
    43  C   3.874    O   44 1.852    O   45 1.043    C   42 0.893
    44  O   2.169    C   43 1.852    O   45 0.164    C   42 0.075
    45  O   2.271    C   43 1.043    C   46 0.982    O   44 0.164
    46  C   3.949    H   99 0.989    H  100 0.986    O   45 0.982    H  101 0.976
    47  C   3.934    C   48 0.994    H  102 0.959    H  103 0.952    O   16 0.949
    48  C   3.951    C   49 1.887    C   47 0.994    H  104 0.944
    49  C   3.922    C   48 1.887    C   50 0.992    C   51 0.945
    50  C   3.991    C   49 0.992    H  107 0.980    H  105 0.971    H  106 0.966
    51  C   3.965    C   52 0.982    H  108 0.965    H  109 0.960    C   49 0.945
    52  C   3.958    C   51 0.982    H  111 0.967    C   53 0.966    H  110 0.960
    53  C   3.959    C   54 0.988    C   52 0.966    H  112 0.964    H  113 0.956
    54  C   3.938    C   53 0.988    C   55 0.986    H  114 0.951    C   56 0.948
    55  C   3.975    C   54 0.986    H  117 0.979    H  115 0.975    H  116 0.975
    56  C   3.956    C   57 0.989    H  118 0.968    H  119 0.962    C   54 0.948
    57  C   3.969    C   58 0.990    C   56 0.989    H  120 0.966    H  121 0.964
    58  C   3.960    C   57 0.990    H  123 0.971    H  122 0.967    C   59 0.947
    59  C   3.927    C   60 0.987    C   61 0.969    H  124 0.956    C   58 0.947
    60  C   3.980    C   59 0.987    H  126 0.985    H  127 0.979    H  125 0.975
    61  C   3.967    C   62 0.994    C   59 0.969    H  128 0.962    H  129 0.959
    62  C   3.966    C   61 0.994    C   63 0.983    H  131 0.968    H  130 0.953
    63  C   3.960    C   62 0.983    H  132 0.965    C   64 0.960    H  133 0.957
    64  C   3.936    C   66 1.002    C   65 0.973    C   63 0.960    H  134 0.952
    65  C   3.975    H  137 0.983    H  135 0.981    H  136 0.979    C   64 0.973
    66  C   3.973    C   64 1.002    H  139 0.975    H  138 0.971    H  140 0.966
    67  H   0.995    C    3 0.940
    68  H   0.994    C    4 0.932
    69  H   0.993    C    5 0.935
    70  H   0.994    C    8 0.929
    71  H   0.994    C    9 0.945
    72  H   0.996    C   11 0.978
    73  H   0.998    C   11 0.983
    74  H   0.996    C   11 0.976
    75  H   0.995    C   12 0.962
    76  H   0.997    C   12 0.958
    77  H   0.998    C   13 0.952
    78  H   0.997    C   13 0.964
    79  H   0.995    C   22 0.972
    80  H   0.993    C   22 0.957
    81  H   0.991    C   22 0.953
    82  H   0.998    C   25 0.964
    83  H   0.995    C   25 0.971
    84  H   0.997    C   25 0.955
    85  H   0.995    C   28 0.942
    86  H   0.994    C   29 0.937
    87  H   0.998    C   31 0.977
    88  H   0.996    C   31 0.974
    89  H   0.995    C   31 0.976
    90  H   0.997    C   32 0.972
    91  H   0.995    C   32 0.963
    92  H   0.998    C   33 0.985
    93  H   0.998    C   33 0.976
    94  H   0.998    C   33 0.985
    95  H   0.997    C   39 0.981
    96  H   0.992    C   39 0.963
    97  H   0.994    C   39 0.976
    98  H   0.990    C   42 0.922
    99  H   0.999    C   46 0.989
   100  H   0.997    C   46 0.986
   101  H   0.997    C   46 0.976
   102  H   0.996    C   47 0.959
   103  H   0.996    C   47 0.952
   104  H   0.999    C   48 0.944
   105  H   0.998    C   50 0.971
   106  H   0.997    C   50 0.966
   107  H   0.998    C   50 0.980
   108  H   0.999    C   51 0.965
   109  H   0.997    C   51 0.960
   110  H   0.997    C   52 0.960
   111  H   0.998    C   52 0.967
   112  H   0.999    C   53 0.964
   113  H   0.998    C   53 0.956
   114  H   0.998    C   54 0.951
   115  H   0.999    C   55 0.975
   116  H   0.999    C   55 0.975
   117  H   0.999    C   55 0.979
   118  H   0.998    C   56 0.968
   119  H   0.999    C   56 0.962
   120  H   0.999    C   57 0.966
   121  H   0.998    C   57 0.964
   122  H   0.999    C   58 0.967
   123  H   0.999    C   58 0.971
   124  H   0.999    C   59 0.956
   125  H   0.997    C   60 0.975
   126  H   0.999    C   60 0.985
   127  H   0.998    C   60 0.979
   128  H   0.997    C   61 0.962
   129  H   0.998    C   61 0.959
   130  H   0.997    C   62 0.953
   131  H   0.999    C   62 0.968
   132  H   0.997    C   63 0.965
   133  H   0.998    C   63 0.957
   134  H   0.999    C   64 0.952
   135  H   0.999    C   65 0.981
   136  H   0.999    C   65 0.979
   137  H   0.998    C   65 0.983
   138  H   0.999    C   66 0.971
   139  H   0.999    C   66 0.975
   140  H   0.999    C   66 0.966
 
 --------------------------------------------
          xTB calculation for sTDA...
 --------------------------------------------
 
 reading parameter file ~/.param_stda2.xtb
 
      method parameters     
 k(s)        :  1.6000
 k(p)        :  2.1800
 k(d)        :  1.9500
 k(f)        :  2.0000
 k(R-V)      :  2.2750
 k(R-R)      :  1.7650
 Tscal       :  0.2580
 Gscal       :  1.0000
 fpol        :  1.0000
 Zcnf        :  0.3430
 Zqf         :  0.0000
 kcn         :  2.7000
 Ryd Hsplit  :  0.7000
 lshift(virt):  3.1000
 lshift(OS)  :  0.2000
 wllscaling  :  2.6000
 
 mowrcut     : 3.000
 
  Z AO/shell   Hii/eV     exponent
  1     Sun Feb 14 09:53:25 CET 2016    EN: 2.327 GAM: 0.473  GM3: 0.0000
     1s    -14.339618    1.220000
     2sp    -3.348946    0.600000
  6     Sun Feb 14 09:53:25 CET 2016    EN: 2.731 GAM: 0.422  GM3: 0.0000
     2s    -22.009312    1.565095
     2p    -13.020408    1.596905
     3sp    -3.914040    0.824500
  7     Sun Feb 14 09:53:25 CET 2016    EN: 3.573 GAM: 0.504  GM3: 0.0000
     2s    -25.722000    2.064844
     2p    -18.684912    1.801692
     3sp    -4.344791    0.921400
  8     Sun Feb 14 09:53:25 CET 2016    EN: 3.700 GAM: 0.587  GM3: 0.0000
     2s    -33.859000    2.418661
     2p    -22.175911    1.973969
     3sp    -4.259392    1.013700
 12     Sun Feb 21 16:58:31 CET 2016    EN: 0.033 GAM: 0.222  GM3: 0.0000
     3s    -11.092543    1.647583
     3p     -6.929529    0.855020
 
 Nbf   :          894
 T(el) :     0.0
 calculating S/T integrals ...
 cpu time for ints    1.19069200000000     
 Nao   :          894
 making H0...
 making H1...
 cpu time for H      2.673599999999987E-002
 solving ...
 cpu time for diag   0.321077000000000     
 
 gap (eV)           :   4.747
 Koopmans IP (eV)   :  13.373
 Eel (Eh)           :  -301.003142

          eigenvalues
 #    :         164        165        166        167        168        169        170        171
 occ. :        2.000      2.000      2.000      2.000      2.000      2.000      2.000      2.000
 eps  :       -17.398    -17.057    -16.836    -16.392    -16.245    -16.108    -15.907    -15.605
 #    :         172        173        174        175        176        177        178        179
 occ. :        2.000      2.000      2.000      2.000      2.000      0.000      0.000      0.000
 eps  :       -15.291    -15.277    -15.020    -13.897    -13.374     -8.627     -6.943     -6.853
 #    :         180        181        182        183        184        185        186        187
 occ. :        0.000      0.000      0.000      0.000      0.000      0.000      0.000      0.000
 eps  :        -6.215     -6.083     -5.678     -5.458     -5.361     -5.177     -5.115     -5.065
                            1  SCC done.
 writing mo output ...
 molden style : F
 
speedup  1.20
cpu  time for all    2.11 s
wall time for all    1.76 s
