cpu-bind=MASK - bp1-compute132, task 4294967295 4294967295 [0]: mask 0x3fffe91f3fffe91f set
Host:    bp1-compute132.data.bp.acrc.priv
Time:    Thu Apr 28 05:32:30 BST 2022
Dir:     /user/home/of15641/chlorophyll_parameterization/tddft_data/step_1451_chromophore_9
Job ID:  1658343
Nodelist:
cat: bp1-compute132: No such file or directory
  
Result dir: /user/home/of15641/chlorophyll_parameterization/tddft_data/step_1451_chromophore_9
running gaussian jobs
Running time g16 < CAMB3LYP_step_1451_chromophore_9.com > CAMB3LYP_step_1451_chromophore_9.log

real	36m4.337s
user	850m32.537s
sys	1m22.005s
Running time g16 < PBE0_step_1451_chromophore_9.com > PBE0_step_1451_chromophore_9.log

real	25m53.368s
user	617m58.609s
sys	0m53.750s
Running time g16 < wB97XD_step_1451_chromophore_9.com > wB97XD_step_1451_chromophore_9.log

real	43m4.371s
user	1016m42.032s
sys	1m28.044s
Running time g16 < BLYP_step_1451_chromophore_9.com > BLYP_step_1451_chromophore_9.log

real	13m12.420s
user	314m1.113s
sys	0m34.603s
Running time g16 < ZINDO_step_1451_chromophore_9.com > ZINDO_step_1451_chromophore_9.log

real	0m8.133s
user	3m0.175s
sys	0m3.041s
