 
        ______________________________________
       |                                      |
       |          ===================         |
       |             xTB for sTDA             |
       |          ===================         |
       |               S. Grimme              |
       |        Universitaet Bonn, MCTC       |
       |         2015-19, Version 1.0         |
       |     Wed Apr  3 09:14:55 CEST 2019    |
       |______________________________________|
 
        This code comes without any warranty
        for non-commercial, academia use only.
        Preliminary test version.
        Cite this work as:
        S. Grimme  &  C. Bannwarth, JCP 145 (2016) 054103
        if GBSA is used additionally:
        P. Shushkov, F. März, C. Bannwarth, S. Grimme, unpublished.
 
        with help from
        P. Shushkov, G. Brandenburg, S. Dohm, J. Pisarek,
        F. März, M. Checinski, S. Ehrlich, S. Spicher, 
        P. Pracht, E. Caldeweyher, S. Ehlert, and C. Bannwarth.
 
        usage        :
        xtb4stda <coord_file> [options]
        where <coord_file> is a valid file of TM)
        (*coord, Bohr) or xmol (*xyz, Angstroem)
        format.

        options:
        -chrg <int>   : molecular charge
        -uhf  <int>   : # of unpaired electrons(=2*S)
        -nox          : skip second, extended part in sTDA-xTB
        -pop          : do population analysis
                      : (default for -nox)
        -mowr <real>  : cut MO write above (def.3 Eh)
        -molden       : write formatted molden file
        -parx <file>  : read parameters for sTDA-xTB
                        calc (def:~/.param_stda2.xtb)
        -parv <file>  : read parameters for vTB part in
                        sTDA-xTB (def: ~/.param_stda1.xtb)
        -xtemp <real> : el. temp for xTB (def. 0 K)
        -etemp <real> : el. temp for GFN (def. 300 K)
        -fod          : calculate the FOD and write
                        molden.input file with
                        appropriate occupations
                        for plotting. Def. T=12500 K
 
        -acc <real>   : xTB accuracy (def. 1.0)
        -gbsa [string1] [string2]
                        use GBSA implicit solvent
                        for solvent [string1] and
                        solvation state [string2]=
                        reference, bar1M (default=1M)
        additional GFN/opt/MD/siman options read from
        $XTB4STDAHOME/.xtb4stdarc or $set in input
 
       spin and charge state information can be on:
       <.CHRG> (charge) and <.UHF> (=nalpha-nbeta)
       -uhf and -chrg override the file info.
       useful machine settings:
       setenv MKL_NUM_THREADS <NCORE_ON_YOUR_MACHINE>
       setenv OMP_STACKSIZE 500m
       limit stacksize unlimited
 
       total energies in Eh, gaps/HL energies in eV
       please read REVISION and HOWTO files carefully
 =============================
  # OMP threads =           4
 =============================
 
 xtb4stdahome directory:~/
 
 
 name of molecule           :
 comment line               :
 number of atoms            :   140
 number of electrons        :   352
 charge                     :  0
 spin                       : 0.0
 first test random number   :  0.2150
 
 -----------------------------------------
      charge density (VTB) calculation
 -----------------------------------------
 
      method parameters     
 k(s)        :  1.8000
 k(p)        :  2.8350
 k(d)        :  2.0860
 k(f)        :  2.0000
 Tscal       :  0.3300
 Gscal       :  0.3910
 fpol        :  1.0000
 Zcnf        :  0.6500
 Zqf         :  0.0000
 kcn         :  0.3000
 kEN1        : -0.5900
 wllscal     :  2.6000
 
     -------------------------
     ! NO SOLVENT MODEL USED !
     -------------------------
 
 doing EN charges ...
 sum q : -0.4440892D-15
 point charge moment (au)
     X       Y       Z   
   0.4469   0.5976   0.3251  total (Debye):    2.069
 
            Z      q(EN)   CN      Cart. coordinates
     1  MG  2.0   0.919   4.786    88.18217    65.60562    52.56651
     2  C   4.0   0.019   3.244    85.42317    61.87908    57.46090
     3  C   4.0  -0.059   3.148    88.18595    70.60394    56.80516
     4  C   4.0  -0.059   3.195    89.72419    69.37940    47.80629
     5  C   4.0  -0.055   3.167    86.90661    60.82083    48.19368
     6  N   5.0  -0.337   3.113    86.92361    66.11395    56.60296
     7  C   4.0   0.089   3.319    86.45874    64.15809    58.31127
     8  C   4.0  -0.093   4.135    86.55701    65.20121    61.05138
     9  C   4.0  -0.099   4.157    86.82535    68.14352    60.60918
    10  C   4.0   0.094   3.327    87.36959    68.35139    57.84262
    11  C   4.0  -0.237   4.032    84.58602    69.74412    61.56727
    12  C   4.0  -0.161   4.052    88.98908    64.11084    62.45733
    13  C   4.0  -0.166   4.019    88.88137    63.57983    65.29570
    14  C   4.0   0.169   3.053    86.90472    65.33916    66.83394
    15  O   6.0  -0.100   1.033    84.59736    65.27869    66.95110
    16  O   6.0  -0.110   2.027    88.30689    67.22511    68.02069
    17  N   5.0  -0.436   3.202    89.21585    69.31515    52.37186
    18  C   4.0   0.057   3.386    89.00420    71.16330    54.32773
    19  C   4.0   0.014   3.169    89.96418    73.65018    53.37909
    20  C   4.0   0.001   3.277    90.46307    73.09649    50.71835
    21  C   4.0   0.082   3.407    89.79978    70.50190    50.16844
    22  C   4.0  -0.247   4.014    90.63126    75.83848    55.12331
    23  C   4.0   0.109   3.040    91.50053    74.93519    48.72469
    24  O   6.0  -0.102   1.049    91.84446    74.46087    46.48348
    25  C   4.0  -0.247   4.027    92.14115    77.61482    49.67712
    26  N   5.0  -0.429   3.179    88.12548    65.23523    48.57163
    27  C   4.0   0.107   3.434    88.83224    67.06259    46.99182
    28  C   4.0  -0.096   4.178    88.80011    66.14797    44.27250
    29  C   4.0  -0.094   4.158    88.34469    63.25669    44.41423
    30  C   4.0   0.093   3.447    87.73809    63.05449    47.28850
    31  C   4.0  -0.238   4.050    86.60047    67.53314    42.88166
    32  C   4.0  -0.162   4.024    90.51031    61.56349    43.35409
    33  C   4.0  -0.237   3.997    92.95751    61.39720    45.07563
    34  N   5.0  -0.430   3.248    86.49843    62.05104    52.72713
    35  C   4.0   0.078   3.408    86.21119    60.44477    50.70513
    36  C   4.0   0.015   3.231    85.21530    58.06750    51.69723
    37  C   4.0   0.004   3.372    84.65216    58.64009    54.38442
    38  C   4.0   0.076   3.590    85.50632    61.11941    54.90788
    39  C   4.0  -0.247   4.016    84.66728    55.60897    50.40844
    40  C   4.0   0.115   3.168    83.59392    57.64420    56.75414
    41  O   6.0  -0.106   1.041    82.61504    55.61274    57.09429
    42  C   4.0  -0.115   4.212    83.80935    59.87786    58.74780
    43  C   4.0   0.179   3.114    84.55957    59.15598    61.37452
    44  O   6.0  -0.109   1.042    86.51921    58.29238    62.14742
    45  O   6.0  -0.104   2.028    82.43740    59.66999    62.89008
    46  C   4.0  -0.201   4.021    82.92117    59.42999    65.65475
    47  C   4.0  -0.135   4.042    86.95196    69.18665    69.47766
    48  C   4.0  -0.057   3.100    88.55067    71.34849    70.50379
    49  C   4.0   0.023   3.069    88.19540    72.93586    72.43509
    50  C   4.0  -0.253   4.068    85.70474    73.52924    73.54058
    51  C   4.0  -0.177   4.074    90.23441    74.68197    73.33271
    52  C   4.0  -0.161   4.005    90.09079    77.54868    72.28202
    53  C   4.0  -0.161   4.006    92.53232    79.16629    72.95098
    54  C   4.0  -0.088   4.017    92.69484    81.80813    71.33715
    55  C   4.0  -0.237   4.009    93.83056    81.50766    68.58949
    56  C   4.0  -0.163   4.042    93.94395    84.06257    72.86405
    57  C   4.0  -0.163   4.033    92.34146    84.72775    75.09204
    58  C   4.0  -0.165   4.063    91.67816    87.67950    75.51534
    59  C   4.0  -0.089   4.053    88.94751    88.52610    74.92007
    60  C   4.0  -0.240   4.058    88.82279    91.32668    74.54402
    61  C   4.0  -0.164   4.078    87.00487    87.57746    76.86271
    62  C   4.0  -0.161   4.023    84.50665    86.49465    75.67219
    63  C   4.0  -0.165   4.076    82.36748    88.53177    76.18808
    64  C   4.0  -0.088   4.016    79.81824    87.86092    74.82748
    65  C   4.0  -0.239   4.042    79.91273    88.94940    72.13084
    66  C   4.0  -0.238   4.031    77.58837    89.06845    76.38839
    67  H   1.0   0.071   1.007    88.15194    72.13273    58.19033
    68  H   1.0   0.072   1.010    90.06056    70.58315    46.16223
    69  H   1.0   0.071   1.006    86.65338    59.21456    46.92190
    70  H   1.0   0.085   1.009    84.63894    64.87051    61.72412
    71  H   1.0   0.085   1.010    88.48642    68.77280    61.65042
    72  H   1.0   0.080   1.000    85.47041    71.41085    62.39497
    73  H   1.0   0.080   0.998    83.30857    68.76146    62.85229
    74  H   1.0   0.081   1.000    83.44463    70.30536    59.94778
    75  H   1.0   0.082   1.006    90.54244    65.46011    62.34395
    76  H   1.0   0.083   1.006    89.35191    62.29860    61.55026
    77  H   1.0   0.082   1.004    90.71440    64.09572    66.07805
    78  H   1.0   0.081   1.001    88.55256    61.63152    65.87963
    79  H   1.0   0.080   0.998    92.43406    76.73043    54.68300
    80  H   1.0   0.080   1.000    90.58023    75.13172    57.05839
    81  H   1.0   0.080   0.999    89.17806    77.29546    55.02504
    82  H   1.0   0.080   0.997    93.63781    77.80191    51.08118
    83  H   1.0   0.080   0.999    90.42339    78.42930    50.47080
    84  H   1.0   0.080   0.998    92.81767    78.78456    48.12376
    85  H   1.0   0.085   1.007    90.48386    66.43898    43.12166
    86  H   1.0   0.085   1.008    86.72330    62.80693    43.22559
    87  H   1.0   0.080   0.998    86.51732    69.55703    43.25961
    88  H   1.0   0.081   0.998    84.75988    66.78480    43.42590
    89  H   1.0   0.081   0.999    87.05778    67.47078    40.87477
    90  H   1.0   0.081   1.002    91.07723    62.27214    41.50405
    91  H   1.0   0.082   1.004    89.60136    59.72479    43.17646
    92  H   1.0   0.079   0.998    94.57511    61.50680    43.80385
    93  H   1.0   0.079   0.998    93.12569    59.46401    45.76916
    94  H   1.0   0.081   1.001    92.85357    63.06204    46.28128
    95  H   1.0   0.080   0.999    82.68307    55.13275    50.68056
    96  H   1.0   0.080   1.000    85.92584    54.20868    51.24748
    97  H   1.0   0.081   1.002    85.10192    55.98124    48.42990
    98  H   1.0   0.086   1.015    82.01789    60.83973    59.08039
    99  H   1.0   0.080   0.995    81.99899    57.73302    66.37473
   100  H   1.0   0.081   0.997    81.95930    61.09862    66.38418
   101  H   1.0   0.080   0.996    84.82602    59.40354    66.43898
   102  H   1.0   0.082   0.999    85.66506    68.30036    70.81937
   103  H   1.0   0.083   1.007    85.86537    70.23355    68.07738
   104  H   1.0   0.071   1.006    90.44039    71.38440    69.68553
   105  H   1.0   0.081   0.999    85.03389    75.43408    73.13428
   106  H   1.0   0.081   0.999    85.63860    73.17775    75.56825
   107  H   1.0   0.081   1.001    84.30256    72.19509    72.83193
   108  H   1.0   0.082   1.001    92.11469    73.84671    73.23066
   109  H   1.0   0.083   1.006    89.95473    74.97866    75.35093
   110  H   1.0   0.081   1.001    88.40327    78.38583    73.11917
   111  H   1.0   0.081   1.001    89.79978    77.67341    70.24678
   112  H   1.0   0.081   1.002    94.24063    78.14395    72.41808
   113  H   1.0   0.081   1.001    92.68350    79.72943    74.92574
   114  H   1.0   0.083   1.008    90.72385    82.28812    70.97622
   115  H   1.0   0.080   0.999    92.25831    81.80813    67.29314
   116  H   1.0   0.080   0.996    94.75275    79.75021    68.03958
   117  H   1.0   0.080   0.998    95.20439    82.99487    68.20210
   118  H   1.0   0.082   1.003    94.17071    85.71041    71.65085
   119  H   1.0   0.082   1.005    95.77698    83.21597    73.27979
   120  H   1.0   0.082   1.006    93.49986    84.07202    76.66240
   121  H   1.0   0.082   1.005    90.45740    83.89249    75.10338
   122  H   1.0   0.082   1.000    93.17861    88.90027    74.80858
   123  H   1.0   0.082   1.004    91.92005    88.10847    77.51467
   124  H   1.0   0.084   1.013    88.73208    87.63226    73.07570
   125  H   1.0   0.080   0.998    89.11192    91.85769    72.57493
   126  H   1.0   0.082   1.004    90.48764    91.97107    75.57203
   127  H   1.0   0.081   0.999    87.07101    92.17516    75.21298
   128  H   1.0   0.083   1.004    86.84614    89.14404    78.18930
   129  H   1.0   0.083   1.006    87.98753    85.99765    77.74899
   130  H   1.0   0.081   1.002    83.95863    84.78633    76.68697
   131  H   1.0   0.081   1.001    84.73531    86.16772    73.65018
   132  H   1.0   0.082   1.003    83.05723    90.36858    75.55880
   133  H   1.0   0.082   1.003    82.03111    88.48075    78.21954
   134  H   1.0   0.082   1.006    79.63683    85.81246    74.95409
   135  H   1.0   0.081   1.002    81.85915    88.60169    71.55258
   136  H   1.0   0.080   0.997    79.49321    90.94495    71.83793
   137  H   1.0   0.081   0.999    78.82992    87.70029    70.90441
   138  H   1.0   0.080   0.999    78.37827    90.41016    77.73766
   139  H   1.0   0.080   0.998    76.53390    87.52077    77.24444
   140  H   1.0   0.080   0.998    76.25611    89.94907    75.08637
 
  Z AO/shell   Hii/eV     exponent
  1     Sat Feb 20 21:38:01 CET 2016    EN: 2.327 GAM: 0.473  GM3: 0.0000
     1s    -13.751157    1.051071
  6     Sat Feb 20 21:38:01 CET 2016    EN: 2.731 GAM: 0.422  GM3: 0.0000
     2s    -19.378245    2.021003
     2p    -11.993376    1.497917
  7     Sat Feb 20 21:38:01 CET 2016    EN: 3.573 GAM: 0.504  GM3: 0.0000
     2s    -21.576984    2.275442
     2p    -16.125120    2.056788
  8     Sat Feb 20 21:38:01 CET 2016    EN: 3.700 GAM: 0.587  GM3: 0.0000
     2s    -21.648843    2.110798
     2p    -17.239740    2.329048
 12     Sat Feb 20 23:25:47 CET 2016    EN: 0.033 GAM: 0.222  GM3: 0.0000
     3s    -12.693633    1.302878
     3p     -8.128821    0.504252
 
 dipole moment of classical point charges (au)
     X       Y       Z   
   0.4469   0.5976   0.3251  total (Debye):    2.069

 
 Nbf   :          338
 T(el) :   300.0
 calculating S/T integrals ...
 cpu time for ints   0.154166000000000     
 Nao   :          338
 making H0...
 making H1...
 cpu time for H      5.565000000000014E-003
 solving ...
 cpu time for diag   6.323200000000001E-002
 
 gap (eV)           :   1.392
 Koopmans IP (eV)   :  12.269
 Eel (Eh)           :  -268.322832
 T,E(Fermi),NFOD :    300.000   -11.572  0.000000
 T,E(Fermi),NFOD :    300.000   -11.572  0.000000
 Nfod               :  0.0000
 Nfod/Nel           :  0.0000

          eigenvalues
 #    :         164        165        166        167        168        169        170        171
 occ. :        2.000      2.000      2.000      2.000      2.000      2.000      2.000      2.000
 eps  :       -16.339    -16.234    -15.938    -15.886    -15.640    -15.580    -15.430    -14.862
 #    :         172        173        174        175        176        177        178        179
 occ. :        2.000      2.000      2.000      2.000      2.000      0.000      0.000      0.000
 eps  :       -14.733    -14.717    -14.574    -13.259    -12.270    -10.877     -9.746     -8.770
 #    :         180        181        182        183        184        185        186        187
 occ. :        0.000      0.000      0.000      0.000      0.000      0.000      0.000      0.000
 eps  :        -8.291     -8.219     -8.112     -7.806     -7.618     -7.394     -7.161     -6.935
                            1  SCC done.
 making H1...
 cpu time for H      7.652700000000001E-002
 solving ...
 cpu time for diag   3.746400000000000E-002
 
 gap (eV)           :   1.641
 Koopmans IP (eV)   :  12.125
 Eel (Eh)           :  -265.493417
 T,E(Fermi),NFOD :    300.000   -11.304  0.000000
 T,E(Fermi),NFOD :    300.000   -11.304  0.000000
 Nfod               :  0.0000
 Nfod/Nel           :  0.0000

          eigenvalues
 #    :         164        165        166        167        168        169        170        171
 occ. :        2.000      2.000      2.000      2.000      2.000      2.000      2.000      2.000
 eps  :       -15.185    -15.135    -15.086    -14.826    -14.619    -14.589    -14.513    -14.280
 #    :         172        173        174        175        176        177        178        179
 occ. :        2.000      2.000      2.000      2.000      2.000      0.000      0.000      0.000
 eps  :       -14.050    -14.013    -13.528    -12.639    -12.126    -10.485     -9.060     -8.360
 #    :         180        181        182        183        184        185        186        187
 occ. :        0.000      0.000      0.000      0.000      0.000      0.000      0.000      0.000
 eps  :        -8.256     -8.059     -7.900     -7.730     -7.381     -7.376     -6.987     -6.826
                            2  SCC done.
 
 
 Mulliken/CM5 charges    n(s)   n(p)   n(d)   
    1 MG  0.2857  0.7491   0.679  1.035  0.000
    2 C   0.0325  0.0350   1.177  2.790  0.000
    3 C  -0.0232 -0.0661   1.120  2.903  0.000
    4 C  -0.0328 -0.0728   1.117  2.916  0.000
    5 C  -0.0208 -0.0627   1.119  2.902  0.000
    6 N  -0.1371 -0.3748   1.424  3.714  0.000
    7 C   0.0190  0.0755   1.245  2.736  0.000
    8 C  -0.0295 -0.0831   1.214  2.815  0.000
    9 C  -0.0264 -0.0847   1.193  2.834  0.000
   10 C   0.0309  0.0866   1.215  2.754  0.000
   11 C  -0.0891 -0.2375   1.106  2.983  0.000
   12 C  -0.0333 -0.1380   1.157  2.876  0.000
   13 C  -0.0549 -0.1566   1.157  2.898  0.000
   14 C   0.1910  0.2398   1.220  2.589  0.000
   15 O  -0.2571 -0.3086   1.628  4.629  0.000
   16 O  -0.1668 -0.2434   1.484  4.683  0.000
   17 N  -0.2154 -0.4999   1.385  3.831  0.000
   18 C  -0.0066  0.0455   1.217  2.790  0.000
   19 C  -0.0486 -0.0547   1.239  2.810  0.000
   20 C  -0.0651 -0.0591   1.215  2.850  0.000
   21 C   0.0555  0.1191   1.183  2.762  0.000
   22 C  -0.0607 -0.2057   1.081  2.980  0.000
   23 C   0.1399  0.1649   1.216  2.644  0.000
   24 O  -0.2310 -0.2827   1.625  4.606  0.000
   25 C  -0.1081 -0.2506   1.102  3.006  0.000
   26 N  -0.1799 -0.4627   1.404  3.775  0.000
   27 C   0.0540  0.1169   1.216  2.730  0.000
   28 C  -0.0206 -0.0777   1.190  2.830  0.000
   29 C  -0.0386 -0.0963   1.207  2.831  0.000
   30 C   0.0491  0.1097   1.206  2.745  0.000
   31 C  -0.0975 -0.2459   1.107  2.991  0.000
   32 C  -0.0591 -0.1700   1.159  2.900  0.000
   33 C  -0.0940 -0.2437   1.096  2.998  0.000
   34 N  -0.2104 -0.4920   1.363  3.848  0.000
   35 C   0.0438  0.1044   1.187  2.770  0.000
   36 C  -0.0159 -0.0217   1.233  2.783  0.000
   37 C  -0.0821 -0.0737   1.203  2.879  0.000
   38 C   0.0266  0.0938   1.190  2.783  0.000
   39 C  -0.0596 -0.2033   1.080  2.979  0.000
   40 C   0.1544  0.1890   1.201  2.644  0.000
   41 O  -0.2153 -0.2581   1.627  4.589  0.000
   42 C  -0.0397 -0.0820   1.207  2.833  0.000
   43 C   0.2309  0.2834   1.182  2.587  0.000
   44 O  -0.2489 -0.2991   1.625  4.624  0.000
   45 O  -0.1669 -0.2495   1.515  4.652  0.000
   46 C  -0.0014 -0.1258   1.098  2.903  0.000
   47 C   0.0505 -0.0298   1.127  2.822  0.000
   48 C  -0.0524 -0.1096   1.163  2.889  0.000
   49 C  -0.0007 -0.0251   1.195  2.805  0.000
   50 C  -0.0931 -0.2390   1.078  3.015  0.000
   51 C  -0.0621 -0.1671   1.146  2.916  0.000
   52 C  -0.0687 -0.1780   1.170  2.899  0.000
   53 C  -0.0766 -0.1851   1.170  2.907  0.000
   54 C  -0.0532 -0.1260   1.239  2.815  0.000
   55 C  -0.1091 -0.2590   1.106  3.004  0.000
   56 C  -0.0482 -0.1587   1.147  2.902  0.000
   57 C  -0.0531 -0.1649   1.146  2.907  0.000
   58 C  -0.0941 -0.2071   1.175  2.920  0.000
   59 C  -0.0246 -0.1016   1.189  2.835  0.000
   60 C  -0.0975 -0.2487   1.097  3.000  0.000
   61 C  -0.0648 -0.1750   1.156  2.909  0.000
   62 C  -0.0580 -0.1689   1.160  2.897  0.000
   63 C  -0.0845 -0.1955   1.169  2.915  0.000
   64 C  -0.0226 -0.0978   1.203  2.819  0.000
   65 C  -0.0998 -0.2496   1.100  3.000  0.000
   66 C  -0.1047 -0.2542   1.106  2.999  0.000
   67 H   0.0557  0.1152   0.944  0.000  0.000
   68 H   0.0568  0.1236   0.943  0.000  0.000
   69 H   0.0650  0.1239   0.935  0.000  0.000
   70 H   0.0586  0.1242   0.941  0.000  0.000
   71 H   0.0444  0.1072   0.956  0.000  0.000
   72 H   0.0379  0.0907   0.962  0.000  0.000
   73 H   0.0458  0.0991   0.954  0.000  0.000
   74 H   0.0322  0.0860   0.968  0.000  0.000
   75 H   0.0503  0.1085   0.950  0.000  0.000
   76 H   0.0558  0.1171   0.944  0.000  0.000
   77 H   0.0430  0.1043   0.957  0.000  0.000
   78 H   0.0476  0.1055   0.952  0.000  0.000
   79 H   0.0580  0.1106   0.942  0.000  0.000
   80 H   0.0519  0.1055   0.948  0.000  0.000
   81 H   0.0494  0.1014   0.951  0.000  0.000
   82 H   0.0458  0.0982   0.954  0.000  0.000
   83 H   0.0415  0.0955   0.958  0.000  0.000
   84 H   0.0385  0.0935   0.961  0.000  0.000
   85 H   0.0485  0.1092   0.951  0.000  0.000
   86 H   0.0501  0.1113   0.950  0.000  0.000
   87 H   0.0365  0.0889   0.964  0.000  0.000
   88 H   0.0376  0.0907   0.962  0.000  0.000
   89 H   0.0341  0.0862   0.966  0.000  0.000
   90 H   0.0372  0.0924   0.963  0.000  0.000
   91 H   0.0368  0.0927   0.963  0.000  0.000
   92 H   0.0298  0.0811   0.970  0.000  0.000
   93 H   0.0432  0.0946   0.957  0.000  0.000
   94 H   0.0530  0.1090   0.947  0.000  0.000
   95 H   0.0550  0.1079   0.945  0.000  0.000
   96 H   0.0574  0.1102   0.943  0.000  0.000
   97 H   0.0470  0.1012   0.953  0.000  0.000
   98 H   0.0662  0.1388   0.934  0.000  0.000
   99 H   0.0462  0.1043   0.954  0.000  0.000
  100 H   0.0468  0.1103   0.953  0.000  0.000
  101 H   0.0621  0.1223   0.938  0.000  0.000
  102 H   0.0630  0.1275   0.937  0.000  0.000
  103 H   0.0548  0.1224   0.945  0.000  0.000
  104 H   0.0311  0.0907   0.969  0.000  0.000
  105 H   0.0465  0.0991   0.954  0.000  0.000
  106 H   0.0388  0.0912   0.961  0.000  0.000
  107 H   0.0320  0.0857   0.968  0.000  0.000
  108 H   0.0383  0.0936   0.962  0.000  0.000
  109 H   0.0381  0.0956   0.962  0.000  0.000
  110 H   0.0296  0.0848   0.970  0.000  0.000
  111 H   0.0282  0.0836   0.972  0.000  0.000
  112 H   0.0272  0.0829   0.973  0.000  0.000
  113 H   0.0359  0.0919   0.964  0.000  0.000
  114 H   0.0190  0.0792   0.981  0.000  0.000
  115 H   0.0323  0.0840   0.968  0.000  0.000
  116 H   0.0344  0.0853   0.966  0.000  0.000
  117 H   0.0294  0.0813   0.971  0.000  0.000
  118 H   0.0383  0.0948   0.962  0.000  0.000
  119 H   0.0386  0.0952   0.961  0.000  0.000
  120 H   0.0385  0.0948   0.961  0.000  0.000
  121 H   0.0433  0.1017   0.957  0.000  0.000
  122 H   0.0338  0.0889   0.966  0.000  0.000
  123 H   0.0169  0.0735   0.983  0.000  0.000
  124 H   0.0199  0.0815   0.980  0.000  0.000
  125 H   0.0323  0.0841   0.968  0.000  0.000
  126 H   0.0297  0.0847   0.970  0.000  0.000
  127 H   0.0411  0.0941   0.959  0.000  0.000
  128 H   0.0421  0.0996   0.958  0.000  0.000
  129 H   0.0362  0.0943   0.964  0.000  0.000
  130 H   0.0373  0.0923   0.963  0.000  0.000
  131 H   0.0391  0.0949   0.961  0.000  0.000
  132 H   0.0296  0.0867   0.970  0.000  0.000
  133 H   0.0308  0.0875   0.969  0.000  0.000
  134 H   0.0390  0.0975   0.961  0.000  0.000
  135 H   0.0318  0.0862   0.968  0.000  0.000
  136 H   0.0421  0.0935   0.958  0.000  0.000
  137 H   0.0317  0.0837   0.968  0.000  0.000
  138 H   0.0382  0.0910   0.962  0.000  0.000
  139 H   0.0334  0.0850   0.967  0.000  0.000
  140 H   0.0323  0.0847   0.968  0.000  0.000
 Hirshfeld charges for QMDFF written to <charges>
 
 Loewdin charges    n(s)   n(p)   n(d)
    1 MG  0.1228   0.690  1.187  0.000
    2 C   0.0366   1.136  2.828  0.000
    3 C  -0.0205   1.067  2.954  0.000
    4 C  -0.0315   1.063  2.969  0.000
    5 C  -0.0176   1.064  2.954  0.000
    6 N  -0.1064   1.383  3.723  0.000
    7 C   0.0196   1.210  2.770  0.000
    8 C  -0.0226   1.168  2.855  0.000
    9 C  -0.0194   1.145  2.875  0.000
   10 C   0.0370   1.176  2.787  0.000
   11 C  -0.0909   1.034  3.057  0.000
   12 C  -0.0264   1.098  2.929  0.000
   13 C  -0.0542   1.099  2.955  0.000
   14 C   0.1678   1.196  2.637  0.000
   15 O  -0.2412   1.598  4.643  0.000
   16 O  -0.1345   1.451  4.683  0.000
   17 N  -0.1834   1.343  3.840  0.000
   18 C  -0.0024   1.179  2.824  0.000
   19 C  -0.0392   1.200  2.840  0.000
   20 C  -0.0723   1.180  2.892  0.000
   21 C   0.0622   1.141  2.797  0.000
   22 C  -0.0615   1.006  3.055  0.000
   23 C   0.1364   1.182  2.682  0.000
   24 O  -0.2143   1.594  4.621  0.000
   25 C  -0.1155   1.031  3.085  0.000
   26 N  -0.1422   1.358  3.784  0.000
   27 C   0.0592   1.177  2.763  0.000
   28 C  -0.0123   1.142  2.870  0.000
   29 C  -0.0318   1.161  2.871  0.000
   30 C   0.0519   1.168  2.780  0.000
   31 C  -0.0997   1.036  3.064  0.000
   32 C  -0.0533   1.100  2.953  0.000
   33 C  -0.0941   1.023  3.071  0.000
   34 N  -0.1779   1.320  3.857  0.000
   35 C   0.0452   1.148  2.807  0.000
   36 C  -0.0082   1.194  2.814  0.000
   37 C  -0.0912   1.168  2.923  0.000
   38 C   0.0304   1.151  2.819  0.000
   39 C  -0.0588   1.004  3.055  0.000
   40 C   0.1466   1.168  2.685  0.000
   41 O  -0.1977   1.594  4.603  0.000
   42 C  -0.0413   1.160  2.881  0.000
   43 C   0.2078   1.156  2.636  0.000
   44 O  -0.2325   1.593  4.640  0.000
   45 O  -0.1362   1.484  4.652  0.000
   46 C  -0.0076   1.028  2.979  0.000
   47 C   0.0505   1.070  2.880  0.000
   48 C  -0.0505   1.114  2.937  0.000
   49 C   0.0099   1.152  2.838  0.000
   50 C  -0.0972   1.004  3.093  0.000
   51 C  -0.0590   1.087  2.972  0.000
   52 C  -0.0642   1.113  2.951  0.000
   53 C  -0.0725   1.113  2.959  0.000
   54 C  -0.0451   1.195  2.851  0.000
   55 C  -0.1125   1.035  3.078  0.000
   56 C  -0.0426   1.087  2.955  0.000
   57 C  -0.0478   1.087  2.961  0.000
   58 C  -0.0938   1.120  2.974  0.000
   59 C  -0.0142   1.140  2.874  0.000
   60 C  -0.1019   1.026  3.076  0.000
   61 C  -0.0621   1.099  2.963  0.000
   62 C  -0.0518   1.102  2.949  0.000
   63 C  -0.0827   1.114  2.969  0.000
   64 C  -0.0097   1.155  2.855  0.000
   65 C  -0.1034   1.029  3.074  0.000
   66 C  -0.1080   1.035  3.073  0.000
   67 H   0.0509   0.949  0.000  0.000
   68 H   0.0503   0.950  0.000  0.000
   69 H   0.0598   0.940  0.000  0.000
   70 H   0.0512   0.949  0.000  0.000
   71 H   0.0399   0.960  0.000  0.000
   72 H   0.0378   0.962  0.000  0.000
   73 H   0.0447   0.955  0.000  0.000
   74 H   0.0323   0.968  0.000  0.000
   75 H   0.0471   0.953  0.000  0.000
   76 H   0.0506   0.949  0.000  0.000
   77 H   0.0394   0.961  0.000  0.000
   78 H   0.0435   0.957  0.000  0.000
   79 H   0.0564   0.944  0.000  0.000
   80 H   0.0508   0.949  0.000  0.000
   81 H   0.0479   0.952  0.000  0.000
   82 H   0.0467   0.953  0.000  0.000
   83 H   0.0417   0.958  0.000  0.000
   84 H   0.0374   0.963  0.000  0.000
   85 H   0.0425   0.957  0.000  0.000
   86 H   0.0443   0.956  0.000  0.000
   87 H   0.0368   0.963  0.000  0.000
   88 H   0.0374   0.963  0.000  0.000
   89 H   0.0340   0.966  0.000  0.000
   90 H   0.0347   0.965  0.000  0.000
   91 H   0.0343   0.966  0.000  0.000
   92 H   0.0303   0.970  0.000  0.000
   93 H   0.0425   0.958  0.000  0.000
   94 H   0.0534   0.947  0.000  0.000
   95 H   0.0523   0.948  0.000  0.000
   96 H   0.0548   0.945  0.000  0.000
   97 H   0.0468   0.953  0.000  0.000
   98 H   0.0576   0.942  0.000  0.000
   99 H   0.0430   0.957  0.000  0.000
  100 H   0.0430   0.957  0.000  0.000
  101 H   0.0583   0.942  0.000  0.000
  102 H   0.0550   0.945  0.000  0.000
  103 H   0.0480   0.952  0.000  0.000
  104 H   0.0245   0.976  0.000  0.000
  105 H   0.0457   0.954  0.000  0.000
  106 H   0.0387   0.961  0.000  0.000
  107 H   0.0325   0.968  0.000  0.000
  108 H   0.0350   0.965  0.000  0.000
  109 H   0.0354   0.965  0.000  0.000
  110 H   0.0273   0.973  0.000  0.000
  111 H   0.0253   0.975  0.000  0.000
  112 H   0.0248   0.975  0.000  0.000
  113 H   0.0331   0.967  0.000  0.000
  114 H   0.0153   0.985  0.000  0.000
  115 H   0.0325   0.967  0.000  0.000
  116 H   0.0348   0.965  0.000  0.000
  117 H   0.0305   0.970  0.000  0.000
  118 H   0.0352   0.965  0.000  0.000
  119 H   0.0352   0.965  0.000  0.000
  120 H   0.0355   0.965  0.000  0.000
  121 H   0.0409   0.959  0.000  0.000
  122 H   0.0326   0.967  0.000  0.000
  123 H   0.0167   0.983  0.000  0.000
  124 H   0.0160   0.984  0.000  0.000
  125 H   0.0322   0.968  0.000  0.000
  126 H   0.0308   0.969  0.000  0.000
  127 H   0.0414   0.959  0.000  0.000
  128 H   0.0395   0.960  0.000  0.000
  129 H   0.0341   0.966  0.000  0.000
  130 H   0.0341   0.966  0.000  0.000
  131 H   0.0363   0.964  0.000  0.000
  132 H   0.0278   0.972  0.000  0.000
  133 H   0.0288   0.971  0.000  0.000
  134 H   0.0335   0.966  0.000  0.000
  135 H   0.0330   0.967  0.000  0.000
  136 H   0.0415   0.958  0.000  0.000
  137 H   0.0317   0.968  0.000  0.000
  138 H   0.0381   0.962  0.000  0.000
  139 H   0.0334   0.967  0.000  0.000
  140 H   0.0328   0.967  0.000  0.000
 
 Wiberg/Mayer (AO) data. WBOs > 0.1 written file <wbo>
 largest (>0.05) Wiberg bond orders for each atom
           total WBO             WBO to atom ...
     1  MG  2.551    N   17 0.543    N   34 0.534    N   26 0.396    N    6 0.368    C   38 0.052    C   21 0.052    C   18 0.051    C   35 0.050
     2  C   3.897    C    7 1.412    C   38 1.226    C   42 0.938
     3  C   3.926    C   10 1.431    C   18 1.296    H   67 0.929
     4  C   3.924    C   27 1.411    C   21 1.291    H   68 0.927
     5  C   3.929    C   30 1.508    C   35 1.242    H   69 0.927
     6  N   3.321    C   10 1.246    C    7 1.217    MG   1 0.368    C   18 0.058
     7  C   3.852    C    2 1.412    N    6 1.217    C    8 0.927
     8  C   3.926    C    9 0.951    C   12 0.941    H   70 0.937    C    7 0.927
     9  C   3.941    C   11 0.964    C    8 0.951    C   10 0.951    H   71 0.940
    10  C   3.873    C    3 1.431    N    6 1.246    C    9 0.951
    11  C   3.968    H   74 0.980    H   72 0.979    H   73 0.974    C    9 0.964
    12  C   3.951    C   13 0.983    H   75 0.964    H   76 0.955    C    8 0.941
    13  C   3.955    C   12 0.983    H   77 0.968    H   78 0.960    C   14 0.887    O   15 0.092
    14  C   3.864    O   15 1.860    O   16 1.075    C   13 0.887
    15  O   2.166    C   14 1.860    O   16 0.167    C   13 0.092
    16  O   2.284    C   14 1.075    C   47 0.955    O   15 0.167
    17  N   3.313    C   21 1.192    C   18 1.108    MG   1 0.543    C   20 0.057    C   19 0.056
    18  C   3.861    C    3 1.296    C   19 1.181    N   17 1.108    N    6 0.058    MG   1 0.051
    19  C   3.845    C   20 1.385    C   18 1.181    C   22 0.994    N   17 0.056    O   24 0.056
    20  C   3.873    C   19 1.385    C   21 1.149    C   23 0.992    O   24 0.077    N   17 0.057
    21  C   3.891    C    4 1.291    N   17 1.192    C   20 1.149    MG   1 0.052    N   26 0.050
    22  C   3.977    C   19 0.994    H   80 0.972    H   79 0.965    H   81 0.965
    23  C   3.876    O   24 1.848    C   20 0.992    C   25 0.940
    24  O   2.173    C   23 1.848    C   25 0.082    C   20 0.077    C   19 0.056
    25  C   3.978    H   84 0.975    H   83 0.965    H   82 0.960    C   23 0.940    O   24 0.082
    26  N   3.338    C   27 1.265    C   30 1.201    MG   1 0.396    C   21 0.050
    27  C   3.871    C    4 1.411    N   26 1.265    C   28 0.935
    28  C   3.943    C   31 0.966    C   29 0.964    H   85 0.943    C   27 0.935
    29  C   3.933    C   28 0.964    C   32 0.958    H   86 0.939    C   30 0.909
    30  C   3.871    C    5 1.508    N   26 1.201    C   29 0.909    C   36 0.051
    31  C   3.968    H   89 0.980    H   88 0.978    H   87 0.976    C   28 0.966
    32  C   3.953    C   33 0.995    H   90 0.968    H   91 0.968    C   29 0.958
    33  C   3.980    C   32 0.995    H   92 0.988    H   93 0.985    H   94 0.974
    34  N   3.322    C   38 1.172    C   35 1.154    MG   1 0.534    C   37 0.065    C   36 0.052
    35  C   3.874    C    5 1.242    C   36 1.214    N   34 1.154    MG   1 0.050
    36  C   3.838    C   37 1.293    C   35 1.214    C   39 1.004    O   41 0.054    N   34 0.052    C   30 0.051
    37  C   3.894    C   36 1.293    C   38 1.208    C   40 1.058    O   41 0.074    N   34 0.065
    38  C   3.892    C    2 1.226    C   37 1.208    N   34 1.172    MG   1 0.052
    39  C   3.982    C   36 1.004    H   97 0.972    H   95 0.966    H   96 0.964
    40  C   3.887    O   41 1.853    C   37 1.058    C   42 0.828
    41  O   2.208    C   40 1.853    C   42 0.093    C   37 0.074    C   36 0.054
    42  C   3.927    C    2 0.938    C   43 0.925    H   98 0.922    C   40 0.828    O   41 0.093    O   44 0.071
    43  C   3.889    O   44 1.856    O   45 1.041    C   42 0.925
    44  O   2.170    C   43 1.856    O   45 0.168    C   42 0.071
    45  O   2.268    C   43 1.041    C   46 0.972    O   44 0.168
    46  C   3.943    H  100 0.989    H   99 0.988    H  101 0.975    O   45 0.972
    47  C   3.936    C   48 0.990    H  102 0.959    H  103 0.955    O   16 0.955
    48  C   3.951    C   49 1.859    C   47 0.990    H  104 0.941
    49  C   3.932    C   48 1.859    C   50 0.996    C   51 0.987
    50  C   3.987    C   49 0.996    H  107 0.974    H  106 0.969    H  105 0.967
    51  C   3.958    C   49 0.987    H  109 0.964    H  108 0.964    C   52 0.933
    52  C   3.952    C   53 0.983    H  110 0.975    H  111 0.973    C   51 0.933
    53  C   3.955    C   52 0.983    H  112 0.974    H  113 0.970    C   54 0.947
    54  C   3.910    C   55 0.976    H  114 0.964    C   56 0.956    C   53 0.947
    55  C   3.977    H  115 0.984    H  117 0.981    H  116 0.979    C   54 0.976
    56  C   3.963    C   57 1.008    H  119 0.968    H  118 0.960    C   54 0.956
    57  C   3.968    C   56 1.008    H  120 0.968    H  121 0.962    C   58 0.957
    58  C   3.941    H  123 0.968    C   59 0.967    H  122 0.958    C   57 0.957
    59  C   3.946    C   60 0.997    C   61 0.976    C   58 0.967    H  124 0.953
    60  C   3.983    C   59 0.997    H  125 0.979    H  126 0.976    H  127 0.971
    61  C   3.963    C   62 0.977    C   59 0.976    H  129 0.962    H  128 0.962
    62  C   3.964    C   63 0.981    C   61 0.977    H  130 0.972    H  131 0.967
    63  C   3.961    C   62 0.981    C   64 0.970    H  132 0.968    H  133 0.968
    64  C   3.942    C   65 0.993    C   66 0.980    C   63 0.970    H  134 0.958
    65  C   3.981    C   64 0.993    H  137 0.979    H  136 0.978    H  135 0.976
    66  C   3.982    H  139 0.984    H  140 0.980    C   64 0.980    H  138 0.980
    67  H   0.994    C    3 0.929
    68  H   0.994    C    4 0.927
    69  H   0.992    C    5 0.927
    70  H   0.994    C    8 0.937
    71  H   0.996    C    9 0.940
    72  H   0.997    C   11 0.979
    73  H   0.996    C   11 0.974
    74  H   0.998    C   11 0.980
    75  H   0.995    C   12 0.964
    76  H   0.996    C   12 0.955
    77  H   0.997    C   13 0.968
    78  H   0.997    C   13 0.960
    79  H   0.993    C   22 0.965
    80  H   0.994    C   22 0.972
    81  H   0.993    C   22 0.965
    82  H   0.997    C   25 0.960
    83  H   0.998    C   25 0.965
    84  H   0.996    C   25 0.975
    85  H   0.995    C   28 0.943
    86  H   0.995    C   29 0.939
    87  H   0.996    C   31 0.976
    88  H   0.998    C   31 0.978
    89  H   0.997    C   31 0.980
    90  H   0.996    C   32 0.968
    91  H   0.997    C   32 0.968
    92  H   0.999    C   33 0.988
    93  H   0.997    C   33 0.985
    94  H   0.997    C   33 0.974
    95  H   0.993    C   39 0.966
    96  H   0.993    C   39 0.964
    97  H   0.995    C   39 0.972
    98  H   0.991    C   42 0.922
    99  H   0.998    C   46 0.988
   100  H   0.998    C   46 0.989
   101  H   0.996    C   46 0.975
   102  H   0.996    C   47 0.959
   103  H   0.996    C   47 0.955
   104  H   0.999    C   48 0.941
   105  H   0.998    C   50 0.967
   106  H   0.998    C   50 0.969
   107  H   0.998    C   50 0.974
   108  H   0.998    C   51 0.964
   109  H   0.997    C   51 0.964
   110  H   0.999    C   52 0.975
   111  H   0.999    C   52 0.973
   112  H   0.999    C   53 0.974
   113  H   0.998    C   53 0.970
   114  H   1.000    C   54 0.964
   115  H   0.998    C   55 0.984
   116  H   0.998    C   55 0.979
   117  H   0.999    C   55 0.981
   118  H   0.997    C   56 0.960
   119  H   0.998    C   56 0.968
   120  H   0.998    C   57 0.968
   121  H   0.998    C   57 0.962
   122  H   0.998    C   58 0.958
   123  H   0.999    C   58 0.968
   124  H   1.000    C   59 0.953
   125  H   0.999    C   60 0.979
   126  H   0.999    C   60 0.976
   127  H   0.997    C   60 0.971
   128  H   0.998    C   61 0.962
   129  H   0.998    C   61 0.962
   130  H   0.998    C   62 0.972
   131  H   0.998    C   62 0.967
   132  H   0.999    C   63 0.968
   133  H   0.999    C   63 0.968
   134  H   0.998    C   64 0.958
   135  H   0.999    C   65 0.976
   136  H   0.998    C   65 0.978
   137  H   0.999    C   65 0.979
   138  H   0.999    C   66 0.980
   139  H   0.999    C   66 0.984
   140  H   0.998    C   66 0.980
 
 --------------------------------------------
          xTB calculation for sTDA...
 --------------------------------------------
 
 reading parameter file ~/.param_stda2.xtb
 
      method parameters     
 k(s)        :  1.6000
 k(p)        :  2.1800
 k(d)        :  1.9500
 k(f)        :  2.0000
 k(R-V)      :  2.2750
 k(R-R)      :  1.7650
 Tscal       :  0.2580
 Gscal       :  1.0000
 fpol        :  1.0000
 Zcnf        :  0.3430
 Zqf         :  0.0000
 kcn         :  2.7000
 Ryd Hsplit  :  0.7000
 lshift(virt):  3.1000
 lshift(OS)  :  0.2000
 wllscaling  :  2.6000
 
 mowrcut     : 3.000
 
  Z AO/shell   Hii/eV     exponent
  1     Sun Feb 14 09:53:25 CET 2016    EN: 2.327 GAM: 0.473  GM3: 0.0000
     1s    -14.339618    1.220000
     2sp    -3.348946    0.600000
  6     Sun Feb 14 09:53:25 CET 2016    EN: 2.731 GAM: 0.422  GM3: 0.0000
     2s    -22.009312    1.565095
     2p    -13.020408    1.596905
     3sp    -3.914040    0.824500
  7     Sun Feb 14 09:53:25 CET 2016    EN: 3.573 GAM: 0.504  GM3: 0.0000
     2s    -25.722000    2.064844
     2p    -18.684912    1.801692
     3sp    -4.344791    0.921400
  8     Sun Feb 14 09:53:25 CET 2016    EN: 3.700 GAM: 0.587  GM3: 0.0000
     2s    -33.859000    2.418661
     2p    -22.175911    1.973969
     3sp    -4.259392    1.013700
 12     Sun Feb 21 16:58:31 CET 2016    EN: 0.033 GAM: 0.222  GM3: 0.0000
     3s    -11.092543    1.647583
     3p     -6.929529    0.855020
 
 Nbf   :          894
 T(el) :     0.0
 calculating S/T integrals ...
 cpu time for ints    1.33821400000000     
 Nao   :          894
 making H0...
 making H1...
 cpu time for H      2.305999999999986E-002
 solving ...
 cpu time for diag   0.291291000000000     
 
 gap (eV)           :   4.716
 Koopmans IP (eV)   :  13.453
 Eel (Eh)           :  -301.237183

          eigenvalues
 #    :         164        165        166        167        168        169        170        171
 occ. :        2.000      2.000      2.000      2.000      2.000      2.000      2.000      2.000
 eps  :       -17.396    -17.389    -17.088    -16.468    -16.253    -16.137    -15.921    -15.758
 #    :         172        173        174        175        176        177        178        179
 occ. :        2.000      2.000      2.000      2.000      2.000      0.000      0.000      0.000
 eps  :       -15.598    -15.175    -14.992    -14.001    -13.455     -8.738     -6.945     -6.726
 #    :         180        181        182        183        184        185        186        187
 occ. :        0.000      0.000      0.000      0.000      0.000      0.000      0.000      0.000
 eps  :        -6.206     -6.139     -5.887     -5.698     -5.495     -5.297     -5.127     -5.079
                            1  SCC done.
 writing mo output ...
 molden style : F
 
speedup  0.90
cpu  time for all    2.15 s
wall time for all    2.40 s
