cpu-bind=MASK - bp1-compute159, task 4294967295 4294967295 [0]: mask 0xffffff00ffffff set
Host:    bp1-compute159.data.bp.acrc.priv
Time:    Thu May  5 09:57:42 BST 2022
Dir:     /user/home/of15641/chlorophyll_parameterization/tddft_data/step_851_chromophore_11
Job ID:  1692422
Nodelist:
cat: bp1-compute159: No such file or directory
  
Result dir: /user/home/of15641/chlorophyll_parameterization/tddft_data/step_851_chromophore_11
running gaussian jobs
Running time g16 < CAMB3LYP_step_851_chromophore_11.com > CAMB3LYP_step_851_chromophore_11.log

real	25m54.819s
user	610m39.930s
sys	0m24.558s
Running time g16 < PBE0_step_851_chromophore_11.com > PBE0_step_851_chromophore_11.log

real	19m54.846s
user	475m43.804s
sys	0m21.257s
Running time g16 < wB97XD_step_851_chromophore_11.com > wB97XD_step_851_chromophore_11.log

real	29m42.210s
user	700m11.656s
sys	0m27.616s
Running time g16 < BLYP_step_851_chromophore_11.com > BLYP_step_851_chromophore_11.log

real	12m55.677s
user	308m10.987s
sys	0m21.157s
Running time g16 < ZINDO_step_851_chromophore_11.com > ZINDO_step_851_chromophore_11.log

real	0m7.344s
user	2m41.890s
sys	0m2.584s
