cpu-bind=MASK - bp1-compute103, task 4294967295 4294967295 [0]: mask 0xffffffffffff set
Host:    bp1-compute103.data.bp.acrc.priv
Time:    Fri Apr 29 22:13:59 BST 2022
Dir:     /user/home/of15641/chlorophyll_parameterization/tddft_data/step_501_chromophore_4
Job ID:  1658804
Nodelist:
cat: bp1-compute103: No such file or directory
  
Result dir: /user/home/of15641/chlorophyll_parameterization/tddft_data/step_501_chromophore_4
running gaussian jobs
Running time g16 < CAMB3LYP_step_501_chromophore_4.com > CAMB3LYP_step_501_chromophore_4.log

real	28m59.740s
user	682m43.881s
sys	0m31.193s
Running time g16 < PBE0_step_501_chromophore_4.com > PBE0_step_501_chromophore_4.log

real	20m58.485s
user	501m5.962s
sys	0m26.433s
Running time g16 < wB97XD_step_501_chromophore_4.com > wB97XD_step_501_chromophore_4.log

real	28m42.631s
user	675m29.595s
sys	0m29.590s
Running time g16 < BLYP_step_501_chromophore_4.com > BLYP_step_501_chromophore_4.log

real	11m31.817s
user	275m0.876s
sys	0m22.425s
Running time g16 < ZINDO_step_501_chromophore_4.com > ZINDO_step_501_chromophore_4.log

real	0m6.490s
user	2m22.372s
sys	0m2.507s
