cpu-bind=MASK - bp1-compute179, task 4294967295 4294967295 [0]: mask 0x3fffffc03fffffc set
Host:    bp1-compute179.data.bp.acrc.priv
Time:    Thu May  5 07:22:26 BST 2022
Dir:     /user/home/of15641/chlorophyll_parameterization/tddft_data/step_751_chromophore_22
Job ID:  1692392
Nodelist:
cat: bp1-compute179: No such file or directory
  
Result dir: /user/home/of15641/chlorophyll_parameterization/tddft_data/step_751_chromophore_22
running gaussian jobs
Running time g16 < CAMB3LYP_step_751_chromophore_22.com > CAMB3LYP_step_751_chromophore_22.log

real	37m19.905s
user	883m37.699s
sys	0m53.280s
Running time g16 < PBE0_step_751_chromophore_22.com > PBE0_step_751_chromophore_22.log

real	21m36.267s
user	516m19.579s
sys	0m27.831s
Running time g16 < wB97XD_step_751_chromophore_22.com > wB97XD_step_751_chromophore_22.log

real	37m53.555s
user	896m32.672s
sys	0m49.333s
Running time g16 < BLYP_step_751_chromophore_22.com > BLYP_step_751_chromophore_22.log

real	17m26.337s
user	416m12.137s
sys	0m45.875s
Running time g16 < ZINDO_step_751_chromophore_22.com > ZINDO_step_751_chromophore_22.log

real	0m8.018s
user	2m58.595s
sys	0m2.592s
