cpu-bind=MASK - bp1-compute082, task 4294967295 4294967295 [0]: mask 0xffffffffffff set
Host:    bp1-compute082.data.bp.acrc.priv
Time:    Fri Apr 29 21:48:51 BST 2022
Dir:     /user/home/of15641/chlorophyll_parameterization/tddft_data/step_501_chromophore_22
Job ID:  1658796
Nodelist:
cat: bp1-compute082: No such file or directory
  
Result dir: /user/home/of15641/chlorophyll_parameterization/tddft_data/step_501_chromophore_22
running gaussian jobs
Running time g16 < CAMB3LYP_step_501_chromophore_22.com > CAMB3LYP_step_501_chromophore_22.log

real	25m35.991s
user	601m53.337s
sys	0m26.854s
Running time g16 < PBE0_step_501_chromophore_22.com > PBE0_step_501_chromophore_22.log

real	16m18.372s
user	389m14.659s
sys	0m21.563s
Running time g16 < wB97XD_step_501_chromophore_22.com > wB97XD_step_501_chromophore_22.log

real	26m43.620s
user	629m5.790s
sys	0m28.737s
Running time g16 < BLYP_step_501_chromophore_22.com > BLYP_step_501_chromophore_22.log

real	13m8.694s
user	313m43.817s
sys	0m25.160s
Running time g16 < ZINDO_step_501_chromophore_22.com > ZINDO_step_501_chromophore_22.log

real	0m7.395s
user	2m42.236s
sys	0m2.979s
