cpu-bind=MASK - bp1-compute058, task 4294967295 4294967295 [0]: mask 0xffffffffffff set
Host:    bp1-compute058.data.bp.acrc.priv
Time:    Wed May  4 03:05:43 BST 2022
Dir:     /user/home/of15641/chlorophyll_parameterization/tddft_data/step_1301_chromophore_9
Job ID:  1692087
Nodelist:
cat: bp1-compute058: No such file or directory
  
Result dir: /user/home/of15641/chlorophyll_parameterization/tddft_data/step_1301_chromophore_9
running gaussian jobs
Running time g16 < CAMB3LYP_step_1301_chromophore_9.com > CAMB3LYP_step_1301_chromophore_9.log

real	22m0.575s
user	517m6.681s
sys	0m24.265s
Running time g16 < PBE0_step_1301_chromophore_9.com > PBE0_step_1301_chromophore_9.log

real	19m3.057s
user	454m59.065s
sys	0m21.374s
Running time g16 < wB97XD_step_1301_chromophore_9.com > wB97XD_step_1301_chromophore_9.log

real	29m49.771s
user	702m4.180s
sys	0m30.993s
Running time g16 < BLYP_step_1301_chromophore_9.com > BLYP_step_1301_chromophore_9.log

real	12m10.883s
user	290m28.614s
sys	0m23.157s
Running time g16 < ZINDO_step_1301_chromophore_9.com > ZINDO_step_1301_chromophore_9.log

real	0m6.624s
user	2m25.598s
sys	0m2.522s
