 
        ______________________________________
       |                                      |
       |          ===================         |
       |             xTB for sTDA             |
       |          ===================         |
       |               S. Grimme              |
       |        Universitaet Bonn, MCTC       |
       |         2015-19, Version 1.0         |
       |     Wed Apr  3 09:14:55 CEST 2019    |
       |______________________________________|
 
        This code comes without any warranty
        for non-commercial, academia use only.
        Preliminary test version.
        Cite this work as:
        S. Grimme  &  C. Bannwarth, JCP 145 (2016) 054103
        if GBSA is used additionally:
        P. Shushkov, F. März, C. Bannwarth, S. Grimme, unpublished.
 
        with help from
        P. Shushkov, G. Brandenburg, S. Dohm, J. Pisarek,
        F. März, M. Checinski, S. Ehrlich, S. Spicher, 
        P. Pracht, E. Caldeweyher, S. Ehlert, and C. Bannwarth.
 
        usage        :
        xtb4stda <coord_file> [options]
        where <coord_file> is a valid file of TM)
        (*coord, Bohr) or xmol (*xyz, Angstroem)
        format.

        options:
        -chrg <int>   : molecular charge
        -uhf  <int>   : # of unpaired electrons(=2*S)
        -nox          : skip second, extended part in sTDA-xTB
        -pop          : do population analysis
                      : (default for -nox)
        -mowr <real>  : cut MO write above (def.3 Eh)
        -molden       : write formatted molden file
        -parx <file>  : read parameters for sTDA-xTB
                        calc (def:~/.param_stda2.xtb)
        -parv <file>  : read parameters for vTB part in
                        sTDA-xTB (def: ~/.param_stda1.xtb)
        -xtemp <real> : el. temp for xTB (def. 0 K)
        -etemp <real> : el. temp for GFN (def. 300 K)
        -fod          : calculate the FOD and write
                        molden.input file with
                        appropriate occupations
                        for plotting. Def. T=12500 K
 
        -acc <real>   : xTB accuracy (def. 1.0)
        -gbsa [string1] [string2]
                        use GBSA implicit solvent
                        for solvent [string1] and
                        solvation state [string2]=
                        reference, bar1M (default=1M)
        additional GFN/opt/MD/siman options read from
        $XTB4STDAHOME/.xtb4stdarc or $set in input
 
       spin and charge state information can be on:
       <.CHRG> (charge) and <.UHF> (=nalpha-nbeta)
       -uhf and -chrg override the file info.
       useful machine settings:
       setenv MKL_NUM_THREADS <NCORE_ON_YOUR_MACHINE>
       setenv OMP_STACKSIZE 500m
       limit stacksize unlimited
 
       total energies in Eh, gaps/HL energies in eV
       please read REVISION and HOWTO files carefully
 =============================
  # OMP threads =           4
 =============================
 
 xtb4stdahome directory:~/
 
 
 name of molecule           :
 comment line               :
 number of atoms            :   140
 number of electrons        :   352
 charge                     :  0
 spin                       : 0.0
 first test random number   :  0.8089
 
 -----------------------------------------
      charge density (VTB) calculation
 -----------------------------------------
 
      method parameters     
 k(s)        :  1.8000
 k(p)        :  2.8350
 k(d)        :  2.0860
 k(f)        :  2.0000
 Tscal       :  0.3300
 Gscal       :  0.3910
 fpol        :  1.0000
 Zcnf        :  0.6500
 Zqf         :  0.0000
 kcn         :  0.3000
 kEN1        : -0.5900
 wllscal     :  2.6000
 
     -------------------------
     ! NO SOLVENT MODEL USED !
     -------------------------
 
 doing EN charges ...
 sum q : -0.4440892D-14
 point charge moment (au)
     X       Y       Z   
  -0.0821   0.6291   0.6221  total (Debye):    2.258
 
            Z      q(EN)   CN      Cart. coordinates
     1  MG  2.0   0.921   4.702    15.82268     5.70697    52.12431
     2  C   4.0   0.021   3.299    18.26987     3.02167    57.87664
     3  C   4.0  -0.060   3.145    12.67061     9.95508    55.81684
     4  C   4.0  -0.057   3.167    13.10714     7.82536    46.80284
     5  C   4.0  -0.055   3.152    18.38892     0.75589    48.93823
     6  N   5.0  -0.322   3.081    15.60914     6.45152    56.55194
     7  C   4.0   0.109   3.314    16.86202     5.11360    58.36608
     8  C   4.0  -0.099   4.205    16.49353     6.46475    60.79059
     9  C   4.0  -0.095   4.168    14.49420     8.53967    60.22557
    10  C   4.0   0.100   3.266    14.05767     8.36015    57.32862
    11  C   4.0  -0.237   4.035    11.97708     8.07102    61.69388
    12  C   4.0  -0.163   4.095    18.85380     7.49087    62.01514
    13  C   4.0  -0.173   4.068    18.71396     8.50188    64.70044
    14  C   4.0   0.161   3.102    20.62636     7.57402    66.49190
    15  O   6.0  -0.085   1.039    22.91671     7.11293    66.07238
    16  O   6.0  -0.116   2.048    19.57945     7.40584    68.87673
    17  N   5.0  -0.459   3.219    13.44540     8.59636    51.40244
    18  C   4.0   0.056   3.418    12.15850    10.07035    53.24492
    19  C   4.0   0.014   3.222    10.75443    12.03189    51.84841
    20  C   4.0   0.002   3.287    10.77711    11.27788    49.32752
    21  C   4.0   0.083   3.441    12.42117     9.04045    49.10075
    22  C   4.0  -0.248   4.025     9.35225    14.11436    53.22224
    23  C   4.0   0.102   3.056     9.53178    12.52321    47.00126
    24  O   6.0  -0.094   1.054     9.30879    11.47631    44.90556
    25  C   4.0  -0.251   4.041     8.61337    15.13482    47.31307
    26  N   5.0  -0.445   3.171    15.62614     4.41629    48.33919
    27  C   4.0   0.112   3.479    14.46207     5.53690    46.44568
    28  C   4.0  -0.093   4.151    14.72852     4.10260    43.89833
    29  C   4.0  -0.097   4.197    16.77699     2.17885    44.58052
    30  C   4.0   0.100   3.499    17.01131     2.51334    47.40755
    31  C   4.0  -0.237   4.030    12.17928     2.83459    43.09142
    32  C   4.0  -0.164   4.065    19.29032     2.43964    43.24638
    33  C   4.0  -0.237   4.007    20.53376    -0.01890    42.31474
    34  N   5.0  -0.457   3.231    18.02421     2.67207    53.15799
    35  C   4.0   0.068   3.571    18.94450     0.80880    51.58952
    36  C   4.0   0.022   3.212    20.56211    -1.02045    53.00681
    37  C   4.0  -0.001   3.497    20.21251    -0.11905    55.42944
    38  C   4.0   0.090   3.723    18.63081     2.00122    55.48424
    39  C   4.0  -0.247   4.017    22.27420    -3.02167    51.98447
    40  C   4.0   0.104   3.269    20.93627    -0.62928    58.03348
    41  O   6.0  -0.095   1.048    22.37247    -2.27523    58.80449
    42  C   4.0  -0.118   4.219    19.71929     1.38328    59.76636
    43  C   4.0   0.171   3.165    18.47396     0.02646    61.77136
    44  O   6.0  -0.084   1.046    16.41605    -1.14328    61.63719
    45  O   6.0  -0.123   2.046    19.68150     0.43464    64.00691
    46  C   4.0  -0.194   4.033    18.44750    -0.32881    66.32371
    47  C   4.0  -0.133   4.053    21.29154     6.89372    70.98756
    48  C   4.0  -0.055   3.084    20.73785     8.65872    73.22499
    49  C   4.0   0.019   3.064    21.68838     8.63794    75.59471
    50  C   4.0  -0.250   4.041    23.66882     6.83514    76.55658
    51  C   4.0  -0.175   4.075    20.80399    10.59947    77.55246
    52  C   4.0  -0.163   4.040    18.43428     9.96075    79.16062
    53  C   4.0  -0.164   4.064    16.06267    11.38560    78.35560
    54  C   4.0  -0.088   4.041    15.59024    13.76476    80.05068
    55  C   4.0  -0.239   4.035    12.83691    13.58902    81.09948
    56  C   4.0  -0.163   4.040    16.13448    16.41605    78.74488
    57  C   4.0  -0.163   4.039    18.48152    17.69728    79.89194
    58  C   4.0  -0.164   4.066    18.42294    20.66226    80.11493
    59  C   4.0  -0.088   4.038    19.92338    21.60713    82.49032
    60  C   4.0  -0.239   4.047    20.87958    24.30377    81.83269
    61  C   4.0  -0.163   4.057    18.18861    21.71106    84.87137
    62  C   4.0  -0.164   4.055    19.08056    19.88748    87.05590
    63  C   4.0  -0.164   4.060    17.35146    17.83523    87.96296
    64  C   4.0  -0.088   4.020    18.06200    17.10958    90.76354
    65  C   4.0  -0.237   4.011    17.15304    14.44318    91.72352
    66  C   4.0  -0.238   4.031    17.08312    19.34890    92.48319
    67  H   1.0   0.071   1.009    11.78055    11.42528    56.95823
    68  H   1.0   0.072   1.007    11.99409     8.30912    45.13421
    69  H   1.0   0.071   1.006    18.74230    -0.95242    47.83652
    70  H   1.0   0.087   1.014    15.66205     5.01533    61.99246
    71  H   1.0   0.084   1.007    15.14993    10.42373    60.73957
    72  H   1.0   0.079   0.996    11.04545     9.50721    62.84095
    73  H   1.0   0.081   1.001    12.42873     6.52144    62.97323
    74  H   1.0   0.080   0.998    10.46719     7.21119    60.58650
    75  H   1.0   0.083   1.008    19.56433     9.13682    61.00035
    76  H   1.0   0.083   1.004    20.48463     6.27956    61.67877
    77  H   1.0   0.084   1.007    16.89982     8.04267    65.55648
    78  H   1.0   0.083   1.012    19.29410    10.47286    64.56249
    79  H   1.0   0.080   0.998     7.43418    14.43373    52.54383
    80  H   1.0   0.080   0.998    10.31601    15.93417    53.19390
    81  H   1.0   0.080   0.998     9.00076    13.75154    55.21968
    82  H   1.0   0.081   1.001    10.13460    16.26676    48.11809
    83  H   1.0   0.081   1.004     7.08647    14.89860    48.67367
    84  H   1.0   0.081   1.001     8.27511    15.85858    45.41578
    85  H   1.0   0.084   1.007    15.38048     5.49532    42.52639
    86  H   1.0   0.086   1.013    16.27432     0.19653    44.34053
    87  H   1.0   0.081   0.998    12.29456     0.78046    43.17457
    88  H   1.0   0.080   0.997    11.71252     3.27301    41.13366
    89  H   1.0   0.081   1.001    10.78467     3.51111    44.44824
    90  H   1.0   0.082   1.004    20.66604     3.45064    44.39722
    91  H   1.0   0.082   1.005    18.96340     3.93441    41.86877
    92  H   1.0   0.080   0.999    21.69027     0.48566    40.68769
    93  H   1.0   0.080   0.998    19.18261    -1.54580    42.01617
    94  H   1.0   0.080   1.002    21.65437    -0.53857    43.96258
    95  H   1.0   0.080   0.998    24.26219    -2.48499    51.92211
    96  H   1.0   0.081   1.002    21.41060    -3.61505    50.21191
    97  H   1.0   0.080   1.000    21.98318    -4.76400    53.04650
    98  H   1.0   0.086   1.014    21.31989     2.28279    60.69989
    99  H   1.0   0.081   0.997    16.51243    -0.99589    66.08750
   100  H   1.0   0.080   0.996    18.58923     1.15462    67.74479
   101  H   1.0   0.080   0.996    19.42449    -1.89540    67.23834
   102  H   1.0   0.082   1.002    23.28709     7.16962    70.55292
   103  H   1.0   0.082   0.999    21.22162     4.86226    71.31826
   104  H   1.0   0.070   1.004    19.38859    10.13649    72.73933
   105  H   1.0   0.080   0.999    24.43227     5.70697    75.01078
   106  H   1.0   0.080   0.998    22.98852     5.51989    77.98899
   107  H   1.0   0.081   1.003    25.11068     8.14283    77.22932
   108  H   1.0   0.082   1.003    20.51298    12.49676    76.80224
   109  H   1.0   0.082   1.005    22.41593    10.79789    78.81858
   110  H   1.0   0.082   1.003    18.87458    10.27633    81.14672
   111  H   1.0   0.082   1.003    18.07712     7.93496    79.05102
   112  H   1.0   0.081   1.001    14.48286    10.08925    78.08915
   113  H   1.0   0.083   1.005    15.96063    12.23787    76.48477
   114  H   1.0   0.084   1.009    16.72974    13.68917    81.76466
   115  H   1.0   0.080   0.998    12.03000    11.70874    80.86704
   116  H   1.0   0.080   0.997    11.48386    14.98364    80.41351
   117  H   1.0   0.081   0.999    12.97108    14.10680    83.08747
   118  H   1.0   0.082   1.004    14.63026    17.79933    78.99999
   119  H   1.0   0.082   1.001    16.29889    16.21196    76.70209
   120  H   1.0   0.082   1.004    20.11991    17.36280    78.68819
   121  H   1.0   0.083   1.007    18.55333    16.98486    81.82324
   122  H   1.0   0.082   1.001    16.55589    21.53532    80.09792
   123  H   1.0   0.082   1.003    19.31300    21.42571    78.41985
   124  H   1.0   0.083   1.006    21.53154    20.35613    82.78700
   125  H   1.0   0.081   1.000    19.49063    25.11635    80.54579
   126  H   1.0   0.080   0.997    22.77309    24.36235    81.02389
   127  H   1.0   0.081   1.001    20.60179    25.36579    83.57502
   128  H   1.0   0.082   1.005    16.32156    20.97974    84.39705
   129  H   1.0   0.081   1.000    17.71240    23.54599    85.67828
   130  H   1.0   0.083   1.009    19.20340    21.24619    88.59980
   131  H   1.0   0.082   1.005    20.85124    18.93127    86.61559
   132  H   1.0   0.082   1.003    17.56689    16.27054    86.64016
   133  H   1.0   0.082   1.004    15.36725    18.37570    88.08769
   134  H   1.0   0.082   1.007    20.11991    17.04155    90.83157
   135  H   1.0   0.080   0.997    16.75809    14.35247    93.74364
   136  H   1.0   0.080   0.998    18.67049    13.08635    91.40415
   137  H   1.0   0.080   0.997    15.51654    13.78555    90.65771
   138  H   1.0   0.080   0.998    18.71018    20.48085    93.03877
   139  H   1.0   0.080   0.998    16.23464    18.57223    94.19339
   140  H   1.0   0.080   0.997    15.80000    20.66604    91.55344
 
  Z AO/shell   Hii/eV     exponent
  1     Sat Feb 20 21:38:01 CET 2016    EN: 2.327 GAM: 0.473  GM3: 0.0000
     1s    -13.751157    1.051071
  6     Sat Feb 20 21:38:01 CET 2016    EN: 2.731 GAM: 0.422  GM3: 0.0000
     2s    -19.378245    2.021003
     2p    -11.993376    1.497917
  7     Sat Feb 20 21:38:01 CET 2016    EN: 3.573 GAM: 0.504  GM3: 0.0000
     2s    -21.576984    2.275442
     2p    -16.125120    2.056788
  8     Sat Feb 20 21:38:01 CET 2016    EN: 3.700 GAM: 0.587  GM3: 0.0000
     2s    -21.648843    2.110798
     2p    -17.239740    2.329048
 12     Sat Feb 20 23:25:47 CET 2016    EN: 0.033 GAM: 0.222  GM3: 0.0000
     3s    -12.693633    1.302878
     3p     -8.128821    0.504252
 
 dipole moment of classical point charges (au)
     X       Y       Z   
  -0.0821   0.6291   0.6221  total (Debye):    2.258

 
 Nbf   :          338
 T(el) :   300.0
 calculating S/T integrals ...
 cpu time for ints   0.169846000000000     
 Nao   :          338
 making H0...
 making H1...
 cpu time for H      5.907999999999997E-003
 solving ...
 cpu time for diag   5.380399999999999E-002
 
 gap (eV)           :   1.406
 Koopmans IP (eV)   :  12.006
 Eel (Eh)           :  -268.610459
 T,E(Fermi),NFOD :    300.000   -11.303  0.000000
 T,E(Fermi),NFOD :    300.000   -11.303  0.000000
 Nfod               :  0.0000
 Nfod/Nel           :  0.0000

          eigenvalues
 #    :         164        165        166        167        168        169        170        171
 occ. :        2.000      2.000      2.000      2.000      2.000      2.000      2.000      2.000
 eps  :       -16.218    -16.203    -16.113    -15.835    -15.681    -15.477    -15.417    -15.091
 #    :         172        173        174        175        176        177        178        179
 occ. :        2.000      2.000      2.000      2.000      2.000      0.000      0.000      0.000
 eps  :       -15.014    -14.754    -14.705    -13.252    -12.008    -10.601     -9.588     -8.567
 #    :         180        181        182        183        184        185        186        187
 occ. :        0.000      0.000      0.000      0.000      0.000      0.000      0.000      0.000
 eps  :        -8.245     -8.206     -8.126     -7.740     -7.570     -7.432     -7.343     -7.085
                            1  SCC done.
 making H1...
 cpu time for H      6.183100000000000E-002
 solving ...
 cpu time for diag   2.863000000000004E-002
 
 gap (eV)           :   1.686
 Koopmans IP (eV)   :  11.887
 Eel (Eh)           :  -265.728465
 T,E(Fermi),NFOD :    300.000   -11.044  0.000000
 T,E(Fermi),NFOD :    300.000   -11.044  0.000000
 Nfod               :  0.0000
 Nfod/Nel           :  0.0000

          eigenvalues
 #    :         164        165        166        167        168        169        170        171
 occ. :        2.000      2.000      2.000      2.000      2.000      2.000      2.000      2.000
 eps  :       -15.168    -15.134    -14.911    -14.726    -14.550    -14.337    -14.271    -14.240
 #    :         172        173        174        175        176        177        178        179
 occ. :        2.000      2.000      2.000      2.000      2.000      0.000      0.000      0.000
 eps  :       -14.021    -13.983    -13.864    -12.648    -11.888    -10.202     -9.002     -8.368
 #    :         180        181        182        183        184        185        186        187
 occ. :        0.000      0.000      0.000      0.000      0.000      0.000      0.000      0.000
 eps  :        -8.101     -8.082     -7.869     -7.712     -7.398     -7.343     -7.099     -6.927
                            2  SCC done.
 
 
 Mulliken/CM5 charges    n(s)   n(p)   n(d)   
    1 MG  0.3192  0.7790   0.668  1.012  0.000
    2 C   0.0215  0.0262   1.156  2.822  0.000
    3 C  -0.0145 -0.0565   1.107  2.908  0.000
    4 C  -0.0492 -0.0896   1.141  2.908  0.000
    5 C  -0.0602 -0.1025   1.140  2.920  0.000
    6 N  -0.1662 -0.3942   1.392  3.775  0.000
    7 C   0.0465  0.1086   1.204  2.750  0.000
    8 C  -0.0080 -0.0619   1.179  2.829  0.000
    9 C  -0.0175 -0.0727   1.201  2.816  0.000
   10 C   0.0357  0.0942   1.217  2.747  0.000
   11 C  -0.1172 -0.2654   1.110  3.007  0.000
   12 C  -0.0605 -0.1678   1.142  2.918  0.000
   13 C  -0.0326 -0.1333   1.130  2.903  0.000
   14 C   0.2032  0.2466   1.200  2.596  0.000
   15 O  -0.3097 -0.3566   1.635  4.675  0.000
   16 O  -0.1578 -0.2374   1.487  4.670  0.000
   17 N  -0.2114 -0.5062   1.377  3.835  0.000
   18 C   0.0161  0.0684   1.204  2.780  0.000
   19 C  -0.0171 -0.0214   1.212  2.805  0.000
   20 C  -0.0578 -0.0524   1.210  2.848  0.000
   21 C   0.0518  0.1164   1.202  2.747  0.000
   22 C  -0.0805 -0.2258   1.077  3.003  0.000
   23 C   0.1358  0.1552   1.217  2.647  0.000
   24 O  -0.2538 -0.3068   1.628  4.626  0.000
   25 C  -0.0806 -0.2227   1.090  2.991  0.000
   26 N  -0.1803 -0.4686   1.405  3.775  0.000
   27 C   0.0444  0.1100   1.233  2.723  0.000
   28 C  -0.0077 -0.0653   1.198  2.809  0.000
   29 C  -0.0189 -0.0763   1.187  2.832  0.000
   30 C   0.0312  0.0918   1.233  2.736  0.000
   31 C  -0.0821 -0.2293   1.106  2.976  0.000
   32 C  -0.0680 -0.1802   1.147  2.921  0.000
   33 C  -0.0801 -0.2315   1.096  2.984  0.000
   34 N  -0.2054 -0.5006   1.384  3.821  0.000
   35 C   0.0191  0.0796   1.215  2.766  0.000
   36 C  -0.0123 -0.0181   1.212  2.800  0.000
   37 C  -0.0537 -0.0450   1.176  2.878  0.000
   38 C   0.0411  0.1159   1.175  2.784  0.000
   39 C  -0.0566 -0.2000   1.074  2.983  0.000
   40 C   0.1373  0.1692   1.208  2.655  0.000
   41 O  -0.2418 -0.2848   1.632  4.609  0.000
   42 C  -0.0168 -0.0593   1.171  2.846  0.000
   43 C   0.2176  0.2687   1.179  2.603  0.000
   44 O  -0.2940 -0.3374   1.636  4.658  0.000
   45 O  -0.1348 -0.2208   1.474  4.661  0.000
   46 C   0.0140 -0.1083   1.083  2.903  0.000
   47 C   0.0443 -0.0351   1.127  2.829  0.000
   48 C  -0.0718 -0.1272   1.162  2.910  0.000
   49 C  -0.0288 -0.0531   1.211  2.818  0.000
   50 C  -0.0858 -0.2316   1.082  3.004  0.000
   51 C  -0.0653 -0.1714   1.143  2.923  0.000
   52 C  -0.0504 -0.1607   1.149  2.902  0.000
   53 C  -0.0742 -0.1841   1.151  2.924  0.000
   54 C  -0.0329 -0.1056   1.224  2.809  0.000
   55 C  -0.1137 -0.2641   1.109  3.005  0.000
   56 C  -0.0703 -0.1806   1.160  2.910  0.000
   57 C  -0.0643 -0.1762   1.153  2.912  0.000
   58 C  -0.0806 -0.1921   1.170  2.910  0.000
   59 C  -0.0193 -0.0925   1.208  2.811  0.000
   60 C  -0.1006 -0.2505   1.105  2.996  0.000
   61 C  -0.0768 -0.1875   1.166  2.911  0.000
   62 C  -0.0656 -0.1789   1.146  2.919  0.000
   63 C  -0.0619 -0.1739   1.150  2.912  0.000
   64 C  -0.0271 -0.1012   1.213  2.815  0.000
   65 C  -0.0968 -0.2461   1.103  2.993  0.000
   66 C  -0.1080 -0.2584   1.108  3.000  0.000
   67 H   0.0516  0.1116   0.948  0.000  0.000
   68 H   0.0568  0.1236   0.943  0.000  0.000
   69 H   0.0538  0.1127   0.946  0.000  0.000
   70 H   0.0518  0.1175   0.948  0.000  0.000
   71 H   0.0432  0.1041   0.957  0.000  0.000
   72 H   0.0383  0.0886   0.962  0.000  0.000
   73 H   0.0294  0.0836   0.971  0.000  0.000
   74 H   0.0326  0.0851   0.967  0.000  0.000
   75 H   0.0324  0.0911   0.968  0.000  0.000
   76 H   0.0469  0.1079   0.953  0.000  0.000
   77 H   0.0476  0.1119   0.952  0.000  0.000
   78 H   0.0736  0.1351   0.926  0.000  0.000
   79 H   0.0444  0.0968   0.956  0.000  0.000
   80 H   0.0498  0.1016   0.950  0.000  0.000
   81 H   0.0454  0.0979   0.955  0.000  0.000
   82 H   0.0464  0.1008   0.954  0.000  0.000
   83 H   0.0640  0.1201   0.936  0.000  0.000
   84 H   0.0538  0.1109   0.946  0.000  0.000
   85 H   0.0554  0.1157   0.945  0.000  0.000
   86 H   0.0527  0.1165   0.947  0.000  0.000
   87 H   0.0367  0.0893   0.963  0.000  0.000
   88 H   0.0403  0.0916   0.960  0.000  0.000
   89 H   0.0459  0.1005   0.954  0.000  0.000
   90 H   0.0335  0.0907   0.967  0.000  0.000
   91 H   0.0307  0.0876   0.969  0.000  0.000
   92 H   0.0459  0.0976   0.954  0.000  0.000
   93 H   0.0379  0.0897   0.962  0.000  0.000
   94 H   0.0359  0.0891   0.964  0.000  0.000
   95 H   0.0637  0.1156   0.936  0.000  0.000
   96 H   0.0465  0.1002   0.954  0.000  0.000
   97 H   0.0514  0.1042   0.949  0.000  0.000
   98 H   0.0686  0.1411   0.931  0.000  0.000
   99 H   0.0573  0.1206   0.943  0.000  0.000
  100 H   0.0473  0.1064   0.953  0.000  0.000
  101 H   0.0421  0.1003   0.958  0.000  0.000
  102 H   0.0592  0.1265   0.941  0.000  0.000
  103 H   0.0546  0.1180   0.945  0.000  0.000
  104 H   0.0344  0.0944   0.966  0.000  0.000
  105 H   0.0393  0.0924   0.961  0.000  0.000
  106 H   0.0448  0.0966   0.955  0.000  0.000
  107 H   0.0460  0.1000   0.954  0.000  0.000
  108 H   0.0377  0.0947   0.962  0.000  0.000
  109 H   0.0360  0.0931   0.964  0.000  0.000
  110 H   0.0419  0.0979   0.958  0.000  0.000
  111 H   0.0319  0.0880   0.968  0.000  0.000
  112 H   0.0472  0.1022   0.953  0.000  0.000
  113 H   0.0357  0.0933   0.964  0.000  0.000
  114 H   0.0403  0.1012   0.960  0.000  0.000
  115 H   0.0373  0.0897   0.963  0.000  0.000
  116 H   0.0272  0.0786   0.973  0.000  0.000
  117 H   0.0292  0.0814   0.971  0.000  0.000
  118 H   0.0331  0.0899   0.967  0.000  0.000
  119 H   0.0312  0.0865   0.969  0.000  0.000
  120 H   0.0351  0.0911   0.965  0.000  0.000
  121 H   0.0382  0.0974   0.962  0.000  0.000
  122 H   0.0271  0.0828   0.973  0.000  0.000
  123 H   0.0301  0.0863   0.970  0.000  0.000
  124 H   0.0387  0.0983   0.961  0.000  0.000
  125 H   0.0303  0.0838   0.970  0.000  0.000
  126 H   0.0424  0.0935   0.958  0.000  0.000
  127 H   0.0374  0.0913   0.963  0.000  0.000
  128 H   0.0253  0.0832   0.975  0.000  0.000
  129 H   0.0472  0.1019   0.953  0.000  0.000
  130 H   0.0292  0.0883   0.971  0.000  0.000
  131 H   0.0345  0.0913   0.965  0.000  0.000
  132 H   0.0270  0.0829   0.973  0.000  0.000
  133 H   0.0261  0.0831   0.974  0.000  0.000
  134 H   0.0294  0.0885   0.971  0.000  0.000
  135 H   0.0406  0.0920   0.959  0.000  0.000
  136 H   0.0334  0.0847   0.967  0.000  0.000
  137 H   0.0286  0.0803   0.971  0.000  0.000
  138 H   0.0310  0.0829   0.969  0.000  0.000
  139 H   0.0326  0.0847   0.967  0.000  0.000
  140 H   0.0373  0.0895   0.963  0.000  0.000
 Hirshfeld charges for QMDFF written to <charges>
 
 Loewdin charges    n(s)   n(p)   n(d)
    1 MG  0.1591   0.680  1.161  0.000
    2 C   0.0225   1.114  2.863  0.000
    3 C  -0.0113   1.052  2.959  0.000
    4 C  -0.0483   1.090  2.959  0.000
    5 C  -0.0576   1.089  2.969  0.000
    6 N  -0.1371   1.351  3.786  0.000
    7 C   0.0471   1.166  2.787  0.000
    8 C  -0.0014   1.130  2.871  0.000
    9 C  -0.0093   1.154  2.856  0.000
   10 C   0.0391   1.180  2.781  0.000
   11 C  -0.1223   1.040  3.082  0.000
   12 C  -0.0577   1.084  2.974  0.000
   13 C  -0.0311   1.069  2.962  0.000
   14 C   0.1867   1.172  2.641  0.000
   15 O  -0.2997   1.609  4.691  0.000
   16 O  -0.1238   1.454  4.670  0.000
   17 N  -0.1769   1.334  3.843  0.000
   18 C   0.0186   1.166  2.815  0.000
   19 C  -0.0077   1.170  2.837  0.000
   20 C  -0.0649   1.174  2.891  0.000
   21 C   0.0572   1.162  2.781  0.000
   22 C  -0.0830   1.003  3.080  0.000
   23 C   0.1368   1.181  2.683  0.000
   24 O  -0.2398   1.599  4.640  0.000
   25 C  -0.0856   1.016  3.070  0.000
   26 N  -0.1403   1.357  3.783  0.000
   27 C   0.0480   1.196  2.756  0.000
   28 C   0.0015   1.150  2.848  0.000
   29 C  -0.0124   1.139  2.874  0.000
   30 C   0.0349   1.196  2.769  0.000
   31 C  -0.0836   1.034  3.050  0.000
   32 C  -0.0645   1.088  2.977  0.000
   33 C  -0.0804   1.024  3.057  0.000
   34 N  -0.1702   1.339  3.831  0.000
   35 C   0.0204   1.178  2.801  0.000
   36 C  -0.0040   1.171  2.833  0.000
   37 C  -0.0611   1.137  2.924  0.000
   38 C   0.0434   1.135  2.822  0.000
   39 C  -0.0564   0.998  3.058  0.000
   40 C   0.1324   1.174  2.694  0.000
   41 O  -0.2274   1.603  4.624  0.000
   42 C  -0.0169   1.122  2.895  0.000
   43 C   0.1974   1.152  2.651  0.000
   44 O  -0.2843   1.610  4.674  0.000
   45 O  -0.0977   1.437  4.660  0.000
   46 C   0.0042   1.014  2.982  0.000
   47 C   0.0424   1.070  2.888  0.000
   48 C  -0.0701   1.114  2.956  0.000
   49 C  -0.0187   1.169  2.849  0.000
   50 C  -0.0879   1.008  3.080  0.000
   51 C  -0.0634   1.084  2.979  0.000
   52 C  -0.0451   1.089  2.956  0.000
   53 C  -0.0726   1.093  2.979  0.000
   54 C  -0.0239   1.179  2.845  0.000
   55 C  -0.1183   1.039  3.079  0.000
   56 C  -0.0678   1.103  2.965  0.000
   57 C  -0.0599   1.095  2.965  0.000
   58 C  -0.0790   1.115  2.964  0.000
   59 C  -0.0079   1.160  2.847  0.000
   60 C  -0.1040   1.034  3.070  0.000
   61 C  -0.0750   1.109  2.966  0.000
   62 C  -0.0620   1.088  2.974  0.000
   63 C  -0.0585   1.092  2.967  0.000
   64 C  -0.0158   1.166  2.850  0.000
   65 C  -0.0993   1.032  3.067  0.000
   66 C  -0.1121   1.037  3.075  0.000
   67 H   0.0471   0.953  0.000  0.000
   68 H   0.0501   0.950  0.000  0.000
   69 H   0.0491   0.951  0.000  0.000
   70 H   0.0460   0.954  0.000  0.000
   71 H   0.0374   0.963  0.000  0.000
   72 H   0.0383   0.962  0.000  0.000
   73 H   0.0317   0.968  0.000  0.000
   74 H   0.0331   0.967  0.000  0.000
   75 H   0.0306   0.969  0.000  0.000
   76 H   0.0438   0.956  0.000  0.000
   77 H   0.0429   0.957  0.000  0.000
   78 H   0.0684   0.932  0.000  0.000
   79 H   0.0446   0.955  0.000  0.000
   80 H   0.0486   0.951  0.000  0.000
   81 H   0.0455   0.955  0.000  0.000
   82 H   0.0458   0.954  0.000  0.000
   83 H   0.0630   0.937  0.000  0.000
   84 H   0.0508   0.949  0.000  0.000
   85 H   0.0490   0.951  0.000  0.000
   86 H   0.0479   0.952  0.000  0.000
   87 H   0.0370   0.963  0.000  0.000
   88 H   0.0393   0.961  0.000  0.000
   89 H   0.0450   0.955  0.000  0.000
   90 H   0.0320   0.968  0.000  0.000
   91 H   0.0294   0.971  0.000  0.000
   92 H   0.0444   0.956  0.000  0.000
   93 H   0.0379   0.962  0.000  0.000
   94 H   0.0355   0.964  0.000  0.000
   95 H   0.0605   0.939  0.000  0.000
   96 H   0.0460   0.954  0.000  0.000
   97 H   0.0495   0.950  0.000  0.000
   98 H   0.0597   0.940  0.000  0.000
   99 H   0.0525   0.947  0.000  0.000
  100 H   0.0445   0.955  0.000  0.000
  101 H   0.0394   0.961  0.000  0.000
  102 H   0.0517   0.948  0.000  0.000
  103 H   0.0480   0.952  0.000  0.000
  104 H   0.0277   0.972  0.000  0.000
  105 H   0.0388   0.961  0.000  0.000
  106 H   0.0436   0.956  0.000  0.000
  107 H   0.0453   0.955  0.000  0.000
  108 H   0.0350   0.965  0.000  0.000
  109 H   0.0340   0.966  0.000  0.000
  110 H   0.0394   0.961  0.000  0.000
  111 H   0.0292   0.971  0.000  0.000
  112 H   0.0451   0.955  0.000  0.000
  113 H   0.0347   0.965  0.000  0.000
  114 H   0.0364   0.964  0.000  0.000
  115 H   0.0378   0.962  0.000  0.000
  116 H   0.0283   0.972  0.000  0.000
  117 H   0.0299   0.970  0.000  0.000
  118 H   0.0313   0.969  0.000  0.000
  119 H   0.0293   0.971  0.000  0.000
  120 H   0.0322   0.968  0.000  0.000
  121 H   0.0364   0.964  0.000  0.000
  122 H   0.0258   0.974  0.000  0.000
  123 H   0.0284   0.972  0.000  0.000
  124 H   0.0333   0.967  0.000  0.000
  125 H   0.0312   0.969  0.000  0.000
  126 H   0.0413   0.959  0.000  0.000
  127 H   0.0378   0.962  0.000  0.000
  128 H   0.0243   0.976  0.000  0.000
  129 H   0.0450   0.955  0.000  0.000
  130 H   0.0275   0.973  0.000  0.000
  131 H   0.0324   0.968  0.000  0.000
  132 H   0.0246   0.975  0.000  0.000
  133 H   0.0240   0.976  0.000  0.000
  134 H   0.0244   0.976  0.000  0.000
  135 H   0.0407   0.959  0.000  0.000
  136 H   0.0334   0.967  0.000  0.000
  137 H   0.0287   0.971  0.000  0.000
  138 H   0.0316   0.968  0.000  0.000
  139 H   0.0331   0.967  0.000  0.000
  140 H   0.0378   0.962  0.000  0.000
 
 Wiberg/Mayer (AO) data. WBOs > 0.1 written file <wbo>
 largest (>0.05) Wiberg bond orders for each atom
           total WBO             WBO to atom ...
     1  MG  2.510    N   17 0.582    N   34 0.510    N   26 0.386    N    6 0.319    C   21 0.060    C   35 0.053    C   18 0.052
     2  C   3.907    C    7 1.441    C   38 1.225    C   42 0.927
     3  C   3.937    C   10 1.428    C   18 1.312    H   67 0.927
     4  C   3.887    C   27 1.383    C   21 1.276    H   68 0.931
     5  C   3.909    C   30 1.388    C   35 1.280    H   69 0.939
     6  N   3.264    C   10 1.258    C    7 1.231    MG   1 0.319    C   18 0.058    C   38 0.051
     7  C   3.881    C    2 1.441    N    6 1.231    C    8 0.951
     8  C   3.944    C   12 0.961    C    9 0.953    C    7 0.951    H   70 0.926
     9  C   3.936    C   11 0.967    C    8 0.953    H   71 0.945    C   10 0.922
    10  C   3.855    C    3 1.428    N    6 1.258    C    9 0.922
    11  C   3.960    H   74 0.978    H   72 0.976    H   73 0.973    C    9 0.967
    12  C   3.947    C   13 0.971    H   75 0.964    C    8 0.961    H   76 0.949
    13  C   3.971    C   14 0.981    C   12 0.971    H   77 0.960    H   78 0.931    O   15 0.068
    14  C   3.886    O   15 1.773    O   16 1.078    C   13 0.981
    15  O   2.068    C   14 1.773    O   16 0.162    C   13 0.068
    16  O   2.297    C   14 1.078    C   47 0.962    O   15 0.162
    17  N   3.348    C   21 1.215    C   18 1.094    MG   1 0.582    C   20 0.054
    18  C   3.848    C    3 1.312    C   19 1.153    N   17 1.094    N    6 0.058    MG   1 0.052
    19  C   3.873    C   20 1.474    C   18 1.153    C   22 0.988    O   24 0.051
    20  C   3.880    C   19 1.474    C   21 1.104    C   23 0.963    O   24 0.076    N   17 0.054
    21  C   3.872    C    4 1.276    N   17 1.215    C   20 1.104    MG   1 0.060
    22  C   3.976    C   19 0.988    H   81 0.974    H   79 0.966    H   80 0.966
    23  C   3.877    O   24 1.820    C   25 0.991    C   20 0.963
    24  O   2.132    C   23 1.820    C   20 0.076    C   25 0.066    C   19 0.051
    25  C   3.984    C   23 0.991    H   84 0.968    H   82 0.962    H   83 0.945    O   24 0.066
    26  N   3.345    C   27 1.292    C   30 1.243    MG   1 0.386
    27  C   3.853    C    4 1.383    N   26 1.292    C   28 0.915
    28  C   3.935    C   31 0.965    C   29 0.962    H   85 0.942    C   27 0.915
    29  C   3.942    C   32 0.962    C   28 0.962    C   30 0.932    H   86 0.928
    30  C   3.830    C    5 1.388    N   26 1.243    C   29 0.932
    31  C   3.968    H   88 0.981    H   87 0.978    H   89 0.975    C   28 0.965
    32  C   3.948    C   33 0.997    C   29 0.962    H   90 0.961    H   91 0.959
    33  C   3.982    C   32 0.997    H   94 0.987    H   93 0.980    H   92 0.979
    34  N   3.325    C   38 1.227    C   35 1.148    MG   1 0.510    C   36 0.059    C   37 0.051
    35  C   3.847    C    5 1.280    N   34 1.148    C   36 1.138    MG   1 0.053
    36  C   3.862    C   37 1.419    C   35 1.138    C   39 1.000    N   34 0.059    O   41 0.054
    37  C   3.912    C   36 1.419    C   38 1.151    C   40 1.040    O   41 0.065    N   34 0.051
    38  C   3.906    N   34 1.227    C    2 1.225    C   37 1.151    N    6 0.051
    39  C   3.976    C   36 1.000    H   96 0.974    H   97 0.968    H   95 0.962
    40  C   3.885    O   41 1.820    C   37 1.040    C   42 0.864
    41  O   2.140    C   40 1.820    C   42 0.077    C   37 0.065    C   36 0.054
    42  C   3.952    C   43 0.969    C    2 0.927    H   98 0.921    C   40 0.864    O   41 0.077    O   44 0.059
    43  C   3.899    O   44 1.759    O   45 1.099    C   42 0.969
    44  O   2.082    C   43 1.759    O   45 0.167    C   42 0.059
    45  O   2.319    C   43 1.099    C   46 0.974    O   44 0.167
    46  C   3.942    H  101 0.987    H  100 0.987    H   99 0.976    O   45 0.974
    47  C   3.930    C   48 0.979    H  103 0.962    O   16 0.962    H  102 0.952
    48  C   3.959    C   49 1.900    C   47 0.979    H  104 0.943
    49  C   3.936    C   48 1.900    C   50 0.990    C   51 0.959
    50  C   3.990    C   49 0.990    H  105 0.975    H  106 0.971    H  107 0.970
    51  C   3.965    C   52 0.965    H  109 0.962    H  108 0.961    C   49 0.959
    52  C   3.962    C   53 0.992    H  111 0.966    C   51 0.965    H  110 0.961
    53  C   3.954    C   52 0.992    C   54 0.966    H  113 0.957    H  112 0.952
    54  C   3.928    C   55 0.980    C   53 0.966    C   56 0.956    H  114 0.949
    55  C   3.975    H  117 0.982    C   54 0.980    H  116 0.979    H  115 0.975
    56  C   3.958    C   57 0.992    H  119 0.965    H  118 0.962    C   54 0.956
    57  C   3.968    C   56 0.992    C   58 0.973    H  120 0.972    H  121 0.964
    58  C   3.953    C   57 0.973    H  123 0.966    C   59 0.966    H  122 0.964
    59  C   3.938    C   60 0.986    C   61 0.970    C   58 0.966    H  124 0.952
    60  C   3.979    C   59 0.986    H  125 0.981    H  126 0.978    H  127 0.974
    61  C   3.946    C   59 0.970    C   62 0.966    H  128 0.966    H  129 0.959
    62  C   3.968    C   63 1.005    H  130 0.969    H  131 0.966    C   61 0.966
    63  C   3.968    C   62 1.005    H  132 0.966    H  133 0.965    C   64 0.962
    64  C   3.933    C   65 0.981    C   66 0.981    H  134 0.963    C   63 0.962
    65  C   3.974    H  137 0.984    H  136 0.983    C   64 0.981    H  135 0.977
    66  C   3.980    H  138 0.983    C   64 0.981    H  139 0.979    H  140 0.979
    67  H   0.994    C    3 0.927
    68  H   0.994    C    4 0.931
    69  H   0.994    C    5 0.939
    70  H   0.995    C    8 0.926
    71  H   0.995    C    9 0.945
    72  H   0.996    C   11 0.976
    73  H   0.998    C   11 0.973
    74  H   0.996    C   11 0.978
    75  H   0.996    C   12 0.964
    76  H   0.995    C   12 0.949
    77  H   0.998    C   13 0.960
    78  H   0.994    C   13 0.931
    79  H   0.994    C   22 0.966
    80  H   0.994    C   22 0.966
    81  H   0.995    C   22 0.974
    82  H   0.997    C   25 0.962
    83  H   0.995    C   25 0.945
    84  H   0.994    C   25 0.968
    85  H   0.995    C   28 0.942
    86  H   0.994    C   29 0.928
    87  H   0.997    C   31 0.978
    88  H   0.997    C   31 0.981
    89  H   0.997    C   31 0.975
    90  H   0.998    C   32 0.961
    91  H   0.997    C   32 0.959
    92  H   0.996    C   33 0.979
    93  H   0.998    C   33 0.980
    94  H   0.998    C   33 0.987
    95  H   0.991    C   39 0.962
    96  H   0.995    C   39 0.974
    97  H   0.994    C   39 0.968
    98  H   0.992    C   42 0.921
    99  H   0.997    C   46 0.976
   100  H   0.997    C   46 0.987
   101  H   0.998    C   46 0.987
   102  H   0.996    C   47 0.952
   103  H   0.997    C   47 0.962
   104  H   0.999    C   48 0.943
   105  H   0.998    C   50 0.975
   106  H   0.998    C   50 0.971
   107  H   0.998    C   50 0.970
   108  H   0.999    C   51 0.961
   109  H   0.998    C   51 0.962
   110  H   0.997    C   52 0.961
   111  H   0.998    C   52 0.966
   112  H   0.997    C   53 0.952
   113  H   0.999    C   53 0.957
   114  H   0.998    C   54 0.949
   115  H   0.998    C   55 0.975
   116  H   0.999    C   55 0.979
   117  H   0.999    C   55 0.982
   118  H   0.998    C   56 0.962
   119  H   0.998    C   56 0.965
   120  H   0.998    C   57 0.972
   121  H   0.999    C   57 0.964
   122  H   0.999    C   58 0.964
   123  H   0.998    C   58 0.966
   124  H   0.998    C   59 0.952
   125  H   0.999    C   60 0.981
   126  H   0.997    C   60 0.978
   127  H   0.998    C   60 0.974
   128  H   0.999    C   61 0.966
   129  H   0.997    C   61 0.959
   130  H   0.999    C   62 0.969
   131  H   0.999    C   62 0.966
   132  H   0.999    C   63 0.966
   133  H   0.999    C   63 0.965
   134  H   0.999    C   64 0.963
   135  H   0.997    C   65 0.977
   136  H   0.999    C   65 0.983
   137  H   0.999    C   65 0.984
   138  H   0.999    C   66 0.983
   139  H   0.999    C   66 0.979
   140  H   0.999    C   66 0.979
 
 --------------------------------------------
          xTB calculation for sTDA...
 --------------------------------------------
 
 reading parameter file ~/.param_stda2.xtb
 
      method parameters     
 k(s)        :  1.6000
 k(p)        :  2.1800
 k(d)        :  1.9500
 k(f)        :  2.0000
 k(R-V)      :  2.2750
 k(R-R)      :  1.7650
 Tscal       :  0.2580
 Gscal       :  1.0000
 fpol        :  1.0000
 Zcnf        :  0.3430
 Zqf         :  0.0000
 kcn         :  2.7000
 Ryd Hsplit  :  0.7000
 lshift(virt):  3.1000
 lshift(OS)  :  0.2000
 wllscaling  :  2.6000
 
 mowrcut     : 3.000
 
  Z AO/shell   Hii/eV     exponent
  1     Sun Feb 14 09:53:25 CET 2016    EN: 2.327 GAM: 0.473  GM3: 0.0000
     1s    -14.339618    1.220000
     2sp    -3.348946    0.600000
  6     Sun Feb 14 09:53:25 CET 2016    EN: 2.731 GAM: 0.422  GM3: 0.0000
     2s    -22.009312    1.565095
     2p    -13.020408    1.596905
     3sp    -3.914040    0.824500
  7     Sun Feb 14 09:53:25 CET 2016    EN: 3.573 GAM: 0.504  GM3: 0.0000
     2s    -25.722000    2.064844
     2p    -18.684912    1.801692
     3sp    -4.344791    0.921400
  8     Sun Feb 14 09:53:25 CET 2016    EN: 3.700 GAM: 0.587  GM3: 0.0000
     2s    -33.859000    2.418661
     2p    -22.175911    1.973969
     3sp    -4.259392    1.013700
 12     Sun Feb 21 16:58:31 CET 2016    EN: 0.033 GAM: 0.222  GM3: 0.0000
     3s    -11.092543    1.647583
     3p     -6.929529    0.855020
 
 Nbf   :          894
 T(el) :     0.0
 calculating S/T integrals ...
 cpu time for ints    1.24965900000000     
 Nao   :          894
 making H0...
 making H1...
 cpu time for H      2.611499999999989E-002
 solving ...
 cpu time for diag   0.327092000000000     
 
 gap (eV)           :   4.742
 Koopmans IP (eV)   :  13.233
 Eel (Eh)           :  -301.189530

          eigenvalues
 #    :         164        165        166        167        168        169        170        171
 occ. :        2.000      2.000      2.000      2.000      2.000      2.000      2.000      2.000
 eps  :       -17.347    -17.286    -16.952    -16.325    -16.161    -16.106    -15.913    -15.715
 #    :         172        173        174        175        176        177        178        179
 occ. :        2.000      2.000      2.000      2.000      2.000      0.000      0.000      0.000
 eps  :       -15.600    -15.529    -15.234    -13.930    -13.234     -8.491     -6.857     -6.732
 #    :         180        181        182        183        184        185        186        187
 occ. :        0.000      0.000      0.000      0.000      0.000      0.000      0.000      0.000
 eps  :        -6.206     -6.013     -5.813     -5.619     -5.524     -5.212     -5.110     -5.028
                            1  SCC done.
 writing mo output ...
 molden style : F
 
speedup  1.11
cpu  time for all    2.10 s
wall time for all    1.89 s
