cpu-bind=MASK - bp1-compute100, task 4294967295 4294967295 [0]: mask 0xffffffffffff set
Host:    bp1-compute100.data.bp.acrc.priv
Time:    Wed May  4 11:42:56 BST 2022
Dir:     /user/home/of15641/chlorophyll_parameterization/tddft_data/step_1701_chromophore_3
Job ID:  1692204
Nodelist:
cat: bp1-compute100: No such file or directory
  
Result dir: /user/home/of15641/chlorophyll_parameterization/tddft_data/step_1701_chromophore_3
running gaussian jobs
Running time g16 < CAMB3LYP_step_1701_chromophore_3.com > CAMB3LYP_step_1701_chromophore_3.log

real	24m2.263s
user	565m11.968s
sys	0m24.970s
Running time g16 < PBE0_step_1701_chromophore_3.com > PBE0_step_1701_chromophore_3.log

real	18m14.873s
user	435m46.625s
sys	0m22.105s
Running time g16 < wB97XD_step_1701_chromophore_3.com > wB97XD_step_1701_chromophore_3.log

real	24m55.964s
user	586m8.708s
sys	0m24.676s
Running time g16 < BLYP_step_1701_chromophore_3.com > BLYP_step_1701_chromophore_3.log

real	11m54.568s
user	283m59.334s
sys	0m24.013s
Running time g16 < ZINDO_step_1701_chromophore_3.com > ZINDO_step_1701_chromophore_3.log

real	0m6.057s
user	2m11.132s
sys	0m2.327s
