 
        ______________________________________
       |                                      |
       |          ===================         |
       |             xTB for sTDA             |
       |          ===================         |
       |               S. Grimme              |
       |        Universitaet Bonn, MCTC       |
       |         2015-19, Version 1.0         |
       |     Wed Apr  3 09:14:55 CEST 2019    |
       |______________________________________|
 
        This code comes without any warranty
        for non-commercial, academia use only.
        Preliminary test version.
        Cite this work as:
        S. Grimme  &  C. Bannwarth, JCP 145 (2016) 054103
        if GBSA is used additionally:
        P. Shushkov, F. März, C. Bannwarth, S. Grimme, unpublished.
 
        with help from
        P. Shushkov, G. Brandenburg, S. Dohm, J. Pisarek,
        F. März, M. Checinski, S. Ehrlich, S. Spicher, 
        P. Pracht, E. Caldeweyher, S. Ehlert, and C. Bannwarth.
 
        usage        :
        xtb4stda <coord_file> [options]
        where <coord_file> is a valid file of TM)
        (*coord, Bohr) or xmol (*xyz, Angstroem)
        format.

        options:
        -chrg <int>   : molecular charge
        -uhf  <int>   : # of unpaired electrons(=2*S)
        -nox          : skip second, extended part in sTDA-xTB
        -pop          : do population analysis
                      : (default for -nox)
        -mowr <real>  : cut MO write above (def.3 Eh)
        -molden       : write formatted molden file
        -parx <file>  : read parameters for sTDA-xTB
                        calc (def:~/.param_stda2.xtb)
        -parv <file>  : read parameters for vTB part in
                        sTDA-xTB (def: ~/.param_stda1.xtb)
        -xtemp <real> : el. temp for xTB (def. 0 K)
        -etemp <real> : el. temp for GFN (def. 300 K)
        -fod          : calculate the FOD and write
                        molden.input file with
                        appropriate occupations
                        for plotting. Def. T=12500 K
 
        -acc <real>   : xTB accuracy (def. 1.0)
        -gbsa [string1] [string2]
                        use GBSA implicit solvent
                        for solvent [string1] and
                        solvation state [string2]=
                        reference, bar1M (default=1M)
        additional GFN/opt/MD/siman options read from
        $XTB4STDAHOME/.xtb4stdarc or $set in input
 
       spin and charge state information can be on:
       <.CHRG> (charge) and <.UHF> (=nalpha-nbeta)
       -uhf and -chrg override the file info.
       useful machine settings:
       setenv MKL_NUM_THREADS <NCORE_ON_YOUR_MACHINE>
       setenv OMP_STACKSIZE 500m
       limit stacksize unlimited
 
       total energies in Eh, gaps/HL energies in eV
       please read REVISION and HOWTO files carefully
 =============================
  # OMP threads =           4
 =============================
 
 xtb4stdahome directory:~/
 
 
 name of molecule           :
 comment line               :
 number of atoms            :   140
 number of electrons        :   352
 charge                     :  0
 spin                       : 0.0
 first test random number   :  0.9834
 
 -----------------------------------------
      charge density (VTB) calculation
 -----------------------------------------
 
      method parameters     
 k(s)        :  1.8000
 k(p)        :  2.8350
 k(d)        :  2.0860
 k(f)        :  2.0000
 Tscal       :  0.3300
 Gscal       :  0.3910
 fpol        :  1.0000
 Zcnf        :  0.6500
 Zqf         :  0.0000
 kcn         :  0.3000
 kEN1        : -0.5900
 wllscal     :  2.6000
 
     -------------------------
     ! NO SOLVENT MODEL USED !
     -------------------------
 
 doing EN charges ...
 sum q : -0.2220446D-15
 point charge moment (au)
     X       Y       Z   
  -0.1697  -0.5442   0.7814  total (Debye):    2.458
 
            Z      q(EN)   CN      Cart. coordinates
     1  MG  2.0   0.893   4.722     1.66863    14.53010    49.70357
     2  C   4.0   0.017   3.275     3.40718    18.54766    54.76804
     3  C   4.0  -0.060   3.132     2.58137     9.52233    53.64176
     4  C   4.0  -0.058   3.196     0.56314    10.72042    44.82619
     5  C   4.0  -0.057   3.135     2.27145    19.82511    45.70302
     6  N   5.0  -0.356   3.100     2.72876    14.19562    53.78727
     7  C   4.0   0.115   3.294     3.11427    16.00409    55.52204
     8  C   4.0  -0.093   4.128     3.47710    14.91372    58.24513
     9  C   4.0  -0.089   4.060     3.69819    11.98653    57.82183
    10  C   4.0   0.078   3.277     2.83648    11.76543    54.82851
    11  C   4.0  -0.237   4.011     6.56869    11.11159    58.28482
    12  C   4.0  -0.161   4.047     1.39840    15.78110    60.22746
    13  C   4.0  -0.169   4.058     2.34326    16.45195    62.74079
    14  C   4.0   0.190   3.090     4.33692    14.84947    64.16942
    15  O   6.0  -0.112   1.044     6.17940    15.63181    65.23334
    16  O   6.0  -0.120   2.058     3.63205    12.37015    64.21478
    17  N   5.0  -0.432   3.238     1.56469    10.63727    49.18579
    18  C   4.0   0.083   3.423     2.13539     8.90061    51.00370
    19  C   4.0   0.011   3.316     1.89728     6.41184    49.79995
    20  C   4.0   0.006   3.255     1.06770     6.65184    47.33386
    21  C   4.0   0.071   3.481     0.83148     9.39383    47.01827
    22  C   4.0  -0.250   4.051     2.29035     4.15362    51.32118
    23  C   4.0   0.108   3.045     0.37983     4.72054    45.27783
    24  O   6.0  -0.098   1.057    -0.66707     5.04746    43.21614
    25  C   4.0  -0.252   4.063     0.73132     2.10138    46.08664
    26  N   5.0  -0.432   3.151     1.39651    15.15938    45.87121
    27  C   4.0   0.094   3.402     0.75400    13.28666    44.25549
    28  C   4.0  -0.095   4.133     0.71432    14.20318    41.49838
    29  C   4.0  -0.095   4.131     1.01667    17.17950    41.80263
    30  C   4.0   0.079   3.324     1.69697    17.47241    44.60320
    31  C   4.0  -0.237   4.032     2.89695    13.08446    39.88834
    32  C   4.0  -0.163   4.025    -1.43052    18.68750    40.89367
    33  C   4.0  -0.237   3.994    -1.15651    20.95139    39.03040
    34  N   5.0  -0.375   3.200     2.51334    18.49475    50.09475
    35  C   4.0   0.059   3.403     2.65129    20.48085    48.25415
    36  C   4.0   0.018   3.249     3.37316    22.77876    49.49381
    37  C   4.0   0.003   3.412     3.63205    22.11735    52.12809
    38  C   4.0   0.084   3.632     3.12372    19.56622    52.31139
    39  C   4.0  -0.249   4.031     3.57725    25.28453    48.36565
    40  C   4.0   0.110   3.204     4.60337    23.07544    54.52804
    41  O   6.0  -0.100   1.041     5.57091    25.09745    55.04583
    42  C   4.0  -0.112   4.222     4.04023    20.86257    56.41588
    43  C   4.0   0.162   3.188     6.60837    20.54132    57.74625
    44  O   6.0  -0.082   1.037     8.36393    19.06167    57.11886
    45  O   6.0  -0.126   2.043     6.54223    22.05877    59.81927
    46  C   4.0  -0.193   4.069     8.40550    21.44461    61.67310
    47  C   4.0  -0.137   4.068     5.18352    10.69207    65.82482
    48  C   4.0  -0.055   3.113     3.33726     9.87571    67.83927
    49  C   4.0   0.019   3.064     3.39962    10.33302    70.32048
    50  C   4.0  -0.249   4.036     5.20997    12.20574    71.59227
    51  C   4.0  -0.175   4.065     1.40785     9.17273    72.04013
    52  C   4.0  -0.164   4.043     1.75178     6.32491    72.92074
    53  C   4.0  -0.164   4.061    -0.51967     4.58070    72.49934
    54  C   4.0  -0.089   4.045    -0.24000     2.09571    74.13017
    55  C   4.0  -0.238   4.037    -2.74010     0.89573    74.65929
    56  C   4.0  -0.165   4.062     1.79335     0.25133    72.85083
    57  C   4.0  -0.162   4.034     4.06291    -0.32125    74.47788
    58  C   4.0  -0.165   4.089     5.43485    -2.84404    73.55191
    59  C   4.0  -0.088   4.058     7.32458    -3.97598    75.42463
    60  C   4.0  -0.241   4.092     5.86004    -5.35737    77.33326
    61  C   4.0  -0.165   4.092     9.12549    -2.04279    76.82114
    62  C   4.0  -0.163   4.051    11.77866    -3.24088    76.94964
    63  C   4.0  -0.164   4.072    13.46997    -1.45320    78.48977
    64  C   4.0  -0.087   4.006    16.34046    -1.53635    77.84348
    65  C   4.0  -0.237   4.006    18.20184    -1.95209    80.21887
    66  C   4.0  -0.238   4.028    17.14170     0.76723    76.22777
    67  H   1.0   0.070   1.008     3.01978     7.97842    54.94000
    68  H   1.0   0.072   1.011     0.32692     9.39572    43.26150
    69  H   1.0   0.070   1.005     2.38294    21.42193    44.39911
    70  H   1.0   0.086   1.010     5.29501    15.67339    58.84607
    71  H   1.0   0.082   1.003     2.48310    10.69774    58.87630
    72  H   1.0   0.080   0.998     7.57213    12.34369    59.59440
    73  H   1.0   0.080   0.996     7.91984    10.86403    56.75036
    74  H   1.0   0.080   0.999     6.43641     9.24076    59.13330
    75  H   1.0   0.081   1.002    -0.30425    14.62270    60.31438
    76  H   1.0   0.083   1.007     0.53479    17.47052    59.42810
    77  H   1.0   0.082   1.006     0.79180    16.58801    64.09006
    78  H   1.0   0.083   1.007     3.26923    18.29255    62.75213
    79  H   1.0   0.081   1.003     3.60182     4.68085    52.81784
    80  H   1.0   0.081   1.001     3.51489     2.83837    50.31206
    81  H   1.0   0.081   1.002     0.43275     3.40340    51.79739
    82  H   1.0   0.080   0.999     2.67585     1.44564    45.90144
    83  H   1.0   0.080   1.000    -0.02268     0.82770    44.65233
    84  H   1.0   0.081   0.998    -0.02079     1.38517    47.86487
    85  H   1.0   0.084   1.013    -1.19809    13.54178    41.11666
    86  H   1.0   0.084   1.007     2.55869    17.74831    40.56108
    87  H   1.0   0.081   1.002     2.12972    11.21741    39.48204
    88  H   1.0   0.080   0.998     4.60904    12.80478    40.99949
    89  H   1.0   0.080   0.997     3.06891    13.97263    38.03829
    90  H   1.0   0.082   1.003    -2.41129    19.23363    42.62088
    91  H   1.0   0.082   1.005    -2.61160    17.39682    39.80519
    92  H   1.0   0.080   1.003     0.89384    21.14792    39.05875
    93  H   1.0   0.080   0.998    -2.00878    22.58789    39.94503
    94  H   1.0   0.080   0.999    -1.64217    20.18416    37.18225
    95  H   1.0   0.080   1.000     3.04246    26.74718    49.71491
    96  H   1.0   0.080   0.999     2.24877    25.65114    46.83497
    97  H   1.0   0.080   1.000     5.50855    25.64358    47.74582
    98  H   1.0   0.085   1.006     2.37728    21.08934    57.61019
    99  H   1.0   0.081   0.997    10.26688    21.28587    60.80760
   100  H   1.0   0.082   0.998     7.90094    19.59268    62.41576
   101  H   1.0   0.080   0.995     8.45085    22.79009    63.23401
   102  H   1.0   0.083   1.002     6.87293    11.41206    66.75646
   103  H   1.0   0.082   1.001     5.70886     9.07446    64.66075
   104  H   1.0   0.071   1.005     1.96154     8.55857    67.05504
   105  H   1.0   0.080   0.999     4.09126    13.72508    72.41997
   106  H   1.0   0.080   0.998     6.55924    13.03533    70.27513
   107  H   1.0   0.081   1.000     6.15295    11.12104    73.06625
   108  H   1.0   0.081   1.002    -0.41007     9.86815    71.36361
   109  H   1.0   0.083   1.011     1.50800     9.87193    73.97521
   110  H   1.0   0.082   1.004     2.15807     6.33625    74.94086
   111  H   1.0   0.082   1.003     3.39584     5.51422    71.98155
   112  H   1.0   0.082   1.004    -0.50456     4.19519    70.47544
   113  H   1.0   0.083   1.006    -2.23744     5.37249    73.31381
   114  H   1.0   0.084   1.012     0.69164     2.94419    75.75911
   115  H   1.0   0.081   1.003    -2.35271    -1.11872    74.46843
   116  H   1.0   0.081   0.999    -4.18007     1.43430    73.28924
   117  H   1.0   0.080   0.998    -3.26167     1.09226    76.64351
   118  H   1.0   0.083   1.005     2.51900     1.11683    71.12928
   119  H   1.0   0.082   1.003     0.86549    -1.49288    72.27068
   120  H   1.0   0.082   1.003     3.42040    -0.28535    76.43564
   121  H   1.0   0.082   1.004     5.35737     1.26234    74.23788
   122  H   1.0   0.082   1.003     6.43074    -2.40562    71.80203
   123  H   1.0   0.082   1.002     4.03456    -4.24621    72.98878
   124  H   1.0   0.084   1.010     8.45463    -5.23265    74.24922
   125  H   1.0   0.082   0.999     7.01655    -6.66695    78.41985
   126  H   1.0   0.081   0.999     4.41251    -6.58569    76.53390
   127  H   1.0   0.082   1.001     4.97187    -4.01378    78.61827
   128  H   1.0   0.082   1.002     8.55479    -1.47210    78.71653
   129  H   1.0   0.083   1.005     9.27100    -0.42519    75.55313
   130  H   1.0   0.082   1.004    12.47030    -3.32970    75.01078
   131  H   1.0   0.082   1.005    11.49142    -4.99833    77.98521
   132  H   1.0   0.082   1.005    13.20352    -2.04468    80.44563
   133  H   1.0   0.082   1.003    12.96163     0.54235    78.47087
   134  H   1.0   0.082   1.008    16.71274    -3.26923    76.79279
   135  H   1.0   0.080   0.998    17.03021    -2.20909    81.89316
   136  H   1.0   0.080   0.998    19.29977    -0.22866    80.48343
   137  H   1.0   0.079   0.996    19.53788    -3.50544    80.00722
   138  H   1.0   0.079   0.997    18.91049     0.53101    75.19597
   139  H   1.0   0.080   0.999    17.65571     2.33570    77.45987
   140  H   1.0   0.080   0.999    15.56189     1.33037    75.03157
 
  Z AO/shell   Hii/eV     exponent
  1     Sat Feb 20 21:38:01 CET 2016    EN: 2.327 GAM: 0.473  GM3: 0.0000
     1s    -13.751157    1.051071
  6     Sat Feb 20 21:38:01 CET 2016    EN: 2.731 GAM: 0.422  GM3: 0.0000
     2s    -19.378245    2.021003
     2p    -11.993376    1.497917
  7     Sat Feb 20 21:38:01 CET 2016    EN: 3.573 GAM: 0.504  GM3: 0.0000
     2s    -21.576984    2.275442
     2p    -16.125120    2.056788
  8     Sat Feb 20 21:38:01 CET 2016    EN: 3.700 GAM: 0.587  GM3: 0.0000
     2s    -21.648843    2.110798
     2p    -17.239740    2.329048
 12     Sat Feb 20 23:25:47 CET 2016    EN: 0.033 GAM: 0.222  GM3: 0.0000
     3s    -12.693633    1.302878
     3p     -8.128821    0.504252
 
 dipole moment of classical point charges (au)
     X       Y       Z   
  -0.1697  -0.5442   0.7814  total (Debye):    2.458

 
 Nbf   :          338
 T(el) :   300.0
 calculating S/T integrals ...
 cpu time for ints   0.139826000000000     
 Nao   :          338
 making H0...
 making H1...
 cpu time for H      1.129600000000000E-002
 solving ...
 cpu time for diag   7.052800000000001E-002
 
 gap (eV)           :   1.386
 Koopmans IP (eV)   :  12.257
 Eel (Eh)           :  -268.550396
 T,E(Fermi),NFOD :    300.000   -11.564  0.000000
 T,E(Fermi),NFOD :    300.000   -11.564  0.000000
 Nfod               :  0.0000
 Nfod/Nel           :  0.0000

          eigenvalues
 #    :         164        165        166        167        168        169        170        171
 occ. :        2.000      2.000      2.000      2.000      2.000      2.000      2.000      2.000
 eps  :       -16.302    -16.190    -16.024    -15.855    -15.798    -15.652    -15.374    -15.185
 #    :         172        173        174        175        176        177        178        179
 occ. :        2.000      2.000      2.000      2.000      2.000      0.000      0.000      0.000
 eps  :       -15.006    -14.937    -14.812    -13.260    -12.258    -10.872     -9.807     -8.635
 #    :         180        181        182        183        184        185        186        187
 occ. :        0.000      0.000      0.000      0.000      0.000      0.000      0.000      0.000
 eps  :        -8.494     -8.188     -8.155     -7.818     -7.608     -7.421     -7.405     -7.079
                            1  SCC done.
 making H1...
 cpu time for H      8.534000000000000E-002
 solving ...
 cpu time for diag   3.326300000000004E-002
 
 gap (eV)           :   1.580
 Koopmans IP (eV)   :  12.047
 Eel (Eh)           :  -265.321227
 T,E(Fermi),NFOD :    300.000   -11.257  0.000000
 T,E(Fermi),NFOD :    300.000   -11.257  0.000000
 Nfod               :  0.0000
 Nfod/Nel           :  0.0000

          eigenvalues
 #    :         164        165        166        167        168        169        170        171
 occ. :        2.000      2.000      2.000      2.000      2.000      2.000      2.000      2.000
 eps  :       -15.230    -15.142    -14.954    -14.911    -14.808    -14.536    -14.413    -14.379
 #    :         172        173        174        175        176        177        178        179
 occ. :        2.000      2.000      2.000      2.000      2.000      0.000      0.000      0.000
 eps  :       -14.272    -13.824    -13.476    -12.530    -12.048    -10.468     -9.103     -8.527
 #    :         180        181        182        183        184        185        186        187
 occ. :        0.000      0.000      0.000      0.000      0.000      0.000      0.000      0.000
 eps  :        -8.268     -8.125     -7.784     -7.682     -7.371     -7.326     -7.226     -6.732
                            2  SCC done.
 
 
 Mulliken/CM5 charges    n(s)   n(p)   n(d)   
    1 MG  0.2997  0.7513   0.666  1.034  0.000
    2 C   0.0238  0.0275   1.177  2.799  0.000
    3 C  -0.0241 -0.0668   1.117  2.907  0.000
    4 C  -0.0327 -0.0736   1.117  2.916  0.000
    5 C  -0.0163 -0.0576   1.125  2.891  0.000
    6 N  -0.1208 -0.3636   1.403  3.717  0.000
    7 C   0.0461  0.1128   1.233  2.720  0.000
    8 C  -0.0225 -0.0753   1.212  2.811  0.000
    9 C  -0.0195 -0.0756   1.227  2.792  0.000
   10 C   0.0089  0.0614   1.243  2.748  0.000
   11 C  -0.1007 -0.2487   1.109  2.992  0.000
   12 C  -0.0469 -0.1533   1.140  2.906  0.000
   13 C  -0.0545 -0.1557   1.134  2.920  0.000
   14 C   0.2257  0.2767   1.184  2.590  0.000
   15 O  -0.2730 -0.3279   1.621  4.652  0.000
   16 O  -0.1673 -0.2428   1.497  4.670  0.000
   17 N  -0.2259 -0.5086   1.388  3.838  0.000
   18 C  -0.0112  0.0504   1.211  2.800  0.000
   19 C  -0.0212 -0.0277   1.201  2.820  0.000
   20 C  -0.0677 -0.0636   1.201  2.867  0.000
   21 C   0.0199  0.0798   1.203  2.777  0.000
   22 C  -0.0776 -0.2227   1.076  3.002  0.000
   23 C   0.1610  0.1840   1.196  2.643  0.000
   24 O  -0.2344 -0.2855   1.629  4.605  0.000
   25 C  -0.1086 -0.2506   1.091  3.018  0.000
   26 N  -0.1780 -0.4624   1.406  3.772  0.000
   27 C   0.0340  0.0912   1.227  2.739  0.000
   28 C  -0.0241 -0.0826   1.205  2.819  0.000
   29 C  -0.0348 -0.0901   1.216  2.819  0.000
   30 C   0.0434  0.0955   1.223  2.733  0.000
   31 C  -0.0806 -0.2281   1.104  2.976  0.000
   32 C  -0.0730 -0.1845   1.162  2.911  0.000
   33 C  -0.0897 -0.2414   1.099  2.990  0.000
   34 N  -0.2192 -0.4754   1.404  3.815  0.000
   35 C   0.0227  0.0750   1.201  2.776  0.000
   36 C   0.0170  0.0117   1.203  2.780  0.000
   37 C  -0.0586 -0.0512   1.188  2.871  0.000
   38 C   0.0359  0.1070   1.186  2.778  0.000
   39 C  -0.0660 -0.2094   1.070  2.996  0.000
   40 C   0.1518  0.1858   1.197  2.651  0.000
   41 O  -0.2292 -0.2713   1.632  4.598  0.000
   42 C  -0.0411 -0.0841   1.207  2.834  0.000
   43 C   0.2012  0.2531   1.205  2.593  0.000
   44 O  -0.2650 -0.3102   1.641  4.624  0.000
   45 O  -0.1333 -0.2196   1.483  4.650  0.000
   46 C   0.0173 -0.1042   1.089  2.894  0.000
   47 C   0.0446 -0.0359   1.134  2.822  0.000
   48 C  -0.0749 -0.1304   1.154  2.921  0.000
   49 C  -0.0129 -0.0364   1.215  2.798  0.000
   50 C  -0.0859 -0.2315   1.086  3.000  0.000
   51 C  -0.0705 -0.1759   1.139  2.932  0.000
   52 C  -0.0641 -0.1775   1.163  2.901  0.000
   53 C  -0.0718 -0.1834   1.157  2.915  0.000
   54 C  -0.0337 -0.1091   1.209  2.825  0.000
   55 C  -0.0843 -0.2340   1.093  2.991  0.000
   56 C  -0.0815 -0.1935   1.161  2.921  0.000
   57 C  -0.0698 -0.1821   1.150  2.920  0.000
   58 C  -0.0702 -0.1805   1.164  2.906  0.000
   59 C  -0.0069 -0.0814   1.187  2.820  0.000
   60 C  -0.1007 -0.2515   1.093  3.008  0.000
   61 C  -0.0678 -0.1790   1.157  2.911  0.000
   62 C  -0.0483 -0.1609   1.147  2.901  0.000
   63 C  -0.0673 -0.1779   1.152  2.915  0.000
   64 C  -0.0309 -0.1047   1.208  2.823  0.000
   65 C  -0.1086 -0.2586   1.113  2.995  0.000
   66 C  -0.1001 -0.2500   1.102  2.998  0.000
   67 H   0.0557  0.1150   0.944  0.000  0.000
   68 H   0.0591  0.1250   0.941  0.000  0.000
   69 H   0.0517  0.1102   0.948  0.000  0.000
   70 H   0.0582  0.1264   0.942  0.000  0.000
   71 H   0.0556  0.1150   0.944  0.000  0.000
   72 H   0.0410  0.0942   0.959  0.000  0.000
   73 H   0.0404  0.0915   0.960  0.000  0.000
   74 H   0.0271  0.0793   0.973  0.000  0.000
   75 H   0.0383  0.0943   0.962  0.000  0.000
   76 H   0.0442  0.1026   0.956  0.000  0.000
   77 H   0.0542  0.1135   0.946  0.000  0.000
   78 H   0.0355  0.0980   0.965  0.000  0.000
   79 H   0.0531  0.1081   0.947  0.000  0.000
   80 H   0.0450  0.0987   0.955  0.000  0.000
   81 H   0.0606  0.1142   0.939  0.000  0.000
   82 H   0.0484  0.1017   0.952  0.000  0.000
   83 H   0.0372  0.0940   0.963  0.000  0.000
   84 H   0.0512  0.1045   0.949  0.000  0.000
   85 H   0.0621  0.1241   0.938  0.000  0.000
   86 H   0.0459  0.1073   0.954  0.000  0.000
   87 H   0.0346  0.0884   0.965  0.000  0.000
   88 H   0.0499  0.1031   0.950  0.000  0.000
   89 H   0.0469  0.0986   0.953  0.000  0.000
   90 H   0.0311  0.0877   0.969  0.000  0.000
   91 H   0.0286  0.0852   0.971  0.000  0.000
   92 H   0.0275  0.0815   0.972  0.000  0.000
   93 H   0.0537  0.1052   0.946  0.000  0.000
   94 H   0.0516  0.1034   0.948  0.000  0.000
   95 H   0.0453  0.0986   0.955  0.000  0.000
   96 H   0.0427  0.0951   0.957  0.000  0.000
   97 H   0.0545  0.1071   0.945  0.000  0.000
   98 H   0.0684  0.1323   0.932  0.000  0.000
   99 H   0.0511  0.1146   0.949  0.000  0.000
  100 H   0.0444  0.1096   0.956  0.000  0.000
  101 H   0.0495  0.1075   0.950  0.000  0.000
  102 H   0.0632  0.1293   0.937  0.000  0.000
  103 H   0.0559  0.1188   0.944  0.000  0.000
  104 H   0.0263  0.0853   0.974  0.000  0.000
  105 H   0.0428  0.0952   0.957  0.000  0.000
  106 H   0.0481  0.1021   0.952  0.000  0.000
  107 H   0.0413  0.0943   0.959  0.000  0.000
  108 H   0.0453  0.1008   0.955  0.000  0.000
  109 H   0.0373  0.0953   0.963  0.000  0.000
  110 H   0.0343  0.0905   0.966  0.000  0.000
  111 H   0.0267  0.0835   0.973  0.000  0.000
  112 H   0.0290  0.0854   0.971  0.000  0.000
  113 H   0.0349  0.0923   0.965  0.000  0.000
  114 H   0.0348  0.0968   0.965  0.000  0.000
  115 H   0.0358  0.0900   0.964  0.000  0.000
  116 H   0.0421  0.0947   0.958  0.000  0.000
  117 H   0.0409  0.0925   0.959  0.000  0.000
  118 H   0.0277  0.0850   0.972  0.000  0.000
  119 H   0.0259  0.0827   0.974  0.000  0.000
  120 H   0.0290  0.0856   0.971  0.000  0.000
  121 H   0.0280  0.0844   0.972  0.000  0.000
  122 H   0.0278  0.0834   0.972  0.000  0.000
  123 H   0.0374  0.0938   0.963  0.000  0.000
  124 H   0.0396  0.1000   0.960  0.000  0.000
  125 H   0.0280  0.0807   0.972  0.000  0.000
  126 H   0.0312  0.0839   0.969  0.000  0.000
  127 H   0.0296  0.0837   0.970  0.000  0.000
  128 H   0.0377  0.0940   0.962  0.000  0.000
  129 H   0.0274  0.0851   0.973  0.000  0.000
  130 H   0.0357  0.0925   0.964  0.000  0.000
  131 H   0.0406  0.0975   0.959  0.000  0.000
  132 H   0.0290  0.0857   0.971  0.000  0.000
  133 H   0.0339  0.0909   0.966  0.000  0.000
  134 H   0.0228  0.0824   0.977  0.000  0.000
  135 H   0.0313  0.0834   0.969  0.000  0.000
  136 H   0.0274  0.0795   0.973  0.000  0.000
  137 H   0.0398  0.0904   0.960  0.000  0.000
  138 H   0.0371  0.0881   0.963  0.000  0.000
  139 H   0.0259  0.0782   0.974  0.000  0.000
  140 H   0.0391  0.0917   0.961  0.000  0.000
 Hirshfeld charges for QMDFF written to <charges>
 
 Loewdin charges    n(s)   n(p)   n(d)
    1 MG  0.1396   0.677  1.183  0.000
    2 C   0.0238   1.137  2.839  0.000
    3 C  -0.0204   1.063  2.957  0.000
    4 C  -0.0291   1.062  2.967  0.000
    5 C  -0.0116   1.072  2.940  0.000
    6 N  -0.0879   1.361  3.727  0.000
    7 C   0.0465   1.198  2.756  0.000
    8 C  -0.0160   1.166  2.850  0.000
    9 C  -0.0097   1.182  2.828  0.000
   10 C   0.0129   1.207  2.780  0.000
   11 C  -0.1040   1.039  3.065  0.000
   12 C  -0.0418   1.080  2.962  0.000
   13 C  -0.0541   1.074  2.980  0.000
   14 C   0.2008   1.159  2.640  0.000
   15 O  -0.2565   1.589  4.667  0.000
   16 O  -0.1346   1.464  4.671  0.000
   17 N  -0.1930   1.345  3.848  0.000
   18 C  -0.0085   1.173  2.835  0.000
   19 C  -0.0098   1.157  2.852  0.000
   20 C  -0.0749   1.164  2.910  0.000
   21 C   0.0247   1.163  2.813  0.000
   22 C  -0.0801   1.001  3.079  0.000
   23 C   0.1609   1.160  2.680  0.000
   24 O  -0.2200   1.600  4.620  0.000
   25 C  -0.1177   1.020  3.098  0.000
   26 N  -0.1389   1.361  3.778  0.000
   27 C   0.0402   1.188  2.772  0.000
   28 C  -0.0153   1.158  2.858  0.000
   29 C  -0.0283   1.170  2.859  0.000
   30 C   0.0464   1.187  2.767  0.000
   31 C  -0.0811   1.032  3.049  0.000
   32 C  -0.0687   1.104  2.964  0.000
   33 C  -0.0902   1.027  3.063  0.000
   34 N  -0.1922   1.365  3.827  0.000
   35 C   0.0232   1.164  2.813  0.000
   36 C   0.0257   1.162  2.813  0.000
   37 C  -0.0682   1.151  2.917  0.000
   38 C   0.0410   1.145  2.814  0.000
   39 C  -0.0665   0.994  3.073  0.000
   40 C   0.1457   1.164  2.691  0.000
   41 O  -0.2132   1.601  4.612  0.000
   42 C  -0.0409   1.161  2.880  0.000
   43 C   0.1803   1.181  2.639  0.000
   44 O  -0.2544   1.615  4.639  0.000
   45 O  -0.0957   1.445  4.650  0.000
   46 C   0.0074   1.019  2.973  0.000
   47 C   0.0437   1.076  2.880  0.000
   48 C  -0.0746   1.105  2.969  0.000
   49 C  -0.0010   1.173  2.828  0.000
   50 C  -0.0882   1.013  3.076  0.000
   51 C  -0.0684   1.080  2.988  0.000
   52 C  -0.0599   1.106  2.954  0.000
   53 C  -0.0681   1.100  2.969  0.000
   54 C  -0.0242   1.162  2.862  0.000
   55 C  -0.0868   1.020  3.066  0.000
   56 C  -0.0803   1.104  2.976  0.000
   57 C  -0.0659   1.092  2.974  0.000
   58 C  -0.0677   1.107  2.961  0.000
   59 C   0.0052   1.137  2.858  0.000
   60 C  -0.1058   1.022  3.084  0.000
   61 C  -0.0649   1.100  2.965  0.000
   62 C  -0.0419   1.088  2.954  0.000
   63 C  -0.0649   1.095  2.970  0.000
   64 C  -0.0200   1.161  2.859  0.000
   65 C  -0.1123   1.043  3.069  0.000
   66 C  -0.1032   1.031  3.073  0.000
   67 H   0.0512   0.949  0.000  0.000
   68 H   0.0525   0.947  0.000  0.000
   69 H   0.0460   0.954  0.000  0.000
   70 H   0.0508   0.949  0.000  0.000
   71 H   0.0486   0.951  0.000  0.000
   72 H   0.0410   0.959  0.000  0.000
   73 H   0.0403   0.960  0.000  0.000
   74 H   0.0283   0.972  0.000  0.000
   75 H   0.0352   0.965  0.000  0.000
   76 H   0.0415   0.959  0.000  0.000
   77 H   0.0505   0.949  0.000  0.000
   78 H   0.0319   0.968  0.000  0.000
   79 H   0.0523   0.948  0.000  0.000
   80 H   0.0446   0.955  0.000  0.000
   81 H   0.0582   0.942  0.000  0.000
   82 H   0.0492   0.951  0.000  0.000
   83 H   0.0367   0.963  0.000  0.000
   84 H   0.0512   0.949  0.000  0.000
   85 H   0.0557   0.944  0.000  0.000
   86 H   0.0405   0.959  0.000  0.000
   87 H   0.0349   0.965  0.000  0.000
   88 H   0.0486   0.951  0.000  0.000
   89 H   0.0458   0.954  0.000  0.000
   90 H   0.0290   0.971  0.000  0.000
   91 H   0.0273   0.973  0.000  0.000
   92 H   0.0291   0.971  0.000  0.000
   93 H   0.0519   0.948  0.000  0.000
   94 H   0.0502   0.950  0.000  0.000
   95 H   0.0438   0.956  0.000  0.000
   96 H   0.0422   0.958  0.000  0.000
   97 H   0.0526   0.947  0.000  0.000
   98 H   0.0603   0.940  0.000  0.000
   99 H   0.0466   0.953  0.000  0.000
  100 H   0.0411   0.959  0.000  0.000
  101 H   0.0463   0.954  0.000  0.000
  102 H   0.0558   0.944  0.000  0.000
  103 H   0.0492   0.951  0.000  0.000
  104 H   0.0203   0.980  0.000  0.000
  105 H   0.0419   0.958  0.000  0.000
  106 H   0.0472   0.953  0.000  0.000
  107 H   0.0405   0.959  0.000  0.000
  108 H   0.0419   0.958  0.000  0.000
  109 H   0.0356   0.964  0.000  0.000
  110 H   0.0329   0.967  0.000  0.000
  111 H   0.0244   0.976  0.000  0.000
  112 H   0.0263   0.974  0.000  0.000
  113 H   0.0323   0.968  0.000  0.000
  114 H   0.0311   0.969  0.000  0.000
  115 H   0.0366   0.963  0.000  0.000
  116 H   0.0414   0.959  0.000  0.000
  117 H   0.0399   0.960  0.000  0.000
  118 H   0.0262   0.974  0.000  0.000
  119 H   0.0252   0.975  0.000  0.000
  120 H   0.0271   0.973  0.000  0.000
  121 H   0.0260   0.974  0.000  0.000
  122 H   0.0255   0.974  0.000  0.000
  123 H   0.0355   0.964  0.000  0.000
  124 H   0.0341   0.966  0.000  0.000
  125 H   0.0287   0.971  0.000  0.000
  126 H   0.0319   0.968  0.000  0.000
  127 H   0.0302   0.970  0.000  0.000
  128 H   0.0348   0.965  0.000  0.000
  129 H   0.0252   0.975  0.000  0.000
  130 H   0.0325   0.968  0.000  0.000
  131 H   0.0370   0.963  0.000  0.000
  132 H   0.0274   0.973  0.000  0.000
  133 H   0.0318   0.968  0.000  0.000
  134 H   0.0184   0.982  0.000  0.000
  135 H   0.0322   0.968  0.000  0.000
  136 H   0.0284   0.972  0.000  0.000
  137 H   0.0393   0.961  0.000  0.000
  138 H   0.0368   0.963  0.000  0.000
  139 H   0.0271   0.973  0.000  0.000
  140 H   0.0388   0.961  0.000  0.000
 
 Wiberg/Mayer (AO) data. WBOs > 0.1 written file <wbo>
 largest (>0.05) Wiberg bond orders for each atom
           total WBO             WBO to atom ...
     1  MG  2.541    N   17 0.504    N   34 0.501    N   26 0.456    N    6 0.377    C   27 0.052    C   18 0.052
     2  C   3.878    C    7 1.379    C   38 1.214    C   42 0.950
     3  C   3.931    C   10 1.563    C   18 1.178    H   67 0.929
     4  C   3.929    C   27 1.374    C   21 1.352    H   68 0.926
     5  C   3.931    C   30 1.462    C   35 1.272    H   69 0.932
     6  N   3.351    C    7 1.313    C   10 1.171    MG   1 0.377    C   18 0.055
     7  C   3.871    C    2 1.379    N    6 1.313    C    8 0.911
     8  C   3.926    C    9 0.968    H   70 0.936    C   12 0.934    C    7 0.911
     9  C   3.919    C    8 0.968    C   11 0.961    H   71 0.951    C   10 0.874
    10  C   3.855    C    3 1.563    N    6 1.171    C    9 0.874
    11  C   3.964    H   74 0.981    H   73 0.978    H   72 0.976    C    9 0.961
    12  C   3.951    C   13 1.004    H   75 0.962    H   76 0.954    C    8 0.934
    13  C   3.969    C   12 1.004    H   78 0.963    H   77 0.938    C   14 0.911    O   15 0.087
    14  C   3.886    O   15 1.844    O   16 1.082    C   13 0.911
    15  O   2.150    C   14 1.844    O   16 0.163    C   13 0.087
    16  O   2.294    C   14 1.082    C   47 0.935    O   15 0.163
    17  N   3.324    C   18 1.213    C   21 1.150    MG   1 0.504    C   20 0.064    C   27 0.050
    18  C   3.848    N   17 1.213    C    3 1.178    C   19 1.159    N    6 0.055    MG   1 0.052
    19  C   3.882    C   20 1.459    C   18 1.159    C   22 1.009    O   24 0.054
    20  C   3.875    C   19 1.459    C   21 1.100    C   23 0.976    O   24 0.080    N   17 0.064
    21  C   3.875    C    4 1.352    N   17 1.150    C   20 1.100    N   26 0.055
    22  C   3.979    C   19 1.009    H   79 0.969    H   80 0.965    H   81 0.956
    23  C   3.891    O   24 1.830    C   25 0.987    C   20 0.976
    24  O   2.154    C   23 1.830    C   20 0.080    C   25 0.071    C   19 0.054
    25  C   3.974    C   23 0.987    H   83 0.965    H   84 0.955    H   82 0.946    O   24 0.071
    26  N   3.359    C   27 1.268    C   30 1.161    MG   1 0.456    C   21 0.055
    27  C   3.859    C    4 1.374    N   26 1.268    C   28 0.935    MG   1 0.052    N   17 0.050
    28  C   3.928    C   31 0.966    C   29 0.946    H   85 0.936    C   27 0.935
    29  C   3.928    C   30 0.946    C   28 0.946    H   86 0.940    C   32 0.935
    30  C   3.848    C    5 1.462    N   26 1.161    C   29 0.946    C   36 0.052
    31  C   3.969    H   87 0.976    H   88 0.976    H   89 0.975    C   28 0.966
    32  C   3.943    C   33 1.001    H   91 0.970    H   90 0.968    C   29 0.935
    33  C   3.979    C   32 1.001    H   94 0.982    H   92 0.982    H   93 0.979
    34  N   3.287    C   38 1.227    C   35 1.088    MG   1 0.501    C   37 0.068    C   36 0.052
    35  C   3.866    C    5 1.272    C   36 1.248    N   34 1.088
    36  C   3.868    C   37 1.289    C   35 1.248    C   39 1.018    C   30 0.052    N   34 0.052
    37  C   3.890    C   36 1.289    C   38 1.204    C   40 1.058    O   41 0.075    N   34 0.068
    38  C   3.910    N   34 1.227    C    2 1.214    C   37 1.204
    39  C   3.982    C   36 1.018    H   96 0.970    H   95 0.970    H   97 0.955
    40  C   3.889    O   41 1.829    C   37 1.058    C   42 0.851
    41  O   2.167    C   40 1.829    C   42 0.087    C   37 0.075
    42  C   3.937    C    2 0.950    H   98 0.926    C   43 0.903    C   40 0.851    O   41 0.087    O   44 0.079
    43  C   3.880    O   44 1.795    O   45 1.106    C   42 0.903
    44  O   2.116    C   43 1.795    O   45 0.163    C   42 0.079
    45  O   2.314    C   43 1.106    C   46 0.973    O   44 0.163
    46  C   3.944    H  101 0.987    H  100 0.984    H   99 0.980    O   45 0.973
    47  C   3.934    C   48 0.998    H  103 0.969    H  102 0.958    O   16 0.935
    48  C   3.961    C   49 1.899    C   47 0.998    H  104 0.940
    49  C   3.935    C   48 1.899    C   50 0.974    C   51 0.970
    50  C   3.988    C   49 0.974    H  107 0.974    H  105 0.973    H  106 0.973
    51  C   3.961    C   49 0.970    H  109 0.968    H  108 0.957    C   52 0.947
    52  C   3.958    C   53 0.996    H  111 0.971    H  110 0.967    C   51 0.947
    53  C   3.967    C   52 0.996    H  112 0.969    H  113 0.964    C   54 0.959
    54  C   3.933    C   55 1.003    C   53 0.959    H  114 0.949    C   56 0.944
    55  C   3.982    C   54 1.003    H  117 0.976    H  116 0.975    H  115 0.971
    56  C   3.960    C   57 1.004    H  118 0.968    H  119 0.962    C   54 0.944
    57  C   3.965    C   56 1.004    H  121 0.973    H  120 0.968    C   58 0.962
    58  C   3.954    C   59 0.971    H  122 0.971    C   57 0.962    H  123 0.960
    59  C   3.945    C   60 1.015    C   58 0.971    C   61 0.951    H  124 0.945
    60  C   3.984    C   59 1.015    H  127 0.977    H  125 0.973    H  126 0.970
    61  C   3.965    C   62 0.992    H  129 0.971    H  128 0.966    C   59 0.951
    62  C   3.971    C   61 0.992    C   63 0.983    H  131 0.971    H  130 0.970
    63  C   3.961    C   62 0.983    C   64 0.970    H  132 0.966    H  133 0.962
    64  C   3.933    C   66 0.991    C   63 0.970    C   65 0.967    H  134 0.962
    65  C   3.976    H  137 0.983    H  136 0.983    H  135 0.981    C   64 0.967
    66  C   3.979    C   64 0.991    H  139 0.981    H  138 0.978    H  140 0.976
    67  H   0.994    C    3 0.929
    68  H   0.993    C    4 0.926
    69  H   0.994    C    5 0.932
    70  H   0.994    C    8 0.936
    71  H   0.995    C    9 0.951
    72  H   0.997    C   11 0.976
    73  H   0.996    C   11 0.978
    74  H   0.998    C   11 0.981
    75  H   0.996    C   12 0.962
    76  H   0.996    C   12 0.954
    77  H   0.995    C   13 0.938
    78  H   0.999    C   13 0.963
    79  H   0.994    C   22 0.969
    80  H   0.994    C   22 0.965
    81  H   0.990    C   22 0.956
    82  H   0.997    C   25 0.946
    83  H   0.996    C   25 0.965
    84  H   0.997    C   25 0.955
    85  H   0.994    C   28 0.936
    86  H   0.995    C   29 0.940
    87  H   0.997    C   31 0.976
    88  H   0.997    C   31 0.976
    89  H   0.996    C   31 0.975
    90  H   0.998    C   32 0.968
    91  H   0.997    C   32 0.970
    92  H   0.999    C   33 0.982
    93  H   0.996    C   33 0.979
    94  H   0.997    C   33 0.982
    95  H   0.995    C   39 0.970
    96  H   0.994    C   39 0.970
    97  H   0.990    C   39 0.955
    98  H   0.991    C   42 0.926
    99  H   0.997    C   46 0.980
   100  H   0.998    C   46 0.984
   101  H   0.997    C   46 0.987
   102  H   0.996    C   47 0.958
   103  H   0.996    C   47 0.969
   104  H   0.999    C   48 0.940
   105  H   0.998    C   50 0.973
   106  H   0.997    C   50 0.973
   107  H   0.998    C   50 0.974
   108  H   0.998    C   51 0.957
   109  H   0.997    C   51 0.968
   110  H   0.998    C   52 0.967
   111  H   0.999    C   52 0.971
   112  H   0.999    C   53 0.969
   113  H   0.998    C   53 0.964
   114  H   0.999    C   54 0.949
   115  H   0.997    C   55 0.971
   116  H   0.998    C   55 0.975
   117  H   0.997    C   55 0.976
   118  H   0.999    C   56 0.968
   119  H   0.999    C   56 0.962
   120  H   0.999    C   57 0.968
   121  H   0.999    C   57 0.973
   122  H   0.999    C   58 0.971
   123  H   0.997    C   58 0.960
   124  H   0.997    C   59 0.945
   125  H   0.999    C   60 0.973
   126  H   0.998    C   60 0.970
   127  H   0.999    C   60 0.977
   128  H   0.999    C   61 0.966
   129  H   0.999    C   61 0.971
   130  H   0.999    C   62 0.970
   131  H   0.998    C   62 0.971
   132  H   0.999    C   63 0.966
   133  H   0.999    C   63 0.962
   134  H   0.999    C   64 0.962
   135  H   0.999    C   65 0.981
   136  H   0.999    C   65 0.983
   137  H   0.998    C   65 0.983
   138  H   0.998    C   66 0.978
   139  H   0.999    C   66 0.981
   140  H   0.998    C   66 0.976
 
 --------------------------------------------
          xTB calculation for sTDA...
 --------------------------------------------
 
 reading parameter file ~/.param_stda2.xtb
 
      method parameters     
 k(s)        :  1.6000
 k(p)        :  2.1800
 k(d)        :  1.9500
 k(f)        :  2.0000
 k(R-V)      :  2.2750
 k(R-R)      :  1.7650
 Tscal       :  0.2580
 Gscal       :  1.0000
 fpol        :  1.0000
 Zcnf        :  0.3430
 Zqf         :  0.0000
 kcn         :  2.7000
 Ryd Hsplit  :  0.7000
 lshift(virt):  3.1000
 lshift(OS)  :  0.2000
 wllscaling  :  2.6000
 
 mowrcut     : 3.000
 
  Z AO/shell   Hii/eV     exponent
  1     Sun Feb 14 09:53:25 CET 2016    EN: 2.327 GAM: 0.473  GM3: 0.0000
     1s    -14.339618    1.220000
     2sp    -3.348946    0.600000
  6     Sun Feb 14 09:53:25 CET 2016    EN: 2.731 GAM: 0.422  GM3: 0.0000
     2s    -22.009312    1.565095
     2p    -13.020408    1.596905
     3sp    -3.914040    0.824500
  7     Sun Feb 14 09:53:25 CET 2016    EN: 3.573 GAM: 0.504  GM3: 0.0000
     2s    -25.722000    2.064844
     2p    -18.684912    1.801692
     3sp    -4.344791    0.921400
  8     Sun Feb 14 09:53:25 CET 2016    EN: 3.700 GAM: 0.587  GM3: 0.0000
     2s    -33.859000    2.418661
     2p    -22.175911    1.973969
     3sp    -4.259392    1.013700
 12     Sun Feb 21 16:58:31 CET 2016    EN: 0.033 GAM: 0.222  GM3: 0.0000
     3s    -11.092543    1.647583
     3p     -6.929529    0.855020
 
 Nbf   :          894
 T(el) :     0.0
 calculating S/T integrals ...
 cpu time for ints    1.32002200000000     
 Nao   :          894
 making H0...
 making H1...
 cpu time for H      2.258900000000019E-002
 solving ...
 cpu time for diag   0.311320000000000     
 
 gap (eV)           :   4.725
 Koopmans IP (eV)   :  13.382
 Eel (Eh)           :  -301.088346

          eigenvalues
 #    :         164        165        166        167        168        169        170        171
 occ. :        2.000      2.000      2.000      2.000      2.000      2.000      2.000      2.000
 eps  :       -17.422    -17.275    -17.030    -16.469    -16.334    -16.180    -15.981    -15.815
 #    :         172        173        174        175        176        177        178        179
 occ. :        2.000      2.000      2.000      2.000      2.000      0.000      0.000      0.000
 eps  :       -15.609    -15.478    -15.199    -14.021    -13.383     -8.658     -6.934     -6.668
 #    :         180        181        182        183        184        185        186        187
 occ. :        0.000      0.000      0.000      0.000      0.000      0.000      0.000      0.000
 eps  :        -6.294     -6.185     -5.755     -5.674     -5.268     -5.169     -5.107     -5.000
                            1  SCC done.
 writing mo output ...
 molden style : F
 
speedup  1.08
cpu  time for all    2.21 s
wall time for all    2.04 s
