cpu-bind=MASK - bp1-compute148, task 4294967295 4294967295 [0]: mask 0xffffff00ffffff set
Host:    bp1-compute148.data.bp.acrc.priv
Time:    Fri Apr 29 05:42:03 BST 2022
Dir:     /user/home/of15641/chlorophyll_parameterization/tddft_data/step_1_chromophore_25
Job ID:  1658608
Nodelist:
cat: bp1-compute148: No such file or directory
  
Result dir: /user/home/of15641/chlorophyll_parameterization/tddft_data/step_1_chromophore_25
running gaussian jobs
Running time g16 < CAMB3LYP_step_1_chromophore_25.com > CAMB3LYP_step_1_chromophore_25.log

real	24m47.360s
user	582m16.236s
sys	0m57.643s
Running time g16 < PBE0_step_1_chromophore_25.com > PBE0_step_1_chromophore_25.log

real	20m16.485s
user	483m34.243s
sys	0m55.921s
Running time g16 < wB97XD_step_1_chromophore_25.com > wB97XD_step_1_chromophore_25.log

real	25m28.941s
user	598m57.404s
sys	0m52.263s
Running time g16 < BLYP_step_1_chromophore_25.com > BLYP_step_1_chromophore_25.log

real	12m55.208s
user	307m38.802s
sys	0m40.720s
Running time g16 < ZINDO_step_1_chromophore_25.com > ZINDO_step_1_chromophore_25.log

real	0m6.656s
user	2m25.042s
sys	0m2.474s
