cpu-bind=MASK - bp1-compute215, task 4294967295 4294967295 [0]: mask 0x3fffffc03fffffc set
Host:    bp1-compute215.data.bp.acrc.priv
Time:    Thu May  5 02:03:34 BST 2022
Dir:     /user/home/of15641/chlorophyll_parameterization/tddft_data/step_551_chromophore_14
Job ID:  1692340
Nodelist:
cat: bp1-compute215: No such file or directory
  
Result dir: /user/home/of15641/chlorophyll_parameterization/tddft_data/step_551_chromophore_14
running gaussian jobs
Running time g16 < CAMB3LYP_step_551_chromophore_14.com > CAMB3LYP_step_551_chromophore_14.log

real	37m47.685s
user	890m3.832s
sys	2m23.746s
Running time g16 < PBE0_step_551_chromophore_14.com > PBE0_step_551_chromophore_14.log

real	18m0.337s
user	430m2.301s
sys	0m22.350s
Running time g16 < wB97XD_step_551_chromophore_14.com > wB97XD_step_551_chromophore_14.log

real	51m54.682s
user	1227m39.082s
sys	1m13.972s
Running time g16 < BLYP_step_551_chromophore_14.com > BLYP_step_551_chromophore_14.log

real	15m18.414s
user	364m23.367s
sys	0m50.472s
Running time g16 < ZINDO_step_551_chromophore_14.com > ZINDO_step_551_chromophore_14.log

real	0m8.142s
user	2m46.900s
sys	0m2.732s
