 
        ______________________________________
       |                                      |
       |          ===================         |
       |             xTB for sTDA             |
       |          ===================         |
       |               S. Grimme              |
       |        Universitaet Bonn, MCTC       |
       |         2015-19, Version 1.0         |
       |     Wed Apr  3 09:14:55 CEST 2019    |
       |______________________________________|
 
        This code comes without any warranty
        for non-commercial, academia use only.
        Preliminary test version.
        Cite this work as:
        S. Grimme  &  C. Bannwarth, JCP 145 (2016) 054103
        if GBSA is used additionally:
        P. Shushkov, F. März, C. Bannwarth, S. Grimme, unpublished.
 
        with help from
        P. Shushkov, G. Brandenburg, S. Dohm, J. Pisarek,
        F. März, M. Checinski, S. Ehrlich, S. Spicher, 
        P. Pracht, E. Caldeweyher, S. Ehlert, and C. Bannwarth.
 
        usage        :
        xtb4stda <coord_file> [options]
        where <coord_file> is a valid file of TM)
        (*coord, Bohr) or xmol (*xyz, Angstroem)
        format.

        options:
        -chrg <int>   : molecular charge
        -uhf  <int>   : # of unpaired electrons(=2*S)
        -nox          : skip second, extended part in sTDA-xTB
        -pop          : do population analysis
                      : (default for -nox)
        -mowr <real>  : cut MO write above (def.3 Eh)
        -molden       : write formatted molden file
        -parx <file>  : read parameters for sTDA-xTB
                        calc (def:~/.param_stda2.xtb)
        -parv <file>  : read parameters for vTB part in
                        sTDA-xTB (def: ~/.param_stda1.xtb)
        -xtemp <real> : el. temp for xTB (def. 0 K)
        -etemp <real> : el. temp for GFN (def. 300 K)
        -fod          : calculate the FOD and write
                        molden.input file with
                        appropriate occupations
                        for plotting. Def. T=12500 K
 
        -acc <real>   : xTB accuracy (def. 1.0)
        -gbsa [string1] [string2]
                        use GBSA implicit solvent
                        for solvent [string1] and
                        solvation state [string2]=
                        reference, bar1M (default=1M)
        additional GFN/opt/MD/siman options read from
        $XTB4STDAHOME/.xtb4stdarc or $set in input
 
       spin and charge state information can be on:
       <.CHRG> (charge) and <.UHF> (=nalpha-nbeta)
       -uhf and -chrg override the file info.
       useful machine settings:
       setenv MKL_NUM_THREADS <NCORE_ON_YOUR_MACHINE>
       setenv OMP_STACKSIZE 500m
       limit stacksize unlimited
 
       total energies in Eh, gaps/HL energies in eV
       please read REVISION and HOWTO files carefully
 =============================
  # OMP threads =           4
 =============================
 
 xtb4stdahome directory:~/
 
 
 name of molecule           :
 comment line               :
 number of atoms            :   140
 number of electrons        :   352
 charge                     :  0
 spin                       : 0.0
 first test random number   :  0.3162
 
 -----------------------------------------
      charge density (VTB) calculation
 -----------------------------------------
 
      method parameters     
 k(s)        :  1.8000
 k(p)        :  2.8350
 k(d)        :  2.0860
 k(f)        :  2.0000
 Tscal       :  0.3300
 Gscal       :  0.3910
 fpol        :  1.0000
 Zcnf        :  0.6500
 Zqf         :  0.0000
 kcn         :  0.3000
 kEN1        : -0.5900
 wllscal     :  2.6000
 
     -------------------------
     ! NO SOLVENT MODEL USED !
     -------------------------
 
 doing EN charges ...
 sum q : -0.5551115D-14
 point charge moment (au)
     X       Y       Z   
   0.2698   0.3777   0.3736  total (Debye):    1.514
 
            Z      q(EN)   CN      Cart. coordinates
     1  MG  2.0   0.881   4.761    89.42561    29.23595    53.11453
     2  C   4.0   0.017   3.309    85.81435    28.63124    58.66087
     3  C   4.0  -0.059   3.147    92.47752    34.24372    55.96045
     4  C   4.0  -0.059   3.169    92.55122    30.00129    47.80062
     5  C   4.0  -0.055   3.151    84.63138    25.86468    49.85097
     6  N   5.0  -0.355   3.101    89.26309    31.10111    57.01303
     7  C   4.0   0.109   3.333    87.86659    30.33010    59.00858
     8  C   4.0  -0.093   4.142    88.84924    31.65102    61.47845
     9  C   4.0  -0.094   4.124    90.47252    33.90924    60.32761
    10  C   4.0   0.102   3.319    90.59157    33.23839    57.47224
    11  C   4.0  -0.237   4.030    89.26687    36.55675    60.74335
    12  C   4.0  -0.165   4.097    90.30622    29.50429    62.91087
    13  C   4.0  -0.168   4.068    90.18339    29.78208    65.64719
    14  C   4.0   0.172   3.115    92.84413    29.86145    66.93220
    15  O   6.0  -0.109   1.038    94.58267    28.48384    66.44276
    16  O   6.0  -0.105   2.036    92.65893    31.63968    68.92397
    17  N   5.0  -0.468   3.228    92.43783    31.49039    52.11297
    18  C   4.0   0.085   3.449    93.33545    33.41791    53.53027
    19  C   4.0   0.011   3.282    95.23085    34.77285    51.93912
    20  C   4.0   0.006   3.255    95.58045    33.35555    49.72058
    21  C   4.0   0.091   3.504    93.42994    31.54520    49.79995
    22  C   4.0  -0.248   4.031    96.61791    37.09343    52.75737
    23  C   4.0   0.124   3.053    97.48907    33.78263    47.61920
    24  O   6.0  -0.116   1.074    97.60057    32.40124    45.82019
    25  C   4.0  -0.251   4.050    99.29943    35.88779    47.71369
    26  N   5.0  -0.408   3.141    88.58279    28.11534    49.33130
    27  C   4.0   0.100   3.395    90.34213    28.49140    47.55117
    28  C   4.0  -0.093   4.107    89.57301    27.28764    44.90934
    29  C   4.0  -0.094   4.130    87.27510    25.61712    45.70680
    30  C   4.0   0.090   3.339    86.69874    26.53742    48.47525
    31  C   4.0  -0.237   4.029    88.88515    29.34177    42.94213
    32  C   4.0  -0.162   4.022    87.80990    22.66537    45.69924
    33  C   4.0  -0.237   3.993    87.22219    21.16493    43.19536
    34  N   5.0  -0.424   3.206    85.89371    27.61834    53.89120
    35  C   4.0   0.089   3.487    84.20052    26.35979    52.46635
    36  C   4.0   0.016   3.268    82.08214    25.43949    53.99703
    37  C   4.0   0.006   3.398    82.64905    26.36357    56.48391
    38  C   4.0   0.066   3.715    84.90539    27.67315    56.28171
    39  C   4.0  -0.248   4.024    79.85793    23.98062    53.18445
    40  C   4.0   0.117   3.218    81.87238    26.21995    59.05772
    41  O   6.0  -0.107   1.047    80.12249    25.18249    60.06872
    42  C   4.0  -0.121   4.238    83.90761    27.75252    60.61863
    43  C   4.0   0.169   3.207    82.76055    29.88224    61.69577
    44  O   6.0  -0.092   1.053    81.55868    31.56031    60.60162
    45  O   6.0  -0.109   2.045    83.26699    29.86901    64.29037
    46  C   4.0  -0.198   4.035    82.43929    32.16125    65.60751
    47  C   4.0  -0.133   4.082    94.99652    31.60945    70.38851
    48  C   4.0  -0.056   3.096    94.89448    33.72027    72.38406
    49  C   4.0   0.019   3.061    96.63870    35.23583    73.50467
    50  C   4.0  -0.252   4.051    99.38447    34.77474    72.98689
    51  C   4.0  -0.173   4.059    95.88092    37.52996    75.16007
    52  C   4.0  -0.165   4.066    96.31744    40.15290    73.73144
    53  C   4.0  -0.164   4.083    98.69094    41.32453    74.76134
    54  C   4.0  -0.091   4.092   100.22540    42.28829    72.43886
    55  C   4.0  -0.238   4.035   102.80865    43.47692    73.46310
    56  C   4.0  -0.164   4.079    98.84023    44.33297    70.89874
    57  C   4.0  -0.164   4.065   100.10256    44.25549    68.24556
    58  C   4.0  -0.163   4.061    99.97406    46.86142    66.95677
    59  C   4.0  -0.088   4.046   100.08745    46.58363    63.91620
    60  C   4.0  -0.240   4.063   101.50663    48.90989    62.94866
    61  C   4.0  -0.165   4.077    97.47773    46.56663    62.74079
    62  C   4.0  -0.163   4.042    97.14892    44.24793    60.95311
    63  C   4.0  -0.164   4.064    97.00530    44.93201    58.01837
    64  C   4.0  -0.087   4.012    94.29166    44.80729    57.01114
    65  C   4.0  -0.240   4.036    93.48474    41.84231    57.16988
    66  C   4.0  -0.239   4.040    94.09323    45.61609    54.24836
    67  H   1.0   0.071   1.008    92.87058    36.19392    56.50848
    68  H   1.0   0.071   1.006    93.67183    30.22995    46.08286
    69  H   1.0   0.070   1.005    83.28967    24.58344    48.94579
    70  H   1.0   0.085   1.006    87.35636    32.35967    62.71056
    71  H   1.0   0.084   1.007    92.21485    33.88657    61.42365
    72  H   1.0   0.081   0.999    89.34246    37.63011    58.98780
    73  H   1.0   0.080   0.997    90.23252    37.80775    62.06427
    74  H   1.0   0.081   0.999    87.34502    36.28085    61.43121
    75  H   1.0   0.084   1.006    92.26020    29.47784    62.26269
    76  H   1.0   0.083   1.007    89.49553    27.67315    62.42521
    77  H   1.0   0.083   1.010    89.28010    28.01141    66.18576
    78  H   1.0   0.083   1.004    89.04011    31.38835    66.23867
    79  H   1.0   0.080   0.999    98.57188    36.62478    53.21468
    80  H   1.0   0.081   1.000    95.67871    38.04963    54.32017
    81  H   1.0   0.081   1.000    96.70295    38.48049    51.23803
    82  H   1.0   0.081   1.004    98.10323    37.56208    47.76660
    83  H   1.0   0.081   0.999   100.38035    36.02007    45.96569
    84  H   1.0   0.081   1.002   100.39169    35.64212    49.44468
    85  H   1.0   0.084   1.006    91.08479    26.02153    44.31407
    86  H   1.0   0.084   1.007    85.75576    26.13680    44.41612
    87  H   1.0   0.080   0.997    89.82812    31.17103    43.04229
    88  H   1.0   0.081   1.000    86.86125    29.68004    43.11410
    89  H   1.0   0.080   0.998    89.11948    28.54053    41.05808
    90  H   1.0   0.082   1.005    86.44740    21.86602    47.02016
    91  H   1.0   0.081   1.002    89.74875    22.24207    46.24915
    92  H   1.0   0.079   0.997    88.82846    20.10857    42.45647
    93  H   1.0   0.080   1.000    86.94818    22.61813    41.76105
    94  H   1.0   0.079   0.996    85.52711    19.99330    43.18402
    95  H   1.0   0.080   0.999    79.64250    23.90503    51.13787
    96  H   1.0   0.081   1.003    78.26678    24.93871    54.07451
    97  H   1.0   0.080   1.002    80.14517    22.09090    53.95168
    98  H   1.0   0.086   1.010    84.90539    26.59789    62.00002
    99  H   1.0   0.080   0.996    84.06068    32.79241    66.70922
   100  H   1.0   0.080   0.995    80.94074    31.80787    66.97567
   101  H   1.0   0.081   0.997    81.75710    33.68625    64.40375
   102  H   1.0   0.082   1.001    96.58011    31.93448    69.11106
   103  H   1.0   0.082   1.001    95.56911    29.91625    71.41463
   104  H   1.0   0.071   1.006    92.97074    34.38167    72.70532
   105  H   1.0   0.081   0.999    99.70194    33.41413    71.47321
   106  H   1.0   0.080   0.999   100.32366    34.17758    74.71976
   107  H   1.0   0.082   1.003   100.07044    36.63801    72.44075
   108  H   1.0   0.082   1.001    96.83523    37.46193    76.98366
   109  H   1.0   0.082   1.003    93.88914    37.69625    75.65707
   110  H   1.0   0.082   1.003    94.75464    41.45114    74.07348
   111  H   1.0   0.083   1.004    96.37224    40.04140    71.67542
   112  H   1.0   0.083   1.007    99.99107    39.92613    75.53235
   113  H   1.0   0.082   1.004    98.08812    42.91001    75.93108
   114  H   1.0   0.084   1.007   100.85278    40.72737    71.25212
   115  H   1.0   0.081   0.999   103.10723    42.78529    75.37928
   116  H   1.0   0.080   0.997   103.12046    45.48003    73.10027
   117  H   1.0   0.080   0.999   104.23539    42.51505    72.33115
   118  H   1.0   0.082   1.002    98.96117    46.08097    71.98533
   119  H   1.0   0.083   1.003    96.83523    43.90211    70.70788
   120  H   1.0   0.083   1.005    99.03109    42.76828    67.30826
   121  H   1.0   0.083   1.003   102.03386    43.55440    68.37217
   122  H   1.0   0.082   1.002   101.56899    47.96124    67.65975
   123  H   1.0   0.082   1.002    98.25063    47.87810    67.44054
   124  H   1.0   0.083   1.007   101.12868    44.88855    63.38519
   125  H   1.0   0.080   0.997   103.56076    48.82107    63.08661
   126  H   1.0   0.081   1.001   100.70917    50.51426    63.96344
   127  H   1.0   0.081   1.000   101.07388    49.16311    60.95122
   128  H   1.0   0.083   1.003    96.98452    48.29573    61.73735
   129  H   1.0   0.082   1.004    95.92249    46.39088    64.08061
   130  H   1.0   0.083   1.005    95.30266    43.47504    61.43688
   131  H   1.0   0.082   1.002    98.64936    42.85898    61.19500
   132  H   1.0   0.082   1.002    98.25630    43.64322    57.01114
   133  H   1.0   0.082   1.003    97.67804    46.81796    57.53271
   134  H   1.0   0.082   1.008    93.04066    45.54051    58.47379
   135  H   1.0   0.080   0.998    92.39437    41.54374    58.89142
   136  H   1.0   0.080   0.997    95.05699    40.51383    57.26437
   137  H   1.0   0.080   0.997    92.02587    41.32831    55.80928
   138  H   1.0   0.081   1.000    92.23563    46.49293    54.10663
   139  H   1.0   0.080   0.998    94.25764    44.10620    52.85752
   140  H   1.0   0.080   0.999    95.38581    47.17512    53.87420
 
  Z AO/shell   Hii/eV     exponent
  1     Sat Feb 20 21:38:01 CET 2016    EN: 2.327 GAM: 0.473  GM3: 0.0000
     1s    -13.751157    1.051071
  6     Sat Feb 20 21:38:01 CET 2016    EN: 2.731 GAM: 0.422  GM3: 0.0000
     2s    -19.378245    2.021003
     2p    -11.993376    1.497917
  7     Sat Feb 20 21:38:01 CET 2016    EN: 3.573 GAM: 0.504  GM3: 0.0000
     2s    -21.576984    2.275442
     2p    -16.125120    2.056788
  8     Sat Feb 20 21:38:01 CET 2016    EN: 3.700 GAM: 0.587  GM3: 0.0000
     2s    -21.648843    2.110798
     2p    -17.239740    2.329048
 12     Sat Feb 20 23:25:47 CET 2016    EN: 0.033 GAM: 0.222  GM3: 0.0000
     3s    -12.693633    1.302878
     3p     -8.128821    0.504252
 
 dipole moment of classical point charges (au)
     X       Y       Z   
   0.2698   0.3777   0.3736  total (Debye):    1.514

 
 Nbf   :          338
 T(el) :   300.0
 calculating S/T integrals ...
 cpu time for ints   0.157878000000000     
 Nao   :          338
 making H0...
 making H1...
 cpu time for H      0.153393000000000     
 solving ...
 cpu time for diag   4.324100000000003E-002
 
 gap (eV)           :   1.443
 Koopmans IP (eV)   :  12.222
 Eel (Eh)           :  -268.612620
 T,E(Fermi),NFOD :    300.000   -11.500  0.000000
 T,E(Fermi),NFOD :    300.000   -11.500  0.000000
 Nfod               :  0.0000
 Nfod/Nel           :  0.0000

          eigenvalues
 #    :         164        165        166        167        168        169        170        171
 occ. :        2.000      2.000      2.000      2.000      2.000      2.000      2.000      2.000
 eps  :       -16.351    -16.286    -15.959    -15.779    -15.641    -15.477    -15.407    -14.990
 #    :         172        173        174        175        176        177        178        179
 occ. :        2.000      2.000      2.000      2.000      2.000      0.000      0.000      0.000
 eps  :       -14.801    -14.719    -14.688    -13.150    -12.223    -10.780     -9.895     -8.615
 #    :         180        181        182        183        184        185        186        187
 occ. :        0.000      0.000      0.000      0.000      0.000      0.000      0.000      0.000
 eps  :        -8.295     -8.166     -7.942     -7.693     -7.438     -7.376     -7.157     -6.745
                            1  SCC done.
 making H1...
 cpu time for H      5.009000000000002E-002
 solving ...
 cpu time for diag   2.852499999999997E-002
 
 gap (eV)           :   1.639
 Koopmans IP (eV)   :  12.042
 Eel (Eh)           :  -265.906623
 T,E(Fermi),NFOD :    300.000   -11.222  0.000000
 T,E(Fermi),NFOD :    300.000   -11.222  0.000000
 Nfod               :  0.0000
 Nfod/Nel           :  0.0000

          eigenvalues
 #    :         164        165        166        167        168        169        170        171
 occ. :        2.000      2.000      2.000      2.000      2.000      2.000      2.000      2.000
 eps  :       -15.190    -15.107    -15.089    -14.835    -14.716    -14.496    -14.431    -14.367
 #    :         172        173        174        175        176        177        178        179
 occ. :        2.000      2.000      2.000      2.000      2.000      0.000      0.000      0.000
 eps  :       -14.173    -14.036    -13.850    -12.624    -12.043    -10.404     -9.348     -8.354
 #    :         180        181        182        183        184        185        186        187
 occ. :        0.000      0.000      0.000      0.000      0.000      0.000      0.000      0.000
 eps  :        -8.173     -8.014     -7.721     -7.657     -7.408     -7.186     -6.932     -6.587
                            2  SCC done.
 
 
 Mulliken/CM5 charges    n(s)   n(p)   n(d)   
    1 MG  0.3318  0.7761   0.647  1.021  0.000
    2 C   0.0109  0.0142   1.192  2.797  0.000
    3 C  -0.0387 -0.0811   1.142  2.896  0.000
    4 C  -0.0439 -0.0850   1.127  2.916  0.000
    5 C  -0.0304 -0.0710   1.124  2.906  0.000
    6 N  -0.1548 -0.3978   1.401  3.754  0.000
    7 C   0.0296  0.0946   1.241  2.729  0.000
    8 C  -0.0372 -0.0925   1.226  2.811  0.000
    9 C  -0.0229 -0.0795   1.202  2.821  0.000
   10 C   0.0325  0.0931   1.235  2.732  0.000
   11 C  -0.0980 -0.2465   1.103  2.995  0.000
   12 C  -0.0475 -0.1553   1.146  2.901  0.000
   13 C  -0.0563 -0.1580   1.140  2.916  0.000
   14 C   0.2220  0.2707   1.200  2.578  0.000
   15 O  -0.2330 -0.2842   1.625  4.608  0.000
   16 O  -0.1638 -0.2374   1.520  4.644  0.000
   17 N  -0.2140 -0.5113   1.368  3.846  0.000
   18 C   0.0127  0.0768   1.202  2.785  0.000
   19 C  -0.0381 -0.0430   1.226  2.812  0.000
   20 C  -0.0731 -0.0679   1.216  2.857  0.000
   21 C   0.0509  0.1190   1.202  2.747  0.000
   22 C  -0.0796 -0.2254   1.080  2.999  0.000
   23 C   0.1685  0.1922   1.189  2.642  0.000
   24 O  -0.2532 -0.3079   1.614  4.640  0.000
   25 C  -0.0852 -0.2274   1.091  2.994  0.000
   26 N  -0.1725 -0.4434   1.404  3.769  0.000
   27 C   0.0373  0.0996   1.241  2.722  0.000
   28 C  -0.0158 -0.0739   1.203  2.813  0.000
   29 C  -0.0272 -0.0836   1.216  2.811  0.000
   30 C   0.0416  0.0987   1.218  2.740  0.000
   31 C  -0.0849 -0.2326   1.101  2.984  0.000
   32 C  -0.0488 -0.1573   1.157  2.892  0.000
   33 C  -0.1045 -0.2559   1.101  3.004  0.000
   34 N  -0.2044 -0.4845   1.390  3.815  0.000
   35 C   0.0361  0.1026   1.193  2.771  0.000
   36 C  -0.0008 -0.0075   1.215  2.786  0.000
   37 C  -0.0574 -0.0502   1.171  2.886  0.000
   38 C   0.0262  0.0921   1.196  2.777  0.000
   39 C  -0.0564 -0.2001   1.076  2.981  0.000
   40 C   0.1684  0.2036   1.183  2.649  0.000
   41 O  -0.2252 -0.2694   1.626  4.599  0.000
   42 C  -0.0249 -0.0667   1.176  2.849  0.000
   43 C   0.2262  0.2769   1.177  2.597  0.000
   44 O  -0.2804 -0.3269   1.632  4.648  0.000
   45 O  -0.1747 -0.2587   1.509  4.666  0.000
   46 C   0.0022 -0.1215   1.093  2.905  0.000
   47 C   0.0427 -0.0362   1.126  2.832  0.000
   48 C  -0.0897 -0.1458   1.168  2.921  0.000
   49 C  -0.0339 -0.0579   1.216  2.818  0.000
   50 C  -0.0908 -0.2364   1.081  3.010  0.000
   51 C  -0.0564 -0.1617   1.147  2.909  0.000
   52 C  -0.0624 -0.1751   1.154  2.909  0.000
   53 C  -0.0585 -0.1698   1.151  2.907  0.000
   54 C  -0.0453 -0.1217   1.221  2.824  0.000
   55 C  -0.1259 -0.2769   1.114  3.012  0.000
   56 C  -0.0707 -0.1819   1.154  2.917  0.000
   57 C  -0.0632 -0.1750   1.151  2.913  0.000
   58 C  -0.0694 -0.1783   1.166  2.903  0.000
   59 C  -0.0194 -0.0920   1.206  2.814  0.000
   60 C  -0.1025 -0.2530   1.103  2.999  0.000
   61 C  -0.0662 -0.1768   1.151  2.915  0.000
   62 C  -0.0695 -0.1816   1.164  2.905  0.000
   63 C  -0.0807 -0.1910   1.162  2.918  0.000
   64 C  -0.0176 -0.0924   1.205  2.812  0.000
   65 C  -0.1466 -0.2994   1.126  3.021  0.000
   66 C  -0.0832 -0.2321   1.095  2.988  0.000
   67 H   0.0615  0.1212   0.939  0.000  0.000
   68 H   0.0572  0.1211   0.943  0.000  0.000
   69 H   0.0524  0.1110   0.948  0.000  0.000
   70 H   0.0496  0.1141   0.950  0.000  0.000
   71 H   0.0463  0.1069   0.954  0.000  0.000
   72 H   0.0376  0.0913   0.962  0.000  0.000
   73 H   0.0337  0.0846   0.966  0.000  0.000
   74 H   0.0366  0.0900   0.963  0.000  0.000
   75 H   0.0351  0.0969   0.965  0.000  0.000
   76 H   0.0499  0.1093   0.950  0.000  0.000
   77 H   0.0535  0.1135   0.946  0.000  0.000
   78 H   0.0429  0.1051   0.957  0.000  0.000
   79 H   0.0482  0.1010   0.952  0.000  0.000
   80 H   0.0526  0.1065   0.947  0.000  0.000
   81 H   0.0487  0.1022   0.951  0.000  0.000
   82 H   0.0498  0.1055   0.950  0.000  0.000
   83 H   0.0512  0.1074   0.949  0.000  0.000
   84 H   0.0533  0.1083   0.947  0.000  0.000
   85 H   0.0506  0.1109   0.949  0.000  0.000
   86 H   0.0488  0.1097   0.951  0.000  0.000
   87 H   0.0484  0.1002   0.952  0.000  0.000
   88 H   0.0342  0.0879   0.966  0.000  0.000
   89 H   0.0345  0.0863   0.965  0.000  0.000
   90 H   0.0391  0.0967   0.961  0.000  0.000
   91 H   0.0423  0.0980   0.958  0.000  0.000
   92 H   0.0356  0.0862   0.964  0.000  0.000
   93 H   0.0206  0.0733   0.979  0.000  0.000
   94 H   0.0393  0.0897   0.961  0.000  0.000
   95 H   0.0480  0.1008   0.952  0.000  0.000
   96 H   0.0555  0.1097   0.944  0.000  0.000
   97 H   0.0551  0.1086   0.945  0.000  0.000
   98 H   0.0588  0.1275   0.941  0.000  0.000
   99 H   0.0414  0.1013   0.959  0.000  0.000
  100 H   0.0459  0.1035   0.954  0.000  0.000
  101 H   0.0595  0.1230   0.941  0.000  0.000
  102 H   0.0510  0.1183   0.949  0.000  0.000
  103 H   0.0653  0.1273   0.935  0.000  0.000
  104 H   0.0203  0.0811   0.980  0.000  0.000
  105 H   0.0461  0.0994   0.954  0.000  0.000
  106 H   0.0385  0.0909   0.962  0.000  0.000
  107 H   0.0434  0.0988   0.957  0.000  0.000
  108 H   0.0436  0.0993   0.956  0.000  0.000
  109 H   0.0410  0.0966   0.959  0.000  0.000
  110 H   0.0361  0.0913   0.964  0.000  0.000
  111 H   0.0389  0.0969   0.961  0.000  0.000
  112 H   0.0478  0.1064   0.952  0.000  0.000
  113 H   0.0388  0.0955   0.961  0.000  0.000
  114 H   0.0383  0.0986   0.962  0.000  0.000
  115 H   0.0340  0.0867   0.966  0.000  0.000
  116 H   0.0386  0.0904   0.961  0.000  0.000
  117 H   0.0237  0.0760   0.976  0.000  0.000
  118 H   0.0308  0.0873   0.969  0.000  0.000
  119 H   0.0353  0.0922   0.965  0.000  0.000
  120 H   0.0289  0.0858   0.971  0.000  0.000
  121 H   0.0363  0.0934   0.964  0.000  0.000
  122 H   0.0349  0.0909   0.965  0.000  0.000
  123 H   0.0318  0.0883   0.968  0.000  0.000
  124 H   0.0395  0.0997   0.960  0.000  0.000
  125 H   0.0347  0.0859   0.965  0.000  0.000
  126 H   0.0288  0.0827   0.971  0.000  0.000
  127 H   0.0317  0.0849   0.968  0.000  0.000
  128 H   0.0375  0.0944   0.963  0.000  0.000
  129 H   0.0379  0.0942   0.962  0.000  0.000
  130 H   0.0390  0.0968   0.961  0.000  0.000
  131 H   0.0406  0.0964   0.959  0.000  0.000
  132 H   0.0278  0.0836   0.972  0.000  0.000
  133 H   0.0307  0.0870   0.969  0.000  0.000
  134 H   0.0512  0.1102   0.949  0.000  0.000
  135 H   0.0239  0.0756   0.976  0.000  0.000
  136 H   0.0314  0.0839   0.969  0.000  0.000
  137 H   0.0285  0.0801   0.972  0.000  0.000
  138 H   0.0331  0.0856   0.967  0.000  0.000
  139 H   0.0457  0.0978   0.954  0.000  0.000
  140 H   0.0368  0.0892   0.963  0.000  0.000
 Hirshfeld charges for QMDFF written to <charges>
 
 Loewdin charges    n(s)   n(p)   n(d)
    1 MG  0.1716   0.659  1.170  0.000
    2 C   0.0141   1.152  2.833  0.000
    3 C  -0.0370   1.090  2.947  0.000
    4 C  -0.0412   1.075  2.966  0.000
    5 C  -0.0279   1.071  2.957  0.000
    6 N  -0.1212   1.358  3.763  0.000
    7 C   0.0287   1.207  2.765  0.000
    8 C  -0.0316   1.181  2.851  0.000
    9 C  -0.0144   1.154  2.860  0.000
   10 C   0.0352   1.198  2.767  0.000
   11 C  -0.1013   1.032  3.069  0.000
   12 C  -0.0419   1.086  2.956  0.000
   13 C  -0.0573   1.081  2.976  0.000
   14 C   0.1993   1.175  2.626  0.000
   15 O  -0.2158   1.592  4.624  0.000
   16 O  -0.1338   1.489  4.645  0.000
   17 N  -0.1763   1.321  3.855  0.000
   18 C   0.0145   1.165  2.821  0.000
   19 C  -0.0270   1.185  2.842  0.000
   20 C  -0.0811   1.180  2.901  0.000
   21 C   0.0558   1.162  2.782  0.000
   22 C  -0.0840   1.007  3.077  0.000
   23 C   0.1649   1.152  2.683  0.000
   24 O  -0.2363   1.581  4.656  0.000
   25 C  -0.0908   1.018  3.073  0.000
   26 N  -0.1348   1.358  3.777  0.000
   27 C   0.0425   1.204  2.753  0.000
   28 C  -0.0069   1.155  2.851  0.000
   29 C  -0.0205   1.170  2.850  0.000
   30 C   0.0442   1.181  2.774  0.000
   31 C  -0.0870   1.030  3.057  0.000
   32 C  -0.0425   1.098  2.944  0.000
   33 C  -0.1068   1.030  3.077  0.000
   34 N  -0.1712   1.346  3.825  0.000
   35 C   0.0352   1.156  2.809  0.000
   36 C   0.0070   1.174  2.819  0.000
   37 C  -0.0658   1.133  2.933  0.000
   38 C   0.0298   1.157  2.813  0.000
   39 C  -0.0555   0.999  3.056  0.000
   40 C   0.1608   1.149  2.690  0.000
   41 O  -0.2081   1.594  4.614  0.000
   42 C  -0.0263   1.127  2.900  0.000
   43 C   0.2083   1.148  2.644  0.000
   44 O  -0.2689   1.605  4.664  0.000
   45 O  -0.1426   1.476  4.667  0.000
   46 C  -0.0056   1.023  2.982  0.000
   47 C   0.0423   1.069  2.889  0.000
   48 C  -0.0902   1.121  2.969  0.000
   49 C  -0.0229   1.174  2.849  0.000
   50 C  -0.0944   1.007  3.087  0.000
   51 C  -0.0525   1.088  2.964  0.000
   52 C  -0.0580   1.095  2.963  0.000
   53 C  -0.0542   1.093  2.962  0.000
   54 C  -0.0357   1.176  2.860  0.000
   55 C  -0.1308   1.044  3.086  0.000
   56 C  -0.0678   1.096  2.971  0.000
   57 C  -0.0586   1.092  2.967  0.000
   58 C  -0.0662   1.109  2.957  0.000
   59 C  -0.0087   1.158  2.851  0.000
   60 C  -0.1062   1.032  3.074  0.000
   61 C  -0.0637   1.093  2.971  0.000
   62 C  -0.0656   1.107  2.958  0.000
   63 C  -0.0789   1.106  2.973  0.000
   64 C  -0.0043   1.157  2.847  0.000
   65 C  -0.1548   1.059  3.096  0.000
   66 C  -0.0853   1.023  3.063  0.000
   67 H   0.0569   0.943  0.000  0.000
   68 H   0.0505   0.950  0.000  0.000
   69 H   0.0476   0.952  0.000  0.000
   70 H   0.0439   0.956  0.000  0.000
   71 H   0.0402   0.960  0.000  0.000
   72 H   0.0382   0.962  0.000  0.000
   73 H   0.0339   0.966  0.000  0.000
   74 H   0.0365   0.964  0.000  0.000
   75 H   0.0324   0.968  0.000  0.000
   76 H   0.0470   0.953  0.000  0.000
   77 H   0.0499   0.950  0.000  0.000
   78 H   0.0398   0.960  0.000  0.000
   79 H   0.0473   0.953  0.000  0.000
   80 H   0.0526   0.947  0.000  0.000
   81 H   0.0488   0.951  0.000  0.000
   82 H   0.0502   0.950  0.000  0.000
   83 H   0.0487   0.951  0.000  0.000
   84 H   0.0524   0.948  0.000  0.000
   85 H   0.0441   0.956  0.000  0.000
   86 H   0.0430   0.957  0.000  0.000
   87 H   0.0472   0.953  0.000  0.000
   88 H   0.0350   0.965  0.000  0.000
   89 H   0.0342   0.966  0.000  0.000
   90 H   0.0362   0.964  0.000  0.000
   91 H   0.0391   0.961  0.000  0.000
   92 H   0.0355   0.965  0.000  0.000
   93 H   0.0225   0.978  0.000  0.000
   94 H   0.0387   0.961  0.000  0.000
   95 H   0.0470   0.953  0.000  0.000
   96 H   0.0528   0.947  0.000  0.000
   97 H   0.0530   0.947  0.000  0.000
   98 H   0.0507   0.949  0.000  0.000
   99 H   0.0392   0.961  0.000  0.000
  100 H   0.0429   0.957  0.000  0.000
  101 H   0.0546   0.945  0.000  0.000
  102 H   0.0446   0.955  0.000  0.000
  103 H   0.0577   0.942  0.000  0.000
  104 H   0.0148   0.985  0.000  0.000
  105 H   0.0455   0.955  0.000  0.000
  106 H   0.0377   0.962  0.000  0.000
  107 H   0.0435   0.956  0.000  0.000
  108 H   0.0404   0.960  0.000  0.000
  109 H   0.0379   0.962  0.000  0.000
  110 H   0.0338   0.966  0.000  0.000
  111 H   0.0369   0.963  0.000  0.000
  112 H   0.0451   0.955  0.000  0.000
  113 H   0.0354   0.965  0.000  0.000
  114 H   0.0345   0.965  0.000  0.000
  115 H   0.0349   0.965  0.000  0.000
  116 H   0.0387   0.961  0.000  0.000
  117 H   0.0255   0.975  0.000  0.000
  118 H   0.0286   0.971  0.000  0.000
  119 H   0.0335   0.967  0.000  0.000
  120 H   0.0266   0.973  0.000  0.000
  121 H   0.0338   0.966  0.000  0.000
  122 H   0.0321   0.968  0.000  0.000
  123 H   0.0294   0.971  0.000  0.000
  124 H   0.0342   0.966  0.000  0.000
  125 H   0.0345   0.966  0.000  0.000
  126 H   0.0293   0.971  0.000  0.000
  127 H   0.0324   0.968  0.000  0.000
  128 H   0.0357   0.964  0.000  0.000
  129 H   0.0359   0.964  0.000  0.000
  130 H   0.0372   0.963  0.000  0.000
  131 H   0.0383   0.962  0.000  0.000
  132 H   0.0260   0.974  0.000  0.000
  133 H   0.0292   0.971  0.000  0.000
  134 H   0.0449   0.955  0.000  0.000
  135 H   0.0267   0.973  0.000  0.000
  136 H   0.0338   0.966  0.000  0.000
  137 H   0.0302   0.970  0.000  0.000
  138 H   0.0328   0.967  0.000  0.000
  139 H   0.0447   0.955  0.000  0.000
  140 H   0.0369   0.963  0.000  0.000
 
 Wiberg/Mayer (AO) data. WBOs > 0.1 written file <wbo>
 largest (>0.05) Wiberg bond orders for each atom
           total WBO             WBO to atom ...
     1  MG  2.501    N   34 0.508    N   17 0.505    N   26 0.408    N    6 0.342    C   27 0.058    C   38 0.056    C   21 0.053    C   18 0.052
     2  C   3.883    C    7 1.391    C   38 1.197    C   42 0.927
     3  C   3.903    C   10 1.425    C   18 1.254    H   67 0.929
     4  C   3.917    C   27 1.375    C   21 1.296    H   68 0.936
     5  C   3.915    C   30 1.544    C   35 1.197    H   69 0.934
     6  N   3.314    C    7 1.267    C   10 1.261    MG   1 0.342    C   18 0.051
     7  C   3.860    C    2 1.391    N    6 1.267    C    8 0.915
     8  C   3.922    C    9 0.950    C   12 0.942    H   70 0.938    C    7 0.915
     9  C   3.934    C   11 0.976    C    8 0.950    H   71 0.945    C   10 0.910
    10  C   3.846    C    3 1.425    N    6 1.261    C    9 0.910
    11  C   3.972    H   73 0.981    H   74 0.977    C    9 0.976    H   72 0.976
    12  C   3.955    C   13 1.005    H   75 0.959    H   76 0.954    C    8 0.942
    13  C   3.968    C   12 1.005    H   78 0.957    H   77 0.945    C   14 0.906    O   15 0.086
    14  C   3.874    O   15 1.895    O   16 1.023    C   13 0.906
    15  O   2.195    C   14 1.895    O   16 0.164    C   13 0.086
    16  O   2.255    C   14 1.023    C   47 0.967    O   15 0.164
    17  N   3.344    C   21 1.221    C   18 1.184    MG   1 0.505    C   20 0.062
    18  C   3.850    C    3 1.254    N   17 1.184    C   19 1.125    MG   1 0.052    N    6 0.051
    19  C   3.875    C   20 1.479    C   18 1.125    C   22 1.000    O   24 0.060
    20  C   3.877    C   19 1.479    C   21 1.076    C   23 0.975    O   24 0.079    N   17 0.062
    21  C   3.873    C    4 1.296    N   17 1.221    C   20 1.076    N   26 0.053    MG   1 0.053
    22  C   3.980    C   19 1.000    H   80 0.967    H   81 0.963    H   79 0.960
    23  C   3.890    O   24 1.839    C   25 0.982    C   20 0.975
    24  O   2.153    C   23 1.839    C   20 0.079    C   25 0.069    C   19 0.060
    25  C   3.984    C   23 0.982    H   83 0.969    H   84 0.957    H   82 0.953    O   24 0.069
    26  N   3.350    C   27 1.305    C   30 1.167    MG   1 0.408    C   21 0.053
    27  C   3.848    C    4 1.375    N   26 1.305    C   28 0.899    MG   1 0.058
    28  C   3.935    C   31 0.974    C   29 0.969    H   85 0.945    C   27 0.899
    29  C   3.926    C   28 0.969    C   32 0.948    H   86 0.941    C   30 0.906
    30  C   3.858    C    5 1.544    N   26 1.167    C   29 0.906
    31  C   3.969    H   89 0.979    H   88 0.978    C   28 0.974    H   87 0.974
    32  C   3.952    C   33 0.995    H   91 0.968    H   90 0.968    C   29 0.948
    33  C   3.974    C   32 0.995    H   93 0.984    H   94 0.983    H   92 0.982
    34  N   3.319    C   35 1.204    C   38 1.164    MG   1 0.508    C   37 0.065    C   36 0.052
    35  C   3.869    N   34 1.204    C   36 1.202    C    5 1.197
    36  C   3.845    C   37 1.298    C   35 1.202    C   39 1.014    O   41 0.053    N   34 0.052
    37  C   3.913    C   36 1.298    C   38 1.219    C   40 1.090    O   41 0.071    N   34 0.065
    38  C   3.887    C   37 1.219    C    2 1.197    N   34 1.164    MG   1 0.056
    39  C   3.982    C   36 1.014    H   95 0.974    H   96 0.965    H   97 0.958
    40  C   3.897    O   41 1.837    C   37 1.090    C   42 0.815
    41  O   2.192    C   40 1.837    C   42 0.090    C   37 0.071    C   36 0.053
    42  C   3.947    C   43 1.002    H   98 0.928    C    2 0.927    C   40 0.815    O   41 0.090    O   44 0.054
    43  C   3.900    O   44 1.782    O   45 1.034    C   42 1.002
    44  O   2.104    C   43 1.782    O   45 0.165    C   42 0.054
    45  O   2.267    C   43 1.034    C   46 0.978    O   44 0.165
    46  C   3.946    H   99 0.989    H  100 0.987    O   45 0.978    H  101 0.975
    47  C   3.939    C   48 0.981    O   16 0.967    H  102 0.959    H  103 0.956
    48  C   3.954    C   49 1.891    C   47 0.981    H  104 0.945
    49  C   3.933    C   48 1.891    C   50 0.995    C   51 0.962
    50  C   3.991    C   49 0.995    H  105 0.972    H  106 0.971    H  107 0.967
    51  C   3.962    H  109 0.966    H  108 0.962    C   49 0.962    C   52 0.951
    52  C   3.961    C   53 1.001    H  110 0.968    H  111 0.962    C   51 0.951
    53  C   3.968    C   52 1.001    H  113 0.968    C   54 0.962    H  112 0.958
    54  C   3.932    C   56 0.979    C   55 0.971    C   53 0.962    H  114 0.953
    55  C   3.975    H  117 0.986    H  115 0.980    H  116 0.979    C   54 0.971
    56  C   3.965    C   54 0.979    C   57 0.976    H  118 0.965    H  119 0.964
    57  C   3.964    C   58 0.990    C   56 0.976    H  120 0.973    H  121 0.969
    58  C   3.957    C   57 0.990    H  123 0.969    H  122 0.968    C   59 0.940
    59  C   3.939    C   60 0.994    C   61 0.989    H  124 0.948    C   58 0.940
    60  C   3.981    C   59 0.994    H  126 0.982    H  125 0.978    H  127 0.974
    61  C   3.963    C   59 0.989    C   62 0.981    H  129 0.960    H  128 0.958
    62  C   3.961    C   61 0.981    C   63 0.970    H  130 0.967    H  131 0.965
    63  C   3.960    C   64 0.989    C   62 0.970    H  132 0.966    H  133 0.959
    64  C   3.939    C   66 0.992    C   63 0.989    C   65 0.965    H  134 0.953
    65  C   3.965    H  135 0.981    H  137 0.979    H  136 0.975    C   64 0.965
    66  C   3.981    C   64 0.992    H  138 0.980    H  139 0.977    H  140 0.975
    67  H   0.992    C    3 0.929
    68  H   0.994    C    4 0.936
    69  H   0.994    C    5 0.934
    70  H   0.994    C    8 0.938
    71  H   0.995    C    9 0.945
    72  H   0.996    C   11 0.976
    73  H   0.997    C   11 0.981
    74  H   0.997    C   11 0.977
    75  H   0.998    C   12 0.959
    76  H   0.996    C   12 0.954
    77  H   0.996    C   13 0.945
    78  H   0.998    C   13 0.957
    79  H   0.992    C   22 0.960
    80  H   0.995    C   22 0.967
    81  H   0.995    C   22 0.963
    82  H   0.997    C   25 0.953
    83  H   0.995    C   25 0.969
    84  H   0.997    C   25 0.957
    85  H   0.995    C   28 0.945
    86  H   0.995    C   29 0.941
    87  H   0.995    C   31 0.974
    88  H   0.997    C   31 0.978
    89  H   0.997    C   31 0.979
    90  H   0.996    C   32 0.968
    91  H   0.997    C   32 0.968
    92  H   0.997    C   33 0.982
    93  H   0.999    C   33 0.984
    94  H   0.998    C   33 0.983
    95  H   0.995    C   39 0.974
    96  H   0.992    C   39 0.965
    97  H   0.991    C   39 0.958
    98  H   0.992    C   42 0.928
    99  H   0.998    C   46 0.989
   100  H   0.998    C   46 0.987
   101  H   0.996    C   46 0.975
   102  H   0.997    C   47 0.959
   103  H   0.996    C   47 0.956
   104  H   1.000    C   48 0.945
   105  H   0.998    C   50 0.972
   106  H   0.999    C   50 0.971
   107  H   0.998    C   50 0.967
   108  H   0.998    C   51 0.962
   109  H   0.997    C   51 0.966
   110  H   0.998    C   52 0.968
   111  H   0.998    C   52 0.962
   112  H   0.997    C   53 0.958
   113  H   0.998    C   53 0.968
   114  H   0.999    C   54 0.953
   115  H   0.999    C   55 0.980
   116  H   0.998    C   55 0.979
   117  H   0.999    C   55 0.986
   118  H   0.999    C   56 0.965
   119  H   0.999    C   56 0.964
   120  H   0.999    C   57 0.973
   121  H   0.999    C   57 0.969
   122  H   0.998    C   58 0.968
   123  H   0.999    C   58 0.969
   124  H   0.998    C   59 0.948
   125  H   0.999    C   60 0.978
   126  H   0.999    C   60 0.982
   127  H   0.997    C   60 0.974
   128  H   0.998    C   61 0.958
   129  H   0.998    C   61 0.960
   130  H   0.998    C   62 0.967
   131  H   0.998    C   62 0.965
   132  H   0.999    C   63 0.966
   133  H   0.999    C   63 0.959
   134  H   0.997    C   64 0.953
   135  H   0.999    C   65 0.981
   136  H   0.999    C   65 0.975
   137  H   0.999    C   65 0.979
   138  H   0.998    C   66 0.980
   139  H   0.998    C   66 0.977
   140  H   0.999    C   66 0.975
 
 --------------------------------------------
          xTB calculation for sTDA...
 --------------------------------------------
 
 reading parameter file ~/.param_stda2.xtb
 
      method parameters     
 k(s)        :  1.6000
 k(p)        :  2.1800
 k(d)        :  1.9500
 k(f)        :  2.0000
 k(R-V)      :  2.2750
 k(R-R)      :  1.7650
 Tscal       :  0.2580
 Gscal       :  1.0000
 fpol        :  1.0000
 Zcnf        :  0.3430
 Zqf         :  0.0000
 kcn         :  2.7000
 Ryd Hsplit  :  0.7000
 lshift(virt):  3.1000
 lshift(OS)  :  0.2000
 wllscaling  :  2.6000
 
 mowrcut     : 3.000
 
  Z AO/shell   Hii/eV     exponent
  1     Sun Feb 14 09:53:25 CET 2016    EN: 2.327 GAM: 0.473  GM3: 0.0000
     1s    -14.339618    1.220000
     2sp    -3.348946    0.600000
  6     Sun Feb 14 09:53:25 CET 2016    EN: 2.731 GAM: 0.422  GM3: 0.0000
     2s    -22.009312    1.565095
     2p    -13.020408    1.596905
     3sp    -3.914040    0.824500
  7     Sun Feb 14 09:53:25 CET 2016    EN: 3.573 GAM: 0.504  GM3: 0.0000
     2s    -25.722000    2.064844
     2p    -18.684912    1.801692
     3sp    -4.344791    0.921400
  8     Sun Feb 14 09:53:25 CET 2016    EN: 3.700 GAM: 0.587  GM3: 0.0000
     2s    -33.859000    2.418661
     2p    -22.175911    1.973969
     3sp    -4.259392    1.013700
 12     Sun Feb 21 16:58:31 CET 2016    EN: 0.033 GAM: 0.222  GM3: 0.0000
     3s    -11.092543    1.647583
     3p     -6.929529    0.855020
 
 Nbf   :          894
 T(el) :     0.0
 calculating S/T integrals ...
 cpu time for ints    1.39259400000000     
 Nao   :          894
 making H0...
 making H1...
 cpu time for H      2.510499999999993E-002
 solving ...
 cpu time for diag   0.308957000000000     
 
 gap (eV)           :   4.816
 Koopmans IP (eV)   :  13.405
 Eel (Eh)           :  -301.422185

          eigenvalues
 #    :         164        165        166        167        168        169        170        171
 occ. :        2.000      2.000      2.000      2.000      2.000      2.000      2.000      2.000
 eps  :       -17.344    -17.244    -16.974    -16.386    -16.204    -16.063    -15.993    -15.588
 #    :         172        173        174        175        176        177        178        179
 occ. :        2.000      2.000      2.000      2.000      2.000      0.000      0.000      0.000
 eps  :       -15.472    -15.463    -15.188    -13.820    -13.407     -8.590     -6.889     -6.653
 #    :         180        181        182        183        184        185        186        187
 occ. :        0.000      0.000      0.000      0.000      0.000      0.000      0.000      0.000
 eps  :        -6.475     -6.076     -5.763     -5.489     -5.481     -5.222     -5.120     -5.084
                            1  SCC done.
 writing mo output ...
 molden style : F
 
speedup  1.14
cpu  time for all    2.35 s
wall time for all    2.06 s
