cpu-bind=MASK - bp1-compute102, task 4294967295 4294967295 [0]: mask 0xffffffffffff set
Host:    bp1-compute102.data.bp.acrc.priv
Time:    Sat Apr 30 13:40:19 BST 2022
Dir:     /user/home/of15641/chlorophyll_parameterization/tddft_data/step_751_chromophore_7
Job ID:  1658969
Nodelist:
cat: bp1-compute102: No such file or directory
  
Result dir: /user/home/of15641/chlorophyll_parameterization/tddft_data/step_751_chromophore_7
running gaussian jobs
Running time g16 < CAMB3LYP_step_751_chromophore_7.com > CAMB3LYP_step_751_chromophore_7.log

real	20m52.156s
user	489m46.520s
sys	0m24.094s
Running time g16 < PBE0_step_751_chromophore_7.com > PBE0_step_751_chromophore_7.log

real	14m54.701s
user	355m47.415s
sys	0m20.164s
Running time g16 < wB97XD_step_751_chromophore_7.com > wB97XD_step_751_chromophore_7.log

real	23m59.883s
user	563m32.386s
sys	0m26.213s
Running time g16 < BLYP_step_751_chromophore_7.com > BLYP_step_751_chromophore_7.log

real	11m24.568s
user	272m13.256s
sys	0m22.971s
Running time g16 < ZINDO_step_751_chromophore_7.com > ZINDO_step_751_chromophore_7.log

real	0m5.971s
user	2m9.721s
sys	0m2.431s
