cpu-bind=MASK - bp1-compute050, task 4294967295 4294967295 [0]: mask 0xffffffffffff set
Host:    bp1-compute050.data.bp.acrc.priv
Time:    Wed May  4 07:29:44 BST 2022
Dir:     /user/home/of15641/chlorophyll_parameterization/tddft_data/step_1501_chromophore_26
Job ID:  1692146
Nodelist:
cat: bp1-compute050: No such file or directory
  
Result dir: /user/home/of15641/chlorophyll_parameterization/tddft_data/step_1501_chromophore_26
running gaussian jobs
Running time g16 < CAMB3LYP_step_1501_chromophore_26.com > CAMB3LYP_step_1501_chromophore_26.log

real	27m52.794s
user	656m6.220s
sys	0m29.308s
Running time g16 < PBE0_step_1501_chromophore_26.com > PBE0_step_1501_chromophore_26.log

real	19m54.743s
user	475m37.799s
sys	0m24.696s
Running time g16 < wB97XD_step_1501_chromophore_26.com > wB97XD_step_1501_chromophore_26.log

real	25m44.588s
user	604m59.621s
sys	0m25.702s
Running time g16 < BLYP_step_1501_chromophore_26.com > BLYP_step_1501_chromophore_26.log

real	13m54.527s
user	331m46.908s
sys	0m23.952s
Running time g16 < ZINDO_step_1501_chromophore_26.com > ZINDO_step_1501_chromophore_26.log

real	0m6.894s
user	2m29.935s
sys	0m2.621s
