cpu-bind=MASK - bp1-compute098, task 4294967295 4294967295 [0]: mask 0xffffffffffff set
Host:    bp1-compute098.data.bp.acrc.priv
Time:    Tue May  3 22:48:50 BST 2022
Dir:     /user/home/of15641/chlorophyll_parameterization/tddft_data/step_1101_chromophore_8
Job ID:  1692038
Nodelist:
cat: bp1-compute098: No such file or directory
  
Result dir: /user/home/of15641/chlorophyll_parameterization/tddft_data/step_1101_chromophore_8
running gaussian jobs
Running time g16 < CAMB3LYP_step_1101_chromophore_8.com > CAMB3LYP_step_1101_chromophore_8.log

real	32m7.132s
user	756m0.157s
sys	0m33.425s
Running time g16 < PBE0_step_1101_chromophore_8.com > PBE0_step_1101_chromophore_8.log

real	19m7.436s
user	456m30.332s
sys	0m22.580s
Running time g16 < wB97XD_step_1101_chromophore_8.com > wB97XD_step_1101_chromophore_8.log

real	29m47.592s
user	701m7.837s
sys	0m32.091s
Running time g16 < BLYP_step_1101_chromophore_8.com > BLYP_step_1101_chromophore_8.log

real	13m3.558s
user	311m28.517s
sys	0m25.847s
Running time g16 < ZINDO_step_1101_chromophore_8.com > ZINDO_step_1101_chromophore_8.log

real	0m9.950s
user	3m37.982s
sys	0m2.986s
