cpu-bind=MASK - bp1-compute089, task 4294967295 4294967295 [0]: mask 0xffffffffffff set
Host:    bp1-compute089.data.bp.acrc.priv
Time:    Wed May  4 01:53:46 BST 2022
Dir:     /user/home/of15641/chlorophyll_parameterization/tddft_data/step_1301_chromophore_10
Job ID:  1692075
Nodelist:
cat: bp1-compute089: No such file or directory
  
Result dir: /user/home/of15641/chlorophyll_parameterization/tddft_data/step_1301_chromophore_10
running gaussian jobs
Running time g16 < CAMB3LYP_step_1301_chromophore_10.com > CAMB3LYP_step_1301_chromophore_10.log

real	26m52.887s
user	632m20.026s
sys	0m28.841s
Running time g16 < PBE0_step_1301_chromophore_10.com > PBE0_step_1301_chromophore_10.log

real	16m21.009s
user	390m11.958s
sys	0m21.542s
Running time g16 < wB97XD_step_1301_chromophore_10.com > wB97XD_step_1301_chromophore_10.log

real	27m25.546s
user	644m53.045s
sys	0m27.707s
Running time g16 < BLYP_step_1301_chromophore_10.com > BLYP_step_1301_chromophore_10.log

real	12m29.761s
user	298m10.344s
sys	0m24.462s
Running time g16 < ZINDO_step_1301_chromophore_10.com > ZINDO_step_1301_chromophore_10.log

real	0m7.747s
user	2m49.550s
sys	0m3.095s
