cpu-bind=MASK - bp1-compute181, task 4294967295 4294967295 [0]: mask 0x3fffffc03fffffc set
Host:    bp1-compute181.data.bp.acrc.priv
Time:    Thu May  5 14:28:20 BST 2022
Dir:     /user/home/of15641/chlorophyll_parameterization/tddft_data/step_951_chromophore_9
Job ID:  1692470
Nodelist:
cat: bp1-compute181: No such file or directory
  
Result dir: /user/home/of15641/chlorophyll_parameterization/tddft_data/step_951_chromophore_9
running gaussian jobs
Running time g16 < CAMB3LYP_step_951_chromophore_9.com > CAMB3LYP_step_951_chromophore_9.log

real	37m34.957s
user	888m10.125s
sys	0m27.969s
Running time g16 < PBE0_step_951_chromophore_9.com > PBE0_step_951_chromophore_9.log

real	21m39.367s
user	516m5.167s
sys	0m19.284s
Running time g16 < wB97XD_step_951_chromophore_9.com > wB97XD_step_951_chromophore_9.log

real	38m39.177s
user	915m12.573s
sys	0m28.329s
Running time g16 < BLYP_step_951_chromophore_9.com > BLYP_step_951_chromophore_9.log

real	15m37.064s
user	372m52.152s
sys	0m20.858s
Running time g16 < ZINDO_step_951_chromophore_9.com > ZINDO_step_951_chromophore_9.log

real	0m7.635s
user	2m48.563s
sys	0m2.457s
