cpu-bind=MASK - bp1-compute123, task 4294967295 4294967295 [0]: mask 0xffffffffffff set
Host:    bp1-compute123.data.bp.acrc.priv
Time:    Wed May  4 09:20:03 BST 2022
Dir:     /user/home/of15641/chlorophyll_parameterization/tddft_data/step_1601_chromophore_23
Job ID:  1692174
Nodelist:
cat: bp1-compute123: No such file or directory
  
Result dir: /user/home/of15641/chlorophyll_parameterization/tddft_data/step_1601_chromophore_23
running gaussian jobs
Running time g16 < CAMB3LYP_step_1601_chromophore_23.com > CAMB3LYP_step_1601_chromophore_23.log

real	29m7.810s
user	684m40.992s
sys	0m34.570s
Running time g16 < PBE0_step_1601_chromophore_23.com > PBE0_step_1601_chromophore_23.log

real	21m27.312s
user	511m4.208s
sys	0m40.633s
Running time g16 < wB97XD_step_1601_chromophore_23.com > wB97XD_step_1601_chromophore_23.log

real	32m41.095s
user	768m52.354s
sys	0m39.477s
Running time g16 < BLYP_step_1601_chromophore_23.com > BLYP_step_1601_chromophore_23.log

real	14m7.467s
user	336m8.200s
sys	0m27.902s
Running time g16 < ZINDO_step_1601_chromophore_23.com > ZINDO_step_1601_chromophore_23.log

real	0m7.516s
user	2m45.310s
sys	0m2.996s
