 
        ______________________________________
       |                                      |
       |          ===================         |
       |             xTB for sTDA             |
       |          ===================         |
       |               S. Grimme              |
       |        Universitaet Bonn, MCTC       |
       |         2015-19, Version 1.0         |
       |     Wed Apr  3 09:14:55 CEST 2019    |
       |______________________________________|
 
        This code comes without any warranty
        for non-commercial, academia use only.
        Preliminary test version.
        Cite this work as:
        S. Grimme  &  C. Bannwarth, JCP 145 (2016) 054103
        if GBSA is used additionally:
        P. Shushkov, F. März, C. Bannwarth, S. Grimme, unpublished.
 
        with help from
        P. Shushkov, G. Brandenburg, S. Dohm, J. Pisarek,
        F. März, M. Checinski, S. Ehrlich, S. Spicher, 
        P. Pracht, E. Caldeweyher, S. Ehlert, and C. Bannwarth.
 
        usage        :
        xtb4stda <coord_file> [options]
        where <coord_file> is a valid file of TM)
        (*coord, Bohr) or xmol (*xyz, Angstroem)
        format.

        options:
        -chrg <int>   : molecular charge
        -uhf  <int>   : # of unpaired electrons(=2*S)
        -nox          : skip second, extended part in sTDA-xTB
        -pop          : do population analysis
                      : (default for -nox)
        -mowr <real>  : cut MO write above (def.3 Eh)
        -molden       : write formatted molden file
        -parx <file>  : read parameters for sTDA-xTB
                        calc (def:~/.param_stda2.xtb)
        -parv <file>  : read parameters for vTB part in
                        sTDA-xTB (def: ~/.param_stda1.xtb)
        -xtemp <real> : el. temp for xTB (def. 0 K)
        -etemp <real> : el. temp for GFN (def. 300 K)
        -fod          : calculate the FOD and write
                        molden.input file with
                        appropriate occupations
                        for plotting. Def. T=12500 K
 
        -acc <real>   : xTB accuracy (def. 1.0)
        -gbsa [string1] [string2]
                        use GBSA implicit solvent
                        for solvent [string1] and
                        solvation state [string2]=
                        reference, bar1M (default=1M)
        additional GFN/opt/MD/siman options read from
        $XTB4STDAHOME/.xtb4stdarc or $set in input
 
       spin and charge state information can be on:
       <.CHRG> (charge) and <.UHF> (=nalpha-nbeta)
       -uhf and -chrg override the file info.
       useful machine settings:
       setenv MKL_NUM_THREADS <NCORE_ON_YOUR_MACHINE>
       setenv OMP_STACKSIZE 500m
       limit stacksize unlimited
 
       total energies in Eh, gaps/HL energies in eV
       please read REVISION and HOWTO files carefully
 =============================
  # OMP threads =           4
 =============================
 
 xtb4stdahome directory:~/
 
 
 name of molecule           :
 comment line               :
 number of atoms            :   140
 number of electrons        :   352
 charge                     :  0
 spin                       : 0.0
 first test random number   :  0.7777
 
 -----------------------------------------
      charge density (VTB) calculation
 -----------------------------------------
 
      method parameters     
 k(s)        :  1.8000
 k(p)        :  2.8350
 k(d)        :  2.0860
 k(f)        :  2.0000
 Tscal       :  0.3300
 Gscal       :  0.3910
 fpol        :  1.0000
 Zcnf        :  0.6500
 Zqf         :  0.0000
 kcn         :  0.3000
 kEN1        : -0.5900
 wllscal     :  2.6000
 
     -------------------------
     ! NO SOLVENT MODEL USED !
     -------------------------
 
 doing EN charges ...
 sum q :  0.1332268D-14
 point charge moment (au)
     X       Y       Z   
  -0.3016   0.0182   0.6199  total (Debye):    1.753
 
            Z      q(EN)   CN      Cart. coordinates
     1  MG  2.0   0.906   4.704     0.06236    81.84025    46.29640
     2  C   4.0   0.020   3.244     4.01756    81.05224    51.64999
     3  C   4.0  -0.059   3.134    -5.07769    80.26422    50.30450
     4  C   4.0  -0.058   3.153    -3.79079    81.96875    41.23004
     5  C   4.0  -0.057   3.168     5.34792    82.48087    42.55096
     6  N   5.0  -0.301   3.035    -0.49322    81.31869    50.61820
     7  C   4.0   0.094   3.335     1.35115    80.90484    52.44556
     8  C   4.0  -0.097   4.151     0.34960    80.47965    55.00992
     9  C   4.0  -0.094   4.108    -2.61538    79.85415    54.49403
    10  C   4.0   0.081   3.298    -2.80624    80.48910    51.62542
    11  C   4.0  -0.237   4.034    -3.24466    77.18397    55.31795
    12  C   4.0  -0.163   4.090     0.97510    82.71142    56.70312
    13  C   4.0  -0.168   4.062     1.66296    82.32591    59.33362
    14  C   4.0   0.202   3.110     1.06958    79.78423    60.72634
    15  O   6.0  -0.128   1.052     2.51145    78.11749    60.97201
    16  O   6.0  -0.115   2.035    -1.28879    79.81824    61.80349
    17  N   5.0  -0.432   3.230    -3.75300    81.37160    45.80129
    18  C   4.0   0.074   3.406    -5.48398    80.77256    47.67212
    19  C   4.0   0.008   3.336    -7.78945    80.23776    46.39088
    20  C   4.0   0.006   3.243    -7.58914    80.47020    43.80574
    21  C   4.0   0.065   3.450    -4.97754    81.41884    43.46937
    22  C   4.0  -0.248   4.050   -10.12515    79.79179    47.92345
    23  C   4.0   0.099   3.042    -9.46375    79.98076    41.62121
    24  O   6.0  -0.091   1.052    -9.16706    80.61571    39.36299
    25  C   4.0  -0.249   4.038   -11.90338    78.70709    42.24671
    26  N   5.0  -0.431   3.178     0.78802    82.57347    42.49427
    27  C   4.0   0.084   3.409    -1.14706    82.62071    40.74816
    28  C   4.0  -0.096   4.142    -0.17197    82.94574    38.09121
    29  C   4.0  -0.098   4.194     2.72310    83.07046    38.56742
    30  C   4.0   0.102   3.382     3.05569    82.89472    41.37366
    31  C   4.0  -0.237   4.027    -1.07147    81.09381    36.01062
    32  C   4.0  -0.163   4.051     3.98543    85.63104    37.61500
    33  C   4.0  -0.238   4.017     3.67741    87.97241    39.10032
    34  N   5.0  -0.441   3.258     3.96465    81.84403    46.91434
    35  C   4.0   0.074   3.464     5.85626    81.83836    45.11721
    36  C   4.0   0.019   3.276     8.16551    81.31113    46.32474
    37  C   4.0   0.003   3.422     7.60237    81.07491    48.95335
    38  C   4.0   0.091   3.649     4.93030    81.41884    49.18390
    39  C   4.0  -0.249   4.040    10.58813    81.09570    45.05296
    40  C   4.0   0.096   3.242     8.63983    80.64594    51.42322
    41  O   6.0  -0.087   1.044    10.83569    80.20564    52.14510
    42  C   4.0  -0.116   4.224     6.37971    80.76122    53.31484
    43  C   4.0   0.195   3.167     6.72742    78.38583    54.73024
    44  O   6.0  -0.115   1.050     6.29468    76.29013    54.03482
    45  O   6.0  -0.113   2.037     7.67229    78.97732    57.07350
    46  C   4.0  -0.199   4.008     8.22220    76.94586    58.92921
    47  C   4.0  -0.138   4.097    -1.79335    77.43152    63.16787
    48  C   4.0  -0.054   3.089    -4.33314    77.34459    64.43588
    49  C   4.0   0.016   3.069    -5.11549    75.77990    66.23112
    50  C   4.0  -0.248   4.029    -3.59426    73.43664    67.14574
    51  C   4.0  -0.175   4.066    -7.65150    76.18430    67.60873
    52  C   4.0  -0.164   4.048    -7.84047    78.56536    69.32649
    53  C   4.0  -0.164   4.075    -8.78345    80.99743    67.92242
    54  C   4.0  -0.089   4.060   -11.32135    81.79679    69.15263
    55  C   4.0  -0.238   4.038   -11.55378    84.70508    69.46633
    56  C   4.0  -0.165   4.084   -13.43406    80.82358    67.43487
    57  C   4.0  -0.162   4.026   -15.79244    79.67274    68.78602
    58  C   4.0  -0.164   4.052   -18.41349    80.83303    67.91675
    59  C   4.0  -0.088   4.046   -20.45061    78.73543    67.37251
    60  C   4.0  -0.239   4.048   -22.69183    79.83714    65.83427
    61  C   4.0  -0.164   4.081   -21.56366    77.68852    69.85939
    62  C   4.0  -0.163   4.054   -22.04743    74.79157    69.63073
    63  C   4.0  -0.164   4.061   -24.41148    73.95820    71.09527
    64  C   4.0  -0.088   4.029   -23.62535    73.53302    73.95065
    65  C   4.0  -0.238   4.030   -24.67037    70.91575    74.87472
    66  C   4.0  -0.239   4.038   -24.45683    75.68352    75.68919
    67  H   1.0   0.071   1.006    -6.66506    79.87116    51.56117
    68  H   1.0   0.071   1.008    -4.57314    81.57569    39.36110
    69  H   1.0   0.071   1.006     6.99766    82.52244    41.31130
    70  H   1.0   0.086   1.011     1.22643    78.74110    55.68078
    71  H   1.0   0.084   1.007    -3.80213    81.05790    55.67133
    72  H   1.0   0.081   1.002    -4.74510    77.47876    56.69556
    73  H   1.0   0.080   0.998    -1.77445    76.24288    56.41399
    74  H   1.0   0.080   0.998    -3.68686    75.93486    53.74003
    75  H   1.0   0.084   1.014    -0.71999    83.84525    56.98658
    76  H   1.0   0.083   1.008     2.43775    83.77344    55.71290
    77  H   1.0   0.082   1.006     0.76156    83.84525    60.39375
    78  H   1.0   0.082   1.006     3.70386    82.48843    59.56416
    79  H   1.0   0.081   1.004   -11.29489    81.38483    47.34519
    80  H   1.0   0.081   0.999    -9.88516    80.09037    49.94735
    81  H   1.0   0.080   0.997   -11.21930    78.07970    47.58519
    82  H   1.0   0.080   1.001   -11.39694    76.83248    42.93457
    83  H   1.0   0.080   0.997   -13.32446    78.58992    40.76139
    84  H   1.0   0.081   1.000   -12.90494    79.84092    43.64511
    85  H   1.0   0.085   1.012    -1.00155    84.66350    37.31453
    86  H   1.0   0.085   1.008     3.62638    81.41128    37.74728
    87  H   1.0   0.080   1.000    -1.46454    79.29479    36.93469
    88  H   1.0   0.080   0.998     0.21732    81.17507    34.40435
    89  H   1.0   0.080   1.000    -2.84782    81.88372    35.33032
    90  H   1.0   0.082   1.006     3.19553    86.07702    35.76684
    91  H   1.0   0.082   1.003     5.97531    85.27199    37.22004
    92  H   1.0   0.080   0.999     5.51044    88.72263    39.66346
    93  H   1.0   0.080   1.000     2.51145    87.72864    40.78218
    94  H   1.0   0.080   1.001     2.65506    89.30656    37.90790
    95  H   1.0   0.080   0.997    12.17928    82.29001    45.58775
    96  H   1.0   0.081   1.004    10.30279    81.86104    43.16323
    97  H   1.0   0.080   1.000    11.06246    79.10393    44.81107
    98  H   1.0   0.086   1.012     6.96742    82.25410    54.60741
    99  H   1.0   0.080   0.996    10.04389    76.11249    58.44733
   100  H   1.0   0.080   0.995     6.87104    75.40007    59.10496
   101  H   1.0   0.079   0.995     8.33180    77.67719    60.85296
   102  H   1.0   0.083   1.004    -0.42330    77.21042    64.69099
   103  H   1.0   0.082   1.001    -1.47399    75.84793    61.88852
   104  H   1.0   0.071   1.007    -5.52178    79.01133    64.20911
   105  H   1.0   0.080   0.998    -3.17474    73.60105    69.15452
   106  H   1.0   0.080   0.997    -1.94264    72.94720    66.01758
   107  H   1.0   0.080   0.999    -4.93218    71.87195    67.20621
   108  H   1.0   0.082   1.001    -8.40739    74.47599    68.47422
   109  H   1.0   0.083   1.010    -8.84959    76.62272    65.99112
   110  H   1.0   0.082   1.003    -5.96209    78.96220    70.07293
   111  H   1.0   0.082   1.003    -8.96297    77.92663    70.93086
   112  H   1.0   0.082   1.001    -8.81179    80.82358    65.87018
   113  H   1.0   0.083   1.007    -7.28489    82.27867    68.51957
   114  H   1.0   0.084   1.008   -11.47253    80.84815    70.97433
   115  H   1.0   0.080   0.998   -12.85014    85.53467    68.09627
   116  H   1.0   0.081   1.000    -9.68107    85.45152    69.04681
   117  H   1.0   0.081   1.001   -12.11503    84.84681    71.44298
   118  H   1.0   0.083   1.006   -12.74431    79.22487    66.33505
   119  H   1.0   0.083   1.003   -13.91594    82.32402    66.10828
   120  H   1.0   0.082   1.003   -15.70551    80.01289    70.81559
   121  H   1.0   0.082   1.003   -15.94740    77.66018    68.37784
   122  H   1.0   0.082   1.002   -18.14137    82.04245    66.27269
   123  H   1.0   0.082   1.002   -19.17127    82.10670    69.34727
   124  H   1.0   0.083   1.007   -19.51331    77.42018    66.09505
   125  H   1.0   0.081   0.999   -24.35668    78.65984    66.11962
   126  H   1.0   0.080   0.998   -22.17026    79.92218    63.84250
   127  H   1.0   0.080   0.999   -22.99419    81.80813    66.35206
   128  H   1.0   0.082   1.002   -23.09245    78.86015    70.58693
   129  H   1.0   0.083   1.004   -20.16716    78.08348    71.32204
   130  H   1.0   0.082   1.002   -20.42227    73.65396    70.18631
   131  H   1.0   0.082   1.004   -22.37247    74.01868    67.74857
   132  H   1.0   0.082   1.003   -25.09367    72.16485    70.34694
   133  H   1.0   0.082   1.002   -25.87791    75.39440    70.93275
   134  H   1.0   0.083   1.010   -21.58634    73.58026    74.23788
   135  H   1.0   0.081   1.002   -24.25085    71.02157    76.88728
   136  H   1.0   0.080   0.999   -23.31733    69.52491    74.18308
   137  H   1.0   0.080   0.997   -26.65836    70.52457    74.50623
   138  H   1.0   0.080   0.997   -25.40926    75.22054    77.45609
   139  H   1.0   0.081   0.999   -25.76641    76.92885    74.70276
   140  H   1.0   0.080   0.997   -23.04710    77.10271    76.18052
 
  Z AO/shell   Hii/eV     exponent
  1     Sat Feb 20 21:38:01 CET 2016    EN: 2.327 GAM: 0.473  GM3: 0.0000
     1s    -13.751157    1.051071
  6     Sat Feb 20 21:38:01 CET 2016    EN: 2.731 GAM: 0.422  GM3: 0.0000
     2s    -19.378245    2.021003
     2p    -11.993376    1.497917
  7     Sat Feb 20 21:38:01 CET 2016    EN: 3.573 GAM: 0.504  GM3: 0.0000
     2s    -21.576984    2.275442
     2p    -16.125120    2.056788
  8     Sat Feb 20 21:38:01 CET 2016    EN: 3.700 GAM: 0.587  GM3: 0.0000
     2s    -21.648843    2.110798
     2p    -17.239740    2.329048
 12     Sat Feb 20 23:25:47 CET 2016    EN: 0.033 GAM: 0.222  GM3: 0.0000
     3s    -12.693633    1.302878
     3p     -8.128821    0.504252
 
 dipole moment of classical point charges (au)
     X       Y       Z   
  -0.3016   0.0182   0.6199  total (Debye):    1.753

 
 Nbf   :          338
 T(el) :   300.0
 calculating S/T integrals ...
 cpu time for ints   0.186400000000000     
 Nao   :          338
 making H0...
 making H1...
 cpu time for H      7.344999999999990E-003
 solving ...
 cpu time for diag   4.704599999999998E-002
 
 gap (eV)           :   1.298
 Koopmans IP (eV)   :  12.150
 Eel (Eh)           :  -268.577681
 T,E(Fermi),NFOD :    300.000   -11.501  0.000000
 T,E(Fermi),NFOD :    300.000   -11.501  0.000000
 Nfod               :  0.0000
 Nfod/Nel           :  0.0000

          eigenvalues
 #    :         164        165        166        167        168        169        170        171
 occ. :        2.000      2.000      2.000      2.000      2.000      2.000      2.000      2.000
 eps  :       -16.324    -16.151    -15.916    -15.782    -15.703    -15.556    -15.491    -14.984
 #    :         172        173        174        175        176        177        178        179
 occ. :        2.000      2.000      2.000      2.000      2.000      0.000      0.000      0.000
 eps  :       -14.901    -14.776    -14.617    -13.273    -12.151    -10.853     -9.665     -8.864
 #    :         180        181        182        183        184        185        186        187
 occ. :        0.000      0.000      0.000      0.000      0.000      0.000      0.000      0.000
 eps  :        -8.657     -7.863     -7.794     -7.744     -7.428     -7.232     -7.111     -6.977
                            1  SCC done.
 making H1...
 cpu time for H      6.534299999999998E-002
 solving ...
 cpu time for diag   3.817300000000001E-002
 
 gap (eV)           :   1.568
 Koopmans IP (eV)   :  12.004
 Eel (Eh)           :  -265.605217
 T,E(Fermi),NFOD :    300.000   -11.220  0.000000
 T,E(Fermi),NFOD :    300.000   -11.220  0.000000
 Nfod               :  0.0000
 Nfod/Nel           :  0.0000

          eigenvalues
 #    :         164        165        166        167        168        169        170        171
 occ. :        2.000      2.000      2.000      2.000      2.000      2.000      2.000      2.000
 eps  :       -15.222    -15.059    -14.977    -14.771    -14.660    -14.559    -14.403    -14.260
 #    :         172        173        174        175        176        177        178        179
 occ. :        2.000      2.000      2.000      2.000      2.000      0.000      0.000      0.000
 eps  :       -14.129    -13.701    -13.516    -12.637    -12.005    -10.437     -9.035     -8.741
 #    :         180        181        182        183        184        185        186        187
 occ. :        0.000      0.000      0.000      0.000      0.000      0.000      0.000      0.000
 eps  :        -8.214     -7.823     -7.780     -7.541     -7.206     -7.173     -6.982     -6.724
                            2  SCC done.
 
 
 Mulliken/CM5 charges    n(s)   n(p)   n(d)   
    1 MG  0.3010  0.7561   0.671  1.028  0.000
    2 C   0.0333  0.0371   1.186  2.781  0.000
    3 C  -0.0282 -0.0716   1.128  2.900  0.000
    4 C  -0.0353 -0.0772   1.131  2.905  0.000
    5 C  -0.0315 -0.0731   1.123  2.908  0.000
    6 N  -0.1214 -0.3403   1.443  3.678  0.000
    7 C   0.0291  0.0862   1.252  2.719  0.000
    8 C  -0.0213 -0.0759   1.197  2.824  0.000
    9 C  -0.0189 -0.0778   1.205  2.814  0.000
   10 C  -0.0001  0.0528   1.241  2.759  0.000
   11 C  -0.0881 -0.2372   1.099  2.989  0.000
   12 C  -0.0384 -0.1459   1.137  2.901  0.000
   13 C  -0.0678 -0.1704   1.142  2.926  0.000
   14 C   0.2362  0.2892   1.175  2.589  0.000
   15 O  -0.2448 -0.3042   1.613  4.632  0.000
   16 O  -0.1723 -0.2478   1.505  4.668  0.000
   17 N  -0.2222 -0.5052   1.384  3.838  0.000
   18 C  -0.0006  0.0582   1.197  2.804  0.000
   19 C  -0.0178 -0.0221   1.197  2.820  0.000
   20 C  -0.0661 -0.0616   1.202  2.864  0.000
   21 C   0.0269  0.0856   1.198  2.776  0.000
   22 C  -0.0899 -0.2353   1.082  3.008  0.000
   23 C   0.1351  0.1566   1.218  2.647  0.000
   24 O  -0.2505 -0.2974   1.631  4.619  0.000
   25 C  -0.0862 -0.2283   1.088  2.998  0.000
   26 N  -0.1833 -0.4679   1.406  3.777  0.000
   27 C   0.0113  0.0648   1.251  2.738  0.000
   28 C  -0.0193 -0.0783   1.185  2.834  0.000
   29 C  -0.0248 -0.0787   1.202  2.823  0.000
   30 C   0.0590  0.1187   1.203  2.738  0.000
   31 C  -0.0849 -0.2351   1.109  2.976  0.000
   32 C  -0.0528 -0.1636   1.143  2.910  0.000
   33 C  -0.0805 -0.2322   1.084  2.996  0.000
   34 N  -0.2153 -0.5012   1.373  3.842  0.000
   35 C   0.0504  0.1099   1.183  2.767  0.000
   36 C   0.0190  0.0144   1.190  2.791  0.000
   37 C  -0.0490 -0.0407   1.183  2.866  0.000
   38 C   0.0409  0.1144   1.184  2.775  0.000
   39 C  -0.0743 -0.2179   1.068  3.006  0.000
   40 C   0.1277  0.1580   1.206  2.667  0.000
   41 O  -0.2494 -0.2905   1.638  4.611  0.000
   42 C  -0.0378 -0.0801   1.190  2.848  0.000
   43 C   0.2500  0.3071   1.160  2.590  0.000
   44 O  -0.2700 -0.3167   1.620  4.650  0.000
   45 O  -0.1624 -0.2438   1.482  4.680  0.000
   46 C   0.0070 -0.1168   1.089  2.904  0.000
   47 C   0.0470 -0.0325   1.129  2.824  0.000
   48 C  -0.0737 -0.1307   1.153  2.920  0.000
   49 C  -0.0310 -0.0554   1.217  2.814  0.000
   50 C  -0.1059 -0.2514   1.090  3.016  0.000
   51 C  -0.0689 -0.1761   1.146  2.923  0.000
   52 C  -0.0644 -0.1768   1.163  2.902  0.000
   53 C  -0.0637 -0.1749   1.165  2.898  0.000
   54 C  -0.0267 -0.1014   1.207  2.820  0.000
   55 C  -0.0957 -0.2454   1.105  2.991  0.000
   56 C  -0.0769 -0.1871   1.159  2.917  0.000
   57 C  -0.0679 -0.1794   1.159  2.909  0.000
   58 C  -0.0846 -0.1958   1.167  2.917  0.000
   59 C  -0.0263 -0.1000   1.207  2.820  0.000
   60 C  -0.1062 -0.2565   1.105  3.001  0.000
   61 C  -0.0662 -0.1751   1.153  2.914  0.000
   62 C  -0.0631 -0.1741   1.148  2.915  0.000
   63 C  -0.0624 -0.1725   1.161  2.902  0.000
   64 C  -0.0278 -0.1024   1.209  2.819  0.000
   65 C  -0.1008 -0.2505   1.105  2.996  0.000
   66 C  -0.1254 -0.2769   1.105  3.020  0.000
   67 H   0.0638  0.1227   0.936  0.000  0.000
   68 H   0.0725  0.1364   0.928  0.000  0.000
   69 H   0.0547  0.1137   0.945  0.000  0.000
   70 H   0.0537  0.1206   0.946  0.000  0.000
   71 H   0.0495  0.1099   0.950  0.000  0.000
   72 H   0.0396  0.0930   0.960  0.000  0.000
   73 H   0.0416  0.0949   0.958  0.000  0.000
   74 H   0.0394  0.0921   0.961  0.000  0.000
   75 H   0.0354  0.0952   0.965  0.000  0.000
   76 H   0.0522  0.1124   0.948  0.000  0.000
   77 H   0.0439  0.1041   0.956  0.000  0.000
   78 H   0.0317  0.0931   0.968  0.000  0.000
   79 H   0.0421  0.0967   0.958  0.000  0.000
   80 H   0.0510  0.1046   0.949  0.000  0.000
   81 H   0.0483  0.1003   0.952  0.000  0.000
   82 H   0.0493  0.1036   0.951  0.000  0.000
   83 H   0.0489  0.1030   0.951  0.000  0.000
   84 H   0.0466  0.1010   0.953  0.000  0.000
   85 H   0.0504  0.1127   0.950  0.000  0.000
   86 H   0.0552  0.1167   0.945  0.000  0.000
   87 H   0.0385  0.0920   0.961  0.000  0.000
   88 H   0.0453  0.0974   0.955  0.000  0.000
   89 H   0.0416  0.0942   0.958  0.000  0.000
   90 H   0.0279  0.0847   0.972  0.000  0.000
   91 H   0.0335  0.0890   0.966  0.000  0.000
   92 H   0.0371  0.0891   0.963  0.000  0.000
   93 H   0.0365  0.0916   0.964  0.000  0.000
   94 H   0.0347  0.0870   0.965  0.000  0.000
   95 H   0.0560  0.1075   0.944  0.000  0.000
   96 H   0.0354  0.0904   0.965  0.000  0.000
   97 H   0.0535  0.1063   0.946  0.000  0.000
   98 H   0.0639  0.1349   0.936  0.000  0.000
   99 H   0.0476  0.1070   0.952  0.000  0.000
  100 H   0.0536  0.1130   0.946  0.000  0.000
  101 H   0.0486  0.1065   0.951  0.000  0.000
  102 H   0.0552  0.1226   0.945  0.000  0.000
  103 H   0.0593  0.1261   0.941  0.000  0.000
  104 H   0.0369  0.0976   0.963  0.000  0.000
  105 H   0.0400  0.0920   0.960  0.000  0.000
  106 H   0.0437  0.0958   0.956  0.000  0.000
  107 H   0.0338  0.0863   0.966  0.000  0.000
  108 H   0.0453  0.1001   0.955  0.000  0.000
  109 H   0.0344  0.0938   0.966  0.000  0.000
  110 H   0.0312  0.0873   0.969  0.000  0.000
  111 H   0.0402  0.0961   0.960  0.000  0.000
  112 H   0.0477  0.1040   0.952  0.000  0.000
  113 H   0.0406  0.0978   0.959  0.000  0.000
  114 H   0.0419  0.1027   0.958  0.000  0.000
  115 H   0.0411  0.0936   0.959  0.000  0.000
  116 H   0.0364  0.0898   0.964  0.000  0.000
  117 H   0.0428  0.0956   0.957  0.000  0.000
  118 H   0.0322  0.0902   0.968  0.000  0.000
  119 H   0.0335  0.0906   0.967  0.000  0.000
  120 H   0.0319  0.0879   0.968  0.000  0.000
  121 H   0.0373  0.0939   0.963  0.000  0.000
  122 H   0.0300  0.0860   0.970  0.000  0.000
  123 H   0.0234  0.0791   0.977  0.000  0.000
  124 H   0.0366  0.0963   0.963  0.000  0.000
  125 H   0.0395  0.0926   0.960  0.000  0.000
  126 H   0.0280  0.0797   0.972  0.000  0.000
  127 H   0.0267  0.0793   0.973  0.000  0.000
  128 H   0.0446  0.1010   0.955  0.000  0.000
  129 H   0.0313  0.0889   0.969  0.000  0.000
  130 H   0.0346  0.0902   0.965  0.000  0.000
  131 H   0.0359  0.0917   0.964  0.000  0.000
  132 H   0.0411  0.0972   0.959  0.000  0.000
  133 H   0.0378  0.0942   0.962  0.000  0.000
  134 H   0.0385  0.0985   0.961  0.000  0.000
  135 H   0.0321  0.0856   0.968  0.000  0.000
  136 H   0.0364  0.0886   0.964  0.000  0.000
  137 H   0.0411  0.0925   0.959  0.000  0.000
  138 H   0.0312  0.0826   0.969  0.000  0.000
  139 H   0.0191  0.0720   0.981  0.000  0.000
  140 H   0.0319  0.0830   0.968  0.000  0.000
 Hirshfeld charges for QMDFF written to <charges>
 
 Loewdin charges    n(s)   n(p)   n(d)
    1 MG  0.1396   0.683  1.177  0.000
    2 C   0.0333   1.148  2.819  0.000
    3 C  -0.0262   1.076  2.950  0.000
    4 C  -0.0322   1.078  2.954  0.000
    5 C  -0.0281   1.070  2.958  0.000
    6 N  -0.0934   1.405  3.689  0.000
    7 C   0.0332   1.216  2.750  0.000
    8 C  -0.0157   1.149  2.866  0.000
    9 C  -0.0104   1.158  2.852  0.000
   10 C   0.0054   1.205  2.790  0.000
   11 C  -0.0906   1.028  3.063  0.000
   12 C  -0.0333   1.076  2.957  0.000
   13 C  -0.0686   1.082  2.986  0.000
   14 C   0.2092   1.149  2.641  0.000
   15 O  -0.2255   1.577  4.648  0.000
   16 O  -0.1405   1.472  4.669  0.000
   17 N  -0.1899   1.342  3.848  0.000
   18 C   0.0028   1.157  2.840  0.000
   19 C  -0.0074   1.154  2.854  0.000
   20 C  -0.0725   1.165  2.907  0.000
   21 C   0.0327   1.157  2.810  0.000
   22 C  -0.0938   1.009  3.084  0.000
   23 C   0.1356   1.183  2.682  0.000
   24 O  -0.2374   1.603  4.634  0.000
   25 C  -0.0925   1.015  3.077  0.000
   26 N  -0.1452   1.361  3.784  0.000
   27 C   0.0187   1.214  2.767  0.000
   28 C  -0.0116   1.137  2.875  0.000
   29 C  -0.0171   1.154  2.863  0.000
   30 C   0.0620   1.164  2.774  0.000
   31 C  -0.0856   1.037  3.049  0.000
   32 C  -0.0483   1.084  2.965  0.000
   33 C  -0.0815   1.010  3.071  0.000
   34 N  -0.1820   1.329  3.853  0.000
   35 C   0.0505   1.145  2.805  0.000
   36 C   0.0277   1.147  2.825  0.000
   37 C  -0.0585   1.147  2.912  0.000
   38 C   0.0448   1.144  2.811  0.000
   39 C  -0.0771   0.994  3.083  0.000
   40 C   0.1248   1.172  2.703  0.000
   41 O  -0.2366   1.611  4.626  0.000
   42 C  -0.0375   1.142  2.896  0.000
   43 C   0.2243   1.134  2.642  0.000
   44 O  -0.2542   1.587  4.667  0.000
   45 O  -0.1293   1.449  4.680  0.000
   46 C   0.0002   1.019  2.981  0.000
   47 C   0.0472   1.071  2.881  0.000
   48 C  -0.0731   1.104  2.969  0.000
   49 C  -0.0209   1.176  2.845  0.000
   50 C  -0.1092   1.018  3.092  0.000
   51 C  -0.0665   1.087  2.979  0.000
   52 C  -0.0599   1.105  2.955  0.000
   53 C  -0.0609   1.109  2.952  0.000
   54 C  -0.0166   1.159  2.858  0.000
   55 C  -0.0990   1.034  3.065  0.000
   56 C  -0.0757   1.103  2.973  0.000
   57 C  -0.0631   1.101  2.962  0.000
   58 C  -0.0827   1.111  2.972  0.000
   59 C  -0.0152   1.159  2.856  0.000
   60 C  -0.1098   1.035  3.075  0.000
   61 C  -0.0639   1.095  2.969  0.000
   62 C  -0.0585   1.090  2.969  0.000
   63 C  -0.0586   1.103  2.956  0.000
   64 C  -0.0167   1.162  2.855  0.000
   65 C  -0.1031   1.034  3.069  0.000
   66 C  -0.1320   1.035  3.097  0.000
   67 H   0.0588   0.941  0.000  0.000
   68 H   0.0652   0.935  0.000  0.000
   69 H   0.0501   0.950  0.000  0.000
   70 H   0.0471   0.953  0.000  0.000
   71 H   0.0438   0.956  0.000  0.000
   72 H   0.0394   0.961  0.000  0.000
   73 H   0.0419   0.958  0.000  0.000
   74 H   0.0387   0.961  0.000  0.000
   75 H   0.0330   0.967  0.000  0.000
   76 H   0.0482   0.952  0.000  0.000
   77 H   0.0409   0.959  0.000  0.000
   78 H   0.0282   0.972  0.000  0.000
   79 H   0.0420   0.958  0.000  0.000
   80 H   0.0511   0.949  0.000  0.000
   81 H   0.0472   0.953  0.000  0.000
   82 H   0.0483   0.952  0.000  0.000
   83 H   0.0469   0.953  0.000  0.000
   84 H   0.0470   0.953  0.000  0.000
   85 H   0.0450   0.955  0.000  0.000
   86 H   0.0486   0.951  0.000  0.000
   87 H   0.0377   0.962  0.000  0.000
   88 H   0.0444   0.956  0.000  0.000
   89 H   0.0413   0.959  0.000  0.000
   90 H   0.0264   0.974  0.000  0.000
   91 H   0.0312   0.969  0.000  0.000
   92 H   0.0364   0.964  0.000  0.000
   93 H   0.0382   0.962  0.000  0.000
   94 H   0.0346   0.965  0.000  0.000
   95 H   0.0542   0.946  0.000  0.000
   96 H   0.0373   0.963  0.000  0.000
   97 H   0.0515   0.949  0.000  0.000
   98 H   0.0553   0.945  0.000  0.000
   99 H   0.0439   0.956  0.000  0.000
  100 H   0.0497   0.950  0.000  0.000
  101 H   0.0457   0.954  0.000  0.000
  102 H   0.0479   0.952  0.000  0.000
  103 H   0.0518   0.948  0.000  0.000
  104 H   0.0311   0.969  0.000  0.000
  105 H   0.0399   0.960  0.000  0.000
  106 H   0.0427   0.957  0.000  0.000
  107 H   0.0344   0.966  0.000  0.000
  108 H   0.0422   0.958  0.000  0.000
  109 H   0.0328   0.967  0.000  0.000
  110 H   0.0289   0.971  0.000  0.000
  111 H   0.0384   0.962  0.000  0.000
  112 H   0.0457   0.954  0.000  0.000
  113 H   0.0384   0.962  0.000  0.000
  114 H   0.0374   0.963  0.000  0.000
  115 H   0.0411   0.959  0.000  0.000
  116 H   0.0369   0.963  0.000  0.000
  117 H   0.0417   0.958  0.000  0.000
  118 H   0.0305   0.969  0.000  0.000
  119 H   0.0322   0.968  0.000  0.000
  120 H   0.0297   0.970  0.000  0.000
  121 H   0.0349   0.965  0.000  0.000
  122 H   0.0285   0.972  0.000  0.000
  123 H   0.0218   0.978  0.000  0.000
  124 H   0.0314   0.969  0.000  0.000
  125 H   0.0392   0.961  0.000  0.000
  126 H   0.0285   0.971  0.000  0.000
  127 H   0.0274   0.973  0.000  0.000
  128 H   0.0422   0.958  0.000  0.000
  129 H   0.0293   0.971  0.000  0.000
  130 H   0.0324   0.968  0.000  0.000
  131 H   0.0338   0.966  0.000  0.000
  132 H   0.0383   0.962  0.000  0.000
  133 H   0.0353   0.965  0.000  0.000
  134 H   0.0337   0.966  0.000  0.000
  135 H   0.0326   0.967  0.000  0.000
  136 H   0.0363   0.964  0.000  0.000
  137 H   0.0402   0.960  0.000  0.000
  138 H   0.0323   0.968  0.000  0.000
  139 H   0.0218   0.978  0.000  0.000
  140 H   0.0328   0.967  0.000  0.000
 
 Wiberg/Mayer (AO) data. WBOs > 0.1 written file <wbo>
 largest (>0.05) Wiberg bond orders for each atom
           total WBO             WBO to atom ...
     1  MG  2.530    N   17 0.534    N   34 0.516    N   26 0.423    N    6 0.352    C   27 0.055    C   38 0.053    C   18 0.050    C   21 0.050
     2  C   3.879    C    7 1.310    C   38 1.270    C   42 0.941
     3  C   3.908    C   10 1.489    C   18 1.225    H   67 0.929
     4  C   3.918    C   21 1.388    C   27 1.308    H   68 0.926
     5  C   3.905    C   30 1.473    C   35 1.229    H   69 0.933
     6  N   3.280    C    7 1.272    C   10 1.208    MG   1 0.352
     7  C   3.844    C    2 1.310    N    6 1.272    C    8 0.979
     8  C   3.934    C    7 0.979    C   12 0.947    H   70 0.927    C    9 0.922
     9  C   3.933    C   11 0.989    H   71 0.945    C    8 0.922    C   10 0.922
    10  C   3.851    C    3 1.489    N    6 1.208    C    9 0.922
    11  C   3.974    C    9 0.989    H   72 0.976    H   74 0.975    H   73 0.971
    12  C   3.956    C   13 0.997    H   75 0.962    H   76 0.947    C    8 0.947
    13  C   3.966    C   12 0.997    H   78 0.962    H   77 0.960    C   14 0.893    O   15 0.089
    14  C   3.888    O   15 1.888    O   16 1.060    C   13 0.893
    15  O   2.193    C   14 1.888    O   16 0.164    C   13 0.089
    16  O   2.267    C   14 1.060    C   47 0.954    O   15 0.164
    17  N   3.300    C   18 1.157    C   21 1.140    MG   1 0.534    C   20 0.066    C   27 0.054
    18  C   3.866    C    3 1.225    C   19 1.208    N   17 1.157    MG   1 0.050
    19  C   3.888    C   20 1.450    C   18 1.208    C   22 0.985    O   24 0.052
    20  C   3.881    C   19 1.450    C   21 1.091    C   23 0.980    O   24 0.080    N   17 0.066
    21  C   3.882    C    4 1.388    N   17 1.140    C   20 1.091    MG   1 0.050
    22  C   3.976    C   19 0.985    H   80 0.971    H   81 0.967    H   79 0.963
    23  C   3.879    O   24 1.821    C   20 0.980    C   25 0.979
    24  O   2.130    C   23 1.821    C   20 0.080    C   25 0.068    C   19 0.052
    25  C   3.981    C   23 0.979    H   83 0.970    H   82 0.958    H   84 0.957    O   24 0.068
    26  N   3.316    C   27 1.258    C   30 1.208    MG   1 0.423
    27  C   3.839    C    4 1.308    N   26 1.258    C   28 0.960    MG   1 0.055    N   17 0.054
    28  C   3.941    C   31 0.963    C   27 0.960    C   29 0.952    H   85 0.937
    29  C   3.934    C   28 0.952    C   30 0.947    H   86 0.937    C   32 0.932
    30  C   3.857    C    5 1.473    N   26 1.208    C   29 0.947
    31  C   3.966    H   87 0.979    H   89 0.979    H   88 0.976    C   28 0.963
    32  C   3.956    C   33 1.019    H   90 0.970    H   91 0.966    C   29 0.932
    33  C   3.981    C   32 1.019    H   94 0.983    H   92 0.980    H   93 0.969
    34  N   3.316    C   38 1.227    C   35 1.122    MG   1 0.516    C   37 0.067
    35  C   3.875    C   36 1.256    C    5 1.229    N   34 1.122
    36  C   3.884    C   37 1.317    C   35 1.256    C   39 1.015    O   41 0.061
    37  C   3.896    C   36 1.317    C   38 1.131    C   40 1.105    O   41 0.068    N   34 0.067
    38  C   3.904    C    2 1.270    N   34 1.227    C   37 1.131    MG   1 0.053
    39  C   3.977    C   36 1.015    H   96 0.968    H   95 0.963    H   97 0.958
    40  C   3.892    O   41 1.769    C   37 1.105    C   42 0.859
    41  O   2.111    C   40 1.769    C   42 0.079    C   37 0.068    C   36 0.061
    42  C   3.945    C    2 0.941    C   43 0.932    H   98 0.926    C   40 0.859    O   41 0.079    O   44 0.072
    43  C   3.899    O   44 1.835    O   45 1.061    C   42 0.932
    44  O   2.148    C   43 1.835    O   45 0.165    C   42 0.072
    45  O   2.278    C   43 1.061    C   46 0.972    O   44 0.165
    46  C   3.944    H  101 0.990    H   99 0.987    H  100 0.981    O   45 0.972
    47  C   3.935    C   48 0.990    H  102 0.958    H  103 0.957    O   16 0.954
    48  C   3.959    C   49 1.915    C   47 0.990    H  104 0.931
    49  C   3.931    C   48 1.915    C   50 0.967    C   51 0.958
    50  C   3.983    H  106 0.977    H  107 0.976    H  105 0.972    C   49 0.967
    51  C   3.961    C   52 0.970    H  108 0.962    H  109 0.958    C   49 0.958
    52  C   3.957    C   53 0.979    C   51 0.970    H  110 0.969    H  111 0.960
    53  C   3.959    C   52 0.979    C   54 0.969    H  113 0.961    H  112 0.957
    54  C   3.940    C   55 0.981    C   56 0.981    C   53 0.969    H  114 0.946
    55  C   3.983    C   54 0.981    H  117 0.981    H  116 0.978    H  115 0.976
    56  C   3.961    C   54 0.981    C   57 0.977    H  118 0.963    H  119 0.958
    57  C   3.963    C   56 0.977    C   58 0.976    H  120 0.971    H  121 0.971
    58  C   3.954    C   57 0.976    H  123 0.972    C   59 0.964    H  122 0.963
    59  C   3.939    C   60 0.986    C   61 0.974    C   58 0.964    H  124 0.954
    60  C   3.981    C   59 0.986    H  127 0.983    H  126 0.981    H  125 0.977
    61  C   3.957    C   62 0.976    C   59 0.974    H  129 0.966    H  128 0.960
    62  C   3.961    C   63 0.992    C   61 0.976    H  130 0.966    H  131 0.961
    63  C   3.963    C   62 0.992    H  133 0.963    H  132 0.961    C   64 0.961
    64  C   3.936    C   66 0.992    C   65 0.983    C   63 0.961    H  134 0.955
    65  C   3.981    C   64 0.983    H  137 0.981    H  136 0.981    H  135 0.978
    66  C   3.971    C   64 0.992    H  140 0.977    H  139 0.977    H  138 0.974
    67  H   0.993    C    3 0.929
    68  H   0.992    C    4 0.926
    69  H   0.993    C    5 0.933
    70  H   0.995    C    8 0.927
    71  H   0.993    C    9 0.945
    72  H   0.997    C   11 0.976
    73  H   0.997    C   11 0.971
    74  H   0.996    C   11 0.975
    75  H   0.996    C   12 0.962
    76  H   0.996    C   12 0.947
    77  H   0.996    C   13 0.960
    78  H   0.998    C   13 0.962
    79  H   0.994    C   22 0.963
    80  H   0.995    C   22 0.971
    81  H   0.995    C   22 0.967
    82  H   0.997    C   25 0.958
    83  H   0.995    C   25 0.970
    84  H   0.997    C   25 0.957
    85  H   0.994    C   28 0.937
    86  H   0.993    C   29 0.937
    87  H   0.998    C   31 0.979
    88  H   0.996    C   31 0.976
    89  H   0.997    C   31 0.979
    90  H   0.997    C   32 0.970
    91  H   0.997    C   32 0.966
    92  H   0.998    C   33 0.980
    93  H   0.998    C   33 0.969
    94  H   0.999    C   33 0.983
    95  H   0.992    C   39 0.963
    96  H   0.995    C   39 0.968
    97  H   0.991    C   39 0.958
    98  H   0.992    C   42 0.926
    99  H   0.998    C   46 0.987
   100  H   0.997    C   46 0.981
   101  H   0.997    C   46 0.990
   102  H   0.997    C   47 0.958
   103  H   0.996    C   47 0.957
   104  H   0.999    C   48 0.931
   105  H   0.998    C   50 0.972
   106  H   0.997    C   50 0.977
   107  H   0.999    C   50 0.976
   108  H   0.997    C   51 0.962
   109  H   0.999    C   51 0.958
   110  H   0.999    C   52 0.969
   111  H   0.997    C   52 0.960
   112  H   0.998    C   53 0.957
   113  H   0.997    C   53 0.961
   114  H   0.998    C   54 0.946
   115  H   0.998    C   55 0.976
   116  H   0.998    C   55 0.978
   117  H   0.998    C   55 0.981
   118  H   0.999    C   56 0.963
   119  H   0.999    C   56 0.958
   120  H   0.999    C   57 0.971
   121  H   0.998    C   57 0.971
   122  H   0.998    C   58 0.963
   123  H   0.999    C   58 0.972
   124  H   0.999    C   59 0.954
   125  H   0.998    C   60 0.977
   126  H   0.999    C   60 0.981
   127  H   0.999    C   60 0.983
   128  H   0.998    C   61 0.960
   129  H   0.999    C   61 0.966
   130  H   0.999    C   62 0.966
   131  H   0.998    C   62 0.961
   132  H   0.997    C   63 0.961
   133  H   0.999    C   63 0.963
   134  H   0.999    C   64 0.955
   135  H   0.998    C   65 0.978
   136  H   0.999    C   65 0.981
   137  H   0.998    C   65 0.981
   138  H   0.998    C   66 0.974
   139  H   1.000    C   66 0.977
   140  H   0.999    C   66 0.977
 
 --------------------------------------------
          xTB calculation for sTDA...
 --------------------------------------------
 
 reading parameter file ~/.param_stda2.xtb
 
      method parameters     
 k(s)        :  1.6000
 k(p)        :  2.1800
 k(d)        :  1.9500
 k(f)        :  2.0000
 k(R-V)      :  2.2750
 k(R-R)      :  1.7650
 Tscal       :  0.2580
 Gscal       :  1.0000
 fpol        :  1.0000
 Zcnf        :  0.3430
 Zqf         :  0.0000
 kcn         :  2.7000
 Ryd Hsplit  :  0.7000
 lshift(virt):  3.1000
 lshift(OS)  :  0.2000
 wllscaling  :  2.6000
 
 mowrcut     : 3.000
 
  Z AO/shell   Hii/eV     exponent
  1     Sun Feb 14 09:53:25 CET 2016    EN: 2.327 GAM: 0.473  GM3: 0.0000
     1s    -14.339618    1.220000
     2sp    -3.348946    0.600000
  6     Sun Feb 14 09:53:25 CET 2016    EN: 2.731 GAM: 0.422  GM3: 0.0000
     2s    -22.009312    1.565095
     2p    -13.020408    1.596905
     3sp    -3.914040    0.824500
  7     Sun Feb 14 09:53:25 CET 2016    EN: 3.573 GAM: 0.504  GM3: 0.0000
     2s    -25.722000    2.064844
     2p    -18.684912    1.801692
     3sp    -4.344791    0.921400
  8     Sun Feb 14 09:53:25 CET 2016    EN: 3.700 GAM: 0.587  GM3: 0.0000
     2s    -33.859000    2.418661
     2p    -22.175911    1.973969
     3sp    -4.259392    1.013700
 12     Sun Feb 21 16:58:31 CET 2016    EN: 0.033 GAM: 0.222  GM3: 0.0000
     3s    -11.092543    1.647583
     3p     -6.929529    0.855020
 
 Nbf   :          894
 T(el) :     0.0
 calculating S/T integrals ...
 cpu time for ints    1.31183700000000     
 Nao   :          894
 making H0...
 making H1...
 cpu time for H      2.362900000000012E-002
 solving ...
 cpu time for diag   0.317664000000000     
 
 gap (eV)           :   4.691
 Koopmans IP (eV)   :  13.354
 Eel (Eh)           :  -301.317910

          eigenvalues
 #    :         164        165        166        167        168        169        170        171
 occ. :        2.000      2.000      2.000      2.000      2.000      2.000      2.000      2.000
 eps  :       -17.460    -17.228    -16.871    -16.410    -16.284    -16.176    -15.972    -15.694
 #    :         172        173        174        175        176        177        178        179
 occ. :        2.000      2.000      2.000      2.000      2.000      0.000      0.000      0.000
 eps  :       -15.632    -15.471    -15.087    -14.043    -13.355     -8.664     -6.984     -6.933
 #    :         180        181        182        183        184        185        186        187
 occ. :        0.000      0.000      0.000      0.000      0.000      0.000      0.000      0.000
 eps  :        -6.221     -6.024     -5.500     -5.434     -5.199     -5.115     -5.077     -4.997
                            1  SCC done.
 writing mo output ...
 molden style : F
 
speedup  1.27
cpu  time for all    2.20 s
wall time for all    1.74 s
