cpu-bind=MASK - bp1-compute166, task 4294967295 4294967295 [0]: mask 0xffffff00ffffff set
Host:    bp1-compute166.data.bp.acrc.priv
Time:    Wed May  4 15:54:04 BST 2022
Dir:     /user/home/of15641/chlorophyll_parameterization/tddft_data/step_201_chromophore_26
Job ID:  1692256
Nodelist:
cat: bp1-compute166: No such file or directory
  
Result dir: /user/home/of15641/chlorophyll_parameterization/tddft_data/step_201_chromophore_26
running gaussian jobs
Running time g16 < CAMB3LYP_step_201_chromophore_26.com > CAMB3LYP_step_201_chromophore_26.log

real	49m47.351s
user	1180m59.251s
sys	1m10.452s
Running time g16 < PBE0_step_201_chromophore_26.com > PBE0_step_201_chromophore_26.log

real	27m54.232s
user	667m10.878s
sys	0m31.682s
Running time g16 < wB97XD_step_201_chromophore_26.com > wB97XD_step_201_chromophore_26.log

real	51m36.448s
user	1224m56.074s
sys	0m35.994s
Running time g16 < BLYP_step_201_chromophore_26.com > BLYP_step_201_chromophore_26.log

real	20m7.142s
user	480m30.676s
sys	0m24.341s
Running time g16 < ZINDO_step_201_chromophore_26.com > ZINDO_step_201_chromophore_26.log

real	0m7.952s
user	2m57.413s
sys	0m2.617s
