cpu-bind=MASK - bp1-compute179, task 4294967295 4294967295 [0]: mask 0x3fffffc03fffffc set
Host:    bp1-compute179.data.bp.acrc.priv
Time:    Thu May  5 13:07:37 BST 2022
Dir:     /user/home/of15641/chlorophyll_parameterization/tddft_data/step_901_chromophore_6
Job ID:  1692454
Nodelist:
cat: bp1-compute179: No such file or directory
  
Result dir: /user/home/of15641/chlorophyll_parameterization/tddft_data/step_901_chromophore_6
running gaussian jobs
Running time g16 < CAMB3LYP_step_901_chromophore_6.com > CAMB3LYP_step_901_chromophore_6.log

real	35m44.940s
user	844m36.612s
sys	0m53.010s
Running time g16 < PBE0_step_901_chromophore_6.com > PBE0_step_901_chromophore_6.log

real	24m26.063s
user	584m7.553s
sys	0m25.362s
Running time g16 < wB97XD_step_901_chromophore_6.com > wB97XD_step_901_chromophore_6.log

real	39m16.830s
user	927m2.783s
sys	0m46.754s
Running time g16 < BLYP_step_901_chromophore_6.com > BLYP_step_901_chromophore_6.log

real	16m16.301s
user	387m21.000s
sys	0m25.661s
Running time g16 < ZINDO_step_901_chromophore_6.com > ZINDO_step_901_chromophore_6.log

real	0m8.603s
user	3m11.597s
sys	0m3.104s
