cpu-bind=MASK - bp1-compute098, task 4294967295 4294967295 [0]: mask 0xffffffffffff set
Host:    bp1-compute098.data.bp.acrc.priv
Time:    Wed May  4 10:33:55 BST 2022
Dir:     /user/home/of15641/chlorophyll_parameterization/tddft_data/step_1651_chromophore_4
Job ID:  1692190
Nodelist:
cat: bp1-compute098: No such file or directory
  
Result dir: /user/home/of15641/chlorophyll_parameterization/tddft_data/step_1651_chromophore_4
running gaussian jobs
Running time g16 < CAMB3LYP_step_1651_chromophore_4.com > CAMB3LYP_step_1651_chromophore_4.log

real	28m19.262s
user	666m47.695s
sys	0m29.396s
Running time g16 < PBE0_step_1651_chromophore_4.com > PBE0_step_1651_chromophore_4.log

real	16m0.898s
user	382m16.053s
sys	0m20.633s
Running time g16 < wB97XD_step_1651_chromophore_4.com > wB97XD_step_1651_chromophore_4.log

real	27m59.501s
user	658m32.053s
sys	0m26.361s
Running time g16 < BLYP_step_1651_chromophore_4.com > BLYP_step_1651_chromophore_4.log

real	13m48.317s
user	329m28.391s
sys	0m26.569s
Running time g16 < ZINDO_step_1651_chromophore_4.com > ZINDO_step_1651_chromophore_4.log

real	0m7.140s
user	2m36.865s
sys	0m2.825s
