cpu-bind=MASK - bp1-compute163, task 4294967295 4294967295 [0]: mask 0xffffff00ffffff set
Host:    bp1-compute163.data.bp.acrc.priv
Time:    Wed Apr 27 02:26:03 BST 2022
Dir:     /user/home/of15641/chlorophyll_parameterization/tddft_data/step_1051_chromophore_2
Job ID:  1658111
Nodelist:
cat: bp1-compute163: No such file or directory
  
Result dir: /user/home/of15641/chlorophyll_parameterization/tddft_data/step_1051_chromophore_2
running gaussian jobs
Running time g16 < CAMB3LYP_step_1051_chromophore_2.com > CAMB3LYP_step_1051_chromophore_2.log

real	31m44.117s
user	748m28.868s
sys	0m28.961s
Running time g16 < PBE0_step_1051_chromophore_2.com > PBE0_step_1051_chromophore_2.log

real	21m19.300s
user	509m27.523s
sys	0m23.081s
Running time g16 < wB97XD_step_1051_chromophore_2.com > wB97XD_step_1051_chromophore_2.log

real	33m41.955s
user	794m48.604s
sys	0m33.338s
Running time g16 < BLYP_step_1051_chromophore_2.com > BLYP_step_1051_chromophore_2.log

real	13m36.356s
user	324m25.654s
sys	0m24.710s
Running time g16 < ZINDO_step_1051_chromophore_2.com > ZINDO_step_1051_chromophore_2.log

real	0m6.616s
user	2m24.225s
sys	0m2.360s
