cpu-bind=MASK - bp1-compute183, task 4294967295 4294967295 [0]: mask 0x3fffffc03fffffc set
Host:    bp1-compute183.data.bp.acrc.priv
Time:    Thu May  5 13:33:31 BST 2022
Dir:     /user/home/of15641/chlorophyll_parameterization/tddft_data/step_951_chromophore_16
Job ID:  1692459
Nodelist:
cat: bp1-compute183: No such file or directory
  
Result dir: /user/home/of15641/chlorophyll_parameterization/tddft_data/step_951_chromophore_16
running gaussian jobs
Running time g16 < CAMB3LYP_step_951_chromophore_16.com > CAMB3LYP_step_951_chromophore_16.log

real	39m10.548s
user	926m45.505s
sys	1m7.292s
Running time g16 < PBE0_step_951_chromophore_16.com > PBE0_step_951_chromophore_16.log

real	28m17.541s
user	675m32.351s
sys	1m11.485s
Running time g16 < wB97XD_step_951_chromophore_16.com > wB97XD_step_951_chromophore_16.log

real	42m26.840s
user	1004m6.680s
sys	1m13.806s
Running time g16 < BLYP_step_951_chromophore_16.com > BLYP_step_951_chromophore_16.log

real	16m25.936s
user	391m19.526s
sys	0m51.578s
Running time g16 < ZINDO_step_951_chromophore_16.com > ZINDO_step_951_chromophore_16.log

real	0m7.566s
user	2m47.251s
sys	0m2.447s
