cpu-bind=MASK - bp1-compute164, task 4294967295 4294967295 [0]: mask 0xfffff807fffff807 set
Host:    bp1-compute164.data.bp.acrc.priv
Time:    Wed May  4 14:36:51 BST 2022
Dir:     /user/home/of15641/chlorophyll_parameterization/tddft_data/step_1_chromophore_1
Job ID:  1692242
Nodelist:
cat: bp1-compute164: No such file or directory
  
Result dir: /user/home/of15641/chlorophyll_parameterization/tddft_data/step_1_chromophore_1
running gaussian jobs
Running time g16 < CAMB3LYP_step_1_chromophore_1.com > CAMB3LYP_step_1_chromophore_1.log

real	37m35.963s
user	891m19.855s
sys	0m26.459s
Running time g16 < PBE0_step_1_chromophore_1.com > PBE0_step_1_chromophore_1.log

real	27m58.883s
user	669m21.602s
sys	0m29.515s
Running time g16 < wB97XD_step_1_chromophore_1.com > wB97XD_step_1_chromophore_1.log

real	39m43.994s
user	942m16.120s
sys	0m26.482s
Running time g16 < BLYP_step_1_chromophore_1.com > BLYP_step_1_chromophore_1.log

real	20m38.775s
user	493m34.070s
sys	0m28.832s
Running time g16 < ZINDO_step_1_chromophore_1.com > ZINDO_step_1_chromophore_1.log

real	0m6.696s
user	2m27.690s
sys	0m2.404s
