cpu-bind=MASK - bp1-compute057, task 4294967295 4294967295 [0]: mask 0xffffffffffff set
Host:    bp1-compute057.data.bp.acrc.priv
Time:    Wed May  4 04:47:57 BST 2022
Dir:     /user/home/of15641/chlorophyll_parameterization/tddft_data/step_1401_chromophore_21
Job ID:  1692112
Nodelist:
cat: bp1-compute057: No such file or directory
  
Result dir: /user/home/of15641/chlorophyll_parameterization/tddft_data/step_1401_chromophore_21
running gaussian jobs
Running time g16 < CAMB3LYP_step_1401_chromophore_21.com > CAMB3LYP_step_1401_chromophore_21.log

real	28m15.350s
user	665m24.109s
sys	0m29.235s
Running time g16 < PBE0_step_1401_chromophore_21.com > PBE0_step_1401_chromophore_21.log

real	20m28.127s
user	489m4.673s
sys	0m24.776s
Running time g16 < wB97XD_step_1401_chromophore_21.com > wB97XD_step_1401_chromophore_21.log

real	34m24.292s
user	811m37.863s
sys	0m33.476s
Running time g16 < BLYP_step_1401_chromophore_21.com > BLYP_step_1401_chromophore_21.log

real	13m10.417s
user	314m14.378s
sys	0m26.614s
Running time g16 < ZINDO_step_1401_chromophore_21.com > ZINDO_step_1401_chromophore_21.log

real	0m5.931s
user	2m9.058s
sys	0m2.281s
