cpu-bind=MASK - bp1-compute179, task 4294967295 4294967295 [0]: mask 0x3fffffc03fffffc set
Host:    bp1-compute179.data.bp.acrc.priv
Time:    Wed May  4 21:57:12 BST 2022
Dir:     /user/home/of15641/chlorophyll_parameterization/tddft_data/step_451_chromophore_5
Job ID:  1692307
Nodelist:
cat: bp1-compute179: No such file or directory
  
Result dir: /user/home/of15641/chlorophyll_parameterization/tddft_data/step_451_chromophore_5
running gaussian jobs
Running time g16 < CAMB3LYP_step_451_chromophore_5.com > CAMB3LYP_step_451_chromophore_5.log

real	30m9.760s
user	711m35.635s
sys	0m28.122s
Running time g16 < PBE0_step_451_chromophore_5.com > PBE0_step_451_chromophore_5.log

real	22m40.199s
user	541m20.959s
sys	0m43.056s
Running time g16 < wB97XD_step_451_chromophore_5.com > wB97XD_step_451_chromophore_5.log

real	45m8.054s
user	1070m14.244s
sys	0m37.194s
Running time g16 < BLYP_step_451_chromophore_5.com > BLYP_step_451_chromophore_5.log

real	16m14.392s
user	387m24.877s
sys	0m28.575s
Running time g16 < ZINDO_step_451_chromophore_5.com > ZINDO_step_451_chromophore_5.log

real	0m10.023s
user	3m41.074s
sys	0m3.437s
