cpu-bind=MASK - bp1-compute156, task 4294967295 4294967295 [0]: mask 0xffffff00ffffff set
Host:    bp1-compute156.data.bp.acrc.priv
Time:    Sat Apr 30 00:58:56 BST 2022
Dir:     /user/home/of15641/chlorophyll_parameterization/tddft_data/step_51_chromophore_7
Job ID:  1658834
Nodelist:
cat: bp1-compute156: No such file or directory
  
Result dir: /user/home/of15641/chlorophyll_parameterization/tddft_data/step_51_chromophore_7
running gaussian jobs
Running time g16 < CAMB3LYP_step_51_chromophore_7.com > CAMB3LYP_step_51_chromophore_7.log

real	37m5.424s
user	878m52.328s
sys	0m27.334s
Running time g16 < PBE0_step_51_chromophore_7.com > PBE0_step_51_chromophore_7.log

real	31m26.338s
user	752m19.514s
sys	0m24.525s
Running time g16 < wB97XD_step_51_chromophore_7.com > wB97XD_step_51_chromophore_7.log

real	34m15.699s
user	811m2.569s
sys	0m26.406s
Running time g16 < BLYP_step_51_chromophore_7.com > BLYP_step_51_chromophore_7.log

real	11m59.929s
user	285m53.789s
sys	0m26.922s
Running time g16 < ZINDO_step_51_chromophore_7.com > ZINDO_step_51_chromophore_7.log

real	0m14.087s
user	2m16.837s
sys	0m2.387s
