cpu-bind=MASK - bp1-compute219, task 4294967295 4294967295 [0]: mask 0x1fffffe01fffffe set
Host:    bp1-compute219.data.bp.acrc.priv
Time:    Wed May  4 20:23:23 BST 2022
Dir:     /user/home/of15641/chlorophyll_parameterization/tddft_data/step_451_chromophore_15
Job ID:  1692297
Nodelist:
cat: bp1-compute219: No such file or directory
  
Result dir: /user/home/of15641/chlorophyll_parameterization/tddft_data/step_451_chromophore_15
running gaussian jobs
Running time g16 < CAMB3LYP_step_451_chromophore_15.com > CAMB3LYP_step_451_chromophore_15.log

real	32m42.189s
user	769m46.628s
sys	2m1.938s
Running time g16 < PBE0_step_451_chromophore_15.com > PBE0_step_451_chromophore_15.log

real	31m54.542s
user	763m13.726s
sys	0m40.035s
Running time g16 < wB97XD_step_451_chromophore_15.com > wB97XD_step_451_chromophore_15.log

real	46m39.349s
user	1106m44.390s
sys	0m54.328s
Running time g16 < BLYP_step_451_chromophore_15.com > BLYP_step_451_chromophore_15.log

real	19m1.870s
user	454m24.363s
sys	0m32.436s
Running time g16 < ZINDO_step_451_chromophore_15.com > ZINDO_step_451_chromophore_15.log

real	0m8.493s
user	3m9.983s
sys	0m3.034s
