cpu-bind=MASK - bp1-compute040, task 4294967295 4294967295 [0]: mask 0xffffffffffff set
Host:    bp1-compute040.data.bp.acrc.priv
Time:    Wed May  4 01:52:52 BST 2022
Dir:     /user/home/of15641/chlorophyll_parameterization/tddft_data/step_1301_chromophore_1
Job ID:  1692074
Nodelist:
cat: bp1-compute040: No such file or directory
  
Result dir: /user/home/of15641/chlorophyll_parameterization/tddft_data/step_1301_chromophore_1
running gaussian jobs
Running time g16 < CAMB3LYP_step_1301_chromophore_1.com > CAMB3LYP_step_1301_chromophore_1.log

real	27m34.714s
user	647m52.572s
sys	0m46.278s
Running time g16 < PBE0_step_1301_chromophore_1.com > PBE0_step_1301_chromophore_1.log

real	16m40.006s
user	397m26.207s
sys	0m31.449s
Running time g16 < wB97XD_step_1301_chromophore_1.com > wB97XD_step_1301_chromophore_1.log

real	28m20.800s
user	666m39.168s
sys	0m43.303s
Running time g16 < BLYP_step_1301_chromophore_1.com > BLYP_step_1301_chromophore_1.log

real	11m50.104s
user	281m47.007s
sys	0m26.202s
Running time g16 < ZINDO_step_1301_chromophore_1.com > ZINDO_step_1301_chromophore_1.log

real	0m7.241s
user	2m38.634s
sys	0m2.605s
