cpu-bind=MASK - bp1-compute161, task 4294967295 4294967295 [0]: mask 0xffffff00ffffff set
Host:    bp1-compute161.data.bp.acrc.priv
Time:    Tue Apr 26 22:21:04 BST 2022
Dir:     /user/home/of15641/chlorophyll_parameterization/tddft_data/step_1001_chromophore_7
Job ID:  1658070
Nodelist:
cat: bp1-compute161: No such file or directory
  
Result dir: /user/home/of15641/chlorophyll_parameterization/tddft_data/step_1001_chromophore_7
running gaussian jobs
Running time g16 < CAMB3LYP_step_1001_chromophore_7.com > CAMB3LYP_step_1001_chromophore_7.log

real	21m29.850s
user	503m12.366s
sys	0m40.298s
Running time g16 < PBE0_step_1001_chromophore_7.com > PBE0_step_1001_chromophore_7.log

real	17m42.795s
user	421m47.717s
sys	0m49.127s
Running time g16 < wB97XD_step_1001_chromophore_7.com > wB97XD_step_1001_chromophore_7.log

real	23m11.973s
user	544m38.428s
sys	0m57.698s
Running time g16 < BLYP_step_1001_chromophore_7.com > BLYP_step_1001_chromophore_7.log

real	11m59.163s
user	285m15.996s
sys	0m38.445s
Running time g16 < ZINDO_step_1001_chromophore_7.com > ZINDO_step_1001_chromophore_7.log

real	0m10.339s
user	3m49.390s
sys	0m2.687s
