cpu-bind=MASK - bp1-compute183, task 4294967295 4294967295 [0]: mask 0x3fffffc03fffffc set
Host:    bp1-compute183.data.bp.acrc.priv
Time:    Thu May  5 08:58:28 BST 2022
Dir:     /user/home/of15641/chlorophyll_parameterization/tddft_data/step_801_chromophore_21
Job ID:  1692410
Nodelist:
cat: bp1-compute183: No such file or directory
  
Result dir: /user/home/of15641/chlorophyll_parameterization/tddft_data/step_801_chromophore_21
running gaussian jobs
Running time g16 < CAMB3LYP_step_801_chromophore_21.com > CAMB3LYP_step_801_chromophore_21.log

real	38m15.241s
user	903m15.158s
sys	1m7.389s
Running time g16 < PBE0_step_801_chromophore_21.com > PBE0_step_801_chromophore_21.log

real	33m26.379s
user	799m6.703s
sys	1m3.625s
Running time g16 < wB97XD_step_801_chromophore_21.com > wB97XD_step_801_chromophore_21.log

real	42m9.805s
user	997m11.047s
sys	1m11.629s
Running time g16 < BLYP_step_801_chromophore_21.com > BLYP_step_801_chromophore_21.log

real	18m23.445s
user	437m43.553s
sys	0m41.049s
Running time g16 < ZINDO_step_801_chromophore_21.com > ZINDO_step_801_chromophore_21.log

real	0m8.828s
user	3m15.930s
sys	0m2.900s
