cpu-bind=MASK - bp1-compute063, task 4294967295 4294967295 [0]: mask 0xffffffffffff set
Host:    bp1-compute063.data.bp.acrc.priv
Time:    Thu May  5 07:59:11 BST 2022
Dir:     /user/home/of15641/chlorophyll_parameterization/tddft_data/step_751_chromophore_5
Job ID:  1692399
Nodelist:
cat: bp1-compute063: No such file or directory
  
Result dir: /user/home/of15641/chlorophyll_parameterization/tddft_data/step_751_chromophore_5
running gaussian jobs
Running time g16 < CAMB3LYP_step_751_chromophore_5.com > CAMB3LYP_step_751_chromophore_5.log

real	29m4.181s
user	684m50.169s
sys	0m29.595s
Running time g16 < PBE0_step_751_chromophore_5.com > PBE0_step_751_chromophore_5.log

real	19m51.607s
user	474m23.952s
sys	0m22.948s
Running time g16 < wB97XD_step_751_chromophore_5.com > wB97XD_step_751_chromophore_5.log

real	28m34.230s
user	672m47.411s
sys	0m27.419s
Running time g16 < BLYP_step_751_chromophore_5.com > BLYP_step_751_chromophore_5.log

real	12m29.900s
user	298m12.456s
sys	0m21.868s
Running time g16 < ZINDO_step_751_chromophore_5.com > ZINDO_step_751_chromophore_5.log

real	0m6.457s
user	2m21.239s
sys	0m2.619s
