 
        ______________________________________
       |                                      |
       |          ===================         |
       |             xTB for sTDA             |
       |          ===================         |
       |               S. Grimme              |
       |        Universitaet Bonn, MCTC       |
       |         2015-19, Version 1.0         |
       |     Wed Apr  3 09:14:55 CEST 2019    |
       |______________________________________|
 
        This code comes without any warranty
        for non-commercial, academia use only.
        Preliminary test version.
        Cite this work as:
        S. Grimme  &  C. Bannwarth, JCP 145 (2016) 054103
        if GBSA is used additionally:
        P. Shushkov, F. März, C. Bannwarth, S. Grimme, unpublished.
 
        with help from
        P. Shushkov, G. Brandenburg, S. Dohm, J. Pisarek,
        F. März, M. Checinski, S. Ehrlich, S. Spicher, 
        P. Pracht, E. Caldeweyher, S. Ehlert, and C. Bannwarth.
 
        usage        :
        xtb4stda <coord_file> [options]
        where <coord_file> is a valid file of TM)
        (*coord, Bohr) or xmol (*xyz, Angstroem)
        format.

        options:
        -chrg <int>   : molecular charge
        -uhf  <int>   : # of unpaired electrons(=2*S)
        -nox          : skip second, extended part in sTDA-xTB
        -pop          : do population analysis
                      : (default for -nox)
        -mowr <real>  : cut MO write above (def.3 Eh)
        -molden       : write formatted molden file
        -parx <file>  : read parameters for sTDA-xTB
                        calc (def:~/.param_stda2.xtb)
        -parv <file>  : read parameters for vTB part in
                        sTDA-xTB (def: ~/.param_stda1.xtb)
        -xtemp <real> : el. temp for xTB (def. 0 K)
        -etemp <real> : el. temp for GFN (def. 300 K)
        -fod          : calculate the FOD and write
                        molden.input file with
                        appropriate occupations
                        for plotting. Def. T=12500 K
 
        -acc <real>   : xTB accuracy (def. 1.0)
        -gbsa [string1] [string2]
                        use GBSA implicit solvent
                        for solvent [string1] and
                        solvation state [string2]=
                        reference, bar1M (default=1M)
        additional GFN/opt/MD/siman options read from
        $XTB4STDAHOME/.xtb4stdarc or $set in input
 
       spin and charge state information can be on:
       <.CHRG> (charge) and <.UHF> (=nalpha-nbeta)
       -uhf and -chrg override the file info.
       useful machine settings:
       setenv MKL_NUM_THREADS <NCORE_ON_YOUR_MACHINE>
       setenv OMP_STACKSIZE 500m
       limit stacksize unlimited
 
       total energies in Eh, gaps/HL energies in eV
       please read REVISION and HOWTO files carefully
 =============================
  # OMP threads =           4
 =============================
 
 xtb4stdahome directory:~/
 
 
 name of molecule           :
 comment line               :
 number of atoms            :   140
 number of electrons        :   352
 charge                     :  0
 spin                       : 0.0
 first test random number   :  0.4583
 
 -----------------------------------------
      charge density (VTB) calculation
 -----------------------------------------
 
      method parameters     
 k(s)        :  1.8000
 k(p)        :  2.8350
 k(d)        :  2.0860
 k(f)        :  2.0000
 Tscal       :  0.3300
 Gscal       :  0.3910
 fpol        :  1.0000
 Zcnf        :  0.6500
 Zqf         :  0.0000
 kcn         :  0.3000
 kEN1        : -0.5900
 wllscal     :  2.6000
 
     -------------------------
     ! NO SOLVENT MODEL USED !
     -------------------------
 
 doing EN charges ...
 sum q :  0.0000000D+00
 point charge moment (au)
     X       Y       Z   
  -0.4711   0.0704   0.7808  total (Debye):    2.325
 
            Z      q(EN)   CN      Cart. coordinates
     1  MG  2.0   0.936   4.766   -11.39316    46.51371    51.22858
     2  C   4.0   0.019   3.253    -8.31101    50.34041    56.02093
     3  C   4.0  -0.060   3.136   -13.55122    42.65678    56.03226
     4  C   4.0  -0.060   3.179   -13.59847    43.00449    46.70080
     5  C   4.0  -0.054   3.152    -8.41873    50.61064    46.86520
     6  N   5.0  -0.327   3.060   -11.04167    46.70269    55.63920
     7  C   4.0   0.106   3.311    -9.71886    48.31273    57.16610
     8  C   4.0  -0.096   4.147   -10.09492    47.65322    59.88164
     9  C   4.0  -0.098   4.151   -11.20419    44.82997    59.68132
    10  C   4.0   0.100   3.334   -11.98275    44.70147    56.94500
    11  C   4.0  -0.237   4.026    -9.62248    42.50750    60.52792
    12  C   4.0  -0.162   4.048   -11.75599    49.49192    61.53326
    13  C   4.0  -0.167   4.035   -10.97931    49.76404    64.29793
    14  C   4.0   0.194   3.059   -11.29300    47.43023    66.11773
    15  O   6.0  -0.121   1.046   -10.33302    45.41767    65.90419
    16  O   6.0  -0.115   2.032   -12.95596    47.90455    68.07549
    17  N   5.0  -0.482   3.200   -13.33769    43.32575    51.39110
    18  C   4.0   0.073   3.374   -14.06334    41.99727    53.51893
    19  C   4.0   0.009   3.230   -15.19340    39.58787    52.64588
    20  C   4.0   0.006   3.210   -15.32379    39.65968    49.88310
    21  C   4.0   0.059   3.456   -13.97263    41.94814    49.21602
    22  C   4.0  -0.244   4.003   -16.12314    37.39579    54.43167
    23  C   4.0   0.118   3.023   -16.46140    37.79830    48.00093
    24  O   6.0  -0.116   1.061   -15.87937    38.07231    45.81830
    25  C   4.0  -0.243   3.995   -18.26609    35.50228    48.82863
    26  N   5.0  -0.491   3.184   -11.15694    46.87087    47.42456
    27  C   4.0   0.082   3.467   -12.15472    44.99815    45.96002
    28  C   4.0  -0.097   4.188   -11.99787    45.83908    43.19914
    29  C   4.0  -0.095   4.175   -10.47664    48.27872    43.18591
    30  C   4.0   0.113   3.438   -10.02122    48.64910    46.11120
    31  C   4.0  -0.238   4.043   -10.96986    43.80196    41.40768
    32  C   4.0  -0.163   4.054   -11.76543    50.60308    42.08042
    33  C   4.0  -0.237   4.009   -10.04767    52.29250    40.44769
    34  N   5.0  -0.372   3.177    -8.88927    49.86987    51.34007
    35  C   4.0   0.078   3.446    -7.91984    51.26449    49.36909
    36  C   4.0   0.018   3.243    -6.25877    53.27893    50.38198
    37  C   4.0   0.002   3.391    -6.44963    53.05217    53.00114
    38  C   4.0   0.090   3.597    -8.01055    50.88654    53.48113
    39  C   4.0  -0.248   4.029    -5.12872    55.41243    48.98926
    40  C   4.0   0.105   3.179    -5.30635    53.97246    55.48046
    41  O   6.0  -0.093   1.036    -3.74733    55.64487    55.93211
    42  C   4.0  -0.119   4.235    -6.52522    52.21313    57.43633
    43  C   4.0   0.173   3.169    -4.44275    51.03016    58.75347
    44  O   6.0  -0.098   1.049    -3.04813    49.45035    57.80294
    45  O   6.0  -0.111   2.036    -4.35960    51.99014    61.21389
    46  C   4.0  -0.195   4.021    -2.74955    50.73536    63.05071
    47  C   4.0  -0.132   4.048   -13.52666    45.94113    69.93120
    48  C   4.0  -0.057   3.086   -15.73008    44.12132    69.37373
    49  C   4.0   0.017   3.059   -16.84313    42.50750    70.95354
    50  C   4.0  -0.249   4.035   -15.92283    42.16357    73.67664
    51  C   4.0  -0.173   4.077   -19.16371    40.88989    70.02191
    52  C   4.0  -0.164   4.071   -21.70728    41.63633    71.21621
    53  C   4.0  -0.167   4.127   -22.56711    39.61055    72.94720
    54  C   4.0  -0.088   4.060   -24.27731    37.73972    71.60550
    55  C   4.0  -0.239   4.051   -27.00418    38.63734    72.12706
    56  C   4.0  -0.164   4.064   -23.68960    34.92969    72.57493
    57  C   4.0  -0.166   4.062   -21.38792    33.81098    71.31259
    58  C   4.0  -0.164   4.068   -20.38447    31.39213    72.61839
    59  C   4.0  -0.089   4.069   -17.44973    31.41858    72.85838
    60  C   4.0  -0.238   4.046   -16.48597    33.63523    74.48733
    61  C   4.0  -0.164   4.071   -16.42361    28.90525    73.84293
    62  C   4.0  -0.163   4.040   -14.28444    27.97361    72.08738
    63  C   4.0  -0.163   4.037   -11.54056    29.15280    72.66752
    64  C   4.0  -0.088   4.017    -9.55256    26.96261    72.80547
    65  C   4.0  -0.238   4.026    -9.65839    25.50941    75.35282
    66  C   4.0  -0.238   4.014    -6.79923    27.88669    72.06848
    67  H   1.0   0.070   1.005   -14.14271    41.23382    57.40421
    68  H   1.0   0.072   1.008   -14.20696    41.74594    45.18335
    69  H   1.0   0.071   1.006    -7.84803    51.77849    45.26083
    70  H   1.0   0.085   1.009    -8.24487    47.47370    60.76981
    71  H   1.0   0.085   1.010   -12.88982    44.75060    60.86240
    72  H   1.0   0.081   1.001    -8.52644    41.99538    58.86118
    73  H   1.0   0.080   0.999   -10.94907    41.05052    61.12886
    74  H   1.0   0.081   1.000    -8.34314    43.21047    61.97923
    75  H   1.0   0.083   1.007   -13.59280    48.56218    61.61451
    76  H   1.0   0.082   1.002   -11.93173    51.31551    60.59217
    77  H   1.0   0.082   1.007   -12.25298    51.28716    64.84595
    78  H   1.0   0.082   1.003    -9.03100    50.42167    64.41509
    79  H   1.0   0.080   0.999   -18.17538    37.54508    54.50348
    80  H   1.0   0.079   0.997   -15.29544    37.24461    56.31194
    81  H   1.0   0.080   1.000   -15.58457    35.65913    53.46035
    82  H   1.0   0.079   0.997   -17.23241    33.72972    48.64533
    83  H   1.0   0.079   0.996   -20.03676    35.40780    47.77983
    84  H   1.0   0.080   0.998   -18.84435    35.59488    50.80339
    85  H   1.0   0.085   1.011   -13.89704    46.14333    42.46214
    86  H   1.0   0.085   1.009    -8.69841    47.88377    42.22593
    87  H   1.0   0.081   0.999   -11.35914    41.90089    42.09742
    88  H   1.0   0.081   1.001    -8.93651    44.11754    41.32264
    89  H   1.0   0.080   0.997   -11.72953    43.89644    39.49527
    90  H   1.0   0.082   1.005   -12.52699    51.78227    43.58653
    91  H   1.0   0.082   1.004   -13.46808    49.90388    41.15634
    92  H   1.0   0.079   0.997    -8.04078    51.82384    40.49116
    93  H   1.0   0.080   0.999   -10.33680    54.22191    41.10721
    94  H   1.0   0.080   1.000   -11.09269    52.57029    38.69403
    95  H   1.0   0.080   0.999    -6.36838    56.28360    47.59464
    96  H   1.0   0.080   1.001    -3.33348    54.76237    48.21825
    97  H   1.0   0.080   0.999    -4.86982    57.13775    50.08530
    98  H   1.0   0.086   1.011    -7.75544    53.07106    58.84796
    99  H   1.0   0.079   0.995    -0.88817    51.52905    63.44188
   100  H   1.0   0.081   0.997    -2.61727    48.72280    62.63875
   101  H   1.0   0.080   0.996    -3.58670    50.80717    64.93098
   102  H   1.0   0.082   1.003   -14.16917    46.91245    71.63006
   103  H   1.0   0.082   1.002   -11.86370    44.76383    70.23733
   104  H   1.0   0.070   1.004   -16.48786    44.20258    67.45944
   105  H   1.0   0.080   0.999   -14.34869    43.42968    74.07915
   106  H   1.0   0.080   0.998   -15.50331    40.18124    74.04513
   107  H   1.0   0.080   0.999   -17.33446    42.91379    74.97677
   108  H   1.0   0.083   1.004   -18.55522    38.94914    70.34316
   109  H   1.0   0.082   1.005   -19.59457    41.13366    68.02258
   110  H   1.0   0.082   1.004   -23.08300    42.04829    69.74034
   111  H   1.0   0.082   1.004   -21.79421    43.40701    72.26690
   112  H   1.0   0.083   1.005   -23.53843    40.43825    74.56292
   113  H   1.0   0.084   1.007   -20.85502    38.74127    73.69175
   114  H   1.0   0.083   1.008   -23.88992    37.65279    69.58349
   115  H   1.0   0.081   0.998   -28.01330    37.31264    73.33837
   116  H   1.0   0.080   0.999   -28.00574    38.60710    70.32615
   117  H   1.0   0.081   0.998   -27.23851    40.57431    72.78657
   118  H   1.0   0.083   1.013   -25.06344    33.79397    71.54313
   119  H   1.0   0.082   1.001   -23.66504    34.41758    74.57048
   120  H   1.0   0.083   1.006   -20.11235    35.41913    71.14440
   121  H   1.0   0.082   1.004   -21.93027    33.45949    69.35672
   122  H   1.0   0.082   1.007   -20.76053    29.95027    71.19543
   123  H   1.0   0.082   1.000   -21.35201    30.60600    74.25678
   124  H   1.0   0.084   1.010   -16.71463    31.82487    70.97622
   125  H   1.0   0.081   1.002   -18.21696    34.36845    75.33392
   126  H   1.0   0.081   1.000   -15.67339    35.00339    73.17964
   127  H   1.0   0.080   0.998   -15.10080    33.15713    75.93486
   128  H   1.0   0.082   1.003   -17.99964    27.59567    74.06214
   129  H   1.0   0.082   1.003   -15.80189    29.12635    75.79502
   130  H   1.0   0.081   1.001   -14.77577    28.13613    70.09371
   131  H   1.0   0.082   1.005   -14.15972    25.96672    72.53524
   132  H   1.0   0.082   1.003   -11.68984    30.02208    74.52890
   133  H   1.0   0.081   1.001   -11.03789    30.55309    71.24267
   134  H   1.0   0.082   1.008   -10.12326    25.56043    71.40707
   135  H   1.0   0.080   0.998    -7.78567    25.47351    76.21076
   136  H   1.0   0.080   0.997   -10.33491    23.56488    75.27723
   137  H   1.0   0.081   1.001   -10.99254    26.57144    76.50744
   138  H   1.0   0.080   0.998    -6.95230    29.71027    71.12362
   139  H   1.0   0.080   0.999    -6.05090    26.38813    70.87228
   140  H   1.0   0.080   1.000    -5.82980    27.99251    73.88262
 
  Z AO/shell   Hii/eV     exponent
  1     Sat Feb 20 21:38:01 CET 2016    EN: 2.327 GAM: 0.473  GM3: 0.0000
     1s    -13.751157    1.051071
  6     Sat Feb 20 21:38:01 CET 2016    EN: 2.731 GAM: 0.422  GM3: 0.0000
     2s    -19.378245    2.021003
     2p    -11.993376    1.497917
  7     Sat Feb 20 21:38:01 CET 2016    EN: 3.573 GAM: 0.504  GM3: 0.0000
     2s    -21.576984    2.275442
     2p    -16.125120    2.056788
  8     Sat Feb 20 21:38:01 CET 2016    EN: 3.700 GAM: 0.587  GM3: 0.0000
     2s    -21.648843    2.110798
     2p    -17.239740    2.329048
 12     Sat Feb 20 23:25:47 CET 2016    EN: 0.033 GAM: 0.222  GM3: 0.0000
     3s    -12.693633    1.302878
     3p     -8.128821    0.504252
 
 dipole moment of classical point charges (au)
     X       Y       Z   
  -0.4711   0.0704   0.7808  total (Debye):    2.325

 
 Nbf   :          338
 T(el) :   300.0
 calculating S/T integrals ...
 cpu time for ints   0.139818000000000     
 Nao   :          338
 making H0...
 making H1...
 cpu time for H      8.002000000000009E-003
 solving ...
 cpu time for diag   7.369199999999998E-002
 
 gap (eV)           :   1.433
 Koopmans IP (eV)   :  12.038
 Eel (Eh)           :  -268.447607
 T,E(Fermi),NFOD :    300.000   -11.321  0.000000
 T,E(Fermi),NFOD :    300.000   -11.321  0.000000
 Nfod               :  0.0000
 Nfod/Nel           :  0.0000

          eigenvalues
 #    :         164        165        166        167        168        169        170        171
 occ. :        2.000      2.000      2.000      2.000      2.000      2.000      2.000      2.000
 eps  :       -16.252    -16.234    -15.883    -15.723    -15.662    -15.524    -15.459    -15.116
 #    :         172        173        174        175        176        177        178        179
 occ. :        2.000      2.000      2.000      2.000      2.000      0.000      0.000      0.000
 eps  :       -15.005    -14.851    -14.575    -13.242    -12.039    -10.606     -9.557     -8.726
 #    :         180        181        182        183        184        185        186        187
 occ. :        0.000      0.000      0.000      0.000      0.000      0.000      0.000      0.000
 eps  :        -8.372     -8.227     -8.037     -7.748     -7.676     -7.273     -7.163     -6.961
                            1  SCC done.
 making H1...
 cpu time for H      8.975899999999998E-002
 solving ...
 cpu time for diag   3.178100000000000E-002
 
 gap (eV)           :   1.612
 Koopmans IP (eV)   :  11.850
 Eel (Eh)           :  -265.585470
 T,E(Fermi),NFOD :    300.000   -11.044  0.000000
 T,E(Fermi),NFOD :    300.000   -11.044  0.000000
 Nfod               :  0.0000
 Nfod/Nel           :  0.0000

          eigenvalues
 #    :         164        165        166        167        168        169        170        171
 occ. :        2.000      2.000      2.000      2.000      2.000      2.000      2.000      2.000
 eps  :       -15.294    -15.177    -15.042    -14.819    -14.773    -14.745    -14.572    -14.370
 #    :         172        173        174        175        176        177        178        179
 occ. :        2.000      2.000      2.000      2.000      2.000      0.000      0.000      0.000
 eps  :       -14.208    -14.147    -13.777    -12.665    -11.851    -10.239     -8.945     -8.376
 #    :         180        181        182        183        184        185        186        187
 occ. :        0.000      0.000      0.000      0.000      0.000      0.000      0.000      0.000
 eps  :        -8.145     -8.017     -7.911     -7.696     -7.500     -7.138     -7.104     -6.758
                            2  SCC done.
 
 
 Mulliken/CM5 charges    n(s)   n(p)   n(d)   
    1 MG  0.3110  0.7774   0.665  1.024  0.000
    2 C   0.0121  0.0162   1.185  2.803  0.000
    3 C  -0.0205 -0.0634   1.130  2.891  0.000
    4 C  -0.0346 -0.0770   1.137  2.898  0.000
    5 C  -0.0518 -0.0928   1.130  2.922  0.000
    6 N  -0.1348 -0.3648   1.416  3.719  0.000
    7 C   0.0322  0.0948   1.233  2.735  0.000
    8 C  -0.0297 -0.0833   1.204  2.826  0.000
    9 C  -0.0375 -0.0957   1.202  2.836  0.000
   10 C   0.0408  0.1003   1.225  2.734  0.000
   11 C  -0.0762 -0.2242   1.107  2.969  0.000
   12 C  -0.0441 -0.1520   1.160  2.885  0.000
   13 C  -0.0575 -0.1585   1.148  2.909  0.000
   14 C   0.2349  0.2884   1.181  2.584  0.000
   15 O  -0.2448 -0.2994   1.614  4.631  0.000
   16 O  -0.1620 -0.2368   1.476  4.686  0.000
   17 N  -0.2088 -0.5143   1.371  3.838  0.000
   18 C   0.0314  0.0898   1.189  2.779  0.000
   19 C  -0.0340 -0.0381   1.244  2.790  0.000
   20 C  -0.0643 -0.0586   1.212  2.852  0.000
   21 C   0.0358  0.0916   1.212  2.752  0.000
   22 C  -0.0785 -0.2237   1.090  2.989  0.000
   23 C   0.1560  0.1841   1.219  2.625  0.000
   24 O  -0.2157 -0.2706   1.613  4.602  0.000
   25 C  -0.1044 -0.2469   1.106  2.998  0.000
   26 N  -0.2038 -0.5144   1.379  3.824  0.000
   27 C   0.0486  0.1041   1.211  2.740  0.000
   28 C  -0.0198 -0.0779   1.183  2.836  0.000
   29 C  -0.0320 -0.0894   1.199  2.833  0.000
   30 C   0.0507  0.1171   1.221  2.728  0.000
   31 C  -0.0940 -0.2436   1.104  2.990  0.000
   32 C  -0.0571 -0.1680   1.147  2.910  0.000
   33 C  -0.0981 -0.2495   1.094  3.004  0.000
   34 N  -0.2166 -0.4693   1.403  3.814  0.000
   35 C   0.0276  0.0901   1.206  2.766  0.000
   36 C  -0.0151 -0.0199   1.217  2.798  0.000
   37 C  -0.0646 -0.0576   1.208  2.857  0.000
   38 C   0.0249  0.0976   1.187  2.788  0.000
   39 C  -0.0725 -0.2160   1.069  3.004  0.000
   40 C   0.1517  0.1842   1.213  2.635  0.000
   41 O  -0.2056 -0.2460   1.636  4.569  0.000
   42 C  -0.0244 -0.0662   1.180  2.844  0.000
   43 C   0.2334  0.2857   1.175  2.592  0.000
   44 O  -0.2562 -0.3003   1.629  4.628  0.000
   45 O  -0.1628 -0.2447   1.488  4.675  0.000
   46 C   0.0040 -0.1191   1.081  2.915  0.000
   47 C   0.0446 -0.0346   1.128  2.827  0.000
   48 C  -0.0774 -0.1347   1.165  2.913  0.000
   49 C  -0.0415 -0.0648   1.220  2.821  0.000
   50 C  -0.0940 -0.2396   1.082  3.012  0.000
   51 C  -0.0579 -0.1645   1.148  2.910  0.000
   52 C  -0.0569 -0.1701   1.139  2.918  0.000
   53 C  -0.0694 -0.1811   1.144  2.925  0.000
   54 C  -0.0194 -0.0926   1.210  2.809  0.000
   55 C  -0.1022 -0.2521   1.103  3.000  0.000
   56 C  -0.0836 -0.1955   1.159  2.924  0.000
   57 C  -0.0680 -0.1837   1.144  2.924  0.000
   58 C  -0.0675 -0.1782   1.158  2.909  0.000
   59 C  -0.0331 -0.1077   1.203  2.830  0.000
   60 C  -0.1116 -0.2625   1.106  3.006  0.000
   61 C  -0.0640 -0.1746   1.151  2.913  0.000
   62 C  -0.0682 -0.1793   1.161  2.907  0.000
   63 C  -0.0706 -0.1804   1.168  2.903  0.000
   64 C  -0.0366 -0.1124   1.208  2.828  0.000
   65 C  -0.1058 -0.2567   1.104  3.002  0.000
   66 C  -0.0918 -0.2414   1.107  2.985  0.000
   67 H   0.0563  0.1149   0.944  0.000  0.000
   68 H   0.0665  0.1343   0.934  0.000  0.000
   69 H   0.0583  0.1179   0.942  0.000  0.000
   70 H   0.0421  0.1068   0.958  0.000  0.000
   71 H   0.0352  0.0983   0.965  0.000  0.000
   72 H   0.0371  0.0916   0.963  0.000  0.000
   73 H   0.0495  0.1021   0.951  0.000  0.000
   74 H   0.0431  0.0990   0.957  0.000  0.000
   75 H   0.0360  0.0954   0.964  0.000  0.000
   76 H   0.0536  0.1099   0.946  0.000  0.000
   77 H   0.0447  0.1048   0.955  0.000  0.000
   78 H   0.0417  0.1003   0.958  0.000  0.000
   79 H   0.0490  0.1014   0.951  0.000  0.000
   80 H   0.0511  0.1023   0.949  0.000  0.000
   81 H   0.0441  0.0972   0.956  0.000  0.000
   82 H   0.0461  0.0987   0.954  0.000  0.000
   83 H   0.0464  0.0985   0.954  0.000  0.000
   84 H   0.0364  0.0894   0.964  0.000  0.000
   85 H   0.0441  0.1064   0.956  0.000  0.000
   86 H   0.0495  0.1120   0.951  0.000  0.000
   87 H   0.0415  0.0948   0.958  0.000  0.000
   88 H   0.0280  0.0818   0.972  0.000  0.000
   89 H   0.0368  0.0881   0.963  0.000  0.000
   90 H   0.0349  0.0928   0.965  0.000  0.000
   91 H   0.0384  0.0949   0.962  0.000  0.000
   92 H   0.0492  0.1009   0.951  0.000  0.000
   93 H   0.0317  0.0835   0.968  0.000  0.000
   94 H   0.0408  0.0927   0.959  0.000  0.000
   95 H   0.0453  0.0975   0.955  0.000  0.000
   96 H   0.0535  0.1064   0.946  0.000  0.000
   97 H   0.0483  0.1010   0.952  0.000  0.000
   98 H   0.0572  0.1265   0.943  0.000  0.000
   99 H   0.0546  0.1109   0.945  0.000  0.000
  100 H   0.0500  0.1121   0.950  0.000  0.000
  101 H   0.0401  0.0982   0.960  0.000  0.000
  102 H   0.0571  0.1220   0.943  0.000  0.000
  103 H   0.0593  0.1268   0.941  0.000  0.000
  104 H   0.0287  0.0875   0.971  0.000  0.000
  105 H   0.0419  0.0954   0.958  0.000  0.000
  106 H   0.0454  0.0976   0.955  0.000  0.000
  107 H   0.0379  0.0903   0.962  0.000  0.000
  108 H   0.0499  0.1073   0.950  0.000  0.000
  109 H   0.0406  0.0971   0.959  0.000  0.000
  110 H   0.0343  0.0908   0.966  0.000  0.000
  111 H   0.0344  0.0903   0.966  0.000  0.000
  112 H   0.0331  0.0904   0.967  0.000  0.000
  113 H   0.0350  0.0946   0.965  0.000  0.000
  114 H   0.0427  0.1032   0.957  0.000  0.000
  115 H   0.0310  0.0833   0.969  0.000  0.000
  116 H   0.0256  0.0774   0.974  0.000  0.000
  117 H   0.0439  0.0962   0.956  0.000  0.000
  118 H   0.0236  0.0822   0.976  0.000  0.000
  119 H   0.0346  0.0901   0.965  0.000  0.000
  120 H   0.0291  0.0883   0.971  0.000  0.000
  121 H   0.0332  0.0891   0.967  0.000  0.000
  122 H   0.0290  0.0861   0.971  0.000  0.000
  123 H   0.0411  0.0961   0.959  0.000  0.000
  124 H   0.0321  0.0933   0.968  0.000  0.000
  125 H   0.0286  0.0837   0.971  0.000  0.000
  126 H   0.0329  0.0854   0.967  0.000  0.000
  127 H   0.0369  0.0890   0.963  0.000  0.000
  128 H   0.0388  0.0948   0.961  0.000  0.000
  129 H   0.0361  0.0928   0.964  0.000  0.000
  130 H   0.0360  0.0909   0.964  0.000  0.000
  131 H   0.0309  0.0883   0.969  0.000  0.000
  132 H   0.0314  0.0887   0.969  0.000  0.000
  133 H   0.0396  0.0945   0.960  0.000  0.000
  134 H   0.0238  0.0834   0.976  0.000  0.000
  135 H   0.0324  0.0848   0.968  0.000  0.000
  136 H   0.0369  0.0877   0.963  0.000  0.000
  137 H   0.0310  0.0849   0.969  0.000  0.000
  138 H   0.0427  0.0950   0.957  0.000  0.000
  139 H   0.0422  0.0942   0.958  0.000  0.000
  140 H   0.0374  0.0905   0.963  0.000  0.000
 Hirshfeld charges for QMDFF written to <charges>
 
 Loewdin charges    n(s)   n(p)   n(d)
    1 MG  0.1502   0.677  1.173  0.000
    2 C   0.0123   1.145  2.842  0.000
    3 C  -0.0175   1.078  2.940  0.000
    4 C  -0.0317   1.083  2.948  0.000
    5 C  -0.0500   1.077  2.973  0.000
    6 N  -0.1031   1.374  3.729  0.000
    7 C   0.0339   1.197  2.769  0.000
    8 C  -0.0244   1.157  2.867  0.000
    9 C  -0.0315   1.155  2.876  0.000
   10 C   0.0447   1.189  2.767  0.000
   11 C  -0.0763   1.034  3.042  0.000
   12 C  -0.0377   1.100  2.937  0.000
   13 C  -0.0572   1.090  2.967  0.000
   14 C   0.2078   1.156  2.636  0.000
   15 O  -0.2264   1.580  4.647  0.000
   16 O  -0.1286   1.443  4.686  0.000
   17 N  -0.1728   1.328  3.845  0.000
   18 C   0.0336   1.150  2.816  0.000
   19 C  -0.0277   1.207  2.821  0.000
   20 C  -0.0711   1.177  2.894  0.000
   21 C   0.0416   1.174  2.785  0.000
   22 C  -0.0783   1.016  3.062  0.000
   23 C   0.1489   1.186  2.665  0.000
   24 O  -0.1956   1.579  4.617  0.000
   25 C  -0.1108   1.036  3.075  0.000
   26 N  -0.1612   1.330  3.831  0.000
   27 C   0.0538   1.172  2.774  0.000
   28 C  -0.0114   1.135  2.877  0.000
   29 C  -0.0256   1.152  2.874  0.000
   30 C   0.0540   1.184  2.762  0.000
   31 C  -0.0974   1.033  3.065  0.000
   32 C  -0.0523   1.088  2.965  0.000
   33 C  -0.1001   1.022  3.078  0.000
   34 N  -0.1878   1.361  3.826  0.000
   35 C   0.0291   1.168  2.802  0.000
   36 C  -0.0065   1.175  2.831  0.000
   37 C  -0.0731   1.172  2.901  0.000
   38 C   0.0278   1.148  2.824  0.000
   39 C  -0.0735   0.994  3.080  0.000
   40 C   0.1468   1.180  2.673  0.000
   41 O  -0.1904   1.607  4.583  0.000
   42 C  -0.0255   1.132  2.894  0.000
   43 C   0.2127   1.148  2.639  0.000
   44 O  -0.2436   1.600  4.644  0.000
   45 O  -0.1294   1.455  4.675  0.000
   46 C  -0.0052   1.012  2.993  0.000
   47 C   0.0433   1.071  2.885  0.000
   48 C  -0.0758   1.116  2.960  0.000
   49 C  -0.0322   1.179  2.853  0.000
   50 C  -0.0967   1.009  3.088  0.000
   51 C  -0.0554   1.090  2.966  0.000
   52 C  -0.0522   1.079  2.973  0.000
   53 C  -0.0681   1.086  2.983  0.000
   54 C  -0.0084   1.163  2.846  0.000
   55 C  -0.1061   1.032  3.074  0.000
   56 C  -0.0819   1.103  2.979  0.000
   57 C  -0.0650   1.085  2.980  0.000
   58 C  -0.0643   1.101  2.964  0.000
   59 C  -0.0235   1.156  2.868  0.000
   60 C  -0.1167   1.036  3.081  0.000
   61 C  -0.0606   1.093  2.968  0.000
   62 C  -0.0640   1.104  2.960  0.000
   63 C  -0.0675   1.112  2.956  0.000
   64 C  -0.0259   1.161  2.865  0.000
   65 C  -0.1101   1.033  3.077  0.000
   66 C  -0.0936   1.036  3.058  0.000
   67 H   0.0512   0.949  0.000  0.000
   68 H   0.0598   0.940  0.000  0.000
   69 H   0.0525   0.947  0.000  0.000
   70 H   0.0363   0.964  0.000  0.000
   71 H   0.0312   0.969  0.000  0.000
   72 H   0.0366   0.963  0.000  0.000
   73 H   0.0482   0.952  0.000  0.000
   74 H   0.0420   0.958  0.000  0.000
   75 H   0.0330   0.967  0.000  0.000
   76 H   0.0495   0.950  0.000  0.000
   77 H   0.0410   0.959  0.000  0.000
   78 H   0.0381   0.962  0.000  0.000
   79 H   0.0478   0.952  0.000  0.000
   80 H   0.0500   0.950  0.000  0.000
   81 H   0.0434   0.957  0.000  0.000
   82 H   0.0454   0.955  0.000  0.000
   83 H   0.0454   0.955  0.000  0.000
   84 H   0.0375   0.963  0.000  0.000
   85 H   0.0393   0.961  0.000  0.000
   86 H   0.0444   0.956  0.000  0.000
   87 H   0.0414   0.959  0.000  0.000
   88 H   0.0291   0.971  0.000  0.000
   89 H   0.0364   0.964  0.000  0.000
   90 H   0.0331   0.967  0.000  0.000
   91 H   0.0362   0.964  0.000  0.000
   92 H   0.0485   0.952  0.000  0.000
   93 H   0.0326   0.967  0.000  0.000
   94 H   0.0407   0.959  0.000  0.000
   95 H   0.0449   0.955  0.000  0.000
   96 H   0.0513   0.949  0.000  0.000
   97 H   0.0469   0.953  0.000  0.000
   98 H   0.0490   0.951  0.000  0.000
   99 H   0.0508   0.949  0.000  0.000
  100 H   0.0460   0.954  0.000  0.000
  101 H   0.0384   0.962  0.000  0.000
  102 H   0.0505   0.949  0.000  0.000
  103 H   0.0514   0.949  0.000  0.000
  104 H   0.0226   0.977  0.000  0.000
  105 H   0.0422   0.958  0.000  0.000
  106 H   0.0442   0.956  0.000  0.000
  107 H   0.0377   0.962  0.000  0.000
  108 H   0.0477   0.952  0.000  0.000
  109 H   0.0376   0.962  0.000  0.000
  110 H   0.0325   0.967  0.000  0.000
  111 H   0.0322   0.968  0.000  0.000
  112 H   0.0313   0.969  0.000  0.000
  113 H   0.0338   0.966  0.000  0.000
  114 H   0.0372   0.963  0.000  0.000
  115 H   0.0313   0.969  0.000  0.000
  116 H   0.0263   0.974  0.000  0.000
  117 H   0.0440   0.956  0.000  0.000
  118 H   0.0221   0.978  0.000  0.000
  119 H   0.0321   0.968  0.000  0.000
  120 H   0.0290   0.971  0.000  0.000
  121 H   0.0312   0.969  0.000  0.000
  122 H   0.0271   0.973  0.000  0.000
  123 H   0.0388   0.961  0.000  0.000
  124 H   0.0277   0.972  0.000  0.000
  125 H   0.0295   0.971  0.000  0.000
  126 H   0.0333   0.967  0.000  0.000
  127 H   0.0376   0.962  0.000  0.000
  128 H   0.0366   0.963  0.000  0.000
  129 H   0.0345   0.966  0.000  0.000
  130 H   0.0334   0.967  0.000  0.000
  131 H   0.0291   0.971  0.000  0.000
  132 H   0.0297   0.970  0.000  0.000
  133 H   0.0367   0.963  0.000  0.000
  134 H   0.0200   0.980  0.000  0.000
  135 H   0.0334   0.967  0.000  0.000
  136 H   0.0366   0.963  0.000  0.000
  137 H   0.0319   0.968  0.000  0.000
  138 H   0.0422   0.958  0.000  0.000
  139 H   0.0411   0.959  0.000  0.000
  140 H   0.0375   0.963  0.000  0.000
 
 Wiberg/Mayer (AO) data. WBOs > 0.1 written file <wbo>
 largest (>0.05) Wiberg bond orders for each atom
           total WBO             WBO to atom ...
     1  MG  2.523    N   17 0.612    N   26 0.451    N   34 0.419    N    6 0.327    C   21 0.068    C   27 0.056    C   18 0.054
     2  C   3.897    C    7 1.322    C   38 1.311    C   42 0.921
     3  C   3.903    C   10 1.362    C   18 1.308    H   67 0.937
     4  C   3.909    C   27 1.530    C   21 1.175    H   68 0.920
     5  C   3.912    C   30 1.394    C   35 1.312    H   69 0.935
     6  N   3.296    C    7 1.281    C   10 1.274    MG   1 0.327
     7  C   3.853    C    2 1.322    N    6 1.281    C    8 0.968
     8  C   3.931    C    7 0.968    H   70 0.939    C   12 0.933    C    9 0.932
     9  C   3.933    C   11 0.965    C   10 0.956    H   71 0.942    C    8 0.932
    10  C   3.859    C    3 1.362    N    6 1.274    C    9 0.956    C   19 0.054
    11  C   3.972    H   72 0.980    H   73 0.977    H   74 0.976    C    9 0.965
    12  C   3.945    C   13 0.986    H   75 0.965    H   76 0.954    C    8 0.933
    13  C   3.963    C   12 0.986    H   77 0.961    H   78 0.956    C   14 0.902    O   15 0.092
    14  C   3.886    O   15 1.887    O   16 1.059    C   13 0.902
    15  O   2.191    C   14 1.887    O   16 0.161    C   13 0.092
    16  O   2.285    C   14 1.059    C   47 0.969    O   15 0.161
    17  N   3.358    C   21 1.158    C   18 1.135    MG   1 0.612    C   20 0.063    C   19 0.054
    18  C   3.883    C    3 1.308    C   19 1.191    N   17 1.135    MG   1 0.054
    19  C   3.819    C   20 1.358    C   18 1.191    C   22 0.970    O   24 0.058    N   17 0.054    C   10 0.054
    20  C   3.884    C   19 1.358    C   21 1.208    C   23 0.992    O   24 0.077    N   17 0.063
    21  C   3.853    C   20 1.208    C    4 1.175    N   17 1.158    MG   1 0.068
    22  C   3.977    H   80 0.978    H   81 0.976    C   19 0.970    H   79 0.969
    23  C   3.866    O   24 1.883    C   20 0.992    C   25 0.901
    24  O   2.222    C   23 1.883    C   25 0.091    C   20 0.077    C   19 0.058
    25  C   3.974    H   84 0.980    H   83 0.971    H   82 0.968    C   23 0.901    O   24 0.091
    26  N   3.359    C   30 1.298    C   27 1.145    MG   1 0.451
    27  C   3.867    C    4 1.530    N   26 1.145    C   28 0.921    MG   1 0.056
    28  C   3.944    C   31 0.977    C   29 0.970    H   85 0.936    C   27 0.921
    29  C   3.937    C   28 0.970    C   32 0.970    H   86 0.935    C   30 0.896
    30  C   3.852    C    5 1.394    N   26 1.298    C   29 0.896
    31  C   3.973    H   89 0.981    H   88 0.978    C   28 0.977    H   87 0.974
    32  C   3.954    C   33 0.995    C   29 0.970    H   90 0.965    H   91 0.960
    33  C   3.972    C   32 0.995    H   93 0.984    H   94 0.981    H   92 0.976
    34  N   3.268    C   38 1.211    C   35 1.179    MG   1 0.419    C   37 0.062
    35  C   3.862    C    5 1.312    N   34 1.179    C   36 1.111
    36  C   3.859    C   37 1.451    C   35 1.111    C   39 1.007    O   41 0.052
    37  C   3.891    C   36 1.451    C   38 1.115    C   40 0.985    O   41 0.078    N   34 0.062
    38  C   3.892    C    2 1.311    N   34 1.211    C   37 1.115
    39  C   3.978    C   36 1.007    H   97 0.971    H   95 0.967    H   96 0.961
    40  C   3.878    O   41 1.864    C   37 0.985    C   42 0.877
    41  O   2.190    C   40 1.864    C   37 0.078    C   42 0.076    C   36 0.052
    42  C   3.949    C   43 0.955    H   98 0.927    C    2 0.921    C   40 0.877    O   41 0.076    O   44 0.060
    43  C   3.897    O   44 1.827    O   45 1.039    C   42 0.955
    44  O   2.139    C   43 1.827    O   45 0.165    C   42 0.060
    45  O   2.267    C   43 1.039    C   46 0.980    O   44 0.165
    46  C   3.946    H  101 0.989    H   99 0.982    H  100 0.981    O   45 0.980
    47  C   3.937    O   16 0.969    H  102 0.967    C   48 0.964    H  103 0.957
    48  C   3.959    C   49 1.932    C   47 0.964    H  104 0.938
    49  C   3.930    C   48 1.932    C   50 0.979    C   51 0.938
    50  C   3.987    C   49 0.979    H  106 0.975    H  105 0.975    H  107 0.974
    51  C   3.965    C   52 0.975    H  109 0.966    H  108 0.954    C   49 0.938
    52  C   3.965    C   53 0.999    C   51 0.975    H  110 0.961    H  111 0.961
    53  C   3.969    C   52 0.999    C   54 0.981    H  112 0.957    H  113 0.954
    54  C   3.937    C   55 0.986    C   53 0.981    H  114 0.953    C   56 0.944
    55  C   3.977    C   54 0.986    H  116 0.982    H  115 0.981    H  117 0.974
    56  C   3.957    C   57 0.997    H  118 0.973    H  119 0.963    C   54 0.944
    57  C   3.963    C   56 0.997    H  121 0.972    C   58 0.971    H  120 0.962
    58  C   3.953    C   57 0.971    H  122 0.969    C   59 0.963    H  123 0.960
    59  C   3.941    C   60 0.985    C   61 0.978    C   58 0.963    H  124 0.956
    60  C   3.983    C   59 0.985    H  126 0.982    H  125 0.981    H  127 0.975
    61  C   3.961    C   62 0.984    C   59 0.978    H  129 0.959    H  128 0.957
    62  C   3.959    C   61 0.984    C   63 0.970    H  130 0.968    H  131 0.966
    63  C   3.960    C   64 0.975    C   62 0.970    H  132 0.967    H  133 0.966
    64  C   3.936    C   65 0.989    C   63 0.975    C   66 0.975    H  134 0.961
    65  C   3.981    C   64 0.989    H  136 0.981    H  137 0.979    H  135 0.977
    66  C   3.983    H  139 0.983    H  140 0.981    H  138 0.980    C   64 0.975
    67  H   0.994    C    3 0.937
    68  H   0.992    C    4 0.920
    69  H   0.993    C    5 0.935
    70  H   0.994    C    8 0.939
    71  H   0.996    C    9 0.942
    72  H   0.998    C   11 0.980
    73  H   0.996    C   11 0.977
    74  H   0.997    C   11 0.976
    75  H   0.997    C   12 0.965
    76  H   0.994    C   12 0.954
    77  H   0.996    C   13 0.961
    78  H   0.998    C   13 0.956
    79  H   0.993    C   22 0.969
    80  H   0.995    C   22 0.978
    81  H   0.995    C   22 0.976
    82  H   0.996    C   25 0.968
    83  H   0.996    C   25 0.971
    84  H   0.999    C   25 0.980
    85  H   0.995    C   28 0.936
    86  H   0.995    C   29 0.935
    87  H   0.996    C   31 0.974
    88  H   0.997    C   31 0.978
    89  H   0.997    C   31 0.981
    90  H   0.998    C   32 0.965
    91  H   0.996    C   32 0.960
    92  H   0.997    C   33 0.976
    93  H   0.998    C   33 0.984
    94  H   0.997    C   33 0.981
    95  H   0.993    C   39 0.967
    96  H   0.992    C   39 0.961
    97  H   0.995    C   39 0.971
    98  H   0.993    C   42 0.927
    99  H   0.997    C   46 0.982
   100  H   0.997    C   46 0.981
   101  H   0.998    C   46 0.989
   102  H   0.996    C   47 0.967
   103  H   0.996    C   47 0.957
   104  H   0.999    C   48 0.938
   105  H   0.998    C   50 0.975
   106  H   0.998    C   50 0.975
   107  H   0.999    C   50 0.974
   108  H   0.997    C   51 0.954
   109  H   0.998    C   51 0.966
   110  H   0.998    C   52 0.961
   111  H   0.998    C   52 0.961
   112  H   0.998    C   53 0.957
   113  H   0.999    C   53 0.954
   114  H   0.998    C   54 0.953
   115  H   0.999    C   55 0.981
   116  H   0.999    C   55 0.982
   117  H   0.997    C   55 0.974
   118  H   0.999    C   56 0.973
   119  H   0.999    C   56 0.963
   120  H   0.999    C   57 0.962
   121  H   0.999    C   57 0.972
   122  H   0.999    C   58 0.969
   123  H   0.998    C   58 0.960
   124  H   0.999    C   59 0.956
   125  H   0.999    C   60 0.981
   126  H   0.999    C   60 0.982
   127  H   0.999    C   60 0.975
   128  H   0.997    C   61 0.957
   129  H   0.998    C   61 0.959
   130  H   0.999    C   62 0.968
   131  H   0.998    C   62 0.966
   132  H   0.999    C   63 0.967
   133  H   0.998    C   63 0.966
   134  H   0.999    C   64 0.961
   135  H   0.999    C   65 0.977
   136  H   0.999    C   65 0.981
   137  H   0.999    C   65 0.979
   138  H   0.998    C   66 0.980
   139  H   0.998    C   66 0.983
   140  H   0.998    C   66 0.981
 
 --------------------------------------------
          xTB calculation for sTDA...
 --------------------------------------------
 
 reading parameter file ~/.param_stda2.xtb
 
      method parameters     
 k(s)        :  1.6000
 k(p)        :  2.1800
 k(d)        :  1.9500
 k(f)        :  2.0000
 k(R-V)      :  2.2750
 k(R-R)      :  1.7650
 Tscal       :  0.2580
 Gscal       :  1.0000
 fpol        :  1.0000
 Zcnf        :  0.3430
 Zqf         :  0.0000
 kcn         :  2.7000
 Ryd Hsplit  :  0.7000
 lshift(virt):  3.1000
 lshift(OS)  :  0.2000
 wllscaling  :  2.6000
 
 mowrcut     : 3.000
 
  Z AO/shell   Hii/eV     exponent
  1     Sun Feb 14 09:53:25 CET 2016    EN: 2.327 GAM: 0.473  GM3: 0.0000
     1s    -14.339618    1.220000
     2sp    -3.348946    0.600000
  6     Sun Feb 14 09:53:25 CET 2016    EN: 2.731 GAM: 0.422  GM3: 0.0000
     2s    -22.009312    1.565095
     2p    -13.020408    1.596905
     3sp    -3.914040    0.824500
  7     Sun Feb 14 09:53:25 CET 2016    EN: 3.573 GAM: 0.504  GM3: 0.0000
     2s    -25.722000    2.064844
     2p    -18.684912    1.801692
     3sp    -4.344791    0.921400
  8     Sun Feb 14 09:53:25 CET 2016    EN: 3.700 GAM: 0.587  GM3: 0.0000
     2s    -33.859000    2.418661
     2p    -22.175911    1.973969
     3sp    -4.259392    1.013700
 12     Sun Feb 21 16:58:31 CET 2016    EN: 0.033 GAM: 0.222  GM3: 0.0000
     3s    -11.092543    1.647583
     3p     -6.929529    0.855020
 
 Nbf   :          894
 T(el) :     0.0
 calculating S/T integrals ...
 cpu time for ints    1.32996200000000     
 Nao   :          894
 making H0...
 making H1...
 cpu time for H      2.549800000000002E-002
 solving ...
 cpu time for diag   0.326800000000000     
 
 gap (eV)           :   4.716
 Koopmans IP (eV)   :  13.213
 Eel (Eh)           :  -301.231900

          eigenvalues
 #    :         164        165        166        167        168        169        170        171
 occ. :        2.000      2.000      2.000      2.000      2.000      2.000      2.000      2.000
 eps  :       -17.328    -17.284    -16.928    -16.542    -16.288    -16.056    -15.789    -15.782
 #    :         172        173        174        175        176        177        178        179
 occ. :        2.000      2.000      2.000      2.000      2.000      0.000      0.000      0.000
 eps  :       -15.590    -15.401    -15.065    -13.913    -13.214     -8.497     -7.109     -6.759
 #    :         180        181        182        183        184        185        186        187
 occ. :        0.000      0.000      0.000      0.000      0.000      0.000      0.000      0.000
 eps  :        -6.208     -5.973     -5.657     -5.464     -5.369     -5.163     -5.077     -4.986
                            1  SCC done.
 writing mo output ...
 molden style : F
 
speedup  1.20
cpu  time for all    2.18 s
wall time for all    1.81 s
