 
        ______________________________________
       |                                      |
       |          ===================         |
       |             xTB for sTDA             |
       |          ===================         |
       |               S. Grimme              |
       |        Universitaet Bonn, MCTC       |
       |         2015-19, Version 1.0         |
       |     Wed Apr  3 09:14:55 CEST 2019    |
       |______________________________________|
 
        This code comes without any warranty
        for non-commercial, academia use only.
        Preliminary test version.
        Cite this work as:
        S. Grimme  &  C. Bannwarth, JCP 145 (2016) 054103
        if GBSA is used additionally:
        P. Shushkov, F. März, C. Bannwarth, S. Grimme, unpublished.
 
        with help from
        P. Shushkov, G. Brandenburg, S. Dohm, J. Pisarek,
        F. März, M. Checinski, S. Ehrlich, S. Spicher, 
        P. Pracht, E. Caldeweyher, S. Ehlert, and C. Bannwarth.
 
        usage        :
        xtb4stda <coord_file> [options]
        where <coord_file> is a valid file of TM)
        (*coord, Bohr) or xmol (*xyz, Angstroem)
        format.

        options:
        -chrg <int>   : molecular charge
        -uhf  <int>   : # of unpaired electrons(=2*S)
        -nox          : skip second, extended part in sTDA-xTB
        -pop          : do population analysis
                      : (default for -nox)
        -mowr <real>  : cut MO write above (def.3 Eh)
        -molden       : write formatted molden file
        -parx <file>  : read parameters for sTDA-xTB
                        calc (def:~/.param_stda2.xtb)
        -parv <file>  : read parameters for vTB part in
                        sTDA-xTB (def: ~/.param_stda1.xtb)
        -xtemp <real> : el. temp for xTB (def. 0 K)
        -etemp <real> : el. temp for GFN (def. 300 K)
        -fod          : calculate the FOD and write
                        molden.input file with
                        appropriate occupations
                        for plotting. Def. T=12500 K
 
        -acc <real>   : xTB accuracy (def. 1.0)
        -gbsa [string1] [string2]
                        use GBSA implicit solvent
                        for solvent [string1] and
                        solvation state [string2]=
                        reference, bar1M (default=1M)
        additional GFN/opt/MD/siman options read from
        $XTB4STDAHOME/.xtb4stdarc or $set in input
 
       spin and charge state information can be on:
       <.CHRG> (charge) and <.UHF> (=nalpha-nbeta)
       -uhf and -chrg override the file info.
       useful machine settings:
       setenv MKL_NUM_THREADS <NCORE_ON_YOUR_MACHINE>
       setenv OMP_STACKSIZE 500m
       limit stacksize unlimited
 
       total energies in Eh, gaps/HL energies in eV
       please read REVISION and HOWTO files carefully
 =============================
  # OMP threads =           4
 =============================
 
 xtb4stdahome directory:~/
 
 
 name of molecule           :
 comment line               :
 number of atoms            :   140
 number of electrons        :   352
 charge                     :  0
 spin                       : 0.0
 first test random number   :  0.4301
 
 -----------------------------------------
      charge density (VTB) calculation
 -----------------------------------------
 
      method parameters     
 k(s)        :  1.8000
 k(p)        :  2.8350
 k(d)        :  2.0860
 k(f)        :  2.0000
 Tscal       :  0.3300
 Gscal       :  0.3910
 fpol        :  1.0000
 Zcnf        :  0.6500
 Zqf         :  0.0000
 kcn         :  0.3000
 kEN1        : -0.5900
 wllscal     :  2.6000
 
     -------------------------
     ! NO SOLVENT MODEL USED !
     -------------------------
 
 doing EN charges ...
 sum q : -0.7771561D-15
 point charge moment (au)
     X       Y       Z   
   0.6935   0.2950   0.3356  total (Debye):    2.097
 
            Z      q(EN)   CN      Cart. coordinates
     1  MG  2.0   0.873   4.722    90.56134    28.60667    52.82918
     2  C   4.0   0.019   3.302    85.99765    28.25707    57.77459
     3  C   4.0  -0.059   3.169    93.85891    32.76785    56.33651
     4  C   4.0  -0.059   3.131    94.55433    29.21705    47.78361
     5  C   4.0  -0.056   3.140    85.96741    25.69460    48.84564
     6  N   5.0  -0.363   3.130    89.86025    30.48128    56.43289
     7  C   4.0   0.082   3.404    88.03666    29.84066    58.25836
     8  C   4.0  -0.095   4.139    88.57146    30.92537    60.86618
     9  C   4.0  -0.093   4.115    90.61236    33.01729    60.08762
    10  C   4.0   0.092   3.348    91.71974    31.83243    57.60452
    11  C   4.0  -0.235   3.987    89.56167    35.91991    59.77203
    12  C   4.0  -0.163   4.076    89.45396    28.74084    62.52536
    13  C   4.0  -0.166   4.029    88.87948    29.20382    65.41664
    14  C   4.0   0.163   3.075    91.09991    28.81076    67.35172
    15  O   6.0  -0.091   1.035    91.93328    26.71884    67.99801
    16  O   6.0  -0.118   2.044    92.04288    31.07087    68.30225
    17  N   5.0  -0.441   3.261    93.87214    30.66836    52.17155
    18  C   4.0   0.065   3.462    94.93038    32.23117    54.00648
    19  C   4.0   0.018   3.245    97.31711    33.05698    53.14665
    20  C   4.0  -0.001   3.349    97.43049    32.28408    50.59363
    21  C   4.0   0.107   3.373    95.22518    30.55876    50.06640
    22  C   4.0  -0.251   4.046    98.92148    34.81820    54.53749
    23  C   4.0   0.109   3.046    99.56210    32.80753    48.76060
    24  O   6.0  -0.103   1.067    99.27864    32.03841    46.59119
    25  C   4.0  -0.245   4.016   101.90914    34.48561    49.25571
    26  N   5.0  -0.389   3.119    90.29489    27.68449    48.86642
    27  C   4.0   0.093   3.332    92.29799    27.90558    47.26394
    28  C   4.0  -0.093   4.120    91.52132    27.00607    44.49360
    29  C   4.0  -0.095   4.153    88.90972    25.70216    44.95280
    30  C   4.0   0.094   3.351    88.27477    26.58277    47.68157
    31  C   4.0  -0.238   4.048    91.18684    29.06021    42.55852
    32  C   4.0  -0.163   4.056    88.88326    22.79576    44.93579
    33  C   4.0  -0.237   4.006    86.66850    21.42949    43.67724
    34  N   5.0  -0.395   3.221    86.90094    26.99285    53.07106
    35  C   4.0   0.082   3.458    85.27010    25.88736    51.39866
    36  C   4.0   0.015   3.293    83.11960    24.79887    52.82540
    37  C   4.0   0.004   3.438    83.48053    25.56988    55.22157
    38  C   4.0   0.058   3.733    85.60836    27.08355    55.35385
    39  C   4.0  -0.246   4.030    80.94830    23.23418    51.92022
    40  C   4.0   0.143   3.279    82.44874    25.51319    57.74058
    41  O   6.0  -0.135   1.065    80.73854    24.36235    58.45678
    42  C   4.0  -0.114   4.194    84.02288    27.22339    59.57172
    43  C   4.0   0.173   3.182    82.35426    29.27185    60.48257
    44  O   6.0  -0.091   1.048    81.13916    30.81009    59.20322
    45  O   6.0  -0.121   2.041    82.03867    29.05643    63.03370
    46  C   4.0  -0.196   4.054    80.49666    31.03308    64.14297
    47  C   4.0  -0.131   4.076    93.92127    30.86489    70.24300
    48  C   4.0  -0.054   3.109    93.96662    33.21760    71.75856
    49  C   4.0   0.018   3.056    95.79399    34.30797    73.25145
    50  C   4.0  -0.249   4.043    98.04843    32.62612    73.96765
    51  C   4.0  -0.172   4.038    95.62580    36.98761    74.40229
    52  C   4.0  -0.163   4.025    98.10890    38.57687    74.01868
    53  C   4.0  -0.164   4.059    97.78954    41.56263    74.44764
    54  C   4.0  -0.088   4.042    99.75485    43.15000    73.00767
    55  C   4.0  -0.238   4.035   101.83544    44.28573    74.81425
    56  C   4.0  -0.165   4.086    98.46606    45.22870    71.55636
    57  C   4.0  -0.163   4.048    99.87958    46.49482    69.33027
    58  C   4.0  -0.166   4.109    98.19394    47.15622    67.01346
    59  C   4.0  -0.089   4.068    99.09912    45.77483    64.67776
    60  C   4.0  -0.240   4.071   101.20049    47.40944    63.60818
    61  C   4.0  -0.164   4.069    96.79932    45.33642    62.84284
    62  C   4.0  -0.164   4.055    97.33600    43.44480    60.74146
    63  C   4.0  -0.166   4.104    97.40781    44.59375    58.00514
    64  C   4.0  -0.089   4.051    95.45762    43.59787    56.39509
    65  C   4.0  -0.239   4.032    95.93005    40.83509    55.29338
    66  C   4.0  -0.241   4.079    94.77543    45.42712    54.38064
    67  H   1.0   0.071   1.010    94.63748    34.23805    57.55727
    68  H   1.0   0.070   1.005    95.76186    29.34177    46.11498
    69  H   1.0   0.070   1.005    84.39705    24.95383    47.73070
    70  H   1.0   0.085   1.007    86.96519    31.86078    61.75435
    71  H   1.0   0.083   1.006    92.22430    33.10422    61.36885
    72  H   1.0   0.080   0.999    89.34435    36.23738    57.75003
    73  H   1.0   0.080   0.997    91.06022    37.20115    60.36541
    74  H   1.0   0.079   0.996    87.62848    36.22227    60.42021
    75  H   1.0   0.083   1.006    91.50620    28.61990    62.39875
    76  H   1.0   0.083   1.003    89.07412    26.95127    61.58050
    77  H   1.0   0.081   1.004    87.41116    27.80543    65.78514
    78  H   1.0   0.082   1.004    88.29933    31.17481    65.56593
    79  H   1.0   0.080   0.998    98.78920    34.90702    56.59162
    80  H   1.0   0.081   1.000    98.66070    36.76273    53.91199
    81  H   1.0   0.081   1.002   100.87357    34.30231    54.12175
    82  H   1.0   0.080   0.997   101.50852    36.37156    49.98325
    83  H   1.0   0.080   0.999   102.93904    34.63301    47.47747
    84  H   1.0   0.080   1.002   102.85022    33.40658    50.73725
    85  H   1.0   0.084   1.007    92.96696    25.70594    43.81330
    86  H   1.0   0.084   1.008    87.38471    26.38435    43.74716
    87  H   1.0   0.081   1.002    91.82745    30.80064    43.45236
    88  H   1.0   0.080   0.998    89.34435    29.27752    41.66279
    89  H   1.0   0.080   0.999    92.43028    28.72761    40.95036
    90  H   1.0   0.082   1.004    89.30089    22.10034    46.82930
    91  H   1.0   0.082   1.006    90.49898    22.10412    43.86243
    92  H   1.0   0.080   0.997    85.36081    22.62758    42.62844
    93  H   1.0   0.080   0.999    85.44774    20.73218    45.18335
    94  H   1.0   0.079   0.997    87.15227    19.90637    42.37710
    95  H   1.0   0.080   1.001    81.54545    22.49719    50.09097
    96  H   1.0   0.081   1.005    79.47054    24.66848    51.94479
    97  H   1.0   0.081   1.002    80.55713    21.96428    53.49247
    98  H   1.0   0.085   1.008    84.95452    26.26341    61.13830
    99  H   1.0   0.081   0.997    81.55679    32.79619    64.02014
   100  H   1.0   0.080   0.995    80.21698    30.85356    66.17631
   101  H   1.0   0.081   0.997    78.69953    31.08788    63.13952
   102  H   1.0   0.082   1.001    95.77509    30.47372    69.43609
   103  H   1.0   0.083   1.012    93.51498    29.62712    71.83982
   104  H   1.0   0.071   1.007    92.55878    34.59143    71.14440
   105  H   1.0   0.080   0.998    97.73852    30.59088    73.87317
   106  H   1.0   0.080   0.998    98.82133    32.96627    75.84604
   107  H   1.0   0.080   0.998    99.72462    33.05887    72.85083
   108  H   1.0   0.081   1.001    95.14014    36.91202    76.40351
   109  H   1.0   0.082   1.007    94.37669    38.25750    73.36672
   110  H   1.0   0.081   1.001    98.92715    38.21971    72.16108
   111  H   1.0   0.082   1.003    99.38825    37.82853    75.44731
   112  H   1.0   0.082   1.003    97.92371    42.08042    76.43564
   113  H   1.0   0.082   1.003    95.90737    42.15223    73.85049
   114  H   1.0   0.083   1.010   100.76397    41.74594    71.88706
   115  H   1.0   0.080   0.998   101.14758    46.04506    75.63439
   116  H   1.0   0.080   0.998   103.57588    44.62021    73.76356
   117  H   1.0   0.080   0.998   102.12646    42.99504    76.39217
   118  H   1.0   0.083   1.007    98.15237    46.74615    72.91319
   119  H   1.0   0.083   1.004    96.58200    44.73548    70.88551
   120  H   1.0   0.082   1.002   101.62379    45.54806    68.78413
   121  H   1.0   0.082   1.007   100.36712    48.35809    70.05781
   122  H   1.0   0.082   1.003    97.89725    49.13098    66.50702
   123  H   1.0   0.083   1.007    96.34201    46.39466    67.49723
   124  H   1.0   0.084   1.008    99.79076    43.88322    65.10862
   125  H   1.0   0.081   1.002   102.51007    46.01105    62.85229
   126  H   1.0   0.081   0.997   102.23606    48.74926    64.77981
   127  H   1.0   0.082   1.002   100.28209    48.48470    62.11151
   128  H   1.0   0.082   1.003    96.19461    47.22236    62.27592
   129  H   1.0   0.082   1.002    95.11936    44.78084    63.89919
   130  H   1.0   0.082   1.003    96.01887    41.86121    60.74146
   131  H   1.0   0.082   1.005    99.22384    42.67757    61.03815
   132  H   1.0   0.083   1.006    99.26163    44.11943    57.23980
   133  H   1.0   0.084   1.008    97.09979    46.59686    58.36797
   134  H   1.0   0.084   1.014    93.69639    43.38811    57.44200
   135  H   1.0   0.080   0.998    96.39303    40.88800    53.28649
   136  H   1.0   0.080   0.998    94.29166    39.65023    55.68266
   137  H   1.0   0.081   0.999    97.50986    39.97526    56.29683
   138  H   1.0   0.081   1.001    93.46018    46.75371    55.24803
   139  H   1.0   0.080   0.998    94.18016    44.69769    52.54761
   140  H   1.0   0.082   1.002    96.52153    46.38521    53.85908
 
  Z AO/shell   Hii/eV     exponent
  1     Sat Feb 20 21:38:01 CET 2016    EN: 2.327 GAM: 0.473  GM3: 0.0000
     1s    -13.751157    1.051071
  6     Sat Feb 20 21:38:01 CET 2016    EN: 2.731 GAM: 0.422  GM3: 0.0000
     2s    -19.378245    2.021003
     2p    -11.993376    1.497917
  7     Sat Feb 20 21:38:01 CET 2016    EN: 3.573 GAM: 0.504  GM3: 0.0000
     2s    -21.576984    2.275442
     2p    -16.125120    2.056788
  8     Sat Feb 20 21:38:01 CET 2016    EN: 3.700 GAM: 0.587  GM3: 0.0000
     2s    -21.648843    2.110798
     2p    -17.239740    2.329048
 12     Sat Feb 20 23:25:47 CET 2016    EN: 0.033 GAM: 0.222  GM3: 0.0000
     3s    -12.693633    1.302878
     3p     -8.128821    0.504252
 
 dipole moment of classical point charges (au)
     X       Y       Z   
   0.6935   0.2950   0.3356  total (Debye):    2.097

 
 Nbf   :          338
 T(el) :   300.0
 calculating S/T integrals ...
 cpu time for ints   0.150931000000000     
 Nao   :          338
 making H0...
 making H1...
 cpu time for H      8.548000000000000E-003
 solving ...
 cpu time for diag   5.798700000000001E-002
 
 gap (eV)           :   1.336
 Koopmans IP (eV)   :  12.113
 Eel (Eh)           :  -268.609063
 T,E(Fermi),NFOD :    300.000   -11.445  0.000000
 T,E(Fermi),NFOD :    300.000   -11.445  0.000000
 Nfod               :  0.0000
 Nfod/Nel           :  0.0000

          eigenvalues
 #    :         164        165        166        167        168        169        170        171
 occ. :        2.000      2.000      2.000      2.000      2.000      2.000      2.000      2.000
 eps  :       -16.320    -16.270    -16.090    -15.913    -15.638    -15.563    -15.156    -14.982
 #    :         172        173        174        175        176        177        178        179
 occ. :        2.000      2.000      2.000      2.000      2.000      0.000      0.000      0.000
 eps  :       -14.892    -14.742    -14.463    -13.341    -12.114    -10.778     -9.963     -8.803
 #    :         180        181        182        183        184        185        186        187
 occ. :        0.000      0.000      0.000      0.000      0.000      0.000      0.000      0.000
 eps  :        -8.724     -8.376     -8.261     -7.886     -7.733     -7.238     -7.159     -7.096
                            1  SCC done.
 making H1...
 cpu time for H      7.230499999999998E-002
 solving ...
 cpu time for diag   3.132000000000001E-002
 
 gap (eV)           :   1.542
 Koopmans IP (eV)   :  11.879
 Eel (Eh)           :  -265.771505
 T,E(Fermi),NFOD :    300.000   -11.108  0.000000
 T,E(Fermi),NFOD :    300.000   -11.108  0.000000
 Nfod               :  0.0000
 Nfod/Nel           :  0.0000

          eigenvalues
 #    :         164        165        166        167        168        169        170        171
 occ. :        2.000      2.000      2.000      2.000      2.000      2.000      2.000      2.000
 eps  :       -15.401    -15.150    -15.091    -14.815    -14.621    -14.603    -14.260    -14.259
 #    :         172        173        174        175        176        177        178        179
 occ. :        2.000      2.000      2.000      2.000      2.000      0.000      0.000      0.000
 eps  :       -14.072    -13.886    -13.754    -12.657    -11.880    -10.338     -9.275     -8.687
 #    :         180        181        182        183        184        185        186        187
 occ. :        0.000      0.000      0.000      0.000      0.000      0.000      0.000      0.000
 eps  :        -8.325     -8.237     -8.232     -7.633     -7.499     -7.073     -6.966     -6.899
                            2  SCC done.
 
 
 Mulliken/CM5 charges    n(s)   n(p)   n(d)   
    1 MG  0.2963  0.7381   0.668  1.036  0.000
    2 C  -0.0003  0.0017   1.187  2.814  0.000
    3 C  -0.0248 -0.0670   1.122  2.902  0.000
    4 C  -0.0182 -0.0593   1.125  2.893  0.000
    5 C  -0.0399 -0.0814   1.139  2.901  0.000
    6 N  -0.1199 -0.3716   1.423  3.697  0.000
    7 C   0.0075  0.0623   1.238  2.755  0.000
    8 C  -0.0131 -0.0688   1.197  2.816  0.000
    9 C  -0.0418 -0.0976   1.233  2.809  0.000
   10 C   0.0296  0.0858   1.246  2.725  0.000
   11 C  -0.0948 -0.2419   1.115  2.980  0.000
   12 C  -0.0681 -0.1752   1.161  2.907  0.000
   13 C  -0.0502 -0.1496   1.155  2.895  0.000
   14 C   0.2023  0.2502   1.209  2.589  0.000
   15 O  -0.2549 -0.2987   1.632  4.623  0.000
   16 O  -0.1380 -0.2150   1.483  4.655  0.000
   17 N  -0.2086 -0.4920   1.365  3.844  0.000
   18 C   0.0470  0.1044   1.172  2.781  0.000
   19 C  -0.0033 -0.0083   1.198  2.805  0.000
   20 C  -0.0555 -0.0478   1.216  2.839  0.000
   21 C   0.0693  0.1404   1.199  2.732  0.000
   22 C  -0.0762 -0.2216   1.072  3.004  0.000
   23 C   0.1194  0.1430   1.226  2.654  0.000
   24 O  -0.2628 -0.3149   1.620  4.643  0.000
   25 C  -0.0929 -0.2354   1.101  2.992  0.000
   26 N  -0.1655 -0.4271   1.409  3.757  0.000
   27 C   0.0389  0.0973   1.241  2.720  0.000
   28 C  -0.0024 -0.0606   1.194  2.808  0.000
   29 C  -0.0228 -0.0788   1.207  2.816  0.000
   30 C   0.0087  0.0673   1.252  2.740  0.000
   31 C  -0.0866 -0.2352   1.096  2.991  0.000
   32 C  -0.0597 -0.1689   1.148  2.911  0.000
   33 C  -0.0960 -0.2481   1.094  3.002  0.000
   34 N  -0.2112 -0.4788   1.402  3.809  0.000
   35 C   0.0038  0.0659   1.211  2.785  0.000
   36 C  -0.0237 -0.0316   1.212  2.812  0.000
   37 C  -0.0570 -0.0496   1.161  2.896  0.000
   38 C  -0.0181  0.0446   1.213  2.806  0.000
   39 C  -0.0590 -0.2025   1.085  2.974  0.000
   40 C   0.2023  0.2420   1.170  2.628  0.000
   41 O  -0.2003 -0.2510   1.611  4.589  0.000
   42 C  -0.0349 -0.0773   1.195  2.840  0.000
   43 C   0.2122  0.2650   1.186  2.601  0.000
   44 O  -0.2825 -0.3276   1.632  4.650  0.000
   45 O  -0.1541 -0.2395   1.488  4.666  0.000
   46 C   0.0161 -0.1062   1.091  2.893  0.000
   47 C   0.0704 -0.0076   1.106  2.823  0.000
   48 C  -0.0829 -0.1409   1.173  2.910  0.000
   49 C  -0.0294 -0.0512   1.223  2.806  0.000
   50 C  -0.1087 -0.2542   1.085  3.023  0.000
   51 C  -0.0465 -0.1519   1.136  2.910  0.000
   52 C  -0.0651 -0.1768   1.163  2.902  0.000
   53 C  -0.0692 -0.1798   1.162  2.908  0.000
   54 C  -0.0165 -0.0904   1.194  2.823  0.000
   55 C  -0.1029 -0.2534   1.110  2.992  0.000
   56 C  -0.0642 -0.1752   1.154  2.911  0.000
   57 C  -0.0625 -0.1746   1.151  2.911  0.000
   58 C  -0.0734 -0.1848   1.155  2.918  0.000
   59 C  -0.0245 -0.1009   1.198  2.826  0.000
   60 C  -0.1044 -0.2550   1.098  3.007  0.000
   61 C  -0.0771 -0.1889   1.157  2.920  0.000
   62 C  -0.0677 -0.1803   1.151  2.916  0.000
   63 C  -0.0531 -0.1651   1.143  2.910  0.000
   64 C  -0.0101 -0.0881   1.173  2.837  0.000
   65 C  -0.1157 -0.2670   1.114  3.001  0.000
   66 C  -0.1008 -0.2524   1.098  3.003  0.000
   67 H   0.0525  0.1126   0.948  0.000  0.000
   68 H   0.0649  0.1280   0.935  0.000  0.000
   69 H   0.0541  0.1126   0.946  0.000  0.000
   70 H   0.0508  0.1137   0.949  0.000  0.000
   71 H   0.0353  0.0951   0.965  0.000  0.000
   72 H   0.0336  0.0872   0.966  0.000  0.000
   73 H   0.0452  0.0965   0.955  0.000  0.000
   74 H   0.0464  0.0974   0.954  0.000  0.000
   75 H   0.0276  0.0872   0.972  0.000  0.000
   76 H   0.0639  0.1221   0.936  0.000  0.000
   77 H   0.0504  0.1089   0.950  0.000  0.000
   78 H   0.0467  0.1081   0.953  0.000  0.000
   79 H   0.0488  0.1012   0.951  0.000  0.000
   80 H   0.0509  0.1047   0.949  0.000  0.000
   81 H   0.0442  0.0986   0.956  0.000  0.000
   82 H   0.0451  0.0975   0.955  0.000  0.000
   83 H   0.0494  0.1054   0.951  0.000  0.000
   84 H   0.0474  0.1019   0.953  0.000  0.000
   85 H   0.0514  0.1114   0.949  0.000  0.000
   86 H   0.0523  0.1139   0.948  0.000  0.000
   87 H   0.0398  0.0946   0.960  0.000  0.000
   88 H   0.0419  0.0941   0.958  0.000  0.000
   89 H   0.0338  0.0857   0.966  0.000  0.000
   90 H   0.0435  0.1013   0.957  0.000  0.000
   91 H   0.0265  0.0835   0.973  0.000  0.000
   92 H   0.0278  0.0793   0.972  0.000  0.000
   93 H   0.0255  0.0776   0.974  0.000  0.000
   94 H   0.0429  0.0936   0.957  0.000  0.000
   95 H   0.0594  0.1131   0.941  0.000  0.000
   96 H   0.0601  0.1148   0.940  0.000  0.000
   97 H   0.0605  0.1158   0.939  0.000  0.000
   98 H   0.0647  0.1320   0.935  0.000  0.000
   99 H   0.0444  0.1060   0.956  0.000  0.000
  100 H   0.0493  0.1063   0.951  0.000  0.000
  101 H   0.0571  0.1211   0.943  0.000  0.000
  102 H   0.0607  0.1254   0.939  0.000  0.000
  103 H   0.0697  0.1362   0.930  0.000  0.000
  104 H   0.0207  0.0822   0.979  0.000  0.000
  105 H   0.0409  0.0932   0.959  0.000  0.000
  106 H   0.0299  0.0818   0.970  0.000  0.000
  107 H   0.0383  0.0903   0.962  0.000  0.000
  108 H   0.0429  0.0979   0.957  0.000  0.000
  109 H   0.0392  0.0968   0.961  0.000  0.000
  110 H   0.0350  0.0908   0.965  0.000  0.000
  111 H   0.0220  0.0781   0.978  0.000  0.000
  112 H   0.0325  0.0886   0.968  0.000  0.000
  113 H   0.0326  0.0894   0.967  0.000  0.000
  114 H   0.0314  0.0922   0.969  0.000  0.000
  115 H   0.0270  0.0796   0.973  0.000  0.000
  116 H   0.0380  0.0896   0.962  0.000  0.000
  117 H   0.0343  0.0866   0.966  0.000  0.000
  118 H   0.0313  0.0893   0.969  0.000  0.000
  119 H   0.0381  0.0953   0.962  0.000  0.000
  120 H   0.0368  0.0933   0.963  0.000  0.000
  121 H   0.0286  0.0854   0.971  0.000  0.000
  122 H   0.0420  0.0982   0.958  0.000  0.000
  123 H   0.0254  0.0839   0.975  0.000  0.000
  124 H   0.0304  0.0907   0.970  0.000  0.000
  125 H   0.0292  0.0824   0.971  0.000  0.000
  126 H   0.0441  0.0961   0.956  0.000  0.000
  127 H   0.0275  0.0819   0.973  0.000  0.000
  128 H   0.0282  0.0849   0.972  0.000  0.000
  129 H   0.0353  0.0908   0.965  0.000  0.000
  130 H   0.0342  0.0906   0.966  0.000  0.000
  131 H   0.0317  0.0889   0.968  0.000  0.000
  132 H   0.0338  0.0909   0.966  0.000  0.000
  133 H   0.0419  0.1011   0.958  0.000  0.000
  134 H   0.0253  0.0868   0.975  0.000  0.000
  135 H   0.0322  0.0842   0.968  0.000  0.000
  136 H   0.0366  0.0883   0.963  0.000  0.000
  137 H   0.0267  0.0797   0.973  0.000  0.000
  138 H   0.0382  0.0911   0.962  0.000  0.000
  139 H   0.0400  0.0918   0.960  0.000  0.000
  140 H   0.0176  0.0718   0.982  0.000  0.000
 Hirshfeld charges for QMDFF written to <charges>
 
 Loewdin charges    n(s)   n(p)   n(d)
    1 MG  0.1359   0.679  1.185  0.000
    2 C   0.0023   1.146  2.852  0.000
    3 C  -0.0202   1.068  2.952  0.000
    4 C  -0.0151   1.072  2.943  0.000
    5 C  -0.0366   1.087  2.950  0.000
    6 N  -0.0869   1.381  3.706  0.000
    7 C   0.0093   1.202  2.788  0.000
    8 C  -0.0047   1.149  2.856  0.000
    9 C  -0.0350   1.189  2.846  0.000
   10 C   0.0310   1.210  2.759  0.000
   11 C  -0.0956   1.044  3.052  0.000
   12 C  -0.0638   1.103  2.961  0.000
   13 C  -0.0493   1.097  2.952  0.000
   14 C   0.1808   1.184  2.635  0.000
   15 O  -0.2420   1.604  4.638  0.000
   16 O  -0.1031   1.448  4.655  0.000
   17 N  -0.1734   1.321  3.853  0.000
   18 C   0.0477   1.133  2.820  0.000
   19 C   0.0068   1.154  2.839  0.000
   20 C  -0.0642   1.181  2.883  0.000
   21 C   0.0725   1.161  2.767  0.000
   22 C  -0.0796   0.998  3.082  0.000
   23 C   0.1160   1.191  2.693  0.000
   24 O  -0.2467   1.589  4.658  0.000
   25 C  -0.0971   1.029  3.068  0.000
   26 N  -0.1286   1.364  3.764  0.000
   27 C   0.0423   1.205  2.753  0.000
   28 C   0.0077   1.146  2.847  0.000
   29 C  -0.0163   1.160  2.856  0.000
   30 C   0.0124   1.216  2.771  0.000
   31 C  -0.0896   1.024  3.066  0.000
   32 C  -0.0549   1.089  2.966  0.000
   33 C  -0.0983   1.022  3.076  0.000
   34 N  -0.1824   1.362  3.820  0.000
   35 C   0.0050   1.173  2.822  0.000
   36 C  -0.0130   1.169  2.844  0.000
   37 C  -0.0639   1.120  2.944  0.000
   38 C  -0.0127   1.173  2.839  0.000
   39 C  -0.0577   1.009  3.049  0.000
   40 C   0.1891   1.137  2.674  0.000
   41 O  -0.1782   1.573  4.605  0.000
   42 C  -0.0359   1.147  2.889  0.000
   43 C   0.1911   1.160  2.649  0.000
   44 O  -0.2712   1.605  4.666  0.000
   45 O  -0.1180   1.452  4.666  0.000
   46 C   0.0077   1.021  2.971  0.000
   47 C   0.0687   1.048  2.883  0.000
   48 C  -0.0815   1.124  2.957  0.000
   49 C  -0.0203   1.183  2.837  0.000
   50 C  -0.1129   1.013  3.100  0.000
   51 C  -0.0415   1.077  2.965  0.000
   52 C  -0.0606   1.106  2.955  0.000
   53 C  -0.0666   1.105  2.962  0.000
   54 C  -0.0059   1.146  2.860  0.000
   55 C  -0.1066   1.040  3.066  0.000
   56 C  -0.0631   1.096  2.967  0.000
   57 C  -0.0581   1.093  2.965  0.000
   58 C  -0.0715   1.098  2.974  0.000
   59 C  -0.0138   1.150  2.864  0.000
   60 C  -0.1088   1.027  3.082  0.000
   61 C  -0.0755   1.101  2.975  0.000
   62 C  -0.0642   1.093  2.971  0.000
   63 C  -0.0504   1.084  2.967  0.000
   64 C   0.0018   1.122  2.877  0.000
   65 C  -0.1211   1.045  3.076  0.000
   66 C  -0.1050   1.027  3.078  0.000
   67 H   0.0482   0.952  0.000  0.000
   68 H   0.0573   0.943  0.000  0.000
   69 H   0.0485   0.951  0.000  0.000
   70 H   0.0445   0.956  0.000  0.000
   71 H   0.0304   0.970  0.000  0.000
   72 H   0.0344   0.966  0.000  0.000
   73 H   0.0444   0.956  0.000  0.000
   74 H   0.0458   0.954  0.000  0.000
   75 H   0.0259   0.974  0.000  0.000
   76 H   0.0610   0.939  0.000  0.000
   77 H   0.0455   0.954  0.000  0.000
   78 H   0.0427   0.957  0.000  0.000
   79 H   0.0482   0.952  0.000  0.000
   80 H   0.0506   0.949  0.000  0.000
   81 H   0.0443   0.956  0.000  0.000
   82 H   0.0448   0.955  0.000  0.000
   83 H   0.0469   0.953  0.000  0.000
   84 H   0.0475   0.953  0.000  0.000
   85 H   0.0449   0.955  0.000  0.000
   86 H   0.0465   0.954  0.000  0.000
   87 H   0.0392   0.961  0.000  0.000
   88 H   0.0422   0.958  0.000  0.000
   89 H   0.0338   0.966  0.000  0.000
   90 H   0.0410   0.959  0.000  0.000
   91 H   0.0250   0.975  0.000  0.000
   92 H   0.0293   0.971  0.000  0.000
   93 H   0.0262   0.974  0.000  0.000
   94 H   0.0420   0.958  0.000  0.000
   95 H   0.0569   0.943  0.000  0.000
   96 H   0.0575   0.943  0.000  0.000
   97 H   0.0574   0.943  0.000  0.000
   98 H   0.0565   0.943  0.000  0.000
   99 H   0.0412   0.959  0.000  0.000
  100 H   0.0464   0.954  0.000  0.000
  101 H   0.0519   0.948  0.000  0.000
  102 H   0.0527   0.947  0.000  0.000
  103 H   0.0618   0.938  0.000  0.000
  104 H   0.0152   0.985  0.000  0.000
  105 H   0.0408   0.959  0.000  0.000
  106 H   0.0307   0.969  0.000  0.000
  107 H   0.0386   0.961  0.000  0.000
  108 H   0.0385   0.961  0.000  0.000
  109 H   0.0361   0.964  0.000  0.000
  110 H   0.0325   0.967  0.000  0.000
  111 H   0.0196   0.980  0.000  0.000
  112 H   0.0301   0.970  0.000  0.000
  113 H   0.0313   0.969  0.000  0.000
  114 H   0.0267   0.973  0.000  0.000
  115 H   0.0279   0.972  0.000  0.000
  116 H   0.0375   0.963  0.000  0.000
  117 H   0.0346   0.965  0.000  0.000
  118 H   0.0296   0.970  0.000  0.000
  119 H   0.0370   0.963  0.000  0.000
  120 H   0.0343   0.966  0.000  0.000
  121 H   0.0266   0.973  0.000  0.000
  122 H   0.0392   0.961  0.000  0.000
  123 H   0.0250   0.975  0.000  0.000
  124 H   0.0257   0.974  0.000  0.000
  125 H   0.0294   0.971  0.000  0.000
  126 H   0.0439   0.956  0.000  0.000
  127 H   0.0284   0.972  0.000  0.000
  128 H   0.0276   0.972  0.000  0.000
  129 H   0.0336   0.966  0.000  0.000
  130 H   0.0320   0.968  0.000  0.000
  131 H   0.0302   0.970  0.000  0.000
  132 H   0.0313   0.969  0.000  0.000
  133 H   0.0395   0.961  0.000  0.000
  134 H   0.0213   0.979  0.000  0.000
  135 H   0.0327   0.967  0.000  0.000
  136 H   0.0365   0.964  0.000  0.000
  137 H   0.0289   0.971  0.000  0.000
  138 H   0.0377   0.962  0.000  0.000
  139 H   0.0400   0.960  0.000  0.000
  140 H   0.0193   0.981  0.000  0.000
 
 Wiberg/Mayer (AO) data. WBOs > 0.1 written file <wbo>
 largest (>0.05) Wiberg bond orders for each atom
           total WBO             WBO to atom ...
     1  MG  2.549    N   17 0.517    N   34 0.485    N    6 0.422    N   26 0.399    C   21 0.056    C   10 0.053    C   38 0.053
     2  C   3.904    C    7 1.451    C   38 1.191    C   42 0.943
     3  C   3.918    C   10 1.386    C   18 1.312    H   67 0.932
     4  C   3.927    C   27 1.461    C   21 1.232    H   68 0.935
     5  C   3.912    C   30 1.375    C   35 1.316    H   69 0.939
     6  N   3.359    C   10 1.249    C    7 1.192    MG   1 0.422    C   38 0.055
     7  C   3.864    C    2 1.451    N    6 1.192    C    8 0.938
     8  C   3.938    C   12 0.961    C    9 0.941    H   70 0.939    C    7 0.938
     9  C   3.911    H   71 0.954    C    8 0.941    C   11 0.936    C   10 0.929
    10  C   3.828    C    3 1.386    N    6 1.249    C    9 0.929    MG   1 0.053
    11  C   3.949    H   72 0.982    H   73 0.980    H   74 0.977    C    9 0.936
    12  C   3.938    H   75 0.963    C    8 0.961    C   13 0.952    H   76 0.942
    13  C   3.960    H   78 0.966    H   77 0.960    C   12 0.952    C   14 0.921    O   15 0.085
    14  C   3.876    O   15 1.841    O   16 1.076    C   13 0.921
    15  O   2.145    C   14 1.841    O   16 0.164    C   13 0.085
    16  O   2.304    C   14 1.076    C   47 0.967    O   15 0.164
    17  N   3.345    C   21 1.288    C   18 1.092    MG   1 0.517    C   20 0.063    C   27 0.051
    18  C   3.880    C    3 1.312    C   19 1.209    N   17 1.092
    19  C   3.885    C   20 1.408    C   18 1.209    C   22 1.010    O   24 0.061
    20  C   3.868    C   19 1.408    C   21 1.074    C   23 1.022    O   24 0.071    N   17 0.063
    21  C   3.875    N   17 1.288    C    4 1.232    C   20 1.074    MG   1 0.056
    22  C   3.981    C   19 1.010    H   79 0.972    H   81 0.965    H   80 0.952
    23  C   3.872    O   24 1.815    C   20 1.022    C   25 0.939
    24  O   2.128    C   23 1.815    C   25 0.078    C   20 0.071    C   19 0.061
    25  C   3.980    H   83 0.974    H   82 0.967    H   84 0.962    C   23 0.939    O   24 0.078
    26  N   3.346    C   30 1.252    C   27 1.237    MG   1 0.399
    27  C   3.854    C    4 1.461    N   26 1.237    C   28 0.894    N   17 0.051
    28  C   3.937    C   31 0.989    C   29 0.953    H   85 0.946    C   27 0.894
    29  C   3.931    C   32 0.954    C   28 0.953    H   86 0.936    C   30 0.927
    30  C   3.828    C    5 1.375    N   26 1.252    C   29 0.927
    31  C   3.972    C   28 0.989    H   89 0.977    H   87 0.974    H   88 0.971
    32  C   3.952    C   33 0.998    H   91 0.965    H   90 0.959    C   29 0.954
    33  C   3.976    C   32 0.998    H   93 0.984    H   94 0.980    H   92 0.979
    34  N   3.293    C   35 1.183    C   38 1.173    MG   1 0.485    C   36 0.057    C   37 0.056
    35  C   3.863    C    5 1.316    N   34 1.183    C   36 1.110
    36  C   3.861    C   37 1.444    C   35 1.110    C   39 0.993    N   34 0.057
    37  C   3.931    C   36 1.444    C   38 1.189    C   40 1.008    O   41 0.066    N   34 0.056
    38  C   3.874    C    2 1.191    C   37 1.189    N   34 1.173    N    6 0.055    MG   1 0.053
    39  C   3.978    C   36 0.993    H   95 0.975    H   97 0.968    H   96 0.959
    40  C   3.894    O   41 1.910    C   37 1.008    C   42 0.826
    41  O   2.243    C   40 1.910    C   42 0.093    C   37 0.066
    42  C   3.940    C   43 0.945    C    2 0.943    H   98 0.928    C   40 0.826    O   41 0.093    O   44 0.066
    43  C   3.893    O   44 1.786    O   45 1.088    C   42 0.945
    44  O   2.103    C   43 1.786    O   45 0.166    C   42 0.066
    45  O   2.301    C   43 1.088    C   46 0.971    O   44 0.166
    46  C   3.942    H  100 0.988    H   99 0.985    H  101 0.981    O   45 0.971
    47  C   3.942    C   48 1.004    O   16 0.967    H  102 0.954    H  103 0.945
    48  C   3.950    C   49 1.874    C   47 1.004    H  104 0.939
    49  C   3.921    C   48 1.874    C   50 0.982    C   51 0.964
    50  C   3.982    C   49 0.982    H  106 0.977    H  105 0.975    H  107 0.967
    51  C   3.968    C   52 0.976    H  109 0.965    C   49 0.964    H  108 0.963
    52  C   3.957    H  111 0.977    C   51 0.976    H  110 0.968    C   53 0.967
    53  C   3.956    C   54 0.976    C   52 0.967    H  112 0.967    H  113 0.961
    54  C   3.943    C   56 0.984    C   53 0.976    C   55 0.975    H  114 0.949
    55  C   3.979    H  115 0.982    H  116 0.981    H  117 0.980    C   54 0.975
    56  C   3.960    C   54 0.984    C   57 0.975    H  118 0.965    H  119 0.951
    57  C   3.961    C   56 0.975    C   58 0.975    H  121 0.973    H  120 0.964
    58  C   3.962    C   59 0.985    C   57 0.975    H  122 0.962    H  123 0.956
    59  C   3.945    C   60 0.993    C   58 0.985    C   61 0.955    H  124 0.952
    60  C   3.983    C   59 0.993    H  125 0.981    H  127 0.980    H  126 0.975
    61  C   3.955    C   62 0.993    H  129 0.961    H  128 0.960    C   59 0.955
    62  C   3.964    C   61 0.993    H  131 0.969    H  130 0.966    C   63 0.966
    63  C   3.972    C   64 1.014    C   62 0.966    H  132 0.961    H  133 0.951
    64  C   3.954    C   63 1.014    C   66 0.995    C   65 0.960    H  134 0.950
    65  C   3.978    H  136 0.985    H  135 0.981    H  137 0.980    C   64 0.960
    66  C   3.980    C   64 0.995    H  140 0.979    H  138 0.976    H  139 0.972
    67  H   0.994    C    3 0.932
    68  H   0.993    C    4 0.935
    69  H   0.994    C    5 0.939
    70  H   0.993    C    8 0.939
    71  H   0.997    C    9 0.954
    72  H   0.998    C   11 0.982
    73  H   0.996    C   11 0.980
    74  H   0.995    C   11 0.977
    75  H   0.998    C   12 0.963
    76  H   0.995    C   12 0.942
    77  H   0.996    C   13 0.960
    78  H   0.998    C   13 0.966
    79  H   0.995    C   22 0.972
    80  H   0.992    C   22 0.952
    81  H   0.995    C   22 0.965
    82  H   0.997    C   25 0.967
    83  H   0.995    C   25 0.974
    84  H   0.997    C   25 0.962
    85  H   0.995    C   28 0.946
    86  H   0.995    C   29 0.936
    87  H   0.998    C   31 0.974
    88  H   0.996    C   31 0.971
    89  H   0.998    C   31 0.977
    90  H   0.998    C   32 0.959
    91  H   0.997    C   32 0.965
    92  H   0.999    C   33 0.979
    93  H   0.998    C   33 0.984
    94  H   0.996    C   33 0.980
    95  H   0.994    C   39 0.975
    96  H   0.991    C   39 0.959
    97  H   0.993    C   39 0.968
    98  H   0.992    C   42 0.928
    99  H   0.998    C   46 0.985
   100  H   0.997    C   46 0.988
   101  H   0.997    C   46 0.981
   102  H   0.996    C   47 0.954
   103  H   0.995    C   47 0.945
   104  H   1.000    C   48 0.939
   105  H   0.998    C   50 0.975
   106  H   0.999    C   50 0.977
   107  H   0.998    C   50 0.967
   108  H   0.998    C   51 0.963
   109  H   0.998    C   51 0.965
   110  H   0.999    C   52 0.968
   111  H   0.999    C   52 0.977
   112  H   0.998    C   53 0.967
   113  H   0.999    C   53 0.961
   114  H   0.999    C   54 0.949
   115  H   0.999    C   55 0.982
   116  H   0.998    C   55 0.981
   117  H   0.998    C   55 0.980
   118  H   0.998    C   56 0.965
   119  H   0.998    C   56 0.951
   120  H   0.999    C   57 0.964
   121  H   0.998    C   57 0.973
   122  H   0.997    C   58 0.962
   123  H   0.999    C   58 0.956
   124  H   0.999    C   59 0.952
   125  H   0.999    C   60 0.981
   126  H   0.998    C   60 0.975
   127  H   0.999    C   60 0.980
   128  H   0.999    C   61 0.960
   129  H   0.999    C   61 0.961
   130  H   0.998    C   62 0.966
   131  H   0.998    C   62 0.969
   132  H   0.998    C   63 0.961
   133  H   0.998    C   63 0.951
   134  H   0.999    C   64 0.950
   135  H   0.999    C   65 0.981
   136  H   0.998    C   65 0.985
   137  H   0.999    C   65 0.980
   138  H   0.998    C   66 0.976
   139  H   0.997    C   66 0.972
   140  H   1.000    C   66 0.979
 
 --------------------------------------------
          xTB calculation for sTDA...
 --------------------------------------------
 
 reading parameter file ~/.param_stda2.xtb
 
      method parameters     
 k(s)        :  1.6000
 k(p)        :  2.1800
 k(d)        :  1.9500
 k(f)        :  2.0000
 k(R-V)      :  2.2750
 k(R-R)      :  1.7650
 Tscal       :  0.2580
 Gscal       :  1.0000
 fpol        :  1.0000
 Zcnf        :  0.3430
 Zqf         :  0.0000
 kcn         :  2.7000
 Ryd Hsplit  :  0.7000
 lshift(virt):  3.1000
 lshift(OS)  :  0.2000
 wllscaling  :  2.6000
 
 mowrcut     : 3.000
 
  Z AO/shell   Hii/eV     exponent
  1     Sun Feb 14 09:53:25 CET 2016    EN: 2.327 GAM: 0.473  GM3: 0.0000
     1s    -14.339618    1.220000
     2sp    -3.348946    0.600000
  6     Sun Feb 14 09:53:25 CET 2016    EN: 2.731 GAM: 0.422  GM3: 0.0000
     2s    -22.009312    1.565095
     2p    -13.020408    1.596905
     3sp    -3.914040    0.824500
  7     Sun Feb 14 09:53:25 CET 2016    EN: 3.573 GAM: 0.504  GM3: 0.0000
     2s    -25.722000    2.064844
     2p    -18.684912    1.801692
     3sp    -4.344791    0.921400
  8     Sun Feb 14 09:53:25 CET 2016    EN: 3.700 GAM: 0.587  GM3: 0.0000
     2s    -33.859000    2.418661
     2p    -22.175911    1.973969
     3sp    -4.259392    1.013700
 12     Sun Feb 21 16:58:31 CET 2016    EN: 0.033 GAM: 0.222  GM3: 0.0000
     3s    -11.092543    1.647583
     3p     -6.929529    0.855020
 
 Nbf   :          894
 T(el) :     0.0
 calculating S/T integrals ...
 cpu time for ints    1.28256200000000     
 Nao   :          894
 making H0...
 making H1...
 cpu time for H      2.494799999999997E-002
 solving ...
 cpu time for diag   0.269169000000000     
 
 gap (eV)           :   4.659
 Koopmans IP (eV)   :  13.247
 Eel (Eh)           :  -301.692740

          eigenvalues
 #    :         164        165        166        167        168        169        170        171
 occ. :        2.000      2.000      2.000      2.000      2.000      2.000      2.000      2.000
 eps  :       -17.356    -17.350    -16.986    -16.289    -16.202    -16.090    -15.911    -15.695
 #    :         172        173        174        175        176        177        178        179
 occ. :        2.000      2.000      2.000      2.000      2.000      0.000      0.000      0.000
 eps  :       -15.462    -15.444    -15.184    -14.010    -13.248     -8.589     -6.860     -6.695
 #    :         180        181        182        183        184        185        186        187
 occ. :        0.000      0.000      0.000      0.000      0.000      0.000      0.000      0.000
 eps  :        -6.444     -6.047     -6.013     -5.852     -5.397     -5.274     -5.142     -5.105
                            1  SCC done.
 writing mo output ...
 molden style : F
 
speedup  1.21
cpu  time for all    2.08 s
wall time for all    1.71 s
