cpu-bind=MASK - bp1-compute067, task 4294967295 4294967295 [0]: mask 0xffffffffffff set
Host:    bp1-compute067.data.bp.acrc.priv
Time:    Wed May  4 07:53:46 BST 2022
Dir:     /user/home/of15641/chlorophyll_parameterization/tddft_data/step_151_chromophore_16
Job ID:  1692153
Nodelist:
cat: bp1-compute067: No such file or directory
  
Result dir: /user/home/of15641/chlorophyll_parameterization/tddft_data/step_151_chromophore_16
running gaussian jobs
Running time g16 < CAMB3LYP_step_151_chromophore_16.com > CAMB3LYP_step_151_chromophore_16.log

real	22m30.394s
user	529m7.074s
sys	0m47.591s
Running time g16 < PBE0_step_151_chromophore_16.com > PBE0_step_151_chromophore_16.log

real	19m56.012s
user	475m45.718s
sys	0m44.349s
Running time g16 < wB97XD_step_151_chromophore_16.com > wB97XD_step_151_chromophore_16.log

real	24m17.792s
user	571m20.392s
sys	0m52.863s
Running time g16 < BLYP_step_151_chromophore_16.com > BLYP_step_151_chromophore_16.log

real	11m43.110s
user	279m21.903s
sys	0m28.942s
Running time g16 < ZINDO_step_151_chromophore_16.com > ZINDO_step_151_chromophore_16.log

real	0m6.614s
user	2m23.968s
sys	0m2.505s
