cpu-bind=MASK - bp1-compute197, task 4294967295 4294967295 [0]: mask 0x1fffffe01fffffe0 set
Host:    bp1-compute197.data.bp.acrc.priv
Time:    Thu May  5 06:08:16 BST 2022
Dir:     /user/home/of15641/chlorophyll_parameterization/tddft_data/step_701_chromophore_8
Job ID:  1692379
Nodelist:
cat: bp1-compute197: No such file or directory
  
Result dir: /user/home/of15641/chlorophyll_parameterization/tddft_data/step_701_chromophore_8
running gaussian jobs
Running time g16 < CAMB3LYP_step_701_chromophore_8.com > CAMB3LYP_step_701_chromophore_8.log

real	41m6.384s
user	974m0.805s
sys	0m55.553s
Running time g16 < PBE0_step_701_chromophore_8.com > PBE0_step_701_chromophore_8.log

real	36m18.001s
user	867m25.069s
sys	1m0.995s
Running time g16 < wB97XD_step_701_chromophore_8.com > wB97XD_step_701_chromophore_8.log

real	42m28.461s
user	1006m43.332s
sys	1m4.505s
Running time g16 < BLYP_step_701_chromophore_8.com > BLYP_step_701_chromophore_8.log

real	22m48.483s
user	544m49.425s
sys	0m34.260s
Running time g16 < ZINDO_step_701_chromophore_8.com > ZINDO_step_701_chromophore_8.log

real	0m8.147s
user	3m0.680s
sys	0m2.566s
