 
        ______________________________________
       |                                      |
       |          ===================         |
       |             xTB for sTDA             |
       |          ===================         |
       |               S. Grimme              |
       |        Universitaet Bonn, MCTC       |
       |         2015-19, Version 1.0         |
       |     Wed Apr  3 09:14:55 CEST 2019    |
       |______________________________________|
 
        This code comes without any warranty
        for non-commercial, academia use only.
        Preliminary test version.
        Cite this work as:
        S. Grimme  &  C. Bannwarth, JCP 145 (2016) 054103
        if GBSA is used additionally:
        P. Shushkov, F. März, C. Bannwarth, S. Grimme, unpublished.
 
        with help from
        P. Shushkov, G. Brandenburg, S. Dohm, J. Pisarek,
        F. März, M. Checinski, S. Ehrlich, S. Spicher, 
        P. Pracht, E. Caldeweyher, S. Ehlert, and C. Bannwarth.
 
        usage        :
        xtb4stda <coord_file> [options]
        where <coord_file> is a valid file of TM)
        (*coord, Bohr) or xmol (*xyz, Angstroem)
        format.

        options:
        -chrg <int>   : molecular charge
        -uhf  <int>   : # of unpaired electrons(=2*S)
        -nox          : skip second, extended part in sTDA-xTB
        -pop          : do population analysis
                      : (default for -nox)
        -mowr <real>  : cut MO write above (def.3 Eh)
        -molden       : write formatted molden file
        -parx <file>  : read parameters for sTDA-xTB
                        calc (def:~/.param_stda2.xtb)
        -parv <file>  : read parameters for vTB part in
                        sTDA-xTB (def: ~/.param_stda1.xtb)
        -xtemp <real> : el. temp for xTB (def. 0 K)
        -etemp <real> : el. temp for GFN (def. 300 K)
        -fod          : calculate the FOD and write
                        molden.input file with
                        appropriate occupations
                        for plotting. Def. T=12500 K
 
        -acc <real>   : xTB accuracy (def. 1.0)
        -gbsa [string1] [string2]
                        use GBSA implicit solvent
                        for solvent [string1] and
                        solvation state [string2]=
                        reference, bar1M (default=1M)
        additional GFN/opt/MD/siman options read from
        $XTB4STDAHOME/.xtb4stdarc or $set in input
 
       spin and charge state information can be on:
       <.CHRG> (charge) and <.UHF> (=nalpha-nbeta)
       -uhf and -chrg override the file info.
       useful machine settings:
       setenv MKL_NUM_THREADS <NCORE_ON_YOUR_MACHINE>
       setenv OMP_STACKSIZE 500m
       limit stacksize unlimited
 
       total energies in Eh, gaps/HL energies in eV
       please read REVISION and HOWTO files carefully
 =============================
  # OMP threads =           4
 =============================
 
 xtb4stdahome directory:~/
 
 
 name of molecule           :
 comment line               :
 number of atoms            :   140
 number of electrons        :   352
 charge                     :  0
 spin                       : 0.0
 first test random number   :  0.7893
 
 -----------------------------------------
      charge density (VTB) calculation
 -----------------------------------------
 
      method parameters     
 k(s)        :  1.8000
 k(p)        :  2.8350
 k(d)        :  2.0860
 k(f)        :  2.0000
 Tscal       :  0.3300
 Gscal       :  0.3910
 fpol        :  1.0000
 Zcnf        :  0.6500
 Zqf         :  0.0000
 kcn         :  0.3000
 kEN1        : -0.5900
 wllscal     :  2.6000
 
     -------------------------
     ! NO SOLVENT MODEL USED !
     -------------------------
 
 doing EN charges ...
 sum q :  0.1110223D-15
 point charge moment (au)
     X       Y       Z   
  -0.4518   0.4549   0.5380  total (Debye):    2.127
 
            Z      q(EN)   CN      Cart. coordinates
     1  MG  2.0   0.905   4.732    -0.38361    82.14072    46.72914
     2  C   4.0   0.026   3.264     3.75866    81.44908    51.94857
     3  C   4.0  -0.059   3.152    -5.24588    80.74043    50.70324
     4  C   4.0  -0.059   3.131    -4.17440    82.34292    41.50783
     5  C   4.0  -0.057   3.119     5.00777    82.64716    42.69647
     6  N   5.0  -0.389   3.137    -0.73510    81.26766    50.78072
     7  C   4.0   0.104   3.415     1.17919    81.34325    52.46068
     8  C   4.0  -0.097   4.213     0.11338    81.00499    55.17622
     9  C   4.0  -0.092   4.117    -2.71743    80.53823    54.90221
    10  C   4.0   0.102   3.407    -2.94797    81.14672    52.02416
    11  C   4.0  -0.236   4.018    -3.56591    77.84159    55.85085
    12  C   4.0  -0.163   4.066     0.73888    83.21408    56.98469
    13  C   4.0  -0.168   4.043     0.80880    82.69630    59.87975
    14  C   4.0   0.165   3.072     0.62172    80.00911    60.93610
    15  O   6.0  -0.098   1.041     2.35082    78.48032    60.67721
    16  O   6.0  -0.107   2.041    -1.67997    79.70864    62.23812
    17  N   5.0  -0.432   3.190    -4.14417    81.43774    46.19435
    18  C   4.0   0.078   3.379    -5.86004    80.94263    48.07463
    19  C   4.0   0.013   3.201    -8.45274    80.75744    46.90111
    20  C   4.0   0.002   3.247    -8.03323    81.01822    44.25360
    21  C   4.0   0.061   3.354    -5.38005    81.76466    43.83597
    22  C   4.0  -0.249   4.028   -10.59569    79.85793    48.47147
    23  C   4.0   0.106   3.055    -9.86059    80.38138    42.09365
    24  O   6.0  -0.096   1.074    -9.21430    80.57980    39.84109
    25  C   4.0  -0.253   4.053   -12.44951    79.68218    42.49994
    26  N   5.0  -0.367   3.108     0.34960    82.26733    42.69269
    27  C   4.0   0.085   3.385    -1.52501    82.46953    40.89745
    28  C   4.0  -0.092   4.094    -0.58204    82.60937    38.04963
    29  C   4.0  -0.097   4.176     2.27334    83.01566    38.61466
    30  C   4.0   0.087   3.321     2.64184    82.72275    41.50216
    31  C   4.0  -0.238   4.053    -1.26990    80.10548    36.86477
    32  C   4.0  -0.162   4.042     3.46576    85.37404    37.45059
    33  C   4.0  -0.238   4.010     3.07458    87.86659    38.94725
    34  N   5.0  -0.429   3.215     3.53190    82.13505    47.19591
    35  C   4.0   0.070   3.476     5.47076    82.52811    45.46114
    36  C   4.0   0.018   3.255     7.87071    82.42418    46.71214
    37  C   4.0   0.000   3.452     7.27167    82.05946    49.26138
    38  C   4.0   0.082   3.737     4.60148    81.84025    49.45035
    39  C   4.0  -0.247   4.025    10.41806    82.79834    45.52917
    40  C   4.0   0.130   3.186     8.39416    81.44530    51.60842
    41  O   6.0  -0.120   1.049    10.53144    81.19019    52.20368
    42  C   4.0  -0.118   4.240     6.01689    81.10515    53.48869
    43  C   4.0   0.185   3.111     6.44963    78.73354    55.06472
    44  O   6.0  -0.107   1.040     6.40239    76.57736    54.32395
    45  O   6.0  -0.111   2.027     6.89372    79.52534    57.51003
    46  C   4.0  -0.200   4.016     7.98409    77.61482    59.26936
    47  C   4.0  -0.138   4.055    -2.15240    77.15940    63.27369
    48  C   4.0  -0.053   3.101    -4.62605    77.32759    64.58516
    49  C   4.0   0.019   3.069    -5.18730    78.06080    66.96244
    50  C   4.0  -0.249   4.036    -3.47710    78.93007    69.12051
    51  C   4.0  -0.175   4.093    -7.82347    77.36349    67.97155
    52  C   4.0  -0.163   4.056    -9.62626    79.67652    68.37784
    53  C   4.0  -0.165   4.091   -12.01488    79.44597    66.86795
    54  C   4.0  -0.091   4.084   -14.32601    79.95242    68.42509
    55  C   4.0  -0.240   4.073   -14.90427    82.78322    68.73311
    56  C   4.0  -0.165   4.093   -16.76376    78.80724    67.38574
    57  C   4.0  -0.162   4.022   -17.03966    75.94809    68.24934
    58  C   4.0  -0.164   4.056   -19.84779    75.35849    69.06003
    59  C   4.0  -0.088   4.035   -20.30700    74.47410    71.87195
    60  C   4.0  -0.238   4.027   -20.56967    71.51479    71.96454
    61  C   4.0  -0.165   4.081   -22.57467    75.83470    73.05303
    62  C   4.0  -0.165   4.059   -22.38191    78.65417    73.22877
    63  C   4.0  -0.165   4.085   -25.07855    79.93163    72.84516
    64  C   4.0  -0.087   4.021   -24.88202    82.35615    71.39385
    65  C   4.0  -0.238   4.021   -27.48039    83.91706    71.55447
    66  C   4.0  -0.239   4.048   -24.26030    81.75710    68.58760
    67  H   1.0   0.071   1.006    -6.85404    80.22265    51.88810
    68  H   1.0   0.071   1.005    -5.37249    82.51299    39.83542
    69  H   1.0   0.070   1.003     6.75199    82.39772    41.62310
    70  H   1.0   0.087   1.011     0.97888    79.33259    56.00959
    71  H   1.0   0.084   1.009    -3.62260    82.05946    55.95856
    72  H   1.0   0.080   0.997    -3.54135    76.30335    54.48269
    73  H   1.0   0.080   0.998    -5.50477    77.94175    56.54249
    74  H   1.0   0.081   0.999    -2.17507    77.07436    57.16232
    75  H   1.0   0.082   1.003    -0.49889    84.80145    56.54816
    76  H   1.0   0.083   1.005     2.57759    83.90572    56.36675
    77  H   1.0   0.082   1.008    -0.81069    83.86982    60.36919
    78  H   1.0   0.082   1.004     2.60026    83.45408    60.55816
    79  H   1.0   0.081   1.001   -11.56512    81.55679    49.11209
    80  H   1.0   0.080   1.000    -9.89272    78.62016    49.96057
    81  H   1.0   0.081   1.002   -11.72953    78.65606    47.24126
    82  H   1.0   0.080   1.000   -12.65172    77.76978    43.23882
    83  H   1.0   0.081   1.002   -13.46430    79.90706    40.72170
    84  H   1.0   0.081   1.002   -13.22997    80.95775    43.91723
    85  H   1.0   0.083   1.006    -1.56847    84.25154    37.28996
    86  H   1.0   0.085   1.011     3.38639    81.49443    37.78318
    87  H   1.0   0.081   0.999    -0.74455    78.51622    38.06475
    88  H   1.0   0.080   1.000    -0.20976    80.00911    35.09977
    89  H   1.0   0.081   0.999    -3.30891    80.01478    36.58887
    90  H   1.0   0.082   1.005     2.59837    85.79923    35.63078
    91  H   1.0   0.081   1.002     5.44052    84.99042    37.00650
    92  H   1.0   0.080   0.998     4.82825    88.46563    39.84487
    93  H   1.0   0.081   1.001     1.71020    87.43951    40.43069
    94  H   1.0   0.080   0.997     2.20909    89.31412    37.76428
    95  H   1.0   0.080   0.997    10.69396    82.10670    43.60921
    96  H   1.0   0.081   1.002    11.68795    81.65317    46.67623
    97  H   1.0   0.080   1.001    10.84136    84.79578    45.80129
    98  H   1.0   0.086   1.012     6.08492    82.71708    54.76993
    99  H   1.0   0.081   0.996     6.75199    75.98021    59.48668
   100  H   1.0   0.080   0.995     8.24676    78.45953    61.13074
   101  H   1.0   0.080   0.996     9.78689    76.97232    58.50403
   102  H   1.0   0.082   1.002    -0.65007    76.69831    64.60406
   103  H   1.0   0.082   1.001    -2.24121    75.88195    61.66176
   104  H   1.0   0.071   1.007    -6.20397    76.33359    63.71022
   105  H   1.0   0.080   0.998    -4.01378    80.75555    69.91041
   106  H   1.0   0.080   0.998    -1.52879    79.32314    68.58004
   107  H   1.0   0.080   0.997    -3.49410    77.74522    70.80614
   108  H   1.0   0.082   1.005    -7.58914    76.56603    69.85750
   109  H   1.0   0.082   1.004    -8.46786    75.83092    66.75646
   110  H   1.0   0.082   1.005    -8.51322    81.30168    67.77502
   111  H   1.0   0.082   1.004   -10.13649    79.98643    70.34883
   112  H   1.0   0.083   1.004   -12.29078    77.69041    65.82860
   113  H   1.0   0.083   1.007   -12.14338    80.85759    65.37507
   114  H   1.0   0.084   1.011   -14.19751    79.25511    70.35828
   115  H   1.0   0.081   0.998   -15.79811    83.63927    67.08527
   116  H   1.0   0.081   0.999   -13.15249    83.86226    68.84461
   117  H   1.0   0.081   0.998   -16.15716    83.18763    70.31670
   118  H   1.0   0.082   1.002   -16.76376    78.98488    65.33350
   119  H   1.0   0.084   1.009   -18.18483    79.88816    68.41375
   120  H   1.0   0.082   1.003   -15.83023    75.53424    69.86317
   121  H   1.0   0.081   1.001   -16.43684    74.81992    66.63363
   122  H   1.0   0.082   1.003   -20.55266    73.87128    67.82037
   123  H   1.0   0.083   1.004   -21.18950    76.88539    68.72933
   124  H   1.0   0.083   1.008   -18.65348    75.01078    72.97555
   125  H   1.0   0.080   0.997   -21.17060    70.83071    73.81081
   126  H   1.0   0.080   0.999   -18.69128    70.77024    71.56770
   127  H   1.0   0.080   0.998   -21.90192    70.85338    70.53780
   128  H   1.0   0.083   1.013   -22.64459    75.52290    75.08826
   129  H   1.0   0.083   1.004   -24.27542    75.10338    72.14974
   130  H   1.0   0.083   1.004   -21.07611    79.41762    71.83037
   131  H   1.0   0.082   1.004   -21.68838    79.05857    75.12606
   132  H   1.0   0.082   1.002   -25.94216    80.12627    74.70465
   133  H   1.0   0.083   1.004   -26.26908    78.55213    71.88518
   134  H   1.0   0.082   1.007   -23.31355    83.42384    72.19698
   135  H   1.0   0.080   0.998   -28.73139    83.14227    70.11450
   136  H   1.0   0.079   0.996   -27.32166    85.94096    71.20109
   137  H   1.0   0.080   0.997   -28.30620    83.75265    73.43286
   138  H   1.0   0.081   0.998   -24.27920    79.75021    68.12273
   139  H   1.0   0.081   1.000   -22.37247    82.52433    68.28525
   140  H   1.0   0.081   0.999   -25.41303    82.95330    67.37062
 
  Z AO/shell   Hii/eV     exponent
  1     Sat Feb 20 21:38:01 CET 2016    EN: 2.327 GAM: 0.473  GM3: 0.0000
     1s    -13.751157    1.051071
  6     Sat Feb 20 21:38:01 CET 2016    EN: 2.731 GAM: 0.422  GM3: 0.0000
     2s    -19.378245    2.021003
     2p    -11.993376    1.497917
  7     Sat Feb 20 21:38:01 CET 2016    EN: 3.573 GAM: 0.504  GM3: 0.0000
     2s    -21.576984    2.275442
     2p    -16.125120    2.056788
  8     Sat Feb 20 21:38:01 CET 2016    EN: 3.700 GAM: 0.587  GM3: 0.0000
     2s    -21.648843    2.110798
     2p    -17.239740    2.329048
 12     Sat Feb 20 23:25:47 CET 2016    EN: 0.033 GAM: 0.222  GM3: 0.0000
     3s    -12.693633    1.302878
     3p     -8.128821    0.504252
 
 dipole moment of classical point charges (au)
     X       Y       Z   
  -0.4518   0.4549   0.5380  total (Debye):    2.127

 
 Nbf   :          338
 T(el) :   300.0
 calculating S/T integrals ...
 cpu time for ints   0.153152000000000     
 Nao   :          338
 making H0...
 making H1...
 cpu time for H      5.867000000000011E-003
 solving ...
 cpu time for diag   6.980300000000000E-002
 
 gap (eV)           :   1.366
 Koopmans IP (eV)   :  12.204
 Eel (Eh)           :  -268.436914
 T,E(Fermi),NFOD :    300.000   -11.521  0.000000
 T,E(Fermi),NFOD :    300.000   -11.521  0.000000
 Nfod               :  0.0000
 Nfod/Nel           :  0.0000

          eigenvalues
 #    :         164        165        166        167        168        169        170        171
 occ. :        2.000      2.000      2.000      2.000      2.000      2.000      2.000      2.000
 eps  :       -16.305    -16.168    -16.063    -15.991    -15.793    -15.326    -15.132    -15.109
 #    :         172        173        174        175        176        177        178        179
 occ. :        2.000      2.000      2.000      2.000      2.000      0.000      0.000      0.000
 eps  :       -15.020    -14.815    -14.662    -13.177    -12.205    -10.839     -9.697     -8.774
 #    :         180        181        182        183        184        185        186        187
 occ. :        0.000      0.000      0.000      0.000      0.000      0.000      0.000      0.000
 eps  :        -8.308     -8.071     -7.802     -7.660     -7.360     -7.281     -7.051     -6.958
                            1  SCC done.
 making H1...
 cpu time for H      8.359000000000000E-002
 solving ...
 cpu time for diag   3.178900000000001E-002
 
 gap (eV)           :   1.566
 Koopmans IP (eV)   :  11.960
 Eel (Eh)           :  -265.287638
 T,E(Fermi),NFOD :    300.000   -11.177  0.000000
 T,E(Fermi),NFOD :    300.000   -11.177  0.000000
 Nfod               :  0.0000
 Nfod/Nel           :  0.0000

          eigenvalues
 #    :         164        165        166        167        168        169        170        171
 occ. :        2.000      2.000      2.000      2.000      2.000      2.000      2.000      2.000
 eps  :       -15.155    -15.133    -14.997    -14.949    -14.731    -14.555    -14.425    -14.156
 #    :         172        173        174        175        176        177        178        179
 occ. :        2.000      2.000      2.000      2.000      2.000      0.000      0.000      0.000
 eps  :       -13.984    -13.898    -13.807    -12.525    -11.961    -10.395     -8.965     -8.510
 #    :         180        181        182        183        184        185        186        187
 occ. :        0.000      0.000      0.000      0.000      0.000      0.000      0.000      0.000
 eps  :        -8.104     -7.828     -7.688     -7.646     -7.056     -6.973     -6.926     -6.714
                            2  SCC done.
 
 
 Mulliken/CM5 charges    n(s)   n(p)   n(d)   
    1 MG  0.2871  0.7450   0.675  1.038  0.000
    2 C   0.0195  0.0211   1.166  2.814  0.000
    3 C  -0.0545 -0.0961   1.134  2.921  0.000
    4 C  -0.0222 -0.0642   1.133  2.889  0.000
    5 C  -0.0290 -0.0711   1.137  2.892  0.000
    6 N  -0.1602 -0.4209   1.419  3.741  0.000
    7 C   0.0467  0.1116   1.223  2.730  0.000
    8 C  -0.0412 -0.0963   1.199  2.842  0.000
    9 C  -0.0213 -0.0784   1.203  2.819  0.000
   10 C   0.0165  0.0792   1.249  2.735  0.000
   11 C  -0.0957 -0.2435   1.107  2.989  0.000
   12 C  -0.0635 -0.1728   1.160  2.903  0.000
   13 C  -0.0561 -0.1556   1.143  2.913  0.000
   14 C   0.2129  0.2594   1.195  2.592  0.000
   15 O  -0.2491 -0.3008   1.630  4.619  0.000
   16 O  -0.1740 -0.2486   1.502  4.672  0.000
   17 N  -0.2052 -0.4869   1.380  3.825  0.000
   18 C   0.0035  0.0635   1.213  2.783  0.000
   19 C  -0.0582 -0.0656   1.235  2.823  0.000
   20 C  -0.0541 -0.0488   1.210  2.845  0.000
   21 C   0.0181  0.0726   1.214  2.768  0.000
   22 C  -0.0639 -0.2090   1.079  2.985  0.000
   23 C   0.1410  0.1611   1.205  2.654  0.000
   24 O  -0.2618 -0.3156   1.626  4.636  0.000
   25 C  -0.0737 -0.2155   1.084  2.989  0.000
   26 N  -0.1363 -0.3894   1.426  3.711  0.000
   27 C   0.0002  0.0554   1.272  2.728  0.000
   28 C   0.0023 -0.0577   1.197  2.800  0.000
   29 C  -0.0163 -0.0722   1.195  2.821  0.000
   30 C   0.0408  0.0958   1.229  2.730  0.000
   31 C  -0.0709 -0.2184   1.098  2.973  0.000
   32 C  -0.0544 -0.1650   1.146  2.909  0.000
   33 C  -0.0964 -0.2470   1.096  3.000  0.000
   34 N  -0.2038 -0.4860   1.388  3.816  0.000
   35 C   0.0218  0.0804   1.213  2.766  0.000
   36 C   0.0128  0.0073   1.204  2.784  0.000
   37 C  -0.0701 -0.0623   1.174  2.896  0.000
   38 C   0.0338  0.1064   1.191  2.775  0.000
   39 C  -0.0664 -0.2102   1.077  2.989  0.000
   40 C   0.1711  0.2074   1.178  2.651  0.000
   41 O  -0.2186 -0.2654   1.620  4.598  0.000
   42 C  -0.0617 -0.1047   1.203  2.859  0.000
   43 C   0.2317  0.2870   1.179  2.590  0.000
   44 O  -0.2502 -0.2949   1.625  4.625  0.000
   45 O  -0.1577 -0.2388   1.494  4.664  0.000
   46 C   0.0140 -0.1101   1.098  2.888  0.000
   47 C   0.0565 -0.0236   1.136  2.808  0.000
   48 C  -0.0628 -0.1187   1.153  2.910  0.000
   49 C  -0.0113 -0.0347   1.221  2.790  0.000
   50 C  -0.0990 -0.2447   1.083  3.016  0.000
   51 C  -0.0702 -0.1767   1.149  2.921  0.000
   52 C  -0.0496 -0.1599   1.147  2.902  0.000
   53 C  -0.0589 -0.1695   1.137  2.922  0.000
   54 C  -0.0245 -0.1016   1.194  2.831  0.000
   55 C  -0.1149 -0.2673   1.109  3.006  0.000
   56 C  -0.0722 -0.1835   1.162  2.911  0.000
   57 C  -0.0651 -0.1759   1.162  2.903  0.000
   58 C  -0.0854 -0.1954   1.163  2.922  0.000
   59 C  -0.0294 -0.1030   1.210  2.820  0.000
   60 C  -0.0954 -0.2451   1.105  2.990  0.000
   61 C  -0.0645 -0.1766   1.142  2.922  0.000
   62 C  -0.0646 -0.1794   1.152  2.913  0.000
   63 C  -0.0725 -0.1833   1.155  2.918  0.000
   64 C  -0.0138 -0.0881   1.198  2.816  0.000
   65 C  -0.1060 -0.2553   1.110  2.996  0.000
   66 C  -0.1063 -0.2573   1.105  3.001  0.000
   67 H   0.0489  0.1079   0.951  0.000  0.000
   68 H   0.0617  0.1264   0.938  0.000  0.000
   69 H   0.0547  0.1124   0.945  0.000  0.000
   70 H   0.0443  0.1130   0.956  0.000  0.000
   71 H   0.0514  0.1131   0.949  0.000  0.000
   72 H   0.0350  0.0868   0.965  0.000  0.000
   73 H   0.0377  0.0894   0.962  0.000  0.000
   74 H   0.0481  0.1030   0.952  0.000  0.000
   75 H   0.0365  0.0930   0.964  0.000  0.000
   76 H   0.0366  0.0957   0.963  0.000  0.000
   77 H   0.0406  0.1016   0.959  0.000  0.000
   78 H   0.0550  0.1141   0.945  0.000  0.000
   79 H   0.0584  0.1115   0.942  0.000  0.000
   80 H   0.0575  0.1112   0.943  0.000  0.000
   81 H   0.0488  0.1033   0.951  0.000  0.000
   82 H   0.0541  0.1078   0.946  0.000  0.000
   83 H   0.0535  0.1116   0.946  0.000  0.000
   84 H   0.0442  0.0993   0.956  0.000  0.000
   85 H   0.0588  0.1187   0.941  0.000  0.000
   86 H   0.0482  0.1107   0.952  0.000  0.000
   87 H   0.0421  0.0962   0.958  0.000  0.000
   88 H   0.0364  0.0892   0.964  0.000  0.000
   89 H   0.0479  0.1011   0.952  0.000  0.000
   90 H   0.0301  0.0864   0.970  0.000  0.000
   91 H   0.0396  0.0945   0.960  0.000  0.000
   92 H   0.0336  0.0852   0.966  0.000  0.000
   93 H   0.0348  0.0907   0.965  0.000  0.000
   94 H   0.0364  0.0876   0.964  0.000  0.000
   95 H   0.0514  0.1032   0.949  0.000  0.000
   96 H   0.0454  0.1000   0.955  0.000  0.000
   97 H   0.0528  0.1059   0.947  0.000  0.000
   98 H   0.0509  0.1211   0.949  0.000  0.000
   99 H   0.0536  0.1151   0.946  0.000  0.000
  100 H   0.0516  0.1099   0.948  0.000  0.000
  101 H   0.0502  0.1102   0.950  0.000  0.000
  102 H   0.0573  0.1226   0.943  0.000  0.000
  103 H   0.0631  0.1282   0.937  0.000  0.000
  104 H   0.0415  0.0999   0.958  0.000  0.000
  105 H   0.0357  0.0876   0.964  0.000  0.000
  106 H   0.0353  0.0876   0.965  0.000  0.000
  107 H   0.0471  0.0988   0.953  0.000  0.000
  108 H   0.0359  0.0928   0.964  0.000  0.000
  109 H   0.0430  0.0999   0.957  0.000  0.000
  110 H   0.0342  0.0916   0.966  0.000  0.000
  111 H   0.0419  0.0987   0.958  0.000  0.000
  112 H   0.0396  0.0972   0.960  0.000  0.000
  113 H   0.0281  0.0861   0.972  0.000  0.000
  114 H   0.0290  0.0905   0.971  0.000  0.000
  115 H   0.0209  0.0732   0.979  0.000  0.000
  116 H   0.0278  0.0806   0.972  0.000  0.000
  117 H   0.0349  0.0867   0.965  0.000  0.000
  118 H   0.0343  0.0903   0.966  0.000  0.000
  119 H   0.0430  0.1027   0.957  0.000  0.000
  120 H   0.0363  0.0930   0.964  0.000  0.000
  121 H   0.0361  0.0908   0.964  0.000  0.000
  122 H   0.0272  0.0834   0.973  0.000  0.000
  123 H   0.0407  0.0991   0.959  0.000  0.000
  124 H   0.0256  0.0854   0.974  0.000  0.000
  125 H   0.0351  0.0867   0.965  0.000  0.000
  126 H   0.0357  0.0880   0.964  0.000  0.000
  127 H   0.0319  0.0839   0.968  0.000  0.000
  128 H   0.0374  0.0955   0.963  0.000  0.000
  129 H   0.0299  0.0869   0.970  0.000  0.000
  130 H   0.0295  0.0883   0.971  0.000  0.000
  131 H   0.0366  0.0922   0.963  0.000  0.000
  132 H   0.0306  0.0861   0.969  0.000  0.000
  133 H   0.0275  0.0849   0.973  0.000  0.000
  134 H   0.0347  0.0936   0.965  0.000  0.000
  135 H   0.0309  0.0835   0.969  0.000  0.000
  136 H   0.0344  0.0851   0.966  0.000  0.000
  137 H   0.0329  0.0847   0.967  0.000  0.000
  138 H   0.0427  0.0956   0.957  0.000  0.000
  139 H   0.0298  0.0822   0.970  0.000  0.000
  140 H   0.0342  0.0869   0.966  0.000  0.000
 Hirshfeld charges for QMDFF written to <charges>
 
 Loewdin charges    n(s)   n(p)   n(d)
    1 MG  0.1257   0.687  1.188  0.000
    2 C   0.0231   1.123  2.853  0.000
    3 C  -0.0513   1.082  2.970  0.000
    4 C  -0.0200   1.081  2.939  0.000
    5 C  -0.0263   1.086  2.940  0.000
    6 N  -0.1229   1.374  3.749  0.000
    7 C   0.0462   1.188  2.766  0.000
    8 C  -0.0351   1.152  2.883  0.000
    9 C  -0.0128   1.155  2.858  0.000
   10 C   0.0185   1.213  2.769  0.000
   11 C  -0.0984   1.036  3.062  0.000
   12 C  -0.0593   1.102  2.957  0.000
   13 C  -0.0569   1.085  2.972  0.000
   14 C   0.1939   1.169  2.637  0.000
   15 O  -0.2353   1.601  4.634  0.000
   16 O  -0.1438   1.471  4.673  0.000
   17 N  -0.1720   1.338  3.834  0.000
   18 C   0.0062   1.176  2.818  0.000
   19 C  -0.0468   1.194  2.853  0.000
   20 C  -0.0617   1.174  2.888  0.000
   21 C   0.0251   1.175  2.800  0.000
   22 C  -0.0649   1.004  3.061  0.000
   23 C   0.1424   1.167  2.691  0.000
   24 O  -0.2486   1.597  4.651  0.000
   25 C  -0.0792   1.010  3.069  0.000
   26 N  -0.1028   1.383  3.719  0.000
   27 C   0.0059   1.237  2.757  0.000
   28 C   0.0130   1.149  2.838  0.000
   29 C  -0.0092   1.148  2.862  0.000
   30 C   0.0447   1.192  2.763  0.000
   31 C  -0.0716   1.025  3.047  0.000
   32 C  -0.0494   1.087  2.963  0.000
   33 C  -0.0977   1.024  3.074  0.000
   34 N  -0.1700   1.345  3.825  0.000
   35 C   0.0209   1.177  2.802  0.000
   36 C   0.0208   1.162  2.817  0.000
   37 C  -0.0783   1.136  2.942  0.000
   38 C   0.0364   1.152  2.812  0.000
   39 C  -0.0658   1.002  3.064  0.000
   40 C   0.1609   1.144  2.695  0.000
   41 O  -0.1989   1.585  4.614  0.000
   42 C  -0.0651   1.156  2.909  0.000
   43 C   0.2068   1.154  2.640  0.000
   44 O  -0.2347   1.594  4.641  0.000
   45 O  -0.1251   1.461  4.664  0.000
   46 C   0.0084   1.028  2.964  0.000
   47 C   0.0568   1.076  2.867  0.000
   48 C  -0.0624   1.104  2.958  0.000
   49 C   0.0001   1.180  2.820  0.000
   50 C  -0.1032   1.010  3.093  0.000
   51 C  -0.0688   1.091  2.978  0.000
   52 C  -0.0446   1.088  2.957  0.000
   53 C  -0.0566   1.077  2.979  0.000
   54 C  -0.0142   1.145  2.869  0.000
   55 C  -0.1199   1.039  3.080  0.000
   56 C  -0.0698   1.105  2.965  0.000
   57 C  -0.0600   1.104  2.956  0.000
   58 C  -0.0849   1.107  2.978  0.000
   59 C  -0.0191   1.163  2.856  0.000
   60 C  -0.0975   1.034  3.064  0.000
   61 C  -0.0620   1.084  2.978  0.000
   62 C  -0.0607   1.094  2.967  0.000
   63 C  -0.0704   1.097  2.973  0.000
   64 C  -0.0010   1.149  2.852  0.000
   65 C  -0.1093   1.039  3.070  0.000
   66 C  -0.1113   1.035  3.076  0.000
   67 H   0.0446   0.955  0.000  0.000
   68 H   0.0548   0.945  0.000  0.000
   69 H   0.0494   0.951  0.000  0.000
   70 H   0.0382   0.962  0.000  0.000
   71 H   0.0454   0.955  0.000  0.000
   72 H   0.0353   0.965  0.000  0.000
   73 H   0.0373   0.963  0.000  0.000
   74 H   0.0480   0.952  0.000  0.000
   75 H   0.0345   0.965  0.000  0.000
   76 H   0.0345   0.965  0.000  0.000
   77 H   0.0371   0.963  0.000  0.000
   78 H   0.0504   0.950  0.000  0.000
   79 H   0.0559   0.944  0.000  0.000
   80 H   0.0560   0.944  0.000  0.000
   81 H   0.0480   0.952  0.000  0.000
   82 H   0.0538   0.946  0.000  0.000
   83 H   0.0505   0.950  0.000  0.000
   84 H   0.0443   0.956  0.000  0.000
   85 H   0.0514   0.949  0.000  0.000
   86 H   0.0423   0.958  0.000  0.000
   87 H   0.0412   0.959  0.000  0.000
   88 H   0.0359   0.964  0.000  0.000
   89 H   0.0464   0.954  0.000  0.000
   90 H   0.0284   0.972  0.000  0.000
   91 H   0.0367   0.963  0.000  0.000
   92 H   0.0332   0.967  0.000  0.000
   93 H   0.0367   0.963  0.000  0.000
   94 H   0.0363   0.964  0.000  0.000
   95 H   0.0503   0.950  0.000  0.000
   96 H   0.0436   0.956  0.000  0.000
   97 H   0.0508   0.949  0.000  0.000
   98 H   0.0447   0.955  0.000  0.000
   99 H   0.0492   0.951  0.000  0.000
  100 H   0.0481   0.952  0.000  0.000
  101 H   0.0462   0.954  0.000  0.000
  102 H   0.0495   0.950  0.000  0.000
  103 H   0.0555   0.945  0.000  0.000
  104 H   0.0357   0.964  0.000  0.000
  105 H   0.0363   0.964  0.000  0.000
  106 H   0.0351   0.965  0.000  0.000
  107 H   0.0469   0.953  0.000  0.000
  108 H   0.0336   0.966  0.000  0.000
  109 H   0.0407   0.959  0.000  0.000
  110 H   0.0312   0.969  0.000  0.000
  111 H   0.0391   0.961  0.000  0.000
  112 H   0.0375   0.963  0.000  0.000
  113 H   0.0261   0.974  0.000  0.000
  114 H   0.0250   0.975  0.000  0.000
  115 H   0.0226   0.977  0.000  0.000
  116 H   0.0287   0.971  0.000  0.000
  117 H   0.0353   0.965  0.000  0.000
  118 H   0.0316   0.968  0.000  0.000
  119 H   0.0411   0.959  0.000  0.000
  120 H   0.0343   0.966  0.000  0.000
  121 H   0.0331   0.967  0.000  0.000
  122 H   0.0258   0.974  0.000  0.000
  123 H   0.0400   0.960  0.000  0.000
  124 H   0.0207   0.979  0.000  0.000
  125 H   0.0349   0.965  0.000  0.000
  126 H   0.0353   0.965  0.000  0.000
  127 H   0.0321   0.968  0.000  0.000
  128 H   0.0350   0.965  0.000  0.000
  129 H   0.0281   0.972  0.000  0.000
  130 H   0.0284   0.972  0.000  0.000
  131 H   0.0342   0.966  0.000  0.000
  132 H   0.0283   0.972  0.000  0.000
  133 H   0.0262   0.974  0.000  0.000
  134 H   0.0292   0.971  0.000  0.000
  135 H   0.0312   0.969  0.000  0.000
  136 H   0.0344   0.966  0.000  0.000
  137 H   0.0332   0.967  0.000  0.000
  138 H   0.0428   0.957  0.000  0.000
  139 H   0.0308   0.969  0.000  0.000
  140 H   0.0350   0.965  0.000  0.000
 
 Wiberg/Mayer (AO) data. WBOs > 0.1 written file <wbo>
 largest (>0.05) Wiberg bond orders for each atom
           total WBO             WBO to atom ...
     1  MG  2.548    N   17 0.559    N   34 0.517    N   26 0.397    N    6 0.360    C   21 0.056    C   18 0.054    C   38 0.052
     2  C   3.905    C    7 1.400    C   38 1.203    C   42 0.980
     3  C   3.928    C   10 1.402    C   18 1.280    H   67 0.939
     4  C   3.918    C   27 1.371    C   21 1.322    H   68 0.929
     5  C   3.889    C   30 1.507    C   35 1.179    H   69 0.940
     6  N   3.309    C   10 1.256    C    7 1.256    MG   1 0.360
     7  C   3.869    C    2 1.400    N    6 1.256    C    8 0.908
     8  C   3.937    C    9 0.974    C   12 0.955    H   70 0.937    C    7 0.908
     9  C   3.930    C    8 0.974    C   11 0.955    H   71 0.944    C   10 0.910
    10  C   3.832    C    3 1.402    N    6 1.256    C    9 0.910
    11  C   3.957    H   72 0.980    H   73 0.979    H   74 0.970    C    9 0.955
    12  C   3.948    H   75 0.965    H   76 0.962    C   13 0.956    C    8 0.955
    13  C   3.965    H   77 0.972    C   12 0.956    H   78 0.952    C   14 0.938    O   15 0.079
    14  C   3.889    O   15 1.849    O   16 1.060    C   13 0.938
    15  O   2.158    C   14 1.849    O   16 0.168    C   13 0.079
    16  O   2.266    C   14 1.060    C   47 0.928    O   15 0.168
    17  N   3.341    C   18 1.194    C   21 1.129    MG   1 0.559    C   20 0.052    C   19 0.052
    18  C   3.862    C    3 1.280    N   17 1.194    C   19 1.120    MG   1 0.054
    19  C   3.854    C   20 1.442    C   18 1.120    C   22 1.003    O   24 0.061    N   17 0.052
    20  C   3.885    C   19 1.442    C   21 1.130    C   23 0.979    O   24 0.074    N   17 0.052
    21  C   3.868    C    4 1.322    C   20 1.130    N   17 1.129    N   26 0.057    MG   1 0.056
    22  C   3.980    C   19 1.003    H   80 0.968    H   81 0.966    H   79 0.962
    23  C   3.889    O   24 1.796    C   25 1.013    C   20 0.979
    24  O   2.122    C   23 1.796    C   20 0.074    C   19 0.061    C   25 0.061
    25  C   3.986    C   23 1.013    H   83 0.963    H   84 0.956    H   82 0.945    O   24 0.061
    26  N   3.348    C   27 1.283    C   30 1.200    MG   1 0.397    C   21 0.057
    27  C   3.834    C    4 1.371    N   26 1.283    C   28 0.900
    28  C   3.932    C   31 0.989    C   29 0.956    H   85 0.942    C   27 0.900
    29  C   3.935    C   32 0.966    C   28 0.956    H   86 0.936    C   30 0.915
    30  C   3.860    C    5 1.507    N   26 1.200    C   29 0.915
    31  C   3.975    C   28 0.989    H   87 0.977    H   89 0.972    H   88 0.972
    32  C   3.958    C   33 0.997    H   90 0.969    C   29 0.966    H   91 0.965
    33  C   3.978    C   32 0.997    H   92 0.985    H   94 0.985    H   93 0.976
    34  N   3.327    C   38 1.240    C   35 1.139    MG   1 0.517    C   37 0.065
    35  C   3.847    C   36 1.249    C    5 1.179    N   34 1.139
    36  C   3.869    C   37 1.343    C   35 1.249    C   39 0.994    O   41 0.052
    37  C   3.902    C   36 1.343    C   38 1.144    C   40 1.092    O   41 0.069    N   34 0.065
    38  C   3.901    N   34 1.240    C    2 1.203    C   37 1.144    MG   1 0.052
    39  C   3.981    C   36 0.994    H   95 0.974    H   96 0.974    H   97 0.963
    40  C   3.894    O   41 1.854    C   37 1.092    C   42 0.799
    41  O   2.206    C   40 1.854    C   42 0.103    C   37 0.069    C   36 0.052
    42  C   3.931    C    2 0.980    H   98 0.925    C   43 0.895    C   40 0.799    O   41 0.103    O   44 0.080
    43  C   3.889    O   44 1.851    O   45 1.075    C   42 0.895
    44  O   2.169    C   43 1.851    O   45 0.166    C   42 0.080
    45  O   2.280    C   43 1.075    C   46 0.965    O   44 0.166
    46  C   3.941    H  100 0.989    H  101 0.986    H   99 0.983    O   45 0.965
    47  C   3.934    C   48 1.010    H  103 0.965    H  102 0.962    O   16 0.928
    48  C   3.959    C   49 1.886    C   47 1.010    H  104 0.933
    49  C   3.930    C   48 1.886    C   50 0.981    C   51 0.968
    50  C   3.982    C   49 0.981    H  106 0.975    H  105 0.971    H  107 0.968
    51  C   3.964    C   49 0.968    H  108 0.962    C   52 0.962    H  109 0.956
    52  C   3.963    C   53 0.994    H  110 0.969    H  111 0.963    C   51 0.962
    53  C   3.967    C   52 0.994    C   54 0.982    H  113 0.962    H  112 0.954
    54  C   3.945    C   53 0.982    C   55 0.978    C   56 0.976    H  114 0.946
    55  C   3.975    H  115 0.980    H  117 0.979    C   54 0.978    H  116 0.976
    56  C   3.964    C   54 0.976    C   57 0.975    H  118 0.969    H  119 0.959
    57  C   3.961    C   58 0.978    C   56 0.975    H  121 0.973    H  120 0.966
    58  C   3.955    C   57 0.978    H  122 0.966    C   59 0.965    H  123 0.957
    59  C   3.936    C   60 0.979    C   61 0.971    C   58 0.965    H  124 0.958
    60  C   3.980    H  127 0.983    H  126 0.982    H  125 0.979    C   59 0.979
    61  C   3.969    C   62 0.999    C   59 0.971    H  128 0.964    H  129 0.961
    62  C   3.967    C   61 0.999    H  131 0.972    H  130 0.964    C   63 0.961
    63  C   3.963    C   64 0.999    H  132 0.964    H  133 0.962    C   62 0.961
    64  C   3.944    C   63 0.999    C   66 0.986    C   65 0.965    H  134 0.957
    65  C   3.976    H  135 0.984    H  136 0.983    H  137 0.981    C   64 0.965
    66  C   3.980    C   64 0.986    H  139 0.981    H  140 0.978    H  138 0.975
    67  H   0.994    C    3 0.939
    68  H   0.993    C    4 0.929
    69  H   0.993    C    5 0.940
    70  H   0.995    C    8 0.937
    71  H   0.996    C    9 0.944
    72  H   0.997    C   11 0.980
    73  H   0.996    C   11 0.979
    74  H   0.995    C   11 0.970
    75  H   0.996    C   12 0.965
    76  H   0.996    C   12 0.962
    77  H   0.998    C   13 0.972
    78  H   0.996    C   13 0.952
    79  H   0.992    C   22 0.962
    80  H   0.992    C   22 0.968
    81  H   0.994    C   22 0.966
    82  H   0.996    C   25 0.945
    83  H   0.994    C   25 0.963
    84  H   0.998    C   25 0.956
    85  H   0.995    C   28 0.942
    86  H   0.995    C   29 0.936
    87  H   0.998    C   31 0.977
    88  H   0.996    C   31 0.972
    89  H   0.995    C   31 0.972
    90  H   0.997    C   32 0.969
    91  H   0.996    C   32 0.965
    92  H   0.998    C   33 0.985
    93  H   0.999    C   33 0.976
    94  H   0.999    C   33 0.985
    95  H   0.994    C   39 0.974
    96  H   0.996    C   39 0.974
    97  H   0.993    C   39 0.963
    98  H   0.993    C   42 0.925
    99  H   0.997    C   46 0.983
   100  H   0.997    C   46 0.989
   101  H   0.997    C   46 0.986
   102  H   0.997    C   47 0.962
   103  H   0.996    C   47 0.965
   104  H   0.998    C   48 0.933
   105  H   0.999    C   50 0.971
   106  H   0.998    C   50 0.975
   107  H   0.998    C   50 0.968
   108  H   0.998    C   51 0.962
   109  H   0.998    C   51 0.956
   110  H   0.999    C   52 0.969
   111  H   0.997    C   52 0.963
   112  H   0.998    C   53 0.954
   113  H   0.999    C   53 0.962
   114  H   0.999    C   54 0.946
   115  H   1.000    C   55 0.980
   116  H   0.998    C   55 0.976
   117  H   0.998    C   55 0.979
   118  H   0.998    C   56 0.969
   119  H   0.998    C   56 0.959
   120  H   0.999    C   57 0.966
   121  H   0.998    C   57 0.973
   122  H   0.998    C   58 0.966
   123  H   0.998    C   58 0.957
   124  H   0.999    C   59 0.958
   125  H   0.998    C   60 0.979
   126  H   0.998    C   60 0.982
   127  H   0.999    C   60 0.983
   128  H   0.997    C   61 0.964
   129  H   0.999    C   61 0.961
   130  H   0.999    C   62 0.964
   131  H   0.999    C   62 0.972
   132  H   0.999    C   63 0.964
   133  H   0.999    C   63 0.962
   134  H   0.999    C   64 0.957
   135  H   0.999    C   65 0.984
   136  H   0.998    C   65 0.983
   137  H   0.999    C   65 0.981
   138  H   0.998    C   66 0.975
   139  H   0.999    C   66 0.981
   140  H   0.999    C   66 0.978
 
 --------------------------------------------
          xTB calculation for sTDA...
 --------------------------------------------
 
 reading parameter file ~/.param_stda2.xtb
 
      method parameters     
 k(s)        :  1.6000
 k(p)        :  2.1800
 k(d)        :  1.9500
 k(f)        :  2.0000
 k(R-V)      :  2.2750
 k(R-R)      :  1.7650
 Tscal       :  0.2580
 Gscal       :  1.0000
 fpol        :  1.0000
 Zcnf        :  0.3430
 Zqf         :  0.0000
 kcn         :  2.7000
 Ryd Hsplit  :  0.7000
 lshift(virt):  3.1000
 lshift(OS)  :  0.2000
 wllscaling  :  2.6000
 
 mowrcut     : 3.000
 
  Z AO/shell   Hii/eV     exponent
  1     Sun Feb 14 09:53:25 CET 2016    EN: 2.327 GAM: 0.473  GM3: 0.0000
     1s    -14.339618    1.220000
     2sp    -3.348946    0.600000
  6     Sun Feb 14 09:53:25 CET 2016    EN: 2.731 GAM: 0.422  GM3: 0.0000
     2s    -22.009312    1.565095
     2p    -13.020408    1.596905
     3sp    -3.914040    0.824500
  7     Sun Feb 14 09:53:25 CET 2016    EN: 3.573 GAM: 0.504  GM3: 0.0000
     2s    -25.722000    2.064844
     2p    -18.684912    1.801692
     3sp    -4.344791    0.921400
  8     Sun Feb 14 09:53:25 CET 2016    EN: 3.700 GAM: 0.587  GM3: 0.0000
     2s    -33.859000    2.418661
     2p    -22.175911    1.973969
     3sp    -4.259392    1.013700
 12     Sun Feb 21 16:58:31 CET 2016    EN: 0.033 GAM: 0.222  GM3: 0.0000
     3s    -11.092543    1.647583
     3p     -6.929529    0.855020
 
 Nbf   :          894
 T(el) :     0.0
 calculating S/T integrals ...
 cpu time for ints    1.25810400000000     
 Nao   :          894
 making H0...
 making H1...
 cpu time for H      2.362899999999990E-002
 solving ...
 cpu time for diag   0.289754000000000     
 
 gap (eV)           :   4.753
 Koopmans IP (eV)   :  13.276
 Eel (Eh)           :  -300.499732

          eigenvalues
 #    :         164        165        166        167        168        169        170        171
 occ. :        2.000      2.000      2.000      2.000      2.000      2.000      2.000      2.000
 eps  :       -17.415    -17.392    -16.616    -16.297    -16.103    -15.899    -15.845    -15.782
 #    :         172        173        174        175        176        177        178        179
 occ. :        2.000      2.000      2.000      2.000      2.000      0.000      0.000      0.000
 eps  :       -15.655    -15.325    -14.980    -13.777    -13.277     -8.524     -6.866     -6.650
 #    :         180        181        182        183        184        185        186        187
 occ. :        0.000      0.000      0.000      0.000      0.000      0.000      0.000      0.000
 eps  :        -6.050     -6.045     -6.017     -5.856     -5.230     -5.115     -5.058     -5.001
                            1  SCC done.
 writing mo output ...
 molden style : F
 
speedup  1.18
cpu  time for all    2.09 s
wall time for all    1.76 s
