 
        ______________________________________
       |                                      |
       |          ===================         |
       |             xTB for sTDA             |
       |          ===================         |
       |               S. Grimme              |
       |        Universitaet Bonn, MCTC       |
       |         2015-19, Version 1.0         |
       |     Wed Apr  3 09:14:55 CEST 2019    |
       |______________________________________|
 
        This code comes without any warranty
        for non-commercial, academia use only.
        Preliminary test version.
        Cite this work as:
        S. Grimme  &  C. Bannwarth, JCP 145 (2016) 054103
        if GBSA is used additionally:
        P. Shushkov, F. März, C. Bannwarth, S. Grimme, unpublished.
 
        with help from
        P. Shushkov, G. Brandenburg, S. Dohm, J. Pisarek,
        F. März, M. Checinski, S. Ehrlich, S. Spicher, 
        P. Pracht, E. Caldeweyher, S. Ehlert, and C. Bannwarth.
 
        usage        :
        xtb4stda <coord_file> [options]
        where <coord_file> is a valid file of TM)
        (*coord, Bohr) or xmol (*xyz, Angstroem)
        format.

        options:
        -chrg <int>   : molecular charge
        -uhf  <int>   : # of unpaired electrons(=2*S)
        -nox          : skip second, extended part in sTDA-xTB
        -pop          : do population analysis
                      : (default for -nox)
        -mowr <real>  : cut MO write above (def.3 Eh)
        -molden       : write formatted molden file
        -parx <file>  : read parameters for sTDA-xTB
                        calc (def:~/.param_stda2.xtb)
        -parv <file>  : read parameters for vTB part in
                        sTDA-xTB (def: ~/.param_stda1.xtb)
        -xtemp <real> : el. temp for xTB (def. 0 K)
        -etemp <real> : el. temp for GFN (def. 300 K)
        -fod          : calculate the FOD and write
                        molden.input file with
                        appropriate occupations
                        for plotting. Def. T=12500 K
 
        -acc <real>   : xTB accuracy (def. 1.0)
        -gbsa [string1] [string2]
                        use GBSA implicit solvent
                        for solvent [string1] and
                        solvation state [string2]=
                        reference, bar1M (default=1M)
        additional GFN/opt/MD/siman options read from
        $XTB4STDAHOME/.xtb4stdarc or $set in input
 
       spin and charge state information can be on:
       <.CHRG> (charge) and <.UHF> (=nalpha-nbeta)
       -uhf and -chrg override the file info.
       useful machine settings:
       setenv MKL_NUM_THREADS <NCORE_ON_YOUR_MACHINE>
       setenv OMP_STACKSIZE 500m
       limit stacksize unlimited
 
       total energies in Eh, gaps/HL energies in eV
       please read REVISION and HOWTO files carefully
 =============================
  # OMP threads =           4
 =============================
 
 xtb4stdahome directory:~/
 
 
 name of molecule           :
 comment line               :
 number of atoms            :   140
 number of electrons        :   352
 charge                     :  0
 spin                       : 0.0
 first test random number   :  0.3247
 
 -----------------------------------------
      charge density (VTB) calculation
 -----------------------------------------
 
      method parameters     
 k(s)        :  1.8000
 k(p)        :  2.8350
 k(d)        :  2.0860
 k(f)        :  2.0000
 Tscal       :  0.3300
 Gscal       :  0.3910
 fpol        :  1.0000
 Zcnf        :  0.6500
 Zqf         :  0.0000
 kcn         :  0.3000
 kEN1        : -0.5900
 wllscal     :  2.6000
 
     -------------------------
     ! NO SOLVENT MODEL USED !
     -------------------------
 
 doing EN charges ...
 sum q :  0.5440093D-14
 point charge moment (au)
     X       Y       Z   
  -0.0464   0.0362   0.5239  total (Debye):    1.340
 
            Z      q(EN)   CN      Cart. coordinates
     1  MG  2.0   0.884   4.744    86.21497     6.57625    90.44795
     2  C   4.0   0.025   3.284    82.18796    11.63693    88.97208
     3  C   4.0  -0.057   3.162    80.74043     2.77034    89.75820
     4  C   4.0  -0.058   3.220    89.87537     1.63461    90.72952
     5  C   4.0  -0.053   3.168    91.31534    10.41617    89.22719
     6  N   5.0  -0.349   3.026    81.81191     7.21497    89.82623
     7  C   4.0   0.111   3.407    80.79145     9.39194    89.04956
     8  C   4.0  -0.093   4.171    77.88317     9.05368    88.48831
     9  C   4.0  -0.094   4.146    77.46176     6.20775    88.96641
    10  C   4.0   0.115   3.423    80.22454     5.34037    89.40671
    11  C   4.0  -0.238   4.056    75.98210     5.62949    91.38715
    12  C   4.0  -0.161   4.068    77.39751     9.83602    85.75009
    13  C   4.0  -0.168   4.028    75.07314    11.62181    85.27388
    14  C   4.0   0.160   3.053    73.51223    11.44040    82.82480
    15  O   6.0  -0.086   1.038    71.22944    10.86026    82.57913
    16  O   6.0  -0.116   2.035    74.77835    12.01110    80.60437
    17  N   5.0  -0.433   3.239    85.48742     2.76656    90.38748
    18  C   4.0   0.068   3.381    83.12904     1.59682    90.08702
    19  C   4.0   0.013   3.242    83.47486    -1.01289    90.04544
    20  C   4.0   0.003   3.273    86.10536    -1.52123    90.60102
    21  C   4.0   0.075   3.395    87.38282     1.00344    90.69173
    22  C   4.0  -0.245   4.021    81.43207    -3.06514    89.75442
    23  C   4.0   0.116   3.041    87.39416    -4.10637    91.11692
    24  O   6.0  -0.108   1.064    86.14505    -5.99988    90.73141
    25  C   4.0  -0.251   4.035    90.00009    -4.27834    92.06367
    26  N   5.0  -0.472   3.211    90.09835     5.92051    89.80356
    27  C   4.0   0.127   3.530    91.18306     3.82481    90.36858
    28  C   4.0  -0.092   4.145    94.14993     3.90795    90.08135
    29  C   4.0  -0.099   4.246    94.39748     6.78034    89.77332
    30  C   4.0   0.102   3.505    91.78966     7.79512    89.64104
    31  C   4.0  -0.237   4.035    95.69572     2.90829    92.31122
    32  C   4.0  -0.163   4.065    95.78454     7.50788    87.22975
    33  C   4.0  -0.239   4.028    98.39047     8.45463    87.77777
    34  N   5.0  -0.471   3.327    86.77811    10.38215    89.53899
    35  C   4.0   0.104   3.570    88.91916    11.58402    89.21396
    36  C   4.0   0.021   3.264    88.46185    14.25987    88.79066
    37  C   4.0   0.001   3.559    85.79356    14.28444    88.85869
    38  C   4.0   0.079   3.814    84.81657    11.91661    89.15538
    39  C   4.0  -0.245   4.011    90.32890    16.42739    88.43728
    40  C   4.0   0.087   3.360    83.75265    15.89637    88.56579
    41  O   6.0  -0.078   1.049    83.87927    18.23775    88.13115
    42  C   4.0  -0.117   4.245    81.26011    14.29956    88.50720
    43  C   4.0   0.160   3.183    79.80124    15.54867    90.51787
    44  O   6.0  -0.083   1.045    80.61004    16.17416    92.66082
    45  O   6.0  -0.110   2.026    77.35971    16.01543    89.70529
    46  C   4.0  -0.199   4.020    75.63250    17.17950    91.57234
    47  C   4.0  -0.129   4.026    73.85616    11.45174    78.08159
    48  C   4.0  -0.056   3.076    75.78935    10.12515    76.36194
    49  C   4.0   0.018   3.050    76.47154    10.32924    73.82403
    50  C   4.0  -0.252   4.041    75.00700    11.96952    72.07037
    51  C   4.0  -0.172   4.022    78.72409     8.76833    72.69965
    52  C   4.0  -0.162   4.017    77.94931     6.75766    70.46599
    53  C   4.0  -0.164   4.059    79.01889     4.05913    70.97811
    54  C   4.0  -0.089   4.051    79.25133     2.72498    68.31359
    55  C   4.0  -0.239   4.045    78.57480    -0.10771    68.65374
    56  C   4.0  -0.163   4.061    82.00844     3.00844    67.35361
    57  C   4.0  -0.163   4.034    82.11615     3.75489    64.44343
    58  C   4.0  -0.165   4.071    83.45408     6.24743    63.91053
    59  C   4.0  -0.088   4.034    85.46097     5.99043    61.59940
    60  C   4.0  -0.238   4.042    87.87604     5.10226    63.00724
    61  C   4.0  -0.164   4.063    85.54411     8.50566    60.10651
    62  C   4.0  -0.163   4.053    83.04779     9.16517    58.79126
    63  C   4.0  -0.163   4.057    83.31991    10.05334    56.09840
    64  C   4.0  -0.086   3.996    82.27867     7.94063    54.15766
    65  C   4.0  -0.238   4.014    79.25511     7.65717    54.32395
    66  C   4.0  -0.239   4.040    82.94385     8.96108    51.47425
    67  H   1.0   0.071   1.005    79.08881     1.53446    89.66183
    68  H   1.0   0.072   1.012    91.08290    -0.03779    90.81834
    69  H   1.0   0.071   1.004    92.94995    11.67662    89.24420
    70  H   1.0   0.085   1.007    76.79846    10.27822    89.74120
    71  H   1.0   0.084   1.007    76.52634     5.08903    87.51321
    72  H   1.0   0.081   0.997    76.78146     4.47487    92.89326
    73  H   1.0   0.081   1.001    74.29269     4.68274    90.68795
    74  H   1.0   0.080   0.998    75.26778     7.25466    92.43406
    75  H   1.0   0.083   1.005    77.13105     8.08425    84.69752
    76  H   1.0   0.083   1.007    79.03968    10.93773    85.17184
    77  H   1.0   0.082   1.004    75.53802    13.62303    85.41561
    78  H   1.0   0.082   1.006    73.70687    11.16828    86.74787
    79  H   1.0   0.080   0.998    82.03867    -4.79046    88.80578
    80  H   1.0   0.080   0.998    79.77478    -2.34704    88.76232
    81  H   1.0   0.080   0.999    80.84248    -3.57914    91.65927
    82  H   1.0   0.080   1.000    91.30967    -4.40495    90.47819
    83  H   1.0   0.080   1.002    90.10591    -6.11515    92.99152
    84  H   1.0   0.081   1.000    90.40449    -2.79113    93.42994
    85  H   1.0   0.084   1.007    94.67527     2.71932    88.48264
    86  H   1.0   0.086   1.009    95.33478     7.68174    91.37203
    87  H   1.0   0.080   0.998    96.72751     1.18486    91.85391
    88  H   1.0   0.081   1.001    94.33701     2.19586    93.68505
    89  H   1.0   0.080   0.998    96.70106     4.34637    93.39215
    90  H   1.0   0.083   1.008    95.07589     9.09525    86.12615
    91  H   1.0   0.082   1.004    95.72785     5.79201    86.09025
    92  H   1.0   0.080   0.999    98.98007     8.12582    89.72419
    93  H   1.0   0.080   0.998    98.53409    10.50121    87.59258
    94  H   1.0   0.080   0.999    99.75485     7.41906    86.63449
    95  H   1.0   0.080   0.998    91.95029    16.34613    89.70340
    96  H   1.0   0.080   1.000    89.35758    18.16972    88.95129
    97  H   1.0   0.080   1.000    90.92227    16.30078    86.46819
    98  H   1.0   0.086   1.010    80.23020    14.69451    86.76866
    99  H   1.0   0.080   0.996    76.31091    16.96596    93.50742
   100  H   1.0   0.080   0.995    73.78057    16.28566    91.45140
   101  H   1.0   0.080   0.995    75.50211    19.21662    91.29833
   102  H   1.0   0.081   1.000    73.19098    13.22430    77.27089
   103  H   1.0   0.082   1.003    72.33493    10.06846    78.20631
   104  H   1.0   0.070   1.007    77.24633     9.00076    77.28601
   105  H   1.0   0.081   1.000    74.73110    10.97742    70.28836
   106  H   1.0   0.080   0.999    75.93675    13.77988    71.74911
   107  H   1.0   0.081   1.001    73.18153    12.31723    72.95854
   108  H   1.0   0.082   1.003    79.50455     7.74977    74.30969
   109  H   1.0   0.081   1.001    80.13572     9.99665    71.83982
   110  H   1.0   0.082   1.003    78.84693     7.55512    68.79358
   111  H   1.0   0.081   1.001    75.89517     6.66506    70.32993
   112  H   1.0   0.082   1.003    77.66396     2.99522    72.10816
   113  H   1.0   0.082   1.002    80.83870     4.05724    71.94187
   114  H   1.0   0.083   1.008    77.84159     3.29379    66.92464
   115  H   1.0   0.081   0.999    79.00755    -0.68597    70.58315
   116  H   1.0   0.081   0.999    79.78612    -1.22076    67.41597
   117  H   1.0   0.080   0.999    76.53390    -0.29480    68.44776
   118  H   1.0   0.082   1.004    82.97409     1.18864    67.39708
   119  H   1.0   0.082   1.003    82.95141     4.41629    68.52524
   120  H   1.0   0.081   1.002    80.26422     3.70953    63.54204
   121  H   1.0   0.082   1.003    83.03645     2.22799    63.41353
   122  H   1.0   0.082   1.003    84.25154     7.00143    65.65286
   123  H   1.0   0.082   1.002    82.21631     7.85748    63.56471
   124  H   1.0   0.083   1.006    84.67862     4.55991    60.34084
   125  H   1.0   0.080   0.998    89.52199     6.23988    62.51591
   126  H   1.0   0.081   1.001    88.04989     3.14639    62.38552
   127  H   1.0   0.081   0.999    87.70218     5.30257    65.05004
   128  H   1.0   0.082   1.002    87.25243     8.49621    58.95567
   129  H   1.0   0.082   1.006    85.88804     9.86437    61.61640
   130  H   1.0   0.082   1.006    82.35804    10.73553    59.93266
   131  H   1.0   0.083   1.004    81.74199     7.58725    59.01047
   132  H   1.0   0.082   1.004    85.31546    10.41239    55.73558
   133  H   1.0   0.081   1.000    82.59992    11.95252    55.75447
   134  H   1.0   0.082   1.004    83.08558     6.04901    54.27104
   135  H   1.0   0.080   0.996    78.61071     5.71075    54.51292
   136  H   1.0   0.080   0.997    78.26300     8.79289    52.92366
   137  H   1.0   0.080   0.998    78.60315     8.50944    56.08329
   138  H   1.0   0.081   0.999    83.86226    10.79789    51.63109
   139  H   1.0   0.080   0.997    81.35270     9.57335    50.31773
   140  H   1.0   0.080   0.998    84.18162     7.57024    50.59363
 
  Z AO/shell   Hii/eV     exponent
  1     Sat Feb 20 21:38:01 CET 2016    EN: 2.327 GAM: 0.473  GM3: 0.0000
     1s    -13.751157    1.051071
  6     Sat Feb 20 21:38:01 CET 2016    EN: 2.731 GAM: 0.422  GM3: 0.0000
     2s    -19.378245    2.021003
     2p    -11.993376    1.497917
  7     Sat Feb 20 21:38:01 CET 2016    EN: 3.573 GAM: 0.504  GM3: 0.0000
     2s    -21.576984    2.275442
     2p    -16.125120    2.056788
  8     Sat Feb 20 21:38:01 CET 2016    EN: 3.700 GAM: 0.587  GM3: 0.0000
     2s    -21.648843    2.110798
     2p    -17.239740    2.329048
 12     Sat Feb 20 23:25:47 CET 2016    EN: 0.033 GAM: 0.222  GM3: 0.0000
     3s    -12.693633    1.302878
     3p     -8.128821    0.504252
 
 dipole moment of classical point charges (au)
     X       Y       Z   
  -0.0464   0.0362   0.5239  total (Debye):    1.340

 
 Nbf   :          338
 T(el) :   300.0
 calculating S/T integrals ...
 cpu time for ints   0.150522000000000     
 Nao   :          338
 making H0...
 making H1...
 cpu time for H      5.469000000000002E-003
 solving ...
 cpu time for diag   5.415100000000000E-002
 
 gap (eV)           :   1.441
 Koopmans IP (eV)   :  12.226
 Eel (Eh)           :  -268.498315
 T,E(Fermi),NFOD :    300.000   -11.506  0.000000
 T,E(Fermi),NFOD :    300.000   -11.506  0.000000
 Nfod               :  0.0000
 Nfod/Nel           :  0.0000

          eigenvalues
 #    :         164        165        166        167        168        169        170        171
 occ. :        2.000      2.000      2.000      2.000      2.000      2.000      2.000      2.000
 eps  :       -16.379    -16.320    -16.204    -15.793    -15.696    -15.626    -15.534    -14.971
 #    :         172        173        174        175        176        177        178        179
 occ. :        2.000      2.000      2.000      2.000      2.000      0.000      0.000      0.000
 eps  :       -14.776    -14.649    -14.565    -13.101    -12.228    -10.786     -9.845     -8.637
 #    :         180        181        182        183        184        185        186        187
 occ. :        0.000      0.000      0.000      0.000      0.000      0.000      0.000      0.000
 eps  :        -8.498     -8.310     -7.893     -7.726     -7.605     -7.297     -7.068     -7.003
                            1  SCC done.
 making H1...
 cpu time for H      6.663300000000000E-002
 solving ...
 cpu time for diag   3.744700000000001E-002
 
 gap (eV)           :   1.693
 Koopmans IP (eV)   :  12.192
 Eel (Eh)           :  -266.132228
 T,E(Fermi),NFOD :    300.000   -11.345  0.000000
 T,E(Fermi),NFOD :    300.000   -11.345  0.000000
 Nfod               :  0.0000
 Nfod/Nel           :  0.0000

          eigenvalues
 #    :         164        165        166        167        168        169        170        171
 occ. :        2.000      2.000      2.000      2.000      2.000      2.000      2.000      2.000
 eps  :       -15.332    -15.265    -15.220    -14.823    -14.424    -14.248    -14.245    -14.166
 #    :         172        173        174        175        176        177        178        179
 occ. :        2.000      2.000      2.000      2.000      2.000      0.000      0.000      0.000
 eps  :       -14.069    -13.827    -13.528    -12.759    -12.193    -10.500     -9.446     -8.529
 #    :         180        181        182        183        184        185        186        187
 occ. :        0.000      0.000      0.000      0.000      0.000      0.000      0.000      0.000
 eps  :        -8.324     -8.077     -7.832     -7.805     -7.403     -7.253     -6.944     -6.914
                            2  SCC done.
 
 
 Mulliken/CM5 charges    n(s)   n(p)   n(d)   
    1 MG  0.3364  0.7780   0.661  1.002  0.000
    2 C   0.0160  0.0201   1.167  2.817  0.000
    3 C  -0.0259 -0.0680   1.129  2.896  0.000
    4 C  -0.0416 -0.0824   1.106  2.935  0.000
    5 C  -0.0459 -0.0877   1.136  2.910  0.000
    6 N  -0.1553 -0.3939   1.413  3.742  0.000
    7 C   0.0293  0.0969   1.235  2.736  0.000
    8 C  -0.0134 -0.0687   1.203  2.811  0.000
    9 C  -0.0107 -0.0685   1.195  2.816  0.000
   10 C   0.0421  0.1101   1.222  2.736  0.000
   11 C  -0.1036 -0.2522   1.105  2.999  0.000
   12 C  -0.0457 -0.1515   1.154  2.891  0.000
   13 C  -0.0480 -0.1486   1.149  2.899  0.000
   14 C   0.1919  0.2377   1.215  2.593  0.000
   15 O  -0.2781 -0.3226   1.634  4.644  0.000
   16 O  -0.1589 -0.2334   1.450  4.709  0.000
   17 N  -0.2203 -0.5035   1.366  3.855  0.000
   18 C   0.0413  0.0977   1.180  2.779  0.000
   19 C  -0.0041 -0.0070   1.211  2.793  0.000
   20 C  -0.0827 -0.0767   1.237  2.846  0.000
   21 C   0.0357  0.0943   1.201  2.764  0.000
   22 C  -0.0716 -0.2151   1.083  2.988  0.000
   23 C   0.1516  0.1745   1.204  2.645  0.000
   24 O  -0.2472 -0.2999   1.620  4.627  0.000
   25 C  -0.0791 -0.2220   1.088  2.991  0.000
   26 N  -0.1927 -0.4913   1.392  3.801  0.000
   27 C   0.0567  0.1285   1.212  2.731  0.000
   28 C  -0.0140 -0.0721   1.197  2.817  0.000
   29 C  -0.0256 -0.0797   1.199  2.826  0.000
   30 C   0.0450  0.1071   1.215  2.740  0.000
   31 C  -0.0964 -0.2452   1.101  2.995  0.000
   32 C  -0.0570 -0.1672   1.152  2.905  0.000
   33 C  -0.0994 -0.2527   1.093  3.006  0.000
   34 N  -0.2309 -0.5301   1.360  3.871  0.000
   35 C   0.0427  0.1152   1.179  2.778  0.000
   36 C  -0.0222 -0.0262   1.220  2.802  0.000
   37 C  -0.0349 -0.0245   1.156  2.879  0.000
   38 C   0.0353  0.1071   1.175  2.789  0.000
   39 C  -0.0532 -0.1968   1.080  2.973  0.000
   40 C   0.1104  0.1405   1.209  2.680  0.000
   41 O  -0.2593 -0.2995   1.644  4.615  0.000
   42 C  -0.0175 -0.0607   1.181  2.837  0.000
   43 C   0.2039  0.2540   1.198  2.598  0.000
   44 O  -0.2714 -0.3147   1.637  4.634  0.000
   45 O  -0.1592 -0.2418   1.497  4.662  0.000
   46 C   0.0136 -0.1103   1.094  2.893  0.000
   47 C   0.0622 -0.0161   1.125  2.813  0.000
   48 C  -0.0885 -0.1454   1.180  2.909  0.000
   49 C  -0.0321 -0.0570   1.233  2.800  0.000
   50 C  -0.0912 -0.2365   1.078  3.013  0.000
   51 C  -0.0669 -0.1724   1.160  2.907  0.000
   52 C  -0.0663 -0.1761   1.167  2.899  0.000
   53 C  -0.0631 -0.1729   1.163  2.900  0.000
   54 C  -0.0313 -0.1052   1.211  2.820  0.000
   55 C  -0.1085 -0.2599   1.109  2.999  0.000
   56 C  -0.0691 -0.1786   1.167  2.902  0.000
   57 C  -0.0769 -0.1888   1.155  2.922  0.000
   58 C  -0.1058 -0.2174   1.170  2.936  0.000
   59 C  -0.0356 -0.1098   1.222  2.814  0.000
   60 C  -0.0946 -0.2441   1.102  2.992  0.000
   61 C  -0.0683 -0.1797   1.155  2.913  0.000
   62 C  -0.0461 -0.1580   1.138  2.908  0.000
   63 C  -0.0634 -0.1730   1.159  2.905  0.000
   64 C  -0.0249 -0.0967   1.223  2.802  0.000
   65 C  -0.1202 -0.2696   1.112  3.008  0.000
   66 C  -0.1142 -0.2643   1.104  3.010  0.000
   67 H   0.0579  0.1171   0.942  0.000  0.000
   68 H   0.0517  0.1141   0.948  0.000  0.000
   69 H   0.0592  0.1178   0.941  0.000  0.000
   70 H   0.0523  0.1150   0.948  0.000  0.000
   71 H   0.0641  0.1242   0.936  0.000  0.000
   72 H   0.0435  0.0961   0.956  0.000  0.000
   73 H   0.0290  0.0817   0.971  0.000  0.000
   74 H   0.0297  0.0817   0.970  0.000  0.000
   75 H   0.0421  0.1008   0.958  0.000  0.000
   76 H   0.0463  0.1071   0.954  0.000  0.000
   77 H   0.0536  0.1138   0.946  0.000  0.000
   78 H   0.0390  0.0995   0.961  0.000  0.000
   79 H   0.0533  0.1087   0.947  0.000  0.000
   80 H   0.0416  0.0942   0.958  0.000  0.000
   81 H   0.0461  0.0994   0.954  0.000  0.000
   82 H   0.0581  0.1119   0.942  0.000  0.000
   83 H   0.0473  0.1043   0.953  0.000  0.000
   84 H   0.0516  0.1059   0.948  0.000  0.000
   85 H   0.0585  0.1192   0.942  0.000  0.000
   86 H   0.0611  0.1238   0.939  0.000  0.000
   87 H   0.0452  0.0966   0.955  0.000  0.000
   88 H   0.0268  0.0809   0.973  0.000  0.000
   89 H   0.0454  0.0977   0.955  0.000  0.000
   90 H   0.0453  0.1031   0.955  0.000  0.000
   91 H   0.0368  0.0939   0.963  0.000  0.000
   92 H   0.0243  0.0771   0.976  0.000  0.000
   93 H   0.0355  0.0871   0.964  0.000  0.000
   94 H   0.0315  0.0833   0.969  0.000  0.000
   95 H   0.0473  0.0992   0.953  0.000  0.000
   96 H   0.0563  0.1102   0.944  0.000  0.000
   97 H   0.0552  0.1079   0.945  0.000  0.000
   98 H   0.0661  0.1350   0.934  0.000  0.000
   99 H   0.0547  0.1179   0.945  0.000  0.000
  100 H   0.0501  0.1080   0.950  0.000  0.000
  101 H   0.0521  0.1101   0.948  0.000  0.000
  102 H   0.0558  0.1197   0.944  0.000  0.000
  103 H   0.0641  0.1324   0.936  0.000  0.000
  104 H   0.0270  0.0863   0.973  0.000  0.000
  105 H   0.0384  0.0919   0.962  0.000  0.000
  106 H   0.0441  0.0962   0.956  0.000  0.000
  107 H   0.0395  0.0937   0.960  0.000  0.000
  108 H   0.0384  0.0950   0.962  0.000  0.000
  109 H   0.0473  0.1022   0.953  0.000  0.000
  110 H   0.0366  0.0932   0.963  0.000  0.000
  111 H   0.0363  0.0919   0.964  0.000  0.000
  112 H   0.0355  0.0917   0.964  0.000  0.000
  113 H   0.0388  0.0948   0.961  0.000  0.000
  114 H   0.0419  0.1018   0.958  0.000  0.000
  115 H   0.0224  0.0752   0.978  0.000  0.000
  116 H   0.0394  0.0924   0.961  0.000  0.000
  117 H   0.0377  0.0896   0.962  0.000  0.000
  118 H   0.0393  0.0959   0.961  0.000  0.000
  119 H   0.0423  0.0996   0.958  0.000  0.000
  120 H   0.0285  0.0839   0.971  0.000  0.000
  121 H   0.0330  0.0895   0.967  0.000  0.000
  122 H   0.0318  0.0883   0.968  0.000  0.000
  123 H   0.0253  0.0815   0.975  0.000  0.000
  124 H   0.0336  0.0931   0.966  0.000  0.000
  125 H   0.0298  0.0816   0.970  0.000  0.000
  126 H   0.0384  0.0912   0.962  0.000  0.000
  127 H   0.0451  0.0985   0.955  0.000  0.000
  128 H   0.0358  0.0915   0.964  0.000  0.000
  129 H   0.0258  0.0833   0.974  0.000  0.000
  130 H   0.0376  0.0942   0.962  0.000  0.000
  131 H   0.0425  0.1009   0.957  0.000  0.000
  132 H   0.0340  0.0908   0.966  0.000  0.000
  133 H   0.0443  0.0991   0.956  0.000  0.000
  134 H   0.0469  0.1042   0.953  0.000  0.000
  135 H   0.0378  0.0885   0.962  0.000  0.000
  136 H   0.0378  0.0898   0.962  0.000  0.000
  137 H   0.0235  0.0762   0.976  0.000  0.000
  138 H   0.0298  0.0828   0.970  0.000  0.000
  139 H   0.0376  0.0894   0.962  0.000  0.000
  140 H   0.0363  0.0880   0.964  0.000  0.000
 Hirshfeld charges for QMDFF written to <charges>
 
 Loewdin charges    n(s)   n(p)   n(d)
    1 MG  0.1780   0.672  1.150  0.000
    2 C   0.0183   1.125  2.856  0.000
    3 C  -0.0239   1.077  2.946  0.000
    4 C  -0.0405   1.051  2.989  0.000
    5 C  -0.0431   1.084  2.959  0.000
    6 N  -0.1204   1.368  3.753  0.000
    7 C   0.0277   1.201  2.772  0.000
    8 C  -0.0058   1.156  2.850  0.000
    9 C  -0.0017   1.146  2.855  0.000
   10 C   0.0434   1.185  2.771  0.000
   11 C  -0.1079   1.034  3.074  0.000
   12 C  -0.0402   1.095  2.945  0.000
   13 C  -0.0475   1.090  2.957  0.000
   14 C   0.1728   1.189  2.638  0.000
   15 O  -0.2663   1.608  4.659  0.000
   16 O  -0.1249   1.416  4.709  0.000
   17 N  -0.1885   1.324  3.864  0.000
   18 C   0.0444   1.140  2.816  0.000
   19 C   0.0036   1.170  2.827  0.000
   20 C  -0.0912   1.204  2.888  0.000
   21 C   0.0430   1.160  2.797  0.000
   22 C  -0.0724   1.009  3.063  0.000
   23 C   0.1493   1.167  2.683  0.000
   24 O  -0.2312   1.589  4.643  0.000
   25 C  -0.0836   1.015  3.069  0.000
   26 N  -0.1506   1.341  3.809  0.000
   27 C   0.0588   1.174  2.767  0.000
   28 C  -0.0044   1.149  2.856  0.000
   29 C  -0.0191   1.151  2.868  0.000
   30 C   0.0494   1.178  2.773  0.000
   31 C  -0.0998   1.030  3.070  0.000
   32 C  -0.0523   1.093  2.960  0.000
   33 C  -0.1021   1.021  3.081  0.000
   34 N  -0.1953   1.314  3.882  0.000
   35 C   0.0426   1.141  2.817  0.000
   36 C  -0.0158   1.181  2.835  0.000
   37 C  -0.0422   1.116  2.926  0.000
   38 C   0.0389   1.135  2.827  0.000
   39 C  -0.0514   1.004  3.047  0.000
   40 C   0.1084   1.175  2.717  0.000
   41 O  -0.2488   1.619  4.629  0.000
   42 C  -0.0168   1.132  2.885  0.000
   43 C   0.1850   1.172  2.643  0.000
   44 O  -0.2615   1.612  4.650  0.000
   45 O  -0.1252   1.464  4.661  0.000
   46 C   0.0069   1.024  2.969  0.000
   47 C   0.0615   1.067  2.872  0.000
   48 C  -0.0891   1.134  2.955  0.000
   49 C  -0.0203   1.192  2.828  0.000
   50 C  -0.0946   1.004  3.091  0.000
   51 C  -0.0634   1.102  2.961  0.000
   52 C  -0.0608   1.110  2.951  0.000
   53 C  -0.0589   1.106  2.953  0.000
   54 C  -0.0209   1.165  2.856  0.000
   55 C  -0.1123   1.039  3.073  0.000
   56 C  -0.0664   1.110  2.956  0.000
   57 C  -0.0734   1.097  2.976  0.000
   58 C  -0.1064   1.115  2.991  0.000
   59 C  -0.0248   1.176  2.849  0.000
   60 C  -0.0977   1.031  3.067  0.000
   61 C  -0.0657   1.098  2.968  0.000
   62 C  -0.0412   1.078  2.963  0.000
   63 C  -0.0603   1.101  2.959  0.000
   64 C  -0.0123   1.177  2.836  0.000
   65 C  -0.1252   1.042  3.083  0.000
   66 C  -0.1187   1.034  3.085  0.000
   67 H   0.0526   0.947  0.000  0.000
   68 H   0.0482   0.952  0.000  0.000
   69 H   0.0533   0.947  0.000  0.000
   70 H   0.0455   0.955  0.000  0.000
   71 H   0.0575   0.942  0.000  0.000
   72 H   0.0434   0.957  0.000  0.000
   73 H   0.0296   0.970  0.000  0.000
   74 H   0.0307   0.969  0.000  0.000
   75 H   0.0382   0.962  0.000  0.000
   76 H   0.0427   0.957  0.000  0.000
   77 H   0.0490   0.951  0.000  0.000
   78 H   0.0351   0.965  0.000  0.000
   79 H   0.0506   0.949  0.000  0.000
   80 H   0.0418   0.958  0.000  0.000
   81 H   0.0447   0.955  0.000  0.000
   82 H   0.0572   0.943  0.000  0.000
   83 H   0.0454   0.955  0.000  0.000
   84 H   0.0511   0.949  0.000  0.000
   85 H   0.0521   0.948  0.000  0.000
   86 H   0.0554   0.945  0.000  0.000
   87 H   0.0443   0.956  0.000  0.000
   88 H   0.0286   0.971  0.000  0.000
   89 H   0.0451   0.955  0.000  0.000
   90 H   0.0425   0.958  0.000  0.000
   91 H   0.0344   0.966  0.000  0.000
   92 H   0.0262   0.974  0.000  0.000
   93 H   0.0353   0.965  0.000  0.000
   94 H   0.0315   0.969  0.000  0.000
   95 H   0.0463   0.954  0.000  0.000
   96 H   0.0529   0.947  0.000  0.000
   97 H   0.0530   0.947  0.000  0.000
   98 H   0.0574   0.943  0.000  0.000
   99 H   0.0501   0.950  0.000  0.000
  100 H   0.0468   0.953  0.000  0.000
  101 H   0.0481   0.952  0.000  0.000
  102 H   0.0486   0.951  0.000  0.000
  103 H   0.0558   0.944  0.000  0.000
  104 H   0.0217   0.978  0.000  0.000
  105 H   0.0381   0.962  0.000  0.000
  106 H   0.0434   0.957  0.000  0.000
  107 H   0.0393   0.961  0.000  0.000
  108 H   0.0358   0.964  0.000  0.000
  109 H   0.0437   0.956  0.000  0.000
  110 H   0.0336   0.966  0.000  0.000
  111 H   0.0332   0.967  0.000  0.000
  112 H   0.0326   0.967  0.000  0.000
  113 H   0.0363   0.964  0.000  0.000
  114 H   0.0368   0.963  0.000  0.000
  115 H   0.0238   0.976  0.000  0.000
  116 H   0.0396   0.960  0.000  0.000
  117 H   0.0373   0.963  0.000  0.000
  118 H   0.0371   0.963  0.000  0.000
  119 H   0.0401   0.960  0.000  0.000
  120 H   0.0270   0.973  0.000  0.000
  121 H   0.0318   0.968  0.000  0.000
  122 H   0.0321   0.968  0.000  0.000
  123 H   0.0246   0.975  0.000  0.000
  124 H   0.0287   0.971  0.000  0.000
  125 H   0.0303   0.970  0.000  0.000
  126 H   0.0378   0.962  0.000  0.000
  127 H   0.0450   0.955  0.000  0.000
  128 H   0.0336   0.966  0.000  0.000
  129 H   0.0239   0.976  0.000  0.000
  130 H   0.0350   0.965  0.000  0.000
  131 H   0.0401   0.960  0.000  0.000
  132 H   0.0324   0.968  0.000  0.000
  133 H   0.0414   0.959  0.000  0.000
  134 H   0.0403   0.960  0.000  0.000
  135 H   0.0376   0.962  0.000  0.000
  136 H   0.0383   0.962  0.000  0.000
  137 H   0.0257   0.974  0.000  0.000
  138 H   0.0316   0.968  0.000  0.000
  139 H   0.0385   0.962  0.000  0.000
  140 H   0.0358   0.964  0.000  0.000
 
 Wiberg/Mayer (AO) data. WBOs > 0.1 written file <wbo>
 largest (>0.05) Wiberg bond orders for each atom
           total WBO             WBO to atom ...
     1  MG  2.487    N   17 0.597    N   34 0.500    N   26 0.382    N    6 0.290    C   21 0.059    C   38 0.053    C   18 0.052    C   30 0.051
     2  C   3.893    C    7 1.397    C   38 1.222    C   42 0.941
     3  C   3.910    C   10 1.409    C   18 1.263    H   67 0.936
     4  C   3.937    C   27 1.383    C   21 1.342    H   68 0.924
     5  C   3.889    C   30 1.420    C   35 1.247    H   69 0.941
     6  N   3.288    C   10 1.298    C    7 1.277    MG   1 0.290
     7  C   3.859    C    2 1.397    N    6 1.277    C    8 0.893
     8  C   3.934    C   12 0.971    C    9 0.965    H   70 0.936    C    7 0.893
     9  C   3.938    C   11 0.971    C    8 0.965    H   71 0.942    C   10 0.916
    10  C   3.858    C    3 1.409    N    6 1.298    C    9 0.916
    11  C   3.964    H   73 0.980    H   74 0.975    H   72 0.971    C    9 0.971
    12  C   3.957    C    8 0.971    H   75 0.964    H   76 0.959    C   13 0.959
    13  C   3.956    H   78 0.965    C   12 0.959    H   77 0.952    C   14 0.938    O   15 0.077
    14  C   3.875    O   15 1.809    O   16 1.085    C   13 0.938
    15  O   2.108    C   14 1.809    O   16 0.159    C   13 0.077
    16  O   2.299    C   14 1.085    C   47 0.960    O   15 0.159
    17  N   3.335    C   21 1.160    C   18 1.102    MG   1 0.597    C   20 0.071    C   27 0.050
    18  C   3.876    C   19 1.267    C    3 1.263    N   17 1.102    MG   1 0.052
    19  C   3.874    C   20 1.384    C   18 1.267    C   22 0.975
    20  C   3.850    C   19 1.384    C   21 1.102    C   23 0.968    O   24 0.084    N   17 0.071
    21  C   3.874    C    4 1.342    N   17 1.160    C   20 1.102    MG   1 0.059    N   26 0.053
    22  C   3.977    H   80 0.977    C   19 0.975    H   79 0.974    H   81 0.967
    23  C   3.883    O   24 1.834    C   25 0.986    C   20 0.968
    24  O   2.142    C   23 1.834    C   20 0.084    C   25 0.067
    25  C   3.984    C   23 0.986    H   84 0.966    H   83 0.963    H   82 0.949    O   24 0.067
    26  N   3.342    C   27 1.321    C   30 1.201    MG   1 0.382    C   21 0.053
    27  C   3.858    C    4 1.383    N   26 1.321    C   28 0.883    N   17 0.050
    28  C   3.938    C   31 0.985    C   29 0.968    H   85 0.939    C   27 0.883
    29  C   3.939    C   28 0.968    C   30 0.962    C   32 0.929    H   86 0.926
    30  C   3.855    C    5 1.420    N   26 1.201    C   29 0.962    MG   1 0.051
    31  C   3.966    C   28 0.985    H   88 0.977    H   87 0.976    H   89 0.972
    32  C   3.952    C   33 1.016    H   91 0.964    H   90 0.962    C   29 0.929
    33  C   3.980    C   32 1.016    H   93 0.982    H   94 0.977    H   92 0.976
    34  N   3.319    C   35 1.210    C   38 1.170    MG   1 0.500    C   36 0.055    C   37 0.051
    35  C   3.880    C    5 1.247    N   34 1.210    C   36 1.186
    36  C   3.838    C   37 1.319    C   35 1.186    C   39 0.990    O   41 0.068    N   34 0.055
    37  C   3.925    C   36 1.319    C   38 1.189    C   40 1.143    O   41 0.055    N   34 0.051
    38  C   3.895    C    2 1.222    C   37 1.189    N   34 1.170    MG   1 0.053
    39  C   3.978    C   36 0.990    H   96 0.976    H   95 0.974    H   97 0.965
    40  C   3.900    O   41 1.741    C   37 1.143    C   42 0.856
    41  O   2.093    C   40 1.741    C   42 0.081    C   36 0.068    C   37 0.055
    42  C   3.947    C   43 0.947    C    2 0.941    H   98 0.925    C   40 0.856    O   41 0.081    O   44 0.063
    43  C   3.888    O   44 1.789    O   45 1.080    C   42 0.947
    44  O   2.104    C   43 1.789    O   45 0.169    C   42 0.063
    45  O   2.295    C   43 1.080    C   46 0.968    O   44 0.169
    46  C   3.939    H  100 0.989    H  101 0.987    H   99 0.980    O   45 0.968
    47  C   3.938    C   48 0.986    H  102 0.967    O   16 0.960    H  103 0.952
    48  C   3.943    C   49 1.861    C   47 0.986    H  104 0.944
    49  C   3.921    C   48 1.861    C   50 1.003    C   51 0.965
    50  C   3.991    C   49 1.003    H  107 0.973    H  105 0.973    H  106 0.964
    51  C   3.959    H  108 0.967    C   49 0.965    H  109 0.964    C   52 0.945
    52  C   3.958    C   53 0.991    H  110 0.974    H  111 0.973    C   51 0.945
    53  C   3.961    C   52 0.991    H  112 0.967    H  113 0.965    C   54 0.956
    54  C   3.935    C   55 0.987    C   56 0.978    C   53 0.956    H  114 0.950
    55  C   3.979    C   54 0.987    H  115 0.982    H  117 0.979    H  116 0.973
    56  C   3.960    C   54 0.978    C   57 0.966    H  118 0.964    H  119 0.960
    57  C   3.957    C   58 0.995    H  121 0.967    C   56 0.966    H  120 0.965
    58  C   3.946    C   57 0.995    H  123 0.963    H  122 0.958    C   59 0.945
    59  C   3.931    C   60 0.986    C   61 0.974    H  124 0.956    C   58 0.945
    60  C   3.982    C   59 0.986    H  126 0.981    H  125 0.979    H  127 0.975
    61  C   3.961    C   62 0.981    C   59 0.974    H  129 0.971    H  128 0.955
    62  C   3.970    C   63 0.997    C   61 0.981    H  130 0.965    H  131 0.961
    63  C   3.954    C   62 0.997    H  133 0.961    H  132 0.960    C   64 0.951
    64  C   3.931    C   66 0.995    C   65 0.977    H  134 0.959    C   63 0.951
    65  C   3.972    H  137 0.982    H  135 0.981    C   64 0.977    H  136 0.977
    66  C   3.977    C   64 0.995    H  140 0.979    H  138 0.977    H  139 0.973
    67  H   0.994    C    3 0.936
    68  H   0.994    C    4 0.924
    69  H   0.993    C    5 0.941
    70  H   0.993    C    8 0.936
    71  H   0.993    C    9 0.942
    72  H   0.997    C   11 0.971
    73  H   0.997    C   11 0.980
    74  H   0.997    C   11 0.975
    75  H   0.996    C   12 0.964
    76  H   0.997    C   12 0.959
    77  H   0.997    C   13 0.952
    78  H   0.998    C   13 0.965
    79  H   0.995    C   22 0.974
    80  H   0.996    C   22 0.977
    81  H   0.993    C   22 0.967
    82  H   0.995    C   25 0.949
    83  H   0.995    C   25 0.963
    84  H   0.996    C   25 0.966
    85  H   0.994    C   28 0.939
    86  H   0.994    C   29 0.926
    87  H   0.997    C   31 0.976
    88  H   0.999    C   31 0.977
    89  H   0.996    C   31 0.972
    90  H   0.996    C   32 0.962
    91  H   0.996    C   32 0.964
    92  H   0.999    C   33 0.976
    93  H   0.998    C   33 0.982
    94  H   0.997    C   33 0.977
    95  H   0.994    C   39 0.974
    96  H   0.995    C   39 0.976
    97  H   0.991    C   39 0.965
    98  H   0.992    C   42 0.925
    99  H   0.997    C   46 0.980
   100  H   0.997    C   46 0.989
   101  H   0.997    C   46 0.987
   102  H   0.997    C   47 0.967
   103  H   0.994    C   47 0.952
   104  H   0.999    C   48 0.944
   105  H   0.998    C   50 0.973
   106  H   0.998    C   50 0.964
   107  H   0.998    C   50 0.973
   108  H   0.999    C   51 0.967
   109  H   0.996    C   51 0.964
   110  H   0.998    C   52 0.974
   111  H   0.999    C   52 0.973
   112  H   0.998    C   53 0.967
   113  H   0.998    C   53 0.965
   114  H   0.998    C   54 0.950
   115  H   0.999    C   55 0.982
   116  H   0.997    C   55 0.973
   117  H   0.998    C   55 0.979
   118  H   0.998    C   56 0.964
   119  H   0.998    C   56 0.960
   120  H   0.999    C   57 0.965
   121  H   0.998    C   57 0.967
   122  H   0.999    C   58 0.958
   123  H   0.999    C   58 0.963
   124  H   0.999    C   59 0.956
   125  H   0.999    C   60 0.979
   126  H   0.998    C   60 0.981
   127  H   0.998    C   60 0.975
   128  H   0.997    C   61 0.955
   129  H   0.999    C   61 0.971
   130  H   0.998    C   62 0.965
   131  H   0.998    C   62 0.961
   132  H   0.999    C   63 0.960
   133  H   0.997    C   63 0.961
   134  H   0.998    C   64 0.959
   135  H   0.999    C   65 0.981
   136  H   0.999    C   65 0.977
   137  H   0.999    C   65 0.982
   138  H   0.999    C   66 0.977
   139  H   0.998    C   66 0.973
   140  H   0.998    C   66 0.979
 
 --------------------------------------------
          xTB calculation for sTDA...
 --------------------------------------------
 
 reading parameter file ~/.param_stda2.xtb
 
      method parameters     
 k(s)        :  1.6000
 k(p)        :  2.1800
 k(d)        :  1.9500
 k(f)        :  2.0000
 k(R-V)      :  2.2750
 k(R-R)      :  1.7650
 Tscal       :  0.2580
 Gscal       :  1.0000
 fpol        :  1.0000
 Zcnf        :  0.3430
 Zqf         :  0.0000
 kcn         :  2.7000
 Ryd Hsplit  :  0.7000
 lshift(virt):  3.1000
 lshift(OS)  :  0.2000
 wllscaling  :  2.6000
 
 mowrcut     : 3.000
 
  Z AO/shell   Hii/eV     exponent
  1     Sun Feb 14 09:53:25 CET 2016    EN: 2.327 GAM: 0.473  GM3: 0.0000
     1s    -14.339618    1.220000
     2sp    -3.348946    0.600000
  6     Sun Feb 14 09:53:25 CET 2016    EN: 2.731 GAM: 0.422  GM3: 0.0000
     2s    -22.009312    1.565095
     2p    -13.020408    1.596905
     3sp    -3.914040    0.824500
  7     Sun Feb 14 09:53:25 CET 2016    EN: 3.573 GAM: 0.504  GM3: 0.0000
     2s    -25.722000    2.064844
     2p    -18.684912    1.801692
     3sp    -4.344791    0.921400
  8     Sun Feb 14 09:53:25 CET 2016    EN: 3.700 GAM: 0.587  GM3: 0.0000
     2s    -33.859000    2.418661
     2p    -22.175911    1.973969
     3sp    -4.259392    1.013700
 12     Sun Feb 21 16:58:31 CET 2016    EN: 0.033 GAM: 0.222  GM3: 0.0000
     3s    -11.092543    1.647583
     3p     -6.929529    0.855020
 
 Nbf   :          894
 T(el) :     0.0
 calculating S/T integrals ...
 cpu time for ints    1.40472100000000     
 Nao   :          894
 making H0...
 making H1...
 cpu time for H      2.435900000000002E-002
 solving ...
 cpu time for diag   0.322293000000000     
 
 gap (eV)           :   4.803
 Koopmans IP (eV)   :  13.532
 Eel (Eh)           :  -301.242582

          eigenvalues
 #    :         164        165        166        167        168        169        170        171
 occ. :        2.000      2.000      2.000      2.000      2.000      2.000      2.000      2.000
 eps  :       -17.381    -17.171    -17.144    -16.459    -16.385    -16.198    -15.868    -15.748
 #    :         172        173        174        175        176        177        178        179
 occ. :        2.000      2.000      2.000      2.000      2.000      0.000      0.000      0.000
 eps  :       -15.327    -15.230    -15.145    -13.940    -13.533     -8.729     -7.024     -6.886
 #    :         180        181        182        183        184        185        186        187
 occ. :        0.000      0.000      0.000      0.000      0.000      0.000      0.000      0.000
 eps  :        -6.519     -6.050     -5.943     -5.735     -5.564     -5.241     -5.099     -5.059
                            1  SCC done.
 writing mo output ...
 molden style : F
 
speedup  1.05
cpu  time for all    2.26 s
wall time for all    2.15 s
