cpu-bind=MASK - bp1-compute139, task 4294967295 4294967295 [0]: mask 0xffffff00ffffff set
Host:    bp1-compute139.data.bp.acrc.priv
Time:    Thu Apr 28 11:27:34 BST 2022
Dir:     /user/home/of15641/chlorophyll_parameterization/tddft_data/step_1551_chromophore_22
Job ID:  1658412
Nodelist:
cat: bp1-compute139: No such file or directory
  
Result dir: /user/home/of15641/chlorophyll_parameterization/tddft_data/step_1551_chromophore_22
running gaussian jobs
Running time g16 < CAMB3LYP_step_1551_chromophore_22.com > CAMB3LYP_step_1551_chromophore_22.log

real	25m43.816s
user	605m6.164s
sys	0m29.070s
Running time g16 < PBE0_step_1551_chromophore_22.com > PBE0_step_1551_chromophore_22.log

real	15m40.931s
user	374m16.149s
sys	0m21.345s
Running time g16 < wB97XD_step_1551_chromophore_22.com > wB97XD_step_1551_chromophore_22.log

real	27m7.956s
user	638m24.723s
sys	0m29.047s
Running time g16 < BLYP_step_1551_chromophore_22.com > BLYP_step_1551_chromophore_22.log

real	12m9.772s
user	290m5.140s
sys	0m25.194s
Running time g16 < ZINDO_step_1551_chromophore_22.com > ZINDO_step_1551_chromophore_22.log

real	0m6.245s
user	2m15.332s
sys	0m2.394s
