cpu-bind=MASK - bp1-compute159, task 4294967295 4294967295 [0]: mask 0xffffff00ffffff set
Host:    bp1-compute159.data.bp.acrc.priv
Time:    Thu May  5 06:47:38 BST 2022
Dir:     /user/home/of15641/chlorophyll_parameterization/tddft_data/step_751_chromophore_18
Job ID:  1692387
Nodelist:
cat: bp1-compute159: No such file or directory
  
Result dir: /user/home/of15641/chlorophyll_parameterization/tddft_data/step_751_chromophore_18
running gaussian jobs
Running time g16 < CAMB3LYP_step_751_chromophore_18.com > CAMB3LYP_step_751_chromophore_18.log

real	26m0.568s
user	612m30.410s
sys	0m25.020s
Running time g16 < PBE0_step_751_chromophore_18.com > PBE0_step_751_chromophore_18.log

real	20m48.096s
user	497m1.156s
sys	0m22.240s
Running time g16 < wB97XD_step_751_chromophore_18.com > wB97XD_step_751_chromophore_18.log

real	28m36.699s
user	673m59.556s
sys	0m25.284s
Running time g16 < BLYP_step_751_chromophore_18.com > BLYP_step_751_chromophore_18.log

real	13m39.856s
user	325m58.690s
sys	0m22.389s
Running time g16 < ZINDO_step_751_chromophore_18.com > ZINDO_step_751_chromophore_18.log

real	0m7.196s
user	2m37.394s
sys	0m2.702s
