cpu-bind=MASK - bp1-compute139, task 4294967295 4294967295 [0]: mask 0xffffff00ffffff set
Host:    bp1-compute139.data.bp.acrc.priv
Time:    Wed Apr 27 01:41:14 BST 2022
Dir:     /user/home/of15641/chlorophyll_parameterization/tddft_data/step_1051_chromophore_14
Job ID:  1658105
Nodelist:
cat: bp1-compute139: No such file or directory
  
Result dir: /user/home/of15641/chlorophyll_parameterization/tddft_data/step_1051_chromophore_14
running gaussian jobs
Running time g16 < CAMB3LYP_step_1051_chromophore_14.com > CAMB3LYP_step_1051_chromophore_14.log

real	28m52.811s
user	680m42.680s
sys	0m32.036s
Running time g16 < PBE0_step_1051_chromophore_14.com > PBE0_step_1051_chromophore_14.log

real	18m29.620s
user	441m22.867s
sys	0m22.410s
Running time g16 < wB97XD_step_1051_chromophore_14.com > wB97XD_step_1051_chromophore_14.log

real	27m22.532s
user	644m56.085s
sys	0m28.975s
Running time g16 < BLYP_step_1051_chromophore_14.com > BLYP_step_1051_chromophore_14.log

real	13m16.676s
user	316m39.013s
sys	0m23.830s
Running time g16 < ZINDO_step_1051_chromophore_14.com > ZINDO_step_1051_chromophore_14.log

real	0m9.679s
user	3m34.202s
sys	0m3.625s
