 
        ______________________________________
       |                                      |
       |          ===================         |
       |             xTB for sTDA             |
       |          ===================         |
       |               S. Grimme              |
       |        Universitaet Bonn, MCTC       |
       |         2015-19, Version 1.0         |
       |     Wed Apr  3 09:14:55 CEST 2019    |
       |______________________________________|
 
        This code comes without any warranty
        for non-commercial, academia use only.
        Preliminary test version.
        Cite this work as:
        S. Grimme  &  C. Bannwarth, JCP 145 (2016) 054103
        if GBSA is used additionally:
        P. Shushkov, F. März, C. Bannwarth, S. Grimme, unpublished.
 
        with help from
        P. Shushkov, G. Brandenburg, S. Dohm, J. Pisarek,
        F. März, M. Checinski, S. Ehrlich, S. Spicher, 
        P. Pracht, E. Caldeweyher, S. Ehlert, and C. Bannwarth.
 
        usage        :
        xtb4stda <coord_file> [options]
        where <coord_file> is a valid file of TM)
        (*coord, Bohr) or xmol (*xyz, Angstroem)
        format.

        options:
        -chrg <int>   : molecular charge
        -uhf  <int>   : # of unpaired electrons(=2*S)
        -nox          : skip second, extended part in sTDA-xTB
        -pop          : do population analysis
                      : (default for -nox)
        -mowr <real>  : cut MO write above (def.3 Eh)
        -molden       : write formatted molden file
        -parx <file>  : read parameters for sTDA-xTB
                        calc (def:~/.param_stda2.xtb)
        -parv <file>  : read parameters for vTB part in
                        sTDA-xTB (def: ~/.param_stda1.xtb)
        -xtemp <real> : el. temp for xTB (def. 0 K)
        -etemp <real> : el. temp for GFN (def. 300 K)
        -fod          : calculate the FOD and write
                        molden.input file with
                        appropriate occupations
                        for plotting. Def. T=12500 K
 
        -acc <real>   : xTB accuracy (def. 1.0)
        -gbsa [string1] [string2]
                        use GBSA implicit solvent
                        for solvent [string1] and
                        solvation state [string2]=
                        reference, bar1M (default=1M)
        additional GFN/opt/MD/siman options read from
        $XTB4STDAHOME/.xtb4stdarc or $set in input
 
       spin and charge state information can be on:
       <.CHRG> (charge) and <.UHF> (=nalpha-nbeta)
       -uhf and -chrg override the file info.
       useful machine settings:
       setenv MKL_NUM_THREADS <NCORE_ON_YOUR_MACHINE>
       setenv OMP_STACKSIZE 500m
       limit stacksize unlimited
 
       total energies in Eh, gaps/HL energies in eV
       please read REVISION and HOWTO files carefully
 =============================
  # OMP threads =           4
 =============================
 
 xtb4stdahome directory:~/
 
 
 name of molecule           :
 comment line               :
 number of atoms            :   140
 number of electrons        :   352
 charge                     :  0
 spin                       : 0.0
 first test random number   :  0.0353
 
 -----------------------------------------
      charge density (VTB) calculation
 -----------------------------------------
 
      method parameters     
 k(s)        :  1.8000
 k(p)        :  2.8350
 k(d)        :  2.0860
 k(f)        :  2.0000
 Tscal       :  0.3300
 Gscal       :  0.3910
 fpol        :  1.0000
 Zcnf        :  0.6500
 Zqf         :  0.0000
 kcn         :  0.3000
 kEN1        : -0.5900
 wllscal     :  2.6000
 
     -------------------------
     ! NO SOLVENT MODEL USED !
     -------------------------
 
 doing EN charges ...
 sum q : -0.1332268D-14
 point charge moment (au)
     X       Y       Z   
   0.0521  -0.0312   0.1282  total (Debye):    0.360
 
            Z      q(EN)   CN      Cart. coordinates
     1  MG  2.0   0.891   4.790    46.56852   -11.82590    86.02033
     2  C   4.0   0.024   3.298    51.28149    -7.27544    83.97753
     3  C   4.0  -0.060   3.174    42.45269    -9.48642    81.92907
     4  C   4.0  -0.057   3.183    43.04229   -16.94328    87.25621
     5  C   4.0  -0.051   3.172    51.68211   -14.70396    89.10814
     6  N   5.0  -0.360   3.139    46.90867    -8.75321    83.12149
     7  C   4.0   0.095   3.316    48.83808    -6.99010    82.78889
     8  C   4.0  -0.096   4.149    48.05762    -5.08903    80.81791
     9  C   4.0  -0.097   4.169    45.06996    -5.64650    80.66484
    10  C   4.0   0.107   3.355    44.72225    -8.11637    82.02544
    11  C   4.0  -0.237   4.039    43.35409    -3.58292    81.79679
    12  C   4.0  -0.162   4.061    49.48247    -5.34414    78.25166
    13  C   4.0  -0.169   4.063    50.58985    -2.80246    77.44853
    14  C   4.0   0.195   3.088    48.79461    -1.06014    75.92163
    15  O   6.0  -0.113   1.042    46.98615     0.08882    76.64917
    16  O   6.0  -0.131   2.079    49.62420    -1.02612    73.49522
    17  N   5.0  -0.472   3.269    43.08197   -13.09391    84.74287
    18  C   4.0   0.098   3.535    41.66468   -11.79000    83.16306
    19  C   4.0   0.017   3.276    39.23260   -12.95407    82.92684
    20  C   4.0   0.003   3.308    39.33087   -15.13104    84.43296
    21  C   4.0   0.090   3.461    41.92168   -15.24064    85.47230
    22  C   4.0  -0.247   4.041    37.18603   -11.57835    81.59459
    23  C   4.0   0.125   3.043    37.06886   -16.89226    85.06034
    24  O   6.0  -0.119   1.074    35.06009   -16.20251    84.27800
    25  C   4.0  -0.247   4.024    37.08587   -19.19017    86.78755
    26  N   5.0  -0.416   3.169    47.31307   -15.38804    87.66817
    27  C   4.0   0.079   3.468    45.39122   -17.06989    88.21052
    28  C   4.0  -0.097   4.152    46.15845   -19.24686    89.90938
    29  C   4.0  -0.098   4.205    49.06862   -18.67994    90.06056
    30  C   4.0   0.107   3.397    49.39366   -16.09291    88.93428
    31  C   4.0  -0.238   4.050    44.67123   -19.02198    92.38870
    32  C   4.0  -0.161   4.039    50.66166   -20.68494    88.64893
    33  C   4.0  -0.236   3.993    53.04083   -21.64114    90.25142
    34  N   5.0  -0.408   3.197    50.37631   -10.98876    86.85936
    35  C   4.0   0.055   3.699    52.26226   -12.36070    88.07068
    36  C   4.0   0.022   3.241    54.62442   -11.11915    88.28800
    37  C   4.0  -0.001   3.519    54.30128    -9.14060    86.62504
    38  C   4.0   0.081   3.816    51.77282    -9.21997    85.74065
    39  C   4.0  -0.242   3.995    57.17555   -12.28700    89.46530
    40  C   4.0   0.098   3.249    55.58251    -7.02033    85.44585
    41  O   6.0  -0.085   1.043    57.77648    -6.23043    85.82190
    42  C   4.0  -0.119   4.236    53.70979    -5.88650    83.61281
    43  C   4.0   0.175   3.191    53.43200    -3.20309    84.41028
    44  O   6.0  -0.093   1.048    54.42222    -1.36816    83.37093
    45  O   6.0  -0.119   2.037    51.71802    -2.85160    86.30189
    46  C   4.0  -0.199   4.032    51.35519    -0.24000    87.17873
    47  C   4.0  -0.132   4.072    48.25604     0.35527    71.60361
    48  C   4.0  -0.052   3.113    46.23592    -1.32659    70.75134
    49  C   4.0   0.019   3.070    46.30962    -3.66607    69.65152
    50  C   4.0  -0.247   4.026    48.78328    -5.24588    69.26413
    51  C   4.0  -0.175   4.070    43.88700    -5.05313    69.14318
    52  C   4.0  -0.165   4.069    43.66401    -6.00177    66.30670
    53  C   4.0  -0.165   4.101    42.33742    -8.50944    66.06104
    54  C   4.0  -0.090   4.092    42.10498    -9.30312    63.33605
    55  C   4.0  -0.239   4.061    39.68613   -10.82057    62.87307
    56  C   4.0  -0.166   4.102    44.36699   -10.78089    62.46300
    57  C   4.0  -0.164   4.050    44.64856   -10.49365    59.55282
    58  C   4.0  -0.165   4.087    46.73292    -8.41495    58.85362
    59  C   4.0  -0.087   4.054    46.13010    -6.77278    56.60296
    60  C   4.0  -0.240   4.067    44.78273    -4.38605    57.44389
    61  C   4.0  -0.165   4.080    48.59430    -6.09437    55.18378
    62  C   4.0  -0.163   4.043    48.62832    -7.20741    52.46635
    63  C   4.0  -0.163   4.054    47.14866    -5.67107    50.39710
    64  C   4.0  -0.088   4.025    45.21925    -7.47009    49.01004
    65  C   4.0  -0.238   4.039    46.05073    -8.05401    46.29829
    66  C   4.0  -0.239   4.043    42.57742    -6.19641    49.04784
    67  H   1.0   0.071   1.007    41.29996    -8.76077    80.37760
    68  H   1.0   0.072   1.010    41.94814   -18.59301    87.83635
    69  H   1.0   0.071   1.006    53.23736   -15.52221    90.18906
    70  H   1.0   0.085   1.009    48.38454    -3.23332    81.64939
    71  H   1.0   0.085   1.008    44.56919    -5.78634    78.67118
    72  H   1.0   0.081   0.999    44.48226    -2.03523    82.55268
    73  H   1.0   0.081   1.000    42.37521    -4.32180    83.45219
    74  H   1.0   0.080   0.997    41.91601    -2.84215    80.52122
    75  H   1.0   0.083   1.004    48.14077    -5.97909    76.82303
    76  H   1.0   0.083   1.005    51.02071    -6.67640    78.56536
    77  H   1.0   0.082   1.005    52.28683    -3.36560    76.42430
    78  H   1.0   0.083   1.006    51.01126    -1.62894    79.08692
    79  H   1.0   0.080   0.999    37.79830   -10.83569    79.77289
    80  H   1.0   0.080   0.999    36.57376    -9.92484    82.66228
    81  H   1.0   0.080   0.999    35.47583   -12.68762    81.29412
    82  H   1.0   0.080   0.999    37.82475   -18.71585    88.65082
    83  H   1.0   0.081   1.002    38.40112   -20.43928    85.81246
    84  H   1.0   0.081   1.002    35.09032   -19.67961    86.92172
    85  H   1.0   0.084   1.007    45.69735   -21.04210    89.01176
    86  H   1.0   0.086   1.009    49.56373   -18.79332    92.05611
    87  H   1.0   0.081   1.000    42.70025   -19.36402    91.89737
    88  H   1.0   0.081   1.000    45.20224   -17.23430    93.26364
    89  H   1.0   0.081   1.002    45.27027   -20.72840    93.37325
    90  H   1.0   0.082   1.004    51.22102   -19.80433    86.87448
    91  H   1.0   0.081   1.001    49.59397   -22.34601    88.06123
    92  H   1.0   0.079   0.997    52.99170   -23.69149    90.45929
    93  H   1.0   0.080   0.997    52.93311   -21.16493    92.25264
    94  H   1.0   0.079   0.996    54.86630   -21.02320    89.52577
    95  H   1.0   0.079   0.997    58.30371   -10.83191    90.38937
    96  H   1.0   0.080   0.998    58.13553   -13.37359    88.00454
    97  H   1.0   0.080   0.998    56.76548   -13.89138    90.68984
    98  H   1.0   0.086   1.011    54.71890    -6.10193    81.83080
    99  H   1.0   0.080   0.996    50.63521     0.96565    85.67262
   100  H   1.0   0.080   0.996    53.07673     0.70865    87.79100
   101  H   1.0   0.080   0.995    50.21002    -0.13984    88.88704
   102  H   1.0   0.082   1.003    49.60531     0.57637    70.06159
   103  H   1.0   0.082   1.001    47.60031     2.10893    72.46154
   104  H   1.0   0.071   1.005    44.41612    -0.45731    71.16897
   105  H   1.0   0.080   0.998    49.69979    -5.62004    71.07070
   106  H   1.0   0.080   0.999    50.13254    -3.99110    68.34383
   107  H   1.0   0.081   0.998    48.50360    -6.86915    68.03013
   108  H   1.0   0.083   1.009    42.42057    -3.60749    69.09594
   109  H   1.0   0.082   1.003    43.68479    -6.58569    70.50568
   110  H   1.0   0.082   1.003    45.45925    -5.99232    65.29570
   111  H   1.0   0.083   1.007    42.41868    -4.78290    65.20877
   112  H   1.0   0.083   1.005    40.47793    -8.36015    66.93220
   113  H   1.0   0.084   1.011    43.72637    -9.70563    67.00212
   114  H   1.0   0.085   1.015    42.18813    -7.70630    62.03781
   115  H   1.0   0.081   1.000    38.34632    -9.45241    62.11529
   116  H   1.0   0.081   0.998    38.88489   -11.57646    64.61351
   117  H   1.0   0.080   0.997    39.58598   -12.33802    61.48412
   118  H   1.0   0.083   1.004    44.19124   -12.81234    62.75024
   119  H   1.0   0.083   1.005    46.05451   -10.01555    63.36062
   120  H   1.0   0.082   1.001    42.90623   -10.10814    58.52481
   121  H   1.0   0.082   1.004    45.41956   -12.30779    58.95756
   122  H   1.0   0.083   1.007    48.25793    -9.76232    58.53426
   123  H   1.0   0.082   1.001    47.44535    -7.44930    60.52792
   124  H   1.0   0.084   1.012    44.60131    -7.66662    55.55038
   125  H   1.0   0.081   0.998    43.69991    -4.54479    59.18811
   126  H   1.0   0.081   1.000    43.61865    -3.73977    55.87164
   127  H   1.0   0.081   1.001    46.25671    -2.95742    57.62719
   128  H   1.0   0.082   1.004    50.28561    -6.88616    56.05305
   129  H   1.0   0.082   1.002    49.14232    -4.11582    55.01937
   130  H   1.0   0.082   1.004    47.92345    -9.13305    52.65154
   131  H   1.0   0.082   1.004    50.62387    -7.16962    51.95613
   132  H   1.0   0.082   1.003    48.65477    -5.02856    49.14799
   133  H   1.0   0.082   1.001    46.20758    -3.97409    51.08874
   134  H   1.0   0.083   1.008    44.96603    -9.29745    49.92467
   135  H   1.0   0.081   1.001    44.65233    -7.14127    45.09075
   136  H   1.0   0.080   0.998    46.01105   -10.08736    45.96569
   137  H   1.0   0.080   0.998    48.01794    -7.60048    45.89199
   138  H   1.0   0.080   0.998    41.49082    -6.58192    47.34141
   139  H   1.0   0.080   0.999    42.77773    -4.14984    49.18012
   140  H   1.0   0.080   0.999    41.66468    -6.92774    50.74481
 
  Z AO/shell   Hii/eV     exponent
  1     Sat Feb 20 21:38:01 CET 2016    EN: 2.327 GAM: 0.473  GM3: 0.0000
     1s    -13.751157    1.051071
  6     Sat Feb 20 21:38:01 CET 2016    EN: 2.731 GAM: 0.422  GM3: 0.0000
     2s    -19.378245    2.021003
     2p    -11.993376    1.497917
  7     Sat Feb 20 21:38:01 CET 2016    EN: 3.573 GAM: 0.504  GM3: 0.0000
     2s    -21.576984    2.275442
     2p    -16.125120    2.056788
  8     Sat Feb 20 21:38:01 CET 2016    EN: 3.700 GAM: 0.587  GM3: 0.0000
     2s    -21.648843    2.110798
     2p    -17.239740    2.329048
 12     Sat Feb 20 23:25:47 CET 2016    EN: 0.033 GAM: 0.222  GM3: 0.0000
     3s    -12.693633    1.302878
     3p     -8.128821    0.504252
 
 dipole moment of classical point charges (au)
     X       Y       Z   
   0.0521  -0.0312   0.1282  total (Debye):    0.360

 
 Nbf   :          338
 T(el) :   300.0
 calculating S/T integrals ...
 cpu time for ints   0.199546000000000     
 Nao   :          338
 making H0...
 making H1...
 cpu time for H      8.599000000000023E-003
 solving ...
 cpu time for diag   6.142300000000001E-002
 
 gap (eV)           :   1.287
 Koopmans IP (eV)   :  12.090
 Eel (Eh)           :  -268.633185
 T,E(Fermi),NFOD :    300.000   -11.447  0.000000
 T,E(Fermi),NFOD :    300.000   -11.447  0.000000
 Nfod               :  0.0000
 Nfod/Nel           :  0.0000

          eigenvalues
 #    :         164        165        166        167        168        169        170        171
 occ. :        2.000      2.000      2.000      2.000      2.000      2.000      2.000      2.000
 eps  :       -16.266    -16.250    -15.996    -15.830    -15.591    -15.457    -15.388    -15.204
 #    :         172        173        174        175        176        177        178        179
 occ. :        2.000      2.000      2.000      2.000      2.000      0.000      0.000      0.000
 eps  :       -14.942    -14.838    -14.661    -13.222    -12.091    -10.804     -9.891     -8.854
 #    :         180        181        182        183        184        185        186        187
 occ. :        0.000      0.000      0.000      0.000      0.000      0.000      0.000      0.000
 eps  :        -8.182     -7.964     -7.660     -7.367     -7.314     -7.276     -6.821     -6.759
                            1  SCC done.
 making H1...
 cpu time for H      7.341999999999999E-002
 solving ...
 cpu time for diag   4.181199999999996E-002
 
 gap (eV)           :   1.527
 Koopmans IP (eV)   :  11.984
 Eel (Eh)           :  -266.053315
 T,E(Fermi),NFOD :    300.000   -11.220  0.000000
 T,E(Fermi),NFOD :    300.000   -11.220  0.000000
 Nfod               :  0.0000
 Nfod/Nel           :  0.0000

          eigenvalues
 #    :         164        165        166        167        168        169        170        171
 occ. :        2.000      2.000      2.000      2.000      2.000      2.000      2.000      2.000
 eps  :       -15.297    -15.266    -15.130    -14.819    -14.657    -14.480    -14.409    -14.310
 #    :         172        173        174        175        176        177        178        179
 occ. :        2.000      2.000      2.000      2.000      2.000      0.000      0.000      0.000
 eps  :       -14.204    -14.057    -13.834    -12.721    -11.985    -10.457     -9.359     -8.577
 #    :         180        181        182        183        184        185        186        187
 occ. :        0.000      0.000      0.000      0.000      0.000      0.000      0.000      0.000
 eps  :        -7.992     -7.832     -7.684     -7.229     -7.211     -7.134     -6.789     -6.620
                            2  SCC done.
 
 
 Mulliken/CM5 charges    n(s)   n(p)   n(d)   
    1 MG  0.3204  0.7701   0.652  1.028  0.000
    2 C  -0.0029  0.0015   1.183  2.819  0.000
    3 C  -0.0358 -0.0787   1.128  2.908  0.000
    4 C  -0.0382 -0.0803   1.121  2.917  0.000
    5 C  -0.0413 -0.0822   1.131  2.910  0.000
    6 N  -0.1575 -0.4047   1.399  3.759  0.000
    7 C   0.0184  0.0759   1.249  2.733  0.000
    8 C  -0.0302 -0.0848   1.211  2.819  0.000
    9 C  -0.0239 -0.0796   1.197  2.827  0.000
   10 C   0.0561  0.1172   1.208  2.736  0.000
   11 C  -0.0942 -0.2422   1.104  2.990  0.000
   12 C  -0.0402 -0.1471   1.157  2.883  0.000
   13 C  -0.0632 -0.1637   1.149  2.914  0.000
   14 C   0.2304  0.2832   1.177  2.592  0.000
   15 O  -0.2703 -0.3207   1.622  4.649  0.000
   16 O  -0.1652 -0.2506   1.466  4.699  0.000
   17 N  -0.2171 -0.5153   1.363  3.854  0.000
   18 C   0.0393  0.1090   1.181  2.780  0.000
   19 C  -0.0079 -0.0108   1.196  2.812  0.000
   20 C  -0.0769 -0.0696   1.220  2.856  0.000
   21 C   0.0185  0.0845   1.208  2.774  0.000
   22 C  -0.0699 -0.2133   1.075  2.995  0.000
   23 C   0.1521  0.1770   1.215  2.633  0.000
   24 O  -0.2352 -0.2911   1.612  4.624  0.000
   25 C  -0.0834 -0.2256   1.097  2.986  0.000
   26 N  -0.1819 -0.4590   1.411  3.771  0.000
   27 C   0.0272  0.0803   1.215  2.758  0.000
   28 C  -0.0213 -0.0826   1.196  2.825  0.000
   29 C  -0.0216 -0.0761   1.196  2.826  0.000
   30 C   0.0504  0.1131   1.215  2.735  0.000
   31 C  -0.0786 -0.2270   1.104  2.975  0.000
   32 C  -0.0601 -0.1682   1.162  2.898  0.000
   33 C  -0.1059 -0.2565   1.104  3.002  0.000
   34 N  -0.2124 -0.4881   1.418  3.794  0.000
   35 C   0.0284  0.0871   1.199  2.773  0.000
   36 C  -0.0185 -0.0221   1.232  2.786  0.000
   37 C  -0.0521 -0.0447   1.185  2.867  0.000
   38 C   0.0227  0.0961   1.200  2.777  0.000
   39 C  -0.0699 -0.2139   1.090  2.980  0.000
   40 C   0.1259  0.1550   1.205  2.669  0.000
   41 O  -0.2427 -0.2833   1.640  4.603  0.000
   42 C   0.0004 -0.0424   1.168  2.831  0.000
   43 C   0.2191  0.2733   1.184  2.597  0.000
   44 O  -0.2852 -0.3326   1.632  4.653  0.000
   45 O  -0.1415 -0.2182   1.483  4.658  0.000
   46 C   0.0144 -0.1090   1.085  2.901  0.000
   47 C   0.0602 -0.0183   1.127  2.813  0.000
   48 C  -0.0725 -0.1284   1.153  2.920  0.000
   49 C  -0.0263 -0.0489   1.226  2.801  0.000
   50 C  -0.0960 -0.2412   1.088  3.008  0.000
   51 C  -0.0475 -0.1525   1.137  2.911  0.000
   52 C  -0.0763 -0.1908   1.155  2.921  0.000
   53 C  -0.0556 -0.1676   1.140  2.915  0.000
   54 C  -0.0126 -0.0877   1.185  2.828  0.000
   55 C  -0.1106 -0.2610   1.101  3.010  0.000
   56 C  -0.0671 -0.1796   1.155  2.912  0.000
   57 C  -0.0786 -0.1931   1.168  2.910  0.000
   58 C  -0.0935 -0.2045   1.162  2.932  0.000
   59 C  -0.0078 -0.0807   1.186  2.822  0.000
   60 C  -0.1082 -0.2595   1.105  3.003  0.000
   61 C  -0.0696 -0.1803   1.158  2.912  0.000
   62 C  -0.0718 -0.1841   1.160  2.912  0.000
   63 C  -0.0750 -0.1841   1.166  2.909  0.000
   64 C  -0.0238 -0.0992   1.202  2.822  0.000
   65 C  -0.1079 -0.2582   1.103  3.005  0.000
   66 C  -0.1042 -0.2553   1.109  2.996  0.000
   67 H   0.0569  0.1165   0.943  0.000  0.000
   68 H   0.0544  0.1155   0.946  0.000  0.000
   69 H   0.0509  0.1103   0.949  0.000  0.000
   70 H   0.0540  0.1187   0.946  0.000  0.000
   71 H   0.0434  0.1049   0.957  0.000  0.000
   72 H   0.0342  0.0873   0.966  0.000  0.000
   73 H   0.0325  0.0866   0.968  0.000  0.000
   74 H   0.0397  0.0910   0.960  0.000  0.000
   75 H   0.0442  0.1027   0.956  0.000  0.000
   76 H   0.0502  0.1086   0.950  0.000  0.000
   77 H   0.0464  0.1066   0.954  0.000  0.000
   78 H   0.0483  0.1104   0.952  0.000  0.000
   79 H   0.0455  0.0986   0.954  0.000  0.000
   80 H   0.0474  0.1003   0.953  0.000  0.000
   81 H   0.0447  0.1010   0.955  0.000  0.000
   82 H   0.0491  0.1023   0.951  0.000  0.000
   83 H   0.0536  0.1081   0.946  0.000  0.000
   84 H   0.0575  0.1157   0.943  0.000  0.000
   85 H   0.0501  0.1105   0.950  0.000  0.000
   86 H   0.0462  0.1084   0.954  0.000  0.000
   87 H   0.0486  0.1022   0.951  0.000  0.000
   88 H   0.0490  0.1032   0.951  0.000  0.000
   89 H   0.0354  0.0887   0.965  0.000  0.000
   90 H   0.0382  0.0961   0.962  0.000  0.000
   91 H   0.0386  0.0939   0.961  0.000  0.000
   92 H   0.0325  0.0832   0.967  0.000  0.000
   93 H   0.0312  0.0826   0.969  0.000  0.000
   94 H   0.0376  0.0883   0.962  0.000  0.000
   95 H   0.0605  0.1120   0.939  0.000  0.000
   96 H   0.0503  0.1021   0.950  0.000  0.000
   97 H   0.0458  0.0977   0.954  0.000  0.000
   98 H   0.0786  0.1444   0.921  0.000  0.000
   99 H   0.0521  0.1127   0.948  0.000  0.000
  100 H   0.0479  0.1075   0.952  0.000  0.000
  101 H   0.0528  0.1101   0.947  0.000  0.000
  102 H   0.0498  0.1155   0.950  0.000  0.000
  103 H   0.0647  0.1325   0.935  0.000  0.000
  104 H   0.0332  0.0916   0.967  0.000  0.000
  105 H   0.0464  0.1004   0.954  0.000  0.000
  106 H   0.0337  0.0871   0.966  0.000  0.000
  107 H   0.0474  0.1002   0.953  0.000  0.000
  108 H   0.0457  0.1040   0.954  0.000  0.000
  109 H   0.0529  0.1091   0.947  0.000  0.000
  110 H   0.0292  0.0863   0.971  0.000  0.000
  111 H   0.0198  0.0769   0.980  0.000  0.000
  112 H   0.0400  0.0972   0.960  0.000  0.000
  113 H   0.0292  0.0885   0.971  0.000  0.000
  114 H   0.0406  0.1041   0.959  0.000  0.000
  115 H   0.0248  0.0773   0.975  0.000  0.000
  116 H   0.0279  0.0804   0.972  0.000  0.000
  117 H   0.0394  0.0910   0.961  0.000  0.000
  118 H   0.0314  0.0880   0.969  0.000  0.000
  119 H   0.0382  0.0964   0.962  0.000  0.000
  120 H   0.0328  0.0892   0.967  0.000  0.000
  121 H   0.0338  0.0894   0.966  0.000  0.000
  122 H   0.0290  0.0864   0.971  0.000  0.000
  123 H   0.0318  0.0880   0.968  0.000  0.000
  124 H   0.0459  0.1074   0.954  0.000  0.000
  125 H   0.0379  0.0905   0.962  0.000  0.000
  126 H   0.0314  0.0839   0.969  0.000  0.000
  127 H   0.0206  0.0746   0.979  0.000  0.000
  128 H   0.0383  0.0947   0.962  0.000  0.000
  129 H   0.0366  0.0924   0.963  0.000  0.000
  130 H   0.0328  0.0900   0.967  0.000  0.000
  131 H   0.0365  0.0921   0.963  0.000  0.000
  132 H   0.0354  0.0916   0.965  0.000  0.000
  133 H   0.0400  0.0962   0.960  0.000  0.000
  134 H   0.0396  0.0989   0.960  0.000  0.000
  135 H   0.0348  0.0885   0.965  0.000  0.000
  136 H   0.0295  0.0811   0.970  0.000  0.000
  137 H   0.0350  0.0871   0.965  0.000  0.000
  138 H   0.0368  0.0889   0.963  0.000  0.000
  139 H   0.0299  0.0826   0.970  0.000  0.000
  140 H   0.0347  0.0869   0.965  0.000  0.000
 Hirshfeld charges for QMDFF written to <charges>
 
 Loewdin charges    n(s)   n(p)   n(d)
    1 MG  0.1599   0.663  1.177  0.000
    2 C  -0.0020   1.144  2.858  0.000
    3 C  -0.0330   1.076  2.957  0.000
    4 C  -0.0364   1.067  2.969  0.000
    5 C  -0.0402   1.079  2.961  0.000
    6 N  -0.1238   1.356  3.768  0.000
    7 C   0.0201   1.214  2.766  0.000
    8 C  -0.0251   1.165  2.860  0.000
    9 C  -0.0166   1.149  2.867  0.000
   10 C   0.0617   1.169  2.769  0.000
   11 C  -0.0971   1.033  3.064  0.000
   12 C  -0.0332   1.097  2.936  0.000
   13 C  -0.0635   1.090  2.973  0.000
   14 C   0.2047   1.152  2.643  0.000
   15 O  -0.2539   1.589  4.665  0.000
   16 O  -0.1298   1.431  4.699  0.000
   17 N  -0.1797   1.316  3.864  0.000
   18 C   0.0402   1.142  2.817  0.000
   19 C  -0.0002   1.154  2.846  0.000
   20 C  -0.0846   1.185  2.899  0.000
   21 C   0.0216   1.169  2.809  0.000
   22 C  -0.0715   1.000  3.071  0.000
   23 C   0.1464   1.180  2.674  0.000
   24 O  -0.2164   1.578  4.639  0.000
   25 C  -0.0866   1.024  3.063  0.000
   26 N  -0.1454   1.366  3.779  0.000
   27 C   0.0326   1.175  2.792  0.000
   28 C  -0.0122   1.148  2.864  0.000
   29 C  -0.0153   1.148  2.867  0.000
   30 C   0.0547   1.177  2.768  0.000
   31 C  -0.0793   1.032  3.048  0.000
   32 C  -0.0546   1.103  2.951  0.000
   33 C  -0.1084   1.033  3.076  0.000
   34 N  -0.1821   1.376  3.806  0.000
   35 C   0.0319   1.160  2.808  0.000
   36 C  -0.0142   1.193  2.822  0.000
   37 C  -0.0583   1.146  2.912  0.000
   38 C   0.0266   1.162  2.812  0.000
   39 C  -0.0690   1.016  3.053  0.000
   40 C   0.1236   1.171  2.706  0.000
   41 O  -0.2310   1.613  4.618  0.000
   42 C   0.0025   1.118  2.880  0.000
   43 C   0.1962   1.158  2.645  0.000
   44 O  -0.2733   1.604  4.669  0.000
   45 O  -0.1061   1.448  4.658  0.000
   46 C   0.0063   1.015  2.978  0.000
   47 C   0.0581   1.067  2.875  0.000
   48 C  -0.0717   1.104  2.968  0.000
   49 C  -0.0159   1.185  2.831  0.000
   50 C  -0.0989   1.015  3.084  0.000
   51 C  -0.0425   1.076  2.966  0.000
   52 C  -0.0737   1.098  2.976  0.000
   53 C  -0.0516   1.081  2.971  0.000
   54 C  -0.0027   1.136  2.867  0.000
   55 C  -0.1155   1.031  3.085  0.000
   56 C  -0.0645   1.098  2.967  0.000
   57 C  -0.0743   1.112  2.963  0.000
   58 C  -0.0935   1.106  2.988  0.000
   59 C   0.0035   1.136  2.860  0.000
   60 C  -0.1136   1.035  3.079  0.000
   61 C  -0.0670   1.100  2.967  0.000
   62 C  -0.0672   1.102  2.965  0.000
   63 C  -0.0729   1.109  2.964  0.000
   64 C  -0.0121   1.154  2.858  0.000
   65 C  -0.1126   1.033  3.080  0.000
   66 C  -0.1082   1.038  3.070  0.000
   67 H   0.0521   0.948  0.000  0.000
   68 H   0.0508   0.949  0.000  0.000
   69 H   0.0460   0.954  0.000  0.000
   70 H   0.0481   0.952  0.000  0.000
   71 H   0.0384   0.962  0.000  0.000
   72 H   0.0347   0.965  0.000  0.000
   73 H   0.0339   0.966  0.000  0.000
   74 H   0.0389   0.961  0.000  0.000
   75 H   0.0406   0.959  0.000  0.000
   76 H   0.0464   0.954  0.000  0.000
   77 H   0.0426   0.957  0.000  0.000
   78 H   0.0443   0.956  0.000  0.000
   79 H   0.0454   0.955  0.000  0.000
   80 H   0.0465   0.954  0.000  0.000
   81 H   0.0426   0.957  0.000  0.000
   82 H   0.0488   0.951  0.000  0.000
   83 H   0.0524   0.948  0.000  0.000
   84 H   0.0542   0.946  0.000  0.000
   85 H   0.0444   0.956  0.000  0.000
   86 H   0.0407   0.959  0.000  0.000
   87 H   0.0481   0.952  0.000  0.000
   88 H   0.0477   0.952  0.000  0.000
   89 H   0.0351   0.965  0.000  0.000
   90 H   0.0355   0.965  0.000  0.000
   91 H   0.0361   0.964  0.000  0.000
   92 H   0.0330   0.967  0.000  0.000
   93 H   0.0328   0.967  0.000  0.000
   94 H   0.0369   0.963  0.000  0.000
   95 H   0.0570   0.943  0.000  0.000
   96 H   0.0488   0.951  0.000  0.000
   97 H   0.0462   0.954  0.000  0.000
   98 H   0.0685   0.931  0.000  0.000
   99 H   0.0481   0.952  0.000  0.000
  100 H   0.0445   0.955  0.000  0.000
  101 H   0.0495   0.950  0.000  0.000
  102 H   0.0433   0.957  0.000  0.000
  103 H   0.0566   0.943  0.000  0.000
  104 H   0.0276   0.972  0.000  0.000
  105 H   0.0451   0.955  0.000  0.000
  106 H   0.0340   0.966  0.000  0.000
  107 H   0.0467   0.953  0.000  0.000
  108 H   0.0419   0.958  0.000  0.000
  109 H   0.0486   0.951  0.000  0.000
  110 H   0.0278   0.972  0.000  0.000
  111 H   0.0184   0.982  0.000  0.000
  112 H   0.0368   0.963  0.000  0.000
  113 H   0.0268   0.973  0.000  0.000
  114 H   0.0361   0.964  0.000  0.000
  115 H   0.0257   0.974  0.000  0.000
  116 H   0.0289   0.971  0.000  0.000
  117 H   0.0398   0.960  0.000  0.000
  118 H   0.0290   0.971  0.000  0.000
  119 H   0.0366   0.963  0.000  0.000
  120 H   0.0312   0.969  0.000  0.000
  121 H   0.0320   0.968  0.000  0.000
  122 H   0.0282   0.972  0.000  0.000
  123 H   0.0308   0.969  0.000  0.000
  124 H   0.0405   0.959  0.000  0.000
  125 H   0.0382   0.962  0.000  0.000
  126 H   0.0318   0.968  0.000  0.000
  127 H   0.0222   0.978  0.000  0.000
  128 H   0.0364   0.964  0.000  0.000
  129 H   0.0348   0.965  0.000  0.000
  130 H   0.0308   0.969  0.000  0.000
  131 H   0.0342   0.966  0.000  0.000
  132 H   0.0334   0.967  0.000  0.000
  133 H   0.0379   0.962  0.000  0.000
  134 H   0.0350   0.965  0.000  0.000
  135 H   0.0354   0.965  0.000  0.000
  136 H   0.0300   0.970  0.000  0.000
  137 H   0.0356   0.964  0.000  0.000
  138 H   0.0374   0.963  0.000  0.000
  139 H   0.0309   0.969  0.000  0.000
  140 H   0.0345   0.966  0.000  0.000
 
 Wiberg/Mayer (AO) data. WBOs > 0.1 written file <wbo>
 largest (>0.05) Wiberg bond orders for each atom
           total WBO             WBO to atom ...
     1  MG  2.521    N   17 0.508    N   34 0.475    N   26 0.426    N    6 0.389    C   10 0.054    C   18 0.052    C   21 0.052
     2  C   3.895    C    7 1.368    C   38 1.238    C   42 0.960
     3  C   3.904    C   10 1.418    C   18 1.220    H   67 0.938
     4  C   3.938    C   27 1.532    C   21 1.210    H   68 0.927
     5  C   3.908    C   30 1.381    C   35 1.306    H   69 0.934
     6  N   3.332    C   10 1.270    C    7 1.217    MG   1 0.389
     7  C   3.851    C    2 1.368    N    6 1.217    C    8 0.961
     8  C   3.927    C    7 0.961    C   12 0.943    C    9 0.932    H   70 0.932
     9  C   3.938    C   11 0.971    C   10 0.947    H   71 0.942    C    8 0.932
    10  C   3.871    C    3 1.418    N    6 1.270    C    9 0.947    MG   1 0.054
    11  C   3.971    H   74 0.979    H   72 0.976    H   73 0.974    C    9 0.971
    12  C   3.950    C   13 0.981    H   75 0.961    H   76 0.956    C    8 0.943
    13  C   3.966    C   12 0.981    H   77 0.961    H   78 0.951    C   14 0.916    O   15 0.088
    14  C   3.890    O   15 1.846    O   16 1.090    C   13 0.916
    15  O   2.152    C   14 1.846    O   16 0.167    C   13 0.088
    16  O   2.308    C   14 1.090    C   47 0.937    O   15 0.167
    17  N   3.344    C   18 1.211    C   21 1.208    MG   1 0.508    C   20 0.068    C   19 0.052
    18  C   3.871    C    3 1.220    N   17 1.211    C   19 1.175    MG   1 0.052
    19  C   3.874    C   20 1.441    C   18 1.175    C   22 1.002    N   17 0.052
    20  C   3.880    C   19 1.441    C   21 1.127    C   23 0.944    O   24 0.082    N   17 0.068
    21  C   3.846    C    4 1.210    N   17 1.208    C   20 1.127    N   26 0.053    MG   1 0.052
    22  C   3.980    C   19 1.002    H   81 0.973    H   79 0.968    H   80 0.961
    23  C   3.871    O   24 1.876    C   25 0.958    C   20 0.944
    24  O   2.183    C   23 1.876    C   20 0.082    C   25 0.075
    25  C   3.983    H   84 0.970    H   82 0.963    H   83 0.963    C   23 0.958    O   24 0.075
    26  N   3.336    C   30 1.275    C   27 1.154    MG   1 0.426    C   21 0.053
    27  C   3.866    C    4 1.532    N   26 1.154    C   28 0.933
    28  C   3.938    C   31 0.978    C   29 0.944    H   85 0.940    C   27 0.933
    29  C   3.939    C   32 0.955    C   30 0.949    C   28 0.944    H   86 0.938
    30  C   3.860    C    5 1.381    N   26 1.275    C   29 0.949
    31  C   3.976    H   89 0.979    C   28 0.978    H   88 0.977    H   87 0.972
    32  C   3.943    C   33 0.985    H   90 0.966    H   91 0.965    C   29 0.955
    33  C   3.971    C   32 0.985    H   94 0.984    H   92 0.984    H   93 0.980
    34  N   3.280    C   38 1.236    C   35 1.107    MG   1 0.475    C   37 0.060    C   36 0.052
    35  C   3.874    C    5 1.306    C   36 1.211    N   34 1.107
    36  C   3.840    C   37 1.393    C   35 1.211    C   39 0.946    O   41 0.055    N   34 0.052
    37  C   3.902    C   36 1.393    C   38 1.129    C   40 1.059    O   41 0.066    N   34 0.060
    38  C   3.889    C    2 1.238    N   34 1.236    C   37 1.129
    39  C   3.967    H   95 0.979    H   97 0.979    H   96 0.972    C   36 0.946
    40  C   3.891    O   41 1.779    C   37 1.059    C   42 0.893
    41  O   2.105    C   40 1.779    C   42 0.071    C   37 0.066    C   36 0.055
    42  C   3.953    C    2 0.960    C   43 0.921    H   98 0.914    C   40 0.893    O   41 0.071    O   44 0.067
    43  C   3.894    O   44 1.793    O   45 1.099    C   42 0.921
    44  O   2.105    C   43 1.793    O   45 0.165    C   42 0.067
    45  O   2.307    C   43 1.099    C   46 0.970    O   44 0.165
    46  C   3.941    H  101 0.988    H  100 0.983    H   99 0.983    O   45 0.970
    47  C   3.937    C   48 1.017    H  102 0.963    H  103 0.960    O   16 0.937
    48  C   3.962    C   49 1.876    C   47 1.017    H  104 0.936
    49  C   3.929    C   48 1.876    C   51 0.992    C   50 0.965
    50  C   3.985    H  107 0.980    H  106 0.977    H  105 0.971    C   49 0.965
    51  C   3.972    C   49 0.992    H  108 0.964    H  109 0.954    C   52 0.953
    52  C   3.961    C   53 0.999    H  111 0.973    H  110 0.966    C   51 0.953
    53  C   3.972    C   52 0.999    C   54 0.973    H  113 0.964    H  112 0.961
    54  C   3.948    C   56 0.987    C   55 0.981    C   53 0.973    H  114 0.943
    55  C   3.976    H  115 0.983    C   54 0.981    H  116 0.980    H  117 0.974
    56  C   3.967    C   54 0.987    C   57 0.982    H  118 0.960    H  119 0.957
    57  C   3.958    C   56 0.982    H  121 0.973    H  120 0.967    C   58 0.964
    58  C   3.954    C   59 0.985    H  122 0.966    C   57 0.964    H  123 0.959
    59  C   3.949    C   60 0.994    C   58 0.985    C   61 0.961    H  124 0.947
    60  C   3.982    C   59 0.994    H  127 0.980    H  126 0.979    H  125 0.972
    61  C   3.957    C   62 0.985    C   59 0.961    H  129 0.960    H  128 0.959
    62  C   3.964    C   61 0.985    C   63 0.979    H  130 0.967    H  131 0.967
    63  C   3.959    C   62 0.979    H  132 0.967    C   64 0.966    H  133 0.961
    64  C   3.943    C   65 0.993    C   66 0.990    C   63 0.966    H  134 0.954
    65  C   3.981    C   64 0.993    H  136 0.981    H  135 0.976    H  137 0.976
    66  C   3.982    C   64 0.990    H  140 0.981    H  139 0.980    H  138 0.973
    67  H   0.994    C    3 0.938
    68  H   0.993    C    4 0.927
    69  H   0.994    C    5 0.934
    70  H   0.995    C    8 0.932
    71  H   0.995    C    9 0.942
    72  H   0.997    C   11 0.976
    73  H   0.998    C   11 0.974
    74  H   0.997    C   11 0.979
    75  H   0.996    C   12 0.961
    76  H   0.995    C   12 0.956
    77  H   0.996    C   13 0.961
    78  H   0.997    C   13 0.951
    79  H   0.994    C   22 0.968
    80  H   0.991    C   22 0.961
    81  H   0.996    C   22 0.973
    82  H   0.997    C   25 0.963
    83  H   0.997    C   25 0.963
    84  H   0.994    C   25 0.970
    85  H   0.995    C   28 0.940
    86  H   0.996    C   29 0.938
    87  H   0.995    C   31 0.972
    88  H   0.997    C   31 0.977
    89  H   0.997    C   31 0.979
    90  H   0.998    C   32 0.966
    91  H   0.996    C   32 0.965
    92  H   0.998    C   33 0.984
    93  H   0.999    C   33 0.980
    94  H   0.998    C   33 0.984
    95  H   0.995    C   39 0.979
    96  H   0.993    C   39 0.972
    97  H   0.996    C   39 0.979
    98  H   0.989    C   42 0.914
    99  H   0.997    C   46 0.983
   100  H   0.998    C   46 0.983
   101  H   0.997    C   46 0.988
   102  H   0.997    C   47 0.963
   103  H   0.995    C   47 0.960
   104  H   0.999    C   48 0.936
   105  H   0.998    C   50 0.971
   106  H   0.999    C   50 0.977
   107  H   0.998    C   50 0.980
   108  H   0.998    C   51 0.964
   109  H   0.997    C   51 0.954
   110  H   0.999    C   52 0.966
   111  H   0.999    C   52 0.973
   112  H   0.998    C   53 0.961
   113  H   0.999    C   53 0.964
   114  H   0.998    C   54 0.943
   115  H   0.999    C   55 0.983
   116  H   0.999    C   55 0.980
   117  H   0.997    C   55 0.974
   118  H   0.998    C   56 0.960
   119  H   0.999    C   56 0.957
   120  H   0.999    C   57 0.967
   121  H   0.998    C   57 0.973
   122  H   0.999    C   58 0.966
   123  H   0.999    C   58 0.959
   124  H   0.998    C   59 0.947
   125  H   0.998    C   60 0.972
   126  H   0.999    C   60 0.979
   127  H   1.000    C   60 0.980
   128  H   0.997    C   61 0.959
   129  H   0.998    C   61 0.960
   130  H   0.999    C   62 0.967
   131  H   0.997    C   62 0.967
   132  H   0.998    C   63 0.967
   133  H   0.998    C   63 0.961
   134  H   0.998    C   64 0.954
   135  H   0.998    C   65 0.976
   136  H   0.999    C   65 0.981
   137  H   0.999    C   65 0.976
   138  H   0.998    C   66 0.973
   139  H   0.999    C   66 0.980
   140  H   0.999    C   66 0.981
 
 --------------------------------------------
          xTB calculation for sTDA...
 --------------------------------------------
 
 reading parameter file ~/.param_stda2.xtb
 
      method parameters     
 k(s)        :  1.6000
 k(p)        :  2.1800
 k(d)        :  1.9500
 k(f)        :  2.0000
 k(R-V)      :  2.2750
 k(R-R)      :  1.7650
 Tscal       :  0.2580
 Gscal       :  1.0000
 fpol        :  1.0000
 Zcnf        :  0.3430
 Zqf         :  0.0000
 kcn         :  2.7000
 Ryd Hsplit  :  0.7000
 lshift(virt):  3.1000
 lshift(OS)  :  0.2000
 wllscaling  :  2.6000
 
 mowrcut     : 3.000
 
  Z AO/shell   Hii/eV     exponent
  1     Sun Feb 14 09:53:25 CET 2016    EN: 2.327 GAM: 0.473  GM3: 0.0000
     1s    -14.339618    1.220000
     2sp    -3.348946    0.600000
  6     Sun Feb 14 09:53:25 CET 2016    EN: 2.731 GAM: 0.422  GM3: 0.0000
     2s    -22.009312    1.565095
     2p    -13.020408    1.596905
     3sp    -3.914040    0.824500
  7     Sun Feb 14 09:53:25 CET 2016    EN: 3.573 GAM: 0.504  GM3: 0.0000
     2s    -25.722000    2.064844
     2p    -18.684912    1.801692
     3sp    -4.344791    0.921400
  8     Sun Feb 14 09:53:25 CET 2016    EN: 3.700 GAM: 0.587  GM3: 0.0000
     2s    -33.859000    2.418661
     2p    -22.175911    1.973969
     3sp    -4.259392    1.013700
 12     Sun Feb 21 16:58:31 CET 2016    EN: 0.033 GAM: 0.222  GM3: 0.0000
     3s    -11.092543    1.647583
     3p     -6.929529    0.855020
 
 Nbf   :          894
 T(el) :     0.0
 calculating S/T integrals ...
 cpu time for ints    1.37241600000000     
 Nao   :          894
 making H0...
 making H1...
 cpu time for H      2.762900000000013E-002
 solving ...
 cpu time for diag   0.313279000000000     
 
 gap (eV)           :   4.630
 Koopmans IP (eV)   :  13.269
 Eel (Eh)           :  -301.215309

          eigenvalues
 #    :         164        165        166        167        168        169        170        171
 occ. :        2.000      2.000      2.000      2.000      2.000      2.000      2.000      2.000
 eps  :       -17.285    -17.193    -16.929    -16.374    -16.215    -16.081    -15.987    -15.702
 #    :         172        173        174        175        176        177        178        179
 occ. :        2.000      2.000      2.000      2.000      2.000      0.000      0.000      0.000
 eps  :       -15.523    -15.495    -15.159    -13.895    -13.270     -8.639     -6.962     -6.703
 #    :         180        181        182        183        184        185        186        187
 occ. :        0.000      0.000      0.000      0.000      0.000      0.000      0.000      0.000
 eps  :        -6.451     -6.094     -5.820     -5.528     -5.142     -5.116     -5.104     -5.032
                            1  SCC done.
 writing mo output ...
 molden style : F
 
speedup  1.27
cpu  time for all    2.32 s
wall time for all    1.83 s
