cpu-bind=MASK - bp1-compute142, task 4294967295 4294967295 [0]: mask 0x7ffffd507ffffd5 set
Host:    bp1-compute142.data.bp.acrc.priv
Time:    Thu Apr 28 06:22:28 BST 2022
Dir:     /user/home/of15641/chlorophyll_parameterization/tddft_data/step_1501_chromophore_2
Job ID:  1658355
Nodelist:
cat: bp1-compute142: No such file or directory
  
Result dir: /user/home/of15641/chlorophyll_parameterization/tddft_data/step_1501_chromophore_2
running gaussian jobs
Running time g16 < CAMB3LYP_step_1501_chromophore_2.com > CAMB3LYP_step_1501_chromophore_2.log

real	33m58.946s
user	802m11.053s
sys	1m32.177s
Running time g16 < PBE0_step_1501_chromophore_2.com > PBE0_step_1501_chromophore_2.log

real	25m4.077s
user	597m38.986s
sys	1m21.732s
Running time g16 < wB97XD_step_1501_chromophore_2.com > wB97XD_step_1501_chromophore_2.log

real	30m57.726s
user	730m43.803s
sys	1m11.375s
Running time g16 < BLYP_step_1501_chromophore_2.com > BLYP_step_1501_chromophore_2.log

real	15m53.406s
user	378m55.047s
sys	0m38.818s
Running time g16 < ZINDO_step_1501_chromophore_2.com > ZINDO_step_1501_chromophore_2.log

real	0m7.376s
user	2m43.647s
sys	0m2.524s
