 
        ______________________________________
       |                                      |
       |          ===================         |
       |             xTB for sTDA             |
       |          ===================         |
       |               S. Grimme              |
       |        Universitaet Bonn, MCTC       |
       |         2015-19, Version 1.0         |
       |     Wed Apr  3 09:14:55 CEST 2019    |
       |______________________________________|
 
        This code comes without any warranty
        for non-commercial, academia use only.
        Preliminary test version.
        Cite this work as:
        S. Grimme  &  C. Bannwarth, JCP 145 (2016) 054103
        if GBSA is used additionally:
        P. Shushkov, F. März, C. Bannwarth, S. Grimme, unpublished.
 
        with help from
        P. Shushkov, G. Brandenburg, S. Dohm, J. Pisarek,
        F. März, M. Checinski, S. Ehrlich, S. Spicher, 
        P. Pracht, E. Caldeweyher, S. Ehlert, and C. Bannwarth.
 
        usage        :
        xtb4stda <coord_file> [options]
        where <coord_file> is a valid file of TM)
        (*coord, Bohr) or xmol (*xyz, Angstroem)
        format.

        options:
        -chrg <int>   : molecular charge
        -uhf  <int>   : # of unpaired electrons(=2*S)
        -nox          : skip second, extended part in sTDA-xTB
        -pop          : do population analysis
                      : (default for -nox)
        -mowr <real>  : cut MO write above (def.3 Eh)
        -molden       : write formatted molden file
        -parx <file>  : read parameters for sTDA-xTB
                        calc (def:~/.param_stda2.xtb)
        -parv <file>  : read parameters for vTB part in
                        sTDA-xTB (def: ~/.param_stda1.xtb)
        -xtemp <real> : el. temp for xTB (def. 0 K)
        -etemp <real> : el. temp for GFN (def. 300 K)
        -fod          : calculate the FOD and write
                        molden.input file with
                        appropriate occupations
                        for plotting. Def. T=12500 K
 
        -acc <real>   : xTB accuracy (def. 1.0)
        -gbsa [string1] [string2]
                        use GBSA implicit solvent
                        for solvent [string1] and
                        solvation state [string2]=
                        reference, bar1M (default=1M)
        additional GFN/opt/MD/siman options read from
        $XTB4STDAHOME/.xtb4stdarc or $set in input
 
       spin and charge state information can be on:
       <.CHRG> (charge) and <.UHF> (=nalpha-nbeta)
       -uhf and -chrg override the file info.
       useful machine settings:
       setenv MKL_NUM_THREADS <NCORE_ON_YOUR_MACHINE>
       setenv OMP_STACKSIZE 500m
       limit stacksize unlimited
 
       total energies in Eh, gaps/HL energies in eV
       please read REVISION and HOWTO files carefully
 =============================
  # OMP threads =           4
 =============================
 
 xtb4stdahome directory:~/
 
 
 name of molecule           :
 comment line               :
 number of atoms            :   140
 number of electrons        :   352
 charge                     :  0
 spin                       : 0.0
 first test random number   :  0.0327
 
 -----------------------------------------
      charge density (VTB) calculation
 -----------------------------------------
 
      method parameters     
 k(s)        :  1.8000
 k(p)        :  2.8350
 k(d)        :  2.0860
 k(f)        :  2.0000
 Tscal       :  0.3300
 Gscal       :  0.3910
 fpol        :  1.0000
 Zcnf        :  0.6500
 Zqf         :  0.0000
 kcn         :  0.3000
 kEN1        : -0.5900
 wllscal     :  2.6000
 
     -------------------------
     ! NO SOLVENT MODEL USED !
     -------------------------
 
 doing EN charges ...
 sum q :  0.2442491D-14
 point charge moment (au)
     X       Y       Z   
  -0.8220   0.0663   0.0051  total (Debye):    2.096
 
            Z      q(EN)   CN      Cart. coordinates
     1  MG  2.0   0.962   4.890    77.77923    15.05356    55.99636
     2  C   4.0   0.026   3.346    80.63839    18.23208    60.94744
     3  C   4.0  -0.060   3.187    73.52168    12.48353    59.84951
     4  C   4.0  -0.057   3.136    74.91063    12.40983    50.81095
     5  C   4.0  -0.056   3.191    82.74732    16.91116    52.21502
     6  N   5.0  -0.418   3.193    77.11216    15.35780    59.93644
     7  C   4.0   0.083   3.368    78.40851    16.99053    61.62774
     8  C   4.0  -0.098   4.191    77.51089    16.40282    64.20155
     9  C   4.0  -0.095   4.163    75.24322    14.52821    63.84817
    10  C   4.0   0.119   3.385    75.36038    13.96696    60.99846
    11  C   4.0  -0.236   4.008    75.08637    12.26432    65.79837
    12  C   4.0  -0.164   4.111    76.87783    18.66293    65.83994
    13  C   4.0  -0.172   4.086    75.44920    18.25853    68.23611
    14  C   4.0   0.178   3.134    76.98744    18.79143    70.52079
    15  O   6.0  -0.090   1.045    78.24977    17.14170    71.61683
    16  O   6.0  -0.130   2.061    76.79657    21.24430    71.14629
    17  N   5.0  -0.424   3.191    74.66685    12.80478    55.43889
    18  C   4.0   0.075   3.461    73.07381    11.93929    57.28326
    19  C   4.0   0.014   3.213    71.06314    10.37271    56.32517
    20  C   4.0   0.002   3.256    71.34093    10.41995    53.64365
    21  C   4.0   0.061   3.400    73.64640    11.92984    53.11453
    22  C   4.0  -0.246   4.022    69.08838     9.11982    57.99569
    23  C   4.0   0.110   3.037    69.80648     9.25966    51.50448
    24  O   6.0  -0.104   1.049    70.54347     9.30312    49.31618
    25  C   4.0  -0.246   4.017    67.20810     8.10503    52.26037
    26  N   5.0  -0.397   3.159    79.05669    14.34491    52.09974
    27  C   4.0   0.090   3.363    77.30113    13.46241    50.41789
    28  C   4.0  -0.094   4.138    78.49355    13.65138    47.71369
    29  C   4.0  -0.097   4.169    80.84059    15.50709    48.20691
    30  C   4.0   0.120   3.380    80.94074    15.57323    51.03205
    31  C   4.0  -0.237   4.040    79.21920    11.14371    46.62332
    32  C   4.0  -0.162   4.029    80.67807    18.16783    46.86142
    33  C   4.0  -0.238   4.009    79.25133    20.32400    48.15400
    34  N   5.0  -0.458   3.235    80.93885    17.22674    56.40454
    35  C   4.0   0.085   3.528    82.86070    17.70106    54.79260
    36  C   4.0   0.018   3.307    84.85814    19.13914    56.12297
    37  C   4.0   0.002   3.505    83.88305    19.62669    58.49080
    38  C   4.0   0.058   3.859    81.61915    18.30011    58.63820
    39  C   4.0  -0.247   4.031    87.25999    19.85724    54.92111
    40  C   4.0   0.131   3.237    84.54823    20.66415    60.86429
    41  O   6.0  -0.117   1.058    86.40394    21.59768    61.70333
    42  C   4.0  -0.123   4.348    82.35993    19.84779    62.53481
    43  C   4.0   0.209   3.164    83.48809    18.37381    64.70233
    44  O   6.0  -0.121   1.065    84.62760    16.49920    64.28281
    45  O   6.0  -0.121   2.027    83.52778    19.65882    66.90197
    46  C   4.0  -0.200   4.021    84.59169    18.38325    69.15830
    47  C   4.0  -0.134   4.090    78.54646    22.08523    73.08893
    48  C   4.0  -0.055   3.109    77.12161    22.53309    75.49833
    49  C   4.0   0.017   3.068    77.80569    23.66882    77.61860
    50  C   4.0  -0.251   4.042    80.49666    24.38502    78.18741
    51  C   4.0  -0.173   4.062    75.78368    24.11668    79.77667
    52  C   4.0  -0.165   4.054    75.30558    21.76586    81.42262
    53  C   4.0  -0.165   4.068    72.99444    20.26542    80.73476
    54  C   4.0  -0.089   4.032    70.75701    20.41471    82.65472
    55  C   4.0  -0.237   4.009    71.02346    18.16216    84.71641
    56  C   4.0  -0.162   4.031    68.06604    20.52620    81.43585
    57  C   4.0  -0.162   4.030    66.73756    23.16993    82.06702
    58  C   4.0  -0.165   4.072    64.61162    22.96962    84.09469
    59  C   4.0  -0.089   4.045    64.62107    24.95761    86.12615
    60  C   4.0  -0.238   4.039    63.85951    27.56543    85.05090
    61  C   4.0  -0.166   4.073    67.14385    25.05399    87.70974
    62  C   4.0  -0.164   4.042    66.86984    25.41114    90.59535
    63  C   4.0  -0.164   4.070    66.68276    22.88458    91.94084
    64  C   4.0  -0.087   4.017    67.65219    22.59356    94.69984
    65  C   4.0  -0.238   4.029    70.41119    21.79799    95.11747
    66  C   4.0  -0.238   4.033    65.81538    21.10446    96.41382
    67  H   1.0   0.071   1.007    72.16296    11.73898    61.21389
    68  H   1.0   0.071   1.007    74.13395    11.56323    49.09508
    69  H   1.0   0.071   1.008    84.12304    17.72752    50.90922
    70  H   1.0   0.087   1.013    79.08503    15.45418    65.12752
    71  H   1.0   0.085   1.015    73.47821    15.58646    63.76124
    72  H   1.0   0.080   0.997    75.24511    10.35381    65.04626
    73  H   1.0   0.080   0.999    73.20420    12.44951    66.61473
    74  H   1.0   0.080   0.999    76.56225    12.49865    67.21566
    75  H   1.0   0.084   1.009    75.58904    19.88370    64.79492
    76  H   1.0   0.084   1.006    78.49733    19.86480    66.26135
    77  H   1.0   0.083   1.004    74.37961    16.49731    68.24934
    78  H   1.0   0.083   1.010    73.98466    19.70039    68.09816
    79  H   1.0   0.080   0.999    69.79703     8.85148    59.91187
    80  H   1.0   0.080   1.000    68.72555     7.23765    57.23791
    81  H   1.0   0.080   0.997    67.17598     9.88516    57.97679
    82  H   1.0   0.080   0.997    66.05915     9.24832    53.53216
    83  H   1.0   0.080   0.999    67.55581     6.25877    53.10508
    84  H   1.0   0.080   0.997    66.06671     7.51922    50.65032
    85  H   1.0   0.084   1.007    77.25389    14.60380    46.37199
    86  H   1.0   0.084   1.010    82.62071    14.59246    47.71369
    87  H   1.0   0.081   0.999    79.58581     9.68674    48.03116
    88  H   1.0   0.080   0.998    80.89917    11.20419    45.43090
    89  H   1.0   0.081   1.000    77.66774    10.50121    45.43090
    90  H   1.0   0.082   1.003    79.92974    17.89004    44.96414
    91  H   1.0   0.082   1.005    82.55835    18.99175    46.68568
    92  H   1.0   0.080   0.999    77.85482    19.68716    49.52972
    93  H   1.0   0.080   0.999    78.22521    21.31800    46.67056
    94  H   1.0   0.080   0.998    80.57414    21.57311    49.12154
    95  H   1.0   0.080   1.002    88.35603    18.11491    54.83040
    96  H   1.0   0.080   1.001    88.27288    21.07800    56.23635
    97  H   1.0   0.080   0.998    87.19762    20.76053    53.07295
    98  H   1.0   0.087   1.009    81.43774    21.50508    63.33794
    99  H   1.0   0.080   0.996    84.57657    16.33101    68.96744
   100  H   1.0   0.081   0.996    83.29534    18.51553    70.75134
   101  H   1.0   0.080   0.996    86.50410    19.11269    69.39641
   102  H   1.0   0.083   1.003    79.12849    23.94850    72.43320
   103  H   1.0   0.083   1.003    80.13194    20.87391    73.59916
   104  H   1.0   0.071   1.009    75.08448    22.22885    75.46621
   105  H   1.0   0.080   1.000    81.56435    24.54376    76.43186
   106  H   1.0   0.081   1.000    81.24310    23.02253    79.53857
   107  H   1.0   0.080   0.999    80.61571    26.28987    78.96031
   108  H   1.0   0.082   1.003    73.95820    24.68738    79.01322
   109  H   1.0   0.082   1.007    76.65673    25.34311    81.18263
   110  H   1.0   0.083   1.008    74.88606    22.33278    83.35770
   111  H   1.0   0.082   1.005    76.94964    20.54132    81.21664
   112  H   1.0   0.082   1.005    73.62372    18.31144    80.56280
   113  H   1.0   0.083   1.005    72.48233    20.89848    78.84315
   114  H   1.0   0.084   1.009    71.13495    22.06633    83.82446
   115  H   1.0   0.080   1.000    69.08271    18.04688    85.39861
   116  H   1.0   0.080   1.001    71.91541    19.23174    86.23386
   117  H   1.0   0.080   0.998    72.00990    16.58046    83.83958
   118  H   1.0   0.081   1.000    66.80748    18.95395    81.87049
   119  H   1.0   0.082   1.006    68.47611    20.64904    79.42140
   120  H   1.0   0.082   1.004    65.74546    23.68771    80.33792
   121  H   1.0   0.081   1.000    68.03769    24.75163    82.29568
   122  H   1.0   0.082   1.006    64.80248    21.18194    85.10192
   123  H   1.0   0.082   1.003    62.73701    22.91860    83.24621
   124  H   1.0   0.084   1.012    63.33605    24.33589    87.60958
   125  H   1.0   0.080   0.997    62.20600    28.37235    85.97686
   126  H   1.0   0.081   0.999    63.21700    27.32544    83.10826
   127  H   1.0   0.081   1.002    65.62073    28.62935    85.16050
   128  H   1.0   0.082   1.004    68.37028    26.61112    87.15227
   129  H   1.0   0.083   1.004    68.23611    23.33623    87.40171
   130  H   1.0   0.082   1.005    65.08783    26.38813    90.93172
   131  H   1.0   0.081   1.002    68.41753    26.59600    91.26242
   132  H   1.0   0.083   1.006    67.75234    21.57311    90.76543
   133  H   1.0   0.083   1.009    64.67020    22.59167    91.61013
   134  H   1.0   0.084   1.013    67.57471    24.56077    95.30077
   135  H   1.0   0.080   0.997    71.53369    21.40493    93.43750
   136  H   1.0   0.080   0.998    70.62662    20.20306    96.40248
   137  H   1.0   0.080   1.001    71.20298    23.43449    96.08879
   138  H   1.0   0.080   0.997    65.01602    22.21184    97.95394
   139  H   1.0   0.080   0.999    66.78480    19.42827    97.11680
   140  H   1.0   0.080   0.998    64.26391    20.23330    95.37447
 
  Z AO/shell   Hii/eV     exponent
  1     Sat Feb 20 21:38:01 CET 2016    EN: 2.327 GAM: 0.473  GM3: 0.0000
     1s    -13.751157    1.051071
  6     Sat Feb 20 21:38:01 CET 2016    EN: 2.731 GAM: 0.422  GM3: 0.0000
     2s    -19.378245    2.021003
     2p    -11.993376    1.497917
  7     Sat Feb 20 21:38:01 CET 2016    EN: 3.573 GAM: 0.504  GM3: 0.0000
     2s    -21.576984    2.275442
     2p    -16.125120    2.056788
  8     Sat Feb 20 21:38:01 CET 2016    EN: 3.700 GAM: 0.587  GM3: 0.0000
     2s    -21.648843    2.110798
     2p    -17.239740    2.329048
 12     Sat Feb 20 23:25:47 CET 2016    EN: 0.033 GAM: 0.222  GM3: 0.0000
     3s    -12.693633    1.302878
     3p     -8.128821    0.504252
 
 dipole moment of classical point charges (au)
     X       Y       Z   
  -0.8220   0.0663   0.0051  total (Debye):    2.096

 
 Nbf   :          338
 T(el) :   300.0
 calculating S/T integrals ...
 cpu time for ints   0.171460000000000     
 Nao   :          338
 making H0...
 making H1...
 cpu time for H      4.515999999999992E-003
 solving ...
 cpu time for diag   7.502000000000003E-002
 
 gap (eV)           :   1.381
 Koopmans IP (eV)   :  11.995
 Eel (Eh)           :  -268.779082
 T,E(Fermi),NFOD :    300.000   -11.304  0.000000
 T,E(Fermi),NFOD :    300.000   -11.304  0.000000
 Nfod               :  0.0000
 Nfod/Nel           :  0.0000

          eigenvalues
 #    :         164        165        166        167        168        169        170        171
 occ. :        2.000      2.000      2.000      2.000      2.000      2.000      2.000      2.000
 eps  :       -16.162    -15.997    -15.977    -15.803    -15.681    -15.470    -15.320    -14.993
 #    :         172        173        174        175        176        177        178        179
 occ. :        2.000      2.000      2.000      2.000      2.000      0.000      0.000      0.000
 eps  :       -14.946    -14.943    -14.648    -13.238    -11.996    -10.615     -9.513     -8.722
 #    :         180        181        182        183        184        185        186        187
 occ. :        0.000      0.000      0.000      0.000      0.000      0.000      0.000      0.000
 eps  :        -8.285     -8.040     -7.920     -7.463     -7.335     -7.181     -7.121     -6.606
                            1  SCC done.
 making H1...
 cpu time for H      9.240999999999999E-002
 solving ...
 cpu time for diag   4.151600000000000E-002
 
 gap (eV)           :   1.631
 Koopmans IP (eV)   :  11.873
 Eel (Eh)           :  -266.065602
 T,E(Fermi),NFOD :    300.000   -11.057  0.000000
 T,E(Fermi),NFOD :    300.000   -11.057  0.000000
 Nfod               :  0.0000
 Nfod/Nel           :  0.0000

          eigenvalues
 #    :         164        165        166        167        168        169        170        171
 occ. :        2.000      2.000      2.000      2.000      2.000      2.000      2.000      2.000
 eps  :       -15.404    -15.116    -15.060    -14.792    -14.759    -14.573    -14.328    -14.308
 #    :         172        173        174        175        176        177        178        179
 occ. :        2.000      2.000      2.000      2.000      2.000      0.000      0.000      0.000
 eps  :       -14.267    -14.118    -13.816    -12.588    -11.874    -10.242     -8.813     -8.408
 #    :         180        181        182        183        184        185        186        187
 occ. :        0.000      0.000      0.000      0.000      0.000      0.000      0.000      0.000
 eps  :        -7.970     -7.936     -7.859     -7.396     -7.140     -7.120     -6.975     -6.482
                            2  SCC done.
 
 
 Mulliken/CM5 charges    n(s)   n(p)   n(d)   
    1 MG  0.2863  0.7717   0.675  1.039  0.000
    2 C   0.0165  0.0203   1.163  2.820  0.000
    3 C  -0.0445 -0.0865   1.119  2.925  0.000
    4 C  -0.0159 -0.0570   1.125  2.891  0.000
    5 C  -0.0419 -0.0825   1.118  2.924  0.000
    6 N  -0.1746 -0.4515   1.394  3.780  0.000
    7 C   0.0100  0.0621   1.237  2.752  0.000
    8 C  -0.0118 -0.0657   1.179  2.833  0.000
    9 C  -0.0396 -0.0965   1.207  2.833  0.000
   10 C   0.0623  0.1273   1.207  2.730  0.000
   11 C  -0.0825 -0.2310   1.106  2.976  0.000
   12 C  -0.0527 -0.1610   1.143  2.909  0.000
   13 C  -0.0592 -0.1606   1.129  2.930  0.000
   14 C   0.2215  0.2704   1.176  2.602  0.000
   15 O  -0.2979 -0.3455   1.634  4.663  0.000
   16 O  -0.1260 -0.2092   1.491  4.635  0.000
   17 N  -0.2114 -0.4918   1.394  3.817  0.000
   18 C   0.0373  0.0985   1.188  2.775  0.000
   19 C  -0.0189 -0.0239   1.212  2.807  0.000
   20 C  -0.0538 -0.0488   1.212  2.842  0.000
   21 C   0.0266  0.0817   1.219  2.754  0.000
   22 C  -0.0765 -0.2213   1.080  2.997  0.000
   23 C   0.1504  0.1762   1.212  2.637  0.000
   24 O  -0.2243 -0.2757   1.623  4.601  0.000
   25 C  -0.1052 -0.2478   1.101  3.004  0.000
   26 N  -0.1660 -0.4304   1.390  3.776  0.000
   27 C   0.0427  0.1001   1.229  2.729  0.000
   28 C  -0.0187 -0.0759   1.196  2.823  0.000
   29 C  -0.0442 -0.0989   1.211  2.833  0.000
   30 C   0.0672  0.1326   1.188  2.745  0.000
   31 C  -0.0837 -0.2320   1.095  2.989  0.000
   32 C  -0.0533 -0.1636   1.151  2.903  0.000
   33 C  -0.0870 -0.2386   1.092  2.995  0.000
   34 N  -0.2105 -0.5098   1.390  3.821  0.000
   35 C   0.0204  0.0855   1.208  2.772  0.000
   36 C  -0.0053 -0.0107   1.210  2.796  0.000
   37 C  -0.0550 -0.0477   1.169  2.886  0.000
   38 C   0.0280  0.0951   1.172  2.800  0.000
   39 C  -0.0643 -0.2079   1.074  2.990  0.000
   40 C   0.1887  0.2248   1.162  2.649  0.000
   41 O  -0.2206 -0.2677   1.622  4.599  0.000
   42 C  -0.0594 -0.1015   1.199  2.860  0.000
   43 C   0.2433  0.3021   1.160  2.597  0.000
   44 O  -0.2647 -0.3152   1.613  4.652  0.000
   45 O  -0.1559 -0.2395   1.480  4.676  0.000
   46 C   0.0112 -0.1129   1.095  2.893  0.000
   47 C   0.0684 -0.0106   1.122  2.810  0.000
   48 C  -0.0790 -0.1363   1.160  2.919  0.000
   49 C  -0.0361 -0.0610   1.215  2.821  0.000
   50 C  -0.0937 -0.2393   1.081  3.013  0.000
   51 C  -0.0606 -0.1676   1.151  2.910  0.000
   52 C  -0.0612 -0.1755   1.147  2.914  0.000
   53 C  -0.0814 -0.1942   1.155  2.926  0.000
   54 C  -0.0568 -0.1315   1.229  2.828  0.000
   55 C  -0.1137 -0.2637   1.113  3.000  0.000
   56 C  -0.0629 -0.1718   1.167  2.896  0.000
   57 C  -0.0765 -0.1876   1.160  2.916  0.000
   58 C  -0.0614 -0.1723   1.150  2.911  0.000
   59 C  -0.0271 -0.1019   1.197  2.830  0.000
   60 C  -0.1033 -0.2526   1.101  3.003  0.000
   61 C  -0.0807 -0.1938   1.164  2.916  0.000
   62 C  -0.0607 -0.1765   1.150  2.910  0.000
   63 C  -0.0799 -0.1913   1.155  2.925  0.000
   64 C  -0.0170 -0.0912   1.193  2.824  0.000
   65 C  -0.0936 -0.2439   1.102  2.992  0.000
   66 C  -0.1029 -0.2527   1.103  3.000  0.000
   67 H   0.0491  0.1090   0.951  0.000  0.000
   68 H   0.0622  0.1278   0.938  0.000  0.000
   69 H   0.0465  0.1066   0.953  0.000  0.000
   70 H   0.0481  0.1143   0.952  0.000  0.000
   71 H   0.0501  0.1147   0.950  0.000  0.000
   72 H   0.0415  0.0930   0.958  0.000  0.000
   73 H   0.0375  0.0898   0.962  0.000  0.000
   74 H   0.0443  0.0973   0.956  0.000  0.000
   75 H   0.0296  0.0887   0.970  0.000  0.000
   76 H   0.0423  0.1059   0.958  0.000  0.000
   77 H   0.0465  0.1066   0.954  0.000  0.000
   78 H   0.0383  0.1014   0.962  0.000  0.000
   79 H   0.0514  0.1044   0.949  0.000  0.000
   80 H   0.0426  0.0957   0.957  0.000  0.000
   81 H   0.0525  0.1039   0.947  0.000  0.000
   82 H   0.0460  0.0986   0.954  0.000  0.000
   83 H   0.0444  0.0976   0.956  0.000  0.000
   84 H   0.0402  0.0936   0.960  0.000  0.000
   85 H   0.0436  0.1042   0.956  0.000  0.000
   86 H   0.0478  0.1097   0.952  0.000  0.000
   87 H   0.0349  0.0883   0.965  0.000  0.000
   88 H   0.0346  0.0868   0.965  0.000  0.000
   89 H   0.0377  0.0902   0.962  0.000  0.000
   90 H   0.0363  0.0919   0.964  0.000  0.000
   91 H   0.0357  0.0919   0.964  0.000  0.000
   92 H   0.0355  0.0890   0.965  0.000  0.000
   93 H   0.0348  0.0866   0.965  0.000  0.000
   94 H   0.0357  0.0877   0.964  0.000  0.000
   95 H   0.0520  0.1054   0.948  0.000  0.000
   96 H   0.0429  0.0971   0.957  0.000  0.000
   97 H   0.0514  0.1034   0.949  0.000  0.000
   98 H   0.0444  0.1120   0.956  0.000  0.000
   99 H   0.0517  0.1137   0.948  0.000  0.000
  100 H   0.0572  0.1172   0.943  0.000  0.000
  101 H   0.0588  0.1183   0.941  0.000  0.000
  102 H   0.0563  0.1223   0.944  0.000  0.000
  103 H   0.0751  0.1414   0.925  0.000  0.000
  104 H   0.0301  0.0920   0.970  0.000  0.000
  105 H   0.0405  0.0939   0.959  0.000  0.000
  106 H   0.0444  0.0972   0.956  0.000  0.000
  107 H   0.0364  0.0886   0.964  0.000  0.000
  108 H   0.0456  0.1023   0.954  0.000  0.000
  109 H   0.0431  0.1004   0.957  0.000  0.000
  110 H   0.0358  0.0938   0.964  0.000  0.000
  111 H   0.0351  0.0923   0.965  0.000  0.000
  112 H   0.0307  0.0875   0.969  0.000  0.000
  113 H   0.0299  0.0878   0.970  0.000  0.000
  114 H   0.0347  0.0958   0.965  0.000  0.000
  115 H   0.0403  0.0936   0.960  0.000  0.000
  116 H   0.0405  0.0932   0.959  0.000  0.000
  117 H   0.0496  0.1018   0.950  0.000  0.000
  118 H   0.0469  0.1020   0.953  0.000  0.000
  119 H   0.0381  0.0953   0.962  0.000  0.000
  120 H   0.0258  0.0815   0.974  0.000  0.000
  121 H   0.0399  0.0957   0.960  0.000  0.000
  122 H   0.0302  0.0877   0.970  0.000  0.000
  123 H   0.0406  0.0965   0.959  0.000  0.000
  124 H   0.0339  0.0951   0.966  0.000  0.000
  125 H   0.0373  0.0885   0.963  0.000  0.000
  126 H   0.0325  0.0859   0.967  0.000  0.000
  127 H   0.0394  0.0936   0.961  0.000  0.000
  128 H   0.0286  0.0849   0.971  0.000  0.000
  129 H   0.0333  0.0913   0.967  0.000  0.000
  130 H   0.0272  0.0840   0.973  0.000  0.000
  131 H   0.0282  0.0835   0.972  0.000  0.000
  132 H   0.0205  0.0787   0.980  0.000  0.000
  133 H   0.0376  0.0954   0.962  0.000  0.000
  134 H   0.0280  0.0893   0.972  0.000  0.000
  135 H   0.0351  0.0867   0.965  0.000  0.000
  136 H   0.0362  0.0883   0.964  0.000  0.000
  137 H   0.0359  0.0884   0.964  0.000  0.000
  138 H   0.0396  0.0908   0.960  0.000  0.000
  139 H   0.0320  0.0848   0.968  0.000  0.000
  140 H   0.0296  0.0816   0.970  0.000  0.000
 Hirshfeld charges for QMDFF written to <charges>
 
 Loewdin charges    n(s)   n(p)   n(d)
    1 MG  0.1207   0.687  1.192  0.000
    2 C   0.0199   1.120  2.861  0.000
    3 C  -0.0424   1.066  2.976  0.000
    4 C  -0.0140   1.072  2.942  0.000
    5 C  -0.0412   1.065  2.976  0.000
    6 N  -0.1382   1.350  3.788  0.000
    7 C   0.0118   1.201  2.787  0.000
    8 C  -0.0042   1.130  2.874  0.000
    9 C  -0.0325   1.160  2.872  0.000
   10 C   0.0670   1.168  2.765  0.000
   11 C  -0.0836   1.035  3.049  0.000
   12 C  -0.0483   1.084  2.965  0.000
   13 C  -0.0623   1.070  2.992  0.000
   14 C   0.2009   1.150  2.650  0.000
   15 O  -0.2870   1.608  4.679  0.000
   16 O  -0.0891   1.455  4.634  0.000
   17 N  -0.1803   1.353  3.827  0.000
   18 C   0.0400   1.149  2.811  0.000
   19 C  -0.0106   1.171  2.839  0.000
   20 C  -0.0610   1.177  2.884  0.000
   21 C   0.0326   1.181  2.786  0.000
   22 C  -0.0782   1.006  3.072  0.000
   23 C   0.1463   1.178  2.676  0.000
   24 O  -0.2073   1.591  4.616  0.000
   25 C  -0.1118   1.030  3.082  0.000
   26 N  -0.1312   1.345  3.786  0.000
   27 C   0.0479   1.192  2.761  0.000
   28 C  -0.0100   1.148  2.862  0.000
   29 C  -0.0389   1.165  2.874  0.000
   30 C   0.0714   1.147  2.781  0.000
   31 C  -0.0860   1.022  3.064  0.000
   32 C  -0.0477   1.092  2.956  0.000
   33 C  -0.0875   1.019  3.068  0.000
   34 N  -0.1767   1.346  3.831  0.000
   35 C   0.0215   1.171  2.808  0.000
   36 C   0.0032   1.168  2.829  0.000
   37 C  -0.0624   1.130  2.932  0.000
   38 C   0.0314   1.130  2.838  0.000
   39 C  -0.0646   0.998  3.066  0.000
   40 C   0.1802   1.127  2.693  0.000
   41 O  -0.2027   1.588  4.615  0.000
   42 C  -0.0615   1.152  2.910  0.000
   43 C   0.2154   1.134  2.650  0.000
   44 O  -0.2482   1.579  4.669  0.000
   45 O  -0.1205   1.445  4.675  0.000
   46 C   0.0048   1.025  2.970  0.000
   47 C   0.0673   1.064  2.869  0.000
   48 C  -0.0777   1.110  2.967  0.000
   49 C  -0.0268   1.173  2.853  0.000
   50 C  -0.0962   1.007  3.089  0.000
   51 C  -0.0570   1.092  2.965  0.000
   52 C  -0.0568   1.088  2.969  0.000
   53 C  -0.0804   1.098  2.983  0.000
   54 C  -0.0491   1.184  2.865  0.000
   55 C  -0.1165   1.044  3.073  0.000
   56 C  -0.0583   1.109  2.949  0.000
   57 C  -0.0733   1.103  2.970  0.000
   58 C  -0.0580   1.092  2.966  0.000
   59 C  -0.0169   1.149  2.868  0.000
   60 C  -0.1072   1.030  3.078  0.000
   61 C  -0.0799   1.109  2.971  0.000
   62 C  -0.0554   1.092  2.964  0.000
   63 C  -0.0798   1.099  2.981  0.000
   64 C  -0.0056   1.145  2.861  0.000
   65 C  -0.0974   1.031  3.067  0.000
   66 C  -0.1071   1.032  3.075  0.000
   67 H   0.0454   0.955  0.000  0.000
   68 H   0.0551   0.945  0.000  0.000
   69 H   0.0423   0.958  0.000  0.000
   70 H   0.0412   0.959  0.000  0.000
   71 H   0.0453   0.955  0.000  0.000
   72 H   0.0409   0.959  0.000  0.000
   73 H   0.0375   0.963  0.000  0.000
   74 H   0.0433   0.957  0.000  0.000
   75 H   0.0275   0.972  0.000  0.000
   76 H   0.0390   0.961  0.000  0.000
   77 H   0.0434   0.957  0.000  0.000
   78 H   0.0359   0.964  0.000  0.000
   79 H   0.0505   0.950  0.000  0.000
   80 H   0.0425   0.958  0.000  0.000
   81 H   0.0513   0.949  0.000  0.000
   82 H   0.0456   0.954  0.000  0.000
   83 H   0.0451   0.955  0.000  0.000
   84 H   0.0394   0.961  0.000  0.000
   85 H   0.0378   0.962  0.000  0.000
   86 H   0.0423   0.958  0.000  0.000
   87 H   0.0346   0.965  0.000  0.000
   88 H   0.0351   0.965  0.000  0.000
   89 H   0.0372   0.963  0.000  0.000
   90 H   0.0338   0.966  0.000  0.000
   91 H   0.0335   0.966  0.000  0.000
   92 H   0.0377   0.962  0.000  0.000
   93 H   0.0349   0.965  0.000  0.000
   94 H   0.0356   0.964  0.000  0.000
   95 H   0.0503   0.950  0.000  0.000
   96 H   0.0413   0.959  0.000  0.000
   97 H   0.0500   0.950  0.000  0.000
   98 H   0.0378   0.962  0.000  0.000
   99 H   0.0478   0.952  0.000  0.000
  100 H   0.0538   0.946  0.000  0.000
  101 H   0.0541   0.946  0.000  0.000
  102 H   0.0492   0.951  0.000  0.000
  103 H   0.0663   0.934  0.000  0.000
  104 H   0.0244   0.976  0.000  0.000
  105 H   0.0404   0.960  0.000  0.000
  106 H   0.0431   0.957  0.000  0.000
  107 H   0.0365   0.964  0.000  0.000
  108 H   0.0423   0.958  0.000  0.000
  109 H   0.0400   0.960  0.000  0.000
  110 H   0.0344   0.966  0.000  0.000
  111 H   0.0325   0.967  0.000  0.000
  112 H   0.0293   0.971  0.000  0.000
  113 H   0.0297   0.970  0.000  0.000
  114 H   0.0319   0.968  0.000  0.000
  115 H   0.0407   0.959  0.000  0.000
  116 H   0.0407   0.959  0.000  0.000
  117 H   0.0485   0.952  0.000  0.000
  118 H   0.0438   0.956  0.000  0.000
  119 H   0.0356   0.964  0.000  0.000
  120 H   0.0245   0.976  0.000  0.000
  121 H   0.0377   0.962  0.000  0.000
  122 H   0.0284   0.972  0.000  0.000
  123 H   0.0379   0.962  0.000  0.000
  124 H   0.0296   0.970  0.000  0.000
  125 H   0.0368   0.963  0.000  0.000
  126 H   0.0334   0.967  0.000  0.000
  127 H   0.0394   0.961  0.000  0.000
  128 H   0.0276   0.972  0.000  0.000
  129 H   0.0324   0.968  0.000  0.000
  130 H   0.0256   0.974  0.000  0.000
  131 H   0.0260   0.974  0.000  0.000
  132 H   0.0197   0.980  0.000  0.000
  133 H   0.0358   0.964  0.000  0.000
  134 H   0.0239   0.976  0.000  0.000
  135 H   0.0351   0.965  0.000  0.000
  136 H   0.0369   0.963  0.000  0.000
  137 H   0.0357   0.964  0.000  0.000
  138 H   0.0388   0.961  0.000  0.000
  139 H   0.0332   0.967  0.000  0.000
  140 H   0.0306   0.969  0.000  0.000
 
 Wiberg/Mayer (AO) data. WBOs > 0.1 written file <wbo>
 largest (>0.05) Wiberg bond orders for each atom
           total WBO             WBO to atom ...
     1  MG  2.554    N   17 0.541    N   34 0.511    N    6 0.410    N   26 0.371    C   10 0.053    C   21 0.052
     2  C   3.919    C    7 1.370    C   38 1.325    C   42 0.935
     3  C   3.915    C   10 1.391    C   18 1.275    H   67 0.936
     4  C   3.929    C   27 1.430    C   21 1.298    H   68 0.925
     5  C   3.913    C   30 1.481    C   35 1.225    H   69 0.936
     6  N   3.339    C   10 1.315    C    7 1.148    MG   1 0.410    C   18 0.050
     7  C   3.829    C    2 1.370    N    6 1.148    C    8 0.965    N   34 0.052
     8  C   3.944    C    7 0.965    C   12 0.957    C    9 0.947    H   70 0.927
     9  C   3.926    C   11 0.962    C    8 0.947    H   71 0.939    C   10 0.921
    10  C   3.873    C    3 1.391    N    6 1.315    C    9 0.921    MG   1 0.053
    11  C   3.969    H   73 0.982    H   74 0.979    H   72 0.979    C    9 0.962
    12  C   3.955    C   13 0.970    H   75 0.966    C    8 0.957    H   76 0.955
    13  C   3.969    C   12 0.970    H   78 0.963    C   14 0.955    H   77 0.951    O   15 0.068
    14  C   3.897    O   15 1.779    O   16 1.120    C   13 0.955
    15  O   2.084    C   14 1.779    O   16 0.168    C   13 0.068
    16  O   2.341    C   14 1.120    C   47 0.957    O   15 0.168
    17  N   3.321    C   18 1.172    C   21 1.144    MG   1 0.541    C   20 0.062    C   19 0.050
    18  C   3.888    C    3 1.275    C   19 1.187    N   17 1.172    N    6 0.050
    19  C   3.856    C   20 1.411    C   18 1.187    C   22 0.989    O   24 0.058    N   17 0.050
    20  C   3.882    C   19 1.411    C   21 1.125    C   23 0.999    O   24 0.077    N   17 0.062
    21  C   3.853    C    4 1.298    N   17 1.144    C   20 1.125    N   26 0.055    MG   1 0.052
    22  C   3.976    C   19 0.989    H   79 0.974    H   80 0.969    H   81 0.963
    23  C   3.878    O   24 1.856    C   20 0.999    C   25 0.929
    24  O   2.185    C   23 1.856    C   25 0.084    C   20 0.077    C   19 0.058
    25  C   3.974    H   84 0.974    H   82 0.971    H   83 0.960    C   23 0.929    O   24 0.084
    26  N   3.336    C   30 1.252    C   27 1.233    MG   1 0.371    C   21 0.055    C   35 0.050
    27  C   3.856    C    4 1.430    N   26 1.233    C   28 0.914
    28  C   3.939    C   31 0.993    H   85 0.948    C   29 0.940    C   27 0.914
    29  C   3.929    C   30 0.940    C   28 0.940    H   86 0.939    C   32 0.938
    30  C   3.888    C    5 1.481    N   26 1.252    C   29 0.940
    31  C   3.974    C   28 0.993    H   87 0.978    H   89 0.974    H   88 0.972
    32  C   3.954    C   33 1.007    H   91 0.969    H   90 0.969    C   29 0.938
    33  C   3.983    C   32 1.007    H   94 0.985    H   93 0.981    H   92 0.971
    34  N   3.323    C   35 1.211    C   38 1.144    MG   1 0.511    C   37 0.057    C    7 0.052
    35  C   3.864    C    5 1.225    N   34 1.211    C   36 1.143    N   26 0.050
    36  C   3.852    C   37 1.399    C   35 1.143    C   39 1.010    O   41 0.056
    37  C   3.918    C   36 1.399    C   38 1.142    C   40 1.057    O   41 0.069    N   34 0.057
    38  C   3.890    C    2 1.325    N   34 1.144    C   37 1.142
    39  C   3.981    C   36 1.010    H   96 0.974    H   97 0.966    H   95 0.959
    40  C   3.905    O   41 1.841    C   37 1.057    C   42 0.864
    41  O   2.191    C   40 1.841    C   42 0.087    C   37 0.069    C   36 0.056
    42  C   3.940    C    2 0.935    H   98 0.932    C   43 0.893    C   40 0.864    O   41 0.087    O   44 0.077
    43  C   3.900    O   44 1.840    O   45 1.094    C   42 0.893
    44  O   2.157    C   43 1.840    O   45 0.167    C   42 0.077
    45  O   2.294    C   43 1.094    C   46 0.962    O   44 0.167
    46  C   3.934    H  101 0.986    H  100 0.985    H   99 0.982    O   45 0.962
    47  C   3.933    C   48 0.983    H  102 0.961    O   16 0.957    H  103 0.950
    48  C   3.961    C   49 1.915    C   47 0.983    H  104 0.935
    49  C   3.932    C   48 1.915    C   50 0.988    C   51 0.942
    50  C   3.989    C   49 0.988    H  107 0.975    H  105 0.973    H  106 0.970
    51  C   3.969    C   52 0.978    H  109 0.965    H  108 0.961    C   49 0.942
    52  C   3.969    C   53 0.998    C   51 0.978    H  111 0.964    H  110 0.959
    53  C   3.964    C   52 0.998    C   54 0.968    H  112 0.961    H  113 0.954
    54  C   3.927    C   56 0.972    C   55 0.971    C   53 0.968    H  114 0.950
    55  C   3.980    H  116 0.984    H  115 0.981    H  117 0.979    C   54 0.971
    56  C   3.959    C   54 0.972    C   57 0.971    H  119 0.964    H  118 0.962
    57  C   3.955    C   58 0.979    H  120 0.972    C   56 0.971    H  121 0.965
    58  C   3.964    C   59 0.986    C   57 0.979    H  122 0.962    H  123 0.961
    59  C   3.943    C   58 0.986    C   60 0.985    C   61 0.960    H  124 0.950
    60  C   3.983    C   59 0.985    H  125 0.981    H  126 0.980    H  127 0.977
    61  C   3.958    C   62 0.984    H  128 0.962    C   59 0.960    H  129 0.958
    62  C   3.967    C   63 0.993    C   61 0.984    H  130 0.970    H  131 0.965
    63  C   3.963    C   62 0.993    H  133 0.963    H  132 0.961    C   64 0.961
    64  C   3.939    C   65 0.987    C   66 0.984    C   63 0.961    H  134 0.961
    65  C   3.981    C   64 0.987    H  137 0.982    H  135 0.977    H  136 0.976
    66  C   3.977    C   64 0.984    H  138 0.980    H  140 0.978    H  139 0.976
    67  H   0.995    C    3 0.936
    68  H   0.993    C    4 0.925
    69  H   0.994    C    5 0.936
    70  H   0.992    C    8 0.927
    71  H   0.995    C    9 0.939
    72  H   0.996    C   11 0.979
    73  H   0.997    C   11 0.982
    74  H   0.997    C   11 0.979
    75  H   0.997    C   12 0.966
    76  H   0.997    C   12 0.955
    77  H   0.997    C   13 0.951
    78  H   0.998    C   13 0.963
    79  H   0.995    C   22 0.974
    80  H   0.995    C   22 0.969
    81  H   0.991    C   22 0.963
    82  H   0.998    C   25 0.971
    83  H   0.997    C   25 0.960
    84  H   0.996    C   25 0.974
    85  H   0.996    C   28 0.948
    86  H   0.996    C   29 0.939
    87  H   0.998    C   31 0.978
    88  H   0.997    C   31 0.972
    89  H   0.997    C   31 0.974
    90  H   0.996    C   32 0.969
    91  H   0.997    C   32 0.969
    92  H   0.998    C   33 0.971
    93  H   0.998    C   33 0.981
    94  H   0.998    C   33 0.985
    95  H   0.992    C   39 0.959
    96  H   0.996    C   39 0.974
    97  H   0.991    C   39 0.966
    98  H   0.995    C   42 0.932
    99  H   0.997    C   46 0.982
   100  H   0.996    C   46 0.985
   101  H   0.996    C   46 0.986
   102  H   0.996    C   47 0.961
   103  H   0.994    C   47 0.950
   104  H   0.999    C   48 0.935
   105  H   0.998    C   50 0.973
   106  H   0.998    C   50 0.970
   107  H   0.999    C   50 0.975
   108  H   0.998    C   51 0.961
   109  H   0.997    C   51 0.965
   110  H   0.998    C   52 0.959
   111  H   0.998    C   52 0.964
   112  H   0.999    C   53 0.961
   113  H   0.999    C   53 0.954
   114  H   0.999    C   54 0.950
   115  H   0.998    C   55 0.981
   116  H   0.998    C   55 0.984
   117  H   0.997    C   55 0.979
   118  H   0.997    C   56 0.962
   119  H   0.998    C   56 0.964
   120  H   0.999    C   57 0.972
   121  H   0.998    C   57 0.965
   122  H   0.999    C   58 0.962
   123  H   0.997    C   58 0.961
   124  H   0.998    C   59 0.950
   125  H   0.998    C   60 0.981
   126  H   0.999    C   60 0.980
   127  H   0.998    C   60 0.977
   128  H   0.998    C   61 0.962
   129  H   0.999    C   61 0.958
   130  H   0.999    C   62 0.970
   131  H   0.999    C   62 0.965
   132  H   1.000    C   63 0.961
   133  H   0.999    C   63 0.963
   134  H   0.999    C   64 0.961
   135  H   0.999    C   65 0.977
   136  H   0.998    C   65 0.976
   137  H   0.999    C   65 0.982
   138  H   0.998    C   66 0.980
   139  H   0.998    C   66 0.976
   140  H   0.999    C   66 0.978
 
 --------------------------------------------
          xTB calculation for sTDA...
 --------------------------------------------
 
 reading parameter file ~/.param_stda2.xtb
 
      method parameters     
 k(s)        :  1.6000
 k(p)        :  2.1800
 k(d)        :  1.9500
 k(f)        :  2.0000
 k(R-V)      :  2.2750
 k(R-R)      :  1.7650
 Tscal       :  0.2580
 Gscal       :  1.0000
 fpol        :  1.0000
 Zcnf        :  0.3430
 Zqf         :  0.0000
 kcn         :  2.7000
 Ryd Hsplit  :  0.7000
 lshift(virt):  3.1000
 lshift(OS)  :  0.2000
 wllscaling  :  2.6000
 
 mowrcut     : 3.000
 
  Z AO/shell   Hii/eV     exponent
  1     Sun Feb 14 09:53:25 CET 2016    EN: 2.327 GAM: 0.473  GM3: 0.0000
     1s    -14.339618    1.220000
     2sp    -3.348946    0.600000
  6     Sun Feb 14 09:53:25 CET 2016    EN: 2.731 GAM: 0.422  GM3: 0.0000
     2s    -22.009312    1.565095
     2p    -13.020408    1.596905
     3sp    -3.914040    0.824500
  7     Sun Feb 14 09:53:25 CET 2016    EN: 3.573 GAM: 0.504  GM3: 0.0000
     2s    -25.722000    2.064844
     2p    -18.684912    1.801692
     3sp    -4.344791    0.921400
  8     Sun Feb 14 09:53:25 CET 2016    EN: 3.700 GAM: 0.587  GM3: 0.0000
     2s    -33.859000    2.418661
     2p    -22.175911    1.973969
     3sp    -4.259392    1.013700
 12     Sun Feb 21 16:58:31 CET 2016    EN: 0.033 GAM: 0.222  GM3: 0.0000
     3s    -11.092543    1.647583
     3p     -6.929529    0.855020
 
 Nbf   :          894
 T(el) :     0.0
 calculating S/T integrals ...
 cpu time for ints    1.11891100000000     
 Nao   :          894
 making H0...
 making H1...
 cpu time for H      2.275399999999994E-002
 solving ...
 cpu time for diag   0.205876000000000     
 
 gap (eV)           :   4.696
 Koopmans IP (eV)   :  13.226
 Eel (Eh)           :  -301.414545

          eigenvalues
 #    :         164        165        166        167        168        169        170        171
 occ. :        2.000      2.000      2.000      2.000      2.000      2.000      2.000      2.000
 eps  :       -17.208    -17.043    -16.847    -16.395    -16.188    -16.082    -15.883    -15.758
 #    :         172        173        174        175        176        177        178        179
 occ. :        2.000      2.000      2.000      2.000      2.000      0.000      0.000      0.000
 eps  :       -15.673    -15.565    -15.129    -13.885    -13.227     -8.531     -6.884     -6.826
 #    :         180        181        182        183        184        185        186        187
 occ. :        0.000      0.000      0.000      0.000      0.000      0.000      0.000      0.000
 eps  :        -6.061     -5.743     -5.737     -5.337     -5.271     -5.114     -5.067     -4.945
                            1  SCC done.
 writing mo output ...
 molden style : F
 
speedup  1.32
cpu  time for all    1.90 s
wall time for all    1.43 s
