cpu-bind=MASK - bp1-compute040, task 4294967295 4294967295 [0]: mask 0xffffffffffff set
Host:    bp1-compute040.data.bp.acrc.priv
Time:    Wed May  4 03:17:47 BST 2022
Dir:     /user/home/of15641/chlorophyll_parameterization/tddft_data/step_1351_chromophore_18
Job ID:  1692092
Nodelist:
cat: bp1-compute040: No such file or directory
  
Result dir: /user/home/of15641/chlorophyll_parameterization/tddft_data/step_1351_chromophore_18
running gaussian jobs
Running time g16 < CAMB3LYP_step_1351_chromophore_18.com > CAMB3LYP_step_1351_chromophore_18.log

real	26m48.866s
user	630m45.042s
sys	0m48.587s
Running time g16 < PBE0_step_1351_chromophore_18.com > PBE0_step_1351_chromophore_18.log

real	19m43.946s
user	471m3.423s
sys	0m38.175s
Running time g16 < wB97XD_step_1351_chromophore_18.com > wB97XD_step_1351_chromophore_18.log

real	27m42.630s
user	651m16.671s
sys	0m39.257s
Running time g16 < BLYP_step_1351_chromophore_18.com > BLYP_step_1351_chromophore_18.log

real	12m16.343s
user	292m30.127s
sys	0m27.118s
Running time g16 < ZINDO_step_1351_chromophore_18.com > ZINDO_step_1351_chromophore_18.log

real	0m7.727s
user	2m51.173s
sys	0m2.866s
