 
        ______________________________________
       |                                      |
       |          ===================         |
       |             xTB for sTDA             |
       |          ===================         |
       |               S. Grimme              |
       |        Universitaet Bonn, MCTC       |
       |         2015-19, Version 1.0         |
       |     Wed Apr  3 09:14:55 CEST 2019    |
       |______________________________________|
 
        This code comes without any warranty
        for non-commercial, academia use only.
        Preliminary test version.
        Cite this work as:
        S. Grimme  &  C. Bannwarth, JCP 145 (2016) 054103
        if GBSA is used additionally:
        P. Shushkov, F. März, C. Bannwarth, S. Grimme, unpublished.
 
        with help from
        P. Shushkov, G. Brandenburg, S. Dohm, J. Pisarek,
        F. März, M. Checinski, S. Ehrlich, S. Spicher, 
        P. Pracht, E. Caldeweyher, S. Ehlert, and C. Bannwarth.
 
        usage        :
        xtb4stda <coord_file> [options]
        where <coord_file> is a valid file of TM)
        (*coord, Bohr) or xmol (*xyz, Angstroem)
        format.

        options:
        -chrg <int>   : molecular charge
        -uhf  <int>   : # of unpaired electrons(=2*S)
        -nox          : skip second, extended part in sTDA-xTB
        -pop          : do population analysis
                      : (default for -nox)
        -mowr <real>  : cut MO write above (def.3 Eh)
        -molden       : write formatted molden file
        -parx <file>  : read parameters for sTDA-xTB
                        calc (def:~/.param_stda2.xtb)
        -parv <file>  : read parameters for vTB part in
                        sTDA-xTB (def: ~/.param_stda1.xtb)
        -xtemp <real> : el. temp for xTB (def. 0 K)
        -etemp <real> : el. temp for GFN (def. 300 K)
        -fod          : calculate the FOD and write
                        molden.input file with
                        appropriate occupations
                        for plotting. Def. T=12500 K
 
        -acc <real>   : xTB accuracy (def. 1.0)
        -gbsa [string1] [string2]
                        use GBSA implicit solvent
                        for solvent [string1] and
                        solvation state [string2]=
                        reference, bar1M (default=1M)
        additional GFN/opt/MD/siman options read from
        $XTB4STDAHOME/.xtb4stdarc or $set in input
 
       spin and charge state information can be on:
       <.CHRG> (charge) and <.UHF> (=nalpha-nbeta)
       -uhf and -chrg override the file info.
       useful machine settings:
       setenv MKL_NUM_THREADS <NCORE_ON_YOUR_MACHINE>
       setenv OMP_STACKSIZE 500m
       limit stacksize unlimited
 
       total energies in Eh, gaps/HL energies in eV
       please read REVISION and HOWTO files carefully
 =============================
  # OMP threads =           4
 =============================
 
 xtb4stdahome directory:~/
 
 
 name of molecule           :
 comment line               :
 number of atoms            :   140
 number of electrons        :   352
 charge                     :  0
 spin                       : 0.0
 first test random number   :  0.4751
 
 -----------------------------------------
      charge density (VTB) calculation
 -----------------------------------------
 
      method parameters     
 k(s)        :  1.8000
 k(p)        :  2.8350
 k(d)        :  2.0860
 k(f)        :  2.0000
 Tscal       :  0.3300
 Gscal       :  0.3910
 fpol        :  1.0000
 Zcnf        :  0.6500
 Zqf         :  0.0000
 kcn         :  0.3000
 kEN1        : -0.5900
 wllscal     :  2.6000
 
     -------------------------
     ! NO SOLVENT MODEL USED !
     -------------------------
 
 doing EN charges ...
 sum q : -0.2220446D-14
 point charge moment (au)
     X       Y       Z   
   0.1053   1.0138   0.3072  total (Debye):    2.706
 
            Z      q(EN)   CN      Cart. coordinates
     1  MG  2.0   0.957   4.806    -4.04968    32.48817    52.06951
     2  C   4.0   0.021   3.262    -4.21220    28.62935    57.19256
     3  C   4.0  -0.059   3.155    -4.92274    37.69625    55.79227
     4  C   4.0  -0.057   3.121    -4.55802    36.31675    46.69513
     5  C   4.0  -0.053   3.163    -4.00811    27.26686    48.02550
     6  N   5.0  -0.401   3.150    -4.54479    33.02107    55.99825
     7  C   4.0   0.094   3.331    -4.33314    31.18615    57.82939
     8  C   4.0  -0.093   4.147    -4.46542    32.52218    60.47501
     9  C   4.0  -0.097   4.134    -5.14950    35.31709    59.96289
    10  C   4.0   0.087   3.381    -4.86982    35.35677    57.10941
    11  C   4.0  -0.238   4.038    -7.31135    36.40368    61.35562
    12  C   4.0  -0.159   4.015    -1.72721    32.29731    61.95467
    13  C   4.0  -0.169   4.042    -1.09982    34.07176    64.28848
    14  C   4.0   0.197   3.095     0.61227    33.10800    66.35395
    15  O   6.0  -0.124   1.045     2.78924    33.47083    66.64685
    16  O   6.0  -0.119   2.055    -0.86549    31.71149    68.00935
    17  N   5.0  -0.388   3.196    -4.34070    36.53785    51.39488
    18  C   4.0   0.099   3.413    -4.68841    38.29341    53.16744
    19  C   4.0   0.012   3.257    -4.54290    40.81808    52.02793
    20  C   4.0   0.005   3.246    -4.39928    40.40801    49.36531
    21  C   4.0   0.071   3.401    -4.45219    37.70192    49.02894
    22  C   4.0  -0.248   4.027    -4.53912    43.24827    53.45279
    23  C   4.0   0.107   3.024    -4.19141    42.50183    47.24315
    24  O   6.0  -0.102   1.046    -4.42574    41.96703    45.00004
    25  C   4.0  -0.246   4.014    -4.06102    45.34019    48.01038
    26  N   5.0  -0.410   3.129    -4.50511    31.78897    48.18612
    27  C   4.0   0.079   3.396    -4.75644    33.62389    46.32096
    28  C   4.0  -0.093   4.116    -4.89061    32.51273    43.52795
    29  C   4.0  -0.097   4.167    -3.69252    29.87657    44.04762
    30  C   4.0   0.095   3.430    -4.01189    29.60823    46.95591
    31  C   4.0  -0.236   4.011    -7.42284    32.56376    42.04262
    32  C   4.0  -0.163   4.051    -0.93541    29.79531    43.10654
    33  C   4.0  -0.238   4.007     1.12439    31.50551    44.09864
    34  N   5.0  -0.473   3.219    -4.06102    28.69549    52.42100
    35  C   4.0   0.070   3.540    -4.11204    26.75285    50.67867
    36  C   4.0   0.015   3.277    -4.44275    24.34156    51.92400
    37  C   4.0   0.008   3.404    -4.38605    24.92549    54.53560
    38  C   4.0   0.070   3.859    -4.14417    27.54276    54.66032
    39  C   4.0  -0.245   4.014    -4.54479    21.75075    50.63899
    40  C   4.0   0.111   3.232    -4.37661    23.98818    57.06594
    41  O   6.0  -0.099   1.051    -4.51645    21.79799    57.76703
    42  C   4.0  -0.122   4.270    -4.22732    26.25963    58.78937
    43  C   4.0   0.183   3.137    -2.13917    26.07066    60.65453
    44  O   6.0  -0.094   1.048     0.12661    26.54120    60.36352
    45  O   6.0  -0.122   2.036    -2.97632    25.18249    62.89008
    46  C   4.0  -0.199   4.015    -1.26990    25.08800    65.10862
    47  C   4.0  -0.129   4.074     0.43086    30.75151    70.19576
    48  C   4.0  -0.057   3.102    -0.08693    32.39935    72.57304
    49  C   4.0   0.023   3.069    -0.48188    31.67748    74.94653
    50  C   4.0  -0.251   4.051    -0.20598    29.03375    75.91785
    51  C   4.0  -0.178   4.098    -1.08659    33.62767    76.90051
    52  C   4.0  -0.163   4.031     0.95053    34.56687    78.66551
    53  C   4.0  -0.163   4.043     2.41507    37.04052    77.69230
    54  C   4.0  -0.088   4.038     2.15618    39.36677    79.55746
    55  C   4.0  -0.239   4.038    -0.24000    41.02028    78.72787
    56  C   4.0  -0.165   4.078     4.41440    41.09965    79.49510
    57  C   4.0  -0.163   4.042     4.70731    42.69269    81.95552
    58  C   4.0  -0.164   4.044     6.39861    41.43980    83.99454
    59  C   4.0  -0.087   4.031     7.64016    43.53173    85.85403
    60  C   4.0  -0.237   4.020    10.53333    43.76038    85.12460
    61  C   4.0  -0.161   4.036     7.26411    42.89300    88.72263
    62  C   4.0  -0.161   4.028     4.44464    43.59598    89.35947
    63  C   4.0  -0.165   4.094     2.63050    41.11477    89.36514
    64  C   4.0  -0.088   4.039     0.43275    41.44547    91.23786
    65  C   4.0  -0.239   4.067     1.40785    41.08453    93.88536
    66  C   4.0  -0.241   4.083    -1.44375    39.42724    90.51409
    67  H   1.0   0.071   1.006    -4.89250    39.42535    56.91855
    68  H   1.0   0.070   1.004    -4.56558    37.47893    44.98871
    69  H   1.0   0.070   1.005    -4.18574    25.64547    46.75938
    70  H   1.0   0.085   1.007    -6.04145    31.83810    61.60885
    71  H   1.0   0.086   1.019    -3.66985    36.65312    60.47690
    72  H   1.0   0.080   0.999    -6.72364    37.97971    62.54615
    73  H   1.0   0.081   1.001    -7.99543    34.96938    62.66520
    74  H   1.0   0.081   1.001    -8.67384    37.07075    59.96289
    75  H   1.0   0.082   1.003    -0.34960    32.74328    60.49013
    76  H   1.0   0.083   1.003    -1.30580    30.38490    62.59339
    77  H   1.0   0.082   1.004    -2.85538    34.64435    65.20121
    78  H   1.0   0.081   1.005    -0.13039    35.77440    63.64786
    79  H   1.0   0.080   0.999    -4.58448    42.97615    55.49369
    80  H   1.0   0.081   1.004    -6.30791    44.08542    52.81028
    81  H   1.0   0.080   0.999    -2.89317    44.41990    53.04839
    82  H   1.0   0.080   0.999    -4.25188    46.44568    46.28317
    83  H   1.0   0.080   0.998    -2.26956    45.68979    48.96280
    84  H   1.0   0.080   0.998    -5.74288    45.95058    49.03083
    85  H   1.0   0.085   1.010    -3.47143    33.50295    42.41301
    86  H   1.0   0.085   1.007    -4.70542    28.35345    43.10276
    87  H   1.0   0.080   0.998    -8.78534    33.85633    42.88922
    88  H   1.0   0.080   0.998    -8.20519    30.66458    41.87633
    89  H   1.0   0.080   0.998    -7.10537    33.50673    40.23982
    90  H   1.0   0.082   1.008    -1.27179    30.11656    41.09965
    91  H   1.0   0.082   1.007    -0.41196    27.86023    43.57708
    92  H   1.0   0.080   0.999     2.26389    30.42837    45.43279
    93  H   1.0   0.081   1.000     0.34771    33.18359    45.00382
    94  H   1.0   0.080   0.997     2.39806    32.31053    42.69458
    95  H   1.0   0.080   0.999    -2.91774    21.62224    49.38421
    96  H   1.0   0.080   0.999    -6.30602    21.64681    49.57507
    97  H   1.0   0.080   1.002    -4.77723    20.48652    52.24903
    98  H   1.0   0.087   1.015    -5.87705    26.35412    60.01959
    99  H   1.0   0.080   0.996    -0.80691    26.94938    65.85884
   100  H   1.0   0.081   0.997     0.47054    24.25274    64.39052
   101  H   1.0   0.080   0.995    -2.09949    23.92204    66.59016
   102  H   1.0   0.082   1.001     2.46042    30.47183    69.99167
   103  H   1.0   0.082   0.999     0.04724    28.73517    70.36961
   104  H   1.0   0.071   1.004    -0.20031    34.37789    72.01368
   105  H   1.0   0.080   0.999    -1.99744    28.34778    76.66807
   106  H   1.0   0.080   0.999     1.18108    28.89202    77.43341
   107  H   1.0   0.080   0.999     0.32125    27.74496    74.39851
   108  H   1.0   0.082   1.007    -2.50578    32.85855    78.18174
   109  H   1.0   0.083   1.006    -2.00311    35.36055    76.27123
   110  H   1.0   0.082   1.004     2.35649    33.07020    78.80535
   111  H   1.0   0.082   1.002     0.41763    35.02796    80.60059
   112  H   1.0   0.082   1.002     1.97854    37.86444    75.85549
   113  H   1.0   0.082   1.007     4.39550    36.57376    78.00978
   114  H   1.0   0.083   1.007     1.57414    38.72048    81.42451
   115  H   1.0   0.080   0.997    -1.07147    40.55919    76.89862
   116  H   1.0   0.081   0.999     0.23433    43.01394    78.93574
   117  H   1.0   0.080   0.998    -1.74989    40.76328    80.10359
   118  H   1.0   0.082   1.004     4.24810    42.27695    77.81325
   119  H   1.0   0.082   1.004     6.19641    40.09809    79.24377
   120  H   1.0   0.082   1.002     2.95931    43.32008    82.84748
   121  H   1.0   0.082   1.005     5.63138    44.39344    81.25066
   122  H   1.0   0.082   1.002     7.84236    40.25683    83.12527
   123  H   1.0   0.082   1.002     5.24588    40.03006    84.95641
   124  H   1.0   0.083   1.007     6.58758    45.23248    85.36270
   125  H   1.0   0.080   0.998    10.70341    45.16823    83.62982
   126  H   1.0   0.080   0.997    11.42528    42.10876    84.27611
   127  H   1.0   0.080   0.997    11.86748    44.16290    86.64016
   128  H   1.0   0.081   1.000     8.55101    43.88889    89.98875
   129  H   1.0   0.082   1.005     7.78189    40.89934    88.67161
   130  H   1.0   0.081   1.000     3.63394    45.05485    88.15194
   131  H   1.0   0.081   1.002     4.47298    44.38588    91.26242
   132  H   1.0   0.082   1.001     3.53190    39.29118    89.69962
   133  H   1.0   0.083   1.004     1.70642    40.89178    87.53778
   134  H   1.0   0.083   1.007    -0.36283    43.32008    90.92605
   135  H   1.0   0.080   0.997     0.83715    39.50850    95.08534
   136  H   1.0   0.080   1.000     0.88250    42.77017    94.94928
   137  H   1.0   0.081   0.999     3.44308    40.80863    94.04977
   138  H   1.0   0.081   0.997    -0.80502    37.49594    90.18528
   139  H   1.0   0.081   0.997    -2.86671    39.80330    89.07412
   140  H   1.0   0.082   1.007    -2.38861    39.26473    92.33768
 
  Z AO/shell   Hii/eV     exponent
  1     Sat Feb 20 21:38:01 CET 2016    EN: 2.327 GAM: 0.473  GM3: 0.0000
     1s    -13.751157    1.051071
  6     Sat Feb 20 21:38:01 CET 2016    EN: 2.731 GAM: 0.422  GM3: 0.0000
     2s    -19.378245    2.021003
     2p    -11.993376    1.497917
  7     Sat Feb 20 21:38:01 CET 2016    EN: 3.573 GAM: 0.504  GM3: 0.0000
     2s    -21.576984    2.275442
     2p    -16.125120    2.056788
  8     Sat Feb 20 21:38:01 CET 2016    EN: 3.700 GAM: 0.587  GM3: 0.0000
     2s    -21.648843    2.110798
     2p    -17.239740    2.329048
 12     Sat Feb 20 23:25:47 CET 2016    EN: 0.033 GAM: 0.222  GM3: 0.0000
     3s    -12.693633    1.302878
     3p     -8.128821    0.504252
 
 dipole moment of classical point charges (au)
     X       Y       Z   
   0.1053   1.0138   0.3072  total (Debye):    2.706

 
 Nbf   :          338
 T(el) :   300.0
 calculating S/T integrals ...
 cpu time for ints   0.108116000000000     
 Nao   :          338
 making H0...
 making H1...
 cpu time for H      1.404300000000000E-002
 solving ...
 cpu time for diag   7.012699999999999E-002
 
 gap (eV)           :   1.283
 Koopmans IP (eV)   :  12.181
 Eel (Eh)           :  -268.302855
 T,E(Fermi),NFOD :    300.000   -11.539  0.000000
 T,E(Fermi),NFOD :    300.000   -11.539  0.000000
 Nfod               :  0.0000
 Nfod/Nel           :  0.0000

          eigenvalues
 #    :         164        165        166        167        168        169        170        171
 occ. :        2.000      2.000      2.000      2.000      2.000      2.000      2.000      2.000
 eps  :       -16.287    -16.195    -16.110    -15.938    -15.704    -15.612    -15.392    -14.992
 #    :         172        173        174        175        176        177        178        179
 occ. :        2.000      2.000      2.000      2.000      2.000      0.000      0.000      0.000
 eps  :       -14.939    -14.756    -14.685    -13.181    -12.182    -10.899     -9.675     -8.857
 #    :         180        181        182        183        184        185        186        187
 occ. :        0.000      0.000      0.000      0.000      0.000      0.000      0.000      0.000
 eps  :        -8.569     -8.214     -8.032     -7.982     -7.430     -7.234     -7.133     -6.812
                            1  SCC done.
 making H1...
 cpu time for H      8.484700000000001E-002
 solving ...
 cpu time for diag   3.719100000000003E-002
 
 gap (eV)           :   1.490
 Koopmans IP (eV)   :  12.016
 Eel (Eh)           :  -265.403799
 T,E(Fermi),NFOD :    300.000   -11.271  0.000000
 T,E(Fermi),NFOD :    300.000   -11.271  0.000000
 Nfod               :  0.0000
 Nfod/Nel           :  0.0000

          eigenvalues
 #    :         164        165        166        167        168        169        170        171
 occ. :        2.000      2.000      2.000      2.000      2.000      2.000      2.000      2.000
 eps  :       -15.343    -15.207    -14.957    -14.854    -14.811    -14.664    -14.378    -14.289
 #    :         172        173        174        175        176        177        178        179
 occ. :        2.000      2.000      2.000      2.000      2.000      0.000      0.000      0.000
 eps  :       -14.083    -13.961    -13.816    -12.575    -12.017    -10.527     -9.130     -8.656
 #    :         180        181        182        183        184        185        186        187
 occ. :        0.000      0.000      0.000      0.000      0.000      0.000      0.000      0.000
 eps  :        -8.310     -8.030     -7.966     -7.741     -7.226     -7.091     -6.971     -6.636
                            2  SCC done.
 
 
 Mulliken/CM5 charges    n(s)   n(p)   n(d)   
    1 MG  0.2964  0.7802   0.659  1.045  0.000
    2 C   0.0054  0.0086   1.178  2.817  0.000
    3 C  -0.0512 -0.0935   1.130  2.921  0.000
    4 C  -0.0177 -0.0594   1.141  2.877  0.000
    5 C  -0.0285 -0.0693   1.128  2.901  0.000
    6 N  -0.1598 -0.4290   1.409  3.751  0.000
    7 C   0.0381  0.0983   1.226  2.736  0.000
    8 C  -0.0239 -0.0773   1.224  2.800  0.000
    9 C  -0.0130 -0.0740   1.169  2.844  0.000
   10 C   0.0313  0.0857   1.237  2.732  0.000
   11 C  -0.0752 -0.2256   1.097  2.979  0.000
   12 C  -0.0627 -0.1671   1.177  2.885  0.000
   13 C  -0.0731 -0.1725   1.150  2.923  0.000
   14 C   0.2558  0.3071   1.164  2.580  0.000
   15 O  -0.2342 -0.2874   1.617  4.617  0.000
   16 O  -0.1710 -0.2512   1.495  4.676  0.000
   17 N  -0.2221 -0.4810   1.394  3.829  0.000
   18 C   0.0239  0.0916   1.196  2.780  0.000
   19 C  -0.0406 -0.0466   1.221  2.820  0.000
   20 C  -0.0677 -0.0622   1.218  2.850  0.000
   21 C   0.0207  0.0799   1.210  2.769  0.000
   22 C  -0.0704 -0.2155   1.079  2.992  0.000
   23 C   0.1358  0.1603   1.235  2.629  0.000
   24 O  -0.2163 -0.2665   1.624  4.593  0.000
   25 C  -0.0918 -0.2346   1.099  2.993  0.000
   26 N  -0.1405 -0.4144   1.421  3.719  0.000
   27 C   0.0126  0.0669   1.265  2.723  0.000
   28 C  -0.0276 -0.0865   1.204  2.824  0.000
   29 C  -0.0289 -0.0883   1.210  2.819  0.000
   30 C   0.0451  0.1064   1.211  2.744  0.000
   31 C  -0.0819 -0.2295   1.100  2.982  0.000
   32 C  -0.0404 -0.1512   1.142  2.898  0.000
   33 C  -0.0868 -0.2381   1.086  3.001  0.000
   34 N  -0.2104 -0.5159   1.392  3.818  0.000
   35 C   0.0230  0.0833   1.201  2.776  0.000
   36 C  -0.0085 -0.0143   1.220  2.788  0.000
   37 C  -0.0554 -0.0483   1.174  2.881  0.000
   38 C   0.0287  0.0997   1.201  2.770  0.000
   39 C  -0.0611 -0.2048   1.085  2.976  0.000
   40 C   0.1638  0.1965   1.178  2.658  0.000
   41 O  -0.2430 -0.2864   1.630  4.613  0.000
   42 C  -0.0200 -0.0621   1.179  2.841  0.000
   43 C   0.2179  0.2705   1.182  2.600  0.000
   44 O  -0.2952 -0.3439   1.628  4.667  0.000
   45 O  -0.1484 -0.2336   1.469  4.680  0.000
   46 C   0.0200 -0.1043   1.097  2.883  0.000
   47 C   0.0190 -0.0595   1.123  2.858  0.000
   48 C  -0.0621 -0.1170   1.163  2.899  0.000
   49 C  -0.0052 -0.0282   1.194  2.811  0.000
   50 C  -0.0850 -0.2306   1.078  3.007  0.000
   51 C  -0.0516 -0.1573   1.123  2.928  0.000
   52 C  -0.0595 -0.1714   1.157  2.902  0.000
   53 C  -0.0829 -0.1923   1.172  2.911  0.000
   54 C  -0.0397 -0.1140   1.215  2.825  0.000
   55 C  -0.1339 -0.2849   1.119  3.015  0.000
   56 C  -0.0536 -0.1645   1.150  2.904  0.000
   57 C  -0.0633 -0.1757   1.152  2.911  0.000
   58 C  -0.0872 -0.1980   1.169  2.918  0.000
   59 C  -0.0322 -0.1033   1.230  2.802  0.000
   60 C  -0.1133 -0.2625   1.105  3.008  0.000
   61 C  -0.0548 -0.1628   1.156  2.899  0.000
   62 C  -0.0660 -0.1753   1.166  2.900  0.000
   63 C  -0.0900 -0.1999   1.174  2.916  0.000
   64 C   0.0101 -0.0666   1.181  2.809  0.000
   65 C  -0.1085 -0.2595   1.095  3.013  0.000
   66 C  -0.1086 -0.2596   1.100  3.009  0.000
   67 H   0.0490  0.1082   0.951  0.000  0.000
   68 H   0.0597  0.1223   0.940  0.000  0.000
   69 H   0.0517  0.1100   0.948  0.000  0.000
   70 H   0.0457  0.1067   0.954  0.000  0.000
   71 H   0.0497  0.1147   0.950  0.000  0.000
   72 H   0.0423  0.0942   0.958  0.000  0.000
   73 H   0.0404  0.0941   0.960  0.000  0.000
   74 H   0.0384  0.0922   0.962  0.000  0.000
   75 H   0.0371  0.0953   0.963  0.000  0.000
   76 H   0.0450  0.1091   0.955  0.000  0.000
   77 H   0.0354  0.0971   0.965  0.000  0.000
   78 H   0.0355  0.0952   0.965  0.000  0.000
   79 H   0.0484  0.1013   0.952  0.000  0.000
   80 H   0.0530  0.1076   0.947  0.000  0.000
   81 H   0.0535  0.1062   0.947  0.000  0.000
   82 H   0.0434  0.0989   0.957  0.000  0.000
   83 H   0.0515  0.1046   0.949  0.000  0.000
   84 H   0.0513  0.1043   0.949  0.000  0.000
   85 H   0.0476  0.1103   0.952  0.000  0.000
   86 H   0.0510  0.1115   0.949  0.000  0.000
   87 H   0.0383  0.0904   0.962  0.000  0.000
   88 H   0.0424  0.0946   0.958  0.000  0.000
   89 H   0.0415  0.0931   0.959  0.000  0.000
   90 H   0.0361  0.0935   0.964  0.000  0.000
   91 H   0.0394  0.0970   0.961  0.000  0.000
   92 H   0.0362  0.0884   0.964  0.000  0.000
   93 H   0.0353  0.0899   0.965  0.000  0.000
   94 H   0.0372  0.0882   0.963  0.000  0.000
   95 H   0.0589  0.1117   0.941  0.000  0.000
   96 H   0.0467  0.0990   0.953  0.000  0.000
   97 H   0.0572  0.1120   0.943  0.000  0.000
   98 H   0.0581  0.1290   0.942  0.000  0.000
   99 H   0.0545  0.1154   0.946  0.000  0.000
  100 H   0.0522  0.1166   0.948  0.000  0.000
  101 H   0.0542  0.1119   0.946  0.000  0.000
  102 H   0.0590  0.1255   0.941  0.000  0.000
  103 H   0.0452  0.1082   0.955  0.000  0.000
  104 H   0.0381  0.0983   0.962  0.000  0.000
  105 H   0.0392  0.0915   0.961  0.000  0.000
  106 H   0.0446  0.0971   0.955  0.000  0.000
  107 H   0.0403  0.0936   0.960  0.000  0.000
  108 H   0.0389  0.0962   0.961  0.000  0.000
  109 H   0.0382  0.0957   0.962  0.000  0.000
  110 H   0.0274  0.0842   0.973  0.000  0.000
  111 H   0.0440  0.0998   0.956  0.000  0.000
  112 H   0.0432  0.0996   0.957  0.000  0.000
  113 H   0.0348  0.0923   0.965  0.000  0.000
  114 H   0.0343  0.0941   0.966  0.000  0.000
  115 H   0.0308  0.0824   0.969  0.000  0.000
  116 H   0.0290  0.0822   0.971  0.000  0.000
  117 H   0.0223  0.0737   0.978  0.000  0.000
  118 H   0.0407  0.0973   0.959  0.000  0.000
  119 H   0.0355  0.0924   0.964  0.000  0.000
  120 H   0.0341  0.0898   0.966  0.000  0.000
  121 H   0.0276  0.0842   0.972  0.000  0.000
  122 H   0.0286  0.0848   0.971  0.000  0.000
  123 H   0.0292  0.0858   0.971  0.000  0.000
  124 H   0.0369  0.0973   0.963  0.000  0.000
  125 H   0.0302  0.0818   0.970  0.000  0.000
  126 H   0.0319  0.0833   0.968  0.000  0.000
  127 H   0.0350  0.0861   0.965  0.000  0.000
  128 H   0.0466  0.1009   0.953  0.000  0.000
  129 H   0.0402  0.0975   0.960  0.000  0.000
  130 H   0.0443  0.0995   0.956  0.000  0.000
  131 H   0.0331  0.0892   0.967  0.000  0.000
  132 H   0.0310  0.0871   0.969  0.000  0.000
  133 H   0.0275  0.0848   0.972  0.000  0.000
  134 H   0.0453  0.1044   0.955  0.000  0.000
  135 H   0.0352  0.0865   0.965  0.000  0.000
  136 H   0.0273  0.0796   0.973  0.000  0.000
  137 H   0.0347  0.0876   0.965  0.000  0.000
  138 H   0.0318  0.0836   0.968  0.000  0.000
  139 H   0.0364  0.0874   0.964  0.000  0.000
  140 H   0.0270  0.0823   0.973  0.000  0.000
 Hirshfeld charges for QMDFF written to <charges>
 
 Loewdin charges    n(s)   n(p)   n(d)
    1 MG  0.1319   0.671  1.197  0.000
    2 C   0.0081   1.137  2.855  0.000
    3 C  -0.0502   1.079  2.972  0.000
    4 C  -0.0149   1.090  2.925  0.000
    5 C  -0.0257   1.075  2.951  0.000
    6 N  -0.1245   1.365  3.759  0.000
    7 C   0.0391   1.190  2.771  0.000
    8 C  -0.0166   1.178  2.839  0.000
    9 C  -0.0052   1.119  2.886  0.000
   10 C   0.0381   1.200  2.762  0.000
   11 C  -0.0772   1.024  3.054  0.000
   12 C  -0.0574   1.120  2.937  0.000
   13 C  -0.0744   1.092  2.983  0.000
   14 C   0.2307   1.138  2.632  0.000
   15 O  -0.2156   1.582  4.634  0.000
   16 O  -0.1380   1.461  4.677  0.000
   17 N  -0.1925   1.352  3.841  0.000
   18 C   0.0259   1.158  2.816  0.000
   19 C  -0.0300   1.180  2.850  0.000
   20 C  -0.0756   1.183  2.893  0.000
   21 C   0.0261   1.171  2.803  0.000
   22 C  -0.0718   1.004  3.068  0.000
   23 C   0.1319   1.202  2.666  0.000
   24 O  -0.1991   1.592  4.607  0.000
   25 C  -0.0968   1.027  3.070  0.000
   26 N  -0.1035   1.376  3.727  0.000
   27 C   0.0179   1.230  2.752  0.000
   28 C  -0.0202   1.157  2.863  0.000
   29 C  -0.0216   1.163  2.858  0.000
   30 C   0.0478   1.173  2.779  0.000
   31 C  -0.0830   1.028  3.055  0.000
   32 C  -0.0343   1.082  2.952  0.000
   33 C  -0.0881   1.013  3.075  0.000
   34 N  -0.1752   1.348  3.827  0.000
   35 C   0.0233   1.164  2.813  0.000
   36 C  -0.0020   1.180  2.822  0.000
   37 C  -0.0635   1.136  2.928  0.000
   38 C   0.0328   1.162  2.805  0.000
   39 C  -0.0590   1.010  3.049  0.000
   40 C   0.1588   1.143  2.698  0.000
   41 O  -0.2285   1.600  4.628  0.000
   42 C  -0.0202   1.130  2.891  0.000
   43 C   0.1952   1.155  2.650  0.000
   44 O  -0.2833   1.600  4.683  0.000
   45 O  -0.1122   1.433  4.679  0.000
   46 C   0.0133   1.027  2.960  0.000
   47 C   0.0138   1.068  2.918  0.000
   48 C  -0.0612   1.114  2.947  0.000
   49 C   0.0058   1.151  2.844  0.000
   50 C  -0.0882   1.004  3.084  0.000
   51 C  -0.0490   1.063  2.986  0.000
   52 C  -0.0547   1.099  2.956  0.000
   53 C  -0.0806   1.116  2.964  0.000
   54 C  -0.0299   1.168  2.862  0.000
   55 C  -0.1402   1.050  3.090  0.000
   56 C  -0.0497   1.091  2.959  0.000
   57 C  -0.0585   1.094  2.965  0.000
   58 C  -0.0866   1.114  2.973  0.000
   59 C  -0.0221   1.184  2.838  0.000
   60 C  -0.1174   1.035  3.083  0.000
   61 C  -0.0496   1.098  2.952  0.000
   62 C  -0.0608   1.109  2.952  0.000
   63 C  -0.0894   1.119  2.970  0.000
   64 C   0.0248   1.129  2.846  0.000
   65 C  -0.1142   1.025  3.089  0.000
   66 C  -0.1138   1.030  3.084  0.000
   67 H   0.0452   0.955  0.000  0.000
   68 H   0.0524   0.948  0.000  0.000
   69 H   0.0468   0.953  0.000  0.000
   70 H   0.0395   0.961  0.000  0.000
   71 H   0.0451   0.955  0.000  0.000
   72 H   0.0415   0.959  0.000  0.000
   73 H   0.0406   0.959  0.000  0.000
   74 H   0.0376   0.962  0.000  0.000
   75 H   0.0339   0.966  0.000  0.000
   76 H   0.0406   0.959  0.000  0.000
   77 H   0.0328   0.967  0.000  0.000
   78 H   0.0321   0.968  0.000  0.000
   79 H   0.0479   0.952  0.000  0.000
   80 H   0.0516   0.948  0.000  0.000
   81 H   0.0520   0.948  0.000  0.000
   82 H   0.0419   0.958  0.000  0.000
   83 H   0.0504   0.950  0.000  0.000
   84 H   0.0511   0.949  0.000  0.000
   85 H   0.0422   0.958  0.000  0.000
   86 H   0.0453   0.955  0.000  0.000
   87 H   0.0380   0.962  0.000  0.000
   88 H   0.0416   0.958  0.000  0.000
   89 H   0.0408   0.959  0.000  0.000
   90 H   0.0337   0.966  0.000  0.000
   91 H   0.0364   0.964  0.000  0.000
   92 H   0.0361   0.964  0.000  0.000
   93 H   0.0374   0.963  0.000  0.000
   94 H   0.0372   0.963  0.000  0.000
   95 H   0.0565   0.944  0.000  0.000
   96 H   0.0455   0.954  0.000  0.000
   97 H   0.0540   0.946  0.000  0.000
   98 H   0.0501   0.950  0.000  0.000
   99 H   0.0509   0.949  0.000  0.000
  100 H   0.0473   0.953  0.000  0.000
  101 H   0.0506   0.949  0.000  0.000
  102 H   0.0524   0.948  0.000  0.000
  103 H   0.0411   0.959  0.000  0.000
  104 H   0.0311   0.969  0.000  0.000
  105 H   0.0388   0.961  0.000  0.000
  106 H   0.0439   0.956  0.000  0.000
  107 H   0.0402   0.960  0.000  0.000
  108 H   0.0366   0.963  0.000  0.000
  109 H   0.0353   0.965  0.000  0.000
  110 H   0.0254   0.975  0.000  0.000
  111 H   0.0415   0.959  0.000  0.000
  112 H   0.0404   0.960  0.000  0.000
  113 H   0.0328   0.967  0.000  0.000
  114 H   0.0299   0.970  0.000  0.000
  115 H   0.0320   0.968  0.000  0.000
  116 H   0.0305   0.970  0.000  0.000
  117 H   0.0239   0.976  0.000  0.000
  118 H   0.0380   0.962  0.000  0.000
  119 H   0.0338   0.966  0.000  0.000
  120 H   0.0316   0.968  0.000  0.000
  121 H   0.0258   0.974  0.000  0.000
  122 H   0.0275   0.972  0.000  0.000
  123 H   0.0277   0.972  0.000  0.000
  124 H   0.0318   0.968  0.000  0.000
  125 H   0.0304   0.970  0.000  0.000
  126 H   0.0332   0.967  0.000  0.000
  127 H   0.0356   0.964  0.000  0.000
  128 H   0.0429   0.957  0.000  0.000
  129 H   0.0370   0.963  0.000  0.000
  130 H   0.0414   0.959  0.000  0.000
  131 H   0.0307   0.969  0.000  0.000
  132 H   0.0292   0.971  0.000  0.000
  133 H   0.0260   0.974  0.000  0.000
  134 H   0.0391   0.961  0.000  0.000
  135 H   0.0365   0.963  0.000  0.000
  136 H   0.0278   0.972  0.000  0.000
  137 H   0.0357   0.964  0.000  0.000
  138 H   0.0325   0.967  0.000  0.000
  139 H   0.0363   0.964  0.000  0.000
  140 H   0.0285   0.971  0.000  0.000
 
 Wiberg/Mayer (AO) data. WBOs > 0.1 written file <wbo>
 largest (>0.05) Wiberg bond orders for each atom
           total WBO             WBO to atom ...
     1  MG  2.554    N   34 0.535    N   17 0.442    N    6 0.428    N   26 0.417    C   38 0.057    C   27 0.051
     2  C   3.901    C    7 1.477    C   38 1.134    C   42 0.952
     3  C   3.917    C   10 1.426    C   18 1.248    H   67 0.939
     4  C   3.922    C   27 1.404    C   21 1.288    H   68 0.935
     5  C   3.914    C   30 1.497    C   35 1.218    H   69 0.935
     6  N   3.344    C   10 1.228    C    7 1.196    MG   1 0.428
     7  C   3.870    C    2 1.477    N    6 1.196    C    8 0.917
     8  C   3.919    C    9 0.962    H   70 0.943    C   12 0.918    C    7 0.917
     9  C   3.944    C   11 0.986    C    8 0.962    C   10 0.934    H   71 0.932
    10  C   3.853    C    3 1.426    N    6 1.228    C    9 0.934
    11  C   3.973    C    9 0.986    H   72 0.979    H   74 0.973    H   73 0.970
    12  C   3.933    H   75 0.973    H   76 0.963    C   13 0.953    C    8 0.918
    13  C   3.960    H   78 0.964    H   77 0.962    C   12 0.953    C   14 0.937    O   15 0.083
    14  C   3.892    O   15 1.886    O   16 1.029    C   13 0.937
    15  O   2.198    C   14 1.886    O   16 0.162    C   13 0.083
    16  O   2.275    C   14 1.029    C   47 0.974    O   15 0.162
    17  N   3.289    C   18 1.244    C   21 1.144    MG   1 0.442    C   20 0.068    C   19 0.056
    18  C   3.877    C    3 1.248    N   17 1.244    C   19 1.139
    19  C   3.859    C   20 1.430    C   18 1.139    C   22 1.002    N   17 0.056    O   24 0.052
    20  C   3.889    C   19 1.430    C   21 1.168    C   23 0.939    O   24 0.083    N   17 0.068
    21  C   3.863    C    4 1.288    C   20 1.168    N   17 1.144    N   26 0.053
    22  C   3.982    C   19 1.002    H   79 0.974    H   81 0.964    H   80 0.959
    23  C   3.864    O   24 1.891    C   20 0.939    C   25 0.939
    24  O   2.201    C   23 1.891    C   20 0.083    C   25 0.077    C   19 0.052
    25  C   3.979    H   82 0.975    H   83 0.967    H   84 0.963    C   23 0.939    O   24 0.077
    26  N   3.358    C   27 1.239    C   30 1.223    MG   1 0.417    C   21 0.053
    27  C   3.828    C    4 1.404    N   26 1.239    C   28 0.902    MG   1 0.051
    28  C   3.932    C   31 0.972    C   29 0.961    H   85 0.947    C   27 0.902
    29  C   3.933    C   28 0.961    C   32 0.957    H   86 0.941    C   30 0.909
    30  C   3.875    C    5 1.497    N   26 1.223    C   29 0.909
    31  C   3.970    H   89 0.980    H   87 0.978    H   88 0.977    C   28 0.972
    32  C   3.963    C   33 1.008    H   91 0.963    H   90 0.963    C   29 0.957
    33  C   3.981    C   32 1.008    H   92 0.983    H   94 0.980    H   93 0.971
    34  N   3.336    C   38 1.233    C   35 1.132    MG   1 0.535    C   37 0.065    C   36 0.053
    35  C   3.863    C   36 1.237    C    5 1.218    N   34 1.132
    36  C   3.839    C   37 1.316    C   35 1.237    C   39 0.984    N   34 0.053    O   41 0.053
    37  C   3.908    C   36 1.316    C   38 1.198    C   40 1.082    O   41 0.070    N   34 0.065
    38  C   3.880    N   34 1.233    C   37 1.198    C    2 1.134    MG   1 0.057
    39  C   3.977    C   36 0.984    H   97 0.977    H   96 0.971    H   95 0.969
    40  C   3.906    O   41 1.793    C   37 1.082    C   42 0.878
    41  O   2.146    C   40 1.793    C   42 0.080    C   37 0.070    C   36 0.053
    42  C   3.946    C    2 0.952    H   98 0.920    C   43 0.919    C   40 0.878    O   41 0.080    O   44 0.067
    43  C   3.893    O   44 1.777    O   45 1.118    C   42 0.919
    44  O   2.096    C   43 1.777    O   45 0.167    C   42 0.067
    45  O   2.315    C   43 1.118    C   46 0.962    O   44 0.167
    46  C   3.937    H  101 0.990    H  100 0.985    H   99 0.982    O   45 0.962
    47  C   3.931    O   16 0.974    C   48 0.966    H  103 0.965    H  102 0.950
    48  C   3.958    C   49 1.901    C   47 0.966    H  104 0.941
    49  C   3.942    C   48 1.901    C   50 0.989    C   51 0.972
    50  C   3.989    C   49 0.989    H  107 0.974    H  105 0.971    H  106 0.971
    51  C   3.970    C   52 0.980    C   49 0.972    H  109 0.957    H  108 0.950
    52  C   3.958    C   51 0.980    H  110 0.971    C   53 0.965    H  111 0.961
    53  C   3.957    C   54 0.967    H  113 0.967    C   52 0.965    H  112 0.963
    54  C   3.936    C   56 0.989    C   55 0.971    C   53 0.967    H  114 0.951
    55  C   3.972    H  117 0.985    H  116 0.980    H  115 0.979    C   54 0.971
    56  C   3.961    C   54 0.989    C   57 0.970    H  118 0.960    H  119 0.956
    57  C   3.962    C   58 0.991    C   56 0.970    H  120 0.968    H  121 0.968
    58  C   3.953    C   57 0.991    H  123 0.966    H  122 0.964    C   59 0.951
    59  C   3.924    C   61 0.974    C   60 0.974    H  124 0.954    C   58 0.951
    60  C   3.972    H  125 0.982    H  126 0.979    H  127 0.977    C   59 0.974
    61  C   3.961    C   62 0.982    C   59 0.974    H  129 0.967    H  128 0.960
    62  C   3.956    C   61 0.982    H  131 0.971    H  130 0.967    C   63 0.960
    63  C   3.953    C   64 0.975    H  133 0.967    H  132 0.966    C   62 0.960
    64  C   3.951    C   65 0.993    C   66 0.987    C   63 0.975    H  134 0.953
    65  C   3.976    C   64 0.993    H  136 0.980    H  137 0.974    H  135 0.972
    66  C   3.975    C   64 0.987    H  138 0.976    H  139 0.976    H  140 0.970
    67  H   0.995    C    3 0.939
    68  H   0.993    C    4 0.935
    69  H   0.993    C    5 0.935
    70  H   0.996    C    8 0.943
    71  H   0.995    C    9 0.932
    72  H   0.997    C   11 0.979
    73  H   0.996    C   11 0.970
    74  H   0.996    C   11 0.973
    75  H   0.998    C   12 0.973
    76  H   0.996    C   12 0.963
    77  H   0.999    C   13 0.962
    78  H   0.998    C   13 0.964
    79  H   0.996    C   22 0.974
    80  H   0.991    C   22 0.959
    81  H   0.992    C   22 0.964
    82  H   0.996    C   25 0.975
    83  H   0.997    C   25 0.967
    84  H   0.997    C   25 0.963
    85  H   0.996    C   28 0.947
    86  H   0.996    C   29 0.941
    87  H   0.996    C   31 0.978
    88  H   0.996    C   31 0.977
    89  H   0.997    C   31 0.980
    90  H   0.996    C   32 0.963
    91  H   0.996    C   32 0.963
    92  H   0.998    C   33 0.983
    93  H   0.998    C   33 0.971
    94  H   0.998    C   33 0.980
    95  H   0.991    C   39 0.969
    96  H   0.993    C   39 0.971
    97  H   0.995    C   39 0.977
    98  H   0.992    C   42 0.920
    99  H   0.997    C   46 0.982
   100  H   0.997    C   46 0.985
   101  H   0.997    C   46 0.990
   102  H   0.996    C   47 0.950
   103  H   0.998    C   47 0.965
   104  H   0.998    C   48 0.941
   105  H   0.998    C   50 0.971
   106  H   0.998    C   50 0.971
   107  H   0.998    C   50 0.974
   108  H   0.996    C   51 0.950
   109  H   0.999    C   51 0.957
   110  H   0.999    C   52 0.971
   111  H   0.996    C   52 0.961
   112  H   0.998    C   53 0.963
   113  H   0.999    C   53 0.967
   114  H   0.999    C   54 0.951
   115  H   0.999    C   55 0.979
   116  H   0.999    C   55 0.980
   117  H   0.999    C   55 0.985
   118  H   0.997    C   56 0.960
   119  H   0.999    C   56 0.956
   120  H   0.999    C   57 0.968
   121  H   0.998    C   57 0.968
   122  H   0.999    C   58 0.964
   123  H   0.999    C   58 0.966
   124  H   0.999    C   59 0.954
   125  H   0.999    C   60 0.982
   126  H   0.999    C   60 0.979
   127  H   0.998    C   60 0.977
   128  H   0.996    C   61 0.960
   129  H   0.998    C   61 0.967
   130  H   0.998    C   62 0.967
   131  H   0.999    C   62 0.971
   132  H   0.999    C   63 0.966
   133  H   0.999    C   63 0.967
   134  H   0.998    C   64 0.953
   135  H   0.999    C   65 0.972
   136  H   0.999    C   65 0.980
   137  H   0.999    C   65 0.974
   138  H   0.999    C   66 0.976
   139  H   0.999    C   66 0.976
   140  H   0.998    C   66 0.970
 
 --------------------------------------------
          xTB calculation for sTDA...
 --------------------------------------------
 
 reading parameter file ~/.param_stda2.xtb
 
      method parameters     
 k(s)        :  1.6000
 k(p)        :  2.1800
 k(d)        :  1.9500
 k(f)        :  2.0000
 k(R-V)      :  2.2750
 k(R-R)      :  1.7650
 Tscal       :  0.2580
 Gscal       :  1.0000
 fpol        :  1.0000
 Zcnf        :  0.3430
 Zqf         :  0.0000
 kcn         :  2.7000
 Ryd Hsplit  :  0.7000
 lshift(virt):  3.1000
 lshift(OS)  :  0.2000
 wllscaling  :  2.6000
 
 mowrcut     : 3.000
 
  Z AO/shell   Hii/eV     exponent
  1     Sun Feb 14 09:53:25 CET 2016    EN: 2.327 GAM: 0.473  GM3: 0.0000
     1s    -14.339618    1.220000
     2sp    -3.348946    0.600000
  6     Sun Feb 14 09:53:25 CET 2016    EN: 2.731 GAM: 0.422  GM3: 0.0000
     2s    -22.009312    1.565095
     2p    -13.020408    1.596905
     3sp    -3.914040    0.824500
  7     Sun Feb 14 09:53:25 CET 2016    EN: 3.573 GAM: 0.504  GM3: 0.0000
     2s    -25.722000    2.064844
     2p    -18.684912    1.801692
     3sp    -4.344791    0.921400
  8     Sun Feb 14 09:53:25 CET 2016    EN: 3.700 GAM: 0.587  GM3: 0.0000
     2s    -33.859000    2.418661
     2p    -22.175911    1.973969
     3sp    -4.259392    1.013700
 12     Sun Feb 21 16:58:31 CET 2016    EN: 0.033 GAM: 0.222  GM3: 0.0000
     3s    -11.092543    1.647583
     3p     -6.929529    0.855020
 
 Nbf   :          894
 T(el) :     0.0
 calculating S/T integrals ...
 cpu time for ints    1.40863800000000     
 Nao   :          894
 making H0...
 making H1...
 cpu time for H      2.875100000000019E-002
 solving ...
 cpu time for diag   0.303080000000000     
 
 gap (eV)           :   4.655
 Koopmans IP (eV)   :  13.328
 Eel (Eh)           :  -300.637553

          eigenvalues
 #    :         164        165        166        167        168        169        170        171
 occ. :        2.000      2.000      2.000      2.000      2.000      2.000      2.000      2.000
 eps  :       -17.413    -17.292    -16.758    -16.471    -16.414    -16.196    -15.902    -15.841
 #    :         172        173        174        175        176        177        178        179
 occ. :        2.000      2.000      2.000      2.000      2.000      0.000      0.000      0.000
 eps  :       -15.553    -15.317    -15.038    -13.845    -13.329     -8.674     -6.859     -6.675
 #    :         180        181        182        183        184        185        186        187
 occ. :        0.000      0.000      0.000      0.000      0.000      0.000      0.000      0.000
 eps  :        -6.207     -6.014     -5.537     -5.383     -5.252     -5.241     -5.129     -5.040
                            1  SCC done.
 writing mo output ...
 molden style : F
 
speedup  0.79
cpu  time for all    2.21 s
wall time for all    2.79 s
