cpu-bind=MASK - bp1-compute139, task 4294967295 4294967295 [0]: mask 0xffffff00ffffff set
Host:    bp1-compute139.data.bp.acrc.priv
Time:    Sat Apr 30 04:49:22 BST 2022
Dir:     /user/home/of15641/chlorophyll_parameterization/tddft_data/step_601_chromophore_23
Job ID:  1658879
Nodelist:
cat: bp1-compute139: No such file or directory
  
Result dir: /user/home/of15641/chlorophyll_parameterization/tddft_data/step_601_chromophore_23
running gaussian jobs
Running time g16 < CAMB3LYP_step_601_chromophore_23.com > CAMB3LYP_step_601_chromophore_23.log

real	25m46.671s
user	607m3.718s
sys	0m24.914s
Running time g16 < PBE0_step_601_chromophore_23.com > PBE0_step_601_chromophore_23.log

real	24m35.326s
user	587m32.404s
sys	0m27.103s
Running time g16 < wB97XD_step_601_chromophore_23.com > wB97XD_step_601_chromophore_23.log

real	26m21.095s
user	620m36.432s
sys	0m23.791s
Running time g16 < BLYP_step_601_chromophore_23.com > BLYP_step_601_chromophore_23.log

real	12m16.828s
user	292m38.826s
sys	0m21.037s
Running time g16 < ZINDO_step_601_chromophore_23.com > ZINDO_step_601_chromophore_23.log

real	0m7.600s
user	2m46.101s
sys	0m2.761s
