cpu-bind=MASK - bp1-compute123, task 4294967295 4294967295 [0]: mask 0xffffffffffff set
Host:    bp1-compute123.data.bp.acrc.priv
Time:    Wed May  4 04:19:51 BST 2022
Dir:     /user/home/of15641/chlorophyll_parameterization/tddft_data/step_1401_chromophore_10
Job ID:  1692104
Nodelist:
cat: bp1-compute123: No such file or directory
  
Result dir: /user/home/of15641/chlorophyll_parameterization/tddft_data/step_1401_chromophore_10
running gaussian jobs
Running time g16 < CAMB3LYP_step_1401_chromophore_10.com > CAMB3LYP_step_1401_chromophore_10.log

real	24m46.719s
user	581m47.171s
sys	0m37.912s
Running time g16 < PBE0_step_1401_chromophore_10.com > PBE0_step_1401_chromophore_10.log

real	24m57.401s
user	594m54.100s
sys	0m42.581s
Running time g16 < wB97XD_step_1401_chromophore_10.com > wB97XD_step_1401_chromophore_10.log

real	24m55.767s
user	585m6.199s
sys	0m37.608s
Running time g16 < BLYP_step_1401_chromophore_10.com > BLYP_step_1401_chromophore_10.log

real	12m46.606s
user	304m3.710s
sys	0m26.204s
Running time g16 < ZINDO_step_1401_chromophore_10.com > ZINDO_step_1401_chromophore_10.log

real	0m6.488s
user	2m21.225s
sys	0m2.557s
