cpu-bind=MASK - bp1-compute134, task 4294967295 4294967295 [0]: mask 0xffffff00ffffff set
Host:    bp1-compute134.data.bp.acrc.priv
Time:    Tue Apr 26 21:12:02 BST 2022
Dir:     /user/home/of15641/chlorophyll_parameterization/tddft_data/step_1001_chromophore_25
Job ID:  1658063
Nodelist:
cat: bp1-compute134: No such file or directory
  
Result dir: /user/home/of15641/chlorophyll_parameterization/tddft_data/step_1001_chromophore_25
running gaussian jobs
Running time g16 < CAMB3LYP_step_1001_chromophore_25.com > CAMB3LYP_step_1001_chromophore_25.log

real	26m44.750s
user	629m41.184s
sys	0m26.713s
Running time g16 < PBE0_step_1001_chromophore_25.com > PBE0_step_1001_chromophore_25.log

real	21m29.321s
user	513m29.268s
sys	0m22.601s
Running time g16 < wB97XD_step_1001_chromophore_25.com > wB97XD_step_1001_chromophore_25.log

real	28m33.053s
user	673m0.152s
sys	0m24.238s
Running time g16 < BLYP_step_1001_chromophore_25.com > BLYP_step_1001_chromophore_25.log

real	14m27.511s
user	344m53.785s
sys	0m23.685s
Running time g16 < ZINDO_step_1001_chromophore_25.com > ZINDO_step_1001_chromophore_25.log

real	0m7.432s
user	2m34.121s
sys	0m2.628s
