cpu-bind=MASK - bp1-compute165, task 4294967295 4294967295 [0]: mask 0xffffff00ffffff set
Host:    bp1-compute165.data.bp.acrc.priv
Time:    Thu Apr 28 09:26:29 BST 2022
Dir:     /user/home/of15641/chlorophyll_parameterization/tddft_data/step_151_chromophore_25
Job ID:  1658388
Nodelist:
cat: bp1-compute165: No such file or directory
  
Result dir: /user/home/of15641/chlorophyll_parameterization/tddft_data/step_151_chromophore_25
running gaussian jobs
Running time g16 < CAMB3LYP_step_151_chromophore_25.com > CAMB3LYP_step_151_chromophore_25.log

real	30m21.485s
user	715m51.850s
sys	0m28.007s
Running time g16 < PBE0_step_151_chromophore_25.com > PBE0_step_151_chromophore_25.log

real	20m48.490s
user	497m11.632s
sys	0m22.118s
Running time g16 < wB97XD_step_151_chromophore_25.com > wB97XD_step_151_chromophore_25.log

real	33m48.693s
user	797m9.051s
sys	0m30.787s
Running time g16 < BLYP_step_151_chromophore_25.com > BLYP_step_151_chromophore_25.log

real	14m20.669s
user	342m16.924s
sys	0m23.564s
Running time g16 < ZINDO_step_151_chromophore_25.com > ZINDO_step_151_chromophore_25.log

real	0m6.499s
user	2m22.112s
sys	0m2.451s
