cpu-bind=MASK - bp1-compute128, task 4294967295 4294967295 [0]: mask 0xffffffffffff set
Host:    bp1-compute128.data.bp.acrc.priv
Time:    Wed May  4 05:56:36 BST 2022
Dir:     /user/home/of15641/chlorophyll_parameterization/tddft_data/step_1451_chromophore_18
Job ID:  1692128
Nodelist:
cat: bp1-compute128: No such file or directory
  
Result dir: /user/home/of15641/chlorophyll_parameterization/tddft_data/step_1451_chromophore_18
running gaussian jobs
Running time g16 < CAMB3LYP_step_1451_chromophore_18.com > CAMB3LYP_step_1451_chromophore_18.log

real	31m47.296s
user	747m33.229s
sys	0m33.739s
Running time g16 < PBE0_step_1451_chromophore_18.com > PBE0_step_1451_chromophore_18.log

real	21m3.590s
user	501m56.907s
sys	0m26.098s
Running time g16 < wB97XD_step_1451_chromophore_18.com > wB97XD_step_1451_chromophore_18.log

real	31m27.939s
user	739m52.656s
sys	0m33.157s
Running time g16 < BLYP_step_1451_chromophore_18.com > BLYP_step_1451_chromophore_18.log

real	12m37.619s
user	300m35.926s
sys	0m24.428s
Running time g16 < ZINDO_step_1451_chromophore_18.com > ZINDO_step_1451_chromophore_18.log

real	0m7.013s
user	2m32.758s
sys	0m2.799s
