 
        ______________________________________
       |                                      |
       |          ===================         |
       |             xTB for sTDA             |
       |          ===================         |
       |               S. Grimme              |
       |        Universitaet Bonn, MCTC       |
       |         2015-19, Version 1.0         |
       |     Wed Apr  3 09:14:55 CEST 2019    |
       |______________________________________|
 
        This code comes without any warranty
        for non-commercial, academia use only.
        Preliminary test version.
        Cite this work as:
        S. Grimme  &  C. Bannwarth, JCP 145 (2016) 054103
        if GBSA is used additionally:
        P. Shushkov, F. März, C. Bannwarth, S. Grimme, unpublished.
 
        with help from
        P. Shushkov, G. Brandenburg, S. Dohm, J. Pisarek,
        F. März, M. Checinski, S. Ehrlich, S. Spicher, 
        P. Pracht, E. Caldeweyher, S. Ehlert, and C. Bannwarth.
 
        usage        :
        xtb4stda <coord_file> [options]
        where <coord_file> is a valid file of TM)
        (*coord, Bohr) or xmol (*xyz, Angstroem)
        format.

        options:
        -chrg <int>   : molecular charge
        -uhf  <int>   : # of unpaired electrons(=2*S)
        -nox          : skip second, extended part in sTDA-xTB
        -pop          : do population analysis
                      : (default for -nox)
        -mowr <real>  : cut MO write above (def.3 Eh)
        -molden       : write formatted molden file
        -parx <file>  : read parameters for sTDA-xTB
                        calc (def:~/.param_stda2.xtb)
        -parv <file>  : read parameters for vTB part in
                        sTDA-xTB (def: ~/.param_stda1.xtb)
        -xtemp <real> : el. temp for xTB (def. 0 K)
        -etemp <real> : el. temp for GFN (def. 300 K)
        -fod          : calculate the FOD and write
                        molden.input file with
                        appropriate occupations
                        for plotting. Def. T=12500 K
 
        -acc <real>   : xTB accuracy (def. 1.0)
        -gbsa [string1] [string2]
                        use GBSA implicit solvent
                        for solvent [string1] and
                        solvation state [string2]=
                        reference, bar1M (default=1M)
        additional GFN/opt/MD/siman options read from
        $XTB4STDAHOME/.xtb4stdarc or $set in input
 
       spin and charge state information can be on:
       <.CHRG> (charge) and <.UHF> (=nalpha-nbeta)
       -uhf and -chrg override the file info.
       useful machine settings:
       setenv MKL_NUM_THREADS <NCORE_ON_YOUR_MACHINE>
       setenv OMP_STACKSIZE 500m
       limit stacksize unlimited
 
       total energies in Eh, gaps/HL energies in eV
       please read REVISION and HOWTO files carefully
 =============================
  # OMP threads =           4
 =============================
 
 xtb4stdahome directory:~/
 
 
 name of molecule           :
 comment line               :
 number of atoms            :   140
 number of electrons        :   352
 charge                     :  0
 spin                       : 0.0
 first test random number   :  0.7604
 
 -----------------------------------------
      charge density (VTB) calculation
 -----------------------------------------
 
      method parameters     
 k(s)        :  1.8000
 k(p)        :  2.8350
 k(d)        :  2.0860
 k(f)        :  2.0000
 Tscal       :  0.3300
 Gscal       :  0.3910
 fpol        :  1.0000
 Zcnf        :  0.6500
 Zqf         :  0.0000
 kcn         :  0.3000
 kEN1        : -0.5900
 wllscal     :  2.6000
 
     -------------------------
     ! NO SOLVENT MODEL USED !
     -------------------------
 
 doing EN charges ...
 sum q :  0.1554312D-14
 point charge moment (au)
     X       Y       Z   
  -0.6264   0.5670   0.2687  total (Debye):    2.254
 
            Z      q(EN)   CN      Cart. coordinates
     1  MG  2.0   0.901   4.724     0.49133    81.90450    46.78206
     2  C   4.0   0.017   3.268     4.25755    81.44530    52.19045
     3  C   4.0  -0.060   3.130    -4.61471    80.16217    50.44434
     4  C   4.0  -0.058   3.157    -2.97443    81.02578    41.41334
     5  C   4.0  -0.056   3.174     5.94508    82.40150    43.19914
     6  N   5.0  -0.383   3.130    -0.02079    81.12027    50.80906
     7  C   4.0   0.114   3.346     1.67052    81.44719    52.66288
     8  C   4.0  -0.094   4.144     0.55180    81.43585    55.34062
     9  C   4.0  -0.094   4.120    -2.27334    80.66295    54.79260
    10  C   4.0   0.082   3.316    -2.45286    80.80279    51.72180
    11  C   4.0  -0.237   4.023    -3.17852    78.08915    55.82628
    12  C   4.0  -0.163   4.064     0.84282    83.92462    56.77871
    13  C   4.0  -0.169   4.053     0.86927    83.58636    59.66810
    14  C   4.0   0.163   3.076     0.56692    80.92751    60.78870
    15  O   6.0  -0.099   1.039     2.32814    79.44219    61.02681
    16  O   6.0  -0.098   2.018    -1.85382    80.64405    61.89608
    17  N   5.0  -0.388   3.185    -3.29757    80.96909    45.99593
    18  C   4.0   0.065   3.362    -5.18730    80.42296    47.80440
    19  C   4.0   0.011   3.237    -7.54946    80.01100    46.48159
    20  C   4.0   0.005   3.208    -7.08269    80.13383    43.79440
    21  C   4.0   0.071   3.388    -4.40495    80.79145    43.61865
    22  C   4.0  -0.247   4.029    -9.99098    79.70864    47.90455
    23  C   4.0   0.118   3.026    -8.99132    79.97698    41.46815
    24  O   6.0  -0.112   1.050    -8.39038    80.37760    39.30441
    25  C   4.0  -0.248   4.028   -11.68607    79.24755    42.08798
    26  N   5.0  -0.428   3.147     1.37572    81.56057    42.91568
    27  C   4.0   0.090   3.411    -0.35716    81.27900    41.02784
    28  C   4.0  -0.094   4.141     0.89195    81.35081    38.33120
    29  C   4.0  -0.097   4.175     3.64339    81.91206    39.00205
    30  C   4.0   0.105   3.444     3.64150    81.94608    41.86877
    31  C   4.0  -0.236   4.009     0.49133    79.13605    36.36400
    32  C   4.0  -0.163   4.056     4.51267    84.45941    37.86255
    33  C   4.0  -0.238   4.007     3.86071    86.93117    39.27228
    34  N   5.0  -0.413   3.233     4.38605    82.22009    47.41511
    35  C   4.0   0.078   3.471     6.39105    82.41284    45.78617
    36  C   4.0   0.016   3.279     8.72297    82.56780    47.12221
    37  C   4.0   0.009   3.387     7.98787    82.17284    49.76593
    38  C   4.0   0.061   3.713     5.46509    81.94419    49.77349
    39  C   4.0  -0.248   4.027    11.32324    82.93629    46.24915
    40  C   4.0   0.100   3.227     8.90439    81.74010    52.32462
    41  O   6.0  -0.091   1.042    11.06624    81.90261    53.19201
    42  C   4.0  -0.115   4.203     6.56680    81.26011    54.04616
    43  C   4.0   0.180   3.128     6.73876    78.82614    55.33118
    44  O   6.0  -0.098   1.047     6.30035    76.75311    54.39198
    45  O   6.0  -0.116   2.038     7.88205    79.16062    57.63475
    46  C   4.0  -0.198   4.013     8.98943    76.97043    58.95945
    47  C   4.0  -0.140   4.043    -2.17507    78.15718    63.28125
    48  C   4.0  -0.056   3.095    -4.90951    78.16473    64.25824
    49  C   4.0   0.019   3.081    -5.51800    77.82080    66.70922
    50  C   4.0  -0.250   4.043    -3.72276    76.74177    68.66130
    51  C   4.0  -0.176   4.084    -8.22598    78.18552    67.56904
    52  C   4.0  -0.164   4.062    -8.77967    80.73098    68.90697
    53  C   4.0  -0.166   4.098   -10.78278    82.32780    67.61062
    54  C   4.0  -0.089   4.077   -12.74809    83.26322    69.49656
    55  C   4.0  -0.239   4.065   -11.65772    85.40994    71.03858
    56  C   4.0  -0.165   4.101   -15.19718    84.07391    68.18320
    57  C   4.0  -0.163   4.052   -17.46674    82.42796    68.86728
    58  C   4.0  -0.166   4.106   -17.52343    80.09792    67.14763
    59  C   4.0  -0.089   4.068   -17.17194    77.53735    68.59894
    60  C   4.0  -0.239   4.059   -15.82457    75.64006    66.92842
    61  C   4.0  -0.166   4.114   -19.73819    76.61894    69.36428
    62  C   4.0  -0.164   4.062   -20.34857    77.15184    72.09682
    63  C   4.0  -0.162   4.042   -21.92271    75.04102    73.34404
    64  C   4.0  -0.086   3.990   -24.85557    75.15251    72.40107
    65  C   4.0  -0.238   4.016   -26.62624    75.43597    74.77079
    66  C   4.0  -0.237   4.012   -25.49051    72.85083    70.62662
    67  H   1.0   0.070   1.007    -6.10570    79.56124    51.73881
    68  H   1.0   0.071   1.007    -4.12149    81.09381    39.69936
    69  H   1.0   0.071   1.006     7.65150    82.74165    42.08987
    70  H   1.0   0.086   1.011     1.27934    79.86738    56.45934
    71  H   1.0   0.084   1.008    -3.63394    82.11993    55.30661
    72  H   1.0   0.081   1.002    -4.86226    78.68063    56.85429
    73  H   1.0   0.081   0.999    -1.77823    77.28412    57.10374
    74  H   1.0   0.081   0.999    -3.53757    76.77579    54.28049
    75  H   1.0   0.082   1.003    -0.61416    85.28711    56.27037
    76  H   1.0   0.082   1.004     2.61349    84.84114    56.25903
    77  H   1.0   0.082   1.006    -0.70676    84.80145    60.20100
    78  H   1.0   0.081   1.002     2.49633    84.50854    60.53548
    79  H   1.0   0.081   1.002    -9.45052    79.49888    49.88121
    80  H   1.0   0.080   1.000   -10.97931    78.04568    47.19591
    81  H   1.0   0.080   0.998   -11.26655    81.31113    47.66834
    82  H   1.0   0.080   0.997   -12.04511    77.26711    42.53017
    83  H   1.0   0.080   0.999   -12.87848    79.88627    40.53462
    84  H   1.0   0.081   1.004   -12.06968    80.42485    43.73393
    85  H   1.0   0.085   1.011    -0.06614    82.97976    37.51295
    86  H   1.0   0.085   1.008     4.75266    80.35304    38.24238
    87  H   1.0   0.080   0.997     2.21854    78.44630    35.48149
    88  H   1.0   0.080   0.998    -0.65385    79.86171    34.81442
    89  H   1.0   0.080   0.998    -0.58393    77.65262    37.30697
    90  H   1.0   0.082   1.004     3.72843    84.49532    35.95960
    91  H   1.0   0.082   1.004     6.55546    84.27044    37.66980
    92  H   1.0   0.080   1.000     3.31080    88.24075    37.78129
    93  H   1.0   0.080   0.998     5.47454    87.77021    40.23793
    94  H   1.0   0.080   0.999     2.44531    86.71763    40.75194
    95  H   1.0   0.081   1.001    12.23598    84.24587    47.54928
    96  H   1.0   0.080   0.998    11.52544    83.63927    44.32352
    97  H   1.0   0.080   1.000    12.41550    81.21664    46.55529
    98  H   1.0   0.085   1.009     6.58003    82.85125    55.35385
    99  H   1.0   0.080   0.996     8.66250    75.20353    57.95034
   100  H   1.0   0.080   0.996     8.06157    76.81547    60.79248
   101  H   1.0   0.081   0.997    10.97364    77.51656    59.01425
   102  H   1.0   0.082   1.001    -0.80313    78.11560    64.81760
   103  H   1.0   0.082   1.000    -1.94264    76.55847    62.00380
   104  H   1.0   0.070   1.004    -6.39483    78.99054    63.09417
   105  H   1.0   0.081   1.004    -3.11805    75.02590    67.69565
   106  H   1.0   0.080   0.998    -4.68841    76.11249    70.36773
   107  H   1.0   0.080   0.998    -2.18641    78.02489    69.14696
   108  H   1.0   0.082   1.002    -9.04612    76.64539    68.66319
   109  H   1.0   0.083   1.008    -9.50343    78.28568    65.95522
   110  H   1.0   0.083   1.004    -7.01655    81.78734    69.02602
   111  H   1.0   0.082   1.004    -9.13494    80.21887    70.87039
   112  H   1.0   0.083   1.006   -11.89394    81.33758    66.18765
   113  H   1.0   0.083   1.004    -9.77555    83.88682    66.71677
   114  H   1.0   0.084   1.011   -13.11281    81.63238    70.70032
   115  H   1.0   0.081   0.998    -9.60926    85.46664    71.25590
   116  H   1.0   0.080   0.999   -12.51754    85.40994    72.91130
   117  H   1.0   0.081   1.000   -11.96385    87.15605    69.99167
   118  H   1.0   0.083   1.003   -15.05545    84.25154    66.13663
   119  H   1.0   0.082   1.006   -15.77921    85.95607    68.78980
   120  H   1.0   0.082   1.006   -19.21473    83.37471    68.33060
   121  H   1.0   0.082   1.003   -17.39682    81.95552    70.87228
   122  H   1.0   0.083   1.004   -16.10047    80.32847    65.67554
   123  H   1.0   0.083   1.006   -19.36402    79.80313    66.27080
   124  H   1.0   0.084   1.010   -15.87181    77.82836    70.16741
   125  H   1.0   0.081   0.999   -16.87147    75.33015    65.18232
   126  H   1.0   0.081   0.999   -15.96629    73.74656    67.72778
   127  H   1.0   0.081   0.999   -13.89327    76.25044    66.54670
   128  H   1.0   0.083   1.005   -19.94039    74.60638    68.97311
   129  H   1.0   0.083   1.007   -21.38414    77.38806    68.39485
   130  H   1.0   0.082   1.003   -21.09690    79.06991    72.19131
   131  H   1.0   0.082   1.004   -18.71585    77.38806    73.33271
   132  H   1.0   0.081   1.001   -21.70917    75.21487    75.38495
   133  H   1.0   0.081   1.002   -20.90793    73.28546    72.97555
   134  H   1.0   0.082   1.007   -25.12202    76.92885    71.39385
   135  H   1.0   0.080   0.998   -28.20227    74.12261    74.57614
   136  H   1.0   0.080   0.998   -27.30087    77.38050    74.82937
   137  H   1.0   0.080   0.996   -25.91570    75.18275    76.68697
   138  H   1.0   0.080   0.997   -26.53742    71.38251    71.62250
   139  H   1.0   0.080   0.997   -23.84645    72.01935    69.70632
   140  H   1.0   0.080   0.997   -26.54876    73.37995    68.94098
 
  Z AO/shell   Hii/eV     exponent
  1     Sat Feb 20 21:38:01 CET 2016    EN: 2.327 GAM: 0.473  GM3: 0.0000
     1s    -13.751157    1.051071
  6     Sat Feb 20 21:38:01 CET 2016    EN: 2.731 GAM: 0.422  GM3: 0.0000
     2s    -19.378245    2.021003
     2p    -11.993376    1.497917
  7     Sat Feb 20 21:38:01 CET 2016    EN: 3.573 GAM: 0.504  GM3: 0.0000
     2s    -21.576984    2.275442
     2p    -16.125120    2.056788
  8     Sat Feb 20 21:38:01 CET 2016    EN: 3.700 GAM: 0.587  GM3: 0.0000
     2s    -21.648843    2.110798
     2p    -17.239740    2.329048
 12     Sat Feb 20 23:25:47 CET 2016    EN: 0.033 GAM: 0.222  GM3: 0.0000
     3s    -12.693633    1.302878
     3p     -8.128821    0.504252
 
 dipole moment of classical point charges (au)
     X       Y       Z   
  -0.6264   0.5670   0.2687  total (Debye):    2.254

 
 Nbf   :          338
 T(el) :   300.0
 calculating S/T integrals ...
 cpu time for ints   0.186107000000000     
 Nao   :          338
 making H0...
 making H1...
 cpu time for H      7.953999999999989E-003
 solving ...
 cpu time for diag   5.298600000000001E-002
 
 gap (eV)           :   1.362
 Koopmans IP (eV)   :  12.261
 Eel (Eh)           :  -268.462802
 T,E(Fermi),NFOD :    300.000   -11.580  0.000000
 T,E(Fermi),NFOD :    300.000   -11.580  0.000000
 Nfod               :  0.0000
 Nfod/Nel           :  0.0000

          eigenvalues
 #    :         164        165        166        167        168        169        170        171
 occ. :        2.000      2.000      2.000      2.000      2.000      2.000      2.000      2.000
 eps  :       -16.305    -16.220    -16.119    -16.007    -15.673    -15.631    -15.595    -15.012
 #    :         172        173        174        175        176        177        178        179
 occ. :        2.000      2.000      2.000      2.000      2.000      0.000      0.000      0.000
 eps  :       -14.866    -14.834    -14.576    -13.164    -12.262    -10.900     -9.822     -8.502
 #    :         180        181        182        183        184        185        186        187
 occ. :        0.000      0.000      0.000      0.000      0.000      0.000      0.000      0.000
 eps  :        -8.249     -8.040     -7.814     -7.726     -7.568     -7.337     -7.187     -7.085
                            1  SCC done.
 making H1...
 cpu time for H      6.984899999999997E-002
 solving ...
 cpu time for diag   4.197499999999998E-002
 
 gap (eV)           :   1.605
 Koopmans IP (eV)   :  12.096
 Eel (Eh)           :  -265.094181
 T,E(Fermi),NFOD :    300.000   -11.294  0.000000
 T,E(Fermi),NFOD :    300.000   -11.294  0.000000
 Nfod               :  0.0000
 Nfod/Nel           :  0.0000

          eigenvalues
 #    :         164        165        166        167        168        169        170        171
 occ. :        2.000      2.000      2.000      2.000      2.000      2.000      2.000      2.000
 eps  :       -15.212    -15.051    -15.030    -14.795    -14.622    -14.583    -14.403    -14.378
 #    :         172        173        174        175        176        177        178        179
 occ. :        2.000      2.000      2.000      2.000      2.000      0.000      0.000      0.000
 eps  :       -13.957    -13.736    -13.440    -12.461    -12.097    -10.492     -9.050     -8.154
 #    :         180        181        182        183        184        185        186        187
 occ. :        0.000      0.000      0.000      0.000      0.000      0.000      0.000      0.000
 eps  :        -7.885     -7.810     -7.661     -7.525     -7.501     -7.285     -6.958     -6.862
                            2  SCC done.
 
 
 Mulliken/CM5 charges    n(s)   n(p)   n(d)   
    1 MG  0.2918  0.7483   0.666  1.042  0.000
    2 C   0.0014  0.0056   1.191  2.808  0.000
    3 C  -0.0184 -0.0618   1.122  2.896  0.000
    4 C  -0.0242 -0.0648   1.125  2.900  0.000
    5 C  -0.0465 -0.0872   1.129  2.917  0.000
    6 N  -0.1319 -0.3891   1.400  3.732  0.000
    7 C   0.0506  0.1177   1.218  2.731  0.000
    8 C  -0.0230 -0.0767   1.196  2.827  0.000
    9 C  -0.0455 -0.1052   1.221  2.824  0.000
   10 C   0.0255  0.0790   1.244  2.730  0.000
   11 C  -0.0837 -0.2322   1.104  2.980  0.000
   12 C  -0.0411 -0.1484   1.147  2.894  0.000
   13 C  -0.0607 -0.1610   1.142  2.918  0.000
   14 C   0.2100  0.2558   1.201  2.589  0.000
   15 O  -0.2503 -0.3009   1.629  4.621  0.000
   16 O  -0.1752 -0.2463   1.519  4.657  0.000
   17 N  -0.2107 -0.4729   1.395  3.816  0.000
   18 C   0.0167  0.0711   1.206  2.777  0.000
   19 C  -0.0207 -0.0267   1.215  2.805  0.000
   20 C  -0.0848 -0.0807   1.237  2.848  0.000
   21 C   0.0389  0.0981   1.203  2.758  0.000
   22 C  -0.0765 -0.2217   1.083  2.994  0.000
   23 C   0.1619  0.1866   1.215  2.623  0.000
   24 O  -0.2174 -0.2707   1.619  4.598  0.000
   25 C  -0.0922 -0.2343   1.095  2.997  0.000
   26 N  -0.1721 -0.4538   1.414  3.758  0.000
   27 C   0.0381  0.0957   1.240  2.722  0.000
   28 C  -0.0307 -0.0892   1.203  2.827  0.000
   29 C  -0.0177 -0.0742   1.192  2.826  0.000
   30 C   0.0455  0.1092   1.217  2.738  0.000
   31 C  -0.0838 -0.2324   1.106  2.978  0.000
   32 C  -0.0526 -0.1627   1.151  2.902  0.000
   33 C  -0.0866 -0.2370   1.091  2.996  0.000
   34 N  -0.2375 -0.5136   1.396  3.842  0.000
   35 C   0.0323  0.0939   1.180  2.788  0.000
   36 C  -0.0225 -0.0279   1.211  2.811  0.000
   37 C  -0.0538 -0.0466   1.176  2.878  0.000
   38 C   0.0144  0.0786   1.198  2.787  0.000
   39 C  -0.0605 -0.2041   1.072  2.988  0.000
   40 C   0.1392  0.1702   1.208  2.653  0.000
   41 O  -0.2416 -0.2835   1.635  4.606  0.000
   42 C  -0.0254 -0.0676   1.190  2.836  0.000
   43 C   0.2292  0.2833   1.171  2.600  0.000
   44 O  -0.2774 -0.3225   1.627  4.650  0.000
   45 O  -0.1586 -0.2424   1.478  4.681  0.000
   46 C   0.0172 -0.1064   1.103  2.880  0.000
   47 C   0.0435 -0.0380   1.148  2.808  0.000
   48 C  -0.0717 -0.1276   1.170  2.901  0.000
   49 C  -0.0126 -0.0370   1.217  2.795  0.000
   50 C  -0.0892 -0.2349   1.081  3.008  0.000
   51 C  -0.0740 -0.1812   1.140  2.934  0.000
   52 C  -0.0624 -0.1752   1.148  2.914  0.000
   53 C  -0.0609 -0.1727   1.151  2.910  0.000
   54 C  -0.0162 -0.0910   1.190  2.826  0.000
   55 C  -0.1056 -0.2561   1.100  3.006  0.000
   56 C  -0.0657 -0.1773   1.153  2.913  0.000
   57 C  -0.0529 -0.1659   1.146  2.906  0.000
   58 C  -0.0893 -0.2007   1.166  2.923  0.000
   59 C  -0.0216 -0.0966   1.193  2.829  0.000
   60 C  -0.1037 -0.2551   1.102  3.002  0.000
   61 C  -0.0685 -0.1803   1.143  2.926  0.000
   62 C  -0.0722 -0.1863   1.146  2.926  0.000
   63 C  -0.0779 -0.1871   1.171  2.907  0.000
   64 C  -0.0219 -0.0928   1.222  2.800  0.000
   65 C  -0.1066 -0.2563   1.104  3.002  0.000
   66 C  -0.1027 -0.2519   1.102  3.001  0.000
   67 H   0.0570  0.1161   0.943  0.000  0.000
   68 H   0.0553  0.1205   0.945  0.000  0.000
   69 H   0.0490  0.1082   0.951  0.000  0.000
   70 H   0.0561  0.1260   0.944  0.000  0.000
   71 H   0.0413  0.1025   0.959  0.000  0.000
   72 H   0.0402  0.0940   0.960  0.000  0.000
   73 H   0.0416  0.0962   0.958  0.000  0.000
   74 H   0.0452  0.0989   0.955  0.000  0.000
   75 H   0.0434  0.0999   0.957  0.000  0.000
   76 H   0.0410  0.0985   0.959  0.000  0.000
   77 H   0.0350  0.0956   0.965  0.000  0.000
   78 H   0.0506  0.1081   0.949  0.000  0.000
   79 H   0.0499  0.1046   0.950  0.000  0.000
   80 H   0.0461  0.0992   0.954  0.000  0.000
   81 H   0.0506  0.1026   0.949  0.000  0.000
   82 H   0.0549  0.1071   0.945  0.000  0.000
   83 H   0.0447  0.1003   0.955  0.000  0.000
   84 H   0.0469  0.1035   0.953  0.000  0.000
   85 H   0.0472  0.1098   0.953  0.000  0.000
   86 H   0.0571  0.1185   0.943  0.000  0.000
   87 H   0.0420  0.0936   0.958  0.000  0.000
   88 H   0.0383  0.0898   0.962  0.000  0.000
   89 H   0.0391  0.0918   0.961  0.000  0.000
   90 H   0.0380  0.0947   0.962  0.000  0.000
   91 H   0.0329  0.0888   0.967  0.000  0.000
   92 H   0.0370  0.0890   0.963  0.000  0.000
   93 H   0.0327  0.0842   0.967  0.000  0.000
   94 H   0.0446  0.0992   0.955  0.000  0.000
   95 H   0.0510  0.1048   0.949  0.000  0.000
   96 H   0.0477  0.0999   0.952  0.000  0.000
   97 H   0.0543  0.1072   0.946  0.000  0.000
   98 H   0.0605  0.1284   0.939  0.000  0.000
   99 H   0.0559  0.1187   0.944  0.000  0.000
  100 H   0.0521  0.1113   0.948  0.000  0.000
  101 H   0.0541  0.1158   0.946  0.000  0.000
  102 H   0.0612  0.1267   0.939  0.000  0.000
  103 H   0.0652  0.1282   0.935  0.000  0.000
  104 H   0.0394  0.0983   0.961  0.000  0.000
  105 H   0.0440  0.0985   0.956  0.000  0.000
  106 H   0.0391  0.0915   0.961  0.000  0.000
  107 H   0.0486  0.1007   0.951  0.000  0.000
  108 H   0.0368  0.0921   0.963  0.000  0.000
  109 H   0.0311  0.0899   0.969  0.000  0.000
  110 H   0.0290  0.0860   0.971  0.000  0.000
  111 H   0.0319  0.0883   0.968  0.000  0.000
  112 H   0.0399  0.0982   0.960  0.000  0.000
  113 H   0.0303  0.0871   0.970  0.000  0.000
  114 H   0.0359  0.0981   0.964  0.000  0.000
  115 H   0.0356  0.0880   0.964  0.000  0.000
  116 H   0.0320  0.0840   0.968  0.000  0.000
  117 H   0.0271  0.0806   0.973  0.000  0.000
  118 H   0.0360  0.0927   0.964  0.000  0.000
  119 H   0.0336  0.0906   0.966  0.000  0.000
  120 H   0.0405  0.0966   0.960  0.000  0.000
  121 H   0.0394  0.0965   0.961  0.000  0.000
  122 H   0.0328  0.0908   0.967  0.000  0.000
  123 H   0.0323  0.0903   0.968  0.000  0.000
  124 H   0.0355  0.0966   0.965  0.000  0.000
  125 H   0.0203  0.0731   0.980  0.000  0.000
  126 H   0.0339  0.0864   0.966  0.000  0.000
  127 H   0.0398  0.0923   0.960  0.000  0.000
  128 H   0.0298  0.0882   0.970  0.000  0.000
  129 H   0.0389  0.0968   0.961  0.000  0.000
  130 H   0.0278  0.0837   0.972  0.000  0.000
  131 H   0.0269  0.0829   0.973  0.000  0.000
  132 H   0.0361  0.0912   0.964  0.000  0.000
  133 H   0.0339  0.0896   0.966  0.000  0.000
  134 H   0.0415  0.1007   0.959  0.000  0.000
  135 H   0.0305  0.0826   0.970  0.000  0.000
  136 H   0.0335  0.0850   0.967  0.000  0.000
  137 H   0.0358  0.0867   0.964  0.000  0.000
  138 H   0.0329  0.0847   0.967  0.000  0.000
  139 H   0.0375  0.0893   0.963  0.000  0.000
  140 H   0.0335  0.0845   0.966  0.000  0.000
 Hirshfeld charges for QMDFF written to <charges>
 
 Loewdin charges    n(s)   n(p)   n(d)
    1 MG  0.1302   0.677  1.193  0.000
    2 C   0.0013   1.152  2.847  0.000
    3 C  -0.0147   1.069  2.946  0.000
    4 C  -0.0215   1.071  2.950  0.000
    5 C  -0.0431   1.076  2.967  0.000
    6 N  -0.0969   1.356  3.741  0.000
    7 C   0.0516   1.181  2.767  0.000
    8 C  -0.0161   1.148  2.868  0.000
    9 C  -0.0377   1.175  2.862  0.000
   10 C   0.0291   1.208  2.763  0.000
   11 C  -0.0855   1.032  3.054  0.000
   12 C  -0.0350   1.087  2.948  0.000
   13 C  -0.0624   1.084  2.978  0.000
   14 C   0.1912   1.175  2.634  0.000
   15 O  -0.2358   1.599  4.637  0.000
   16 O  -0.1473   1.490  4.657  0.000
   17 N  -0.1816   1.355  3.826  0.000
   18 C   0.0194   1.168  2.812  0.000
   19 C  -0.0118   1.175  2.837  0.000
   20 C  -0.0933   1.203  2.890  0.000
   21 C   0.0446   1.163  2.793  0.000
   22 C  -0.0781   1.008  3.070  0.000
   23 C   0.1572   1.181  2.662  0.000
   24 O  -0.1986   1.586  4.613  0.000
   25 C  -0.0983   1.023  3.076  0.000
   26 N  -0.1325   1.367  3.766  0.000
   27 C   0.0425   1.204  2.754  0.000
   28 C  -0.0231   1.156  2.867  0.000
   29 C  -0.0100   1.143  2.867  0.000
   30 C   0.0490   1.180  2.771  0.000
   31 C  -0.0850   1.034  3.051  0.000
   32 C  -0.0475   1.092  2.956  0.000
   33 C  -0.0870   1.018  3.069  0.000
   34 N  -0.2092   1.356  3.853  0.000
   35 C   0.0335   1.141  2.826  0.000
   36 C  -0.0128   1.170  2.843  0.000
   37 C  -0.0628   1.138  2.925  0.000
   38 C   0.0212   1.157  2.822  0.000
   39 C  -0.0606   0.996  3.064  0.000
   40 C   0.1357   1.174  2.691  0.000
   41 O  -0.2277   1.607  4.621  0.000
   42 C  -0.0256   1.142  2.884  0.000
   43 C   0.2070   1.144  2.649  0.000
   44 O  -0.2645   1.598  4.666  0.000
   45 O  -0.1248   1.444  4.681  0.000
   46 C   0.0115   1.032  2.956  0.000
   47 C   0.0464   1.090  2.864  0.000
   48 C  -0.0722   1.122  2.950  0.000
   49 C   0.0005   1.175  2.825  0.000
   50 C  -0.0915   1.007  3.084  0.000
   51 C  -0.0737   1.082  2.992  0.000
   52 C  -0.0581   1.089  2.969  0.000
   53 C  -0.0590   1.093  2.966  0.000
   54 C  -0.0061   1.141  2.865  0.000
   55 C  -0.1102   1.029  3.081  0.000
   56 C  -0.0635   1.095  2.968  0.000
   57 C  -0.0471   1.087  2.960  0.000
   58 C  -0.0896   1.110  2.979  0.000
   59 C  -0.0111   1.144  2.867  0.000
   60 C  -0.1079   1.031  3.077  0.000
   61 C  -0.0677   1.085  2.983  0.000
   62 C  -0.0684   1.088  2.980  0.000
   63 C  -0.0753   1.114  2.961  0.000
   64 C  -0.0102   1.175  2.835  0.000
   65 C  -0.1105   1.034  3.077  0.000
   66 C  -0.1065   1.031  3.075  0.000
   67 H   0.0530   0.947  0.000  0.000
   68 H   0.0487   0.951  0.000  0.000
   69 H   0.0439   0.956  0.000  0.000
   70 H   0.0489   0.951  0.000  0.000
   71 H   0.0367   0.963  0.000  0.000
   72 H   0.0398   0.960  0.000  0.000
   73 H   0.0415   0.959  0.000  0.000
   74 H   0.0444   0.956  0.000  0.000
   75 H   0.0402   0.960  0.000  0.000
   76 H   0.0379   0.962  0.000  0.000
   77 H   0.0322   0.968  0.000  0.000
   78 H   0.0467   0.953  0.000  0.000
   79 H   0.0491   0.951  0.000  0.000
   80 H   0.0453   0.955  0.000  0.000
   81 H   0.0497   0.950  0.000  0.000
   82 H   0.0537   0.946  0.000  0.000
   83 H   0.0430   0.957  0.000  0.000
   84 H   0.0472   0.953  0.000  0.000
   85 H   0.0418   0.958  0.000  0.000
   86 H   0.0506   0.949  0.000  0.000
   87 H   0.0419   0.958  0.000  0.000
   88 H   0.0377   0.962  0.000  0.000
   89 H   0.0382   0.962  0.000  0.000
   90 H   0.0355   0.965  0.000  0.000
   91 H   0.0305   0.970  0.000  0.000
   92 H   0.0365   0.963  0.000  0.000
   93 H   0.0328   0.967  0.000  0.000
   94 H   0.0463   0.954  0.000  0.000
   95 H   0.0492   0.951  0.000  0.000
   96 H   0.0466   0.953  0.000  0.000
   97 H   0.0523   0.948  0.000  0.000
   98 H   0.0524   0.948  0.000  0.000
   99 H   0.0512   0.949  0.000  0.000
  100 H   0.0482   0.952  0.000  0.000
  101 H   0.0498   0.950  0.000  0.000
  102 H   0.0533   0.947  0.000  0.000
  103 H   0.0573   0.943  0.000  0.000
  104 H   0.0328   0.967  0.000  0.000
  105 H   0.0432   0.957  0.000  0.000
  106 H   0.0385   0.961  0.000  0.000
  107 H   0.0473   0.953  0.000  0.000
  108 H   0.0343   0.966  0.000  0.000
  109 H   0.0304   0.970  0.000  0.000
  110 H   0.0268   0.973  0.000  0.000
  111 H   0.0302   0.970  0.000  0.000
  112 H   0.0385   0.961  0.000  0.000
  113 H   0.0277   0.972  0.000  0.000
  114 H   0.0313   0.969  0.000  0.000
  115 H   0.0362   0.964  0.000  0.000
  116 H   0.0317   0.968  0.000  0.000
  117 H   0.0283   0.972  0.000  0.000
  118 H   0.0343   0.966  0.000  0.000
  119 H   0.0318   0.968  0.000  0.000
  120 H   0.0374   0.963  0.000  0.000
  121 H   0.0370   0.963  0.000  0.000
  122 H   0.0319   0.968  0.000  0.000
  123 H   0.0309   0.969  0.000  0.000
  124 H   0.0308   0.969  0.000  0.000
  125 H   0.0215   0.978  0.000  0.000
  126 H   0.0345   0.965  0.000  0.000
  127 H   0.0397   0.960  0.000  0.000
  128 H   0.0288   0.971  0.000  0.000
  129 H   0.0374   0.963  0.000  0.000
  130 H   0.0262   0.974  0.000  0.000
  131 H   0.0257   0.974  0.000  0.000
  132 H   0.0340   0.966  0.000  0.000
  133 H   0.0321   0.968  0.000  0.000
  134 H   0.0358   0.964  0.000  0.000
  135 H   0.0311   0.969  0.000  0.000
  136 H   0.0337   0.966  0.000  0.000
  137 H   0.0364   0.964  0.000  0.000
  138 H   0.0331   0.967  0.000  0.000
  139 H   0.0382   0.962  0.000  0.000
  140 H   0.0338   0.966  0.000  0.000
 
 Wiberg/Mayer (AO) data. WBOs > 0.1 written file <wbo>
 largest (>0.05) Wiberg bond orders for each atom
           total WBO             WBO to atom ...
     1  MG  2.549    N   17 0.530    N   34 0.517    N   26 0.397    N    6 0.392    C   38 0.052
     2  C   3.877    C    7 1.436    C   38 1.160    C   42 0.925    C   36 0.052
     3  C   3.921    C   10 1.500    C   18 1.225    H   67 0.929
     4  C   3.930    C   27 1.419    C   21 1.299    H   68 0.930
     5  C   3.911    C   30 1.397    C   35 1.283    H   69 0.939
     6  N   3.341    C    7 1.274    C   10 1.197    MG   1 0.392    C   18 0.051
     7  C   3.882    C    2 1.436    N    6 1.274    C    8 0.914
     8  C   3.938    C   12 0.967    C    9 0.955    H   70 0.931    C    7 0.914
     9  C   3.922    C   11 0.978    C    8 0.955    H   71 0.949    C   10 0.887
    10  C   3.847    C    3 1.500    N    6 1.197    C    9 0.887
    11  C   3.974    H   72 0.980    C    9 0.978    H   74 0.976    H   73 0.975
    12  C   3.956    C    8 0.967    H   75 0.964    C   13 0.964    H   76 0.961
    13  C   3.961    H   77 0.972    C   12 0.964    H   78 0.954    C   14 0.930    O   15 0.078
    14  C   3.884    O   15 1.854    O   16 1.056    C   13 0.930
    15  O   2.160    C   14 1.854    O   16 0.169    C   13 0.078
    16  O   2.263    C   14 1.056    C   47 0.935    O   15 0.169
    17  N   3.314    C   21 1.168    C   18 1.145    MG   1 0.530    C   20 0.075    C   19 0.050    C   27 0.050
    18  C   3.857    C    3 1.225    C   19 1.218    N   17 1.145    N    6 0.051
    19  C   3.868    C   20 1.396    C   18 1.218    C   22 0.995    N   17 0.050
    20  C   3.843    C   19 1.396    C   21 1.153    C   23 0.919    O   24 0.093    N   17 0.075
    21  C   3.874    C    4 1.299    N   17 1.168    C   20 1.153
    22  C   3.982    C   19 0.995    H   79 0.972    H   80 0.968    H   81 0.963
    23  C   3.870    O   24 1.894    C   25 0.961    C   20 0.919
    24  O   2.212    C   23 1.894    C   20 0.093    C   25 0.074
    25  C   3.982    H   83 0.970    H   84 0.963    C   23 0.961    H   82 0.958    O   24 0.074
    26  N   3.347    C   30 1.265    C   27 1.232    MG   1 0.397
    27  C   3.846    C    4 1.419    N   26 1.232    C   28 0.911    N   17 0.050
    28  C   3.931    C   29 0.972    C   31 0.960    H   85 0.943    C   27 0.911
    29  C   3.943    C   28 0.972    C   32 0.950    H   86 0.935    C   30 0.934
    30  C   3.864    C    5 1.397    N   26 1.265    C   29 0.934    C   36 0.054
    31  C   3.969    H   88 0.984    H   89 0.982    H   87 0.978    C   28 0.960
    32  C   3.955    C   33 1.000    H   91 0.967    H   90 0.966    C   29 0.950
    33  C   3.981    C   32 1.000    H   93 0.986    H   92 0.984    H   94 0.971
    34  N   3.275    C   38 1.149    C   35 1.137    MG   1 0.517    C   37 0.064    C   36 0.059
    35  C   3.894    C    5 1.283    C   36 1.246    N   34 1.137
    36  C   3.833    C   35 1.246    C   37 1.228    C   39 1.020    N   34 0.059    C   30 0.054    C    2 0.052
    37  C   3.908    C   38 1.303    C   36 1.228    C   40 1.064    O   41 0.071    N   34 0.064
    38  C   3.898    C   37 1.303    C    2 1.160    N   34 1.149    MG   1 0.052
    39  C   3.980    C   36 1.020    H   96 0.973    H   95 0.963    H   97 0.955
    40  C   3.889    O   41 1.806    C   37 1.064    C   42 0.853
    41  O   2.153    C   40 1.806    C   42 0.080    C   37 0.071
    42  C   3.943    C   43 0.955    H   98 0.926    C    2 0.925    C   40 0.853    O   41 0.080    O   44 0.066
    43  C   3.902    O   44 1.794    O   45 1.085    C   42 0.955
    44  O   2.118    C   43 1.794    O   45 0.168    C   42 0.066
    45  O   2.292    C   43 1.085    C   46 0.965    O   44 0.168
    46  C   3.939    H  101 0.989    H  100 0.988    H   99 0.980    O   45 0.965
    47  C   3.928    C   48 0.992    H  102 0.966    H  103 0.962    O   16 0.935
    48  C   3.946    C   49 1.886    C   47 0.992    H  104 0.940
    49  C   3.930    C   48 1.886    C   50 0.982    C   51 0.970
    50  C   3.989    C   49 0.982    H  106 0.981    H  105 0.971    H  107 0.968
    51  C   3.965    C   49 0.970    C   52 0.963    H  108 0.961    H  109 0.956
    52  C   3.962    C   53 0.987    H  110 0.970    H  111 0.965    C   51 0.963
    53  C   3.967    C   52 0.987    C   54 0.975    H  113 0.966    H  112 0.953
    54  C   3.947    C   55 0.993    C   53 0.975    C   56 0.969    H  114 0.947
    55  C   3.980    C   54 0.993    H  116 0.979    H  117 0.979    H  115 0.974
    56  C   3.962    C   57 0.992    C   54 0.969    H  118 0.959    H  119 0.956
    57  C   3.970    C   56 0.992    C   58 0.988    H  120 0.963    H  121 0.963
    58  C   3.961    C   57 0.988    H  123 0.964    C   59 0.960    H  122 0.959
    59  C   3.948    C   60 0.993    C   61 0.983    C   58 0.960    H  124 0.946
    60  C   3.978    C   59 0.993    H  125 0.982    H  127 0.975    H  126 0.973
    61  C   3.966    C   62 0.990    C   59 0.983    H  129 0.958    H  128 0.955
    62  C   3.963    C   61 0.990    C   63 0.985    H  130 0.966    H  131 0.958
    63  C   3.951    C   62 0.985    H  133 0.965    H  132 0.963    C   64 0.947
    64  C   3.928    C   65 0.986    C   66 0.985    H  134 0.961    C   63 0.947
    65  C   3.977    C   64 0.986    H  136 0.981    H  135 0.978    H  137 0.978
    66  C   3.976    C   64 0.985    H  138 0.980    H  140 0.980    H  139 0.977
    67  H   0.993    C    3 0.929
    68  H   0.994    C    4 0.930
    69  H   0.994    C    5 0.939
    70  H   0.994    C    8 0.931
    71  H   0.997    C    9 0.949
    72  H   0.997    C   11 0.980
    73  H   0.996    C   11 0.975
    74  H   0.997    C   11 0.976
    75  H   0.996    C   12 0.964
    76  H   0.996    C   12 0.961
    77  H   0.998    C   13 0.972
    78  H   0.996    C   13 0.954
    79  H   0.995    C   22 0.972
    80  H   0.994    C   22 0.968
    81  H   0.992    C   22 0.963
    82  H   0.996    C   25 0.958
    83  H   0.995    C   25 0.970
    84  H   0.998    C   25 0.963
    85  H   0.995    C   28 0.943
    86  H   0.994    C   29 0.935
    87  H   0.997    C   31 0.978
    88  H   0.998    C   31 0.984
    89  H   0.997    C   31 0.982
    90  H   0.996    C   32 0.966
    91  H   0.997    C   32 0.967
    92  H   0.999    C   33 0.984
    93  H   0.998    C   33 0.986
    94  H   0.998    C   33 0.971
    95  H   0.991    C   39 0.963
    96  H   0.994    C   39 0.973
    97  H   0.989    C   39 0.955
    98  H   0.993    C   42 0.926
    99  H   0.997    C   46 0.980
   100  H   0.997    C   46 0.988
   101  H   0.997    C   46 0.989
   102  H   0.996    C   47 0.966
   103  H   0.996    C   47 0.962
   104  H   0.998    C   48 0.940
   105  H   0.998    C   50 0.971
   106  H   0.998    C   50 0.981
   107  H   0.997    C   50 0.968
   108  H   0.998    C   51 0.961
   109  H   0.999    C   51 0.956
   110  H   0.999    C   52 0.970
   111  H   0.998    C   52 0.965
   112  H   0.998    C   53 0.953
   113  H   0.999    C   53 0.966
   114  H   0.999    C   54 0.947
   115  H   0.998    C   55 0.974
   116  H   0.999    C   55 0.979
   117  H   0.999    C   55 0.979
   118  H   0.999    C   56 0.959
   119  H   0.997    C   56 0.956
   120  H   0.996    C   57 0.963
   121  H   0.998    C   57 0.963
   122  H   0.998    C   58 0.959
   123  H   0.998    C   58 0.964
   124  H   0.999    C   59 0.946
   125  H   1.000    C   60 0.982
   126  H   0.998    C   60 0.973
   127  H   0.998    C   60 0.975
   128  H   0.999    C   61 0.955
   129  H   0.998    C   61 0.958
   130  H   0.999    C   62 0.966
   131  H   0.999    C   62 0.958
   132  H   0.997    C   63 0.963
   133  H   0.999    C   63 0.965
   134  H   0.998    C   64 0.961
   135  H   0.998    C   65 0.978
   136  H   0.999    C   65 0.981
   137  H   0.999    C   65 0.978
   138  H   0.999    C   66 0.980
   139  H   0.999    C   66 0.977
   140  H   0.999    C   66 0.980
 
 --------------------------------------------
          xTB calculation for sTDA...
 --------------------------------------------
 
 reading parameter file ~/.param_stda2.xtb
 
      method parameters     
 k(s)        :  1.6000
 k(p)        :  2.1800
 k(d)        :  1.9500
 k(f)        :  2.0000
 k(R-V)      :  2.2750
 k(R-R)      :  1.7650
 Tscal       :  0.2580
 Gscal       :  1.0000
 fpol        :  1.0000
 Zcnf        :  0.3430
 Zqf         :  0.0000
 kcn         :  2.7000
 Ryd Hsplit  :  0.7000
 lshift(virt):  3.1000
 lshift(OS)  :  0.2000
 wllscaling  :  2.6000
 
 mowrcut     : 3.000
 
  Z AO/shell   Hii/eV     exponent
  1     Sun Feb 14 09:53:25 CET 2016    EN: 2.327 GAM: 0.473  GM3: 0.0000
     1s    -14.339618    1.220000
     2sp    -3.348946    0.600000
  6     Sun Feb 14 09:53:25 CET 2016    EN: 2.731 GAM: 0.422  GM3: 0.0000
     2s    -22.009312    1.565095
     2p    -13.020408    1.596905
     3sp    -3.914040    0.824500
  7     Sun Feb 14 09:53:25 CET 2016    EN: 3.573 GAM: 0.504  GM3: 0.0000
     2s    -25.722000    2.064844
     2p    -18.684912    1.801692
     3sp    -4.344791    0.921400
  8     Sun Feb 14 09:53:25 CET 2016    EN: 3.700 GAM: 0.587  GM3: 0.0000
     2s    -33.859000    2.418661
     2p    -22.175911    1.973969
     3sp    -4.259392    1.013700
 12     Sun Feb 21 16:58:31 CET 2016    EN: 0.033 GAM: 0.222  GM3: 0.0000
     3s    -11.092543    1.647583
     3p     -6.929529    0.855020
 
 Nbf   :          894
 T(el) :     0.0
 calculating S/T integrals ...
 cpu time for ints    1.32184500000000     
 Nao   :          894
 making H0...
 making H1...
 cpu time for H      2.536600000000000E-002
 solving ...
 cpu time for diag   0.331814000000000     
 
 gap (eV)           :   4.683
 Koopmans IP (eV)   :  13.345
 Eel (Eh)           :  -300.586035

          eigenvalues
 #    :         164        165        166        167        168        169        170        171
 occ. :        2.000      2.000      2.000      2.000      2.000      2.000      2.000      2.000
 eps  :       -17.388    -17.291    -16.925    -16.423    -16.308    -16.129    -15.991    -15.803
 #    :         172        173        174        175        176        177        178        179
 occ. :        2.000      2.000      2.000      2.000      2.000      0.000      0.000      0.000
 eps  :       -15.486    -15.271    -14.782    -13.793    -13.347     -8.663     -6.810     -6.669
 #    :         180        181        182        183        184        185        186        187
 occ. :        0.000      0.000      0.000      0.000      0.000      0.000      0.000      0.000
 eps  :        -6.174     -6.092     -5.984     -5.872     -5.337     -5.136     -5.043     -4.999
                            1  SCC done.
 writing mo output ...
 molden style : F
 
speedup  1.12
cpu  time for all    2.27 s
wall time for all    2.02 s
