cpu-bind=MASK - bp1-compute058, task 4294967295 4294967295 [0]: mask 0xffffffffffff set
Host:    bp1-compute058.data.bp.acrc.priv
Time:    Wed May  4 06:00:46 BST 2022
Dir:     /user/home/of15641/chlorophyll_parameterization/tddft_data/step_1451_chromophore_14
Job ID:  1692127
Nodelist:
cat: bp1-compute058: No such file or directory
  
Result dir: /user/home/of15641/chlorophyll_parameterization/tddft_data/step_1451_chromophore_14
running gaussian jobs
Running time g16 < CAMB3LYP_step_1451_chromophore_14.com > CAMB3LYP_step_1451_chromophore_14.log

real	24m13.010s
user	569m4.589s
sys	0m23.461s
Running time g16 < PBE0_step_1451_chromophore_14.com > PBE0_step_1451_chromophore_14.log

real	17m54.569s
user	427m42.716s
sys	0m21.486s
Running time g16 < wB97XD_step_1451_chromophore_14.com > wB97XD_step_1451_chromophore_14.log

real	26m12.696s
user	616m17.105s
sys	0m27.233s
Running time g16 < BLYP_step_1451_chromophore_14.com > BLYP_step_1451_chromophore_14.log

real	12m32.619s
user	299m8.336s
sys	0m22.838s
Running time g16 < ZINDO_step_1451_chromophore_14.com > ZINDO_step_1451_chromophore_14.log

real	0m6.863s
user	2m30.287s
sys	0m2.700s
