cpu-bind=MASK - bp1-compute102, task 4294967295 4294967295 [0]: mask 0xffffffffffff set
Host:    bp1-compute102.data.bp.acrc.priv
Time:    Wed May  4 02:38:24 BST 2022
Dir:     /user/home/of15641/chlorophyll_parameterization/tddft_data/step_1301_chromophore_3
Job ID:  1692083
Nodelist:
cat: bp1-compute102: No such file or directory
  
Result dir: /user/home/of15641/chlorophyll_parameterization/tddft_data/step_1301_chromophore_3
running gaussian jobs
Running time g16 < CAMB3LYP_step_1301_chromophore_3.com > CAMB3LYP_step_1301_chromophore_3.log

real	23m46.745s
user	558m15.179s
sys	0m25.518s
Running time g16 < PBE0_step_1301_chromophore_3.com > PBE0_step_1301_chromophore_3.log

real	19m55.607s
user	476m0.164s
sys	0m25.078s
Running time g16 < wB97XD_step_1301_chromophore_3.com > wB97XD_step_1301_chromophore_3.log

real	26m32.202s
user	623m57.986s
sys	0m27.502s
Running time g16 < BLYP_step_1301_chromophore_3.com > BLYP_step_1301_chromophore_3.log

real	11m14.049s
user	267m57.929s
sys	0m21.554s
Running time g16 < ZINDO_step_1301_chromophore_3.com > ZINDO_step_1301_chromophore_3.log

real	0m6.609s
user	2m25.015s
sys	0m2.577s
