cpu-bind=MASK - bp1-compute123, task 4294967295 4294967295 [0]: mask 0xffffffffffff set
Host:    bp1-compute123.data.bp.acrc.priv
Time:    Wed May  4 18:35:15 BST 2022
Dir:     /user/home/of15641/chlorophyll_parameterization/tddft_data/step_401_chromophore_10
Job ID:  1692282
Nodelist:
cat: bp1-compute123: No such file or directory
  
Result dir: /user/home/of15641/chlorophyll_parameterization/tddft_data/step_401_chromophore_10
running gaussian jobs
Running time g16 < CAMB3LYP_step_401_chromophore_10.com > CAMB3LYP_step_401_chromophore_10.log

real	25m7.259s
user	589m45.332s
sys	0m40.837s
Running time g16 < PBE0_step_401_chromophore_10.com > PBE0_step_401_chromophore_10.log

real	21m10.860s
user	504m34.061s
sys	0m41.411s
Running time g16 < wB97XD_step_401_chromophore_10.com > wB97XD_step_401_chromophore_10.log

real	26m1.498s
user	611m7.194s
sys	0m41.672s
Running time g16 < BLYP_step_401_chromophore_10.com > BLYP_step_401_chromophore_10.log

real	12m25.305s
user	295m35.387s
sys	0m26.392s
Running time g16 < ZINDO_step_401_chromophore_10.com > ZINDO_step_401_chromophore_10.log

real	0m6.493s
user	2m22.578s
sys	0m2.463s
