cpu-bind=MASK - bp1-compute158, task 4294967295 4294967295 [0]: mask 0xffffff00ffffff set
Host:    bp1-compute158.data.bp.acrc.priv
Time:    Thu Apr 28 16:43:32 BST 2022
Dir:     /user/home/of15641/chlorophyll_parameterization/tddft_data/step_1651_chromophore_26
Job ID:  1658470
Nodelist:
cat: bp1-compute158: No such file or directory
  
Result dir: /user/home/of15641/chlorophyll_parameterization/tddft_data/step_1651_chromophore_26
running gaussian jobs
Running time g16 < CAMB3LYP_step_1651_chromophore_26.com > CAMB3LYP_step_1651_chromophore_26.log

real	32m32.422s
user	766m25.641s
sys	1m7.669s
Running time g16 < PBE0_step_1651_chromophore_26.com > PBE0_step_1651_chromophore_26.log

real	20m34.156s
user	490m22.090s
sys	0m53.070s
Running time g16 < wB97XD_step_1651_chromophore_26.com > wB97XD_step_1651_chromophore_26.log

real	30m26.076s
user	716m25.056s
sys	1m2.051s
Running time g16 < BLYP_step_1651_chromophore_26.com > BLYP_step_1651_chromophore_26.log

real	14m15.599s
user	339m25.598s
sys	0m36.537s
Running time g16 < ZINDO_step_1651_chromophore_26.com > ZINDO_step_1651_chromophore_26.log

real	0m8.395s
user	3m3.920s
sys	0m2.899s
