cpu-bind=MASK - bp1-compute123, task 4294967295 4294967295 [0]: mask 0xffffffffffff set
Host:    bp1-compute123.data.bp.acrc.priv
Time:    Tue May  3 22:34:45 BST 2022
Dir:     /user/home/of15641/chlorophyll_parameterization/tddft_data/step_1101_chromophore_16
Job ID:  1692029
Nodelist:
cat: bp1-compute123: No such file or directory
  
Result dir: /user/home/of15641/chlorophyll_parameterization/tddft_data/step_1101_chromophore_16
running gaussian jobs
Running time g16 < CAMB3LYP_step_1101_chromophore_16.com > CAMB3LYP_step_1101_chromophore_16.log

real	27m18.807s
user	640m54.406s
sys	0m41.362s
Running time g16 < PBE0_step_1101_chromophore_16.com > PBE0_step_1101_chromophore_16.log

real	15m16.226s
user	363m11.427s
sys	0m31.294s
Running time g16 < wB97XD_step_1101_chromophore_16.com > wB97XD_step_1101_chromophore_16.log

real	29m7.341s
user	683m48.128s
sys	0m42.232s
Running time g16 < BLYP_step_1101_chromophore_16.com > BLYP_step_1101_chromophore_16.log

real	11m32.853s
user	274m47.567s
sys	0m24.825s
Running time g16 < ZINDO_step_1101_chromophore_16.com > ZINDO_step_1101_chromophore_16.log

real	0m6.511s
user	2m20.049s
sys	0m2.424s
