cpu-bind=MASK - bp1-compute142, task 4294967295 4294967295 [0]: mask 0x7ffffd507ffffd5 set
Host:    bp1-compute142.data.bp.acrc.priv
Time:    Thu Apr 28 08:12:36 BST 2022
Dir:     /user/home/of15641/chlorophyll_parameterization/tddft_data/step_151_chromophore_11
Job ID:  1658373
Nodelist:
cat: bp1-compute142: No such file or directory
  
Result dir: /user/home/of15641/chlorophyll_parameterization/tddft_data/step_151_chromophore_11
running gaussian jobs
Running time g16 < CAMB3LYP_step_151_chromophore_11.com > CAMB3LYP_step_151_chromophore_11.log

real	36m16.439s
user	856m9.220s
sys	2m10.232s
Running time g16 < PBE0_step_151_chromophore_11.com > PBE0_step_151_chromophore_11.log

real	26m59.640s
user	644m19.709s
sys	1m25.167s
Running time g16 < wB97XD_step_151_chromophore_11.com > wB97XD_step_151_chromophore_11.log

real	37m3.817s
user	875m22.006s
sys	1m55.764s
Running time g16 < BLYP_step_151_chromophore_11.com > BLYP_step_151_chromophore_11.log

real	15m50.231s
user	377m37.662s
sys	0m47.878s
Running time g16 < ZINDO_step_151_chromophore_11.com > ZINDO_step_151_chromophore_11.log

real	0m6.794s
user	2m29.890s
sys	0m2.538s
