cpu-bind=MASK - bp1-compute174, task 4294967295 4294967295 [0]: mask 0xffffff00ffffff set
Host:    bp1-compute174.data.bp.acrc.priv
Time:    Wed Apr 27 22:51:42 BST 2022
Dir:     /user/home/of15641/chlorophyll_parameterization/tddft_data/step_1351_chromophore_25
Job ID:  1658280
Nodelist:
cat: bp1-compute174: No such file or directory
  
Result dir: /user/home/of15641/chlorophyll_parameterization/tddft_data/step_1351_chromophore_25
running gaussian jobs
Running time g16 < CAMB3LYP_step_1351_chromophore_25.com > CAMB3LYP_step_1351_chromophore_25.log

real	33m14.035s
user	785m10.506s
sys	0m23.995s
Running time g16 < PBE0_step_1351_chromophore_25.com > PBE0_step_1351_chromophore_25.log

real	26m3.537s
user	622m56.564s
sys	0m21.037s
Running time g16 < wB97XD_step_1351_chromophore_25.com > wB97XD_step_1351_chromophore_25.log

real	41m30.368s
user	982m34.945s
sys	0m27.674s
Running time g16 < BLYP_step_1351_chromophore_25.com > BLYP_step_1351_chromophore_25.log

real	18m50.214s
user	449m58.576s
sys	0m23.064s
Running time g16 < ZINDO_step_1351_chromophore_25.com > ZINDO_step_1351_chromophore_25.log

real	0m11.129s
user	3m10.707s
sys	0m2.767s
