 
        ______________________________________
       |                                      |
       |          ===================         |
       |             xTB for sTDA             |
       |          ===================         |
       |               S. Grimme              |
       |        Universitaet Bonn, MCTC       |
       |         2015-19, Version 1.0         |
       |     Wed Apr  3 09:14:55 CEST 2019    |
       |______________________________________|
 
        This code comes without any warranty
        for non-commercial, academia use only.
        Preliminary test version.
        Cite this work as:
        S. Grimme  &  C. Bannwarth, JCP 145 (2016) 054103
        if GBSA is used additionally:
        P. Shushkov, F. März, C. Bannwarth, S. Grimme, unpublished.
 
        with help from
        P. Shushkov, G. Brandenburg, S. Dohm, J. Pisarek,
        F. März, M. Checinski, S. Ehrlich, S. Spicher, 
        P. Pracht, E. Caldeweyher, S. Ehlert, and C. Bannwarth.
 
        usage        :
        xtb4stda <coord_file> [options]
        where <coord_file> is a valid file of TM)
        (*coord, Bohr) or xmol (*xyz, Angstroem)
        format.

        options:
        -chrg <int>   : molecular charge
        -uhf  <int>   : # of unpaired electrons(=2*S)
        -nox          : skip second, extended part in sTDA-xTB
        -pop          : do population analysis
                      : (default for -nox)
        -mowr <real>  : cut MO write above (def.3 Eh)
        -molden       : write formatted molden file
        -parx <file>  : read parameters for sTDA-xTB
                        calc (def:~/.param_stda2.xtb)
        -parv <file>  : read parameters for vTB part in
                        sTDA-xTB (def: ~/.param_stda1.xtb)
        -xtemp <real> : el. temp for xTB (def. 0 K)
        -etemp <real> : el. temp for GFN (def. 300 K)
        -fod          : calculate the FOD and write
                        molden.input file with
                        appropriate occupations
                        for plotting. Def. T=12500 K
 
        -acc <real>   : xTB accuracy (def. 1.0)
        -gbsa [string1] [string2]
                        use GBSA implicit solvent
                        for solvent [string1] and
                        solvation state [string2]=
                        reference, bar1M (default=1M)
        additional GFN/opt/MD/siman options read from
        $XTB4STDAHOME/.xtb4stdarc or $set in input
 
       spin and charge state information can be on:
       <.CHRG> (charge) and <.UHF> (=nalpha-nbeta)
       -uhf and -chrg override the file info.
       useful machine settings:
       setenv MKL_NUM_THREADS <NCORE_ON_YOUR_MACHINE>
       setenv OMP_STACKSIZE 500m
       limit stacksize unlimited
 
       total energies in Eh, gaps/HL energies in eV
       please read REVISION and HOWTO files carefully
 =============================
  # OMP threads =           4
 =============================
 
 xtb4stdahome directory:~/
 
 
 name of molecule           :
 comment line               :
 number of atoms            :   140
 number of electrons        :   352
 charge                     :  0
 spin                       : 0.0
 first test random number   :  0.1433
 
 -----------------------------------------
      charge density (VTB) calculation
 -----------------------------------------
 
      method parameters     
 k(s)        :  1.8000
 k(p)        :  2.8350
 k(d)        :  2.0860
 k(f)        :  2.0000
 Tscal       :  0.3300
 Gscal       :  0.3910
 fpol        :  1.0000
 Zcnf        :  0.6500
 Zqf         :  0.0000
 kcn         :  0.3000
 kEN1        : -0.5900
 wllscal     :  2.6000
 
     -------------------------
     ! NO SOLVENT MODEL USED !
     -------------------------
 
 doing EN charges ...
 sum q :  0.2220446D-15
 point charge moment (au)
     X       Y       Z   
  -0.0729  -0.9228   0.4153  total (Debye):    2.579
 
            Z      q(EN)   CN      Cart. coordinates
     1  MG  2.0   0.909   4.746    77.40884    78.58803    51.28149
     2  C   4.0   0.021   3.248    75.16385    82.74921    55.87353
     3  C   4.0  -0.060   3.162    78.26867    74.29836    55.96234
     4  C   4.0  -0.060   3.166    79.75588    74.47599    46.91056
     5  C   4.0  -0.056   3.143    76.59437    83.24999    46.71403
     6  N   5.0  -0.378   3.126    76.68697    78.59559    55.51448
     7  C   4.0   0.118   3.362    75.68352    80.41162    56.92044
     8  C   4.0  -0.090   4.124    75.88950    79.71053    59.91376
     9  C   4.0  -0.098   4.171    76.80602    76.99499    59.68321
    10  C   4.0   0.104   3.391    77.38995    76.59815    56.91288
    11  C   4.0  -0.238   4.041    78.89228    75.92730    61.36696
    12  C   4.0  -0.162   4.080    73.36483    80.30579    61.27058
    13  C   4.0  -0.170   4.060    72.32737    78.49922    63.21700
    14  C   4.0   0.171   3.103    70.99511    79.97131    65.27491
    15  O   6.0  -0.086   1.039    68.80303    80.82358    64.99334
    16  O   6.0  -0.123   2.039    72.60138    80.56847    67.15897
    17  N   5.0  -0.401   3.223    78.91685    74.79724    51.29850
    18  C   4.0   0.076   3.387    79.02645    73.43097    53.51704
    19  C   4.0   0.013   3.211    79.80502    70.87417    52.92744
    20  C   4.0   0.001   3.268    80.07903    70.76646    50.26104
    21  C   4.0   0.098   3.335    79.65951    73.45554    49.26893
    22  C   4.0  -0.246   4.019    80.00911    68.71044    54.83607
    23  C   4.0   0.103   3.046    81.01633    68.64052    48.44312
    24  O   6.0  -0.089   1.068    81.21097    68.82949    46.07908
    25  C   4.0  -0.258   4.067    81.59081    66.28214    49.47303
    26  N   5.0  -0.410   3.159    78.21765    78.84126    47.36220
    27  C   4.0   0.117   3.354    79.21731    76.97799    46.03939
    28  C   4.0  -0.097   4.156    79.16251    77.55057    43.21236
    29  C   4.0  -0.097   4.160    78.09481    80.30579    43.10654
    30  C   4.0   0.074   3.332    77.51089    80.93507    45.82774
    31  C   4.0  -0.235   4.000    81.65317    76.98177    41.56452
    32  C   4.0  -0.163   4.056    75.85171    80.47020    41.29807
    33  C   4.0  -0.239   4.013    73.45554    78.98299    42.00105
    34  N   5.0  -0.479   3.204    76.16540    82.14072    51.26638
    35  C   4.0   0.043   3.538    75.95564    83.91895    49.20846
    36  C   4.0   0.021   3.211    75.06180    86.30567    50.01160
    37  C   4.0  -0.000   3.431    74.57992    85.91450    52.58162
    38  C   4.0   0.088   3.691    75.37550    83.37471    53.28460
    39  C   4.0  -0.248   4.025    74.97866    88.71507    48.52249
    40  C   4.0   0.127   3.189    73.69553    87.12015    54.92488
    41  O   6.0  -0.116   1.052    72.91886    89.16672    55.42566
    42  C   4.0  -0.113   4.217    74.19442    85.22853    57.11886
    43  C   4.0   0.181   3.138    76.08604    86.48331    58.86874
    44  O   6.0  -0.093   1.041    78.32536    86.86881    58.33395
    45  O   6.0  -0.126   2.039    74.86905    87.11070    61.01547
    46  C   4.0  -0.196   4.028    76.28635    88.30122    63.05827
    47  C   4.0  -0.141   4.048    71.71888    82.12938    69.33027
    48  C   4.0  -0.052   3.090    71.91919    80.90295    71.80770
    49  C   4.0   0.019   3.072    70.93086    81.53412    74.12828
    50  C   4.0  -0.251   4.045    69.22066    83.77722    74.41174
    51  C   4.0  -0.176   4.099    71.76990    80.21887    76.57170
    52  C   4.0  -0.163   4.057    70.20332    77.87561    77.28601
    53  C   4.0  -0.165   4.092    72.03824    76.14840    78.62772
    54  C   4.0  -0.087   4.029    70.87795    73.82592    79.84659
    55  C   4.0  -0.239   4.033    68.29659    72.94342    78.64472
    56  C   4.0  -0.162   4.028    70.60583    73.78813    82.86070
    57  C   4.0  -0.162   4.010    72.97177    72.96610    84.51421
    58  C   4.0  -0.163   4.049    72.62784    71.05748    86.72708
    59  C   4.0  -0.089   4.060    70.63418    71.62061    88.80956
    60  C   4.0  -0.239   4.039    71.79258    73.04547    91.08857
    61  C   4.0  -0.164   4.067    69.05815    69.35294    89.69962
    62  C   4.0  -0.164   4.065    66.52591    69.40019    88.27666
    63  C   4.0  -0.164   4.069    65.10673    66.97000    88.01021
    64  C   4.0  -0.088   4.026    62.26836    67.08527    88.95885
    65  C   4.0  -0.240   4.068    60.59406    66.11395    86.94629
    66  C   4.0  -0.238   4.033    61.69577    65.68498    91.50242
    67  H   1.0   0.071   1.011    77.93419    72.94531    57.48357
    68  H   1.0   0.071   1.008    80.38327    73.31948    45.32130
    69  H   1.0   0.071   1.008    76.32792    84.92428    45.54051
    70  H   1.0   0.084   1.008    77.44664    80.70831    60.82272
    71  H   1.0   0.086   1.014    75.10905    75.86872    59.99313
    72  H   1.0   0.081   0.999    80.70642    75.94620    60.39375
    73  H   1.0   0.080   1.000    78.22143    74.09804    62.03592
    74  H   1.0   0.081   0.998    79.06046    76.91374    63.16598
    75  H   1.0   0.084   1.008    71.98911    80.36815    59.73991
    76  H   1.0   0.083   1.004    73.42719    82.25599    61.93199
    77  H   1.0   0.083   1.006    73.72955    77.41640    64.26580
    78  H   1.0   0.082   1.004    70.89685    77.21798    62.47056
    79  H   1.0   0.080   0.999    79.01700    69.23200    56.56517
    80  H   1.0   0.080   1.001    82.02167    68.27391    54.84552
    81  H   1.0   0.080   0.998    79.06802    66.97945    54.23325
    82  H   1.0   0.081   1.001    82.95708    66.36529    51.01126
    83  H   1.0   0.081   1.004    82.35426    65.10295    47.96691
    84  H   1.0   0.081   1.002    79.88627    65.35995    50.17033
    85  H   1.0   0.085   1.011    77.70364    76.36005    42.37521
    86  H   1.0   0.085   1.009    79.42896    81.68718    42.36388
    87  H   1.0   0.081   1.003    82.95330    76.80791    43.15189
    88  H   1.0   0.080   0.999    81.71364    78.52945    40.20581
    89  H   1.0   0.079   0.997    81.52467    75.24511    40.46470
    90  H   1.0   0.082   1.006    76.46209    79.59904    39.53496
    91  H   1.0   0.081   1.002    75.29991    82.40528    40.85399
    92  H   1.0   0.080   1.000    71.89273    80.08092    41.23193
    93  H   1.0   0.080   0.998    73.21176    78.59370    44.00983
    94  H   1.0   0.080   0.998    73.40074    77.09137    41.19036
    95  H   1.0   0.080   0.999    76.84760    89.22908    47.82896
    96  H   1.0   0.080   1.001    74.32670    90.17205    49.82451
    97  H   1.0   0.080   0.998    73.71632    88.65838    46.89544
    98  H   1.0   0.085   1.008    72.35194    84.85814    57.96356
    99  H   1.0   0.080   0.996    78.30646    88.52988    62.72945
   100  H   1.0   0.080   0.996    75.97454    87.19762    64.77036
   101  H   1.0   0.080   0.996    75.56447    90.21174    63.33039
   102  H   1.0   0.082   1.002    69.81970    82.79267    68.88996
   103  H   1.0   0.082   1.003    73.11350    83.63549    69.15830
   104  H   1.0   0.071   1.005    73.27790    79.35715    71.72833
   105  H   1.0   0.080   1.000    67.29692    83.08180    74.66118
   106  H   1.0   0.081   1.001    69.27168    84.84870    72.65429
   107  H   1.0   0.080   1.000    70.00490    85.02633    75.84982
   108  H   1.0   0.082   1.003    71.75856    81.52656    78.16284
   109  H   1.0   0.083   1.004    73.78624    79.84092    76.39028
   110  H   1.0   0.082   1.002    69.20554    76.95153    75.73833
   111  H   1.0   0.082   1.003    68.65374    78.52378    78.47843
   112  H   1.0   0.083   1.007    72.97177    77.09893    80.19808
   113  H   1.0   0.083   1.004    73.50089    75.67597    77.25767
   114  H   1.0   0.083   1.010    72.03068    72.16863    79.43841
   115  H   1.0   0.080   0.998    68.16808    70.89307    78.79779
   116  H   1.0   0.080   0.997    68.06037    73.10405    76.60571
   117  H   1.0   0.080   0.998    66.71111    73.98277    79.45353
   118  H   1.0   0.081   1.001    68.80870    72.90374    83.34447
   119  H   1.0   0.082   1.006    70.45654    75.79691    83.29912
   120  H   1.0   0.081   1.002    73.97899    74.58748    85.28711
   121  H   1.0   0.082   1.005    74.20387    72.01557    83.16495
   122  H   1.0   0.081   1.001    74.34371    70.38662    87.65116
   123  H   1.0   0.083   1.008    71.82470    69.36239    85.87482
   124  H   1.0   0.084   1.012    69.33971    72.98878    87.97808
   125  H   1.0   0.080   0.998    73.84104    72.85649    91.20006
   126  H   1.0   0.080   0.998    70.89874    72.69398    92.91027
   127  H   1.0   0.081   0.999    71.12362    74.98999    91.00353
   128  H   1.0   0.082   1.002    68.79169    69.37940    91.74242
   129  H   1.0   0.083   1.005    70.12962    67.67109    89.18751
   130  H   1.0   0.083   1.007    66.63741    70.04836    86.32457
   131  H   1.0   0.082   1.006    65.30326    70.73622    89.25932
   132  H   1.0   0.082   1.002    66.18009    65.41853    88.83980
   133  H   1.0   0.082   1.005    65.04815    66.41064    86.02788
   134  H   1.0   0.083   1.010    61.68254    69.03736    89.25554
   135  H   1.0   0.081   1.003    60.41454    67.72778    85.68017
   136  H   1.0   0.081   1.000    58.72890    65.66798    87.69651
   137  H   1.0   0.080   0.998    61.26114    64.53981    85.79356
   138  H   1.0   0.080   0.999    61.75624    67.13818    92.96129
   139  H   1.0   0.080   0.997    62.97323    64.13730    91.96729
   140  H   1.0   0.080   0.998    59.76636    64.96500    91.55155
 
  Z AO/shell   Hii/eV     exponent
  1     Sat Feb 20 21:38:01 CET 2016    EN: 2.327 GAM: 0.473  GM3: 0.0000
     1s    -13.751157    1.051071
  6     Sat Feb 20 21:38:01 CET 2016    EN: 2.731 GAM: 0.422  GM3: 0.0000
     2s    -19.378245    2.021003
     2p    -11.993376    1.497917
  7     Sat Feb 20 21:38:01 CET 2016    EN: 3.573 GAM: 0.504  GM3: 0.0000
     2s    -21.576984    2.275442
     2p    -16.125120    2.056788
  8     Sat Feb 20 21:38:01 CET 2016    EN: 3.700 GAM: 0.587  GM3: 0.0000
     2s    -21.648843    2.110798
     2p    -17.239740    2.329048
 12     Sat Feb 20 23:25:47 CET 2016    EN: 0.033 GAM: 0.222  GM3: 0.0000
     3s    -12.693633    1.302878
     3p     -8.128821    0.504252
 
 dipole moment of classical point charges (au)
     X       Y       Z   
  -0.0729  -0.9228   0.4153  total (Debye):    2.579

 
 Nbf   :          338
 T(el) :   300.0
 calculating S/T integrals ...
 cpu time for ints   6.884400000000000E-002
 Nao   :          338
 making H0...
 making H1...
 cpu time for H      4.584000000000005E-003
 solving ...
 cpu time for diag   5.183199999999999E-002
 
 gap (eV)           :   1.462
 Koopmans IP (eV)   :  12.117
 Eel (Eh)           :  -268.647776
 T,E(Fermi),NFOD :    300.000   -11.385  0.000000
 T,E(Fermi),NFOD :    300.000   -11.385  0.000000
 Nfod               :  0.0000
 Nfod/Nel           :  0.0000

          eigenvalues
 #    :         164        165        166        167        168        169        170        171
 occ. :        2.000      2.000      2.000      2.000      2.000      2.000      2.000      2.000
 eps  :       -16.253    -16.229    -16.094    -15.951    -15.778    -15.584    -15.247    -15.048
 #    :         172        173        174        175        176        177        178        179
 occ. :        2.000      2.000      2.000      2.000      2.000      0.000      0.000      0.000
 eps  :       -14.956    -14.628    -14.565    -13.190    -12.118    -10.655     -9.715     -8.554
 #    :         180        181        182        183        184        185        186        187
 occ. :        0.000      0.000      0.000      0.000      0.000      0.000      0.000      0.000
 eps  :        -8.422     -8.178     -8.101     -7.843     -7.463     -7.277     -7.200     -6.983
                            1  SCC done.
 making H1...
 cpu time for H      6.025000000000000E-002
 solving ...
 cpu time for diag   3.115299999999999E-002
 
 gap (eV)           :   1.670
 Koopmans IP (eV)   :  11.920
 Eel (Eh)           :  -265.802854
 T,E(Fermi),NFOD :    300.000   -11.085  0.000000
 T,E(Fermi),NFOD :    300.000   -11.085  0.000000
 Nfod               :  0.0000
 Nfod/Nel           :  0.0000

          eigenvalues
 #    :         164        165        166        167        168        169        170        171
 occ. :        2.000      2.000      2.000      2.000      2.000      2.000      2.000      2.000
 eps  :       -15.331    -15.201    -15.087    -14.758    -14.450    -14.429    -14.254    -14.185
 #    :         172        173        174        175        176        177        178        179
 occ. :        2.000      2.000      2.000      2.000      2.000      0.000      0.000      0.000
 eps  :       -13.972    -13.925    -13.802    -12.556    -11.921    -10.251     -9.102     -8.298
 #    :         180        181        182        183        184        185        186        187
 occ. :        0.000      0.000      0.000      0.000      0.000      0.000      0.000      0.000
 eps  :        -8.150     -8.104     -7.813     -7.766     -7.274     -7.266     -6.978     -6.711
                            2  SCC done.
 
 
 Mulliken/CM5 charges    n(s)   n(p)   n(d)   
    1 MG  0.3108  0.7673   0.667  1.022  0.000
    2 C  -0.0035  0.0014   1.178  2.825  0.000
    3 C  -0.0539 -0.0969   1.121  2.933  0.000
    4 C  -0.0165 -0.0566   1.114  2.902  0.000
    5 C  -0.0251 -0.0675   1.126  2.899  0.000
    6 N  -0.1678 -0.4213   1.403  3.765  0.000
    7 C   0.0275  0.0974   1.240  2.732  0.000
    8 C  -0.0306 -0.0870   1.213  2.817  0.000
    9 C  -0.0192 -0.0779   1.177  2.842  0.000
   10 C   0.0470  0.1065   1.222  2.731  0.000
   11 C  -0.0868 -0.2359   1.101  2.986  0.000
   12 C  -0.0446 -0.1503   1.147  2.898  0.000
   13 C  -0.0450 -0.1452   1.133  2.912  0.000
   14 C   0.1980  0.2444   1.193  2.609  0.000
   15 O  -0.3016 -0.3480   1.636  4.666  0.000
   16 O  -0.1470 -0.2309   1.481  4.666  0.000
   17 N  -0.2223 -0.4867   1.371  3.851  0.000
   18 C   0.0281  0.0880   1.194  2.778  0.000
   19 C  -0.0305 -0.0355   1.221  2.809  0.000
   20 C  -0.0708 -0.0653   1.237  2.834  0.000
   21 C   0.0480  0.1154   1.196  2.756  0.000
   22 C  -0.0720 -0.2167   1.083  2.989  0.000
   23 C   0.1385  0.1570   1.204  2.657  0.000
   24 O  -0.2674 -0.3174   1.633  4.634  0.000
   25 C  -0.0717 -0.2133   1.078  2.994  0.000
   26 N  -0.1654 -0.4373   1.404  3.761  0.000
   27 C   0.0621  0.1270   1.224  2.713  0.000
   28 C  -0.0417 -0.0996   1.207  2.835  0.000
   29 C  -0.0138 -0.0697   1.187  2.827  0.000
   30 C   0.0235  0.0730   1.218  2.759  0.000
   31 C  -0.0839 -0.2320   1.107  2.977  0.000
   32 C  -0.0523 -0.1634   1.148  2.904  0.000
   33 C  -0.0995 -0.2515   1.093  3.006  0.000
   34 N  -0.2064 -0.5120   1.388  3.818  0.000
   35 C   0.0115  0.0606   1.197  2.791  0.000
   36 C   0.0055 -0.0007   1.194  2.800  0.000
   37 C  -0.0722 -0.0648   1.193  2.879  0.000
   38 C   0.0398  0.1137   1.194  2.766  0.000
   39 C  -0.0585 -0.2026   1.076  2.983  0.000
   40 C   0.1661  0.2015   1.187  2.647  0.000
   41 O  -0.2283 -0.2751   1.621  4.607  0.000
   42 C  -0.0540 -0.0960   1.205  2.849  0.000
   43 C   0.2271  0.2827   1.177  2.596  0.000
   44 O  -0.2765 -0.3195   1.632  4.645  0.000
   45 O  -0.1296 -0.2148   1.476  4.653  0.000
   46 C   0.0211 -0.1019   1.089  2.890  0.000
   47 C   0.0700 -0.0119   1.128  2.802  0.000
   48 C  -0.0725 -0.1292   1.151  2.921  0.000
   49 C  -0.0273 -0.0515   1.216  2.812  0.000
   50 C  -0.0889 -0.2343   1.081  3.008  0.000
   51 C  -0.0566 -0.1632   1.138  2.919  0.000
   52 C  -0.0494 -0.1605   1.140  2.910  0.000
   53 C  -0.0489 -0.1591   1.142  2.907  0.000
   54 C  -0.0297 -0.1028   1.211  2.819  0.000
   55 C  -0.1129 -0.2642   1.103  3.010  0.000
   56 C  -0.0726 -0.1823   1.166  2.906  0.000
   57 C  -0.0505 -0.1611   1.153  2.897  0.000
   58 C  -0.0681 -0.1784   1.157  2.911  0.000
   59 C  -0.0317 -0.1061   1.201  2.831  0.000
   60 C  -0.1203 -0.2708   1.104  3.016  0.000
   61 C  -0.0537 -0.1642   1.153  2.900  0.000
   62 C  -0.0603 -0.1733   1.143  2.918  0.000
   63 C  -0.0715 -0.1826   1.153  2.918  0.000
   64 C  -0.0172 -0.0934   1.201  2.816  0.000
   65 C  -0.0989 -0.2506   1.098  3.001  0.000
   66 C  -0.1124 -0.2622   1.109  3.004  0.000
   67 H   0.0553  0.1163   0.945  0.000  0.000
   68 H   0.0580  0.1217   0.942  0.000  0.000
   69 H   0.0619  0.1214   0.938  0.000  0.000
   70 H   0.0393  0.1010   0.961  0.000  0.000
   71 H   0.0412  0.1062   0.959  0.000  0.000
   72 H   0.0446  0.0982   0.955  0.000  0.000
   73 H   0.0408  0.0933   0.959  0.000  0.000
   74 H   0.0330  0.0851   0.967  0.000  0.000
   75 H   0.0374  0.0977   0.963  0.000  0.000
   76 H   0.0488  0.1107   0.951  0.000  0.000
   77 H   0.0352  0.0981   0.965  0.000  0.000
   78 H   0.0487  0.1079   0.951  0.000  0.000
   79 H   0.0559  0.1090   0.944  0.000  0.000
   80 H   0.0582  0.1117   0.942  0.000  0.000
   81 H   0.0455  0.0977   0.955  0.000  0.000
   82 H   0.0485  0.1030   0.952  0.000  0.000
   83 H   0.0479  0.1069   0.952  0.000  0.000
   84 H   0.0558  0.1106   0.944  0.000  0.000
   85 H   0.0429  0.1066   0.957  0.000  0.000
   86 H   0.0499  0.1110   0.950  0.000  0.000
   87 H   0.0506  0.1057   0.949  0.000  0.000
   88 H   0.0455  0.0982   0.955  0.000  0.000
   89 H   0.0443  0.0952   0.956  0.000  0.000
   90 H   0.0320  0.0893   0.968  0.000  0.000
   91 H   0.0394  0.0946   0.961  0.000  0.000
   92 H   0.0339  0.0859   0.966  0.000  0.000
   93 H   0.0360  0.0895   0.964  0.000  0.000
   94 H   0.0291  0.0806   0.971  0.000  0.000
   95 H   0.0509  0.1033   0.949  0.000  0.000
   96 H   0.0488  0.1029   0.951  0.000  0.000
   97 H   0.0477  0.0996   0.952  0.000  0.000
   98 H   0.0505  0.1177   0.950  0.000  0.000
   99 H   0.0570  0.1183   0.943  0.000  0.000
  100 H   0.0471  0.1061   0.953  0.000  0.000
  101 H   0.0472  0.1061   0.953  0.000  0.000
  102 H   0.0627  0.1316   0.937  0.000  0.000
  103 H   0.0597  0.1268   0.940  0.000  0.000
  104 H   0.0269  0.0871   0.973  0.000  0.000
  105 H   0.0470  0.0995   0.953  0.000  0.000
  106 H   0.0373  0.0915   0.963  0.000  0.000
  107 H   0.0452  0.0979   0.955  0.000  0.000
  108 H   0.0403  0.0965   0.960  0.000  0.000
  109 H   0.0383  0.0955   0.962  0.000  0.000
  110 H   0.0382  0.0947   0.962  0.000  0.000
  111 H   0.0274  0.0837   0.973  0.000  0.000
  112 H   0.0334  0.0916   0.967  0.000  0.000
  113 H   0.0389  0.0956   0.961  0.000  0.000
  114 H   0.0249  0.0850   0.975  0.000  0.000
  115 H   0.0348  0.0865   0.965  0.000  0.000
  116 H   0.0364  0.0880   0.964  0.000  0.000
  117 H   0.0277  0.0800   0.972  0.000  0.000
  118 H   0.0428  0.0987   0.957  0.000  0.000
  119 H   0.0228  0.0800   0.977  0.000  0.000
  120 H   0.0358  0.0908   0.964  0.000  0.000
  121 H   0.0340  0.0904   0.966  0.000  0.000
  122 H   0.0421  0.0972   0.958  0.000  0.000
  123 H   0.0240  0.0824   0.976  0.000  0.000
  124 H   0.0287  0.0913   0.971  0.000  0.000
  125 H   0.0334  0.0855   0.967  0.000  0.000
  126 H   0.0339  0.0856   0.966  0.000  0.000
  127 H   0.0325  0.0845   0.967  0.000  0.000
  128 H   0.0437  0.0997   0.956  0.000  0.000
  129 H   0.0271  0.0843   0.973  0.000  0.000
  130 H   0.0361  0.0934   0.964  0.000  0.000
  131 H   0.0269  0.0845   0.973  0.000  0.000
  132 H   0.0255  0.0817   0.975  0.000  0.000
  133 H   0.0360  0.0929   0.964  0.000  0.000
  134 H   0.0392  0.0990   0.961  0.000  0.000
  135 H   0.0292  0.0828   0.971  0.000  0.000
  136 H   0.0357  0.0886   0.964  0.000  0.000
  137 H   0.0284  0.0803   0.972  0.000  0.000
  138 H   0.0287  0.0806   0.971  0.000  0.000
  139 H   0.0290  0.0805   0.971  0.000  0.000
  140 H   0.0340  0.0862   0.966  0.000  0.000
 Hirshfeld charges for QMDFF written to <charges>
 
 Loewdin charges    n(s)   n(p)   n(d)
    1 MG  0.1494   0.679  1.172  0.000
    2 C  -0.0016   1.137  2.864  0.000
    3 C  -0.0526   1.069  2.984  0.000
    4 C  -0.0147   1.061  2.954  0.000
    5 C  -0.0206   1.072  2.948  0.000
    6 N  -0.1327   1.358  3.775  0.000
    7 C   0.0248   1.206  2.769  0.000
    8 C  -0.0230   1.167  2.856  0.000
    9 C  -0.0115   1.128  2.884  0.000
   10 C   0.0525   1.184  2.764  0.000
   11 C  -0.0887   1.029  3.060  0.000
   12 C  -0.0391   1.087  2.952  0.000
   13 C  -0.0445   1.073  2.972  0.000
   14 C   0.1784   1.167  2.655  0.000
   15 O  -0.2911   1.610  4.681  0.000
   16 O  -0.1117   1.446  4.665  0.000
   17 N  -0.1913   1.329  3.862  0.000
   18 C   0.0315   1.156  2.813  0.000
   19 C  -0.0206   1.180  2.841  0.000
   20 C  -0.0787   1.203  2.875  0.000
   21 C   0.0518   1.156  2.792  0.000
   22 C  -0.0726   1.008  3.064  0.000
   23 C   0.1419   1.166  2.692  0.000
   24 O  -0.2558   1.607  4.649  0.000
   25 C  -0.0780   1.003  3.075  0.000
   26 N  -0.1286   1.360  3.769  0.000
   27 C   0.0678   1.186  2.746  0.000
   28 C  -0.0360   1.161  2.875  0.000
   29 C  -0.0053   1.138  2.868  0.000
   30 C   0.0269   1.181  2.792  0.000
   31 C  -0.0832   1.035  3.048  0.000
   32 C  -0.0473   1.089  2.958  0.000
   33 C  -0.1013   1.021  3.080  0.000
   34 N  -0.1707   1.345  3.826  0.000
   35 C   0.0128   1.159  2.828  0.000
   36 C   0.0135   1.152  2.834  0.000
   37 C  -0.0808   1.157  2.924  0.000
   38 C   0.0430   1.155  2.802  0.000
   39 C  -0.0574   1.000  3.058  0.000
   40 C   0.1567   1.154  2.689  0.000
   41 O  -0.2093   1.587  4.622  0.000
   42 C  -0.0558   1.159  2.897  0.000
   43 C   0.2035   1.152  2.644  0.000
   44 O  -0.2646   1.604  4.660  0.000
   45 O  -0.0919   1.439  4.653  0.000
   46 C   0.0129   1.019  2.968  0.000
   47 C   0.0710   1.068  2.861  0.000
   48 C  -0.0708   1.102  2.969  0.000
   49 C  -0.0177   1.175  2.843  0.000
   50 C  -0.0914   1.007  3.084  0.000
   51 C  -0.0534   1.078  2.975  0.000
   52 C  -0.0447   1.080  2.965  0.000
   53 C  -0.0451   1.082  2.963  0.000
   54 C  -0.0201   1.164  2.856  0.000
   55 C  -0.1167   1.032  3.084  0.000
   56 C  -0.0708   1.110  2.960  0.000
   57 C  -0.0443   1.095  2.950  0.000
   58 C  -0.0655   1.100  2.966  0.000
   59 C  -0.0225   1.154  2.869  0.000
   60 C  -0.1255   1.034  3.091  0.000
   61 C  -0.0502   1.095  2.955  0.000
   62 C  -0.0572   1.084  2.973  0.000
   63 C  -0.0696   1.095  2.974  0.000
   64 C  -0.0054   1.152  2.853  0.000
   65 C  -0.1032   1.027  3.076  0.000
   66 C  -0.1172   1.038  3.079  0.000
   67 H   0.0514   0.949  0.000  0.000
   68 H   0.0512   0.949  0.000  0.000
   69 H   0.0560   0.944  0.000  0.000
   70 H   0.0325   0.967  0.000  0.000
   71 H   0.0366   0.963  0.000  0.000
   72 H   0.0432   0.957  0.000  0.000
   73 H   0.0408   0.959  0.000  0.000
   74 H   0.0334   0.967  0.000  0.000
   75 H   0.0339   0.966  0.000  0.000
   76 H   0.0445   0.956  0.000  0.000
   77 H   0.0320   0.968  0.000  0.000
   78 H   0.0437   0.956  0.000  0.000
   79 H   0.0544   0.946  0.000  0.000
   80 H   0.0562   0.944  0.000  0.000
   81 H   0.0448   0.955  0.000  0.000
   82 H   0.0484   0.952  0.000  0.000
   83 H   0.0452   0.955  0.000  0.000
   84 H   0.0555   0.944  0.000  0.000
   85 H   0.0383   0.962  0.000  0.000
   86 H   0.0437   0.956  0.000  0.000
   87 H   0.0488   0.951  0.000  0.000
   88 H   0.0447   0.955  0.000  0.000
   89 H   0.0429   0.957  0.000  0.000
   90 H   0.0300   0.970  0.000  0.000
   91 H   0.0367   0.963  0.000  0.000
   92 H   0.0340   0.966  0.000  0.000
   93 H   0.0377   0.962  0.000  0.000
   94 H   0.0299   0.970  0.000  0.000
   95 H   0.0493   0.951  0.000  0.000
   96 H   0.0463   0.954  0.000  0.000
   97 H   0.0466   0.953  0.000  0.000
   98 H   0.0432   0.957  0.000  0.000
   99 H   0.0522   0.948  0.000  0.000
  100 H   0.0439   0.956  0.000  0.000
  101 H   0.0437   0.956  0.000  0.000
  102 H   0.0541   0.946  0.000  0.000
  103 H   0.0525   0.948  0.000  0.000
  104 H   0.0208   0.979  0.000  0.000
  105 H   0.0454   0.955  0.000  0.000
  106 H   0.0374   0.963  0.000  0.000
  107 H   0.0443   0.956  0.000  0.000
  108 H   0.0374   0.963  0.000  0.000
  109 H   0.0359   0.964  0.000  0.000
  110 H   0.0352   0.965  0.000  0.000
  111 H   0.0246   0.975  0.000  0.000
  112 H   0.0311   0.969  0.000  0.000
  113 H   0.0357   0.964  0.000  0.000
  114 H   0.0206   0.979  0.000  0.000
  115 H   0.0352   0.965  0.000  0.000
  116 H   0.0378   0.962  0.000  0.000
  117 H   0.0281   0.972  0.000  0.000
  118 H   0.0404   0.960  0.000  0.000
  119 H   0.0214   0.979  0.000  0.000
  120 H   0.0323   0.968  0.000  0.000
  121 H   0.0315   0.969  0.000  0.000
  122 H   0.0393   0.961  0.000  0.000
  123 H   0.0227   0.977  0.000  0.000
  124 H   0.0248   0.975  0.000  0.000
  125 H   0.0335   0.967  0.000  0.000
  126 H   0.0357   0.964  0.000  0.000
  127 H   0.0335   0.967  0.000  0.000
  128 H   0.0405   0.960  0.000  0.000
  129 H   0.0252   0.975  0.000  0.000
  130 H   0.0342   0.966  0.000  0.000
  131 H   0.0255   0.975  0.000  0.000
  132 H   0.0241   0.976  0.000  0.000
  133 H   0.0343   0.966  0.000  0.000
  134 H   0.0346   0.965  0.000  0.000
  135 H   0.0296   0.970  0.000  0.000
  136 H   0.0362   0.964  0.000  0.000
  137 H   0.0291   0.971  0.000  0.000
  138 H   0.0291   0.971  0.000  0.000
  139 H   0.0294   0.971  0.000  0.000
  140 H   0.0351   0.965  0.000  0.000
 
 Wiberg/Mayer (AO) data. WBOs > 0.1 written file <wbo>
 largest (>0.05) Wiberg bond orders for each atom
           total WBO             WBO to atom ...
     1  MG  2.521    N   34 0.587    N   17 0.472    N   26 0.413    N    6 0.329    C   38 0.059    C   18 0.051    C   30 0.051    C   27 0.050
     2  C   3.889    C    7 1.444    C   38 1.200    C   42 0.932
     3  C   3.928    C   10 1.408    C   18 1.267    H   67 0.933
     4  C   3.901    C   21 1.413    C   27 1.284    H   68 0.933
     5  C   3.934    C   30 1.498    C   35 1.253    H   69 0.927
     6  N   3.286    C    7 1.270    C   10 1.264    MG   1 0.329    C   18 0.051
     7  C   3.854    C    2 1.444    N    6 1.270    C    8 0.858
     8  C   3.925    C    9 0.972    C   12 0.957    H   70 0.947    C    7 0.858
     9  C   3.944    C   11 0.973    C    8 0.972    H   71 0.935    C   10 0.933
    10  C   3.855    C    3 1.408    N    6 1.264    C    9 0.933
    11  C   3.970    H   73 0.978    H   74 0.977    H   72 0.976    C    9 0.973
    12  C   3.954    C   13 0.968    H   75 0.968    H   76 0.959    C    8 0.957
    13  C   3.969    C   12 0.968    H   77 0.963    H   78 0.962    C   14 0.945    O   15 0.069
    14  C   3.890    O   15 1.768    O   16 1.134    C   13 0.945
    15  O   2.075    C   14 1.768    O   16 0.174    C   13 0.069
    16  O   2.334    C   14 1.134    C   47 0.934    O   15 0.174
    17  N   3.304    C   21 1.203    C   18 1.165    MG   1 0.472    C   20 0.064    C   27 0.052
    18  C   3.864    C    3 1.267    C   19 1.169    N   17 1.165    MG   1 0.051    N    6 0.051
    19  C   3.884    C   20 1.484    C   18 1.169    C   22 0.981    O   24 0.059
    20  C   3.839    C   19 1.484    C   21 1.026    C   23 0.966    O   24 0.079    N   17 0.064
    21  C   3.891    C    4 1.413    N   17 1.203    C   20 1.026    N   26 0.057
    22  C   3.978    C   19 0.981    H   79 0.974    H   81 0.971    H   80 0.964
    23  C   3.890    O   24 1.781    C   25 1.043    C   20 0.966
    24  O   2.099    C   23 1.781    C   20 0.079    C   19 0.059    C   25 0.058
    25  C   3.987    C   23 1.043    H   83 0.960    H   82 0.948    H   84 0.934    O   24 0.058
    26  N   3.349    C   27 1.372    C   30 1.112    MG   1 0.413    C   21 0.057
    27  C   3.860    N   26 1.372    C    4 1.284    C   28 0.937    N   17 0.052    MG   1 0.050
    28  C   3.929    C   31 0.955    C   29 0.952    H   85 0.940    C   27 0.937
    29  C   3.943    C   32 0.960    C   28 0.952    C   30 0.951    H   86 0.933
    30  C   3.846    C    5 1.498    N   26 1.112    C   29 0.951    C   36 0.057    MG   1 0.051
    31  C   3.971    H   89 0.985    H   87 0.981    H   88 0.980    C   28 0.955
    32  C   3.954    C   33 0.999    H   90 0.967    H   91 0.963    C   29 0.960
    33  C   3.975    C   32 0.999    H   94 0.986    H   92 0.983    H   93 0.973
    34  N   3.355    C   38 1.264    C   35 1.052    MG   1 0.587    C   37 0.063
    35  C   3.857    C   36 1.270    C    5 1.253    N   34 1.052
    36  C   3.888    C   37 1.360    C   35 1.270    C   39 0.991    C   30 0.057
    37  C   3.879    C   36 1.360    C   38 1.130    C   40 1.036    O   41 0.078    N   34 0.063
    38  C   3.903    N   34 1.264    C    2 1.200    C   37 1.130    MG   1 0.059
    39  C   3.981    C   36 0.991    H   96 0.978    H   97 0.969    H   95 0.968
    40  C   3.888    O   41 1.850    C   37 1.036    C   42 0.856
    41  O   2.183    C   40 1.850    C   42 0.087    C   37 0.078
    42  C   3.936    H   98 0.936    C    2 0.932    C   43 0.908    C   40 0.856    O   41 0.087    O   44 0.077
    43  C   3.895    O   44 1.795    O   45 1.121    C   42 0.908
    44  O   2.120    C   43 1.795    O   45 0.170    C   42 0.077
    45  O   2.331    C   43 1.121    C   46 0.967    O   44 0.170
    46  C   3.941    H  100 0.989    H  101 0.989    H   99 0.979    O   45 0.967
    47  C   3.927    C   48 1.018    H  102 0.954    H  103 0.953    O   16 0.934
    48  C   3.962    C   49 1.870    C   47 1.018    H  104 0.943
    49  C   3.931    C   48 1.870    C   50 0.993    C   51 0.963
    50  C   3.988    C   49 0.993    H  106 0.974    H  107 0.971    H  105 0.969
    51  C   3.965    C   52 0.967    H  108 0.965    C   49 0.963    H  109 0.959
    52  C   3.966    C   53 0.993    H  111 0.971    C   51 0.967    H  110 0.964
    53  C   3.966    C   52 0.993    C   54 0.970    H  112 0.962    H  113 0.962
    54  C   3.928    C   55 0.975    C   53 0.970    H  114 0.959    C   56 0.958
    55  C   3.976    H  117 0.983    H  115 0.982    C   54 0.975    H  116 0.974
    56  C   3.954    H  119 0.974    C   57 0.974    H  118 0.961    C   54 0.958
    57  C   3.960    C   58 0.981    C   56 0.974    H  120 0.973    H  121 0.966
    58  C   3.956    C   57 0.981    C   59 0.969    H  123 0.967    H  122 0.958
    59  C   3.938    C   60 0.978    C   61 0.972    C   58 0.969    H  124 0.956
    60  C   3.971    H  127 0.980    C   59 0.978    H  125 0.978    H  126 0.974
    61  C   3.964    C   62 0.979    C   59 0.972    H  129 0.965    H  128 0.960
    62  C   3.967    C   63 0.996    C   61 0.979    H  131 0.965    H  130 0.963
    63  C   3.959    C   62 0.996    H  132 0.964    H  133 0.962    C   64 0.951
    64  C   3.940    C   65 1.011    C   66 0.976    H  134 0.953    C   63 0.951
    65  C   3.982    C   64 1.011    H  137 0.976    H  135 0.976    H  136 0.969
    66  C   3.979    H  138 0.984    H  139 0.981    H  140 0.976    C   64 0.976
    67  H   0.994    C    3 0.933
    68  H   0.994    C    4 0.933
    69  H   0.992    C    5 0.927
    70  H   0.995    C    8 0.947
    71  H   0.995    C    9 0.935
    72  H   0.996    C   11 0.976
    73  H   0.997    C   11 0.978
    74  H   0.997    C   11 0.977
    75  H   0.997    C   12 0.968
    76  H   0.997    C   12 0.959
    77  H   0.999    C   13 0.963
    78  H   0.997    C   13 0.962
    79  H   0.995    C   22 0.974
    80  H   0.993    C   22 0.964
    81  H   0.995    C   22 0.971
    82  H   0.997    C   25 0.948
    83  H   0.994    C   25 0.960
    84  H   0.996    C   25 0.934
    85  H   0.995    C   28 0.940
    86  H   0.994    C   29 0.933
    87  H   0.995    C   31 0.981
    88  H   0.997    C   31 0.980
    89  H   0.997    C   31 0.985
    90  H   0.997    C   32 0.967
    91  H   0.996    C   32 0.963
    92  H   0.999    C   33 0.983
    93  H   0.998    C   33 0.973
    94  H   0.999    C   33 0.986
    95  H   0.993    C   39 0.968
    96  H   0.996    C   39 0.978
    97  H   0.994    C   39 0.969
    98  H   0.994    C   42 0.936
    99  H   0.997    C   46 0.979
   100  H   0.998    C   46 0.989
   101  H   0.998    C   46 0.989
   102  H   0.996    C   47 0.954
   103  H   0.996    C   47 0.953
   104  H   0.999    C   48 0.943
   105  H   0.998    C   50 0.969
   106  H   0.998    C   50 0.974
   107  H   0.998    C   50 0.971
   108  H   0.998    C   51 0.965
   109  H   0.998    C   51 0.959
   110  H   0.998    C   52 0.964
   111  H   0.999    C   52 0.971
   112  H   0.999    C   53 0.962
   113  H   0.998    C   53 0.962
   114  H   0.998    C   54 0.959
   115  H   0.999    C   55 0.982
   116  H   0.998    C   55 0.974
   117  H   0.999    C   55 0.983
   118  H   0.998    C   56 0.961
   119  H   0.999    C   56 0.974
   120  H   0.998    C   57 0.973
   121  H   0.998    C   57 0.966
   122  H   0.997    C   58 0.958
   123  H   0.999    C   58 0.967
   124  H   0.999    C   59 0.956
   125  H   0.998    C   60 0.978
   126  H   0.999    C   60 0.974
   127  H   0.998    C   60 0.980
   128  H   0.997    C   61 0.960
   129  H   0.999    C   61 0.965
   130  H   0.998    C   62 0.963
   131  H   0.999    C   62 0.965
   132  H   0.999    C   63 0.964
   133  H   0.998    C   63 0.962
   134  H   0.998    C   64 0.953
   135  H   0.999    C   65 0.976
   136  H   0.997    C   65 0.969
   137  H   0.999    C   65 0.976
   138  H   0.999    C   66 0.984
   139  H   0.999    C   66 0.981
   140  H   0.998    C   66 0.976
 
 --------------------------------------------
          xTB calculation for sTDA...
 --------------------------------------------
 
 reading parameter file ~/.param_stda2.xtb
 
      method parameters     
 k(s)        :  1.6000
 k(p)        :  2.1800
 k(d)        :  1.9500
 k(f)        :  2.0000
 k(R-V)      :  2.2750
 k(R-R)      :  1.7650
 Tscal       :  0.2580
 Gscal       :  1.0000
 fpol        :  1.0000
 Zcnf        :  0.3430
 Zqf         :  0.0000
 kcn         :  2.7000
 Ryd Hsplit  :  0.7000
 lshift(virt):  3.1000
 lshift(OS)  :  0.2000
 wllscaling  :  2.6000
 
 mowrcut     : 3.000
 
  Z AO/shell   Hii/eV     exponent
  1     Sun Feb 14 09:53:25 CET 2016    EN: 2.327 GAM: 0.473  GM3: 0.0000
     1s    -14.339618    1.220000
     2sp    -3.348946    0.600000
  6     Sun Feb 14 09:53:25 CET 2016    EN: 2.731 GAM: 0.422  GM3: 0.0000
     2s    -22.009312    1.565095
     2p    -13.020408    1.596905
     3sp    -3.914040    0.824500
  7     Sun Feb 14 09:53:25 CET 2016    EN: 3.573 GAM: 0.504  GM3: 0.0000
     2s    -25.722000    2.064844
     2p    -18.684912    1.801692
     3sp    -4.344791    0.921400
  8     Sun Feb 14 09:53:25 CET 2016    EN: 3.700 GAM: 0.587  GM3: 0.0000
     2s    -33.859000    2.418661
     2p    -22.175911    1.973969
     3sp    -4.259392    1.013700
 12     Sun Feb 21 16:58:31 CET 2016    EN: 0.033 GAM: 0.222  GM3: 0.0000
     3s    -11.092543    1.647583
     3p     -6.929529    0.855020
 
 Nbf   :          894
 T(el) :     0.0
 calculating S/T integrals ...
 cpu time for ints    1.27250600000000     
 Nao   :          894
 making H0...
 making H1...
 cpu time for H      3.270499999999998E-002
 solving ...
 cpu time for diag   0.338960000000000     
 
 gap (eV)           :   4.779
 Koopmans IP (eV)   :  13.278
 Eel (Eh)           :  -301.212837

          eigenvalues
 #    :         164        165        166        167        168        169        170        171
 occ. :        2.000      2.000      2.000      2.000      2.000      2.000      2.000      2.000
 eps  :       -17.403    -17.084    -16.903    -16.466    -16.152    -15.997    -15.743    -15.587
 #    :         172        173        174        175        176        177        178        179
 occ. :        2.000      2.000      2.000      2.000      2.000      0.000      0.000      0.000
 eps  :       -15.579    -15.475    -15.109    -13.824    -13.279     -8.500     -6.897     -6.687
 #    :         180        181        182        183        184        185        186        187
 occ. :        0.000      0.000      0.000      0.000      0.000      0.000      0.000      0.000
 eps  :        -6.125     -5.991     -5.934     -5.645     -5.427     -5.276     -5.114     -5.086
                            1  SCC done.
 writing mo output ...
 molden style : F
 
speedup  0.68
cpu  time for all    2.01 s
wall time for all    2.94 s
