cpu-bind=MASK - bp1-compute103, task 4294967295 4294967295 [0]: mask 0xffffffffffff set
Host:    bp1-compute103.data.bp.acrc.priv
Time:    Fri Apr 29 04:13:07 BST 2022
Dir:     /user/home/of15641/chlorophyll_parameterization/tddft_data/step_1_chromophore_13
Job ID:  1658595
Nodelist:
cat: bp1-compute103: No such file or directory
  
Result dir: /user/home/of15641/chlorophyll_parameterization/tddft_data/step_1_chromophore_13
running gaussian jobs
Running time g16 < CAMB3LYP_step_1_chromophore_13.com > CAMB3LYP_step_1_chromophore_13.log

real	26m52.373s
user	632m4.929s
sys	0m29.471s
Running time g16 < PBE0_step_1_chromophore_13.com > PBE0_step_1_chromophore_13.log

real	22m13.653s
user	531m14.449s
sys	0m25.107s
Running time g16 < wB97XD_step_1_chromophore_13.com > wB97XD_step_1_chromophore_13.log

real	27m54.708s
user	656m53.621s
sys	0m27.399s
Running time g16 < BLYP_step_1_chromophore_13.com > BLYP_step_1_chromophore_13.log

real	11m34.770s
user	276m15.486s
sys	0m21.043s
Running time g16 < ZINDO_step_1_chromophore_13.com > ZINDO_step_1_chromophore_13.log

real	0m6.911s
user	2m31.657s
sys	0m2.620s
