cpu-bind=MASK - bp1-compute159, task 4294967295 4294967295 [0]: mask 0xffffff00ffffff set
Host:    bp1-compute159.data.bp.acrc.priv
Time:    Thu May  5 08:17:39 BST 2022
Dir:     /user/home/of15641/chlorophyll_parameterization/tddft_data/step_801_chromophore_13
Job ID:  1692404
Nodelist:
cat: bp1-compute159: No such file or directory
  
Result dir: /user/home/of15641/chlorophyll_parameterization/tddft_data/step_801_chromophore_13
running gaussian jobs
Running time g16 < CAMB3LYP_step_801_chromophore_13.com > CAMB3LYP_step_801_chromophore_13.log

real	30m54.034s
user	728m24.357s
sys	0m29.238s
Running time g16 < PBE0_step_801_chromophore_13.com > PBE0_step_801_chromophore_13.log

real	20m51.495s
user	498m22.501s
sys	0m22.962s
Running time g16 < wB97XD_step_801_chromophore_13.com > wB97XD_step_801_chromophore_13.log

real	32m30.830s
user	766m38.658s
sys	0m30.269s
Running time g16 < BLYP_step_801_chromophore_13.com > BLYP_step_801_chromophore_13.log

real	11m54.385s
user	283m49.221s
sys	0m21.542s
Running time g16 < ZINDO_step_801_chromophore_13.com > ZINDO_step_801_chromophore_13.log

real	0m7.398s
user	2m43.106s
sys	0m2.553s
