cpu-bind=MASK - bp1-compute183, task 4294967295 4294967295 [0]: mask 0xffffff00ffffff set
Host:    bp1-compute183.data.bp.acrc.priv
Time:    Wed Apr 27 20:06:33 BST 2022
Dir:     /user/home/of15641/chlorophyll_parameterization/tddft_data/step_1301_chromophore_23
Job ID:  1658251
Nodelist:
cat: bp1-compute183: No such file or directory
  
Result dir: /user/home/of15641/chlorophyll_parameterization/tddft_data/step_1301_chromophore_23
running gaussian jobs
Running time g16 < CAMB3LYP_step_1301_chromophore_23.com > CAMB3LYP_step_1301_chromophore_23.log

real	37m9.039s
user	876m53.308s
sys	0m53.990s
Running time g16 < PBE0_step_1301_chromophore_23.com > PBE0_step_1301_chromophore_23.log

real	24m46.956s
user	591m48.709s
sys	0m43.664s
Running time g16 < wB97XD_step_1301_chromophore_23.com > wB97XD_step_1301_chromophore_23.log

real	39m26.009s
user	931m7.582s
sys	0m50.687s
Running time g16 < BLYP_step_1301_chromophore_23.com > BLYP_step_1301_chromophore_23.log

real	13m19.861s
user	317m11.811s
sys	0m29.240s
Running time g16 < ZINDO_step_1301_chromophore_23.com > ZINDO_step_1301_chromophore_23.log

real	0m10.567s
user	3m56.024s
sys	0m3.405s
