cpu-bind=MASK - bp1-compute098, task 4294967295 4294967295 [0]: mask 0xffffffffffff set
Host:    bp1-compute098.data.bp.acrc.priv
Time:    Wed May  4 05:18:49 BST 2022
Dir:     /user/home/of15641/chlorophyll_parameterization/tddft_data/step_1401_chromophore_4
Job ID:  1692120
Nodelist:
cat: bp1-compute098: No such file or directory
  
Result dir: /user/home/of15641/chlorophyll_parameterization/tddft_data/step_1401_chromophore_4
running gaussian jobs
Running time g16 < CAMB3LYP_step_1401_chromophore_4.com > CAMB3LYP_step_1401_chromophore_4.log

real	22m58.600s
user	539m48.673s
sys	0m23.821s
Running time g16 < PBE0_step_1401_chromophore_4.com > PBE0_step_1401_chromophore_4.log

real	15m31.619s
user	370m36.188s
sys	0m20.541s
Running time g16 < wB97XD_step_1401_chromophore_4.com > wB97XD_step_1401_chromophore_4.log

real	25m26.665s
user	598m23.988s
sys	0m25.015s
Running time g16 < BLYP_step_1401_chromophore_4.com > BLYP_step_1401_chromophore_4.log

real	13m53.915s
user	331m47.509s
sys	0m25.212s
Running time g16 < ZINDO_step_1401_chromophore_4.com > ZINDO_step_1401_chromophore_4.log

real	0m7.591s
user	2m45.562s
sys	0m2.840s
