cpu-bind=MASK - bp1-compute139, task 4294967295 4294967295 [0]: mask 0xffffff00ffffff set
Host:    bp1-compute139.data.bp.acrc.priv
Time:    Sat Apr 30 03:29:18 BST 2022
Dir:     /user/home/of15641/chlorophyll_parameterization/tddft_data/step_551_chromophore_6
Job ID:  1658860
Nodelist:
cat: bp1-compute139: No such file or directory
  
Result dir: /user/home/of15641/chlorophyll_parameterization/tddft_data/step_551_chromophore_6
running gaussian jobs
Running time g16 < CAMB3LYP_step_551_chromophore_6.com > CAMB3LYP_step_551_chromophore_6.log

real	25m1.997s
user	588m56.414s
sys	0m26.674s
Running time g16 < PBE0_step_551_chromophore_6.com > PBE0_step_551_chromophore_6.log

real	15m5.984s
user	360m22.544s
sys	0m19.205s
Running time g16 < wB97XD_step_551_chromophore_6.com > wB97XD_step_551_chromophore_6.log

real	25m50.450s
user	607m53.182s
sys	0m26.979s
Running time g16 < BLYP_step_551_chromophore_6.com > BLYP_step_551_chromophore_6.log

real	11m7.732s
user	265m19.517s
sys	0m22.916s
Running time g16 < ZINDO_step_551_chromophore_6.com > ZINDO_step_551_chromophore_6.log

real	0m7.842s
user	2m52.450s
sys	0m2.837s
