cpu-bind=MASK - bp1-compute070, task 4294967295 4294967295 [0]: mask 0xffffffffffff set
Host:    bp1-compute070.data.bp.acrc.priv
Time:    Thu Apr 28 02:46:54 BST 2022
Dir:     /user/home/of15641/chlorophyll_parameterization/tddft_data/step_1451_chromophore_1
Job ID:  1658317
Nodelist:
cat: bp1-compute070: No such file or directory
  
Result dir: /user/home/of15641/chlorophyll_parameterization/tddft_data/step_1451_chromophore_1
running gaussian jobs
Running time g16 < CAMB3LYP_step_1451_chromophore_1.com > CAMB3LYP_step_1451_chromophore_1.log

real	31m19.183s
user	737m53.336s
sys	0m51.360s
Running time g16 < PBE0_step_1451_chromophore_1.com > PBE0_step_1451_chromophore_1.log

real	21m11.977s
user	506m19.628s
sys	0m39.988s
Running time g16 < wB97XD_step_1451_chromophore_1.com > wB97XD_step_1451_chromophore_1.log

real	32m9.741s
user	757m40.099s
sys	0m52.279s
Running time g16 < BLYP_step_1451_chromophore_1.com > BLYP_step_1451_chromophore_1.log

real	12m9.711s
user	290m2.178s
sys	0m27.892s
Running time g16 < ZINDO_step_1451_chromophore_1.com > ZINDO_step_1451_chromophore_1.log

real	0m7.414s
user	2m42.216s
sys	0m2.794s
