cpu-bind=MASK - bp1-compute192, task 4294967295 4294967295 [0]: mask 0xffffff00ffffff set
Host:    bp1-compute192.data.bp.acrc.priv
Time:    Wed May  4 18:07:27 BST 2022
Dir:     /user/home/of15641/chlorophyll_parameterization/tddft_data/step_351_chromophore_16
Job ID:  1692275
Nodelist:
cat: bp1-compute192: No such file or directory
  
Result dir: /user/home/of15641/chlorophyll_parameterization/tddft_data/step_351_chromophore_16
running gaussian jobs
Running time g16 < CAMB3LYP_step_351_chromophore_16.com > CAMB3LYP_step_351_chromophore_16.log

real	47m51.598s
user	1132m15.769s
sys	1m44.677s
Running time g16 < PBE0_step_351_chromophore_16.com > PBE0_step_351_chromophore_16.log

real	29m30.301s
user	703m23.570s
sys	1m10.916s
Running time g16 < wB97XD_step_351_chromophore_16.com > wB97XD_step_351_chromophore_16.log

real	34m41.833s
user	819m32.811s
sys	1m8.005s
Running time g16 < BLYP_step_351_chromophore_16.com > BLYP_step_351_chromophore_16.log

real	19m44.533s
user	470m25.457s
sys	0m39.291s
Running time g16 < ZINDO_step_351_chromophore_16.com > ZINDO_step_351_chromophore_16.log

real	0m8.338s
user	3m5.638s
sys	0m2.826s
