cpu-bind=MASK - bp1-compute162, task 4294967295 4294967295 [0]: mask 0xffffff00ffffff set
Host:    bp1-compute162.data.bp.acrc.priv
Time:    Fri Apr 29 16:58:21 BST 2022
Dir:     /user/home/of15641/chlorophyll_parameterization/tddft_data/step_401_chromophore_26
Job ID:  1658744
Nodelist:
cat: bp1-compute162: No such file or directory
  
Result dir: /user/home/of15641/chlorophyll_parameterization/tddft_data/step_401_chromophore_26
running gaussian jobs
Running time g16 < CAMB3LYP_step_401_chromophore_26.com > CAMB3LYP_step_401_chromophore_26.log

real	28m18.919s
user	666m27.849s
sys	0m27.094s
Running time g16 < PBE0_step_401_chromophore_26.com > PBE0_step_401_chromophore_26.log

real	20m42.296s
user	494m22.927s
sys	0m24.177s
Running time g16 < wB97XD_step_401_chromophore_26.com > wB97XD_step_401_chromophore_26.log

real	30m43.214s
user	723m3.500s
sys	0m29.346s
Running time g16 < BLYP_step_401_chromophore_26.com > BLYP_step_401_chromophore_26.log

real	13m25.281s
user	319m47.819s
sys	0m22.830s
Running time g16 < ZINDO_step_401_chromophore_26.com > ZINDO_step_401_chromophore_26.log

real	0m7.624s
user	2m47.900s
sys	0m2.955s
