
================================================================================
          _____________ ________ _______________ ________     _________         
         / ___________// ______ \\_____   _____// ______ \   / ________)        
        / /_________  / /      \ \     | |     / /      \ \ | (_______          
       |  __________|| |        | |    | |    | |        | | \________ \        
        \ \_________ | |        | |    | |     \ \______/ /___________) |       
         \__________||_|        |_|    |_|      \________//____________/        
                                                                                
====================================[ Qcore ]===================================

 Git hash:   0680c7ef22d98b8c23dcc579831ba8e8367d912c
 Git date:   Thu, 22 Apr 2021 13:22:18 +0100
 Compiler:   AppleClang 10.0.1.10010046
 Build type: Release
 Version:    1.1.0

 Start time: Mon Apr 26 15:53:59 2021

 Data directory: /Users/of15641/qcore/cmake-build-release/share/entos/1.1.0/data
 Number of threads: 2
 Number of threads was determined by: number of physical cores

 --------------------------------------------------------------------------------
                                  command: bchla                                 
 --------------------------------------------------------------------------------

 SCF converged in 1 iterations.

 Setting up Delta-SCF
 Ground-Excited state overlap:           0.000000000
 No correction applied to the TDM.
 Excitation energy:                      0.066003068
 Excitation energy (in eV):              1.796034980
 Transition dipole:                     -1.36425       4.21916       0.02554
 Saving results in set 'res'

 --------------------------------------------------------------------------------
                               command: population                               
 --------------------------------------------------------------------------------

 ---------------------
  Population Analysis 
 ---------------------

 Method:                                 mulliken

 ------------------------------------------------- 
  atom    symbol    population        charge
 ------------------------------------------------- 
     1        Mg        2.4960       -0.4960
     2         C        4.0178       -0.0178
     3         C        4.0094       -0.0094
     4         C        3.9749        0.0251
     5         C        3.9838        0.0162
     6         N        5.3739       -0.3739
     7         C        3.8168        0.1832
     8         C        3.9368        0.0632
     9         C        3.9254        0.0746
    10         C        3.7313        0.2687
    11         C        3.8563        0.1437
    12         C        3.8738        0.1262
    13         C        3.9349        0.0651
    14         C        3.6436        0.3564
    15         O        6.4387       -0.4387
    16         O        5.9825        0.0175
    17         N        5.4130       -0.4130
    18         C        3.7741        0.2259
    19         C        4.0218       -0.0218
    20         C        4.1339       -0.1339
    21         C        3.7536        0.2464
    22         C        3.8335        0.1665
    23         C        3.7045        0.2955
    24         O        6.2915       -0.2915
    25         C        3.8949        0.1051
    26         N        5.1970       -0.1970
    27         C        3.6918        0.3082
    28         C        3.9223        0.0777
    29         C        3.9379        0.0621
    30         C        3.7733        0.2267
    31         C        3.8540        0.1460
    32         C        3.8783        0.1217
    33         C        3.8551        0.1449
    34         N        5.3922       -0.3922
    35         C        3.8327        0.1673
    36         C        4.0289       -0.0289
    37         C        4.1569       -0.1569
    38         C        3.7673        0.2327
    39         C        3.8312        0.1688
    40         C        3.7186        0.2814
    41         O        6.3228       -0.3228
    42         C        3.9385        0.0615
    43         C        3.6505        0.3495
    44         O        6.4895       -0.4895
    45         O        5.9384        0.0616
    46         C        3.7518        0.2482
    47         C        3.7881        0.2119
    48         C        4.0656       -0.0656
    49         C        4.0455       -0.0455
    50         C        3.8499        0.1501
    51         C        3.9073        0.0927
    52         C        3.9165        0.0835
    53         C        3.9192        0.0808
    54         C        3.9492        0.0508
    55         C        3.8728        0.1272
    56         C        3.9307        0.0693
    57         C        3.8992        0.1008
    58         C        3.9235        0.0765
    59         C        3.9459        0.0541
    60         C        3.8696        0.1304
    61         C        3.9317        0.0683
    62         C        3.9136        0.0864
    63         C        3.9128        0.0872
    64         C        3.9243        0.0757
    65         C        3.8673        0.1327
    66         C        3.8933        0.1067
    67         H        1.0102       -0.0102
    68         H        1.0378       -0.0378
    69         H        1.0082       -0.0082
    70         H        1.0257       -0.0257
    71         H        1.0256       -0.0256
    72         H        1.0411       -0.0411
    73         H        1.0432       -0.0432
    74         H        1.0403       -0.0403
    75         H        1.0466       -0.0466
    76         H        1.0465       -0.0465
    77         H        1.0389       -0.0389
    78         H        1.0367       -0.0367
    79         H        1.0321       -0.0321
    80         H        1.0338       -0.0338
    81         H        1.0303       -0.0303
    82         H        1.0335       -0.0335
    83         H        1.0474       -0.0474
    84         H        1.0174       -0.0174
    85         H        1.0328       -0.0328
    86         H        1.0337       -0.0337
    87         H        1.0494       -0.0494
    88         H        1.0426       -0.0426
    89         H        1.0403       -0.0403
    90         H        1.0452       -0.0452
    91         H        1.0393       -0.0393
    92         H        1.0508       -0.0508
    93         H        1.0463       -0.0463
    94         H        1.0395       -0.0395
    95         H        1.0400       -0.0400
    96         H        1.0378       -0.0378
    97         H        1.0366       -0.0366
    98         H        1.0228       -0.0228
    99         H        1.0488       -0.0488
   100         H        1.0538       -0.0538
   101         H        1.0612       -0.0612
   102         H        1.0495       -0.0495
   103         H        1.0384       -0.0384
   104         H        1.0307       -0.0307
   105         H        1.0342       -0.0342
   106         H        1.0358       -0.0358
   107         H        1.0374       -0.0374
   108         H        1.0352       -0.0352
   109         H        1.0403       -0.0403
   110         H        1.0369       -0.0369
   111         H        1.0430       -0.0430
   112         H        1.0394       -0.0394
   113         H        1.0416       -0.0416
   114         H        1.0455       -0.0455
   115         H        1.0422       -0.0422
   116         H        1.0467       -0.0467
   117         H        1.0373       -0.0373
   118         H        1.0335       -0.0335
   119         H        1.0450       -0.0450
   120         H        1.0524       -0.0524
   121         H        1.0367       -0.0367
   122         H        1.0395       -0.0395
   123         H        1.0426       -0.0426
   124         H        1.0335       -0.0335
   125         H        1.0416       -0.0416
   126         H        1.0471       -0.0471
   127         H        1.0390       -0.0390
   128         H        1.0494       -0.0494
   129         H        1.0342       -0.0342
   130         H        1.0395       -0.0395
   131         H        1.0417       -0.0417
   132         H        1.0424       -0.0424
   133         H        1.0386       -0.0386
   134         H        1.0339       -0.0339
   135         H        1.0414       -0.0414
   136         H        1.0505       -0.0505
   137         H        1.0594       -0.0594
   138         H        1.0420       -0.0420
   139         H        1.0514       -0.0514
   140         H        1.0430       -0.0430
 ------------------------------------------------- 
 total                352.0000        0.0000
 ------------------------------------------------- 

 --------------------------------------------------------------------------------

 End time:                               Mon Apr 26 15:54:00 2021
 Total wall-clock time:                  0.378 seconds
==================================================================================
