
================================================================================
          _____________ ________ _______________ ________     _________         
         / ___________// ______ \\_____   _____// ______ \   / ________)        
        / /_________  / /      \ \     | |     / /      \ \ | (_______          
       |  __________|| |        | |    | |    | |        | | \________ \        
        \ \_________ | |        | |    | |     \ \______/ /___________) |       
         \__________||_|        |_|    |_|      \________//____________/        
                                                                                
====================================[ Qcore ]===================================

 Git hash:   0680c7ef22d98b8c23dcc579831ba8e8367d912c
 Git date:   Thu, 22 Apr 2021 13:22:18 +0100
 Compiler:   AppleClang 10.0.1.10010046
 Build type: Release
 Version:    1.1.0

 Start time: Mon Apr 26 15:54:04 2021

 Data directory: /Users/of15641/qcore/cmake-build-release/share/entos/1.1.0/data
 Number of threads: 2
 Number of threads was determined by: number of physical cores

 --------------------------------------------------------------------------------
                                  command: bchla                                 
 --------------------------------------------------------------------------------

 SCF converged in 1 iterations.

 Setting up Delta-SCF
 Ground-Excited state overlap:           0.000000000
 No correction applied to the TDM.
 Excitation energy:                      0.068720256
 Excitation energy (in eV):              1.869973436
 Transition dipole:                     -2.71674       3.41065      -0.35865
 Saving results in set 'res'

 --------------------------------------------------------------------------------
                               command: population                               
 --------------------------------------------------------------------------------

 ---------------------
  Population Analysis 
 ---------------------

 Method:                                 mulliken

 ------------------------------------------------- 
  atom    symbol    population        charge
 ------------------------------------------------- 
     1        Mg        2.4464       -0.4464
     2         C        4.0074       -0.0074
     3         C        4.0087       -0.0087
     4         C        3.9922        0.0078
     5         C        4.0401       -0.0401
     6         N        5.3091       -0.3091
     7         C        3.7806        0.2194
     8         C        3.9251        0.0749
     9         C        3.9296        0.0704
    10         C        3.7922        0.2078
    11         C        3.8569        0.1431
    12         C        3.8974        0.1026
    13         C        3.9490        0.0510
    14         C        3.6598        0.3402
    15         O        6.3792       -0.3792
    16         O        6.0086       -0.0086
    17         N        5.3567       -0.3567
    18         C        3.7790        0.2210
    19         C        4.0384       -0.0384
    20         C        4.1773       -0.1773
    21         C        3.7383        0.2617
    22         C        3.8509        0.1491
    23         C        3.7232        0.2768
    24         O        6.2161       -0.2161
    25         C        3.9146        0.0854
    26         N        5.2483       -0.2483
    27         C        3.7677        0.2323
    28         C        3.9530        0.0470
    29         C        3.9283        0.0717
    30         C        3.7326        0.2674
    31         C        3.8651        0.1349
    32         C        3.9013        0.0987
    33         C        3.8550        0.1450
    34         N        5.3670       -0.3670
    35         C        3.8235        0.1765
    36         C        4.0278       -0.0278
    37         C        4.1582       -0.1582
    38         C        3.7512        0.2488
    39         C        3.8291        0.1709
    40         C        3.6935        0.3065
    41         O        6.3035       -0.3035
    42         C        3.9440        0.0560
    43         C        3.6301        0.3699
    44         O        6.4833       -0.4833
    45         O        6.0072       -0.0072
    46         C        3.7546        0.2454
    47         C        3.7656        0.2344
    48         C        4.0491       -0.0491
    49         C        4.0324       -0.0324
    50         C        3.8699        0.1301
    51         C        3.9187        0.0813
    52         C        3.8980        0.1020
    53         C        3.9208        0.0792
    54         C        3.9509        0.0491
    55         C        3.8850        0.1150
    56         C        3.9275        0.0725
    57         C        3.9044        0.0956
    58         C        3.9318        0.0682
    59         C        3.9602        0.0398
    60         C        3.8893        0.1107
    61         C        3.9317        0.0683
    62         C        3.9060        0.0940
    63         C        3.9057        0.0943
    64         C        3.9303        0.0697
    65         C        3.8647        0.1353
    66         C        3.8942        0.1058
    67         H        1.0106       -0.0106
    68         H        1.0061       -0.0061
    69         H        1.0130       -0.0130
    70         H        1.0211       -0.0211
    71         H        1.0333       -0.0333
    72         H        1.0457       -0.0457
    73         H        1.0378       -0.0378
    74         H        1.0413       -0.0413
    75         H        1.0440       -0.0440
    76         H        1.0432       -0.0432
    77         H        1.0316       -0.0316
    78         H        1.0403       -0.0403
    79         H        1.0341       -0.0341
    80         H        1.0318       -0.0318
    81         H        1.0513       -0.0513
    82         H        1.0269       -0.0269
    83         H        1.0311       -0.0311
    84         H        1.0404       -0.0404
    85         H        1.0298       -0.0298
    86         H        1.0232       -0.0232
    87         H        1.0410       -0.0410
    88         H        1.0439       -0.0439
    89         H        1.0438       -0.0438
    90         H        1.0484       -0.0484
    91         H        1.0440       -0.0440
    92         H        1.0405       -0.0405
    93         H        1.0422       -0.0422
    94         H        1.0411       -0.0411
    95         H        1.0337       -0.0337
    96         H        1.0320       -0.0320
    97         H        1.0357       -0.0357
    98         H        1.0249       -0.0249
    99         H        1.0565       -0.0565
   100         H        1.0635       -0.0635
   101         H        1.0501       -0.0501
   102         H        1.0410       -0.0410
   103         H        1.0572       -0.0572
   104         H        1.0350       -0.0350
   105         H        1.0333       -0.0333
   106         H        1.0366       -0.0366
   107         H        1.0322       -0.0322
   108         H        1.0312       -0.0312
   109         H        1.0384       -0.0384
   110         H        1.0399       -0.0399
   111         H        1.0407       -0.0407
   112         H        1.0452       -0.0452
   113         H        1.0355       -0.0355
   114         H        1.0386       -0.0386
   115         H        1.0382       -0.0382
   116         H        1.0403       -0.0403
   117         H        1.0426       -0.0426
   118         H        1.0454       -0.0454
   119         H        1.0340       -0.0340
   120         H        1.0385       -0.0385
   121         H        1.0408       -0.0408
   122         H        1.0393       -0.0393
   123         H        1.0421       -0.0421
   124         H        1.0369       -0.0369
   125         H        1.0391       -0.0391
   126         H        1.0413       -0.0413
   127         H        1.0440       -0.0440
   128         H        1.0428       -0.0428
   129         H        1.0360       -0.0360
   130         H        1.0465       -0.0465
   131         H        1.0352       -0.0352
   132         H        1.0434       -0.0434
   133         H        1.0338       -0.0338
   134         H        1.0438       -0.0438
   135         H        1.0482       -0.0482
   136         H        1.0528       -0.0528
   137         H        1.0493       -0.0493
   138         H        1.0401       -0.0401
   139         H        1.0451       -0.0451
   140         H        1.0404       -0.0404
 ------------------------------------------------- 
 total                352.0000        0.0000
 ------------------------------------------------- 

 --------------------------------------------------------------------------------

 End time:                               Mon Apr 26 15:54:04 2021
 Total wall-clock time:                  0.378 seconds
==================================================================================
