
================================================================================
          _____________ ________ _______________ ________     _________         
         / ___________// ______ \\_____   _____// ______ \   / ________)        
        / /_________  / /      \ \     | |     / /      \ \ | (_______          
       |  __________|| |        | |    | |    | |        | | \________ \        
        \ \_________ | |        | |    | |     \ \______/ /___________) |       
         \__________||_|        |_|    |_|      \________//____________/        
                                                                                
====================================[ Qcore ]===================================

 Git hash:   0680c7ef22d98b8c23dcc579831ba8e8367d912c
 Git date:   Thu, 22 Apr 2021 13:22:18 +0100
 Compiler:   AppleClang 10.0.1.10010046
 Build type: Release
 Version:    1.1.0

 Start time: Mon Apr 26 15:54:01 2021

 Data directory: /Users/of15641/qcore/cmake-build-release/share/entos/1.1.0/data
 Number of threads: 2
 Number of threads was determined by: number of physical cores

 --------------------------------------------------------------------------------
                                  command: bchla                                 
 --------------------------------------------------------------------------------

 SCF converged in 1 iterations.

 Setting up Delta-SCF
 Ground-Excited state overlap:          -0.000000000
 No correction applied to the TDM.
 Excitation energy:                      0.069822295
 Excitation energy (in eV):              1.899961435
 Transition dipole:                      4.00939      -0.74790       1.55028
 Saving results in set 'res'

 --------------------------------------------------------------------------------
                               command: population                               
 --------------------------------------------------------------------------------

 ---------------------
  Population Analysis 
 ---------------------

 Method:                                 mulliken

 ------------------------------------------------- 
  atom    symbol    population        charge
 ------------------------------------------------- 
     1        Mg        2.3950       -0.3950
     2         C        4.0255       -0.0255
     3         C        4.0004       -0.0004
     4         C        4.0488       -0.0488
     5         C        4.0169       -0.0169
     6         N        5.3005       -0.3005
     7         C        3.7753        0.2247
     8         C        3.9185        0.0815
     9         C        3.9268        0.0732
    10         C        3.7652        0.2348
    11         C        3.8651        0.1349
    12         C        3.8882        0.1118
    13         C        3.8993        0.1007
    14         C        3.6496        0.3504
    15         O        6.4255       -0.4255
    16         O        6.0269       -0.0269
    17         N        5.3482       -0.3482
    18         C        3.7576        0.2424
    19         C        4.0501       -0.0501
    20         C        4.1571       -0.1571
    21         C        3.7287        0.2713
    22         C        3.8554        0.1446
    23         C        3.7048        0.2952
    24         O        6.2442       -0.2442
    25         C        3.8974        0.1026
    26         N        5.2656       -0.2656
    27         C        3.7496        0.2504
    28         C        3.9276        0.0724
    29         C        3.9530        0.0470
    30         C        3.7717        0.2283
    31         C        3.8503        0.1497
    32         C        3.8929        0.1071
    33         C        3.8874        0.1126
    34         N        5.4011       -0.4011
    35         C        3.8098        0.1902
    36         C        4.0300       -0.0300
    37         C        4.1738       -0.1738
    38         C        3.7865        0.2135
    39         C        3.8298        0.1702
    40         C        3.7032        0.2968
    41         O        6.2359       -0.2359
    42         C        3.9883        0.0117
    43         C        3.6453        0.3547
    44         O        6.4748       -0.4748
    45         O        5.9684        0.0316
    46         C        3.7446        0.2554
    47         C        3.7769        0.2231
    48         C        4.0721       -0.0721
    49         C        4.0466       -0.0466
    50         C        3.8466        0.1534
    51         C        3.9056        0.0944
    52         C        3.8919        0.1081
    53         C        3.9230        0.0770
    54         C        3.9565        0.0435
    55         C        3.8770        0.1230
    56         C        3.9232        0.0768
    57         C        3.9246        0.0754
    58         C        3.9283        0.0717
    59         C        3.9300        0.0700
    60         C        3.8811        0.1189
    61         C        3.9154        0.0846
    62         C        3.9250        0.0750
    63         C        3.9223        0.0777
    64         C        3.9450        0.0550
    65         C        3.8760        0.1240
    66         C        3.8841        0.1159
    67         H        1.0132       -0.0132
    68         H        1.0072       -0.0072
    69         H        1.0138       -0.0138
    70         H        1.0279       -0.0279
    71         H        1.0370       -0.0370
    72         H        1.0420       -0.0420
    73         H        1.0460       -0.0460
    74         H        1.0439       -0.0439
    75         H        1.0368       -0.0368
    76         H        1.0530       -0.0530
    77         H        1.0261       -0.0261
    78         H        1.0336       -0.0336
    79         H        1.0334       -0.0334
    80         H        1.0372       -0.0372
    81         H        1.0507       -0.0507
    82         H        1.0505       -0.0505
    83         H        1.0248       -0.0248
    84         H        1.0277       -0.0277
    85         H        1.0232       -0.0232
    86         H        1.0274       -0.0274
    87         H        1.0418       -0.0418
    88         H        1.0442       -0.0442
    89         H        1.0390       -0.0390
    90         H        1.0426       -0.0426
    91         H        1.0376       -0.0376
    92         H        1.0456       -0.0456
    93         H        1.0462       -0.0462
    94         H        1.0382       -0.0382
    95         H        1.0385       -0.0385
    96         H        1.0348       -0.0348
    97         H        1.0423       -0.0423
    98         H        1.0218       -0.0218
    99         H        1.0521       -0.0521
   100         H        1.0620       -0.0620
   101         H        1.0697       -0.0697
   102         H        1.0305       -0.0305
   103         H        1.0586       -0.0586
   104         H        1.0332       -0.0332
   105         H        1.0382       -0.0382
   106         H        1.0359       -0.0359
   107         H        1.0300       -0.0300
   108         H        1.0388       -0.0388
   109         H        1.0355       -0.0355
   110         H        1.0416       -0.0416
   111         H        1.0383       -0.0383
   112         H        1.0286       -0.0286
   113         H        1.0460       -0.0460
   114         H        1.0345       -0.0345
   115         H        1.0404       -0.0404
   116         H        1.0387       -0.0387
   117         H        1.0430       -0.0430
   118         H        1.0419       -0.0419
   119         H        1.0461       -0.0461
   120         H        1.0312       -0.0312
   121         H        1.0446       -0.0446
   122         H        1.0434       -0.0434
   123         H        1.0373       -0.0373
   124         H        1.0362       -0.0362
   125         H        1.0438       -0.0438
   126         H        1.0488       -0.0488
   127         H        1.0445       -0.0445
   128         H        1.0417       -0.0417
   129         H        1.0399       -0.0399
   130         H        1.0419       -0.0419
   131         H        1.0435       -0.0435
   132         H        1.0395       -0.0395
   133         H        1.0411       -0.0411
   134         H        1.0360       -0.0360
   135         H        1.0430       -0.0430
   136         H        1.0443       -0.0443
   137         H        1.0430       -0.0430
   138         H        1.0404       -0.0404
   139         H        1.0445       -0.0445
   140         H        1.0482       -0.0482
 ------------------------------------------------- 
 total                352.0000        0.0000
 ------------------------------------------------- 

 --------------------------------------------------------------------------------

 End time:                               Mon Apr 26 15:54:01 2021
 Total wall-clock time:                  0.376 seconds
==================================================================================
