
================================================================================
          _____________ ________ _______________ ________     _________         
         / ___________// ______ \\_____   _____// ______ \   / ________)        
        / /_________  / /      \ \     | |     / /      \ \ | (_______          
       |  __________|| |        | |    | |    | |        | | \________ \        
        \ \_________ | |        | |    | |     \ \______/ /___________) |       
         \__________||_|        |_|    |_|      \________//____________/        
                                                                                
====================================[ Qcore ]===================================

 Git hash:   0680c7ef22d98b8c23dcc579831ba8e8367d912c
 Git date:   Thu, 22 Apr 2021 13:22:18 +0100
 Compiler:   AppleClang 10.0.1.10010046
 Build type: Release
 Version:    1.1.0

 Start time: Mon Apr 26 15:54:05 2021

 Data directory: /Users/of15641/qcore/cmake-build-release/share/entos/1.1.0/data
 Number of threads: 2
 Number of threads was determined by: number of physical cores

 --------------------------------------------------------------------------------
                                  command: bchla                                 
 --------------------------------------------------------------------------------

 SCF converged in 1 iterations.

 Setting up Delta-SCF
 Ground-Excited state overlap:          -0.000000000
 No correction applied to the TDM.
 Excitation energy:                      0.071460825
 Excitation energy (in eV):              1.944548102
 Transition dipole:                     -0.20464       4.33053      -0.44328
 Saving results in set 'res'

 --------------------------------------------------------------------------------
                               command: population                               
 --------------------------------------------------------------------------------

 ---------------------
  Population Analysis 
 ---------------------

 Method:                                 mulliken

 ------------------------------------------------- 
  atom    symbol    population        charge
 ------------------------------------------------- 
     1        Mg        2.4194       -0.4194
     2         C        4.0165       -0.0165
     3         C        4.0125       -0.0125
     4         C        4.0225       -0.0225
     5         C        4.0092       -0.0092
     6         N        5.2660       -0.2660
     7         C        3.7453        0.2547
     8         C        3.9029        0.0971
     9         C        3.9386        0.0614
    10         C        3.7582        0.2418
    11         C        3.8780        0.1220
    12         C        3.9015        0.0985
    13         C        3.9216        0.0784
    14         C        3.6600        0.3400
    15         O        6.3807       -0.3807
    16         O        6.0300       -0.0300
    17         N        5.4282       -0.4282
    18         C        3.7883        0.2117
    19         C        4.0450       -0.0450
    20         C        4.1405       -0.1405
    21         C        3.7934        0.2066
    22         C        3.8432        0.1568
    23         C        3.7028        0.2972
    24         O        6.3082       -0.3082
    25         C        3.8761        0.1239
    26         N        5.2198       -0.2198
    27         C        3.7400        0.2600
    28         C        3.9481        0.0519
    29         C        3.9538        0.0462
    30         C        3.7682        0.2318
    31         C        3.8559        0.1441
    32         C        3.8993        0.1007
    33         C        3.8634        0.1366
    34         N        5.3751       -0.3751
    35         C        3.8142        0.1858
    36         C        3.9906        0.0094
    37         C        4.1667       -0.1667
    38         C        3.7414        0.2586
    39         C        3.8167        0.1833
    40         C        3.7106        0.2894
    41         O        6.2549       -0.2549
    42         C        3.9783        0.0217
    43         C        3.6359        0.3641
    44         O        6.4976       -0.4976
    45         O        5.9614        0.0386
    46         C        3.7543        0.2457
    47         C        3.7762        0.2238
    48         C        4.0819       -0.0819
    49         C        4.0126       -0.0126
    50         C        3.8461        0.1539
    51         C        3.8918        0.1082
    52         C        3.9064        0.0936
    53         C        3.9390        0.0610
    54         C        3.9292        0.0708
    55         C        3.8914        0.1086
    56         C        3.9335        0.0665
    57         C        3.9116        0.0884
    58         C        3.9084        0.0916
    59         C        3.9447        0.0553
    60         C        3.8790        0.1210
    61         C        3.9265        0.0735
    62         C        3.9207        0.0793
    63         C        3.9135        0.0865
    64         C        3.9308        0.0692
    65         C        3.8839        0.1161
    66         C        3.8966        0.1034
    67         H        1.0191       -0.0191
    68         H        1.0292       -0.0292
    69         H        1.0140       -0.0140
    70         H        1.0241       -0.0241
    71         H        1.0308       -0.0308
    72         H        1.0403       -0.0403
    73         H        1.0449       -0.0449
    74         H        1.0478       -0.0478
    75         H        1.0414       -0.0414
    76         H        1.0378       -0.0378
    77         H        1.0345       -0.0345
    78         H        1.0470       -0.0470
    79         H        1.0379       -0.0379
    80         H        1.0317       -0.0317
    81         H        1.0309       -0.0309
    82         H        1.0484       -0.0484
    83         H        1.0295       -0.0295
    84         H        1.0253       -0.0253
    85         H        1.0307       -0.0307
    86         H        1.0239       -0.0239
    87         H        1.0453       -0.0453
    88         H        1.0436       -0.0436
    89         H        1.0379       -0.0379
    90         H        1.0438       -0.0438
    91         H        1.0440       -0.0440
    92         H        1.0439       -0.0439
    93         H        1.0504       -0.0504
    94         H        1.0409       -0.0409
    95         H        1.0428       -0.0428
    96         H        1.0336       -0.0336
    97         H        1.0289       -0.0289
    98         H        1.0263       -0.0263
    99         H        1.0612       -0.0612
   100         H        1.0722       -0.0722
   101         H        1.0549       -0.0549
   102         H        1.0512       -0.0512
   103         H        1.0475       -0.0475
   104         H        1.0371       -0.0371
   105         H        1.0288       -0.0288
   106         H        1.0344       -0.0344
   107         H        1.0324       -0.0324
   108         H        1.0365       -0.0365
   109         H        1.0313       -0.0313
   110         H        1.0410       -0.0410
   111         H        1.0469       -0.0469
   112         H        1.0398       -0.0398
   113         H        1.0438       -0.0438
   114         H        1.0518       -0.0518
   115         H        1.0480       -0.0480
   116         H        1.0418       -0.0418
   117         H        1.0356       -0.0356
   118         H        1.0437       -0.0437
   119         H        1.0416       -0.0416
   120         H        1.0423       -0.0423
   121         H        1.0480       -0.0480
   122         H        1.0357       -0.0357
   123         H        1.0425       -0.0425
   124         H        1.0504       -0.0504
   125         H        1.0476       -0.0476
   126         H        1.0399       -0.0399
   127         H        1.0409       -0.0409
   128         H        1.0478       -0.0478
   129         H        1.0475       -0.0475
   130         H        1.0394       -0.0394
   131         H        1.0387       -0.0387
   132         H        1.0443       -0.0443
   133         H        1.0308       -0.0308
   134         H        1.0282       -0.0282
   135         H        1.0427       -0.0427
   136         H        1.0399       -0.0399
   137         H        1.0440       -0.0440
   138         H        1.0372       -0.0372
   139         H        1.0448       -0.0448
   140         H        1.0369       -0.0369
 ------------------------------------------------- 
 total                352.0000        0.0000
 ------------------------------------------------- 

 --------------------------------------------------------------------------------

 End time:                               Mon Apr 26 15:54:05 2021
 Total wall-clock time:                  0.378 seconds
==================================================================================
