
================================================================================
          _____________ ________ _______________ ________     _________         
         / ___________// ______ \\_____   _____// ______ \   / ________)        
        / /_________  / /      \ \     | |     / /      \ \ | (_______          
       |  __________|| |        | |    | |    | |        | | \________ \        
        \ \_________ | |        | |    | |     \ \______/ /___________) |       
         \__________||_|        |_|    |_|      \________//____________/        
                                                                                
====================================[ Qcore ]===================================

 Git hash:   0680c7ef22d98b8c23dcc579831ba8e8367d912c
 Git date:   Thu, 22 Apr 2021 13:22:18 +0100
 Compiler:   AppleClang 10.0.1.10010046
 Build type: Release
 Version:    1.1.0

 Start time: Mon Apr 26 15:54:02 2021

 Data directory: /Users/of15641/qcore/cmake-build-release/share/entos/1.1.0/data
 Number of threads: 2
 Number of threads was determined by: number of physical cores

 --------------------------------------------------------------------------------
                                  command: bchla                                 
 --------------------------------------------------------------------------------

 SCF converged in 1 iterations.

 Setting up Delta-SCF
 Ground-Excited state overlap:          -0.000000000
 No correction applied to the TDM.
 Excitation energy:                      0.069208678
 Excitation energy (in eV):              1.883264079
 Transition dipole:                      4.25933       0.70339      -0.55139
 Saving results in set 'res'

 --------------------------------------------------------------------------------
                               command: population                               
 --------------------------------------------------------------------------------

 ---------------------
  Population Analysis 
 ---------------------

 Method:                                 mulliken

 ------------------------------------------------- 
  atom    symbol    population        charge
 ------------------------------------------------- 
     1        Mg        2.4922       -0.4922
     2         C        4.0144       -0.0144
     3         C        4.0054       -0.0054
     4         C        3.9823        0.0177
     5         C        4.0296       -0.0296
     6         N        5.2264       -0.2264
     7         C        3.7589        0.2411
     8         C        3.9240        0.0760
     9         C        3.9328        0.0672
    10         C        3.7443        0.2557
    11         C        3.8561        0.1439
    12         C        3.9033        0.0967
    13         C        3.9496        0.0504
    14         C        3.6700        0.3300
    15         O        6.3713       -0.3713
    16         O        6.0176       -0.0176
    17         N        5.4179       -0.4179
    18         C        3.7619        0.2381
    19         C        4.0131       -0.0131
    20         C        4.1525       -0.1525
    21         C        3.7544        0.2456
    22         C        3.8675        0.1325
    23         C        3.6973        0.3027
    24         O        6.2799       -0.2799
    25         C        3.8919        0.1081
    26         N        5.2541       -0.2541
    27         C        3.7218        0.2782
    28         C        3.9234        0.0766
    29         C        3.9283        0.0717
    30         C        3.7692        0.2308
    31         C        3.8734        0.1266
    32         C        3.8958        0.1042
    33         C        3.8783        0.1217
    34         N        5.3988       -0.3988
    35         C        3.7980        0.2020
    36         C        4.0509       -0.0509
    37         C        4.1331       -0.1331
    38         C        3.7645        0.2355
    39         C        3.8246        0.1754
    40         C        3.7116        0.2884
    41         O        6.2495       -0.2495
    42         C        3.9900        0.0100
    43         C        3.6377        0.3623
    44         O        6.5276       -0.5276
    45         O        5.9390        0.0610
    46         C        3.7620        0.2380
    47         C        3.7863        0.2137
    48         C        4.0770       -0.0770
    49         C        4.0042       -0.0042
    50         C        3.8514        0.1486
    51         C        3.9212        0.0788
    52         C        3.9176        0.0824
    53         C        3.9137        0.0863
    54         C        3.9295        0.0705
    55         C        3.8810        0.1190
    56         C        3.9212        0.0788
    57         C        3.9202        0.0798
    58         C        3.9344        0.0656
    59         C        3.9346        0.0654
    60         C        3.8954        0.1046
    61         C        3.9258        0.0742
    62         C        3.9271        0.0729
    63         C        3.9259        0.0741
    64         C        3.9203        0.0797
    65         C        3.8681        0.1319
    66         C        3.8968        0.1032
    67         H        1.0095       -0.0095
    68         H        1.0301       -0.0301
    69         H        1.0093       -0.0093
    70         H        1.0268       -0.0268
    71         H        1.0264       -0.0264
    72         H        1.0463       -0.0463
    73         H        1.0430       -0.0430
    74         H        1.0425       -0.0425
    75         H        1.0443       -0.0443
    76         H        1.0473       -0.0473
    77         H        1.0425       -0.0425
    78         H        1.0322       -0.0322
    79         H        1.0307       -0.0307
    80         H        1.0322       -0.0322
    81         H        1.0326       -0.0326
    82         H        1.0270       -0.0270
    83         H        1.0226       -0.0226
    84         H        1.0529       -0.0529
    85         H        1.0304       -0.0304
    86         H        1.0346       -0.0346
    87         H        1.0449       -0.0449
    88         H        1.0451       -0.0451
    89         H        1.0424       -0.0424
    90         H        1.0447       -0.0447
    91         H        1.0433       -0.0433
    92         H        1.0487       -0.0487
    93         H        1.0440       -0.0440
    94         H        1.0414       -0.0414
    95         H        1.0373       -0.0373
    96         H        1.0367       -0.0367
    97         H        1.0333       -0.0333
    98         H        1.0261       -0.0261
    99         H        1.0629       -0.0629
   100         H        1.0593       -0.0593
   101         H        1.0601       -0.0601
   102         H        1.0581       -0.0581
   103         H        1.0359       -0.0359
   104         H        1.0297       -0.0297
   105         H        1.0330       -0.0330
   106         H        1.0293       -0.0293
   107         H        1.0409       -0.0409
   108         H        1.0332       -0.0332
   109         H        1.0352       -0.0352
   110         H        1.0414       -0.0414
   111         H        1.0404       -0.0404
   112         H        1.0429       -0.0429
   113         H        1.0405       -0.0405
   114         H        1.0400       -0.0400
   115         H        1.0457       -0.0457
   116         H        1.0457       -0.0457
   117         H        1.0422       -0.0422
   118         H        1.0378       -0.0378
   119         H        1.0418       -0.0418
   120         H        1.0460       -0.0460
   121         H        1.0284       -0.0284
   122         H        1.0352       -0.0352
   123         H        1.0420       -0.0420
   124         H        1.0297       -0.0297
   125         H        1.0381       -0.0381
   126         H        1.0458       -0.0458
   127         H        1.0439       -0.0439
   128         H        1.0392       -0.0392
   129         H        1.0393       -0.0393
   130         H        1.0443       -0.0443
   131         H        1.0436       -0.0436
   132         H        1.0431       -0.0431
   133         H        1.0405       -0.0405
   134         H        1.0448       -0.0448
   135         H        1.0490       -0.0490
   136         H        1.0393       -0.0393
   137         H        1.0372       -0.0372
   138         H        1.0456       -0.0456
   139         H        1.0383       -0.0383
   140         H        1.0415       -0.0415
 ------------------------------------------------- 
 total                352.0000        0.0000
 ------------------------------------------------- 

 --------------------------------------------------------------------------------

 End time:                               Mon Apr 26 15:54:03 2021
 Total wall-clock time:                  0.382 seconds
==================================================================================
