
================================================================================
          _____________ ________ _______________ ________     _________         
         / ___________// ______ \\_____   _____// ______ \   / ________)        
        / /_________  / /      \ \     | |     / /      \ \ | (_______          
       |  __________|| |        | |    | |    | |        | | \________ \        
        \ \_________ | |        | |    | |     \ \______/ /___________) |       
         \__________||_|        |_|    |_|      \________//____________/        
                                                                                
====================================[ Qcore ]===================================

 Git hash:   0680c7ef22d98b8c23dcc579831ba8e8367d912c
 Git date:   Thu, 22 Apr 2021 13:22:18 +0100
 Compiler:   AppleClang 10.0.1.10010046
 Build type: Release
 Version:    1.1.0

 Start time: Mon Apr 26 15:53:59 2021

 Data directory: /Users/of15641/qcore/cmake-build-release/share/entos/1.1.0/data
 Number of threads: 2
 Number of threads was determined by: number of physical cores

 --------------------------------------------------------------------------------
                                  command: bchla                                 
 --------------------------------------------------------------------------------

 SCF converged in 1 iterations.

 Setting up Delta-SCF
 Ground-Excited state overlap:          -0.000000000
 No correction applied to the TDM.
 Excitation energy:                      0.068933437
 Excitation energy (in eV):              1.875774376
 Transition dipole:                     -1.59207      -4.10493       0.10078
 Saving results in set 'res'

 --------------------------------------------------------------------------------
                               command: population                               
 --------------------------------------------------------------------------------

 ---------------------
  Population Analysis 
 ---------------------

 Method:                                 mulliken

 ------------------------------------------------- 
  atom    symbol    population        charge
 ------------------------------------------------- 
     1        Mg        2.4432       -0.4432
     2         C        3.9964        0.0036
     3         C        3.9989        0.0011
     4         C        4.0000       -0.0000
     5         C        4.0195       -0.0195
     6         N        5.2847       -0.2847
     7         C        3.7535        0.2465
     8         C        3.9381        0.0619
     9         C        3.9356        0.0644
    10         C        3.8056        0.1944
    11         C        3.8560        0.1440
    12         C        3.8683        0.1317
    13         C        3.9605        0.0395
    14         C        3.6504        0.3496
    15         O        6.3866       -0.3866
    16         O        6.0002       -0.0002
    17         N        5.4128       -0.4128
    18         C        3.8305        0.1695
    19         C        4.0501       -0.0501
    20         C        4.1972       -0.1972
    21         C        3.7265        0.2735
    22         C        3.8453        0.1547
    23         C        3.7138        0.2862
    24         O        6.2219       -0.2219
    25         C        3.9103        0.0897
    26         N        5.2051       -0.2051
    27         C        3.7378        0.2622
    28         C        3.9312        0.0688
    29         C        3.9399        0.0601
    30         C        3.7531        0.2469
    31         C        3.8517        0.1483
    32         C        3.8921        0.1079
    33         C        3.8801        0.1199
    34         N        5.4060       -0.4060
    35         C        3.7933        0.2067
    36         C        4.0171       -0.0171
    37         C        4.1170       -0.1170
    38         C        3.7585        0.2415
    39         C        3.8394        0.1606
    40         C        3.7200        0.2800
    41         O        6.3018       -0.3018
    42         C        4.0151       -0.0151
    43         C        3.6563        0.3437
    44         O        6.3304       -0.3304
    45         O        6.0556       -0.0556
    46         C        3.7479        0.2521
    47         C        3.7552        0.2448
    48         C        4.0388       -0.0388
    49         C        4.0606       -0.0606
    50         C        3.8817        0.1183
    51         C        3.8947        0.1053
    52         C        3.9170        0.0830
    53         C        3.9200        0.0800
    54         C        3.9464        0.0536
    55         C        3.8682        0.1318
    56         C        3.9369        0.0631
    57         C        3.9254        0.0746
    58         C        3.9334        0.0666
    59         C        3.9501        0.0499
    60         C        3.8791        0.1209
    61         C        3.9235        0.0765
    62         C        3.9156        0.0844
    63         C        3.9426        0.0574
    64         C        3.9350        0.0650
    65         C        3.8649        0.1351
    66         C        3.8770        0.1230
    67         H        1.0047       -0.0047
    68         H        1.0395       -0.0395
    69         H        1.0131       -0.0131
    70         H        1.0436       -0.0436
    71         H        1.0339       -0.0339
    72         H        1.0467       -0.0467
    73         H        1.0372       -0.0372
    74         H        1.0444       -0.0444
    75         H        1.0428       -0.0428
    76         H        1.0466       -0.0466
    77         H        1.0438       -0.0438
    78         H        1.0351       -0.0351
    79         H        1.0322       -0.0322
    80         H        1.0310       -0.0310
    81         H        1.0356       -0.0356
    82         H        1.0420       -0.0420
    83         H        1.0303       -0.0303
    84         H        1.0192       -0.0192
    85         H        1.0256       -0.0256
    86         H        1.0255       -0.0255
    87         H        1.0354       -0.0354
    88         H        1.0442       -0.0442
    89         H        1.0414       -0.0414
    90         H        1.0412       -0.0412
    91         H        1.0408       -0.0408
    92         H        1.0464       -0.0464
    93         H        1.0479       -0.0479
    94         H        1.0440       -0.0440
    95         H        1.0424       -0.0424
    96         H        1.0356       -0.0356
    97         H        1.0338       -0.0338
    98         H        1.0186       -0.0186
    99         H        1.0519       -0.0519
   100         H        1.0642       -0.0642
   101         H        1.0658       -0.0658
   102         H        1.0375       -0.0375
   103         H        1.0404       -0.0404
   104         H        1.0357       -0.0357
   105         H        1.0338       -0.0338
   106         H        1.0389       -0.0389
   107         H        1.0305       -0.0305
   108         H        1.0354       -0.0354
   109         H        1.0383       -0.0383
   110         H        1.0437       -0.0437
   111         H        1.0456       -0.0456
   112         H        1.0480       -0.0480
   113         H        1.0343       -0.0343
   114         H        1.0358       -0.0358
   115         H        1.0469       -0.0469
   116         H        1.0416       -0.0416
   117         H        1.0388       -0.0388
   118         H        1.0306       -0.0306
   119         H        1.0274       -0.0274
   120         H        1.0443       -0.0443
   121         H        1.0362       -0.0362
   122         H        1.0368       -0.0368
   123         H        1.0397       -0.0397
   124         H        1.0348       -0.0348
   125         H        1.0470       -0.0470
   126         H        1.0479       -0.0479
   127         H        1.0450       -0.0450
   128         H        1.0413       -0.0413
   129         H        1.0323       -0.0323
   130         H        1.0442       -0.0442
   131         H        1.0420       -0.0420
   132         H        1.0322       -0.0322
   133         H        1.0387       -0.0387
   134         H        1.0469       -0.0469
   135         H        1.0420       -0.0420
   136         H        1.0418       -0.0418
   137         H        1.0386       -0.0386
   138         H        1.0503       -0.0503
   139         H        1.0462       -0.0462
   140         H        1.0408       -0.0408
 ------------------------------------------------- 
 total                352.0000        0.0000
 ------------------------------------------------- 

 --------------------------------------------------------------------------------

 End time:                               Mon Apr 26 15:53:59 2021
 Total wall-clock time:                  0.381 seconds
==================================================================================
