
================================================================================
          _____________ ________ _______________ ________     _________         
         / ___________// ______ \\_____   _____// ______ \   / ________)        
        / /_________  / /      \ \     | |     / /      \ \ | (_______          
       |  __________|| |        | |    | |    | |        | | \________ \        
        \ \_________ | |        | |    | |     \ \______/ /___________) |       
         \__________||_|        |_|    |_|      \________//____________/        
                                                                                
====================================[ Qcore ]===================================

 Git hash:   0680c7ef22d98b8c23dcc579831ba8e8367d912c
 Git date:   Thu, 22 Apr 2021 13:22:18 +0100
 Compiler:   AppleClang 10.0.1.10010046
 Build type: Release
 Version:    1.1.0

 Start time: Mon Apr 26 15:54:03 2021

 Data directory: /Users/of15641/qcore/cmake-build-release/share/entos/1.1.0/data
 Number of threads: 2
 Number of threads was determined by: number of physical cores

 --------------------------------------------------------------------------------
                                  command: bchla                                 
 --------------------------------------------------------------------------------

 SCF converged in 1 iterations.

 Setting up Delta-SCF
 Ground-Excited state overlap:          -0.000000000
 No correction applied to the TDM.
 Excitation energy:                      0.069263835
 Excitation energy (in eV):              1.884764979
 Transition dipole:                     -2.37817      -3.33829       1.83885
 Saving results in set 'res'

 --------------------------------------------------------------------------------
                               command: population                               
 --------------------------------------------------------------------------------

 ---------------------
  Population Analysis 
 ---------------------

 Method:                                 mulliken

 ------------------------------------------------- 
  atom    symbol    population        charge
 ------------------------------------------------- 
     1        Mg        2.4255       -0.4255
     2         C        4.0277       -0.0277
     3         C        4.0042       -0.0042
     4         C        4.0273       -0.0273
     5         C        4.0150       -0.0150
     6         N        5.2846       -0.2846
     7         C        3.7819        0.2181
     8         C        3.9523        0.0477
     9         C        3.9288        0.0712
    10         C        3.7738        0.2262
    11         C        3.8429        0.1571
    12         C        3.8824        0.1176
    13         C        3.9787        0.0213
    14         C        3.6606        0.3394
    15         O        6.4028       -0.4028
    16         O        5.9430        0.0570
    17         N        5.4456       -0.4456
    18         C        3.8320        0.1680
    19         C        4.0134       -0.0134
    20         C        4.1477       -0.1477
    21         C        3.7684        0.2316
    22         C        3.8277        0.1723
    23         C        3.7084        0.2916
    24         O        6.2734       -0.2734
    25         C        3.9100        0.0900
    26         N        5.2427       -0.2427
    27         C        3.7299        0.2701
    28         C        3.9371        0.0629
    29         C        3.9379        0.0621
    30         C        3.6995        0.3005
    31         C        3.8687        0.1313
    32         C        3.8947        0.1053
    33         C        3.8610        0.1390
    34         N        5.3814       -0.3814
    35         C        3.7950        0.2050
    36         C        4.0386       -0.0386
    37         C        4.1712       -0.1712
    38         C        3.7583        0.2417
    39         C        3.8195        0.1805
    40         C        3.7010        0.2990
    41         O        6.2385       -0.2385
    42         C        3.9579        0.0421
    43         C        3.6444        0.3556
    44         O        6.3750       -0.3750
    45         O        6.0804       -0.0804
    46         C        3.7493        0.2507
    47         C        3.7630        0.2370
    48         C        4.1094       -0.1094
    49         C        3.9986        0.0014
    50         C        3.8702        0.1298
    51         C        3.9024        0.0976
    52         C        3.8939        0.1061
    53         C        3.9337        0.0663
    54         C        3.9505        0.0495
    55         C        3.8941        0.1059
    56         C        3.8986        0.1014
    57         C        3.9011        0.0989
    58         C        3.9254        0.0746
    59         C        3.9532        0.0468
    60         C        3.8732        0.1268
    61         C        3.9248        0.0752
    62         C        3.9145        0.0855
    63         C        3.8998        0.1002
    64         C        3.9391        0.0609
    65         C        3.8873        0.1127
    66         C        3.8925        0.1075
    67         H        1.0125       -0.0125
    68         H        1.0064       -0.0064
    69         H        1.0095       -0.0095
    70         H        1.0326       -0.0326
    71         H        1.0343       -0.0343
    72         H        1.0439       -0.0439
    73         H        1.0426       -0.0426
    74         H        1.0462       -0.0462
    75         H        1.0423       -0.0423
    76         H        1.0382       -0.0382
    77         H        1.0441       -0.0441
    78         H        1.0393       -0.0393
    79         H        1.0350       -0.0350
    80         H        1.0490       -0.0490
    81         H        1.0348       -0.0348
    82         H        1.0460       -0.0460
    83         H        1.0270       -0.0270
    84         H        1.0342       -0.0342
    85         H        1.0218       -0.0218
    86         H        1.0183       -0.0183
    87         H        1.0449       -0.0449
    88         H        1.0430       -0.0430
    89         H        1.0468       -0.0468
    90         H        1.0406       -0.0406
    91         H        1.0448       -0.0448
    92         H        1.0480       -0.0480
    93         H        1.0466       -0.0466
    94         H        1.0456       -0.0456
    95         H        1.0362       -0.0362
    96         H        1.0327       -0.0327
    97         H        1.0362       -0.0362
    98         H        1.0246       -0.0246
    99         H        1.0615       -0.0615
   100         H        1.0609       -0.0609
   101         H        1.0460       -0.0460
   102         H        1.0642       -0.0642
   103         H        1.0528       -0.0528
   104         H        1.0328       -0.0328
   105         H        1.0270       -0.0270
   106         H        1.0352       -0.0352
   107         H        1.0282       -0.0282
   108         H        1.0366       -0.0366
   109         H        1.0402       -0.0402
   110         H        1.0473       -0.0473
   111         H        1.0485       -0.0485
   112         H        1.0361       -0.0361
   113         H        1.0398       -0.0398
   114         H        1.0368       -0.0368
   115         H        1.0504       -0.0504
   116         H        1.0425       -0.0425
   117         H        1.0338       -0.0338
   118         H        1.0334       -0.0334
   119         H        1.0369       -0.0369
   120         H        1.0476       -0.0476
   121         H        1.0456       -0.0456
   122         H        1.0431       -0.0431
   123         H        1.0463       -0.0463
   124         H        1.0402       -0.0402
   125         H        1.0455       -0.0455
   126         H        1.0465       -0.0465
   127         H        1.0420       -0.0420
   128         H        1.0412       -0.0412
   129         H        1.0386       -0.0386
   130         H        1.0388       -0.0388
   131         H        1.0409       -0.0409
   132         H        1.0371       -0.0371
   133         H        1.0438       -0.0438
   134         H        1.0448       -0.0448
   135         H        1.0427       -0.0427
   136         H        1.0478       -0.0478
   137         H        1.0395       -0.0395
   138         H        1.0406       -0.0406
   139         H        1.0443       -0.0443
   140         H        1.0389       -0.0389
 ------------------------------------------------- 
 total                352.0000        0.0000
 ------------------------------------------------- 

 --------------------------------------------------------------------------------

 End time:                               Mon Apr 26 15:54:03 2021
 Total wall-clock time:                  0.357 seconds
==================================================================================
