
================================================================================
          _____________ ________ _______________ ________     _________         
         / ___________// ______ \\_____   _____// ______ \   / ________)        
        / /_________  / /      \ \     | |     / /      \ \ | (_______          
       |  __________|| |        | |    | |    | |        | | \________ \        
        \ \_________ | |        | |    | |     \ \______/ /___________) |       
         \__________||_|        |_|    |_|      \________//____________/        
                                                                                
====================================[ Qcore ]===================================

 Git hash:   0680c7ef22d98b8c23dcc579831ba8e8367d912c
 Git date:   Thu, 22 Apr 2021 13:22:18 +0100
 Compiler:   AppleClang 10.0.1.10010046
 Build type: Release
 Version:    1.1.0

 Start time: Mon Apr 26 15:54:07 2021

 Data directory: /Users/of15641/qcore/cmake-build-release/share/entos/1.1.0/data
 Number of threads: 2
 Number of threads was determined by: number of physical cores

 --------------------------------------------------------------------------------
                                  command: bchla                                 
 --------------------------------------------------------------------------------

 SCF converged in 1 iterations.

 Setting up Delta-SCF
 Ground-Excited state overlap:           0.000000000
 No correction applied to the TDM.
 Excitation energy:                      0.069224662
 Excitation energy (in eV):              1.883699018
 Transition dipole:                     -4.27645       0.96996      -0.98356
 Saving results in set 'res'

 --------------------------------------------------------------------------------
                               command: population                               
 --------------------------------------------------------------------------------

 ---------------------
  Population Analysis 
 ---------------------

 Method:                                 mulliken

 ------------------------------------------------- 
  atom    symbol    population        charge
 ------------------------------------------------- 
     1        Mg        2.4349       -0.4349
     2         C        4.0055       -0.0055
     3         C        4.0608       -0.0608
     4         C        4.0156       -0.0156
     5         C        4.0438       -0.0438
     6         N        5.2780       -0.2780
     7         C        3.7679        0.2321
     8         C        3.9412        0.0588
     9         C        3.9371        0.0629
    10         C        3.7523        0.2477
    11         C        3.8645        0.1355
    12         C        3.9045        0.0955
    13         C        3.9068        0.0932
    14         C        3.6418        0.3582
    15         O        6.5088       -0.5088
    16         O        5.9332        0.0668
    17         N        5.3494       -0.3494
    18         C        3.8147        0.1853
    19         C        4.0177       -0.0177
    20         C        4.1727       -0.1727
    21         C        3.7599        0.2401
    22         C        3.8445        0.1555
    23         C        3.7133        0.2867
    24         O        6.2790       -0.2790
    25         C        3.8965        0.1035
    26         N        5.2585       -0.2585
    27         C        3.7354        0.2646
    28         C        3.9471        0.0529
    29         C        3.9463        0.0537
    30         C        3.7276        0.2724
    31         C        3.8509        0.1491
    32         C        3.9037        0.0963
    33         C        3.8465        0.1535
    34         N        5.3496       -0.3496
    35         C        3.7798        0.2202
    36         C        4.0071       -0.0071
    37         C        4.1097       -0.1097
    38         C        3.7416        0.2584
    39         C        3.8267        0.1733
    40         C        3.7080        0.2920
    41         O        6.2881       -0.2881
    42         C        3.9828        0.0172
    43         C        3.6331        0.3669
    44         O        6.5151       -0.5151
    45         O        5.9789        0.0211
    46         C        3.7561        0.2439
    47         C        3.7722        0.2278
    48         C        4.0413       -0.0413
    49         C        4.0556       -0.0556
    50         C        3.8644        0.1356
    51         C        3.8946        0.1054
    52         C        3.9115        0.0885
    53         C        3.9166        0.0834
    54         C        3.9421        0.0579
    55         C        3.8854        0.1146
    56         C        3.9219        0.0781
    57         C        3.8991        0.1009
    58         C        3.9212        0.0788
    59         C        3.9529        0.0471
    60         C        3.8732        0.1268
    61         C        3.9355        0.0645
    62         C        3.9186        0.0814
    63         C        3.9211        0.0789
    64         C        3.9208        0.0792
    65         C        3.8723        0.1277
    66         C        3.8992        0.1008
    67         H        1.0075       -0.0075
    68         H        1.0364       -0.0364
    69         H        1.0155       -0.0155
    70         H        1.0278       -0.0278
    71         H        1.0257       -0.0257
    72         H        1.0433       -0.0433
    73         H        1.0379       -0.0379
    74         H        1.0462       -0.0462
    75         H        1.0469       -0.0469
    76         H        1.0434       -0.0434
    77         H        1.0283       -0.0283
    78         H        1.0544       -0.0544
    79         H        1.0358       -0.0358
    80         H        1.0310       -0.0310
    81         H        1.0336       -0.0336
    82         H        1.0317       -0.0317
    83         H        1.0259       -0.0259
    84         H        1.0509       -0.0509
    85         H        1.0257       -0.0257
    86         H        1.0239       -0.0239
    87         H        1.0437       -0.0437
    88         H        1.0432       -0.0432
    89         H        1.0424       -0.0424
    90         H        1.0445       -0.0445
    91         H        1.0468       -0.0468
    92         H        1.0457       -0.0457
    93         H        1.0468       -0.0468
    94         H        1.0431       -0.0431
    95         H        1.0396       -0.0396
    96         H        1.0348       -0.0348
    97         H        1.0363       -0.0363
    98         H        1.0303       -0.0303
    99         H        1.0488       -0.0488
   100         H        1.0582       -0.0582
   101         H        1.0650       -0.0650
   102         H        1.0391       -0.0391
   103         H        1.0397       -0.0397
   104         H        1.0415       -0.0415
   105         H        1.0371       -0.0371
   106         H        1.0361       -0.0361
   107         H        1.0361       -0.0361
   108         H        1.0334       -0.0334
   109         H        1.0413       -0.0413
   110         H        1.0399       -0.0399
   111         H        1.0479       -0.0479
   112         H        1.0445       -0.0445
   113         H        1.0370       -0.0370
   114         H        1.0355       -0.0355
   115         H        1.0453       -0.0453
   116         H        1.0438       -0.0438
   117         H        1.0432       -0.0432
   118         H        1.0479       -0.0479
   119         H        1.0366       -0.0366
   120         H        1.0394       -0.0394
   121         H        1.0458       -0.0458
   122         H        1.0421       -0.0421
   123         H        1.0382       -0.0382
   124         H        1.0393       -0.0393
   125         H        1.0341       -0.0341
   126         H        1.0471       -0.0471
   127         H        1.0382       -0.0382
   128         H        1.0355       -0.0355
   129         H        1.0427       -0.0427
   130         H        1.0463       -0.0463
   131         H        1.0426       -0.0426
   132         H        1.0399       -0.0399
   133         H        1.0469       -0.0469
   134         H        1.0390       -0.0390
   135         H        1.0467       -0.0467
   136         H        1.0384       -0.0384
   137         H        1.0440       -0.0440
   138         H        1.0420       -0.0420
   139         H        1.0415       -0.0415
   140         H        1.0471       -0.0471
 ------------------------------------------------- 
 total                352.0000        0.0000
 ------------------------------------------------- 

 --------------------------------------------------------------------------------

 End time:                               Mon Apr 26 15:54:08 2021
 Total wall-clock time:                  0.372 seconds
==================================================================================
