
================================================================================
          _____________ ________ _______________ ________     _________         
         / ___________// ______ \\_____   _____// ______ \   / ________)        
        / /_________  / /      \ \     | |     / /      \ \ | (_______          
       |  __________|| |        | |    | |    | |        | | \________ \        
        \ \_________ | |        | |    | |     \ \______/ /___________) |       
         \__________||_|        |_|    |_|      \________//____________/        
                                                                                
====================================[ Qcore ]===================================

 Git hash:   0680c7ef22d98b8c23dcc579831ba8e8367d912c
 Git date:   Thu, 22 Apr 2021 13:22:18 +0100
 Compiler:   AppleClang 10.0.1.10010046
 Build type: Release
 Version:    1.1.0

 Start time: Mon Apr 26 15:53:57 2021

 Data directory: /Users/of15641/qcore/cmake-build-release/share/entos/1.1.0/data
 Number of threads: 2
 Number of threads was determined by: number of physical cores

 --------------------------------------------------------------------------------
                                  command: bchla                                 
 --------------------------------------------------------------------------------

 SCF converged in 1 iterations.

 Setting up Delta-SCF
 Ground-Excited state overlap:          -0.000000000
 No correction applied to the TDM.
 Excitation energy:                      0.071417347
 Excitation energy (in eV):              1.943365024
 Transition dipole:                      3.63662       2.25367      -0.52793
 Saving results in set 'res'

 --------------------------------------------------------------------------------
                               command: population                               
 --------------------------------------------------------------------------------

 ---------------------
  Population Analysis 
 ---------------------

 Method:                                 mulliken

 ------------------------------------------------- 
  atom    symbol    population        charge
 ------------------------------------------------- 
     1        Mg        2.4968       -0.4968
     2         C        4.0584       -0.0584
     3         C        4.0427       -0.0427
     4         C        4.0145       -0.0145
     5         C        4.0108       -0.0108
     6         N        5.2354       -0.2354
     7         C        3.7730        0.2270
     8         C        3.9524        0.0476
     9         C        3.9429        0.0571
    10         C        3.7337        0.2663
    11         C        3.8532        0.1468
    12         C        3.8938        0.1062
    13         C        3.9241        0.0759
    14         C        3.6589        0.3411
    15         O        6.4946       -0.4946
    16         O        5.9128        0.0872
    17         N        5.3468       -0.3468
    18         C        3.7561        0.2439
    19         C        3.9807        0.0193
    20         C        4.1384       -0.1384
    21         C        3.7360        0.2640
    22         C        3.8586        0.1414
    23         C        3.7138        0.2862
    24         O        6.2438       -0.2438
    25         C        3.9063        0.0937
    26         N        5.2618       -0.2618
    27         C        3.7317        0.2683
    28         C        3.9429        0.0571
    29         C        3.9383        0.0617
    30         C        3.7974        0.2026
    31         C        3.8670        0.1330
    32         C        3.8940        0.1060
    33         C        3.8324        0.1676
    34         N        5.3864       -0.3864
    35         C        3.8278        0.1722
    36         C        4.0321       -0.0321
    37         C        4.1280       -0.1280
    38         C        3.7554        0.2446
    39         C        3.8288        0.1712
    40         C        3.6920        0.3080
    41         O        6.3281       -0.3281
    42         C        3.9627        0.0373
    43         C        3.6390        0.3610
    44         O        6.4729       -0.4729
    45         O        6.0007       -0.0007
    46         C        3.7638        0.2362
    47         C        3.7803        0.2197
    48         C        4.0880       -0.0880
    49         C        4.0121       -0.0121
    50         C        3.8459        0.1541
    51         C        3.9194        0.0806
    52         C        3.9017        0.0983
    53         C        3.9328        0.0672
    54         C        3.9303        0.0697
    55         C        3.8997        0.1003
    56         C        3.9096        0.0904
    57         C        3.9309        0.0691
    58         C        3.9152        0.0848
    59         C        3.9435        0.0565
    60         C        3.8836        0.1164
    61         C        3.9190        0.0810
    62         C        3.9271        0.0729
    63         C        3.9207        0.0793
    64         C        3.9318        0.0682
    65         C        3.8756        0.1244
    66         C        3.8800        0.1200
    67         H        1.0153       -0.0153
    68         H        1.0317       -0.0317
    69         H        1.0179       -0.0179
    70         H        1.0256       -0.0256
    71         H        1.0306       -0.0306
    72         H        1.0464       -0.0464
    73         H        1.0437       -0.0437
    74         H        1.0398       -0.0398
    75         H        1.0413       -0.0413
    76         H        1.0354       -0.0354
    77         H        1.0342       -0.0342
    78         H        1.0424       -0.0424
    79         H        1.0302       -0.0302
    80         H        1.0383       -0.0383
    81         H        1.0242       -0.0242
    82         H        1.0295       -0.0295
    83         H        1.0193       -0.0193
    84         H        1.0482       -0.0482
    85         H        1.0296       -0.0296
    86         H        1.0255       -0.0255
    87         H        1.0459       -0.0459
    88         H        1.0420       -0.0420
    89         H        1.0430       -0.0430
    90         H        1.0451       -0.0451
    91         H        1.0428       -0.0428
    92         H        1.0451       -0.0451
    93         H        1.0443       -0.0443
    94         H        1.0441       -0.0441
    95         H        1.0363       -0.0363
    96         H        1.0327       -0.0327
    97         H        1.0344       -0.0344
    98         H        1.0200       -0.0200
    99         H        1.0464       -0.0464
   100         H        1.0603       -0.0603
   101         H        1.0700       -0.0700
   102         H        1.0501       -0.0501
   103         H        1.0513       -0.0513
   104         H        1.0183       -0.0183
   105         H        1.0361       -0.0361
   106         H        1.0430       -0.0430
   107         H        1.0348       -0.0348
   108         H        1.0346       -0.0346
   109         H        1.0469       -0.0469
   110         H        1.0388       -0.0388
   111         H        1.0404       -0.0404
   112         H        1.0407       -0.0407
   113         H        1.0299       -0.0299
   114         H        1.0321       -0.0321
   115         H        1.0432       -0.0432
   116         H        1.0413       -0.0413
   117         H        1.0444       -0.0444
   118         H        1.0371       -0.0371
   119         H        1.0429       -0.0429
   120         H        1.0465       -0.0465
   121         H        1.0264       -0.0264
   122         H        1.0422       -0.0422
   123         H        1.0420       -0.0420
   124         H        1.0413       -0.0413
   125         H        1.0427       -0.0427
   126         H        1.0479       -0.0479
   127         H        1.0401       -0.0401
   128         H        1.0379       -0.0379
   129         H        1.0362       -0.0362
   130         H        1.0418       -0.0418
   131         H        1.0481       -0.0481
   132         H        1.0395       -0.0395
   133         H        1.0438       -0.0438
   134         H        1.0458       -0.0458
   135         H        1.0408       -0.0408
   136         H        1.0436       -0.0436
   137         H        1.0480       -0.0480
   138         H        1.0383       -0.0383
   139         H        1.0423       -0.0423
   140         H        1.0481       -0.0481
 ------------------------------------------------- 
 total                352.0000        0.0000
 ------------------------------------------------- 

 --------------------------------------------------------------------------------

 End time:                               Mon Apr 26 15:53:57 2021
 Total wall-clock time:                  0.370 seconds
==================================================================================
