
================================================================================
          _____________ ________ _______________ ________     _________         
         / ___________// ______ \\_____   _____// ______ \   / ________)        
        / /_________  / /      \ \     | |     / /      \ \ | (_______          
       |  __________|| |        | |    | |    | |        | | \________ \        
        \ \_________ | |        | |    | |     \ \______/ /___________) |       
         \__________||_|        |_|    |_|      \________//____________/        
                                                                                
====================================[ Qcore ]===================================

 Git hash:   0680c7ef22d98b8c23dcc579831ba8e8367d912c
 Git date:   Thu, 22 Apr 2021 13:22:18 +0100
 Compiler:   AppleClang 10.0.1.10010046
 Build type: Release
 Version:    1.1.0

 Start time: Mon Apr 26 15:53:56 2021

 Data directory: /Users/of15641/qcore/cmake-build-release/share/entos/1.1.0/data
 Number of threads: 2
 Number of threads was determined by: number of physical cores

 --------------------------------------------------------------------------------
                                  command: bchla                                 
 --------------------------------------------------------------------------------

 SCF converged in 1 iterations.

 Setting up Delta-SCF
 Ground-Excited state overlap:           0.000000000
 No correction applied to the TDM.
 Excitation energy:                      0.067412290
 Excitation energy (in eV):              1.834381856
 Transition dipole:                      0.50176      -4.43348       0.26524
 Saving results in set 'res'

 --------------------------------------------------------------------------------
                               command: population                               
 --------------------------------------------------------------------------------

 ---------------------
  Population Analysis 
 ---------------------

 Method:                                 mulliken

 ------------------------------------------------- 
  atom    symbol    population        charge
 ------------------------------------------------- 
     1        Mg        2.4842       -0.4842
     2         C        4.0321       -0.0321
     3         C        4.0081       -0.0081
     4         C        3.9966        0.0034
     5         C        3.9765        0.0235
     6         N        5.2514       -0.2514
     7         C        3.7591        0.2409
     8         C        3.9387        0.0613
     9         C        3.9267        0.0733
    10         C        3.7557        0.2443
    11         C        3.8444        0.1556
    12         C        3.8863        0.1137
    13         C        3.9182        0.0818
    14         C        3.6341        0.3659
    15         O        6.4668       -0.4668
    16         O        5.9899        0.0101
    17         N        5.3951       -0.3951
    18         C        3.7672        0.2328
    19         C        4.0353       -0.0353
    20         C        4.1478       -0.1478
    21         C        3.7121        0.2879
    22         C        3.8403        0.1597
    23         C        3.6971        0.3029
    24         O        6.3516       -0.3516
    25         C        3.8674        0.1326
    26         N        5.3005       -0.3005
    27         C        3.6929        0.3071
    28         C        3.9242        0.0758
    29         C        3.9557        0.0443
    30         C        3.7765        0.2235
    31         C        3.8647        0.1353
    32         C        3.8878        0.1122
    33         C        3.8548        0.1452
    34         N        5.4168       -0.4168
    35         C        3.8490        0.1510
    36         C        3.9719        0.0281
    37         C        4.1516       -0.1516
    38         C        3.7679        0.2321
    39         C        3.8140        0.1860
    40         C        3.7142        0.2858
    41         O        6.3087       -0.3087
    42         C        4.0059       -0.0059
    43         C        3.6456        0.3544
    44         O        6.4983       -0.4983
    45         O        5.9110        0.0890
    46         C        3.7653        0.2347
    47         C        3.7697        0.2303
    48         C        4.0433       -0.0433
    49         C        4.0288       -0.0288
    50         C        3.8475        0.1525
    51         C        3.9221        0.0779
    52         C        3.9171        0.0829
    53         C        3.9290        0.0710
    54         C        3.9551        0.0449
    55         C        3.8896        0.1104
    56         C        3.9107        0.0893
    57         C        3.9036        0.0964
    58         C        3.9223        0.0777
    59         C        3.9472        0.0528
    60         C        3.8827        0.1173
    61         C        3.9092        0.0908
    62         C        3.9037        0.0963
    63         C        3.9112        0.0888
    64         C        3.9444        0.0556
    65         C        3.8883        0.1117
    66         C        3.8925        0.1075
    67         H        1.0049       -0.0049
    68         H        1.0418       -0.0418
    69         H        1.0085       -0.0085
    70         H        1.0357       -0.0357
    71         H        1.0336       -0.0336
    72         H        1.0388       -0.0388
    73         H        1.0429       -0.0429
    74         H        1.0467       -0.0467
    75         H        1.0371       -0.0371
    76         H        1.0502       -0.0502
    77         H        1.0427       -0.0427
    78         H        1.0249       -0.0249
    79         H        1.0340       -0.0340
    80         H        1.0344       -0.0344
    81         H        1.0304       -0.0304
    82         H        1.0171       -0.0171
    83         H        1.0496       -0.0496
    84         H        1.0265       -0.0265
    85         H        1.0283       -0.0283
    86         H        1.0284       -0.0284
    87         H        1.0462       -0.0462
    88         H        1.0478       -0.0478
    89         H        1.0433       -0.0433
    90         H        1.0434       -0.0434
    91         H        1.0490       -0.0490
    92         H        1.0455       -0.0455
    93         H        1.0455       -0.0455
    94         H        1.0425       -0.0425
    95         H        1.0353       -0.0353
    96         H        1.0351       -0.0351
    97         H        1.0220       -0.0220
    98         H        1.0269       -0.0269
    99         H        1.0547       -0.0547
   100         H        1.0509       -0.0509
   101         H        1.0628       -0.0628
   102         H        1.0525       -0.0525
   103         H        1.0491       -0.0491
   104         H        1.0306       -0.0306
   105         H        1.0468       -0.0468
   106         H        1.0304       -0.0304
   107         H        1.0389       -0.0389
   108         H        1.0345       -0.0345
   109         H        1.0400       -0.0400
   110         H        1.0365       -0.0365
   111         H        1.0374       -0.0374
   112         H        1.0448       -0.0448
   113         H        1.0418       -0.0418
   114         H        1.0456       -0.0456
   115         H        1.0392       -0.0392
   116         H        1.0381       -0.0381
   117         H        1.0363       -0.0363
   118         H        1.0503       -0.0503
   119         H        1.0343       -0.0343
   120         H        1.0353       -0.0353
   121         H        1.0471       -0.0471
   122         H        1.0419       -0.0419
   123         H        1.0507       -0.0507
   124         H        1.0468       -0.0468
   125         H        1.0518       -0.0518
   126         H        1.0460       -0.0460
   127         H        1.0395       -0.0395
   128         H        1.0358       -0.0358
   129         H        1.0375       -0.0375
   130         H        1.0386       -0.0386
   131         H        1.0426       -0.0426
   132         H        1.0406       -0.0406
   133         H        1.0488       -0.0488
   134         H        1.0485       -0.0485
   135         H        1.0426       -0.0426
   136         H        1.0415       -0.0415
   137         H        1.0378       -0.0378
   138         H        1.0435       -0.0435
   139         H        1.0407       -0.0407
   140         H        1.0306       -0.0306
 ------------------------------------------------- 
 total                352.0000        0.0000
 ------------------------------------------------- 

 --------------------------------------------------------------------------------

 End time:                               Mon Apr 26 15:53:57 2021
 Total wall-clock time:                  0.373 seconds
==================================================================================
