
================================================================================
          _____________ ________ _______________ ________     _________         
         / ___________// ______ \\_____   _____// ______ \   / ________)        
        / /_________  / /      \ \     | |     / /      \ \ | (_______          
       |  __________|| |        | |    | |    | |        | | \________ \        
        \ \_________ | |        | |    | |     \ \______/ /___________) |       
         \__________||_|        |_|    |_|      \________//____________/        
                                                                                
====================================[ Qcore ]===================================

 Git hash:   0680c7ef22d98b8c23dcc579831ba8e8367d912c
 Git date:   Thu, 22 Apr 2021 13:22:18 +0100
 Compiler:   AppleClang 10.0.1.10010046
 Build type: Release
 Version:    1.1.0

 Start time: Mon Apr 26 15:53:43 2021

 Data directory: /Users/of15641/qcore/cmake-build-release/share/entos/1.1.0/data
 Number of threads: 2
 Number of threads was determined by: number of physical cores

 --------------------------------------------------------------------------------
                                   command: xtb                                  
 --------------------------------------------------------------------------------
 XTB basis setup:                        reference basis
 Number of basis functions:            417
 GFN version:                            gfn0
 Integral screening threshold:           1.00e-10
 Total charge:                           0.000000000
 Number of electrons:                  352.000000000
 Electronic temperature (Kelvin):      300.000000000

 D3BJ energy:                           -0.098419326
 Repulsive energy:                       2.644353645
 EEQ/IES energy:                        -0.446855648
 Short-range bonding energy:            -0.196766430

 ------------------------------
  Running non-iterative solver 
 ------------------------------

 SCF converged in 1 iterations.

 Entropy contribution (-ST):            -0.000000006
 Dipole moment (in Debye):              -1.277358       5.399690      -0.746022
 TOTAL ENERGY:                        -189.258125894
 Saving results in set 'res'

 --------------------------------------------------------------------------------
                               command: population                               
 --------------------------------------------------------------------------------

 ---------------------
  Population Analysis 
 ---------------------

 Method:                                 mulliken

 ------------------------------------------------- 
  atom    symbol    population        charge
 ------------------------------------------------- 
     1        Mg        0.3098        1.6902
     2         C        4.0677       -0.0677
     3         C        4.0624       -0.0624
     4         C        4.0723       -0.0723
     5         C        4.0374       -0.0374
     6         N        5.5677       -0.5677
     7         C        3.7912        0.2088
     8         C        3.9616        0.0384
     9         C        3.9782        0.0218
    10         C        3.8187        0.1813
    11         C        3.8813        0.1187
    12         C        3.9085        0.0915
    13         C        3.9859        0.0141
    14         C        3.5342        0.4658
    15         O        6.4963       -0.4963
    16         O        6.0653       -0.0653
    17         N        5.7258       -0.7258
    18         C        3.8495        0.1505
    19         C        4.0116       -0.0116
    20         C        4.1514       -0.1514
    21         C        3.8515        0.1485
    22         C        3.8677        0.1323
    23         C        3.6305        0.3695
    24         O        6.4262       -0.4262
    25         C        3.9083        0.0917
    26         N        5.6094       -0.6094
    27         C        3.7824        0.2176
    28         C        3.9534        0.0466
    29         C        3.9702        0.0298
    30         C        3.7979        0.2021
    31         C        3.8772        0.1228
    32         C        3.9233        0.0767
    33         C        3.9056        0.0944
    34         N        5.7379       -0.7379
    35         C        3.8289        0.1711
    36         C        4.0084       -0.0084
    37         C        4.0869       -0.0869
    38         C        3.8122        0.1878
    39         C        3.8849        0.1151
    40         C        3.6219        0.3781
    41         O        6.4332       -0.4332
    42         C        3.9567        0.0433
    43         C        3.5109        0.4891
    44         O        6.5505       -0.5505
    45         O        6.1603       -0.1603
    46         C        3.7310        0.2690
    47         C        3.7536        0.2464
    48         C        4.0632       -0.0632
    49         C        4.0169       -0.0169
    50         C        3.8818        0.1182
    51         C        3.9204        0.0796
    52         C        3.9246        0.0754
    53         C        3.9489        0.0511
    54         C        3.9812        0.0188
    55         C        3.8974        0.1026
    56         C        3.9306        0.0694
    57         C        3.9290        0.0710
    58         C        3.9473        0.0527
    59         C        3.9679        0.0321
    60         C        3.8996        0.1004
    61         C        3.9292        0.0708
    62         C        3.9304        0.0696
    63         C        3.9458        0.0542
    64         C        3.9738        0.0262
    65         C        3.9129        0.0871
    66         C        3.9022        0.0978
    67         H        1.0168       -0.0168
    68         H        1.0062       -0.0062
    69         H        1.0150       -0.0150
    70         H        1.0230       -0.0230
    71         H        1.0241       -0.0241
    72         H        1.0321       -0.0321
    73         H        1.0342       -0.0342
    74         H        1.0351       -0.0351
    75         H        1.0347       -0.0347
    76         H        1.0371       -0.0371
    77         H        1.0274       -0.0274
    78         H        1.0294       -0.0294
    79         H        1.0220       -0.0220
    80         H        1.0418       -0.0418
    81         H        1.0270       -0.0270
    82         H        1.0175       -0.0175
    83         H        1.0367       -0.0367
    84         H        1.0214       -0.0214
    85         H        1.0189       -0.0189
    86         H        1.0241       -0.0241
    87         H        1.0343       -0.0343
    88         H        1.0337       -0.0337
    89         H        1.0323       -0.0323
    90         H        1.0360       -0.0360
    91         H        1.0367       -0.0367
    92         H        1.0358       -0.0358
    93         H        1.0303       -0.0303
    94         H        1.0299       -0.0299
    95         H        1.0239       -0.0239
    96         H        1.0255       -0.0255
    97         H        1.0330       -0.0330
    98         H        1.0243       -0.0243
    99         H        1.0416       -0.0416
   100         H        1.0413       -0.0413
   101         H        1.0455       -0.0455
   102         H        1.0381       -0.0381
   103         H        1.0310       -0.0310
   104         H        1.0319       -0.0319
   105         H        1.0245       -0.0245
   106         H        1.0318       -0.0318
   107         H        1.0252       -0.0252
   108         H        1.0331       -0.0331
   109         H        1.0293       -0.0293
   110         H        1.0295       -0.0295
   111         H        1.0350       -0.0350
   112         H        1.0320       -0.0320
   113         H        1.0226       -0.0226
   114         H        1.0322       -0.0322
   115         H        1.0311       -0.0311
   116         H        1.0344       -0.0344
   117         H        1.0347       -0.0347
   118         H        1.0292       -0.0292
   119         H        1.0323       -0.0323
   120         H        1.0358       -0.0358
   121         H        1.0272       -0.0272
   122         H        1.0311       -0.0311
   123         H        1.0279       -0.0279
   124         H        1.0320       -0.0320
   125         H        1.0265       -0.0265
   126         H        1.0322       -0.0322
   127         H        1.0326       -0.0326
   128         H        1.0337       -0.0337
   129         H        1.0250       -0.0250
   130         H        1.0334       -0.0334
   131         H        1.0351       -0.0351
   132         H        1.0318       -0.0318
   133         H        1.0233       -0.0233
   134         H        1.0336       -0.0336
   135         H        1.0317       -0.0317
   136         H        1.0285       -0.0285
   137         H        1.0335       -0.0335
   138         H        1.0361       -0.0361
   139         H        1.0308       -0.0308
   140         H        1.0306       -0.0306
 ------------------------------------------------- 
 total                352.0000        0.0000
 ------------------------------------------------- 

 --------------------------------------------------------------------------------

 End time:                               Mon Apr 26 15:53:43 2021
 Total wall-clock time:                  0.152 seconds
==================================================================================
