
================================================================================
          _____________ ________ _______________ ________     _________         
         / ___________// ______ \\_____   _____// ______ \   / ________)        
        / /_________  / /      \ \     | |     / /      \ \ | (_______          
       |  __________|| |        | |    | |    | |        | | \________ \        
        \ \_________ | |        | |    | |     \ \______/ /___________) |       
         \__________||_|        |_|    |_|      \________//____________/        
                                                                                
====================================[ Qcore ]===================================

 Git hash:   0680c7ef22d98b8c23dcc579831ba8e8367d912c
 Git date:   Thu, 22 Apr 2021 13:22:18 +0100
 Compiler:   AppleClang 10.0.1.10010046
 Build type: Release
 Version:    1.1.0

 Start time: Mon Apr 26 15:53:44 2021

 Data directory: /Users/of15641/qcore/cmake-build-release/share/entos/1.1.0/data
 Number of threads: 2
 Number of threads was determined by: number of physical cores

 --------------------------------------------------------------------------------
                                   command: xtb                                  
 --------------------------------------------------------------------------------
 XTB basis setup:                        reference basis
 Number of basis functions:            417
 GFN version:                            gfn0
 Integral screening threshold:           1.00e-10
 Total charge:                           0.000000000
 Number of electrons:                  352.000000000
 Electronic temperature (Kelvin):      300.000000000

 D3BJ energy:                           -0.097600730
 Repulsive energy:                       2.548862771
 EEQ/IES energy:                        -0.441063592
 Short-range bonding energy:            -0.198653416

 ------------------------------
  Running non-iterative solver 
 ------------------------------

 SCF converged in 1 iterations.

 Entropy contribution (-ST):            -0.000000004
 Dipole moment (in Debye):              -3.964188      -5.302236       2.693757
 TOTAL ENERGY:                        -189.257165509
 Saving results in set 'res'

 --------------------------------------------------------------------------------
                               command: population                               
 --------------------------------------------------------------------------------

 ---------------------
  Population Analysis 
 ---------------------

 Method:                                 mulliken

 ------------------------------------------------- 
  atom    symbol    population        charge
 ------------------------------------------------- 
     1        Mg        0.3156        1.6844
     2         C        4.0662       -0.0662
     3         C        4.0482       -0.0482
     4         C        4.1116       -0.1116
     5         C        4.0550       -0.0550
     6         N        5.5895       -0.5895
     7         C        3.7961        0.2039
     8         C        3.9390        0.0610
     9         C        3.9505        0.0495
    10         C        3.7985        0.2015
    11         C        3.8939        0.1061
    12         C        3.9040        0.0960
    13         C        3.9089        0.0911
    14         C        3.5225        0.4775
    15         O        6.5234       -0.5234
    16         O        6.1433       -0.1433
    17         N        5.6700       -0.6700
    18         C        3.8380        0.1620
    19         C        4.0554       -0.0554
    20         C        4.1618       -0.1618
    21         C        3.8101        0.1899
    22         C        3.8851        0.1149
    23         C        3.6224        0.3776
    24         O        6.3922       -0.3922
    25         C        3.9090        0.0910
    26         N        5.5891       -0.5891
    27         C        3.8053        0.1947
    28         C        3.9525        0.0475
    29         C        3.9773        0.0227
    30         C        3.8164        0.1836
    31         C        3.8742        0.1258
    32         C        3.9142        0.0858
    33         C        3.9149        0.0851
    34         N        5.7185       -0.7185
    35         C        3.8658        0.1342
    36         C        4.0262       -0.0262
    37         C        4.1762       -0.1762
    38         C        3.8624        0.1376
    39         C        3.8602        0.1398
    40         C        3.6202        0.3798
    41         O        6.3746       -0.3746
    42         C        3.9796        0.0204
    43         C        3.5220        0.4780
    44         O        6.5685       -0.5685
    45         O        6.0879       -0.0879
    46         C        3.7273        0.2727
    47         C        3.7555        0.2445
    48         C        4.0551       -0.0551
    49         C        4.0460       -0.0460
    50         C        3.8751        0.1249
    51         C        3.9225        0.0775
    52         C        3.9092        0.0908
    53         C        3.9380        0.0620
    54         C        3.9713        0.0287
    55         C        3.9030        0.0970
    56         C        3.9383        0.0617
    57         C        3.9408        0.0592
    58         C        3.9443        0.0557
    59         C        3.9510        0.0490
    60         C        3.9066        0.0934
    61         C        3.9347        0.0653
    62         C        3.9408        0.0592
    63         C        3.9396        0.0604
    64         C        3.9666        0.0334
    65         C        3.8985        0.1015
    66         C        3.9086        0.0914
    67         H        1.0168       -0.0168
    68         H        1.0117       -0.0117
    69         H        1.0174       -0.0174
    70         H        1.0250       -0.0250
    71         H        1.0316       -0.0316
    72         H        1.0301       -0.0301
    73         H        1.0350       -0.0350
    74         H        1.0301       -0.0301
    75         H        1.0302       -0.0302
    76         H        1.0406       -0.0406
    77         H        1.0209       -0.0209
    78         H        1.0264       -0.0264
    79         H        1.0230       -0.0230
    80         H        1.0248       -0.0248
    81         H        1.0343       -0.0343
    82         H        1.0362       -0.0362
    83         H        1.0170       -0.0170
    84         H        1.0179       -0.0179
    85         H        1.0229       -0.0229
    86         H        1.0256       -0.0256
    87         H        1.0328       -0.0328
    88         H        1.0337       -0.0337
    89         H        1.0296       -0.0296
    90         H        1.0341       -0.0341
    91         H        1.0293       -0.0293
    92         H        1.0323       -0.0323
    93         H        1.0343       -0.0343
    94         H        1.0254       -0.0254
    95         H        1.0276       -0.0276
    96         H        1.0256       -0.0256
    97         H        1.0318       -0.0318
    98         H        1.0165       -0.0165
    99         H        1.0399       -0.0399
   100         H        1.0438       -0.0438
   101         H        1.0465       -0.0465
   102         H        1.0198       -0.0198
   103         H        1.0380       -0.0380
   104         H        1.0281       -0.0281
   105         H        1.0269       -0.0269
   106         H        1.0273       -0.0273
   107         H        1.0227       -0.0227
   108         H        1.0305       -0.0305
   109         H        1.0271       -0.0271
   110         H        1.0346       -0.0346
   111         H        1.0311       -0.0311
   112         H        1.0248       -0.0248
   113         H        1.0357       -0.0357
   114         H        1.0293       -0.0293
   115         H        1.0295       -0.0295
   116         H        1.0313       -0.0313
   117         H        1.0321       -0.0321
   118         H        1.0327       -0.0327
   119         H        1.0357       -0.0357
   120         H        1.0243       -0.0243
   121         H        1.0337       -0.0337
   122         H        1.0340       -0.0340
   123         H        1.0291       -0.0291
   124         H        1.0311       -0.0311
   125         H        1.0347       -0.0347
   126         H        1.0348       -0.0348
   127         H        1.0300       -0.0300
   128         H        1.0331       -0.0331
   129         H        1.0310       -0.0310
   130         H        1.0316       -0.0316
   131         H        1.0330       -0.0330
   132         H        1.0299       -0.0299
   133         H        1.0311       -0.0311
   134         H        1.0319       -0.0319
   135         H        1.0328       -0.0328
   136         H        1.0347       -0.0347
   137         H        1.0336       -0.0336
   138         H        1.0304       -0.0304
   139         H        1.0325       -0.0325
   140         H        1.0356       -0.0356
 ------------------------------------------------- 
 total                352.0000        0.0000
 ------------------------------------------------- 

 --------------------------------------------------------------------------------

 End time:                               Mon Apr 26 15:53:44 2021
 Total wall-clock time:                  0.167 seconds
==================================================================================
