
================================================================================
          _____________ ________ _______________ ________     _________         
         / ___________// ______ \\_____   _____// ______ \   / ________)        
        / /_________  / /      \ \     | |     / /      \ \ | (_______          
       |  __________|| |        | |    | |    | |        | | \________ \        
        \ \_________ | |        | |    | |     \ \______/ /___________) |       
         \__________||_|        |_|    |_|      \________//____________/        
                                                                                
====================================[ Qcore ]===================================

 Git hash:   0680c7ef22d98b8c23dcc579831ba8e8367d912c
 Git date:   Thu, 22 Apr 2021 13:22:18 +0100
 Compiler:   AppleClang 10.0.1.10010046
 Build type: Release
 Version:    1.1.0

 Start time: Mon Apr 26 15:53:46 2021

 Data directory: /Users/of15641/qcore/cmake-build-release/share/entos/1.1.0/data
 Number of threads: 2
 Number of threads was determined by: number of physical cores

 --------------------------------------------------------------------------------
                                   command: xtb                                  
 --------------------------------------------------------------------------------
 XTB basis setup:                        reference basis
 Number of basis functions:            417
 GFN version:                            gfn0
 Integral screening threshold:           1.00e-10
 Total charge:                           0.000000000
 Number of electrons:                  352.000000000
 Electronic temperature (Kelvin):      300.000000000

 D3BJ energy:                           -0.097651776
 Repulsive energy:                       2.589190268
 EEQ/IES energy:                        -0.447449244
 Short-range bonding energy:            -0.195600144

 ------------------------------
  Running non-iterative solver 
 ------------------------------

 SCF converged in 1 iterations.

 Entropy contribution (-ST):            -0.000000004
 Dipole moment (in Debye):              -4.473189      -1.550322       4.961567
 TOTAL ENERGY:                        -189.268332229
 Saving results in set 'res'

 --------------------------------------------------------------------------------
                               command: population                               
 --------------------------------------------------------------------------------

 ---------------------
  Population Analysis 
 ---------------------

 Method:                                 mulliken

 ------------------------------------------------- 
  atom    symbol    population        charge
 ------------------------------------------------- 
     1        Mg        0.3070        1.6930
     2         C        4.0687       -0.0687
     3         C        4.0591       -0.0591
     4         C        4.0667       -0.0667
     5         C        4.0482       -0.0482
     6         N        5.5671       -0.5671
     7         C        3.7925        0.2075
     8         C        3.9277        0.0723
     9         C        3.9676        0.0324
    10         C        3.8002        0.1998
    11         C        3.9066        0.0934
    12         C        3.9193        0.0807
    13         C        3.9224        0.0776
    14         C        3.5349        0.4651
    15         O        6.4812       -0.4812
    16         O        6.1487       -0.1487
    17         N        5.7475       -0.7475
    18         C        3.8496        0.1504
    19         C        4.0383       -0.0383
    20         C        4.1464       -0.1464
    21         C        3.8535        0.1465
    22         C        3.8718        0.1282
    23         C        3.6184        0.3816
    24         O        6.4610       -0.4610
    25         C        3.8884        0.1116
    26         N        5.5422       -0.5422
    27         C        3.7993        0.2007
    28         C        3.9744        0.0256
    29         C        3.9737        0.0263
    30         C        3.8293        0.1707
    31         C        3.8815        0.1185
    32         C        3.9217        0.0783
    33         C        3.8890        0.1110
    34         N        5.6866       -0.6866
    35         C        3.8814        0.1186
    36         C        3.9831        0.0169
    37         C        4.1761       -0.1761
    38         C        3.8326        0.1674
    39         C        3.8500        0.1500
    40         C        3.6286        0.3714
    41         O        6.3906       -0.3906
    42         C        3.9762        0.0238
    43         C        3.5172        0.4828
    44         O        6.5894       -0.5894
    45         O        6.0782       -0.0782
    46         C        3.7319        0.2681
    47         C        3.7470        0.2530
    48         C        4.0767       -0.0767
    49         C        4.0060       -0.0060
    50         C        3.8755        0.1245
    51         C        3.9149        0.0851
    52         C        3.9221        0.0779
    53         C        3.9595        0.0405
    54         C        3.9426        0.0574
    55         C        3.9176        0.0824
    56         C        3.9512        0.0488
    57         C        3.9305        0.0695
    58         C        3.9251        0.0749
    59         C        3.9636        0.0364
    60         C        3.9064        0.0936
    61         C        3.9419        0.0581
    62         C        3.9389        0.0611
    63         C        3.9338        0.0662
    64         C        3.9546        0.0454
    65         C        3.9086        0.0914
    66         C        3.9216        0.0784
    67         H        1.0215       -0.0215
    68         H        1.0307       -0.0307
    69         H        1.0176       -0.0176
    70         H        1.0247       -0.0247
    71         H        1.0282       -0.0282
    72         H        1.0282       -0.0282
    73         H        1.0311       -0.0311
    74         H        1.0329       -0.0329
    75         H        1.0291       -0.0291
    76         H        1.0252       -0.0252
    77         H        1.0265       -0.0265
    78         H        1.0373       -0.0373
    79         H        1.0241       -0.0241
    80         H        1.0234       -0.0234
    81         H        1.0212       -0.0212
    82         H        1.0376       -0.0376
    83         H        1.0173       -0.0173
    84         H        1.0147       -0.0147
    85         H        1.0279       -0.0279
    86         H        1.0224       -0.0224
    87         H        1.0347       -0.0347
    88         H        1.0326       -0.0326
    89         H        1.0293       -0.0293
    90         H        1.0335       -0.0335
    91         H        1.0337       -0.0337
    92         H        1.0343       -0.0343
    93         H        1.0389       -0.0389
    94         H        1.0322       -0.0322
    95         H        1.0291       -0.0291
    96         H        1.0255       -0.0255
    97         H        1.0188       -0.0188
    98         H        1.0210       -0.0210
    99         H        1.0411       -0.0411
   100         H        1.0524       -0.0524
   101         H        1.0406       -0.0406
   102         H        1.0362       -0.0362
   103         H        1.0344       -0.0344
   104         H        1.0320       -0.0320
   105         H        1.0226       -0.0226
   106         H        1.0270       -0.0270
   107         H        1.0253       -0.0253
   108         H        1.0278       -0.0278
   109         H        1.0229       -0.0229
   110         H        1.0303       -0.0303
   111         H        1.0346       -0.0346
   112         H        1.0293       -0.0293
   113         H        1.0331       -0.0331
   114         H        1.0431       -0.0431
   115         H        1.0318       -0.0318
   116         H        1.0304       -0.0304
   117         H        1.0265       -0.0265
   118         H        1.0338       -0.0338
   119         H        1.0317       -0.0317
   120         H        1.0331       -0.0331
   121         H        1.0383       -0.0383
   122         H        1.0280       -0.0280
   123         H        1.0337       -0.0337
   124         H        1.0397       -0.0397
   125         H        1.0327       -0.0327
   126         H        1.0306       -0.0306
   127         H        1.0297       -0.0297
   128         H        1.0363       -0.0363
   129         H        1.0365       -0.0365
   130         H        1.0314       -0.0314
   131         H        1.0310       -0.0310
   132         H        1.0333       -0.0333
   133         H        1.0235       -0.0235
   134         H        1.0252       -0.0252
   135         H        1.0304       -0.0304
   136         H        1.0298       -0.0298
   137         H        1.0340       -0.0340
   138         H        1.0289       -0.0289
   139         H        1.0311       -0.0311
   140         H        1.0270       -0.0270
 ------------------------------------------------- 
 total                352.0000        0.0000
 ------------------------------------------------- 

 --------------------------------------------------------------------------------

 End time:                               Mon Apr 26 15:53:46 2021
 Total wall-clock time:                  0.174 seconds
==================================================================================
