
================================================================================
          _____________ ________ _______________ ________     _________         
         / ___________// ______ \\_____   _____// ______ \   / ________)        
        / /_________  / /      \ \     | |     / /      \ \ | (_______          
       |  __________|| |        | |    | |    | |        | | \________ \        
        \ \_________ | |        | |    | |     \ \______/ /___________) |       
         \__________||_|        |_|    |_|      \________//____________/        
                                                                                
====================================[ Qcore ]===================================

 Git hash:   0680c7ef22d98b8c23dcc579831ba8e8367d912c
 Git date:   Thu, 22 Apr 2021 13:22:18 +0100
 Compiler:   AppleClang 10.0.1.10010046
 Build type: Release
 Version:    1.1.0

 Start time: Mon Apr 26 15:53:43 2021

 Data directory: /Users/of15641/qcore/cmake-build-release/share/entos/1.1.0/data
 Number of threads: 2
 Number of threads was determined by: number of physical cores

 --------------------------------------------------------------------------------
                                   command: xtb                                  
 --------------------------------------------------------------------------------
 XTB basis setup:                        reference basis
 Number of basis functions:            417
 GFN version:                            gfn0
 Integral screening threshold:           1.00e-10
 Total charge:                           0.000000000
 Number of electrons:                  352.000000000
 Electronic temperature (Kelvin):      300.000000000

 D3BJ energy:                           -0.098772277
 Repulsive energy:                       2.580912180
 EEQ/IES energy:                        -0.442347072
 Short-range bonding energy:            -0.198203018

 ------------------------------
  Running non-iterative solver 
 ------------------------------

 SCF converged in 1 iterations.

 Entropy contribution (-ST):            -0.000000011
 Dipole moment (in Debye):               3.497576       6.389816       5.874040
 TOTAL ENERGY:                        -189.258879304
 Saving results in set 'res'

 --------------------------------------------------------------------------------
                               command: population                               
 --------------------------------------------------------------------------------

 ---------------------
  Population Analysis 
 ---------------------

 Method:                                 mulliken

 ------------------------------------------------- 
  atom    symbol    population        charge
 ------------------------------------------------- 
     1        Mg        0.3182        1.6818
     2         C        4.0150       -0.0150
     3         C        4.0358       -0.0358
     4         C        4.1115       -0.1115
     5         C        4.0603       -0.0603
     6         N        5.5656       -0.5656
     7         C        3.8223        0.1777
     8         C        3.9533        0.0467
     9         C        3.9680        0.0320
    10         C        3.7923        0.2077
    11         C        3.8919        0.1081
    12         C        3.9021        0.0979
    13         C        3.9375        0.0625
    14         C        3.5257        0.4743
    15         O        6.5087       -0.5087
    16         O        6.1450       -0.1450
    17         N        5.6802       -0.6802
    18         C        3.8552        0.1448
    19         C        4.0167       -0.0167
    20         C        4.0987       -0.0987
    21         C        3.8151        0.1849
    22         C        3.8863        0.1137
    23         C        3.6361        0.3639
    24         O        6.4622       -0.4622
    25         C        3.9304        0.0696
    26         N        5.5993       -0.5993
    27         C        3.7793        0.2207
    28         C        3.9558        0.0442
    29         C        3.9671        0.0329
    30         C        3.8264        0.1736
    31         C        3.8847        0.1153
    32         C        3.9120        0.0880
    33         C        3.8920        0.1080
    34         N        5.7190       -0.7190
    35         C        3.8467        0.1533
    36         C        4.0448       -0.0448
    37         C        4.1114       -0.1114
    38         C        3.8566        0.1434
    39         C        3.8775        0.1225
    40         C        3.6291        0.3709
    41         O        6.3884       -0.3884
    42         C        4.0252       -0.0252
    43         C        3.5243        0.4757
    44         O        6.5097       -0.5097
    45         O        6.1444       -0.1444
    46         C        3.7147        0.2853
    47         C        3.7509        0.2491
    48         C        4.0447       -0.0447
    49         C        3.9990        0.0010
    50         C        3.8994        0.1006
    51         C        3.9306        0.0694
    52         C        3.9127        0.0873
    53         C        3.9207        0.0793
    54         C        3.9632        0.0368
    55         C        3.9232        0.0768
    56         C        3.9589        0.0411
    57         C        3.9480        0.0520
    58         C        3.9391        0.0609
    59         C        3.9629        0.0371
    60         C        3.9117        0.0883
    61         C        3.9239        0.0761
    62         C        3.9383        0.0617
    63         C        3.9541        0.0459
    64         C        3.9495        0.0505
    65         C        3.8931        0.1069
    66         C        3.9133        0.0867
    67         H        1.0095       -0.0095
    68         H        1.0367       -0.0367
    69         H        1.0087       -0.0087
    70         H        1.0294       -0.0294
    71         H        1.0271       -0.0271
    72         H        1.0311       -0.0311
    73         H        1.0353       -0.0353
    74         H        1.0287       -0.0287
    75         H        1.0326       -0.0326
    76         H        1.0298       -0.0298
    77         H        1.0320       -0.0320
    78         H        1.0291       -0.0291
    79         H        1.0253       -0.0253
    80         H        1.0228       -0.0228
    81         H        1.0195       -0.0195
    82         H        1.0206       -0.0206
    83         H        1.0196       -0.0196
    84         H        1.0270       -0.0270
    85         H        1.0250       -0.0250
    86         H        1.0239       -0.0239
    87         H        1.0366       -0.0366
    88         H        1.0383       -0.0383
    89         H        1.0334       -0.0334
    90         H        1.0364       -0.0364
    91         H        1.0318       -0.0318
    92         H        1.0334       -0.0334
    93         H        1.0304       -0.0304
    94         H        1.0337       -0.0337
    95         H        1.0279       -0.0279
    96         H        1.0278       -0.0278
    97         H        1.0262       -0.0262
    98         H        1.0245       -0.0245
    99         H        1.0452       -0.0452
   100         H        1.0380       -0.0380
   101         H        1.0435       -0.0435
   102         H        1.0367       -0.0367
   103         H        1.0373       -0.0373
   104         H        1.0278       -0.0278
   105         H        1.0226       -0.0226
   106         H        1.0194       -0.0194
   107         H        1.0279       -0.0279
   108         H        1.0335       -0.0335
   109         H        1.0243       -0.0243
   110         H        1.0425       -0.0425
   111         H        1.0305       -0.0305
   112         H        1.0281       -0.0281
   113         H        1.0329       -0.0329
   114         H        1.0310       -0.0310
   115         H        1.0289       -0.0289
   116         H        1.0295       -0.0295
   117         H        1.0316       -0.0316
   118         H        1.0337       -0.0337
   119         H        1.0205       -0.0205
   120         H        1.0284       -0.0284
   121         H        1.0369       -0.0369
   122         H        1.0277       -0.0277
   123         H        1.0233       -0.0233
   124         H        1.0295       -0.0295
   125         H        1.0305       -0.0305
   126         H        1.0327       -0.0327
   127         H        1.0351       -0.0351
   128         H        1.0371       -0.0371
   129         H        1.0321       -0.0321
   130         H        1.0287       -0.0287
   131         H        1.0330       -0.0330
   132         H        1.0244       -0.0244
   133         H        1.0356       -0.0356
   134         H        1.0343       -0.0343
   135         H        1.0320       -0.0320
   136         H        1.0299       -0.0299
   137         H        1.0296       -0.0296
   138         H        1.0347       -0.0347
   139         H        1.0299       -0.0299
   140         H        1.0348       -0.0348
 ------------------------------------------------- 
 total                352.0000       -0.0000
 ------------------------------------------------- 

 --------------------------------------------------------------------------------

 End time:                               Mon Apr 26 15:53:44 2021
 Total wall-clock time:                  0.157 seconds
==================================================================================
