cpu-bind=MASK - bp1-compute154, task 4294967295 4294967295 [0]: mask 0xffffff00ffffff set
Host:    bp1-compute154.data.bp.acrc.priv
Time:    Thu Apr 28 12:26:18 BST 2022
Dir:     /user/home/of15641/chlorophyll_parameterization/tddft_data/step_1551_chromophore_7
Job ID:  1658422
Nodelist:
cat: bp1-compute154: No such file or directory
  
Result dir: /user/home/of15641/chlorophyll_parameterization/tddft_data/step_1551_chromophore_7
running gaussian jobs
Running time g16 < CAMB3LYP_step_1551_chromophore_7.com > CAMB3LYP_step_1551_chromophore_7.log

real	24m4.792s
user	566m34.979s
sys	0m25.666s
Running time g16 < PBE0_step_1551_chromophore_7.com > PBE0_step_1551_chromophore_7.log

real	21m10.748s
user	505m57.337s
sys	0m23.348s
Running time g16 < wB97XD_step_1551_chromophore_7.com > wB97XD_step_1551_chromophore_7.log

real	24m29.271s
user	576m10.468s
sys	0m24.196s
Running time g16 < BLYP_step_1551_chromophore_7.com > BLYP_step_1551_chromophore_7.log

real	11m4.391s
user	263m58.790s
sys	0m19.999s
Running time g16 < ZINDO_step_1551_chromophore_7.com > ZINDO_step_1551_chromophore_7.log

real	0m6.988s
user	2m33.325s
sys	0m2.567s
