cpu-bind=MASK - bp1-compute089, task 4294967295 4294967295 [0]: mask 0xffffffffffff set
Host:    bp1-compute089.data.bp.acrc.priv
Time:    Wed May  4 04:48:48 BST 2022
Dir:     /user/home/of15641/chlorophyll_parameterization/tddft_data/step_1401_chromophore_22
Job ID:  1692113
Nodelist:
cat: bp1-compute089: No such file or directory
  
Result dir: /user/home/of15641/chlorophyll_parameterization/tddft_data/step_1401_chromophore_22
running gaussian jobs
Running time g16 < CAMB3LYP_step_1401_chromophore_22.com > CAMB3LYP_step_1401_chromophore_22.log

real	27m25.930s
user	645m52.760s
sys	0m28.775s
Running time g16 < PBE0_step_1401_chromophore_22.com > PBE0_step_1401_chromophore_22.log

real	18m14.627s
user	435m37.181s
sys	0m23.007s
Running time g16 < wB97XD_step_1401_chromophore_22.com > wB97XD_step_1401_chromophore_22.log

real	26m37.964s
user	626m30.122s
sys	0m29.016s
Running time g16 < BLYP_step_1401_chromophore_22.com > BLYP_step_1401_chromophore_22.log

real	11m57.351s
user	285m17.137s
sys	0m22.801s
Running time g16 < ZINDO_step_1401_chromophore_22.com > ZINDO_step_1401_chromophore_22.log

real	0m6.137s
user	2m13.327s
sys	0m2.357s
