cpu-bind=MASK - bp1-compute176, task 4294967295 4294967295 [0]: mask 0x3fffffc03fffffc set
Host:    bp1-compute176.data.bp.acrc.priv
Time:    Thu May  5 03:38:06 BST 2022
Dir:     /user/home/of15641/chlorophyll_parameterization/tddft_data/step_601_chromophore_22
Job ID:  1692352
Nodelist:
cat: bp1-compute176: No such file or directory
  
Result dir: /user/home/of15641/chlorophyll_parameterization/tddft_data/step_601_chromophore_22
running gaussian jobs
Running time g16 < CAMB3LYP_step_601_chromophore_22.com > CAMB3LYP_step_601_chromophore_22.log

real	34m23.019s
user	812m16.311s
sys	1m8.443s
Running time g16 < PBE0_step_601_chromophore_22.com > PBE0_step_601_chromophore_22.log

real	22m28.465s
user	536m35.326s
sys	0m49.300s
Running time g16 < wB97XD_step_601_chromophore_22.com > wB97XD_step_601_chromophore_22.log

real	36m35.455s
user	864m18.030s
sys	1m3.072s
Running time g16 < BLYP_step_601_chromophore_22.com > BLYP_step_601_chromophore_22.log

real	15m50.036s
user	376m29.878s
sys	0m36.162s
Running time g16 < ZINDO_step_601_chromophore_22.com > ZINDO_step_601_chromophore_22.log

real	0m7.351s
user	2m40.564s
sys	0m2.471s
