cpu-bind=MASK - bp1-compute142, task 4294967295 4294967295 [0]: mask 0xffffff00ffffff00 set
Host:    bp1-compute142.data.bp.acrc.priv
Time:    Wed Apr 27 18:37:01 BST 2022
Dir:     /user/home/of15641/chlorophyll_parameterization/tddft_data/step_1251_chromophore_7
Job ID:  1658233
Nodelist:
cat: bp1-compute142: No such file or directory
  
Result dir: /user/home/of15641/chlorophyll_parameterization/tddft_data/step_1251_chromophore_7
running gaussian jobs
Running time g16 < CAMB3LYP_step_1251_chromophore_7.com > CAMB3LYP_step_1251_chromophore_7.log

real	27m8.579s
user	639m15.634s
sys	0m27.571s
Running time g16 < PBE0_step_1251_chromophore_7.com > PBE0_step_1251_chromophore_7.log

real	21m32.352s
user	514m50.334s
sys	0m23.144s
Running time g16 < wB97XD_step_1251_chromophore_7.com > wB97XD_step_1251_chromophore_7.log

real	27m46.808s
user	654m39.420s
sys	0m27.334s
Running time g16 < BLYP_step_1251_chromophore_7.com > BLYP_step_1251_chromophore_7.log

real	11m19.600s
user	270m6.300s
sys	0m18.955s
Running time g16 < ZINDO_step_1251_chromophore_7.com > ZINDO_step_1251_chromophore_7.log

real	0m6.092s
user	2m13.217s
sys	0m2.237s
