cpu-bind=MASK - bp1-compute192, task 4294967295 4294967295 [0]: mask 0x7fde3c7f7fde3c7f set
Host:    bp1-compute192.data.bp.acrc.priv
Time:    Sat Apr 30 23:39:42 BST 2022
Dir:     /user/home/of15641/chlorophyll_parameterization/tddft_data/step_951_chromophore_3
Job ID:  1659073
Nodelist:
cat: bp1-compute192: No such file or directory
  
Result dir: /user/home/of15641/chlorophyll_parameterization/tddft_data/step_951_chromophore_3
running gaussian jobs
Running time g16 < CAMB3LYP_step_951_chromophore_3.com > CAMB3LYP_step_951_chromophore_3.log

real	30m29.900s
user	715m57.549s
sys	0m55.970s
Running time g16 < PBE0_step_951_chromophore_3.com > PBE0_step_951_chromophore_3.log

real	15m56.630s
user	379m21.086s
sys	0m42.753s
Running time g16 < wB97XD_step_951_chromophore_3.com > wB97XD_step_951_chromophore_3.log

real	34m19.006s
user	806m48.525s
sys	0m58.494s
Running time g16 < BLYP_step_951_chromophore_3.com > BLYP_step_951_chromophore_3.log

real	13m41.731s
user	326m1.249s
sys	0m28.736s
Running time g16 < ZINDO_step_951_chromophore_3.com > ZINDO_step_951_chromophore_3.log

real	0m6.860s
user	2m32.277s
sys	0m2.434s
