cpu-bind=MASK - bp1-compute067, task 4294967295 4294967295 [0]: mask 0xffffffffffff set
Host:    bp1-compute067.data.bp.acrc.priv
Time:    Wed May  4 20:34:18 BST 2022
Dir:     /user/home/of15641/chlorophyll_parameterization/tddft_data/step_451_chromophore_17
Job ID:  1692299
Nodelist:
cat: bp1-compute067: No such file or directory
  
Result dir: /user/home/of15641/chlorophyll_parameterization/tddft_data/step_451_chromophore_17
running gaussian jobs
Running time g16 < CAMB3LYP_step_451_chromophore_17.com > CAMB3LYP_step_451_chromophore_17.log

real	27m2.389s
user	635m50.345s
sys	0m41.700s
Running time g16 < PBE0_step_451_chromophore_17.com > PBE0_step_451_chromophore_17.log

real	20m51.063s
user	497m37.322s
sys	0m46.985s
Running time g16 < wB97XD_step_451_chromophore_17.com > wB97XD_step_451_chromophore_17.log

real	30m8.444s
user	709m7.916s
sys	1m1.475s
Running time g16 < BLYP_step_451_chromophore_17.com > BLYP_step_451_chromophore_17.log

real	13m30.418s
user	321m42.812s
sys	0m37.512s
Running time g16 < ZINDO_step_451_chromophore_17.com > ZINDO_step_451_chromophore_17.log

real	0m6.549s
user	2m22.897s
sys	0m2.537s
