 
        ______________________________________
       |                                      |
       |          ===================         |
       |             xTB for sTDA             |
       |          ===================         |
       |               S. Grimme              |
       |        Universitaet Bonn, MCTC       |
       |         2015-19, Version 1.0         |
       |     Wed Apr  3 09:14:55 CEST 2019    |
       |______________________________________|
 
        This code comes without any warranty
        for non-commercial, academia use only.
        Preliminary test version.
        Cite this work as:
        S. Grimme  &  C. Bannwarth, JCP 145 (2016) 054103
        if GBSA is used additionally:
        P. Shushkov, F. März, C. Bannwarth, S. Grimme, unpublished.
 
        with help from
        P. Shushkov, G. Brandenburg, S. Dohm, J. Pisarek,
        F. März, M. Checinski, S. Ehrlich, S. Spicher, 
        P. Pracht, E. Caldeweyher, S. Ehlert, and C. Bannwarth.
 
        usage        :
        xtb4stda <coord_file> [options]
        where <coord_file> is a valid file of TM)
        (*coord, Bohr) or xmol (*xyz, Angstroem)
        format.

        options:
        -chrg <int>   : molecular charge
        -uhf  <int>   : # of unpaired electrons(=2*S)
        -nox          : skip second, extended part in sTDA-xTB
        -pop          : do population analysis
                      : (default for -nox)
        -mowr <real>  : cut MO write above (def.3 Eh)
        -molden       : write formatted molden file
        -parx <file>  : read parameters for sTDA-xTB
                        calc (def:~/.param_stda2.xtb)
        -parv <file>  : read parameters for vTB part in
                        sTDA-xTB (def: ~/.param_stda1.xtb)
        -xtemp <real> : el. temp for xTB (def. 0 K)
        -etemp <real> : el. temp for GFN (def. 300 K)
        -fod          : calculate the FOD and write
                        molden.input file with
                        appropriate occupations
                        for plotting. Def. T=12500 K
 
        -acc <real>   : xTB accuracy (def. 1.0)
        -gbsa [string1] [string2]
                        use GBSA implicit solvent
                        for solvent [string1] and
                        solvation state [string2]=
                        reference, bar1M (default=1M)
        additional GFN/opt/MD/siman options read from
        $XTB4STDAHOME/.xtb4stdarc or $set in input
 
       spin and charge state information can be on:
       <.CHRG> (charge) and <.UHF> (=nalpha-nbeta)
       -uhf and -chrg override the file info.
       useful machine settings:
       setenv MKL_NUM_THREADS <NCORE_ON_YOUR_MACHINE>
       setenv OMP_STACKSIZE 500m
       limit stacksize unlimited
 
       total energies in Eh, gaps/HL energies in eV
       please read REVISION and HOWTO files carefully
 =============================
  # OMP threads =           4
 =============================
 
 xtb4stdahome directory:~/
 
 
 name of molecule           :
 comment line               :
 number of atoms            :   140
 number of electrons        :   352
 charge                     :  0
 spin                       : 0.0
 first test random number   :  0.9713
 
 -----------------------------------------
      charge density (VTB) calculation
 -----------------------------------------
 
      method parameters     
 k(s)        :  1.8000
 k(p)        :  2.8350
 k(d)        :  2.0860
 k(f)        :  2.0000
 Tscal       :  0.3300
 Gscal       :  0.3910
 fpol        :  1.0000
 Zcnf        :  0.6500
 Zqf         :  0.0000
 kcn         :  0.3000
 kEN1        : -0.5900
 wllscal     :  2.6000
 
     -------------------------
     ! NO SOLVENT MODEL USED !
     -------------------------
 
 doing EN charges ...
 sum q : -0.2553513D-14
 point charge moment (au)
     X       Y       Z   
   0.5416   0.5163   0.2257  total (Debye):    1.986
 
            Z      q(EN)   CN      Cart. coordinates
     1  MG  2.0   0.900   4.850    65.46767    93.28065    49.01760
     2  C   4.0   0.022   3.314    65.08972    89.37459    54.16899
     3  C   4.0  -0.059   3.182    63.10929    98.12780    52.18100
     4  C   4.0  -0.058   3.165    65.35050    96.50075    43.48070
     5  C   4.0  -0.055   3.155    67.41219    87.80612    45.38555
     6  N   5.0  -0.433   3.182    63.90108    93.56789    52.66477
     7  C   4.0   0.102   3.405    64.40186    91.90871    54.54694
     8  C   4.0  -0.095   4.185    64.00691    93.29388    57.09240
     9  C   4.0  -0.095   4.158    62.66709    95.80344    56.33840
    10  C   4.0   0.098   3.444    63.25480    95.86580    53.52082
    11  C   4.0  -0.238   4.037    59.89297    96.07367    57.15476
    12  C   4.0  -0.163   4.056    66.46166    93.80600    58.73457
    13  C   4.0  -0.168   4.035    66.21600    94.98330    61.31594
    14  C   4.0   0.165   3.080    63.51936    95.09290    62.51213
    15  O   6.0  -0.096   1.040    62.20222    93.21640    62.93165
    16  O   6.0  -0.107   2.016    62.64442    97.54765    62.81827
    17  N   5.0  -0.462   3.265    64.63619    96.94105    48.05384
    18  C   4.0   0.093   3.456    63.86896    98.67771    49.71113
    19  C   4.0   0.010   3.291    63.77069   101.07577    48.35998
    20  C   4.0   0.005   3.258    64.30737   100.64869    45.82396
    21  C   4.0   0.071   3.450    64.79114    97.93694    45.63688
    22  C   4.0  -0.244   4.016    62.76347   103.54375    49.63176
    23  C   4.0   0.113   3.045    64.33761   102.50440    43.53929
    24  O   6.0  -0.105   1.061    64.61162   101.81654    41.35287
    25  C   4.0  -0.250   4.041    64.15242   105.25207    44.01550
    26  N   5.0  -0.345   3.139    66.00813    92.21485    44.92634
    27  C   4.0   0.092   3.332    65.81349    94.00253    43.03851
    28  C   4.0  -0.099   4.184    66.59016    92.81389    40.58186
    29  C   4.0  -0.100   4.188    67.65030    90.17583    41.32831
    30  C   4.0   0.098   3.354    67.05126    90.02088    44.02117
    31  C   4.0  -0.236   4.020    64.31304    92.76476    38.61088
    32  C   4.0  -0.162   4.047    70.36773    89.73742    40.47604
    33  C   4.0  -0.238   4.004    72.59382    90.29678    42.31474
    34  N   5.0  -0.420   3.227    65.99679    89.32546    49.54106
    35  C   4.0   0.079   3.457    66.76213    87.43573    47.92912
    36  C   4.0   0.016   3.273    66.71488    85.04145    49.33130
    37  C   4.0   0.006   3.394    66.31804    85.75387    51.87298
    38  C   4.0   0.088   3.728    65.69065    88.37114    51.82384
    39  C   4.0  -0.249   4.035    67.64463    82.69441    48.21447
    40  C   4.0   0.127   3.231    66.26135    85.03389    54.59607
    41  O   6.0  -0.117   1.049    66.73378    83.06101    55.53716
    42  C   4.0  -0.118   4.230    65.50546    87.40927    56.10974
    43  C   4.0   0.182   3.165    63.17732    86.75354    57.56861
    44  O   6.0  -0.102   1.053    61.19689    86.25276    56.51981
    45  O   6.0  -0.121   2.033    63.58172    86.69874    60.12919
    46  C   4.0  -0.193   4.039    61.66743    85.57813    61.68632
    47  C   4.0  -0.137   4.037    60.04037    97.74230    63.94455
    48  C   4.0  -0.057   3.063    59.27692   100.55610    64.50391
    49  C   4.0   0.016   3.037    58.24135   101.48206    66.64685
    50  C   4.0  -0.248   4.024    57.65743    99.93627    69.06381
    51  C   4.0  -0.172   4.052    57.78215   104.42626    66.99456
    52  C   4.0  -0.163   4.050    59.64542   105.99851    68.56682
    53  C   4.0  -0.165   4.090    61.03815   108.09043    67.09283
    54  C   4.0  -0.089   4.060    60.57894   110.59243    68.50635
    55  C   4.0  -0.238   4.043    63.01858   112.16657    68.32682
    56  C   4.0  -0.163   4.052    58.22435   111.92847    67.01535
    57  C   4.0  -0.164   4.042    56.39509   112.86388    68.95421
    58  C   4.0  -0.163   4.039    57.11697   115.45092    70.36961
    59  C   4.0  -0.087   4.013    55.06472   117.56552    69.91230
    60  C   4.0  -0.237   4.008    56.36864   120.23759    69.35294
    61  C   4.0  -0.163   4.037    53.16555   117.64678    72.25745
    62  C   4.0  -0.162   4.034    50.30073   117.97748    71.33526
    63  C   4.0  -0.164   4.061    49.24437   120.53239    72.06848
    64  C   4.0  -0.087   4.013    47.69479   121.73993    69.82915
    65  C   4.0  -0.239   4.033    49.59586   123.48036    68.25501
    66  C   4.0  -0.238   4.028    45.47248   123.46902    70.70032
    67  H   1.0   0.071   1.008    62.86173    99.83800    53.30728
    68  H   1.0   0.072   1.010    65.65475    97.67993    41.81586
    69  H   1.0   0.071   1.005    68.34005    86.27922    44.35376
    70  H   1.0   0.086   1.009    62.81449    92.11658    58.29049
    71  H   1.0   0.085   1.015    63.33794    97.37758    57.48546
    72  H   1.0   0.081   1.000    59.35440    94.52220    58.39631
    73  H   1.0   0.081   1.001    58.81583    95.60690    55.46157
    74  H   1.0   0.080   0.997    59.37141    97.58734    58.45111
    75  H   1.0   0.082   1.005    67.62573    94.86235    57.40421
    76  H   1.0   0.083   1.006    67.31582    91.95217    58.99913
    77  H   1.0   0.083   1.008    66.64119    96.96940    60.98524
    78  H   1.0   0.081   1.003    67.51802    94.01765    62.58772
    79  H   1.0   0.080   0.998    63.96155   105.18782    49.31240
    80  H   1.0   0.080   1.000    62.60095   103.13746    51.64621
    81  H   1.0   0.080   0.998    60.90398   104.08422    48.93067
    82  H   1.0   0.080   0.999    62.59906   105.85867    45.22492
    83  H   1.0   0.081   1.003    64.12029   106.06654    42.12388
    84  H   1.0   0.080   1.001    65.88530   105.84166    44.96225
    85  H   1.0   0.085   1.009    68.04147    94.07812    39.84865
    86  H   1.0   0.085   1.013    66.62418    88.64893    40.40045
    87  H   1.0   0.080   0.996    64.15620    94.26520    37.20870
    88  H   1.0   0.081   1.000    62.68599    92.33579    39.79763
    89  H   1.0   0.080   1.001    64.80059    91.09046    37.51295
    90  H   1.0   0.083   1.006    70.65685    91.00164    38.87733
    91  H   1.0   0.082   1.004    70.52079    87.74376    39.98093
    92  H   1.0   0.080   0.998    73.49711    88.55067    42.93079
    93  H   1.0   0.080   0.998    72.11572    91.29077    44.05329
    94  H   1.0   0.080   0.997    74.04891    91.44573    41.41901
    95  H   1.0   0.081   1.005    68.60839    83.31046    46.50238
    96  H   1.0   0.080   1.004    65.94010    81.54356    48.09164
    97  H   1.0   0.081   1.002    68.91831    81.86104    49.60153
    98  H   1.0   0.086   1.009    67.06637    87.97619    57.32862
    99  H   1.0   0.081   0.998    59.92510    86.44929    61.01736
   100  H   1.0   0.080   0.996    61.97167    85.99954    63.67999
   101  H   1.0   0.081   0.996    61.93577    83.53912    61.60318
   102  H   1.0   0.082   1.000    60.01014    96.52342    65.60562
   103  H   1.0   0.082   1.005    58.58528    97.34923    62.54048
   104  H   1.0   0.069   1.002    59.77581   101.72017    62.87874
   105  H   1.0   0.079   0.997    58.75347   100.48240    70.72299
   106  H   1.0   0.080   0.998    58.12608    97.93505    68.95421
   107  H   1.0   0.080   0.997    55.70345    99.96650    69.71388
   108  H   1.0   0.082   1.003    55.86975   104.63224    67.73156
   109  H   1.0   0.082   1.003    57.46468   105.19537    65.11051
   110  H   1.0   0.082   1.004    61.12508   104.80042    69.35483
   111  H   1.0   0.082   1.005    58.56639   106.81865    70.11828
   112  H   1.0   0.082   1.003    60.34084   108.13768    65.15397
   113  H   1.0   0.082   1.003    63.06582   107.75973    66.94165
   114  H   1.0   0.083   1.006    60.03659   110.32031    70.47544
   115  H   1.0   0.081   1.002    63.60629   112.14012    70.30158
   116  H   1.0   0.081   0.999    62.59528   114.09220    67.72967
   117  H   1.0   0.081   0.998    64.53981   111.24439    67.28936
   118  H   1.0   0.082   1.003    57.16988   110.67180    65.76813
   119  H   1.0   0.082   1.003    58.88008   113.53096    65.89852
   120  H   1.0   0.082   1.005    56.17588   111.28596    70.26190
   121  H   1.0   0.082   1.004    54.55639   113.20403    68.08872
   122  H   1.0   0.082   1.001    59.00291   116.05752    69.80081
   123  H   1.0   0.082   1.003    57.20956   114.94447    72.36328
   124  H   1.0   0.083   1.007    53.96868   116.85498    68.31926
   125  H   1.0   0.080   0.999    55.12898   121.68134    70.14096
   126  H   1.0   0.079   0.997    56.20990   120.79128    67.37440
   127  H   1.0   0.080   0.997    58.30182   120.28673    70.06159
   128  H   1.0   0.082   1.002    53.77782   119.18880    73.47443
   129  H   1.0   0.081   1.001    53.35452   115.89500    73.32704
   130  H   1.0   0.081   1.003    49.24248   116.48082    72.27635
   131  H   1.0   0.082   1.005    50.29317   117.82819    69.28113
   132  H   1.0   0.082   1.002    50.43868   122.03850    72.80736
   133  H   1.0   0.082   1.005    47.95747   120.08264    73.61238
   134  H   1.0   0.082   1.005    46.92001   120.37932    68.48934
   135  H   1.0   0.080   0.997    49.06673   123.57107    66.26702
   136  H   1.0   0.081   0.998    51.51771   122.75093    68.38540
   137  H   1.0   0.080   0.997    49.66578   125.50615    68.61595
   138  H   1.0   0.081   1.000    45.99782   125.38899    70.16930
   139  H   1.0   0.080   0.997    45.08130   123.38966    72.72043
   140  H   1.0   0.080   0.998    43.78495   122.93423    69.64396
 
  Z AO/shell   Hii/eV     exponent
  1     Sat Feb 20 21:38:01 CET 2016    EN: 2.327 GAM: 0.473  GM3: 0.0000
     1s    -13.751157    1.051071
  6     Sat Feb 20 21:38:01 CET 2016    EN: 2.731 GAM: 0.422  GM3: 0.0000
     2s    -19.378245    2.021003
     2p    -11.993376    1.497917
  7     Sat Feb 20 21:38:01 CET 2016    EN: 3.573 GAM: 0.504  GM3: 0.0000
     2s    -21.576984    2.275442
     2p    -16.125120    2.056788
  8     Sat Feb 20 21:38:01 CET 2016    EN: 3.700 GAM: 0.587  GM3: 0.0000
     2s    -21.648843    2.110798
     2p    -17.239740    2.329048
 12     Sat Feb 20 23:25:47 CET 2016    EN: 0.033 GAM: 0.222  GM3: 0.0000
     3s    -12.693633    1.302878
     3p     -8.128821    0.504252
 
 dipole moment of classical point charges (au)
     X       Y       Z   
   0.5416   0.5163   0.2257  total (Debye):    1.986

 
 Nbf   :          338
 T(el) :   300.0
 calculating S/T integrals ...
 cpu time for ints   0.156443000000000     
 Nao   :          338
 making H0...
 making H1...
 cpu time for H      1.297999999999999E-002
 solving ...
 cpu time for diag   6.997899999999999E-002
 
 gap (eV)           :   1.380
 Koopmans IP (eV)   :  12.020
 Eel (Eh)           :  -268.522006
 T,E(Fermi),NFOD :    300.000   -11.330  0.000000
 T,E(Fermi),NFOD :    300.000   -11.330  0.000000
 Nfod               :  0.0000
 Nfod/Nel           :  0.0000

          eigenvalues
 #    :         164        165        166        167        168        169        170        171
 occ. :        2.000      2.000      2.000      2.000      2.000      2.000      2.000      2.000
 eps  :       -16.237    -16.103    -15.970    -15.939    -15.672    -15.506    -15.366    -15.067
 #    :         172        173        174        175        176        177        178        179
 occ. :        2.000      2.000      2.000      2.000      2.000      0.000      0.000      0.000
 eps  :       -15.020    -14.847    -14.695    -13.215    -12.022    -10.641     -9.788     -8.470
 #    :         180        181        182        183        184        185        186        187
 occ. :        0.000      0.000      0.000      0.000      0.000      0.000      0.000      0.000
 eps  :        -8.179     -8.154     -7.893     -7.824     -7.754     -7.442     -7.041     -6.966
                            1  SCC done.
 making H1...
 cpu time for H      8.478900000000003E-002
 solving ...
 cpu time for diag   3.220099999999998E-002
 
 gap (eV)           :   1.644
 Koopmans IP (eV)   :  11.825
 Eel (Eh)           :  -265.524730
 T,E(Fermi),NFOD :    300.000   -11.003  0.000000
 T,E(Fermi),NFOD :    300.000   -11.003  0.000000
 Nfod               :  0.0000
 Nfod/Nel           :  0.0000

          eigenvalues
 #    :         164        165        166        167        168        169        170        171
 occ. :        2.000      2.000      2.000      2.000      2.000      2.000      2.000      2.000
 eps  :       -15.225    -15.084    -14.885    -14.877    -14.759    -14.510    -14.453    -14.252
 #    :         172        173        174        175        176        177        178        179
 occ. :        2.000      2.000      2.000      2.000      2.000      0.000      0.000      0.000
 eps  :       -14.219    -14.101    -13.805    -12.554    -11.826    -10.183     -9.082     -8.194
 #    :         180        181        182        183        184        185        186        187
 occ. :        0.000      0.000      0.000      0.000      0.000      0.000      0.000      0.000
 eps  :        -8.144     -7.929     -7.794     -7.708     -7.590     -7.192     -6.917     -6.748
                            2  SCC done.
 
 
 Mulliken/CM5 charges    n(s)   n(p)   n(d)   
    1 MG  0.2970  0.7507   0.672  1.031  0.000
    2 C   0.0033  0.0065   1.162  2.835  0.000
    3 C  -0.0497 -0.0919   1.125  2.924  0.000
    4 C  -0.0113 -0.0519   1.111  2.901  0.000
    5 C  -0.0227 -0.0650   1.124  2.899  0.000
    6 N  -0.1820 -0.4662   1.393  3.789  0.000
    7 C   0.0396  0.1026   1.224  2.736  0.000
    8 C  -0.0399 -0.0940   1.210  2.830  0.000
    9 C  -0.0291 -0.0859   1.184  2.845  0.000
   10 C   0.0491  0.1105   1.206  2.745  0.000
   11 C  -0.1138 -0.2638   1.108  3.005  0.000
   12 C  -0.0502 -0.1583   1.150  2.900  0.000
   13 C  -0.0386 -0.1393   1.137  2.901  0.000
   14 C   0.1990  0.2458   1.206  2.595  0.000
   15 O  -0.2690 -0.3194   1.629  4.640  0.000
   16 O  -0.1592 -0.2348   1.501  4.658  0.000
   17 N  -0.2189 -0.5149   1.366  3.853  0.000
   18 C   0.0329  0.0988   1.180  2.787  0.000
   19 C  -0.0532 -0.0559   1.221  2.833  0.000
   20 C  -0.0637 -0.0581   1.210  2.854  0.000
   21 C   0.0240  0.0832   1.200  2.776  0.000
   22 C  -0.0860 -0.2311   1.089  2.997  0.000
   23 C   0.1580  0.1808   1.207  2.635  0.000
   24 O  -0.2335 -0.2886   1.622  4.612  0.000
   25 C  -0.0858 -0.2276   1.092  2.994  0.000
   26 N  -0.1482 -0.3904   1.412  3.736  0.000
   27 C   0.0335  0.0879   1.215  2.751  0.000
   28 C  -0.0242 -0.0813   1.199  2.825  0.000
   29 C  -0.0085 -0.0647   1.180  2.829  0.000
   30 C   0.0461  0.1035   1.207  2.747  0.000
   31 C  -0.0948 -0.2423   1.111  2.984  0.000
   32 C  -0.0471 -0.1572   1.151  2.896  0.000
   33 C  -0.1028 -0.2540   1.096  3.006  0.000
   34 N  -0.2141 -0.4912   1.378  3.836  0.000
   35 C   0.0232  0.0844   1.200  2.777  0.000
   36 C  -0.0040 -0.0118   1.218  2.786  0.000
   37 C  -0.0874 -0.0797   1.201  2.887  0.000
   38 C   0.0377  0.1121   1.181  2.781  0.000
   39 C  -0.0645 -0.2083   1.079  2.985  0.000
   40 C   0.1766  0.2130   1.189  2.635  0.000
   41 O  -0.2154 -0.2616   1.620  4.595  0.000
   42 C  -0.0228 -0.0651   1.179  2.844  0.000
   43 C   0.2299  0.2846   1.176  2.594  0.000
   44 O  -0.2643 -0.3106   1.625  4.640  0.000
   45 O  -0.1535 -0.2412   1.470  4.684  0.000
   46 C   0.0161 -0.1056   1.093  2.891  0.000
   47 C   0.0405 -0.0412   1.147  2.813  0.000
   48 C  -0.0654 -0.1218   1.167  2.898  0.000
   49 C  -0.0248 -0.0451   1.229  2.796  0.000
   50 C  -0.1012 -0.2465   1.083  3.018  0.000
   51 C  -0.0679 -0.1738   1.147  2.921  0.000
   52 C  -0.0522 -0.1627   1.149  2.904  0.000
   53 C  -0.0707 -0.1812   1.159  2.911  0.000
   54 C  -0.0338 -0.1078   1.225  2.809  0.000
   55 C  -0.0998 -0.2501   1.104  2.996  0.000
   56 C  -0.0773 -0.1883   1.166  2.912  0.000
   57 C  -0.0754 -0.1888   1.156  2.919  0.000
   58 C  -0.0843 -0.1941   1.170  2.914  0.000
   59 C  -0.0433 -0.1152   1.231  2.812  0.000
   60 C  -0.1035 -0.2527   1.107  2.997  0.000
   61 C  -0.0811 -0.1908   1.175  2.906  0.000
   62 C  -0.0498 -0.1608   1.154  2.896  0.000
   63 C  -0.0616 -0.1714   1.150  2.912  0.000
   64 C  -0.0250 -0.0987   1.218  2.807  0.000
   65 C  -0.1302 -0.2814   1.115  3.015  0.000
   66 C  -0.1009 -0.2504   1.104  2.997  0.000
   67 H   0.0571  0.1167   0.943  0.000  0.000
   68 H   0.0541  0.1207   0.946  0.000  0.000
   69 H   0.0560  0.1150   0.944  0.000  0.000
   70 H   0.0429  0.1107   0.957  0.000  0.000
   71 H   0.0455  0.1103   0.955  0.000  0.000
   72 H   0.0284  0.0834   0.972  0.000  0.000
   73 H   0.0368  0.0913   0.963  0.000  0.000
   74 H   0.0555  0.1086   0.945  0.000  0.000
   75 H   0.0412  0.0991   0.959  0.000  0.000
   76 H   0.0360  0.0941   0.964  0.000  0.000
   77 H   0.0376  0.1005   0.962  0.000  0.000
   78 H   0.0621  0.1191   0.938  0.000  0.000
   79 H   0.0453  0.0974   0.955  0.000  0.000
   80 H   0.0460  0.0995   0.954  0.000  0.000
   81 H   0.0456  0.0974   0.954  0.000  0.000
   82 H   0.0507  0.1043   0.949  0.000  0.000
   83 H   0.0484  0.1071   0.952  0.000  0.000
   84 H   0.0502  0.1043   0.950  0.000  0.000
   85 H   0.0416  0.1034   0.958  0.000  0.000
   86 H   0.0550  0.1178   0.945  0.000  0.000
   87 H   0.0507  0.1013   0.949  0.000  0.000
   88 H   0.0431  0.0976   0.957  0.000  0.000
   89 H   0.0272  0.0808   0.973  0.000  0.000
   90 H   0.0393  0.0967   0.961  0.000  0.000
   91 H   0.0419  0.0979   0.958  0.000  0.000
   92 H   0.0274  0.0787   0.973  0.000  0.000
   93 H   0.0354  0.0885   0.965  0.000  0.000
   94 H   0.0316  0.0827   0.968  0.000  0.000
   95 H   0.0609  0.1167   0.939  0.000  0.000
   96 H   0.0603  0.1140   0.940  0.000  0.000
   97 H   0.0493  0.1032   0.951  0.000  0.000
   98 H   0.0577  0.1245   0.942  0.000  0.000
   99 H   0.0569  0.1231   0.943  0.000  0.000
  100 H   0.0456  0.1039   0.954  0.000  0.000
  101 H   0.0504  0.1115   0.950  0.000  0.000
  102 H   0.0634  0.1297   0.937  0.000  0.000
  103 H   0.0668  0.1308   0.933  0.000  0.000
  104 H   0.0422  0.0999   0.958  0.000  0.000
  105 H   0.0395  0.0910   0.960  0.000  0.000
  106 H   0.0365  0.0887   0.964  0.000  0.000
  107 H   0.0403  0.0915   0.960  0.000  0.000
  108 H   0.0350  0.0907   0.965  0.000  0.000
  109 H   0.0350  0.0915   0.965  0.000  0.000
  110 H   0.0311  0.0875   0.969  0.000  0.000
  111 H   0.0441  0.1014   0.956  0.000  0.000
  112 H   0.0349  0.0922   0.965  0.000  0.000
  113 H   0.0393  0.0955   0.961  0.000  0.000
  114 H   0.0522  0.1124   0.948  0.000  0.000
  115 H   0.0312  0.0842   0.969  0.000  0.000
  116 H   0.0414  0.0941   0.959  0.000  0.000
  117 H   0.0412  0.0936   0.959  0.000  0.000
  118 H   0.0430  0.0991   0.957  0.000  0.000
  119 H   0.0267  0.0831   0.973  0.000  0.000
  120 H   0.0310  0.0876   0.969  0.000  0.000
  121 H   0.0330  0.0896   0.967  0.000  0.000
  122 H   0.0353  0.0916   0.965  0.000  0.000
  123 H   0.0297  0.0858   0.970  0.000  0.000
  124 H   0.0380  0.0983   0.962  0.000  0.000
  125 H   0.0379  0.0908   0.962  0.000  0.000
  126 H   0.0360  0.0868   0.964  0.000  0.000
  127 H   0.0417  0.0936   0.958  0.000  0.000
  128 H   0.0304  0.0868   0.970  0.000  0.000
  129 H   0.0380  0.0935   0.962  0.000  0.000
  130 H   0.0446  0.0997   0.955  0.000  0.000
  131 H   0.0412  0.0992   0.959  0.000  0.000
  132 H   0.0430  0.0994   0.957  0.000  0.000
  133 H   0.0300  0.0866   0.970  0.000  0.000
  134 H   0.0393  0.0975   0.961  0.000  0.000
  135 H   0.0247  0.0759   0.975  0.000  0.000
  136 H   0.0321  0.0853   0.968  0.000  0.000
  137 H   0.0321  0.0833   0.968  0.000  0.000
  138 H   0.0361  0.0896   0.964  0.000  0.000
  139 H   0.0338  0.0855   0.966  0.000  0.000
  140 H   0.0341  0.0856   0.966  0.000  0.000
 Hirshfeld charges for QMDFF written to <charges>
 
 Loewdin charges    n(s)   n(p)   n(d)
    1 MG  0.1342   0.683  1.183  0.000
    2 C   0.0068   1.119  2.874  0.000
    3 C  -0.0474   1.072  2.975  0.000
    4 C  -0.0094   1.057  2.953  0.000
    5 C  -0.0213   1.072  2.950  0.000
    6 N  -0.1425   1.346  3.796  0.000
    7 C   0.0403   1.188  2.772  0.000
    8 C  -0.0337   1.163  2.870  0.000
    9 C  -0.0217   1.136  2.886  0.000
   10 C   0.0538   1.168  2.778  0.000
   11 C  -0.1185   1.039  3.080  0.000
   12 C  -0.0442   1.091  2.954  0.000
   13 C  -0.0373   1.077  2.960  0.000
   14 C   0.1784   1.180  2.641  0.000
   15 O  -0.2555   1.600  4.655  0.000
   16 O  -0.1275   1.469  4.658  0.000
   17 N  -0.1843   1.322  3.862  0.000
   18 C   0.0351   1.140  2.825  0.000
   19 C  -0.0456   1.180  2.865  0.000
   20 C  -0.0705   1.174  2.897  0.000
   21 C   0.0289   1.160  2.811  0.000
   22 C  -0.0878   1.016  3.072  0.000
   23 C   0.1561   1.171  2.673  0.000
   24 O  -0.2172   1.590  4.627  0.000
   25 C  -0.0916   1.019  3.073  0.000
   26 N  -0.1186   1.372  3.747  0.000
   27 C   0.0394   1.176  2.784  0.000
   28 C  -0.0171   1.152  2.866  0.000
   29 C  -0.0013   1.130  2.871  0.000
   30 C   0.0509   1.168  2.781  0.000
   31 C  -0.0961   1.039  3.057  0.000
   32 C  -0.0416   1.092  2.950  0.000
   33 C  -0.1051   1.025  3.080  0.000
   34 N  -0.1820   1.335  3.847  0.000
   35 C   0.0236   1.163  2.814  0.000
   36 C   0.0050   1.176  2.819  0.000
   37 C  -0.0966   1.165  2.931  0.000
   38 C   0.0410   1.142  2.817  0.000
   39 C  -0.0649   1.003  3.062  0.000
   40 C   0.1669   1.156  2.678  0.000
   41 O  -0.1960   1.586  4.611  0.000
   42 C  -0.0236   1.130  2.894  0.000
   43 C   0.2062   1.150  2.644  0.000
   44 O  -0.2506   1.595  4.656  0.000
   45 O  -0.1173   1.433  4.684  0.000
   46 C   0.0074   1.022  2.970  0.000
   47 C   0.0408   1.090  2.869  0.000
   48 C  -0.0624   1.119  2.943  0.000
   49 C  -0.0155   1.189  2.826  0.000
   50 C  -0.1053   1.011  3.095  0.000
   51 C  -0.0659   1.089  2.977  0.000
   52 C  -0.0475   1.090  2.958  0.000
   53 C  -0.0687   1.102  2.966  0.000
   54 C  -0.0239   1.179  2.845  0.000
   55 C  -0.1038   1.033  3.071  0.000
   56 C  -0.0747   1.109  2.966  0.000
   57 C  -0.0718   1.098  2.973  0.000
   58 C  -0.0824   1.114  2.968  0.000
   59 C  -0.0345   1.187  2.848  0.000
   60 C  -0.1067   1.036  3.070  0.000
   61 C  -0.0787   1.119  2.959  0.000
   62 C  -0.0439   1.095  2.949  0.000
   63 C  -0.0585   1.092  2.966  0.000
   64 C  -0.0127   1.171  2.842  0.000
   65 C  -0.1369   1.047  3.090  0.000
   66 C  -0.1045   1.033  3.071  0.000
   67 H   0.0530   0.947  0.000  0.000
   68 H   0.0478   0.952  0.000  0.000
   69 H   0.0520   0.948  0.000  0.000
   70 H   0.0363   0.964  0.000  0.000
   71 H   0.0408   0.959  0.000  0.000
   72 H   0.0304   0.970  0.000  0.000
   73 H   0.0368   0.963  0.000  0.000
   74 H   0.0555   0.945  0.000  0.000
   75 H   0.0386   0.961  0.000  0.000
   76 H   0.0331   0.967  0.000  0.000
   77 H   0.0337   0.966  0.000  0.000
   78 H   0.0569   0.943  0.000  0.000
   79 H   0.0447   0.955  0.000  0.000
   80 H   0.0460   0.954  0.000  0.000
   81 H   0.0446   0.955  0.000  0.000
   82 H   0.0504   0.950  0.000  0.000
   83 H   0.0459   0.954  0.000  0.000
   84 H   0.0499   0.950  0.000  0.000
   85 H   0.0364   0.964  0.000  0.000
   86 H   0.0494   0.951  0.000  0.000
   87 H   0.0492   0.951  0.000  0.000
   88 H   0.0419   0.958  0.000  0.000
   89 H   0.0287   0.971  0.000  0.000
   90 H   0.0366   0.963  0.000  0.000
   91 H   0.0390   0.961  0.000  0.000
   92 H   0.0281   0.972  0.000  0.000
   93 H   0.0371   0.963  0.000  0.000
   94 H   0.0319   0.968  0.000  0.000
   95 H   0.0596   0.940  0.000  0.000
   96 H   0.0578   0.942  0.000  0.000
   97 H   0.0473   0.953  0.000  0.000
   98 H   0.0502   0.950  0.000  0.000
   99 H   0.0518   0.948  0.000  0.000
  100 H   0.0428   0.957  0.000  0.000
  101 H   0.0465   0.954  0.000  0.000
  102 H   0.0553   0.945  0.000  0.000
  103 H   0.0598   0.940  0.000  0.000
  104 H   0.0352   0.965  0.000  0.000
  105 H   0.0396   0.960  0.000  0.000
  106 H   0.0373   0.963  0.000  0.000
  107 H   0.0400   0.960  0.000  0.000
  108 H   0.0326   0.967  0.000  0.000
  109 H   0.0333   0.967  0.000  0.000
  110 H   0.0284   0.972  0.000  0.000
  111 H   0.0418   0.958  0.000  0.000
  112 H   0.0334   0.967  0.000  0.000
  113 H   0.0372   0.963  0.000  0.000
  114 H   0.0476   0.952  0.000  0.000
  115 H   0.0315   0.968  0.000  0.000
  116 H   0.0414   0.959  0.000  0.000
  117 H   0.0417   0.958  0.000  0.000
  118 H   0.0407   0.959  0.000  0.000
  119 H   0.0250   0.975  0.000  0.000
  120 H   0.0297   0.970  0.000  0.000
  121 H   0.0319   0.968  0.000  0.000
  122 H   0.0336   0.966  0.000  0.000
  123 H   0.0282   0.972  0.000  0.000
  124 H   0.0341   0.966  0.000  0.000
  125 H   0.0392   0.961  0.000  0.000
  126 H   0.0360   0.964  0.000  0.000
  127 H   0.0411   0.959  0.000  0.000
  128 H   0.0286   0.971  0.000  0.000
  129 H   0.0358   0.964  0.000  0.000
  130 H   0.0411   0.959  0.000  0.000
  131 H   0.0388   0.961  0.000  0.000
  132 H   0.0403   0.960  0.000  0.000
  133 H   0.0279   0.972  0.000  0.000
  134 H   0.0339   0.966  0.000  0.000
  135 H   0.0261   0.974  0.000  0.000
  136 H   0.0336   0.966  0.000  0.000
  137 H   0.0339   0.966  0.000  0.000
  138 H   0.0366   0.963  0.000  0.000
  139 H   0.0340   0.966  0.000  0.000
  140 H   0.0339   0.966  0.000  0.000
 
 Wiberg/Mayer (AO) data. WBOs > 0.1 written file <wbo>
 largest (>0.05) Wiberg bond orders for each atom
           total WBO             WBO to atom ...
     1  MG  2.545    N   17 0.537    N   34 0.482    N    6 0.424    N   26 0.377    C   18 0.052    C   38 0.052    C   21 0.051    C   10 0.051
     2  C   3.915    C    7 1.389    C   38 1.237    C   42 0.962
     3  C   3.920    C   10 1.436    C   18 1.258    H   67 0.931
     4  C   3.933    C   27 1.456    C   21 1.281    H   68 0.924
     5  C   3.917    C   30 1.423    C   35 1.296    H   69 0.931
     6  N   3.340    C    7 1.236    C   10 1.226    MG   1 0.424
     7  C   3.859    C    2 1.389    N    6 1.236    C    8 0.928
     8  C   3.931    C    9 0.954    H   70 0.941    C   12 0.936    C    7 0.928
     9  C   3.942    C   11 0.969    C    8 0.954    H   71 0.944    C   10 0.935
    10  C   3.864    C    3 1.436    N    6 1.226    C    9 0.935    MG   1 0.051
    11  C   3.953    H   73 0.973    H   72 0.972    C    9 0.969    H   74 0.967
    12  C   3.953    C   13 0.985    H   76 0.966    H   75 0.963    C    8 0.936
    13  C   3.967    C   12 0.985    H   77 0.972    H   78 0.951    C   14 0.916    O   15 0.079
    14  C   3.881    O   15 1.834    O   16 1.088    C   13 0.916
    15  O   2.135    C   14 1.834    O   16 0.169    C   13 0.079
    16  O   2.289    C   14 1.088    C   47 0.940    O   15 0.169
    17  N   3.344    C   18 1.206    C   21 1.148    MG   1 0.537    C   20 0.060    C   19 0.052
    18  C   3.878    C    3 1.258    N   17 1.206    C   19 1.156    MG   1 0.052
    19  C   3.860    C   20 1.466    C   18 1.156    C   22 0.968    N   17 0.052
    20  C   3.885    C   19 1.466    C   21 1.141    C   23 0.943    O   24 0.079    N   17 0.060
    21  C   3.866    C    4 1.281    N   17 1.148    C   20 1.141    N   26 0.059    MG   1 0.051
    22  C   3.978    H   80 0.977    H   79 0.975    H   81 0.971    C   19 0.968
    23  C   3.880    O   24 1.857    C   25 0.984    C   20 0.943
    24  O   2.172    C   23 1.857    C   20 0.079    C   25 0.071
    25  C   3.985    C   23 0.984    H   83 0.968    H   82 0.959    H   84 0.951    O   24 0.071
    26  N   3.328    C   30 1.248    C   27 1.209    MG   1 0.377    C   21 0.059    C   35 0.055
    27  C   3.870    C    4 1.456    N   26 1.209    C   28 0.954
    28  C   3.935    C   27 0.954    C   31 0.954    C   29 0.948    H   85 0.941
    29  C   3.945    C   30 0.968    C   32 0.954    C   28 0.948    H   86 0.928
    30  C   3.874    C    5 1.423    N   26 1.248    C   29 0.968
    31  C   3.965    H   89 0.981    H   88 0.981    H   87 0.978    C   28 0.954
    32  C   3.955    C   33 0.994    H   91 0.967    H   90 0.966    C   29 0.954
    33  C   3.973    C   32 0.994    H   92 0.987    H   94 0.985    H   93 0.974
    34  N   3.308    C   38 1.235    C   35 1.149    MG   1 0.482    C   37 0.063    C   36 0.051
    35  C   3.863    C    5 1.296    C   36 1.151    N   34 1.149    N   26 0.055
    36  C   3.854    C   37 1.397    C   35 1.151    C   39 1.013    N   34 0.051    O   41 0.051
    37  C   3.894    C   36 1.397    C   38 1.141    C   40 1.002    O   41 0.082    N   34 0.063
    38  C   3.893    C    2 1.237    N   34 1.235    C   37 1.141    MG   1 0.052
    39  C   3.981    C   36 1.013    H   97 0.965    H   95 0.964    H   96 0.958
    40  C   3.888    O   41 1.879    C   37 1.002    C   42 0.860
    41  O   2.209    C   40 1.879    C   37 0.082    C   42 0.081    C   36 0.051
    42  C   3.950    C    2 0.962    H   98 0.925    C   43 0.917    C   40 0.860    O   41 0.081    O   44 0.070
    43  C   3.895    O   44 1.826    O   45 1.079    C   42 0.917
    44  O   2.138    C   43 1.826    O   45 0.166    C   42 0.070
    45  O   2.289    C   43 1.079    C   46 0.974    O   44 0.166
    46  C   3.943    H  100 0.989    H  101 0.984    H   99 0.981    O   45 0.974
    47  C   3.925    C   48 0.973    H  102 0.964    H  103 0.960    O   16 0.940
    48  C   3.957    C   49 1.926    C   47 0.973    H  104 0.942
    49  C   3.922    C   48 1.926    C   50 0.976    C   51 0.934
    50  C   3.981    C   49 0.976    H  107 0.974    H  106 0.974    H  105 0.972
    51  C   3.956    C   52 0.977    H  108 0.965    H  109 0.959    C   49 0.934
    52  C   3.964    C   53 0.983    C   51 0.977    H  110 0.970    H  111 0.961
    53  C   3.962    C   52 0.983    C   54 0.981    H  112 0.959    H  113 0.957
    54  C   3.932    C   55 0.990    C   53 0.981    H  114 0.945    C   56 0.942
    55  C   3.980    C   54 0.990    H  115 0.980    H  117 0.974    H  116 0.974
    56  C   3.960    C   57 1.012    H  119 0.965    H  118 0.956    C   54 0.942
    57  C   3.964    C   56 1.012    C   58 0.965    H  120 0.965    H  121 0.955
    58  C   3.956    C   59 0.972    H  123 0.969    C   57 0.965    H  122 0.962
    59  C   3.925    C   58 0.972    C   60 0.972    C   61 0.966    H  124 0.949
    60  C   3.975    H  126 0.982    H  127 0.980    H  125 0.976    C   59 0.972
    61  C   3.954    H  128 0.968    C   62 0.968    C   59 0.966    H  129 0.964
    62  C   3.966    C   63 1.000    H  130 0.969    C   61 0.968    H  131 0.962
    63  C   3.963    C   62 1.000    H  133 0.964    C   64 0.964    H  132 0.960
    64  C   3.933    C   66 0.987    C   65 0.977    C   63 0.964    H  134 0.958
    65  C   3.970    H  135 0.982    C   64 0.977    H  136 0.976    H  137 0.976
    66  C   3.981    C   64 0.987    H  140 0.982    H  139 0.979    H  138 0.977
    67  H   0.994    C    3 0.931
    68  H   0.994    C    4 0.924
    69  H   0.994    C    5 0.931
    70  H   0.996    C    8 0.941
    71  H   0.996    C    9 0.944
    72  H   0.997    C   11 0.972
    73  H   0.998    C   11 0.973
    74  H   0.995    C   11 0.967
    75  H   0.997    C   12 0.963
    76  H   0.997    C   12 0.966
    77  H   0.998    C   13 0.972
    78  H   0.995    C   13 0.951
    79  H   0.995    C   22 0.975
    80  H   0.996    C   22 0.977
    81  H   0.994    C   22 0.971
    82  H   0.997    C   25 0.959
    83  H   0.995    C   25 0.968
    84  H   0.997    C   25 0.951
    85  H   0.996    C   28 0.941
    86  H   0.994    C   29 0.928
    87  H   0.996    C   31 0.978
    88  H   0.997    C   31 0.981
    89  H   0.998    C   31 0.981
    90  H   0.996    C   32 0.966
    91  H   0.996    C   32 0.967
    92  H   0.999    C   33 0.987
    93  H   0.998    C   33 0.974
    94  H   0.999    C   33 0.985
    95  H   0.993    C   39 0.964
    96  H   0.993    C   39 0.958
    97  H   0.993    C   39 0.965
    98  H   0.994    C   42 0.925
    99  H   0.997    C   46 0.981
   100  H   0.997    C   46 0.989
   101  H   0.997    C   46 0.984
   102  H   0.996    C   47 0.964
   103  H   0.995    C   47 0.960
   104  H   0.998    C   48 0.942
   105  H   0.998    C   50 0.972
   106  H   0.998    C   50 0.974
   107  H   0.998    C   50 0.974
   108  H   0.998    C   51 0.965
   109  H   0.999    C   51 0.959
   110  H   0.999    C   52 0.970
   111  H   0.997    C   52 0.961
   112  H   0.999    C   53 0.959
   113  H   0.997    C   53 0.957
   114  H   0.997    C   54 0.945
   115  H   0.999    C   55 0.980
   116  H   0.997    C   55 0.974
   117  H   0.998    C   55 0.974
   118  H   0.997    C   56 0.956
   119  H   0.999    C   56 0.965
   120  H   0.999    C   57 0.965
   121  H   0.998    C   57 0.955
   122  H   0.998    C   58 0.962
   123  H   0.999    C   58 0.969
   124  H   0.999    C   59 0.949
   125  H   0.998    C   60 0.976
   126  H   0.999    C   60 0.982
   127  H   0.998    C   60 0.980
   128  H   0.999    C   61 0.968
   129  H   0.998    C   61 0.964
   130  H   0.998    C   62 0.969
   131  H   0.998    C   62 0.962
   132  H   0.998    C   63 0.960
   133  H   0.998    C   63 0.964
   134  H   0.998    C   64 0.958
   135  H   0.999    C   65 0.982
   136  H   0.999    C   65 0.976
   137  H   0.999    C   65 0.976
   138  H   0.998    C   66 0.977
   139  H   0.999    C   66 0.979
   140  H   0.998    C   66 0.982
 
 --------------------------------------------
          xTB calculation for sTDA...
 --------------------------------------------
 
 reading parameter file ~/.param_stda2.xtb
 
      method parameters     
 k(s)        :  1.6000
 k(p)        :  2.1800
 k(d)        :  1.9500
 k(f)        :  2.0000
 k(R-V)      :  2.2750
 k(R-R)      :  1.7650
 Tscal       :  0.2580
 Gscal       :  1.0000
 fpol        :  1.0000
 Zcnf        :  0.3430
 Zqf         :  0.0000
 kcn         :  2.7000
 Ryd Hsplit  :  0.7000
 lshift(virt):  3.1000
 lshift(OS)  :  0.2000
 wllscaling  :  2.6000
 
 mowrcut     : 3.000
 
  Z AO/shell   Hii/eV     exponent
  1     Sun Feb 14 09:53:25 CET 2016    EN: 2.327 GAM: 0.473  GM3: 0.0000
     1s    -14.339618    1.220000
     2sp    -3.348946    0.600000
  6     Sun Feb 14 09:53:25 CET 2016    EN: 2.731 GAM: 0.422  GM3: 0.0000
     2s    -22.009312    1.565095
     2p    -13.020408    1.596905
     3sp    -3.914040    0.824500
  7     Sun Feb 14 09:53:25 CET 2016    EN: 3.573 GAM: 0.504  GM3: 0.0000
     2s    -25.722000    2.064844
     2p    -18.684912    1.801692
     3sp    -4.344791    0.921400
  8     Sun Feb 14 09:53:25 CET 2016    EN: 3.700 GAM: 0.587  GM3: 0.0000
     2s    -33.859000    2.418661
     2p    -22.175911    1.973969
     3sp    -4.259392    1.013700
 12     Sun Feb 21 16:58:31 CET 2016    EN: 0.033 GAM: 0.222  GM3: 0.0000
     3s    -11.092543    1.647583
     3p     -6.929529    0.855020
 
 Nbf   :          894
 T(el) :     0.0
 calculating S/T integrals ...
 cpu time for ints    1.17321700000000     
 Nao   :          894
 making H0...
 making H1...
 cpu time for H      2.110200000000018E-002
 solving ...
 cpu time for diag   0.277429000000000     
 
 gap (eV)           :   4.736
 Koopmans IP (eV)   :  13.164
 Eel (Eh)           :  -300.627873

          eigenvalues
 #    :         164        165        166        167        168        169        170        171
 occ. :        2.000      2.000      2.000      2.000      2.000      2.000      2.000      2.000
 eps  :       -17.260    -17.190    -16.820    -16.336    -16.251    -16.041    -15.866    -15.767
 #    :         172        173        174        175        176        177        178        179
 occ. :        2.000      2.000      2.000      2.000      2.000      0.000      0.000      0.000
 eps  :       -15.508    -15.341    -15.062    -13.816    -13.165     -8.428     -6.751     -6.548
 #    :         180        181        182        183        184        185        186        187
 occ. :        0.000      0.000      0.000      0.000      0.000      0.000      0.000      0.000
 eps  :        -6.131     -6.072     -5.731     -5.676     -5.260     -5.124     -5.087     -4.995
                            1  SCC done.
 writing mo output ...
 molden style : F
 
speedup  1.19
cpu  time for all    2.02 s
wall time for all    1.70 s
