 
        ______________________________________
       |                                      |
       |          ===================         |
       |             xTB for sTDA             |
       |          ===================         |
       |               S. Grimme              |
       |        Universitaet Bonn, MCTC       |
       |         2015-19, Version 1.0         |
       |     Wed Apr  3 09:14:55 CEST 2019    |
       |______________________________________|
 
        This code comes without any warranty
        for non-commercial, academia use only.
        Preliminary test version.
        Cite this work as:
        S. Grimme  &  C. Bannwarth, JCP 145 (2016) 054103
        if GBSA is used additionally:
        P. Shushkov, F. März, C. Bannwarth, S. Grimme, unpublished.
 
        with help from
        P. Shushkov, G. Brandenburg, S. Dohm, J. Pisarek,
        F. März, M. Checinski, S. Ehrlich, S. Spicher, 
        P. Pracht, E. Caldeweyher, S. Ehlert, and C. Bannwarth.
 
        usage        :
        xtb4stda <coord_file> [options]
        where <coord_file> is a valid file of TM)
        (*coord, Bohr) or xmol (*xyz, Angstroem)
        format.

        options:
        -chrg <int>   : molecular charge
        -uhf  <int>   : # of unpaired electrons(=2*S)
        -nox          : skip second, extended part in sTDA-xTB
        -pop          : do population analysis
                      : (default for -nox)
        -mowr <real>  : cut MO write above (def.3 Eh)
        -molden       : write formatted molden file
        -parx <file>  : read parameters for sTDA-xTB
                        calc (def:~/.param_stda2.xtb)
        -parv <file>  : read parameters for vTB part in
                        sTDA-xTB (def: ~/.param_stda1.xtb)
        -xtemp <real> : el. temp for xTB (def. 0 K)
        -etemp <real> : el. temp for GFN (def. 300 K)
        -fod          : calculate the FOD and write
                        molden.input file with
                        appropriate occupations
                        for plotting. Def. T=12500 K
 
        -acc <real>   : xTB accuracy (def. 1.0)
        -gbsa [string1] [string2]
                        use GBSA implicit solvent
                        for solvent [string1] and
                        solvation state [string2]=
                        reference, bar1M (default=1M)
        additional GFN/opt/MD/siman options read from
        $XTB4STDAHOME/.xtb4stdarc or $set in input
 
       spin and charge state information can be on:
       <.CHRG> (charge) and <.UHF> (=nalpha-nbeta)
       -uhf and -chrg override the file info.
       useful machine settings:
       setenv MKL_NUM_THREADS <NCORE_ON_YOUR_MACHINE>
       setenv OMP_STACKSIZE 500m
       limit stacksize unlimited
 
       total energies in Eh, gaps/HL energies in eV
       please read REVISION and HOWTO files carefully
 =============================
  # OMP threads =           4
 =============================
 
 xtb4stdahome directory:~/
 
 
 name of molecule           :
 comment line               :
 number of atoms            :   140
 number of electrons        :   352
 charge                     :  0
 spin                       : 0.0
 first test random number   :  0.6426
 
 -----------------------------------------
      charge density (VTB) calculation
 -----------------------------------------
 
      method parameters     
 k(s)        :  1.8000
 k(p)        :  2.8350
 k(d)        :  2.0860
 k(f)        :  2.0000
 Tscal       :  0.3300
 Gscal       :  0.3910
 fpol        :  1.0000
 Zcnf        :  0.6500
 Zqf         :  0.0000
 kcn         :  0.3000
 kEN1        : -0.5900
 wllscal     :  2.6000
 
     -------------------------
     ! NO SOLVENT MODEL USED !
     -------------------------
 
 doing EN charges ...
 sum q : -0.2553513D-14
 point charge moment (au)
     X       Y       Z   
  -0.6075  -0.7183   0.4936  total (Debye):    2.700
 
            Z      q(EN)   CN      Cart. coordinates
     1  MG  2.0   0.904   4.763     1.99555    15.02521    49.23870
     2  C   4.0   0.017   3.262     3.27678    19.02198    54.29372
     3  C   4.0  -0.058   3.196     3.03301     9.97397    53.21279
     4  C   4.0  -0.059   3.157     1.18108    10.82435    44.32541
     5  C   4.0  -0.057   3.145     2.27712    20.04810    45.15311
     6  N   5.0  -0.376   3.159     3.33726    14.43940    53.06161
     7  C   4.0   0.080   3.390     3.43930    16.39337    54.88331
     8  C   4.0  -0.096   4.192     3.64339    15.28599    57.47979
     9  C   4.0  -0.099   4.181     4.04968    12.42873    57.02437
    10  C   4.0   0.103   3.425     3.53757    12.22464    54.29372
    11  C   4.0  -0.237   4.047     6.66884    11.33458    57.66877
    12  C   4.0  -0.162   4.056     1.37005    16.00976    59.32228
    13  C   4.0  -0.170   4.052     2.20153    17.17572    61.80160
    14  C   4.0   0.166   3.068     4.04212    15.66961    63.45700
    15  O   6.0  -0.104   1.037     6.27389    16.07590    63.80093
    16  O   6.0  -0.098   2.028     2.82514    13.40005    64.29604
    17  N   5.0  -0.379   3.192     1.73477    10.89994    48.87209
    18  C   4.0   0.075   3.373     2.16752     9.23698    50.85819
    19  C   4.0   0.011   3.213     1.66107     6.65373    49.94168
    20  C   4.0   0.004   3.228     1.13762     6.91073    47.23937
    21  C   4.0   0.097   3.369     1.46832     9.61115    46.69891
    22  C   4.0  -0.245   4.009     1.93508     4.28968    51.64810
    23  C   4.0   0.119   3.029     0.62550     4.78479    45.27594
    24  O   6.0  -0.113   1.066     0.36850     5.24588    43.05552
    25  C   4.0  -0.246   4.026     0.34960     1.95587    45.89955
    26  N   5.0  -0.424   3.173     1.51745    15.34646    45.36476
    27  C   4.0   0.099   3.374     1.15273    13.43406    43.70180
    28  C   4.0  -0.097   4.151     0.92030    14.39782    41.06563
    29  C   4.0  -0.096   4.166     0.54991    17.30044    41.47759
    30  C   4.0   0.075   3.364     1.61761    17.69350    44.11187
    31  C   4.0  -0.236   4.027     3.27490    13.66083    39.39701
    32  C   4.0  -0.162   4.011    -2.15051    18.63270    41.02784
    33  C   4.0  -0.238   4.003    -2.03712    20.69061    38.93024
    34  N   5.0  -0.456   3.306     2.70420    18.86702    49.54483
    35  C   4.0   0.076   3.466     2.79301    20.67927    47.67590
    36  C   4.0   0.015   3.293     3.19175    23.06411    48.91178
    37  C   4.0   0.003   3.460     3.39395    22.44428    51.51015
    38  C   4.0   0.090   3.690     3.01411    19.93283    51.78038
    39  C   4.0  -0.245   4.017     3.38450    25.60201    47.57196
    40  C   4.0   0.140   3.187     3.84937    23.63291    53.98191
    41  O   6.0  -0.132   1.049     4.36905    25.66059    54.65087
    42  C   4.0  -0.112   4.161     3.75678    21.37847    56.04360
    43  C   4.0   0.178   3.124     6.14917    21.38981    57.38531
    44  O   6.0  -0.096   1.049     8.22220    20.87202    56.46690
    45  O   6.0  -0.116   2.034     5.91862    22.37624    59.77581
    46  C   4.0  -0.197   4.004     8.03134    22.62191    61.55971
    47  C   4.0  -0.139   4.053     4.42952    11.73520    65.90419
    48  C   4.0  -0.054   3.106     2.78357     9.97775    67.36684
    49  C   4.0   0.019   3.083     3.15206     9.21430    69.81781
    50  C   4.0  -0.248   4.024     5.21753    10.21208    71.60550
    51  C   4.0  -0.178   4.092     1.34548     7.23198    70.75134
    52  C   4.0  -0.163   4.054     2.40940     4.53156    70.30914
    53  C   4.0  -0.164   4.073     0.37983     2.45664    70.50568
    54  C   4.0  -0.086   4.025    -0.07748     1.70642    73.42908
    55  C   4.0  -0.240   4.059    -2.87805     1.27179    73.57648
    56  C   4.0  -0.163   4.051     1.50800    -0.81825    74.00923
    57  C   4.0  -0.162   4.038     3.95142    -0.21165    75.50400
    58  C   4.0  -0.165   4.082     6.34570    -0.44787    73.83537
    59  C   4.0  -0.089   4.064     7.93307    -2.82892    74.29836
    60  C   4.0  -0.239   4.049     6.75955    -5.38761    73.81836
    61  C   4.0  -0.166   4.110     9.15005    -2.70609    76.87027
    62  C   4.0  -0.163   4.048    12.02055    -3.31647    76.96476
    63  C   4.0  -0.166   4.095    13.56067    -0.89762    77.25011
    64  C   4.0  -0.087   4.023    16.31022    -1.04880    76.59059
    65  C   4.0  -0.238   4.026    17.99208    -0.89195    79.04346
    66  C   4.0  -0.238   4.025    17.02265     0.91652    74.47032
    67  H   1.0   0.072   1.011     3.13695     8.46030    54.61119
    68  H   1.0   0.071   1.007     0.86172     9.70185    42.62466
    69  H   1.0   0.070   1.006     2.16941    21.72807    43.95881
    70  H   1.0   0.086   1.014     5.45564    16.08535    58.05238
    71  H   1.0   0.085   1.010     2.61916    11.29678    57.98246
    72  H   1.0   0.081   0.998     7.81591    10.90372    56.01337
    73  H   1.0   0.081   1.001     6.17751     9.69429    58.81583
    74  H   1.0   0.081   1.001     7.52111    12.72730    58.92354
    75  H   1.0   0.082   1.002     0.14740    14.35247    59.34117
    76  H   1.0   0.082   1.008     0.10960    17.51209    58.68922
    77  H   1.0   0.082   1.005     0.45164    17.49319    62.84095
    78  H   1.0   0.083   1.007     3.00844    18.97474    61.20822
    79  H   1.0   0.080   0.998     2.95931     2.77601    50.69757
    80  H   1.0   0.080   0.999     0.04535     3.58292    52.06762
    81  H   1.0   0.080   0.999     2.78735     4.81502    53.44712
    82  H   1.0   0.080   0.999    -0.65385     1.04502    44.34809
    83  H   1.0   0.080   0.999    -0.77479     1.74233    47.61165
    84  H   1.0   0.080   0.997     2.10138     0.88061    46.03372
    85  H   1.0   0.084   1.009    -0.87872    13.73453    40.31352
    86  H   1.0   0.085   1.011     1.80280    18.37381    40.24549
    87  H   1.0   0.080   1.000     2.46231    12.28889    38.09310
    88  H   1.0   0.080   1.000     4.68085    12.83502    40.65745
    89  H   1.0   0.080   0.998     4.11204    15.29355    38.46348
    90  H   1.0   0.081   1.001    -2.93852    19.38481    42.77584
    91  H   1.0   0.082   1.004    -3.50166    17.29855    40.23227
    92  H   1.0   0.080   0.998    -1.22454    19.86858    37.22382
    93  H   1.0   0.080   0.998    -1.08659    22.38002    39.62566
    94  H   1.0   0.080   0.998    -3.97409    21.26320    38.52584
    95  H   1.0   0.080   0.999     2.66829    25.47162    45.64444
    96  H   1.0   0.080   0.999     5.33470    26.25018    47.71369
    97  H   1.0   0.080   1.000     2.05224    26.84167    48.53572
    98  H   1.0   0.085   1.008     2.29791    21.65437    57.47224
    99  H   1.0   0.080   0.996     9.37871    24.04865    60.93043
   100  H   1.0   0.080   0.996     9.08580    20.85313    61.61262
   101  H   1.0   0.080   0.996     7.30379    23.48551    63.28314
   102  H   1.0   0.083   1.006     5.05502    13.15249    67.26291
   103  H   1.0   0.081   0.999     6.06413    10.90183    64.96689
   104  H   1.0   0.070   1.004     1.24722     9.32391    66.15931
   105  H   1.0   0.080   0.998     6.93340     9.08769    71.41274
   106  H   1.0   0.080   0.998     4.61471    10.08169    73.57081
   107  H   1.0   0.080   0.999     5.55579    12.20385    71.20676
   108  H   1.0   0.083   1.007    -0.39495     7.74221    69.77813
   109  H   1.0   0.082   1.003     0.86360     7.34159    72.75256
   110  H   1.0   0.083   1.007     3.70764     4.39361    71.90218
   111  H   1.0   0.081   1.001     3.60749     4.44086    68.63485
   112  H   1.0   0.081   1.000     0.77857     0.90518    69.20932
   113  H   1.0   0.083   1.005    -1.30769     3.31458    69.69498
   114  H   1.0   0.083   1.006     0.55369     3.30513    74.56481
   115  H   1.0   0.081   0.998    -4.01189     1.70264    71.91163
   116  H   1.0   0.081   0.998    -3.74733     2.08815    75.25456
   117  H   1.0   0.081   1.000    -3.27301    -0.74077    73.77301
   118  H   1.0   0.082   1.004     1.87461    -1.64595    72.15919
   119  H   1.0   0.082   1.001     0.37983    -2.19586    75.04480
   120  H   1.0   0.082   1.005     4.17440    -1.64784    76.96476
   121  H   1.0   0.081   1.002     3.99299     1.64406    76.39973
   122  H   1.0   0.082   1.003     7.61182     1.16974    73.98277
   123  H   1.0   0.082   1.004     6.09248    -0.42519    71.79069
   124  H   1.0   0.084   1.014     9.46942    -2.74766    72.93019
   125  H   1.0   0.081   1.000     8.24109    -6.78223    74.13962
   126  H   1.0   0.080   0.998     5.93185    -5.59926    71.94376
   127  H   1.0   0.081   0.998     5.28367    -5.90350    75.16007
   128  H   1.0   0.083   1.006     8.35070    -4.11393    78.14584
   129  H   1.0   0.084   1.007     8.70030    -0.82959    77.59026
   130  H   1.0   0.082   1.000    12.77455    -4.64117    75.57959
   131  H   1.0   0.083   1.009    12.10558    -4.18385    78.82992
   132  H   1.0   0.083   1.006    13.36792    -0.31558    79.21731
   133  H   1.0   0.083   1.007    12.67250     0.52912    76.05958
   134  H   1.0   0.083   1.009    16.65982    -2.90829    75.77423
   135  H   1.0   0.081   1.001    17.47430     0.96187    79.77667
   136  H   1.0   0.080   0.997    19.99141    -0.80502    78.55402
   137  H   1.0   0.080   0.996    17.89570    -2.42074    80.42107
   138  H   1.0   0.080   0.997    18.56467     2.19775    74.94842
   139  H   1.0   0.080   0.997    15.52599     2.21476    73.90907
   140  H   1.0   0.080   0.999    17.53477    -0.20598    72.82059
 
  Z AO/shell   Hii/eV     exponent
  1     Sat Feb 20 21:38:01 CET 2016    EN: 2.327 GAM: 0.473  GM3: 0.0000
     1s    -13.751157    1.051071
  6     Sat Feb 20 21:38:01 CET 2016    EN: 2.731 GAM: 0.422  GM3: 0.0000
     2s    -19.378245    2.021003
     2p    -11.993376    1.497917
  7     Sat Feb 20 21:38:01 CET 2016    EN: 3.573 GAM: 0.504  GM3: 0.0000
     2s    -21.576984    2.275442
     2p    -16.125120    2.056788
  8     Sat Feb 20 21:38:01 CET 2016    EN: 3.700 GAM: 0.587  GM3: 0.0000
     2s    -21.648843    2.110798
     2p    -17.239740    2.329048
 12     Sat Feb 20 23:25:47 CET 2016    EN: 0.033 GAM: 0.222  GM3: 0.0000
     3s    -12.693633    1.302878
     3p     -8.128821    0.504252
 
 dipole moment of classical point charges (au)
     X       Y       Z   
  -0.6075  -0.7183   0.4936  total (Debye):    2.700

 
 Nbf   :          338
 T(el) :   300.0
 calculating S/T integrals ...
 cpu time for ints   0.190549000000000     
 Nao   :          338
 making H0...
 making H1...
 cpu time for H      7.957999999999993E-003
 solving ...
 cpu time for diag   5.595000000000000E-002
 
 gap (eV)           :   1.277
 Koopmans IP (eV)   :  12.203
 Eel (Eh)           :  -268.586260
 T,E(Fermi),NFOD :    300.000   -11.565  0.000000
 T,E(Fermi),NFOD :    300.000   -11.565  0.000000
 Nfod               :  0.0000
 Nfod/Nel           :  0.0000

          eigenvalues
 #    :         164        165        166        167        168        169        170        171
 occ. :        2.000      2.000      2.000      2.000      2.000      2.000      2.000      2.000
 eps  :       -16.287    -16.202    -16.052    -15.979    -15.621    -15.590    -15.126    -14.848
 #    :         172        173        174        175        176        177        178        179
 occ. :        2.000      2.000      2.000      2.000      2.000      0.000      0.000      0.000
 eps  :       -14.758    -14.707    -14.664    -13.246    -12.204    -10.927     -9.748     -8.571
 #    :         180        181        182        183        184        185        186        187
 occ. :        0.000      0.000      0.000      0.000      0.000      0.000      0.000      0.000
 eps  :        -8.394     -8.178     -7.975     -7.624     -7.456     -7.435     -7.162     -7.019
                            1  SCC done.
 making H1...
 cpu time for H      7.202900000000001E-002
 solving ...
 cpu time for diag   3.722500000000001E-002
 
 gap (eV)           :   1.531
 Koopmans IP (eV)   :  11.997
 Eel (Eh)           :  -265.409706
 T,E(Fermi),NFOD :    300.000   -11.231  0.000000
 T,E(Fermi),NFOD :    300.000   -11.231  0.000000
 Nfod               :  0.0000
 Nfod/Nel           :  0.0000

          eigenvalues
 #    :         164        165        166        167        168        169        170        171
 occ. :        2.000      2.000      2.000      2.000      2.000      2.000      2.000      2.000
 eps  :       -15.109    -15.077    -14.956    -14.764    -14.632    -14.470    -14.350    -14.254
 #    :         172        173        174        175        176        177        178        179
 occ. :        2.000      2.000      2.000      2.000      2.000      0.000      0.000      0.000
 eps  :       -14.067    -13.910    -13.663    -12.513    -11.998    -10.467     -8.995     -8.316
 #    :         180        181        182        183        184        185        186        187
 occ. :        0.000      0.000      0.000      0.000      0.000      0.000      0.000      0.000
 eps  :        -8.256     -7.908     -7.645     -7.436     -7.373     -7.191     -6.991     -6.932
                            2  SCC done.
 
 
 Mulliken/CM5 charges    n(s)   n(p)   n(d)   
    1 MG  0.2937  0.7503   0.674  1.032  0.000
    2 C  -0.0011  0.0018   1.197  2.804  0.000
    3 C  -0.0265 -0.0678   1.110  2.917  0.000
    4 C  -0.0306 -0.0712   1.125  2.905  0.000
    5 C  -0.0207 -0.0628   1.123  2.898  0.000
    6 N  -0.1502 -0.4085   1.419  3.731  0.000
    7 C   0.0193  0.0719   1.246  2.735  0.000
    8 C  -0.0278 -0.0813   1.203  2.825  0.000
    9 C  -0.0126 -0.0722   1.184  2.828  0.000
   10 C   0.0531  0.1126   1.201  2.745  0.000
   11 C  -0.0804 -0.2285   1.106  2.974  0.000
   12 C  -0.0499 -0.1571   1.159  2.891  0.000
   13 C  -0.0409 -0.1420   1.140  2.901  0.000
   14 C   0.2059  0.2530   1.207  2.587  0.000
   15 O  -0.2439 -0.2941   1.627  4.617  0.000
   16 O  -0.1966 -0.2705   1.509  4.687  0.000
   17 N  -0.2248 -0.4789   1.392  3.833  0.000
   18 C   0.0222  0.0807   1.196  2.782  0.000
   19 C  -0.0442 -0.0485   1.241  2.803  0.000
   20 C  -0.0675 -0.0611   1.225  2.843  0.000
   21 C   0.0511  0.1195   1.197  2.751  0.000
   22 C  -0.0714 -0.2159   1.085  2.986  0.000
   23 C   0.1490  0.1756   1.216  2.635  0.000
   24 O  -0.2307 -0.2845   1.616  4.615  0.000
   25 C  -0.1004 -0.2419   1.101  3.000  0.000
   26 N  -0.1714 -0.4523   1.401  3.770  0.000
   27 C   0.0516  0.1097   1.223  2.725  0.000
   28 C  -0.0094 -0.0665   1.193  2.817  0.000
   29 C  -0.0403 -0.0947   1.212  2.828  0.000
   30 C   0.0229  0.0734   1.227  2.750  0.000
   31 C  -0.0749 -0.2220   1.109  2.966  0.000
   32 C  -0.0536 -0.1635   1.163  2.890  0.000
   33 C  -0.0901 -0.2423   1.099  2.991  0.000
   34 N  -0.2262 -0.5199   1.369  3.857  0.000
   35 C   0.0213  0.0808   1.187  2.791  0.000
   36 C  -0.0208 -0.0249   1.212  2.809  0.000
   37 C  -0.0663 -0.0570   1.172  2.894  0.000
   38 C   0.0453  0.1191   1.166  2.788  0.000
   39 C  -0.0670 -0.2107   1.082  2.985  0.000
   40 C   0.1930  0.2322   1.185  2.622  0.000
   41 O  -0.1867 -0.2348   1.614  4.572  0.000
   42 C  -0.0516 -0.0940   1.207  2.844  0.000
   43 C   0.2157  0.2682   1.176  2.608  0.000
   44 O  -0.2937 -0.3372   1.628  4.666  0.000
   45 O  -0.1660 -0.2525   1.464  4.702  0.000
   46 C   0.0137 -0.1098   1.093  2.894  0.000
   47 C   0.0297 -0.0514   1.135  2.835  0.000
   48 C  -0.0637 -0.1206   1.157  2.906  0.000
   49 C  -0.0252 -0.0490   1.219  2.807  0.000
   50 C  -0.0843 -0.2297   1.084  3.000  0.000
   51 C  -0.0645 -0.1717   1.138  2.926  0.000
   52 C  -0.0689 -0.1801   1.156  2.913  0.000
   53 C  -0.0839 -0.1939   1.172  2.912  0.000
   54 C  -0.0221 -0.0936   1.219  2.803  0.000
   55 C  -0.1046 -0.2548   1.096  3.008  0.000
   56 C  -0.0654 -0.1742   1.167  2.898  0.000
   57 C  -0.0526 -0.1627   1.146  2.906  0.000
   58 C  -0.0781 -0.1902   1.156  2.922  0.000
   59 C  -0.0244 -0.1006   1.188  2.837  0.000
   60 C  -0.1000 -0.2509   1.098  3.002  0.000
   61 C  -0.0713 -0.1839   1.155  2.916  0.000
   62 C  -0.0655 -0.1790   1.155  2.911  0.000
   63 C  -0.0692 -0.1806   1.147  2.922  0.000
   64 C  -0.0173 -0.0919   1.197  2.820  0.000
   65 C  -0.1051 -0.2550   1.106  3.000  0.000
   66 C  -0.1037 -0.2538   1.107  2.997  0.000
   67 H   0.0458  0.1071   0.954  0.000  0.000
   68 H   0.0544  0.1183   0.946  0.000  0.000
   69 H   0.0567  0.1153   0.943  0.000  0.000
   70 H   0.0562  0.1234   0.944  0.000  0.000
   71 H   0.0498  0.1121   0.950  0.000  0.000
   72 H   0.0491  0.1024   0.951  0.000  0.000
   73 H   0.0384  0.0914   0.962  0.000  0.000
   74 H   0.0408  0.0954   0.959  0.000  0.000
   75 H   0.0371  0.0944   0.963  0.000  0.000
   76 H   0.0492  0.1068   0.951  0.000  0.000
   77 H   0.0531  0.1121   0.947  0.000  0.000
   78 H   0.0490  0.1132   0.951  0.000  0.000
   79 H   0.0506  0.1028   0.949  0.000  0.000
   80 H   0.0462  0.0983   0.954  0.000  0.000
   81 H   0.0520  0.1051   0.948  0.000  0.000
   82 H   0.0435  0.0998   0.957  0.000  0.000
   83 H   0.0358  0.0892   0.964  0.000  0.000
   84 H   0.0478  0.1000   0.952  0.000  0.000
   85 H   0.0521  0.1132   0.948  0.000  0.000
   86 H   0.0395  0.1027   0.960  0.000  0.000
   87 H   0.0445  0.0971   0.955  0.000  0.000
   88 H   0.0464  0.1006   0.954  0.000  0.000
   89 H   0.0433  0.0954   0.957  0.000  0.000
   90 H   0.0425  0.0980   0.957  0.000  0.000
   91 H   0.0310  0.0868   0.969  0.000  0.000
   92 H   0.0353  0.0872   0.965  0.000  0.000
   93 H   0.0290  0.0806   0.971  0.000  0.000
   94 H   0.0376  0.0890   0.962  0.000  0.000
   95 H   0.0474  0.1001   0.953  0.000  0.000
   96 H   0.0553  0.1078   0.945  0.000  0.000
   97 H   0.0457  0.0988   0.954  0.000  0.000
   98 H   0.0511  0.1186   0.949  0.000  0.000
   99 H   0.0415  0.1005   0.958  0.000  0.000
  100 H   0.0617  0.1231   0.938  0.000  0.000
  101 H   0.0575  0.1162   0.942  0.000  0.000
  102 H   0.0431  0.1161   0.957  0.000  0.000
  103 H   0.0702  0.1317   0.930  0.000  0.000
  104 H   0.0383  0.0979   0.962  0.000  0.000
  105 H   0.0439  0.0958   0.956  0.000  0.000
  106 H   0.0401  0.0922   0.960  0.000  0.000
  107 H   0.0443  0.0971   0.956  0.000  0.000
  108 H   0.0359  0.0937   0.964  0.000  0.000
  109 H   0.0363  0.0925   0.964  0.000  0.000
  110 H   0.0265  0.0853   0.973  0.000  0.000
  111 H   0.0327  0.0881   0.967  0.000  0.000
  112 H   0.0373  0.0920   0.963  0.000  0.000
  113 H   0.0324  0.0899   0.968  0.000  0.000
  114 H   0.0472  0.1069   0.953  0.000  0.000
  115 H   0.0440  0.0964   0.956  0.000  0.000
  116 H   0.0317  0.0832   0.968  0.000  0.000
  117 H   0.0250  0.0781   0.975  0.000  0.000
  118 H   0.0401  0.0977   0.960  0.000  0.000
  119 H   0.0396  0.0948   0.960  0.000  0.000
  120 H   0.0401  0.0981   0.960  0.000  0.000
  121 H   0.0423  0.0977   0.958  0.000  0.000
  122 H   0.0363  0.0921   0.964  0.000  0.000
  123 H   0.0312  0.0877   0.969  0.000  0.000
  124 H   0.0295  0.0912   0.971  0.000  0.000
  125 H   0.0352  0.0884   0.965  0.000  0.000
  126 H   0.0337  0.0854   0.966  0.000  0.000
  127 H   0.0210  0.0735   0.979  0.000  0.000
  128 H   0.0325  0.0897   0.968  0.000  0.000
  129 H   0.0382  0.0974   0.962  0.000  0.000
  130 H   0.0380  0.0932   0.962  0.000  0.000
  131 H   0.0286  0.0860   0.971  0.000  0.000
  132 H   0.0306  0.0884   0.969  0.000  0.000
  133 H   0.0299  0.0886   0.970  0.000  0.000
  134 H   0.0272  0.0871   0.973  0.000  0.000
  135 H   0.0266  0.0802   0.973  0.000  0.000
  136 H   0.0286  0.0802   0.971  0.000  0.000
  137 H   0.0437  0.0944   0.956  0.000  0.000
  138 H   0.0310  0.0823   0.969  0.000  0.000
  139 H   0.0355  0.0871   0.964  0.000  0.000
  140 H   0.0347  0.0865   0.965  0.000  0.000
 Hirshfeld charges for QMDFF written to <charges>
 
 Loewdin charges    n(s)   n(p)   n(d)
    1 MG  0.1330   0.685  1.182  0.000
    2 C   0.0010   1.158  2.841  0.000
    3 C  -0.0256   1.055  2.970  0.000
    4 C  -0.0294   1.074  2.956  0.000
    5 C  -0.0161   1.069  2.947  0.000
    6 N  -0.1179   1.378  3.740  0.000
    7 C   0.0226   1.210  2.768  0.000
    8 C  -0.0218   1.155  2.866  0.000
    9 C  -0.0048   1.135  2.870  0.000
   10 C   0.0592   1.161  2.780  0.000
   11 C  -0.0818   1.034  3.047  0.000
   12 C  -0.0440   1.100  2.944  0.000
   13 C  -0.0405   1.081  2.960  0.000
   14 C   0.1852   1.181  2.634  0.000
   15 O  -0.2275   1.596  4.632  0.000
   16 O  -0.1687   1.481  4.688  0.000
   17 N  -0.1961   1.351  3.846  0.000
   18 C   0.0257   1.157  2.817  0.000
   19 C  -0.0356   1.203  2.833  0.000
   20 C  -0.0753   1.191  2.884  0.000
   21 C   0.0557   1.158  2.786  0.000
   22 C  -0.0717   1.011  3.060  0.000
   23 C   0.1434   1.182  2.675  0.000
   24 O  -0.2122   1.583  4.629  0.000
   25 C  -0.1062   1.029  3.078  0.000
   26 N  -0.1351   1.357  3.778  0.000
   27 C   0.0585   1.185  2.757  0.000
   28 C  -0.0006   1.144  2.857  0.000
   29 C  -0.0351   1.166  2.869  0.000
   30 C   0.0278   1.190  2.782  0.000
   31 C  -0.0749   1.037  3.038  0.000
   32 C  -0.0470   1.105  2.942  0.000
   33 C  -0.0906   1.027  3.064  0.000
   34 N  -0.1938   1.326  3.868  0.000
   35 C   0.0220   1.149  2.829  0.000
   36 C  -0.0142   1.172  2.842  0.000
   37 C  -0.0737   1.133  2.941  0.000
   38 C   0.0484   1.125  2.827  0.000
   39 C  -0.0663   1.007  3.060  0.000
   40 C   0.1798   1.153  2.667  0.000
   41 O  -0.1638   1.576  4.588  0.000
   42 C  -0.0534   1.161  2.893  0.000
   43 C   0.1947   1.148  2.657  0.000
   44 O  -0.2820   1.600  4.682  0.000
   45 O  -0.1306   1.429  4.702  0.000
   46 C   0.0067   1.022  2.971  0.000
   47 C   0.0298   1.077  2.893  0.000
   48 C  -0.0613   1.109  2.952  0.000
   49 C  -0.0145   1.178  2.837  0.000
   50 C  -0.0862   1.010  3.076  0.000
   51 C  -0.0622   1.079  2.983  0.000
   52 C  -0.0648   1.098  2.967  0.000
   53 C  -0.0824   1.117  2.966  0.000
   54 C  -0.0114   1.173  2.839  0.000
   55 C  -0.1095   1.025  3.084  0.000
   56 C  -0.0629   1.111  2.952  0.000
   57 C  -0.0472   1.087  2.960  0.000
   58 C  -0.0766   1.099  2.977  0.000
   59 C  -0.0142   1.138  2.876  0.000
   60 C  -0.1039   1.027  3.077  0.000
   61 C  -0.0695   1.098  2.972  0.000
   62 C  -0.0614   1.097  2.965  0.000
   63 C  -0.0680   1.089  2.979  0.000
   64 C  -0.0056   1.149  2.857  0.000
   65 C  -0.1083   1.035  3.073  0.000
   66 C  -0.1077   1.037  3.071  0.000
   67 H   0.0425   0.957  0.000  0.000
   68 H   0.0480   0.952  0.000  0.000
   69 H   0.0516   0.948  0.000  0.000
   70 H   0.0497   0.950  0.000  0.000
   71 H   0.0449   0.955  0.000  0.000
   72 H   0.0475   0.952  0.000  0.000
   73 H   0.0382   0.962  0.000  0.000
   74 H   0.0403   0.960  0.000  0.000
   75 H   0.0340   0.966  0.000  0.000
   76 H   0.0462   0.954  0.000  0.000
   77 H   0.0490   0.951  0.000  0.000
   78 H   0.0446   0.955  0.000  0.000
   79 H   0.0488   0.951  0.000  0.000
   80 H   0.0451   0.955  0.000  0.000
   81 H   0.0512   0.949  0.000  0.000
   82 H   0.0422   0.958  0.000  0.000
   83 H   0.0359   0.964  0.000  0.000
   84 H   0.0474   0.953  0.000  0.000
   85 H   0.0460   0.954  0.000  0.000
   86 H   0.0351   0.965  0.000  0.000
   87 H   0.0431   0.957  0.000  0.000
   88 H   0.0454   0.955  0.000  0.000
   89 H   0.0426   0.957  0.000  0.000
   90 H   0.0394   0.961  0.000  0.000
   91 H   0.0287   0.971  0.000  0.000
   92 H   0.0351   0.965  0.000  0.000
   93 H   0.0289   0.971  0.000  0.000
   94 H   0.0374   0.963  0.000  0.000
   95 H   0.0469   0.953  0.000  0.000
   96 H   0.0526   0.947  0.000  0.000
   97 H   0.0443   0.956  0.000  0.000
   98 H   0.0441   0.956  0.000  0.000
   99 H   0.0386   0.961  0.000  0.000
  100 H   0.0565   0.944  0.000  0.000
  101 H   0.0539   0.946  0.000  0.000
  102 H   0.0371   0.963  0.000  0.000
  103 H   0.0624   0.938  0.000  0.000
  104 H   0.0315   0.968  0.000  0.000
  105 H   0.0427   0.957  0.000  0.000
  106 H   0.0396   0.960  0.000  0.000
  107 H   0.0437   0.956  0.000  0.000
  108 H   0.0332   0.967  0.000  0.000
  109 H   0.0339   0.966  0.000  0.000
  110 H   0.0251   0.975  0.000  0.000
  111 H   0.0298   0.970  0.000  0.000
  112 H   0.0353   0.965  0.000  0.000
  113 H   0.0314   0.969  0.000  0.000
  114 H   0.0416   0.958  0.000  0.000
  115 H   0.0446   0.955  0.000  0.000
  116 H   0.0316   0.968  0.000  0.000
  117 H   0.0270   0.973  0.000  0.000
  118 H   0.0378   0.962  0.000  0.000
  119 H   0.0370   0.963  0.000  0.000
  120 H   0.0375   0.962  0.000  0.000
  121 H   0.0394   0.961  0.000  0.000
  122 H   0.0348   0.965  0.000  0.000
  123 H   0.0299   0.970  0.000  0.000
  124 H   0.0250   0.975  0.000  0.000
  125 H   0.0353   0.965  0.000  0.000
  126 H   0.0336   0.966  0.000  0.000
  127 H   0.0222   0.978  0.000  0.000
  128 H   0.0309   0.969  0.000  0.000
  129 H   0.0366   0.963  0.000  0.000
  130 H   0.0357   0.964  0.000  0.000
  131 H   0.0268   0.973  0.000  0.000
  132 H   0.0288   0.971  0.000  0.000
  133 H   0.0286   0.971  0.000  0.000
  134 H   0.0227   0.977  0.000  0.000
  135 H   0.0272   0.973  0.000  0.000
  136 H   0.0293   0.971  0.000  0.000
  137 H   0.0430   0.957  0.000  0.000
  138 H   0.0316   0.968  0.000  0.000
  139 H   0.0365   0.963  0.000  0.000
  140 H   0.0345   0.966  0.000  0.000
 
 Wiberg/Mayer (AO) data. WBOs > 0.1 written file <wbo>
 largest (>0.05) Wiberg bond orders for each atom
           total WBO             WBO to atom ...
     1  MG  2.546    N   34 0.520    N   26 0.465    N   17 0.435    N    6 0.416    C   30 0.053    C   38 0.052
     2  C   3.879    C    7 1.434    C   38 1.175    C   42 0.923
     3  C   3.932    C   10 1.429    C   18 1.306    H   67 0.927
     4  C   3.923    C   27 1.386    C   21 1.286    H   68 0.936
     5  C   3.927    C   30 1.472    C   35 1.252    H   69 0.931
     6  N   3.337    C   10 1.261    C    7 1.161    MG   1 0.416    C   18 0.063
     7  C   3.860    C    2 1.434    N    6 1.161    C    8 0.963
     8  C   3.930    C    7 0.963    C    9 0.953    H   70 0.928    C   12 0.924
     9  C   3.943    C   11 0.964    C    8 0.953    C   10 0.953    H   71 0.938
    10  C   3.877    C    3 1.429    N    6 1.261    C    9 0.953
    11  C   3.969    H   73 0.981    H   74 0.976    H   72 0.976    C    9 0.964
    12  C   3.941    C   13 0.981    H   75 0.962    H   76 0.955    C    8 0.924
    13  C   3.965    C   12 0.981    H   78 0.960    H   77 0.949    C   14 0.934    O   15 0.074
    14  C   3.878    O   15 1.876    O   16 1.024    C   13 0.934
    15  O   2.175    C   14 1.876    O   16 0.169    C   13 0.074
    16  O   2.239    C   14 1.024    C   47 0.948    O   15 0.169
    17  N   3.280    C   21 1.233    C   18 1.141    MG   1 0.435    C   20 0.069    C   19 0.055
    18  C   3.874    C    3 1.306    C   19 1.167    N   17 1.141    N    6 0.063
    19  C   3.852    C   20 1.420    C   18 1.167    C   22 0.981    O   24 0.059    N   17 0.055
    20  C   3.868    C   19 1.420    C   21 1.118    C   23 0.970    O   24 0.081    N   17 0.069
    21  C   3.884    C    4 1.286    N   17 1.233    C   20 1.118    N   26 0.053
    22  C   3.980    C   19 0.981    H   81 0.975    H   79 0.973    H   80 0.969
    23  C   3.872    O   24 1.870    C   20 0.970    C   25 0.940
    24  O   2.187    C   23 1.870    C   20 0.081    C   25 0.078    C   19 0.059
    25  C   3.979    H   83 0.973    H   82 0.972    H   84 0.961    C   23 0.940    O   24 0.078
    26  N   3.365    C   27 1.272    C   30 1.141    MG   1 0.465    C   21 0.053
    27  C   3.871    C    4 1.386    N   26 1.272    C   28 0.961
    28  C   3.937    C   27 0.961    C   31 0.951    C   29 0.949    H   85 0.941
    29  C   3.925    C   30 0.958    C   28 0.949    H   86 0.941    C   32 0.921
    30  C   3.849    C    5 1.472    N   26 1.141    C   29 0.958    C   36 0.057    MG   1 0.053
    31  C   3.969    H   87 0.980    H   88 0.977    H   89 0.977    C   28 0.951
    32  C   3.945    C   33 1.006    H   91 0.970    H   90 0.964    C   29 0.921
    33  C   3.982    C   32 1.006    H   93 0.986    H   92 0.984    H   94 0.976
    34  N   3.315    C   38 1.218    C   35 1.122    MG   1 0.520    C   37 0.063    C   36 0.058
    35  C   3.873    C    5 1.252    C   36 1.243    N   34 1.122
    36  C   3.857    C   37 1.316    C   35 1.243    C   39 0.987    N   34 0.058    C   30 0.057
    37  C   3.906    C   36 1.316    C   38 1.247    C   40 1.016    O   41 0.075    N   34 0.063
    38  C   3.910    C   37 1.247    N   34 1.218    C    2 1.175    MG   1 0.052
    39  C   3.980    C   36 0.987    H   95 0.977    H   97 0.973    H   96 0.969
    40  C   3.880    O   41 1.927    C   37 1.016    C   42 0.783
    41  O   2.272    C   40 1.927    C   42 0.102    C   37 0.075
    42  C   3.930    C   43 0.980    H   98 0.935    C    2 0.923    C   40 0.783    O   41 0.102    O   44 0.063
    43  C   3.900    O   44 1.777    O   45 1.074    C   42 0.980
    44  O   2.095    C   43 1.777    O   45 0.164    C   42 0.063
    45  O   2.288    C   43 1.074    C   46 0.970    O   44 0.164
    46  C   3.938    H  101 0.988    H   99 0.986    H  100 0.981    O   45 0.970
    47  C   3.935    C   48 1.009    H  102 0.963    H  103 0.951    O   16 0.948
    48  C   3.960    C   49 1.873    C   47 1.009    H  104 0.941
    49  C   3.931    C   48 1.873    C   51 0.984    C   50 0.977
    50  C   3.988    H  106 0.980    C   49 0.977    H  107 0.973    H  105 0.971
    51  C   3.968    C   49 0.984    H  109 0.963    C   52 0.960    H  108 0.956
    52  C   3.960    C   53 0.988    H  110 0.970    H  111 0.962    C   51 0.960
    53  C   3.951    C   52 0.988    H  112 0.960    H  113 0.960    C   54 0.953
    54  C   3.932    C   55 1.005    C   56 0.956    C   53 0.953    H  114 0.949
    55  C   3.976    C   54 1.005    H  117 0.975    H  116 0.974    H  115 0.967
    56  C   3.957    C   57 0.989    H  119 0.962    H  118 0.962    C   54 0.956
    57  C   3.967    C   56 0.989    C   58 0.982    H  120 0.966    H  121 0.965
    58  C   3.956    C   57 0.982    C   59 0.966    H  122 0.961    H  123 0.960
    59  C   3.947    C   60 0.991    C   61 0.982    C   58 0.966    H  124 0.949
    60  C   3.982    C   59 0.991    H  127 0.981    H  125 0.978    H  126 0.977
    61  C   3.964    C   59 0.982    C   62 0.974    H  128 0.962    H  129 0.960
    62  C   3.963    C   63 0.985    C   61 0.974    H  131 0.972    H  130 0.961
    63  C   3.968    C   64 0.990    C   62 0.985    H  132 0.963    H  133 0.957
    64  C   3.942    C   63 0.990    C   65 0.978    C   66 0.974    H  134 0.956
    65  C   3.978    H  135 0.985    H  136 0.981    C   64 0.978    H  137 0.978
    66  C   3.977    H  140 0.984    H  138 0.980    H  139 0.977    C   64 0.974
    67  H   0.995    C    3 0.927
    68  H   0.994    C    4 0.936
    69  H   0.993    C    5 0.931
    70  H   0.995    C    8 0.928
    71  H   0.995    C    9 0.938
    72  H   0.997    C   11 0.976
    73  H   0.997    C   11 0.981
    74  H   0.996    C   11 0.976
    75  H   0.996    C   12 0.962
    76  H   0.996    C   12 0.955
    77  H   0.995    C   13 0.949
    78  H   0.997    C   13 0.960
    79  H   0.994    C   22 0.973
    80  H   0.994    C   22 0.969
    81  H   0.995    C   22 0.975
    82  H   0.996    C   25 0.972
    83  H   0.998    C   25 0.973
    84  H   0.997    C   25 0.961
    85  H   0.995    C   28 0.941
    86  H   0.996    C   29 0.941
    87  H   0.997    C   31 0.980
    88  H   0.997    C   31 0.977
    89  H   0.996    C   31 0.977
    90  H   0.997    C   32 0.964
    91  H   0.997    C   32 0.970
    92  H   0.999    C   33 0.984
    93  H   0.999    C   33 0.986
    94  H   0.996    C   33 0.976
    95  H   0.995    C   39 0.977
    96  H   0.992    C   39 0.969
    97  H   0.994    C   39 0.973
    98  H   0.994    C   42 0.935
    99  H   0.998    C   46 0.986
   100  H   0.996    C   46 0.981
   101  H   0.996    C   46 0.988
   102  H   0.998    C   47 0.963
   103  H   0.994    C   47 0.951
   104  H   0.999    C   48 0.941
   105  H   0.998    C   50 0.971
   106  H   0.998    C   50 0.980
   107  H   0.997    C   50 0.973
   108  H   0.999    C   51 0.956
   109  H   0.997    C   51 0.963
   110  H   0.999    C   52 0.970
   111  H   0.998    C   52 0.962
   112  H   0.998    C   53 0.960
   113  H   0.999    C   53 0.960
   114  H   0.998    C   54 0.949
   115  H   0.997    C   55 0.967
   116  H   0.998    C   55 0.974
   117  H   0.999    C   55 0.975
   118  H   0.998    C   56 0.962
   119  H   0.998    C   56 0.962
   120  H   0.998    C   57 0.966
   121  H   0.998    C   57 0.965
   122  H   0.998    C   58 0.961
   123  H   0.999    C   58 0.960
   124  H   0.999    C   59 0.949
   125  H   0.999    C   60 0.978
   126  H   0.998    C   60 0.977
   127  H   1.000    C   60 0.981
   128  H   0.998    C   61 0.962
   129  H   0.999    C   61 0.960
   130  H   0.999    C   62 0.961
   131  H   0.999    C   62 0.972
   132  H   0.999    C   63 0.963
   133  H   0.999    C   63 0.957
   134  H   0.999    C   64 0.956
   135  H   0.999    C   65 0.985
   136  H   0.998    C   65 0.981
   137  H   0.998    C   65 0.978
   138  H   0.999    C   66 0.980
   139  H   0.999    C   66 0.977
   140  H   0.999    C   66 0.984
 
 --------------------------------------------
          xTB calculation for sTDA...
 --------------------------------------------
 
 reading parameter file ~/.param_stda2.xtb
 
      method parameters     
 k(s)        :  1.6000
 k(p)        :  2.1800
 k(d)        :  1.9500
 k(f)        :  2.0000
 k(R-V)      :  2.2750
 k(R-R)      :  1.7650
 Tscal       :  0.2580
 Gscal       :  1.0000
 fpol        :  1.0000
 Zcnf        :  0.3430
 Zqf         :  0.0000
 kcn         :  2.7000
 Ryd Hsplit  :  0.7000
 lshift(virt):  3.1000
 lshift(OS)  :  0.2000
 wllscaling  :  2.6000
 
 mowrcut     : 3.000
 
  Z AO/shell   Hii/eV     exponent
  1     Sun Feb 14 09:53:25 CET 2016    EN: 2.327 GAM: 0.473  GM3: 0.0000
     1s    -14.339618    1.220000
     2sp    -3.348946    0.600000
  6     Sun Feb 14 09:53:25 CET 2016    EN: 2.731 GAM: 0.422  GM3: 0.0000
     2s    -22.009312    1.565095
     2p    -13.020408    1.596905
     3sp    -3.914040    0.824500
  7     Sun Feb 14 09:53:25 CET 2016    EN: 3.573 GAM: 0.504  GM3: 0.0000
     2s    -25.722000    2.064844
     2p    -18.684912    1.801692
     3sp    -4.344791    0.921400
  8     Sun Feb 14 09:53:25 CET 2016    EN: 3.700 GAM: 0.587  GM3: 0.0000
     2s    -33.859000    2.418661
     2p    -22.175911    1.973969
     3sp    -4.259392    1.013700
 12     Sun Feb 21 16:58:31 CET 2016    EN: 0.033 GAM: 0.222  GM3: 0.0000
     3s    -11.092543    1.647583
     3p     -6.929529    0.855020
 
 Nbf   :          894
 T(el) :     0.0
 calculating S/T integrals ...
 cpu time for ints    1.36215000000000     
 Nao   :          894
 making H0...
 making H1...
 cpu time for H      2.366599999999996E-002
 solving ...
 cpu time for diag   0.320424000000000     
 
 gap (eV)           :   4.677
 Koopmans IP (eV)   :  13.316
 Eel (Eh)           :  -300.935695

          eigenvalues
 #    :         164        165        166        167        168        169        170        171
 occ. :        2.000      2.000      2.000      2.000      2.000      2.000      2.000      2.000
 eps  :       -17.494    -17.289    -16.904    -16.288    -16.189    -16.086    -15.817    -15.532
 #    :         172        173        174        175        176        177        178        179
 occ. :        2.000      2.000      2.000      2.000      2.000      0.000      0.000      0.000
 eps  :       -15.408    -15.207    -15.004    -13.895    -13.318     -8.640     -6.688     -6.574
 #    :         180        181        182        183        184        185        186        187
 occ. :        0.000      0.000      0.000      0.000      0.000      0.000      0.000      0.000
 eps  :        -6.147     -5.967     -5.812     -5.755     -5.293     -5.208     -5.051     -4.924
                            1  SCC done.
 writing mo output ...
 molden style : F
 
speedup  1.29
cpu  time for all    2.30 s
wall time for all    1.78 s
