 
        ______________________________________
       |                                      |
       |          ===================         |
       |             xTB for sTDA             |
       |          ===================         |
       |               S. Grimme              |
       |        Universitaet Bonn, MCTC       |
       |         2015-19, Version 1.0         |
       |     Wed Apr  3 09:14:55 CEST 2019    |
       |______________________________________|
 
        This code comes without any warranty
        for non-commercial, academia use only.
        Preliminary test version.
        Cite this work as:
        S. Grimme  &  C. Bannwarth, JCP 145 (2016) 054103
        if GBSA is used additionally:
        P. Shushkov, F. März, C. Bannwarth, S. Grimme, unpublished.
 
        with help from
        P. Shushkov, G. Brandenburg, S. Dohm, J. Pisarek,
        F. März, M. Checinski, S. Ehrlich, S. Spicher, 
        P. Pracht, E. Caldeweyher, S. Ehlert, and C. Bannwarth.
 
        usage        :
        xtb4stda <coord_file> [options]
        where <coord_file> is a valid file of TM)
        (*coord, Bohr) or xmol (*xyz, Angstroem)
        format.

        options:
        -chrg <int>   : molecular charge
        -uhf  <int>   : # of unpaired electrons(=2*S)
        -nox          : skip second, extended part in sTDA-xTB
        -pop          : do population analysis
                      : (default for -nox)
        -mowr <real>  : cut MO write above (def.3 Eh)
        -molden       : write formatted molden file
        -parx <file>  : read parameters for sTDA-xTB
                        calc (def:~/.param_stda2.xtb)
        -parv <file>  : read parameters for vTB part in
                        sTDA-xTB (def: ~/.param_stda1.xtb)
        -xtemp <real> : el. temp for xTB (def. 0 K)
        -etemp <real> : el. temp for GFN (def. 300 K)
        -fod          : calculate the FOD and write
                        molden.input file with
                        appropriate occupations
                        for plotting. Def. T=12500 K
 
        -acc <real>   : xTB accuracy (def. 1.0)
        -gbsa [string1] [string2]
                        use GBSA implicit solvent
                        for solvent [string1] and
                        solvation state [string2]=
                        reference, bar1M (default=1M)
        additional GFN/opt/MD/siman options read from
        $XTB4STDAHOME/.xtb4stdarc or $set in input
 
       spin and charge state information can be on:
       <.CHRG> (charge) and <.UHF> (=nalpha-nbeta)
       -uhf and -chrg override the file info.
       useful machine settings:
       setenv MKL_NUM_THREADS <NCORE_ON_YOUR_MACHINE>
       setenv OMP_STACKSIZE 500m
       limit stacksize unlimited
 
       total energies in Eh, gaps/HL energies in eV
       please read REVISION and HOWTO files carefully
 =============================
  # OMP threads =           4
 =============================
 
 xtb4stdahome directory:~/
 
 
 name of molecule           :
 comment line               :
 number of atoms            :   140
 number of electrons        :   352
 charge                     :  0
 spin                       : 0.0
 first test random number   :  0.9003
 
 -----------------------------------------
      charge density (VTB) calculation
 -----------------------------------------
 
      method parameters     
 k(s)        :  1.8000
 k(p)        :  2.8350
 k(d)        :  2.0860
 k(f)        :  2.0000
 Tscal       :  0.3300
 Gscal       :  0.3910
 fpol        :  1.0000
 Zcnf        :  0.6500
 Zqf         :  0.0000
 kcn         :  0.3000
 kEN1        : -0.5900
 wllscal     :  2.6000
 
     -------------------------
     ! NO SOLVENT MODEL USED !
     -------------------------
 
 doing EN charges ...
 sum q :  0.3219647D-14
 point charge moment (au)
     X       Y       Z   
   0.0452   0.1863  -0.2444  total (Debye):    0.789
 
            Z      q(EN)   CN      Cart. coordinates
     1  MG  2.0   0.940   4.799    88.04989    84.91106    82.66606
     2  C   4.0   0.024   3.280    81.88183    82.76244    82.13316
     3  C   4.0  -0.059   3.152    90.13993    78.91874    81.50388
     4  C   4.0  -0.059   3.165    93.83812    87.19385    81.76088
     5  C   4.0  -0.056   3.154    85.62348    91.08857    82.85125
     6  N   5.0  -0.370   3.119    86.15261    81.29034    81.76844
     7  C   4.0   0.109   3.347    83.65061    80.85004    81.58325
     8  C   4.0  -0.093   4.137    83.07802    77.97009    81.05224
     9  C   4.0  -0.095   4.115    85.74631    76.72854    81.05602
    10  C   4.0   0.090   3.334    87.49809    79.08692    81.45097
    11  C   4.0  -0.237   4.029    86.10725    74.56103    82.91173
    12  C   4.0  -0.161   4.035    81.37349    77.40129    78.66740
    13  C   4.0  -0.168   4.045    81.70797    79.23999    76.42430
    14  C   4.0   0.161   3.070    80.69508    78.61260    73.69175
    15  O   6.0  -0.089   1.031    79.85415    76.57547    72.85460
    16  O   6.0  -0.110   2.041    80.92373    80.81224    72.30091
    17  N   5.0  -0.448   3.188    91.47596    83.18574    82.33914
    18  C   4.0   0.087   3.442    92.08824    80.73665    81.96875
    19  C   4.0   0.013   3.263    94.86046    80.40784    81.86104
    20  C   4.0   0.005   3.245    95.97540    82.79645    81.91962
    21  C   4.0   0.058   3.501    93.75119    84.53311    82.09536
    22  C   4.0  -0.248   4.035    96.18138    77.96064    81.64939
    23  C   4.0   0.122   3.052    98.70417    83.45975    82.00466
    24  O   6.0  -0.114   1.087   100.22540    81.78167    81.72309
    25  C   4.0  -0.250   4.042    99.82099    86.04111    82.21253
    26  N   5.0  -0.400   3.135    89.56734    88.55634    82.41851
    27  C   4.0   0.080   3.359    92.11847    89.11003    82.14828
    28  C   4.0  -0.093   4.121    92.57012    92.01832    81.58892
    29  C   4.0  -0.096   4.150    89.97363    93.22396    82.23898
    30  C   4.0   0.083   3.376    88.32012    90.86369    82.57724
    31  C   4.0  -0.236   4.008    94.88125    93.38837    82.91740
    32  C   4.0  -0.163   4.050    89.03822    95.12880    80.29446
    33  C   4.0  -0.238   4.019    88.99664    97.82544    81.36026
    34  N   5.0  -0.439   3.270    84.50854    86.67606    82.92495
    35  C   4.0   0.079   3.498    83.79990    89.15916    83.04401
    36  C   4.0   0.019   3.269    81.18830    89.33490    83.39928
    37  C   4.0   0.000   3.456    80.28501    86.86881    83.02133
    38  C   4.0   0.084   3.733    82.46386    85.26255    82.61126
    39  C   4.0  -0.247   4.029    79.73510    91.72730    83.83958
    40  C   4.0   0.107   3.180    78.07970    85.27388    83.00243
    41  O   6.0  -0.095   1.041    75.85171    85.58380    83.57691
    42  C   4.0  -0.119   4.247    79.08692    82.54134    82.26733
    43  C   4.0   0.195   3.126    78.11749    80.51366    83.96808
    44  O   6.0  -0.110   1.050    76.84760    78.78456    83.22542
    45  O   6.0  -0.116   2.026    78.73732    80.98232    86.41528
    46  C   4.0  -0.202   4.007    77.99277    79.06046    88.37114
    47  C   4.0  -0.139   4.053    80.14517    80.50610    69.58349
    48  C   4.0  -0.055   3.111    82.54134    81.18263    68.18131
    49  C   4.0   0.020   3.077    84.42351    79.76911    67.25724
    50  C   4.0  -0.253   4.063    84.50288    77.01011    67.66920
    51  C   4.0  -0.173   4.058    86.62126    80.79712    65.58483
    52  C   4.0  -0.164   4.049    85.94096    80.80657    62.78614
    53  C   4.0  -0.163   4.054    84.02666    83.00432    61.84128
    54  C   4.0  -0.090   4.062    84.59925    83.35959    59.03315
    55  C   4.0  -0.239   4.042    85.16428    86.01655    58.17710
    56  C   4.0  -0.164   4.072    82.25977    82.20686    57.48924
    57  C   4.0  -0.162   4.040    83.19141    80.08659    55.72235
    58  C   4.0  -0.166   4.086    81.77978    80.11115    53.18256
    59  C   4.0  -0.088   4.041    83.30479    80.90484    50.82607
    60  C   4.0  -0.239   4.038    82.90228    83.67140    50.09286
    61  C   4.0  -0.163   4.061    82.78322    78.98110    48.68123
    62  C   4.0  -0.163   4.025    85.10948    77.43152    47.66456
    63  C   4.0  -0.164   4.061    85.66884    77.64884    44.77328
    64  C   4.0  -0.088   4.019    87.53966    79.82391    43.99093
    65  C   4.0  -0.239   4.042    85.97119    81.92907    42.53206
    66  C   4.0  -0.240   4.063    89.61458    78.96031    42.41868
    67  H   1.0   0.070   1.006    90.98275    77.15940    80.82547
    68  H   1.0   0.072   1.014    95.49163    88.20485    81.05602
    69  H   1.0   0.071   1.006    85.19263    93.08034    83.18007
    70  H   1.0   0.085   1.009    81.96686    77.20664    82.60937
    71  H   1.0   0.084   1.009    85.94852    76.01612    79.13416
    72  H   1.0   0.080   1.003    86.71574    73.08704    81.60593
    73  H   1.0   0.080   0.999    84.29878    73.92608    83.66762
    74  H   1.0   0.080   0.998    87.36014    75.03913    84.47453
    75  H   1.0   0.082   1.002    79.39873    77.31058    79.24377
    76  H   1.0   0.083   1.008    81.94797    75.68163    77.69230
    77  H   1.0   0.083   1.007    83.72998    79.39306    76.06903
    78  H   1.0   0.082   1.002    81.42073    81.19019    77.02523
    79  H   1.0   0.081   1.003    94.83968    76.56981    82.35993
    80  H   1.0   0.080   0.998    97.91237    77.70742    82.73598
    81  H   1.0   0.080   1.000    96.65570    77.60538    79.67652
    82  H   1.0   0.081   1.000    98.66259    87.22597    83.43518
    83  H   1.0   0.080   0.998    99.80399    87.16550    80.48721
    84  H   1.0   0.080   0.998   101.67104    86.03733    83.11771
    85  H   1.0   0.084   1.009    92.65326    92.05989    79.53101
    86  H   1.0   0.085   1.010    90.09646    94.14426    84.07769
    87  H   1.0   0.080   0.998    96.04721    92.07501    83.99265
    88  H   1.0   0.080   0.998    94.24441    94.66393    84.40461
    89  H   1.0   0.080   0.997    96.14926    94.19528    81.50955
    90  H   1.0   0.082   1.002    87.35447    94.46551    79.30991
    91  H   1.0   0.083   1.009    90.50842    95.33478    78.86771
    92  H   1.0   0.080   0.999    88.84358    97.76497    83.41439
    93  H   1.0   0.080   0.999    87.31857    98.76275    80.61760
    94  H   1.0   0.080   0.998    90.70496    98.82511    80.78578
    95  H   1.0   0.080   1.002    78.13828    91.12448    84.99420
    96  H   1.0   0.080   0.998    79.11338    92.65326    82.10859
    97  H   1.0   0.080   0.998    80.66862    93.04633    85.11515
    98  H   1.0   0.086   1.012    78.15151    82.10481    80.48532
    99  H   1.0   0.080   0.996    78.54457    77.14050    87.87226
   100  H   1.0   0.080   0.996    75.93486    79.08314    88.40894
   101  H   1.0   0.079   0.995    78.55024    79.72565    90.24008
   102  H   1.0   0.081   1.001    78.78267    82.00277    69.19987
   103  H   1.0   0.082   1.000    79.33070    78.71653    68.96555
   104  H   1.0   0.071   1.006    82.44118    83.11582    67.47833
   105  H   1.0   0.081   1.001    86.26410    76.62650    68.66508
   106  H   1.0   0.081   1.002    84.75610    76.18241    65.80026
   107  H   1.0   0.081   0.999    82.87771    76.18619    68.62918
   108  H   1.0   0.081   1.000    88.52610    80.15651    66.03836
   109  H   1.0   0.083   1.010    86.59102    82.81913    65.97411
   110  H   1.0   0.082   1.004    84.86948    79.11527    62.30049
   111  H   1.0   0.082   1.004    87.68139    81.03712    61.70900
   112  H   1.0   0.082   1.002    84.25532    84.81657    62.79559
   113  H   1.0   0.082   1.002    82.10859    82.41284    62.30426
   114  H   1.0   0.084   1.012    86.27922    82.36182    58.38308
   115  H   1.0   0.081   0.999    85.01499    86.23764    56.13620
   116  H   1.0   0.080   1.000    87.06534    86.42473    58.86118
   117  H   1.0   0.080   0.998    83.93407    87.41116    59.06338
   118  H   1.0   0.082   1.003    81.36026    83.75643    56.47257
   119  H   1.0   0.083   1.004    81.03145    81.35270    58.90465
   120  H   1.0   0.081   1.003    82.80590    78.21765    56.50092
   121  H   1.0   0.083   1.006    85.16428    80.44185    55.25181
   122  H   1.0   0.083   1.003    80.02234    81.18263    53.21657
   123  H   1.0   0.082   1.003    80.86137    78.29135    52.88965
   124  H   1.0   0.084   1.011    85.32680    80.88594    51.21346
   125  H   1.0   0.080   1.000    80.94074    83.86415    49.49192
   126  H   1.0   0.081   1.000    83.99832    84.01155    48.38265
   127  H   1.0   0.081   0.999    83.46164    84.83547    51.69723
   128  H   1.0   0.082   1.004    81.94608    79.79179    46.98237
   129  H   1.0   0.082   1.006    81.58325    77.37105    49.14610
   130  H   1.0   0.081   1.002    84.91484    75.40384    47.97258
   131  H   1.0   0.082   1.005    86.77622    78.19308    48.60564
   132  H   1.0   0.083   1.006    84.06446    78.10426    43.56385
   133  H   1.0   0.082   1.003    86.39260    75.81769    44.17045
   134  H   1.0   0.083   1.009    88.40138    80.71020    45.63688
   135  H   1.0   0.080   0.997    84.11737    82.31646    43.34086
   136  H   1.0   0.080   0.997    85.60270    81.53790    40.54407
   137  H   1.0   0.080   0.998    86.84803    83.73565    42.99316
   138  H   1.0   0.081   0.998    90.46874    80.29257    41.10154
   139  H   1.0   0.081   0.999    89.23286    77.24633    41.34153
   140  H   1.0   0.080   1.001    91.22085    78.54079    43.64133
 
  Z AO/shell   Hii/eV     exponent
  1     Sat Feb 20 21:38:01 CET 2016    EN: 2.327 GAM: 0.473  GM3: 0.0000
     1s    -13.751157    1.051071
  6     Sat Feb 20 21:38:01 CET 2016    EN: 2.731 GAM: 0.422  GM3: 0.0000
     2s    -19.378245    2.021003
     2p    -11.993376    1.497917
  7     Sat Feb 20 21:38:01 CET 2016    EN: 3.573 GAM: 0.504  GM3: 0.0000
     2s    -21.576984    2.275442
     2p    -16.125120    2.056788
  8     Sat Feb 20 21:38:01 CET 2016    EN: 3.700 GAM: 0.587  GM3: 0.0000
     2s    -21.648843    2.110798
     2p    -17.239740    2.329048
 12     Sat Feb 20 23:25:47 CET 2016    EN: 0.033 GAM: 0.222  GM3: 0.0000
     3s    -12.693633    1.302878
     3p     -8.128821    0.504252
 
 dipole moment of classical point charges (au)
     X       Y       Z   
   0.0452   0.1863  -0.2444  total (Debye):    0.789

 
 Nbf   :          338
 T(el) :   300.0
 calculating S/T integrals ...
 cpu time for ints   0.131822000000000     
 Nao   :          338
 making H0...
 making H1...
 cpu time for H      4.449999999999982E-003
 solving ...
 cpu time for diag   5.855399999999999E-002
 
 gap (eV)           :   1.303
 Koopmans IP (eV)   :  12.074
 Eel (Eh)           :  -268.458637
 T,E(Fermi),NFOD :    300.000   -11.422  0.000000
 T,E(Fermi),NFOD :    300.000   -11.422  0.000000
 Nfod               :  0.0000
 Nfod/Nel           :  0.0000

          eigenvalues
 #    :         164        165        166        167        168        169        170        171
 occ. :        2.000      2.000      2.000      2.000      2.000      2.000      2.000      2.000
 eps  :       -16.326    -16.239    -16.163    -16.016    -15.658    -15.462    -15.434    -15.101
 #    :         172        173        174        175        176        177        178        179
 occ. :        2.000      2.000      2.000      2.000      2.000      0.000      0.000      0.000
 eps  :       -15.043    -14.943    -14.694    -13.200    -12.075    -10.772     -9.678     -8.664
 #    :         180        181        182        183        184        185        186        187
 occ. :        0.000      0.000      0.000      0.000      0.000      0.000      0.000      0.000
 eps  :        -8.357     -8.126     -8.086     -7.826     -7.474     -7.238     -7.067     -6.820
                            1  SCC done.
 making H1...
 cpu time for H      7.441499999999998E-002
 solving ...
 cpu time for diag   3.357900000000000E-002
 
 gap (eV)           :   1.595
 Koopmans IP (eV)   :  12.013
 Eel (Eh)           :  -265.690056
 T,E(Fermi),NFOD :    300.000   -11.216  0.000000
 T,E(Fermi),NFOD :    300.000   -11.216  0.000000
 Nfod               :  0.0000
 Nfod/Nel           :  0.0000

          eigenvalues
 #    :         164        165        166        167        168        169        170        171
 occ. :        2.000      2.000      2.000      2.000      2.000      2.000      2.000      2.000
 eps  :       -15.242    -15.235    -15.098    -14.910    -14.810    -14.574    -14.394    -14.366
 #    :         172        173        174        175        176        177        178        179
 occ. :        2.000      2.000      2.000      2.000      2.000      0.000      0.000      0.000
 eps  :       -14.316    -13.939    -13.793    -12.639    -12.015    -10.420     -9.112     -8.499
 #    :         180        181        182        183        184        185        186        187
 occ. :        0.000      0.000      0.000      0.000      0.000      0.000      0.000      0.000
 eps  :        -8.208     -8.156     -7.907     -7.784     -7.222     -7.121     -7.020     -6.602
                            2  SCC done.
 
 
 Mulliken/CM5 charges    n(s)   n(p)   n(d)   
    1 MG  0.3067  0.7822   0.658  1.035  0.000
    2 C   0.0167  0.0207   1.162  2.821  0.000
    3 C  -0.0407 -0.0818   1.124  2.917  0.000
    4 C  -0.0389 -0.0812   1.119  2.920  0.000
    5 C  -0.0348 -0.0761   1.136  2.899  0.000
    6 N  -0.1583 -0.4102   1.412  3.746  0.000
    7 C   0.0394  0.1050   1.238  2.722  0.000
    8 C  -0.0295 -0.0849   1.216  2.813  0.000
    9 C  -0.0131 -0.0727   1.194  2.819  0.000
   10 C   0.0191  0.0763   1.235  2.746  0.000
   11 C  -0.0769 -0.2250   1.100  2.977  0.000
   12 C  -0.0467 -0.1540   1.155  2.892  0.000
   13 C  -0.0814 -0.1824   1.156  2.925  0.000
   14 C   0.2049  0.2522   1.210  2.585  0.000
   15 O  -0.2759 -0.3227   1.635  4.641  0.000
   16 O  -0.1474 -0.2191   1.511  4.636  0.000
   17 N  -0.2029 -0.4934   1.398  3.805  0.000
   18 C   0.0131  0.0770   1.202  2.785  0.000
   19 C  -0.0156 -0.0211   1.208  2.808  0.000
   20 C  -0.0542 -0.0492   1.200  2.854  0.000
   21 C  -0.0107  0.0457   1.223  2.787  0.000
   22 C  -0.0645 -0.2079   1.074  2.991  0.000
   23 C   0.1678  0.1938   1.187  2.645  0.000
   24 O  -0.2492 -0.3022   1.615  4.635  0.000
   25 C  -0.0979 -0.2398   1.093  3.004  0.000
   26 N  -0.1559 -0.4261   1.425  3.731  0.000
   27 C   0.0023  0.0540   1.252  2.746  0.000
   28 C  -0.0220 -0.0802   1.214  2.808  0.000
   29 C  -0.0166 -0.0752   1.196  2.820  0.000
   30 C   0.0344  0.0878   1.248  2.717  0.000
   31 C  -0.0860 -0.2338   1.102  2.984  0.000
   32 C  -0.0529 -0.1643   1.146  2.907  0.000
   33 C  -0.0890 -0.2414   1.099  2.990  0.000
   34 N  -0.2208 -0.5073   1.377  3.843  0.000
   35 C   0.0520  0.1152   1.178  2.770  0.000
   36 C   0.0189  0.0150   1.196  2.785  0.000
   37 C  -0.0510 -0.0430   1.182  2.869  0.000
   38 C   0.0405  0.1133   1.186  2.773  0.000
   39 C  -0.0691 -0.2127   1.076  2.993  0.000
   40 C   0.1370  0.1690   1.203  2.660  0.000
   41 O  -0.2298 -0.2717   1.633  4.596  0.000
   42 C  -0.0524 -0.0948   1.194  2.859  0.000
   43 C   0.2409  0.2964   1.165  2.594  0.000
   44 O  -0.2726 -0.3266   1.624  4.649  0.000
   45 O  -0.1515 -0.2271   1.486  4.665  0.000
   46 C   0.0133 -0.1118   1.101  2.886  0.000
   47 C   0.0526 -0.0288   1.142  2.805  0.000
   48 C  -0.0823 -0.1384   1.154  2.928  0.000
   49 C  -0.0121 -0.0367   1.214  2.798  0.000
   50 C  -0.0931 -0.2382   1.080  3.014  0.000
   51 C  -0.0532 -0.1596   1.137  2.916  0.000
   52 C  -0.0610 -0.1721   1.161  2.900  0.000
   53 C  -0.0707 -0.1814   1.166  2.905  0.000
   54 C  -0.0313 -0.1065   1.204  2.827  0.000
   55 C  -0.0945 -0.2461   1.100  2.994  0.000
   56 C  -0.0829 -0.1930   1.170  2.913  0.000
   57 C  -0.0550 -0.1667   1.152  2.903  0.000
   58 C  -0.0888 -0.2001   1.156  2.932  0.000
   59 C  -0.0198 -0.0938   1.199  2.821  0.000
   60 C  -0.0900 -0.2408   1.102  2.988  0.000
   61 C  -0.0781 -0.1880   1.160  2.918  0.000
   62 C  -0.0690 -0.1816   1.164  2.905  0.000
   63 C  -0.0804 -0.1910   1.167  2.913  0.000
   64 C  -0.0136 -0.0895   1.194  2.819  0.000
   65 C  -0.1252 -0.2761   1.114  3.012  0.000
   66 C  -0.0961 -0.2472   1.088  3.008  0.000
   67 H   0.0495  0.1085   0.951  0.000  0.000
   68 H   0.0558  0.1173   0.944  0.000  0.000
   69 H   0.0500  0.1092   0.950  0.000  0.000
   70 H   0.0519  0.1160   0.948  0.000  0.000
   71 H   0.0517  0.1135   0.948  0.000  0.000
   72 H   0.0451  0.0983   0.955  0.000  0.000
   73 H   0.0400  0.0926   0.960  0.000  0.000
   74 H   0.0456  0.0985   0.954  0.000  0.000
   75 H   0.0496  0.1085   0.950  0.000  0.000
   76 H   0.0395  0.0990   0.960  0.000  0.000
   77 H   0.0417  0.1034   0.958  0.000  0.000
   78 H   0.0416  0.1022   0.958  0.000  0.000
   79 H   0.0409  0.0953   0.959  0.000  0.000
   80 H   0.0553  0.1106   0.945  0.000  0.000
   81 H   0.0515  0.1050   0.948  0.000  0.000
   82 H   0.0317  0.0860   0.968  0.000  0.000
   83 H   0.0529  0.1057   0.947  0.000  0.000
   84 H   0.0502  0.1053   0.950  0.000  0.000
   85 H   0.0510  0.1134   0.949  0.000  0.000
   86 H   0.0529  0.1156   0.947  0.000  0.000
   87 H   0.0339  0.0860   0.966  0.000  0.000
   88 H   0.0458  0.0979   0.954  0.000  0.000
   89 H   0.0450  0.0962   0.955  0.000  0.000
   90 H   0.0472  0.1033   0.953  0.000  0.000
   91 H   0.0322  0.0904   0.968  0.000  0.000
   92 H   0.0320  0.0846   0.968  0.000  0.000
   93 H   0.0341  0.0857   0.966  0.000  0.000
   94 H   0.0380  0.0895   0.962  0.000  0.000
   95 H   0.0454  0.0994   0.955  0.000  0.000
   96 H   0.0532  0.1051   0.947  0.000  0.000
   97 H   0.0460  0.0983   0.954  0.000  0.000
   98 H   0.0551  0.1239   0.945  0.000  0.000
   99 H   0.0596  0.1185   0.940  0.000  0.000
  100 H   0.0452  0.1063   0.955  0.000  0.000
  101 H   0.0590  0.1163   0.941  0.000  0.000
  102 H   0.0582  0.1209   0.942  0.000  0.000
  103 H   0.0692  0.1343   0.931  0.000  0.000
  104 H   0.0242  0.0825   0.976  0.000  0.000
  105 H   0.0363  0.0898   0.964  0.000  0.000
  106 H   0.0393  0.0934   0.961  0.000  0.000
  107 H   0.0486  0.1042   0.951  0.000  0.000
  108 H   0.0558  0.1099   0.944  0.000  0.000
  109 H   0.0314  0.0906   0.969  0.000  0.000
  110 H   0.0309  0.0882   0.969  0.000  0.000
  111 H   0.0397  0.0962   0.960  0.000  0.000
  112 H   0.0285  0.0844   0.971  0.000  0.000
  113 H   0.0439  0.0999   0.956  0.000  0.000
  114 H   0.0413  0.1033   0.959  0.000  0.000
  115 H   0.0415  0.0940   0.958  0.000  0.000
  116 H   0.0329  0.0855   0.967  0.000  0.000
  117 H   0.0209  0.0732   0.979  0.000  0.000
  118 H   0.0356  0.0926   0.964  0.000  0.000
  119 H   0.0358  0.0931   0.964  0.000  0.000
  120 H   0.0424  0.0978   0.958  0.000  0.000
  121 H   0.0390  0.0972   0.961  0.000  0.000
  122 H   0.0276  0.0845   0.972  0.000  0.000
  123 H   0.0362  0.0926   0.964  0.000  0.000
  124 H   0.0323  0.0935   0.968  0.000  0.000
  125 H   0.0247  0.0776   0.975  0.000  0.000
  126 H   0.0369  0.0897   0.963  0.000  0.000
  127 H   0.0463  0.0991   0.954  0.000  0.000
  128 H   0.0316  0.0887   0.968  0.000  0.000
  129 H   0.0389  0.0957   0.961  0.000  0.000
  130 H   0.0426  0.0975   0.957  0.000  0.000
  131 H   0.0276  0.0849   0.972  0.000  0.000
  132 H   0.0338  0.0917   0.966  0.000  0.000
  133 H   0.0348  0.0907   0.965  0.000  0.000
  134 H   0.0352  0.0948   0.965  0.000  0.000
  135 H   0.0280  0.0798   0.972  0.000  0.000
  136 H   0.0336  0.0852   0.966  0.000  0.000
  137 H   0.0309  0.0826   0.969  0.000  0.000
  138 H   0.0351  0.0872   0.965  0.000  0.000
  139 H   0.0257  0.0783   0.974  0.000  0.000
  140 H   0.0285  0.0810   0.971  0.000  0.000
 Hirshfeld charges for QMDFF written to <charges>
 
 Loewdin charges    n(s)   n(p)   n(d)
    1 MG  0.1441   0.670  1.186  0.000
    2 C   0.0196   1.120  2.861  0.000
    3 C  -0.0383   1.071  2.967  0.000
    4 C  -0.0378   1.066  2.972  0.000
    5 C  -0.0328   1.085  2.948  0.000
    6 N  -0.1228   1.368  3.755  0.000
    7 C   0.0395   1.203  2.757  0.000
    8 C  -0.0228   1.170  2.853  0.000
    9 C  -0.0041   1.146  2.858  0.000
   10 C   0.0234   1.199  2.778  0.000
   11 C  -0.0783   1.028  3.051  0.000
   12 C  -0.0405   1.096  2.945  0.000
   13 C  -0.0836   1.100  2.984  0.000
   14 C   0.1854   1.185  2.630  0.000
   15 O  -0.2635   1.608  4.656  0.000
   16 O  -0.1164   1.480  4.637  0.000
   17 N  -0.1680   1.354  3.814  0.000
   18 C   0.0151   1.164  2.821  0.000
   19 C  -0.0054   1.165  2.840  0.000
   20 C  -0.0618   1.164  2.898  0.000
   21 C  -0.0032   1.185  2.819  0.000
   22 C  -0.0662   0.999  3.067  0.000
   23 C   0.1639   1.150  2.687  0.000
   24 O  -0.2327   1.582  4.650  0.000
   25 C  -0.1055   1.022  3.084  0.000
   26 N  -0.1213   1.382  3.739  0.000
   27 C   0.0083   1.215  2.777  0.000
   28 C  -0.0135   1.167  2.847  0.000
   29 C  -0.0096   1.148  2.861  0.000
   30 C   0.0393   1.213  2.748  0.000
   31 C  -0.0874   1.030  3.057  0.000
   32 C  -0.0485   1.087  2.961  0.000
   33 C  -0.0905   1.027  3.064  0.000
   34 N  -0.1881   1.334  3.854  0.000
   35 C   0.0523   1.139  2.809  0.000
   36 C   0.0264   1.154  2.820  0.000
   37 C  -0.0588   1.146  2.913  0.000
   38 C   0.0444   1.147  2.809  0.000
   39 C  -0.0692   1.001  3.068  0.000
   40 C   0.1314   1.170  2.699  0.000
   41 O  -0.2150   1.604  4.611  0.000
   42 C  -0.0543   1.146  2.908  0.000
   43 C   0.2155   1.139  2.646  0.000
   44 O  -0.2566   1.592  4.665  0.000
   45 O  -0.1185   1.453  4.666  0.000
   46 C   0.0085   1.030  2.962  0.000
   47 C   0.0543   1.084  2.862  0.000
   48 C  -0.0844   1.106  2.978  0.000
   49 C   0.0006   1.171  2.828  0.000
   50 C  -0.0968   1.006  3.091  0.000
   51 C  -0.0494   1.078  2.972  0.000
   52 C  -0.0560   1.103  2.953  0.000
   53 C  -0.0684   1.109  2.959  0.000
   54 C  -0.0215   1.157  2.865  0.000
   55 C  -0.0978   1.029  3.069  0.000
   56 C  -0.0819   1.114  2.967  0.000
   57 C  -0.0497   1.093  2.957  0.000
   58 C  -0.0888   1.100  2.989  0.000
   59 C  -0.0096   1.151  2.858  0.000
   60 C  -0.0927   1.030  3.062  0.000
   61 C  -0.0771   1.104  2.973  0.000
   62 C  -0.0643   1.106  2.958  0.000
   63 C  -0.0788   1.111  2.968  0.000
   64 C  -0.0014   1.145  2.857  0.000
   65 C  -0.1308   1.045  3.086  0.000
   66 C  -0.1005   1.016  3.084  0.000
   67 H   0.0446   0.955  0.000  0.000
   68 H   0.0517   0.948  0.000  0.000
   69 H   0.0450   0.955  0.000  0.000
   70 H   0.0455   0.955  0.000  0.000
   71 H   0.0460   0.954  0.000  0.000
   72 H   0.0441   0.956  0.000  0.000
   73 H   0.0398   0.960  0.000  0.000
   74 H   0.0443   0.956  0.000  0.000
   75 H   0.0444   0.956  0.000  0.000
   76 H   0.0362   0.964  0.000  0.000
   77 H   0.0404   0.960  0.000  0.000
   78 H   0.0391   0.961  0.000  0.000
   79 H   0.0407   0.959  0.000  0.000
   80 H   0.0527   0.947  0.000  0.000
   81 H   0.0497   0.950  0.000  0.000
   82 H   0.0335   0.967  0.000  0.000
   83 H   0.0528   0.947  0.000  0.000
   84 H   0.0483   0.952  0.000  0.000
   85 H   0.0452   0.955  0.000  0.000
   86 H   0.0476   0.952  0.000  0.000
   87 H   0.0344   0.966  0.000  0.000
   88 H   0.0451   0.955  0.000  0.000
   89 H   0.0436   0.956  0.000  0.000
   90 H   0.0438   0.956  0.000  0.000
   91 H   0.0310   0.969  0.000  0.000
   92 H   0.0328   0.967  0.000  0.000
   93 H   0.0338   0.966  0.000  0.000
   94 H   0.0374   0.963  0.000  0.000
   95 H   0.0437   0.956  0.000  0.000
   96 H   0.0511   0.949  0.000  0.000
   97 H   0.0453   0.955  0.000  0.000
   98 H   0.0472   0.953  0.000  0.000
   99 H   0.0551   0.945  0.000  0.000
  100 H   0.0416   0.958  0.000  0.000
  101 H   0.0549   0.945  0.000  0.000
  102 H   0.0510   0.949  0.000  0.000
  103 H   0.0609   0.939  0.000  0.000
  104 H   0.0195   0.981  0.000  0.000
  105 H   0.0363   0.964  0.000  0.000
  106 H   0.0397   0.960  0.000  0.000
  107 H   0.0468   0.953  0.000  0.000
  108 H   0.0517   0.948  0.000  0.000
  109 H   0.0292   0.971  0.000  0.000
  110 H   0.0281   0.972  0.000  0.000
  111 H   0.0372   0.963  0.000  0.000
  112 H   0.0267   0.973  0.000  0.000
  113 H   0.0417   0.958  0.000  0.000
  114 H   0.0378   0.962  0.000  0.000
  115 H   0.0414   0.959  0.000  0.000
  116 H   0.0329   0.967  0.000  0.000
  117 H   0.0217   0.978  0.000  0.000
  118 H   0.0336   0.966  0.000  0.000
  119 H   0.0340   0.966  0.000  0.000
  120 H   0.0389   0.961  0.000  0.000
  121 H   0.0372   0.963  0.000  0.000
  122 H   0.0270   0.973  0.000  0.000
  123 H   0.0353   0.965  0.000  0.000
  124 H   0.0284   0.972  0.000  0.000
  125 H   0.0251   0.975  0.000  0.000
  126 H   0.0367   0.963  0.000  0.000
  127 H   0.0454   0.955  0.000  0.000
  128 H   0.0301   0.970  0.000  0.000
  129 H   0.0374   0.963  0.000  0.000
  130 H   0.0398   0.960  0.000  0.000
  131 H   0.0264   0.974  0.000  0.000
  132 H   0.0323   0.968  0.000  0.000
  133 H   0.0330   0.967  0.000  0.000
  134 H   0.0303   0.970  0.000  0.000
  135 H   0.0302   0.970  0.000  0.000
  136 H   0.0339   0.966  0.000  0.000
  137 H   0.0317   0.968  0.000  0.000
  138 H   0.0356   0.964  0.000  0.000
  139 H   0.0266   0.973  0.000  0.000
  140 H   0.0291   0.971  0.000  0.000
 
 Wiberg/Mayer (AO) data. WBOs > 0.1 written file <wbo>
 largest (>0.05) Wiberg bond orders for each atom
           total WBO             WBO to atom ...
     1  MG  2.538    N   17 0.516    N   34 0.501    N   26 0.439    N    6 0.370    C   21 0.058    C   38 0.056    C   30 0.052
     2  C   3.905    C    7 1.355    C   38 1.269    C   42 0.959
     3  C   3.923    C   10 1.470    C   18 1.237    H   67 0.938
     4  C   3.933    C   27 1.466    C   21 1.272    H   68 0.926
     5  C   3.910    C   30 1.403    C   35 1.277    H   69 0.938
     6  N   3.338    C    7 1.299    C   10 1.209    MG   1 0.370    C   38 0.051
     7  C   3.855    C    2 1.355    N    6 1.299    C    8 0.903
     8  C   3.926    C    9 0.962    C   12 0.945    H   70 0.937    C    7 0.903
     9  C   3.936    C   11 0.981    C    8 0.962    H   71 0.943    C   10 0.909
    10  C   3.850    C    3 1.470    N    6 1.209    C    9 0.909
    11  C   3.972    C    9 0.981    H   72 0.977    H   74 0.976    H   73 0.974
    12  C   3.953    C   13 0.984    H   76 0.967    H   75 0.964    C    8 0.945
    13  C   3.945    C   12 0.984    H   78 0.951    H   77 0.942    C   14 0.906    O   15 0.096
    14  C   3.878    O   15 1.814    O   16 1.104    C   13 0.906
    15  O   2.133    C   14 1.814    O   16 0.163    C   13 0.096
    16  O   2.304    C   14 1.104    C   47 0.923    O   15 0.163
    17  N   3.335    C   18 1.211    C   21 1.156    MG   1 0.516    C   20 0.066
    18  C   3.860    C    3 1.237    N   17 1.211    C   19 1.146
    19  C   3.869    C   20 1.439    C   18 1.146    C   22 1.005    O   24 0.050
    20  C   3.895    C   19 1.439    C   21 1.108    C   23 1.013    O   24 0.071    N   17 0.066
    21  C   3.853    C    4 1.272    N   17 1.156    C   20 1.108    N   26 0.060    MG   1 0.058
    22  C   3.981    C   19 1.005    H   79 0.974    H   80 0.965    H   81 0.958
    23  C   3.893    O   24 1.822    C   20 1.013    C   25 0.967
    24  O   2.145    C   23 1.822    C   25 0.074    C   20 0.071    C   19 0.050
    25  C   3.977    H   84 0.968    H   82 0.968    C   23 0.967    H   83 0.951    O   24 0.074
    26  N   3.362    C   30 1.231    C   27 1.207    MG   1 0.439    C   21 0.060
    27  C   3.836    C    4 1.466    N   26 1.207    C   28 0.896
    28  C   3.922    C   31 0.969    C   29 0.959    H   85 0.940    C   27 0.896
    29  C   3.937    C   32 0.964    C   28 0.959    C   30 0.934    H   86 0.929
    30  C   3.840    C    5 1.403    N   26 1.231    C   29 0.934    MG   1 0.052
    31  C   3.971    H   87 0.981    H   89 0.981    H   88 0.977    C   28 0.969
    32  C   3.954    C   33 1.000    H   91 0.964    C   29 0.964    H   90 0.958
    33  C   3.982    C   32 1.000    H   94 0.986    H   93 0.981    H   92 0.978
    34  N   3.307    C   38 1.225    C   35 1.126    MG   1 0.501    C   37 0.064
    35  C   3.880    C    5 1.277    C   36 1.234    N   34 1.126
    36  C   3.873    C   37 1.366    C   35 1.234    C   39 0.991    O   41 0.058
    37  C   3.899    C   36 1.366    C   38 1.101    C   40 1.092    O   41 0.068    N   34 0.064
    38  C   3.898    C    2 1.269    N   34 1.225    C   37 1.101    MG   1 0.056    N    6 0.051
    39  C   3.979    C   36 0.991    H   95 0.975    H   97 0.974    H   96 0.964
    40  C   3.891    O   41 1.810    C   37 1.092    C   42 0.840
    41  O   2.152    C   40 1.810    C   42 0.090    C   37 0.068    C   36 0.058
    42  C   3.940    C    2 0.959    H   98 0.924    C   43 0.914    C   40 0.840    O   41 0.090    O   44 0.074
    43  C   3.897    O   44 1.820    O   45 1.099    C   42 0.914
    44  O   2.142    C   43 1.820    O   45 0.168    C   42 0.074
    45  O   2.300    C   43 1.099    C   46 0.962    O   44 0.168
    46  C   3.937    H  100 0.989    H  101 0.988    H   99 0.982    O   45 0.962
    47  C   3.925    C   48 0.996    H  102 0.973    H  103 0.957    O   16 0.923
    48  C   3.957    C   49 1.891    C   47 0.996    H  104 0.940
    49  C   3.936    C   48 1.891    C   50 1.004    C   51 0.947
    50  C   3.990    C   49 1.004    H  107 0.970    H  105 0.967    H  106 0.965
    51  C   3.963    C   52 0.984    H  109 0.963    H  108 0.956    C   49 0.947
    52  C   3.963    C   51 0.984    H  110 0.972    C   53 0.965    H  111 0.962
    53  C   3.958    C   54 0.982    C   52 0.965    H  113 0.962    H  112 0.962
    54  C   3.940    C   55 0.998    C   53 0.982    C   56 0.949    H  114 0.943
    55  C   3.982    C   54 0.998    H  117 0.981    H  116 0.976    H  115 0.973
    56  C   3.960    C   57 0.990    H  119 0.965    H  118 0.962    C   54 0.949
    57  C   3.967    C   56 0.990    C   58 0.981    H  120 0.968    H  121 0.961
    58  C   3.950    C   57 0.981    C   59 0.967    H  122 0.958    H  123 0.956
    59  C   3.941    C   60 0.993    C   58 0.967    C   61 0.967    H  124 0.947
    60  C   3.984    C   59 0.993    H  125 0.983    H  126 0.978    H  127 0.975
    61  C   3.957    C   62 0.977    C   59 0.967    H  128 0.961    H  129 0.961
    62  C   3.960    C   63 0.983    C   61 0.977    H  131 0.966    H  130 0.966
    63  C   3.957    C   62 0.983    H  132 0.962    C   64 0.961    H  133 0.960
    64  C   3.945    C   66 1.020    C   65 0.968    C   63 0.961    H  134 0.953
    65  C   3.971    H  136 0.980    H  137 0.979    H  135 0.978    C   64 0.968
    66  C   3.981    C   64 1.020    H  139 0.974    H  140 0.972    H  138 0.968
    67  H   0.995    C    3 0.938
    68  H   0.993    C    4 0.926
    69  H   0.994    C    5 0.938
    70  H   0.993    C    8 0.937
    71  H   0.995    C    9 0.943
    72  H   0.997    C   11 0.977
    73  H   0.997    C   11 0.974
    74  H   0.996    C   11 0.976
    75  H   0.996    C   12 0.964
    76  H   0.997    C   12 0.967
    77  H   0.998    C   13 0.942
    78  H   0.998    C   13 0.951
    79  H   0.995    C   22 0.974
    80  H   0.993    C   22 0.965
    81  H   0.992    C   22 0.958
    82  H   0.998    C   25 0.968
    83  H   0.996    C   25 0.951
    84  H   0.995    C   25 0.968
    85  H   0.993    C   28 0.940
    86  H   0.994    C   29 0.929
    87  H   0.997    C   31 0.981
    88  H   0.997    C   31 0.977
    89  H   0.997    C   31 0.981
    90  H   0.995    C   32 0.958
    91  H   0.997    C   32 0.964
    92  H   0.999    C   33 0.978
    93  H   0.997    C   33 0.981
    94  H   0.998    C   33 0.986
    95  H   0.996    C   39 0.975
    96  H   0.991    C   39 0.964
    97  H   0.995    C   39 0.974
    98  H   0.992    C   42 0.924
    99  H   0.996    C   46 0.982
   100  H   0.998    C   46 0.989
   101  H   0.996    C   46 0.988
   102  H   0.996    C   47 0.973
   103  H   0.995    C   47 0.957
   104  H   0.999    C   48 0.940
   105  H   0.999    C   50 0.967
   106  H   0.998    C   50 0.965
   107  H   0.997    C   50 0.970
   108  H   0.995    C   51 0.956
   109  H   0.999    C   51 0.963
   110  H   0.999    C   52 0.972
   111  H   0.997    C   52 0.962
   112  H   0.998    C   53 0.962
   113  H   0.998    C   53 0.962
   114  H   0.998    C   54 0.943
   115  H   0.998    C   55 0.973
   116  H   0.998    C   55 0.976
   117  H   0.999    C   55 0.981
   118  H   0.998    C   56 0.962
   119  H   0.998    C   56 0.965
   120  H   0.998    C   57 0.968
   121  H   0.998    C   57 0.961
   122  H   0.999    C   58 0.958
   123  H   0.997    C   58 0.956
   124  H   0.999    C   59 0.947
   125  H   0.999    C   60 0.983
   126  H   0.998    C   60 0.978
   127  H   0.997    C   60 0.975
   128  H   0.998    C   61 0.961
   129  H   0.998    C   61 0.961
   130  H   0.997    C   62 0.966
   131  H   0.999    C   62 0.966
   132  H   0.999    C   63 0.962
   133  H   0.998    C   63 0.960
   134  H   0.999    C   64 0.953
   135  H   0.999    C   65 0.978
   136  H   0.999    C   65 0.980
   137  H   0.999    C   65 0.979
   138  H   0.998    C   66 0.968
   139  H   0.999    C   66 0.974
   140  H   0.999    C   66 0.972
 
 --------------------------------------------
          xTB calculation for sTDA...
 --------------------------------------------
 
 reading parameter file ~/.param_stda2.xtb
 
      method parameters     
 k(s)        :  1.6000
 k(p)        :  2.1800
 k(d)        :  1.9500
 k(f)        :  2.0000
 k(R-V)      :  2.2750
 k(R-R)      :  1.7650
 Tscal       :  0.2580
 Gscal       :  1.0000
 fpol        :  1.0000
 Zcnf        :  0.3430
 Zqf         :  0.0000
 kcn         :  2.7000
 Ryd Hsplit  :  0.7000
 lshift(virt):  3.1000
 lshift(OS)  :  0.2000
 wllscaling  :  2.6000
 
 mowrcut     : 3.000
 
  Z AO/shell   Hii/eV     exponent
  1     Sun Feb 14 09:53:25 CET 2016    EN: 2.327 GAM: 0.473  GM3: 0.0000
     1s    -14.339618    1.220000
     2sp    -3.348946    0.600000
  6     Sun Feb 14 09:53:25 CET 2016    EN: 2.731 GAM: 0.422  GM3: 0.0000
     2s    -22.009312    1.565095
     2p    -13.020408    1.596905
     3sp    -3.914040    0.824500
  7     Sun Feb 14 09:53:25 CET 2016    EN: 3.573 GAM: 0.504  GM3: 0.0000
     2s    -25.722000    2.064844
     2p    -18.684912    1.801692
     3sp    -4.344791    0.921400
  8     Sun Feb 14 09:53:25 CET 2016    EN: 3.700 GAM: 0.587  GM3: 0.0000
     2s    -33.859000    2.418661
     2p    -22.175911    1.973969
     3sp    -4.259392    1.013700
 12     Sun Feb 21 16:58:31 CET 2016    EN: 0.033 GAM: 0.222  GM3: 0.0000
     3s    -11.092543    1.647583
     3p     -6.929529    0.855020
 
 Nbf   :          894
 T(el) :     0.0
 calculating S/T integrals ...
 cpu time for ints    1.25648300000000     
 Nao   :          894
 making H0...
 making H1...
 cpu time for H      2.120699999999998E-002
 solving ...
 cpu time for diag   0.269679000000000     
 
 gap (eV)           :   4.684
 Koopmans IP (eV)   :  13.314
 Eel (Eh)           :  -301.027333

          eigenvalues
 #    :         164        165        166        167        168        169        170        171
 occ. :        2.000      2.000      2.000      2.000      2.000      2.000      2.000      2.000
 eps  :       -17.382    -17.322    -16.924    -16.422    -16.243    -16.149    -16.041    -15.768
 #    :         172        173        174        175        176        177        178        179
 occ. :        2.000      2.000      2.000      2.000      2.000      0.000      0.000      0.000
 eps  :       -15.609    -15.494    -15.210    -13.934    -13.315     -8.631     -6.929     -6.832
 #    :         180        181        182        183        184        185        186        187
 occ. :        0.000      0.000      0.000      0.000      0.000      0.000      0.000      0.000
 eps  :        -6.150     -6.105     -5.647     -5.439     -5.236     -5.128     -5.118     -5.023
                            1  SCC done.
 writing mo output ...
 molden style : F
 
speedup  1.17
cpu  time for all    2.05 s
wall time for all    1.75 s
