 
        ______________________________________
       |                                      |
       |          ===================         |
       |             xTB for sTDA             |
       |          ===================         |
       |               S. Grimme              |
       |        Universitaet Bonn, MCTC       |
       |         2015-19, Version 1.0         |
       |     Wed Apr  3 09:14:55 CEST 2019    |
       |______________________________________|
 
        This code comes without any warranty
        for non-commercial, academia use only.
        Preliminary test version.
        Cite this work as:
        S. Grimme  &  C. Bannwarth, JCP 145 (2016) 054103
        if GBSA is used additionally:
        P. Shushkov, F. März, C. Bannwarth, S. Grimme, unpublished.
 
        with help from
        P. Shushkov, G. Brandenburg, S. Dohm, J. Pisarek,
        F. März, M. Checinski, S. Ehrlich, S. Spicher, 
        P. Pracht, E. Caldeweyher, S. Ehlert, and C. Bannwarth.
 
        usage        :
        xtb4stda <coord_file> [options]
        where <coord_file> is a valid file of TM)
        (*coord, Bohr) or xmol (*xyz, Angstroem)
        format.

        options:
        -chrg <int>   : molecular charge
        -uhf  <int>   : # of unpaired electrons(=2*S)
        -nox          : skip second, extended part in sTDA-xTB
        -pop          : do population analysis
                      : (default for -nox)
        -mowr <real>  : cut MO write above (def.3 Eh)
        -molden       : write formatted molden file
        -parx <file>  : read parameters for sTDA-xTB
                        calc (def:~/.param_stda2.xtb)
        -parv <file>  : read parameters for vTB part in
                        sTDA-xTB (def: ~/.param_stda1.xtb)
        -xtemp <real> : el. temp for xTB (def. 0 K)
        -etemp <real> : el. temp for GFN (def. 300 K)
        -fod          : calculate the FOD and write
                        molden.input file with
                        appropriate occupations
                        for plotting. Def. T=12500 K
 
        -acc <real>   : xTB accuracy (def. 1.0)
        -gbsa [string1] [string2]
                        use GBSA implicit solvent
                        for solvent [string1] and
                        solvation state [string2]=
                        reference, bar1M (default=1M)
        additional GFN/opt/MD/siman options read from
        $XTB4STDAHOME/.xtb4stdarc or $set in input
 
       spin and charge state information can be on:
       <.CHRG> (charge) and <.UHF> (=nalpha-nbeta)
       -uhf and -chrg override the file info.
       useful machine settings:
       setenv MKL_NUM_THREADS <NCORE_ON_YOUR_MACHINE>
       setenv OMP_STACKSIZE 500m
       limit stacksize unlimited
 
       total energies in Eh, gaps/HL energies in eV
       please read REVISION and HOWTO files carefully
 =============================
  # OMP threads =           4
 =============================
 
 xtb4stdahome directory:~/
 
 
 name of molecule           :
 comment line               :
 number of atoms            :   140
 number of electrons        :   352
 charge                     :  0
 spin                       : 0.0
 first test random number   :  0.5340
 
 -----------------------------------------
      charge density (VTB) calculation
 -----------------------------------------
 
      method parameters     
 k(s)        :  1.8000
 k(p)        :  2.8350
 k(d)        :  2.0860
 k(f)        :  2.0000
 Tscal       :  0.3300
 Gscal       :  0.3910
 fpol        :  1.0000
 Zcnf        :  0.6500
 Zqf         :  0.0000
 kcn         :  0.3000
 kEN1        : -0.5900
 wllscal     :  2.6000
 
     -------------------------
     ! NO SOLVENT MODEL USED !
     -------------------------
 
 doing EN charges ...
 sum q : -0.6661338D-15
 point charge moment (au)
     X       Y       Z   
  -0.7668   0.3541  -0.2640  total (Debye):    2.249
 
            Z      q(EN)   CN      Cart. coordinates
     1  MG  2.0   0.854   4.679    76.61327    16.46329    55.87920
     2  C   4.0   0.020   3.257    80.25477    19.56433    60.16321
     3  C   4.0  -0.060   3.147    72.26312    14.55467    60.34462
     4  C   4.0  -0.059   3.157    73.46310    13.15816    51.29472
     5  C   4.0  -0.055   3.136    81.45097    17.63114    51.19079
     6  N   5.0  -0.388   3.158    76.54713    16.68628    59.82872
     7  C   4.0   0.074   3.348    78.00978    18.50231    61.21389
     8  C   4.0  -0.097   4.148    76.92507    18.93316    63.74802
     9  C   4.0  -0.097   4.152    74.88606    16.72030    63.90297
    10  C   4.0   0.086   3.325    74.47599    15.86047    61.20822
    11  C   4.0  -0.236   4.015    75.77234    14.39593    65.65475
    12  C   4.0  -0.161   4.059    76.04824    21.69972    64.26202
    13  C   4.0  -0.167   4.052    76.80035    22.75608    66.77158
    14  C   4.0   0.173   3.108    76.63406    20.88147    69.08838
    15  O   6.0  -0.094   1.039    75.16574    19.09190    69.40774
    16  O   6.0  -0.131   2.088    78.22710    21.79988    70.87606
    17  N   5.0  -0.408   3.239    73.23444    14.28066    55.80361
    18  C   4.0   0.084   3.375    71.82092    13.76098    57.89364
    19  C   4.0   0.011   3.257    69.71577    12.28889    57.09996
    20  C   4.0   0.002   3.253    69.87073    11.94874    54.38631
    21  C   4.0   0.078   3.353    72.24422    13.29044    53.60208
    22  C   4.0  -0.246   4.020    67.80148    11.16639    58.99535
    23  C   4.0   0.103   3.037    68.18320    10.69396    52.49470
    24  O   6.0  -0.098   1.046    68.57249    10.32357    50.22136
    25  C   4.0  -0.245   4.022    65.53570     9.82469    53.54350
    26  N   5.0  -0.370   3.092    77.44286    15.31812    51.75959
    27  C   4.0   0.125   3.371    75.77423    14.16350    50.34230
    28  C   4.0  -0.095   4.151    76.45831    14.25420    47.53984
    29  C   4.0  -0.095   4.156    79.02078    15.69417    47.54739
    30  C   4.0   0.101   3.382    79.37605    16.24030    50.35931
    31  C   4.0  -0.236   4.008    76.66429    11.50465    46.24159
    32  C   4.0  -0.163   4.039    78.72598    18.20184    45.91089
    33  C   4.0  -0.238   4.002    76.98744    20.38447    46.79339
    34  N   5.0  -0.423   3.209    80.29257    17.96940    55.74314
    35  C   4.0   0.077   3.438    81.90072    18.38136    53.72680
    36  C   4.0   0.012   3.321    83.99454    19.94984    54.70001
    37  C   4.0   0.007   3.359    83.53156    20.53565    57.16421
    38  C   4.0   0.079   3.746    81.19585    19.24308    57.71223
    39  C   4.0  -0.247   4.034    86.35292    20.49975    53.26382
    40  C   4.0   0.109   3.162    84.40839    21.86035    59.42621
    41  O   6.0  -0.100   1.037    86.29811    23.12269    59.80983
    42  C   4.0  -0.116   4.244    82.27300    21.22918    61.44822
    43  C   4.0   0.167   3.169    83.48620    19.77220    63.49668
    44  O   6.0  -0.089   1.039    84.70508    17.77098    63.32283
    45  O   6.0  -0.116   2.050    82.97220    21.15548    65.64719
    46  C   4.0  -0.198   4.037    83.69218    19.90259    68.01691
    47  C   4.0  -0.133   4.097    78.53134    20.27109    73.09649
    48  C   4.0  -0.051   3.124    76.82870    21.51075    74.88039
    49  C   4.0   0.018   3.111    77.49199    23.45339    76.52256
    50  C   4.0  -0.249   4.037    79.97887    24.74785    77.10838
    51  C   4.0  -0.176   4.093    75.35660    24.63069    78.06647
    52  C   4.0  -0.164   4.075    74.83504    22.72018    80.19241
    53  C   4.0  -0.164   4.073    72.30280    21.24052    79.76344
    54  C   4.0  -0.088   4.037    70.76646    21.09690    82.25599
    55  C   4.0  -0.238   4.038    69.68553    18.40593    82.68685
    56  C   4.0  -0.163   4.061    68.48934    23.05277    81.97631
    57  C   4.0  -0.163   4.032    66.69221    23.04899    84.35737
    58  C   4.0  -0.163   4.051    66.69599    25.71728    85.67073
    59  C   4.0  -0.089   4.043    63.96722    26.12357    86.93873
    60  C   4.0  -0.240   4.054    62.60851    28.07755    85.45530
    61  C   4.0  -0.163   4.044    64.01447    26.57711    89.88670
    62  C   4.0  -0.163   4.035    64.43777    24.09779    91.38337
    63  C   4.0  -0.164   4.062    66.57316    24.20361    93.48474
    64  C   4.0  -0.089   4.033    68.58004    22.08712    93.05389
    65  C   4.0  -0.238   4.034    67.53125    19.36591    93.06522
    66  C   4.0  -0.240   4.056    70.61339    22.48207    95.06266
    67  H   1.0   0.070   1.005    70.79291    13.99720    61.68065
    68  H   1.0   0.071   1.009    72.24989    12.25865    49.88688
    69  H   1.0   0.070   1.005    82.85881    18.12814    49.76782
    70  H   1.0   0.086   1.013    78.48977    18.56656    65.03870
    71  H   1.0   0.084   1.007    73.13617    17.52532    64.63052
    72  H   1.0   0.080   0.997    77.38617    14.83624    66.85661
    73  H   1.0   0.081   0.999    76.52823    12.97486    64.36974
    74  H   1.0   0.080   0.999    74.02812    13.80067    66.57127
    75  H   1.0   0.082   1.005    73.99411    21.80744    64.15242
    76  H   1.0   0.083   1.007    76.98177    22.75230    62.75780
    77  H   1.0   0.082   1.005    75.58148    24.29243    67.39708
    78  H   1.0   0.082   1.004    78.62772    23.66315    67.05693
    79  H   1.0   0.080   0.997    66.42198    12.48731    59.76636
    80  H   1.0   0.081   1.002    69.03547    10.32357    60.41265
    81  H   1.0   0.080   0.999    66.52402     9.80012    58.13364
    82  H   1.0   0.080   0.998    65.80215     8.16362    54.73213
    83  H   1.0   0.080   0.998    64.22423     9.73587    51.95801
    84  H   1.0   0.080   0.998    64.57383    11.26844    54.65465
    85  H   1.0   0.085   1.008    75.04669    15.38993    46.56096
    86  H   1.0   0.084   1.005    80.57980    14.60947    46.74993
    87  H   1.0   0.080   0.998    74.98244    11.31190    45.06618
    88  H   1.0   0.080   0.998    76.63973    10.03444    47.68534
    89  H   1.0   0.080   0.996    78.22899    11.09080    44.96981
    90  H   1.0   0.081   1.002    78.23276    17.89948    43.93424
    91  H   1.0   0.082   1.006    80.63461    18.96907    46.03372
    92  H   1.0   0.080   1.001    78.32914    21.91137    47.12788
    93  H   1.0   0.080   0.999    75.87061    19.89126    48.45068
    94  H   1.0   0.079   0.997    75.60982    20.97785    45.38177
    95  H   1.0   0.081   1.003    86.87070    22.36869    53.95546
    96  H   1.0   0.080   0.999    86.07324    20.47707    51.22291
    97  H   1.0   0.081   1.001    87.84391    19.33379    54.07262
    98  H   1.0   0.086   1.010    81.87616    23.13780    62.11151
    99  H   1.0   0.081   0.997    83.33502    21.38036    69.40774
   100  H   1.0   0.081   0.997    85.72742    19.60780    67.89974
   101  H   1.0   0.080   0.996    82.84748    18.05255    68.34572
   102  H   1.0   0.082   1.000    80.49666    20.17471    73.70687
   103  H   1.0   0.083   1.003    77.95497    18.29822    72.96043
   104  H   1.0   0.071   1.004    74.86716    20.88525    74.83315
   105  H   1.0   0.080   0.998    80.35493    25.11635    79.09826
   106  H   1.0   0.080   0.999    80.00344    26.62246    76.25611
   107  H   1.0   0.080   1.001    81.41506    23.46095    76.38083
   108  H   1.0   0.082   1.003    73.72010    25.01619    76.87783
   109  H   1.0   0.083   1.004    76.08982    26.45427    78.68063
   110  H   1.0   0.082   1.004    74.61583    23.69527    81.99521
   111  H   1.0   0.083   1.004    76.52445    21.55043    80.33981
   112  H   1.0   0.082   1.003    72.88673    19.44717    78.93385
   113  H   1.0   0.082   1.003    71.16897    22.09090    78.26867
   114  H   1.0   0.083   1.006    71.86628    21.72240    83.88116
   115  H   1.0   0.080   0.998    70.18064    17.76531    84.58224
   116  H   1.0   0.081   1.001    70.57937    17.22296    81.25822
   117  H   1.0   0.081   0.998    67.67109    18.26798    82.28434
   118  H   1.0   0.082   1.002    67.21944    22.67293    80.39839
   119  H   1.0   0.082   1.003    69.40963    24.88202    81.74954
   120  H   1.0   0.082   1.003    67.30070    21.49941    85.57057
   121  H   1.0   0.082   1.003    64.74579    22.65403    83.80935
   122  H   1.0   0.082   1.002    67.00023    27.31788    84.41217
   123  H   1.0   0.082   1.001    68.29281    25.81555    86.96897
   124  H   1.0   0.084   1.012    62.79370    24.45305    86.66661
   125  H   1.0   0.081   1.002    63.67054    29.82365    85.71608
   126  H   1.0   0.081   0.999    60.74524    28.53486    86.20174
   127  H   1.0   0.080   0.998    62.24568    27.67693    83.46731
   128  H   1.0   0.082   1.006    62.06616    27.12702    90.26654
   129  H   1.0   0.082   1.001    65.33916    28.09834    90.29489
   130  H   1.0   0.083   1.004    64.81004    22.61435    90.00576
   131  H   1.0   0.081   1.003    62.62741    23.70283    92.28477
   132  H   1.0   0.082   1.003    65.60940    23.83322    95.26675
   133  H   1.0   0.082   1.003    67.59928    25.98751    93.39971
   134  H   1.0   0.083   1.008    69.36050    22.47073    91.18684
   135  H   1.0   0.080   0.998    65.50735    19.29977    93.44506
   136  H   1.0   0.080   0.997    68.59516    17.93350    94.09512
   137  H   1.0   0.081   1.006    67.77880    19.04655    91.04700
   138  H   1.0   0.080   0.997    70.00490    22.44616    97.02987
   139  H   1.0   0.080   0.998    71.63006    24.26219    94.86613
   140  H   1.0   0.081   1.000    71.90029    20.88714    94.86424
 
  Z AO/shell   Hii/eV     exponent
  1     Sat Feb 20 21:38:01 CET 2016    EN: 2.327 GAM: 0.473  GM3: 0.0000
     1s    -13.751157    1.051071
  6     Sat Feb 20 21:38:01 CET 2016    EN: 2.731 GAM: 0.422  GM3: 0.0000
     2s    -19.378245    2.021003
     2p    -11.993376    1.497917
  7     Sat Feb 20 21:38:01 CET 2016    EN: 3.573 GAM: 0.504  GM3: 0.0000
     2s    -21.576984    2.275442
     2p    -16.125120    2.056788
  8     Sat Feb 20 21:38:01 CET 2016    EN: 3.700 GAM: 0.587  GM3: 0.0000
     2s    -21.648843    2.110798
     2p    -17.239740    2.329048
 12     Sat Feb 20 23:25:47 CET 2016    EN: 0.033 GAM: 0.222  GM3: 0.0000
     3s    -12.693633    1.302878
     3p     -8.128821    0.504252
 
 dipole moment of classical point charges (au)
     X       Y       Z   
  -0.7668   0.3541  -0.2640  total (Debye):    2.249

 
 Nbf   :          338
 T(el) :   300.0
 calculating S/T integrals ...
 cpu time for ints   0.163469000000000     
 Nao   :          338
 making H0...
 making H1...
 cpu time for H      1.226100000000002E-002
 solving ...
 cpu time for diag   7.494899999999999E-002
 
 gap (eV)           :   1.301
 Koopmans IP (eV)   :  12.026
 Eel (Eh)           :  -268.280706
 T,E(Fermi),NFOD :    300.000   -11.376  0.000000
 T,E(Fermi),NFOD :    300.000   -11.376  0.000000
 Nfod               :  0.0000
 Nfod/Nel           :  0.0000

          eigenvalues
 #    :         164        165        166        167        168        169        170        171
 occ. :        2.000      2.000      2.000      2.000      2.000      2.000      2.000      2.000
 eps  :       -16.238    -16.216    -16.014    -15.904    -15.623    -15.558    -15.340    -15.096
 #    :         172        173        174        175        176        177        178        179
 occ. :        2.000      2.000      2.000      2.000      2.000      0.000      0.000      0.000
 eps  :       -14.901    -14.687    -14.671    -13.316    -12.027    -10.726     -9.916     -8.771
 #    :         180        181        182        183        184        185        186        187
 occ. :        0.000      0.000      0.000      0.000      0.000      0.000      0.000      0.000
 eps  :        -8.507     -8.207     -7.833     -7.811     -7.529     -7.450     -6.974     -6.905
                            1  SCC done.
 making H1...
 cpu time for H      9.120800000000001E-002
 solving ...
 cpu time for diag   3.910200000000003E-002
 
 gap (eV)           :   1.590
 Koopmans IP (eV)   :  11.905
 Eel (Eh)           :  -265.572293
 T,E(Fermi),NFOD :    300.000   -11.110  0.000000
 T,E(Fermi),NFOD :    300.000   -11.110  0.000000
 Nfod               :  0.0000
 Nfod/Nel           :  0.0000

          eigenvalues
 #    :         164        165        166        167        168        169        170        171
 occ. :        2.000      2.000      2.000      2.000      2.000      2.000      2.000      2.000
 eps  :       -15.380    -15.215    -15.050    -14.779    -14.539    -14.499    -14.357    -14.276
 #    :         172        173        174        175        176        177        178        179
 occ. :        2.000      2.000      2.000      2.000      2.000      0.000      0.000      0.000
 eps  :       -14.139    -13.981    -13.799    -12.691    -11.906    -10.316     -9.280     -8.492
 #    :         180        181        182        183        184        185        186        187
 occ. :        0.000      0.000      0.000      0.000      0.000      0.000      0.000      0.000
 eps  :        -8.213     -8.120     -7.758     -7.715     -7.328     -7.263     -6.867     -6.829
                            2  SCC done.
 
 
 Mulliken/CM5 charges    n(s)   n(p)   n(d)   
    1 MG  0.2947  0.7242   0.678  1.027  0.000
    2 C   0.0017  0.0052   1.177  2.822  0.000
    3 C  -0.0274 -0.0703   1.121  2.907  0.000
    4 C  -0.0127 -0.0528   1.122  2.891  0.000
    5 C  -0.0262 -0.0682   1.130  2.897  0.000
    6 N  -0.1622 -0.4270   1.414  3.748  0.000
    7 C   0.0085  0.0572   1.241  2.751  0.000
    8 C  -0.0197 -0.0738   1.196  2.824  0.000
    9 C  -0.0213 -0.0764   1.207  2.815  0.000
   10 C   0.0386  0.0925   1.228  2.734  0.000
   11 C  -0.0812 -0.2279   1.111  2.970  0.000
   12 C  -0.0300 -0.1354   1.146  2.884  0.000
   13 C  -0.0616 -0.1628   1.145  2.917  0.000
   14 C   0.2007  0.2486   1.206  2.594  0.000
   15 O  -0.2905 -0.3415   1.632  4.658  0.000
   16 O  -0.1423 -0.2267   1.483  4.659  0.000
   17 N  -0.2182 -0.4870   1.365  3.853  0.000
   18 C   0.0528  0.1146   1.170  2.777  0.000
   19 C  -0.0203 -0.0241   1.222  2.798  0.000
   20 C  -0.0511 -0.0457   1.211  2.840  0.000
   21 C   0.0420  0.1021   1.205  2.753  0.000
   22 C  -0.0834 -0.2288   1.085  2.999  0.000
   23 C   0.1331  0.1571   1.215  2.652  0.000
   24 O  -0.2338 -0.2856   1.628  4.605  0.000
   25 C  -0.1195 -0.2625   1.108  3.012  0.000
   26 N  -0.1551 -0.4037   1.410  3.745  0.000
   27 C   0.0653  0.1343   1.219  2.716  0.000
   28 C  -0.0260 -0.0809   1.207  2.819  0.000
   29 C  -0.0268 -0.0819   1.207  2.820  0.000
   30 C   0.0350  0.0967   1.212  2.753  0.000
   31 C  -0.0995 -0.2468   1.111  2.989  0.000
   32 C  -0.0664 -0.1768   1.159  2.907  0.000
   33 C  -0.0924 -0.2442   1.093  2.999  0.000
   34 N  -0.2028 -0.4818   1.390  3.813  0.000
   35 C   0.0073  0.0679   1.205  2.788  0.000
   36 C  -0.0100 -0.0156   1.211  2.800  0.000
   37 C  -0.0640 -0.0578   1.179  2.885  0.000
   38 C   0.0199  0.0921   1.194  2.786  0.000
   39 C  -0.0706 -0.2143   1.079  2.991  0.000
   40 C   0.1514  0.1833   1.202  2.646  0.000
   41 O  -0.2179 -0.2612   1.632  4.586  0.000
   42 C  -0.0383 -0.0808   1.196  2.842  0.000
   43 C   0.2152  0.2665   1.188  2.597  0.000
   44 O  -0.2620 -0.3044   1.636  4.625  0.000
   45 O  -0.1616 -0.2521   1.503  4.659  0.000
   46 C   0.0144 -0.1093   1.101  2.885  0.000
   47 C   0.0559 -0.0224   1.112  2.832  0.000
   48 C  -0.0766 -0.1323   1.161  2.916  0.000
   49 C  -0.0307 -0.0556   1.232  2.798  0.000
   50 C  -0.0827 -0.2291   1.081  3.002  0.000
   51 C  -0.0691 -0.1762   1.141  2.928  0.000
   52 C  -0.0690 -0.1793   1.161  2.908  0.000
   53 C  -0.0718 -0.1820   1.161  2.911  0.000
   54 C  -0.0227 -0.0959   1.214  2.808  0.000
   55 C  -0.1020 -0.2519   1.103  2.999  0.000
   56 C  -0.0801 -0.1902   1.170  2.910  0.000
   57 C  -0.0718 -0.1834   1.161  2.911  0.000
   58 C  -0.0805 -0.1896   1.168  2.913  0.000
   59 C  -0.0347 -0.1095   1.210  2.825  0.000
   60 C  -0.0978 -0.2498   1.094  3.004  0.000
   61 C  -0.0644 -0.1748   1.158  2.906  0.000
   62 C  -0.0671 -0.1788   1.156  2.912  0.000
   63 C  -0.0687 -0.1782   1.163  2.905  0.000
   64 C  -0.0163 -0.0933   1.198  2.818  0.000
   65 C  -0.1011 -0.2513   1.099  3.002  0.000
   66 C  -0.1061 -0.2564   1.100  3.006  0.000
   67 H   0.0633  0.1220   0.937  0.000  0.000
   68 H   0.0567  0.1242   0.943  0.000  0.000
   69 H   0.0606  0.1190   0.939  0.000  0.000
   70 H   0.0520  0.1210   0.948  0.000  0.000
   71 H   0.0446  0.1066   0.955  0.000  0.000
   72 H   0.0457  0.0991   0.954  0.000  0.000
   73 H   0.0369  0.0911   0.963  0.000  0.000
   74 H   0.0465  0.0994   0.953  0.000  0.000
   75 H   0.0448  0.1024   0.955  0.000  0.000
   76 H   0.0493  0.1088   0.951  0.000  0.000
   77 H   0.0556  0.1147   0.944  0.000  0.000
   78 H   0.0429  0.1071   0.957  0.000  0.000
   79 H   0.0490  0.1004   0.951  0.000  0.000
   80 H   0.0533  0.1073   0.947  0.000  0.000
   81 H   0.0489  0.1023   0.951  0.000  0.000
   82 H   0.0498  0.1030   0.950  0.000  0.000
   83 H   0.0419  0.0969   0.958  0.000  0.000
   84 H   0.0347  0.0875   0.965  0.000  0.000
   85 H   0.0563  0.1182   0.944  0.000  0.000
   86 H   0.0562  0.1160   0.944  0.000  0.000
   87 H   0.0328  0.0844   0.967  0.000  0.000
   88 H   0.0364  0.0890   0.964  0.000  0.000
   89 H   0.0385  0.0894   0.962  0.000  0.000
   90 H   0.0355  0.0905   0.965  0.000  0.000
   91 H   0.0322  0.0894   0.968  0.000  0.000
   92 H   0.0365  0.0890   0.964  0.000  0.000
   93 H   0.0381  0.0921   0.962  0.000  0.000
   94 H   0.0345  0.0854   0.966  0.000  0.000
   95 H   0.0450  0.0999   0.955  0.000  0.000
   96 H   0.0523  0.1050   0.948  0.000  0.000
   97 H   0.0581  0.1113   0.942  0.000  0.000
   98 H   0.0623  0.1325   0.938  0.000  0.000
   99 H   0.0519  0.1148   0.948  0.000  0.000
  100 H   0.0465  0.1091   0.953  0.000  0.000
  101 H   0.0616  0.1207   0.938  0.000  0.000
  102 H   0.0476  0.1104   0.952  0.000  0.000
  103 H   0.0596  0.1261   0.940  0.000  0.000
  104 H   0.0462  0.1060   0.954  0.000  0.000
  105 H   0.0473  0.0993   0.953  0.000  0.000
  106 H   0.0479  0.1002   0.952  0.000  0.000
  107 H   0.0373  0.0910   0.963  0.000  0.000
  108 H   0.0386  0.0950   0.961  0.000  0.000
  109 H   0.0378  0.0947   0.962  0.000  0.000
  110 H   0.0261  0.0828   0.974  0.000  0.000
  111 H   0.0391  0.0969   0.961  0.000  0.000
  112 H   0.0366  0.0926   0.963  0.000  0.000
  113 H   0.0375  0.0947   0.962  0.000  0.000
  114 H   0.0435  0.1028   0.957  0.000  0.000
  115 H   0.0371  0.0887   0.963  0.000  0.000
  116 H   0.0323  0.0859   0.968  0.000  0.000
  117 H   0.0375  0.0904   0.963  0.000  0.000
  118 H   0.0315  0.0871   0.968  0.000  0.000
  119 H   0.0327  0.0896   0.967  0.000  0.000
  120 H   0.0346  0.0915   0.965  0.000  0.000
  121 H   0.0356  0.0918   0.964  0.000  0.000
  122 H   0.0363  0.0928   0.964  0.000  0.000
  123 H   0.0289  0.0841   0.971  0.000  0.000
  124 H   0.0261  0.0875   0.974  0.000  0.000
  125 H   0.0191  0.0727   0.981  0.000  0.000
  126 H   0.0292  0.0812   0.971  0.000  0.000
  127 H   0.0424  0.0941   0.958  0.000  0.000
  128 H   0.0370  0.0939   0.963  0.000  0.000
  129 H   0.0324  0.0882   0.968  0.000  0.000
  130 H   0.0357  0.0942   0.964  0.000  0.000
  131 H   0.0362  0.0915   0.964  0.000  0.000
  132 H   0.0321  0.0883   0.968  0.000  0.000
  133 H   0.0406  0.0971   0.959  0.000  0.000
  134 H   0.0372  0.0966   0.963  0.000  0.000
  135 H   0.0357  0.0884   0.964  0.000  0.000
  136 H   0.0416  0.0930   0.958  0.000  0.000
  137 H   0.0348  0.0890   0.965  0.000  0.000
  138 H   0.0269  0.0787   0.973  0.000  0.000
  139 H   0.0327  0.0845   0.967  0.000  0.000
  140 H   0.0298  0.0828   0.970  0.000  0.000
 Hirshfeld charges for QMDFF written to <charges>
 
 Loewdin charges    n(s)   n(p)   n(d)
    1 MG  0.1335   0.689  1.178  0.000
    2 C   0.0044   1.136  2.860  0.000
    3 C  -0.0240   1.068  2.956  0.000
    4 C  -0.0107   1.069  2.942  0.000
    5 C  -0.0228   1.077  2.946  0.000
    6 N  -0.1288   1.373  3.755  0.000
    7 C   0.0140   1.204  2.782  0.000
    8 C  -0.0139   1.148  2.866  0.000
    9 C  -0.0140   1.160  2.854  0.000
   10 C   0.0453   1.190  2.765  0.000
   11 C  -0.0818   1.040  3.042  0.000
   12 C  -0.0234   1.085  2.938  0.000
   13 C  -0.0611   1.086  2.975  0.000
   14 C   0.1785   1.181  2.641  0.000
   15 O  -0.2779   1.604  4.674  0.000
   16 O  -0.1058   1.447  4.659  0.000
   17 N  -0.1876   1.324  3.864  0.000
   18 C   0.0554   1.129  2.815  0.000
   19 C  -0.0117   1.182  2.830  0.000
   20 C  -0.0586   1.176  2.882  0.000
   21 C   0.0470   1.165  2.788  0.000
   22 C  -0.0850   1.011  3.074  0.000
   23 C   0.1308   1.181  2.689  0.000
   24 O  -0.2178   1.598  4.620  0.000
   25 C  -0.1267   1.038  3.089  0.000
   26 N  -0.1190   1.365  3.754  0.000
   27 C   0.0681   1.181  2.751  0.000
   28 C  -0.0182   1.160  2.859  0.000
   29 C  -0.0189   1.160  2.859  0.000
   30 C   0.0367   1.175  2.788  0.000
   31 C  -0.1017   1.040  3.062  0.000
   32 C  -0.0620   1.101  2.961  0.000
   33 C  -0.0931   1.021  3.072  0.000
   34 N  -0.1691   1.347  3.823  0.000
   35 C   0.0068   1.169  2.825  0.000
   36 C  -0.0004   1.168  2.832  0.000
   37 C  -0.0726   1.142  2.931  0.000
   38 C   0.0235   1.155  2.821  0.000
   39 C  -0.0711   1.004  3.067  0.000
   40 C   0.1448   1.170  2.685  0.000
   41 O  -0.2017   1.601  4.601  0.000
   42 C  -0.0386   1.149  2.890  0.000
   43 C   0.1955   1.161  2.643  0.000
   44 O  -0.2509   1.610  4.641  0.000
   45 O  -0.1275   1.469  4.658  0.000
   46 C   0.0080   1.030  2.962  0.000
   47 C   0.0525   1.054  2.894  0.000
   48 C  -0.0758   1.112  2.964  0.000
   49 C  -0.0190   1.192  2.827  0.000
   50 C  -0.0846   1.007  3.077  0.000
   51 C  -0.0667   1.082  2.985  0.000
   52 C  -0.0651   1.104  2.962  0.000
   53 C  -0.0698   1.104  2.966  0.000
   54 C  -0.0116   1.167  2.844  0.000
   55 C  -0.1059   1.032  3.074  0.000
   56 C  -0.0774   1.114  2.963  0.000
   57 C  -0.0676   1.103  2.964  0.000
   58 C  -0.0780   1.112  2.966  0.000
   59 C  -0.0255   1.163  2.862  0.000
   60 C  -0.1012   1.022  3.079  0.000
   61 C  -0.0606   1.101  2.960  0.000
   62 C  -0.0630   1.098  2.965  0.000
   63 C  -0.0652   1.106  2.959  0.000
   64 C  -0.0036   1.149  2.854  0.000
   65 C  -0.1052   1.028  3.077  0.000
   66 C  -0.1100   1.029  3.081  0.000
   67 H   0.0575   0.943  0.000  0.000
   68 H   0.0496   0.950  0.000  0.000
   69 H   0.0549   0.945  0.000  0.000
   70 H   0.0460   0.954  0.000  0.000
   71 H   0.0388   0.961  0.000  0.000
   72 H   0.0450   0.955  0.000  0.000
   73 H   0.0372   0.963  0.000  0.000
   74 H   0.0450   0.955  0.000  0.000
   75 H   0.0406   0.959  0.000  0.000
   76 H   0.0458   0.954  0.000  0.000
   77 H   0.0519   0.948  0.000  0.000
   78 H   0.0391   0.961  0.000  0.000
   79 H   0.0480   0.952  0.000  0.000
   80 H   0.0517   0.948  0.000  0.000
   81 H   0.0489   0.951  0.000  0.000
   82 H   0.0499   0.950  0.000  0.000
   83 H   0.0408   0.959  0.000  0.000
   84 H   0.0361   0.964  0.000  0.000
   85 H   0.0498   0.950  0.000  0.000
   86 H   0.0493   0.951  0.000  0.000
   87 H   0.0327   0.967  0.000  0.000
   88 H   0.0359   0.964  0.000  0.000
   89 H   0.0387   0.961  0.000  0.000
   90 H   0.0329   0.967  0.000  0.000
   91 H   0.0308   0.969  0.000  0.000
   92 H   0.0365   0.964  0.000  0.000
   93 H   0.0400   0.960  0.000  0.000
   94 H   0.0344   0.966  0.000  0.000
   95 H   0.0437   0.956  0.000  0.000
   96 H   0.0509   0.949  0.000  0.000
   97 H   0.0558   0.944  0.000  0.000
   98 H   0.0535   0.946  0.000  0.000
   99 H   0.0483   0.952  0.000  0.000
  100 H   0.0425   0.957  0.000  0.000
  101 H   0.0569   0.943  0.000  0.000
  102 H   0.0422   0.958  0.000  0.000
  103 H   0.0519   0.948  0.000  0.000
  104 H   0.0391   0.961  0.000  0.000
  105 H   0.0465   0.953  0.000  0.000
  106 H   0.0468   0.953  0.000  0.000
  107 H   0.0367   0.963  0.000  0.000
  108 H   0.0359   0.964  0.000  0.000
  109 H   0.0353   0.965  0.000  0.000
  110 H   0.0247   0.975  0.000  0.000
  111 H   0.0363   0.964  0.000  0.000
  112 H   0.0348   0.965  0.000  0.000
  113 H   0.0359   0.964  0.000  0.000
  114 H   0.0382   0.962  0.000  0.000
  115 H   0.0367   0.963  0.000  0.000
  116 H   0.0333   0.967  0.000  0.000
  117 H   0.0376   0.962  0.000  0.000
  118 H   0.0293   0.971  0.000  0.000
  119 H   0.0305   0.970  0.000  0.000
  120 H   0.0325   0.967  0.000  0.000
  121 H   0.0336   0.966  0.000  0.000
  122 H   0.0344   0.966  0.000  0.000
  123 H   0.0266   0.973  0.000  0.000
  124 H   0.0224   0.978  0.000  0.000
  125 H   0.0201   0.980  0.000  0.000
  126 H   0.0302   0.970  0.000  0.000
  127 H   0.0419   0.958  0.000  0.000
  128 H   0.0345   0.966  0.000  0.000
  129 H   0.0298   0.970  0.000  0.000
  130 H   0.0340   0.966  0.000  0.000
  131 H   0.0337   0.966  0.000  0.000
  132 H   0.0292   0.971  0.000  0.000
  133 H   0.0377   0.962  0.000  0.000
  134 H   0.0322   0.968  0.000  0.000
  135 H   0.0358   0.964  0.000  0.000
  136 H   0.0413   0.959  0.000  0.000
  137 H   0.0354   0.965  0.000  0.000
  138 H   0.0276   0.972  0.000  0.000
  139 H   0.0330   0.967  0.000  0.000
  140 H   0.0304   0.970  0.000  0.000
 
 Wiberg/Mayer (AO) data. WBOs > 0.1 written file <wbo>
 largest (>0.05) Wiberg bond orders for each atom
           total WBO             WBO to atom ...
     1  MG  2.539    N   17 0.518    N   34 0.490    N    6 0.489    N   26 0.315    C   10 0.056    C   21 0.053    C    7 0.053    C   38 0.051
     2  C   3.911    C    7 1.402    C   38 1.244    C   42 0.924
     3  C   3.910    C   10 1.395    C   18 1.300    H   67 0.934
     4  C   3.919    C   21 1.379    C   27 1.308    H   68 0.929
     5  C   3.918    C   30 1.455    C   35 1.272    H   69 0.936
     6  N   3.340    C   10 1.226    C    7 1.147    MG   1 0.489
     7  C   3.852    C    2 1.402    N    6 1.147    C    8 0.980    N   34 0.054    MG   1 0.053
     8  C   3.932    C    7 0.980    C    9 0.935    C   12 0.934    H   70 0.927
     9  C   3.931    C   10 0.964    C   11 0.947    H   71 0.946    C    8 0.935
    10  C   3.850    C    3 1.395    N    6 1.226    C    9 0.964    MG   1 0.056    N   17 0.050
    11  C   3.962    H   73 0.981    H   74 0.980    H   72 0.977    C    9 0.947
    12  C   3.952    C   13 0.999    H   75 0.963    H   76 0.951    C    8 0.934
    13  C   3.959    C   12 0.999    H   78 0.959    H   77 0.939    C   14 0.909    O   15 0.090
    14  C   3.877    O   15 1.809    O   16 1.104    C   13 0.909
    15  O   2.112    C   14 1.809    O   16 0.162    C   13 0.090
    16  O   2.324    C   14 1.104    C   47 0.934    O   15 0.162
    17  N   3.320    C   18 1.166    C   21 1.155    MG   1 0.518    C   20 0.069    C   10 0.050
    18  C   3.894    C    3 1.300    C   19 1.202    N   17 1.166
    19  C   3.864    C   20 1.405    C   18 1.202    C   22 0.977    O   24 0.070
    20  C   3.876    C   19 1.405    C   21 1.073    C   23 1.048    O   24 0.073    N   17 0.069
    21  C   3.877    C    4 1.379    N   17 1.155    C   20 1.073    N   26 0.053    MG   1 0.053
    22  C   3.977    C   19 0.977    H   81 0.972    H   80 0.970    H   79 0.968
    23  C   3.881    O   24 1.823    C   20 1.048    C   25 0.917
    24  O   2.158    C   23 1.823    C   25 0.085    C   20 0.073    C   19 0.070
    25  C   3.973    H   83 0.974    H   84 0.973    H   82 0.961    C   23 0.917    O   24 0.085
    26  N   3.307    C   27 1.361    C   30 1.219    MG   1 0.315    C   21 0.053
    27  C   3.859    N   26 1.361    C    4 1.308    C   28 0.934
    28  C   3.933    C   29 0.965    C   31 0.949    H   85 0.942    C   27 0.934
    29  C   3.935    C   28 0.965    H   86 0.940    C   32 0.936    C   30 0.936
    30  C   3.857    C    5 1.455    N   26 1.219    C   29 0.936
    31  C   3.965    H   87 0.984    H   88 0.983    H   89 0.979    C   28 0.949
    32  C   3.950    C   33 1.002    H   90 0.969    H   91 0.969    C   29 0.936
    33  C   3.982    C   32 1.002    H   92 0.985    H   94 0.985    H   93 0.973
    34  N   3.321    C   38 1.242    C   35 1.151    MG   1 0.490    C   37 0.060    C    7 0.054
    35  C   3.851    C    5 1.272    N   34 1.151    C   36 1.148
    36  C   3.866    C   37 1.436    C   35 1.148    C   39 0.996    O   41 0.055
    37  C   3.909    C   36 1.436    C   38 1.107    C   40 1.047    O   41 0.074    N   34 0.060
    38  C   3.886    C    2 1.244    N   34 1.242    C   37 1.107    MG   1 0.051
    39  C   3.979    C   36 0.996    H   96 0.975    H   95 0.969    H   97 0.960
    40  C   3.884    O   41 1.844    C   37 1.047    C   42 0.843
    41  O   2.188    C   40 1.844    C   42 0.091    C   37 0.074    C   36 0.055
    42  C   3.940    C   43 0.942    H   98 0.931    C    2 0.924    C   40 0.843    O   41 0.091    O   44 0.067
    43  C   3.894    O   44 1.805    O   45 1.074    C   42 0.942
    44  O   2.122    C   43 1.805    O   45 0.168    C   42 0.067
    45  O   2.293    C   43 1.074    C   46 0.968    O   44 0.168
    46  C   3.939    H   99 0.988    H  100 0.986    H  101 0.980    O   45 0.968
    47  C   3.939    C   48 1.019    H  102 0.966    H  103 0.956    O   16 0.934
    48  C   3.958    C   49 1.854    C   47 1.019    H  104 0.940
    49  C   3.929    C   48 1.854    C   50 0.992    C   51 0.976
    50  C   3.988    C   49 0.992    H  107 0.975    H  105 0.972    H  106 0.966
    51  C   3.971    C   49 0.976    C   52 0.971    H  109 0.961    H  108 0.958
    52  C   3.960    C   53 0.978    C   51 0.971    H  110 0.965    H  111 0.962
    53  C   3.958    C   52 0.978    C   54 0.972    H  112 0.960    H  113 0.960
    54  C   3.935    C   55 0.986    C   53 0.972    C   56 0.962    H  114 0.952
    55  C   3.981    C   54 0.986    H  115 0.980    H  117 0.979    H  116 0.976
    56  C   3.957    C   57 0.974    H  118 0.969    H  119 0.967    C   54 0.962
    57  C   3.961    C   58 0.984    C   56 0.974    H  120 0.970    H  121 0.969
    58  C   3.956    C   57 0.984    H  123 0.971    H  122 0.965    C   59 0.947
    59  C   3.932    C   60 1.009    C   61 0.957    H  124 0.952    C   58 0.947
    60  C   3.980    C   59 1.009    H  125 0.981    H  127 0.972    H  126 0.971
    61  C   3.962    C   62 0.990    H  129 0.966    H  128 0.965    C   59 0.957
    62  C   3.963    C   61 0.990    C   63 0.973    H  131 0.972    H  130 0.966
    63  C   3.963    C   64 0.975    C   62 0.973    H  132 0.970    H  133 0.964
    64  C   3.944    C   66 0.990    C   65 0.984    C   63 0.975    H  134 0.958
    65  C   3.982    C   64 0.984    H  137 0.982    H  135 0.980    H  136 0.978
    66  C   3.980    C   64 0.990    H  138 0.981    H  139 0.978    H  140 0.976
    67  H   0.993    C    3 0.934
    68  H   0.994    C    4 0.929
    69  H   0.993    C    5 0.936
    70  H   0.994    C    8 0.927
    71  H   0.996    C    9 0.946
    72  H   0.996    C   11 0.977
    73  H   0.998    C   11 0.981
    74  H   0.996    C   11 0.980
    75  H   0.995    C   12 0.963
    76  H   0.996    C   12 0.951
    77  H   0.995    C   13 0.939
    78  H   0.998    C   13 0.959
    79  H   0.991    C   22 0.968
    80  H   0.993    C   22 0.970
    81  H   0.996    C   22 0.972
    82  H   0.997    C   25 0.961
    83  H   0.996    C   25 0.974
    84  H   0.999    C   25 0.973
    85  H   0.994    C   28 0.942
    86  H   0.993    C   29 0.940
    87  H   0.998    C   31 0.984
    88  H   0.997    C   31 0.983
    89  H   0.997    C   31 0.979
    90  H   0.996    C   32 0.969
    91  H   0.997    C   32 0.969
    92  H   0.998    C   33 0.985
    93  H   0.998    C   33 0.973
    94  H   0.999    C   33 0.985
    95  H   0.995    C   39 0.969
    96  H   0.995    C   39 0.975
    97  H   0.992    C   39 0.960
    98  H   0.993    C   42 0.931
    99  H   0.997    C   46 0.988
   100  H   0.998    C   46 0.986
   101  H   0.996    C   46 0.980
   102  H   0.997    C   47 0.966
   103  H   0.996    C   47 0.956
   104  H   0.998    C   48 0.940
   105  H   0.998    C   50 0.972
   106  H   0.998    C   50 0.966
   107  H   0.998    C   50 0.975
   108  H   0.998    C   51 0.958
   109  H   0.997    C   51 0.961
   110  H   0.999    C   52 0.965
   111  H   0.998    C   52 0.962
   112  H   0.998    C   53 0.960
   113  H   0.999    C   53 0.960
   114  H   0.998    C   54 0.952
   115  H   0.998    C   55 0.980
   116  H   0.999    C   55 0.976
   117  H   0.998    C   55 0.979
   118  H   0.998    C   56 0.969
   119  H   0.999    C   56 0.967
   120  H   0.999    C   57 0.970
   121  H   0.998    C   57 0.969
   122  H   0.999    C   58 0.965
   123  H   0.999    C   58 0.971
   124  H   0.999    C   59 0.952
   125  H   1.000    C   60 0.981
   126  H   0.998    C   60 0.971
   127  H   0.997    C   60 0.972
   128  H   0.997    C   61 0.965
   129  H   0.999    C   61 0.966
   130  H   0.999    C   62 0.966
   131  H   0.998    C   62 0.972
   132  H   0.998    C   63 0.970
   133  H   0.998    C   63 0.964
   134  H   0.999    C   64 0.958
   135  H   0.999    C   65 0.980
   136  H   0.998    C   65 0.978
   137  H   0.999    C   65 0.982
   138  H   0.999    C   66 0.981
   139  H   0.999    C   66 0.978
   140  H   0.998    C   66 0.976
 
 --------------------------------------------
          xTB calculation for sTDA...
 --------------------------------------------
 
 reading parameter file ~/.param_stda2.xtb
 
      method parameters     
 k(s)        :  1.6000
 k(p)        :  2.1800
 k(d)        :  1.9500
 k(f)        :  2.0000
 k(R-V)      :  2.2750
 k(R-R)      :  1.7650
 Tscal       :  0.2580
 Gscal       :  1.0000
 fpol        :  1.0000
 Zcnf        :  0.3430
 Zqf         :  0.0000
 kcn         :  2.7000
 Ryd Hsplit  :  0.7000
 lshift(virt):  3.1000
 lshift(OS)  :  0.2000
 wllscaling  :  2.6000
 
 mowrcut     : 3.000
 
  Z AO/shell   Hii/eV     exponent
  1     Sun Feb 14 09:53:25 CET 2016    EN: 2.327 GAM: 0.473  GM3: 0.0000
     1s    -14.339618    1.220000
     2sp    -3.348946    0.600000
  6     Sun Feb 14 09:53:25 CET 2016    EN: 2.731 GAM: 0.422  GM3: 0.0000
     2s    -22.009312    1.565095
     2p    -13.020408    1.596905
     3sp    -3.914040    0.824500
  7     Sun Feb 14 09:53:25 CET 2016    EN: 3.573 GAM: 0.504  GM3: 0.0000
     2s    -25.722000    2.064844
     2p    -18.684912    1.801692
     3sp    -4.344791    0.921400
  8     Sun Feb 14 09:53:25 CET 2016    EN: 3.700 GAM: 0.587  GM3: 0.0000
     2s    -33.859000    2.418661
     2p    -22.175911    1.973969
     3sp    -4.259392    1.013700
 12     Sun Feb 21 16:58:31 CET 2016    EN: 0.033 GAM: 0.222  GM3: 0.0000
     3s    -11.092543    1.647583
     3p     -6.929529    0.855020
 
 Nbf   :          894
 T(el) :     0.0
 calculating S/T integrals ...
 cpu time for ints    1.26737000000000     
 Nao   :          894
 making H0...
 making H1...
 cpu time for H      2.164699999999997E-002
 solving ...
 cpu time for diag   0.277194000000000     
 
 gap (eV)           :   4.622
 Koopmans IP (eV)   :  13.269
 Eel (Eh)           :  -300.976199

          eigenvalues
 #    :         164        165        166        167        168        169        170        171
 occ. :        2.000      2.000      2.000      2.000      2.000      2.000      2.000      2.000
 eps  :       -17.302    -17.230    -17.049    -16.341    -16.249    -16.167    -15.905    -15.643
 #    :         172        173        174        175        176        177        178        179
 occ. :        2.000      2.000      2.000      2.000      2.000      0.000      0.000      0.000
 eps  :       -15.555    -15.344    -15.252    -14.020    -13.270     -8.648     -7.031     -6.955
 #    :         180        181        182        183        184        185        186        187
 occ. :        0.000      0.000      0.000      0.000      0.000      0.000      0.000      0.000
 eps  :        -6.430     -6.167     -5.967     -5.625     -5.426     -5.345     -5.167     -5.039
                            1  SCC done.
 writing mo output ...
 molden style : F
 
speedup  1.17
cpu  time for all    2.12 s
wall time for all    1.81 s
