cpu-bind=MASK - bp1-compute154, task 4294967295 4294967295 [0]: mask 0xffffff00ffffff set
Host:    bp1-compute154.data.bp.acrc.priv
Time:    Thu Apr 28 13:56:22 BST 2022
Dir:     /user/home/of15641/chlorophyll_parameterization/tddft_data/step_1601_chromophore_20
Job ID:  1658437
Nodelist:
cat: bp1-compute154: No such file or directory
  
Result dir: /user/home/of15641/chlorophyll_parameterization/tddft_data/step_1601_chromophore_20
running gaussian jobs
Running time g16 < CAMB3LYP_step_1601_chromophore_20.com > CAMB3LYP_step_1601_chromophore_20.log

real	22m50.877s
user	537m39.355s
sys	0m22.145s
Running time g16 < PBE0_step_1601_chromophore_20.com > PBE0_step_1601_chromophore_20.log

real	17m49.812s
user	425m41.592s
sys	0m20.574s
Running time g16 < wB97XD_step_1601_chromophore_20.com > wB97XD_step_1601_chromophore_20.log

real	24m10.145s
user	568m40.107s
sys	0m22.737s
Running time g16 < BLYP_step_1601_chromophore_20.com > BLYP_step_1601_chromophore_20.log

real	13m14.416s
user	315m23.731s
sys	0m22.601s
Running time g16 < ZINDO_step_1601_chromophore_20.com > ZINDO_step_1601_chromophore_20.log

real	0m6.410s
user	2m19.960s
sys	0m2.207s
