cpu-bind=MASK - bp1-compute148, task 4294967295 4294967295 [0]: mask 0xffffff00ffffff set
Host:    bp1-compute148.data.bp.acrc.priv
Time:    Fri Apr 29 02:56:58 BST 2022
Dir:     /user/home/of15641/chlorophyll_parameterization/tddft_data/step_1851_chromophore_25
Job ID:  1658581
Nodelist:
cat: bp1-compute148: No such file or directory
  
Result dir: /user/home/of15641/chlorophyll_parameterization/tddft_data/step_1851_chromophore_25
running gaussian jobs
Running time g16 < CAMB3LYP_step_1851_chromophore_25.com > CAMB3LYP_step_1851_chromophore_25.log

real	28m1.509s
user	658m56.691s
sys	1m13.788s
Running time g16 < PBE0_step_1851_chromophore_25.com > PBE0_step_1851_chromophore_25.log

real	16m19.691s
user	388m58.127s
sys	0m55.071s
Running time g16 < wB97XD_step_1851_chromophore_25.com > wB97XD_step_1851_chromophore_25.log

real	23m10.463s
user	543m51.839s
sys	1m2.153s
Running time g16 < BLYP_step_1851_chromophore_25.com > BLYP_step_1851_chromophore_25.log

real	12m19.711s
user	293m20.204s
sys	0m47.500s
Running time g16 < ZINDO_step_1851_chromophore_25.com > ZINDO_step_1851_chromophore_25.log

real	0m6.393s
user	2m18.858s
sys	0m2.452s
