cpu-bind=MASK - bp1-compute162, task 4294967295 4294967295 [0]: mask 0xffffff00ffffff set
Host:    bp1-compute162.data.bp.acrc.priv
Time:    Wed Apr 27 00:05:57 BST 2022
Dir:     /user/home/of15641/chlorophyll_parameterization/tddft_data/step_101_chromophore_23
Job ID:  1658088
Nodelist:
cat: bp1-compute162: No such file or directory
  
Result dir: /user/home/of15641/chlorophyll_parameterization/tddft_data/step_101_chromophore_23
running gaussian jobs
Running time g16 < CAMB3LYP_step_101_chromophore_23.com > CAMB3LYP_step_101_chromophore_23.log

real	29m19.104s
user	690m16.206s
sys	0m32.460s
Running time g16 < PBE0_step_101_chromophore_23.com > PBE0_step_101_chromophore_23.log

real	17m26.809s
user	416m31.806s
sys	0m21.889s
Running time g16 < wB97XD_step_101_chromophore_23.com > wB97XD_step_101_chromophore_23.log

real	30m57.226s
user	729m9.457s
sys	0m31.779s
Running time g16 < BLYP_step_101_chromophore_23.com > BLYP_step_101_chromophore_23.log

real	12m58.441s
user	309m20.985s
sys	0m24.492s
Running time g16 < ZINDO_step_101_chromophore_23.com > ZINDO_step_101_chromophore_23.log

real	0m7.771s
user	2m50.162s
sys	0m2.854s
