cpu-bind=MASK - bp1-compute103, task 4294967295 4294967295 [0]: mask 0xffffffffffff set
Host:    bp1-compute103.data.bp.acrc.priv
Time:    Sat Apr 30 13:04:56 BST 2022
Dir:     /user/home/of15641/chlorophyll_parameterization/tddft_data/step_751_chromophore_24
Job ID:  1658961
Nodelist:
cat: bp1-compute103: No such file or directory
  
Result dir: /user/home/of15641/chlorophyll_parameterization/tddft_data/step_751_chromophore_24
running gaussian jobs
Running time g16 < CAMB3LYP_step_751_chromophore_24.com > CAMB3LYP_step_751_chromophore_24.log

real	23m57.188s
user	563m23.522s
sys	0m25.736s
Running time g16 < PBE0_step_751_chromophore_24.com > PBE0_step_751_chromophore_24.log

real	17m21.136s
user	414m25.842s
sys	0m21.994s
Running time g16 < wB97XD_step_751_chromophore_24.com > wB97XD_step_751_chromophore_24.log

real	25m18.792s
user	595m20.794s
sys	0m24.251s
Running time g16 < BLYP_step_751_chromophore_24.com > BLYP_step_751_chromophore_24.log

real	13m45.748s
user	328m29.302s
sys	0m24.953s
Running time g16 < ZINDO_step_751_chromophore_24.com > ZINDO_step_751_chromophore_24.log

real	0m6.810s
user	2m30.000s
sys	0m2.601s
