cpu-bind=MASK - bp1-compute036, task 4294967295 4294967295 [0]: mask 0xffffffffffff set
Host:    bp1-compute036.data.bp.acrc.priv
Time:    Wed May  4 10:58:16 BST 2022
Dir:     /user/home/of15641/chlorophyll_parameterization/tddft_data/step_1651_chromophore_9
Job ID:  1692193
Nodelist:
cat: bp1-compute036: No such file or directory
  
Result dir: /user/home/of15641/chlorophyll_parameterization/tddft_data/step_1651_chromophore_9
running gaussian jobs
Running time g16 < CAMB3LYP_step_1651_chromophore_9.com > CAMB3LYP_step_1651_chromophore_9.log

real	29m8.730s
user	686m45.389s
sys	0m30.121s
Running time g16 < PBE0_step_1651_chromophore_9.com > PBE0_step_1651_chromophore_9.log

real	19m23.610s
user	463m6.994s
sys	0m23.171s
Running time g16 < wB97XD_step_1651_chromophore_9.com > wB97XD_step_1651_chromophore_9.log

real	31m6.155s
user	733m1.299s
sys	0m30.523s
Running time g16 < BLYP_step_1651_chromophore_9.com > BLYP_step_1651_chromophore_9.log

real	13m50.425s
user	330m8.158s
sys	0m24.618s
Running time g16 < ZINDO_step_1651_chromophore_9.com > ZINDO_step_1651_chromophore_9.log

real	0m7.754s
user	2m51.066s
sys	0m2.883s
