cpu-bind=MASK - bp1-compute137, task 4294967295 4294967295 [0]: mask 0xffffff00ffffff set
Host:    bp1-compute137.data.bp.acrc.priv
Time:    Thu Apr 28 04:33:12 BST 2022
Dir:     /user/home/of15641/chlorophyll_parameterization/tddft_data/step_1451_chromophore_27
Job ID:  1658336
Nodelist:
cat: bp1-compute137: No such file or directory
  
Result dir: /user/home/of15641/chlorophyll_parameterization/tddft_data/step_1451_chromophore_27
running gaussian jobs
Running time g16 < CAMB3LYP_step_1451_chromophore_27.com > CAMB3LYP_step_1451_chromophore_27.log

real	36m41.890s
user	864m54.052s
sys	3m26.561s
Running time g16 < PBE0_step_1451_chromophore_27.com > PBE0_step_1451_chromophore_27.log

real	21m34.907s
user	513m20.577s
sys	2m22.042s
Running time g16 < wB97XD_step_1451_chromophore_27.com > wB97XD_step_1451_chromophore_27.log

real	41m51.296s
user	987m0.222s
sys	3m58.358s
Running time g16 < BLYP_step_1451_chromophore_27.com > BLYP_step_1451_chromophore_27.log

real	19m53.881s
user	474m0.249s
sys	1m25.308s
Running time g16 < ZINDO_step_1451_chromophore_27.com > ZINDO_step_1451_chromophore_27.log

real	0m7.590s
user	2m50.038s
sys	0m2.417s
