cpu-bind=MASK - bp1-compute162, task 4294967295 4294967295 [0]: mask 0xffffff00ffffff set
Host:    bp1-compute162.data.bp.acrc.priv
Time:    Thu Apr 28 11:27:03 BST 2022
Dir:     /user/home/of15641/chlorophyll_parameterization/tddft_data/step_1551_chromophore_21
Job ID:  1658411
Nodelist:
cat: bp1-compute162: No such file or directory
  
Result dir: /user/home/of15641/chlorophyll_parameterization/tddft_data/step_1551_chromophore_21
running gaussian jobs
Running time g16 < CAMB3LYP_step_1551_chromophore_21.com > CAMB3LYP_step_1551_chromophore_21.log

real	25m41.846s
user	604m25.246s
sys	0m27.469s
Running time g16 < PBE0_step_1551_chromophore_21.com > PBE0_step_1551_chromophore_21.log

real	16m27.406s
user	392m40.572s
sys	0m21.609s
Running time g16 < wB97XD_step_1551_chromophore_21.com > wB97XD_step_1551_chromophore_21.log

real	27m52.504s
user	655m29.887s
sys	0m30.920s
Running time g16 < BLYP_step_1551_chromophore_21.com > BLYP_step_1551_chromophore_21.log

real	11m7.197s
user	265m4.873s
sys	0m22.997s
Running time g16 < ZINDO_step_1551_chromophore_21.com > ZINDO_step_1551_chromophore_21.log

real	0m8.762s
user	3m13.954s
sys	0m2.544s
