cpu-bind=MASK - bp1-compute150, task 4294967295 4294967295 [0]: mask 0x1ffffef01ffffef set
Host:    bp1-compute150.data.bp.acrc.priv
Time:    Thu Apr 28 17:58:40 BST 2022
Dir:     /user/home/of15641/chlorophyll_parameterization/tddft_data/step_1701_chromophore_14
Job ID:  1658485
Nodelist:
cat: bp1-compute150: No such file or directory
  
Result dir: /user/home/of15641/chlorophyll_parameterization/tddft_data/step_1701_chromophore_14
running gaussian jobs
Running time g16 < CAMB3LYP_step_1701_chromophore_14.com > CAMB3LYP_step_1701_chromophore_14.log

real	24m59.565s
user	587m20.517s
sys	0m28.129s
Running time g16 < PBE0_step_1701_chromophore_14.com > PBE0_step_1701_chromophore_14.log

real	18m10.128s
user	433m51.640s
sys	0m20.291s
Running time g16 < wB97XD_step_1701_chromophore_14.com > wB97XD_step_1701_chromophore_14.log

real	33m8.168s
user	782m50.080s
sys	0m28.709s
Running time g16 < BLYP_step_1701_chromophore_14.com > BLYP_step_1701_chromophore_14.log

real	15m21.726s
user	366m28.342s
sys	0m23.839s
Running time g16 < ZINDO_step_1701_chromophore_14.com > ZINDO_step_1701_chromophore_14.log

real	0m8.121s
user	2m59.406s
sys	0m2.549s
