cpu-bind=MASK - bp1-compute155, task 4294967295 4294967295 [0]: mask 0xffffff00ffffff set
Host:    bp1-compute155.data.bp.acrc.priv
Time:    Wed May  4 15:48:13 BST 2022
Dir:     /user/home/of15641/chlorophyll_parameterization/tddft_data/step_201_chromophore_14
Job ID:  1692253
Nodelist:
cat: bp1-compute155: No such file or directory
  
Result dir: /user/home/of15641/chlorophyll_parameterization/tddft_data/step_201_chromophore_14
running gaussian jobs
Running time g16 < CAMB3LYP_step_201_chromophore_14.com > CAMB3LYP_step_201_chromophore_14.log

real	36m32.645s
user	864m38.541s
sys	0m43.355s
Running time g16 < PBE0_step_201_chromophore_14.com > PBE0_step_201_chromophore_14.log

real	32m12.336s
user	769m48.800s
sys	0m59.987s
Running time g16 < wB97XD_step_201_chromophore_14.com > wB97XD_step_201_chromophore_14.log

real	42m43.526s
user	1012m25.034s
sys	1m2.440s
Running time g16 < BLYP_step_201_chromophore_14.com > BLYP_step_201_chromophore_14.log

real	22m6.654s
user	528m21.357s
sys	0m33.227s
Running time g16 < ZINDO_step_201_chromophore_14.com > ZINDO_step_201_chromophore_14.log

real	0m6.724s
user	2m28.762s
sys	0m2.346s
