cpu-bind=MASK - bp1-compute197, task 4294967295 4294967295 [0]: mask 0xffffff00ffffff set
Host:    bp1-compute197.data.bp.acrc.priv
Time:    Fri Apr 29 10:52:50 BST 2022
Dir:     /user/home/of15641/chlorophyll_parameterization/tddft_data/step_301_chromophore_1
Job ID:  1658672
Nodelist:
cat: bp1-compute197: No such file or directory
  
Result dir: /user/home/of15641/chlorophyll_parameterization/tddft_data/step_301_chromophore_1
running gaussian jobs
Running time g16 < CAMB3LYP_step_301_chromophore_1.com > CAMB3LYP_step_301_chromophore_1.log

real	25m22.161s
user	597m13.530s
sys	0m27.036s
Running time g16 < PBE0_step_301_chromophore_1.com > PBE0_step_301_chromophore_1.log

real	18m8.116s
user	433m2.878s
sys	0m23.742s
Running time g16 < wB97XD_step_301_chromophore_1.com > wB97XD_step_301_chromophore_1.log

real	28m42.133s
user	676m30.738s
sys	0m30.714s
Running time g16 < BLYP_step_301_chromophore_1.com > BLYP_step_301_chromophore_1.log

real	12m37.520s
user	301m7.054s
sys	0m26.501s
Running time g16 < ZINDO_step_301_chromophore_1.com > ZINDO_step_301_chromophore_1.log

real	0m6.331s
user	2m18.584s
sys	0m2.380s
