cpu-bind=MASK - bp1-compute137, task 4294967295 4294967295 [0]: mask 0xffffff00ffffff set
Host:    bp1-compute137.data.bp.acrc.priv
Time:    Fri Apr 29 16:09:34 BST 2022
Dir:     /user/home/of15641/chlorophyll_parameterization/tddft_data/step_401_chromophore_19
Job ID:  1658736
Nodelist:
cat: bp1-compute137: No such file or directory
  
Result dir: /user/home/of15641/chlorophyll_parameterization/tddft_data/step_401_chromophore_19
running gaussian jobs
Running time g16 < CAMB3LYP_step_401_chromophore_19.com > CAMB3LYP_step_401_chromophore_19.log

real	31m6.215s
user	732m19.988s
sys	2m3.641s
Running time g16 < PBE0_step_401_chromophore_19.com > PBE0_step_401_chromophore_19.log

real	25m8.488s
user	598m22.041s
sys	2m55.213s
Running time g16 < wB97XD_step_401_chromophore_19.com > wB97XD_step_401_chromophore_19.log

real	35m23.661s
user	832m52.979s
sys	4m9.984s
Running time g16 < BLYP_step_401_chromophore_19.com > BLYP_step_401_chromophore_19.log

real	13m26.449s
user	320m2.200s
sys	0m44.928s
Running time g16 < ZINDO_step_401_chromophore_19.com > ZINDO_step_401_chromophore_19.log

real	0m7.987s
user	2m56.406s
sys	0m2.727s
