cpu-bind=MASK - bp1-compute139, task 4294967295 4294967295 [0]: mask 0xffffff00ffffff set
Host:    bp1-compute139.data.bp.acrc.priv
Time:    Thu Apr 28 08:17:18 BST 2022
Dir:     /user/home/of15641/chlorophyll_parameterization/tddft_data/step_151_chromophore_12
Job ID:  1658374
Nodelist:
cat: bp1-compute139: No such file or directory
  
Result dir: /user/home/of15641/chlorophyll_parameterization/tddft_data/step_151_chromophore_12
running gaussian jobs
Running time g16 < CAMB3LYP_step_151_chromophore_12.com > CAMB3LYP_step_151_chromophore_12.log

real	35m11.468s
user	829m50.673s
sys	0m36.102s
Running time g16 < PBE0_step_151_chromophore_12.com > PBE0_step_151_chromophore_12.log

real	18m4.193s
user	431m16.257s
sys	0m21.235s
Running time g16 < wB97XD_step_151_chromophore_12.com > wB97XD_step_151_chromophore_12.log

real	33m43.183s
user	794m57.070s
sys	0m35.083s
Running time g16 < BLYP_step_151_chromophore_12.com > BLYP_step_151_chromophore_12.log

real	11m40.038s
user	278m1.648s
sys	0m21.081s
Running time g16 < ZINDO_step_151_chromophore_12.com > ZINDO_step_151_chromophore_12.log

real	0m6.492s
user	2m21.712s
sys	0m2.437s
