cpu-bind=MASK - bp1-compute150, task 4294967295 4294967295 [0]: mask 0x1ffffef01ffffef set
Host:    bp1-compute150.data.bp.acrc.priv
Time:    Sat Apr 30 00:05:04 BST 2022
Dir:     /user/home/of15641/chlorophyll_parameterization/tddft_data/step_51_chromophore_20
Job ID:  1658822
Nodelist:
cat: bp1-compute150: No such file or directory
  
Result dir: /user/home/of15641/chlorophyll_parameterization/tddft_data/step_51_chromophore_20
running gaussian jobs
Running time g16 < CAMB3LYP_step_51_chromophore_20.com > CAMB3LYP_step_51_chromophore_20.log

real	29m39.528s
user	700m8.267s
sys	0m28.890s
Running time g16 < PBE0_step_51_chromophore_20.com > PBE0_step_51_chromophore_20.log

real	24m43.247s
user	590m58.230s
sys	0m25.526s
Running time g16 < wB97XD_step_51_chromophore_20.com > wB97XD_step_51_chromophore_20.log

real	30m59.940s
user	731m26.733s
sys	0m30.302s
Running time g16 < BLYP_step_51_chromophore_20.com > BLYP_step_51_chromophore_20.log

real	14m57.164s
user	356m50.554s
sys	0m25.800s
Running time g16 < ZINDO_step_51_chromophore_20.com > ZINDO_step_51_chromophore_20.log

real	0m7.726s
user	2m51.396s
sys	0m2.963s
