cpu-bind=MASK - bp1-compute175, task 4294967295 4294967295 [0]: mask 0xffffff00ffffff set
Host:    bp1-compute175.data.bp.acrc.priv
Time:    Wed Apr 27 06:55:23 BST 2022
Dir:     /user/home/of15641/chlorophyll_parameterization/tddft_data/step_1101_chromophore_23
Job ID:  1658142
Nodelist:
cat: bp1-compute175: No such file or directory
  
Result dir: /user/home/of15641/chlorophyll_parameterization/tddft_data/step_1101_chromophore_23
running gaussian jobs
Running time g16 < CAMB3LYP_step_1101_chromophore_23.com > CAMB3LYP_step_1101_chromophore_23.log

real	29m7.252s
user	686m40.921s
sys	0m25.925s
Running time g16 < PBE0_step_1101_chromophore_23.com > PBE0_step_1101_chromophore_23.log

real	17m40.029s
user	421m32.881s
sys	0m21.160s
Running time g16 < wB97XD_step_1101_chromophore_23.com > wB97XD_step_1101_chromophore_23.log

real	31m51.024s
user	751m49.449s
sys	0m27.341s
Running time g16 < BLYP_step_1101_chromophore_23.com > BLYP_step_1101_chromophore_23.log

real	15m47.329s
user	376m28.987s
sys	0m25.641s
Running time g16 < ZINDO_step_1101_chromophore_23.com > ZINDO_step_1101_chromophore_23.log

real	0m9.705s
user	3m34.945s
sys	0m3.357s
