cpu-bind=MASK - bp1-compute168, task 4294967295 4294967295 [0]: mask 0xffffff00ffffff set
Host:    bp1-compute168.data.bp.acrc.priv
Time:    Thu May  5 01:39:15 BST 2022
Dir:     /user/home/of15641/chlorophyll_parameterization/tddft_data/step_51_chromophore_27
Job ID:  1692337
Nodelist:
cat: bp1-compute168: No such file or directory
  
Result dir: /user/home/of15641/chlorophyll_parameterization/tddft_data/step_51_chromophore_27
running gaussian jobs
Running time g16 < CAMB3LYP_step_51_chromophore_27.com > CAMB3LYP_step_51_chromophore_27.log

real	36m21.155s
user	860m55.040s
sys	0m41.149s
Running time g16 < PBE0_step_51_chromophore_27.com > PBE0_step_51_chromophore_27.log

real	28m31.512s
user	682m2.616s
sys	0m37.885s
Running time g16 < wB97XD_step_51_chromophore_27.com > wB97XD_step_51_chromophore_27.log

real	37m42.003s
user	892m54.618s
sys	0m52.910s
Running time g16 < BLYP_step_51_chromophore_27.com > BLYP_step_51_chromophore_27.log

real	19m29.756s
user	465m47.528s
sys	0m25.178s
Running time g16 < ZINDO_step_51_chromophore_27.com > ZINDO_step_51_chromophore_27.log

real	0m7.135s
user	2m38.836s
sys	0m2.435s
