cpu-bind=MASK - bp1-compute159, task 4294967295 4294967295 [0]: mask 0xffffff00ffffff set
Host:    bp1-compute159.data.bp.acrc.priv
Time:    Wed Apr 27 00:10:01 BST 2022
Dir:     /user/home/of15641/chlorophyll_parameterization/tddft_data/step_101_chromophore_25
Job ID:  1658090
Nodelist:
cat: bp1-compute159: No such file or directory
  
Result dir: /user/home/of15641/chlorophyll_parameterization/tddft_data/step_101_chromophore_25
running gaussian jobs
Running time g16 < CAMB3LYP_step_101_chromophore_25.com > CAMB3LYP_step_101_chromophore_25.log

real	27m25.847s
user	645m40.864s
sys	0m27.091s
Running time g16 < PBE0_step_101_chromophore_25.com > PBE0_step_101_chromophore_25.log

real	18m44.583s
user	447m38.595s
sys	0m22.476s
Running time g16 < wB97XD_step_101_chromophore_25.com > wB97XD_step_101_chromophore_25.log

real	28m8.121s
user	661m32.643s
sys	0m27.266s
Running time g16 < BLYP_step_101_chromophore_25.com > BLYP_step_101_chromophore_25.log

real	12m49.501s
user	305m49.950s
sys	0m22.280s
Running time g16 < ZINDO_step_101_chromophore_25.com > ZINDO_step_101_chromophore_25.log

real	0m6.250s
user	2m15.374s
sys	0m2.423s
