 
        ______________________________________
       |                                      |
       |          ===================         |
       |             xTB for sTDA             |
       |          ===================         |
       |               S. Grimme              |
       |        Universitaet Bonn, MCTC       |
       |         2015-19, Version 1.0         |
       |     Wed Apr  3 09:14:55 CEST 2019    |
       |______________________________________|
 
        This code comes without any warranty
        for non-commercial, academia use only.
        Preliminary test version.
        Cite this work as:
        S. Grimme  &  C. Bannwarth, JCP 145 (2016) 054103
        if GBSA is used additionally:
        P. Shushkov, F. März, C. Bannwarth, S. Grimme, unpublished.
 
        with help from
        P. Shushkov, G. Brandenburg, S. Dohm, J. Pisarek,
        F. März, M. Checinski, S. Ehrlich, S. Spicher, 
        P. Pracht, E. Caldeweyher, S. Ehlert, and C. Bannwarth.
 
        usage        :
        xtb4stda <coord_file> [options]
        where <coord_file> is a valid file of TM)
        (*coord, Bohr) or xmol (*xyz, Angstroem)
        format.

        options:
        -chrg <int>   : molecular charge
        -uhf  <int>   : # of unpaired electrons(=2*S)
        -nox          : skip second, extended part in sTDA-xTB
        -pop          : do population analysis
                      : (default for -nox)
        -mowr <real>  : cut MO write above (def.3 Eh)
        -molden       : write formatted molden file
        -parx <file>  : read parameters for sTDA-xTB
                        calc (def:~/.param_stda2.xtb)
        -parv <file>  : read parameters for vTB part in
                        sTDA-xTB (def: ~/.param_stda1.xtb)
        -xtemp <real> : el. temp for xTB (def. 0 K)
        -etemp <real> : el. temp for GFN (def. 300 K)
        -fod          : calculate the FOD and write
                        molden.input file with
                        appropriate occupations
                        for plotting. Def. T=12500 K
 
        -acc <real>   : xTB accuracy (def. 1.0)
        -gbsa [string1] [string2]
                        use GBSA implicit solvent
                        for solvent [string1] and
                        solvation state [string2]=
                        reference, bar1M (default=1M)
        additional GFN/opt/MD/siman options read from
        $XTB4STDAHOME/.xtb4stdarc or $set in input
 
       spin and charge state information can be on:
       <.CHRG> (charge) and <.UHF> (=nalpha-nbeta)
       -uhf and -chrg override the file info.
       useful machine settings:
       setenv MKL_NUM_THREADS <NCORE_ON_YOUR_MACHINE>
       setenv OMP_STACKSIZE 500m
       limit stacksize unlimited
 
       total energies in Eh, gaps/HL energies in eV
       please read REVISION and HOWTO files carefully
 =============================
  # OMP threads =           4
 =============================
 
 xtb4stdahome directory:~/
 
 
 name of molecule           :
 comment line               :
 number of atoms            :   140
 number of electrons        :   352
 charge                     :  0
 spin                       : 0.0
 first test random number   :  0.4844
 
 -----------------------------------------
      charge density (VTB) calculation
 -----------------------------------------
 
      method parameters     
 k(s)        :  1.8000
 k(p)        :  2.8350
 k(d)        :  2.0860
 k(f)        :  2.0000
 Tscal       :  0.3300
 Gscal       :  0.3910
 fpol        :  1.0000
 Zcnf        :  0.6500
 Zqf         :  0.0000
 kcn         :  0.3000
 kEN1        : -0.5900
 wllscal     :  2.6000
 
     -------------------------
     ! NO SOLVENT MODEL USED !
     -------------------------
 
 doing EN charges ...
 sum q :  0.1998401D-14
 point charge moment (au)
     X       Y       Z   
  -0.2828   0.5294   0.1781  total (Debye):    1.591
 
            Z      q(EN)   CN      Cart. coordinates
     1  MG  2.0   0.874   4.811    29.51941    97.93316    49.22358
     2  C   4.0   0.019   3.311    33.02107    95.63336    54.09907
     3  C   4.0  -0.059   3.143    24.77431    99.69627    53.30350
     4  C   4.0  -0.059   3.171    26.10656    99.82855    44.15534
     5  C   4.0  -0.055   3.164    34.00373    95.29132    45.03784
     6  N   5.0  -0.391   3.160    28.79186    97.30199    53.22980
     7  C   4.0   0.100   3.423    30.74395    96.89759    54.85119
     8  C   4.0  -0.094   4.133    30.13357    97.54387    57.52515
     9  C   4.0  -0.097   4.166    27.22339    98.40370    57.18500
    10  C   4.0   0.102   3.376    26.85490    98.49063    54.38820
    11  C   4.0  -0.236   4.020    25.28642    96.51019    58.50969
    12  C   4.0  -0.162   4.053    31.90235    99.83233    58.40387
    13  C   4.0  -0.168   4.034    32.33888   100.15548    61.24413
    14  C   4.0   0.158   3.071    30.75907    98.82889    63.32094
    15  O   6.0  -0.082   1.036    31.22205    96.89192    64.64186
    16  O   6.0  -0.119   2.047    28.62746   100.20839    63.87274
    17  N   5.0  -0.437   3.225    26.02909    99.71328    48.70391
    18  C   4.0   0.065   3.433    24.32455   100.23862    50.66922
    19  C   4.0   0.010   3.267    22.11924   101.37435    49.52972
    20  C   4.0   0.006   3.236    22.50286   101.47639    46.89544
    21  C   4.0   0.104   3.467    25.00674   100.38980    46.54206
    22  C   4.0  -0.245   4.019    19.90259   102.34567    51.16811
    23  C   4.0   0.104   3.017    20.52620   102.40425    44.75627
    24  O   6.0  -0.098   1.056    21.12903   102.67637    42.51316
    25  C   4.0  -0.248   4.026    17.78799   103.09589    45.27783
    26  N   5.0  -0.373   3.135    30.11656    97.68560    45.09075
    27  C   4.0   0.101   3.332    28.34022    98.57188    43.47504
    28  C   4.0  -0.094   4.099    28.86178    97.72340    40.76517
    29  C   4.0  -0.093   4.101    31.79653    96.77287    40.96926
    30  C   4.0   0.098   3.328    32.16692    96.72562    43.84920
    31  C   4.0  -0.236   4.002    26.86623    95.80344    39.56519
    32  C   4.0  -0.163   4.032    33.91869    98.67960    39.89967
    33  C   4.0  -0.237   4.001    35.94070    97.70639    38.11388
    34  N   5.0  -0.461   3.242    32.92658    95.94517    49.36153
    35  C   4.0   0.089   3.509    34.49506    94.99274    47.60409
    36  C   4.0   0.019   3.250    36.76840    93.87025    48.85697
    37  C   4.0   0.000   3.480    36.22605    94.22363    51.45157
    38  C   4.0   0.089   3.781    33.76751    95.27242    51.58952
    39  C   4.0  -0.247   4.020    39.10221    92.73641    47.77416
    40  C   4.0   0.101   3.203    37.30319    93.75497    53.85341
    41  O   6.0  -0.087   1.043    39.36299    92.76287    54.43356
    42  C   4.0  -0.122   4.276    35.26796    94.64125    55.69589
    43  C   4.0   0.193   3.148    34.48750    92.52287    57.23224
    44  O   6.0  -0.115   1.048    33.70515    90.49331    56.65209
    45  O   6.0  -0.105   2.036    34.59899    93.34868    59.72668
    46  C   4.0  -0.202   3.986    33.80531    91.69328    61.91876
    47  C   4.0  -0.132   4.060    27.00985    99.36557    65.94199
    48  C   4.0  -0.058   3.114    24.75541   101.23073    66.05348
    49  C   4.0   0.019   3.055    23.54599   102.03008    68.05848
    50  C   4.0  -0.248   4.033    23.96173   100.82822    70.70410
    51  C   4.0  -0.176   4.084    21.17438   103.63446    67.56337
    52  C   4.0  -0.163   4.033    20.03110   105.18782    69.79136
    53  C   4.0  -0.162   4.035    17.80122   106.88101    68.93342
    54  C   4.0  -0.087   4.019    15.14048   106.03063    70.20332
    55  C   4.0  -0.240   4.047    14.11814   103.67415    68.92964
    56  C   4.0  -0.163   4.044    13.06557   108.15846    70.23166
    57  C   4.0  -0.163   4.026    11.60292   108.40791    72.86783
    58  C   4.0  -0.164   4.062     9.13305   106.84133    72.88484
    59  C   4.0  -0.087   4.027     6.70286   108.42114    72.73744
    60  C   4.0  -0.237   3.996     4.50322   107.21738    74.54591
    61  C   4.0  -0.164   4.056     5.89406   108.93325    69.91419
    62  C   4.0  -0.163   4.031     6.41373   111.77918    69.23956
    63  C   4.0  -0.165   4.098     4.04401   113.32687    70.22978
    64  C   4.0  -0.088   4.022     2.43397   114.56275    68.13029
    65  C   4.0  -0.237   4.019     1.49099   117.24238    69.04114
    66  C   4.0  -0.240   4.058     0.54802   112.58420    67.33472
    67  H   1.0   0.071   1.005    23.40426   100.67893    54.49214
    68  H   1.0   0.071   1.007    24.91604   100.27831    42.53017
    69  H   1.0   0.071   1.007    35.25851    94.12536    43.88889
    70  H   1.0   0.085   1.006    30.26585    96.14548    59.03126
    71  H   1.0   0.085   1.007    26.89836   100.27642    57.97868
    72  H   1.0   0.080   0.997    23.62346    97.37569    59.36196
    73  H   1.0   0.080   0.998    26.32199    95.27998    59.79660
    74  H   1.0   0.080   1.000    24.56077    95.29132    57.01492
    75  H   1.0   0.082   1.003    31.20504   101.63891    57.70089
    76  H   1.0   0.083   1.005    33.71649    99.48462    57.49113
    77  H   1.0   0.081   1.004    32.26140   102.18693    61.58428
    78  H   1.0   0.082   1.004    34.29664    99.67548    61.66176
    79  H   1.0   0.080   0.998    20.21440   102.18504    53.19768
    80  H   1.0   0.080   1.000    18.23586   101.28742    50.58418
    81  H   1.0   0.080   0.999    19.58512   104.31287    50.64466
    82  H   1.0   0.081   1.001    17.89948   104.84200    46.36254
    83  H   1.0   0.080   0.998    16.92250   101.87891    46.69702
    84  H   1.0   0.080   0.998    16.66927   102.95605    43.55440
    85  H   1.0   0.083   1.007    28.86556    99.40714    39.57653
    86  H   1.0   0.083   1.004    32.04975    94.95684    40.03006
    87  H   1.0   0.080   0.997    27.77519    94.05166    38.97371
    88  H   1.0   0.080   0.997    25.90625    96.68594    37.97215
    89  H   1.0   0.080   0.998    25.48106    95.22140    40.97493
    90  H   1.0   0.082   1.003    34.84655    99.72084    41.41523
    91  H   1.0   0.082   1.004    32.89446   100.16870    38.91324
    92  H   1.0   0.080   1.000    37.75106    98.14859    38.98883
    93  H   1.0   0.080   0.998    35.79330    98.50197    36.22038
    94  H   1.0   0.080   0.999    35.85566    95.64848    38.02696
    95  H   1.0   0.080   0.998    39.24394    92.83657    45.72192
    96  H   1.0   0.080   0.999    39.24205    90.73897    48.25982
    97  H   1.0   0.080   1.000    40.72737    93.71529    48.57541
    98  H   1.0   0.086   1.010    35.93881    96.14737    56.93177
    99  H   1.0   0.080   0.996    33.07398    89.89426    61.23090
   100  H   1.0   0.079   0.996    32.25762    92.59468    62.93921
   101  H   1.0   0.080   0.996    35.50417    91.44384    63.05638
   102  H   1.0   0.082   1.000    28.03597    99.21061    67.72022
   103  H   1.0   0.082   1.000    26.23507    97.47206    65.69821
   104  H   1.0   0.071   1.004    24.42471   101.94127    64.14864
   105  H   1.0   0.080   0.998    25.63035    99.62446    70.82315
   106  H   1.0   0.080   0.997    22.58789    99.38069    71.21432
   107  H   1.0   0.080   0.999    24.10534   102.35890    72.07604
   108  H   1.0   0.082   1.004    19.73252   102.37023    66.81315
   109  H   1.0   0.083   1.007    21.42193   105.19159    66.23867
   110  H   1.0   0.081   1.001    21.48618   106.30653    70.72866
   111  H   1.0   0.082   1.003    19.65882   103.80265    71.26912
   112  H   1.0   0.082   1.005    17.60091   106.54275    66.91142
   113  H   1.0   0.081   1.000    18.07523   108.91436    69.11484
   114  H   1.0   0.083   1.009    15.55055   105.33332    72.09682
   115  H   1.0   0.080   0.999    13.09391   102.53086    70.30347
   116  H   1.0   0.081   1.000    15.67528   102.55921    68.17186
   117  H   1.0   0.081   0.999    12.99754   104.18437    67.27991
   118  H   1.0   0.082   1.003    11.62937   107.87501    68.78225
   119  H   1.0   0.082   1.003    13.63626   110.12189    69.98978
   120  H   1.0   0.081   1.001    11.39883   110.41480    73.28546
   121  H   1.0   0.082   1.002    12.80478   107.79186    74.42119
   122  H   1.0   0.082   1.005     8.90817   105.75095    74.61772
   123  H   1.0   0.083   1.003     9.13305   105.39946    71.41463
   124  H   1.0   0.083   1.010     7.25277   110.23716    73.54246
   125  H   1.0   0.080   0.997     2.65884   107.82020    73.85616
   126  H   1.0   0.079   0.996     4.64495   107.78997    76.51878
   127  H   1.0   0.080   0.997     4.38983   105.16325    74.45709
   128  H   1.0   0.082   1.003     3.88339   108.55531    69.67231
   129  H   1.0   0.082   1.002     6.91451   107.72950    68.58949
   130  H   1.0   0.082   1.005     6.36082   111.74327    67.18165
   131  H   1.0   0.081   1.000     8.23165   112.45570    69.93309
   132  H   1.0   0.082   1.004     4.99077   114.67424    71.46944
   133  H   1.0   0.083   1.002     2.90640   112.28374    71.59416
   134  H   1.0   0.083   1.010     3.59804   114.81030    66.45032
   135  H   1.0   0.080   0.998     1.95776   117.57686    71.01968
   136  H   1.0   0.080   0.999    -0.52345   117.30474    68.61595
   137  H   1.0   0.080   0.997     2.36972   118.71825    67.90541
   138  H   1.0   0.081   1.001    -0.12850   113.25695    65.50924
   139  H   1.0   0.080   0.998    -1.03557   112.27807    68.61595
   140  H   1.0   0.082   1.002     1.55524   110.79085    67.24023
 
  Z AO/shell   Hii/eV     exponent
  1     Sat Feb 20 21:38:01 CET 2016    EN: 2.327 GAM: 0.473  GM3: 0.0000
     1s    -13.751157    1.051071
  6     Sat Feb 20 21:38:01 CET 2016    EN: 2.731 GAM: 0.422  GM3: 0.0000
     2s    -19.378245    2.021003
     2p    -11.993376    1.497917
  7     Sat Feb 20 21:38:01 CET 2016    EN: 3.573 GAM: 0.504  GM3: 0.0000
     2s    -21.576984    2.275442
     2p    -16.125120    2.056788
  8     Sat Feb 20 21:38:01 CET 2016    EN: 3.700 GAM: 0.587  GM3: 0.0000
     2s    -21.648843    2.110798
     2p    -17.239740    2.329048
 12     Sat Feb 20 23:25:47 CET 2016    EN: 0.033 GAM: 0.222  GM3: 0.0000
     3s    -12.693633    1.302878
     3p     -8.128821    0.504252
 
 dipole moment of classical point charges (au)
     X       Y       Z   
  -0.2828   0.5294   0.1781  total (Debye):    1.591

 
 Nbf   :          338
 T(el) :   300.0
 calculating S/T integrals ...
 cpu time for ints   0.151953000000000     
 Nao   :          338
 making H0...
 making H1...
 cpu time for H      1.034600000000002E-002
 solving ...
 cpu time for diag   7.440999999999998E-002
 
 gap (eV)           :   1.381
 Koopmans IP (eV)   :  12.171
 Eel (Eh)           :  -268.335656
 T,E(Fermi),NFOD :    300.000   -11.481  0.000000
 T,E(Fermi),NFOD :    300.000   -11.481  0.000000
 Nfod               :  0.0000
 Nfod/Nel           :  0.0000

          eigenvalues
 #    :         164        165        166        167        168        169        170        171
 occ. :        2.000      2.000      2.000      2.000      2.000      2.000      2.000      2.000
 eps  :       -16.360    -16.294    -16.207    -15.909    -15.713    -15.617    -15.492    -15.130
 #    :         172        173        174        175        176        177        178        179
 occ. :        2.000      2.000      2.000      2.000      2.000      0.000      0.000      0.000
 eps  :       -14.994    -14.904    -14.721    -13.143    -12.172    -10.791     -9.868     -8.786
 #    :         180        181        182        183        184        185        186        187
 occ. :        0.000      0.000      0.000      0.000      0.000      0.000      0.000      0.000
 eps  :        -8.681     -8.306     -8.261     -8.121     -7.671     -7.564     -7.391     -7.197
                            1  SCC done.
 making H1...
 cpu time for H      8.824100000000001E-002
 solving ...
 cpu time for diag   3.554499999999999E-002
 
 gap (eV)           :   1.656
 Koopmans IP (eV)   :  12.086
 Eel (Eh)           :  -265.748067
 T,E(Fermi),NFOD :    300.000   -11.258  0.000000
 T,E(Fermi),NFOD :    300.000   -11.258  0.000000
 Nfod               :  0.0000
 Nfod/Nel           :  0.0000

          eigenvalues
 #    :         164        165        166        167        168        169        170        171
 occ. :        2.000      2.000      2.000      2.000      2.000      2.000      2.000      2.000
 eps  :       -15.218    -15.133    -15.075    -14.984    -14.861    -14.577    -14.417    -14.286
 #    :         172        173        174        175        176        177        178        179
 occ. :        2.000      2.000      2.000      2.000      2.000      0.000      0.000      0.000
 eps  :       -14.202    -14.073    -13.891    -12.652    -12.087    -10.431     -9.374     -8.658
 #    :         180        181        182        183        184        185        186        187
 occ. :        0.000      0.000      0.000      0.000      0.000      0.000      0.000      0.000
 eps  :        -8.466     -8.312     -8.272     -7.900     -7.567     -7.364     -7.278     -7.046
                            2  SCC done.
 
 
 Mulliken/CM5 charges    n(s)   n(p)   n(d)   
    1 MG  0.3296  0.7713   0.652  1.018  0.000
    2 C  -0.0130 -0.0101   1.193  2.820  0.000
    3 C  -0.0373 -0.0804   1.129  2.908  0.000
    4 C  -0.0193 -0.0598   1.125  2.895  0.000
    5 C  -0.0266 -0.0662   1.121  2.905  0.000
    6 N  -0.1746 -0.4378   1.407  3.768  0.000
    7 C   0.0364  0.0988   1.226  2.738  0.000
    8 C  -0.0186 -0.0716   1.204  2.815  0.000
    9 C  -0.0351 -0.0899   1.207  2.829  0.000
   10 C   0.0517  0.1119   1.200  2.749  0.000
   11 C  -0.1001 -0.2474   1.113  2.987  0.000
   12 C  -0.0516 -0.1588   1.165  2.887  0.000
   13 C  -0.0458 -0.1468   1.140  2.906  0.000
   14 C   0.1879  0.2337   1.217  2.595  0.000
   15 O  -0.2774 -0.3246   1.639  4.639  0.000
   16 O  -0.1506 -0.2275   1.480  4.670  0.000
   17 N  -0.2138 -0.4967   1.376  3.838  0.000
   18 C   0.0112  0.0664   1.203  2.786  0.000
   19 C  -0.0360 -0.0405   1.216  2.820  0.000
   20 C  -0.0656 -0.0602   1.223  2.843  0.000
   21 C   0.0612  0.1334   1.184  2.755  0.000
   22 C  -0.0779 -0.2230   1.087  2.991  0.000
   23 C   0.1278  0.1503   1.243  2.629  0.000
   24 O  -0.2288 -0.2791   1.624  4.605  0.000
   25 C  -0.0829 -0.2247   1.094  2.989  0.000
   26 N  -0.1584 -0.4117   1.406  3.753  0.000
   27 C   0.0498  0.1096   1.219  2.732  0.000
   28 C  -0.0233 -0.0788   1.213  2.810  0.000
   29 C  -0.0325 -0.0867   1.224  2.808  0.000
   30 C   0.0376  0.0973   1.225  2.738  0.000
   31 C  -0.0829 -0.2303   1.109  2.974  0.000
   32 C  -0.0654 -0.1753   1.155  2.910  0.000
   33 C  -0.0849 -0.2367   1.092  2.993  0.000
   34 N  -0.2150 -0.5107   1.380  3.835  0.000
   35 C   0.0355  0.1019   1.197  2.767  0.000
   36 C  -0.0139 -0.0188   1.227  2.787  0.000
   37 C  -0.0562 -0.0483   1.177  2.879  0.000
   38 C   0.0369  0.1123   1.180  2.783  0.000
   39 C  -0.0551 -0.1986   1.073  2.982  0.000
   40 C   0.1367  0.1674   1.190  2.673  0.000
   41 O  -0.2428 -0.2830   1.640  4.603  0.000
   42 C  -0.0181 -0.0602   1.183  2.835  0.000
   43 C   0.2478  0.3037   1.161  2.592  0.000
   44 O  -0.2573 -0.3046   1.620  4.638  0.000
   45 O  -0.1932 -0.2755   1.488  4.705  0.000
   46 C   0.0058 -0.1196   1.107  2.887  0.000
   47 C   0.0452 -0.0344   1.130  2.824  0.000
   48 C  -0.0675 -0.1229   1.157  2.910  0.000
   49 C  -0.0143 -0.0358   1.215  2.799  0.000
   50 C  -0.0944 -0.2399   1.081  3.013  0.000
   51 C  -0.0589 -0.1656   1.142  2.917  0.000
   52 C  -0.0625 -0.1750   1.145  2.918  0.000
   53 C  -0.0644 -0.1732   1.164  2.901  0.000
   54 C  -0.0268 -0.0985   1.215  2.812  0.000
   55 C  -0.1005 -0.2521   1.101  2.999  0.000
   56 C  -0.0748 -0.1837   1.165  2.909  0.000
   57 C  -0.0695 -0.1817   1.162  2.907  0.000
   58 C  -0.0720 -0.1821   1.153  2.919  0.000
   59 C  -0.0427 -0.1141   1.226  2.817  0.000
   60 C  -0.1087 -0.2583   1.114  2.995  0.000
   61 C  -0.0762 -0.1869   1.168  2.908  0.000
   62 C  -0.0658 -0.1786   1.164  2.902  0.000
   63 C  -0.0928 -0.2036   1.165  2.928  0.000
   64 C  -0.0171 -0.0929   1.196  2.821  0.000
   65 C  -0.0948 -0.2438   1.104  2.991  0.000
   66 C  -0.0931 -0.2444   1.099  2.994  0.000
   67 H   0.0626  0.1213   0.937  0.000  0.000
   68 H   0.0543  0.1188   0.946  0.000  0.000
   69 H   0.0496  0.1087   0.950  0.000  0.000
   70 H   0.0640  0.1292   0.936  0.000  0.000
   71 H   0.0429  0.1042   0.957  0.000  0.000
   72 H   0.0397  0.0907   0.960  0.000  0.000
   73 H   0.0396  0.0926   0.960  0.000  0.000
   74 H   0.0303  0.0844   0.970  0.000  0.000
   75 H   0.0394  0.0961   0.961  0.000  0.000
   76 H   0.0499  0.1086   0.950  0.000  0.000
   77 H   0.0484  0.1079   0.952  0.000  0.000
   78 H   0.0444  0.1030   0.956  0.000  0.000
   79 H   0.0531  0.1056   0.947  0.000  0.000
   80 H   0.0471  0.1000   0.953  0.000  0.000
   81 H   0.0445  0.0973   0.955  0.000  0.000
   82 H   0.0583  0.1126   0.942  0.000  0.000
   83 H   0.0377  0.0908   0.962  0.000  0.000
   84 H   0.0613  0.1170   0.939  0.000  0.000
   85 H   0.0452  0.1057   0.955  0.000  0.000
   86 H   0.0467  0.1062   0.953  0.000  0.000
   87 H   0.0361  0.0878   0.964  0.000  0.000
   88 H   0.0436  0.0949   0.956  0.000  0.000
   89 H   0.0400  0.0926   0.960  0.000  0.000
   90 H   0.0394  0.0963   0.961  0.000  0.000
   91 H   0.0260  0.0824   0.974  0.000  0.000
   92 H   0.0369  0.0889   0.963  0.000  0.000
   93 H   0.0398  0.0910   0.960  0.000  0.000
   94 H   0.0281  0.0803   0.972  0.000  0.000
   95 H   0.0430  0.0950   0.957  0.000  0.000
   96 H   0.0551  0.1076   0.945  0.000  0.000
   97 H   0.0549  0.1083   0.945  0.000  0.000
   98 H   0.0618  0.1320   0.938  0.000  0.000
   99 H   0.0527  0.1144   0.947  0.000  0.000
  100 H   0.0583  0.1194   0.942  0.000  0.000
  101 H   0.0559  0.1147   0.944  0.000  0.000
  102 H   0.0544  0.1192   0.946  0.000  0.000
  103 H   0.0588  0.1223   0.941  0.000  0.000
  104 H   0.0343  0.0952   0.966  0.000  0.000
  105 H   0.0426  0.0952   0.957  0.000  0.000
  106 H   0.0441  0.0956   0.956  0.000  0.000
  107 H   0.0430  0.0956   0.957  0.000  0.000
  108 H   0.0401  0.0969   0.960  0.000  0.000
  109 H   0.0375  0.0952   0.962  0.000  0.000
  110 H   0.0299  0.0849   0.970  0.000  0.000
  111 H   0.0280  0.0846   0.972  0.000  0.000
  112 H   0.0297  0.0875   0.970  0.000  0.000
  113 H   0.0438  0.0981   0.956  0.000  0.000
  114 H   0.0346  0.0949   0.965  0.000  0.000
  115 H   0.0391  0.0913   0.961  0.000  0.000
  116 H   0.0339  0.0877   0.966  0.000  0.000
  117 H   0.0258  0.0787   0.974  0.000  0.000
  118 H   0.0375  0.0945   0.962  0.000  0.000
  119 H   0.0384  0.0938   0.962  0.000  0.000
  120 H   0.0408  0.0957   0.959  0.000  0.000
  121 H   0.0301  0.0853   0.970  0.000  0.000
  122 H   0.0329  0.0898   0.967  0.000  0.000
  123 H   0.0325  0.0898   0.967  0.000  0.000
  124 H   0.0318  0.0934   0.968  0.000  0.000
  125 H   0.0312  0.0829   0.969  0.000  0.000
  126 H   0.0380  0.0887   0.962  0.000  0.000
  127 H   0.0298  0.0810   0.970  0.000  0.000
  128 H   0.0370  0.0940   0.963  0.000  0.000
  129 H   0.0347  0.0902   0.965  0.000  0.000
  130 H   0.0333  0.0899   0.967  0.000  0.000
  131 H   0.0460  0.1008   0.954  0.000  0.000
  132 H   0.0233  0.0797   0.977  0.000  0.000
  133 H   0.0364  0.0935   0.964  0.000  0.000
  134 H   0.0330  0.0929   0.967  0.000  0.000
  135 H   0.0408  0.0930   0.959  0.000  0.000
  136 H   0.0330  0.0854   0.967  0.000  0.000
  137 H   0.0351  0.0864   0.965  0.000  0.000
  138 H   0.0336  0.0864   0.966  0.000  0.000
  139 H   0.0249  0.0768   0.975  0.000  0.000
  140 H   0.0455  0.1002   0.954  0.000  0.000
 Hirshfeld charges for QMDFF written to <charges>
 
 Loewdin charges    n(s)   n(p)   n(d)
    1 MG  0.1690   0.664  1.167  0.000
    2 C  -0.0108   1.153  2.857  0.000
    3 C  -0.0341   1.077  2.957  0.000
    4 C  -0.0172   1.072  2.945  0.000
    5 C  -0.0241   1.068  2.956  0.000
    6 N  -0.1384   1.362  3.776  0.000
    7 C   0.0390   1.189  2.772  0.000
    8 C  -0.0110   1.157  2.854  0.000
    9 C  -0.0277   1.160  2.868  0.000
   10 C   0.0561   1.161  2.783  0.000
   11 C  -0.1025   1.043  3.060  0.000
   12 C  -0.0462   1.106  2.940  0.000
   13 C  -0.0456   1.080  2.965  0.000
   14 C   0.1691   1.191  2.640  0.000
   15 O  -0.2665   1.613  4.653  0.000
   16 O  -0.1156   1.446  4.670  0.000
   17 N  -0.1795   1.332  3.848  0.000
   18 C   0.0131   1.165  2.821  0.000
   19 C  -0.0275   1.176  2.852  0.000
   20 C  -0.0737   1.189  2.885  0.000
   21 C   0.0645   1.145  2.791  0.000
   22 C  -0.0790   1.013  3.066  0.000
   23 C   0.1256   1.209  2.665  0.000
   24 O  -0.2130   1.594  4.619  0.000
   25 C  -0.0879   1.022  3.066  0.000
   26 N  -0.1239   1.362  3.762  0.000
   27 C   0.0545   1.181  2.765  0.000
   28 C  -0.0159   1.167  2.849  0.000
   29 C  -0.0258   1.179  2.847  0.000
   30 C   0.0400   1.188  2.772  0.000
   31 C  -0.0837   1.037  3.047  0.000
   32 C  -0.0611   1.097  2.964  0.000
   33 C  -0.0859   1.019  3.067  0.000
   34 N  -0.1788   1.333  3.846  0.000
   35 C   0.0352   1.160  2.805  0.000
   36 C  -0.0043   1.187  2.818  0.000
   37 C  -0.0644   1.139  2.925  0.000
   38 C   0.0404   1.140  2.819  0.000
   39 C  -0.0553   0.997  3.058  0.000
   40 C   0.1337   1.155  2.712  0.000
   41 O  -0.2307   1.613  4.618  0.000
   42 C  -0.0189   1.134  2.885  0.000
   43 C   0.2237   1.133  2.643  0.000
   44 O  -0.2412   1.587  4.655  0.000
   45 O  -0.1628   1.457  4.706  0.000
   46 C   0.0023   1.036  2.962  0.000
   47 C   0.0422   1.074  2.884  0.000
   48 C  -0.0653   1.107  2.958  0.000
   49 C  -0.0047   1.173  2.832  0.000
   50 C  -0.0973   1.008  3.089  0.000
   51 C  -0.0559   1.083  2.973  0.000
   52 C  -0.0580   1.086  2.972  0.000
   53 C  -0.0606   1.107  2.954  0.000
   54 C  -0.0169   1.168  2.849  0.000
   55 C  -0.1051   1.030  3.075  0.000
   56 C  -0.0724   1.109  2.963  0.000
   57 C  -0.0653   1.105  2.961  0.000
   58 C  -0.0697   1.095  2.974  0.000
   59 C  -0.0341   1.180  2.854  0.000
   60 C  -0.1116   1.044  3.068  0.000
   61 C  -0.0742   1.111  2.963  0.000
   62 C  -0.0602   1.107  2.954  0.000
   63 C  -0.0924   1.109  2.983  0.000
   64 C  -0.0049   1.147  2.858  0.000
   65 C  -0.0974   1.033  3.065  0.000
   66 C  -0.0968   1.027  3.069  0.000
   67 H   0.0574   0.943  0.000  0.000
   68 H   0.0477   0.952  0.000  0.000
   69 H   0.0442   0.956  0.000  0.000
   70 H   0.0560   0.944  0.000  0.000
   71 H   0.0374   0.963  0.000  0.000
   72 H   0.0392   0.961  0.000  0.000
   73 H   0.0395   0.961  0.000  0.000
   74 H   0.0309   0.969  0.000  0.000
   75 H   0.0367   0.963  0.000  0.000
   76 H   0.0471   0.953  0.000  0.000
   77 H   0.0447   0.955  0.000  0.000
   78 H   0.0400   0.960  0.000  0.000
   79 H   0.0524   0.948  0.000  0.000
   80 H   0.0463   0.954  0.000  0.000
   81 H   0.0435   0.956  0.000  0.000
   82 H   0.0575   0.942  0.000  0.000
   83 H   0.0387   0.961  0.000  0.000
   84 H   0.0579   0.942  0.000  0.000
   85 H   0.0397   0.960  0.000  0.000
   86 H   0.0406   0.959  0.000  0.000
   87 H   0.0363   0.964  0.000  0.000
   88 H   0.0424   0.958  0.000  0.000
   89 H   0.0397   0.960  0.000  0.000
   90 H   0.0372   0.963  0.000  0.000
   91 H   0.0247   0.975  0.000  0.000
   92 H   0.0365   0.963  0.000  0.000
   93 H   0.0388   0.961  0.000  0.000
   94 H   0.0291   0.971  0.000  0.000
   95 H   0.0423   0.958  0.000  0.000
   96 H   0.0528   0.947  0.000  0.000
   97 H   0.0525   0.948  0.000  0.000
   98 H   0.0538   0.946  0.000  0.000
   99 H   0.0484   0.952  0.000  0.000
  100 H   0.0538   0.946  0.000  0.000
  101 H   0.0515   0.949  0.000  0.000
  102 H   0.0478   0.952  0.000  0.000
  103 H   0.0517   0.948  0.000  0.000
  104 H   0.0279   0.972  0.000  0.000
  105 H   0.0433   0.957  0.000  0.000
  106 H   0.0434   0.957  0.000  0.000
  107 H   0.0421   0.958  0.000  0.000
  108 H   0.0371   0.963  0.000  0.000
  109 H   0.0346   0.965  0.000  0.000
  110 H   0.0275   0.973  0.000  0.000
  111 H   0.0261   0.974  0.000  0.000
  112 H   0.0284   0.972  0.000  0.000
  113 H   0.0402   0.960  0.000  0.000
  114 H   0.0295   0.970  0.000  0.000
  115 H   0.0387   0.961  0.000  0.000
  116 H   0.0351   0.965  0.000  0.000
  117 H   0.0267   0.973  0.000  0.000
  118 H   0.0357   0.964  0.000  0.000
  119 H   0.0363   0.964  0.000  0.000
  120 H   0.0392   0.961  0.000  0.000
  121 H   0.0282   0.972  0.000  0.000
  122 H   0.0309   0.969  0.000  0.000
  123 H   0.0310   0.969  0.000  0.000
  124 H   0.0274   0.973  0.000  0.000
  125 H   0.0322   0.968  0.000  0.000
  126 H   0.0377   0.962  0.000  0.000
  127 H   0.0304   0.970  0.000  0.000
  128 H   0.0358   0.964  0.000  0.000
  129 H   0.0327   0.967  0.000  0.000
  130 H   0.0314   0.969  0.000  0.000
  131 H   0.0429   0.957  0.000  0.000
  132 H   0.0226   0.977  0.000  0.000
  133 H   0.0349   0.965  0.000  0.000
  134 H   0.0283   0.972  0.000  0.000
  135 H   0.0404   0.960  0.000  0.000
  136 H   0.0330   0.967  0.000  0.000
  137 H   0.0349   0.965  0.000  0.000
  138 H   0.0333   0.967  0.000  0.000
  139 H   0.0253   0.975  0.000  0.000
  140 H   0.0456   0.954  0.000  0.000
 
 Wiberg/Mayer (AO) data. WBOs > 0.1 written file <wbo>
 largest (>0.05) Wiberg bond orders for each atom
           total WBO             WBO to atom ...
     1  MG  2.514    N   17 0.520    N   34 0.474    N    6 0.399    N   26 0.383    C   18 0.054    C   38 0.054    C    7 0.051    C   27 0.050
     2  C   3.890    C    7 1.345    C   38 1.255    C   42 0.914
     3  C   3.903    C   10 1.454    C   18 1.236    H   67 0.933
     4  C   3.921    C   27 1.427    C   21 1.244    H   68 0.936
     5  C   3.922    C   30 1.429    C   35 1.296    H   69 0.935
     6  N   3.318    C    7 1.244    C   10 1.215    MG   1 0.399
     7  C   3.864    C    2 1.345    N    6 1.244    C    8 0.967    MG   1 0.051
     8  C   3.935    C    7 0.967    C    9 0.938    H   70 0.934    C   12 0.934
     9  C   3.933    C   10 0.963    C   11 0.950    H   71 0.945    C    8 0.938
    10  C   3.869    C    3 1.454    N    6 1.215    C    9 0.963
    11  C   3.961    H   74 0.982    H   72 0.979    H   73 0.977    C    9 0.950
    12  C   3.948    C   13 0.969    H   75 0.966    H   76 0.956    C    8 0.934
    13  C   3.958    C   12 0.969    H   78 0.964    H   77 0.960    C   14 0.927    O   15 0.079
    14  C   3.877    O   15 1.796    O   16 1.107    C   13 0.927
    15  O   2.107    C   14 1.796    O   16 0.167    C   13 0.079
    16  O   2.319    C   14 1.107    C   47 0.955    O   15 0.167
    17  N   3.339    C   21 1.258    C   18 1.115    MG   1 0.520    C   20 0.072    C   19 0.052
    18  C   3.851    C    3 1.236    C   19 1.216    N   17 1.115    MG   1 0.054
    19  C   3.880    C   20 1.444    C   18 1.216    C   22 0.974    N   17 0.052
    20  C   3.860    C   19 1.444    C   21 1.127    C   23 0.910    O   24 0.089    N   17 0.072
    21  C   3.888    N   17 1.258    C    4 1.244    C   20 1.127
    22  C   3.980    H   79 0.976    C   19 0.974    H   81 0.973    H   80 0.970
    23  C   3.857    O   24 1.877    C   25 0.972    C   20 0.910
    24  O   2.181    C   23 1.877    C   20 0.089    C   25 0.070
    25  C   3.978    C   23 0.972    H   84 0.967    H   83 0.966    H   82 0.949    O   24 0.070
    26  N   3.319    C   27 1.249    C   30 1.229    MG   1 0.383
    27  C   3.871    C    4 1.427    N   26 1.249    C   28 0.945    MG   1 0.050
    28  C   3.924    C   31 0.952    H   85 0.947    C   27 0.945    C   29 0.935
    29  C   3.921    H   86 0.943    C   30 0.938    C   32 0.936    C   28 0.935
    30  C   3.845    C    5 1.429    N   26 1.229    C   29 0.938
    31  C   3.965    H   88 0.981    H   87 0.980    H   89 0.978    C   28 0.952
    32  C   3.947    C   33 1.008    H   91 0.969    H   90 0.964    C   29 0.936
    33  C   3.983    C   32 1.008    H   93 0.982    H   92 0.981    H   94 0.980
    34  N   3.324    C   38 1.231    C   35 1.171    MG   1 0.474    C   37 0.055    C   36 0.051
    35  C   3.866    C    5 1.296    N   34 1.171    C   36 1.130
    36  C   3.850    C   37 1.377    C   35 1.130    C   39 1.009    O   41 0.073    N   34 0.051
    37  C   3.917    C   36 1.377    C   38 1.122    C   40 1.115    O   41 0.065    N   34 0.055
    38  C   3.896    C    2 1.255    N   34 1.231    C   37 1.122    MG   1 0.054
    39  C   3.981    C   36 1.009    H   95 0.977    H   97 0.962    H   96 0.960
    40  C   3.906    O   41 1.766    C   37 1.115    C   42 0.879
    41  O   2.120    C   40 1.766    C   42 0.079    C   36 0.073    C   37 0.065
    42  C   3.944    C   43 0.946    H   98 0.925    C    2 0.914    C   40 0.879    O   41 0.079    O   44 0.064
    43  C   3.902    O   44 1.844    O   45 1.044    C   42 0.946
    44  O   2.158    C   43 1.844    O   45 0.172    C   42 0.064
    45  O   2.261    C   43 1.044    C   46 0.965    O   44 0.172
    46  C   3.938    H  101 0.989    H  100 0.985    H   99 0.983    O   45 0.965
    47  C   3.927    C   48 0.972    H  102 0.961    H  103 0.958    O   16 0.955
    48  C   3.959    C   49 1.938    C   47 0.972    H  104 0.937
    49  C   3.926    C   48 1.938    C   50 0.965    C   51 0.941
    50  C   3.984    H  107 0.979    H  105 0.974    H  106 0.972    C   49 0.965
    51  C   3.966    C   52 0.981    H  109 0.964    H  108 0.958    C   49 0.941
    52  C   3.960    C   53 0.988    C   51 0.981    H  110 0.969    H  111 0.968
    53  C   3.951    C   52 0.988    H  112 0.968    H  113 0.965    C   54 0.942
    54  C   3.931    C   55 1.004    C   56 0.964    H  114 0.954    C   53 0.942
    55  C   3.983    C   54 1.004    H  117 0.979    H  115 0.976    H  116 0.972
    56  C   3.954    C   57 0.972    H  119 0.965    C   54 0.964    H  118 0.963
    57  C   3.955    C   58 0.980    C   56 0.972    H  121 0.968    H  120 0.961
    58  C   3.962    C   59 0.984    C   57 0.980    H  123 0.961    H  122 0.960
    59  C   3.926    C   58 0.984    C   61 0.966    C   60 0.956    H  124 0.955
    60  C   3.973    H  127 0.985    H  126 0.983    H  125 0.981    C   59 0.956
    61  C   3.959    C   62 0.983    C   59 0.966    H  128 0.962    H  129 0.960
    62  C   3.962    C   61 0.983    C   63 0.974    H  131 0.967    H  130 0.965
    63  C   3.954    C   64 0.975    C   62 0.974    H  132 0.966    H  133 0.961
    64  C   3.943    C   66 1.003    C   63 0.975    C   65 0.969    H  134 0.956
    65  C   3.981    H  137 0.985    H  136 0.981    H  135 0.980    C   64 0.969
    66  C   3.985    C   64 1.003    H  139 0.980    H  138 0.977    H  140 0.970
    67  H   0.993    C    3 0.933
    68  H   0.994    C    4 0.936
    69  H   0.994    C    5 0.935
    70  H   0.992    C    8 0.934
    71  H   0.996    C    9 0.945
    72  H   0.996    C   11 0.979
    73  H   0.996    C   11 0.977
    74  H   0.998    C   11 0.982
    75  H   0.998    C   12 0.966
    76  H   0.996    C   12 0.956
    77  H   0.996    C   13 0.960
    78  H   0.997    C   13 0.964
    79  H   0.995    C   22 0.976
    80  H   0.995    C   22 0.970
    81  H   0.994    C   22 0.973
    82  H   0.996    C   25 0.949
    83  H   0.998    C   25 0.966
    84  H   0.993    C   25 0.967
    85  H   0.996    C   28 0.947
    86  H   0.994    C   29 0.943
    87  H   0.997    C   31 0.980
    88  H   0.996    C   31 0.981
    89  H   0.997    C   31 0.978
    90  H   0.998    C   32 0.964
    91  H   0.998    C   32 0.969
    92  H   0.998    C   33 0.981
    93  H   0.997    C   33 0.982
    94  H   0.999    C   33 0.980
    95  H   0.996    C   39 0.977
    96  H   0.991    C   39 0.960
    97  H   0.993    C   39 0.962
    98  H   0.992    C   42 0.925
    99  H   0.997    C   46 0.983
   100  H   0.996    C   46 0.985
   101  H   0.997    C   46 0.989
   102  H   0.997    C   47 0.961
   103  H   0.996    C   47 0.958
   104  H   0.999    C   48 0.937
   105  H   0.998    C   50 0.974
   106  H   0.998    C   50 0.972
   107  H   0.998    C   50 0.979
   108  H   0.998    C   51 0.958
   109  H   0.999    C   51 0.964
   110  H   0.998    C   52 0.969
   111  H   0.999    C   52 0.968
   112  H   0.999    C   53 0.968
   113  H   0.997    C   53 0.965
   114  H   0.999    C   54 0.954
   115  H   0.998    C   55 0.976
   116  H   0.998    C   55 0.972
   117  H   0.999    C   55 0.979
   118  H   0.998    C   56 0.963
   119  H   0.998    C   56 0.965
   120  H   0.997    C   57 0.961
   121  H   0.999    C   57 0.968
   122  H   0.998    C   58 0.960
   123  H   0.999    C   58 0.961
   124  H   0.999    C   59 0.955
   125  H   0.998    C   60 0.981
   126  H   0.998    C   60 0.983
   127  H   0.999    C   60 0.985
   128  H   0.998    C   61 0.962
   129  H   0.998    C   61 0.960
   130  H   0.998    C   62 0.965
   131  H   0.998    C   62 0.967
   132  H   0.999    C   63 0.966
   133  H   0.999    C   63 0.961
   134  H   0.999    C   64 0.956
   135  H   0.998    C   65 0.980
   136  H   0.998    C   65 0.981
   137  H   0.998    C   65 0.985
   138  H   0.999    C   66 0.977
   139  H   0.999    C   66 0.980
   140  H   0.998    C   66 0.970
 
 --------------------------------------------
          xTB calculation for sTDA...
 --------------------------------------------
 
 reading parameter file ~/.param_stda2.xtb
 
      method parameters     
 k(s)        :  1.6000
 k(p)        :  2.1800
 k(d)        :  1.9500
 k(f)        :  2.0000
 k(R-V)      :  2.2750
 k(R-R)      :  1.7650
 Tscal       :  0.2580
 Gscal       :  1.0000
 fpol        :  1.0000
 Zcnf        :  0.3430
 Zqf         :  0.0000
 kcn         :  2.7000
 Ryd Hsplit  :  0.7000
 lshift(virt):  3.1000
 lshift(OS)  :  0.2000
 wllscaling  :  2.6000
 
 mowrcut     : 3.000
 
  Z AO/shell   Hii/eV     exponent
  1     Sun Feb 14 09:53:25 CET 2016    EN: 2.327 GAM: 0.473  GM3: 0.0000
     1s    -14.339618    1.220000
     2sp    -3.348946    0.600000
  6     Sun Feb 14 09:53:25 CET 2016    EN: 2.731 GAM: 0.422  GM3: 0.0000
     2s    -22.009312    1.565095
     2p    -13.020408    1.596905
     3sp    -3.914040    0.824500
  7     Sun Feb 14 09:53:25 CET 2016    EN: 3.573 GAM: 0.504  GM3: 0.0000
     2s    -25.722000    2.064844
     2p    -18.684912    1.801692
     3sp    -4.344791    0.921400
  8     Sun Feb 14 09:53:25 CET 2016    EN: 3.700 GAM: 0.587  GM3: 0.0000
     2s    -33.859000    2.418661
     2p    -22.175911    1.973969
     3sp    -4.259392    1.013700
 12     Sun Feb 21 16:58:31 CET 2016    EN: 0.033 GAM: 0.222  GM3: 0.0000
     3s    -11.092543    1.647583
     3p     -6.929529    0.855020
 
 Nbf   :          894
 T(el) :     0.0
 calculating S/T integrals ...
 cpu time for ints    1.23680100000000     
 Nao   :          894
 making H0...
 making H1...
 cpu time for H      2.539300000000000E-002
 solving ...
 cpu time for diag   0.323411000000000     
 
 gap (eV)           :   4.697
 Koopmans IP (eV)   :  13.372
 Eel (Eh)           :  -300.927503

          eigenvalues
 #    :         164        165        166        167        168        169        170        171
 occ. :        2.000      2.000      2.000      2.000      2.000      2.000      2.000      2.000
 eps  :       -17.452    -17.439    -16.958    -16.562    -16.409    -16.174    -16.087    -15.996
 #    :         172        173        174        175        176        177        178        179
 occ. :        2.000      2.000      2.000      2.000      2.000      0.000      0.000      0.000
 eps  :       -15.618    -15.494    -15.255    -13.856    -13.373     -8.676     -7.012     -6.780
 #    :         180        181        182        183        184        185        186        187
 occ. :        0.000      0.000      0.000      0.000      0.000      0.000      0.000      0.000
 eps  :        -6.468     -6.231     -6.020     -5.523     -5.240     -5.093     -5.037     -5.022
                            1  SCC done.
 writing mo output ...
 molden style : F
 
speedup  1.22
cpu  time for all    2.12 s
wall time for all    1.74 s
