cpu-bind=MASK - bp1-compute154, task 4294967295 4294967295 [0]: mask 0xffffff00ffffff set
Host:    bp1-compute154.data.bp.acrc.priv
Time:    Wed Apr 27 02:40:05 BST 2022
Dir:     /user/home/of15641/chlorophyll_parameterization/tddft_data/step_1051_chromophore_22
Job ID:  1658114
Nodelist:
cat: bp1-compute154: No such file or directory
  
Result dir: /user/home/of15641/chlorophyll_parameterization/tddft_data/step_1051_chromophore_22
running gaussian jobs
Running time g16 < CAMB3LYP_step_1051_chromophore_22.com > CAMB3LYP_step_1051_chromophore_22.log

real	23m49.016s
user	560m17.560s
sys	0m24.906s
Running time g16 < PBE0_step_1051_chromophore_22.com > PBE0_step_1051_chromophore_22.log

real	16m19.590s
user	389m50.731s
sys	0m20.972s
Running time g16 < wB97XD_step_1051_chromophore_22.com > wB97XD_step_1051_chromophore_22.log

real	25m30.614s
user	600m12.736s
sys	0m26.899s
Running time g16 < BLYP_step_1051_chromophore_22.com > BLYP_step_1051_chromophore_22.log

real	11m26.516s
user	272m48.845s
sys	0m21.992s
Running time g16 < ZINDO_step_1051_chromophore_22.com > ZINDO_step_1051_chromophore_22.log

real	0m6.972s
user	2m33.314s
sys	0m2.535s
