cpu-bind=MASK - bp1-compute132, task 4294967295 4294967295 [0]: mask 0x3fffe91f3fffe91f set
Host:    bp1-compute132.data.bp.acrc.priv
Time:    Thu Apr 28 02:27:18 BST 2022
Dir:     /user/home/of15641/chlorophyll_parameterization/tddft_data/step_1401_chromophore_7
Job ID:  1658314
Nodelist:
cat: bp1-compute132: No such file or directory
  
Result dir: /user/home/of15641/chlorophyll_parameterization/tddft_data/step_1401_chromophore_7
running gaussian jobs
Running time g16 < CAMB3LYP_step_1401_chromophore_7.com > CAMB3LYP_step_1401_chromophore_7.log

real	25m5.233s
user	589m58.456s
sys	1m0.905s
Running time g16 < PBE0_step_1401_chromophore_7.com > PBE0_step_1401_chromophore_7.log

real	20m31.890s
user	489m31.431s
sys	0m59.240s
Running time g16 < wB97XD_step_1401_chromophore_7.com > wB97XD_step_1401_chromophore_7.log

real	26m11.836s
user	616m35.104s
sys	0m57.241s
Running time g16 < BLYP_step_1401_chromophore_7.com > BLYP_step_1401_chromophore_7.log

real	11m55.309s
user	283m49.110s
sys	0m36.136s
Running time g16 < ZINDO_step_1401_chromophore_7.com > ZINDO_step_1401_chromophore_7.log

real	0m8.430s
user	3m7.186s
sys	0m2.934s
