cpu-bind=MASK - bp1-compute069, task 4294967295 4294967295 [0]: mask 0xffffffffffff set
Host:    bp1-compute069.data.bp.acrc.priv
Time:    Thu May  5 11:14:49 BST 2022
Dir:     /user/home/of15641/chlorophyll_parameterization/tddft_data/step_851_chromophore_27
Job ID:  1692434
Nodelist:
cat: bp1-compute069: No such file or directory
  
Result dir: /user/home/of15641/chlorophyll_parameterization/tddft_data/step_851_chromophore_27
running gaussian jobs
Running time g16 < CAMB3LYP_step_851_chromophore_27.com > CAMB3LYP_step_851_chromophore_27.log

real	25m12.310s
user	592m48.868s
sys	0m28.011s
Running time g16 < PBE0_step_851_chromophore_27.com > PBE0_step_851_chromophore_27.log

real	21m4.169s
user	503m20.850s
sys	0m28.177s
Running time g16 < wB97XD_step_851_chromophore_27.com > wB97XD_step_851_chromophore_27.log

real	26m15.467s
user	617m56.596s
sys	0m26.915s
Running time g16 < BLYP_step_851_chromophore_27.com > BLYP_step_851_chromophore_27.log

real	11m56.389s
user	284m39.990s
sys	0m22.056s
Running time g16 < ZINDO_step_851_chromophore_27.com > ZINDO_step_851_chromophore_27.log

real	0m6.304s
user	2m18.243s
sys	0m2.386s
