 
        ______________________________________
       |                                      |
       |          ===================         |
       |             xTB for sTDA             |
       |          ===================         |
       |               S. Grimme              |
       |        Universitaet Bonn, MCTC       |
       |         2015-19, Version 1.0         |
       |     Wed Apr  3 09:14:55 CEST 2019    |
       |______________________________________|
 
        This code comes without any warranty
        for non-commercial, academia use only.
        Preliminary test version.
        Cite this work as:
        S. Grimme  &  C. Bannwarth, JCP 145 (2016) 054103
        if GBSA is used additionally:
        P. Shushkov, F. März, C. Bannwarth, S. Grimme, unpublished.
 
        with help from
        P. Shushkov, G. Brandenburg, S. Dohm, J. Pisarek,
        F. März, M. Checinski, S. Ehrlich, S. Spicher, 
        P. Pracht, E. Caldeweyher, S. Ehlert, and C. Bannwarth.
 
        usage        :
        xtb4stda <coord_file> [options]
        where <coord_file> is a valid file of TM)
        (*coord, Bohr) or xmol (*xyz, Angstroem)
        format.

        options:
        -chrg <int>   : molecular charge
        -uhf  <int>   : # of unpaired electrons(=2*S)
        -nox          : skip second, extended part in sTDA-xTB
        -pop          : do population analysis
                      : (default for -nox)
        -mowr <real>  : cut MO write above (def.3 Eh)
        -molden       : write formatted molden file
        -parx <file>  : read parameters for sTDA-xTB
                        calc (def:~/.param_stda2.xtb)
        -parv <file>  : read parameters for vTB part in
                        sTDA-xTB (def: ~/.param_stda1.xtb)
        -xtemp <real> : el. temp for xTB (def. 0 K)
        -etemp <real> : el. temp for GFN (def. 300 K)
        -fod          : calculate the FOD and write
                        molden.input file with
                        appropriate occupations
                        for plotting. Def. T=12500 K
 
        -acc <real>   : xTB accuracy (def. 1.0)
        -gbsa [string1] [string2]
                        use GBSA implicit solvent
                        for solvent [string1] and
                        solvation state [string2]=
                        reference, bar1M (default=1M)
        additional GFN/opt/MD/siman options read from
        $XTB4STDAHOME/.xtb4stdarc or $set in input
 
       spin and charge state information can be on:
       <.CHRG> (charge) and <.UHF> (=nalpha-nbeta)
       -uhf and -chrg override the file info.
       useful machine settings:
       setenv MKL_NUM_THREADS <NCORE_ON_YOUR_MACHINE>
       setenv OMP_STACKSIZE 500m
       limit stacksize unlimited
 
       total energies in Eh, gaps/HL energies in eV
       please read REVISION and HOWTO files carefully
 =============================
  # OMP threads =           4
 =============================
 
 xtb4stdahome directory:~/
 
 
 name of molecule           :
 comment line               :
 number of atoms            :   140
 number of electrons        :   352
 charge                     :  0
 spin                       : 0.0
 first test random number   :  0.8142
 
 -----------------------------------------
      charge density (VTB) calculation
 -----------------------------------------
 
      method parameters     
 k(s)        :  1.8000
 k(p)        :  2.8350
 k(d)        :  2.0860
 k(f)        :  2.0000
 Tscal       :  0.3300
 Gscal       :  0.3910
 fpol        :  1.0000
 Zcnf        :  0.6500
 Zqf         :  0.0000
 kcn         :  0.3000
 kEN1        : -0.5900
 wllscal     :  2.6000
 
     -------------------------
     ! NO SOLVENT MODEL USED !
     -------------------------
 
 doing EN charges ...
 sum q : -0.5995204D-14
 point charge moment (au)
     X       Y       Z   
   0.3820  -0.2885   0.4324  total (Debye):    1.640
 
            Z      q(EN)   CN      Cart. coordinates
     1  MG  2.0   0.920   4.733    56.06817   112.80908    77.80380
     2  C   4.0   0.021   3.312    50.48970   109.53230    76.16540
     3  C   4.0  -0.058   3.153    59.18811   107.53486    75.29802
     4  C   4.0  -0.057   3.179    61.30082   116.33342    77.12727
     5  C   4.0  -0.056   3.149    52.49848   118.12488    79.12094
     6  N   5.0  -0.326   3.078    54.89654   109.07687    75.80447
     7  C   4.0   0.095   3.405    52.53438   108.02429    75.51345
     8  C   4.0  -0.092   4.139    52.55517   105.52230    74.01490
     9  C   4.0  -0.096   4.170    55.34440   104.79286    74.35694
    10  C   4.0   0.095   3.373    56.62375   107.28919    75.14684
    11  C   4.0  -0.237   4.036    55.73747   102.71983    76.42430
    12  C   4.0  -0.161   4.044    51.71613   106.13835    71.21810
    13  C   4.0  -0.166   4.013    49.78294   104.18248    69.90663
    14  C   4.0   0.173   3.080    50.55773   103.02975    67.30826
    15  O   6.0  -0.092   1.040    50.97536   100.79798    66.74701
    16  O   6.0  -0.129   2.058    50.69379   104.82310    65.46956
    17  N   5.0  -0.418   3.242    59.78148   111.98516    76.60949
    18  C   4.0   0.086   3.392    60.69800   109.70993    75.81014
    19  C   4.0   0.013   3.312    63.37007   110.04441    75.50211
    20  C   4.0   0.006   3.250    64.10328   112.49161    76.18997
    21  C   4.0   0.076   3.447    61.65987   113.76717    76.74366
    22  C   4.0  -0.251   4.059    64.90264   108.08099    74.42686
    23  C   4.0   0.092   3.043    66.82827   113.52907    76.01990
    24  O   6.0  -0.085   1.053    68.70477   112.18358    75.39251
    25  C   4.0  -0.249   4.029    67.38763   116.30129    76.35816
    26  N   5.0  -0.432   3.159    56.75414   116.63200    77.71687
    27  C   4.0   0.082   3.429    59.15787   117.60709    77.73955
    28  C   4.0  -0.094   4.132    59.18622   120.49082    78.07781
    29  C   4.0  -0.097   4.183    56.39131   120.97081    78.94897
    30  C   4.0   0.081   3.406    55.10819   118.38377    78.75433
    31  C   4.0  -0.236   4.019    61.34806   121.60953    79.71053
    32  C   4.0  -0.163   4.060    54.89654   122.92856    77.41262
    33  C   4.0  -0.240   4.030    53.67011   124.87309    79.06613
    34  N   5.0  -0.440   3.236    52.31895   113.71615    77.86427
    35  C   4.0   0.063   3.496    51.03205   115.95925    78.45386
    36  C   4.0   0.020   3.281    48.35242   115.49816    78.36694
    37  C   4.0   0.001   3.462    48.11809   113.07364    77.50333
    38  C   4.0   0.071   3.713    50.52560   112.01351    77.17641
    39  C   4.0  -0.250   4.047    46.50427   117.39733    78.94708
    40  C   4.0   0.114   3.209    46.26238   111.23305    76.66051
    41  O   6.0  -0.101   1.048    43.96825   111.28974    76.57736
    42  C   4.0  -0.118   4.265    47.74771   109.01451    75.55880
    43  C   4.0   0.188   3.171    47.04662   106.45771    76.58681
    44  O   6.0  -0.089   1.043    47.52283   105.48639    78.67307
    45  O   6.0  -0.135   2.056    45.48003   105.48828    74.91630
    46  C   4.0  -0.200   4.045    43.94558   103.33021    75.83848
    47  C   4.0  -0.129   4.075    51.17945   104.01430    62.93921
    48  C   4.0  -0.054   3.095    50.50860   106.13835    61.16287
    49  C   4.0   0.019   3.056    50.00593   106.12890    58.56639
    50  C   4.0  -0.252   4.049    50.64277   103.78186    57.13208
    51  C   4.0  -0.172   4.039    48.43368   108.22649    57.18689
    52  C   4.0  -0.162   4.020    50.01538   109.57198    55.01937
    53  C   4.0  -0.163   4.049    50.75993   112.29507    55.79038
    54  C   4.0  -0.088   4.036    53.63609   113.05663    55.54283
    55  C   4.0  -0.238   4.029    54.22191   115.76083    54.61119
    56  C   4.0  -0.164   4.073    55.08551   112.48594    58.06561
    57  C   4.0  -0.163   4.050    57.88420   111.82831    57.55538
    58  C   4.0  -0.165   4.083    58.34151   109.01262    58.23757
    59  C   4.0  -0.089   4.054    60.53926   107.86178    56.66721
    60  C   4.0  -0.239   4.042    59.61518   107.41391    53.91388
    61  C   4.0  -0.165   4.085    61.66932   105.45994    57.85396
    62  C   4.0  -0.162   4.028    64.50580   105.65269    58.51347
    63  C   4.0  -0.167   4.109    65.92309   105.00073    55.92266
    64  C   4.0  -0.088   4.036    67.51613   102.64991    55.96990
    65  C   4.0  -0.239   4.049    69.64018   102.83133    57.90309
    66  C   4.0  -0.238   4.047    68.44776   102.02252    53.28838
    67  H   1.0   0.071   1.009    60.04415   105.71505    74.84260
    68  H   1.0   0.072   1.011    62.83339   117.69402    76.88917
    69  H   1.0   0.071   1.005    51.26449   119.65367    79.75021
    70  H   1.0   0.084   1.007    51.22480   104.15036    74.78779
    71  H   1.0   0.084   1.009    56.36675   104.36201    72.62028
    72  H   1.0   0.081   1.001    56.44611   103.74218    78.06458
    73  H   1.0   0.080   0.999    57.38909   101.64836    75.81958
    74  H   1.0   0.080   0.997    54.08018   101.56899    76.84193
    75  H   1.0   0.083   1.003    53.42444   106.23094    70.07293
    76  H   1.0   0.082   1.002    51.02827   108.07721    71.10472
    77  H   1.0   0.081   1.002    47.91589   105.00640    69.62695
    78  H   1.0   0.082   1.004    49.63176   102.67448    71.30125
    79  H   1.0   0.081   1.001    63.89352   107.07565    72.93964
    80  H   1.0   0.080   1.000    65.64530   106.76574    75.82903
    81  H   1.0   0.081   1.000    66.78292   108.65168    73.80892
    82  H   1.0   0.080   0.997    66.60339   117.79607    75.17897
    83  H   1.0   0.080   1.001    69.41908   116.51294    76.09171
    84  H   1.0   0.081   1.003    67.05126   116.55074    78.37449
    85  H   1.0   0.084   1.011    59.40354   121.08230    76.11627
    86  H   1.0   0.085   1.010    56.26659   121.43001    80.95208
    87  H   1.0   0.080   1.000    62.66898   122.42401    78.35749
    88  H   1.0   0.080   0.999    62.16065   120.09964    80.85192
    89  H   1.0   0.080   0.997    60.71501   122.87754    81.20719
    90  H   1.0   0.083   1.009    53.34885   121.89677    76.52823
    91  H   1.0   0.082   1.006    56.08707   124.08508    76.19375
    92  H   1.0   0.080   1.000    51.63298   124.61420    78.91496
    93  H   1.0   0.080   0.998    54.24269   126.78927    78.57480
    94  H   1.0   0.081   1.000    54.18222   124.58963    81.04090
    95  H   1.0   0.080   0.999    46.61576   118.23448    80.82547
    96  H   1.0   0.081   1.002    44.63722   116.57152    78.67307
    97  H   1.0   0.082   1.016    47.03150   118.64644    77.39562
    98  H   1.0   0.087   1.012    47.57385   108.75562    73.52168
    99  H   1.0   0.080   0.996    42.53206   103.99918    77.18019
   100  H   1.0   0.081   0.996    45.09075   101.93560    76.83059
   101  H   1.0   0.080   0.995    42.92890   102.37023    74.32481
   102  H   1.0   0.083   1.003    49.89632   102.45716    62.52914
   103  H   1.0   0.082   1.001    53.16933   103.53997    62.70111
   104  H   1.0   0.070   1.004    50.28750   107.98461    62.04915
   105  H   1.0   0.081   0.999    51.86164   102.44771    58.11852
   106  H   1.0   0.080   1.000    51.98258   104.20894    55.62597
   107  H   1.0   0.080   0.998    49.08563   102.77086    56.24202
   108  H   1.0   0.081   1.002    47.67779   109.37545    58.72134
   109  H   1.0   0.081   1.001    46.70647   107.41958    56.40643
   110  H   1.0   0.081   1.002    48.81162   109.57765    53.34885
   111  H   1.0   0.082   1.003    51.69156   108.46460    54.56584
   112  H   1.0   0.082   1.004    50.29128   112.72782    57.75003
   113  H   1.0   0.082   1.002    49.54672   113.61410    54.77560
   114  H   1.0   0.083   1.010    54.27293   111.88878    53.96868
   115  H   1.0   0.080   0.999    55.34251   116.76617    56.01904
   116  H   1.0   0.080   0.998    52.52871   116.87010    54.23136
   117  H   1.0   0.080   0.999    55.41432   115.62099    52.93878
   118  H   1.0   0.083   1.003    54.27293   111.02518    59.26936
   119  H   1.0   0.083   1.007    55.16866   114.32464    58.98969
   120  H   1.0   0.082   1.006    59.01047   112.75806    59.00858
   121  H   1.0   0.082   1.002    58.43222   112.40090    55.65432
   122  H   1.0   0.083   1.003    56.60863   107.91469    58.04671
   123  H   1.0   0.082   1.002    58.57206   108.88223    60.28037
   124  H   1.0   0.084   1.010    62.05293   109.25829    56.69367
   125  H   1.0   0.081   1.001    58.55694   105.65458    54.06884
   126  H   1.0   0.080   1.000    61.30838   106.91314    52.84997
   127  H   1.0   0.080   0.997    58.57961   108.95215    53.01815
   128  H   1.0   0.083   1.006    61.37263   103.98595    56.44800
   129  H   1.0   0.082   1.003    60.51091   104.92325    59.47157
   130  H   1.0   0.082   1.002    65.05193   104.26752    59.93644
   131  H   1.0   0.081   1.001    64.91209   107.54430    59.21834
   132  H   1.0   0.083   1.006    67.29503   106.48039    55.50881
   133  H   1.0   0.083   1.003    64.58138   105.18782    54.37308
   134  H   1.0   0.083   1.014    66.03836   101.33655    56.55005
   135  H   1.0   0.080   0.999    70.87039   101.19293    57.68955
   136  H   1.0   0.080   0.997    69.14318   102.78219    59.90242
   137  H   1.0   0.081   1.003    70.51323   104.63035    57.40798
   138  H   1.0   0.081   1.000    70.31859   101.19105    53.51893
   139  H   1.0   0.080   0.999    68.84650   103.78186    52.29250
   140  H   1.0   0.080   0.996    67.35550   100.66948    52.18289
 
  Z AO/shell   Hii/eV     exponent
  1     Sat Feb 20 21:38:01 CET 2016    EN: 2.327 GAM: 0.473  GM3: 0.0000
     1s    -13.751157    1.051071
  6     Sat Feb 20 21:38:01 CET 2016    EN: 2.731 GAM: 0.422  GM3: 0.0000
     2s    -19.378245    2.021003
     2p    -11.993376    1.497917
  7     Sat Feb 20 21:38:01 CET 2016    EN: 3.573 GAM: 0.504  GM3: 0.0000
     2s    -21.576984    2.275442
     2p    -16.125120    2.056788
  8     Sat Feb 20 21:38:01 CET 2016    EN: 3.700 GAM: 0.587  GM3: 0.0000
     2s    -21.648843    2.110798
     2p    -17.239740    2.329048
 12     Sat Feb 20 23:25:47 CET 2016    EN: 0.033 GAM: 0.222  GM3: 0.0000
     3s    -12.693633    1.302878
     3p     -8.128821    0.504252
 
 dipole moment of classical point charges (au)
     X       Y       Z   
   0.3820  -0.2885   0.4324  total (Debye):    1.640

 
 Nbf   :          338
 T(el) :   300.0
 calculating S/T integrals ...
 cpu time for ints   0.165334000000000     
 Nao   :          338
 making H0...
 making H1...
 cpu time for H      1.122300000000001E-002
 solving ...
 cpu time for diag   5.759100000000000E-002
 
 gap (eV)           :   1.245
 Koopmans IP (eV)   :  12.082
 Eel (Eh)           :  -268.525869
 T,E(Fermi),NFOD :    300.000   -11.460  0.000000
 T,E(Fermi),NFOD :    300.000   -11.460  0.000000
 Nfod               :  0.0000
 Nfod/Nel           :  0.0000

          eigenvalues
 #    :         164        165        166        167        168        169        170        171
 occ. :        2.000      2.000      2.000      2.000      2.000      2.000      2.000      2.000
 eps  :       -16.363    -16.193    -16.175    -15.957    -15.899    -15.571    -15.427    -14.985
 #    :         172        173        174        175        176        177        178        179
 occ. :        2.000      2.000      2.000      2.000      2.000      0.000      0.000      0.000
 eps  :       -14.944    -14.748    -14.303    -13.323    -12.083    -10.838     -9.825     -8.997
 #    :         180        181        182        183        184        185        186        187
 occ. :        0.000      0.000      0.000      0.000      0.000      0.000      0.000      0.000
 eps  :        -8.544     -8.004     -7.890     -7.797     -7.479     -7.342     -7.133     -6.892
                            1  SCC done.
 making H1...
 cpu time for H      7.241199999999998E-002
 solving ...
 cpu time for diag   3.053500000000003E-002
 
 gap (eV)           :   1.578
 Koopmans IP (eV)   :  12.009
 Eel (Eh)           :  -265.663426
 T,E(Fermi),NFOD :    300.000   -11.220  0.000000
 T,E(Fermi),NFOD :    300.000   -11.220  0.000000
 Nfod               :  0.0000
 Nfod/Nel           :  0.0000

          eigenvalues
 #    :         164        165        166        167        168        169        170        171
 occ. :        2.000      2.000      2.000      2.000      2.000      2.000      2.000      2.000
 eps  :       -15.378    -15.172    -15.025    -14.871    -14.487    -14.392    -14.178    -14.021
 #    :         172        173        174        175        176        177        178        179
 occ. :        2.000      2.000      2.000      2.000      2.000      0.000      0.000      0.000
 eps  :       -14.017    -13.978    -13.880    -12.661    -12.010    -10.431     -9.166     -8.740
 #    :         180        181        182        183        184        185        186        187
 occ. :        0.000      0.000      0.000      0.000      0.000      0.000      0.000      0.000
 eps  :        -8.292     -8.034     -7.754     -7.655     -7.339     -7.092     -7.047     -6.672
                            2  SCC done.
 
 
 Mulliken/CM5 charges    n(s)   n(p)   n(d)   
    1 MG  0.2920  0.7537   0.669  1.039  0.000
    2 C   0.0156  0.0195   1.177  2.807  0.000
    3 C  -0.0136 -0.0560   1.116  2.898  0.000
    4 C  -0.0353 -0.0776   1.112  2.924  0.000
    5 C  -0.0419 -0.0850   1.128  2.914  0.000
    6 N  -0.1245 -0.3569   1.430  3.694  0.000
    7 C   0.0168  0.0775   1.242  2.742  0.000
    8 C  -0.0061 -0.0610   1.203  2.803  0.000
    9 C  -0.0162 -0.0743   1.197  2.819  0.000
   10 C   0.0411  0.0980   1.223  2.736  0.000
   11 C  -0.0856 -0.2331   1.106  2.980  0.000
   12 C  -0.0689 -0.1745   1.174  2.894  0.000
   13 C  -0.0597 -0.1589   1.159  2.901  0.000
   14 C   0.2077  0.2570   1.200  2.592  0.000
   15 O  -0.2761 -0.3217   1.632  4.644  0.000
   16 O  -0.1397 -0.2210   1.463  4.676  0.000
   17 N  -0.2115 -0.4863   1.377  3.834  0.000
   18 C   0.0338  0.0966   1.185  2.781  0.000
   19 C   0.0161  0.0126   1.188  2.796  0.000
   20 C  -0.0675 -0.0621   1.206  2.862  0.000
   21 C   0.0318  0.0936   1.199  2.769  0.000
   22 C  -0.0842 -0.2274   1.069  3.016  0.000
   23 C   0.1164  0.1362   1.231  2.652  0.000
   24 O  -0.2432 -0.2939   1.635  4.609  0.000
   25 C  -0.0917 -0.2343   1.092  2.999  0.000
   26 N  -0.1923 -0.4786   1.414  3.779  0.000
   27 C   0.0352  0.0885   1.223  2.741  0.000
   28 C  -0.0220 -0.0802   1.199  2.823  0.000
   29 C  -0.0296 -0.0857   1.205  2.824  0.000
   30 C   0.0238  0.0773   1.227  2.749  0.000
   31 C  -0.0796 -0.2278   1.099  2.980  0.000
   32 C  -0.0490 -0.1601   1.146  2.903  0.000
   33 C  -0.0995 -0.2537   1.097  3.003  0.000
   34 N  -0.2094 -0.4990   1.392  3.817  0.000
   35 C  -0.0055  0.0498   1.209  2.796  0.000
   36 C   0.0095  0.0008   1.186  2.804  0.000
   37 C  -0.0547 -0.0472   1.166  2.889  0.000
   38 C   0.0154  0.0825   1.194  2.791  0.000
   39 C  -0.0584 -0.2021   1.071  2.987  0.000
   40 C   0.1601  0.1937   1.189  2.650  0.000
   41 O  -0.2363 -0.2798   1.630  4.607  0.000
   42 C  -0.0456 -0.0876   1.196  2.850  0.000
   43 C   0.2152  0.2696   1.180  2.605  0.000
   44 O  -0.3024 -0.3471   1.635  4.667  0.000
   45 O  -0.1307 -0.2185   1.486  4.645  0.000
   46 C   0.0260 -0.0979   1.093  2.881  0.000
   47 C   0.0724 -0.0051   1.119  2.808  0.000
   48 C  -0.0852 -0.1417   1.170  2.915  0.000
   49 C  -0.0407 -0.0637   1.229  2.811  0.000
   50 C  -0.1087 -0.2544   1.081  3.028  0.000
   51 C  -0.0542 -0.1594   1.152  2.902  0.000
   52 C  -0.0456 -0.1548   1.155  2.890  0.000
   53 C  -0.0783 -0.1875   1.159  2.919  0.000
   54 C  -0.0360 -0.1092   1.212  2.824  0.000
   55 C  -0.0973 -0.2482   1.104  2.994  0.000
   56 C  -0.0650 -0.1757   1.161  2.904  0.000
   57 C  -0.0624 -0.1751   1.151  2.912  0.000
   58 C  -0.0883 -0.1998   1.163  2.925  0.000
   59 C  -0.0310 -0.1055   1.203  2.828  0.000
   60 C  -0.1018 -0.2525   1.105  2.996  0.000
   61 C  -0.0679 -0.1794   1.154  2.914  0.000
   62 C  -0.0554 -0.1668   1.157  2.899  0.000
   63 C  -0.0910 -0.2038   1.164  2.927  0.000
   64 C  -0.0115 -0.0887   1.178  2.834  0.000
   65 C  -0.0934 -0.2438   1.097  2.997  0.000
   66 C  -0.0973 -0.2473   1.100  2.998  0.000
   67 H   0.0525  0.1124   0.947  0.000  0.000
   68 H   0.0610  0.1228   0.939  0.000  0.000
   69 H   0.0585  0.1173   0.942  0.000  0.000
   70 H   0.0568  0.1203   0.943  0.000  0.000
   71 H   0.0500  0.1112   0.950  0.000  0.000
   72 H   0.0400  0.0954   0.960  0.000  0.000
   73 H   0.0362  0.0886   0.964  0.000  0.000
   74 H   0.0475  0.0994   0.952  0.000  0.000
   75 H   0.0327  0.0915   0.967  0.000  0.000
   76 H   0.0457  0.1038   0.954  0.000  0.000
   77 H   0.0505  0.1091   0.950  0.000  0.000
   78 H   0.0413  0.1007   0.959  0.000  0.000
   79 H   0.0468  0.1008   0.953  0.000  0.000
   80 H   0.0480  0.1009   0.952  0.000  0.000
   81 H   0.0514  0.1106   0.949  0.000  0.000
   82 H   0.0553  0.1070   0.945  0.000  0.000
   83 H   0.0419  0.0992   0.958  0.000  0.000
   84 H   0.0472  0.1021   0.953  0.000  0.000
   85 H   0.0527  0.1155   0.947  0.000  0.000
   86 H   0.0497  0.1124   0.950  0.000  0.000
   87 H   0.0486  0.1009   0.951  0.000  0.000
   88 H   0.0379  0.0913   0.962  0.000  0.000
   89 H   0.0438  0.0954   0.956  0.000  0.000
   90 H   0.0486  0.1088   0.951  0.000  0.000
   91 H   0.0402  0.0970   0.960  0.000  0.000
   92 H   0.0301  0.0824   0.970  0.000  0.000
   93 H   0.0339  0.0853   0.966  0.000  0.000
   94 H   0.0277  0.0807   0.972  0.000  0.000
   95 H   0.0563  0.1087   0.944  0.000  0.000
   96 H   0.0499  0.1046   0.950  0.000  0.000
   97 H   0.0614  0.1182   0.939  0.000  0.000
   98 H   0.0650  0.1368   0.935  0.000  0.000
   99 H   0.0520  0.1117   0.948  0.000  0.000
  100 H   0.0559  0.1176   0.944  0.000  0.000
  101 H   0.0513  0.1081   0.949  0.000  0.000
  102 H   0.0606  0.1302   0.939  0.000  0.000
  103 H   0.0594  0.1243   0.941  0.000  0.000
  104 H   0.0270  0.0869   0.973  0.000  0.000
  105 H   0.0390  0.0921   0.961  0.000  0.000
  106 H   0.0360  0.0886   0.964  0.000  0.000
  107 H   0.0360  0.0876   0.964  0.000  0.000
  108 H   0.0444  0.1003   0.956  0.000  0.000
  109 H   0.0476  0.1025   0.952  0.000  0.000
  110 H   0.0398  0.0946   0.960  0.000  0.000
  111 H   0.0412  0.0981   0.959  0.000  0.000
  112 H   0.0270  0.0844   0.973  0.000  0.000
  113 H   0.0302  0.0856   0.970  0.000  0.000
  114 H   0.0260  0.0868   0.974  0.000  0.000
  115 H   0.0332  0.0861   0.967  0.000  0.000
  116 H   0.0334  0.0852   0.967  0.000  0.000
  117 H   0.0378  0.0897   0.962  0.000  0.000
  118 H   0.0460  0.1030   0.954  0.000  0.000
  119 H   0.0354  0.0931   0.965  0.000  0.000
  120 H   0.0340  0.0905   0.966  0.000  0.000
  121 H   0.0397  0.0966   0.960  0.000  0.000
  122 H   0.0212  0.0782   0.979  0.000  0.000
  123 H   0.0316  0.0871   0.968  0.000  0.000
  124 H   0.0245  0.0858   0.976  0.000  0.000
  125 H   0.0292  0.0830   0.971  0.000  0.000
  126 H   0.0335  0.0863   0.967  0.000  0.000
  127 H   0.0453  0.0974   0.955  0.000  0.000
  128 H   0.0356  0.0943   0.964  0.000  0.000
  129 H   0.0325  0.0885   0.967  0.000  0.000
  130 H   0.0411  0.0971   0.959  0.000  0.000
  131 H   0.0404  0.0955   0.960  0.000  0.000
  132 H   0.0097  0.0673   0.990  0.000  0.000
  133 H   0.0436  0.1015   0.956  0.000  0.000
  134 H   0.0195  0.0804   0.980  0.000  0.000
  135 H   0.0354  0.0878   0.965  0.000  0.000
  136 H   0.0410  0.0924   0.959  0.000  0.000
  137 H   0.0322  0.0866   0.968  0.000  0.000
  138 H   0.0291  0.0823   0.971  0.000  0.000
  139 H   0.0321  0.0850   0.968  0.000  0.000
  140 H   0.0433  0.0941   0.957  0.000  0.000
 Hirshfeld charges for QMDFF written to <charges>
 
 Loewdin charges    n(s)   n(p)   n(d)
    1 MG  0.1308   0.681  1.189  0.000
    2 C   0.0178   1.136  2.846  0.000
    3 C  -0.0114   1.063  2.949  0.000
    4 C  -0.0346   1.057  2.977  0.000
    5 C  -0.0377   1.076  2.962  0.000
    6 N  -0.0942   1.389  3.705  0.000
    7 C   0.0162   1.207  2.777  0.000
    8 C   0.0020   1.156  2.842  0.000
    9 C  -0.0079   1.150  2.858  0.000
   10 C   0.0452   1.185  2.769  0.000
   11 C  -0.0870   1.034  3.053  0.000
   12 C  -0.0648   1.118  2.947  0.000
   13 C  -0.0592   1.101  2.958  0.000
   14 C   0.1855   1.175  2.640  0.000
   15 O  -0.2632   1.604  4.659  0.000
   16 O  -0.1030   1.427  4.676  0.000
   17 N  -0.1789   1.335  3.844  0.000
   18 C   0.0350   1.147  2.818  0.000
   19 C   0.0261   1.144  2.830  0.000
   20 C  -0.0762   1.171  2.905  0.000
   21 C   0.0384   1.159  2.802  0.000
   22 C  -0.0876   0.994  3.094  0.000
   23 C   0.1184   1.196  2.686  0.000
   24 O  -0.2307   1.608  4.623  0.000
   25 C  -0.0972   1.020  3.077  0.000
   26 N  -0.1552   1.369  3.786  0.000
   27 C   0.0420   1.184  2.774  0.000
   28 C  -0.0130   1.151  2.862  0.000
   29 C  -0.0234   1.158  2.865  0.000
   30 C   0.0292   1.189  2.781  0.000
   31 C  -0.0804   1.027  3.054  0.000
   32 C  -0.0439   1.085  2.958  0.000
   33 C  -0.1028   1.025  3.078  0.000
   34 N  -0.1773   1.351  3.827  0.000
   35 C  -0.0045   1.172  2.833  0.000
   36 C   0.0209   1.141  2.838  0.000
   37 C  -0.0627   1.127  2.936  0.000
   38 C   0.0196   1.154  2.826  0.000
   39 C  -0.0579   0.994  3.063  0.000
   40 C   0.1541   1.155  2.691  0.000
   41 O  -0.2205   1.599  4.622  0.000
   42 C  -0.0473   1.148  2.899  0.000
   43 C   0.1914   1.154  2.655  0.000
   44 O  -0.2918   1.608  4.683  0.000
   45 O  -0.0920   1.448  4.644  0.000
   46 C   0.0193   1.023  2.958  0.000
   47 C   0.0705   1.061  2.869  0.000
   48 C  -0.0832   1.123  2.960  0.000
   49 C  -0.0317   1.190  2.842  0.000
   50 C  -0.1135   1.008  3.105  0.000
   51 C  -0.0499   1.094  2.956  0.000
   52 C  -0.0398   1.096  2.943  0.000
   53 C  -0.0766   1.102  2.974  0.000
   54 C  -0.0269   1.165  2.861  0.000
   55 C  -0.1008   1.033  3.068  0.000
   56 C  -0.0621   1.104  2.958  0.000
   57 C  -0.0573   1.092  2.965  0.000
   58 C  -0.0873   1.107  2.981  0.000
   59 C  -0.0209   1.155  2.866  0.000
   60 C  -0.1059   1.035  3.071  0.000
   61 C  -0.0658   1.096  2.970  0.000
   62 C  -0.0493   1.098  2.951  0.000
   63 C  -0.0920   1.109  2.983  0.000
   64 C   0.0007   1.127  2.872  0.000
   65 C  -0.0969   1.026  3.071  0.000
   66 C  -0.1009   1.029  3.072  0.000
   67 H   0.0477   0.952  0.000  0.000
   68 H   0.0565   0.943  0.000  0.000
   69 H   0.0531   0.947  0.000  0.000
   70 H   0.0498   0.950  0.000  0.000
   71 H   0.0441   0.956  0.000  0.000
   72 H   0.0402   0.960  0.000  0.000
   73 H   0.0362   0.964  0.000  0.000
   74 H   0.0463   0.954  0.000  0.000
   75 H   0.0302   0.970  0.000  0.000
   76 H   0.0430   0.957  0.000  0.000
   77 H   0.0462   0.954  0.000  0.000
   78 H   0.0377   0.962  0.000  0.000
   79 H   0.0459   0.954  0.000  0.000
   80 H   0.0479   0.952  0.000  0.000
   81 H   0.0496   0.950  0.000  0.000
   82 H   0.0549   0.945  0.000  0.000
   83 H   0.0402   0.960  0.000  0.000
   84 H   0.0470   0.953  0.000  0.000
   85 H   0.0468   0.953  0.000  0.000
   86 H   0.0448   0.955  0.000  0.000
   87 H   0.0469   0.953  0.000  0.000
   88 H   0.0379   0.962  0.000  0.000
   89 H   0.0431   0.957  0.000  0.000
   90 H   0.0457   0.954  0.000  0.000
   91 H   0.0374   0.963  0.000  0.000
   92 H   0.0305   0.969  0.000  0.000
   93 H   0.0338   0.966  0.000  0.000
   94 H   0.0296   0.970  0.000  0.000
   95 H   0.0542   0.946  0.000  0.000
   96 H   0.0472   0.953  0.000  0.000
   97 H   0.0593   0.941  0.000  0.000
   98 H   0.0575   0.943  0.000  0.000
   99 H   0.0478   0.952  0.000  0.000
  100 H   0.0512   0.949  0.000  0.000
  101 H   0.0479   0.952  0.000  0.000
  102 H   0.0524   0.948  0.000  0.000
  103 H   0.0517   0.948  0.000  0.000
  104 H   0.0210   0.979  0.000  0.000
  105 H   0.0395   0.960  0.000  0.000
  106 H   0.0373   0.963  0.000  0.000
  107 H   0.0357   0.964  0.000  0.000
  108 H   0.0413   0.959  0.000  0.000
  109 H   0.0442   0.956  0.000  0.000
  110 H   0.0365   0.964  0.000  0.000
  111 H   0.0383   0.962  0.000  0.000
  112 H   0.0257   0.974  0.000  0.000
  113 H   0.0284   0.972  0.000  0.000
  114 H   0.0221   0.978  0.000  0.000
  115 H   0.0343   0.966  0.000  0.000
  116 H   0.0337   0.966  0.000  0.000
  117 H   0.0375   0.963  0.000  0.000
  118 H   0.0430   0.957  0.000  0.000
  119 H   0.0336   0.966  0.000  0.000
  120 H   0.0315   0.968  0.000  0.000
  121 H   0.0373   0.963  0.000  0.000
  122 H   0.0204   0.980  0.000  0.000
  123 H   0.0299   0.970  0.000  0.000
  124 H   0.0200   0.980  0.000  0.000
  125 H   0.0301   0.970  0.000  0.000
  126 H   0.0346   0.965  0.000  0.000
  127 H   0.0448   0.955  0.000  0.000
  128 H   0.0345   0.965  0.000  0.000
  129 H   0.0303   0.970  0.000  0.000
  130 H   0.0383   0.962  0.000  0.000
  131 H   0.0373   0.963  0.000  0.000
  132 H   0.0097   0.990  0.000  0.000
  133 H   0.0425   0.958  0.000  0.000
  134 H   0.0149   0.985  0.000  0.000
  135 H   0.0358   0.964  0.000  0.000
  136 H   0.0409   0.959  0.000  0.000
  137 H   0.0322   0.968  0.000  0.000
  138 H   0.0304   0.970  0.000  0.000
  139 H   0.0325   0.967  0.000  0.000
  140 H   0.0423   0.958  0.000  0.000
 
 Wiberg/Mayer (AO) data. WBOs > 0.1 written file <wbo>
 largest (>0.05) Wiberg bond orders for each atom
           total WBO             WBO to atom ...
     1  MG  2.554    N   34 0.543    N   17 0.497    N   26 0.472    N    6 0.346    C   38 0.058    C   30 0.054    C   21 0.052
     2  C   3.894    C    7 1.419    C   38 1.214    C   42 0.949
     3  C   3.930    C   10 1.467    C   18 1.245    H   67 0.936
     4  C   3.941    C   27 1.461    C   21 1.293    H   68 0.923
     5  C   3.925    C   30 1.473    C   35 1.242    H   69 0.934
     6  N   3.327    C   10 1.254    C    7 1.239    MG   1 0.346    C   18 0.060    C   38 0.050
     7  C   3.860    C    2 1.419    N    6 1.239    C    8 0.926
     8  C   3.932    C    9 0.969    C   12 0.939    H   70 0.938    C    7 0.926
     9  C   3.936    C    8 0.969    C   11 0.961    H   71 0.942    C   10 0.923
    10  C   3.870    C    3 1.467    N    6 1.254    C    9 0.923
    11  C   3.967    H   73 0.981    H   72 0.978    H   74 0.976    C    9 0.961
    12  C   3.932    H   75 0.967    H   76 0.958    C   13 0.950    C    8 0.939
    13  C   3.953    H   78 0.967    H   77 0.958    C   12 0.950    C   14 0.924    O   15 0.086
    14  C   3.880    O   15 1.811    O   16 1.106    C   13 0.924
    15  O   2.124    C   14 1.811    O   16 0.165    C   13 0.086
    16  O   2.323    C   14 1.106    C   47 0.964    O   15 0.165
    17  N   3.315    C   21 1.194    C   18 1.172    MG   1 0.497    C   20 0.072    C   27 0.052
    18  C   3.868    C    3 1.245    C   19 1.179    N   17 1.172    N    6 0.060
    19  C   3.883    C   20 1.423    C   18 1.179    C   22 1.027
    20  C   3.889    C   19 1.423    C   21 1.099    C   23 0.997    O   24 0.076    N   17 0.072
    21  C   3.870    C    4 1.293    N   17 1.194    C   20 1.099    N   26 0.057    MG   1 0.052
    22  C   3.976    C   19 1.027    H   79 0.966    H   81 0.958    H   80 0.947
    23  C   3.879    O   24 1.808    C   20 0.997    C   25 0.971
    24  O   2.129    C   23 1.808    C   20 0.076    C   25 0.071
    25  C   3.979    H   83 0.972    C   23 0.971    H   82 0.958    H   84 0.956    O   24 0.071
    26  N   3.330    C   27 1.208    C   30 1.172    MG   1 0.472    C   21 0.057
    27  C   3.859    C    4 1.461    N   26 1.208    C   28 0.924    N   17 0.052
    28  C   3.932    C   31 0.976    C   29 0.947    H   85 0.938    C   27 0.924
    29  C   3.932    C   32 0.955    C   28 0.947    C   30 0.937    H   86 0.932
    30  C   3.853    C    5 1.473    N   26 1.172    C   29 0.937    MG   1 0.054
    31  C   3.972    H   87 0.979    H   88 0.979    H   89 0.977    C   28 0.976
    32  C   3.961    C   33 1.013    H   91 0.963    H   90 0.957    C   29 0.955
    33  C   3.983    C   32 1.013    H   92 0.982    H   93 0.981    H   94 0.973
    34  N   3.324    C   38 1.202    C   35 1.132    MG   1 0.543    C   37 0.062
    35  C   3.854    C    5 1.242    C   36 1.200    N   34 1.132
    36  C   3.882    C   37 1.377    C   35 1.200    C   39 1.018
    37  C   3.914    C   36 1.377    C   38 1.169    C   40 1.047    O   41 0.069    N   34 0.062
    38  C   3.904    C    2 1.214    N   34 1.202    C   37 1.169    MG   1 0.058    N    6 0.050
    39  C   3.981    C   36 1.018    H   96 0.973    H   95 0.963    H   97 0.950
    40  C   3.896    O   41 1.825    C   37 1.047    C   42 0.872
    41  O   2.162    C   40 1.825    C   42 0.082    C   37 0.069
    42  C   3.942    C    2 0.949    H   98 0.918    C   43 0.909    C   40 0.872    O   41 0.082    O   44 0.073
    43  C   3.893    O   44 1.760    O   45 1.150    C   42 0.909
    44  O   2.080    C   43 1.760    O   45 0.169    C   42 0.073
    45  O   2.346    C   43 1.150    C   46 0.955    O   44 0.169
    46  C   3.933    H  101 0.989    H   99 0.986    H  100 0.982    O   45 0.955
    47  C   3.939    C   48 0.998    O   16 0.964    H  102 0.956    H  103 0.955
    48  C   3.958    C   49 1.869    C   47 0.998    H  104 0.946
    49  C   3.924    C   48 1.869    C   50 1.002    C   51 0.961
    50  C   3.981    C   49 1.002    H  105 0.971    H  107 0.966    H  106 0.964
    51  C   3.956    H  108 0.962    C   49 0.961    C   52 0.961    H  109 0.958
    52  C   3.960    C   53 0.987    H  110 0.969    H  111 0.966    C   51 0.961
    53  C   3.956    C   52 0.987    H  112 0.965    H  113 0.963    C   54 0.957
    54  C   3.934    C   55 0.986    C   56 0.969    C   53 0.957    H  114 0.957
    55  C   3.980    C   54 0.986    H  117 0.982    H  116 0.978    H  115 0.976
    56  C   3.963    C   57 0.985    C   54 0.969    H  119 0.962    H  118 0.959
    57  C   3.967    C   56 0.985    C   58 0.983    H  120 0.971    H  121 0.965
    58  C   3.955    C   57 0.983    H  123 0.966    H  122 0.965    C   59 0.964
    59  C   3.941    C   60 0.985    C   61 0.975    C   58 0.964    H  124 0.955
    60  C   3.982    C   59 0.985    H  125 0.982    H  126 0.976    H  127 0.975
    61  C   3.963    C   62 0.992    C   59 0.975    H  128 0.958    H  129 0.958
    62  C   3.964    C   61 0.992    H  131 0.968    C   63 0.966    H  130 0.965
    63  C   3.956    C   64 0.989    H  132 0.966    C   62 0.966    H  133 0.953
    64  C   3.951    C   65 0.993    C   63 0.989    C   66 0.981    H  134 0.955
    65  C   3.983    C   64 0.993    H  137 0.980    H  135 0.977    H  136 0.976
    66  C   3.979    C   64 0.981    H  140 0.979    H  139 0.979    H  138 0.977
    67  H   0.994    C    3 0.936
    68  H   0.993    C    4 0.923
    69  H   0.993    C    5 0.934
    70  H   0.993    C    8 0.938
    71  H   0.996    C    9 0.942
    72  H   0.998    C   11 0.978
    73  H   0.997    C   11 0.981
    74  H   0.996    C   11 0.976
    75  H   0.996    C   12 0.967
    76  H   0.997    C   12 0.958
    77  H   0.997    C   13 0.958
    78  H   0.998    C   13 0.967
    79  H   0.993    C   22 0.966
    80  H   0.990    C   22 0.947
    81  H   0.995    C   22 0.958
    82  H   0.996    C   25 0.958
    83  H   0.996    C   25 0.972
    84  H   0.997    C   25 0.956
    85  H   0.993    C   28 0.938
    86  H   0.995    C   29 0.932
    87  H   0.997    C   31 0.979
    88  H   0.998    C   31 0.979
    89  H   0.997    C   31 0.977
    90  H   0.997    C   32 0.957
    91  H   0.996    C   32 0.963
    92  H   0.998    C   33 0.982
    93  H   0.997    C   33 0.981
    94  H   0.999    C   33 0.973
    95  H   0.991    C   39 0.963
    96  H   0.996    C   39 0.973
    97  H   0.991    C   39 0.950
    98  H   0.991    C   42 0.918
    99  H   0.997    C   46 0.986
   100  H   0.997    C   46 0.982
   101  H   0.997    C   46 0.989
   102  H   0.996    C   47 0.956
   103  H   0.995    C   47 0.955
   104  H   0.999    C   48 0.946
   105  H   0.998    C   50 0.971
   106  H   0.999    C   50 0.964
   107  H   0.999    C   50 0.966
   108  H   0.998    C   51 0.962
   109  H   0.996    C   51 0.958
   110  H   0.997    C   52 0.969
   111  H   0.998    C   52 0.966
   112  H   0.999    C   53 0.965
   113  H   0.998    C   53 0.963
   114  H   0.999    C   54 0.957
   115  H   0.998    C   55 0.976
   116  H   0.999    C   55 0.978
   117  H   0.998    C   55 0.982
   118  H   0.998    C   56 0.959
   119  H   0.998    C   56 0.962
   120  H   0.998    C   57 0.971
   121  H   0.998    C   57 0.965
   122  H   1.000    C   58 0.965
   123  H   0.999    C   58 0.966
   124  H   0.999    C   59 0.955
   125  H   0.999    C   60 0.982
   126  H   0.999    C   60 0.976
   127  H   0.997    C   60 0.975
   128  H   0.998    C   61 0.958
   129  H   0.998    C   61 0.958
   130  H   0.997    C   62 0.965
   131  H   0.998    C   62 0.968
   132  H   1.000    C   63 0.966
   133  H   0.998    C   63 0.953
   134  H   1.000    C   64 0.955
   135  H   0.999    C   65 0.977
   136  H   0.998    C   65 0.976
   137  H   0.999    C   65 0.980
   138  H   0.998    C   66 0.977
   139  H   0.999    C   66 0.979
   140  H   0.998    C   66 0.979
 
 --------------------------------------------
          xTB calculation for sTDA...
 --------------------------------------------
 
 reading parameter file ~/.param_stda2.xtb
 
      method parameters     
 k(s)        :  1.6000
 k(p)        :  2.1800
 k(d)        :  1.9500
 k(f)        :  2.0000
 k(R-V)      :  2.2750
 k(R-R)      :  1.7650
 Tscal       :  0.2580
 Gscal       :  1.0000
 fpol        :  1.0000
 Zcnf        :  0.3430
 Zqf         :  0.0000
 kcn         :  2.7000
 Ryd Hsplit  :  0.7000
 lshift(virt):  3.1000
 lshift(OS)  :  0.2000
 wllscaling  :  2.6000
 
 mowrcut     : 3.000
 
  Z AO/shell   Hii/eV     exponent
  1     Sun Feb 14 09:53:25 CET 2016    EN: 2.327 GAM: 0.473  GM3: 0.0000
     1s    -14.339618    1.220000
     2sp    -3.348946    0.600000
  6     Sun Feb 14 09:53:25 CET 2016    EN: 2.731 GAM: 0.422  GM3: 0.0000
     2s    -22.009312    1.565095
     2p    -13.020408    1.596905
     3sp    -3.914040    0.824500
  7     Sun Feb 14 09:53:25 CET 2016    EN: 3.573 GAM: 0.504  GM3: 0.0000
     2s    -25.722000    2.064844
     2p    -18.684912    1.801692
     3sp    -4.344791    0.921400
  8     Sun Feb 14 09:53:25 CET 2016    EN: 3.700 GAM: 0.587  GM3: 0.0000
     2s    -33.859000    2.418661
     2p    -22.175911    1.973969
     3sp    -4.259392    1.013700
 12     Sun Feb 21 16:58:31 CET 2016    EN: 0.033 GAM: 0.222  GM3: 0.0000
     3s    -11.092543    1.647583
     3p     -6.929529    0.855020
 
 Nbf   :          894
 T(el) :     0.0
 calculating S/T integrals ...
 cpu time for ints    1.37003200000000     
 Nao   :          894
 making H0...
 making H1...
 cpu time for H      2.335899999999991E-002
 solving ...
 cpu time for diag   0.266884000000000     
 
 gap (eV)           :   4.606
 Koopmans IP (eV)   :  13.339
 Eel (Eh)           :  -301.215924

          eigenvalues
 #    :         164        165        166        167        168        169        170        171
 occ. :        2.000      2.000      2.000      2.000      2.000      2.000      2.000      2.000
 eps  :       -17.422    -17.368    -17.003    -16.564    -16.407    -16.127    -16.053    -15.756
 #    :         172        173        174        175        176        177        178        179
 occ. :        2.000      2.000      2.000      2.000      2.000      0.000      0.000      0.000
 eps  :       -15.529    -15.269    -15.078    -14.016    -13.340     -8.734     -6.966     -6.723
 #    :         180        181        182        183        184        185        186        187
 occ. :        0.000      0.000      0.000      0.000      0.000      0.000      0.000      0.000
 eps  :        -6.491     -6.246     -5.929     -5.721     -5.408     -5.127     -5.091     -5.007
                            1  SCC done.
 writing mo output ...
 molden style : F
 
speedup  1.13
cpu  time for all    2.16 s
wall time for all    1.91 s
