cpu-bind=MASK - bp1-compute089, task 4294967295 4294967295 [0]: mask 0xffffffffffff set
Host:    bp1-compute089.data.bp.acrc.priv
Time:    Wed May  4 12:33:59 BST 2022
Dir:     /user/home/of15641/chlorophyll_parameterization/tddft_data/step_1751_chromophore_21
Job ID:  1692215
Nodelist:
cat: bp1-compute089: No such file or directory
  
Result dir: /user/home/of15641/chlorophyll_parameterization/tddft_data/step_1751_chromophore_21
running gaussian jobs
Running time g16 < CAMB3LYP_step_1751_chromophore_21.com > CAMB3LYP_step_1751_chromophore_21.log

real	27m51.495s
user	656m6.416s
sys	0m28.363s
Running time g16 < PBE0_step_1751_chromophore_21.com > PBE0_step_1751_chromophore_21.log

real	15m35.120s
user	371m49.919s
sys	0m21.700s
Running time g16 < wB97XD_step_1751_chromophore_21.com > wB97XD_step_1751_chromophore_21.log

real	28m4.202s
user	660m5.468s
sys	0m28.406s
Running time g16 < BLYP_step_1751_chromophore_21.com > BLYP_step_1751_chromophore_21.log

real	12m28.924s
user	297m45.345s
sys	0m24.792s
Running time g16 < ZINDO_step_1751_chromophore_21.com > ZINDO_step_1751_chromophore_21.log

real	0m7.084s
user	2m34.813s
sys	0m2.905s
