cpu-bind=MASK - bp1-compute139, task 4294967295 4294967295 [0]: mask 0xffffff00ffffff set
Host:    bp1-compute139.data.bp.acrc.priv
Time:    Thu Apr 28 12:52:30 BST 2022
Dir:     /user/home/of15641/chlorophyll_parameterization/tddft_data/step_1601_chromophore_13
Job ID:  1658429
Nodelist:
cat: bp1-compute139: No such file or directory
  
Result dir: /user/home/of15641/chlorophyll_parameterization/tddft_data/step_1601_chromophore_13
running gaussian jobs
Running time g16 < CAMB3LYP_step_1601_chromophore_13.com > CAMB3LYP_step_1601_chromophore_13.log

real	24m13.128s
user	569m44.788s
sys	0m25.229s
Running time g16 < PBE0_step_1601_chromophore_13.com > PBE0_step_1601_chromophore_13.log

real	17m58.780s
user	429m9.761s
sys	0m22.527s
Running time g16 < wB97XD_step_1601_chromophore_13.com > wB97XD_step_1601_chromophore_13.log

real	28m18.350s
user	665m57.910s
sys	0m31.038s
Running time g16 < BLYP_step_1601_chromophore_13.com > BLYP_step_1601_chromophore_13.log

real	12m43.683s
user	303m28.472s
sys	0m26.247s
Running time g16 < ZINDO_step_1601_chromophore_13.com > ZINDO_step_1601_chromophore_13.log

real	0m6.698s
user	2m26.054s
sys	0m2.468s
