cpu-bind=MASK - bp1-compute163, task 4294967295 4294967295 [0]: mask 0xffffff00ffffff set
Host:    bp1-compute163.data.bp.acrc.priv
Time:    Fri Apr 29 11:33:19 BST 2022
Dir:     /user/home/of15641/chlorophyll_parameterization/tddft_data/step_301_chromophore_16
Job ID:  1658679
Nodelist:
cat: bp1-compute163: No such file or directory
  
Result dir: /user/home/of15641/chlorophyll_parameterization/tddft_data/step_301_chromophore_16
running gaussian jobs
Running time g16 < CAMB3LYP_step_301_chromophore_16.com > CAMB3LYP_step_301_chromophore_16.log

real	31m7.147s
user	733m38.640s
sys	0m28.622s
Running time g16 < PBE0_step_301_chromophore_16.com > PBE0_step_301_chromophore_16.log

real	23m5.127s
user	551m44.339s
sys	0m24.747s
Running time g16 < wB97XD_step_301_chromophore_16.com > wB97XD_step_301_chromophore_16.log

real	32m20.101s
user	762m3.154s
sys	0m30.506s
Running time g16 < BLYP_step_301_chromophore_16.com > BLYP_step_301_chromophore_16.log

real	12m14.891s
user	292m6.217s
sys	0m21.881s
Running time g16 < ZINDO_step_301_chromophore_16.com > ZINDO_step_301_chromophore_16.log

real	0m10.051s
user	3m44.244s
sys	0m3.160s
