cpu-bind=MASK - bp1-compute140, task 4294967295 4294967295 [0]: mask 0xffffff00ffffff set
Host:    bp1-compute140.data.bp.acrc.priv
Time:    Fri Apr 29 10:33:05 BST 2022
Dir:     /user/home/of15641/chlorophyll_parameterization/tddft_data/step_251_chromophore_8
Job ID:  1658670
Nodelist:
cat: bp1-compute140: No such file or directory
  
Result dir: /user/home/of15641/chlorophyll_parameterization/tddft_data/step_251_chromophore_8
running gaussian jobs
Running time g16 < CAMB3LYP_step_251_chromophore_8.com > CAMB3LYP_step_251_chromophore_8.log

real	24m52.711s
user	583m37.306s
sys	1m43.181s
Running time g16 < PBE0_step_251_chromophore_8.com > PBE0_step_251_chromophore_8.log

real	18m28.571s
user	439m11.455s
sys	1m54.729s
Running time g16 < wB97XD_step_251_chromophore_8.com > wB97XD_step_251_chromophore_8.log

real	26m55.585s
user	632m12.979s
sys	1m43.439s
Running time g16 < BLYP_step_251_chromophore_8.com > BLYP_step_251_chromophore_8.log

real	11m54.440s
user	282m15.319s
sys	1m28.130s
Running time g16 < ZINDO_step_251_chromophore_8.com > ZINDO_step_251_chromophore_8.log

real	0m7.505s
user	2m45.699s
sys	0m2.668s
