cpu-bind=MASK - bp1-compute191, task 4294967295 4294967295 [0]: mask 0xffffff00ffffff set
Host:    bp1-compute191.data.bp.acrc.priv
Time:    Thu Apr 28 15:02:15 BST 2022
Dir:     /user/home/of15641/chlorophyll_parameterization/tddft_data/step_1651_chromophore_10
Job ID:  1658453
Nodelist:
cat: bp1-compute191: No such file or directory
  
Result dir: /user/home/of15641/chlorophyll_parameterization/tddft_data/step_1651_chromophore_10
running gaussian jobs
Running time g16 < CAMB3LYP_step_1651_chromophore_10.com > CAMB3LYP_step_1651_chromophore_10.log

real	40m7.505s
user	949m8.501s
sys	0m27.590s
Running time g16 < PBE0_step_1651_chromophore_10.com > PBE0_step_1651_chromophore_10.log

real	23m40.510s
user	565m0.741s
sys	0m19.496s
Running time g16 < wB97XD_step_1651_chromophore_10.com > wB97XD_step_1651_chromophore_10.log

real	37m39.352s
user	890m28.782s
sys	0m25.706s
Running time g16 < BLYP_step_1651_chromophore_10.com > BLYP_step_1651_chromophore_10.log

real	17m47.813s
user	424m28.843s
sys	0m20.444s
Running time g16 < ZINDO_step_1651_chromophore_10.com > ZINDO_step_1651_chromophore_10.log

real	0m8.551s
user	3m9.610s
sys	0m2.507s
