cpu-bind=MASK - bp1-compute155, task 4294967295 4294967295 [0]: mask 0xffffff00ffffff set
Host:    bp1-compute155.data.bp.acrc.priv
Time:    Thu Apr 28 06:42:01 BST 2022
Dir:     /user/home/of15641/chlorophyll_parameterization/tddft_data/step_1501_chromophore_22
Job ID:  1658358
Nodelist:
cat: bp1-compute155: No such file or directory
  
Result dir: /user/home/of15641/chlorophyll_parameterization/tddft_data/step_1501_chromophore_22
running gaussian jobs
Running time g16 < CAMB3LYP_step_1501_chromophore_22.com > CAMB3LYP_step_1501_chromophore_22.log

real	21m59.008s
user	516m49.746s
sys	0m30.735s
Running time g16 < PBE0_step_1501_chromophore_22.com > PBE0_step_1501_chromophore_22.log

real	17m47.770s
user	425m1.744s
sys	0m23.244s
Running time g16 < wB97XD_step_1501_chromophore_22.com > wB97XD_step_1501_chromophore_22.log

real	25m3.462s
user	589m24.738s
sys	0m33.767s
Running time g16 < BLYP_step_1501_chromophore_22.com > BLYP_step_1501_chromophore_22.log

real	11m8.612s
user	265m44.306s
sys	0m20.997s
Running time g16 < ZINDO_step_1501_chromophore_22.com > ZINDO_step_1501_chromophore_22.log

real	0m7.783s
user	2m51.734s
sys	0m2.745s
