 
        ______________________________________
       |                                      |
       |          ===================         |
       |             xTB for sTDA             |
       |          ===================         |
       |               S. Grimme              |
       |        Universitaet Bonn, MCTC       |
       |         2015-19, Version 1.0         |
       |     Wed Apr  3 09:14:55 CEST 2019    |
       |______________________________________|
 
        This code comes without any warranty
        for non-commercial, academia use only.
        Preliminary test version.
        Cite this work as:
        S. Grimme  &  C. Bannwarth, JCP 145 (2016) 054103
        if GBSA is used additionally:
        P. Shushkov, F. März, C. Bannwarth, S. Grimme, unpublished.
 
        with help from
        P. Shushkov, G. Brandenburg, S. Dohm, J. Pisarek,
        F. März, M. Checinski, S. Ehrlich, S. Spicher, 
        P. Pracht, E. Caldeweyher, S. Ehlert, and C. Bannwarth.
 
        usage        :
        xtb4stda <coord_file> [options]
        where <coord_file> is a valid file of TM)
        (*coord, Bohr) or xmol (*xyz, Angstroem)
        format.

        options:
        -chrg <int>   : molecular charge
        -uhf  <int>   : # of unpaired electrons(=2*S)
        -nox          : skip second, extended part in sTDA-xTB
        -pop          : do population analysis
                      : (default for -nox)
        -mowr <real>  : cut MO write above (def.3 Eh)
        -molden       : write formatted molden file
        -parx <file>  : read parameters for sTDA-xTB
                        calc (def:~/.param_stda2.xtb)
        -parv <file>  : read parameters for vTB part in
                        sTDA-xTB (def: ~/.param_stda1.xtb)
        -xtemp <real> : el. temp for xTB (def. 0 K)
        -etemp <real> : el. temp for GFN (def. 300 K)
        -fod          : calculate the FOD and write
                        molden.input file with
                        appropriate occupations
                        for plotting. Def. T=12500 K
 
        -acc <real>   : xTB accuracy (def. 1.0)
        -gbsa [string1] [string2]
                        use GBSA implicit solvent
                        for solvent [string1] and
                        solvation state [string2]=
                        reference, bar1M (default=1M)
        additional GFN/opt/MD/siman options read from
        $XTB4STDAHOME/.xtb4stdarc or $set in input
 
       spin and charge state information can be on:
       <.CHRG> (charge) and <.UHF> (=nalpha-nbeta)
       -uhf and -chrg override the file info.
       useful machine settings:
       setenv MKL_NUM_THREADS <NCORE_ON_YOUR_MACHINE>
       setenv OMP_STACKSIZE 500m
       limit stacksize unlimited
 
       total energies in Eh, gaps/HL energies in eV
       please read REVISION and HOWTO files carefully
 =============================
  # OMP threads =           4
 =============================
 
 xtb4stdahome directory:~/
 
 
 name of molecule           :
 comment line               :
 number of atoms            :   140
 number of electrons        :   352
 charge                     :  0
 spin                       : 0.0
 first test random number   :  0.4234
 
 -----------------------------------------
      charge density (VTB) calculation
 -----------------------------------------
 
      method parameters     
 k(s)        :  1.8000
 k(p)        :  2.8350
 k(d)        :  2.0860
 k(f)        :  2.0000
 Tscal       :  0.3300
 Gscal       :  0.3910
 fpol        :  1.0000
 Zcnf        :  0.6500
 Zqf         :  0.0000
 kcn         :  0.3000
 kEN1        : -0.5900
 wllscal     :  2.6000
 
     -------------------------
     ! NO SOLVENT MODEL USED !
     -------------------------
 
 doing EN charges ...
 sum q :  0.2997602D-14
 point charge moment (au)
     X       Y       Z   
  -0.9364   0.0112   0.2437  total (Debye):    2.460
 
            Z      q(EN)   CN      Cart. coordinates
     1  MG  2.0   0.953   4.847    77.31625    14.98553    54.43167
     2  C   4.0   0.018   3.316    81.00310    17.56311    59.05205
     3  C   4.0  -0.061   3.152    73.39885    12.41550    59.00102
     4  C   4.0  -0.059   3.186    74.03757    12.12826    49.79806
     5  C   4.0  -0.054   3.192    81.68907    16.73919    50.04561
     6  N   5.0  -0.368   3.134    77.46932    14.93072    58.50214
     7  C   4.0   0.101   3.302    78.95086    16.35558    60.05927
     8  C   4.0  -0.090   4.094    77.91529    16.14771    62.97134
     9  C   4.0  -0.094   4.106    75.61549    14.36192    62.70867
    10  C   4.0   0.070   3.320    75.40384    13.85169    59.85518
    11  C   4.0  -0.237   4.007    75.76478    11.69740    64.23745
    12  C   4.0  -0.161   4.048    77.30302    18.91427    63.88408
    13  C   4.0  -0.166   4.026    75.28857    19.16938    65.96655
    14  C   4.0   0.155   3.074    76.14462    20.73785    68.43076
    15  O   6.0  -0.083   1.029    76.05769    23.10946    68.61406
    16  O   6.0  -0.118   2.053    77.08192    19.13159    70.26568
    17  N   5.0  -0.404   3.241    74.07915    12.57235    54.43167
    18  C   4.0   0.088   3.374    72.70721    11.75410    56.44422
    19  C   4.0   0.012   3.234    70.66819    10.31601    55.59196
    20  C   4.0   0.003   3.255    70.58693    10.56735    52.85375
    21  C   4.0   0.077   3.372    73.03224    11.88071    52.14510
    22  C   4.0  -0.246   4.021    68.91831     8.83825    57.37964
    23  C   4.0   0.118   3.033    68.45721     9.64516    50.92245
    24  O   6.0  -0.110   1.065    68.54414    10.01933    48.66044
    25  C   4.0  -0.251   4.047    66.07238     8.67573    51.90699
    26  N   5.0  -0.411   3.190    77.69797    14.55845    50.42167
    27  C   4.0   0.112   3.417    76.16540    13.34713    48.83430
    28  C   4.0  -0.099   4.182    77.12350    13.35091    46.21514
    29  C   4.0  -0.093   4.128    79.47431    15.27088    46.18490
    30  C   4.0   0.084   3.458    79.66896    15.57323    49.06673
    31  C   4.0  -0.237   4.050    77.72821    10.59191    45.45925
    32  C   4.0  -0.162   4.036    78.78645    17.89193    44.95658
    33  C   4.0  -0.238   4.003    76.72098    19.55110    46.26805
    34  N   5.0  -0.488   3.229    80.70453    16.64849    54.43545
    35  C   4.0   0.077   3.542    82.41095    17.17572    52.57785
    36  C   4.0   0.014   3.276    84.76744    18.15649    53.65121
    37  C   4.0   0.007   3.404    84.22509    18.50231    56.25336
    38  C   4.0   0.061   3.843    81.80057    17.53855    56.55950
    39  C   4.0  -0.243   4.002    87.22030    18.80088    52.11675
    40  C   4.0   0.106   3.211    85.09625    19.52654    58.57395
    41  O   6.0  -0.095   1.048    87.02944    20.65848    59.17677
    42  C   4.0  -0.113   4.213    83.12149    18.86324    60.62808
    43  C   4.0   0.172   3.114    84.19863    17.56122    62.97701
    44  O   6.0  -0.098   1.038    84.42351    15.28788    63.36062
    45  O   6.0  -0.122   2.042    84.21564    19.39615    64.85728
    46  C   4.0  -0.188   4.050    84.90539    18.58923    67.30259
    47  C   4.0  -0.131   4.068    78.82803    20.25219    72.05714
    48  C   4.0  -0.055   3.104    77.04413    20.84746    74.27568
    49  C   4.0   0.020   3.075    77.70931    21.62791    76.61894
    50  C   4.0  -0.254   4.064    80.16217    22.64270    77.41640
    51  C   4.0  -0.174   4.083    75.75722    22.06255    78.78079
    52  C   4.0  -0.162   4.028    74.49489    19.63425    79.70675
    53  C   4.0  -0.164   4.046    71.48833    19.74008    79.41951
    54  C   4.0  -0.087   4.004    69.97655    19.30355    81.95552
    55  C   4.0  -0.238   4.023    70.47922    16.48975    82.88527
    56  C   4.0  -0.162   4.032    66.96433    19.68905    81.53978
    57  C   4.0  -0.163   4.036    65.56026    21.02131    83.80179
    58  C   4.0  -0.163   4.063    65.03114    23.87669    83.12527
    59  C   4.0  -0.089   4.069    62.50269    24.61935    84.53689
    60  C   4.0  -0.239   4.048    60.94177    26.58089    83.00054
    61  C   4.0  -0.166   4.106    63.10173    25.73807    87.05023
    62  C   4.0  -0.164   4.063    63.43243    23.61779    89.05900
    63  C   4.0  -0.165   4.071    66.06860    23.84834    90.29111
    64  C   4.0  -0.088   4.029    66.41064    21.79043    92.40193
    65  C   4.0  -0.238   4.034    67.84494    22.70695    94.79243
    66  C   4.0  -0.239   4.049    67.65219    19.42638    91.36258
    67  H   1.0   0.071   1.006    71.93809    11.87693    60.35218
    68  H   1.0   0.072   1.010    72.76768    11.48575    48.30517
    69  H   1.0   0.072   1.009    82.98920    17.41382    48.59241
    70  H   1.0   0.084   1.006    79.56502    15.46552    63.99935
    71  H   1.0   0.084   1.008    73.83915    15.13859    63.40597
    72  H   1.0   0.081   0.999    76.63973    10.36137    62.93921
    73  H   1.0   0.080   0.997    73.88639    11.03411    64.76280
    74  H   1.0   0.080   0.997    76.97043    11.87126    65.89852
    75  H   1.0   0.082   1.004    76.63028    20.23896    62.45544
    76  H   1.0   0.083   1.006    78.99432    19.67583    64.77981
    77  H   1.0   0.082   1.005    74.75378    17.39871    66.87551
    78  H   1.0   0.081   1.002    73.62750    20.16905    65.27302
    79  H   1.0   0.080   0.997    69.38885     8.79856    59.38464
    80  H   1.0   0.080   0.998    68.81815     6.86348    56.80138
    81  H   1.0   0.080   1.002    67.13251     9.82280    57.08673
    82  H   1.0   0.081   1.003    64.91965     8.32424    50.23647
    83  H   1.0   0.081   1.006    65.43743    10.28200    53.03138
    84  H   1.0   0.081   0.999    66.31048     7.00521    53.08807
    85  H   1.0   0.085   1.009    75.66085    14.09547    44.97359
    86  H   1.0   0.083   1.005    81.32058    14.62459    45.53862
    87  H   1.0   0.081   1.000    77.29735     9.35225    47.04851
    88  H   1.0   0.080   0.997    79.63305     9.94941    45.01327
    89  H   1.0   0.080   1.000    76.69075    10.30657    43.70180
    90  H   1.0   0.081   1.003    78.10426    17.54800    43.04229
    91  H   1.0   0.082   1.003    80.54579    18.96151    44.91123
    92  H   1.0   0.080   0.999    75.26778    19.83645    44.83564
    93  H   1.0   0.080   0.998    77.63183    21.19328    47.11087
    94  H   1.0   0.080   0.998    75.61927    18.66482    47.76471
    95  H   1.0   0.080   0.999    86.62504    19.85535    50.45190
    96  H   1.0   0.080   1.002    87.76454    16.88848    51.58007
    97  H   1.0   0.079   0.996    88.69429    19.84779    53.10319
    98  H   1.0   0.086   1.013    82.21442    20.66982    61.01547
    99  H   1.0   0.081   0.996    83.35581    18.90104    68.62351
   100  H   1.0   0.080   0.996    86.46630    19.75331    67.97533
   101  H   1.0   0.081   0.997    85.33058    16.58046    67.47644
   102  H   1.0   0.082   1.002    79.68974    22.05499    71.55825
   103  H   1.0   0.082   1.000    80.28879    18.96151    72.72232
   104  H   1.0   0.071   1.004    75.13550    20.15960    73.91852
   105  H   1.0   0.081   1.003    81.47742    22.10223    75.92541
   106  H   1.0   0.081   0.998    80.92373    21.93783    79.19464
   107  H   1.0   0.081   1.004    79.89761    24.67982    77.25578
   108  H   1.0   0.082   1.003    74.33237    23.43260    78.20631
   109  H   1.0   0.082   1.004    76.72098    22.94316    80.37571
   110  H   1.0   0.082   1.006    74.72543    19.60402    81.75332
   111  H   1.0   0.081   1.002    75.11472    17.91649    78.75244
   112  H   1.0   0.082   1.003    70.94787    18.22263    78.13639
   113  H   1.0   0.082   1.001    70.86850    21.43894    78.43308
   114  H   1.0   0.082   1.005    70.76646    20.60368    83.34447
   115  H   1.0   0.081   0.999    68.75390    15.84157    83.80368
   116  H   1.0   0.080   1.000    71.98911    16.75242    84.26288
   117  H   1.0   0.081   0.999    71.20298    15.46174    81.25444
   118  H   1.0   0.081   1.003    65.99112    17.87870    81.39617
   119  H   1.0   0.082   1.002    66.71866    20.65281    79.73699
   120  H   1.0   0.082   1.002    66.54859    20.97785    85.60836
   121  H   1.0   0.082   1.002    63.83494    19.94039    84.11548
   122  H   1.0   0.082   1.000    65.02925    24.33967    81.11838
   123  H   1.0   0.083   1.006    66.56371    24.83289    84.11548
   124  H   1.0   0.084   1.009    61.25547    22.98474    84.66350
   125  H   1.0   0.080   0.998    59.08039    25.77397    82.63961
   126  H   1.0   0.081   0.999    61.88475    26.91915    81.20152
   127  H   1.0   0.080   0.998    60.45989    28.28731    84.04934
   128  H   1.0   0.083   1.005    61.51625    26.92859    87.60958
   129  H   1.0   0.083   1.003    64.73256    26.98907    87.18818
   130  H   1.0   0.083   1.004    63.30015    21.72996    88.24642
   131  H   1.0   0.082   1.003    61.94900    23.91259    90.45740
   132  H   1.0   0.082   1.002    66.47678    25.69460    91.10936
   133  H   1.0   0.083   1.005    67.37062    23.52520    88.73019
   134  H   1.0   0.083   1.010    64.46800    21.40871    92.97263
   135  H   1.0   0.080   0.997    67.10039    21.84901    96.51019
   136  H   1.0   0.080   0.998    67.56715    24.72895    95.07400
   137  H   1.0   0.080   0.998    69.88396    22.52931    94.55055
   138  H   1.0   0.081   0.999    69.02224    19.91582    89.90371
   139  H   1.0   0.081   1.001    66.14041    18.48719    90.32512
   140  H   1.0   0.080   0.997    68.60461    18.21696    92.73263
 
  Z AO/shell   Hii/eV     exponent
  1     Sat Feb 20 21:38:01 CET 2016    EN: 2.327 GAM: 0.473  GM3: 0.0000
     1s    -13.751157    1.051071
  6     Sat Feb 20 21:38:01 CET 2016    EN: 2.731 GAM: 0.422  GM3: 0.0000
     2s    -19.378245    2.021003
     2p    -11.993376    1.497917
  7     Sat Feb 20 21:38:01 CET 2016    EN: 3.573 GAM: 0.504  GM3: 0.0000
     2s    -21.576984    2.275442
     2p    -16.125120    2.056788
  8     Sat Feb 20 21:38:01 CET 2016    EN: 3.700 GAM: 0.587  GM3: 0.0000
     2s    -21.648843    2.110798
     2p    -17.239740    2.329048
 12     Sat Feb 20 23:25:47 CET 2016    EN: 0.033 GAM: 0.222  GM3: 0.0000
     3s    -12.693633    1.302878
     3p     -8.128821    0.504252
 
 dipole moment of classical point charges (au)
     X       Y       Z   
  -0.9364   0.0112   0.2437  total (Debye):    2.460

 
 Nbf   :          338
 T(el) :   300.0
 calculating S/T integrals ...
 cpu time for ints   0.165417000000000     
 Nao   :          338
 making H0...
 making H1...
 cpu time for H      5.007000000000011E-003
 solving ...
 cpu time for diag   5.947400000000000E-002
 
 gap (eV)           :   1.244
 Koopmans IP (eV)   :  12.211
 Eel (Eh)           :  -268.280707
 T,E(Fermi),NFOD :    300.000   -11.590  0.000000
 T,E(Fermi),NFOD :    300.000   -11.590  0.000000
 Nfod               :  0.0000
 Nfod/Nel           :  0.0000

          eigenvalues
 #    :         164        165        166        167        168        169        170        171
 occ. :        2.000      2.000      2.000      2.000      2.000      2.000      2.000      2.000
 eps  :       -16.324    -16.068    -16.045    -15.876    -15.591    -15.557    -15.458    -15.015
 #    :         172        173        174        175        176        177        178        179
 occ. :        2.000      2.000      2.000      2.000      2.000      0.000      0.000      0.000
 eps  :       -14.823    -14.748    -14.682    -13.326    -12.213    -10.969     -9.662     -8.648
 #    :         180        181        182        183        184        185        186        187
 occ. :        0.000      0.000      0.000      0.000      0.000      0.000      0.000      0.000
 eps  :        -8.407     -8.181     -8.004     -7.932     -7.839     -7.295     -7.208     -7.052
                            1  SCC done.
 making H1...
 cpu time for H      7.276000000000002E-002
 solving ...
 cpu time for diag   3.066000000000002E-002
 
 gap (eV)           :   1.487
 Koopmans IP (eV)   :  12.020
 Eel (Eh)           :  -265.463041
 T,E(Fermi),NFOD :    300.000   -11.276  0.000000
 T,E(Fermi),NFOD :    300.000   -11.276  0.000000
 Nfod               :  0.0000
 Nfod/Nel           :  0.0000

          eigenvalues
 #    :         164        165        166        167        168        169        170        171
 occ. :        2.000      2.000      2.000      2.000      2.000      2.000      2.000      2.000
 eps  :       -15.321    -15.163    -15.052    -14.986    -14.674    -14.459    -14.321    -14.184
 #    :         172        173        174        175        176        177        178        179
 occ. :        2.000      2.000      2.000      2.000      2.000      0.000      0.000      0.000
 eps  :       -14.169    -13.932    -13.676    -12.752    -12.021    -10.534     -9.044     -8.500
 #    :         180        181        182        183        184        185        186        187
 occ. :        0.000      0.000      0.000      0.000      0.000      0.000      0.000      0.000
 eps  :        -8.154     -7.909     -7.831     -7.824     -7.713     -7.189     -7.084     -6.932
                            2  SCC done.
 
 
 Mulliken/CM5 charges    n(s)   n(p)   n(d)   
    1 MG  0.2914  0.7718   0.669  1.039  0.000
    2 C  -0.0036  0.0000   1.175  2.828  0.000
    3 C  -0.0292 -0.0723   1.126  2.903  0.000
    4 C  -0.0098 -0.0502   1.112  2.898  0.000
    5 C  -0.0320 -0.0728   1.120  2.912  0.000
    6 N  -0.1459 -0.3987   1.417  3.729  0.000
    7 C   0.0186  0.0812   1.248  2.733  0.000
    8 C  -0.0110 -0.0648   1.217  2.794  0.000
    9 C  -0.0184 -0.0747   1.198  2.821  0.000
   10 C   0.0320  0.0802   1.230  2.739  0.000
   11 C  -0.0955 -0.2436   1.117  2.979  0.000
   12 C  -0.0446 -0.1498   1.155  2.890  0.000
   13 C  -0.0626 -0.1650   1.158  2.905  0.000
   14 C   0.1748  0.2199   1.233  2.592  0.000
   15 O  -0.2534 -0.2963   1.639  4.614  0.000
   16 O  -0.1384 -0.2180   1.489  4.650  0.000
   17 N  -0.2214 -0.4892   1.371  3.851  0.000
   18 C   0.0364  0.0996   1.184  2.779  0.000
   19 C  -0.0275 -0.0316   1.212  2.815  0.000
   20 C  -0.0910 -0.0858   1.255  2.836  0.000
   21 C   0.0449  0.1047   1.195  2.760  0.000
   22 C  -0.0778 -0.2227   1.083  2.995  0.000
   23 C   0.1522  0.1740   1.212  2.636  0.000
   24 O  -0.2454 -0.3005   1.619  4.626  0.000
   25 C  -0.0789 -0.2204   1.091  2.988  0.000
   26 N  -0.1769 -0.4533   1.416  3.761  0.000
   27 C   0.0637  0.1256   1.214  2.722  0.000
   28 C  -0.0053 -0.0607   1.193  2.813  0.000
   29 C  -0.0286 -0.0849   1.219  2.810  0.000
   30 C   0.0257  0.0811   1.212  2.762  0.000
   31 C  -0.0973 -0.2444   1.103  2.994  0.000
   32 C  -0.0541 -0.1633   1.157  2.897  0.000
   33 C  -0.0929 -0.2434   1.093  2.999  0.000
   34 N  -0.2138 -0.5264   1.394  3.820  0.000
   35 C   0.0185  0.0810   1.197  2.784  0.000
   36 C  -0.0326 -0.0372   1.238  2.794  0.000
   37 C  -0.0483 -0.0413   1.168  2.880  0.000
   38 C   0.0328  0.1011   1.184  2.784  0.000
   39 C  -0.0607 -0.2044   1.088  2.973  0.000
   40 C   0.1454  0.1768   1.188  2.666  0.000
   41 O  -0.2512 -0.2934   1.632  4.619  0.000
   42 C  -0.0530 -0.0956   1.207  2.846  0.000
   43 C   0.2300  0.2828   1.189  2.581  0.000
   44 O  -0.2309 -0.2791   1.629  4.602  0.000
   45 O  -0.1375 -0.2252   1.479  4.659  0.000
   46 C   0.0094 -0.1112   1.081  2.910  0.000
   47 C   0.0546 -0.0248   1.127  2.818  0.000
   48 C  -0.0865 -0.1420   1.173  2.913  0.000
   49 C  -0.0308 -0.0558   1.213  2.817  0.000
   50 C  -0.0853 -0.2316   1.079  3.006  0.000
   51 C  -0.0664 -0.1727   1.145  2.921  0.000
   52 C  -0.0566 -0.1669   1.155  2.902  0.000
   53 C  -0.0936 -0.2049   1.175  2.919  0.000
   54 C  -0.0458 -0.1186   1.231  2.815  0.000
   55 C  -0.1044 -0.2541   1.109  2.996  0.000
   56 C  -0.0762 -0.1849   1.171  2.905  0.000
   57 C  -0.0711 -0.1838   1.164  2.907  0.000
   58 C  -0.0769 -0.1863   1.170  2.907  0.000
   59 C  -0.0220 -0.0957   1.203  2.819  0.000
   60 C  -0.1112 -0.2618   1.108  3.003  0.000
   61 C  -0.0632 -0.1745   1.150  2.914  0.000
   62 C  -0.0671 -0.1808   1.155  2.912  0.000
   63 C  -0.0765 -0.1888   1.162  2.914  0.000
   64 C  -0.0213 -0.0967   1.195  2.826  0.000
   65 C  -0.1066 -0.2564   1.104  3.003  0.000
   66 C  -0.0981 -0.2483   1.098  3.000  0.000
   67 H   0.0559  0.1153   0.944  0.000  0.000
   68 H   0.0534  0.1188   0.947  0.000  0.000
   69 H   0.0477  0.1078   0.952  0.000  0.000
   70 H   0.0624  0.1268   0.938  0.000  0.000
   71 H   0.0514  0.1127   0.949  0.000  0.000
   72 H   0.0352  0.0890   0.965  0.000  0.000
   73 H   0.0409  0.0921   0.959  0.000  0.000
   74 H   0.0353  0.0869   0.965  0.000  0.000
   75 H   0.0499  0.1069   0.950  0.000  0.000
   76 H   0.0425  0.1044   0.957  0.000  0.000
   77 H   0.0361  0.0985   0.964  0.000  0.000
   78 H   0.0458  0.1035   0.954  0.000  0.000
   79 H   0.0512  0.1031   0.949  0.000  0.000
   80 H   0.0476  0.0999   0.952  0.000  0.000
   81 H   0.0463  0.1003   0.954  0.000  0.000
   82 H   0.0528  0.1119   0.947  0.000  0.000
   83 H   0.0591  0.1153   0.941  0.000  0.000
   84 H   0.0488  0.1026   0.951  0.000  0.000
   85 H   0.0558  0.1175   0.944  0.000  0.000
   86 H   0.0620  0.1213   0.938  0.000  0.000
   87 H   0.0463  0.1012   0.954  0.000  0.000
   88 H   0.0355  0.0866   0.965  0.000  0.000
   89 H   0.0377  0.0900   0.962  0.000  0.000
   90 H   0.0359  0.0914   0.964  0.000  0.000
   91 H   0.0399  0.0958   0.960  0.000  0.000
   92 H   0.0391  0.0909   0.961  0.000  0.000
   93 H   0.0421  0.0939   0.958  0.000  0.000
   94 H   0.0396  0.0946   0.960  0.000  0.000
   95 H   0.0458  0.0983   0.954  0.000  0.000
   96 H   0.0524  0.1060   0.948  0.000  0.000
   97 H   0.0584  0.1099   0.942  0.000  0.000
   98 H   0.0615  0.1306   0.938  0.000  0.000
   99 H   0.0372  0.0975   0.963  0.000  0.000
  100 H   0.0444  0.1042   0.956  0.000  0.000
  101 H   0.0517  0.1161   0.948  0.000  0.000
  102 H   0.0677  0.1330   0.932  0.000  0.000
  103 H   0.0608  0.1224   0.939  0.000  0.000
  104 H   0.0348  0.0986   0.965  0.000  0.000
  105 H   0.0312  0.0859   0.969  0.000  0.000
  106 H   0.0505  0.1027   0.949  0.000  0.000
  107 H   0.0496  0.1036   0.950  0.000  0.000
  108 H   0.0397  0.0963   0.960  0.000  0.000
  109 H   0.0384  0.0952   0.962  0.000  0.000
  110 H   0.0359  0.0935   0.964  0.000  0.000
  111 H   0.0436  0.0994   0.956  0.000  0.000
  112 H   0.0200  0.0761   0.980  0.000  0.000
  113 H   0.0321  0.0875   0.968  0.000  0.000
  114 H   0.0319  0.0903   0.968  0.000  0.000
  115 H   0.0428  0.0957   0.957  0.000  0.000
  116 H   0.0335  0.0859   0.967  0.000  0.000
  117 H   0.0411  0.0946   0.959  0.000  0.000
  118 H   0.0354  0.0912   0.965  0.000  0.000
  119 H   0.0380  0.0941   0.962  0.000  0.000
  120 H   0.0424  0.0992   0.958  0.000  0.000
  121 H   0.0359  0.0917   0.964  0.000  0.000
  122 H   0.0432  0.0984   0.957  0.000  0.000
  123 H   0.0323  0.0903   0.968  0.000  0.000
  124 H   0.0435  0.1040   0.957  0.000  0.000
  125 H   0.0283  0.0799   0.972  0.000  0.000
  126 H   0.0346  0.0874   0.965  0.000  0.000
  127 H   0.0354  0.0876   0.965  0.000  0.000
  128 H   0.0360  0.0930   0.964  0.000  0.000
  129 H   0.0372  0.0944   0.963  0.000  0.000
  130 H   0.0391  0.0973   0.961  0.000  0.000
  131 H   0.0265  0.0822   0.973  0.000  0.000
  132 H   0.0320  0.0879   0.968  0.000  0.000
  133 H   0.0296  0.0876   0.970  0.000  0.000
  134 H   0.0307  0.0911   0.969  0.000  0.000
  135 H   0.0387  0.0901   0.961  0.000  0.000
  136 H   0.0271  0.0791   0.973  0.000  0.000
  137 H   0.0300  0.0821   0.970  0.000  0.000
  138 H   0.0282  0.0811   0.972  0.000  0.000
  139 H   0.0331  0.0863   0.967  0.000  0.000
  140 H   0.0401  0.0918   0.960  0.000  0.000
 Hirshfeld charges for QMDFF written to <charges>
 
 Loewdin charges    n(s)   n(p)   n(d)
    1 MG  0.1262   0.681  1.192  0.000
    2 C  -0.0012   1.133  2.868  0.000
    3 C  -0.0264   1.073  2.953  0.000
    4 C  -0.0070   1.057  2.950  0.000
    5 C  -0.0293   1.065  2.964  0.000
    6 N  -0.1132   1.375  3.738  0.000
    7 C   0.0189   1.213  2.768  0.000
    8 C  -0.0016   1.170  2.831  0.000
    9 C  -0.0106   1.150  2.860  0.000
   10 C   0.0383   1.192  2.770  0.000
   11 C  -0.0968   1.046  3.051  0.000
   12 C  -0.0383   1.096  2.943  0.000
   13 C  -0.0618   1.100  2.962  0.000
   14 C   0.1548   1.209  2.636  0.000
   15 O  -0.2418   1.613  4.628  0.000
   16 O  -0.1035   1.454  4.649  0.000
   17 N  -0.1911   1.329  3.862  0.000
   18 C   0.0382   1.145  2.817  0.000
   19 C  -0.0189   1.171  2.848  0.000
   20 C  -0.0992   1.223  2.876  0.000
   21 C   0.0508   1.154  2.795  0.000
   22 C  -0.0782   1.009  3.069  0.000
   23 C   0.1497   1.176  2.674  0.000
   24 O  -0.2283   1.587  4.641  0.000
   25 C  -0.0834   1.016  3.067  0.000
   26 N  -0.1417   1.371  3.770  0.000
   27 C   0.0693   1.175  2.756  0.000
   28 C   0.0035   1.144  2.853  0.000
   29 C  -0.0210   1.173  2.848  0.000
   30 C   0.0302   1.174  2.796  0.000
   31 C  -0.0997   1.032  3.068  0.000
   32 C  -0.0481   1.098  2.950  0.000
   33 C  -0.0934   1.021  3.072  0.000
   34 N  -0.1782   1.349  3.829  0.000
   35 C   0.0200   1.159  2.821  0.000
   36 C  -0.0260   1.200  2.826  0.000
   37 C  -0.0560   1.130  2.926  0.000
   38 C   0.0382   1.143  2.819  0.000
   39 C  -0.0588   1.013  3.046  0.000
   40 C   0.1410   1.153  2.706  0.000
   41 O  -0.2373   1.603  4.634  0.000
   42 C  -0.0549   1.161  2.894  0.000
   43 C   0.2064   1.164  2.630  0.000
   44 O  -0.2162   1.599  4.617  0.000
   45 O  -0.1012   1.442  4.659  0.000
   46 C  -0.0025   1.012  2.990  0.000
   47 C   0.0538   1.070  2.876  0.000
   48 C  -0.0870   1.126  2.961  0.000
   49 C  -0.0187   1.171  2.848  0.000
   50 C  -0.0876   1.005  3.083  0.000
   51 C  -0.0644   1.086  2.978  0.000
   52 C  -0.0507   1.096  2.955  0.000
   53 C  -0.0926   1.119  2.973  0.000
   54 C  -0.0354   1.185  2.850  0.000
   55 C  -0.1073   1.038  3.069  0.000
   56 C  -0.0730   1.115  2.958  0.000
   57 C  -0.0674   1.108  2.960  0.000
   58 C  -0.0749   1.113  2.961  0.000
   59 C  -0.0114   1.154  2.857  0.000
   60 C  -0.1158   1.038  3.078  0.000
   61 C  -0.0608   1.091  2.969  0.000
   62 C  -0.0633   1.097  2.966  0.000
   63 C  -0.0750   1.106  2.969  0.000
   64 C  -0.0094   1.146  2.863  0.000
   65 C  -0.1104   1.033  3.077  0.000
   66 C  -0.1019   1.027  3.075  0.000
   67 H   0.0512   0.949  0.000  0.000
   68 H   0.0468   0.953  0.000  0.000
   69 H   0.0433   0.957  0.000  0.000
   70 H   0.0538   0.946  0.000  0.000
   71 H   0.0458   0.954  0.000  0.000
   72 H   0.0348   0.965  0.000  0.000
   73 H   0.0406   0.959  0.000  0.000
   74 H   0.0351   0.965  0.000  0.000
   75 H   0.0456   0.954  0.000  0.000
   76 H   0.0388   0.961  0.000  0.000
   77 H   0.0333   0.967  0.000  0.000
   78 H   0.0412   0.959  0.000  0.000
   79 H   0.0502   0.950  0.000  0.000
   80 H   0.0464   0.954  0.000  0.000
   81 H   0.0454   0.955  0.000  0.000
   82 H   0.0499   0.950  0.000  0.000
   83 H   0.0580   0.942  0.000  0.000
   84 H   0.0482   0.952  0.000  0.000
   85 H   0.0492   0.951  0.000  0.000
   86 H   0.0547   0.945  0.000  0.000
   87 H   0.0459   0.954  0.000  0.000
   88 H   0.0361   0.964  0.000  0.000
   89 H   0.0371   0.963  0.000  0.000
   90 H   0.0334   0.967  0.000  0.000
   91 H   0.0371   0.963  0.000  0.000
   92 H   0.0389   0.961  0.000  0.000
   93 H   0.0414   0.959  0.000  0.000
   94 H   0.0425   0.958  0.000  0.000
   95 H   0.0447   0.955  0.000  0.000
   96 H   0.0505   0.950  0.000  0.000
   97 H   0.0551   0.945  0.000  0.000
   98 H   0.0539   0.946  0.000  0.000
   99 H   0.0354   0.965  0.000  0.000
  100 H   0.0411   0.959  0.000  0.000
  101 H   0.0475   0.952  0.000  0.000
  102 H   0.0594   0.941  0.000  0.000
  103 H   0.0539   0.946  0.000  0.000
  104 H   0.0283   0.972  0.000  0.000
  105 H   0.0318   0.968  0.000  0.000
  106 H   0.0493   0.951  0.000  0.000
  107 H   0.0481   0.952  0.000  0.000
  108 H   0.0370   0.963  0.000  0.000
  109 H   0.0361   0.964  0.000  0.000
  110 H   0.0336   0.966  0.000  0.000
  111 H   0.0400   0.960  0.000  0.000
  112 H   0.0192   0.981  0.000  0.000
  113 H   0.0308   0.969  0.000  0.000
  114 H   0.0270   0.973  0.000  0.000
  115 H   0.0425   0.958  0.000  0.000
  116 H   0.0337   0.966  0.000  0.000
  117 H   0.0408   0.959  0.000  0.000
  118 H   0.0335   0.967  0.000  0.000
  119 H   0.0357   0.964  0.000  0.000
  120 H   0.0407   0.959  0.000  0.000
  121 H   0.0344   0.966  0.000  0.000
  122 H   0.0406   0.959  0.000  0.000
  123 H   0.0302   0.970  0.000  0.000
  124 H   0.0386   0.961  0.000  0.000
  125 H   0.0291   0.971  0.000  0.000
  126 H   0.0350   0.965  0.000  0.000
  127 H   0.0364   0.964  0.000  0.000
  128 H   0.0341   0.966  0.000  0.000
  129 H   0.0354   0.965  0.000  0.000
  130 H   0.0373   0.963  0.000  0.000
  131 H   0.0244   0.976  0.000  0.000
  132 H   0.0300   0.970  0.000  0.000
  133 H   0.0287   0.971  0.000  0.000
  134 H   0.0261   0.974  0.000  0.000
  135 H   0.0383   0.962  0.000  0.000
  136 H   0.0285   0.972  0.000  0.000
  137 H   0.0302   0.970  0.000  0.000
  138 H   0.0293   0.971  0.000  0.000
  139 H   0.0333   0.967  0.000  0.000
  140 H   0.0396   0.960  0.000  0.000
 
 Wiberg/Mayer (AO) data. WBOs > 0.1 written file <wbo>
 largest (>0.05) Wiberg bond orders for each atom
           total WBO             WBO to atom ...
     1  MG  2.561    N   34 0.534    N   17 0.500    N    6 0.419    N   26 0.386    C   21 0.054    C   10 0.053    C   38 0.052
     2  C   3.893    C    7 1.439    C   38 1.225    C   42 0.923
     3  C   3.931    C   10 1.531    C   18 1.183    H   67 0.933
     4  C   3.922    C   21 1.389    C   27 1.329    H   68 0.927
     5  C   3.934    C   30 1.546    C   35 1.209    H   69 0.930
     6  N   3.337    C    7 1.263    C   10 1.144    MG   1 0.419    C   38 0.053
     7  C   3.858    C    2 1.439    N    6 1.263    C    8 0.875
     8  C   3.922    C    9 0.973    C   12 0.950    H   70 0.944    C    7 0.875
     9  C   3.936    C    8 0.973    C   11 0.945    H   71 0.943    C   10 0.942
    10  C   3.863    C    3 1.531    N    6 1.144    C    9 0.942    MG   1 0.053
    11  C   3.967    H   72 0.983    H   74 0.982    H   73 0.981    C    9 0.945
    12  C   3.951    C   13 0.975    H   76 0.965    H   75 0.964    C    8 0.950
    13  C   3.957    C   12 0.975    H   78 0.965    H   77 0.965    C   14 0.896    O   15 0.087
    14  C   3.860    O   15 1.837    O   16 1.083    C   13 0.896
    15  O   2.136    C   14 1.837    O   16 0.156    C   13 0.087
    16  O   2.307    C   14 1.083    C   47 0.965    O   15 0.156
    17  N   3.316    C   18 1.187    C   21 1.148    MG   1 0.500    C   20 0.088
    18  C   3.874    C   19 1.262    N   17 1.187    C    3 1.183
    19  C   3.884    C   20 1.405    C   18 1.262    C   22 0.976
    20  C   3.831    C   19 1.405    C   21 1.080    C   23 0.925    O   24 0.092    N   17 0.088
    21  C   3.883    C    4 1.389    N   17 1.148    C   20 1.080    N   26 0.059    MG   1 0.054
    22  C   3.979    H   79 0.977    C   19 0.976    H   80 0.973    H   81 0.969
    23  C   3.873    O   24 1.851    C   25 0.997    C   20 0.925
    24  O   2.168    C   23 1.851    C   20 0.092    C   25 0.067
    25  C   3.986    C   23 0.997    H   82 0.965    H   84 0.960    H   83 0.945    O   24 0.067
    26  N   3.335    C   27 1.312    C   30 1.155    MG   1 0.386    C   21 0.059
    27  C   3.863    C    4 1.329    N   26 1.312    C   28 0.966
    28  C   3.937    C   27 0.966    C   31 0.962    H   85 0.942    C   29 0.933
    29  C   3.924    C   32 0.949    H   86 0.940    C   28 0.933    C   30 0.929
    30  C   3.874    C    5 1.546    N   26 1.155    C   29 0.929
    31  C   3.965    H   89 0.979    H   88 0.976    H   87 0.970    C   28 0.962
    32  C   3.954    C   33 1.001    H   90 0.969    H   91 0.967    C   29 0.949
    33  C   3.979    C   32 1.001    H   92 0.984    H   93 0.983    H   94 0.969
    34  N   3.325    C   38 1.179    C   35 1.160    MG   1 0.534    C   37 0.060    C   36 0.055
    35  C   3.859    C   36 1.220    C    5 1.209    N   34 1.160
    36  C   3.832    C   37 1.324    C   35 1.220    C   39 0.968    O   41 0.056    N   34 0.055
    37  C   3.907    C   36 1.324    C   38 1.182    C   40 1.097    O   41 0.068    N   34 0.060
    38  C   3.899    C    2 1.225    C   37 1.182    N   34 1.179    N    6 0.053    MG   1 0.052
    39  C   3.975    H   97 0.980    H   95 0.975    H   96 0.971    C   36 0.968
    40  C   3.900    O   41 1.782    C   37 1.097    C   42 0.872
    41  O   2.129    C   40 1.782    C   42 0.081    C   37 0.068    C   36 0.056
    42  C   3.931    H   98 0.929    C    2 0.923    C   43 0.897    C   40 0.872    O   41 0.081    O   44 0.080
    43  C   3.886    O   44 1.850    O   45 1.069    C   42 0.897
    44  O   2.181    C   43 1.850    O   45 0.168    C   42 0.080
    45  O   2.302    C   43 1.069    C   46 0.987    O   44 0.168
    46  C   3.950    H  100 0.987    O   45 0.987    H   99 0.985    H  101 0.974
    47  C   3.935    C   48 0.974    O   16 0.965    H  103 0.962    H  102 0.956
    48  C   3.950    C   49 1.894    C   47 0.974    H  104 0.944
    49  C   3.934    C   48 1.894    C   50 1.007    C   51 0.944
    50  C   3.988    C   49 1.007    H  106 0.970    H  105 0.969    H  107 0.961
    51  C   3.967    C   52 0.986    H  109 0.964    H  108 0.955    C   49 0.944
    52  C   3.965    C   51 0.986    H  110 0.970    C   53 0.968    H  111 0.967
    53  C   3.950    C   54 0.973    H  112 0.971    C   52 0.968    H  113 0.960
    54  C   3.926    C   55 0.984    C   53 0.973    H  114 0.959    C   56 0.951
    55  C   3.984    C   54 0.984    H  116 0.983    H  117 0.981    H  115 0.979
    56  C   3.952    C   57 0.979    H  118 0.967    H  119 0.964    C   54 0.951
    57  C   3.958    C   58 0.982    C   56 0.979    H  120 0.965    H  121 0.964
    58  C   3.959    C   57 0.982    H  123 0.971    H  122 0.960    C   59 0.960
    59  C   3.941    C   61 0.997    C   60 0.974    C   58 0.960    H  124 0.948
    60  C   3.976    H  125 0.983    H  126 0.978    H  127 0.976    C   59 0.974
    61  C   3.964    C   59 0.997    C   62 0.971    H  129 0.959    H  128 0.957
    62  C   3.966    C   63 0.990    H  131 0.971    C   61 0.971    H  130 0.965
    63  C   3.962    C   62 0.990    H  133 0.964    H  132 0.964    C   64 0.961
    64  C   3.943    C   66 0.998    C   65 0.984    C   63 0.961    H  134 0.957
    65  C   3.978    C   64 0.984    H  137 0.982    H  135 0.979    H  136 0.978
    66  C   3.982    C   64 0.998    H  138 0.979    H  139 0.978    H  140 0.975
    67  H   0.994    C    3 0.933
    68  H   0.994    C    4 0.927
    69  H   0.994    C    5 0.930
    70  H   0.995    C    8 0.944
    71  H   0.995    C    9 0.943
    72  H   0.998    C   11 0.983
    73  H   0.997    C   11 0.981
    74  H   0.997    C   11 0.982
    75  H   0.997    C   12 0.964
    76  H   0.997    C   12 0.965
    77  H   0.998    C   13 0.965
    78  H   0.997    C   13 0.965
    79  H   0.995    C   22 0.977
    80  H   0.995    C   22 0.973
    81  H   0.994    C   22 0.969
    82  H   0.994    C   25 0.965
    83  H   0.996    C   25 0.945
    84  H   0.997    C   25 0.960
    85  H   0.994    C   28 0.942
    86  H   0.995    C   29 0.940
    87  H   0.997    C   31 0.970
    88  H   0.996    C   31 0.976
    89  H   0.997    C   31 0.979
    90  H   0.996    C   32 0.969
    91  H   0.996    C   32 0.967
    92  H   0.998    C   33 0.984
    93  H   0.998    C   33 0.983
    94  H   0.998    C   33 0.969
    95  H   0.994    C   39 0.975
    96  H   0.993    C   39 0.971
    97  H   0.995    C   39 0.980
    98  H   0.995    C   42 0.929
    99  H   0.998    C   46 0.985
   100  H   0.998    C   46 0.987
   101  H   0.997    C   46 0.974
   102  H   0.995    C   47 0.956
   103  H   0.996    C   47 0.962
   104  H   0.999    C   48 0.944
   105  H   0.998    C   50 0.969
   106  H   0.997    C   50 0.970
   107  H   0.998    C   50 0.961
   108  H   0.998    C   51 0.955
   109  H   0.997    C   51 0.964
   110  H   0.998    C   52 0.970
   111  H   0.998    C   52 0.967
   112  H   0.999    C   53 0.971
   113  H   0.999    C   53 0.960
   114  H   0.999    C   54 0.959
   115  H   0.998    C   55 0.979
   116  H   0.998    C   55 0.983
   117  H   0.998    C   55 0.981
   118  H   0.998    C   56 0.967
   119  H   0.998    C   56 0.964
   120  H   0.998    C   57 0.965
   121  H   0.998    C   57 0.964
   122  H   0.998    C   58 0.960
   123  H   0.999    C   58 0.971
   124  H   0.998    C   59 0.948
   125  H   0.998    C   60 0.983
   126  H   0.998    C   60 0.978
   127  H   0.998    C   60 0.976
   128  H   0.997    C   61 0.957
   129  H   0.999    C   61 0.959
   130  H   0.998    C   62 0.965
   131  H   0.999    C   62 0.971
   132  H   0.999    C   63 0.964
   133  H   0.999    C   63 0.964
   134  H   0.999    C   64 0.957
   135  H   0.998    C   65 0.979
   136  H   0.999    C   65 0.978
   137  H   0.999    C   65 0.982
   138  H   0.999    C   66 0.979
   139  H   0.999    C   66 0.978
   140  H   0.998    C   66 0.975
 
 --------------------------------------------
          xTB calculation for sTDA...
 --------------------------------------------
 
 reading parameter file ~/.param_stda2.xtb
 
      method parameters     
 k(s)        :  1.6000
 k(p)        :  2.1800
 k(d)        :  1.9500
 k(f)        :  2.0000
 k(R-V)      :  2.2750
 k(R-R)      :  1.7650
 Tscal       :  0.2580
 Gscal       :  1.0000
 fpol        :  1.0000
 Zcnf        :  0.3430
 Zqf         :  0.0000
 kcn         :  2.7000
 Ryd Hsplit  :  0.7000
 lshift(virt):  3.1000
 lshift(OS)  :  0.2000
 wllscaling  :  2.6000
 
 mowrcut     : 3.000
 
  Z AO/shell   Hii/eV     exponent
  1     Sun Feb 14 09:53:25 CET 2016    EN: 2.327 GAM: 0.473  GM3: 0.0000
     1s    -14.339618    1.220000
     2sp    -3.348946    0.600000
  6     Sun Feb 14 09:53:25 CET 2016    EN: 2.731 GAM: 0.422  GM3: 0.0000
     2s    -22.009312    1.565095
     2p    -13.020408    1.596905
     3sp    -3.914040    0.824500
  7     Sun Feb 14 09:53:25 CET 2016    EN: 3.573 GAM: 0.504  GM3: 0.0000
     2s    -25.722000    2.064844
     2p    -18.684912    1.801692
     3sp    -4.344791    0.921400
  8     Sun Feb 14 09:53:25 CET 2016    EN: 3.700 GAM: 0.587  GM3: 0.0000
     2s    -33.859000    2.418661
     2p    -22.175911    1.973969
     3sp    -4.259392    1.013700
 12     Sun Feb 21 16:58:31 CET 2016    EN: 0.033 GAM: 0.222  GM3: 0.0000
     3s    -11.092543    1.647583
     3p     -6.929529    0.855020
 
 Nbf   :          894
 T(el) :     0.0
 calculating S/T integrals ...
 cpu time for ints    1.18819000000000     
 Nao   :          894
 making H0...
 making H1...
 cpu time for H      2.542100000000014E-002
 solving ...
 cpu time for diag   0.272498000000000     
 
 gap (eV)           :   4.655
 Koopmans IP (eV)   :  13.353
 Eel (Eh)           :  -300.924822

          eigenvalues
 #    :         164        165        166        167        168        169        170        171
 occ. :        2.000      2.000      2.000      2.000      2.000      2.000      2.000      2.000
 eps  :       -17.324    -17.180    -17.165    -16.394    -16.241    -16.096    -15.927    -15.715
 #    :         172        173        174        175        176        177        178        179
 occ. :        2.000      2.000      2.000      2.000      2.000      0.000      0.000      0.000
 eps  :       -15.491    -15.313    -15.065    -14.061    -13.354     -8.699     -6.776     -6.576
 #    :         180        181        182        183        184        185        186        187
 occ. :        0.000      0.000      0.000      0.000      0.000      0.000      0.000      0.000
 eps  :        -6.098     -6.048     -6.014     -5.978     -5.543     -5.274     -5.125     -5.049
                            1  SCC done.
 writing mo output ...
 molden style : F
 
speedup  1.15
cpu  time for all    1.99 s
wall time for all    1.72 s
