cpu-bind=MASK - bp1-compute098, task 4294967295 4294967295 [0]: mask 0xffffffffffff set
Host:    bp1-compute098.data.bp.acrc.priv
Time:    Wed May  4 08:58:51 BST 2022
Dir:     /user/home/of15641/chlorophyll_parameterization/tddft_data/step_1551_chromophore_6
Job ID:  1692168
Nodelist:
cat: bp1-compute098: No such file or directory
  
Result dir: /user/home/of15641/chlorophyll_parameterization/tddft_data/step_1551_chromophore_6
running gaussian jobs
Running time g16 < CAMB3LYP_step_1551_chromophore_6.com > CAMB3LYP_step_1551_chromophore_6.log

real	29m11.297s
user	687m40.460s
sys	0m28.369s
Running time g16 < PBE0_step_1551_chromophore_6.com > PBE0_step_1551_chromophore_6.log

real	16m19.413s
user	389m43.618s
sys	0m20.284s
Running time g16 < wB97XD_step_1551_chromophore_6.com > wB97XD_step_1551_chromophore_6.log

real	32m28.558s
user	765m2.304s
sys	0m31.863s
Running time g16 < BLYP_step_1551_chromophore_6.com > BLYP_step_1551_chromophore_6.log

real	12m59.165s
user	309m33.545s
sys	0m26.742s
Running time g16 < ZINDO_step_1551_chromophore_6.com > ZINDO_step_1551_chromophore_6.log

real	0m6.970s
user	2m33.084s
sys	0m2.613s
