cpu-bind=MASK - bp1-compute212, task 4294967295 4294967295 [0]: mask 0x1fffffe01fffffe set
Host:    bp1-compute212.data.bp.acrc.priv
Time:    Thu May  5 04:33:58 BST 2022
Dir:     /user/home/of15641/chlorophyll_parameterization/tddft_data/step_651_chromophore_9
Job ID:  1692363
Nodelist:
cat: bp1-compute212: No such file or directory
  
Result dir: /user/home/of15641/chlorophyll_parameterization/tddft_data/step_651_chromophore_9
running gaussian jobs
Running time g16 < CAMB3LYP_step_651_chromophore_9.com > CAMB3LYP_step_651_chromophore_9.log

real	31m40.047s
user	746m45.494s
sys	1m23.573s
Running time g16 < PBE0_step_651_chromophore_9.com > PBE0_step_651_chromophore_9.log

real	25m25.548s
user	606m13.464s
sys	1m35.592s
Running time g16 < wB97XD_step_651_chromophore_9.com > wB97XD_step_651_chromophore_9.log

real	23m30.137s
user	553m5.976s
sys	0m30.441s
Running time g16 < BLYP_step_651_chromophore_9.com > BLYP_step_651_chromophore_9.log

real	18m54.104s
user	450m36.968s
sys	0m48.175s
Running time g16 < ZINDO_step_651_chromophore_9.com > ZINDO_step_651_chromophore_9.log

real	0m8.253s
user	3m0.508s
sys	0m2.947s
