 
        ______________________________________
       |                                      |
       |          ===================         |
       |             xTB for sTDA             |
       |          ===================         |
       |               S. Grimme              |
       |        Universitaet Bonn, MCTC       |
       |         2015-19, Version 1.0         |
       |     Wed Apr  3 09:14:55 CEST 2019    |
       |______________________________________|
 
        This code comes without any warranty
        for non-commercial, academia use only.
        Preliminary test version.
        Cite this work as:
        S. Grimme  &  C. Bannwarth, JCP 145 (2016) 054103
        if GBSA is used additionally:
        P. Shushkov, F. März, C. Bannwarth, S. Grimme, unpublished.
 
        with help from
        P. Shushkov, G. Brandenburg, S. Dohm, J. Pisarek,
        F. März, M. Checinski, S. Ehrlich, S. Spicher, 
        P. Pracht, E. Caldeweyher, S. Ehlert, and C. Bannwarth.
 
        usage        :
        xtb4stda <coord_file> [options]
        where <coord_file> is a valid file of TM)
        (*coord, Bohr) or xmol (*xyz, Angstroem)
        format.

        options:
        -chrg <int>   : molecular charge
        -uhf  <int>   : # of unpaired electrons(=2*S)
        -nox          : skip second, extended part in sTDA-xTB
        -pop          : do population analysis
                      : (default for -nox)
        -mowr <real>  : cut MO write above (def.3 Eh)
        -molden       : write formatted molden file
        -parx <file>  : read parameters for sTDA-xTB
                        calc (def:~/.param_stda2.xtb)
        -parv <file>  : read parameters for vTB part in
                        sTDA-xTB (def: ~/.param_stda1.xtb)
        -xtemp <real> : el. temp for xTB (def. 0 K)
        -etemp <real> : el. temp for GFN (def. 300 K)
        -fod          : calculate the FOD and write
                        molden.input file with
                        appropriate occupations
                        for plotting. Def. T=12500 K
 
        -acc <real>   : xTB accuracy (def. 1.0)
        -gbsa [string1] [string2]
                        use GBSA implicit solvent
                        for solvent [string1] and
                        solvation state [string2]=
                        reference, bar1M (default=1M)
        additional GFN/opt/MD/siman options read from
        $XTB4STDAHOME/.xtb4stdarc or $set in input
 
       spin and charge state information can be on:
       <.CHRG> (charge) and <.UHF> (=nalpha-nbeta)
       -uhf and -chrg override the file info.
       useful machine settings:
       setenv MKL_NUM_THREADS <NCORE_ON_YOUR_MACHINE>
       setenv OMP_STACKSIZE 500m
       limit stacksize unlimited
 
       total energies in Eh, gaps/HL energies in eV
       please read REVISION and HOWTO files carefully
 =============================
  # OMP threads =           4
 =============================
 
 xtb4stdahome directory:~/
 
 
 name of molecule           :
 comment line               :
 number of atoms            :   140
 number of electrons        :   352
 charge                     :  0
 spin                       : 0.0
 first test random number   :  0.5633
 
 -----------------------------------------
      charge density (VTB) calculation
 -----------------------------------------
 
      method parameters     
 k(s)        :  1.8000
 k(p)        :  2.8350
 k(d)        :  2.0860
 k(f)        :  2.0000
 Tscal       :  0.3300
 Gscal       :  0.3910
 fpol        :  1.0000
 Zcnf        :  0.6500
 Zqf         :  0.0000
 kcn         :  0.3000
 kEN1        : -0.5900
 wllscal     :  2.6000
 
     -------------------------
     ! NO SOLVENT MODEL USED !
     -------------------------
 
 doing EN charges ...
 sum q : -0.4884981D-14
 point charge moment (au)
     X       Y       Z   
  -0.0026   0.7293   0.5110  total (Debye):    2.264
 
            Z      q(EN)   CN      Cart. coordinates
     1  MG  2.0   0.853   4.734    29.81232    98.42071    48.00282
     2  C   4.0   0.021   3.283    32.90013    95.80533    53.32807
     3  C   4.0  -0.057   3.191    24.94627    99.98162    51.81818
     4  C   4.0  -0.061   3.150    26.93615   100.57499    42.96670
     5  C   4.0  -0.057   3.148    34.49317    95.35746    44.17423
     6  N   5.0  -0.361   3.155    28.86556    97.78576    52.16022
     7  C   4.0   0.097   3.350    30.66080    97.11491    53.94223
     8  C   4.0  -0.097   4.197    29.58744    97.76119    56.46501
     9  C   4.0  -0.095   4.168    26.75096    98.06166    56.00392
    10  C   4.0   0.116   3.361    26.75852    98.70795    53.14854
    11  C   4.0  -0.237   4.035    25.31666    95.50108    56.49525
    12  C   4.0  -0.162   4.040    30.76663   100.21217    57.88042
    13  C   4.0  -0.167   4.024    31.34110   100.13658    60.76981
    14  C   4.0   0.169   3.059    29.19249    99.15581    62.52158
    15  O   6.0  -0.096   1.039    27.53709    97.55143    62.18143
    16  O   6.0  -0.112   2.039    29.29264   100.38413    64.82705
    17  N   5.0  -0.490   3.258    26.33333   100.05154    47.52850
    18  C   4.0   0.112   3.469    24.69683   100.53342    49.29728
    19  C   4.0   0.010   3.279    22.44428   101.66537    48.11620
    20  C   4.0   0.005   3.244    23.09245   102.25874    45.56507
    21  C   4.0   0.073   3.490    25.53776   100.90381    45.22114
    22  C   4.0  -0.244   4.008    19.80433   102.25874    49.34263
    23  C   4.0   0.104   3.047    21.73185   103.81587    43.54873
    24  O   6.0  -0.094   1.061    22.43294   103.98406    41.30752
    25  C   4.0  -0.252   4.052    19.26198   104.86089    44.15345
    26  N   5.0  -0.376   3.128    30.51340    97.69127    44.00794
    27  C   4.0   0.081   3.331    29.09044    99.05377    42.26372
    28  C   4.0  -0.094   4.121    30.36034    98.80432    39.57842
    29  C   4.0  -0.096   4.155    32.85100    97.37380    40.14345
    30  C   4.0   0.104   3.336    32.67714    96.81822    42.97615
    31  C   4.0  -0.237   4.028    28.59533    97.66293    37.59610
    32  C   4.0  -0.163   4.038    35.31898    98.67393    39.25339
    33  C   4.0  -0.237   4.002    37.41846    96.98263    38.12522
    34  N   5.0  -0.390   3.217    33.02107    96.04532    48.52060
    35  C   4.0   0.074   3.423    34.66135    94.88125    46.82741
    36  C   4.0   0.021   3.265    36.68336    93.72474    48.23714
    37  C   4.0   0.002   3.422    36.00873    93.94962    50.77694
    38  C   4.0   0.069   3.640    33.75617    95.40848    50.92056
    39  C   4.0  -0.253   4.053    38.89434    92.63248    47.26016
    40  C   4.0   0.108   3.215    36.78352    93.43939    53.39610
    41  O   6.0  -0.098   1.044    38.63734    92.41516    54.31072
    42  C   4.0  -0.115   4.230    34.77663    94.69228    55.16677
    43  C   4.0   0.187   3.131    33.74484    92.63248    56.87697
    44  O   6.0  -0.104   1.038    32.10833    91.05456    56.62753
    45  O   6.0  -0.118   2.054    35.03363    93.07467    59.06716
    46  C   4.0  -0.200   4.018    34.08877    91.85391    61.40475
    47  C   4.0  -0.136   4.038    27.77519    99.46573    67.00212
    48  C   4.0  -0.055   3.097    25.91381   101.52742    67.72022
    49  C   4.0   0.019   3.079    24.32077   101.62001    69.77246
    50  C   4.0  -0.249   4.048    24.00519    99.27297    71.42786
    51  C   4.0  -0.176   4.052    22.21562   103.48328    69.92364
    52  C   4.0  -0.162   4.008    20.00464   102.64046    68.01313
    53  C   4.0  -0.161   4.009    18.80277   104.78341    66.11206
    54  C   4.0  -0.088   4.035    15.92472   105.25774    66.73189
    55  C   4.0  -0.239   4.036    14.36192   105.86056    64.30737
    56  C   4.0  -0.165   4.076    15.30867   107.17392    68.82004
    57  C   4.0  -0.163   4.044    12.90116   106.80353    70.26946
    58  C   4.0  -0.165   4.087    10.73364   108.56287    69.19987
    59  C   4.0  -0.088   4.065     9.49776   110.12756    71.28046
    60  C   4.0  -0.239   4.052     7.40206   108.90680    72.71476
    61  C   4.0  -0.166   4.106     8.78156   112.72782    70.24111
    62  C   4.0  -0.163   4.040    11.00009   114.62133    70.29214
    63  C   4.0  -0.163   4.071    10.06468   116.99104    71.81903
    64  C   4.0  -0.087   4.016    10.50310   119.68768    70.72110
    65  C   4.0  -0.240   4.055    13.20163   120.19980    69.90474
    66  C   4.0  -0.239   4.047     9.86815   121.72292    72.80169
    67  H   1.0   0.071   1.009    23.43260   100.64680    53.05406
    68  H   1.0   0.071   1.007    26.11223   101.65214    41.41145
    69  H   1.0   0.071   1.005    36.14479    94.78298    43.08008
    70  H   1.0   0.086   1.011    29.80665    96.33256    57.93333
    71  H   1.0   0.085   1.007    25.96672    99.72651    56.92799
    72  H   1.0   0.080   0.997    23.40426    95.74108    57.21901
    73  H   1.0   0.080   0.998    26.16892    94.36536    57.98813
    74  H   1.0   0.081   1.001    25.18627    94.60724    54.64521
    75  H   1.0   0.082   1.002    29.65169   101.87513    57.40043
    76  H   1.0   0.082   1.003    32.56187   100.71483    57.00169
    77  H   1.0   0.082   1.006    31.53764   102.13780    61.22145
    78  H   1.0   0.082   1.004    33.05887    99.00085    60.81894
    79  H   1.0   0.080   0.997    19.36591   104.25807    49.56940
    80  H   1.0   0.080   0.999    19.78732   101.34789    51.19079
    81  H   1.0   0.080   0.997    18.16972   101.68237    48.22959
    82  H   1.0   0.081   1.001    19.34512   106.00418    45.86554
    83  H   1.0   0.081   1.000    17.87114   103.36045    44.39344
    84  H   1.0   0.081   1.002    18.83490   106.25362    42.69836
    85  H   1.0   0.084   1.009    30.96316   100.70539    39.06253
    86  H   1.0   0.085   1.012    32.76407    95.45195    39.40834
    87  H   1.0   0.080   0.999    28.80131    95.61257    37.61311
    88  H   1.0   0.080   0.997    29.03942    98.18071    35.65346
    89  H   1.0   0.081   1.000    26.64892    97.87458    38.23294
    90  H   1.0   0.082   1.002    36.16935    99.91359    40.66123
    91  H   1.0   0.081   1.004    34.92403   100.08933    37.80775
    92  H   1.0   0.080   1.000    38.71104    96.67460    39.69936
    93  H   1.0   0.080   0.999    38.36900    98.18260    36.74572
    94  H   1.0   0.080   0.998    36.60966    95.23274    37.40146
    95  H   1.0   0.080   0.999    39.93369    91.24164    48.36754
    96  H   1.0   0.081   1.004    40.12266    94.18961    46.70080
    97  H   1.0   0.081   1.006    38.28963    91.58935    45.59153
    98  H   1.0   0.086   1.008    35.64779    96.20406    56.26092
    99  H   1.0   0.080   0.996    34.18703    93.33167    62.83528
   100  H   1.0   0.080   0.995    35.17914    90.25142    62.10017
   101  H   1.0   0.081   0.997    32.11967    91.30211    61.16287
   102  H   1.0   0.082   1.002    29.19249    99.39958    68.49690
   103  H   1.0   0.081   0.999    27.14024    97.51553    66.80937
   104  H   1.0   0.070   1.003    26.06688   103.14691    66.45599
   105  H   1.0   0.080   0.998    22.07389    98.85912    72.01557
   106  H   1.0   0.080   0.999    25.07099    99.53376    73.17019
   107  H   1.0   0.081   1.000    24.66092    97.61001    70.40363
   108  H   1.0   0.082   1.003    22.98852   105.35222    69.53814
   109  H   1.0   0.081   1.004    21.63358   103.45872    71.90029
   110  H   1.0   0.081   1.001    18.63837   101.62568    69.17153
   111  H   1.0   0.081   1.002    20.62069   101.11546    66.77347
   112  H   1.0   0.081   1.000    19.18828   104.15980    64.18643
   113  H   1.0   0.081   1.001    19.83645   106.55220    66.33505
   114  H   1.0   0.083   1.010    15.17072   103.47005    67.42353
   115  H   1.0   0.081   0.999    13.84413   107.85044    64.22423
   116  H   1.0   0.080   0.998    12.67817   104.68137    64.18454
   117  H   1.0   0.080   0.998    15.48252   105.51474    62.61418
   118  H   1.0   0.083   1.006    15.36347   109.00506    67.87896
   119  H   1.0   0.082   1.004    16.88281   107.36667    70.13529
   120  H   1.0   0.082   1.002    13.13549   107.03408    72.30280
   121  H   1.0   0.082   1.004    12.11503   104.90814    70.10505
   122  H   1.0   0.083   1.004     9.40517   107.21927    68.38162
   123  H   1.0   0.083   1.002    11.20607   109.67780    67.53314
   124  H   1.0   0.084   1.014    10.91128   110.43747    72.74689
   125  H   1.0   0.081   1.001     8.06157   108.73105    74.65740
   126  H   1.0   0.081   0.999     7.12427   106.94337    72.15919
   127  H   1.0   0.080   0.997     5.63705   109.93859    72.97744
   128  H   1.0   0.083   1.005     7.19608   113.49505    71.30881
   129  H   1.0   0.083   1.004     8.20330   112.77318    68.26446
   130  H   1.0   0.082   1.002    11.58213   114.85754    68.33060
   131  H   1.0   0.082   1.003    12.58180   113.59521    71.11984
   132  H   1.0   0.083   1.010    11.46875   116.88900    73.32515
   133  H   1.0   0.082   1.001     8.27700   116.79262    72.82248
   134  H   1.0   0.082   1.007     9.28800   120.12043    69.11295
   135  H   1.0   0.081   1.004    13.04478   119.81429    67.88840
   136  H   1.0   0.081   1.001    14.34113   118.56141    70.41308
   137  H   1.0   0.080   0.997    14.10491   121.97236    70.44142
   138  H   1.0   0.080   0.998     8.84770   120.88010    74.37961
   139  H   1.0   0.080   0.998     8.61148   123.10809    71.93998
   140  H   1.0   0.080   0.997    11.32513   122.97959    73.53680
 
  Z AO/shell   Hii/eV     exponent
  1     Sat Feb 20 21:38:01 CET 2016    EN: 2.327 GAM: 0.473  GM3: 0.0000
     1s    -13.751157    1.051071
  6     Sat Feb 20 21:38:01 CET 2016    EN: 2.731 GAM: 0.422  GM3: 0.0000
     2s    -19.378245    2.021003
     2p    -11.993376    1.497917
  7     Sat Feb 20 21:38:01 CET 2016    EN: 3.573 GAM: 0.504  GM3: 0.0000
     2s    -21.576984    2.275442
     2p    -16.125120    2.056788
  8     Sat Feb 20 21:38:01 CET 2016    EN: 3.700 GAM: 0.587  GM3: 0.0000
     2s    -21.648843    2.110798
     2p    -17.239740    2.329048
 12     Sat Feb 20 23:25:47 CET 2016    EN: 0.033 GAM: 0.222  GM3: 0.0000
     3s    -12.693633    1.302878
     3p     -8.128821    0.504252
 
 dipole moment of classical point charges (au)
     X       Y       Z   
  -0.0026   0.7293   0.5110  total (Debye):    2.264

 
 Nbf   :          338
 T(el) :   300.0
 calculating S/T integrals ...
 cpu time for ints   0.154431000000000     
 Nao   :          338
 making H0...
 making H1...
 cpu time for H      4.197000000000006E-003
 solving ...
 cpu time for diag   6.045100000000000E-002
 
 gap (eV)           :   1.397
 Koopmans IP (eV)   :  12.054
 Eel (Eh)           :  -268.565303
 T,E(Fermi),NFOD :    300.000   -11.355  0.000000
 T,E(Fermi),NFOD :    300.000   -11.355  0.000000
 Nfod               :  0.0000
 Nfod/Nel           :  0.0000

          eigenvalues
 #    :         164        165        166        167        168        169        170        171
 occ. :        2.000      2.000      2.000      2.000      2.000      2.000      2.000      2.000
 eps  :       -16.295    -16.221    -16.102    -15.955    -15.815    -15.548    -15.365    -14.925
 #    :         172        173        174        175        176        177        178        179
 occ. :        2.000      2.000      2.000      2.000      2.000      0.000      0.000      0.000
 eps  :       -14.903    -14.669    -14.557    -13.241    -12.055    -10.658     -9.968     -8.781
 #    :         180        181        182        183        184        185        186        187
 occ. :        0.000      0.000      0.000      0.000      0.000      0.000      0.000      0.000
 eps  :        -8.528     -8.434     -8.236     -8.147     -7.436     -7.411     -7.146     -6.851
                            1  SCC done.
 making H1...
 cpu time for H      7.252399999999998E-002
 solving ...
 cpu time for diag   3.398600000000002E-002
 
 gap (eV)           :   1.665
 Koopmans IP (eV)   :  11.885
 Eel (Eh)           :  -265.420752
 T,E(Fermi),NFOD :    300.000   -11.053  0.000000
 T,E(Fermi),NFOD :    300.000   -11.053  0.000000
 Nfod               :  0.0000
 Nfod/Nel           :  0.0000

          eigenvalues
 #    :         164        165        166        167        168        169        170        171
 occ. :        2.000      2.000      2.000      2.000      2.000      2.000      2.000      2.000
 eps  :       -15.287    -15.093    -14.955    -14.778    -14.553    -14.475    -14.369    -14.339
 #    :         172        173        174        175        176        177        178        179
 occ. :        2.000      2.000      2.000      2.000      2.000      0.000      0.000      0.000
 eps  :       -14.077    -13.954    -13.728    -12.571    -11.886    -10.222     -9.323     -8.498
 #    :         180        181        182        183        184        185        186        187
 occ. :        0.000      0.000      0.000      0.000      0.000      0.000      0.000      0.000
 eps  :        -8.387     -8.295     -8.083     -7.978     -7.376     -7.271     -6.880     -6.603
                            2  SCC done.
 
 
 Mulliken/CM5 charges    n(s)   n(p)   n(d)   
    1 MG  0.3168  0.7460   0.660  1.023  0.000
    2 C   0.0174  0.0206   1.167  2.815  0.000
    3 C  -0.0361 -0.0763   1.106  2.930  0.000
    4 C  -0.0284 -0.0704   1.127  2.902  0.000
    5 C  -0.0382 -0.0797   1.129  2.910  0.000
    6 N  -0.1649 -0.4127   1.399  3.766  0.000
    7 C   0.0299  0.0895   1.226  2.744  0.000
    8 C  -0.0227 -0.0744   1.193  2.830  0.000
    9 C  -0.0177 -0.0738   1.199  2.819  0.000
   10 C   0.0408  0.1051   1.214  2.745  0.000
   11 C  -0.0852 -0.2318   1.105  2.981  0.000
   12 C  -0.0783 -0.1865   1.175  2.904  0.000
   13 C  -0.0372 -0.1376   1.147  2.890  0.000
   14 C   0.2021  0.2511   1.205  2.593  0.000
   15 O  -0.2761 -0.3254   1.629  4.647  0.000
   16 O  -0.1666 -0.2440   1.480  4.686  0.000
   17 N  -0.2230 -0.5288   1.362  3.861  0.000
   18 C   0.0615  0.1348   1.164  2.774  0.000
   19 C  -0.0640 -0.0665   1.241  2.823  0.000
   20 C  -0.0654 -0.0604   1.218  2.848  0.000
   21 C   0.0295  0.0907   1.205  2.765  0.000
   22 C  -0.0828 -0.2280   1.087  2.996  0.000
   23 C   0.1461  0.1665   1.203  2.651  0.000
   24 O  -0.2507 -0.3023   1.628  4.622  0.000
   25 C  -0.0795 -0.2217   1.085  2.994  0.000
   26 N  -0.1648 -0.4205   1.408  3.757  0.000
   27 C   0.0126  0.0656   1.258  2.729  0.000
   28 C  -0.0015 -0.0592   1.192  2.810  0.000
   29 C  -0.0267 -0.0825   1.197  2.830  0.000
   30 C   0.0525  0.1132   1.214  2.733  0.000
   31 C  -0.0837 -0.2313   1.099  2.985  0.000
   32 C  -0.0646 -0.1761   1.149  2.915  0.000
   33 C  -0.0834 -0.2354   1.097  2.986  0.000
   34 N  -0.2066 -0.4708   1.388  3.818  0.000
   35 C   0.0241  0.0829   1.202  2.774  0.000
   36 C   0.0267  0.0195   1.183  2.791  0.000
   37 C  -0.0683 -0.0609   1.182  2.886  0.000
   38 C   0.0218  0.0875   1.186  2.792  0.000
   39 C  -0.0596 -0.2033   1.064  2.996  0.000
   40 C   0.1412  0.1742   1.206  2.653  0.000
   41 O  -0.2369 -0.2795   1.631  4.605  0.000
   42 C  -0.0368 -0.0787   1.199  2.838  0.000
   43 C   0.2376  0.2936   1.174  2.589  0.000
   44 O  -0.2519 -0.2984   1.627  4.625  0.000
   45 O  -0.1585 -0.2420   1.486  4.672  0.000
   46 C   0.0118 -0.1124   1.097  2.892  0.000
   47 C   0.0493 -0.0316   1.135  2.816  0.000
   48 C  -0.0533 -0.1090   1.173  2.881  0.000
   49 C  -0.0268 -0.0510   1.225  2.802  0.000
   50 C  -0.1017 -0.2476   1.086  3.015  0.000
   51 C  -0.0486 -0.1534   1.141  2.907  0.000
   52 C  -0.0821 -0.1905   1.185  2.897  0.000
   53 C  -0.0639 -0.1717   1.173  2.890  0.000
   54 C  -0.0284 -0.1007   1.208  2.821  0.000
   55 C  -0.1065 -0.2570   1.106  3.000  0.000
   56 C  -0.0615 -0.1718   1.142  2.919  0.000
   57 C  -0.0553 -0.1676   1.149  2.906  0.000
   58 C  -0.0824 -0.1934   1.164  2.918  0.000
   59 C  -0.0147 -0.0891   1.188  2.827  0.000
   60 C  -0.1033 -0.2545   1.098  3.005  0.000
   61 C  -0.0821 -0.1938   1.158  2.924  0.000
   62 C  -0.0646 -0.1783   1.156  2.909  0.000
   63 C  -0.0752 -0.1844   1.167  2.908  0.000
   64 C  -0.0068 -0.0819   1.199  2.807  0.000
   65 C  -0.1072 -0.2576   1.099  3.008  0.000
   66 C  -0.1223 -0.2726   1.110  3.012  0.000
   67 H   0.0480  0.1079   0.952  0.000  0.000
   68 H   0.0595  0.1242   0.940  0.000  0.000
   69 H   0.0514  0.1106   0.949  0.000  0.000
   70 H   0.0480  0.1158   0.952  0.000  0.000
   71 H   0.0449  0.1064   0.955  0.000  0.000
   72 H   0.0318  0.0832   0.968  0.000  0.000
   73 H   0.0467  0.1004   0.953  0.000  0.000
   74 H   0.0434  0.0993   0.957  0.000  0.000
   75 H   0.0271  0.0835   0.973  0.000  0.000
   76 H   0.0355  0.0918   0.965  0.000  0.000
   77 H   0.0578  0.1185   0.942  0.000  0.000
   78 H   0.0614  0.1191   0.939  0.000  0.000
   79 H   0.0463  0.0980   0.954  0.000  0.000
   80 H   0.0449  0.0976   0.955  0.000  0.000
   81 H   0.0515  0.1035   0.948  0.000  0.000
   82 H   0.0423  0.0967   0.958  0.000  0.000
   83 H   0.0615  0.1158   0.939  0.000  0.000
   84 H   0.0489  0.1064   0.951  0.000  0.000
   85 H   0.0468  0.1084   0.953  0.000  0.000
   86 H   0.0473  0.1110   0.953  0.000  0.000
   87 H   0.0278  0.0808   0.972  0.000  0.000
   88 H   0.0461  0.0974   0.954  0.000  0.000
   89 H   0.0496  0.1032   0.950  0.000  0.000
   90 H   0.0347  0.0904   0.965  0.000  0.000
   91 H   0.0287  0.0846   0.971  0.000  0.000
   92 H   0.0328  0.0851   0.967  0.000  0.000
   93 H   0.0439  0.0957   0.956  0.000  0.000
   94 H   0.0390  0.0911   0.961  0.000  0.000
   95 H   0.0523  0.1050   0.948  0.000  0.000
   96 H   0.0550  0.1090   0.945  0.000  0.000
   97 H   0.0431  0.0980   0.957  0.000  0.000
   98 H   0.0639  0.1329   0.936  0.000  0.000
   99 H   0.0435  0.1033   0.957  0.000  0.000
  100 H   0.0561  0.1126   0.944  0.000  0.000
  101 H   0.0554  0.1190   0.945  0.000  0.000
  102 H   0.0468  0.1121   0.953  0.000  0.000
  103 H   0.0754  0.1400   0.925  0.000  0.000
  104 H   0.0394  0.1001   0.961  0.000  0.000
  105 H   0.0380  0.0900   0.962  0.000  0.000
  106 H   0.0374  0.0895   0.963  0.000  0.000
  107 H   0.0367  0.0903   0.963  0.000  0.000
  108 H   0.0400  0.0959   0.960  0.000  0.000
  109 H   0.0449  0.1012   0.955  0.000  0.000
  110 H   0.0312  0.0862   0.969  0.000  0.000
  111 H   0.0336  0.0898   0.966  0.000  0.000
  112 H   0.0491  0.1035   0.951  0.000  0.000
  113 H   0.0276  0.0831   0.972  0.000  0.000
  114 H   0.0253  0.0865   0.975  0.000  0.000
  115 H   0.0315  0.0845   0.968  0.000  0.000
  116 H   0.0362  0.0878   0.964  0.000  0.000
  117 H   0.0294  0.0817   0.971  0.000  0.000
  118 H   0.0305  0.0887   0.970  0.000  0.000
  119 H   0.0328  0.0890   0.967  0.000  0.000
  120 H   0.0410  0.0966   0.959  0.000  0.000
  121 H   0.0350  0.0913   0.965  0.000  0.000
  122 H   0.0240  0.0807   0.976  0.000  0.000
  123 H   0.0427  0.0996   0.957  0.000  0.000
  124 H   0.0382  0.1008   0.962  0.000  0.000
  125 H   0.0281  0.0808   0.972  0.000  0.000
  126 H   0.0311  0.0839   0.969  0.000  0.000
  127 H   0.0372  0.0889   0.963  0.000  0.000
  128 H   0.0345  0.0924   0.966  0.000  0.000
  129 H   0.0276  0.0841   0.972  0.000  0.000
  130 H   0.0353  0.0906   0.965  0.000  0.000
  131 H   0.0387  0.0954   0.961  0.000  0.000
  132 H   0.0210  0.0798   0.979  0.000  0.000
  133 H   0.0535  0.1090   0.946  0.000  0.000
  134 H   0.0371  0.0952   0.963  0.000  0.000
  135 H   0.0332  0.0868   0.967  0.000  0.000
  136 H   0.0265  0.0805   0.974  0.000  0.000
  137 H   0.0495  0.1012   0.951  0.000  0.000
  138 H   0.0266  0.0789   0.973  0.000  0.000
  139 H   0.0250  0.0767   0.975  0.000  0.000
  140 H   0.0370  0.0883   0.963  0.000  0.000
 Hirshfeld charges for QMDFF written to <charges>
 
 Loewdin charges    n(s)   n(p)   n(d)
    1 MG  0.1576   0.671  1.172  0.000
    2 C   0.0201   1.125  2.855  0.000
    3 C  -0.0342   1.051  2.983  0.000
    4 C  -0.0242   1.074  2.951  0.000
    5 C  -0.0366   1.077  2.960  0.000
    6 N  -0.1321   1.357  3.776  0.000
    7 C   0.0308   1.190  2.780  0.000
    8 C  -0.0166   1.146  2.871  0.000
    9 C  -0.0101   1.151  2.859  0.000
   10 C   0.0441   1.176  2.780  0.000
   11 C  -0.0868   1.033  3.054  0.000
   12 C  -0.0751   1.118  2.957  0.000
   13 C  -0.0340   1.088  2.947  0.000
   14 C   0.1807   1.180  2.640  0.000
   15 O  -0.2627   1.600  4.663  0.000
   16 O  -0.1338   1.448  4.686  0.000
   17 N  -0.1847   1.314  3.870  0.000
   18 C   0.0629   1.124  2.813  0.000
   19 C  -0.0559   1.203  2.853  0.000
   20 C  -0.0724   1.183  2.889  0.000
   21 C   0.0344   1.166  2.799  0.000
   22 C  -0.0848   1.014  3.070  0.000
   23 C   0.1472   1.166  2.687  0.000
   24 O  -0.2372   1.600  4.637  0.000
   25 C  -0.0857   1.012  3.074  0.000
   26 N  -0.1297   1.364  3.766  0.000
   27 C   0.0182   1.223  2.759  0.000
   28 C   0.0080   1.143  2.849  0.000
   29 C  -0.0204   1.150  2.871  0.000
   30 C   0.0559   1.177  2.767  0.000
   31 C  -0.0858   1.027  3.059  0.000
   32 C  -0.0604   1.091  2.969  0.000
   33 C  -0.0838   1.025  3.059  0.000
   34 N  -0.1769   1.348  3.829  0.000
   35 C   0.0238   1.165  2.811  0.000
   36 C   0.0373   1.138  2.825  0.000
   37 C  -0.0773   1.146  2.932  0.000
   38 C   0.0261   1.146  2.828  0.000
   39 C  -0.0606   0.987  3.073  0.000
   40 C   0.1356   1.173  2.692  0.000
   41 O  -0.2212   1.601  4.620  0.000
   42 C  -0.0374   1.152  2.886  0.000
   43 C   0.2126   1.149  2.639  0.000
   44 O  -0.2370   1.596  4.641  0.000
   45 O  -0.1246   1.452  4.672  0.000
   46 C   0.0055   1.026  2.968  0.000
   47 C   0.0488   1.077  2.874  0.000
   48 C  -0.0490   1.124  2.925  0.000
   49 C  -0.0186   1.184  2.835  0.000
   50 C  -0.1052   1.014  3.092  0.000
   51 C  -0.0434   1.081  2.963  0.000
   52 C  -0.0797   1.130  2.950  0.000
   53 C  -0.0592   1.117  2.943  0.000
   54 C  -0.0194   1.161  2.858  0.000
   55 C  -0.1110   1.036  3.075  0.000
   56 C  -0.0592   1.083  2.976  0.000
   57 C  -0.0506   1.090  2.960  0.000
   58 C  -0.0823   1.108  2.974  0.000
   59 C  -0.0044   1.139  2.866  0.000
   60 C  -0.1085   1.027  3.081  0.000
   61 C  -0.0812   1.102  2.980  0.000
   62 C  -0.0598   1.097  2.962  0.000
   63 C  -0.0742   1.111  2.963  0.000
   64 C   0.0069   1.150  2.843  0.000
   65 C  -0.1124   1.029  3.084  0.000
   66 C  -0.1280   1.041  3.087  0.000
   67 H   0.0437   0.956  0.000  0.000
   68 H   0.0524   0.948  0.000  0.000
   69 H   0.0466   0.953  0.000  0.000
   70 H   0.0417   0.958  0.000  0.000
   71 H   0.0391   0.961  0.000  0.000
   72 H   0.0321   0.968  0.000  0.000
   73 H   0.0459   0.954  0.000  0.000
   74 H   0.0431   0.957  0.000  0.000
   75 H   0.0255   0.974  0.000  0.000
   76 H   0.0338   0.966  0.000  0.000
   77 H   0.0527   0.947  0.000  0.000
   78 H   0.0563   0.944  0.000  0.000
   79 H   0.0461   0.954  0.000  0.000
   80 H   0.0439   0.956  0.000  0.000
   81 H   0.0508   0.949  0.000  0.000
   82 H   0.0429   0.957  0.000  0.000
   83 H   0.0604   0.940  0.000  0.000
   84 H   0.0465   0.954  0.000  0.000
   85 H   0.0408   0.959  0.000  0.000
   86 H   0.0419   0.958  0.000  0.000
   87 H   0.0289   0.971  0.000  0.000
   88 H   0.0447   0.955  0.000  0.000
   89 H   0.0484   0.952  0.000  0.000
   90 H   0.0326   0.967  0.000  0.000
   91 H   0.0276   0.972  0.000  0.000
   92 H   0.0327   0.967  0.000  0.000
   93 H   0.0431   0.957  0.000  0.000
   94 H   0.0385   0.962  0.000  0.000
   95 H   0.0499   0.950  0.000  0.000
   96 H   0.0533   0.947  0.000  0.000
   97 H   0.0426   0.957  0.000  0.000
   98 H   0.0554   0.945  0.000  0.000
   99 H   0.0407   0.959  0.000  0.000
  100 H   0.0519   0.948  0.000  0.000
  101 H   0.0507   0.949  0.000  0.000
  102 H   0.0407   0.959  0.000  0.000
  103 H   0.0672   0.933  0.000  0.000
  104 H   0.0318   0.968  0.000  0.000
  105 H   0.0380   0.962  0.000  0.000
  106 H   0.0371   0.963  0.000  0.000
  107 H   0.0366   0.963  0.000  0.000
  108 H   0.0365   0.963  0.000  0.000
  109 H   0.0413   0.959  0.000  0.000
  110 H   0.0296   0.970  0.000  0.000
  111 H   0.0314   0.969  0.000  0.000
  112 H   0.0456   0.954  0.000  0.000
  113 H   0.0254   0.975  0.000  0.000
  114 H   0.0210   0.979  0.000  0.000
  115 H   0.0326   0.967  0.000  0.000
  116 H   0.0359   0.964  0.000  0.000
  117 H   0.0306   0.969  0.000  0.000
  118 H   0.0293   0.971  0.000  0.000
  119 H   0.0305   0.970  0.000  0.000
  120 H   0.0386   0.961  0.000  0.000
  121 H   0.0330   0.967  0.000  0.000
  122 H   0.0230   0.977  0.000  0.000
  123 H   0.0413   0.959  0.000  0.000
  124 H   0.0345   0.966  0.000  0.000
  125 H   0.0292   0.971  0.000  0.000
  126 H   0.0318   0.968  0.000  0.000
  127 H   0.0378   0.962  0.000  0.000
  128 H   0.0335   0.966  0.000  0.000
  129 H   0.0261   0.974  0.000  0.000
  130 H   0.0330   0.967  0.000  0.000
  131 H   0.0367   0.963  0.000  0.000
  132 H   0.0201   0.980  0.000  0.000
  133 H   0.0511   0.949  0.000  0.000
  134 H   0.0313   0.969  0.000  0.000
  135 H   0.0338   0.966  0.000  0.000
  136 H   0.0280   0.972  0.000  0.000
  137 H   0.0487   0.951  0.000  0.000
  138 H   0.0278   0.972  0.000  0.000
  139 H   0.0262   0.974  0.000  0.000
  140 H   0.0380   0.962  0.000  0.000
 
 Wiberg/Mayer (AO) data. WBOs > 0.1 written file <wbo>
 largest (>0.05) Wiberg bond orders for each atom
           total WBO             WBO to atom ...
     1  MG  2.517    N   34 0.519    N   17 0.509    N   26 0.408    N    6 0.361    C   27 0.058    C   21 0.057    C   38 0.052
     2  C   3.911    C    7 1.361    C   38 1.295    C   42 0.948
     3  C   3.938    C   10 1.431    C   18 1.280    H   67 0.935
     4  C   3.929    C   27 1.387    C   21 1.308    H   68 0.931
     5  C   3.894    C   30 1.463    C   35 1.241    H   69 0.936
     6  N   3.311    C   10 1.278    C    7 1.219    MG   1 0.361
     7  C   3.855    C    2 1.361    N    6 1.219    C    8 0.968
     8  C   3.939    C    9 0.970    C    7 0.968    H   70 0.936    C   12 0.910
     9  C   3.936    C    8 0.970    C   11 0.958    H   71 0.945    C   10 0.920
    10  C   3.869    C    3 1.431    N    6 1.278    C    9 0.920
    11  C   3.965    H   72 0.981    H   74 0.977    H   73 0.975    C    9 0.958
    12  C   3.927    C   13 0.980    H   75 0.968    H   76 0.961    C    8 0.910
    13  C   3.964    C   12 0.980    H   77 0.958    H   78 0.953    C   14 0.926    O   15 0.082
    14  C   3.881    O   15 1.828    O   16 1.085    C   13 0.926
    15  O   2.129    C   14 1.828    O   16 0.164    C   13 0.082
    16  O   2.292    C   14 1.085    C   47 0.952    O   15 0.164
    17  N   3.346    C   18 1.233    C   21 1.154    MG   1 0.509    C   20 0.060    C   19 0.051
    18  C   3.894    C    3 1.280    N   17 1.233    C   19 1.128
    19  C   3.840    C   20 1.449    C   18 1.128    C   22 0.970    O   24 0.064    N   17 0.051
    20  C   3.879    C   19 1.449    C   21 1.105    C   23 0.992    O   24 0.077    N   17 0.060
    21  C   3.858    C    4 1.308    N   17 1.154    C   20 1.105    MG   1 0.057    N   26 0.050
    22  C   3.974    H   80 0.979    H   81 0.971    C   19 0.970    H   79 0.966
    23  C   3.890    O   24 1.805    C   25 0.999    C   20 0.992
    24  O   2.133    C   23 1.805    C   20 0.077    C   19 0.064    C   25 0.063
    25  C   3.984    C   23 0.999    H   84 0.967    H   82 0.960    H   83 0.944    O   24 0.063
    26  N   3.341    C   30 1.246    C   27 1.230    MG   1 0.408    C   21 0.050
    27  C   3.829    C    4 1.387    N   26 1.230    C   28 0.910    MG   1 0.058
    28  C   3.931    C   31 0.981    C   29 0.958    H   85 0.942    C   27 0.910
    29  C   3.934    C   28 0.958    C   32 0.954    H   86 0.933    C   30 0.923
    30  C   3.870    C    5 1.463    N   26 1.246    C   29 0.923
    31  C   3.968    C   28 0.981    H   87 0.978    H   88 0.975    H   89 0.971
    32  C   3.949    C   33 0.999    H   91 0.967    H   90 0.965    C   29 0.954
    33  C   3.984    C   32 0.999    H   92 0.987    H   94 0.982    H   93 0.980
    34  N   3.305    C   38 1.172    C   35 1.154    MG   1 0.519    C   37 0.063
    35  C   3.860    C    5 1.241    C   36 1.188    N   34 1.154
    36  C   3.879    C   37 1.369    C   35 1.188    C   39 1.041    O   41 0.051
    37  C   3.907    C   36 1.369    C   38 1.146    C   40 1.046    O   41 0.073    N   34 0.063
    38  C   3.903    C    2 1.295    N   34 1.172    C   37 1.146    MG   1 0.052
    39  C   3.983    C   36 1.041    H   95 0.967    H   97 0.960    H   96 0.946
    40  C   3.885    O   41 1.828    C   37 1.046    C   42 0.860
    41  O   2.162    C   40 1.828    C   42 0.082    C   37 0.073    C   36 0.051
    42  C   3.940    C    2 0.948    H   98 0.928    C   43 0.900    C   40 0.860    O   41 0.082    O   44 0.081
    43  C   3.893    O   44 1.840    O   45 1.084    C   42 0.900
    44  O   2.164    C   43 1.840    O   45 0.167    C   42 0.081
    45  O   2.293    C   43 1.084    C   46 0.966    O   44 0.167
    46  C   3.941    H   99 0.991    H  100 0.985    H  101 0.981    O   45 0.966
    47  C   3.925    C   48 0.997    H  102 0.962    O   16 0.952    H  103 0.946
    48  C   3.949    C   49 1.841    C   47 0.997    H  104 0.943
    49  C   3.918    C   48 1.841    C   51 1.002    C   50 0.978
    50  C   3.987    C   49 0.978    H  105 0.976    H  107 0.975    H  106 0.973
    51  C   3.966    C   49 1.002    H  109 0.964    H  108 0.961    C   52 0.936
    52  C   3.938    H  110 0.971    H  111 0.969    C   53 0.958    C   51 0.936
    53  C   3.949    H  113 0.972    H  112 0.964    C   54 0.962    C   52 0.958
    54  C   3.933    C   55 0.977    C   56 0.974    C   53 0.962    H  114 0.956
    55  C   3.977    H  116 0.981    H  117 0.979    H  115 0.978    C   54 0.977
    56  C   3.964    C   57 0.999    C   54 0.974    H  119 0.957    H  118 0.957
    57  C   3.962    C   56 0.999    H  121 0.967    C   58 0.965    H  120 0.962
    58  C   3.953    C   59 0.976    H  122 0.967    C   57 0.965    H  123 0.956
    59  C   3.946    C   60 0.991    C   58 0.976    C   61 0.968    H  124 0.945
    60  C   3.976    C   59 0.991    H  125 0.981    H  126 0.974    H  127 0.973
    61  C   3.962    C   62 0.987    C   59 0.968    H  129 0.965    H  128 0.954
    62  C   3.961    C   61 0.987    H  130 0.970    H  131 0.967    C   63 0.965
    63  C   3.945    H  132 0.971    C   64 0.967    C   62 0.965    H  133 0.951
    64  C   3.942    C   65 0.999    C   66 0.975    C   63 0.967    H  134 0.958
    65  C   3.978    C   64 0.999    H  136 0.978    H  135 0.976    H  137 0.972
    66  C   3.972    H  139 0.983    H  138 0.979    H  140 0.976    C   64 0.975
    67  H   0.995    C    3 0.935
    68  H   0.993    C    4 0.931
    69  H   0.993    C    5 0.936
    70  H   0.993    C    8 0.936
    71  H   0.996    C    9 0.945
    72  H   0.997    C   11 0.981
    73  H   0.996    C   11 0.975
    74  H   0.998    C   11 0.977
    75  H   0.996    C   12 0.968
    76  H   0.997    C   12 0.961
    77  H   0.994    C   13 0.958
    78  H   0.996    C   13 0.953
    79  H   0.993    C   22 0.966
    80  H   0.996    C   22 0.979
    81  H   0.994    C   22 0.971
    82  H   0.998    C   25 0.960
    83  H   0.995    C   25 0.944
    84  H   0.995    C   25 0.967
    85  H   0.995    C   28 0.942
    86  H   0.995    C   29 0.933
    87  H   0.998    C   31 0.978
    88  H   0.996    C   31 0.975
    89  H   0.995    C   31 0.971
    90  H   0.998    C   32 0.965
    91  H   0.997    C   32 0.967
    92  H   0.998    C   33 0.987
    93  H   0.997    C   33 0.980
    94  H   0.998    C   33 0.982
    95  H   0.994    C   39 0.967
    96  H   0.990    C   39 0.946
    97  H   0.993    C   39 0.960
    98  H   0.992    C   42 0.928
    99  H   0.998    C   46 0.991
   100  H   0.997    C   46 0.985
   101  H   0.997    C   46 0.981
   102  H   0.997    C   47 0.962
   103  H   0.994    C   47 0.946
   104  H   0.998    C   48 0.943
   105  H   0.998    C   50 0.976
   106  H   0.998    C   50 0.973
   107  H   0.998    C   50 0.975
   108  H   0.998    C   51 0.961
   109  H   0.997    C   51 0.964
   110  H   0.999    C   52 0.971
   111  H   0.999    C   52 0.969
   112  H   0.996    C   53 0.964
   113  H   0.999    C   53 0.972
   114  H   0.999    C   54 0.956
   115  H   0.998    C   55 0.978
   116  H   0.998    C   55 0.981
   117  H   0.999    C   55 0.979
   118  H   0.999    C   56 0.957
   119  H   0.999    C   56 0.957
   120  H   0.998    C   57 0.962
   121  H   0.999    C   57 0.967
   122  H   0.999    C   58 0.967
   123  H   0.998    C   58 0.956
   124  H   0.998    C   59 0.945
   125  H   0.999    C   60 0.981
   126  H   0.999    C   60 0.974
   127  H   0.998    C   60 0.973
   128  H   0.998    C   61 0.954
   129  H   0.999    C   61 0.965
   130  H   0.999    C   62 0.970
   131  H   0.998    C   62 0.967
   132  H   0.999    C   63 0.971
   133  H   0.997    C   63 0.951
   134  H   0.999    C   64 0.958
   135  H   0.999    C   65 0.976
   136  H   0.999    C   65 0.978
   137  H   0.997    C   65 0.972
   138  H   0.999    C   66 0.979
   139  H   0.999    C   66 0.983
   140  H   0.998    C   66 0.976
 
 --------------------------------------------
          xTB calculation for sTDA...
 --------------------------------------------
 
 reading parameter file ~/.param_stda2.xtb
 
      method parameters     
 k(s)        :  1.6000
 k(p)        :  2.1800
 k(d)        :  1.9500
 k(f)        :  2.0000
 k(R-V)      :  2.2750
 k(R-R)      :  1.7650
 Tscal       :  0.2580
 Gscal       :  1.0000
 fpol        :  1.0000
 Zcnf        :  0.3430
 Zqf         :  0.0000
 kcn         :  2.7000
 Ryd Hsplit  :  0.7000
 lshift(virt):  3.1000
 lshift(OS)  :  0.2000
 wllscaling  :  2.6000
 
 mowrcut     : 3.000
 
  Z AO/shell   Hii/eV     exponent
  1     Sun Feb 14 09:53:25 CET 2016    EN: 2.327 GAM: 0.473  GM3: 0.0000
     1s    -14.339618    1.220000
     2sp    -3.348946    0.600000
  6     Sun Feb 14 09:53:25 CET 2016    EN: 2.731 GAM: 0.422  GM3: 0.0000
     2s    -22.009312    1.565095
     2p    -13.020408    1.596905
     3sp    -3.914040    0.824500
  7     Sun Feb 14 09:53:25 CET 2016    EN: 3.573 GAM: 0.504  GM3: 0.0000
     2s    -25.722000    2.064844
     2p    -18.684912    1.801692
     3sp    -4.344791    0.921400
  8     Sun Feb 14 09:53:25 CET 2016    EN: 3.700 GAM: 0.587  GM3: 0.0000
     2s    -33.859000    2.418661
     2p    -22.175911    1.973969
     3sp    -4.259392    1.013700
 12     Sun Feb 21 16:58:31 CET 2016    EN: 0.033 GAM: 0.222  GM3: 0.0000
     3s    -11.092543    1.647583
     3p     -6.929529    0.855020
 
 Nbf   :          894
 T(el) :     0.0
 calculating S/T integrals ...
 cpu time for ints    1.23261300000000     
 Nao   :          894
 making H0...
 making H1...
 cpu time for H      2.138100000000009E-002
 solving ...
 cpu time for diag   0.263838000000000     
 
 gap (eV)           :   4.729
 Koopmans IP (eV)   :  13.229
 Eel (Eh)           :  -300.869253

          eigenvalues
 #    :         164        165        166        167        168        169        170        171
 occ. :        2.000      2.000      2.000      2.000      2.000      2.000      2.000      2.000
 eps  :       -17.345    -17.246    -16.911    -16.482    -16.254    -16.045    -15.954    -15.588
 #    :         172        173        174        175        176        177        178        179
 occ. :        2.000      2.000      2.000      2.000      2.000      0.000      0.000      0.000
 eps  :       -15.503    -15.358    -15.020    -13.838    -13.230     -8.501     -6.964     -6.815
 #    :         180        181        182        183        184        185        186        187
 occ. :        0.000      0.000      0.000      0.000      0.000      0.000      0.000      0.000
 eps  :        -6.442     -6.142     -6.046     -5.841     -5.353     -5.197     -5.063     -5.027
                            1  SCC done.
 writing mo output ...
 molden style : F
 
speedup  1.22
cpu  time for all    2.00 s
wall time for all    1.65 s
