cpu-bind=MASK - bp1-compute134, task 4294967295 4294967295 [0]: mask 0xffffff00ffffff set
Host:    bp1-compute134.data.bp.acrc.priv
Time:    Tue Apr 26 19:11:58 BST 2022
Dir:     /user/home/of15641/chlorophyll_parameterization/tddft_data/step_1001_chromophore_18
Job ID:  1658055
Nodelist:
cat: bp1-compute134: No such file or directory
  
Result dir: /user/home/of15641/chlorophyll_parameterization/tddft_data/step_1001_chromophore_18
running gaussian jobs
Running time g16 < CAMB3LYP_step_1001_chromophore_18.com > CAMB3LYP_step_1001_chromophore_18.log

real	35m34.887s
user	840m38.010s
sys	0m45.864s
Running time g16 < PBE0_step_1001_chromophore_18.com > PBE0_step_1001_chromophore_18.log

real	28m29.392s
user	680m7.559s
sys	0m44.392s
Running time g16 < wB97XD_step_1001_chromophore_18.com > wB97XD_step_1001_chromophore_18.log

real	38m40.118s
user	914m31.169s
sys	0m54.958s
Running time g16 < BLYP_step_1001_chromophore_18.com > BLYP_step_1001_chromophore_18.log

real	12m14.240s
user	290m27.266s
sys	0m21.279s
Running time g16 < ZINDO_step_1001_chromophore_18.com > ZINDO_step_1001_chromophore_18.log

real	0m10.905s
user	3m28.052s
sys	0m2.718s
