cpu-bind=MASK - bp1-compute092, task 4294967295 4294967295 [0]: mask 0xffffffffffff set
Host:    bp1-compute092.data.bp.acrc.priv
Time:    Wed May  4 03:27:12 BST 2022
Dir:     /user/home/of15641/chlorophyll_parameterization/tddft_data/step_1351_chromophore_3
Job ID:  1692097
Nodelist:
cat: bp1-compute092: No such file or directory
  
Result dir: /user/home/of15641/chlorophyll_parameterization/tddft_data/step_1351_chromophore_3
running gaussian jobs
Running time g16 < CAMB3LYP_step_1351_chromophore_3.com > CAMB3LYP_step_1351_chromophore_3.log

real	30m28.243s
user	718m17.831s
sys	0m32.806s
Running time g16 < PBE0_step_1351_chromophore_3.com > PBE0_step_1351_chromophore_3.log

real	18m2.620s
user	430m58.070s
sys	0m22.774s
Running time g16 < wB97XD_step_1351_chromophore_3.com > wB97XD_step_1351_chromophore_3.log

real	31m27.762s
user	741m27.279s
sys	0m32.956s
Running time g16 < BLYP_step_1351_chromophore_3.com > BLYP_step_1351_chromophore_3.log

real	11m53.605s
user	283m45.961s
sys	0m22.148s
Running time g16 < ZINDO_step_1351_chromophore_3.com > ZINDO_step_1351_chromophore_3.log

real	0m7.027s
user	2m34.397s
sys	0m2.608s
