cpu-bind=MASK - bp1-compute140, task 4294967295 4294967295 [0]: mask 0xffffff00ffffff set
Host:    bp1-compute140.data.bp.acrc.priv
Time:    Wed Apr 27 00:10:56 BST 2022
Dir:     /user/home/of15641/chlorophyll_parameterization/tddft_data/step_101_chromophore_24
Job ID:  1658089
Nodelist:
cat: bp1-compute140: No such file or directory
  
Result dir: /user/home/of15641/chlorophyll_parameterization/tddft_data/step_101_chromophore_24
running gaussian jobs
Running time g16 < CAMB3LYP_step_101_chromophore_24.com > CAMB3LYP_step_101_chromophore_24.log

real	24m52.170s
user	583m12.828s
sys	1m46.070s
Running time g16 < PBE0_step_101_chromophore_24.com > PBE0_step_101_chromophore_24.log

real	17m25.919s
user	414m49.857s
sys	1m20.741s
Running time g16 < wB97XD_step_101_chromophore_24.com > wB97XD_step_101_chromophore_24.log

real	27m51.651s
user	653m59.577s
sys	2m11.672s
Running time g16 < BLYP_step_101_chromophore_24.com > BLYP_step_101_chromophore_24.log

real	12m7.853s
user	288m2.546s
sys	1m12.188s
Running time g16 < ZINDO_step_101_chromophore_24.com > ZINDO_step_101_chromophore_24.log

real	0m7.196s
user	2m36.906s
sys	0m2.763s
