cpu-bind=MASK - bp1-compute139, task 4294967295 4294967295 [0]: mask 0xffffff00ffffff set
Host:    bp1-compute139.data.bp.acrc.priv
Time:    Sat Apr 30 01:59:12 BST 2022
Dir:     /user/home/of15641/chlorophyll_parameterization/tddft_data/step_551_chromophore_15
Job ID:  1658843
Nodelist:
cat: bp1-compute139: No such file or directory
  
Result dir: /user/home/of15641/chlorophyll_parameterization/tddft_data/step_551_chromophore_15
running gaussian jobs
Running time g16 < CAMB3LYP_step_551_chromophore_15.com > CAMB3LYP_step_551_chromophore_15.log

real	27m48.318s
user	654m14.219s
sys	0m30.688s
Running time g16 < PBE0_step_551_chromophore_15.com > PBE0_step_551_chromophore_15.log

real	18m15.933s
user	435m56.494s
sys	0m22.430s
Running time g16 < wB97XD_step_551_chromophore_15.com > wB97XD_step_551_chromophore_15.log

real	28m50.735s
user	678m36.293s
sys	0m30.528s
Running time g16 < BLYP_step_551_chromophore_15.com > BLYP_step_551_chromophore_15.log

real	11m21.873s
user	270m55.218s
sys	0m23.062s
Running time g16 < ZINDO_step_551_chromophore_15.com > ZINDO_step_551_chromophore_15.log

real	0m7.985s
user	2m56.641s
sys	0m2.962s
