cpu-bind=MASK - bp1-compute156, task 4294967295 4294967295 [0]: mask 0xffffff00ffffff set
Host:    bp1-compute156.data.bp.acrc.priv
Time:    Fri Apr 29 02:52:52 BST 2022
Dir:     /user/home/of15641/chlorophyll_parameterization/tddft_data/step_1851_chromophore_23
Job ID:  1658579
Nodelist:
cat: bp1-compute156: No such file or directory
  
Result dir: /user/home/of15641/chlorophyll_parameterization/tddft_data/step_1851_chromophore_23
running gaussian jobs
Running time g16 < CAMB3LYP_step_1851_chromophore_23.com > CAMB3LYP_step_1851_chromophore_23.log

real	28m9.427s
user	663m23.066s
sys	0m42.111s
Running time g16 < PBE0_step_1851_chromophore_23.com > PBE0_step_1851_chromophore_23.log

real	18m30.681s
user	441m28.585s
sys	0m42.011s
Running time g16 < wB97XD_step_1851_chromophore_23.com > wB97XD_step_1851_chromophore_23.log

real	29m25.063s
user	692m57.725s
sys	0m42.539s
Running time g16 < BLYP_step_1851_chromophore_23.com > BLYP_step_1851_chromophore_23.log

real	14m0.100s
user	333m29.289s
sys	0m33.009s
Running time g16 < ZINDO_step_1851_chromophore_23.com > ZINDO_step_1851_chromophore_23.log

real	0m7.413s
user	2m41.070s
sys	0m2.704s
