cpu-bind=MASK - bp1-compute156, task 4294967295 4294967295 [0]: mask 0xffffff00ffffff set
Host:    bp1-compute156.data.bp.acrc.priv
Time:    Thu Apr 28 13:57:26 BST 2022
Dir:     /user/home/of15641/chlorophyll_parameterization/tddft_data/step_1601_chromophore_21
Job ID:  1658438
Nodelist:
cat: bp1-compute156: No such file or directory
  
Result dir: /user/home/of15641/chlorophyll_parameterization/tddft_data/step_1601_chromophore_21
running gaussian jobs
Running time g16 < CAMB3LYP_step_1601_chromophore_21.com > CAMB3LYP_step_1601_chromophore_21.log

real	27m25.239s
user	645m39.416s
sys	0m42.897s
Running time g16 < PBE0_step_1601_chromophore_21.com > PBE0_step_1601_chromophore_21.log

real	16m43.171s
user	398m52.355s
sys	0m29.202s
Running time g16 < wB97XD_step_1601_chromophore_21.com > wB97XD_step_1601_chromophore_21.log

real	29m19.249s
user	690m40.560s
sys	0m41.532s
Running time g16 < BLYP_step_1601_chromophore_21.com > BLYP_step_1601_chromophore_21.log

real	14m7.082s
user	336m27.618s
sys	0m33.717s
Running time g16 < ZINDO_step_1601_chromophore_21.com > ZINDO_step_1601_chromophore_21.log

real	0m6.303s
user	2m16.100s
sys	0m2.365s
