cpu-bind=MASK - bp1-compute035, task 4294967295 4294967295 [0]: mask 0xffffffffffff set
Host:    bp1-compute035.data.bp.acrc.priv
Time:    Wed May  4 07:48:02 BST 2022
Dir:     /user/home/of15641/chlorophyll_parameterization/tddft_data/step_151_chromophore_14
Job ID:  1692151
Nodelist:
cat: bp1-compute035: No such file or directory
  
Result dir: /user/home/of15641/chlorophyll_parameterization/tddft_data/step_151_chromophore_14
running gaussian jobs
Running time g16 < CAMB3LYP_step_151_chromophore_14.com > CAMB3LYP_step_151_chromophore_14.log

real	27m54.605s
user	656m36.278s
sys	0m46.142s
Running time g16 < PBE0_step_151_chromophore_14.com > PBE0_step_151_chromophore_14.log

real	16m54.362s
user	403m30.266s
sys	0m28.599s
Running time g16 < wB97XD_step_151_chromophore_14.com > wB97XD_step_151_chromophore_14.log

real	28m57.698s
user	682m1.596s
sys	0m35.472s
Running time g16 < BLYP_step_151_chromophore_14.com > BLYP_step_151_chromophore_14.log

real	12m53.617s
user	307m26.945s
sys	0m26.607s
Running time g16 < ZINDO_step_151_chromophore_14.com > ZINDO_step_151_chromophore_14.log

real	0m7.274s
user	2m38.632s
sys	0m2.702s
