cpu-bind=MASK - bp1-compute192, task 4294967295 4294967295 [0]: mask 0xffffff00ffffff set
Host:    bp1-compute192.data.bp.acrc.priv
Time:    Thu May  5 00:47:42 BST 2022
Dir:     /user/home/of15641/chlorophyll_parameterization/tddft_data/step_51_chromophore_11
Job ID:  1692327
Nodelist:
cat: bp1-compute192: No such file or directory
  
Result dir: /user/home/of15641/chlorophyll_parameterization/tddft_data/step_51_chromophore_11
running gaussian jobs
Running time g16 < CAMB3LYP_step_51_chromophore_11.com > CAMB3LYP_step_51_chromophore_11.log

real	43m40.700s
user	1032m44.702s
sys	1m24.507s
Running time g16 < PBE0_step_51_chromophore_11.com > PBE0_step_51_chromophore_11.log

real	27m53.251s
user	664m47.787s
sys	0m58.786s
Running time g16 < wB97XD_step_51_chromophore_11.com > wB97XD_step_51_chromophore_11.log

real	46m10.943s
user	1092m15.591s
sys	1m18.039s
Running time g16 < BLYP_step_51_chromophore_11.com > BLYP_step_51_chromophore_11.log

real	19m17.819s
user	459m40.863s
sys	0m38.298s
Running time g16 < ZINDO_step_51_chromophore_11.com > ZINDO_step_51_chromophore_11.log

real	0m6.405s
user	2m21.754s
sys	0m2.359s
