cpu-bind=MASK - bp1-compute215, task 4294967295 4294967295 [0]: mask 0x3fffffc03fffffc set
Host:    bp1-compute215.data.bp.acrc.priv
Time:    Wed May  4 22:33:28 BST 2022
Dir:     /user/home/of15641/chlorophyll_parameterization/tddft_data/step_501_chromophore_1
Job ID:  1692311
Nodelist:
cat: bp1-compute215: No such file or directory
  
Result dir: /user/home/of15641/chlorophyll_parameterization/tddft_data/step_501_chromophore_1
running gaussian jobs
Running time g16 < CAMB3LYP_step_501_chromophore_1.com > CAMB3LYP_step_501_chromophore_1.log

real	27m41.239s
user	651m57.193s
sys	0m26.309s
Running time g16 < PBE0_step_501_chromophore_1.com > PBE0_step_501_chromophore_1.log

real	22m40.400s
user	541m15.174s
sys	0m38.044s
Running time g16 < wB97XD_step_501_chromophore_1.com > wB97XD_step_501_chromophore_1.log

real	30m46.508s
user	725m36.001s
sys	0m26.508s
Running time g16 < BLYP_step_501_chromophore_1.com > BLYP_step_501_chromophore_1.log

real	21m12.892s
user	506m48.086s
sys	0m28.049s
Running time g16 < ZINDO_step_501_chromophore_1.com > ZINDO_step_501_chromophore_1.log

real	0m7.661s
user	2m42.072s
sys	0m2.637s
