cpu-bind=MASK - bp1-compute097, task 4294967295 4294967295 [0]: mask 0xffffffffffff set
Host:    bp1-compute097.data.bp.acrc.priv
Time:    Wed May  4 10:02:57 BST 2022
Dir:     /user/home/of15641/chlorophyll_parameterization/tddft_data/step_1651_chromophore_16
Job ID:  1692183
Nodelist:
cat: bp1-compute097: No such file or directory
  
Result dir: /user/home/of15641/chlorophyll_parameterization/tddft_data/step_1651_chromophore_16
running gaussian jobs
Running time g16 < CAMB3LYP_step_1651_chromophore_16.com > CAMB3LYP_step_1651_chromophore_16.log

real	36m28.347s
user	859m43.027s
sys	0m36.427s
Running time g16 < PBE0_step_1651_chromophore_16.com > PBE0_step_1651_chromophore_16.log

real	22m3.907s
user	527m19.592s
sys	0m27.139s
Running time g16 < wB97XD_step_1651_chromophore_16.com > wB97XD_step_1651_chromophore_16.log

real	27m16.227s
user	641m23.376s
sys	0m27.719s
Running time g16 < BLYP_step_1651_chromophore_16.com > BLYP_step_1651_chromophore_16.log

real	11m29.108s
user	273m54.997s
sys	0m22.558s
Running time g16 < ZINDO_step_1651_chromophore_16.com > ZINDO_step_1651_chromophore_16.log

real	0m6.860s
user	2m30.615s
sys	0m2.606s
