cpu-bind=MASK - bp1-compute190, task 4294967295 4294967295 [0]: mask 0xffffff00ffffff set
Host:    bp1-compute190.data.bp.acrc.priv
Time:    Sat Apr 30 21:43:53 BST 2022
Dir:     /user/home/of15641/chlorophyll_parameterization/tddft_data/step_951_chromophore_10
Job ID:  1659054
Nodelist:
cat: bp1-compute190: No such file or directory
  
Result dir: /user/home/of15641/chlorophyll_parameterization/tddft_data/step_951_chromophore_10
running gaussian jobs
Running time g16 < CAMB3LYP_step_951_chromophore_10.com > CAMB3LYP_step_951_chromophore_10.log

real	28m26.004s
user	668m29.162s
sys	0m29.151s
Running time g16 < PBE0_step_951_chromophore_10.com > PBE0_step_951_chromophore_10.log

real	20m30.592s
user	489m0.051s
sys	0m22.895s
Running time g16 < wB97XD_step_951_chromophore_10.com > wB97XD_step_951_chromophore_10.log

real	30m43.313s
user	723m0.927s
sys	0m28.718s
Running time g16 < BLYP_step_951_chromophore_10.com > BLYP_step_951_chromophore_10.log

real	13m25.403s
user	319m34.422s
sys	0m22.442s
Running time g16 < ZINDO_step_951_chromophore_10.com > ZINDO_step_951_chromophore_10.log

real	0m6.928s
user	2m33.784s
sys	0m2.269s
