cpu-bind=MASK - bp1-compute183, task 4294967295 4294967295 [0]: mask 0x3fffffc03fffffc set
Host:    bp1-compute183.data.bp.acrc.priv
Time:    Wed May  4 21:13:04 BST 2022
Dir:     /user/home/of15641/chlorophyll_parameterization/tddft_data/step_451_chromophore_27
Job ID:  1692304
Nodelist:
cat: bp1-compute183: No such file or directory
  
Result dir: /user/home/of15641/chlorophyll_parameterization/tddft_data/step_451_chromophore_27
running gaussian jobs
Running time g16 < CAMB3LYP_step_451_chromophore_27.com > CAMB3LYP_step_451_chromophore_27.log

real	40m1.958s
user	945m15.321s
sys	1m14.514s
Running time g16 < PBE0_step_451_chromophore_27.com > PBE0_step_451_chromophore_27.log

real	29m45.337s
user	710m41.605s
sys	1m7.645s
Running time g16 < wB97XD_step_451_chromophore_27.com > wB97XD_step_451_chromophore_27.log

real	35m33.361s
user	837m1.720s
sys	2m32.685s
Running time g16 < BLYP_step_451_chromophore_27.com > BLYP_step_451_chromophore_27.log

real	15m30.737s
user	368m51.604s
sys	0m49.249s
Running time g16 < ZINDO_step_451_chromophore_27.com > ZINDO_step_451_chromophore_27.log

real	0m9.210s
user	3m23.334s
sys	0m3.013s
