 
        ______________________________________
       |                                      |
       |          ===================         |
       |             xTB for sTDA             |
       |          ===================         |
       |               S. Grimme              |
       |        Universitaet Bonn, MCTC       |
       |         2015-19, Version 1.0         |
       |     Wed Apr  3 09:14:55 CEST 2019    |
       |______________________________________|
 
        This code comes without any warranty
        for non-commercial, academia use only.
        Preliminary test version.
        Cite this work as:
        S. Grimme  &  C. Bannwarth, JCP 145 (2016) 054103
        if GBSA is used additionally:
        P. Shushkov, F. März, C. Bannwarth, S. Grimme, unpublished.
 
        with help from
        P. Shushkov, G. Brandenburg, S. Dohm, J. Pisarek,
        F. März, M. Checinski, S. Ehrlich, S. Spicher, 
        P. Pracht, E. Caldeweyher, S. Ehlert, and C. Bannwarth.
 
        usage        :
        xtb4stda <coord_file> [options]
        where <coord_file> is a valid file of TM)
        (*coord, Bohr) or xmol (*xyz, Angstroem)
        format.

        options:
        -chrg <int>   : molecular charge
        -uhf  <int>   : # of unpaired electrons(=2*S)
        -nox          : skip second, extended part in sTDA-xTB
        -pop          : do population analysis
                      : (default for -nox)
        -mowr <real>  : cut MO write above (def.3 Eh)
        -molden       : write formatted molden file
        -parx <file>  : read parameters for sTDA-xTB
                        calc (def:~/.param_stda2.xtb)
        -parv <file>  : read parameters for vTB part in
                        sTDA-xTB (def: ~/.param_stda1.xtb)
        -xtemp <real> : el. temp for xTB (def. 0 K)
        -etemp <real> : el. temp for GFN (def. 300 K)
        -fod          : calculate the FOD and write
                        molden.input file with
                        appropriate occupations
                        for plotting. Def. T=12500 K
 
        -acc <real>   : xTB accuracy (def. 1.0)
        -gbsa [string1] [string2]
                        use GBSA implicit solvent
                        for solvent [string1] and
                        solvation state [string2]=
                        reference, bar1M (default=1M)
        additional GFN/opt/MD/siman options read from
        $XTB4STDAHOME/.xtb4stdarc or $set in input
 
       spin and charge state information can be on:
       <.CHRG> (charge) and <.UHF> (=nalpha-nbeta)
       -uhf and -chrg override the file info.
       useful machine settings:
       setenv MKL_NUM_THREADS <NCORE_ON_YOUR_MACHINE>
       setenv OMP_STACKSIZE 500m
       limit stacksize unlimited
 
       total energies in Eh, gaps/HL energies in eV
       please read REVISION and HOWTO files carefully
 =============================
  # OMP threads =           4
 =============================
 
 xtb4stdahome directory:~/
 
 
 name of molecule           :
 comment line               :
 number of atoms            :   140
 number of electrons        :   352
 charge                     :  0
 spin                       : 0.0
 first test random number   :  0.0130
 
 -----------------------------------------
      charge density (VTB) calculation
 -----------------------------------------
 
      method parameters     
 k(s)        :  1.8000
 k(p)        :  2.8350
 k(d)        :  2.0860
 k(f)        :  2.0000
 Tscal       :  0.3300
 Gscal       :  0.3910
 fpol        :  1.0000
 Zcnf        :  0.6500
 Zqf         :  0.0000
 kcn         :  0.3000
 kEN1        : -0.5900
 wllscal     :  2.6000
 
     -------------------------
     ! NO SOLVENT MODEL USED !
     -------------------------
 
 doing EN charges ...
 sum q : -0.2331468D-14
 point charge moment (au)
     X       Y       Z   
   0.1781  -0.4000   0.5334  total (Debye):    1.754
 
            Z      q(EN)   CN      Cart. coordinates
     1  MG  2.0   0.822   4.555   100.22351    44.35754    82.66039
     2  C   4.0   0.018   3.239    95.00219    48.53572    81.91773
     3  C   4.0  -0.062   3.131    96.18138    39.31575    82.28623
     4  C   4.0  -0.059   3.150   105.38813    40.43069    81.37916
     5  C   4.0  -0.056   3.136   104.31098    49.53728    81.91206
     6  N   5.0  -0.328   3.051    95.93572    44.14211    81.64183
     7  C   4.0   0.114   3.316    94.20284    45.98081    81.88183
     8  C   4.0  -0.097   4.184    91.63281    44.80540    82.37126
     9  C   4.0  -0.091   4.082    91.95406    41.79129    82.36560
    10  C   4.0   0.080   3.338    95.00030    41.79885    82.35993
    11  C   4.0  -0.237   4.029    90.78243    40.71604    84.81468
    12  C   4.0  -0.161   4.078    89.71474    45.69168    80.42485
    13  C   4.0  -0.168   4.059    90.66905    46.00538    77.67907
    14  C   4.0   0.193   3.115    89.78844    43.99282    75.73266
    15  O   6.0  -0.096   1.049    89.69773    41.70625    76.16351
    16  O   6.0  -0.137   2.041    89.07412    45.00949    73.59349
    17  N   5.0  -0.370   3.212   100.76208    40.31352    82.08403
    18  C   4.0   0.082   3.327    98.76086    38.65056    81.98387
    19  C   4.0   0.010   3.275    99.86068    36.18447    81.91773
    20  C   4.0   0.004   3.236   102.55165    36.36589    81.46798
    21  C   4.0   0.075   3.326   103.08644    39.10977    81.70986
    22  C   4.0  -0.246   4.029    98.29032    33.80153    81.81380
    23  C   4.0   0.120   3.052   104.36012    34.26640    80.64594
    24  O   6.0  -0.109   1.081   103.55698    32.15369    80.23209
    25  C   4.0  -0.254   4.057   107.01707    34.64057    80.29068
    26  N   5.0  -0.383   3.145   104.23728    44.88666    81.57947
    27  C   4.0   0.114   3.391   105.90969    43.02717    81.46420
    28  C   4.0  -0.096   4.144   108.57609    43.92668    80.88783
    29  C   4.0  -0.097   4.172   108.02429    46.83497    80.38138
    30  C   4.0   0.092   3.368   105.44671    47.18646    81.43963
    31  C   4.0  -0.235   4.009   110.54708    43.45614    83.14794
    32  C   4.0  -0.163   4.037   108.35878    47.47936    77.45042
    33  C   4.0  -0.238   4.010   110.49606    49.12910    76.57170
    34  N   5.0  -0.455   3.203    99.85690    48.13510    82.51677
    35  C   4.0   0.060   3.462   101.71639    50.04183    82.45252
    36  C   4.0   0.017   3.180   100.54665    52.56273    82.66228
    37  C   4.0   0.000   3.409    97.98418    51.96746    82.49977
    38  C   4.0   0.068   3.617    97.56466    49.30106    82.17473
    39  C   4.0  -0.244   4.001   101.80899    55.19512    83.16684
    40  C   4.0   0.096   3.247    95.48407    53.16177    82.45252
    41  O   6.0  -0.088   1.044    94.76598    55.38976    82.62638
    42  C   4.0  -0.112   4.199    93.45829    51.03583    82.11237
    43  C   4.0   0.200   3.188    92.37736    51.80495    79.62927
    44  O   6.0  -0.108   1.056    93.55466    52.02605    77.69419
    45  O   6.0  -0.125   2.034    89.96418    52.45123    79.90328
    46  C   4.0  -0.202   4.009    88.43539    53.14098    77.60727
    47  C   4.0  -0.139   4.084    88.37681    43.16512    71.60172
    48  C   4.0  -0.055   3.092    90.59724    41.97081    70.24867
    49  C   4.0   0.018   3.062    90.76921    39.72582    69.02035
    50  C   4.0  -0.246   4.018    88.53744    37.93625    68.19832
    51  C   4.0  -0.178   4.098    93.37514    38.84521    68.30225
    52  C   4.0  -0.164   4.064    93.83623    37.49783    65.79459
    53  C   4.0  -0.166   4.103    96.31366    38.24616    64.56249
    54  C   4.0  -0.088   4.059    98.28087    36.20904    64.73256
    55  C   4.0  -0.239   4.055   100.82822    37.48460    65.34672
    56  C   4.0  -0.163   4.058    98.43205    34.43837    62.36474
    57  C   4.0  -0.163   4.033    96.78042    32.07054    62.39497
    58  C   4.0  -0.163   4.055    98.23173    29.47784    61.86963
    59  C   4.0  -0.088   4.043    96.69350    27.59945    60.23124
    60  C   4.0  -0.238   4.031    95.19494    25.72106    62.01892
    61  C   4.0  -0.166   4.090    98.43016    26.04420    58.44355
    62  C   4.0  -0.164   4.062    98.47740    27.05332    55.81684
    63  C   4.0  -0.165   4.087   101.20049    27.07410    54.78882
    64  C   4.0  -0.088   4.031   101.53875    25.35256    52.49092
    65  C   4.0  -0.238   4.028   104.13335    24.19038    51.92589
    66  C   4.0  -0.238   4.036   100.36335    26.62813    50.09286
    67  H   1.0   0.070   1.005    94.91149    37.75295    82.73598
    68  H   1.0   0.071   1.008   107.17392    39.43480    81.10326
    69  H   1.0   0.070   1.007   105.71694    50.98292    81.46987
    70  H   1.0   0.085   1.012    91.26431    45.65767    84.20997
    71  H   1.0   0.083   1.004    91.14337    40.91257    80.68752
    72  H   1.0   0.080   0.999    89.28199    39.40834    84.28556
    73  H   1.0   0.080   0.998    89.90371    42.12577    86.03355
    74  H   1.0   0.081   1.001    92.29233    39.66913    85.74443
    75  H   1.0   0.083   1.004    88.94373    47.51338    80.99932
    76  H   1.0   0.083   1.006    88.17272    44.33486    80.26044
    77  H   1.0   0.083   1.009    92.69106    45.81074    77.33892
    78  H   1.0   0.083   1.005    90.01521    47.87810    77.12350
    79  H   1.0   0.080   0.999    96.27398    34.21538    81.72309
    80  H   1.0   0.080   1.000    98.86290    32.61100    83.39550
    81  H   1.0   0.081   1.001    98.93093    32.72060    80.18296
    82  H   1.0   0.080   0.999   107.53297    35.93503    78.77323
    83  H   1.0   0.081   1.001   107.90524    32.83399    79.85604
    84  H   1.0   0.081   1.006   107.60100    35.45882    82.08970
    85  H   1.0   0.084   1.007   109.33954    43.20858    79.11527
    86  H   1.0   0.085   1.009   109.65702    47.70802    81.28467
    87  H   1.0   0.080   0.998   109.61166    42.43380    84.67295
    88  H   1.0   0.080   0.999   111.08754    45.30618    83.87549
    89  H   1.0   0.079   0.996   112.31208    42.52450    82.63016
    90  H   1.0   0.082   1.008   106.77708    48.59619    76.74744
    91  H   1.0   0.082   1.004   108.47972    45.75971    76.32603
    92  H   1.0   0.080   0.998   109.94048    51.07173    76.17107
    93  H   1.0   0.080   1.004   110.98172    48.14833    74.82559
    94  H   1.0   0.080   0.998   112.24027    48.93634    77.65073
    95  H   1.0   0.080   0.998   102.69905    55.80550    81.41317
    96  H   1.0   0.080   0.998   103.10345    54.94945    84.75043
    97  H   1.0   0.080   0.998   100.31988    56.56139    83.56368
    98  H   1.0   0.084   1.006    92.21107    51.17756    83.74698
    99  H   1.0   0.080   0.995    88.64515    55.11953    77.07247
   100  H   1.0   0.079   0.995    86.42851    52.78571    77.91529
   101  H   1.0   0.081   0.997    89.11759    51.87865    76.12950
   102  H   1.0   0.083   1.003    87.52455    44.39722    70.19009
   103  H   1.0   0.083   1.001    87.11826    41.76483    72.43698
   104  H   1.0   0.071   1.005    92.33201    42.86465    70.91008
   105  H   1.0   0.080   1.001    87.03133    39.30441    67.88274
   106  H   1.0   0.080   0.998    88.22753    36.59076    69.72711
   107  H   1.0   0.080   0.998    88.87948    36.95737    66.41820
   108  H   1.0   0.083   1.006    93.94773    37.53374    69.78380
   109  H   1.0   0.083   1.007    94.53921    40.53840    68.44587
   110  H   1.0   0.082   1.004    92.26398    37.88145    64.51902
   111  H   1.0   0.082   1.004    93.50553    35.50417    66.19332
   112  H   1.0   0.083   1.003    97.03554    40.09998    65.09539
   113  H   1.0   0.083   1.012    95.66549    38.26506    62.60662
   114  H   1.0   0.084   1.012    97.78954    35.23583    66.48056
   115  H   1.0   0.081   0.999   102.22661    36.86666    63.96722
   116  H   1.0   0.081   1.000   101.15703    37.02540    67.32716
   117  H   1.0   0.080   0.998   100.87357    39.54252    65.24090
   118  H   1.0   0.082   1.002   100.38980    34.02263    61.87341
   119  H   1.0   0.083   1.010    97.54765    35.30197    60.71878
   120  H   1.0   0.082   1.004    95.41982    32.31242    60.86618
   121  H   1.0   0.082   1.002    95.75430    31.94960    64.17698
   122  H   1.0   0.082   1.004    98.43582    28.61423    63.72912
   123  H   1.0   0.082   1.002   100.10256    29.92381    61.13074
   124  H   1.0   0.083   1.008    95.38959    28.77486    59.15409
   125  H   1.0   0.080   0.998    96.46106    24.24707    62.70489
   126  H   1.0   0.080   0.997    93.53388    24.92171    61.09862
   127  H   1.0   0.081   0.998    94.42205    26.76797    63.61384
   128  H   1.0   0.083   1.003    97.92371    24.05243    58.55694
   129  H   1.0   0.083   1.005   100.29532    25.99885    59.31472
   130  H   1.0   0.082   1.003    97.57789    28.89958    55.64865
   131  H   1.0   0.083   1.006    97.28309    25.80610    54.69623
   132  H   1.0   0.082   1.001   102.77841    26.93426    56.10785
   133  H   1.0   0.083   1.007   101.39136    29.03186    54.17655
   134  H   1.0   0.084   1.016   100.44838    23.76708    53.22602
   135  H   1.0   0.080   0.997   105.72828    25.17871    52.77627
   136  H   1.0   0.080   0.997   104.69838    24.12613    49.94735
   137  H   1.0   0.081   1.001   103.86879    22.24396    52.54383
   138  H   1.0   0.080   0.998    98.32811    26.31065    50.08719
   139  H   1.0   0.080   0.997   100.98318    25.80232    48.31084
   140  H   1.0   0.081   0.998   100.83578    28.63124    50.04372
 
  Z AO/shell   Hii/eV     exponent
  1     Sat Feb 20 21:38:01 CET 2016    EN: 2.327 GAM: 0.473  GM3: 0.0000
     1s    -13.751157    1.051071
  6     Sat Feb 20 21:38:01 CET 2016    EN: 2.731 GAM: 0.422  GM3: 0.0000
     2s    -19.378245    2.021003
     2p    -11.993376    1.497917
  7     Sat Feb 20 21:38:01 CET 2016    EN: 3.573 GAM: 0.504  GM3: 0.0000
     2s    -21.576984    2.275442
     2p    -16.125120    2.056788
  8     Sat Feb 20 21:38:01 CET 2016    EN: 3.700 GAM: 0.587  GM3: 0.0000
     2s    -21.648843    2.110798
     2p    -17.239740    2.329048
 12     Sat Feb 20 23:25:47 CET 2016    EN: 0.033 GAM: 0.222  GM3: 0.0000
     3s    -12.693633    1.302878
     3p     -8.128821    0.504252
 
 dipole moment of classical point charges (au)
     X       Y       Z   
   0.1781  -0.4000   0.5334  total (Debye):    1.754

 
 Nbf   :          338
 T(el) :   300.0
 calculating S/T integrals ...
 cpu time for ints   0.177723000000000     
 Nao   :          338
 making H0...
 making H1...
 cpu time for H      8.626999999999996E-003
 solving ...
 cpu time for diag   6.315300000000001E-002
 
 gap (eV)           :   1.382
 Koopmans IP (eV)   :  12.272
 Eel (Eh)           :  -268.430020
 T,E(Fermi),NFOD :    300.000   -11.580  0.000000
 T,E(Fermi),NFOD :    300.000   -11.580  0.000000
 Nfod               :  0.0000
 Nfod/Nel           :  0.0000

          eigenvalues
 #    :         164        165        166        167        168        169        170        171
 occ. :        2.000      2.000      2.000      2.000      2.000      2.000      2.000      2.000
 eps  :       -16.370    -16.187    -15.964    -15.884    -15.725    -15.538    -15.443    -15.054
 #    :         172        173        174        175        176        177        178        179
 occ. :        2.000      2.000      2.000      2.000      2.000      0.000      0.000      0.000
 eps  :       -14.801    -14.740    -14.670    -13.282    -12.273    -10.890    -10.127     -8.797
 #    :         180        181        182        183        184        185        186        187
 occ. :        0.000      0.000      0.000      0.000      0.000      0.000      0.000      0.000
 eps  :        -8.440     -8.230     -7.840     -7.797     -7.670     -7.267     -7.045     -7.008
                            1  SCC done.
 making H1...
 cpu time for H      7.929700000000001E-002
 solving ...
 cpu time for diag   3.543099999999999E-002
 
 gap (eV)           :   1.667
 Koopmans IP (eV)   :  12.094
 Eel (Eh)           :  -264.931066
 T,E(Fermi),NFOD :    300.000   -11.260  0.000000
 T,E(Fermi),NFOD :    300.000   -11.260  0.000000
 Nfod               :  0.0000
 Nfod/Nel           :  0.0000

          eigenvalues
 #    :         164        165        166        167        168        169        170        171
 occ. :        2.000      2.000      2.000      2.000      2.000      2.000      2.000      2.000
 eps  :       -15.346    -15.103    -14.958    -14.829    -14.504    -14.331    -14.262    -14.005
 #    :         172        173        174        175        176        177        178        179
 occ. :        2.000      2.000      2.000      2.000      2.000      0.000      0.000      0.000
 eps  :       -13.972    -13.908    -13.474    -12.596    -12.095    -10.427     -9.473     -8.497
 #    :         180        181        182        183        184        185        186        187
 occ. :        0.000      0.000      0.000      0.000      0.000      0.000      0.000      0.000
 eps  :        -8.331     -7.938     -7.743     -7.676     -7.298     -7.087     -6.856     -6.794
                            2  SCC done.
 
 
 Mulliken/CM5 charges    n(s)   n(p)   n(d)   
    1 MG  0.3071  0.7168   0.659  1.034  0.000
    2 C  -0.0073 -0.0031   1.184  2.823  0.000
    3 C  -0.0152 -0.0591   1.142  2.873  0.000
    4 C  -0.0277 -0.0695   1.127  2.901  0.000
    5 C  -0.0364 -0.0776   1.132  2.905  0.000
    6 N  -0.1463 -0.3770   1.414  3.732  0.000
    7 C   0.0412  0.1059   1.230  2.729  0.000
    8 C  -0.0253 -0.0790   1.204  2.821  0.000
    9 C  -0.0198 -0.0777   1.218  2.802  0.000
   10 C   0.0299  0.0846   1.266  2.704  0.000
   11 C  -0.0875 -0.2355   1.100  2.987  0.000
   12 C  -0.0513 -0.1570   1.149  2.902  0.000
   13 C  -0.0743 -0.1741   1.151  2.924  0.000
   14 C   0.2160  0.2671   1.182  2.602  0.000
   15 O  -0.3254 -0.3775   1.627  4.698  0.000
   16 O  -0.1271 -0.2106   1.488  4.639  0.000
   17 N  -0.2047 -0.4549   1.372  3.833  0.000
   18 C   0.0522  0.1120   1.186  2.761  0.000
   19 C   0.0091  0.0056   1.219  2.772  0.000
   20 C  -0.0681 -0.0627   1.219  2.850  0.000
   21 C   0.0287  0.0873   1.213  2.758  0.000
   22 C  -0.0789 -0.2223   1.083  2.996  0.000
   23 C   0.1614  0.1835   1.189  2.649  0.000
   24 O  -0.2665 -0.3212   1.618  4.648  0.000
   25 C  -0.0798 -0.2215   1.085  2.995  0.000
   26 N  -0.1730 -0.4299   1.412  3.761  0.000
   27 C   0.0552  0.1204   1.215  2.730  0.000
   28 C  -0.0389 -0.0965   1.211  2.828  0.000
   29 C  -0.0363 -0.0907   1.203  2.834  0.000
   30 C   0.0204  0.0772   1.218  2.762  0.000
   31 C  -0.0959 -0.2435   1.112  2.984  0.000
   32 C  -0.0629 -0.1748   1.160  2.903  0.000
   33 C  -0.0936 -0.2474   1.095  2.999  0.000
   34 N  -0.2095 -0.5033   1.388  3.822  0.000
   35 C   0.0005  0.0567   1.210  2.789  0.000
   36 C  -0.0343 -0.0391   1.231  2.803  0.000
   37 C  -0.0532 -0.0455   1.185  2.868  0.000
   38 C   0.0166  0.0814   1.204  2.780  0.000
   39 C  -0.0477 -0.1912   1.087  2.961  0.000
   40 C   0.1244  0.1555   1.217  2.659  0.000
   41 O  -0.2426 -0.2844   1.638  4.605  0.000
   42 C  -0.0329 -0.0749   1.198  2.835  0.000
   43 C   0.2466  0.3052   1.157  2.597  0.000
   44 O  -0.2888 -0.3375   1.622  4.667  0.000
   45 O  -0.1486 -0.2322   1.476  4.673  0.000
   46 C   0.0223 -0.1032   1.101  2.877  0.000
   47 C   0.0632 -0.0172   1.136  2.801  0.000
   48 C  -0.0841 -0.1413   1.170  2.914  0.000
   49 C  -0.0230 -0.0476   1.228  2.795  0.000
   50 C  -0.0908 -0.2363   1.087  3.004  0.000
   51 C  -0.0685 -0.1755   1.138  2.931  0.000
   52 C  -0.0674 -0.1815   1.149  2.919  0.000
   53 C  -0.0605 -0.1718   1.151  2.909  0.000
   54 C  -0.0238 -0.0977   1.199  2.825  0.000
   55 C  -0.1059 -0.2568   1.105  3.001  0.000
   56 C  -0.0691 -0.1796   1.158  2.912  0.000
   57 C  -0.0730 -0.1866   1.161  2.912  0.000
   58 C  -0.0812 -0.1914   1.167  2.914  0.000
   59 C  -0.0289 -0.1019   1.213  2.815  0.000
   60 C  -0.1026 -0.2528   1.108  2.994  0.000
   61 C  -0.0680 -0.1788   1.147  2.921  0.000
   62 C  -0.0458 -0.1588   1.142  2.904  0.000
   63 C  -0.0742 -0.1859   1.155  2.919  0.000
   64 C  -0.0255 -0.1006   1.196  2.830  0.000
   65 C  -0.0990 -0.2491   1.099  3.000  0.000
   66 C  -0.1077 -0.2573   1.107  3.001  0.000
   67 H   0.0600  0.1186   0.940  0.000  0.000
   68 H   0.0539  0.1145   0.946  0.000  0.000
   69 H   0.0602  0.1188   0.940  0.000  0.000
   70 H   0.0590  0.1220   0.941  0.000  0.000
   71 H   0.0658  0.1286   0.934  0.000  0.000
   72 H   0.0359  0.0877   0.964  0.000  0.000
   73 H   0.0400  0.0923   0.960  0.000  0.000
   74 H   0.0419  0.0960   0.958  0.000  0.000
   75 H   0.0406  0.0999   0.959  0.000  0.000
   76 H   0.0395  0.0999   0.961  0.000  0.000
   77 H   0.0578  0.1219   0.942  0.000  0.000
   78 H   0.0398  0.1041   0.960  0.000  0.000
   79 H   0.0492  0.1024   0.951  0.000  0.000
   80 H   0.0482  0.1017   0.952  0.000  0.000
   81 H   0.0488  0.1060   0.951  0.000  0.000
   82 H   0.0506  0.1042   0.949  0.000  0.000
   83 H   0.0494  0.1071   0.951  0.000  0.000
   84 H   0.0514  0.1075   0.949  0.000  0.000
   85 H   0.0499  0.1107   0.950  0.000  0.000
   86 H   0.0471  0.1091   0.953  0.000  0.000
   87 H   0.0394  0.0922   0.961  0.000  0.000
   88 H   0.0343  0.0870   0.966  0.000  0.000
   89 H   0.0398  0.0902   0.960  0.000  0.000
   90 H   0.0335  0.0912   0.966  0.000  0.000
   91 H   0.0427  0.0994   0.957  0.000  0.000
   92 H   0.0393  0.0905   0.961  0.000  0.000
   93 H   0.0376  0.0906   0.962  0.000  0.000
   94 H   0.0255  0.0771   0.974  0.000  0.000
   95 H   0.0535  0.1054   0.947  0.000  0.000
   96 H   0.0554  0.1076   0.945  0.000  0.000
   97 H   0.0559  0.1091   0.944  0.000  0.000
   98 H   0.0629  0.1283   0.937  0.000  0.000
   99 H   0.0588  0.1162   0.941  0.000  0.000
  100 H   0.0529  0.1097   0.947  0.000  0.000
  101 H   0.0556  0.1197   0.944  0.000  0.000
  102 H   0.0535  0.1191   0.947  0.000  0.000
  103 H   0.0625  0.1307   0.937  0.000  0.000
  104 H   0.0377  0.0991   0.962  0.000  0.000
  105 H   0.0388  0.0925   0.961  0.000  0.000
  106 H   0.0503  0.1023   0.950  0.000  0.000
  107 H   0.0459  0.0983   0.954  0.000  0.000
  108 H   0.0409  0.0981   0.959  0.000  0.000
  109 H   0.0346  0.0934   0.965  0.000  0.000
  110 H   0.0293  0.0859   0.971  0.000  0.000
  111 H   0.0359  0.0925   0.964  0.000  0.000
  112 H   0.0506  0.1076   0.949  0.000  0.000
  113 H   0.0291  0.0882   0.971  0.000  0.000
  114 H   0.0390  0.1009   0.961  0.000  0.000
  115 H   0.0335  0.0864   0.967  0.000  0.000
  116 H   0.0403  0.0928   0.960  0.000  0.000
  117 H   0.0327  0.0847   0.967  0.000  0.000
  118 H   0.0389  0.0951   0.961  0.000  0.000
  119 H   0.0368  0.0948   0.963  0.000  0.000
  120 H   0.0332  0.0896   0.967  0.000  0.000
  121 H   0.0290  0.0850   0.971  0.000  0.000
  122 H   0.0260  0.0831   0.974  0.000  0.000
  123 H   0.0358  0.0920   0.964  0.000  0.000
  124 H   0.0343  0.0946   0.966  0.000  0.000
  125 H   0.0334  0.0857   0.967  0.000  0.000
  126 H   0.0331  0.0842   0.967  0.000  0.000
  127 H   0.0331  0.0855   0.967  0.000  0.000
  128 H   0.0354  0.0919   0.965  0.000  0.000
  129 H   0.0306  0.0887   0.969  0.000  0.000
  130 H   0.0440  0.1000   0.956  0.000  0.000
  131 H   0.0332  0.0906   0.967  0.000  0.000
  132 H   0.0423  0.0976   0.958  0.000  0.000
  133 H   0.0178  0.0753   0.982  0.000  0.000
  134 H   0.0342  0.0961   0.966  0.000  0.000
  135 H   0.0307  0.0823   0.969  0.000  0.000
  136 H   0.0356  0.0873   0.964  0.000  0.000
  137 H   0.0397  0.0924   0.960  0.000  0.000
  138 H   0.0315  0.0835   0.968  0.000  0.000
  139 H   0.0318  0.0834   0.968  0.000  0.000
  140 H   0.0329  0.0854   0.967  0.000  0.000
 Hirshfeld charges for QMDFF written to <charges>
 
 Loewdin charges    n(s)   n(p)   n(d)
    1 MG  0.1493   0.670  1.181  0.000
    2 C  -0.0061   1.144  2.862  0.000
    3 C  -0.0104   1.090  2.920  0.000
    4 C  -0.0272   1.075  2.952  0.000
    5 C  -0.0329   1.079  2.954  0.000
    6 N  -0.1131   1.371  3.742  0.000
    7 C   0.0432   1.194  2.763  0.000
    8 C  -0.0189   1.157  2.862  0.000
    9 C  -0.0098   1.171  2.839  0.000
   10 C   0.0325   1.232  2.735  0.000
   11 C  -0.0895   1.028  3.061  0.000
   12 C  -0.0461   1.090  2.956  0.000
   13 C  -0.0752   1.093  2.982  0.000
   14 C   0.1918   1.156  2.652  0.000
   15 O  -0.3134   1.599  4.714  0.000
   16 O  -0.0886   1.450  4.639  0.000
   17 N  -0.1758   1.332  3.843  0.000
   18 C   0.0535   1.147  2.799  0.000
   19 C   0.0169   1.179  2.804  0.000
   20 C  -0.0766   1.185  2.892  0.000
   21 C   0.0347   1.175  2.791  0.000
   22 C  -0.0800   1.009  3.071  0.000
   23 C   0.1602   1.151  2.689  0.000
   24 O  -0.2511   1.587  4.664  0.000
   25 C  -0.0851   1.011  3.074  0.000
   26 N  -0.1384   1.368  3.771  0.000
   27 C   0.0593   1.177  2.764  0.000
   28 C  -0.0317   1.165  2.867  0.000
   29 C  -0.0311   1.156  2.875  0.000
   30 C   0.0254   1.180  2.795  0.000
   31 C  -0.0977   1.041  3.057  0.000
   32 C  -0.0582   1.101  2.957  0.000
   33 C  -0.0952   1.022  3.073  0.000
   34 N  -0.1750   1.345  3.830  0.000
   35 C   0.0040   1.172  2.824  0.000
   36 C  -0.0268   1.191  2.836  0.000
   37 C  -0.0597   1.147  2.913  0.000
   38 C   0.0215   1.164  2.814  0.000
   39 C  -0.0448   1.011  3.034  0.000
   40 C   0.1206   1.183  2.696  0.000
   41 O  -0.2291   1.610  4.619  0.000
   42 C  -0.0323   1.151  2.882  0.000
   43 C   0.2203   1.131  2.649  0.000
   44 O  -0.2751   1.591  4.684  0.000
   45 O  -0.1130   1.440  4.673  0.000
   46 C   0.0171   1.030  2.952  0.000
   47 C   0.0633   1.078  2.859  0.000
   48 C  -0.0846   1.122  2.963  0.000
   49 C  -0.0116   1.187  2.825  0.000
   50 C  -0.0924   1.014  3.079  0.000
   51 C  -0.0667   1.079  2.988  0.000
   52 C  -0.0645   1.091  2.974  0.000
   53 C  -0.0589   1.093  2.966  0.000
   54 C  -0.0140   1.151  2.863  0.000
   55 C  -0.1100   1.034  3.076  0.000
   56 C  -0.0675   1.101  2.967  0.000
   57 C  -0.0695   1.104  2.965  0.000
   58 C  -0.0794   1.111  2.969  0.000
   59 C  -0.0189   1.167  2.852  0.000
   60 C  -0.1056   1.038  3.068  0.000
   61 C  -0.0660   1.089  2.977  0.000
   62 C  -0.0411   1.082  2.959  0.000
   63 C  -0.0730   1.098  2.975  0.000
   64 C  -0.0145   1.147  2.867  0.000
   65 C  -0.1025   1.027  3.075  0.000
   66 C  -0.1120   1.037  3.075  0.000
   67 H   0.0552   0.945  0.000  0.000
   68 H   0.0498   0.950  0.000  0.000
   69 H   0.0537   0.946  0.000  0.000
   70 H   0.0534   0.947  0.000  0.000
   71 H   0.0572   0.943  0.000  0.000
   72 H   0.0354   0.965  0.000  0.000
   73 H   0.0401   0.960  0.000  0.000
   74 H   0.0417   0.958  0.000  0.000
   75 H   0.0376   0.962  0.000  0.000
   76 H   0.0359   0.964  0.000  0.000
   77 H   0.0540   0.946  0.000  0.000
   78 H   0.0374   0.963  0.000  0.000
   79 H   0.0487   0.951  0.000  0.000
   80 H   0.0470   0.953  0.000  0.000
   81 H   0.0468   0.953  0.000  0.000
   82 H   0.0505   0.949  0.000  0.000
   83 H   0.0470   0.953  0.000  0.000
   84 H   0.0511   0.949  0.000  0.000
   85 H   0.0445   0.956  0.000  0.000
   86 H   0.0423   0.958  0.000  0.000
   87 H   0.0391   0.961  0.000  0.000
   88 H   0.0354   0.965  0.000  0.000
   89 H   0.0391   0.961  0.000  0.000
   90 H   0.0315   0.968  0.000  0.000
   91 H   0.0408   0.959  0.000  0.000
   92 H   0.0385   0.961  0.000  0.000
   93 H   0.0381   0.962  0.000  0.000
   94 H   0.0264   0.974  0.000  0.000
   95 H   0.0512   0.949  0.000  0.000
   96 H   0.0529   0.947  0.000  0.000
   97 H   0.0526   0.947  0.000  0.000
   98 H   0.0540   0.946  0.000  0.000
   99 H   0.0540   0.946  0.000  0.000
  100 H   0.0493   0.951  0.000  0.000
  101 H   0.0515   0.948  0.000  0.000
  102 H   0.0469   0.953  0.000  0.000
  103 H   0.0539   0.946  0.000  0.000
  104 H   0.0319   0.968  0.000  0.000
  105 H   0.0382   0.962  0.000  0.000
  106 H   0.0485   0.952  0.000  0.000
  107 H   0.0457   0.954  0.000  0.000
  108 H   0.0376   0.962  0.000  0.000
  109 H   0.0326   0.967  0.000  0.000
  110 H   0.0284   0.972  0.000  0.000
  111 H   0.0344   0.966  0.000  0.000
  112 H   0.0482   0.952  0.000  0.000
  113 H   0.0278   0.972  0.000  0.000
  114 H   0.0344   0.966  0.000  0.000
  115 H   0.0342   0.966  0.000  0.000
  116 H   0.0396   0.960  0.000  0.000
  117 H   0.0342   0.966  0.000  0.000
  118 H   0.0373   0.963  0.000  0.000
  119 H   0.0354   0.965  0.000  0.000
  120 H   0.0321   0.968  0.000  0.000
  121 H   0.0272   0.973  0.000  0.000
  122 H   0.0242   0.976  0.000  0.000
  123 H   0.0339   0.966  0.000  0.000
  124 H   0.0299   0.970  0.000  0.000
  125 H   0.0336   0.966  0.000  0.000
  126 H   0.0332   0.967  0.000  0.000
  127 H   0.0335   0.967  0.000  0.000
  128 H   0.0332   0.967  0.000  0.000
  129 H   0.0293   0.971  0.000  0.000
  130 H   0.0412   0.959  0.000  0.000
  131 H   0.0314   0.969  0.000  0.000
  132 H   0.0403   0.960  0.000  0.000
  133 H   0.0171   0.983  0.000  0.000
  134 H   0.0301   0.970  0.000  0.000
  135 H   0.0311   0.969  0.000  0.000
  136 H   0.0363   0.964  0.000  0.000
  137 H   0.0391   0.961  0.000  0.000
  138 H   0.0318   0.968  0.000  0.000
  139 H   0.0326   0.967  0.000  0.000
  140 H   0.0332   0.967  0.000  0.000
 
 Wiberg/Mayer (AO) data. WBOs > 0.1 written file <wbo>
 largest (>0.05) Wiberg bond orders for each atom
           total WBO             WBO to atom ...
     1  MG  2.529    N   34 0.569    N   17 0.523    N   26 0.361    N    6 0.347    C   10 0.066    C   38 0.061    C   18 0.051    C   21 0.050
     2  C   3.877    C    7 1.368    C   38 1.254    C   42 0.927
     3  C   3.912    C   10 1.393    C   18 1.276    H   67 0.933
     4  C   3.902    C   27 1.378    C   21 1.314    H   68 0.932
     5  C   3.922    C   30 1.451    C   35 1.262    H   69 0.934
     6  N   3.281    C    7 1.296    C   10 1.229    MG   1 0.347
     7  C   3.871    C    2 1.368    N    6 1.296    C    8 0.933
     8  C   3.927    C   12 0.967    C    9 0.942    C    7 0.933    H   70 0.925
     9  C   3.925    C   11 0.989    C    8 0.942    H   71 0.940    C   10 0.895
    10  C   3.811    C    3 1.393    N    6 1.229    C    9 0.895    MG   1 0.066
    11  C   3.976    C    9 0.989    H   72 0.980    H   73 0.975    H   74 0.974
    12  C   3.958    C   13 0.977    C    8 0.967    H   76 0.963    H   75 0.961
    13  C   3.962    C   12 0.977    H   78 0.963    H   77 0.938    C   14 0.920    O   15 0.088
    14  C   3.891    O   15 1.760    O   16 1.164    C   13 0.920
    15  O   2.074    C   14 1.760    O   16 0.165    C   13 0.088
    16  O   2.357    C   14 1.164    C   47 0.936    O   15 0.165
    17  N   3.318    C   21 1.167    C   18 1.162    MG   1 0.523    C   20 0.075
    18  C   3.872    C    3 1.276    C   19 1.196    N   17 1.162    MG   1 0.051
    19  C   3.867    C   20 1.397    C   18 1.196    C   22 0.993
    20  C   3.864    C   19 1.397    C   21 1.125    C   23 0.982    O   24 0.080    N   17 0.075
    21  C   3.875    C    4 1.314    N   17 1.167    C   20 1.125    N   26 0.055    MG   1 0.050
    22  C   3.980    C   19 0.993    H   79 0.975    H   80 0.966    H   81 0.964
    23  C   3.895    O   24 1.805    C   25 1.010    C   20 0.982
    24  O   2.127    C   23 1.805    C   20 0.080    C   25 0.065
    25  C   3.986    C   23 1.010    H   83 0.965    H   82 0.950    H   84 0.950    O   24 0.065
    26  N   3.322    C   27 1.312    C   30 1.180    MG   1 0.361    C   21 0.055
    27  C   3.858    C    4 1.378    N   26 1.312    C   28 0.938
    28  C   3.933    C   31 0.953    C   29 0.952    H   85 0.942    C   27 0.938
    29  C   3.936    C   30 0.970    C   28 0.952    H   86 0.936    C   32 0.916
    30  C   3.860    C    5 1.451    N   26 1.180    C   29 0.970
    31  C   3.965    H   89 0.982    H   87 0.980    H   88 0.978    C   28 0.953
    32  C   3.942    C   33 1.013    H   90 0.966    H   91 0.961    C   29 0.916
    33  C   3.979    C   32 1.013    H   92 0.983    H   94 0.978    H   93 0.975
    34  N   3.317    C   38 1.175    C   35 1.119    MG   1 0.569    C   37 0.052    C   36 0.052
    35  C   3.855    C    5 1.262    C   36 1.195    N   34 1.119
    36  C   3.857    C   37 1.399    C   35 1.195    C   39 0.966    N   34 0.052    O   41 0.052
    37  C   3.900    C   36 1.399    C   38 1.144    C   40 1.053    O   41 0.068    N   34 0.052
    38  C   3.890    C    2 1.254    N   34 1.175    C   37 1.144    MG   1 0.061
    39  C   3.974    H   97 0.980    H   96 0.976    H   95 0.972    C   36 0.966
    40  C   3.878    O   41 1.801    C   37 1.053    C   42 0.868
    41  O   2.130    C   40 1.801    C   42 0.079    C   37 0.068    C   36 0.052
    42  C   3.941    H   98 0.931    C    2 0.927    C   43 0.917    C   40 0.868    O   41 0.079    O   44 0.076
    43  C   3.904    O   44 1.792    O   45 1.123    C   42 0.917
    44  O   2.116    C   43 1.792    O   45 0.169    C   42 0.076
    45  O   2.317    C   43 1.123    C   46 0.954    O   44 0.169
    46  C   3.933    H  100 0.990    H   99 0.985    H  101 0.982    O   45 0.954
    47  C   3.922    C   48 0.987    H  102 0.964    H  103 0.958    O   16 0.936
    48  C   3.943    C   49 1.889    C   47 0.987    H  104 0.935
    49  C   3.923    C   48 1.889    C   51 0.976    C   50 0.961
    50  C   3.989    H  105 0.982    H  107 0.979    H  106 0.973    C   49 0.961
    51  C   3.970    C   52 0.977    C   49 0.976    H  109 0.954    H  108 0.951
    52  C   3.960    C   53 0.981    C   51 0.977    H  110 0.964    H  111 0.963
    53  C   3.963    C   54 0.988    C   52 0.981    H  113 0.959    H  112 0.948
    54  C   3.941    C   53 0.988    C   55 0.983    C   56 0.958    H  114 0.949
    55  C   3.980    C   54 0.983    H  116 0.981    H  115 0.977    H  117 0.975
    56  C   3.959    C   57 0.991    H  119 0.963    C   54 0.958    H  118 0.957
    57  C   3.961    C   56 0.991    H  121 0.969    H  120 0.967    C   58 0.967
    58  C   3.958    C   59 0.977    H  122 0.971    C   57 0.967    H  123 0.960
    59  C   3.934    C   58 0.977    C   60 0.976    C   61 0.962    H  124 0.949
    60  C   3.977    H  125 0.983    H  126 0.981    H  127 0.979    C   59 0.976
    61  C   3.962    C   62 0.999    C   59 0.962    H  128 0.960    H  129 0.959
    62  C   3.966    C   61 0.999    C   63 0.974    H  131 0.964    H  130 0.962
    63  C   3.956    C   64 0.980    C   62 0.974    H  133 0.964    H  132 0.952
    64  C   3.941    C   65 0.986    C   63 0.980    C   66 0.977    H  134 0.956
    65  C   3.980    C   64 0.986    H  137 0.981    H  135 0.978    H  136 0.977
    66  C   3.979    H  138 0.981    H  140 0.980    H  139 0.979    C   64 0.977
    67  H   0.991    C    3 0.933
    68  H   0.994    C    4 0.932
    69  H   0.993    C    5 0.934
    70  H   0.994    C    8 0.925
    71  H   0.992    C    9 0.940
    72  H   0.998    C   11 0.980
    73  H   0.997    C   11 0.975
    74  H   0.997    C   11 0.974
    75  H   0.996    C   12 0.961
    76  H   0.996    C   12 0.963
    77  H   0.996    C   13 0.938
    78  H   0.998    C   13 0.963
    79  H   0.995    C   22 0.975
    80  H   0.993    C   22 0.966
    81  H   0.992    C   22 0.964
    82  H   0.997    C   25 0.950
    83  H   0.995    C   25 0.965
    84  H   0.997    C   25 0.950
    85  H   0.995    C   28 0.942
    86  H   0.993    C   29 0.936
    87  H   0.997    C   31 0.980
    88  H   0.997    C   31 0.978
    89  H   0.997    C   31 0.982
    90  H   0.998    C   32 0.966
    91  H   0.995    C   32 0.961
    92  H   0.998    C   33 0.983
    93  H   0.997    C   33 0.975
    94  H   0.999    C   33 0.978
    95  H   0.993    C   39 0.972
    96  H   0.994    C   39 0.976
    97  H   0.995    C   39 0.980
    98  H   0.992    C   42 0.931
    99  H   0.996    C   46 0.985
   100  H   0.997    C   46 0.990
   101  H   0.997    C   46 0.982
   102  H   0.995    C   47 0.964
   103  H   0.996    C   47 0.958
   104  H   0.998    C   48 0.935
   105  H   0.998    C   50 0.982
   106  H   0.997    C   50 0.973
   107  H   0.998    C   50 0.979
   108  H   0.998    C   51 0.951
   109  H   0.999    C   51 0.954
   110  H   0.998    C   52 0.964
   111  H   0.998    C   52 0.963
   112  H   0.997    C   53 0.948
   113  H   0.999    C   53 0.959
   114  H   0.998    C   54 0.949
   115  H   0.998    C   55 0.977
   116  H   0.998    C   55 0.981
   117  H   0.998    C   55 0.975
   118  H   0.998    C   56 0.957
   119  H   0.999    C   56 0.963
   120  H   0.999    C   57 0.967
   121  H   0.999    C   57 0.969
   122  H   0.999    C   58 0.971
   123  H   0.999    C   58 0.960
   124  H   0.999    C   59 0.949
   125  H   0.999    C   60 0.983
   126  H   0.998    C   60 0.981
   127  H   0.998    C   60 0.979
   128  H   0.998    C   61 0.960
   129  H   0.999    C   61 0.959
   130  H   0.998    C   62 0.962
   131  H   0.999    C   62 0.964
   132  H   0.998    C   63 0.952
   133  H   0.999    C   63 0.964
   134  H   0.999    C   64 0.956
   135  H   0.999    C   65 0.978
   136  H   0.998    C   65 0.977
   137  H   0.998    C   65 0.981
   138  H   0.999    C   66 0.981
   139  H   0.999    C   66 0.979
   140  H   0.999    C   66 0.980
 
 --------------------------------------------
          xTB calculation for sTDA...
 --------------------------------------------
 
 reading parameter file ~/.param_stda2.xtb
 
      method parameters     
 k(s)        :  1.6000
 k(p)        :  2.1800
 k(d)        :  1.9500
 k(f)        :  2.0000
 k(R-V)      :  2.2750
 k(R-R)      :  1.7650
 Tscal       :  0.2580
 Gscal       :  1.0000
 fpol        :  1.0000
 Zcnf        :  0.3430
 Zqf         :  0.0000
 kcn         :  2.7000
 Ryd Hsplit  :  0.7000
 lshift(virt):  3.1000
 lshift(OS)  :  0.2000
 wllscaling  :  2.6000
 
 mowrcut     : 3.000
 
  Z AO/shell   Hii/eV     exponent
  1     Sun Feb 14 09:53:25 CET 2016    EN: 2.327 GAM: 0.473  GM3: 0.0000
     1s    -14.339618    1.220000
     2sp    -3.348946    0.600000
  6     Sun Feb 14 09:53:25 CET 2016    EN: 2.731 GAM: 0.422  GM3: 0.0000
     2s    -22.009312    1.565095
     2p    -13.020408    1.596905
     3sp    -3.914040    0.824500
  7     Sun Feb 14 09:53:25 CET 2016    EN: 3.573 GAM: 0.504  GM3: 0.0000
     2s    -25.722000    2.064844
     2p    -18.684912    1.801692
     3sp    -4.344791    0.921400
  8     Sun Feb 14 09:53:25 CET 2016    EN: 3.700 GAM: 0.587  GM3: 0.0000
     2s    -33.859000    2.418661
     2p    -22.175911    1.973969
     3sp    -4.259392    1.013700
 12     Sun Feb 21 16:58:31 CET 2016    EN: 0.033 GAM: 0.222  GM3: 0.0000
     3s    -11.092543    1.647583
     3p     -6.929529    0.855020
 
 Nbf   :          894
 T(el) :     0.0
 calculating S/T integrals ...
 cpu time for ints    1.38888300000000     
 Nao   :          894
 making H0...
 making H1...
 cpu time for H      2.712799999999982E-002
 solving ...
 cpu time for diag   0.323585000000000     
 
 gap (eV)           :   4.692
 Koopmans IP (eV)   :  13.342
 Eel (Eh)           :  -300.084843

          eigenvalues
 #    :         164        165        166        167        168        169        170        171
 occ. :        2.000      2.000      2.000      2.000      2.000      2.000      2.000      2.000
 eps  :       -17.282    -16.969    -16.708    -16.391    -16.221    -15.988    -15.969    -15.555
 #    :         172        173        174        175        176        177        178        179
 occ. :        2.000      2.000      2.000      2.000      2.000      0.000      0.000      0.000
 eps  :       -15.376    -15.370    -15.107    -13.874    -13.343     -8.650     -7.094     -6.864
 #    :         180        181        182        183        184        185        186        187
 occ. :        0.000      0.000      0.000      0.000      0.000      0.000      0.000      0.000
 eps  :        -6.675     -6.158     -5.494     -5.251     -5.127     -5.034     -4.981     -4.964
                            1  SCC done.
 writing mo output ...
 molden style : F
 
speedup  1.09
cpu  time for all    2.29 s
wall time for all    2.10 s
