cpu-bind=MASK - bp1-compute050, task 4294967295 4294967295 [0]: mask 0xffffffffffff set
Host:    bp1-compute050.data.bp.acrc.priv
Time:    Wed May  4 11:49:59 BST 2022
Dir:     /user/home/of15641/chlorophyll_parameterization/tddft_data/step_1701_chromophore_6
Job ID:  1692206
Nodelist:
cat: bp1-compute050: No such file or directory
  
Result dir: /user/home/of15641/chlorophyll_parameterization/tddft_data/step_1701_chromophore_6
running gaussian jobs
Running time g16 < CAMB3LYP_step_1701_chromophore_6.com > CAMB3LYP_step_1701_chromophore_6.log

real	31m48.247s
user	749m59.882s
sys	0m34.053s
Running time g16 < PBE0_step_1701_chromophore_6.com > PBE0_step_1701_chromophore_6.log

real	19m15.505s
user	460m6.731s
sys	0m23.649s
Running time g16 < wB97XD_step_1701_chromophore_6.com > wB97XD_step_1701_chromophore_6.log

real	30m44.449s
user	724m55.767s
sys	0m31.687s
Running time g16 < BLYP_step_1701_chromophore_6.com > BLYP_step_1701_chromophore_6.log

real	11m41.971s
user	279m7.559s
sys	0m22.503s
Running time g16 < ZINDO_step_1701_chromophore_6.com > ZINDO_step_1701_chromophore_6.log

real	0m8.442s
user	3m6.473s
sys	0m3.173s
