cpu-bind=MASK - bp1-compute067, task 4294967295 4294967295 [0]: mask 0xffffffffffff set
Host:    bp1-compute067.data.bp.acrc.priv
Time:    Wed May  4 23:39:19 BST 2022
Dir:     /user/home/of15641/chlorophyll_parameterization/tddft_data/step_501_chromophore_3
Job ID:  1692321
Nodelist:
cat: bp1-compute067: No such file or directory
  
Result dir: /user/home/of15641/chlorophyll_parameterization/tddft_data/step_501_chromophore_3
running gaussian jobs
Running time g16 < CAMB3LYP_step_501_chromophore_3.com > CAMB3LYP_step_501_chromophore_3.log

real	33m33.675s
user	790m37.944s
sys	1m11.291s
Running time g16 < PBE0_step_501_chromophore_3.com > PBE0_step_501_chromophore_3.log

real	19m44.100s
user	471m4.184s
sys	0m38.643s
Running time g16 < wB97XD_step_501_chromophore_3.com > wB97XD_step_501_chromophore_3.log

real	33m34.333s
user	791m21.373s
sys	0m57.853s
Running time g16 < BLYP_step_501_chromophore_3.com > BLYP_step_501_chromophore_3.log

real	12m11.665s
user	290m34.910s
sys	0m33.865s
Running time g16 < ZINDO_step_501_chromophore_3.com > ZINDO_step_501_chromophore_3.log

real	0m8.470s
user	3m7.667s
sys	0m3.225s
