 
        ______________________________________
       |                                      |
       |          ===================         |
       |             xTB for sTDA             |
       |          ===================         |
       |               S. Grimme              |
       |        Universitaet Bonn, MCTC       |
       |         2015-19, Version 1.0         |
       |     Wed Apr  3 09:14:55 CEST 2019    |
       |______________________________________|
 
        This code comes without any warranty
        for non-commercial, academia use only.
        Preliminary test version.
        Cite this work as:
        S. Grimme  &  C. Bannwarth, JCP 145 (2016) 054103
        if GBSA is used additionally:
        P. Shushkov, F. März, C. Bannwarth, S. Grimme, unpublished.
 
        with help from
        P. Shushkov, G. Brandenburg, S. Dohm, J. Pisarek,
        F. März, M. Checinski, S. Ehrlich, S. Spicher, 
        P. Pracht, E. Caldeweyher, S. Ehlert, and C. Bannwarth.
 
        usage        :
        xtb4stda <coord_file> [options]
        where <coord_file> is a valid file of TM)
        (*coord, Bohr) or xmol (*xyz, Angstroem)
        format.

        options:
        -chrg <int>   : molecular charge
        -uhf  <int>   : # of unpaired electrons(=2*S)
        -nox          : skip second, extended part in sTDA-xTB
        -pop          : do population analysis
                      : (default for -nox)
        -mowr <real>  : cut MO write above (def.3 Eh)
        -molden       : write formatted molden file
        -parx <file>  : read parameters for sTDA-xTB
                        calc (def:~/.param_stda2.xtb)
        -parv <file>  : read parameters for vTB part in
                        sTDA-xTB (def: ~/.param_stda1.xtb)
        -xtemp <real> : el. temp for xTB (def. 0 K)
        -etemp <real> : el. temp for GFN (def. 300 K)
        -fod          : calculate the FOD and write
                        molden.input file with
                        appropriate occupations
                        for plotting. Def. T=12500 K
 
        -acc <real>   : xTB accuracy (def. 1.0)
        -gbsa [string1] [string2]
                        use GBSA implicit solvent
                        for solvent [string1] and
                        solvation state [string2]=
                        reference, bar1M (default=1M)
        additional GFN/opt/MD/siman options read from
        $XTB4STDAHOME/.xtb4stdarc or $set in input
 
       spin and charge state information can be on:
       <.CHRG> (charge) and <.UHF> (=nalpha-nbeta)
       -uhf and -chrg override the file info.
       useful machine settings:
       setenv MKL_NUM_THREADS <NCORE_ON_YOUR_MACHINE>
       setenv OMP_STACKSIZE 500m
       limit stacksize unlimited
 
       total energies in Eh, gaps/HL energies in eV
       please read REVISION and HOWTO files carefully
 =============================
  # OMP threads =           4
 =============================
 
 xtb4stdahome directory:~/
 
 
 name of molecule           :
 comment line               :
 number of atoms            :   140
 number of electrons        :   352
 charge                     :  0
 spin                       : 0.0
 first test random number   :  0.3405
 
 -----------------------------------------
      charge density (VTB) calculation
 -----------------------------------------
 
      method parameters     
 k(s)        :  1.8000
 k(p)        :  2.8350
 k(d)        :  2.0860
 k(f)        :  2.0000
 Tscal       :  0.3300
 Gscal       :  0.3910
 fpol        :  1.0000
 Zcnf        :  0.6500
 Zqf         :  0.0000
 kcn         :  0.3000
 kEN1        : -0.5900
 wllscal     :  2.6000
 
     -------------------------
     ! NO SOLVENT MODEL USED !
     -------------------------
 
 doing EN charges ...
 sum q : -0.5440093D-14
 point charge moment (au)
     X       Y       Z   
   0.1701   1.0615   0.2257  total (Debye):    2.792
 
            Z      q(EN)   CN      Cart. coordinates
     1  MG  2.0   0.829   4.634    66.20466    92.97263    49.10642
     2  C   4.0   0.019   3.249    66.51457    89.63348    54.71701
     3  C   4.0  -0.060   3.136    63.13385    97.97851    52.55328
     4  C   4.0  -0.058   3.145    65.01980    96.14548    43.58842
     5  C   4.0  -0.056   3.144    68.19643    87.70974    45.73704
     6  N   5.0  -0.362   3.094    64.84406    93.69639    53.17878
     7  C   4.0   0.076   3.315    65.70577    92.05044    55.14031
     8  C   4.0  -0.094   4.161    65.20121    93.46018    57.64798
     9  C   4.0  -0.096   4.156    64.25446    96.11902    56.79760
    10  C   4.0   0.147   3.298    64.05982    95.86958    53.90632
    11  C   4.0  -0.237   4.018    61.85262    97.12247    58.25269
    12  C   4.0  -0.162   4.052    67.59361    93.46774    59.42432
    13  C   4.0  -0.169   4.051    67.02291    92.56634    62.05860
    14  C   4.0   0.184   3.079    64.24501    92.44161    63.02425
    15  O   6.0  -0.100   1.045    62.78803    90.65204    62.85229
    16  O   6.0  -0.123   2.044    63.55904    94.51086    64.33572
    17  N   5.0  -0.351   3.184    64.51713    96.65381    48.20313
    18  C   4.0   0.073   3.347    63.27558    98.33378    49.84530
    19  C   4.0   0.008   3.321    62.46489   100.38035    48.31084
    20  C   4.0   0.006   3.241    63.04882   100.06099    45.75404
    21  C   4.0   0.072   3.414    64.23556    97.53820    45.74649
    22  C   4.0  -0.248   4.052    60.88508   102.34378    49.58830
    23  C   4.0   0.107   3.059    62.72000   101.65592    43.37866
    24  O   6.0  -0.100   1.054    63.53070   101.04554    41.28484
    25  C   4.0  -0.251   4.047    61.19311   103.95382    43.75471
    26  N   5.0  -0.413   3.147    66.23678    91.90304    45.21736
    27  C   4.0   0.101   3.409    65.97789    93.61702    43.36354
    28  C   4.0  -0.095   4.145    66.33694    92.44161    40.73493
    29  C   4.0  -0.095   4.171    67.67865    90.00765    41.37933
    30  C   4.0   0.092   3.374    67.44432    89.79789    44.35376
    31  C   4.0  -0.237   4.018    63.97100    92.29233    38.95670
    32  C   4.0  -0.162   4.024    70.39418    89.73175    40.27384
    33  C   4.0  -0.237   3.996    72.61461    90.95818    41.84798
    34  N   5.0  -0.455   3.267    67.09283    89.27632    49.92278
    35  C   4.0   0.084   3.475    67.88840    87.35636    48.41856
    36  C   4.0   0.016   3.271    68.28903    85.16617    49.89443
    37  C   4.0   0.004   3.418    67.82415    85.96363    52.44178
    38  C   4.0   0.070   3.691    67.01346    88.45807    52.35108
    39  C   4.0  -0.245   4.017    68.72555    82.49221    48.90800
    40  C   4.0   0.106   3.162    67.97722    85.11893    55.07039
    41  O   6.0  -0.096   1.036    68.50823    83.03267    55.92644
    42  C   4.0  -0.112   4.193    66.98890    87.53966    56.67666
    43  C   4.0   0.174   3.148    64.52658    86.74031    57.85963
    44  O   6.0  -0.092   1.044    62.35907    87.41305    57.29460
    45  O   6.0  -0.117   2.034    65.05571    85.33246    59.94589
    46  C   4.0  -0.201   4.024    62.84284    84.07769    61.15909
    47  C   4.0  -0.140   4.044    61.00224    94.59968    65.53003
    48  C   4.0  -0.053   3.104    60.08195    97.20939    65.38641
    49  C   4.0   0.020   3.061    58.18088    98.54543    66.60906
    50  C   4.0  -0.248   4.023    56.60107    97.49852    68.82382
    51  C   4.0  -0.178   4.083    57.29838   100.93404    65.36562
    52  C   4.0  -0.164   4.045    59.22968   103.17337    65.14641
    53  C   4.0  -0.165   4.083    57.93333   105.72261    64.77036
    54  C   4.0  -0.088   4.044    59.08417   107.82965    66.51079
    55  C   4.0  -0.237   4.023    61.90364   108.29452    65.84183
    56  C   4.0  -0.165   4.084    57.13964   110.08032    66.33127
    57  C   4.0  -0.163   4.042    55.95668   110.73794    68.85028
    58  C   4.0  -0.165   4.078    57.65554   112.69948    70.22600
    59  C   4.0  -0.088   4.029    56.64831   115.49438    70.22600
    60  C   4.0  -0.239   4.037    58.91221   117.26316    70.82126
    61  C   4.0  -0.162   4.028    54.28805   115.88555    72.03635
    62  C   4.0  -0.162   4.007    51.88810   117.03829    70.64174
    63  C   4.0  -0.164   4.056    51.34385   119.92579    71.25968
    64  C   4.0  -0.088   4.022    48.59052   121.02561    71.24267
    65  C   4.0  -0.240   4.057    47.34519   120.63066    73.75600
    66  C   4.0  -0.239   4.047    47.05418   119.98626    69.04114
    67  H   1.0   0.070   1.004    62.42143    99.51108    53.73814
    68  H   1.0   0.071   1.006    64.84973    97.16215    41.80074
    69  H   1.0   0.070   1.005    68.48367    85.90505    44.77895
    70  H   1.0   0.086   1.014    63.68187    92.23374    58.30182
    71  H   1.0   0.085   1.009    65.66420    97.58167    57.13586
    72  H   1.0   0.080   0.999    60.24257    97.14703    56.96768
    73  H   1.0   0.080   0.997    62.05293    99.07077    58.88953
    74  H   1.0   0.082   1.002    61.67688    95.78832    59.80983
    75  H   1.0   0.083   1.005    68.23422    95.41982    59.55471
    76  H   1.0   0.083   1.005    69.11673    92.26398    58.74024
    77  H   1.0   0.082   1.004    68.03013    93.67183    63.47400
    78  H   1.0   0.082   1.005    67.68431    90.63504    62.33828
    79  H   1.0   0.081   1.000    62.11907   103.82721    50.30450
    80  H   1.0   0.081   1.002    59.86652   101.37057    51.09063
    81  H   1.0   0.081   1.003    59.78715   103.21305    48.07652
    82  H   1.0   0.081   1.007    59.39409   103.07321    44.24037
    83  H   1.0   0.081   1.002    61.22145   104.94215    41.94814
    84  H   1.0   0.081   1.002    62.14931   105.04042    45.21925
    85  H   1.0   0.084   1.011    67.58416    93.74175    39.73338
    86  H   1.0   0.085   1.011    66.40686    88.50343    40.77651
    87  H   1.0   0.081   1.000    62.42710    93.14081    40.02440
    88  H   1.0   0.080   0.998    63.35495    90.34591    38.68647
    89  H   1.0   0.080   0.997    64.38674    93.07467    37.09721
    90  H   1.0   0.082   1.003    70.39229    90.51976    38.37278
    91  H   1.0   0.081   1.002    70.55859    87.74187    39.76739
    92  H   1.0   0.080   0.998    72.18375    91.57423    43.76605
    93  H   1.0   0.080   0.998    73.12861    92.75342    40.97871
    94  H   1.0   0.080   0.998    74.15474    89.59191    41.88389
    95  H   1.0   0.080   1.000    68.28525    81.21853    50.46702
    96  H   1.0   0.080   0.997    70.65496    82.14828    48.27116
    97  H   1.0   0.080   0.999    67.49912    82.20686    47.27716
    98  H   1.0   0.085   1.006    68.34194    87.97808    58.16765
    99  H   1.0   0.080   0.997    61.73924    83.26699    59.61896
   100  H   1.0   0.081   0.996    61.89608    85.46853    62.34584
   101  H   1.0   0.081   0.997    63.87274    82.75488    62.35340
   102  H   1.0   0.081   1.001    61.27058    93.94395    67.46511
   103  H   1.0   0.082   1.003    59.48101    93.39593    64.83839
   104  H   1.0   0.071   1.010    60.61863    98.31110    63.72912
   105  H   1.0   0.080   0.997    57.13019    95.66171    69.59294
   106  H   1.0   0.080   0.997    54.58095    97.24530    68.51579
   107  H   1.0   0.080   1.000    56.82595    98.86290    70.34883
   108  H   1.0   0.083   1.007    55.79038   101.79576    66.47111
   109  H   1.0   0.082   1.003    56.54627   100.59200    63.47967
   110  H   1.0   0.082   1.005    60.29549   102.55921    63.49479
   111  H   1.0   0.082   1.003    60.50714   103.20738    66.76213
   112  H   1.0   0.082   1.003    55.88864   105.64135    65.00657
   113  H   1.0   0.083   1.005    58.32639   106.35378    62.85040
   114  H   1.0   0.083   1.008    58.93488   107.11912    68.43831
   115  H   1.0   0.080   0.999    62.60662   106.95093    64.44721
   116  H   1.0   0.080   0.997    63.11685   108.21138    67.50479
   117  H   1.0   0.080   0.998    62.17009   110.17102    65.03681
   118  H   1.0   0.083   1.004    55.76770   109.56064    64.88563
   119  H   1.0   0.083   1.006    57.92955   111.88311    65.72467
   120  H   1.0   0.082   1.003    55.74692   109.08632    70.06159
   121  H   1.0   0.082   1.006    54.19923   111.72816    68.43454
   122  H   1.0   0.083   1.006    59.45078   112.79774    69.21877
   123  H   1.0   0.082   1.002    58.06561   112.28374    72.20265
   124  H   1.0   0.083   1.010    56.31194   116.07264    68.27958
   125  H   1.0   0.081   1.000    58.08829   118.96770    71.63384
   126  H   1.0   0.080   0.997    60.08195   117.78284    69.20743
   127  H   1.0   0.081   1.000    60.08573   116.30885    72.21777
   128  H   1.0   0.082   1.003    54.85496   117.21781    73.50089
   129  H   1.0   0.081   1.001    53.95735   114.08087    72.97366
   130  H   1.0   0.081   1.001    50.21380   115.92146    71.08015
   131  H   1.0   0.082   1.002    52.12998   116.92301    68.60083
   132  H   1.0   0.082   1.003    52.35297   121.19190    69.98600
   133  H   1.0   0.083   1.004    52.06762   120.23003    73.16263
   134  H   1.0   0.082   1.010    48.60753   123.08163    71.10661
   135  H   1.0   0.081   1.001    47.21858   122.51471    74.57992
   136  H   1.0   0.081   0.998    48.35242   119.37210    75.03913
   137  H   1.0   0.080   0.997    45.40822   119.93713    73.84293
   138  H   1.0   0.081   1.002    48.45446   119.10187    67.81660
   139  H   1.0   0.080   0.997    45.96758   121.36954    67.97155
   140  H   1.0   0.081   1.001    45.91845   118.44613    69.80459
 
  Z AO/shell   Hii/eV     exponent
  1     Sat Feb 20 21:38:01 CET 2016    EN: 2.327 GAM: 0.473  GM3: 0.0000
     1s    -13.751157    1.051071
  6     Sat Feb 20 21:38:01 CET 2016    EN: 2.731 GAM: 0.422  GM3: 0.0000
     2s    -19.378245    2.021003
     2p    -11.993376    1.497917
  7     Sat Feb 20 21:38:01 CET 2016    EN: 3.573 GAM: 0.504  GM3: 0.0000
     2s    -21.576984    2.275442
     2p    -16.125120    2.056788
  8     Sat Feb 20 21:38:01 CET 2016    EN: 3.700 GAM: 0.587  GM3: 0.0000
     2s    -21.648843    2.110798
     2p    -17.239740    2.329048
 12     Sat Feb 20 23:25:47 CET 2016    EN: 0.033 GAM: 0.222  GM3: 0.0000
     3s    -12.693633    1.302878
     3p     -8.128821    0.504252
 
 dipole moment of classical point charges (au)
     X       Y       Z   
   0.1701   1.0615   0.2257  total (Debye):    2.792

 
 Nbf   :          338
 T(el) :   300.0
 calculating S/T integrals ...
 cpu time for ints   0.189893000000000     
 Nao   :          338
 making H0...
 making H1...
 cpu time for H      8.295999999999998E-003
 solving ...
 cpu time for diag   5.844000000000002E-002
 
 gap (eV)           :   1.462
 Koopmans IP (eV)   :  12.305
 Eel (Eh)           :  -268.484153
 T,E(Fermi),NFOD :    300.000   -11.574  0.000000
 T,E(Fermi),NFOD :    300.000   -11.574  0.000000
 Nfod               :  0.0000
 Nfod/Nel           :  0.0000

          eigenvalues
 #    :         164        165        166        167        168        169        170        171
 occ. :        2.000      2.000      2.000      2.000      2.000      2.000      2.000      2.000
 eps  :       -16.208    -16.104    -16.004    -15.813    -15.715    -15.469    -15.438    -15.046
 #    :         172        173        174        175        176        177        178        179
 occ. :        2.000      2.000      2.000      2.000      2.000      0.000      0.000      0.000
 eps  :       -14.928    -14.663    -14.351    -13.304    -12.306    -10.844    -10.013     -8.712
 #    :         180        181        182        183        184        185        186        187
 occ. :        0.000      0.000      0.000      0.000      0.000      0.000      0.000      0.000
 eps  :        -8.478     -8.068     -7.907     -7.608     -7.458     -7.426     -7.061     -6.836
                            1  SCC done.
 making H1...
 cpu time for H      7.947299999999999E-002
 solving ...
 cpu time for diag   4.307899999999998E-002
 
 gap (eV)           :   1.563
 Koopmans IP (eV)   :  12.031
 Eel (Eh)           :  -265.131587
 T,E(Fermi),NFOD :    300.000   -11.249  0.000000
 T,E(Fermi),NFOD :    300.000   -11.249  0.000000
 Nfod               :  0.0000
 Nfod/Nel           :  0.0000

          eigenvalues
 #    :         164        165        166        167        168        169        170        171
 occ. :        2.000      2.000      2.000      2.000      2.000      2.000      2.000      2.000
 eps  :       -15.075    -14.984    -14.968    -14.671    -14.347    -14.294    -14.208    -14.133
 #    :         172        173        174        175        176        177        178        179
 occ. :        2.000      2.000      2.000      2.000      2.000      0.000      0.000      0.000
 eps  :       -14.028    -13.833    -13.636    -12.598    -12.032    -10.469     -9.290     -8.378
 #    :         180        181        182        183        184        185        186        187
 occ. :        0.000      0.000      0.000      0.000      0.000      0.000      0.000      0.000
 eps  :        -8.131     -7.897     -7.887     -7.469     -7.436     -7.148     -6.814     -6.739
                            2  SCC done.
 
 
 Mulliken/CM5 charges    n(s)   n(p)   n(d)   
    1 MG  0.3053  0.7211   0.670  1.025  0.000
    2 C   0.0211  0.0243   1.167  2.812  0.000
    3 C  -0.0483 -0.0911   1.130  2.918  0.000
    4 C  -0.0262 -0.0678   1.135  2.891  0.000
    5 C  -0.0314 -0.0728   1.132  2.900  0.000
    6 N  -0.1687 -0.4105   1.396  3.772  0.000
    7 C   0.0252  0.0758   1.234  2.741  0.000
    8 C  -0.0249 -0.0782   1.204  2.821  0.000
    9 C  -0.0386 -0.0951   1.204  2.834  0.000
   10 C   0.0757  0.1503   1.202  2.722  0.000
   11 C  -0.0941 -0.2431   1.108  2.987  0.000
   12 C  -0.0356 -0.1418   1.149  2.886  0.000
   13 C  -0.0590 -0.1605   1.141  2.917  0.000
   14 C   0.2077  0.2573   1.192  2.600  0.000
   15 O  -0.2877 -0.3397   1.625  4.662  0.000
   16 O  -0.1495 -0.2267   1.483  4.667  0.000
   17 N  -0.2252 -0.4682   1.398  3.827  0.000
   18 C   0.0058  0.0621   1.207  2.788  0.000
   19 C  -0.0202 -0.0261   1.205  2.815  0.000
   20 C  -0.0685 -0.0650   1.212  2.856  0.000
   21 C   0.0165  0.0764   1.221  2.762  0.000
   22 C  -0.0844 -0.2295   1.085  2.999  0.000
   23 C   0.1552  0.1747   1.202  2.643  0.000
   24 O  -0.2462 -0.3006   1.625  4.622  0.000
   25 C  -0.0781 -0.2212   1.092  2.986  0.000
   26 N  -0.1557 -0.4293   1.402  3.754  0.000
   27 C   0.0394  0.1003   1.242  2.719  0.000
   28 C  -0.0240 -0.0822   1.189  2.835  0.000
   29 C  -0.0315 -0.0873   1.204  2.828  0.000
   30 C   0.0401  0.0984   1.224  2.735  0.000
   31 C  -0.0875 -0.2362   1.109  2.978  0.000
   32 C  -0.0565 -0.1652   1.153  2.903  0.000
   33 C  -0.0838 -0.2329   1.093  2.990  0.000
   34 N  -0.2145 -0.5083   1.372  3.842  0.000
   35 C   0.0301  0.0936   1.187  2.783  0.000
   36 C  -0.0099 -0.0137   1.205  2.805  0.000
   37 C  -0.0669 -0.0586   1.182  2.885  0.000
   38 C   0.0296  0.0966   1.185  2.785  0.000
   39 C  -0.0679 -0.2114   1.082  2.986  0.000
   40 C   0.1348  0.1677   1.214  2.651  0.000
   41 O  -0.2230 -0.2647   1.633  4.590  0.000
   42 C  -0.0381 -0.0812   1.209  2.829  0.000
   43 C   0.2099  0.2632   1.188  2.602  0.000
   44 O  -0.2847 -0.3307   1.631  4.653  0.000
   45 O  -0.1564 -0.2421   1.490  4.666  0.000
   46 C   0.0207 -0.1036   1.115  2.865  0.000
   47 C   0.0714 -0.0091   1.118  2.811  0.000
   48 C  -0.0784 -0.1349   1.159  2.919  0.000
   49 C  -0.0293 -0.0526   1.221  2.809  0.000
   50 C  -0.1003 -0.2456   1.085  3.015  0.000
   51 C  -0.0596 -0.1672   1.137  2.922  0.000
   52 C  -0.0633 -0.1758   1.151  2.912  0.000
   53 C  -0.0685 -0.1801   1.159  2.910  0.000
   54 C  -0.0329 -0.1057   1.213  2.820  0.000
   55 C  -0.0960 -0.2456   1.100  2.996  0.000
   56 C  -0.0679 -0.1796   1.156  2.912  0.000
   57 C  -0.0452 -0.1576   1.144  2.901  0.000
   58 C  -0.0797 -0.1911   1.165  2.914  0.000
   59 C  -0.0435 -0.1182   1.216  2.828  0.000
   60 C  -0.1043 -0.2562   1.106  2.998  0.000
   61 C  -0.0622 -0.1707   1.164  2.898  0.000
   62 C  -0.0618 -0.1724   1.157  2.905  0.000
   63 C  -0.0754 -0.1857   1.166  2.910  0.000
   64 C  -0.0077 -0.0848   1.189  2.819  0.000
   65 C  -0.1139 -0.2657   1.102  3.012  0.000
   66 C  -0.1042 -0.2541   1.098  3.006  0.000
   67 H   0.0599  0.1185   0.940  0.000  0.000
   68 H   0.0589  0.1258   0.941  0.000  0.000
   69 H   0.0556  0.1142   0.944  0.000  0.000
   70 H   0.0682  0.1394   0.932  0.000  0.000
   71 H   0.0407  0.1027   0.959  0.000  0.000
   72 H   0.0355  0.0886   0.964  0.000  0.000
   73 H   0.0384  0.0898   0.962  0.000  0.000
   74 H   0.0458  0.1039   0.954  0.000  0.000
   75 H   0.0387  0.0961   0.961  0.000  0.000
   76 H   0.0535  0.1112   0.946  0.000  0.000
   77 H   0.0407  0.1007   0.959  0.000  0.000
   78 H   0.0414  0.1013   0.959  0.000  0.000
   79 H   0.0461  0.0989   0.954  0.000  0.000
   80 H   0.0588  0.1138   0.941  0.000  0.000
   81 H   0.0498  0.1051   0.950  0.000  0.000
   82 H   0.0686  0.1251   0.931  0.000  0.000
   83 H   0.0500  0.1069   0.950  0.000  0.000
   84 H   0.0572  0.1124   0.943  0.000  0.000
   85 H   0.0417  0.1040   0.958  0.000  0.000
   86 H   0.0501  0.1128   0.950  0.000  0.000
   87 H   0.0432  0.0971   0.957  0.000  0.000
   88 H   0.0314  0.0836   0.969  0.000  0.000
   89 H   0.0474  0.0986   0.953  0.000  0.000
   90 H   0.0343  0.0899   0.966  0.000  0.000
   91 H   0.0405  0.0951   0.959  0.000  0.000
   92 H   0.0452  0.0984   0.955  0.000  0.000
   93 H   0.0354  0.0868   0.965  0.000  0.000
   94 H   0.0397  0.0911   0.960  0.000  0.000
   95 H   0.0493  0.1031   0.951  0.000  0.000
   96 H   0.0450  0.0966   0.955  0.000  0.000
   97 H   0.0472  0.1000   0.953  0.000  0.000
   98 H   0.0638  0.1292   0.936  0.000  0.000
   99 H   0.0642  0.1274   0.936  0.000  0.000
  100 H   0.0584  0.1201   0.942  0.000  0.000
  101 H   0.0505  0.1128   0.949  0.000  0.000
  102 H   0.0502  0.1142   0.950  0.000  0.000
  103 H   0.0821  0.1462   0.918  0.000  0.000
  104 H   0.0373  0.0997   0.963  0.000  0.000
  105 H   0.0387  0.0902   0.961  0.000  0.000
  106 H   0.0418  0.0930   0.958  0.000  0.000
  107 H   0.0342  0.0868   0.966  0.000  0.000
  108 H   0.0289  0.0871   0.971  0.000  0.000
  109 H   0.0431  0.0993   0.957  0.000  0.000
  110 H   0.0296  0.0862   0.970  0.000  0.000
  111 H   0.0317  0.0887   0.968  0.000  0.000
  112 H   0.0422  0.0989   0.958  0.000  0.000
  113 H   0.0255  0.0827   0.974  0.000  0.000
  114 H   0.0306  0.0913   0.969  0.000  0.000
  115 H   0.0379  0.0909   0.962  0.000  0.000
  116 H   0.0363  0.0876   0.964  0.000  0.000
  117 H   0.0285  0.0806   0.972  0.000  0.000
  118 H   0.0413  0.0982   0.959  0.000  0.000
  119 H   0.0345  0.0923   0.966  0.000  0.000
  120 H   0.0396  0.0955   0.960  0.000  0.000
  121 H   0.0412  0.0988   0.959  0.000  0.000
  122 H   0.0351  0.0938   0.965  0.000  0.000
  123 H   0.0289  0.0847   0.971  0.000  0.000
  124 H   0.0260  0.0862   0.974  0.000  0.000
  125 H   0.0328  0.0858   0.967  0.000  0.000
  126 H   0.0387  0.0898   0.961  0.000  0.000
  127 H   0.0234  0.0765   0.977  0.000  0.000
  128 H   0.0358  0.0926   0.964  0.000  0.000
  129 H   0.0442  0.0998   0.956  0.000  0.000
  130 H   0.0344  0.0897   0.966  0.000  0.000
  131 H   0.0329  0.0888   0.967  0.000  0.000
  132 H   0.0305  0.0860   0.969  0.000  0.000
  133 H   0.0295  0.0869   0.970  0.000  0.000
  134 H   0.0419  0.1011   0.958  0.000  0.000
  135 H   0.0294  0.0820   0.971  0.000  0.000
  136 H   0.0286  0.0812   0.971  0.000  0.000
  137 H   0.0289  0.0806   0.971  0.000  0.000
  138 H   0.0318  0.0868   0.968  0.000  0.000
  139 H   0.0393  0.0905   0.961  0.000  0.000
  140 H   0.0304  0.0840   0.970  0.000  0.000
 Hirshfeld charges for QMDFF written to <charges>
 
 Loewdin charges    n(s)   n(p)   n(d)
    1 MG  0.1470   0.680  1.173  0.000
    2 C   0.0244   1.125  2.851  0.000
    3 C  -0.0458   1.079  2.967  0.000
    4 C  -0.0248   1.084  2.941  0.000
    5 C  -0.0292   1.079  2.950  0.000
    6 N  -0.1348   1.352  3.782  0.000
    7 C   0.0264   1.198  2.776  0.000
    8 C  -0.0168   1.157  2.860  0.000
    9 C  -0.0321   1.158  2.874  0.000
   10 C   0.0792   1.164  2.757  0.000
   11 C  -0.0960   1.036  3.060  0.000
   12 C  -0.0294   1.089  2.940  0.000
   13 C  -0.0590   1.082  2.977  0.000
   14 C   0.1845   1.166  2.649  0.000
   15 O  -0.2744   1.596  4.678  0.000
   16 O  -0.1148   1.448  4.667  0.000
   17 N  -0.1991   1.360  3.839  0.000
   18 C   0.0090   1.169  2.822  0.000
   19 C  -0.0087   1.162  2.847  0.000
   20 C  -0.0762   1.177  2.899  0.000
   21 C   0.0234   1.182  2.794  0.000
   22 C  -0.0874   1.011  3.076  0.000
   23 C   0.1556   1.165  2.679  0.000
   24 O  -0.2315   1.595  4.637  0.000
   25 C  -0.0818   1.019  3.063  0.000
   26 N  -0.1179   1.356  3.762  0.000
   27 C   0.0457   1.204  2.750  0.000
   28 C  -0.0170   1.141  2.876  0.000
   29 C  -0.0242   1.156  2.868  0.000
   30 C   0.0439   1.187  2.769  0.000
   31 C  -0.0889   1.038  3.051  0.000
   32 C  -0.0518   1.095  2.957  0.000
   33 C  -0.0835   1.021  3.063  0.000
   34 N  -0.1801   1.329  3.852  0.000
   35 C   0.0304   1.148  2.821  0.000
   36 C  -0.0055   1.165  2.840  0.000
   37 C  -0.0745   1.144  2.930  0.000
   38 C   0.0332   1.145  2.821  0.000
   39 C  -0.0667   1.007  3.060  0.000
   40 C   0.1288   1.181  2.690  0.000
   41 O  -0.2070   1.603  4.604  0.000
   42 C  -0.0382   1.163  2.875  0.000
   43 C   0.1883   1.163  2.649  0.000
   44 O  -0.2725   1.604  4.669  0.000
   45 O  -0.1225   1.456  4.666  0.000
   46 C   0.0165   1.043  2.941  0.000
   47 C   0.0727   1.058  2.869  0.000
   48 C  -0.0772   1.111  2.966  0.000
   49 C  -0.0202   1.181  2.839  0.000
   50 C  -0.1034   1.012  3.091  0.000
   51 C  -0.0563   1.078  2.978  0.000
   52 C  -0.0591   1.093  2.966  0.000
   53 C  -0.0655   1.102  2.964  0.000
   54 C  -0.0236   1.167  2.857  0.000
   55 C  -0.0993   1.029  3.071  0.000
   56 C  -0.0657   1.099  2.967  0.000
   57 C  -0.0389   1.084  2.955  0.000
   58 C  -0.0778   1.109  2.969  0.000
   59 C  -0.0345   1.170  2.865  0.000
   60 C  -0.1076   1.035  3.072  0.000
   61 C  -0.0584   1.107  2.951  0.000
   62 C  -0.0569   1.099  2.957  0.000
   63 C  -0.0735   1.110  2.964  0.000
   64 C   0.0054   1.139  2.856  0.000
   65 C  -0.1199   1.032  3.088  0.000
   66 C  -0.1087   1.027  3.082  0.000
   67 H   0.0545   0.946  0.000  0.000
   68 H   0.0519   0.948  0.000  0.000
   69 H   0.0505   0.950  0.000  0.000
   70 H   0.0597   0.940  0.000  0.000
   71 H   0.0364   0.964  0.000  0.000
   72 H   0.0354   0.965  0.000  0.000
   73 H   0.0384   0.962  0.000  0.000
   74 H   0.0446   0.955  0.000  0.000
   75 H   0.0354   0.965  0.000  0.000
   76 H   0.0495   0.951  0.000  0.000
   77 H   0.0374   0.963  0.000  0.000
   78 H   0.0376   0.962  0.000  0.000
   79 H   0.0450   0.955  0.000  0.000
   80 H   0.0568   0.943  0.000  0.000
   81 H   0.0496   0.950  0.000  0.000
   82 H   0.0671   0.933  0.000  0.000
   83 H   0.0471   0.953  0.000  0.000
   84 H   0.0559   0.944  0.000  0.000
   85 H   0.0368   0.963  0.000  0.000
   86 H   0.0444   0.956  0.000  0.000
   87 H   0.0425   0.957  0.000  0.000
   88 H   0.0322   0.968  0.000  0.000
   89 H   0.0459   0.954  0.000  0.000
   90 H   0.0323   0.968  0.000  0.000
   91 H   0.0377   0.962  0.000  0.000
   92 H   0.0468   0.953  0.000  0.000
   93 H   0.0352   0.965  0.000  0.000
   94 H   0.0387   0.961  0.000  0.000
   95 H   0.0468   0.953  0.000  0.000
   96 H   0.0439   0.956  0.000  0.000
   97 H   0.0462   0.954  0.000  0.000
   98 H   0.0558   0.944  0.000  0.000
   99 H   0.0586   0.941  0.000  0.000
  100 H   0.0534   0.947  0.000  0.000
  101 H   0.0469   0.953  0.000  0.000
  102 H   0.0433   0.957  0.000  0.000
  103 H   0.0730   0.927  0.000  0.000
  104 H   0.0317   0.968  0.000  0.000
  105 H   0.0387   0.961  0.000  0.000
  106 H   0.0414   0.959  0.000  0.000
  107 H   0.0342   0.966  0.000  0.000
  108 H   0.0268   0.973  0.000  0.000
  109 H   0.0395   0.960  0.000  0.000
  110 H   0.0278   0.972  0.000  0.000
  111 H   0.0291   0.971  0.000  0.000
  112 H   0.0403   0.960  0.000  0.000
  113 H   0.0236   0.976  0.000  0.000
  114 H   0.0258   0.974  0.000  0.000
  115 H   0.0381   0.962  0.000  0.000
  116 H   0.0359   0.964  0.000  0.000
  117 H   0.0292   0.971  0.000  0.000
  118 H   0.0394   0.961  0.000  0.000
  119 H   0.0330   0.967  0.000  0.000
  120 H   0.0366   0.963  0.000  0.000
  121 H   0.0381   0.962  0.000  0.000
  122 H   0.0335   0.966  0.000  0.000
  123 H   0.0270   0.973  0.000  0.000
  124 H   0.0219   0.978  0.000  0.000
  125 H   0.0335   0.967  0.000  0.000
  126 H   0.0385   0.962  0.000  0.000
  127 H   0.0243   0.976  0.000  0.000
  128 H   0.0341   0.966  0.000  0.000
  129 H   0.0409   0.959  0.000  0.000
  130 H   0.0316   0.968  0.000  0.000
  131 H   0.0309   0.969  0.000  0.000
  132 H   0.0279   0.972  0.000  0.000
  133 H   0.0281   0.972  0.000  0.000
  134 H   0.0369   0.963  0.000  0.000
  135 H   0.0301   0.970  0.000  0.000
  136 H   0.0297   0.970  0.000  0.000
  137 H   0.0304   0.970  0.000  0.000
  138 H   0.0329   0.967  0.000  0.000
  139 H   0.0386   0.961  0.000  0.000
  140 H   0.0309   0.969  0.000  0.000
 
 Wiberg/Mayer (AO) data. WBOs > 0.1 written file <wbo>
 largest (>0.05) Wiberg bond orders for each atom
           total WBO             WBO to atom ...
     1  MG  2.526    N   34 0.557    N   17 0.481    N   26 0.419    N    6 0.339    C   38 0.060    C   27 0.051
     2  C   3.912    C    7 1.535    C   38 1.152    C   42 0.940
     3  C   3.864    C   10 1.338    C   18 1.290    H   67 0.940
     4  C   3.930    C   27 1.350    C   21 1.324    H   68 0.930
     5  C   3.884    C   30 1.522    C   35 1.174    H   69 0.935
     6  N   3.296    C   10 1.429    C    7 1.087    MG   1 0.339    C   18 0.055
     7  C   3.866    C    2 1.535    N    6 1.087    C    8 0.931
     8  C   3.928    C    9 0.960    C   12 0.945    C    7 0.931    H   70 0.926
     9  C   3.931    C   11 0.963    C    8 0.960    H   71 0.943    C   10 0.912
    10  C   3.884    N    6 1.429    C    3 1.338    C    9 0.912
    11  C   3.972    H   73 0.982    H   72 0.982    H   74 0.977    C    9 0.963
    12  C   3.955    C   13 0.985    H   75 0.966    H   76 0.958    C    8 0.945
    13  C   3.963    C   12 0.985    H   78 0.962    H   77 0.962    C   14 0.911    O   15 0.083
    14  C   3.886    O   15 1.808    O   16 1.121    C   13 0.911
    15  O   2.116    C   14 1.808    O   16 0.168    C   13 0.083
    16  O   2.320    C   14 1.121    C   47 0.937    O   15 0.168
    17  N   3.277    C   21 1.190    C   18 1.143    MG   1 0.481    C   20 0.071    C   27 0.050
    18  C   3.878    C    3 1.290    C   19 1.194    N   17 1.143    N    6 0.055
    19  C   3.881    C   20 1.447    C   18 1.194    C   22 0.990    O   24 0.060
    20  C   3.886    C   19 1.447    C   21 1.097    C   23 0.977    O   24 0.080    N   17 0.071
    21  C   3.869    C    4 1.324    N   17 1.190    C   20 1.097    N   26 0.055
    22  C   3.981    C   19 0.990    H   80 0.969    H   81 0.966    H   79 0.964
    23  C   3.887    O   24 1.824    C   25 0.986    C   20 0.977
    24  O   2.147    C   23 1.824    C   20 0.080    C   25 0.068    C   19 0.060
    25  C   3.985    C   23 0.986    H   83 0.969    H   84 0.960    H   82 0.945    O   24 0.068
    26  N   3.333    C   27 1.294    C   30 1.188    MG   1 0.419    C   21 0.055
    27  C   3.847    C    4 1.350    N   26 1.294    C   28 0.930    MG   1 0.051    N   17 0.050
    28  C   3.940    C   29 0.977    C   31 0.954    H   85 0.943    C   27 0.930
    29  C   3.931    C   28 0.977    C   32 0.952    H   86 0.936    C   30 0.896
    30  C   3.867    C    5 1.522    N   26 1.188    C   29 0.896
    31  C   3.963    H   89 0.980    H   88 0.978    H   87 0.977    C   28 0.954
    32  C   3.947    C   33 0.991    H   90 0.968    H   91 0.967    C   29 0.952
    33  C   3.978    C   32 0.991    H   93 0.988    H   94 0.983    H   92 0.972
    34  N   3.340    C   38 1.186    C   35 1.154    MG   1 0.557    C   37 0.066    C   36 0.053
    35  C   3.880    C   36 1.295    C    5 1.174    N   34 1.154
    36  C   3.848    C   35 1.295    C   37 1.271    C   39 0.986    N   34 0.053
    37  C   3.907    C   36 1.271    C   38 1.239    C   40 1.071    O   41 0.074    N   34 0.066
    38  C   3.887    C   37 1.239    N   34 1.186    C    2 1.152    MG   1 0.060
    39  C   3.980    C   36 0.986    H   95 0.979    H   97 0.973    H   96 0.970
    40  C   3.883    O   41 1.837    C   37 1.071    C   42 0.817
    41  O   2.194    C   40 1.837    C   42 0.096    C   37 0.074
    42  C   3.933    C    2 0.940    C   43 0.928    H   98 0.927    C   40 0.817    O   41 0.096    O   44 0.073
    43  C   3.893    O   44 1.784    O   45 1.110    C   42 0.928
    44  O   2.108    C   43 1.784    O   45 0.167    C   42 0.073
    45  O   2.303    C   43 1.110    C   46 0.957    O   44 0.167
    46  C   3.931    H  101 0.991    H  100 0.984    H   99 0.981    O   45 0.957
    47  C   3.933    C   48 1.024    H  102 0.962    H  103 0.939    O   16 0.937
    48  C   3.960    C   49 1.857    C   47 1.024    H  104 0.936
    49  C   3.926    C   48 1.857    C   51 0.986    C   50 0.973
    50  C   3.982    H  105 0.977    H  107 0.975    C   49 0.973    H  106 0.971
    51  C   3.969    C   49 0.986    H  108 0.964    C   52 0.961    H  109 0.958
    52  C   3.964    C   53 0.986    H  110 0.972    H  111 0.967    C   51 0.961
    53  C   3.961    C   52 0.986    H  113 0.970    C   54 0.970    H  112 0.956
    54  C   3.934    C   55 0.984    C   53 0.970    C   56 0.960    H  114 0.955
    55  C   3.980    C   54 0.984    H  116 0.982    H  117 0.982    H  115 0.978
    56  C   3.961    C   57 1.001    C   54 0.960    H  119 0.959    H  118 0.955
    57  C   3.971    C   56 1.001    C   58 0.982    H  120 0.963    H  121 0.961
    58  C   3.959    C   57 0.982    H  123 0.968    C   59 0.966    H  122 0.959
    59  C   3.932    C   60 0.986    C   58 0.966    C   61 0.963    H  124 0.957
    60  C   3.981    C   59 0.986    H  127 0.983    H  126 0.979    H  125 0.976
    61  C   3.957    C   62 0.977    H  129 0.965    H  128 0.964    C   59 0.963
    62  C   3.960    C   61 0.977    C   63 0.977    H  130 0.971    H  131 0.970
    63  C   3.957    C   62 0.977    H  132 0.971    H  133 0.965    C   64 0.959
    64  C   3.946    C   65 0.999    C   66 0.993    C   63 0.959    H  134 0.954
    65  C   3.978    C   64 0.999    H  135 0.980    H  136 0.976    H  137 0.972
    66  C   3.984    C   64 0.993    H  140 0.979    H  139 0.979    H  138 0.978
    67  H   0.994    C    3 0.940
    68  H   0.994    C    4 0.930
    69  H   0.993    C    5 0.935
    70  H   0.993    C    8 0.926
    71  H   0.996    C    9 0.943
    72  H   0.997    C   11 0.982
    73  H   0.997    C   11 0.982
    74  H   0.997    C   11 0.977
    75  H   0.997    C   12 0.966
    76  H   0.994    C   12 0.958
    77  H   0.997    C   13 0.962
    78  H   0.998    C   13 0.962
    79  H   0.993    C   22 0.964
    80  H   0.992    C   22 0.969
    81  H   0.996    C   22 0.966
    82  H   0.995    C   25 0.945
    83  H   0.995    C   25 0.969
    84  H   0.996    C   25 0.960
    85  H   0.996    C   28 0.943
    86  H   0.996    C   29 0.936
    87  H   0.997    C   31 0.977
    88  H   0.997    C   31 0.978
    89  H   0.996    C   31 0.980
    90  H   0.997    C   32 0.968
    91  H   0.997    C   32 0.967
    92  H   0.998    C   33 0.972
    93  H   0.999    C   33 0.988
    94  H   0.998    C   33 0.983
    95  H   0.996    C   39 0.979
    96  H   0.993    C   39 0.970
    97  H   0.993    C   39 0.973
    98  H   0.993    C   42 0.927
    99  H   0.996    C   46 0.981
   100  H   0.997    C   46 0.984
   101  H   0.997    C   46 0.991
   102  H   0.997    C   47 0.962
   103  H   0.993    C   47 0.939
   104  H   0.999    C   48 0.936
   105  H   0.998    C   50 0.977
   106  H   0.998    C   50 0.971
   107  H   0.998    C   50 0.975
   108  H   0.998    C   51 0.964
   109  H   0.998    C   51 0.958
   110  H   0.999    C   52 0.972
   111  H   0.999    C   52 0.967
   112  H   0.998    C   53 0.956
   113  H   0.999    C   53 0.970
   114  H   0.999    C   54 0.955
   115  H   0.998    C   55 0.978
   116  H   0.999    C   55 0.982
   117  H   0.999    C   55 0.982
   118  H   0.998    C   56 0.955
   119  H   0.998    C   56 0.959
   120  H   0.998    C   57 0.963
   121  H   0.997    C   57 0.961
   122  H   0.998    C   58 0.959
   123  H   0.999    C   58 0.968
   124  H   0.999    C   59 0.957
   125  H   0.998    C   60 0.976
   126  H   0.998    C   60 0.979
   127  H   0.999    C   60 0.983
   128  H   0.999    C   61 0.964
   129  H   0.998    C   61 0.965
   130  H   0.998    C   62 0.971
   131  H   0.999    C   62 0.970
   132  H   0.999    C   63 0.971
   133  H   0.999    C   63 0.965
   134  H   0.997    C   64 0.954
   135  H   0.999    C   65 0.980
   136  H   0.999    C   65 0.976
   137  H   0.999    C   65 0.972
   138  H   0.999    C   66 0.978
   139  H   0.998    C   66 0.979
   140  H   0.999    C   66 0.979
 
 --------------------------------------------
          xTB calculation for sTDA...
 --------------------------------------------
 
 reading parameter file ~/.param_stda2.xtb
 
      method parameters     
 k(s)        :  1.6000
 k(p)        :  2.1800
 k(d)        :  1.9500
 k(f)        :  2.0000
 k(R-V)      :  2.2750
 k(R-R)      :  1.7650
 Tscal       :  0.2580
 Gscal       :  1.0000
 fpol        :  1.0000
 Zcnf        :  0.3430
 Zqf         :  0.0000
 kcn         :  2.7000
 Ryd Hsplit  :  0.7000
 lshift(virt):  3.1000
 lshift(OS)  :  0.2000
 wllscaling  :  2.6000
 
 mowrcut     : 3.000
 
  Z AO/shell   Hii/eV     exponent
  1     Sun Feb 14 09:53:25 CET 2016    EN: 2.327 GAM: 0.473  GM3: 0.0000
     1s    -14.339618    1.220000
     2sp    -3.348946    0.600000
  6     Sun Feb 14 09:53:25 CET 2016    EN: 2.731 GAM: 0.422  GM3: 0.0000
     2s    -22.009312    1.565095
     2p    -13.020408    1.596905
     3sp    -3.914040    0.824500
  7     Sun Feb 14 09:53:25 CET 2016    EN: 3.573 GAM: 0.504  GM3: 0.0000
     2s    -25.722000    2.064844
     2p    -18.684912    1.801692
     3sp    -4.344791    0.921400
  8     Sun Feb 14 09:53:25 CET 2016    EN: 3.700 GAM: 0.587  GM3: 0.0000
     2s    -33.859000    2.418661
     2p    -22.175911    1.973969
     3sp    -4.259392    1.013700
 12     Sun Feb 21 16:58:31 CET 2016    EN: 0.033 GAM: 0.222  GM3: 0.0000
     3s    -11.092543    1.647583
     3p     -6.929529    0.855020
 
 Nbf   :          894
 T(el) :     0.0
 calculating S/T integrals ...
 cpu time for ints    1.35821100000000     
 Nao   :          894
 making H0...
 making H1...
 cpu time for H      2.330599999999983E-002
 solving ...
 cpu time for diag   0.315657000000000     
 
 gap (eV)           :   4.693
 Koopmans IP (eV)   :  13.385
 Eel (Eh)           :  -300.370113

          eigenvalues
 #    :         164        165        166        167        168        169        170        171
 occ. :        2.000      2.000      2.000      2.000      2.000      2.000      2.000      2.000
 eps  :       -17.195    -17.008    -16.732    -16.346    -16.168    -15.990    -15.829    -15.542
 #    :         172        173        174        175        176        177        178        179
 occ. :        2.000      2.000      2.000      2.000      2.000      0.000      0.000      0.000
 eps  :       -15.382    -15.317    -15.026    -13.819    -13.386     -8.693     -6.898     -6.780
 #    :         180        181        182        183        184        185        186        187
 occ. :        0.000      0.000      0.000      0.000      0.000      0.000      0.000      0.000
 eps  :        -6.462     -6.025     -5.997     -5.487     -5.239     -5.163     -5.079     -5.018
                            1  SCC done.
 writing mo output ...
 molden style : F
 
speedup  1.26
cpu  time for all    2.30 s
wall time for all    1.82 s
