 
        ______________________________________
       |                                      |
       |          ===================         |
       |             xTB for sTDA             |
       |          ===================         |
       |               S. Grimme              |
       |        Universitaet Bonn, MCTC       |
       |         2015-19, Version 1.0         |
       |     Wed Apr  3 09:14:55 CEST 2019    |
       |______________________________________|
 
        This code comes without any warranty
        for non-commercial, academia use only.
        Preliminary test version.
        Cite this work as:
        S. Grimme  &  C. Bannwarth, JCP 145 (2016) 054103
        if GBSA is used additionally:
        P. Shushkov, F. März, C. Bannwarth, S. Grimme, unpublished.
 
        with help from
        P. Shushkov, G. Brandenburg, S. Dohm, J. Pisarek,
        F. März, M. Checinski, S. Ehrlich, S. Spicher, 
        P. Pracht, E. Caldeweyher, S. Ehlert, and C. Bannwarth.
 
        usage        :
        xtb4stda <coord_file> [options]
        where <coord_file> is a valid file of TM)
        (*coord, Bohr) or xmol (*xyz, Angstroem)
        format.

        options:
        -chrg <int>   : molecular charge
        -uhf  <int>   : # of unpaired electrons(=2*S)
        -nox          : skip second, extended part in sTDA-xTB
        -pop          : do population analysis
                      : (default for -nox)
        -mowr <real>  : cut MO write above (def.3 Eh)
        -molden       : write formatted molden file
        -parx <file>  : read parameters for sTDA-xTB
                        calc (def:~/.param_stda2.xtb)
        -parv <file>  : read parameters for vTB part in
                        sTDA-xTB (def: ~/.param_stda1.xtb)
        -xtemp <real> : el. temp for xTB (def. 0 K)
        -etemp <real> : el. temp for GFN (def. 300 K)
        -fod          : calculate the FOD and write
                        molden.input file with
                        appropriate occupations
                        for plotting. Def. T=12500 K
 
        -acc <real>   : xTB accuracy (def. 1.0)
        -gbsa [string1] [string2]
                        use GBSA implicit solvent
                        for solvent [string1] and
                        solvation state [string2]=
                        reference, bar1M (default=1M)
        additional GFN/opt/MD/siman options read from
        $XTB4STDAHOME/.xtb4stdarc or $set in input
 
       spin and charge state information can be on:
       <.CHRG> (charge) and <.UHF> (=nalpha-nbeta)
       -uhf and -chrg override the file info.
       useful machine settings:
       setenv MKL_NUM_THREADS <NCORE_ON_YOUR_MACHINE>
       setenv OMP_STACKSIZE 500m
       limit stacksize unlimited
 
       total energies in Eh, gaps/HL energies in eV
       please read REVISION and HOWTO files carefully
 =============================
  # OMP threads =           4
 =============================
 
 xtb4stdahome directory:~/
 
 
 name of molecule           :
 comment line               :
 number of atoms            :   140
 number of electrons        :   352
 charge                     :  0
 spin                       : 0.0
 first test random number   :  0.2048
 
 -----------------------------------------
      charge density (VTB) calculation
 -----------------------------------------
 
      method parameters     
 k(s)        :  1.8000
 k(p)        :  2.8350
 k(d)        :  2.0860
 k(f)        :  2.0000
 Tscal       :  0.3300
 Gscal       :  0.3910
 fpol        :  1.0000
 Zcnf        :  0.6500
 Zqf         :  0.0000
 kcn         :  0.3000
 kEN1        : -0.5900
 wllscal     :  2.6000
 
     -------------------------
     ! NO SOLVENT MODEL USED !
     -------------------------
 
 doing EN charges ...
 sum q : -0.8881784D-15
 point charge moment (au)
     X       Y       Z   
  -0.7567  -0.1227   0.7599  total (Debye):    2.743
 
            Z      q(EN)   CN      Cart. coordinates
     1  MG  2.0   0.898   4.810    -0.29669    82.87015    46.69702
     2  C   4.0   0.020   3.247     3.90039    82.58102    51.83518
     3  C   4.0  -0.058   3.153    -5.09470    80.84815    50.69946
     4  C   4.0  -0.060   3.181    -4.09882    83.27644    41.92924
     5  C   4.0  -0.055   3.191     5.14950    83.67140    42.83442
     6  N   5.0  -0.361   3.086    -0.57448    81.81191    50.89977
     7  C   4.0   0.106   3.329     1.31336    82.08214    52.60997
     8  C   4.0  -0.094   4.133     0.47054    81.29412    55.30094
     9  C   4.0  -0.095   4.146    -2.33570    80.32091    54.71890
    10  C   4.0   0.114   3.316    -2.78924    81.17129    51.89754
    11  C   4.0  -0.237   4.027    -2.86105    77.51845    55.25937
    12  C   4.0  -0.163   4.070     0.49133    83.43896    57.16610
    13  C   4.0  -0.170   4.045     0.26456    82.71142    60.01581
    14  C   4.0   0.165   3.091     0.22299    79.97698    60.75091
    15  O   6.0  -0.091   1.044     2.04468    78.51811    61.02870
    16  O   6.0  -0.108   2.028    -2.21287    79.06613    61.05516
    17  N   5.0  -0.438   3.306    -4.20275    82.38449    46.37954
    18  C   4.0   0.087   3.409    -5.71264    81.46987    48.24092
    19  C   4.0   0.011   3.330    -8.22031    81.50388    47.13165
    20  C   4.0   0.005   3.291    -8.01622    82.13127    44.54651
    21  C   4.0   0.078   3.442    -5.42918    82.73976    44.12888
    22  C   4.0  -0.249   4.045   -10.45585    80.65161    48.49793
    23  C   4.0   0.118   3.047    -9.99098    82.22576    42.41112
    24  O   6.0  -0.113   1.057    -9.66406    83.11393    40.33620
    25  C   4.0  -0.247   4.031   -12.59880    81.04657    42.89489
    26  N   5.0  -0.452   3.191     0.55558    83.33125    42.98938
    27  C   4.0   0.077   3.460    -1.49666    83.50699    41.41901
    28  C   4.0  -0.091   4.119    -0.46109    83.40683    38.59198
    29  C   4.0  -0.100   4.201     2.27334    84.03044    39.02851
    30  C   4.0   0.089   3.351     2.83081    83.73187    41.74027
    31  C   4.0  -0.236   3.993    -1.05447    80.62894    37.30508
    32  C   4.0  -0.163   4.041     3.04246    86.74031    37.92302
    33  C   4.0  -0.238   4.014     2.72310    88.91728    39.78251
    34  N   5.0  -0.390   3.255     3.76433    82.89283    47.01638
    35  C   4.0   0.085   3.530     5.70697    83.30101    45.40445
    36  C   4.0   0.018   3.294     7.96708    83.49187    46.56852
    37  C   4.0   0.002   3.463     7.45497    83.16306    49.17634
    38  C   4.0   0.063   3.690     4.82825    82.78700    49.39744
    39  C   4.0  -0.244   4.019    10.56546    83.99832    45.32130
    40  C   4.0   0.135   3.210     8.48487    83.15739    51.70857
    41  O   6.0  -0.124   1.055    10.59947    83.42006    52.32462
    42  C   4.0  -0.111   4.196     6.24554    82.75866    53.59074
    43  C   4.0   0.177   3.161     6.77845    80.32091    55.11386
    44  O   6.0  -0.088   1.043     7.19797    78.18930    54.20301
    45  O   6.0  -0.132   2.041     7.27733    80.96153    57.50436
    46  C   4.0  -0.196   4.074     8.37527    78.93385    58.96323
    47  C   4.0  -0.139   4.049    -2.32436    76.46587    62.21923
    48  C   4.0  -0.056   3.085    -4.43519    76.38839    64.22801
    49  C   4.0   0.018   3.073    -4.15740    76.69831    66.73000
    50  C   4.0  -0.249   4.040    -1.86516    77.78301    68.07549
    51  C   4.0  -0.174   4.062    -6.35893    76.15974    68.51768
    52  C   4.0  -0.161   4.006    -8.58880    78.24410    68.42887
    53  C   4.0  -0.165   4.066   -11.24198    76.75500    68.11328
    54  C   4.0  -0.088   4.035   -13.33202    78.11182    69.68742
    55  C   4.0  -0.238   4.014   -13.81201    80.95397    68.85216
    56  C   4.0  -0.165   4.087   -15.64693    76.28824    69.49089
    57  C   4.0  -0.165   4.064   -17.20973    76.01990    71.84171
    58  C   4.0  -0.163   4.060   -19.95740    75.31881    71.43542
    59  C   4.0  -0.087   4.034   -21.42382    75.34715    74.06592
    60  C   4.0  -0.238   4.028   -21.65626    72.59760    75.14495
    61  C   4.0  -0.163   4.066   -24.11479    76.56981    73.72955
    62  C   4.0  -0.162   4.039   -24.45683    79.11716    75.05991
    63  C   4.0  -0.165   4.079   -23.61402    81.30168    73.26468
    64  C   4.0  -0.088   4.032   -21.55421    82.98920    74.43253
    65  C   4.0  -0.238   4.034   -22.20995    85.80868    74.39851
    66  C   4.0  -0.239   4.038   -18.89537    82.37126    73.37995
    67  H   1.0   0.071   1.009    -6.78223    80.09037    51.61408
    68  H   1.0   0.071   1.008    -5.26667    83.49754    40.24171
    69  H   1.0   0.071   1.006     6.78223    84.16461    41.67413
    70  H   1.0   0.085   1.008     1.60438    79.66707    55.85652
    71  H   1.0   0.085   1.009    -3.75678    81.30924    55.83573
    72  H   1.0   0.081   0.999    -3.93441    76.70020    53.70412
    73  H   1.0   0.081   1.000    -4.16118    77.49199    56.85618
    74  H   1.0   0.081   0.999    -1.18108    76.55658    55.96423
    75  H   1.0   0.083   1.004    -0.99778    84.75232    56.62375
    76  H   1.0   0.083   1.006     2.20153    84.49910    56.72579
    77  H   1.0   0.081   1.003    -1.25100    83.92273    60.70934
    78  H   1.0   0.082   1.007     1.95587    83.40494    60.96634
    79  H   1.0   0.081   0.999   -10.43885    81.02200    50.52371
    80  H   1.0   0.081   1.001   -10.79789    78.68441    47.99526
    81  H   1.0   0.081   1.003   -12.05645    81.62482    47.63810
    82  H   1.0   0.081   1.000   -12.29645    79.34392    44.01361
    83  H   1.0   0.080   1.002   -13.24320    80.69697    40.96926
    84  H   1.0   0.080   0.997   -13.96130    82.16150    43.96258
    85  H   1.0   0.083   1.005    -1.56091    84.65405    37.37500
    86  H   1.0   0.086   1.014     3.20686    82.45252    38.08932
    87  H   1.0   0.080   0.998    -2.25066    79.47431    38.52206
    88  H   1.0   0.080   0.996     0.55747    79.36093    37.11989
    89  H   1.0   0.080   0.997    -2.25255    80.83870    35.64401
    90  H   1.0   0.082   1.003     1.85571    86.93306    36.25061
    91  H   1.0   0.081   1.002     4.99644    86.83669    37.27673
    92  H   1.0   0.081   1.001     2.08059    88.21241    41.60799
    93  H   1.0   0.080   1.001     1.12817    89.96040    39.00394
    94  H   1.0   0.080   1.000     4.48243    89.98308    39.67858
    95  H   1.0   0.080   0.999    10.88293    82.44874    44.00038
    96  H   1.0   0.080   0.998    12.09803    83.97753    46.69702
    97  H   1.0   0.080   0.997    10.68451    85.83513    44.39722
    98  H   1.0   0.085   1.006     5.97909    84.38571    54.82473
    99  H   1.0   0.081   0.997     8.63605    79.74644    60.83595
   100  H   1.0   0.081   0.997    10.27066    78.60504    58.22624
   101  H   1.0   0.081   0.997     7.14694    77.28223    58.90465
   102  H   1.0   0.083   1.003    -0.60282    75.89328    63.19244
   103  H   1.0   0.081   0.999    -2.65129    75.09015    60.72067
   104  H   1.0   0.070   1.008    -6.29279    75.57770    63.86329
   105  H   1.0   0.080   0.999    -0.27590    78.12316    66.80937
   106  H   1.0   0.080   0.998    -1.06014    76.51311    69.48333
   107  H   1.0   0.080   1.000    -2.50767    79.44597    69.10917
   108  H   1.0   0.081   1.001    -5.78823    75.77234    70.45843
   109  H   1.0   0.082   1.008    -7.07702    74.43253    67.65408
   110  H   1.0   0.081   1.003    -8.64550    79.38361    66.71300
   111  H   1.0   0.081   0.999    -8.69463    79.65951    69.92175
   112  H   1.0   0.082   1.002   -11.09836    74.81236    68.78225
   113  H   1.0   0.082   1.001   -11.91094    76.62461    66.16875
   114  H   1.0   0.083   1.009   -12.44007    78.29324    71.53369
   115  H   1.0   0.080   0.998   -12.68951    81.39995    67.18354
   116  H   1.0   0.080   0.997   -13.38493    82.32780    70.32615
   117  H   1.0   0.081   0.999   -15.82645    81.07113    68.44209
   118  H   1.0   0.083   1.007   -15.05923    74.34560    69.13562
   119  H   1.0   0.083   1.003   -16.79022    76.81358    67.86006
   120  H   1.0   0.083   1.006   -17.14359    77.75844    72.94531
   121  H   1.0   0.083   1.006   -16.18928    74.59126    72.91697
   122  H   1.0   0.082   1.004   -19.98763    73.41018    70.66252
   123  H   1.0   0.082   1.006   -20.58478    76.78901    70.13529
   124  H   1.0   0.083   1.007   -20.28054    76.32225    75.47565
   125  H   1.0   0.080   0.997   -21.68461    71.00834    73.83726
   126  H   1.0   0.080   1.000   -23.41181    72.57304    76.22210
   127  H   1.0   0.080   0.998   -20.24652    72.37650    76.63217
   128  H   1.0   0.082   1.005   -25.44138    75.23377    74.56670
   129  H   1.0   0.082   1.001   -24.89525    76.61894    71.82281
   130  H   1.0   0.081   1.000   -23.86346    79.10582    77.03279
   131  H   1.0   0.081   1.005   -26.48829    79.43085    75.21865
   132  H   1.0   0.083   1.007   -25.25241    82.54890    73.21554
   133  H   1.0   0.083   1.004   -22.85246    80.73476    71.43542
   134  H   1.0   0.083   1.012   -21.57500    82.34670    76.39028
   135  H   1.0   0.080   0.999   -22.84112    86.36615    76.27879
   136  H   1.0   0.080   0.997   -23.71795    86.36615    73.11161
   137  H   1.0   0.080   0.999   -20.55833    86.92928    73.88639
   138  H   1.0   0.081   0.998   -17.75964    84.03611    72.96043
   139  H   1.0   0.081   0.999   -18.99930    81.33758    71.60172
   140  H   1.0   0.080   0.999   -17.86736    81.30357    74.81236
 
  Z AO/shell   Hii/eV     exponent
  1     Sat Feb 20 21:38:01 CET 2016    EN: 2.327 GAM: 0.473  GM3: 0.0000
     1s    -13.751157    1.051071
  6     Sat Feb 20 21:38:01 CET 2016    EN: 2.731 GAM: 0.422  GM3: 0.0000
     2s    -19.378245    2.021003
     2p    -11.993376    1.497917
  7     Sat Feb 20 21:38:01 CET 2016    EN: 3.573 GAM: 0.504  GM3: 0.0000
     2s    -21.576984    2.275442
     2p    -16.125120    2.056788
  8     Sat Feb 20 21:38:01 CET 2016    EN: 3.700 GAM: 0.587  GM3: 0.0000
     2s    -21.648843    2.110798
     2p    -17.239740    2.329048
 12     Sat Feb 20 23:25:47 CET 2016    EN: 0.033 GAM: 0.222  GM3: 0.0000
     3s    -12.693633    1.302878
     3p     -8.128821    0.504252
 
 dipole moment of classical point charges (au)
     X       Y       Z   
  -0.7567  -0.1227   0.7599  total (Debye):    2.743

 
 Nbf   :          338
 T(el) :   300.0
 calculating S/T integrals ...
 cpu time for ints   0.150822000000000     
 Nao   :          338
 making H0...
 making H1...
 cpu time for H      6.920999999999983E-003
 solving ...
 cpu time for diag   6.542200000000001E-002
 
 gap (eV)           :   1.525
 Koopmans IP (eV)   :  12.303
 Eel (Eh)           :  -268.560799
 T,E(Fermi),NFOD :    300.000   -11.540  0.000000
 T,E(Fermi),NFOD :    300.000   -11.540  0.000000
 Nfod               :  0.0000
 Nfod/Nel           :  0.0000

          eigenvalues
 #    :         164        165        166        167        168        169        170        171
 occ. :        2.000      2.000      2.000      2.000      2.000      2.000      2.000      2.000
 eps  :       -16.320    -16.243    -16.123    -15.818    -15.669    -15.475    -15.294    -15.210
 #    :         172        173        174        175        176        177        178        179
 occ. :        2.000      2.000      2.000      2.000      2.000      0.000      0.000      0.000
 eps  :       -14.976    -14.881    -14.682    -13.219    -12.304    -10.779     -9.747     -8.790
 #    :         180        181        182        183        184        185        186        187
 occ. :        0.000      0.000      0.000      0.000      0.000      0.000      0.000      0.000
 eps  :        -8.359     -8.180     -8.104     -7.675     -7.659     -7.266     -7.085     -6.966
                            1  SCC done.
 making H1...
 cpu time for H      8.075600000000002E-002
 solving ...
 cpu time for diag   3.142400000000001E-002
 
 gap (eV)           :   1.674
 Koopmans IP (eV)   :  12.058
 Eel (Eh)           :  -265.472041
 T,E(Fermi),NFOD :    300.000   -11.221  0.000000
 T,E(Fermi),NFOD :    300.000   -11.221  0.000000
 Nfod               :  0.0000
 Nfod/Nel           :  0.0000

          eigenvalues
 #    :         164        165        166        167        168        169        170        171
 occ. :        2.000      2.000      2.000      2.000      2.000      2.000      2.000      2.000
 eps  :       -15.270    -15.247    -15.043    -14.877    -14.774    -14.519    -14.356    -14.315
 #    :         172        173        174        175        176        177        178        179
 occ. :        2.000      2.000      2.000      2.000      2.000      0.000      0.000      0.000
 eps  :       -14.017    -13.934    -13.534    -12.625    -12.059    -10.385     -9.020     -8.488
 #    :         180        181        182        183        184        185        186        187
 occ. :        0.000      0.000      0.000      0.000      0.000      0.000      0.000      0.000
 eps  :        -8.144     -8.064     -7.952     -7.565     -7.318     -7.247     -6.853     -6.774
                            2  SCC done.
 
 
 Mulliken/CM5 charges    n(s)   n(p)   n(d)   
    1 MG  0.2941  0.7449   0.677  1.029  0.000
    2 C   0.0230  0.0258   1.189  2.788  0.000
    3 C  -0.0233 -0.0655   1.116  2.908  0.000
    4 C  -0.0210 -0.0631   1.118  2.903  0.000
    5 C  -0.0259 -0.0660   1.117  2.909  0.000
    6 N  -0.1420 -0.3862   1.400  3.742  0.000
    7 C   0.0327  0.0965   1.244  2.723  0.000
    8 C  -0.0186 -0.0735   1.198  2.820  0.000
    9 C  -0.0491 -0.1061   1.213  2.836  0.000
   10 C   0.0337  0.0996   1.218  2.748  0.000
   11 C  -0.0946 -0.2430   1.104  2.991  0.000
   12 C  -0.0441 -0.1509   1.149  2.896  0.000
   13 C  -0.0447 -0.1436   1.134  2.910  0.000
   14 C   0.2098  0.2559   1.196  2.595  0.000
   15 O  -0.2751 -0.3270   1.633  4.642  0.000
   16 O  -0.1648 -0.2376   1.509  4.656  0.000
   17 N  -0.2384 -0.5233   1.360  3.879  0.000
   18 C   0.0177  0.0797   1.184  2.798  0.000
   19 C  -0.0316 -0.0369   1.209  2.823  0.000
   20 C  -0.0681 -0.0621   1.200  2.868  0.000
   21 C   0.0387  0.1003   1.188  2.774  0.000
   22 C  -0.0763 -0.2219   1.077  3.000  0.000
   23 C   0.1542  0.1792   1.210  2.636  0.000
   24 O  -0.2273 -0.2824   1.619  4.608  0.000
   25 C  -0.1061 -0.2489   1.103  3.003  0.000
   26 N  -0.1832 -0.4807   1.393  3.790  0.000
   27 C   0.0176  0.0719   1.246  2.737  0.000
   28 C  -0.0228 -0.0797   1.215  2.808  0.000
   29 C  -0.0178 -0.0713   1.185  2.833  0.000
   30 C   0.0610  0.1138   1.199  2.740  0.000
   31 C  -0.1125 -0.2610   1.123  2.990  0.000
   32 C  -0.0560 -0.1666   1.155  2.901  0.000
   33 C  -0.0843 -0.2349   1.091  2.993  0.000
   34 N  -0.2251 -0.4899   1.401  3.824  0.000
   35 C   0.0526  0.1182   1.166  2.781  0.000
   36 C   0.0082  0.0054   1.193  2.799  0.000
   37 C  -0.0650 -0.0568   1.189  2.876  0.000
   38 C   0.0197  0.0837   1.193  2.787  0.000
   39 C  -0.0754 -0.2192   1.084  2.991  0.000
   40 C   0.1839  0.2216   1.175  2.641  0.000
   41 O  -0.2160 -0.2636   1.617  4.599  0.000
   42 C  -0.0521 -0.0951   1.217  2.835  0.000
   43 C   0.2050  0.2591   1.193  2.602  0.000
   44 O  -0.2747 -0.3187   1.635  4.640  0.000
   45 O  -0.1301 -0.2202   1.484  4.646  0.000
   46 C   0.0283 -0.0936   1.099  2.873  0.000
   47 C   0.0448 -0.0360   1.143  2.812  0.000
   48 C  -0.0722 -0.1287   1.162  2.910  0.000
   49 C  -0.0050 -0.0301   1.220  2.785  0.000
   50 C  -0.0984 -0.2436   1.083  3.015  0.000
   51 C  -0.0546 -0.1592   1.149  2.905  0.000
   52 C  -0.0751 -0.1840   1.173  2.902  0.000
   53 C  -0.0857 -0.1974   1.175  2.911  0.000
   54 C  -0.0330 -0.1062   1.212  2.821  0.000
   55 C  -0.1023 -0.2527   1.106  2.996  0.000
   56 C  -0.0631 -0.1750   1.151  2.912  0.000
   57 C  -0.0698 -0.1852   1.142  2.928  0.000
   58 C  -0.0636 -0.1735   1.157  2.907  0.000
   59 C  -0.0262 -0.0977   1.221  2.805  0.000
   60 C  -0.1092 -0.2600   1.110  3.000  0.000
   61 C  -0.0753 -0.1849   1.158  2.918  0.000
   62 C  -0.0594 -0.1716   1.153  2.906  0.000
   63 C  -0.0706 -0.1813   1.162  2.909  0.000
   64 C  -0.0328 -0.1089   1.196  2.837  0.000
   65 C  -0.1017 -0.2520   1.103  2.999  0.000
   66 C  -0.1113 -0.2635   1.110  3.002  0.000
   67 H   0.0629  0.1229   0.937  0.000  0.000
   68 H   0.0617  0.1265   0.938  0.000  0.000
   69 H   0.0482  0.1076   0.952  0.000  0.000
   70 H   0.0571  0.1236   0.943  0.000  0.000
   71 H   0.0362  0.0985   0.964  0.000  0.000
   72 H   0.0418  0.0954   0.958  0.000  0.000
   73 H   0.0307  0.0866   0.969  0.000  0.000
   74 H   0.0444  0.0987   0.956  0.000  0.000
   75 H   0.0398  0.0974   0.960  0.000  0.000
   76 H   0.0462  0.1049   0.954  0.000  0.000
   77 H   0.0497  0.1077   0.950  0.000  0.000
   78 H   0.0446  0.1046   0.955  0.000  0.000
   79 H   0.0544  0.1073   0.946  0.000  0.000
   80 H   0.0514  0.1049   0.949  0.000  0.000
   81 H   0.0439  0.0990   0.956  0.000  0.000
   82 H   0.0407  0.0953   0.959  0.000  0.000
   83 H   0.0471  0.1054   0.953  0.000  0.000
   84 H   0.0497  0.1019   0.950  0.000  0.000
   85 H   0.0509  0.1104   0.949  0.000  0.000
   86 H   0.0545  0.1181   0.945  0.000  0.000
   87 H   0.0315  0.0840   0.969  0.000  0.000
   88 H   0.0403  0.0915   0.960  0.000  0.000
   89 H   0.0406  0.0915   0.959  0.000  0.000
   90 H   0.0339  0.0901   0.966  0.000  0.000
   91 H   0.0346  0.0895   0.965  0.000  0.000
   92 H   0.0517  0.1092   0.948  0.000  0.000
   93 H   0.0306  0.0833   0.969  0.000  0.000
   94 H   0.0462  0.0984   0.954  0.000  0.000
   95 H   0.0457  0.0983   0.954  0.000  0.000
   96 H   0.0441  0.0969   0.956  0.000  0.000
   97 H   0.0468  0.0985   0.953  0.000  0.000
   98 H   0.0540  0.1198   0.946  0.000  0.000
   99 H   0.0447  0.1059   0.955  0.000  0.000
  100 H   0.0494  0.1119   0.951  0.000  0.000
  101 H   0.0624  0.1264   0.938  0.000  0.000
  102 H   0.0676  0.1363   0.932  0.000  0.000
  103 H   0.0618  0.1239   0.938  0.000  0.000
  104 H   0.0389  0.0971   0.961  0.000  0.000
  105 H   0.0412  0.0950   0.959  0.000  0.000
  106 H   0.0378  0.0896   0.962  0.000  0.000
  107 H   0.0421  0.0951   0.958  0.000  0.000
  108 H   0.0467  0.1016   0.953  0.000  0.000
  109 H   0.0465  0.1051   0.954  0.000  0.000
  110 H   0.0315  0.0877   0.968  0.000  0.000
  111 H   0.0424  0.0971   0.958  0.000  0.000
  112 H   0.0337  0.0901   0.966  0.000  0.000
  113 H   0.0265  0.0820   0.974  0.000  0.000
  114 H   0.0296  0.0896   0.970  0.000  0.000
  115 H   0.0349  0.0876   0.965  0.000  0.000
  116 H   0.0386  0.0898   0.961  0.000  0.000
  117 H   0.0317  0.0849   0.968  0.000  0.000
  118 H   0.0376  0.0953   0.962  0.000  0.000
  119 H   0.0255  0.0822   0.975  0.000  0.000
  120 H   0.0252  0.0838   0.975  0.000  0.000
  121 H   0.0206  0.0776   0.979  0.000  0.000
  122 H   0.0327  0.0895   0.967  0.000  0.000
  123 H   0.0381  0.0956   0.962  0.000  0.000
  124 H   0.0426  0.1028   0.957  0.000  0.000
  125 H   0.0366  0.0879   0.963  0.000  0.000
  126 H   0.0314  0.0844   0.969  0.000  0.000
  127 H   0.0341  0.0857   0.966  0.000  0.000
  128 H   0.0349  0.0917   0.965  0.000  0.000
  129 H   0.0377  0.0933   0.962  0.000  0.000
  130 H   0.0435  0.0982   0.957  0.000  0.000
  131 H   0.0351  0.0910   0.965  0.000  0.000
  132 H   0.0390  0.0970   0.961  0.000  0.000
  133 H   0.0434  0.1011   0.957  0.000  0.000
  134 H   0.0293  0.0907   0.971  0.000  0.000
  135 H   0.0326  0.0844   0.967  0.000  0.000
  136 H   0.0309  0.0827   0.969  0.000  0.000
  137 H   0.0331  0.0855   0.967  0.000  0.000
  138 H   0.0293  0.0814   0.971  0.000  0.000
  139 H   0.0370  0.0907   0.963  0.000  0.000
  140 H   0.0364  0.0886   0.964  0.000  0.000
 Hirshfeld charges for QMDFF written to <charges>
 
 Loewdin charges    n(s)   n(p)   n(d)
    1 MG  0.1321   0.688  1.180  0.000
    2 C   0.0263   1.149  2.825  0.000
    3 C  -0.0198   1.061  2.959  0.000
    4 C  -0.0166   1.064  2.953  0.000
    5 C  -0.0247   1.064  2.961  0.000
    6 N  -0.1054   1.354  3.751  0.000
    7 C   0.0317   1.210  2.758  0.000
    8 C  -0.0100   1.150  2.860  0.000
    9 C  -0.0432   1.167  2.876  0.000
   10 C   0.0357   1.182  2.783  0.000
   11 C  -0.0976   1.032  3.065  0.000
   12 C  -0.0387   1.089  2.950  0.000
   13 C  -0.0452   1.075  2.970  0.000
   14 C   0.1918   1.168  2.640  0.000
   15 O  -0.2627   1.605  4.658  0.000
   16 O  -0.1345   1.478  4.656  0.000
   17 N  -0.2071   1.318  3.889  0.000
   18 C   0.0199   1.144  2.836  0.000
   19 C  -0.0204   1.166  2.854  0.000
   20 C  -0.0759   1.163  2.913  0.000
   21 C   0.0449   1.146  2.809  0.000
   22 C  -0.0790   1.002  3.077  0.000
   23 C   0.1495   1.176  2.675  0.000
   24 O  -0.2089   1.586  4.623  0.000
   25 C  -0.1127   1.032  3.081  0.000
   26 N  -0.1457   1.349  3.797  0.000
   27 C   0.0243   1.209  2.767  0.000
   28 C  -0.0140   1.168  2.846  0.000
   29 C  -0.0108   1.136  2.875  0.000
   30 C   0.0661   1.159  2.775  0.000
   31 C  -0.1158   1.053  3.063  0.000
   32 C  -0.0505   1.096  2.954  0.000
   33 C  -0.0847   1.018  3.067  0.000
   34 N  -0.1976   1.361  3.836  0.000
   35 C   0.0537   1.126  2.821  0.000
   36 C   0.0133   1.151  2.835  0.000
   37 C  -0.0724   1.151  2.921  0.000
   38 C   0.0238   1.154  2.823  0.000
   39 C  -0.0745   1.010  3.065  0.000
   40 C   0.1726   1.141  2.686  0.000
   41 O  -0.1956   1.581  4.615  0.000
   42 C  -0.0533   1.171  2.882  0.000
   43 C   0.1814   1.169  2.650  0.000
   44 O  -0.2637   1.608  4.655  0.000
   45 O  -0.0909   1.445  4.646  0.000
   46 C   0.0199   1.028  2.952  0.000
   47 C   0.0458   1.085  2.869  0.000
   48 C  -0.0728   1.114  2.959  0.000
   49 C   0.0084   1.177  2.814  0.000
   50 C  -0.1022   1.010  3.092  0.000
   51 C  -0.0506   1.090  2.960  0.000
   52 C  -0.0706   1.117  2.954  0.000
   53 C  -0.0831   1.119  2.964  0.000
   54 C  -0.0228   1.165  2.858  0.000
   55 C  -0.1060   1.035  3.071  0.000
   56 C  -0.0603   1.093  2.968  0.000
   57 C  -0.0674   1.083  2.984  0.000
   58 C  -0.0603   1.099  2.961  0.000
   59 C  -0.0160   1.175  2.841  0.000
   60 C  -0.1137   1.040  3.074  0.000
   61 C  -0.0734   1.101  2.973  0.000
   62 C  -0.0543   1.095  2.959  0.000
   63 C  -0.0687   1.105  2.964  0.000
   64 C  -0.0224   1.147  2.875  0.000
   65 C  -0.1056   1.032  3.074  0.000
   66 C  -0.1175   1.040  3.077  0.000
   67 H   0.0576   0.942  0.000  0.000
   68 H   0.0550   0.945  0.000  0.000
   69 H   0.0432   0.957  0.000  0.000
   70 H   0.0492   0.951  0.000  0.000
   71 H   0.0318   0.968  0.000  0.000
   72 H   0.0417   0.958  0.000  0.000
   73 H   0.0316   0.968  0.000  0.000
   74 H   0.0437   0.956  0.000  0.000
   75 H   0.0367   0.963  0.000  0.000
   76 H   0.0430   0.957  0.000  0.000
   77 H   0.0456   0.954  0.000  0.000
   78 H   0.0406   0.959  0.000  0.000
   79 H   0.0533   0.947  0.000  0.000
   80 H   0.0504   0.950  0.000  0.000
   81 H   0.0439   0.956  0.000  0.000
   82 H   0.0412   0.959  0.000  0.000
   83 H   0.0449   0.955  0.000  0.000
   84 H   0.0498   0.950  0.000  0.000
   85 H   0.0450   0.955  0.000  0.000
   86 H   0.0484   0.952  0.000  0.000
   87 H   0.0334   0.967  0.000  0.000
   88 H   0.0407   0.959  0.000  0.000
   89 H   0.0404   0.960  0.000  0.000
   90 H   0.0318   0.968  0.000  0.000
   91 H   0.0321   0.968  0.000  0.000
   92 H   0.0531   0.947  0.000  0.000
   93 H   0.0308   0.969  0.000  0.000
   94 H   0.0451   0.955  0.000  0.000
   95 H   0.0443   0.956  0.000  0.000
   96 H   0.0423   0.958  0.000  0.000
   97 H   0.0457   0.954  0.000  0.000
   98 H   0.0469   0.953  0.000  0.000
   99 H   0.0418   0.958  0.000  0.000
  100 H   0.0453   0.955  0.000  0.000
  101 H   0.0568   0.943  0.000  0.000
  102 H   0.0594   0.941  0.000  0.000
  103 H   0.0546   0.945  0.000  0.000
  104 H   0.0328   0.967  0.000  0.000
  105 H   0.0406   0.959  0.000  0.000
  106 H   0.0380   0.962  0.000  0.000
  107 H   0.0414   0.959  0.000  0.000
  108 H   0.0426   0.957  0.000  0.000
  109 H   0.0436   0.956  0.000  0.000
  110 H   0.0292   0.971  0.000  0.000
  111 H   0.0395   0.961  0.000  0.000
  112 H   0.0323   0.968  0.000  0.000
  113 H   0.0244   0.976  0.000  0.000
  114 H   0.0247   0.975  0.000  0.000
  115 H   0.0353   0.965  0.000  0.000
  116 H   0.0383   0.962  0.000  0.000
  117 H   0.0326   0.967  0.000  0.000
  118 H   0.0357   0.964  0.000  0.000
  119 H   0.0240   0.976  0.000  0.000
  120 H   0.0246   0.975  0.000  0.000
  121 H   0.0187   0.981  0.000  0.000
  122 H   0.0299   0.970  0.000  0.000
  123 H   0.0356   0.964  0.000  0.000
  124 H   0.0372   0.963  0.000  0.000
  125 H   0.0366   0.963  0.000  0.000
  126 H   0.0334   0.967  0.000  0.000
  127 H   0.0343   0.966  0.000  0.000
  128 H   0.0339   0.966  0.000  0.000
  129 H   0.0356   0.964  0.000  0.000
  130 H   0.0412   0.959  0.000  0.000
  131 H   0.0331   0.967  0.000  0.000
  132 H   0.0369   0.963  0.000  0.000
  133 H   0.0411   0.959  0.000  0.000
  134 H   0.0257   0.974  0.000  0.000
  135 H   0.0325   0.967  0.000  0.000
  136 H   0.0319   0.968  0.000  0.000
  137 H   0.0338   0.966  0.000  0.000
  138 H   0.0308   0.969  0.000  0.000
  139 H   0.0387   0.961  0.000  0.000
  140 H   0.0370   0.963  0.000  0.000
 
 Wiberg/Mayer (AO) data. WBOs > 0.1 written file <wbo>
 largest (>0.05) Wiberg bond orders for each atom
           total WBO             WBO to atom ...
     1  MG  2.541    N   17 0.527    N   26 0.488    N   34 0.481    N    6 0.325    C   27 0.067    C   38 0.054    C   21 0.052
     2  C   3.884    C    7 1.314    C   38 1.300    C   42 0.940
     3  C   3.928    C   10 1.414    C   18 1.301    H   67 0.931
     4  C   3.929    C   27 1.399    C   21 1.296    H   68 0.927
     5  C   3.909    C   30 1.541    C   35 1.189    H   69 0.933
     6  N   3.321    C    7 1.292    C   10 1.287    MG   1 0.325
     7  C   3.841    C    2 1.314    N    6 1.292    C    8 0.919
     8  C   3.937    C   12 0.981    C    9 0.942    H   70 0.935    C    7 0.919
     9  C   3.928    C   11 0.976    H   71 0.951    C    8 0.942    C   10 0.907
    10  C   3.862    C    3 1.414    N    6 1.287    C    9 0.907
    11  C   3.968    H   73 0.981    C    9 0.976    H   74 0.975    H   72 0.974
    12  C   3.953    C    8 0.981    H   75 0.965    H   76 0.955    C   13 0.942
    13  C   3.962    H   77 0.965    H   78 0.959    C   14 0.959    C   12 0.942    O   15 0.071
    14  C   3.891    O   15 1.803    O   16 1.086    C   13 0.959
    15  O   2.116    C   14 1.803    O   16 0.168    C   13 0.071
    16  O   2.297    C   14 1.086    C   47 0.928    O   15 0.168
    17  N   3.315    C   18 1.164    C   21 1.159    MG   1 0.527    C   20 0.059    C   27 0.052    C   19 0.051
    18  C   3.882    C    3 1.301    N   17 1.164    C   19 1.158
    19  C   3.864    C   20 1.413    C   18 1.158    C   22 1.014    O   24 0.051    N   17 0.051
    20  C   3.890    C   19 1.413    C   21 1.166    C   23 0.963    O   24 0.079    N   17 0.059
    21  C   3.884    C    4 1.296    C   20 1.166    N   17 1.159    MG   1 0.052
    22  C   3.981    C   19 1.014    H   79 0.969    H   81 0.965    H   80 0.953
    23  C   3.875    O   24 1.875    C   20 0.963    C   25 0.943
    24  O   2.189    C   23 1.875    C   25 0.082    C   20 0.079    C   19 0.051
    25  C   3.981    H   83 0.970    H   82 0.970    H   84 0.958    C   23 0.943    O   24 0.082
    26  N   3.366    C   27 1.239    C   30 1.134    MG   1 0.488
    27  C   3.844    C    4 1.399    N   26 1.239    C   28 0.912    MG   1 0.067    N   17 0.052
    28  C   3.929    C   29 0.986    H   85 0.947    C   31 0.934    C   27 0.912
    29  C   3.940    C   28 0.986    C   30 0.961    H   86 0.928    C   32 0.918
    30  C   3.880    C    5 1.541    N   26 1.134    C   29 0.961
    31  C   3.953    H   89 0.980    H   87 0.978    H   88 0.975    C   28 0.934
    32  C   3.952    C   33 1.010    H   91 0.971    H   90 0.970    C   29 0.918
    33  C   3.983    C   32 1.010    H   93 0.986    H   94 0.981    H   92 0.964
    34  N   3.274    C   35 1.169    C   38 1.141    MG   1 0.481    C   37 0.081
    35  C   3.895    C   36 1.314    C    5 1.189    N   34 1.169
    36  C   3.875    C   35 1.314    C   37 1.313    C   39 0.969
    37  C   3.892    C   36 1.313    C   38 1.174    C   40 1.046    N   34 0.081    O   41 0.073
    38  C   3.894    C    2 1.300    C   37 1.174    N   34 1.141    MG   1 0.054
    39  C   3.979    H   96 0.984    H   95 0.974    H   97 0.973    C   36 0.969
    40  C   3.893    O   41 1.865    C   37 1.046    C   42 0.844
    41  O   2.209    C   40 1.865    C   42 0.090    C   37 0.073
    42  C   3.930    C    2 0.940    H   98 0.935    C   43 0.892    C   40 0.844    O   41 0.090    O   44 0.081
    43  C   3.887    O   44 1.785    O   45 1.137    C   42 0.892
    44  O   2.116    C   43 1.785    O   45 0.170    C   42 0.081
    45  O   2.338    C   43 1.137    C   46 0.962    O   44 0.170
    46  C   3.935    H   99 0.990    H  100 0.984    H  101 0.979    O   45 0.962
    47  C   3.927    C   48 0.989    H  103 0.970    H  102 0.959    O   16 0.928
    48  C   3.954    C   49 1.886    C   47 0.989    H  104 0.936
    49  C   3.931    C   48 1.886    C   50 0.982    C   51 0.972
    50  C   3.987    C   49 0.982    H  105 0.974    H  106 0.971    H  107 0.970
    51  C   3.963    C   49 0.972    H  108 0.967    H  109 0.959    C   52 0.949
    52  C   3.947    H  110 0.975    H  111 0.968    C   53 0.964    C   51 0.949
    53  C   3.952    C   54 0.975    H  113 0.972    C   52 0.964    H  112 0.964
    54  C   3.932    C   55 0.978    C   53 0.975    H  114 0.958    C   56 0.958
    55  C   3.981    H  116 0.984    H  117 0.981    H  115 0.981    C   54 0.978
    56  C   3.960    C   57 0.988    H  119 0.963    H  118 0.963    C   54 0.958
    57  C   3.967    C   58 0.992    C   56 0.988    H  121 0.971    H  120 0.960
    58  C   3.964    C   57 0.992    H  122 0.967    H  123 0.964    C   59 0.956
    59  C   3.929    C   60 0.986    C   61 0.962    C   58 0.956    H  124 0.954
    60  C   3.975    C   59 0.986    H  127 0.980    H  125 0.978    H  126 0.974
    61  C   3.953    C   62 0.991    H  129 0.962    C   59 0.962    H  128 0.953
    62  C   3.959    C   61 0.991    C   63 0.976    H  131 0.964    H  130 0.959
    63  C   3.965    C   64 0.980    C   62 0.976    H  132 0.963    H  133 0.958
    64  C   3.944    C   65 0.985    C   66 0.983    C   63 0.980    H  134 0.956
    65  C   3.979    C   64 0.985    H  135 0.982    H  136 0.977    H  137 0.976
    66  C   3.979    C   64 0.983    H  140 0.978    H  138 0.977    H  139 0.972
    67  H   0.993    C    3 0.931
    68  H   0.993    C    4 0.927
    69  H   0.994    C    5 0.933
    70  H   0.994    C    8 0.935
    71  H   0.997    C    9 0.951
    72  H   0.996    C   11 0.974
    73  H   0.998    C   11 0.981
    74  H   0.996    C   11 0.975
    75  H   0.996    C   12 0.965
    76  H   0.996    C   12 0.955
    77  H   0.997    C   13 0.965
    78  H   0.997    C   13 0.959
    79  H   0.994    C   22 0.969
    80  H   0.989    C   22 0.953
    81  H   0.995    C   22 0.965
    82  H   0.998    C   25 0.970
    83  H   0.995    C   25 0.970
    84  H   0.996    C   25 0.958
    85  H   0.996    C   28 0.947
    86  H   0.994    C   29 0.928
    87  H   0.998    C   31 0.978
    88  H   0.996    C   31 0.975
    89  H   0.996    C   31 0.980
    90  H   0.997    C   32 0.970
    91  H   0.997    C   32 0.971
    92  H   0.997    C   33 0.964
    93  H   0.999    C   33 0.986
    94  H   0.997    C   33 0.981
    95  H   0.994    C   39 0.974
    96  H   0.997    C   39 0.984
    97  H   0.994    C   39 0.973
    98  H   0.994    C   42 0.935
    99  H   0.998    C   46 0.990
   100  H   0.998    C   46 0.984
   101  H   0.996    C   46 0.979
   102  H   0.995    C   47 0.959
   103  H   0.995    C   47 0.970
   104  H   0.998    C   48 0.936
   105  H   0.997    C   50 0.974
   106  H   0.999    C   50 0.971
   107  H   0.998    C   50 0.970
   108  H   0.997    C   51 0.967
   109  H   0.998    C   51 0.959
   110  H   0.999    C   52 0.975
   111  H   0.998    C   52 0.968
   112  H   0.999    C   53 0.964
   113  H   0.999    C   53 0.972
   114  H   0.999    C   54 0.958
   115  H   0.998    C   55 0.981
   116  H   0.998    C   55 0.984
   117  H   0.999    C   55 0.981
   118  H   0.998    C   56 0.963
   119  H   0.999    C   56 0.963
   120  H   0.999    C   57 0.960
   121  H   0.999    C   57 0.971
   122  H   0.999    C   58 0.967
   123  H   0.999    C   58 0.964
   124  H   0.998    C   59 0.954
   125  H   0.998    C   60 0.978
   126  H   0.998    C   60 0.974
   127  H   0.998    C   60 0.980
   128  H   0.997    C   61 0.953
   129  H   0.999    C   61 0.962
   130  H   0.998    C   62 0.959
   131  H   0.998    C   62 0.964
   132  H   0.998    C   63 0.963
   133  H   0.998    C   63 0.958
   134  H   0.999    C   64 0.956
   135  H   0.999    C   65 0.982
   136  H   0.999    C   65 0.977
   137  H   0.998    C   65 0.976
   138  H   0.999    C   66 0.977
   139  H   0.999    C   66 0.972
   140  H   0.999    C   66 0.978
 
 --------------------------------------------
          xTB calculation for sTDA...
 --------------------------------------------
 
 reading parameter file ~/.param_stda2.xtb
 
      method parameters     
 k(s)        :  1.6000
 k(p)        :  2.1800
 k(d)        :  1.9500
 k(f)        :  2.0000
 k(R-V)      :  2.2750
 k(R-R)      :  1.7650
 Tscal       :  0.2580
 Gscal       :  1.0000
 fpol        :  1.0000
 Zcnf        :  0.3430
 Zqf         :  0.0000
 kcn         :  2.7000
 Ryd Hsplit  :  0.7000
 lshift(virt):  3.1000
 lshift(OS)  :  0.2000
 wllscaling  :  2.6000
 
 mowrcut     : 3.000
 
  Z AO/shell   Hii/eV     exponent
  1     Sun Feb 14 09:53:25 CET 2016    EN: 2.327 GAM: 0.473  GM3: 0.0000
     1s    -14.339618    1.220000
     2sp    -3.348946    0.600000
  6     Sun Feb 14 09:53:25 CET 2016    EN: 2.731 GAM: 0.422  GM3: 0.0000
     2s    -22.009312    1.565095
     2p    -13.020408    1.596905
     3sp    -3.914040    0.824500
  7     Sun Feb 14 09:53:25 CET 2016    EN: 3.573 GAM: 0.504  GM3: 0.0000
     2s    -25.722000    2.064844
     2p    -18.684912    1.801692
     3sp    -4.344791    0.921400
  8     Sun Feb 14 09:53:25 CET 2016    EN: 3.700 GAM: 0.587  GM3: 0.0000
     2s    -33.859000    2.418661
     2p    -22.175911    1.973969
     3sp    -4.259392    1.013700
 12     Sun Feb 21 16:58:31 CET 2016    EN: 0.033 GAM: 0.222  GM3: 0.0000
     3s    -11.092543    1.647583
     3p     -6.929529    0.855020
 
 Nbf   :          894
 T(el) :     0.0
 calculating S/T integrals ...
 cpu time for ints    1.20856000000000     
 Nao   :          894
 making H0...
 making H1...
 cpu time for H      2.445599999999981E-002
 solving ...
 cpu time for diag   0.269568000000000     
 
 gap (eV)           :   4.846
 Koopmans IP (eV)   :  13.417
 Eel (Eh)           :  -300.840313

          eigenvalues
 #    :         164        165        166        167        168        169        170        171
 occ. :        2.000      2.000      2.000      2.000      2.000      2.000      2.000      2.000
 eps  :       -17.317    -17.074    -16.994    -16.289    -16.220    -16.073    -15.949    -15.662
 #    :         172        173        174        175        176        177        178        179
 occ. :        2.000      2.000      2.000      2.000      2.000      0.000      0.000      0.000
 eps  :       -15.560    -15.390    -14.979    -13.912    -13.418     -8.572     -6.879     -6.561
 #    :         180        181        182        183        184        185        186        187
 occ. :        0.000      0.000      0.000      0.000      0.000      0.000      0.000      0.000
 eps  :        -6.110     -6.080     -5.879     -5.785     -5.378     -5.167     -5.058     -4.964
                            1  SCC done.
 writing mo output ...
 molden style : F
 
speedup  1.15
cpu  time for all    2.01 s
wall time for all    1.75 s
