cpu-bind=MASK - bp1-compute135, task 4294967295 4294967295 [0]: mask 0xf11efffef11efffe set
Host:    bp1-compute135.data.bp.acrc.priv
Time:    Wed May  4 11:58:51 BST 2022
Dir:     /user/home/of15641/chlorophyll_parameterization/tddft_data/step_1751_chromophore_10
Job ID:  1692208
Nodelist:
cat: bp1-compute135: No such file or directory
  
Result dir: /user/home/of15641/chlorophyll_parameterization/tddft_data/step_1751_chromophore_10
running gaussian jobs
Running time g16 < CAMB3LYP_step_1751_chromophore_10.com > CAMB3LYP_step_1751_chromophore_10.log

real	38m51.644s
user	920m12.157s
sys	0m53.787s
Running time g16 < PBE0_step_1751_chromophore_10.com > PBE0_step_1751_chromophore_10.log

real	21m48.999s
user	520m41.276s
sys	0m50.252s
Running time g16 < wB97XD_step_1751_chromophore_10.com > wB97XD_step_1751_chromophore_10.log

real	39m55.723s
user	945m4.869s
sys	1m1.801s
Running time g16 < BLYP_step_1751_chromophore_10.com > BLYP_step_1751_chromophore_10.log

real	21m1.844s
user	502m41.317s
sys	0m30.860s
Running time g16 < ZINDO_step_1751_chromophore_10.com > ZINDO_step_1751_chromophore_10.log

real	0m6.906s
user	2m33.244s
sys	0m2.341s
