cpu-bind=MASK - bp1-compute135, task 4294967295 4294967295 [0]: mask 0xf11efffef11efffe set
Host:    bp1-compute135.data.bp.acrc.priv
Time:    Thu May  5 05:24:21 BST 2022
Dir:     /user/home/of15641/chlorophyll_parameterization/tddft_data/step_701_chromophore_2
Job ID:  1692371
Nodelist:
cat: bp1-compute135: No such file or directory
  
Result dir: /user/home/of15641/chlorophyll_parameterization/tddft_data/step_701_chromophore_2
running gaussian jobs
Running time g16 < CAMB3LYP_step_701_chromophore_2.com > CAMB3LYP_step_701_chromophore_2.log

real	41m9.537s
user	975m35.554s
sys	1m5.726s
Running time g16 < PBE0_step_701_chromophore_2.com > PBE0_step_701_chromophore_2.log

real	28m38.452s
user	684m42.934s
sys	0m44.752s
Running time g16 < wB97XD_step_701_chromophore_2.com > wB97XD_step_701_chromophore_2.log

real	34m40.833s
user	819m21.828s
sys	0m59.120s
Running time g16 < BLYP_step_701_chromophore_2.com > BLYP_step_701_chromophore_2.log

real	17m30.984s
user	418m21.866s
sys	0m30.136s
Running time g16 < ZINDO_step_701_chromophore_2.com > ZINDO_step_701_chromophore_2.log

real	0m7.669s
user	2m49.755s
sys	0m2.658s
