cpu-bind=MASK - bp1-compute198, task 4294967295 4294967295 [0]: mask 0x1fffffe01fffffe set
Host:    bp1-compute198.data.bp.acrc.priv
Time:    Sat Apr 30 17:55:10 BST 2022
Dir:     /user/home/of15641/chlorophyll_parameterization/tddft_data/step_851_chromophore_22
Job ID:  1659013
Nodelist:
cat: bp1-compute198: No such file or directory
  
Result dir: /user/home/of15641/chlorophyll_parameterization/tddft_data/step_851_chromophore_22
running gaussian jobs
Running time g16 < CAMB3LYP_step_851_chromophore_22.com > CAMB3LYP_step_851_chromophore_22.log

real	35m39.494s
user	843m22.119s
sys	1m12.153s
Running time g16 < PBE0_step_851_chromophore_22.com > PBE0_step_851_chromophore_22.log

real	16m46.044s
user	399m57.507s
sys	0m33.510s
Running time g16 < wB97XD_step_851_chromophore_22.com > wB97XD_step_851_chromophore_22.log

real	34m43.106s
user	819m26.446s
sys	1m10.831s
Running time g16 < BLYP_step_851_chromophore_22.com > BLYP_step_851_chromophore_22.log

real	14m26.558s
user	344m21.028s
sys	0m36.281s
Running time g16 < ZINDO_step_851_chromophore_22.com > ZINDO_step_851_chromophore_22.log

real	0m7.268s
user	2m30.121s
sys	0m2.419s
