 
        ______________________________________
       |                                      |
       |          ===================         |
       |             xTB for sTDA             |
       |          ===================         |
       |               S. Grimme              |
       |        Universitaet Bonn, MCTC       |
       |         2015-19, Version 1.0         |
       |     Wed Apr  3 09:14:55 CEST 2019    |
       |______________________________________|
 
        This code comes without any warranty
        for non-commercial, academia use only.
        Preliminary test version.
        Cite this work as:
        S. Grimme  &  C. Bannwarth, JCP 145 (2016) 054103
        if GBSA is used additionally:
        P. Shushkov, F. März, C. Bannwarth, S. Grimme, unpublished.
 
        with help from
        P. Shushkov, G. Brandenburg, S. Dohm, J. Pisarek,
        F. März, M. Checinski, S. Ehrlich, S. Spicher, 
        P. Pracht, E. Caldeweyher, S. Ehlert, and C. Bannwarth.
 
        usage        :
        xtb4stda <coord_file> [options]
        where <coord_file> is a valid file of TM)
        (*coord, Bohr) or xmol (*xyz, Angstroem)
        format.

        options:
        -chrg <int>   : molecular charge
        -uhf  <int>   : # of unpaired electrons(=2*S)
        -nox          : skip second, extended part in sTDA-xTB
        -pop          : do population analysis
                      : (default for -nox)
        -mowr <real>  : cut MO write above (def.3 Eh)
        -molden       : write formatted molden file
        -parx <file>  : read parameters for sTDA-xTB
                        calc (def:~/.param_stda2.xtb)
        -parv <file>  : read parameters for vTB part in
                        sTDA-xTB (def: ~/.param_stda1.xtb)
        -xtemp <real> : el. temp for xTB (def. 0 K)
        -etemp <real> : el. temp for GFN (def. 300 K)
        -fod          : calculate the FOD and write
                        molden.input file with
                        appropriate occupations
                        for plotting. Def. T=12500 K
 
        -acc <real>   : xTB accuracy (def. 1.0)
        -gbsa [string1] [string2]
                        use GBSA implicit solvent
                        for solvent [string1] and
                        solvation state [string2]=
                        reference, bar1M (default=1M)
        additional GFN/opt/MD/siman options read from
        $XTB4STDAHOME/.xtb4stdarc or $set in input
 
       spin and charge state information can be on:
       <.CHRG> (charge) and <.UHF> (=nalpha-nbeta)
       -uhf and -chrg override the file info.
       useful machine settings:
       setenv MKL_NUM_THREADS <NCORE_ON_YOUR_MACHINE>
       setenv OMP_STACKSIZE 500m
       limit stacksize unlimited
 
       total energies in Eh, gaps/HL energies in eV
       please read REVISION and HOWTO files carefully
 =============================
  # OMP threads =           4
 =============================
 
 xtb4stdahome directory:~/
 
 
 name of molecule           :
 comment line               :
 number of atoms            :   140
 number of electrons        :   352
 charge                     :  0
 spin                       : 0.0
 first test random number   :  0.0055
 
 -----------------------------------------
      charge density (VTB) calculation
 -----------------------------------------
 
      method parameters     
 k(s)        :  1.8000
 k(p)        :  2.8350
 k(d)        :  2.0860
 k(f)        :  2.0000
 Tscal       :  0.3300
 Gscal       :  0.3910
 fpol        :  1.0000
 Zcnf        :  0.6500
 Zqf         :  0.0000
 kcn         :  0.3000
 kEN1        : -0.5900
 wllscal     :  2.6000
 
     -------------------------
     ! NO SOLVENT MODEL USED !
     -------------------------
 
 doing EN charges ...
 sum q :  0.5329071D-14
 point charge moment (au)
     X       Y       Z   
  -0.1686  -0.7643   0.7316  total (Debye):    2.723
 
            Z      q(EN)   CN      Cart. coordinates
     1  MG  2.0   0.938   4.744     3.15206    14.69829    48.73981
     2  C   4.0   0.022   3.292     4.05535    18.58168    53.95923
     3  C   4.0  -0.057   3.115     4.82636     9.56768    53.02382
     4  C   4.0  -0.061   3.148     3.01789    10.69774    43.92290
     5  C   4.0  -0.057   3.183     2.98388    19.76275    44.88666
     6  N   5.0  -0.330   3.065     3.96465    14.25798    53.06539
     7  C   4.0   0.124   3.369     4.07803    16.10424    54.74725
     8  C   4.0  -0.096   4.176     4.27456    15.15938    57.41554
     9  C   4.0  -0.094   4.121     4.93974    12.26432    57.10185
    10  C   4.0   0.081   3.325     4.62227    11.95630    54.22380
    11  C   4.0  -0.237   4.026     7.58914    11.37237    58.04293
    12  C   4.0  -0.162   4.063     1.79524    15.70173    58.92732
    13  C   4.0  -0.168   4.041     2.02390    16.21196    61.75057
    14  C   4.0   0.190   3.092     4.33125    15.11970    63.21133
    15  O   6.0  -0.109   1.045     6.19263    16.26865    63.85006
    16  O   6.0  -0.135   2.071     4.05724    12.62715    63.74613
    17  N   5.0  -0.379   3.181     3.56402    10.67128    48.55273
    18  C   4.0   0.062   3.358     4.32558     8.93840    50.47647
    19  C   4.0   0.012   3.219     4.30291     6.38727    49.34263
    20  C   4.0   0.002   3.272     3.80402     6.70286    46.81607
    21  C   4.0   0.088   3.390     3.29757     9.40328    46.34175
    22  C   4.0  -0.246   4.017     4.71487     3.95520    50.90166
    23  C   4.0   0.111   3.049     3.69630     4.76211    44.69391
    24  O   6.0  -0.107   1.061     2.63239     5.24966    42.71348
    25  C   4.0  -0.244   4.013     4.75455     1.99933    44.90556
    26  N   5.0  -0.459   3.184     2.56247    15.21796    44.98493
    27  C   4.0   0.091   3.400     2.60404    13.25643    43.34842
    28  C   4.0  -0.094   4.143     2.37539    14.30523    40.53084
    29  C   4.0  -0.100   4.195     2.14673    17.10769    40.99571
    30  C   4.0   0.082   3.387     2.60404    17.51965    43.70936
    31  C   4.0  -0.236   4.007     4.48243    13.53800    38.50884
    32  C   4.0  -0.162   4.039    -0.26078    18.19050    39.66913
    33  C   4.0  -0.237   4.001     0.10393    20.81533    38.37655
    34  N   5.0  -0.480   3.248     3.37505    18.46262    49.18957
    35  C   4.0   0.075   3.522     3.13883    20.39392    47.48503
    36  C   4.0   0.018   3.263     3.55268    22.81277    48.71902
    37  C   4.0   0.002   3.447     3.82858    22.16649    51.26260
    38  C   4.0   0.068   3.773     3.74355    19.53788    51.47425
    39  C   4.0  -0.247   4.031     3.25222    25.48862    47.89510
    40  C   4.0   0.105   3.191     4.11771    23.23040    53.69089
    41  O   6.0  -0.095   1.041     4.33881    25.42437    54.41277
    42  C   4.0  -0.113   4.218     4.14228    20.86635    55.62786
    43  C   4.0   0.212   3.113     6.34570    20.96840    57.52893
    44  O   6.0  -0.128   1.050     8.43574    20.28054    57.29460
    45  O   6.0  -0.124   2.043     5.40840    21.72807    59.79282
    46  C   4.0  -0.195   4.035     7.12238    21.93972    61.92254
    47  C   4.0  -0.126   4.077     5.69752    11.45552    65.49790
    48  C   4.0  -0.054   3.102     4.07425     9.62626    66.94354
    49  C   4.0   0.018   3.062     3.35048     9.61304    69.48711
    50  C   4.0  -0.248   4.033     4.59959    11.46875    71.32582
    51  C   4.0  -0.174   4.056     1.46454     7.67418    70.52079
    52  C   4.0  -0.163   4.039     2.45664     6.01122    72.74311
    53  C   4.0  -0.163   4.058     3.53001     3.48276    71.92108
    54  C   4.0  -0.086   4.016     1.71209     1.11116    72.19887
    55  C   4.0  -0.238   4.021     0.39117     0.44975    69.61183
    56  C   4.0  -0.162   4.032     3.23143    -1.14139    73.37428
    57  C   4.0  -0.162   4.015     1.38517    -3.50922    74.18119
    58  C   4.0  -0.165   4.062     2.11460    -4.44086    76.83437
    59  C   4.0  -0.088   4.044     3.14828    -7.22820    76.77768
    60  C   4.0  -0.240   4.055     1.06581    -9.17273    76.47721
    61  C   4.0  -0.163   4.055     4.54668    -7.86693    79.33447
    62  C   4.0  -0.162   4.022     7.48520    -8.39227    78.77701
    63  C   4.0  -0.165   4.074     9.28044    -6.28901    79.80313
    64  C   4.0  -0.087   4.022    10.92829    -4.94919    77.80947
    65  C   4.0  -0.238   4.033    13.59091    -4.05724    78.88283
    66  C   4.0  -0.241   4.076     9.57335    -2.71365    76.83248
    67  H   1.0   0.070   1.005     5.15517     7.95008    54.26537
    68  H   1.0   0.071   1.006     3.11994     9.54879    42.21270
    69  H   1.0   0.071   1.008     2.64562    21.43516    43.72637
    70  H   1.0   0.087   1.010     5.78445    16.05511    58.49080
    71  H   1.0   0.084   1.008     3.65284    11.10025    58.21112
    72  H   1.0   0.080   0.999     8.64550    10.43696    56.54060
    73  H   1.0   0.081   0.999     7.28111     9.87004    59.41676
    74  H   1.0   0.080   0.997     8.76455    12.72541    59.05772
    75  H   1.0   0.083   1.006     0.69353    13.97074    58.74780
    76  H   1.0   0.083   1.003     0.69542    17.13603    57.94089
    77  H   1.0   0.082   1.005     0.45353    15.41260    62.81449
    78  H   1.0   0.082   1.001     1.65540    18.16405    62.29104
    79  H   1.0   0.080   0.998     6.50822     3.07458    50.40088
    80  H   1.0   0.080   0.999     3.06136     2.76089    50.61064
    81  H   1.0   0.080   0.997     4.93974     4.18007    52.93689
    82  H   1.0   0.081   1.007     3.19742     1.35304    46.09042
    83  H   1.0   0.080   0.997     6.52333     1.85571    45.95058
    84  H   1.0   0.079   0.996     4.95108     0.87683    43.18969
    85  H   1.0   0.084   1.008     0.64629    13.41139    39.85810
    86  H   1.0   0.086   1.016     3.78701    18.05066    40.18313
    87  H   1.0   0.080   0.999     4.77534    15.22363    37.36177
    88  H   1.0   0.080   0.998     3.76811    11.92795    37.44303
    89  H   1.0   0.080   1.000     6.10759    13.16383    39.72015
    90  H   1.0   0.082   1.003    -1.72910    18.03554    41.10532
    91  H   1.0   0.081   1.003    -0.99778    17.02265    38.13845
    92  H   1.0   0.080   0.998    -1.07714    20.96273    36.69659
    93  H   1.0   0.080   0.999     2.08815    20.98730    37.84554
    94  H   1.0   0.079   0.997    -0.43275    22.41782    39.55574
    95  H   1.0   0.080   1.001     1.28312    25.71161    47.33575
    96  H   1.0   0.081   1.003     4.66762    25.68327    46.41356
    97  H   1.0   0.080   0.999     3.81725    26.83033    49.35397
    98  H   1.0   0.086   1.009     2.42074    21.11391    56.73146
    99  H   1.0   0.080   0.997     8.35637    23.55165    61.56727
   100  H   1.0   0.080   0.996     8.62849    20.58667    62.29860
   101  H   1.0   0.080   0.996     6.10570    22.41215    63.64975
   102  H   1.0   0.083   1.002     6.58192    12.79722    66.78669
   103  H   1.0   0.082   1.004     7.08269    10.22153    64.60406
   104  H   1.0   0.070   1.004     3.23143     8.30535    65.60562
   105  H   1.0   0.081   1.003     6.35326    10.45774    71.70754
   106  H   1.0   0.080   0.998     3.42607    11.95630    72.94909
   107  H   1.0   0.081   0.999     4.89250    13.26777    70.36773
   108  H   1.0   0.082   1.004     0.85605     6.40806    69.01468
   109  H   1.0   0.082   1.005    -0.09638     8.78912    71.27101
   110  H   1.0   0.081   1.002     0.96754     5.98287    74.16796
   111  H   1.0   0.082   1.004     3.96465     6.92396    73.80892
   112  H   1.0   0.082   1.003     5.34037     3.29190    72.88484
   113  H   1.0   0.083   1.005     4.05157     3.72087    69.94254
   114  H   1.0   0.083   1.008     0.07370     1.46454    73.39696
   115  H   1.0   0.080   0.997     1.37194    -0.96565    68.47989
   116  H   1.0   0.080   0.997     0.20220     1.97854    68.24367
   117  H   1.0   0.080   0.998    -1.43997    -0.40062    70.01624
   118  H   1.0   0.082   1.003     4.16874    -0.44598    75.07125
   119  H   1.0   0.081   1.001     4.62794    -1.97854    72.11194
   120  H   1.0   0.082   1.004     1.72343    -5.10982    72.93019
   121  H   1.0   0.081   1.001    -0.57448    -2.88561    74.07159
   122  H   1.0   0.082   1.003     0.44598    -4.19708    78.01545
   123  H   1.0   0.082   1.003     3.46387    -3.21631    77.79435
   124  H   1.0   0.083   1.008     4.30669    -7.41339    75.08448
   125  H   1.0   0.080   0.998    -0.05669    -9.45430    78.18174
   126  H   1.0   0.081   0.999     1.87650   -10.93206    75.77801
   127  H   1.0   0.081   1.000    -0.26267    -8.50566    75.05236
   128  H   1.0   0.082   1.001     3.72843    -9.46375    80.34548
   129  H   1.0   0.083   1.003     4.38605    -6.19074    80.51933
   130  H   1.0   0.083   1.007     7.73654    -8.15984    76.74555
   131  H   1.0   0.081   1.000     7.97653   -10.26499    79.48187
   132  H   1.0   0.083   1.003    10.44829    -7.19986    81.23176
   133  H   1.0   0.083   1.004     8.11637    -4.91518    80.80279
   134  H   1.0   0.083   1.009    11.26844    -6.17184    76.18808
   135  H   1.0   0.080   0.996    15.27654    -4.69975    77.89072
   136  H   1.0   0.080   0.999    13.66083    -4.63739    80.85759
   137  H   1.0   0.080   0.997    13.72886    -2.02957    79.22109
   138  H   1.0   0.082   1.001     8.42440    -3.32592    75.23755
   139  H   1.0   0.081   1.001    10.93206    -1.53257    75.82903
   140  H   1.0   0.081   0.998     8.46408    -1.53068    78.10237
 
  Z AO/shell   Hii/eV     exponent
  1     Sat Feb 20 21:38:01 CET 2016    EN: 2.327 GAM: 0.473  GM3: 0.0000
     1s    -13.751157    1.051071
  6     Sat Feb 20 21:38:01 CET 2016    EN: 2.731 GAM: 0.422  GM3: 0.0000
     2s    -19.378245    2.021003
     2p    -11.993376    1.497917
  7     Sat Feb 20 21:38:01 CET 2016    EN: 3.573 GAM: 0.504  GM3: 0.0000
     2s    -21.576984    2.275442
     2p    -16.125120    2.056788
  8     Sat Feb 20 21:38:01 CET 2016    EN: 3.700 GAM: 0.587  GM3: 0.0000
     2s    -21.648843    2.110798
     2p    -17.239740    2.329048
 12     Sat Feb 20 23:25:47 CET 2016    EN: 0.033 GAM: 0.222  GM3: 0.0000
     3s    -12.693633    1.302878
     3p     -8.128821    0.504252
 
 dipole moment of classical point charges (au)
     X       Y       Z   
  -0.1686  -0.7643   0.7316  total (Debye):    2.723

 
 Nbf   :          338
 T(el) :   300.0
 calculating S/T integrals ...
 cpu time for ints   0.151056000000000     
 Nao   :          338
 making H0...
 making H1...
 cpu time for H      6.873999999999991E-003
 solving ...
 cpu time for diag   6.226899999999999E-002
 
 gap (eV)           :   1.297
 Koopmans IP (eV)   :  12.167
 Eel (Eh)           :  -268.468844
 T,E(Fermi),NFOD :    300.000   -11.519  0.000000
 T,E(Fermi),NFOD :    300.000   -11.519  0.000000
 Nfod               :  0.0000
 Nfod/Nel           :  0.0000

          eigenvalues
 #    :         164        165        166        167        168        169        170        171
 occ. :        2.000      2.000      2.000      2.000      2.000      2.000      2.000      2.000
 eps  :       -16.102    -16.000    -15.977    -15.862    -15.566    -15.503    -15.342    -15.206
 #    :         172        173        174        175        176        177        178        179
 occ. :        2.000      2.000      2.000      2.000      2.000      0.000      0.000      0.000
 eps  :       -14.881    -14.667    -14.662    -13.233    -12.168    -10.871     -9.598     -8.551
 #    :         180        181        182        183        184        185        186        187
 occ. :        0.000      0.000      0.000      0.000      0.000      0.000      0.000      0.000
 eps  :        -8.269     -8.209     -8.071     -7.868     -7.469     -7.217     -7.206     -6.757
                            1  SCC done.
 making H1...
 cpu time for H      7.698099999999999E-002
 solving ...
 cpu time for diag   3.067900000000001E-002
 
 gap (eV)           :   1.566
 Koopmans IP (eV)   :  12.052
 Eel (Eh)           :  -265.668755
 T,E(Fermi),NFOD :    300.000   -11.269  0.000000
 T,E(Fermi),NFOD :    300.000   -11.269  0.000000
 Nfod               :  0.0000
 Nfod/Nel           :  0.0000

          eigenvalues
 #    :         164        165        166        167        168        169        170        171
 occ. :        2.000      2.000      2.000      2.000      2.000      2.000      2.000      2.000
 eps  :       -15.262    -15.129    -15.081    -14.907    -14.580    -14.548    -14.338    -14.220
 #    :         172        173        174        175        176        177        178        179
 occ. :        2.000      2.000      2.000      2.000      2.000      0.000      0.000      0.000
 eps  :       -14.161    -13.962    -13.787    -12.630    -12.053    -10.487     -8.974     -8.337
 #    :         180        181        182        183        184        185        186        187
 occ. :        0.000      0.000      0.000      0.000      0.000      0.000      0.000      0.000
 eps  :        -8.239     -8.049     -7.986     -7.575     -7.367     -7.197     -6.966     -6.478
                            2  SCC done.
 
 
 Mulliken/CM5 charges    n(s)   n(p)   n(d)   
    1 MG  0.3095  0.7790   0.665  1.026  0.000
    2 C   0.0245  0.0289   1.166  2.809  0.000
    3 C  -0.0153 -0.0579   1.130  2.885  0.000
    4 C  -0.0347 -0.0762   1.126  2.908  0.000
    5 C  -0.0382 -0.0787   1.121  2.918  0.000
    6 N  -0.1349 -0.3652   1.427  3.708  0.000
    7 C   0.0565  0.1271   1.201  2.742  0.000
    8 C  -0.0197 -0.0726   1.195  2.825  0.000
    9 C  -0.0175 -0.0747   1.201  2.817  0.000
   10 C   0.0124  0.0658   1.244  2.744  0.000
   11 C  -0.0986 -0.2471   1.108  2.991  0.000
   12 C  -0.0473 -0.1533   1.152  2.895  0.000
   13 C  -0.0708 -0.1713   1.143  2.928  0.000
   14 C   0.2286  0.2800   1.181  2.590  0.000
   15 O  -0.2684 -0.3214   1.622  4.647  0.000
   16 O  -0.1442 -0.2281   1.459  4.685  0.000
   17 N  -0.2007 -0.4566   1.394  3.806  0.000
   18 C  -0.0038  0.0495   1.213  2.791  0.000
   19 C  -0.0178 -0.0222   1.213  2.805  0.000
   20 C  -0.0452 -0.0390   1.193  2.852  0.000
   21 C   0.0420  0.1075   1.213  2.745  0.000
   22 C  -0.0743 -0.2190   1.081  2.993  0.000
   23 C   0.1417  0.1663   1.225  2.633  0.000
   24 O  -0.2429 -0.2954   1.617  4.626  0.000
   25 C  -0.1021 -0.2439   1.103  2.999  0.000
   26 N  -0.2005 -0.4980   1.397  3.804  0.000
   27 C   0.0375  0.0955   1.240  2.723  0.000
   28 C  -0.0294 -0.0887   1.208  2.822  0.000
   29 C  -0.0123 -0.0677   1.178  2.834  0.000
   30 C   0.0561  0.1074   1.200  2.743  0.000
   31 C  -0.0789 -0.2273   1.111  2.968  0.000
   32 C  -0.0560 -0.1656   1.155  2.902  0.000
   33 C  -0.0906 -0.2418   1.098  2.993  0.000
   34 N  -0.2140 -0.5217   1.386  3.828  0.000
   35 C   0.0315  0.0927   1.201  2.768  0.000
   36 C  -0.0095 -0.0157   1.213  2.796  0.000
   37 C  -0.0482 -0.0408   1.164  2.884  0.000
   38 C   0.0259  0.0939   1.191  2.783  0.000
   39 C  -0.0582 -0.2016   1.077  2.981  0.000
   40 C   0.1349  0.1666   1.201  2.664  0.000
   41 O  -0.2383 -0.2814   1.633  4.605  0.000
   42 C  -0.0719 -0.1149   1.213  2.859  0.000
   43 C   0.2517  0.3112   1.160  2.588  0.000
   44 O  -0.2462 -0.2972   1.612  4.634  0.000
   45 O  -0.1513 -0.2358   1.475  4.676  0.000
   46 C  -0.0005 -0.1228   1.080  2.921  0.000
   47 C   0.0553 -0.0223   1.118  2.827  0.000
   48 C  -0.0994 -0.1561   1.172  2.927  0.000
   49 C  -0.0390 -0.0629   1.241  2.798  0.000
   50 C  -0.0880 -0.2338   1.081  3.007  0.000
   51 C  -0.0511 -0.1569   1.143  2.908  0.000
   52 C  -0.0642 -0.1763   1.148  2.916  0.000
   53 C  -0.0642 -0.1732   1.156  2.909  0.000
   54 C  -0.0242 -0.0943   1.219  2.806  0.000
   55 C  -0.1153 -0.2655   1.108  3.007  0.000
   56 C  -0.0762 -0.1850   1.175  2.901  0.000
   57 C  -0.0681 -0.1796   1.162  2.906  0.000
   58 C  -0.0764 -0.1877   1.158  2.918  0.000
   59 C  -0.0237 -0.0977   1.212  2.812  0.000
   60 C  -0.1021 -0.2530   1.100  3.002  0.000
   61 C  -0.0748 -0.1840   1.172  2.903  0.000
   62 C  -0.0723 -0.1833   1.163  2.910  0.000
   63 C  -0.0732 -0.1840   1.158  2.915  0.000
   64 C  -0.0021 -0.0775   1.191  2.811  0.000
   65 C  -0.1194 -0.2692   1.111  3.008  0.000
   66 C  -0.1032 -0.2551   1.097  3.006  0.000
   67 H   0.0580  0.1165   0.942  0.000  0.000
   68 H   0.0587  0.1233   0.941  0.000  0.000
   69 H   0.0467  0.1064   0.953  0.000  0.000
   70 H   0.0487  0.1177   0.951  0.000  0.000
   71 H   0.0524  0.1140   0.948  0.000  0.000
   72 H   0.0356  0.0887   0.964  0.000  0.000
   73 H   0.0294  0.0821   0.971  0.000  0.000
   74 H   0.0413  0.0935   0.959  0.000  0.000
   75 H   0.0296  0.0884   0.970  0.000  0.000
   76 H   0.0518  0.1097   0.948  0.000  0.000
   77 H   0.0401  0.1006   0.960  0.000  0.000
   78 H   0.0424  0.1004   0.958  0.000  0.000
   79 H   0.0488  0.1010   0.951  0.000  0.000
   80 H   0.0509  0.1035   0.949  0.000  0.000
   81 H   0.0481  0.1000   0.952  0.000  0.000
   82 H   0.0499  0.1063   0.950  0.000  0.000
   83 H   0.0365  0.0888   0.963  0.000  0.000
   84 H   0.0516  0.1045   0.948  0.000  0.000
   85 H   0.0442  0.1056   0.956  0.000  0.000
   86 H   0.0479  0.1129   0.952  0.000  0.000
   87 H   0.0433  0.0962   0.957  0.000  0.000
   88 H   0.0496  0.1012   0.950  0.000  0.000
   89 H   0.0415  0.0952   0.959  0.000  0.000
   90 H   0.0336  0.0899   0.966  0.000  0.000
   91 H   0.0395  0.0954   0.960  0.000  0.000
   92 H   0.0391  0.0902   0.961  0.000  0.000
   93 H   0.0341  0.0864   0.966  0.000  0.000
   94 H   0.0292  0.0801   0.971  0.000  0.000
   95 H   0.0541  0.1071   0.946  0.000  0.000
   96 H   0.0475  0.1010   0.953  0.000  0.000
   97 H   0.0567  0.1113   0.943  0.000  0.000
   98 H   0.0536  0.1227   0.946  0.000  0.000
   99 H   0.0333  0.0944   0.967  0.000  0.000
  100 H   0.0625  0.1227   0.937  0.000  0.000
  101 H   0.0506  0.1092   0.949  0.000  0.000
  102 H   0.0514  0.1203   0.949  0.000  0.000
  103 H   0.0594  0.1232   0.941  0.000  0.000
  104 H   0.0230  0.0822   0.977  0.000  0.000
  105 H   0.0519  0.1059   0.948  0.000  0.000
  106 H   0.0429  0.0946   0.957  0.000  0.000
  107 H   0.0455  0.0990   0.955  0.000  0.000
  108 H   0.0435  0.1008   0.956  0.000  0.000
  109 H   0.0477  0.1040   0.952  0.000  0.000
  110 H   0.0327  0.0877   0.967  0.000  0.000
  111 H   0.0336  0.0902   0.966  0.000  0.000
  112 H   0.0416  0.0974   0.958  0.000  0.000
  113 H   0.0343  0.0924   0.966  0.000  0.000
  114 H   0.0377  0.0973   0.962  0.000  0.000
  115 H   0.0207  0.0723   0.979  0.000  0.000
  116 H   0.0372  0.0887   0.963  0.000  0.000
  117 H   0.0333  0.0852   0.967  0.000  0.000
  118 H   0.0400  0.0966   0.960  0.000  0.000
  119 H   0.0299  0.0851   0.970  0.000  0.000
  120 H   0.0373  0.0943   0.963  0.000  0.000
  121 H   0.0390  0.0944   0.961  0.000  0.000
  122 H   0.0263  0.0821   0.974  0.000  0.000
  123 H   0.0393  0.0960   0.961  0.000  0.000
  124 H   0.0431  0.1033   0.957  0.000  0.000
  125 H   0.0286  0.0810   0.971  0.000  0.000
  126 H   0.0351  0.0873   0.965  0.000  0.000
  127 H   0.0286  0.0818   0.971  0.000  0.000
  128 H   0.0430  0.0982   0.957  0.000  0.000
  129 H   0.0351  0.0924   0.965  0.000  0.000
  130 H   0.0347  0.0938   0.965  0.000  0.000
  131 H   0.0410  0.0950   0.959  0.000  0.000
  132 H   0.0299  0.0860   0.970  0.000  0.000
  133 H   0.0322  0.0898   0.968  0.000  0.000
  134 H   0.0394  0.0988   0.961  0.000  0.000
  135 H   0.0393  0.0899   0.961  0.000  0.000
  136 H   0.0257  0.0784   0.974  0.000  0.000
  137 H   0.0324  0.0842   0.968  0.000  0.000
  138 H   0.0313  0.0847   0.969  0.000  0.000
  139 H   0.0288  0.0821   0.971  0.000  0.000
  140 H   0.0339  0.0860   0.966  0.000  0.000
 Hirshfeld charges for QMDFF written to <charges>
 
 Loewdin charges    n(s)   n(p)   n(d)
    1 MG  0.1487   0.677  1.174  0.000
    2 C   0.0266   1.124  2.849  0.000
    3 C  -0.0126   1.078  2.934  0.000
    4 C  -0.0320   1.074  2.958  0.000
    5 C  -0.0361   1.067  2.969  0.000
    6 N  -0.1036   1.385  3.718  0.000
    7 C   0.0566   1.164  2.780  0.000
    8 C  -0.0134   1.148  2.866  0.000
    9 C  -0.0095   1.154  2.856  0.000
   10 C   0.0166   1.208  2.775  0.000
   11 C  -0.1021   1.037  3.065  0.000
   12 C  -0.0420   1.093  2.949  0.000
   13 C  -0.0723   1.084  2.988  0.000
   14 C   0.2037   1.155  2.641  0.000
   15 O  -0.2529   1.590  4.663  0.000
   16 O  -0.1069   1.422  4.685  0.000
   17 N  -0.1707   1.354  3.817  0.000
   18 C  -0.0013   1.176  2.825  0.000
   19 C  -0.0089   1.172  2.837  0.000
   20 C  -0.0513   1.156  2.895  0.000
   21 C   0.0472   1.174  2.779  0.000
   22 C  -0.0749   1.007  3.068  0.000
   23 C   0.1372   1.190  2.672  0.000
   24 O  -0.2259   1.585  4.641  0.000
   25 C  -0.1070   1.031  3.076  0.000
   26 N  -0.1624   1.352  3.811  0.000
   27 C   0.0437   1.202  2.754  0.000
   28 C  -0.0213   1.161  2.860  0.000
   29 C  -0.0056   1.129  2.877  0.000
   30 C   0.0621   1.160  2.778  0.000
   31 C  -0.0788   1.039  3.039  0.000
   32 C  -0.0509   1.096  2.955  0.000
   33 C  -0.0919   1.026  3.066  0.000
   34 N  -0.1786   1.342  3.837  0.000
   35 C   0.0324   1.163  2.805  0.000
   36 C  -0.0018   1.172  2.830  0.000
   37 C  -0.0555   1.125  2.931  0.000
   38 C   0.0302   1.151  2.819  0.000
   39 C  -0.0569   1.001  3.056  0.000
   40 C   0.1295   1.168  2.703  0.000
   41 O  -0.2233   1.604  4.620  0.000
   42 C  -0.0741   1.167  2.907  0.000
   43 C   0.2214   1.135  2.643  0.000
   44 O  -0.2272   1.577  4.651  0.000
   45 O  -0.1153   1.439  4.676  0.000
   46 C  -0.0105   1.012  2.999  0.000
   47 C   0.0508   1.060  2.889  0.000
   48 C  -0.0995   1.126  2.974  0.000
   49 C  -0.0276   1.202  2.826  0.000
   50 C  -0.0897   1.008  3.082  0.000
   51 C  -0.0473   1.084  2.964  0.000
   52 C  -0.0603   1.089  2.971  0.000
   53 C  -0.0612   1.098  2.964  0.000
   54 C  -0.0134   1.172  2.841  0.000
   55 C  -0.1205   1.038  3.082  0.000
   56 C  -0.0735   1.119  2.955  0.000
   57 C  -0.0631   1.105  2.958  0.000
   58 C  -0.0746   1.102  2.973  0.000
   59 C  -0.0133   1.164  2.849  0.000
   60 C  -0.1059   1.029  3.077  0.000
   61 C  -0.0722   1.116  2.956  0.000
   62 C  -0.0681   1.106  2.962  0.000
   63 C  -0.0720   1.101  2.971  0.000
   64 C   0.0109   1.141  2.848  0.000
   65 C  -0.1248   1.042  3.083  0.000
   66 C  -0.1087   1.026  3.082  0.000
   67 H   0.0526   0.947  0.000  0.000
   68 H   0.0519   0.948  0.000  0.000
   69 H   0.0419   0.958  0.000  0.000
   70 H   0.0414   0.959  0.000  0.000
   71 H   0.0465   0.953  0.000  0.000
   72 H   0.0358   0.964  0.000  0.000
   73 H   0.0305   0.969  0.000  0.000
   74 H   0.0405   0.959  0.000  0.000
   75 H   0.0274   0.973  0.000  0.000
   76 H   0.0481   0.952  0.000  0.000
   77 H   0.0376   0.962  0.000  0.000
   78 H   0.0389   0.961  0.000  0.000
   79 H   0.0476   0.952  0.000  0.000
   80 H   0.0490   0.951  0.000  0.000
   81 H   0.0477   0.952  0.000  0.000
   82 H   0.0496   0.950  0.000  0.000
   83 H   0.0366   0.963  0.000  0.000
   84 H   0.0494   0.951  0.000  0.000
   85 H   0.0388   0.961  0.000  0.000
   86 H   0.0433   0.957  0.000  0.000
   87 H   0.0429   0.957  0.000  0.000
   88 H   0.0478   0.952  0.000  0.000
   89 H   0.0406   0.959  0.000  0.000
   90 H   0.0308   0.969  0.000  0.000
   91 H   0.0370   0.963  0.000  0.000
   92 H   0.0387   0.961  0.000  0.000
   93 H   0.0346   0.965  0.000  0.000
   94 H   0.0291   0.971  0.000  0.000
   95 H   0.0519   0.948  0.000  0.000
   96 H   0.0461   0.954  0.000  0.000
   97 H   0.0536   0.946  0.000  0.000
   98 H   0.0466   0.953  0.000  0.000
   99 H   0.0316   0.968  0.000  0.000
  100 H   0.0583   0.942  0.000  0.000
  101 H   0.0474   0.953  0.000  0.000
  102 H   0.0445   0.955  0.000  0.000
  103 H   0.0527   0.947  0.000  0.000
  104 H   0.0178   0.982  0.000  0.000
  105 H   0.0503   0.950  0.000  0.000
  106 H   0.0420   0.958  0.000  0.000
  107 H   0.0450   0.955  0.000  0.000
  108 H   0.0404   0.960  0.000  0.000
  109 H   0.0441   0.956  0.000  0.000
  110 H   0.0307   0.969  0.000  0.000
  111 H   0.0319   0.968  0.000  0.000
  112 H   0.0390   0.961  0.000  0.000
  113 H   0.0324   0.968  0.000  0.000
  114 H   0.0321   0.968  0.000  0.000
  115 H   0.0222   0.978  0.000  0.000
  116 H   0.0381   0.962  0.000  0.000
  117 H   0.0337   0.966  0.000  0.000
  118 H   0.0379   0.962  0.000  0.000
  119 H   0.0274   0.973  0.000  0.000
  120 H   0.0353   0.965  0.000  0.000
  121 H   0.0362   0.964  0.000  0.000
  122 H   0.0245   0.975  0.000  0.000
  123 H   0.0382   0.962  0.000  0.000
  124 H   0.0385   0.962  0.000  0.000
  125 H   0.0291   0.971  0.000  0.000
  126 H   0.0349   0.965  0.000  0.000
  127 H   0.0295   0.971  0.000  0.000
  128 H   0.0400   0.960  0.000  0.000
  129 H   0.0337   0.966  0.000  0.000
  130 H   0.0335   0.967  0.000  0.000
  131 H   0.0377   0.962  0.000  0.000
  132 H   0.0281   0.972  0.000  0.000
  133 H   0.0310   0.969  0.000  0.000
  134 H   0.0342   0.966  0.000  0.000
  135 H   0.0388   0.961  0.000  0.000
  136 H   0.0277   0.972  0.000  0.000
  137 H   0.0336   0.966  0.000  0.000
  138 H   0.0322   0.968  0.000  0.000
  139 H   0.0300   0.970  0.000  0.000
  140 H   0.0342   0.966  0.000  0.000
 
 Wiberg/Mayer (AO) data. WBOs > 0.1 written file <wbo>
 largest (>0.05) Wiberg bond orders for each atom
           total WBO             WBO to atom ...
     1  MG  2.530    N   34 0.542    N   17 0.483    N   26 0.478    N    6 0.317    C   21 0.057    C   27 0.057    C   38 0.057
     2  C   3.891    C    7 1.397    C   38 1.204    C   42 0.965
     3  C   3.905    C   10 1.410    C   18 1.322    H   67 0.932
     4  C   3.920    C   27 1.449    C   21 1.222    H   68 0.935
     5  C   3.926    C   30 1.527    C   35 1.208    H   69 0.929
     6  N   3.302    C    7 1.299    C   10 1.224    MG   1 0.317    C   18 0.054    C   38 0.051
     7  C   3.893    C    2 1.397    N    6 1.299    C    8 0.942
     8  C   3.939    C    9 0.949    C   12 0.947    C    7 0.942    H   70 0.938
     9  C   3.935    C   11 0.964    C    8 0.949    H   71 0.942    C   10 0.942
    10  C   3.829    C    3 1.410    N    6 1.224    C    9 0.942
    11  C   3.964    H   73 0.982    H   72 0.977    H   74 0.975    C    9 0.964
    12  C   3.949    C   13 0.973    H   75 0.967    H   76 0.954    C    8 0.947
    13  C   3.952    C   12 0.973    H   78 0.963    H   77 0.960    C   14 0.911    O   15 0.086
    14  C   3.888    O   15 1.844    O   16 1.089    C   13 0.911
    15  O   2.149    C   14 1.844    O   16 0.162    C   13 0.086
    16  O   2.317    C   14 1.089    C   47 0.957    O   15 0.162
    17  N   3.313    C   21 1.264    C   18 1.115    MG   1 0.483    C   20 0.059    C   19 0.053    C   27 0.051
    18  C   3.849    C    3 1.322    C   19 1.144    N   17 1.115    N    6 0.054
    19  C   3.881    C   20 1.503    C   18 1.144    C   22 0.973    O   24 0.054    N   17 0.053
    20  C   3.893    C   19 1.503    C   21 1.091    C   23 0.979    O   24 0.069    N   17 0.059
    21  C   3.866    N   17 1.264    C    4 1.222    C   20 1.091    MG   1 0.057    N   26 0.056
    22  C   3.978    H   81 0.978    C   19 0.973    H   80 0.972    H   79 0.970
    23  C   3.865    O   24 1.859    C   20 0.979    C   25 0.925
    24  O   2.166    C   23 1.859    C   25 0.090    C   20 0.069    C   19 0.054
    25  C   3.976    H   83 0.976    H   84 0.974    H   82 0.954    C   23 0.925    O   24 0.090
    26  N   3.327    C   27 1.255    C   30 1.123    MG   1 0.478    C   21 0.056
    27  C   3.858    C    4 1.449    N   26 1.255    C   28 0.895    MG   1 0.057    N   17 0.051
    28  C   3.928    C   29 0.973    C   31 0.958    H   85 0.946    C   27 0.895
    29  C   3.942    C   28 0.973    C   30 0.961    C   32 0.934    H   86 0.927
    30  C   3.865    C    5 1.527    N   26 1.123    C   29 0.961
    31  C   3.972    H   89 0.983    H   88 0.982    H   87 0.979    C   28 0.958
    32  C   3.943    C   33 0.997    H   90 0.967    H   91 0.967    C   29 0.934
    33  C   3.980    C   32 0.997    H   94 0.986    H   92 0.981    H   93 0.981
    34  N   3.336    C   38 1.191    C   35 1.158    MG   1 0.542    C   37 0.059    C   36 0.051
    35  C   3.850    C   36 1.208    C    5 1.208    N   34 1.158
    36  C   3.853    C   37 1.334    C   35 1.208    C   39 0.997    O   41 0.056    N   34 0.051
    37  C   3.913    C   36 1.334    C   38 1.179    C   40 1.110    O   41 0.061    N   34 0.059
    38  C   3.898    C    2 1.204    N   34 1.191    C   37 1.179    MG   1 0.057    N    6 0.051
    39  C   3.979    C   36 0.997    H   97 0.975    H   96 0.969    H   95 0.964
    40  C   3.892    O   41 1.804    C   37 1.110    C   42 0.826
    41  O   2.154    C   40 1.804    C   42 0.098    C   37 0.061    C   36 0.056
    42  C   3.932    C    2 0.965    H   98 0.930    C   43 0.883    C   40 0.826    O   41 0.098    O   44 0.087
    43  C   3.894    O   44 1.871    O   45 1.073    C   42 0.883
    44  O   2.192    C   43 1.871    O   45 0.164    C   42 0.087
    45  O   2.291    C   43 1.073    C   46 0.976    O   44 0.164
    46  C   3.942    H  101 0.988    H   99 0.987    O   45 0.976    H  100 0.974
    47  C   3.943    C   48 1.002    H  102 0.958    H  103 0.957    O   16 0.957
    48  C   3.951    C   49 1.863    C   47 1.002    H  104 0.947
    49  C   3.920    C   48 1.863    C   50 0.983    C   51 0.978
    50  C   3.989    C   49 0.983    H  106 0.979    H  107 0.972    H  105 0.969
    51  C   3.969    C   49 0.978    C   52 0.965    H  108 0.960    H  109 0.955
    52  C   3.959    C   53 0.995    C   51 0.965    H  111 0.963    H  110 0.963
    53  C   3.958    C   52 0.995    H  113 0.963    H  112 0.961    C   54 0.951
    54  C   3.929    C   55 0.981    C   56 0.975    H  114 0.956    C   53 0.951
    55  C   3.974    H  115 0.983    C   54 0.981    H  117 0.980    H  116 0.976
    56  C   3.954    C   54 0.975    H  119 0.972    H  118 0.962    C   57 0.958
    57  C   3.960    C   58 0.995    H  120 0.970    H  121 0.970    C   56 0.958
    58  C   3.958    C   57 0.995    H  122 0.966    C   59 0.960    H  123 0.956
    59  C   3.936    C   60 1.000    C   61 0.963    C   58 0.960    H  124 0.947
    60  C   3.982    C   59 1.000    H  125 0.979    H  126 0.977    H  127 0.974
    61  C   3.956    C   62 0.974    H  129 0.964    C   59 0.963    H  128 0.963
    62  C   3.962    C   63 0.983    C   61 0.974    H  131 0.969    H  130 0.966
    63  C   3.962    C   62 0.983    C   64 0.973    H  132 0.964    H  133 0.960
    64  C   3.946    C   66 1.012    C   63 0.973    C   65 0.965    H  134 0.952
    65  C   3.969    H  135 0.981    H  136 0.979    H  137 0.978    C   64 0.965
    66  C   3.980    C   64 1.012    H  140 0.974    H  139 0.971    H  138 0.971
    67  H   0.993    C    3 0.932
    68  H   0.994    C    4 0.935
    69  H   0.994    C    5 0.929
    70  H   0.994    C    8 0.938
    71  H   0.993    C    9 0.942
    72  H   0.997    C   11 0.977
    73  H   0.998    C   11 0.982
    74  H   0.996    C   11 0.975
    75  H   0.997    C   12 0.967
    76  H   0.996    C   12 0.954
    77  H   0.997    C   13 0.960
    78  H   0.997    C   13 0.963
    79  H   0.994    C   22 0.970
    80  H   0.994    C   22 0.972
    81  H   0.996    C   22 0.978
    82  H   0.997    C   25 0.954
    83  H   0.998    C   25 0.976
    84  H   0.995    C   25 0.974
    85  H   0.996    C   28 0.946
    86  H   0.995    C   29 0.927
    87  H   0.997    C   31 0.979
    88  H   0.996    C   31 0.982
    89  H   0.998    C   31 0.983
    90  H   0.998    C   32 0.967
    91  H   0.996    C   32 0.967
    92  H   0.997    C   33 0.981
    93  H   0.999    C   33 0.981
    94  H   0.998    C   33 0.986
    95  H   0.991    C   39 0.964
    96  H   0.994    C   39 0.969
    97  H   0.995    C   39 0.975
    98  H   0.992    C   42 0.930
    99  H   0.999    C   46 0.987
   100  H   0.996    C   46 0.974
   101  H   0.997    C   46 0.988
   102  H   0.997    C   47 0.958
   103  H   0.995    C   47 0.957
   104  H   0.999    C   48 0.947
   105  H   0.997    C   50 0.969
   106  H   0.998    C   50 0.979
   107  H   0.998    C   50 0.972
   108  H   0.998    C   51 0.960
   109  H   0.997    C   51 0.955
   110  H   0.998    C   52 0.963
   111  H   0.998    C   52 0.963
   112  H   0.998    C   53 0.961
   113  H   0.999    C   53 0.963
   114  H   0.999    C   54 0.956
   115  H   1.000    C   55 0.983
   116  H   0.998    C   55 0.976
   117  H   0.999    C   55 0.980
   118  H   0.998    C   56 0.962
   119  H   0.999    C   56 0.972
   120  H   0.998    C   57 0.970
   121  H   0.998    C   57 0.970
   122  H   0.999    C   58 0.966
   123  H   0.998    C   58 0.956
   124  H   0.998    C   59 0.947
   125  H   0.999    C   60 0.979
   126  H   0.998    C   60 0.977
   127  H   0.998    C   60 0.974
   128  H   0.997    C   61 0.963
   129  H   0.999    C   61 0.964
   130  H   0.999    C   62 0.966
   131  H   0.998    C   62 0.969
   132  H   0.998    C   63 0.964
   133  H   0.999    C   63 0.960
   134  H   0.998    C   64 0.952
   135  H   0.998    C   65 0.981
   136  H   0.999    C   65 0.979
   137  H   0.998    C   65 0.978
   138  H   0.999    C   66 0.971
   139  H   0.999    C   66 0.971
   140  H   0.999    C   66 0.974
 
 --------------------------------------------
          xTB calculation for sTDA...
 --------------------------------------------
 
 reading parameter file ~/.param_stda2.xtb
 
      method parameters     
 k(s)        :  1.6000
 k(p)        :  2.1800
 k(d)        :  1.9500
 k(f)        :  2.0000
 k(R-V)      :  2.2750
 k(R-R)      :  1.7650
 Tscal       :  0.2580
 Gscal       :  1.0000
 fpol        :  1.0000
 Zcnf        :  0.3430
 Zqf         :  0.0000
 kcn         :  2.7000
 Ryd Hsplit  :  0.7000
 lshift(virt):  3.1000
 lshift(OS)  :  0.2000
 wllscaling  :  2.6000
 
 mowrcut     : 3.000
 
  Z AO/shell   Hii/eV     exponent
  1     Sun Feb 14 09:53:25 CET 2016    EN: 2.327 GAM: 0.473  GM3: 0.0000
     1s    -14.339618    1.220000
     2sp    -3.348946    0.600000
  6     Sun Feb 14 09:53:25 CET 2016    EN: 2.731 GAM: 0.422  GM3: 0.0000
     2s    -22.009312    1.565095
     2p    -13.020408    1.596905
     3sp    -3.914040    0.824500
  7     Sun Feb 14 09:53:25 CET 2016    EN: 3.573 GAM: 0.504  GM3: 0.0000
     2s    -25.722000    2.064844
     2p    -18.684912    1.801692
     3sp    -4.344791    0.921400
  8     Sun Feb 14 09:53:25 CET 2016    EN: 3.700 GAM: 0.587  GM3: 0.0000
     2s    -33.859000    2.418661
     2p    -22.175911    1.973969
     3sp    -4.259392    1.013700
 12     Sun Feb 21 16:58:31 CET 2016    EN: 0.033 GAM: 0.222  GM3: 0.0000
     3s    -11.092543    1.647583
     3p     -6.929529    0.855020
 
 Nbf   :          894
 T(el) :     0.0
 calculating S/T integrals ...
 cpu time for ints    1.38792500000000     
 Nao   :          894
 making H0...
 making H1...
 cpu time for H      2.816500000000000E-002
 solving ...
 cpu time for diag   0.292985000000000     
 
 gap (eV)           :   4.695
 Koopmans IP (eV)   :  13.360
 Eel (Eh)           :  -301.053025

          eigenvalues
 #    :         164        165        166        167        168        169        170        171
 occ. :        2.000      2.000      2.000      2.000      2.000      2.000      2.000      2.000
 eps  :       -17.481    -17.315    -16.842    -16.236    -16.173    -16.063    -15.973    -15.778
 #    :         172        173        174        175        176        177        178        179
 occ. :        2.000      2.000      2.000      2.000      2.000      0.000      0.000      0.000
 eps  :       -15.544    -15.333    -15.279    -13.946    -13.362     -8.666     -6.767     -6.601
 #    :         180        181        182        183        184        185        186        187
 occ. :        0.000      0.000      0.000      0.000      0.000      0.000      0.000      0.000
 eps  :        -6.143     -6.047     -5.910     -5.398     -5.217     -5.134     -5.027     -4.937
                            1  SCC done.
 writing mo output ...
 molden style : F
 
speedup  1.06
cpu  time for all    2.22 s
wall time for all    2.10 s
