cpu-bind=MASK - bp1-compute140, task 4294967295 4294967295 [0]: mask 0xffffff00ffffff set
Host:    bp1-compute140.data.bp.acrc.priv
Time:    Wed Apr 27 01:35:57 BST 2022
Dir:     /user/home/of15641/chlorophyll_parameterization/tddft_data/step_1051_chromophore_13
Job ID:  1658104
Nodelist:
cat: bp1-compute140: No such file or directory
  
Result dir: /user/home/of15641/chlorophyll_parameterization/tddft_data/step_1051_chromophore_13
running gaussian jobs
Running time g16 < CAMB3LYP_step_1051_chromophore_13.com > CAMB3LYP_step_1051_chromophore_13.log

real	24m7.031s
user	564m55.414s
sys	1m46.335s
Running time g16 < PBE0_step_1051_chromophore_13.com > PBE0_step_1051_chromophore_13.log

real	21m28.741s
user	511m31.133s
sys	1m35.617s
Running time g16 < wB97XD_step_1051_chromophore_13.com > wB97XD_step_1051_chromophore_13.log

real	25m45.751s
user	604m19.630s
sys	1m34.904s
Running time g16 < BLYP_step_1051_chromophore_13.com > BLYP_step_1051_chromophore_13.log

real	11m33.706s
user	274m43.265s
sys	0m58.730s
Running time g16 < ZINDO_step_1051_chromophore_13.com > ZINDO_step_1051_chromophore_13.log

real	0m6.868s
user	2m29.260s
sys	0m2.436s
