 
        ______________________________________
       |                                      |
       |          ===================         |
       |             xTB for sTDA             |
       |          ===================         |
       |               S. Grimme              |
       |        Universitaet Bonn, MCTC       |
       |         2015-19, Version 1.0         |
       |     Wed Apr  3 09:14:55 CEST 2019    |
       |______________________________________|
 
        This code comes without any warranty
        for non-commercial, academia use only.
        Preliminary test version.
        Cite this work as:
        S. Grimme  &  C. Bannwarth, JCP 145 (2016) 054103
        if GBSA is used additionally:
        P. Shushkov, F. März, C. Bannwarth, S. Grimme, unpublished.
 
        with help from
        P. Shushkov, G. Brandenburg, S. Dohm, J. Pisarek,
        F. März, M. Checinski, S. Ehrlich, S. Spicher, 
        P. Pracht, E. Caldeweyher, S. Ehlert, and C. Bannwarth.
 
        usage        :
        xtb4stda <coord_file> [options]
        where <coord_file> is a valid file of TM)
        (*coord, Bohr) or xmol (*xyz, Angstroem)
        format.

        options:
        -chrg <int>   : molecular charge
        -uhf  <int>   : # of unpaired electrons(=2*S)
        -nox          : skip second, extended part in sTDA-xTB
        -pop          : do population analysis
                      : (default for -nox)
        -mowr <real>  : cut MO write above (def.3 Eh)
        -molden       : write formatted molden file
        -parx <file>  : read parameters for sTDA-xTB
                        calc (def:~/.param_stda2.xtb)
        -parv <file>  : read parameters for vTB part in
                        sTDA-xTB (def: ~/.param_stda1.xtb)
        -xtemp <real> : el. temp for xTB (def. 0 K)
        -etemp <real> : el. temp for GFN (def. 300 K)
        -fod          : calculate the FOD and write
                        molden.input file with
                        appropriate occupations
                        for plotting. Def. T=12500 K
 
        -acc <real>   : xTB accuracy (def. 1.0)
        -gbsa [string1] [string2]
                        use GBSA implicit solvent
                        for solvent [string1] and
                        solvation state [string2]=
                        reference, bar1M (default=1M)
        additional GFN/opt/MD/siman options read from
        $XTB4STDAHOME/.xtb4stdarc or $set in input
 
       spin and charge state information can be on:
       <.CHRG> (charge) and <.UHF> (=nalpha-nbeta)
       -uhf and -chrg override the file info.
       useful machine settings:
       setenv MKL_NUM_THREADS <NCORE_ON_YOUR_MACHINE>
       setenv OMP_STACKSIZE 500m
       limit stacksize unlimited
 
       total energies in Eh, gaps/HL energies in eV
       please read REVISION and HOWTO files carefully
 =============================
  # OMP threads =           4
 =============================
 
 xtb4stdahome directory:~/
 
 
 name of molecule           :
 comment line               :
 number of atoms            :   140
 number of electrons        :   352
 charge                     :  0
 spin                       : 0.0
 first test random number   :  0.5111
 
 -----------------------------------------
      charge density (VTB) calculation
 -----------------------------------------
 
      method parameters     
 k(s)        :  1.8000
 k(p)        :  2.8350
 k(d)        :  2.0860
 k(f)        :  2.0000
 Tscal       :  0.3300
 Gscal       :  0.3910
 fpol        :  1.0000
 Zcnf        :  0.6500
 Zqf         :  0.0000
 kcn         :  0.3000
 kEN1        : -0.5900
 wllscal     :  2.6000
 
     -------------------------
     ! NO SOLVENT MODEL USED !
     -------------------------
 
 doing EN charges ...
 sum q :  0.1554312D-14
 point charge moment (au)
     X       Y       Z   
  -0.5220  -0.2490   0.2426  total (Debye):    1.594
 
            Z      q(EN)   CN      Cart. coordinates
     1  MG  2.0   0.862   4.740    88.47130    47.32630    53.03138
     2  C   4.0   0.019   3.253    89.63915    51.44590    58.02215
     3  C   4.0  -0.060   3.153    87.34691    42.60387    57.15098
     4  C   4.0  -0.057   3.183    88.21808    43.30307    48.07652
     5  C   4.0  -0.053   3.187    90.54055    51.98636    48.97414
     6  N   5.0  -0.359   3.144    88.54311    47.11465    57.21334
     7  C   4.0   0.102   3.321    88.67917    49.13098    58.83662
     8  C   4.0  -0.097   4.153    88.23508    48.29384    61.47090
     9  C   4.0  -0.095   4.131    87.59825    45.47059    61.34050
    10  C   4.0   0.087   3.308    87.77777    44.91501    58.39442
    11  C   4.0  -0.237   4.028    89.08168    43.63188    62.97701
    12  C   4.0  -0.161   4.036    86.07324    50.00971    62.85040
    13  C   4.0  -0.170   4.046    86.86125    51.55172    65.20499
    14  C   4.0   0.156   3.097    85.12271    51.77849    67.45377
    15  O   6.0  -0.078   1.039    82.73976    51.47236    67.28936
    16  O   6.0  -0.119   2.044    86.39071    52.10352    69.68931
    17  N   5.0  -0.442   3.224    87.64549    43.55062    52.63832
    18  C   4.0   0.069   3.446    87.25243    41.85554    54.59796
    19  C   4.0   0.010   3.269    86.87448    39.39890    53.59830
    20  C   4.0   0.004   3.259    87.12770    39.53874    50.92811
    21  C   4.0   0.081   3.464    87.64927    42.21648    50.44057
    22  C   4.0  -0.244   4.016    86.07135    37.21815    55.46913
    23  C   4.0   0.106   3.049    87.01810    37.28807    49.12343
    24  O   6.0  -0.096   1.064    87.38471    37.38445    46.81040
    25  C   4.0  -0.252   4.053    86.28300    34.79741    50.08530
    26  N   5.0  -0.416   3.179    89.69017    47.37543    49.09319
    27  C   4.0   0.116   3.425    89.19695    45.60854    47.41133
    28  C   4.0  -0.093   4.135    90.24008    46.34364    44.78462
    29  C   4.0  -0.096   4.195    90.02654    49.30484    45.09264
    30  C   4.0   0.099   3.448    90.03788    49.62420    47.95747
    31  C   4.0  -0.236   4.015    92.99530    45.57263    43.97392
    32  C   4.0  -0.162   4.030    87.62659    50.65032    43.82274
    33  C   4.0  -0.241   4.028    85.08680    49.86231    44.65044
    34  N   5.0  -0.410   3.254    89.96418    51.09441    53.26571
    35  C   4.0   0.062   3.499    90.72196    52.81973    51.38543
    36  C   4.0   0.021   3.266    91.51376    55.12142    52.55139
    37  C   4.0   0.001   3.448    91.26242    54.67733    55.11008
    38  C   4.0   0.102   3.717    90.11158    52.24714    55.43700
    39  C   4.0  -0.249   4.042    92.82145    57.19823    51.33252
    40  C   4.0   0.102   3.227    91.28699    55.85463    57.45145
    41  O   6.0  -0.091   1.046    91.92572    58.00325    58.10340
    42  C   4.0  -0.114   4.234    90.43095    53.82506    59.51314
    43  C   4.0   0.196   3.165    92.75531    53.24681    61.00413
    44  O   6.0  -0.103   1.047    94.79810    52.40966    60.38619
    45  O   6.0  -0.126   2.053    92.19595    53.92144    63.36818
    46  C   4.0  -0.202   4.025    94.22174    53.47735    65.29948
    47  C   4.0  -0.135   4.079    84.80145    52.13376    71.93620
    48  C   4.0  -0.054   3.106    84.72586    49.53350    73.03224
    49  C   4.0   0.020   3.084    83.46353    48.70769    75.15062
    50  C   4.0  -0.251   4.051    81.74010    50.45379    76.59626
    51  C   4.0  -0.176   4.081    83.84903    46.09231    76.22966
    52  C   4.0  -0.164   4.060    81.43396    44.87721    77.11972
    53  C   4.0  -0.165   4.069    81.19397    44.62021    79.99966
    54  C   4.0  -0.089   4.044    78.47654    44.06841    81.00688
    55  C   4.0  -0.239   4.040    77.39940    41.63066    79.86360
    56  C   4.0  -0.167   4.082    76.58114    46.34931    80.77067
    57  C   4.0  -0.164   4.066    74.67441    46.61009    82.94196
    58  C   4.0  -0.165   4.092    75.73833    47.67779    85.39105
    59  C   4.0  -0.088   4.051    75.79880    45.62176    87.39794
    60  C   4.0  -0.239   4.045    72.83760    45.18524    88.01021
    61  C   4.0  -0.163   4.050    77.16885    46.41545    89.88859
    62  C   4.0  -0.162   4.028    79.50077    44.77895    90.57834
    63  C   4.0  -0.163   4.050    82.11426    46.10931    91.08857
    64  C   4.0  -0.088   4.014    84.40839    44.54084    90.13237
    65  C   4.0  -0.238   4.017    86.72141    44.27628    91.98619
    66  C   4.0  -0.239   4.038    85.22664    45.76538    87.54722
    67  H   1.0   0.071   1.010    86.61559    41.36988    58.63442
    68  H   1.0   0.072   1.008    87.82690    42.00861    46.51938
    69  H   1.0   0.072   1.010    91.07156    53.48302    47.65700
    70  H   1.0   0.086   1.011    90.03599    48.58863    62.42332
    71  H   1.0   0.084   1.010    85.61214    45.21358    61.82049
    72  H   1.0   0.082   1.009    90.46685    43.12544    61.54082
    73  H   1.0   0.080   0.997    87.99698    42.08042    63.78959
    74  H   1.0   0.080   0.997    90.12481    44.32919    64.60973
    75  H   1.0   0.082   1.003    84.47831    48.79839    63.32850
    76  H   1.0   0.082   1.006    85.35892    51.54228    61.67310
    77  H   1.0   0.082   1.007    87.03322    53.50381    64.56816
    78  H   1.0   0.083   1.004    88.75476    51.06606    65.84939
    79  H   1.0   0.080   0.999    87.35069    35.62700    55.19889
    80  H   1.0   0.081   1.004    84.26477    36.78918    54.57718
    81  H   1.0   0.080   0.997    86.17339    37.57720    57.49491
    82  H   1.0   0.081   1.000    87.53778    34.18892    51.59897
    83  H   1.0   0.081   1.002    86.83102    33.45949    48.61887
    84  H   1.0   0.080   0.998    84.28178    34.57821    50.52371
    85  H   1.0   0.084   1.008    88.79066    45.92979    43.38055
    86  H   1.0   0.085   1.008    91.70840    50.00782    44.13455
    87  H   1.0   0.080   0.997    94.43150    45.71058    45.44224
    88  H   1.0   0.080   1.000    93.35813    46.85009    42.39789
    89  H   1.0   0.080   0.997    93.04066    43.62243    43.31063
    90  H   1.0   0.081   1.005    87.54533    50.41033    41.77806
    91  H   1.0   0.082   1.012    87.47352    52.61564    44.41990
    92  H   1.0   0.081   1.004    84.82035    50.91867    46.39655
    93  H   1.0   0.080   0.998    84.74287    47.88188    45.10398
    94  H   1.0   0.080   0.997    83.47297    50.35175    43.46937
    95  H   1.0   0.081   1.004    94.78487    56.57273    51.29283
    96  H   1.0   0.080   0.999    92.71373    59.00858    52.30761
    97  H   1.0   0.080   0.999    92.04855    57.68199    49.48436
    98  H   1.0   0.086   1.007    88.81712    54.43356    60.63942
    99  H   1.0   0.080   0.996    93.55466    51.84652    66.36718
   100  H   1.0   0.080   0.995    94.46740    55.16866    66.44843
   101  H   1.0   0.080   0.996    96.08879    52.94445    64.60973
   102  H   1.0   0.083   1.003    82.83425    52.71013    71.73967
   103  H   1.0   0.082   1.006    85.61214    53.17500    73.51790
   104  H   1.0   0.071   1.004    86.01844    48.23903    72.08360
   105  H   1.0   0.081   0.999    82.03489    50.27805    78.62772
   106  H   1.0   0.080   0.999    79.74832    50.03427    76.27312
   107  H   1.0   0.081   1.000    82.09158    52.40966    76.05580
   108  H   1.0   0.082   1.006    85.27388    46.43246    77.67719
   109  H   1.0   0.082   1.003    84.79578    44.81863    74.91441
   110  H   1.0   0.082   1.008    81.61348    42.99316    76.30524
   111  H   1.0   0.082   1.002    79.64250    45.44980    76.27879
   112  H   1.0   0.082   1.003    82.02733    46.26238    80.92184
   113  H   1.0   0.082   1.004    82.31646    43.04607    80.71209
   114  H   1.0   0.084   1.011    78.94141    43.80763    82.99676
   115  H   1.0   0.081   1.000    77.16129    40.37399    81.47742
   116  H   1.0   0.081   1.000    78.79779    40.82942    78.58047
   117  H   1.0   0.081   1.000    75.59282    42.08798    78.98677
   118  H   1.0   0.082   1.004    75.58526    46.04884    78.99243
   119  H   1.0   0.082   1.002    77.53924    48.11998    80.33792
   120  H   1.0   0.085   1.029    74.55347    44.55407    82.94007
   121  H   1.0   0.082   1.001    72.92452    47.32819    82.12749
   122  H   1.0   0.083   1.006    74.39095    49.17634    85.81246
   123  H   1.0   0.082   1.003    77.57325    48.53005    84.99987
   124  H   1.0   0.083   1.006    76.61705    43.85865    86.71574
   125  H   1.0   0.081   1.000    72.59949    43.31819    87.17306
   126  H   1.0   0.080   0.997    71.39385    46.46458    87.29022
   127  H   1.0   0.080   0.997    72.43320    45.05674    90.02654
   128  H   1.0   0.082   1.001    75.82903    46.71969    91.42305
   129  H   1.0   0.083   1.009    77.87372    48.25415    89.28577
   130  H   1.0   0.082   1.003    79.80691    43.24827    89.23286
   131  H   1.0   0.082   1.004    78.98110    43.84353    92.33768
   132  H   1.0   0.082   1.003    82.28434    46.28506    93.13325
   133  H   1.0   0.082   1.002    82.19552    48.02739    90.34213
   134  H   1.0   0.082   1.008    84.01155    42.56041    89.72419
   135  H   1.0   0.081   1.001    87.87604    42.89300    90.99030
   136  H   1.0   0.080   0.999    85.95607    43.42023    93.69639
   137  H   1.0   0.080   0.996    87.87982    45.91467    92.45106
   138  H   1.0   0.081   0.998    83.69218    46.82741    86.67795
   139  H   1.0   0.080   0.997    85.98631    44.44257    86.16394
   140  H   1.0   0.080   1.000    86.81401    46.99182    88.01966
 
  Z AO/shell   Hii/eV     exponent
  1     Sat Feb 20 21:38:01 CET 2016    EN: 2.327 GAM: 0.473  GM3: 0.0000
     1s    -13.751157    1.051071
  6     Sat Feb 20 21:38:01 CET 2016    EN: 2.731 GAM: 0.422  GM3: 0.0000
     2s    -19.378245    2.021003
     2p    -11.993376    1.497917
  7     Sat Feb 20 21:38:01 CET 2016    EN: 3.573 GAM: 0.504  GM3: 0.0000
     2s    -21.576984    2.275442
     2p    -16.125120    2.056788
  8     Sat Feb 20 21:38:01 CET 2016    EN: 3.700 GAM: 0.587  GM3: 0.0000
     2s    -21.648843    2.110798
     2p    -17.239740    2.329048
 12     Sat Feb 20 23:25:47 CET 2016    EN: 0.033 GAM: 0.222  GM3: 0.0000
     3s    -12.693633    1.302878
     3p     -8.128821    0.504252
 
 dipole moment of classical point charges (au)
     X       Y       Z   
  -0.5220  -0.2490   0.2426  total (Debye):    1.594

 
 Nbf   :          338
 T(el) :   300.0
 calculating S/T integrals ...
 cpu time for ints   0.173698000000000     
 Nao   :          338
 making H0...
 making H1...
 cpu time for H      4.341999999999985E-003
 solving ...
 cpu time for diag   6.301299999999999E-002
 
 gap (eV)           :   1.297
 Koopmans IP (eV)   :  12.156
 Eel (Eh)           :  -268.613593
 T,E(Fermi),NFOD :    300.000   -11.508  0.000000
 T,E(Fermi),NFOD :    300.000   -11.508  0.000000
 Nfod               :  0.0000
 Nfod/Nel           :  0.0000

          eigenvalues
 #    :         164        165        166        167        168        169        170        171
 occ. :        2.000      2.000      2.000      2.000      2.000      2.000      2.000      2.000
 eps  :       -16.315    -16.263    -16.183    -15.943    -15.796    -15.568    -15.498    -15.176
 #    :         172        173        174        175        176        177        178        179
 occ. :        2.000      2.000      2.000      2.000      2.000      0.000      0.000      0.000
 eps  :       -14.943    -14.724    -14.295    -13.267    -12.158    -10.860     -9.920     -8.876
 #    :         180        181        182        183        184        185        186        187
 occ. :        0.000      0.000      0.000      0.000      0.000      0.000      0.000      0.000
 eps  :        -8.467     -8.317     -7.950     -7.898     -7.499     -7.150     -7.026     -6.813
                            1  SCC done.
 making H1...
 cpu time for H      7.631800000000000E-002
 solving ...
 cpu time for diag   3.420499999999999E-002
 
 gap (eV)           :   1.533
 Koopmans IP (eV)   :  12.021
 Eel (Eh)           :  -265.604233
 T,E(Fermi),NFOD :    300.000   -11.254  0.000000
 T,E(Fermi),NFOD :    300.000   -11.254  0.000000
 Nfod               :  0.0000
 Nfod/Nel           :  0.0000

          eigenvalues
 #    :         164        165        166        167        168        169        170        171
 occ. :        2.000      2.000      2.000      2.000      2.000      2.000      2.000      2.000
 eps  :       -15.350    -15.191    -15.102    -14.814    -14.455    -14.260    -14.130    -14.040
 #    :         172        173        174        175        176        177        178        179
 occ. :        2.000      2.000      2.000      2.000      2.000      0.000      0.000      0.000
 eps  :       -13.972    -13.969    -13.783    -12.641    -12.022    -10.489     -9.286     -8.764
 #    :         180        181        182        183        184        185        186        187
 occ. :        0.000      0.000      0.000      0.000      0.000      0.000      0.000      0.000
 eps  :        -8.264     -7.942     -7.888     -7.883     -7.330     -6.981     -6.801     -6.675
                            2  SCC done.
 
 
 Mulliken/CM5 charges    n(s)   n(p)   n(d)   
    1 MG  0.3150  0.7494   0.661  1.024  0.000
    2 C   0.0036  0.0072   1.182  2.815  0.000
    3 C  -0.0248 -0.0672   1.121  2.904  0.000
    4 C  -0.0261 -0.0655   1.120  2.907  0.000
    5 C  -0.0277 -0.0681   1.116  2.912  0.000
    6 N  -0.1427 -0.3907   1.403  3.740  0.000
    7 C   0.0395  0.0996   1.216  2.745  0.000
    8 C  -0.0081 -0.0609   1.195  2.814  0.000
    9 C  -0.0060 -0.0650   1.192  2.813  0.000
   10 C   0.0303  0.0833   1.247  2.723  0.000
   11 C  -0.0905 -0.2390   1.095  2.996  0.000
   12 C  -0.0547 -0.1607   1.168  2.886  0.000
   13 C  -0.0540 -0.1552   1.140  2.914  0.000
   14 C   0.1953  0.2400   1.207  2.598  0.000
   15 O  -0.3000 -0.3439   1.639  4.661  0.000
   16 O  -0.1292 -0.2052   1.493  4.636  0.000
   17 N  -0.2195 -0.5071   1.383  3.836  0.000
   18 C   0.0329  0.0914   1.182  2.785  0.000
   19 C  -0.0257 -0.0304   1.223  2.803  0.000
   20 C  -0.0574 -0.0524   1.206  2.851  0.000
   21 C   0.0534  0.1170   1.198  2.749  0.000
   22 C  -0.0803 -0.2254   1.091  2.990  0.000
   23 C   0.1443  0.1658   1.204  2.652  0.000
   24 O  -0.2574 -0.3084   1.628  4.629  0.000
   25 C  -0.0907 -0.2329   1.088  3.003  0.000
   26 N  -0.1843 -0.4578   1.401  3.783  0.000
   27 C   0.0590  0.1261   1.211  2.730  0.000
   28 C  -0.0242 -0.0811   1.203  2.821  0.000
   29 C  -0.0442 -0.0991   1.215  2.829  0.000
   30 C   0.0423  0.1042   1.205  2.753  0.000
   31 C  -0.0691 -0.2164   1.103  2.966  0.000
   32 C  -0.0482 -0.1588   1.149  2.899  0.000
   33 C  -0.1008 -0.2554   1.087  3.013  0.000
   34 N  -0.2235 -0.4955   1.396  3.827  0.000
   35 C   0.0185  0.0734   1.188  2.794  0.000
   36 C   0.0107  0.0047   1.193  2.796  0.000
   37 C  -0.0404 -0.0321   1.162  2.879  0.000
   38 C   0.0211  0.0990   1.207  2.772  0.000
   39 C  -0.0581 -0.2015   1.068  2.990  0.000
   40 C   0.1344  0.1668   1.194  2.671  0.000
   41 O  -0.2536 -0.2950   1.636  4.618  0.000
   42 C  -0.0530 -0.0952   1.210  2.843  0.000
   43 C   0.2376  0.2955   1.165  2.597  0.000
   44 O  -0.2853 -0.3323   1.626  4.660  0.000
   45 O  -0.1500 -0.2367   1.494  4.656  0.000
   46 C   0.0161 -0.1088   1.099  2.885  0.000
   47 C   0.0619 -0.0177   1.113  2.826  0.000
   48 C  -0.0977 -0.1556   1.165  2.933  0.000
   49 C  -0.0444 -0.0688   1.214  2.831  0.000
   50 C  -0.0933 -0.2395   1.080  3.013  0.000
   51 C  -0.0423 -0.1490   1.130  2.913  0.000
   52 C  -0.0642 -0.1756   1.137  2.928  0.000
   53 C  -0.0760 -0.1879   1.160  2.916  0.000
   54 C  -0.0362 -0.1127   1.210  2.827  0.000
   55 C  -0.0940 -0.2448   1.100  2.994  0.000
   56 C  -0.0910 -0.2059   1.165  2.926  0.000
   57 C  -0.0723 -0.1857   1.145  2.927  0.000
   58 C  -0.0469 -0.1566   1.147  2.900  0.000
   59 C  -0.0182 -0.0917   1.220  2.798  0.000
   60 C  -0.1248 -0.2750   1.116  3.009  0.000
   61 C  -0.0683 -0.1777   1.158  2.910  0.000
   62 C  -0.0648 -0.1755   1.155  2.910  0.000
   63 C  -0.0639 -0.1731   1.159  2.904  0.000
   64 C  -0.0231 -0.0980   1.210  2.813  0.000
   65 C  -0.0938 -0.2444   1.107  2.987  0.000
   66 C  -0.1157 -0.2660   1.109  3.007  0.000
   67 H   0.0514  0.1116   0.949  0.000  0.000
   68 H   0.0531  0.1165   0.947  0.000  0.000
   69 H   0.0503  0.1104   0.950  0.000  0.000
   70 H   0.0522  0.1170   0.948  0.000  0.000
   71 H   0.0407  0.1025   0.959  0.000  0.000
   72 H   0.0391  0.0962   0.961  0.000  0.000
   73 H   0.0445  0.0957   0.956  0.000  0.000
   74 H   0.0366  0.0880   0.963  0.000  0.000
   75 H   0.0398  0.0986   0.960  0.000  0.000
   76 H   0.0467  0.1048   0.953  0.000  0.000
   77 H   0.0561  0.1176   0.944  0.000  0.000
   78 H   0.0367  0.0997   0.963  0.000  0.000
   79 H   0.0435  0.0961   0.956  0.000  0.000
   80 H   0.0559  0.1105   0.944  0.000  0.000
   81 H   0.0612  0.1131   0.939  0.000  0.000
   82 H   0.0460  0.1005   0.954  0.000  0.000
   83 H   0.0435  0.1020   0.957  0.000  0.000
   84 H   0.0549  0.1081   0.945  0.000  0.000
   85 H   0.0472  0.1085   0.953  0.000  0.000
   86 H   0.0476  0.1089   0.952  0.000  0.000
   87 H   0.0445  0.0968   0.955  0.000  0.000
   88 H   0.0436  0.0968   0.956  0.000  0.000
   89 H   0.0426  0.0940   0.957  0.000  0.000
   90 H   0.0324  0.0881   0.968  0.000  0.000
   91 H   0.0476  0.1056   0.952  0.000  0.000
   92 H   0.0233  0.0777   0.977  0.000  0.000
   93 H   0.0241  0.0771   0.976  0.000  0.000
   94 H   0.0392  0.0902   0.961  0.000  0.000
   95 H   0.0593  0.1133   0.941  0.000  0.000
   96 H   0.0517  0.1047   0.948  0.000  0.000
   97 H   0.0459  0.0985   0.954  0.000  0.000
   98 H   0.0561  0.1234   0.944  0.000  0.000
   99 H   0.0466  0.1066   0.953  0.000  0.000
  100 H   0.0545  0.1122   0.945  0.000  0.000
  101 H   0.0616  0.1231   0.938  0.000  0.000
  102 H   0.0711  0.1376   0.929  0.000  0.000
  103 H   0.0605  0.1239   0.939  0.000  0.000
  104 H   0.0225  0.0835   0.977  0.000  0.000
  105 H   0.0379  0.0910   0.962  0.000  0.000
  106 H   0.0425  0.0951   0.957  0.000  0.000
  107 H   0.0381  0.0919   0.962  0.000  0.000
  108 H   0.0441  0.1015   0.956  0.000  0.000
  109 H   0.0442  0.1001   0.956  0.000  0.000
  110 H   0.0260  0.0831   0.974  0.000  0.000
  111 H   0.0424  0.0994   0.958  0.000  0.000
  112 H   0.0300  0.0863   0.970  0.000  0.000
  113 H   0.0291  0.0853   0.971  0.000  0.000
  114 H   0.0337  0.0946   0.966  0.000  0.000
  115 H   0.0347  0.0872   0.965  0.000  0.000
  116 H   0.0413  0.0953   0.959  0.000  0.000
  117 H   0.0410  0.0944   0.959  0.000  0.000
  118 H   0.0284  0.0850   0.972  0.000  0.000
  119 H   0.0151  0.0712   0.985  0.000  0.000
  120 H   0.0370  0.1007   0.963  0.000  0.000
  121 H   0.0478  0.1023   0.952  0.000  0.000
  122 H   0.0378  0.0953   0.962  0.000  0.000
  123 H   0.0379  0.0947   0.962  0.000  0.000
  124 H   0.0470  0.1067   0.953  0.000  0.000
  125 H   0.0270  0.0799   0.973  0.000  0.000
  126 H   0.0390  0.0907   0.961  0.000  0.000
  127 H   0.0291  0.0808   0.971  0.000  0.000
  128 H   0.0489  0.1042   0.951  0.000  0.000
  129 H   0.0265  0.0857   0.974  0.000  0.000
  130 H   0.0339  0.0904   0.966  0.000  0.000
  131 H   0.0282  0.0840   0.972  0.000  0.000
  132 H   0.0310  0.0871   0.969  0.000  0.000
  133 H   0.0372  0.0935   0.963  0.000  0.000
  134 H   0.0357  0.0948   0.964  0.000  0.000
  135 H   0.0372  0.0901   0.963  0.000  0.000
  136 H   0.0354  0.0876   0.965  0.000  0.000
  137 H   0.0341  0.0849   0.966  0.000  0.000
  138 H   0.0377  0.0904   0.962  0.000  0.000
  139 H   0.0295  0.0805   0.970  0.000  0.000
  140 H   0.0235  0.0766   0.977  0.000  0.000
 Hirshfeld charges for QMDFF written to <charges>
 
 Loewdin charges    n(s)   n(p)   n(d)
    1 MG  0.1537   0.672  1.174  0.000
    2 C   0.0044   1.143  2.853  0.000
    3 C  -0.0219   1.068  2.954  0.000
    4 C  -0.0234   1.066  2.958  0.000
    5 C  -0.0239   1.061  2.963  0.000
    6 N  -0.1110   1.362  3.749  0.000
    7 C   0.0426   1.178  2.779  0.000
    8 C  -0.0009   1.146  2.854  0.000
    9 C   0.0032   1.144  2.853  0.000
   10 C   0.0347   1.211  2.754  0.000
   11 C  -0.0926   1.023  3.070  0.000
   12 C  -0.0504   1.111  2.939  0.000
   13 C  -0.0554   1.082  2.973  0.000
   14 C   0.1783   1.180  2.642  0.000
   15 O  -0.2914   1.615  4.676  0.000
   16 O  -0.0934   1.458  4.635  0.000
   17 N  -0.1862   1.341  3.846  0.000
   18 C   0.0355   1.142  2.822  0.000
   19 C  -0.0177   1.183  2.835  0.000
   20 C  -0.0648   1.171  2.894  0.000
   21 C   0.0581   1.158  2.784  0.000
   22 C  -0.0808   1.018  3.063  0.000
   23 C   0.1446   1.167  2.688  0.000
   24 O  -0.2436   1.599  4.644  0.000
   25 C  -0.0976   1.015  3.082  0.000
   26 N  -0.1456   1.354  3.791  0.000
   27 C   0.0612   1.173  2.766  0.000
   28 C  -0.0160   1.156  2.860  0.000
   29 C  -0.0385   1.170  2.869  0.000
   30 C   0.0458   1.167  2.787  0.000
   31 C  -0.0686   1.030  3.038  0.000
   32 C  -0.0422   1.089  2.953  0.000
   33 C  -0.1030   1.015  3.088  0.000
   34 N  -0.1925   1.354  3.839  0.000
   35 C   0.0193   1.149  2.832  0.000
   36 C   0.0221   1.149  2.829  0.000
   37 C  -0.0497   1.123  2.927  0.000
   38 C   0.0251   1.169  2.806  0.000
   39 C  -0.0584   0.992  3.067  0.000
   40 C   0.1297   1.160  2.711  0.000
   41 O  -0.2399   1.607  4.632  0.000
   42 C  -0.0542   1.164  2.890  0.000
   43 C   0.2124   1.139  2.648  0.000
   44 O  -0.2716   1.596  4.676  0.000
   45 O  -0.1143   1.459  4.656  0.000
   46 C   0.0105   1.029  2.960  0.000
   47 C   0.0603   1.055  2.885  0.000
   48 C  -0.0974   1.117  2.980  0.000
   49 C  -0.0348   1.173  2.862  0.000
   50 C  -0.0970   1.007  3.090  0.000
   51 C  -0.0378   1.069  2.969  0.000
   52 C  -0.0612   1.077  2.984  0.000
   53 C  -0.0736   1.103  2.970  0.000
   54 C  -0.0265   1.163  2.864  0.000
   55 C  -0.0976   1.028  3.070  0.000
   56 C  -0.0899   1.108  2.981  0.000
   57 C  -0.0687   1.087  2.982  0.000
   58 C  -0.0430   1.088  2.955  0.000
   59 C  -0.0077   1.174  2.834  0.000
   60 C  -0.1304   1.047  3.083  0.000
   61 C  -0.0658   1.101  2.965  0.000
   62 C  -0.0609   1.097  2.964  0.000
   63 C  -0.0609   1.102  2.959  0.000
   64 C  -0.0112   1.163  2.848  0.000
   65 C  -0.0957   1.035  3.060  0.000
   66 C  -0.1203   1.039  3.081  0.000
   67 H   0.0474   0.953  0.000  0.000
   68 H   0.0463   0.954  0.000  0.000
   69 H   0.0449   0.955  0.000  0.000
   70 H   0.0456   0.954  0.000  0.000
   71 H   0.0353   0.965  0.000  0.000
   72 H   0.0386   0.961  0.000  0.000
   73 H   0.0436   0.956  0.000  0.000
   74 H   0.0369   0.963  0.000  0.000
   75 H   0.0361   0.964  0.000  0.000
   76 H   0.0434   0.957  0.000  0.000
   77 H   0.0529   0.947  0.000  0.000
   78 H   0.0341   0.966  0.000  0.000
   79 H   0.0436   0.956  0.000  0.000
   80 H   0.0539   0.946  0.000  0.000
   81 H   0.0595   0.941  0.000  0.000
   82 H   0.0468   0.953  0.000  0.000
   83 H   0.0419   0.958  0.000  0.000
   84 H   0.0540   0.946  0.000  0.000
   85 H   0.0409   0.959  0.000  0.000
   86 H   0.0422   0.958  0.000  0.000
   87 H   0.0433   0.957  0.000  0.000
   88 H   0.0434   0.957  0.000  0.000
   89 H   0.0411   0.959  0.000  0.000
   90 H   0.0295   0.970  0.000  0.000
   91 H   0.0446   0.955  0.000  0.000
   92 H   0.0260   0.974  0.000  0.000
   93 H   0.0261   0.974  0.000  0.000
   94 H   0.0393   0.961  0.000  0.000
   95 H   0.0566   0.943  0.000  0.000
   96 H   0.0493   0.951  0.000  0.000
   97 H   0.0451   0.955  0.000  0.000
   98 H   0.0485   0.952  0.000  0.000
   99 H   0.0437   0.956  0.000  0.000
  100 H   0.0505   0.950  0.000  0.000
  101 H   0.0565   0.944  0.000  0.000
  102 H   0.0625   0.938  0.000  0.000
  103 H   0.0539   0.946  0.000  0.000
  104 H   0.0173   0.983  0.000  0.000
  105 H   0.0380   0.962  0.000  0.000
  106 H   0.0421   0.958  0.000  0.000
  107 H   0.0385   0.961  0.000  0.000
  108 H   0.0411   0.959  0.000  0.000
  109 H   0.0409   0.959  0.000  0.000
  110 H   0.0251   0.975  0.000  0.000
  111 H   0.0398   0.960  0.000  0.000
  112 H   0.0285   0.972  0.000  0.000
  113 H   0.0272   0.973  0.000  0.000
  114 H   0.0298   0.970  0.000  0.000
  115 H   0.0345   0.965  0.000  0.000
  116 H   0.0415   0.959  0.000  0.000
  117 H   0.0410   0.959  0.000  0.000
  118 H   0.0280   0.972  0.000  0.000
  119 H   0.0144   0.986  0.000  0.000
  120 H   0.0361   0.964  0.000  0.000
  121 H   0.0445   0.956  0.000  0.000
  122 H   0.0350   0.965  0.000  0.000
  123 H   0.0350   0.965  0.000  0.000
  124 H   0.0419   0.958  0.000  0.000
  125 H   0.0280   0.972  0.000  0.000
  126 H   0.0394   0.961  0.000  0.000
  127 H   0.0306   0.969  0.000  0.000
  128 H   0.0457   0.954  0.000  0.000
  129 H   0.0253   0.975  0.000  0.000
  130 H   0.0322   0.968  0.000  0.000
  131 H   0.0259   0.974  0.000  0.000
  132 H   0.0285   0.971  0.000  0.000
  133 H   0.0350   0.965  0.000  0.000
  134 H   0.0309   0.969  0.000  0.000
  135 H   0.0371   0.963  0.000  0.000
  136 H   0.0353   0.965  0.000  0.000
  137 H   0.0336   0.966  0.000  0.000
  138 H   0.0380   0.962  0.000  0.000
  139 H   0.0300   0.970  0.000  0.000
  140 H   0.0247   0.975  0.000  0.000
 
 Wiberg/Mayer (AO) data. WBOs > 0.1 written file <wbo>
 largest (>0.05) Wiberg bond orders for each atom
           total WBO             WBO to atom ...
     1  MG  2.523    N   17 0.543    N   34 0.473    N    6 0.405    N   26 0.372    C   38 0.054    C   21 0.054    C   10 0.053
     2  C   3.891    C    7 1.441    C   38 1.164    C   42 0.939
     3  C   3.915    C   10 1.438    C   18 1.257    H   67 0.930
     4  C   3.932    C   27 1.447    C   21 1.261    H   68 0.934
     5  C   3.924    C   30 1.402    C   35 1.339    H   69 0.928
     6  N   3.350    C   10 1.231    C    7 1.216    MG   1 0.405
     7  C   3.886    C    2 1.441    N    6 1.216    C    8 0.964
     8  C   3.934    C    7 0.964    C    9 0.964    H   70 0.931    C   12 0.915
     9  C   3.935    C   11 0.981    C    8 0.964    H   71 0.942    C   10 0.900
    10  C   3.841    C    3 1.438    N    6 1.231    C    9 0.900    MG   1 0.053
    11  C   3.970    C    9 0.981    H   73 0.977    H   72 0.977    H   74 0.974
    12  C   3.940    C   13 0.978    H   76 0.966    H   75 0.965    C    8 0.915
    13  C   3.962    C   12 0.978    C   14 0.960    H   78 0.956    H   77 0.936    O   15 0.073
    14  C   3.884    O   15 1.770    O   16 1.101    C   13 0.960
    15  O   2.071    C   14 1.770    O   16 0.161    C   13 0.073
    16  O   2.321    C   14 1.101    C   47 0.960    O   15 0.161
    17  N   3.334    C   21 1.206    C   18 1.121    MG   1 0.543    C   20 0.070
    18  C   3.872    C    3 1.257    C   19 1.241    N   17 1.121
    19  C   3.862    C   20 1.395    C   18 1.241    C   22 0.960    O   24 0.055
    20  C   3.876    C   19 1.395    C   21 1.125    C   23 0.999    O   24 0.077    N   17 0.070
    21  C   3.878    C    4 1.261    N   17 1.206    C   20 1.125    MG   1 0.054    N   26 0.052
    22  C   3.973    H   81 0.976    H   79 0.972    H   80 0.969    C   19 0.960
    23  C   3.890    O   24 1.807    C   20 0.999    C   25 0.987
    24  O   2.123    C   23 1.807    C   20 0.077    C   25 0.065    C   19 0.055
    25  C   3.981    C   23 0.987    H   83 0.968    H   82 0.957    H   84 0.952    O   24 0.065
    26  N   3.333    C   27 1.257    C   30 1.237    MG   1 0.372    C   21 0.052
    27  C   3.870    C    4 1.447    N   26 1.257    C   28 0.916
    28  C   3.932    C   31 0.962    C   29 0.956    H   85 0.950    C   27 0.916
    29  C   3.930    C   28 0.956    H   86 0.942    C   30 0.940    C   32 0.925
    30  C   3.855    C    5 1.402    N   26 1.237    C   29 0.940    C   36 0.053
    31  C   3.967    H   87 0.981    H   89 0.979    H   88 0.976    C   28 0.962
    32  C   3.954    C   33 1.023    H   90 0.966    H   91 0.963    C   29 0.925
    33  C   3.978    C   32 1.023    H   92 0.979    H   93 0.972    H   94 0.971
    34  N   3.314    C   38 1.321    C   35 1.076    MG   1 0.473    C   37 0.058
    35  C   3.873    C    5 1.339    C   36 1.199    N   34 1.076
    36  C   3.870    C   37 1.352    C   35 1.199    C   39 1.014    O   41 0.064    C   30 0.053
    37  C   3.910    C   36 1.352    C   40 1.151    C   38 1.106    O   41 0.061    N   34 0.058
    38  C   3.891    N   34 1.321    C    2 1.164    C   37 1.106    MG   1 0.054
    39  C   3.982    C   36 1.014    H   96 0.971    H   97 0.971    H   95 0.951
    40  C   3.894    O   41 1.765    C   37 1.151    C   42 0.831
    41  O   2.123    C   40 1.765    C   42 0.093    C   36 0.064    C   37 0.061
    42  C   3.934    C    2 0.939    H   98 0.936    C   43 0.920    C   40 0.831    O   41 0.093    O   44 0.075
    43  C   3.899    O   44 1.792    O   45 1.117    C   42 0.920
    44  O   2.118    C   43 1.792    O   45 0.170    C   42 0.075
    45  O   2.322    C   43 1.117    C   46 0.958    O   44 0.170
    46  C   3.935    H   99 0.989    H  100 0.988    H  101 0.978    O   45 0.958
    47  C   3.935    C   48 0.996    O   16 0.960    H  103 0.956    H  102 0.951
    48  C   3.957    C   49 1.877    C   47 0.996    H  104 0.944
    49  C   3.935    C   48 1.877    C   50 0.992    C   51 0.970
    50  C   3.989    C   49 0.992    H  107 0.975    H  105 0.973    H  106 0.968
    51  C   3.970    C   52 0.983    C   49 0.970    H  109 0.959    H  108 0.949
    52  C   3.962    C   51 0.983    C   53 0.982    H  110 0.969    H  111 0.962
    53  C   3.958    C   52 0.982    H  113 0.967    C   54 0.964    H  112 0.963
    54  C   3.936    C   55 0.991    C   53 0.964    C   56 0.961    H  114 0.953
    55  C   3.986    C   54 0.991    H  115 0.982    H  116 0.978    H  117 0.977
    56  C   3.954    C   57 0.982    H  118 0.961    C   54 0.961    H  119 0.961
    57  C   3.957    C   58 0.987    C   56 0.982    H  120 0.960    H  121 0.959
    58  C   3.967    C   57 0.987    C   59 0.983    H  122 0.963    H  123 0.954
    59  C   3.932    C   58 0.983    C   61 0.966    C   60 0.964    H  124 0.946
    60  C   3.973    H  125 0.984    H  127 0.979    H  126 0.979    C   59 0.964
    61  C   3.954    C   62 0.983    C   59 0.966    H  129 0.963    H  128 0.958
    62  C   3.959    C   61 0.983    H  131 0.973    C   63 0.972    H  130 0.963
    63  C   3.959    C   64 0.974    C   62 0.972    H  132 0.968    H  133 0.962
    64  C   3.936    C   66 0.982    C   65 0.980    C   63 0.974    H  134 0.957
    65  C   3.977    H  137 0.981    H  135 0.980    C   64 0.980    H  136 0.980
    66  C   3.979    H  140 0.984    C   64 0.982    H  139 0.981    H  138 0.978
    67  H   0.994    C    3 0.930
    68  H   0.994    C    4 0.934
    69  H   0.993    C    5 0.928
    70  H   0.995    C    8 0.931
    71  H   0.996    C    9 0.942
    72  H   0.998    C   11 0.977
    73  H   0.996    C   11 0.977
    74  H   0.997    C   11 0.974
    75  H   0.997    C   12 0.965
    76  H   0.995    C   12 0.966
    77  H   0.996    C   13 0.936
    78  H   0.998    C   13 0.956
    79  H   0.995    C   22 0.972
    80  H   0.994    C   22 0.969
    81  H   0.995    C   22 0.976
    82  H   0.997    C   25 0.957
    83  H   0.996    C   25 0.968
    84  H   0.996    C   25 0.952
    85  H   0.996    C   28 0.950
    86  H   0.995    C   29 0.942
    87  H   0.997    C   31 0.981
    88  H   0.996    C   31 0.976
    89  H   0.996    C   31 0.979
    90  H   0.996    C   32 0.966
    91  H   0.995    C   32 0.963
    92  H   0.999    C   33 0.979
    93  H   0.999    C   33 0.972
    94  H   0.997    C   33 0.971
    95  H   0.991    C   39 0.951
    96  H   0.995    C   39 0.971
    97  H   0.994    C   39 0.971
    98  H   0.993    C   42 0.936
    99  H   0.998    C   46 0.989
   100  H   0.997    C   46 0.988
   101  H   0.996    C   46 0.978
   102  H   0.995    C   47 0.951
   103  H   0.996    C   47 0.956
   104  H   0.999    C   48 0.944
   105  H   0.998    C   50 0.973
   106  H   0.998    C   50 0.968
   107  H   0.998    C   50 0.975
   108  H   0.998    C   51 0.949
   109  H   0.997    C   51 0.959
   110  H   0.998    C   52 0.969
   111  H   0.998    C   52 0.962
   112  H   0.999    C   53 0.963
   113  H   0.998    C   53 0.967
   114  H   0.998    C   54 0.953
   115  H   0.999    C   55 0.982
   116  H   0.998    C   55 0.978
   117  H   0.998    C   55 0.977
   118  H   0.998    C   56 0.961
   119  H   1.000    C   56 0.961
   120  H   0.999    C   57 0.960
   121  H   0.997    C   57 0.959
   122  H   0.998    C   58 0.963
   123  H   0.999    C   58 0.954
   124  H   0.998    C   59 0.946
   125  H   0.999    C   60 0.984
   126  H   0.998    C   60 0.979
   127  H   0.999    C   60 0.979
   128  H   0.996    C   61 0.958
   129  H   0.999    C   61 0.963
   130  H   0.999    C   62 0.963
   131  H   0.999    C   62 0.973
   132  H   0.998    C   63 0.968
   133  H   0.999    C   63 0.962
   134  H   0.999    C   64 0.957
   135  H   0.998    C   65 0.980
   136  H   0.999    C   65 0.980
   137  H   0.999    C   65 0.981
   138  H   0.999    C   66 0.978
   139  H   0.999    C   66 0.981
   140  H   0.999    C   66 0.984
 
 --------------------------------------------
          xTB calculation for sTDA...
 --------------------------------------------
 
 reading parameter file ~/.param_stda2.xtb
 
      method parameters     
 k(s)        :  1.6000
 k(p)        :  2.1800
 k(d)        :  1.9500
 k(f)        :  2.0000
 k(R-V)      :  2.2750
 k(R-R)      :  1.7650
 Tscal       :  0.2580
 Gscal       :  1.0000
 fpol        :  1.0000
 Zcnf        :  0.3430
 Zqf         :  0.0000
 kcn         :  2.7000
 Ryd Hsplit  :  0.7000
 lshift(virt):  3.1000
 lshift(OS)  :  0.2000
 wllscaling  :  2.6000
 
 mowrcut     : 3.000
 
  Z AO/shell   Hii/eV     exponent
  1     Sun Feb 14 09:53:25 CET 2016    EN: 2.327 GAM: 0.473  GM3: 0.0000
     1s    -14.339618    1.220000
     2sp    -3.348946    0.600000
  6     Sun Feb 14 09:53:25 CET 2016    EN: 2.731 GAM: 0.422  GM3: 0.0000
     2s    -22.009312    1.565095
     2p    -13.020408    1.596905
     3sp    -3.914040    0.824500
  7     Sun Feb 14 09:53:25 CET 2016    EN: 3.573 GAM: 0.504  GM3: 0.0000
     2s    -25.722000    2.064844
     2p    -18.684912    1.801692
     3sp    -4.344791    0.921400
  8     Sun Feb 14 09:53:25 CET 2016    EN: 3.700 GAM: 0.587  GM3: 0.0000
     2s    -33.859000    2.418661
     2p    -22.175911    1.973969
     3sp    -4.259392    1.013700
 12     Sun Feb 21 16:58:31 CET 2016    EN: 0.033 GAM: 0.222  GM3: 0.0000
     3s    -11.092543    1.647583
     3p     -6.929529    0.855020
 
 Nbf   :          894
 T(el) :     0.0
 calculating S/T integrals ...
 cpu time for ints    1.16825400000000     
 Nao   :          894
 making H0...
 making H1...
 cpu time for H      2.106500000000011E-002
 solving ...
 cpu time for diag   0.273959000000000     
 
 gap (eV)           :   4.627
 Koopmans IP (eV)   :  13.365
 Eel (Eh)           :  -301.158400

          eigenvalues
 #    :         164        165        166        167        168        169        170        171
 occ. :        2.000      2.000      2.000      2.000      2.000      2.000      2.000      2.000
 eps  :       -17.371    -17.335    -16.999    -16.456    -16.285    -16.215    -15.925    -15.775
 #    :         172        173        174        175        176        177        178        179
 occ. :        2.000      2.000      2.000      2.000      2.000      0.000      0.000      0.000
 eps  :       -15.576    -15.286    -15.095    -13.968    -13.366     -8.739     -6.947     -6.724
 #    :         180        181        182        183        184        185        186        187
 occ. :        0.000      0.000      0.000      0.000      0.000      0.000      0.000      0.000
 eps  :        -6.484     -6.154     -5.954     -5.406     -5.249     -5.189     -5.036     -4.978
                            1  SCC done.
 writing mo output ...
 molden style : F
 
speedup  1.10
cpu  time for all    1.98 s
wall time for all    1.80 s
