cpu-bind=MASK - bp1-compute103, task 4294967295 4294967295 [0]: mask 0xffffffffffff set
Host:    bp1-compute103.data.bp.acrc.priv
Time:    Fri Apr 29 08:48:16 BST 2022
Dir:     /user/home/of15641/chlorophyll_parameterization/tddft_data/step_251_chromophore_1
Job ID:  1658645
Nodelist:
cat: bp1-compute103: No such file or directory
  
Result dir: /user/home/of15641/chlorophyll_parameterization/tddft_data/step_251_chromophore_1
running gaussian jobs
Running time g16 < CAMB3LYP_step_251_chromophore_1.com > CAMB3LYP_step_251_chromophore_1.log

real	24m39.457s
user	579m53.011s
sys	0m28.341s
Running time g16 < PBE0_step_251_chromophore_1.com > PBE0_step_251_chromophore_1.log

real	18m28.565s
user	441m16.491s
sys	0m24.664s
Running time g16 < wB97XD_step_251_chromophore_1.com > wB97XD_step_251_chromophore_1.log

real	27m21.909s
user	643m57.123s
sys	0m29.736s
Running time g16 < BLYP_step_251_chromophore_1.com > BLYP_step_251_chromophore_1.log

real	12m46.316s
user	304m50.161s
sys	0m23.192s
Running time g16 < ZINDO_step_251_chromophore_1.com > ZINDO_step_251_chromophore_1.log

real	0m6.569s
user	2m23.871s
sys	0m2.539s
