cpu-bind=MASK - bp1-compute176, task 4294967295 4294967295 [0]: mask 0xffffff00ffffff set
Host:    bp1-compute176.data.bp.acrc.priv
Time:    Sat Apr 30 22:19:57 BST 2022
Dir:     /user/home/of15641/chlorophyll_parameterization/tddft_data/step_951_chromophore_14
Job ID:  1659058
Nodelist:
cat: bp1-compute176: No such file or directory
  
Result dir: /user/home/of15641/chlorophyll_parameterization/tddft_data/step_951_chromophore_14
running gaussian jobs
Running time g16 < CAMB3LYP_step_951_chromophore_14.com > CAMB3LYP_step_951_chromophore_14.log

real	22m20.718s
user	524m44.251s
sys	0m34.139s
Running time g16 < PBE0_step_951_chromophore_14.com > PBE0_step_951_chromophore_14.log

real	19m20.479s
user	461m27.777s
sys	0m42.156s
Running time g16 < wB97XD_step_951_chromophore_14.com > wB97XD_step_951_chromophore_14.log

real	24m55.918s
user	586m0.764s
sys	0m46.346s
Running time g16 < BLYP_step_951_chromophore_14.com > BLYP_step_951_chromophore_14.log

real	12m0.212s
user	285m51.397s
sys	0m28.987s
Running time g16 < ZINDO_step_951_chromophore_14.com > ZINDO_step_951_chromophore_14.log

real	0m6.393s
user	2m20.079s
sys	0m2.451s
