cpu-bind=MASK - bp1-compute102, task 4294967295 4294967295 [0]: mask 0xffffffffffff set
Host:    bp1-compute102.data.bp.acrc.priv
Time:    Sat Apr 30 17:45:39 BST 2022
Dir:     /user/home/of15641/chlorophyll_parameterization/tddft_data/step_851_chromophore_20
Job ID:  1659011
Nodelist:
cat: bp1-compute102: No such file or directory
  
Result dir: /user/home/of15641/chlorophyll_parameterization/tddft_data/step_851_chromophore_20
running gaussian jobs
Running time g16 < CAMB3LYP_step_851_chromophore_20.com > CAMB3LYP_step_851_chromophore_20.log

real	20m23.130s
user	477m47.166s
sys	0m20.864s
Running time g16 < PBE0_step_851_chromophore_20.com > PBE0_step_851_chromophore_20.log

real	14m29.472s
user	345m36.991s
sys	0m19.538s
Running time g16 < wB97XD_step_851_chromophore_20.com > wB97XD_step_851_chromophore_20.log

real	26m46.686s
user	629m3.989s
sys	0m27.186s
Running time g16 < BLYP_step_851_chromophore_20.com > BLYP_step_851_chromophore_20.log

real	12m28.091s
user	297m25.017s
sys	0m21.081s
Running time g16 < ZINDO_step_851_chromophore_20.com > ZINDO_step_851_chromophore_20.log

real	0m7.855s
user	2m54.847s
sys	0m2.852s
