cpu-bind=MASK - bp1-compute150, task 4294967295 4294967295 [0]: mask 0x1ffffef01ffffef set
Host:    bp1-compute150.data.bp.acrc.priv
Time:    Fri Apr 29 07:54:13 BST 2022
Dir:     /user/home/of15641/chlorophyll_parameterization/tddft_data/step_201_chromophore_25
Job ID:  1658635
Nodelist:
cat: bp1-compute150: No such file or directory
  
Result dir: /user/home/of15641/chlorophyll_parameterization/tddft_data/step_201_chromophore_25
running gaussian jobs
Running time g16 < CAMB3LYP_step_201_chromophore_25.com > CAMB3LYP_step_201_chromophore_25.log

real	27m5.932s
user	638m54.257s
sys	0m24.933s
Running time g16 < PBE0_step_201_chromophore_25.com > PBE0_step_201_chromophore_25.log

real	27m53.176s
user	663m43.934s
sys	0m28.467s
Running time g16 < wB97XD_step_201_chromophore_25.com > wB97XD_step_201_chromophore_25.log

real	22m7.678s
user	519m13.240s
sys	0m24.871s
Running time g16 < BLYP_step_201_chromophore_25.com > BLYP_step_201_chromophore_25.log

real	13m40.036s
user	323m47.532s
sys	0m21.247s
Running time g16 < ZINDO_step_201_chromophore_25.com > ZINDO_step_201_chromophore_25.log

real	0m6.682s
user	2m23.968s
sys	0m2.352s
