cpu-bind=MASK - bp1-compute070, task 4294967295 4294967295 [0]: mask 0xffffffffffff set
Host:    bp1-compute070.data.bp.acrc.priv
Time:    Fri Apr 29 15:58:24 BST 2022
Dir:     /user/home/of15641/chlorophyll_parameterization/tddft_data/step_401_chromophore_14
Job ID:  1658731
Nodelist:
cat: bp1-compute070: No such file or directory
  
Result dir: /user/home/of15641/chlorophyll_parameterization/tddft_data/step_401_chromophore_14
running gaussian jobs
Running time g16 < CAMB3LYP_step_401_chromophore_14.com > CAMB3LYP_step_401_chromophore_14.log

real	22m15.623s
user	523m2.835s
sys	0m40.444s
Running time g16 < PBE0_step_401_chromophore_14.com > PBE0_step_401_chromophore_14.log

real	14m0.958s
user	334m10.519s
sys	0m30.756s
Running time g16 < wB97XD_step_401_chromophore_14.com > wB97XD_step_401_chromophore_14.log

real	24m17.931s
user	570m57.703s
sys	0m40.731s
Running time g16 < BLYP_step_401_chromophore_14.com > BLYP_step_401_chromophore_14.log

real	12m27.496s
user	296m16.678s
sys	0m30.016s
Running time g16 < ZINDO_step_401_chromophore_14.com > ZINDO_step_401_chromophore_14.log

real	0m6.247s
user	2m16.695s
sys	0m2.356s
