cpu-bind=MASK - bp1-compute067, task 4294967295 4294967295 [0]: mask 0xffffffffffff set
Host:    bp1-compute067.data.bp.acrc.priv
Time:    Thu May  5 09:14:32 BST 2022
Dir:     /user/home/of15641/chlorophyll_parameterization/tddft_data/step_801_chromophore_23
Job ID:  1692412
Nodelist:
cat: bp1-compute067: No such file or directory
  
Result dir: /user/home/of15641/chlorophyll_parameterization/tddft_data/step_801_chromophore_23
running gaussian jobs
Running time g16 < CAMB3LYP_step_801_chromophore_23.com > CAMB3LYP_step_801_chromophore_23.log

real	28m10.493s
user	663m22.257s
sys	0m46.626s
Running time g16 < PBE0_step_801_chromophore_23.com > PBE0_step_801_chromophore_23.log

real	17m2.032s
user	406m20.138s
sys	0m38.776s
Running time g16 < wB97XD_step_801_chromophore_23.com > wB97XD_step_801_chromophore_23.log

real	29m15.042s
user	688m31.779s
sys	1m0.532s
Running time g16 < BLYP_step_801_chromophore_23.com > BLYP_step_801_chromophore_23.log

real	12m27.892s
user	296m58.954s
sys	0m31.065s
Running time g16 < ZINDO_step_801_chromophore_23.com > ZINDO_step_801_chromophore_23.log

real	0m6.803s
user	2m28.554s
sys	0m2.589s
