cpu-bind=MASK - bp1-compute069, task 4294967295 4294967295 [0]: mask 0xffffffffffff set
Host:    bp1-compute069.data.bp.acrc.priv
Time:    Thu May  5 09:34:45 BST 2022
Dir:     /user/home/of15641/chlorophyll_parameterization/tddft_data/step_801_chromophore_4
Job ID:  1692416
Nodelist:
cat: bp1-compute069: No such file or directory
  
Result dir: /user/home/of15641/chlorophyll_parameterization/tddft_data/step_801_chromophore_4
running gaussian jobs
Running time g16 < CAMB3LYP_step_801_chromophore_4.com > CAMB3LYP_step_801_chromophore_4.log

real	31m28.393s
user	741m29.460s
sys	0m34.959s
Running time g16 < PBE0_step_801_chromophore_4.com > PBE0_step_801_chromophore_4.log

real	20m10.730s
user	481m59.823s
sys	0m29.582s
Running time g16 < wB97XD_step_801_chromophore_4.com > wB97XD_step_801_chromophore_4.log

real	34m25.873s
user	811m53.718s
sys	0m39.810s
Running time g16 < BLYP_step_801_chromophore_4.com > BLYP_step_801_chromophore_4.log

real	13m28.978s
user	321m51.512s
sys	0m23.466s
Running time g16 < ZINDO_step_801_chromophore_4.com > ZINDO_step_801_chromophore_4.log

real	0m7.359s
user	2m41.546s
sys	0m2.843s
