cpu-bind=MASK - bp1-compute130, task 4294967295 4294967295 [0]: mask 0x1fffffe01fffffe set
Host:    bp1-compute130.data.bp.acrc.priv
Time:    Wed May  4 16:23:30 BST 2022
Dir:     /user/home/of15641/chlorophyll_parameterization/tddft_data/step_251_chromophore_20
Job ID:  1692262
Nodelist:
cat: bp1-compute130: No such file or directory
  
Result dir: /user/home/of15641/chlorophyll_parameterization/tddft_data/step_251_chromophore_20
running gaussian jobs
Running time g16 < CAMB3LYP_step_251_chromophore_20.com > CAMB3LYP_step_251_chromophore_20.log

real	43m4.650s
user	1019m19.323s
sys	2m8.550s
Running time g16 < PBE0_step_251_chromophore_20.com > PBE0_step_251_chromophore_20.log

real	32m52.712s
user	781m52.370s
sys	4m24.212s
Running time g16 < wB97XD_step_251_chromophore_20.com > wB97XD_step_251_chromophore_20.log

real	47m42.247s
user	1130m36.865s
sys	0m31.672s
Running time g16 < BLYP_step_251_chromophore_20.com > BLYP_step_251_chromophore_20.log

real	24m29.349s
user	585m10.507s
sys	0m28.055s
Running time g16 < ZINDO_step_251_chromophore_20.com > ZINDO_step_251_chromophore_20.log

real	0m8.423s
user	3m8.226s
sys	0m2.790s
