cpu-bind=MASK - bp1-compute148, task 4294967295 4294967295 [0]: mask 0xffffff00ffffff set
Host:    bp1-compute148.data.bp.acrc.priv
Time:    Thu Apr 28 12:06:21 BST 2022
Dir:     /user/home/of15641/chlorophyll_parameterization/tddft_data/step_1551_chromophore_27
Job ID:  1658417
Nodelist:
cat: bp1-compute148: No such file or directory
  
Result dir: /user/home/of15641/chlorophyll_parameterization/tddft_data/step_1551_chromophore_27
running gaussian jobs
Running time g16 < CAMB3LYP_step_1551_chromophore_27.com > CAMB3LYP_step_1551_chromophore_27.log

real	27m18.111s
user	641m44.698s
sys	1m5.545s
Running time g16 < PBE0_step_1551_chromophore_27.com > PBE0_step_1551_chromophore_27.log

real	19m1.740s
user	453m37.547s
sys	1m3.793s
Running time g16 < wB97XD_step_1551_chromophore_27.com > wB97XD_step_1551_chromophore_27.log

real	24m43.740s
user	580m32.278s
sys	0m57.557s
Running time g16 < BLYP_step_1551_chromophore_27.com > BLYP_step_1551_chromophore_27.log

real	11m41.222s
user	278m4.397s
sys	0m42.633s
Running time g16 < ZINDO_step_1551_chromophore_27.com > ZINDO_step_1551_chromophore_27.log

real	0m9.157s
user	3m22.915s
sys	0m3.050s
