cpu-bind=MASK - bp1-compute179, task 4294967295 4294967295 [0]: mask 0x3fffffc03fffffc set
Host:    bp1-compute179.data.bp.acrc.priv
Time:    Wed May  4 23:52:16 BST 2022
Dir:     /user/home/of15641/chlorophyll_parameterization/tddft_data/step_501_chromophore_6
Job ID:  1692322
Nodelist:
cat: bp1-compute179: No such file or directory
  
Result dir: /user/home/of15641/chlorophyll_parameterization/tddft_data/step_501_chromophore_6
running gaussian jobs
Running time g16 < CAMB3LYP_step_501_chromophore_6.com > CAMB3LYP_step_501_chromophore_6.log

real	29m52.981s
user	704m35.458s
sys	0m31.872s
Running time g16 < PBE0_step_501_chromophore_6.com > PBE0_step_501_chromophore_6.log

real	20m6.481s
user	479m34.516s
sys	0m58.096s
Running time g16 < wB97XD_step_501_chromophore_6.com > wB97XD_step_501_chromophore_6.log

real	43m6.312s
user	1019m44.501s
sys	1m48.351s
Running time g16 < BLYP_step_501_chromophore_6.com > BLYP_step_501_chromophore_6.log

real	15m10.010s
user	361m16.888s
sys	0m47.010s
Running time g16 < ZINDO_step_501_chromophore_6.com > ZINDO_step_501_chromophore_6.log

real	0m7.096s
user	2m35.660s
sys	0m2.511s
