cpu-bind=MASK - bp1-compute148, task 4294967295 4294967295 [0]: mask 0xffffff00ffffff set
Host:    bp1-compute148.data.bp.acrc.priv
Time:    Fri Apr 29 04:17:01 BST 2022
Dir:     /user/home/of15641/chlorophyll_parameterization/tddft_data/step_1_chromophore_15
Job ID:  1658597
Nodelist:
cat: bp1-compute148: No such file or directory
  
Result dir: /user/home/of15641/chlorophyll_parameterization/tddft_data/step_1_chromophore_15
running gaussian jobs
Running time g16 < CAMB3LYP_step_1_chromophore_15.com > CAMB3LYP_step_1_chromophore_15.log

real	23m14.967s
user	545m34.458s
sys	1m7.592s
Running time g16 < PBE0_step_1_chromophore_15.com > PBE0_step_1_chromophore_15.log

real	20m36.085s
user	491m29.243s
sys	0m50.828s
Running time g16 < wB97XD_step_1_chromophore_15.com > wB97XD_step_1_chromophore_15.log

real	24m10.201s
user	567m35.988s
sys	0m52.158s
Running time g16 < BLYP_step_1_chromophore_15.com > BLYP_step_1_chromophore_15.log

real	12m3.491s
user	286m51.324s
sys	0m40.297s
Running time g16 < ZINDO_step_1_chromophore_15.com > ZINDO_step_1_chromophore_15.log

real	0m7.283s
user	2m38.819s
sys	0m2.837s
