cpu-bind=MASK - bp1-compute160, task 4294967295 4294967295 [0]: mask 0xffffff00ffffff set
Host:    bp1-compute160.data.bp.acrc.priv
Time:    Wed May  4 17:48:00 BST 2022
Dir:     /user/home/of15641/chlorophyll_parameterization/tddft_data/step_301_chromophore_26
Job ID:  1692272
Nodelist:
cat: bp1-compute160: No such file or directory
  
Result dir: /user/home/of15641/chlorophyll_parameterization/tddft_data/step_301_chromophore_26
running gaussian jobs
Running time g16 < CAMB3LYP_step_301_chromophore_26.com > CAMB3LYP_step_301_chromophore_26.log

real	46m46.387s
user	1110m4.949s
sys	1m0.038s
Running time g16 < PBE0_step_301_chromophore_26.com > PBE0_step_301_chromophore_26.log

real	32m39.802s
user	781m31.349s
sys	0m24.887s
Running time g16 < wB97XD_step_301_chromophore_26.com > wB97XD_step_301_chromophore_26.log

real	50m44.809s
user	1205m5.077s
sys	0m45.003s
Running time g16 < BLYP_step_301_chromophore_26.com > BLYP_step_301_chromophore_26.log

real	23m59.707s
user	573m36.056s
sys	0m28.431s
Running time g16 < ZINDO_step_301_chromophore_26.com > ZINDO_step_301_chromophore_26.log

real	0m8.029s
user	2m59.861s
sys	0m2.734s
