cpu-bind=MASK - bp1-compute050, task 4294967295 4294967295 [0]: mask 0xffffffffffff set
Host:    bp1-compute050.data.bp.acrc.priv
Time:    Wed May  4 05:59:49 BST 2022
Dir:     /user/home/of15641/chlorophyll_parameterization/tddft_data/step_1451_chromophore_13
Job ID:  1692126
Nodelist:
cat: bp1-compute050: No such file or directory
  
Result dir: /user/home/of15641/chlorophyll_parameterization/tddft_data/step_1451_chromophore_13
running gaussian jobs
Running time g16 < CAMB3LYP_step_1451_chromophore_13.com > CAMB3LYP_step_1451_chromophore_13.log

real	24m58.854s
user	588m5.560s
sys	0m24.987s
Running time g16 < PBE0_step_1451_chromophore_13.com > PBE0_step_1451_chromophore_13.log

real	24m11.731s
user	578m20.227s
sys	0m26.693s
Running time g16 < wB97XD_step_1451_chromophore_13.com > wB97XD_step_1451_chromophore_13.log

real	24m6.053s
user	567m10.044s
sys	0m24.541s
Running time g16 < BLYP_step_1451_chromophore_13.com > BLYP_step_1451_chromophore_13.log

real	12m45.780s
user	304m20.125s
sys	0m25.014s
Running time g16 < ZINDO_step_1451_chromophore_13.com > ZINDO_step_1451_chromophore_13.log

real	0m7.843s
user	2m53.228s
sys	0m3.148s
