cpu-bind=MASK - bp1-compute150, task 4294967295 4294967295 [0]: mask 0x1ffffef01ffffef set
Host:    bp1-compute150.data.bp.acrc.priv
Time:    Thu Apr 28 19:33:44 BST 2022
Dir:     /user/home/of15641/chlorophyll_parameterization/tddft_data/step_1701_chromophore_7
Job ID:  1658505
Nodelist:
cat: bp1-compute150: No such file or directory
  
Result dir: /user/home/of15641/chlorophyll_parameterization/tddft_data/step_1701_chromophore_7
running gaussian jobs
Running time g16 < CAMB3LYP_step_1701_chromophore_7.com > CAMB3LYP_step_1701_chromophore_7.log

real	29m6.324s
user	685m59.810s
sys	0m29.540s
Running time g16 < PBE0_step_1701_chromophore_7.com > PBE0_step_1701_chromophore_7.log

real	25m21.318s
user	606m13.627s
sys	0m25.174s
Running time g16 < wB97XD_step_1701_chromophore_7.com > wB97XD_step_1701_chromophore_7.log

real	26m47.128s
user	630m12.801s
sys	0m29.117s
Running time g16 < BLYP_step_1701_chromophore_7.com > BLYP_step_1701_chromophore_7.log

real	12m17.664s
user	292m8.133s
sys	0m24.296s
Running time g16 < ZINDO_step_1701_chromophore_7.com > ZINDO_step_1701_chromophore_7.log

real	0m8.440s
user	3m5.840s
sys	0m2.616s
