 
        ______________________________________
       |                                      |
       |          ===================         |
       |             xTB for sTDA             |
       |          ===================         |
       |               S. Grimme              |
       |        Universitaet Bonn, MCTC       |
       |         2015-19, Version 1.0         |
       |     Wed Apr  3 09:14:55 CEST 2019    |
       |______________________________________|
 
        This code comes without any warranty
        for non-commercial, academia use only.
        Preliminary test version.
        Cite this work as:
        S. Grimme  &  C. Bannwarth, JCP 145 (2016) 054103
        if GBSA is used additionally:
        P. Shushkov, F. März, C. Bannwarth, S. Grimme, unpublished.
 
        with help from
        P. Shushkov, G. Brandenburg, S. Dohm, J. Pisarek,
        F. März, M. Checinski, S. Ehrlich, S. Spicher, 
        P. Pracht, E. Caldeweyher, S. Ehlert, and C. Bannwarth.
 
        usage        :
        xtb4stda <coord_file> [options]
        where <coord_file> is a valid file of TM)
        (*coord, Bohr) or xmol (*xyz, Angstroem)
        format.

        options:
        -chrg <int>   : molecular charge
        -uhf  <int>   : # of unpaired electrons(=2*S)
        -nox          : skip second, extended part in sTDA-xTB
        -pop          : do population analysis
                      : (default for -nox)
        -mowr <real>  : cut MO write above (def.3 Eh)
        -molden       : write formatted molden file
        -parx <file>  : read parameters for sTDA-xTB
                        calc (def:~/.param_stda2.xtb)
        -parv <file>  : read parameters for vTB part in
                        sTDA-xTB (def: ~/.param_stda1.xtb)
        -xtemp <real> : el. temp for xTB (def. 0 K)
        -etemp <real> : el. temp for GFN (def. 300 K)
        -fod          : calculate the FOD and write
                        molden.input file with
                        appropriate occupations
                        for plotting. Def. T=12500 K
 
        -acc <real>   : xTB accuracy (def. 1.0)
        -gbsa [string1] [string2]
                        use GBSA implicit solvent
                        for solvent [string1] and
                        solvation state [string2]=
                        reference, bar1M (default=1M)
        additional GFN/opt/MD/siman options read from
        $XTB4STDAHOME/.xtb4stdarc or $set in input
 
       spin and charge state information can be on:
       <.CHRG> (charge) and <.UHF> (=nalpha-nbeta)
       -uhf and -chrg override the file info.
       useful machine settings:
       setenv MKL_NUM_THREADS <NCORE_ON_YOUR_MACHINE>
       setenv OMP_STACKSIZE 500m
       limit stacksize unlimited
 
       total energies in Eh, gaps/HL energies in eV
       please read REVISION and HOWTO files carefully
 =============================
  # OMP threads =           4
 =============================
 
 xtb4stdahome directory:~/
 
 
 name of molecule           :
 comment line               :
 number of atoms            :   140
 number of electrons        :   352
 charge                     :  0
 spin                       : 0.0
 first test random number   :  0.0079
 
 -----------------------------------------
      charge density (VTB) calculation
 -----------------------------------------
 
      method parameters     
 k(s)        :  1.8000
 k(p)        :  2.8350
 k(d)        :  2.0860
 k(f)        :  2.0000
 Tscal       :  0.3300
 Gscal       :  0.3910
 fpol        :  1.0000
 Zcnf        :  0.6500
 Zqf         :  0.0000
 kcn         :  0.3000
 kEN1        : -0.5900
 wllscal     :  2.6000
 
     -------------------------
     ! NO SOLVENT MODEL USED !
     -------------------------
 
 doing EN charges ...
 sum q : -0.2886580D-14
 point charge moment (au)
     X       Y       Z   
   0.3959   0.3052   0.4550  total (Debye):    1.718
 
            Z      q(EN)   CN      Cart. coordinates
     1  MG  2.0   0.896   4.793    17.17005    88.31256    46.90111
     2  C   4.0   0.022   3.315    13.38115    88.89082    52.16777
     3  C   4.0  -0.060   3.135    22.01720    91.03377    50.16467
     4  C   4.0  -0.056   3.130    20.54510    88.26532    41.36421
     5  C   4.0  -0.052   3.162    11.58780    87.52833    43.23126
     6  N   5.0  -0.381   3.147    17.72752    89.45018    50.95835
     7  C   4.0   0.101   3.364    15.92472    89.37270    52.82162
     8  C   4.0  -0.096   4.164    17.02265    90.21363    55.27448
     9  C   4.0  -0.095   4.157    19.58323    91.50431    54.42033
    10  C   4.0   0.121   3.378    19.78732    90.66338    51.61786
    11  C   4.0  -0.238   4.069    19.59835    94.31622    54.39198
    12  C   4.0  -0.161   4.063    17.26265    88.07068    57.30216
    13  C   4.0  -0.170   4.062    16.35936    88.68862    59.95156
    14  C   4.0   0.168   3.129    15.70173    86.51354    61.64664
    15  O   6.0  -0.096   1.045    15.00253    84.43296    60.88508
    16  O   6.0  -0.126   2.059    15.95685    87.20707    64.15998
    17  N   5.0  -0.450   3.154    20.81911    89.08546    45.99215
    18  C   4.0   0.081   3.423    22.55955    90.10591    47.58330
    19  C   4.0   0.013   3.181    25.15603    90.11158    46.44946
    20  C   4.0   0.003   3.201    24.86312    89.22152    43.92101
    21  C   4.0   0.069   3.387    21.95673    88.75854    43.63566
    22  C   4.0  -0.247   4.017    27.48228    90.98086    47.91211
    23  C   4.0   0.106   3.040    26.88702    88.79822    41.92168
    24  O   6.0  -0.099   1.055    26.33522    87.85714    39.85999
    25  C   4.0  -0.249   4.034    29.59311    89.18562    42.62844
    26  N   5.0  -0.405   3.154    16.12314    87.92328    42.95725
    27  C   4.0   0.094   3.461    17.91838    87.97241    41.14311
    28  C   4.0  -0.096   4.200    16.66171    88.10469    38.47860
    29  C   4.0  -0.095   4.181    14.02933    87.10881    39.06630
    30  C   4.0   0.109   3.464    13.88571    87.61714    41.84042
    31  C   4.0  -0.237   4.033    16.99620    90.75031    37.28429
    32  C   4.0  -0.162   4.052    13.76665    84.30256    38.32931
    33  C   4.0  -0.239   4.006    11.43662    83.53345    36.68903
    34  N   5.0  -0.477   3.331    13.24887    88.29933    47.51149
    35  C   4.0   0.094   3.530    11.38560    87.94407    45.83908
    36  C   4.0   0.017   3.375     9.08769    88.20296    47.19969
    37  C   4.0   0.004   3.519     9.75288    88.48075    49.73381
    38  C   4.0   0.103   3.812    12.37582    88.51854    49.77538
    39  C   4.0  -0.248   4.044     6.52522    88.31445    46.22081
    40  C   4.0   0.111   3.251     8.80801    88.71885    52.32651
    41  O   6.0  -0.097   1.051     6.69719    88.62437    53.26004
    42  C   4.0  -0.120   4.280    11.12482    88.97775    53.93467
    43  C   4.0   0.179   3.168    10.95663    86.81212    55.76581
    44  O   6.0  -0.109   1.044    11.74276    84.71263    55.41621
    45  O   6.0  -0.102   2.027     9.67540    87.80234    57.87286
    46  C   4.0  -0.201   4.014     8.66628    85.85025    59.64920
    47  C   4.0  -0.126   4.114    15.62236    85.21719    65.87396
    48  C   4.0  -0.054   3.138    16.10424    86.02788    68.52146
    49  C   4.0   0.021   3.114    14.37704    86.31323    70.34316
    50  C   4.0  -0.247   4.027    11.66717    85.18885    70.43009
    51  C   4.0  -0.182   4.142    15.23497    87.76076    72.52957
    52  C   4.0  -0.166   4.096    16.38203    86.16205    74.45898
    53  C   4.0  -0.165   4.080    19.21473    86.50598    74.84638
    54  C   4.0  -0.087   4.024    19.78921    87.45085    77.56380
    55  C   4.0  -0.238   4.036    19.88370    90.36103    77.54490
    56  C   4.0  -0.163   4.044    22.36869    86.16016    78.69953
    57  C   4.0  -0.164   4.059    22.01909    83.90950    80.51366
    58  C   4.0  -0.165   4.091    24.43038    82.51488    80.91240
    59  C   4.0  -0.090   4.076    24.55699    81.39239    83.56746
    60  C   4.0  -0.239   4.046    25.63224    78.72976    83.69596
    61  C   4.0  -0.163   4.065    25.63602    83.15739    85.58191
    62  C   4.0  -0.163   4.039    23.52709    84.73909    86.97842
    63  C   4.0  -0.165   4.081    23.73307    87.62659    86.36426
    64  C   4.0  -0.088   4.038    21.37280    89.08357    87.34313
    65  C   4.0  -0.241   4.073    20.41471    90.70874    85.30412
    66  C   4.0  -0.239   4.041    21.82822    90.49709    89.83568
    67  H   1.0   0.070   1.005    23.42693    91.99564    51.32496
    68  H   1.0   0.070   1.005    21.82633    88.13871    39.75039
    69  H   1.0   0.070   1.004     9.82846    87.38849    42.15979
    70  H   1.0   0.085   1.010    15.85102    91.77076    55.94345
    71  H   1.0   0.084   1.007    21.09312    90.79944    55.63164
    72  H   1.0   0.080   0.999    20.79832    95.10046    55.87164
    73  H   1.0   0.080   0.998    17.81445    95.34801    54.40143
    74  H   1.0   0.082   1.002    20.53376    94.99085    52.68556
    75  H   1.0   0.083   1.007    19.29221    87.80801    57.53649
    76  H   1.0   0.083   1.005    16.30833    86.36426    56.65209
    77  H   1.0   0.082   1.004    14.81356    90.02276    60.22746
    78  H   1.0   0.083   1.011    17.98641    89.42561    60.97768
    79  H   1.0   0.080   0.997    27.37079    91.42872    49.91900
    80  H   1.0   0.080   0.997    28.51030    92.57012    47.09764
    81  H   1.0   0.081   1.003    28.64825    89.28388    47.85353
    82  H   1.0   0.080   1.000    30.05231    87.89115    44.16479
    83  H   1.0   0.081   1.000    29.82743    91.09613    43.35976
    84  H   1.0   0.080   0.999    30.80253    89.16861    40.96170
    85  H   1.0   0.085   1.010    17.77665    86.94629    37.19170
    86  H   1.0   0.085   1.013    12.67439    88.50154    38.38033
    87  H   1.0   0.081   0.999    18.45317    90.56323    35.84243
    88  H   1.0   0.081   0.999    17.78799    92.05800    38.66379
    89  H   1.0   0.080   0.998    15.33135    91.37770    36.24494
    90  H   1.0   0.082   1.007    13.37170    83.17251    40.00550
    91  H   1.0   0.082   1.006    15.25765    83.62982    37.07831
    92  H   1.0   0.080   0.998    10.34058    82.07647    37.64334
    93  H   1.0   0.080   0.998    12.09614    82.87393    34.85222
    94  H   1.0   0.080   1.000    10.42940    85.28900    36.30730
    95  H   1.0   0.081   1.002     5.31769    89.04389    47.72125
    96  H   1.0   0.080   0.999     5.92996    86.64393    45.17390
    97  H   1.0   0.080   1.001     6.44019    89.74309    44.73737
    98  H   1.0   0.087   1.011    10.87348    90.70874    55.02126
    99  H   1.0   0.080   0.996     9.89083    85.56301    61.28003
   100  H   1.0   0.081   0.997     8.64550    84.02855    58.68922
   101  H   1.0   0.080   0.995     6.64806    86.14127    59.94022
   102  H   1.0   0.083   1.004    17.08501    83.84147    65.41853
   103  H   1.0   0.083   1.002    13.74020    84.43862    65.56593
   104  H   1.0   0.071   1.006    18.00531    86.67984    68.97500
   105  H   1.0   0.080   0.999    11.48953    84.03044    72.12328
   106  H   1.0   0.080   0.997    11.06057    84.17217    68.74445
   107  H   1.0   0.080   0.998    10.31790    86.73464    70.62473
   108  H   1.0   0.083   1.005    13.76665    88.90216    73.41585
   109  H   1.0   0.083   1.007    16.48786    89.24798    71.84927
   110  H   1.0   0.084   1.008    16.02866    84.21186    73.90151
   111  H   1.0   0.083   1.005    15.30867    86.29434    76.21076
   112  H   1.0   0.083   1.003    19.98574    87.63982    73.31003
   113  H   1.0   0.083   1.004    20.37314    84.81090    74.68197
   114  H   1.0   0.083   1.008    18.19239    86.91795    78.75244
   115  H   1.0   0.080   0.998    18.26420    91.13959    78.55024
   116  H   1.0   0.080   0.998    20.08401    91.20573    75.67597
   117  H   1.0   0.080   0.998    21.46540    91.12448    78.62205
   118  H   1.0   0.082   1.002    23.52142    87.54911    79.69163
   119  H   1.0   0.082   1.003    23.43449    85.64994    77.01389
   120  H   1.0   0.083   1.005    20.64148    82.65850    79.63305
   121  H   1.0   0.083   1.005    21.26509    84.62382    82.29379
   122  H   1.0   0.082   1.003    26.14058    83.60148    80.53823
   123  H   1.0   0.083   1.009    24.26786    80.89917    79.64628
   124  H   1.0   0.085   1.017    22.58600    80.97665    83.98887
   125  H   1.0   0.081   0.998    26.29176    77.96820    81.90072
   126  H   1.0   0.080   0.998    24.24896    77.45987    84.54445
   127  H   1.0   0.080   0.998    27.39725    78.58425    84.74854
   128  H   1.0   0.082   1.002    27.06088    84.45374    84.84681
   129  H   1.0   0.083   1.007    26.36357    81.84025    86.98786
   130  H   1.0   0.082   1.002    23.83700    84.27611    88.96074
   131  H   1.0   0.082   1.004    21.55610    84.34225    86.52677
   132  H   1.0   0.083   1.003    24.13369    87.72108    84.34792
   133  H   1.0   0.083   1.005    25.28642    88.36359    87.49998
   134  H   1.0   0.083   1.013    19.89503    87.66250    87.54722
   135  H   1.0   0.082   1.003    19.99141    89.39916    83.77155
   136  H   1.0   0.081   0.999    21.76775    92.13926    84.70319
   137  H   1.0   0.081   0.999    18.68183    91.66872    85.86726
   138  H   1.0   0.080   0.999    20.62447    89.63915    91.26998
   139  H   1.0   0.080   0.998    20.92871    92.34902    89.90182
   140  H   1.0   0.080   0.996    23.70850    90.93928    90.55000
 
  Z AO/shell   Hii/eV     exponent
  1     Sat Feb 20 21:38:01 CET 2016    EN: 2.327 GAM: 0.473  GM3: 0.0000
     1s    -13.751157    1.051071
  6     Sat Feb 20 21:38:01 CET 2016    EN: 2.731 GAM: 0.422  GM3: 0.0000
     2s    -19.378245    2.021003
     2p    -11.993376    1.497917
  7     Sat Feb 20 21:38:01 CET 2016    EN: 3.573 GAM: 0.504  GM3: 0.0000
     2s    -21.576984    2.275442
     2p    -16.125120    2.056788
  8     Sat Feb 20 21:38:01 CET 2016    EN: 3.700 GAM: 0.587  GM3: 0.0000
     2s    -21.648843    2.110798
     2p    -17.239740    2.329048
 12     Sat Feb 20 23:25:47 CET 2016    EN: 0.033 GAM: 0.222  GM3: 0.0000
     3s    -12.693633    1.302878
     3p     -8.128821    0.504252
 
 dipole moment of classical point charges (au)
     X       Y       Z   
   0.3959   0.3052   0.4550  total (Debye):    1.718

 
 Nbf   :          338
 T(el) :   300.0
 calculating S/T integrals ...
 cpu time for ints   0.185359000000000     
 Nao   :          338
 making H0...
 making H1...
 cpu time for H      8.987999999999996E-003
 solving ...
 cpu time for diag   6.990900000000000E-002
 
 gap (eV)           :   1.394
 Koopmans IP (eV)   :  11.988
 Eel (Eh)           :  -268.685644
 T,E(Fermi),NFOD :    300.000   -11.291  0.000000
 T,E(Fermi),NFOD :    300.000   -11.291  0.000000
 Nfod               :  0.0000
 Nfod/Nel           :  0.0000

          eigenvalues
 #    :         164        165        166        167        168        169        170        171
 occ. :        2.000      2.000      2.000      2.000      2.000      2.000      2.000      2.000
 eps  :       -16.127    -16.057    -16.010    -15.784    -15.732    -15.492    -15.328    -14.979
 #    :         172        173        174        175        176        177        178        179
 occ. :        2.000      2.000      2.000      2.000      2.000      0.000      0.000      0.000
 eps  :       -14.880    -14.869    -14.633    -13.094    -11.989    -10.595     -9.793     -8.646
 #    :         180        181        182        183        184        185        186        187
 occ. :        0.000      0.000      0.000      0.000      0.000      0.000      0.000      0.000
 eps  :        -8.444     -8.059     -7.947     -7.916     -7.708     -6.879     -6.789     -6.643
                            1  SCC done.
 making H1...
 cpu time for H      8.645599999999998E-002
 solving ...
 cpu time for diag   4.026299999999999E-002
 
 gap (eV)           :   1.607
 Koopmans IP (eV)   :  11.859
 Eel (Eh)           :  -265.811072
 T,E(Fermi),NFOD :    300.000   -11.056  0.000000
 T,E(Fermi),NFOD :    300.000   -11.056  0.000000
 Nfod               :  0.0000
 Nfod/Nel           :  0.0000

          eigenvalues
 #    :         164        165        166        167        168        169        170        171
 occ. :        2.000      2.000      2.000      2.000      2.000      2.000      2.000      2.000
 eps  :       -15.123    -15.092    -15.074    -14.720    -14.656    -14.504    -14.330    -14.295
 #    :         172        173        174        175        176        177        178        179
 occ. :        2.000      2.000      2.000      2.000      2.000      0.000      0.000      0.000
 eps  :       -14.201    -13.960    -13.846    -12.588    -11.860    -10.253     -9.274     -8.412
 #    :         180        181        182        183        184        185        186        187
 occ. :        0.000      0.000      0.000      0.000      0.000      0.000      0.000      0.000
 eps  :        -8.270     -8.023     -7.892     -7.738     -7.535     -6.838     -6.636     -6.376
                            2  SCC done.
 
 
 Mulliken/CM5 charges    n(s)   n(p)   n(d)   
    1 MG  0.3325  0.7841   0.652  1.015  0.000
    2 C   0.0070  0.0118   1.171  2.822  0.000
    3 C  -0.0604 -0.1036   1.135  2.926  0.000
    4 C  -0.0246 -0.0666   1.132  2.892  0.000
    5 C  -0.0373 -0.0783   1.134  2.904  0.000
    6 N  -0.1765 -0.4319   1.392  3.784  0.000
    7 C   0.0356  0.0961   1.224  2.741  0.000
    8 C  -0.0229 -0.0768   1.198  2.825  0.000
    9 C  -0.0146 -0.0724   1.194  2.820  0.000
   10 C   0.0425  0.1093   1.223  2.735  0.000
   11 C  -0.0970 -0.2453   1.098  2.999  0.000
   12 C  -0.0343 -0.1392   1.150  2.885  0.000
   13 C  -0.0522 -0.1528   1.135  2.917  0.000
   14 C   0.2186  0.2633   1.190  2.591  0.000
   15 O  -0.2787 -0.3306   1.627  4.652  0.000
   16 O  -0.1579 -0.2448   1.477  4.681  0.000
   17 N  -0.2013 -0.4912   1.383  3.818  0.000
   18 C   0.0196  0.0831   1.212  2.768  0.000
   19 C  -0.0380 -0.0435   1.230  2.808  0.000
   20 C  -0.0623 -0.0583   1.231  2.831  0.000
   21 C   0.0129  0.0706   1.239  2.748  0.000
   22 C  -0.0740 -0.2192   1.078  2.996  0.000
   23 C   0.1463  0.1688   1.206  2.647  0.000
   24 O  -0.2454 -0.2947   1.625  4.621  0.000
   25 C  -0.0808 -0.2231   1.090  2.991  0.000
   26 N  -0.1670 -0.4376   1.410  3.757  0.000
   27 C   0.0298  0.0905   1.233  2.738  0.000
   28 C  -0.0257 -0.0838   1.196  2.830  0.000
   29 C  -0.0107 -0.0654   1.186  2.825  0.000
   30 C   0.0468  0.1103   1.222  2.732  0.000
   31 C  -0.0912 -0.2399   1.107  2.984  0.000
   32 C  -0.0504 -0.1593   1.150  2.901  0.000
   33 C  -0.1043 -0.2577   1.103  3.002  0.000
   34 N  -0.2209 -0.5215   1.356  3.865  0.000
   35 C   0.0434  0.1111   1.171  2.786  0.000
   36 C  -0.0025 -0.0065   1.194  2.809  0.000
   37 C  -0.0773 -0.0687   1.182  2.895  0.000
   38 C   0.0531  0.1332   1.162  2.785  0.000
   39 C  -0.0712 -0.2148   1.073  2.999  0.000
   40 C   0.1517  0.1838   1.192  2.656  0.000
   41 O  -0.2465 -0.2908   1.632  4.614  0.000
   42 C  -0.0322 -0.0739   1.183  2.850  0.000
   43 C   0.2378  0.2916   1.179  2.583  0.000
   44 O  -0.2317 -0.2816   1.624  4.608  0.000
   45 O  -0.1742 -0.2532   1.510  4.665  0.000
   46 C  -0.0033 -0.1280   1.099  2.904  0.000
   47 C   0.0501 -0.0257   1.115  2.835  0.000
   48 C  -0.0713 -0.1281   1.157  2.914  0.000
   49 C  -0.0113 -0.0361   1.211  2.801  0.000
   50 C  -0.0904 -0.2359   1.086  3.004  0.000
   51 C  -0.0480 -0.1567   1.117  2.931  0.000
   52 C  -0.0576 -0.1699   1.140  2.918  0.000
   53 C  -0.0743 -0.1851   1.156  2.919  0.000
   54 C  -0.0342 -0.1065   1.223  2.811  0.000
   55 C  -0.1104 -0.2604   1.104  3.007  0.000
   56 C  -0.0829 -0.1937   1.171  2.912  0.000
   57 C  -0.0499 -0.1637   1.140  2.910  0.000
   58 C  -0.0548 -0.1664   1.142  2.913  0.000
   59 C  -0.0302 -0.1055   1.193  2.837  0.000
   60 C  -0.1049 -0.2570   1.103  3.002  0.000
   61 C  -0.0605 -0.1702   1.158  2.902  0.000
   62 C  -0.0783 -0.1915   1.163  2.915  0.000
   63 C  -0.0785 -0.1899   1.161  2.918  0.000
   64 C  -0.0033 -0.0801   1.183  2.821  0.000
   65 C  -0.0921 -0.2440   1.096  2.996  0.000
   66 C  -0.1150 -0.2650   1.100  3.015  0.000
   67 H   0.0568  0.1152   0.943  0.000  0.000
   68 H   0.0685  0.1312   0.932  0.000  0.000
   69 H   0.0548  0.1129   0.945  0.000  0.000
   70 H   0.0434  0.1068   0.957  0.000  0.000
   71 H   0.0495  0.1098   0.951  0.000  0.000
   72 H   0.0282  0.0800   0.972  0.000  0.000
   73 H   0.0371  0.0892   0.963  0.000  0.000
   74 H   0.0385  0.0938   0.962  0.000  0.000
   75 H   0.0419  0.1008   0.958  0.000  0.000
   76 H   0.0542  0.1185   0.946  0.000  0.000
   77 H   0.0528  0.1129   0.947  0.000  0.000
   78 H   0.0375  0.1016   0.962  0.000  0.000
   79 H   0.0517  0.1034   0.948  0.000  0.000
   80 H   0.0506  0.1023   0.949  0.000  0.000
   81 H   0.0479  0.1021   0.952  0.000  0.000
   82 H   0.0591  0.1132   0.941  0.000  0.000
   83 H   0.0419  0.0963   0.958  0.000  0.000
   84 H   0.0520  0.1070   0.948  0.000  0.000
   85 H   0.0454  0.1070   0.955  0.000  0.000
   86 H   0.0567  0.1198   0.943  0.000  0.000
   87 H   0.0347  0.0869   0.965  0.000  0.000
   88 H   0.0415  0.0956   0.959  0.000  0.000
   89 H   0.0374  0.0892   0.963  0.000  0.000
   90 H   0.0463  0.1046   0.954  0.000  0.000
   91 H   0.0482  0.1052   0.952  0.000  0.000
   92 H   0.0405  0.0917   0.960  0.000  0.000
   93 H   0.0302  0.0815   0.970  0.000  0.000
   94 H   0.0237  0.0765   0.976  0.000  0.000
   95 H   0.0526  0.1075   0.947  0.000  0.000
   96 H   0.0523  0.1046   0.948  0.000  0.000
   97 H   0.0394  0.0926   0.961  0.000  0.000
   98 H   0.0610  0.1314   0.939  0.000  0.000
   99 H   0.0607  0.1205   0.939  0.000  0.000
  100 H   0.0461  0.1102   0.954  0.000  0.000
  101 H   0.0576  0.1154   0.942  0.000  0.000
  102 H   0.0446  0.1137   0.955  0.000  0.000
  103 H   0.0482  0.1173   0.952  0.000  0.000
  104 H   0.0377  0.0971   0.962  0.000  0.000
  105 H   0.0437  0.0962   0.956  0.000  0.000
  106 H   0.0445  0.0964   0.955  0.000  0.000
  107 H   0.0366  0.0887   0.963  0.000  0.000
  108 H   0.0379  0.0946   0.962  0.000  0.000
  109 H   0.0408  0.0996   0.959  0.000  0.000
  110 H   0.0287  0.0877   0.971  0.000  0.000
  111 H   0.0347  0.0915   0.965  0.000  0.000
  112 H   0.0353  0.0921   0.965  0.000  0.000
  113 H   0.0357  0.0926   0.964  0.000  0.000
  114 H   0.0353  0.0953   0.965  0.000  0.000
  115 H   0.0325  0.0843   0.967  0.000  0.000
  116 H   0.0346  0.0868   0.965  0.000  0.000
  117 H   0.0266  0.0786   0.973  0.000  0.000
  118 H   0.0285  0.0846   0.972  0.000  0.000
  119 H   0.0262  0.0830   0.974  0.000  0.000
  120 H   0.0291  0.0858   0.971  0.000  0.000
  121 H   0.0342  0.0926   0.966  0.000  0.000
  122 H   0.0308  0.0876   0.969  0.000  0.000
  123 H   0.0332  0.0915   0.967  0.000  0.000
  124 H   0.0299  0.0934   0.970  0.000  0.000
  125 H   0.0318  0.0838   0.968  0.000  0.000
  126 H   0.0383  0.0900   0.962  0.000  0.000
  127 H   0.0268  0.0789   0.973  0.000  0.000
  128 H   0.0388  0.0952   0.961  0.000  0.000
  129 H   0.0423  0.1000   0.958  0.000  0.000
  130 H   0.0294  0.0846   0.971  0.000  0.000
  131 H   0.0340  0.0909   0.966  0.000  0.000
  132 H   0.0429  0.1004   0.957  0.000  0.000
  133 H   0.0230  0.0804   0.977  0.000  0.000
  134 H   0.0374  0.0984   0.963  0.000  0.000
  135 H   0.0376  0.0921   0.962  0.000  0.000
  136 H   0.0230  0.0758   0.977  0.000  0.000
  137 H   0.0321  0.0845   0.968  0.000  0.000
  138 H   0.0319  0.0838   0.968  0.000  0.000
  139 H   0.0278  0.0799   0.972  0.000  0.000
  140 H   0.0412  0.0922   0.959  0.000  0.000
 Hirshfeld charges for QMDFF written to <charges>
 
 Loewdin charges    n(s)   n(p)   n(d)
    1 MG  0.1719   0.664  1.164  0.000
    2 C   0.0088   1.130  2.861  0.000
    3 C  -0.0582   1.084  2.974  0.000
    4 C  -0.0210   1.079  2.942  0.000
    5 C  -0.0347   1.082  2.953  0.000
    6 N  -0.1417   1.348  3.794  0.000
    7 C   0.0363   1.187  2.776  0.000
    8 C  -0.0170   1.151  2.866  0.000
    9 C  -0.0058   1.146  2.860  0.000
   10 C   0.0459   1.186  2.768  0.000
   11 C  -0.1010   1.026  3.075  0.000
   12 C  -0.0285   1.090  2.939  0.000
   13 C  -0.0527   1.076  2.977  0.000
   14 C   0.2000   1.163  2.637  0.000
   15 O  -0.2667   1.599  4.668  0.000
   16 O  -0.1224   1.440  4.682  0.000
   17 N  -0.1641   1.338  3.826  0.000
   18 C   0.0218   1.176  2.802  0.000
   19 C  -0.0280   1.190  2.838  0.000
   20 C  -0.0701   1.198  2.873  0.000
   21 C   0.0173   1.203  2.780  0.000
   22 C  -0.0756   1.004  3.071  0.000
   23 C   0.1450   1.170  2.685  0.000
   24 O  -0.2309   1.595  4.636  0.000
   25 C  -0.0863   1.017  3.070  0.000
   26 N  -0.1297   1.364  3.766  0.000
   27 C   0.0342   1.196  2.770  0.000
   28 C  -0.0182   1.149  2.870  0.000
   29 C  -0.0033   1.137  2.866  0.000
   30 C   0.0487   1.185  2.766  0.000
   31 C  -0.0933   1.035  3.058  0.000
   32 C  -0.0450   1.091  2.954  0.000
   33 C  -0.1065   1.031  3.075  0.000
   34 N  -0.1850   1.310  3.875  0.000
   35 C   0.0422   1.132  2.826  0.000
   36 C   0.0060   1.151  2.843  0.000
   37 C  -0.0862   1.145  2.942  0.000
   38 C   0.0553   1.121  2.823  0.000
   39 C  -0.0721   0.997  3.075  0.000
   40 C   0.1479   1.158  2.694  0.000
   41 O  -0.2320   1.603  4.629  0.000
   42 C  -0.0328   1.134  2.899  0.000
   43 C   0.2147   1.154  2.631  0.000
   44 O  -0.2157   1.591  4.624  0.000
   45 O  -0.1441   1.479  4.665  0.000
   46 C  -0.0089   1.029  2.979  0.000
   47 C   0.0447   1.057  2.898  0.000
   48 C  -0.0713   1.108  2.963  0.000
   49 C   0.0005   1.168  2.832  0.000
   50 C  -0.0932   1.013  3.080  0.000
   51 C  -0.0461   1.055  2.991  0.000
   52 C  -0.0544   1.080  2.974  0.000
   53 C  -0.0730   1.098  2.975  0.000
   54 C  -0.0245   1.177  2.847  0.000
   55 C  -0.1153   1.033  3.082  0.000
   56 C  -0.0814   1.115  2.966  0.000
   57 C  -0.0454   1.080  2.965  0.000
   58 C  -0.0519   1.083  2.969  0.000
   59 C  -0.0215   1.145  2.877  0.000
   60 C  -0.1090   1.032  3.077  0.000
   61 C  -0.0568   1.101  2.956  0.000
   62 C  -0.0751   1.107  2.968  0.000
   63 C  -0.0768   1.104  2.972  0.000
   64 C   0.0091   1.132  2.859  0.000
   65 C  -0.0959   1.024  3.072  0.000
   66 C  -0.1207   1.030  3.091  0.000
   67 H   0.0521   0.948  0.000  0.000
   68 H   0.0606   0.939  0.000  0.000
   69 H   0.0491   0.951  0.000  0.000
   70 H   0.0380   0.962  0.000  0.000
   71 H   0.0439   0.956  0.000  0.000
   72 H   0.0286   0.971  0.000  0.000
   73 H   0.0373   0.963  0.000  0.000
   74 H   0.0396   0.960  0.000  0.000
   75 H   0.0391   0.961  0.000  0.000
   76 H   0.0482   0.952  0.000  0.000
   77 H   0.0489   0.951  0.000  0.000
   78 H   0.0346   0.965  0.000  0.000
   79 H   0.0509   0.949  0.000  0.000
   80 H   0.0496   0.950  0.000  0.000
   81 H   0.0474   0.953  0.000  0.000
   82 H   0.0580   0.942  0.000  0.000
   83 H   0.0425   0.957  0.000  0.000
   84 H   0.0495   0.950  0.000  0.000
   85 H   0.0403   0.960  0.000  0.000
   86 H   0.0505   0.949  0.000  0.000
   87 H   0.0348   0.965  0.000  0.000
   88 H   0.0414   0.959  0.000  0.000
   89 H   0.0374   0.963  0.000  0.000
   90 H   0.0432   0.957  0.000  0.000
   91 H   0.0452   0.955  0.000  0.000
   92 H   0.0399   0.960  0.000  0.000
   93 H   0.0308   0.969  0.000  0.000
   94 H   0.0250   0.975  0.000  0.000
   95 H   0.0499   0.950  0.000  0.000
   96 H   0.0510   0.949  0.000  0.000
   97 H   0.0397   0.960  0.000  0.000
   98 H   0.0527   0.947  0.000  0.000
   99 H   0.0563   0.944  0.000  0.000
  100 H   0.0427   0.957  0.000  0.000
  101 H   0.0539   0.946  0.000  0.000
  102 H   0.0379   0.962  0.000  0.000
  103 H   0.0416   0.958  0.000  0.000
  104 H   0.0317   0.968  0.000  0.000
  105 H   0.0429   0.957  0.000  0.000
  106 H   0.0439   0.956  0.000  0.000
  107 H   0.0365   0.963  0.000  0.000
  108 H   0.0354   0.965  0.000  0.000
  109 H   0.0388   0.961  0.000  0.000
  110 H   0.0269   0.973  0.000  0.000
  111 H   0.0332   0.967  0.000  0.000
  112 H   0.0343   0.966  0.000  0.000
  113 H   0.0339   0.966  0.000  0.000
  114 H   0.0307   0.969  0.000  0.000
  115 H   0.0328   0.967  0.000  0.000
  116 H   0.0350   0.965  0.000  0.000
  117 H   0.0283   0.972  0.000  0.000
  118 H   0.0269   0.973  0.000  0.000
  119 H   0.0249   0.975  0.000  0.000
  120 H   0.0265   0.974  0.000  0.000
  121 H   0.0322   0.968  0.000  0.000
  122 H   0.0284   0.972  0.000  0.000
  123 H   0.0309   0.969  0.000  0.000
  124 H   0.0264   0.974  0.000  0.000
  125 H   0.0330   0.967  0.000  0.000
  126 H   0.0378   0.962  0.000  0.000
  127 H   0.0284   0.972  0.000  0.000
  128 H   0.0360   0.964  0.000  0.000
  129 H   0.0396   0.960  0.000  0.000
  130 H   0.0270   0.973  0.000  0.000
  131 H   0.0333   0.967  0.000  0.000
  132 H   0.0408   0.959  0.000  0.000
  133 H   0.0211   0.979  0.000  0.000
  134 H   0.0330   0.967  0.000  0.000
  135 H   0.0378   0.962  0.000  0.000
  136 H   0.0232   0.977  0.000  0.000
  137 H   0.0322   0.968  0.000  0.000
  138 H   0.0325   0.968  0.000  0.000
  139 H   0.0300   0.970  0.000  0.000
  140 H   0.0413   0.959  0.000  0.000
 
 Wiberg/Mayer (AO) data. WBOs > 0.1 written file <wbo>
 largest (>0.05) Wiberg bond orders for each atom
           total WBO             WBO to atom ...
     1  MG  2.505    N   17 0.534    N   34 0.496    N   26 0.375    N    6 0.356    C   18 0.058    C   21 0.055    C   38 0.052
     2  C   3.904    C    7 1.408    C   38 1.219    C   42 0.947
     3  C   3.913    C   10 1.402    C   18 1.225    H   67 0.942
     4  C   3.913    C   27 1.403    C   21 1.307    H   68 0.932
     5  C   3.885    C   30 1.395    C   35 1.281    H   69 0.941
     6  N   3.269    C   10 1.324    C    7 1.193    MG   1 0.356
     7  C   3.861    C    2 1.408    N    6 1.193    C    8 0.961
     8  C   3.934    C    7 0.961    C    9 0.941    C   12 0.940    H   70 0.934
     9  C   3.939    C   11 0.993    H   71 0.942    C    8 0.941    C   10 0.908
    10  C   3.867    C    3 1.402    N    6 1.324    C    9 0.908
    11  C   3.971    C    9 0.993    H   72 0.976    H   73 0.971    H   74 0.966
    12  C   3.950    C   13 0.988    H   75 0.964    H   76 0.957    C    8 0.940
    13  C   3.966    C   12 0.988    H   78 0.956    C   14 0.954    H   77 0.936    O   15 0.076
    14  C   3.888    O   15 1.824    O   16 1.054    C   13 0.954
    15  O   2.120    C   14 1.824    O   16 0.158    C   13 0.076
    16  O   2.274    C   14 1.054    C   47 0.959    O   15 0.158
    17  N   3.353    C   18 1.208    C   21 1.174    MG   1 0.534    C   20 0.062
    18  C   3.858    C    3 1.225    N   17 1.208    C   19 1.140    MG   1 0.058
    19  C   3.862    C   20 1.473    C   18 1.140    C   22 0.985    O   24 0.067
    20  C   3.858    C   19 1.473    C   21 1.041    C   23 1.003    O   24 0.079    N   17 0.062
    21  C   3.835    C    4 1.307    N   17 1.174    C   20 1.041    N   26 0.059    MG   1 0.055
    22  C   3.976    C   19 0.985    H   79 0.975    H   80 0.966    H   81 0.963
    23  C   3.887    O   24 1.817    C   20 1.003    C   25 0.973
    24  O   2.147    C   23 1.817    C   20 0.079    C   25 0.068    C   19 0.067
    25  C   3.981    C   23 0.973    H   84 0.970    H   83 0.963    H   82 0.952    O   24 0.068
    26  N   3.338    C   30 1.258    C   27 1.257    MG   1 0.375    C   21 0.059
    27  C   3.852    C    4 1.403    N   26 1.257    C   28 0.913
    28  C   3.938    C   29 0.966    C   31 0.965    H   85 0.946    C   27 0.913
    29  C   3.940    C   28 0.966    C   32 0.947    C   30 0.946    H   86 0.929
    30  C   3.843    C    5 1.395    N   26 1.258    C   29 0.946
    31  C   3.970    H   87 0.983    H   89 0.976    H   88 0.975    C   28 0.965
    32  C   3.950    C   33 1.000    H   90 0.965    H   91 0.964    C   29 0.947
    33  C   3.981    C   32 1.000    H   93 0.986    H   92 0.983    H   94 0.983
    34  N   3.322    C   38 1.241    C   35 1.149    MG   1 0.496    C   37 0.063
    35  C   3.878    C    5 1.281    C   36 1.195    N   34 1.149
    36  C   3.868    C   37 1.365    C   35 1.195    C   39 1.018    O   41 0.051
    37  C   3.907    C   36 1.365    C   38 1.164    C   40 1.036    O   41 0.076    N   34 0.063
    38  C   3.909    N   34 1.241    C    2 1.219    C   37 1.164    MG   1 0.052
    39  C   3.979    C   36 1.018    H   95 0.974    H   97 0.960    H   96 0.959
    40  C   3.898    O   41 1.806    C   37 1.036    C   42 0.899
    41  O   2.140    C   40 1.806    C   37 0.076    C   42 0.073    C   36 0.051
    42  C   3.950    C    2 0.947    H   98 0.921    C   43 0.902    C   40 0.899    O   44 0.074    O   41 0.073
    43  C   3.890    O   44 1.872    O   45 1.036    C   42 0.902
    44  O   2.190    C   43 1.872    O   45 0.164    C   42 0.074
    45  O   2.250    C   43 1.036    C   46 0.969    O   44 0.164
    46  C   3.938    H  101 0.985    H  100 0.983    H   99 0.982    O   45 0.969
    47  C   3.945    C   48 1.000    H  103 0.961    H  102 0.960    O   16 0.959
    48  C   3.959    C   49 1.887    C   47 1.000    H  104 0.935
    49  C   3.935    C   48 1.887    C   51 0.990    C   50 0.964
    50  C   3.986    H  106 0.978    H  107 0.975    H  105 0.975    C   49 0.964
    51  C   3.975    C   49 0.990    C   52 0.985    H  108 0.953    H  109 0.948
    52  C   3.965    C   51 0.985    C   53 0.978    H  110 0.959    H  111 0.958
    53  C   3.959    C   52 0.978    C   54 0.975    H  113 0.960    H  112 0.957
    54  C   3.927    C   55 0.990    C   53 0.975    H  114 0.954    C   56 0.935
    55  C   3.976    C   54 0.990    H  115 0.978    H  116 0.976    H  117 0.976
    56  C   3.950    C   57 0.986    H  119 0.969    H  118 0.966    C   54 0.935
    57  C   3.971    C   58 0.994    C   56 0.986    H  120 0.971    H  121 0.963
    58  C   3.970    C   57 0.994    C   59 0.969    H  123 0.964    H  122 0.961
    59  C   3.941    C   60 0.981    C   61 0.977    C   58 0.969    H  124 0.952
    60  C   3.974    H  126 0.981    C   59 0.981    H  127 0.975    H  125 0.974
    61  C   3.964    C   59 0.977    C   62 0.972    H  128 0.963    H  129 0.963
    62  C   3.961    C   63 0.986    C   61 0.972    H  130 0.972    H  131 0.962
    63  C   3.964    C   62 0.986    H  133 0.971    C   64 0.963    H  132 0.960
    64  C   3.949    C   65 1.011    C   66 0.979    C   63 0.963    H  134 0.949
    65  C   3.986    C   64 1.011    H  136 0.979    H  137 0.972    H  135 0.971
    66  C   3.969    H  138 0.980    C   64 0.979    H  139 0.976    H  140 0.974
    67  H   0.994    C    3 0.942
    68  H   0.992    C    4 0.932
    69  H   0.994    C    5 0.941
    70  H   0.996    C    8 0.934
    71  H   0.996    C    9 0.942
    72  H   0.997    C   11 0.976
    73  H   0.996    C   11 0.971
    74  H   0.997    C   11 0.966
    75  H   0.996    C   12 0.964
    76  H   0.996    C   12 0.957
    77  H   0.997    C   13 0.936
    78  H   0.998    C   13 0.956
    79  H   0.995    C   22 0.975
    80  H   0.993    C   22 0.966
    81  H   0.994    C   22 0.963
    82  H   0.996    C   25 0.952
    83  H   0.998    C   25 0.963
    84  H   0.995    C   25 0.970
    85  H   0.996    C   28 0.946
    86  H   0.995    C   29 0.929
    87  H   0.998    C   31 0.983
    88  H   0.997    C   31 0.975
    89  H   0.996    C   31 0.976
    90  H   0.997    C   32 0.965
    91  H   0.995    C   32 0.964
    92  H   0.997    C   33 0.983
    93  H   0.998    C   33 0.986
    94  H   0.999    C   33 0.983
    95  H   0.996    C   39 0.974
    96  H   0.991    C   39 0.959
    97  H   0.992    C   39 0.960
    98  H   0.992    C   42 0.921
    99  H   0.996    C   46 0.982
   100  H   0.998    C   46 0.983
   101  H   0.996    C   46 0.985
   102  H   0.997    C   47 0.960
   103  H   0.998    C   47 0.961
   104  H   0.999    C   48 0.935
   105  H   0.998    C   50 0.975
   106  H   0.997    C   50 0.978
   107  H   0.999    C   50 0.975
   108  H   0.998    C   51 0.953
   109  H   0.998    C   51 0.948
   110  H   0.999    C   52 0.959
   111  H   0.998    C   52 0.958
   112  H   0.999    C   53 0.957
   113  H   0.999    C   53 0.960
   114  H   0.999    C   54 0.954
   115  H   0.998    C   55 0.978
   116  H   0.998    C   55 0.976
   117  H   0.999    C   55 0.976
   118  H   0.998    C   56 0.966
   119  H   0.999    C   56 0.969
   120  H   0.999    C   57 0.971
   121  H   0.999    C   57 0.963
   122  H   0.999    C   58 0.961
   123  H   0.999    C   58 0.964
   124  H   0.999    C   59 0.952
   125  H   0.998    C   60 0.974
   126  H   0.998    C   60 0.981
   127  H   0.998    C   60 0.975
   128  H   0.998    C   61 0.963
   129  H   0.997    C   61 0.963
   130  H   0.999    C   62 0.972
   131  H   0.999    C   62 0.962
   132  H   0.998    C   63 0.960
   133  H   0.999    C   63 0.971
   134  H   0.999    C   64 0.949
   135  H   0.999    C   65 0.971
   136  H   0.999    C   65 0.979
   137  H   0.998    C   65 0.972
   138  H   0.999    C   66 0.980
   139  H   0.999    C   66 0.976
   140  H   0.998    C   66 0.974
 
 --------------------------------------------
          xTB calculation for sTDA...
 --------------------------------------------
 
 reading parameter file ~/.param_stda2.xtb
 
      method parameters     
 k(s)        :  1.6000
 k(p)        :  2.1800
 k(d)        :  1.9500
 k(f)        :  2.0000
 k(R-V)      :  2.2750
 k(R-R)      :  1.7650
 Tscal       :  0.2580
 Gscal       :  1.0000
 fpol        :  1.0000
 Zcnf        :  0.3430
 Zqf         :  0.0000
 kcn         :  2.7000
 Ryd Hsplit  :  0.7000
 lshift(virt):  3.1000
 lshift(OS)  :  0.2000
 wllscaling  :  2.6000
 
 mowrcut     : 3.000
 
  Z AO/shell   Hii/eV     exponent
  1     Sun Feb 14 09:53:25 CET 2016    EN: 2.327 GAM: 0.473  GM3: 0.0000
     1s    -14.339618    1.220000
     2sp    -3.348946    0.600000
  6     Sun Feb 14 09:53:25 CET 2016    EN: 2.731 GAM: 0.422  GM3: 0.0000
     2s    -22.009312    1.565095
     2p    -13.020408    1.596905
     3sp    -3.914040    0.824500
  7     Sun Feb 14 09:53:25 CET 2016    EN: 3.573 GAM: 0.504  GM3: 0.0000
     2s    -25.722000    2.064844
     2p    -18.684912    1.801692
     3sp    -4.344791    0.921400
  8     Sun Feb 14 09:53:25 CET 2016    EN: 3.700 GAM: 0.587  GM3: 0.0000
     2s    -33.859000    2.418661
     2p    -22.175911    1.973969
     3sp    -4.259392    1.013700
 12     Sun Feb 21 16:58:31 CET 2016    EN: 0.033 GAM: 0.222  GM3: 0.0000
     3s    -11.092543    1.647583
     3p     -6.929529    0.855020
 
 Nbf   :          894
 T(el) :     0.0
 calculating S/T integrals ...
 cpu time for ints    1.19612900000000     
 Nao   :          894
 making H0...
 making H1...
 cpu time for H      2.279700000000018E-002
 solving ...
 cpu time for diag   0.308647000000000     
 
 gap (eV)           :   4.744
 Koopmans IP (eV)   :  13.197
 Eel (Eh)           :  -301.171707

          eigenvalues
 #    :         164        165        166        167        168        169        170        171
 occ. :        2.000      2.000      2.000      2.000      2.000      2.000      2.000      2.000
 eps  :       -17.268    -17.212    -16.855    -16.427    -16.234    -15.889    -15.796    -15.605
 #    :         172        173        174        175        176        177        178        179
 occ. :        2.000      2.000      2.000      2.000      2.000      0.000      0.000      0.000
 eps  :       -15.483    -15.432    -15.133    -13.773    -13.198     -8.454     -6.961     -6.738
 #    :         180        181        182        183        184        185        186        187
 occ. :        0.000      0.000      0.000      0.000      0.000      0.000      0.000      0.000
 eps  :        -6.261     -6.070     -5.718     -5.573     -5.267     -5.148     -5.053     -4.989
                            1  SCC done.
 writing mo output ...
 molden style : F
 
speedup  1.28
cpu  time for all    2.09 s
wall time for all    1.64 s
