cpu-bind=MASK - bp1-compute089, task 4294967295 4294967295 [0]: mask 0xffffffffffff set
Host:    bp1-compute089.data.bp.acrc.priv
Time:    Wed May  4 06:33:49 BST 2022
Dir:     /user/home/of15641/chlorophyll_parameterization/tddft_data/step_1501_chromophore_12
Job ID:  1692138
Nodelist:
cat: bp1-compute089: No such file or directory
  
Result dir: /user/home/of15641/chlorophyll_parameterization/tddft_data/step_1501_chromophore_12
running gaussian jobs
Running time g16 < CAMB3LYP_step_1501_chromophore_12.com > CAMB3LYP_step_1501_chromophore_12.log

real	27m6.196s
user	637m44.748s
sys	0m25.805s
Running time g16 < PBE0_step_1501_chromophore_12.com > PBE0_step_1501_chromophore_12.log

real	16m58.949s
user	405m32.030s
sys	0m19.957s
Running time g16 < wB97XD_step_1501_chromophore_12.com > wB97XD_step_1501_chromophore_12.log

real	27m43.255s
user	652m50.170s
sys	0m27.012s
Running time g16 < BLYP_step_1501_chromophore_12.com > BLYP_step_1501_chromophore_12.log

real	12m45.334s
user	304m13.695s
sys	0m23.188s
Running time g16 < ZINDO_step_1501_chromophore_12.com > ZINDO_step_1501_chromophore_12.log

real	0m6.474s
user	2m16.787s
sys	0m2.438s
