 
        ______________________________________
       |                                      |
       |          ===================         |
       |             xTB for sTDA             |
       |          ===================         |
       |               S. Grimme              |
       |        Universitaet Bonn, MCTC       |
       |         2015-19, Version 1.0         |
       |     Wed Apr  3 09:14:55 CEST 2019    |
       |______________________________________|
 
        This code comes without any warranty
        for non-commercial, academia use only.
        Preliminary test version.
        Cite this work as:
        S. Grimme  &  C. Bannwarth, JCP 145 (2016) 054103
        if GBSA is used additionally:
        P. Shushkov, F. März, C. Bannwarth, S. Grimme, unpublished.
 
        with help from
        P. Shushkov, G. Brandenburg, S. Dohm, J. Pisarek,
        F. März, M. Checinski, S. Ehrlich, S. Spicher, 
        P. Pracht, E. Caldeweyher, S. Ehlert, and C. Bannwarth.
 
        usage        :
        xtb4stda <coord_file> [options]
        where <coord_file> is a valid file of TM)
        (*coord, Bohr) or xmol (*xyz, Angstroem)
        format.

        options:
        -chrg <int>   : molecular charge
        -uhf  <int>   : # of unpaired electrons(=2*S)
        -nox          : skip second, extended part in sTDA-xTB
        -pop          : do population analysis
                      : (default for -nox)
        -mowr <real>  : cut MO write above (def.3 Eh)
        -molden       : write formatted molden file
        -parx <file>  : read parameters for sTDA-xTB
                        calc (def:~/.param_stda2.xtb)
        -parv <file>  : read parameters for vTB part in
                        sTDA-xTB (def: ~/.param_stda1.xtb)
        -xtemp <real> : el. temp for xTB (def. 0 K)
        -etemp <real> : el. temp for GFN (def. 300 K)
        -fod          : calculate the FOD and write
                        molden.input file with
                        appropriate occupations
                        for plotting. Def. T=12500 K
 
        -acc <real>   : xTB accuracy (def. 1.0)
        -gbsa [string1] [string2]
                        use GBSA implicit solvent
                        for solvent [string1] and
                        solvation state [string2]=
                        reference, bar1M (default=1M)
        additional GFN/opt/MD/siman options read from
        $XTB4STDAHOME/.xtb4stdarc or $set in input
 
       spin and charge state information can be on:
       <.CHRG> (charge) and <.UHF> (=nalpha-nbeta)
       -uhf and -chrg override the file info.
       useful machine settings:
       setenv MKL_NUM_THREADS <NCORE_ON_YOUR_MACHINE>
       setenv OMP_STACKSIZE 500m
       limit stacksize unlimited
 
       total energies in Eh, gaps/HL energies in eV
       please read REVISION and HOWTO files carefully
 =============================
  # OMP threads =           4
 =============================
 
 xtb4stdahome directory:~/
 
 
 name of molecule           :
 comment line               :
 number of atoms            :   140
 number of electrons        :   352
 charge                     :  0
 spin                       : 0.0
 first test random number   :  0.3170
 
 -----------------------------------------
      charge density (VTB) calculation
 -----------------------------------------
 
      method parameters     
 k(s)        :  1.8000
 k(p)        :  2.8350
 k(d)        :  2.0860
 k(f)        :  2.0000
 Tscal       :  0.3300
 Gscal       :  0.3910
 fpol        :  1.0000
 Zcnf        :  0.6500
 Zqf         :  0.0000
 kcn         :  0.3000
 kEN1        : -0.5900
 wllscal     :  2.6000
 
     -------------------------
     ! NO SOLVENT MODEL USED !
     -------------------------
 
 doing EN charges ...
 sum q :  0.3330669D-14
 point charge moment (au)
     X       Y       Z   
   0.0847  -0.6368   0.3915  total (Debye):    1.912
 
            Z      q(EN)   CN      Cart. coordinates
     1  MG  2.0   0.951   4.860    48.70958    96.77665    51.06606
     2  C   4.0   0.020   3.375    44.73359    98.06544    56.39698
     3  C   4.0  -0.061   3.138    53.00681    94.28977    55.06283
     4  C   4.0  -0.056   3.188    52.65343    96.37980    46.09986
     5  C   4.0  -0.056   3.156    44.32352    99.56588    47.16945
     6  N   5.0  -0.354   3.109    48.73036    96.15493    55.27637
     7  C   4.0   0.088   3.356    46.91623    96.83523    57.09807
     8  C   4.0  -0.094   4.122    47.63999    96.01698    59.72479
     9  C   4.0  -0.094   4.131    50.48970    95.12880    59.29771
    10  C   4.0   0.113   3.317    50.75804    95.12880    56.34596
    11  C   4.0  -0.236   4.019    52.59107    96.58578    60.71689
    12  C   4.0  -0.161   4.044    45.94302    93.88914    60.91910
    13  C   4.0  -0.166   4.023    45.27027    93.79088    63.75179
    14  C   4.0   0.170   3.080    47.02205    95.06077    65.83238
    15  O   6.0  -0.102   1.039    48.75871    96.51775    65.40530
    16  O   6.0  -0.108   2.038    46.39277    94.06678    68.18698
    17  N   5.0  -0.462   3.204    52.22636    95.40092    50.56718
    18  C   4.0   0.076   3.402    53.67578    94.36724    52.44934
    19  C   4.0   0.010   3.243    56.04171    93.40726    51.26071
    20  C   4.0   0.005   3.221    55.89053    93.80789    48.56974
    21  C   4.0   0.067   3.449    53.43389    95.09479    48.25793
    22  C   4.0  -0.246   4.016    58.12608    92.18461    52.90099
    23  C   4.0   0.116   3.052    57.76514    93.14081    46.57230
    24  O   6.0  -0.108   1.069    57.47979    93.37325    44.30085
    25  C   4.0  -0.251   4.059    60.05738    91.74808    47.34897
    26  N   5.0  -0.436   3.161    48.60942    98.02197    47.26772
    27  C   4.0   0.105   3.465    50.48781    97.70639    45.63499
    28  C   4.0  -0.093   4.145    49.90955    98.74952    42.93835
    29  C   4.0  -0.094   4.151    47.12788    99.63769    43.17457
    30  C   4.0   0.098   3.453    46.64789    99.05565    46.01861
    31  C   4.0  -0.237   4.032    51.61975   101.06065    42.22215
    32  C   4.0  -0.162   4.030    45.08697    98.21662    41.52106
    33  C   4.0  -0.237   4.008    45.17201    99.15203    38.73938
    34  N   5.0  -0.464   3.285    45.20602    98.41693    51.62542
    35  C   4.0   0.076   3.457    43.59220    99.25219    49.76215
    36  C   4.0   0.017   3.320    41.30185    99.88335    50.99237
    37  C   4.0   0.005   3.494    41.73649    99.59045    53.69845
    38  C   4.0   0.097   3.766    44.13077    98.52464    53.84396
    39  C   4.0  -0.249   4.037    38.98883   100.61468    49.70168
    40  C   4.0   0.101   3.338    40.73682    99.87958    56.10974
    41  O   6.0  -0.088   1.069    38.64679   100.51452    56.96768
    42  C   4.0  -0.124   4.310    42.57931    98.98385    57.94089
    43  C   4.0   0.176   3.218    43.19725   101.19482    59.54904
    44  O   6.0  -0.092   1.047    44.03817   103.25652    58.86496
    45  O   6.0  -0.127   2.049    42.50939   100.66192    61.96789
    46  C   4.0  -0.191   4.057    42.60009   102.72550    63.69888
    47  C   4.0  -0.140   4.085    48.21636    94.92660    70.15419
    48  C   4.0  -0.054   3.126    47.55495    93.39593    72.41619
    49  C   4.0   0.019   3.097    48.69068    93.41860    74.63851
    50  C   4.0  -0.250   4.053    51.34196    94.40504    75.19031
    51  C   4.0  -0.179   4.098    47.66078    91.97485    76.79846
    52  C   4.0  -0.162   4.021    47.84408    88.97964    76.56036
    53  C   4.0  -0.163   4.064    50.19301    87.96674    78.09292
    54  C   4.0  -0.089   4.053    49.74515    85.97119    80.22076
    55  C   4.0  -0.240   4.061    49.68090    83.32369    79.13794
    56  C   4.0  -0.165   4.095    47.30551    86.46630    81.70419
    57  C   4.0  -0.163   4.058    47.82140    86.90094    84.48965
    58  C   4.0  -0.167   4.097    47.88377    89.73742    85.18318
    59  C   4.0  -0.089   4.059    50.10608    90.43850    87.00109
    60  C   4.0  -0.238   4.034    49.76593    89.23853    89.64293
    61  C   4.0  -0.165   4.080    50.12687    93.36947    87.10881
    62  C   4.0  -0.163   4.046    51.67834    94.39370    84.82602
    63  C   4.0  -0.163   4.069    50.13065    96.55744    83.36715
    64  C   4.0  -0.089   4.042    50.58607    99.06132    84.75988
    65  C   4.0  -0.241   4.075    48.06518   100.35390    85.16239
    66  C   4.0  -0.239   4.050    52.30383   100.89436    83.26322
    67  H   1.0   0.070   1.007    54.66221    93.55466    56.05305
    68  H   1.0   0.072   1.009    54.12175    96.20784    44.66178
    69  H   1.0   0.071   1.008    42.65678   100.35012    46.23781
    70  H   1.0   0.085   1.011    47.76660    97.81599    60.72067
    71  H   1.0   0.085   1.010    50.59552    93.10680    59.66999
    72  H   1.0   0.080   0.998    51.88243    97.95583    62.08317
    73  H   1.0   0.080   0.998    53.92522    97.59490    59.51503
    74  H   1.0   0.080   0.998    53.83640    95.28565    61.71656
    75  H   1.0   0.082   1.003    46.53072    91.99375    60.36730
    76  H   1.0   0.082   1.006    44.18557    94.01765    59.85140
    77  H   1.0   0.081   1.001    44.79028    91.85958    64.28470
    78  H   1.0   0.082   1.005    43.47504    94.79054    63.88785
    79  H   1.0   0.080   0.999    57.81050    90.14938    52.91800
    80  H   1.0   0.080   0.998    58.21112    93.02365    54.77938
    81  H   1.0   0.080   0.999    59.96667    92.69673    52.13187
    82  H   1.0   0.081   1.002    59.42999    90.02465    48.28439
    83  H   1.0   0.081   0.998    61.38964    92.80255    48.51304
    84  H   1.0   0.080   1.000    61.06082    91.13203    45.65767
    85  H   1.0   0.084   1.006    50.02105    97.18105    41.60610
    86  H   1.0   0.085   1.008    46.78206   101.66348    43.04985
    87  H   1.0   0.080   0.997    52.80650   101.92426    43.66779
    88  H   1.0   0.081   1.000    50.43868   102.22473    41.00138
    89  H   1.0   0.080   1.000    53.02760   100.22162    40.97304
    90  H   1.0   0.082   1.002    43.19158    98.48307    42.28073
    91  H   1.0   0.081   1.003    45.50271    96.19839    41.50405
    92  H   1.0   0.080   0.999    46.44946   100.76019    38.57876
    93  H   1.0   0.079   0.996    43.38244    99.66415    37.85688
    94  H   1.0   0.080   0.998    46.16412    97.75930    37.59043
    95  H   1.0   0.081   1.000    37.49972   101.15514    51.01693
    96  H   1.0   0.080   0.999    38.06853    99.10857    48.63966
    97  H   1.0   0.080   1.001    39.29496   102.37212    48.67178
    98  H   1.0   0.087   1.014    41.53429    97.48151    58.88764
    99  H   1.0   0.081   0.996    40.95414   103.93304    63.42298
   100  H   1.0   0.081   0.996    44.32541   103.83477    63.49290
   101  H   1.0   0.081   0.997    42.33931   101.87702    65.55648
   102  H   1.0   0.082   1.005    47.96691    96.83901    70.88173
   103  H   1.0   0.083   1.001    50.17033    94.62047    69.58160
   104  H   1.0   0.071   1.008    45.70869    92.48697    72.48611
   105  H   1.0   0.080   0.999    51.16433    96.34390    75.86494
   106  H   1.0   0.081   1.003    52.24336    94.23496    73.34593
   107  H   1.0   0.082   1.003    52.11864    92.97263    76.44886
   108  H   1.0   0.083   1.008    45.68601    92.55689    76.79279
   109  H   1.0   0.082   1.002    48.17856    92.65137    78.67496
   110  H   1.0   0.082   1.003    48.17289    88.55067    74.57237
   111  H   1.0   0.081   1.000    46.08664    87.93462    76.80413
   112  H   1.0   0.082   1.003    51.41944    89.36136    78.98865
   113  H   1.0   0.082   1.004    51.39110    87.12581    76.64351
   114  H   1.0   0.084   1.011    51.49503    85.95230    81.30357
   115  H   1.0   0.081   0.999    50.52560    83.18952    77.26522
   116  H   1.0   0.081   0.999    47.76093    82.60937    78.92251
   117  H   1.0   0.081   1.000    50.43112    82.07269    80.59303
   118  H   1.0   0.083   1.005    46.02994    84.85058    81.65317
   119  H   1.0   0.084   1.007    46.32096    88.15761    81.06168
   120  H   1.0   0.082   1.004    49.57318    85.96363    85.03578
   121  H   1.0   0.083   1.008    46.10364    86.34914    85.48175
   122  H   1.0   0.082   1.003    46.17356    90.37425    86.13938
   123  H   1.0   0.084   1.005    48.11053    90.90905    83.50510
   124  H   1.0   0.083   1.009    51.65944    89.52010    86.00710
   125  H   1.0   0.080   0.997    50.11175    90.48008    91.24920
   126  H   1.0   0.081   1.002    51.13598    87.70407    89.53144
   127  H   1.0   0.080   0.998    47.86865    88.50154    89.96418
   128  H   1.0   0.083   1.004    51.10764    93.85513    88.85302
   129  H   1.0   0.083   1.003    48.18990    94.06111    87.20518
   130  H   1.0   0.083   1.004    52.02982    92.78743    83.58825
   131  H   1.0   0.081   1.002    53.45846    95.04755    85.63293
   132  H   1.0   0.082   1.001    48.18990    95.90548    83.13282
   133  H   1.0   0.082   1.005    51.08874    96.64436    81.54545
   134  H   1.0   0.083   1.011    51.16055    98.81755    86.72330
   135  H   1.0   0.081   1.000    48.12376   101.27797    87.00109
   136  H   1.0   0.081   1.001    46.68568    98.87235    85.54411
   137  H   1.0   0.081   1.000    47.62298   101.51419    83.52022
   138  H   1.0   0.080   0.997    54.32584   100.50696    83.24432
   139  H   1.0   0.081   1.001    51.94290   102.70472    84.17595
   140  H   1.0   0.080   0.998    51.87298   100.93026    81.24877
 
  Z AO/shell   Hii/eV     exponent
  1     Sat Feb 20 21:38:01 CET 2016    EN: 2.327 GAM: 0.473  GM3: 0.0000
     1s    -13.751157    1.051071
  6     Sat Feb 20 21:38:01 CET 2016    EN: 2.731 GAM: 0.422  GM3: 0.0000
     2s    -19.378245    2.021003
     2p    -11.993376    1.497917
  7     Sat Feb 20 21:38:01 CET 2016    EN: 3.573 GAM: 0.504  GM3: 0.0000
     2s    -21.576984    2.275442
     2p    -16.125120    2.056788
  8     Sat Feb 20 21:38:01 CET 2016    EN: 3.700 GAM: 0.587  GM3: 0.0000
     2s    -21.648843    2.110798
     2p    -17.239740    2.329048
 12     Sat Feb 20 23:25:47 CET 2016    EN: 0.033 GAM: 0.222  GM3: 0.0000
     3s    -12.693633    1.302878
     3p     -8.128821    0.504252
 
 dipole moment of classical point charges (au)
     X       Y       Z   
   0.0847  -0.6368   0.3915  total (Debye):    1.912

 
 Nbf   :          338
 T(el) :   300.0
 calculating S/T integrals ...
 cpu time for ints   0.139149000000000     
 Nao   :          338
 making H0...
 making H1...
 cpu time for H      4.012999999999989E-003
 solving ...
 cpu time for diag   5.786100000000000E-002
 
 gap (eV)           :   1.454
 Koopmans IP (eV)   :  12.254
 Eel (Eh)           :  -268.527702
 T,E(Fermi),NFOD :    300.000   -11.527  0.000000
 T,E(Fermi),NFOD :    300.000   -11.527  0.000000
 Nfod               :  0.0000
 Nfod/Nel           :  0.0000

          eigenvalues
 #    :         164        165        166        167        168        169        170        171
 occ. :        2.000      2.000      2.000      2.000      2.000      2.000      2.000      2.000
 eps  :       -16.301    -16.120    -15.930    -15.820    -15.686    -15.665    -15.492    -14.947
 #    :         172        173        174        175        176        177        178        179
 occ. :        2.000      2.000      2.000      2.000      2.000      0.000      0.000      0.000
 eps  :       -14.838    -14.769    -14.629    -13.220    -12.255    -10.801     -9.517     -8.667
 #    :         180        181        182        183        184        185        186        187
 occ. :        0.000      0.000      0.000      0.000      0.000      0.000      0.000      0.000
 eps  :        -8.549     -8.229     -7.704     -7.374     -7.249     -7.088     -6.848     -6.712
                            1  SCC done.
 making H1...
 cpu time for H      7.005999999999998E-002
 solving ...
 cpu time for diag   3.430999999999998E-002
 
 gap (eV)           :   1.572
 Koopmans IP (eV)   :  12.082
 Eel (Eh)           :  -265.815143
 T,E(Fermi),NFOD :    300.000   -11.296  0.000000
 T,E(Fermi),NFOD :    300.000   -11.296  0.000000
 Nfod               :  0.0000
 Nfod/Nel           :  0.0000

          eigenvalues
 #    :         164        165        166        167        168        169        170        171
 occ. :        2.000      2.000      2.000      2.000      2.000      2.000      2.000      2.000
 eps  :       -15.201    -15.159    -15.080    -14.851    -14.666    -14.604    -14.386    -14.328
 #    :         172        173        174        175        176        177        178        179
 occ. :        2.000      2.000      2.000      2.000      2.000      0.000      0.000      0.000
 eps  :       -14.187    -13.570    -13.379    -12.727    -12.083    -10.511     -8.953     -8.531
 #    :         180        181        182        183        184        185        186        187
 occ. :        0.000      0.000      0.000      0.000      0.000      0.000      0.000      0.000
 eps  :        -8.462     -7.894     -7.763     -7.210     -7.058     -7.018     -6.758     -6.620
                            2  SCC done.
 
 
 Mulliken/CM5 charges    n(s)   n(p)   n(d)   
    1 MG  0.3025  0.7821   0.673  1.024  0.000
    2 C   0.0174  0.0211   1.171  2.811  0.000
    3 C  -0.0470 -0.0897   1.125  2.922  0.000
    4 C  -0.0279 -0.0680   1.116  2.912  0.000
    5 C  -0.0220 -0.0638   1.128  2.894  0.000
    6 N  -0.1543 -0.3981   1.416  3.739  0.000
    7 C   0.0246  0.0794   1.230  2.745  0.000
    8 C  -0.0119 -0.0655   1.199  2.813  0.000
    9 C  -0.0276 -0.0835   1.210  2.818  0.000
   10 C   0.0347  0.0996   1.238  2.727  0.000
   11 C  -0.0894 -0.2366   1.099  2.990  0.000
   12 C  -0.0516 -0.1576   1.155  2.897  0.000
   13 C  -0.0614 -0.1614   1.155  2.907  0.000
   14 C   0.2144  0.2642   1.202  2.584  0.000
   15 O  -0.2552 -0.3077   1.626  4.629  0.000
   16 O  -0.1524 -0.2243   1.514  4.638  0.000
   17 N  -0.2256 -0.5229   1.380  3.846  0.000
   18 C   0.0114  0.0703   1.208  2.780  0.000
   19 C  -0.0583 -0.0633   1.245  2.813  0.000
   20 C  -0.0534 -0.0493   1.206  2.847  0.000
   21 C   0.0216  0.0796   1.212  2.766  0.000
   22 C  -0.0736 -0.2192   1.085  2.988  0.000
   23 C   0.1665  0.1900   1.185  2.649  0.000
   24 O  -0.2437 -0.2979   1.621  4.623  0.000
   25 C  -0.0954 -0.2376   1.094  3.001  0.000
   26 N  -0.1564 -0.4406   1.408  3.748  0.000
   27 C   0.0448  0.1100   1.216  2.739  0.000
   28 C  -0.0091 -0.0664   1.203  2.806  0.000
   29 C  -0.0286 -0.0853   1.214  2.814  0.000
   30 C   0.0432  0.1050   1.224  2.733  0.000
   31 C  -0.0885 -0.2358   1.105  2.984  0.000
   32 C  -0.0478 -0.1568   1.155  2.893  0.000
   33 C  -0.1035 -0.2548   1.096  3.007  0.000
   34 N  -0.2175 -0.5147   1.364  3.853  0.000
   35 C   0.0347  0.0936   1.188  2.777  0.000
   36 C   0.0171  0.0130   1.200  2.783  0.000
   37 C  -0.0642 -0.0558   1.172  2.892  0.000
   38 C   0.0469  0.1242   1.175  2.778  0.000
   39 C  -0.0746 -0.2186   1.070  3.004  0.000
   40 C   0.1431  0.1725   1.173  2.684  0.000
   41 O  -0.2970 -0.3413   1.638  4.659  0.000
   42 C  -0.0083 -0.0499   1.163  2.845  0.000
   43 C   0.2295  0.2842   1.181  2.590  0.000
   44 O  -0.2693 -0.3139   1.632  4.637  0.000
   45 O  -0.1443 -0.2333   1.480  4.664  0.000
   46 C   0.0184 -0.1026   1.090  2.892  0.000
   47 C   0.0602 -0.0201   1.128  2.812  0.000
   48 C  -0.0695 -0.1277   1.157  2.912  0.000
   49 C  -0.0253 -0.0536   1.201  2.824  0.000
   50 C  -0.1014 -0.2472   1.089  3.013  0.000
   51 C  -0.0773 -0.1841   1.142  2.935  0.000
   52 C  -0.0748 -0.1848   1.166  2.909  0.000
   53 C  -0.0831 -0.1929   1.166  2.917  0.000
   54 C  -0.0227 -0.0970   1.198  2.824  0.000
   55 C  -0.1139 -0.2654   1.106  3.008  0.000
   56 C  -0.0606 -0.1715   1.150  2.911  0.000
   57 C  -0.0618 -0.1750   1.147  2.915  0.000
   58 C  -0.0984 -0.2121   1.169  2.929  0.000
   59 C  -0.0412 -0.1171   1.211  2.830  0.000
   60 C  -0.1029 -0.2528   1.100  3.003  0.000
   61 C  -0.0746 -0.1855   1.158  2.916  0.000
   62 C  -0.0766 -0.1886   1.166  2.911  0.000
   63 C  -0.0668 -0.1760   1.165  2.902  0.000
   64 C  -0.0137 -0.0900   1.188  2.826  0.000
   65 C  -0.1085 -0.2608   1.103  3.005  0.000
   66 C  -0.1007 -0.2508   1.102  2.999  0.000
   67 H   0.0583  0.1176   0.942  0.000  0.000
   68 H   0.0598  0.1256   0.940  0.000  0.000
   69 H   0.0573  0.1167   0.943  0.000  0.000
   70 H   0.0606  0.1271   0.939  0.000  0.000
   71 H   0.0423  0.1047   0.958  0.000  0.000
   72 H   0.0451  0.1004   0.955  0.000  0.000
   73 H   0.0351  0.0876   0.965  0.000  0.000
   74 H   0.0334  0.0854   0.967  0.000  0.000
   75 H   0.0371  0.0933   0.963  0.000  0.000
   76 H   0.0448  0.1034   0.955  0.000  0.000
   77 H   0.0517  0.1099   0.948  0.000  0.000
   78 H   0.0433  0.1023   0.957  0.000  0.000
   79 H   0.0545  0.1069   0.945  0.000  0.000
   80 H   0.0529  0.1054   0.947  0.000  0.000
   81 H   0.0490  0.1024   0.951  0.000  0.000
   82 H   0.0463  0.1015   0.954  0.000  0.000
   83 H   0.0479  0.1011   0.952  0.000  0.000
   84 H   0.0422  0.0994   0.958  0.000  0.000
   85 H   0.0582  0.1186   0.942  0.000  0.000
   86 H   0.0557  0.1173   0.944  0.000  0.000
   87 H   0.0527  0.1045   0.947  0.000  0.000
   88 H   0.0471  0.1007   0.953  0.000  0.000
   89 H   0.0290  0.0815   0.971  0.000  0.000
   90 H   0.0436  0.0996   0.956  0.000  0.000
   91 H   0.0342  0.0903   0.966  0.000  0.000
   92 H   0.0268  0.0797   0.973  0.000  0.000
   93 H   0.0397  0.0902   0.960  0.000  0.000
   94 H   0.0287  0.0802   0.971  0.000  0.000
   95 H   0.0392  0.0925   0.961  0.000  0.000
   96 H   0.0510  0.1032   0.949  0.000  0.000
   97 H   0.0481  0.1011   0.952  0.000  0.000
   98 H   0.0684  0.1394   0.932  0.000  0.000
   99 H   0.0449  0.1056   0.955  0.000  0.000
  100 H   0.0550  0.1180   0.945  0.000  0.000
  101 H   0.0433  0.1041   0.957  0.000  0.000
  102 H   0.0707  0.1340   0.929  0.000  0.000
  103 H   0.0663  0.1319   0.934  0.000  0.000
  104 H   0.0356  0.0974   0.964  0.000  0.000
  105 H   0.0486  0.1010   0.951  0.000  0.000
  106 H   0.0375  0.0921   0.963  0.000  0.000
  107 H   0.0491  0.1041   0.951  0.000  0.000
  108 H   0.0304  0.0879   0.970  0.000  0.000
  109 H   0.0440  0.1000   0.956  0.000  0.000
  110 H   0.0300  0.0866   0.970  0.000  0.000
  111 H   0.0419  0.0965   0.958  0.000  0.000
  112 H   0.0377  0.0937   0.962  0.000  0.000
  113 H   0.0313  0.0878   0.969  0.000  0.000
  114 H   0.0448  0.1051   0.955  0.000  0.000
  115 H   0.0376  0.0902   0.962  0.000  0.000
  116 H   0.0208  0.0737   0.979  0.000  0.000
  117 H   0.0331  0.0855   0.967  0.000  0.000
  118 H   0.0434  0.1005   0.957  0.000  0.000
  119 H   0.0403  0.0998   0.960  0.000  0.000
  120 H   0.0389  0.0963   0.961  0.000  0.000
  121 H   0.0382  0.0953   0.962  0.000  0.000
  122 H   0.0226  0.0791   0.977  0.000  0.000
  123 H   0.0294  0.0882   0.971  0.000  0.000
  124 H   0.0388  0.0993   0.961  0.000  0.000
  125 H   0.0363  0.0880   0.964  0.000  0.000
  126 H   0.0350  0.0881   0.965  0.000  0.000
  127 H   0.0322  0.0847   0.968  0.000  0.000
  128 H   0.0308  0.0874   0.969  0.000  0.000
  129 H   0.0371  0.0942   0.963  0.000  0.000
  130 H   0.0373  0.0943   0.963  0.000  0.000
  131 H   0.0340  0.0895   0.966  0.000  0.000
  132 H   0.0480  0.1039   0.952  0.000  0.000
  133 H   0.0321  0.0891   0.968  0.000  0.000
  134 H   0.0420  0.1024   0.958  0.000  0.000
  135 H   0.0353  0.0876   0.965  0.000  0.000
  136 H   0.0324  0.0859   0.968  0.000  0.000
  137 H   0.0312  0.0845   0.969  0.000  0.000
  138 H   0.0328  0.0838   0.967  0.000  0.000
  139 H   0.0367  0.0904   0.963  0.000  0.000
  140 H   0.0314  0.0835   0.969  0.000  0.000
 Hirshfeld charges for QMDFF written to <charges>
 
 Loewdin charges    n(s)   n(p)   n(d)
    1 MG  0.1402   0.685  1.175  0.000
    2 C   0.0191   1.130  2.851  0.000
    3 C  -0.0450   1.073  2.972  0.000
    4 C  -0.0261   1.062  2.964  0.000
    5 C  -0.0185   1.076  2.943  0.000
    6 N  -0.1214   1.373  3.749  0.000
    7 C   0.0257   1.194  2.780  0.000
    8 C  -0.0042   1.151  2.853  0.000
    9 C  -0.0211   1.163  2.858  0.000
   10 C   0.0407   1.202  2.758  0.000
   11 C  -0.0918   1.027  3.064  0.000
   12 C  -0.0475   1.096  2.951  0.000
   13 C  -0.0614   1.097  2.965  0.000
   14 C   0.1921   1.177  2.631  0.000
   15 O  -0.2400   1.596  4.644  0.000
   16 O  -0.1216   1.483  4.639  0.000
   17 N  -0.1915   1.336  3.855  0.000
   18 C   0.0159   1.170  2.814  0.000
   19 C  -0.0474   1.205  2.842  0.000
   20 C  -0.0605   1.170  2.890  0.000
   21 C   0.0283   1.172  2.799  0.000
   22 C  -0.0752   1.012  3.063  0.000
   23 C   0.1644   1.148  2.688  0.000
   24 O  -0.2281   1.590  4.638  0.000
   25 C  -0.1023   1.022  3.080  0.000
   26 N  -0.1174   1.361  3.757  0.000
   27 C   0.0496   1.178  2.773  0.000
   28 C   0.0003   1.155  2.845  0.000
   29 C  -0.0211   1.168  2.853  0.000
   30 C   0.0454   1.188  2.767  0.000
   31 C  -0.0904   1.034  3.057  0.000
   32 C  -0.0418   1.096  2.946  0.000
   33 C  -0.1061   1.025  3.081  0.000
   34 N  -0.1822   1.320  3.863  0.000
   35 C   0.0345   1.150  2.815  0.000
   36 C   0.0241   1.158  2.818  0.000
   37 C  -0.0741   1.135  2.939  0.000
   38 C   0.0501   1.135  2.815  0.000
   39 C  -0.0756   0.995  3.081  0.000
   40 C   0.1419   1.135  2.723  0.000
   41 O  -0.2859   1.611  4.675  0.000
   42 C  -0.0080   1.113  2.895  0.000
   43 C   0.2069   1.155  2.638  0.000
   44 O  -0.2575   1.604  4.653  0.000
   45 O  -0.1070   1.443  4.664  0.000
   46 C   0.0087   1.020  2.971  0.000
   47 C   0.0622   1.069  2.869  0.000
   48 C  -0.0676   1.107  2.961  0.000
   49 C  -0.0142   1.158  2.857  0.000
   50 C  -0.1046   1.016  3.089  0.000
   51 C  -0.0759   1.083  2.993  0.000
   52 C  -0.0707   1.108  2.962  0.000
   53 C  -0.0819   1.110  2.972  0.000
   54 C  -0.0120   1.150  2.862  0.000
   55 C  -0.1194   1.036  3.083  0.000
   56 C  -0.0583   1.091  2.967  0.000
   57 C  -0.0567   1.088  2.969  0.000
   58 C  -0.0982   1.114  2.984  0.000
   59 C  -0.0310   1.165  2.866  0.000
   60 C  -0.1065   1.029  3.077  0.000
   61 C  -0.0717   1.101  2.971  0.000
   62 C  -0.0727   1.109  2.964  0.000
   63 C  -0.0635   1.108  2.956  0.000
   64 C  -0.0015   1.138  2.864  0.000
   65 C  -0.1129   1.033  3.080  0.000
   66 C  -0.1040   1.031  3.073  0.000
   67 H   0.0534   0.947  0.000  0.000
   68 H   0.0527   0.947  0.000  0.000
   69 H   0.0521   0.948  0.000  0.000
   70 H   0.0526   0.947  0.000  0.000
   71 H   0.0371   0.963  0.000  0.000
   72 H   0.0439   0.956  0.000  0.000
   73 H   0.0357   0.964  0.000  0.000
   74 H   0.0336   0.966  0.000  0.000
   75 H   0.0346   0.965  0.000  0.000
   76 H   0.0421   0.958  0.000  0.000
   77 H   0.0478   0.952  0.000  0.000
   78 H   0.0400   0.960  0.000  0.000
   79 H   0.0523   0.948  0.000  0.000
   80 H   0.0523   0.948  0.000  0.000
   81 H   0.0485   0.951  0.000  0.000
   82 H   0.0462   0.954  0.000  0.000
   83 H   0.0482   0.952  0.000  0.000
   84 H   0.0404   0.960  0.000  0.000
   85 H   0.0511   0.949  0.000  0.000
   86 H   0.0491   0.951  0.000  0.000
   87 H   0.0514   0.949  0.000  0.000
   88 H   0.0465   0.954  0.000  0.000
   89 H   0.0296   0.970  0.000  0.000
   90 H   0.0402   0.960  0.000  0.000
   91 H   0.0314   0.969  0.000  0.000
   92 H   0.0285   0.972  0.000  0.000
   93 H   0.0390   0.961  0.000  0.000
   94 H   0.0292   0.971  0.000  0.000
   95 H   0.0383   0.962  0.000  0.000
   96 H   0.0500   0.950  0.000  0.000
   97 H   0.0474   0.953  0.000  0.000
   98 H   0.0598   0.940  0.000  0.000
   99 H   0.0412   0.959  0.000  0.000
  100 H   0.0503   0.950  0.000  0.000
  101 H   0.0406   0.959  0.000  0.000
  102 H   0.0622   0.938  0.000  0.000
  103 H   0.0583   0.942  0.000  0.000
  104 H   0.0290   0.971  0.000  0.000
  105 H   0.0473   0.953  0.000  0.000
  106 H   0.0374   0.963  0.000  0.000
  107 H   0.0482   0.952  0.000  0.000
  108 H   0.0288   0.971  0.000  0.000
  109 H   0.0420   0.958  0.000  0.000
  110 H   0.0282   0.972  0.000  0.000
  111 H   0.0396   0.960  0.000  0.000
  112 H   0.0361   0.964  0.000  0.000
  113 H   0.0301   0.970  0.000  0.000
  114 H   0.0399   0.960  0.000  0.000
  115 H   0.0380   0.962  0.000  0.000
  116 H   0.0230   0.977  0.000  0.000
  117 H   0.0333   0.967  0.000  0.000
  118 H   0.0410   0.959  0.000  0.000
  119 H   0.0382   0.962  0.000  0.000
  120 H   0.0367   0.963  0.000  0.000
  121 H   0.0355   0.964  0.000  0.000
  122 H   0.0215   0.978  0.000  0.000
  123 H   0.0288   0.971  0.000  0.000
  124 H   0.0347   0.965  0.000  0.000
  125 H   0.0367   0.963  0.000  0.000
  126 H   0.0350   0.965  0.000  0.000
  127 H   0.0327   0.967  0.000  0.000
  128 H   0.0288   0.971  0.000  0.000
  129 H   0.0350   0.965  0.000  0.000
  130 H   0.0355   0.964  0.000  0.000
  131 H   0.0316   0.968  0.000  0.000
  132 H   0.0452   0.955  0.000  0.000
  133 H   0.0299   0.970  0.000  0.000
  134 H   0.0368   0.963  0.000  0.000
  135 H   0.0357   0.964  0.000  0.000
  136 H   0.0336   0.966  0.000  0.000
  137 H   0.0311   0.969  0.000  0.000
  138 H   0.0328   0.967  0.000  0.000
  139 H   0.0365   0.963  0.000  0.000
  140 H   0.0321   0.968  0.000  0.000
 
 Wiberg/Mayer (AO) data. WBOs > 0.1 written file <wbo>
 largest (>0.05) Wiberg bond orders for each atom
           total WBO             WBO to atom ...
     1  MG  2.533    N   17 0.551    N   34 0.532    N   26 0.384    N    6 0.351    C   18 0.054    C   21 0.052    C   38 0.052    C   35 0.052    C   10 0.050
     2  C   3.910    C    7 1.493    C   38 1.159    C   42 0.945
     3  C   3.910    C   10 1.339    C   18 1.304    H   67 0.937
     4  C   3.937    C   27 1.418    C   21 1.311    H   68 0.927
     5  C   3.904    C   30 1.472    C   35 1.214    H   69 0.936
     6  N   3.307    C   10 1.362    C    7 1.137    MG   1 0.351    C   18 0.053
     7  C   3.867    C    2 1.493    N    6 1.137    C    8 0.952
     8  C   3.932    C    7 0.952    C    9 0.944    C   12 0.940    H   70 0.935
     9  C   3.926    C   11 0.970    H   71 0.945    C    8 0.944    C   10 0.911
    10  C   3.855    N    6 1.362    C    3 1.339    C    9 0.911    MG   1 0.050
    11  C   3.968    H   74 0.980    H   73 0.978    H   72 0.974    C    9 0.970
    12  C   3.941    C   13 0.977    H   75 0.964    H   76 0.957    C    8 0.940
    13  C   3.954    C   12 0.977    H   77 0.956    H   78 0.955    C   14 0.903    O   15 0.095
    14  C   3.880    O   15 1.857    O   16 1.072    C   13 0.903
    15  O   2.169    C   14 1.857    O   16 0.161    C   13 0.095
    16  O   2.278    C   14 1.072    C   47 0.949    O   15 0.161
    17  N   3.333    C   18 1.169    C   21 1.150    MG   1 0.551    C   20 0.059
    18  C   3.874    C    3 1.304    N   17 1.169    C   19 1.145    MG   1 0.054    N    6 0.053
    19  C   3.841    C   20 1.432    C   18 1.145    C   22 0.979    O   24 0.070
    20  C   3.879    C   19 1.432    C   21 1.109    C   23 1.016    O   24 0.073    N   17 0.059
    21  C   3.860    C    4 1.311    N   17 1.150    C   20 1.109    N   26 0.064    MG   1 0.052
    22  C   3.977    C   19 0.979    H   80 0.973    H   81 0.970    H   79 0.966
    23  C   3.897    O   24 1.818    C   20 1.016    C   25 0.972
    24  O   2.149    C   23 1.818    C   20 0.073    C   25 0.072    C   19 0.070
    25  C   3.983    C   23 0.972    H   84 0.971    H   82 0.957    H   83 0.957    O   24 0.072
    26  N   3.345    C   27 1.286    C   30 1.215    MG   1 0.384    C   21 0.064
    27  C   3.870    C    4 1.418    N   26 1.286    C   28 0.906
    28  C   3.934    C   29 0.968    C   31 0.967    H   85 0.945    C   27 0.906
    29  C   3.927    C   28 0.968    C   32 0.948    H   86 0.938    C   30 0.913
    30  C   3.857    C    5 1.472    N   26 1.215    C   29 0.913
    31  C   3.965    H   89 0.981    H   87 0.976    H   88 0.974    C   28 0.967
    32  C   3.951    C   33 0.999    H   91 0.972    H   90 0.965    C   29 0.948
    33  C   3.977    C   32 0.999    H   94 0.986    H   92 0.981    H   93 0.980
    34  N   3.336    C   38 1.260    C   35 1.101    MG   1 0.532    C   37 0.066
    35  C   3.872    C   36 1.293    C    5 1.214    N   34 1.101    MG   1 0.052
    36  C   3.853    C   35 1.293    C   37 1.234    C   39 1.018    O   41 0.060
    37  C   3.908    C   36 1.234    C   38 1.191    C   40 1.148    O   41 0.070    N   34 0.066
    38  C   3.911    N   34 1.260    C   37 1.191    C    2 1.159    MG   1 0.052
    39  C   3.979    C   36 1.018    H   95 0.975    H   96 0.960    H   97 0.959
    40  C   3.918    O   41 1.696    C   37 1.148    C   42 0.917
    41  O   2.053    C   40 1.696    C   37 0.070    C   42 0.063    C   36 0.060
    42  C   3.955    C    2 0.945    H   98 0.918    C   40 0.917    C   43 0.912    O   44 0.069    O   41 0.063
    43  C   3.894    O   44 1.807    O   45 1.093    C   42 0.912
    44  O   2.121    C   43 1.807    O   45 0.167    C   42 0.069
    45  O   2.311    C   43 1.093    C   46 0.977    O   44 0.167
    46  C   3.945    H  101 0.990    H   99 0.985    H  100 0.978    O   45 0.977
    47  C   3.934    C   48 1.001    H  103 0.955    H  102 0.953    O   16 0.949
    48  C   3.958    C   49 1.882    C   47 1.001    H  104 0.935
    49  C   3.939    C   48 1.882    C   51 0.994    C   50 0.970
    50  C   3.990    H  107 0.975    H  106 0.975    H  105 0.972    C   49 0.970
    51  C   3.960    C   49 0.994    H  109 0.958    H  108 0.957    C   52 0.944
    52  C   3.950    C   53 0.974    H  110 0.971    H  111 0.966    C   51 0.944
    53  C   3.955    C   52 0.974    H  113 0.965    H  112 0.963    C   54 0.963
    54  C   3.943    C   55 0.997    C   56 0.973    C   53 0.963    H  114 0.946
    55  C   3.978    C   54 0.997    H  117 0.977    H  116 0.977    H  115 0.971
    56  C   3.968    C   57 0.996    C   54 0.973    H  119 0.958    H  118 0.955
    57  C   3.971    C   56 0.996    C   58 0.981    H  121 0.967    H  120 0.962
    58  C   3.960    C   57 0.981    C   59 0.973    H  122 0.969    H  123 0.960
    59  C   3.939    C   60 0.983    C   58 0.973    C   61 0.970    H  124 0.951
    60  C   3.982    C   59 0.983    H  126 0.982    H  127 0.980    H  125 0.978
    61  C   3.965    C   62 0.987    C   59 0.970    H  128 0.966    H  129 0.963
    62  C   3.961    C   61 0.987    H  131 0.972    C   63 0.970    H  130 0.964
    63  C   3.960    C   64 0.978    C   62 0.970    H  133 0.965    H  132 0.958
    64  C   3.949    C   65 0.999    C   66 0.986    C   63 0.978    H  134 0.951
    65  C   3.982    C   64 0.999    H  137 0.979    H  135 0.978    H  136 0.973
    66  C   3.981    C   64 0.986    H  140 0.980    H  138 0.979    H  139 0.977
    67  H   0.994    C    3 0.937
    68  H   0.993    C    4 0.927
    69  H   0.993    C    5 0.936
    70  H   0.994    C    8 0.935
    71  H   0.996    C    9 0.945
    72  H   0.996    C   11 0.974
    73  H   0.998    C   11 0.978
    74  H   0.998    C   11 0.980
    75  H   0.996    C   12 0.964
    76  H   0.996    C   12 0.957
    77  H   0.995    C   13 0.956
    78  H   0.998    C   13 0.955
    79  H   0.992    C   22 0.966
    80  H   0.994    C   22 0.973
    81  H   0.995    C   22 0.970
    82  H   0.997    C   25 0.957
    83  H   0.997    C   25 0.957
    84  H   0.996    C   25 0.971
    85  H   0.995    C   28 0.945
    86  H   0.995    C   29 0.938
    87  H   0.997    C   31 0.976
    88  H   0.996    C   31 0.974
    89  H   0.998    C   31 0.981
    90  H   0.996    C   32 0.965
    91  H   0.996    C   32 0.972
    92  H   0.999    C   33 0.981
    93  H   0.997    C   33 0.980
    94  H   0.999    C   33 0.986
    95  H   0.997    C   39 0.975
    96  H   0.991    C   39 0.960
    97  H   0.991    C   39 0.959
    98  H   0.992    C   42 0.918
    99  H   0.998    C   46 0.985
   100  H   0.997    C   46 0.978
   101  H   0.998    C   46 0.990
   102  H   0.995    C   47 0.953
   103  H   0.995    C   47 0.955
   104  H   0.999    C   48 0.935
   105  H   0.998    C   50 0.972
   106  H   0.999    C   50 0.975
   107  H   0.997    C   50 0.975
   108  H   0.999    C   51 0.957
   109  H   0.997    C   51 0.958
   110  H   0.999    C   52 0.971
   111  H   0.998    C   52 0.966
   112  H   0.999    C   53 0.963
   113  H   0.998    C   53 0.965
   114  H   0.998    C   54 0.946
   115  H   0.998    C   55 0.971
   116  H   1.000    C   55 0.977
   117  H   0.998    C   55 0.977
   118  H   0.997    C   56 0.955
   119  H   0.998    C   56 0.958
   120  H   0.998    C   57 0.962
   121  H   0.998    C   57 0.967
   122  H   0.999    C   58 0.969
   123  H   0.999    C   58 0.960
   124  H   0.998    C   59 0.951
   125  H   0.999    C   60 0.978
   126  H   0.998    C   60 0.982
   127  H   0.998    C   60 0.980
   128  H   0.998    C   61 0.966
   129  H   0.999    C   61 0.963
   130  H   0.999    C   62 0.964
   131  H   0.999    C   62 0.972
   132  H   0.998    C   63 0.958
   133  H   0.998    C   63 0.965
   134  H   0.998    C   64 0.951
   135  H   0.999    C   65 0.978
   136  H   0.999    C   65 0.973
   137  H   0.999    C   65 0.979
   138  H   0.999    C   66 0.979
   139  H   0.999    C   66 0.977
   140  H   0.999    C   66 0.980
 
 --------------------------------------------
          xTB calculation for sTDA...
 --------------------------------------------
 
 reading parameter file ~/.param_stda2.xtb
 
      method parameters     
 k(s)        :  1.6000
 k(p)        :  2.1800
 k(d)        :  1.9500
 k(f)        :  2.0000
 k(R-V)      :  2.2750
 k(R-R)      :  1.7650
 Tscal       :  0.2580
 Gscal       :  1.0000
 fpol        :  1.0000
 Zcnf        :  0.3430
 Zqf         :  0.0000
 kcn         :  2.7000
 Ryd Hsplit  :  0.7000
 lshift(virt):  3.1000
 lshift(OS)  :  0.2000
 wllscaling  :  2.6000
 
 mowrcut     : 3.000
 
  Z AO/shell   Hii/eV     exponent
  1     Sun Feb 14 09:53:25 CET 2016    EN: 2.327 GAM: 0.473  GM3: 0.0000
     1s    -14.339618    1.220000
     2sp    -3.348946    0.600000
  6     Sun Feb 14 09:53:25 CET 2016    EN: 2.731 GAM: 0.422  GM3: 0.0000
     2s    -22.009312    1.565095
     2p    -13.020408    1.596905
     3sp    -3.914040    0.824500
  7     Sun Feb 14 09:53:25 CET 2016    EN: 3.573 GAM: 0.504  GM3: 0.0000
     2s    -25.722000    2.064844
     2p    -18.684912    1.801692
     3sp    -4.344791    0.921400
  8     Sun Feb 14 09:53:25 CET 2016    EN: 3.700 GAM: 0.587  GM3: 0.0000
     2s    -33.859000    2.418661
     2p    -22.175911    1.973969
     3sp    -4.259392    1.013700
 12     Sun Feb 21 16:58:31 CET 2016    EN: 0.033 GAM: 0.222  GM3: 0.0000
     3s    -11.092543    1.647583
     3p     -6.929529    0.855020
 
 Nbf   :          894
 T(el) :     0.0
 calculating S/T integrals ...
 cpu time for ints    1.35800700000000     
 Nao   :          894
 making H0...
 making H1...
 cpu time for H      2.565699999999982E-002
 solving ...
 cpu time for diag   0.287870000000000     
 
 gap (eV)           :   4.801
 Koopmans IP (eV)   :  13.435
 Eel (Eh)           :  -301.225839

          eigenvalues
 #    :         164        165        166        167        168        169        170        171
 occ. :        2.000      2.000      2.000      2.000      2.000      2.000      2.000      2.000
 eps  :       -17.337    -17.312    -17.009    -16.303    -16.176    -16.058    -15.856    -15.709
 #    :         172        173        174        175        176        177        178        179
 occ. :        2.000      2.000      2.000      2.000      2.000      0.000      0.000      0.000
 eps  :       -15.620    -15.340    -15.056    -13.933    -13.437     -8.635     -6.959     -6.657
 #    :         180        181        182        183        184        185        186        187
 occ. :        0.000      0.000      0.000      0.000      0.000      0.000      0.000      0.000
 eps  :        -6.101     -5.872     -5.855     -5.422     -5.379     -5.267     -5.111     -4.996
                            1  SCC done.
 writing mo output ...
 molden style : F
 
speedup  0.86
cpu  time for all    2.15 s
wall time for all    2.49 s
