 
        ______________________________________
       |                                      |
       |          ===================         |
       |             xTB for sTDA             |
       |          ===================         |
       |               S. Grimme              |
       |        Universitaet Bonn, MCTC       |
       |         2015-19, Version 1.0         |
       |     Wed Apr  3 09:14:55 CEST 2019    |
       |______________________________________|
 
        This code comes without any warranty
        for non-commercial, academia use only.
        Preliminary test version.
        Cite this work as:
        S. Grimme  &  C. Bannwarth, JCP 145 (2016) 054103
        if GBSA is used additionally:
        P. Shushkov, F. März, C. Bannwarth, S. Grimme, unpublished.
 
        with help from
        P. Shushkov, G. Brandenburg, S. Dohm, J. Pisarek,
        F. März, M. Checinski, S. Ehrlich, S. Spicher, 
        P. Pracht, E. Caldeweyher, S. Ehlert, and C. Bannwarth.
 
        usage        :
        xtb4stda <coord_file> [options]
        where <coord_file> is a valid file of TM)
        (*coord, Bohr) or xmol (*xyz, Angstroem)
        format.

        options:
        -chrg <int>   : molecular charge
        -uhf  <int>   : # of unpaired electrons(=2*S)
        -nox          : skip second, extended part in sTDA-xTB
        -pop          : do population analysis
                      : (default for -nox)
        -mowr <real>  : cut MO write above (def.3 Eh)
        -molden       : write formatted molden file
        -parx <file>  : read parameters for sTDA-xTB
                        calc (def:~/.param_stda2.xtb)
        -parv <file>  : read parameters for vTB part in
                        sTDA-xTB (def: ~/.param_stda1.xtb)
        -xtemp <real> : el. temp for xTB (def. 0 K)
        -etemp <real> : el. temp for GFN (def. 300 K)
        -fod          : calculate the FOD and write
                        molden.input file with
                        appropriate occupations
                        for plotting. Def. T=12500 K
 
        -acc <real>   : xTB accuracy (def. 1.0)
        -gbsa [string1] [string2]
                        use GBSA implicit solvent
                        for solvent [string1] and
                        solvation state [string2]=
                        reference, bar1M (default=1M)
        additional GFN/opt/MD/siman options read from
        $XTB4STDAHOME/.xtb4stdarc or $set in input
 
       spin and charge state information can be on:
       <.CHRG> (charge) and <.UHF> (=nalpha-nbeta)
       -uhf and -chrg override the file info.
       useful machine settings:
       setenv MKL_NUM_THREADS <NCORE_ON_YOUR_MACHINE>
       setenv OMP_STACKSIZE 500m
       limit stacksize unlimited
 
       total energies in Eh, gaps/HL energies in eV
       please read REVISION and HOWTO files carefully
 =============================
  # OMP threads =           4
 =============================
 
 xtb4stdahome directory:~/
 
 
 name of molecule           :
 comment line               :
 number of atoms            :   140
 number of electrons        :   352
 charge                     :  0
 spin                       : 0.0
 first test random number   :  0.1854
 
 -----------------------------------------
      charge density (VTB) calculation
 -----------------------------------------
 
      method parameters     
 k(s)        :  1.8000
 k(p)        :  2.8350
 k(d)        :  2.0860
 k(f)        :  2.0000
 Tscal       :  0.3300
 Gscal       :  0.3910
 fpol        :  1.0000
 Zcnf        :  0.6500
 Zqf         :  0.0000
 kcn         :  0.3000
 kEN1        : -0.5900
 wllscal     :  2.6000
 
     -------------------------
     ! NO SOLVENT MODEL USED !
     -------------------------
 
 doing EN charges ...
 sum q : -0.3885781D-14
 point charge moment (au)
     X       Y       Z   
  -0.1666   1.1002   0.2554  total (Debye):    2.902
 
            Z      q(EN)   CN      Cart. coordinates
     1  MG  2.0   0.991   4.837    16.06456     5.93374    52.05817
     2  C   4.0   0.018   3.284    18.99930     3.70764    57.29838
     3  C   4.0  -0.059   3.147    12.85770    10.28011    55.87920
     4  C   4.0  -0.058   3.143    12.87092     8.13338    46.76694
     5  C   4.0  -0.057   3.150    18.52687     1.04124    48.35431
     6  N   5.0  -0.371   3.134    15.90204     6.80301    56.14943
     7  C   4.0   0.109   3.358    17.45918     5.76366    57.86530
     8  C   4.0  -0.094   4.159    17.11336     7.03545    60.55438
     9  C   4.0  -0.096   4.141    14.94962     8.97998    60.01014
    10  C   4.0   0.090   3.333    14.48286     8.73431    57.17933
    11  C   4.0  -0.238   4.039    12.62715     8.53967    61.69010
    12  C   4.0  -0.162   4.080    19.59835     8.10503    61.50491
    13  C   4.0  -0.172   4.069    19.46607     9.39950    63.99746
    14  C   4.0   0.163   3.087    20.47140     8.12960    66.32182
    15  O   6.0  -0.094   1.042    22.69750     8.16929    67.02480
    16  O   6.0  -0.112   2.038    18.58168     7.09403    67.86951
    17  N   5.0  -0.388   3.175    13.49264     8.91006    51.41755
    18  C   4.0   0.081   3.338    12.36826    10.36515    53.25815
    19  C   4.0   0.009   3.256    10.78467    12.24542    51.93912
    20  C   4.0   0.005   3.196    10.70341    11.72764    49.26327
    21  C   4.0   0.061   3.375    12.46652     9.56012    49.01760
    22  C   4.0  -0.246   4.023     9.45808    14.38459    53.34507
    23  C   4.0   0.105   3.042     9.22375    12.92950    47.09197
    24  O   6.0  -0.098   1.052     9.59981    12.59502    44.81296
    25  C   4.0  -0.249   4.040     7.42095    14.99875    47.83085
    26  N   5.0  -0.395   3.160    15.69984     4.75266    48.13699
    27  C   4.0   0.097   3.354    14.26554     5.96964    46.38521
    28  C   4.0  -0.095   4.154    14.72852     4.72431    43.81897
    29  C   4.0  -0.096   4.157    16.17038     2.21098    44.45958
    30  C   4.0   0.104   3.388    16.86202     2.70798    47.16189
    31  C   4.0  -0.236   4.012    11.97141     4.28590    42.51694
    32  C   4.0  -0.164   4.041    18.57979     1.64217    42.75883
    33  C   4.0  -0.238   4.009    18.60246    -0.86360    41.41145
    34  N   5.0  -0.531   3.184    18.16972     3.02356    52.58162
    35  C   4.0   0.060   3.532    19.26009     1.15462    51.05284
    36  C   4.0   0.021   3.219    20.77754    -0.64440    52.43045
    37  C   4.0   0.003   3.429    20.75864     0.37606    54.93433
    38  C   4.0   0.055   3.794    19.24497     2.61727    54.88520
    39  C   4.0  -0.250   4.031    22.23641    -2.76089    51.48936
    40  C   4.0   0.114   3.251    21.43327    -0.18141    57.50436
    41  O   6.0  -0.104   1.056    22.34412    -2.12027    58.29994
    42  C   4.0  -0.117   4.215    20.72085     2.07870    59.12386
    43  C   4.0   0.178   3.192    19.45284     1.00533    61.28948
    44  O   6.0  -0.106   1.061    17.23997     0.43653    61.25925
    45  O   6.0  -0.099   2.012    20.90037     1.35493    63.47400
    46  C   4.0  -0.205   4.019    19.57945     0.17574    65.74357
    47  C   4.0  -0.130   4.051    19.21662     6.35704    70.42253
    48  C   4.0  -0.056   3.090    19.57756     8.66439    72.16296
    49  C   4.0   0.017   3.063    20.71707     8.93651    74.33804
    50  C   4.0  -0.247   4.029    22.41215     6.87671    75.61738
    51  C   4.0  -0.175   4.071    20.81533    11.50276    75.68352
    52  C   4.0  -0.162   4.031    18.50042    12.26432    77.22365
    53  C   4.0  -0.164   4.063    17.34013    15.01198    76.79090
    54  C   4.0  -0.089   4.063    16.85258    16.42172    79.31936
    55  C   4.0  -0.239   4.068    14.62837    15.32190    80.75555
    56  C   4.0  -0.165   4.093    16.20440    19.17505    78.79401
    57  C   4.0  -0.162   4.033    18.59301    20.84935    78.59559
    58  C   4.0  -0.163   4.032    18.53821    23.58567    79.81447
    59  C   4.0  -0.087   4.020    19.98952    23.92771    82.35615
    60  C   4.0  -0.238   4.030    22.29877    25.66815    82.30890
    61  C   4.0  -0.163   4.041    18.18105    24.77053    84.74854
    62  C   4.0  -0.164   4.052    19.46985    24.02787    87.18251
    63  C   4.0  -0.165   4.082    17.86169    22.41026    88.96830
    64  C   4.0  -0.089   4.040    18.23019    19.59646    89.08924
    65  C   4.0  -0.241   4.061    16.44251    18.10735    87.42250
    66  C   4.0  -0.239   4.047    18.41727    18.48341    91.72730
    67  H   1.0   0.071   1.007    11.84669    11.58213    57.12075
    68  H   1.0   0.071   1.008    11.90527     8.72297    45.04162
    69  H   1.0   0.071   1.004    19.84968    -0.12283    47.28094
    70  H   1.0   0.086   1.010    16.75431     5.45753    61.82805
    71  H   1.0   0.085   1.009    15.57323    10.86026    60.57139
    72  H   1.0   0.081   1.000    10.92451     8.94785    60.60540
    73  H   1.0   0.081   0.998    12.36259    10.09870    63.00724
    74  H   1.0   0.081   0.998    12.61392     6.71987    62.65386
    75  H   1.0   0.082   1.004    20.42794     9.29367    60.04037
    76  H   1.0   0.084   1.012    20.74730     6.44586    61.91876
    77  H   1.0   0.083   1.008    17.58201     9.94374    64.62674
    78  H   1.0   0.082   1.008    20.56967    11.13238    63.85006
    79  H   1.0   0.080   1.000    10.06468    14.30900    55.31228
    80  H   1.0   0.080   1.000     7.43229    14.07090    53.14098
    81  H   1.0   0.080   0.998    10.04767    16.28188    52.80272
    82  H   1.0   0.081   1.003     8.71353    16.50865    48.37320
    83  H   1.0   0.081   0.998     6.18696    14.61703    49.43334
    84  H   1.0   0.080   1.000     6.15484    15.30300    46.23404
    85  H   1.0   0.084   1.006    15.91149     6.03201    42.75505
    86  H   1.0   0.085   1.008    14.86080     0.62361    44.36510
    87  H   1.0   0.080   0.998    11.98653     5.41595    40.79351
    88  H   1.0   0.080   0.997    10.36515     5.06069    43.54873
    89  H   1.0   0.080   0.996    11.29867     2.37539    42.14656
    90  H   1.0   0.082   1.005    20.29377     1.72154    43.89833
    91  H   1.0   0.082   1.004    18.67427     3.13506    41.34342
    92  H   1.0   0.080   0.998    17.16249    -2.19964    42.02939
    93  H   1.0   0.080   1.000    20.56400    -1.48910    41.38500
    94  H   1.0   0.080   1.002    18.25286    -0.33070    39.45181
    95  H   1.0   0.081   1.003    23.57244    -1.95020    50.14955
    96  H   1.0   0.080   1.004    20.79265    -4.03079    50.74670
    97  H   1.0   0.081   1.002    23.20772    -3.60371    53.09941
    98  H   1.0   0.085   1.009    22.43105     3.09159    59.66243
    99  H   1.0   0.080   0.995    18.26609     1.26423    66.89819
   100  H   1.0   0.080   0.996    21.16115    -0.15685    67.01913
   101  H   1.0   0.081   0.997    18.60813    -1.52312    65.10106
   102  H   1.0   0.082   1.001    20.94761     5.24588    70.30914
   103  H   1.0   0.082   0.999    17.85980     4.98321    71.13495
   104  H   1.0   0.071   1.008    18.68561    10.39349    71.48644
   105  H   1.0   0.080   0.996    22.32144     6.58569    77.65451
   106  H   1.0   0.080   0.998    24.39825     7.21497    75.18275
   107  H   1.0   0.080   0.999    21.83011     5.06824    74.82181
   108  H   1.0   0.082   1.003    21.29154    12.97486    74.32292
   109  H   1.0   0.082   1.006    22.52931    11.30056    76.80791
   110  H   1.0   0.082   1.005    19.04277    12.21141    79.20975
   111  H   1.0   0.082   1.003    17.06989    10.79789    77.00633
   112  H   1.0   0.082   1.001    15.62992    14.91750    75.64762
   113  H   1.0   0.082   1.003    18.73096    16.06078    75.69297
   114  H   1.0   0.084   1.009    18.68561    16.28188    80.24910
   115  H   1.0   0.081   0.999    14.43562    16.28377    82.56591
   116  H   1.0   0.082   1.006    15.40127    13.43973    81.07680
   117  H   1.0   0.080   0.997    12.83880    15.20285    79.74077
   118  H   1.0   0.083   1.006    15.14804    19.89881    80.40784
   119  H   1.0   0.083   1.003    15.08001    19.53977    77.10838
   120  H   1.0   0.081   1.006    18.73285    21.28965    76.58681
   121  H   1.0   0.082   1.002    20.42227    20.05188    79.10582
   122  H   1.0   0.082   1.006    16.63526    24.10723    80.40406
   123  H   1.0   0.081   1.001    19.05600    25.05210    78.46331
   124  H   1.0   0.083   1.009    20.55455    22.03043    82.92684
   125  H   1.0   0.080   0.998    21.85657    27.55976    82.99676
   126  H   1.0   0.080   0.998    23.05844    26.05554    80.43430
   127  H   1.0   0.080   0.998    23.85968    24.86690    83.38983
   128  H   1.0   0.082   1.001    16.25164    24.11668    84.44807
   129  H   1.0   0.081   1.004    18.05066    26.82655    84.81279
   130  H   1.0   0.082   1.003    20.09346    25.74563    88.13304
   131  H   1.0   0.083   1.005    21.26131    23.10946    86.74787
   132  H   1.0   0.083   1.007    15.91149    22.78065    88.41650
   133  H   1.0   0.083   1.005    18.10168    23.39670    90.75976
   134  H   1.0   0.084   1.017    19.95929    19.10513    88.08391
   135  H   1.0   0.081   0.998    15.82834    18.93694    85.64238
   136  H   1.0   0.081   1.005    14.81167    18.02610    88.67917
   137  H   1.0   0.080   0.998    17.09257    16.19684    87.00676
   138  H   1.0   0.081   0.999    18.06011    19.93850    93.14081
   139  H   1.0   0.080   0.999    20.34290    17.78799    91.96729
   140  H   1.0   0.081   1.001    17.25320    16.78455    91.74053
 
  Z AO/shell   Hii/eV     exponent
  1     Sat Feb 20 21:38:01 CET 2016    EN: 2.327 GAM: 0.473  GM3: 0.0000
     1s    -13.751157    1.051071
  6     Sat Feb 20 21:38:01 CET 2016    EN: 2.731 GAM: 0.422  GM3: 0.0000
     2s    -19.378245    2.021003
     2p    -11.993376    1.497917
  7     Sat Feb 20 21:38:01 CET 2016    EN: 3.573 GAM: 0.504  GM3: 0.0000
     2s    -21.576984    2.275442
     2p    -16.125120    2.056788
  8     Sat Feb 20 21:38:01 CET 2016    EN: 3.700 GAM: 0.587  GM3: 0.0000
     2s    -21.648843    2.110798
     2p    -17.239740    2.329048
 12     Sat Feb 20 23:25:47 CET 2016    EN: 0.033 GAM: 0.222  GM3: 0.0000
     3s    -12.693633    1.302878
     3p     -8.128821    0.504252
 
 dipole moment of classical point charges (au)
     X       Y       Z   
  -0.1666   1.1002   0.2554  total (Debye):    2.902

 
 Nbf   :          338
 T(el) :   300.0
 calculating S/T integrals ...
 cpu time for ints   0.125023000000000     
 Nao   :          338
 making H0...
 making H1...
 cpu time for H      6.607000000000002E-003
 solving ...
 cpu time for diag   7.889800000000002E-002
 
 gap (eV)           :   1.311
 Koopmans IP (eV)   :  12.176
 Eel (Eh)           :  -268.414017
 T,E(Fermi),NFOD :    300.000   -11.521  0.000000
 T,E(Fermi),NFOD :    300.000   -11.521  0.000000
 Nfod               :  0.0000
 Nfod/Nel           :  0.0000

          eigenvalues
 #    :         164        165        166        167        168        169        170        171
 occ. :        2.000      2.000      2.000      2.000      2.000      2.000      2.000      2.000
 eps  :       -16.338    -16.236    -16.104    -15.892    -15.748    -15.427    -15.341    -15.243
 #    :         172        173        174        175        176        177        178        179
 occ. :        2.000      2.000      2.000      2.000      2.000      0.000      0.000      0.000
 eps  :       -14.969    -14.897    -14.606    -13.234    -12.177    -10.866     -9.484     -8.655
 #    :         180        181        182        183        184        185        186        187
 occ. :        0.000      0.000      0.000      0.000      0.000      0.000      0.000      0.000
 eps  :        -8.289     -8.157     -8.014     -7.959     -7.561     -7.302     -7.234     -7.014
                            1  SCC done.
 making H1...
 cpu time for H      9.192200000000000E-002
 solving ...
 cpu time for diag   3.552800000000000E-002
 
 gap (eV)           :   1.582
 Koopmans IP (eV)   :  12.059
 Eel (Eh)           :  -265.598491
 T,E(Fermi),NFOD :    300.000   -11.268  0.000000
 T,E(Fermi),NFOD :    300.000   -11.268  0.000000
 Nfod               :  0.0000
 Nfod/Nel           :  0.0000

          eigenvalues
 #    :         164        165        166        167        168        169        170        171
 occ. :        2.000      2.000      2.000      2.000      2.000      2.000      2.000      2.000
 eps  :       -15.217    -15.136    -15.013    -15.007    -14.786    -14.604    -14.459    -14.181
 #    :         172        173        174        175        176        177        178        179
 occ. :        2.000      2.000      2.000      2.000      2.000      0.000      0.000      0.000
 eps  :       -14.145    -13.975    -13.826    -12.669    -12.060    -10.478     -8.890     -8.305
 #    :         180        181        182        183        184        185        186        187
 occ. :        0.000      0.000      0.000      0.000      0.000      0.000      0.000      0.000
 eps  :        -8.083     -7.975     -7.890     -7.877     -7.406     -7.236     -7.029     -6.809
                            2  SCC done.
 
 
 Mulliken/CM5 charges    n(s)   n(p)   n(d)   
    1 MG  0.2916  0.7873   0.669  1.040  0.000
    2 C  -0.0050 -0.0012   1.184  2.821  0.000
    3 C  -0.0222 -0.0647   1.116  2.906  0.000
    4 C  -0.0125 -0.0541   1.122  2.891  0.000
    5 C  -0.0589 -0.1015   1.151  2.908  0.000
    6 N  -0.1599 -0.4124   1.409  3.751  0.000
    7 C   0.0330  0.0986   1.235  2.732  0.000
    8 C  -0.0322 -0.0884   1.206  2.826  0.000
    9 C  -0.0119 -0.0687   1.185  2.827  0.000
   10 C   0.0454  0.1014   1.215  2.740  0.000
   11 C  -0.1013 -0.2503   1.102  2.999  0.000
   12 C  -0.0355 -0.1431   1.139  2.896  0.000
   13 C  -0.0411 -0.1427   1.126  2.915  0.000
   14 C   0.2065  0.2508   1.203  2.590  0.000
   15 O  -0.2695 -0.3164   1.630  4.639  0.000
   16 O  -0.1654 -0.2445   1.481  4.684  0.000
   17 N  -0.1961 -0.4575   1.391  3.805  0.000
   18 C   0.0347  0.0952   1.193  2.772  0.000
   19 C  -0.0304 -0.0351   1.229  2.801  0.000
   20 C  -0.0636 -0.0596   1.216  2.847  0.000
   21 C   0.0248  0.0797   1.223  2.752  0.000
   22 C  -0.0850 -0.2303   1.084  3.001  0.000
   23 C   0.1488  0.1708   1.209  2.642  0.000
   24 O  -0.2435 -0.2940   1.627  4.616  0.000
   25 C  -0.0903 -0.2325   1.093  2.997  0.000
   26 N  -0.1678 -0.4325   1.402  3.765  0.000
   27 C   0.0509  0.1090   1.219  2.730  0.000
   28 C  -0.0199 -0.0745   1.214  2.806  0.000
   29 C  -0.0277 -0.0820   1.204  2.824  0.000
   30 C   0.0555  0.1174   1.208  2.736  0.000
   31 C  -0.1083 -0.2558   1.112  2.996  0.000
   32 C  -0.0579 -0.1697   1.152  2.906  0.000
   33 C  -0.0893 -0.2417   1.092  2.998  0.000
   34 N  -0.2186 -0.5492   1.394  3.825  0.000
   35 C   0.0029  0.0587   1.223  2.774  0.000
   36 C  -0.0076 -0.0167   1.208  2.799  0.000
   37 C  -0.0765 -0.0700   1.197  2.880  0.000
   38 C   0.0216  0.0858   1.198  2.780  0.000
   39 C  -0.0476 -0.1911   1.074  2.973  0.000
   40 C   0.1562  0.1898   1.182  2.662  0.000
   41 O  -0.2495 -0.2945   1.627  4.623  0.000
   42 C  -0.0183 -0.0608   1.182  2.836  0.000
   43 C   0.2372  0.2902   1.171  2.592  0.000
   44 O  -0.2580 -0.3085   1.623  4.635  0.000
   45 O  -0.1663 -0.2435   1.529  4.638  0.000
   46 C   0.0012 -0.1246   1.105  2.894  0.000
   47 C   0.0438 -0.0347   1.126  2.830  0.000
   48 C  -0.0592 -0.1143   1.156  2.904  0.000
   49 C  -0.0192 -0.0432   1.212  2.807  0.000
   50 C  -0.1040 -0.2500   1.090  3.014  0.000
   51 C  -0.0558 -0.1624   1.138  2.918  0.000
   52 C  -0.0655 -0.1761   1.153  2.912  0.000
   53 C  -0.0758 -0.1862   1.165  2.911  0.000
   54 C  -0.0069 -0.0822   1.195  2.812  0.000
   55 C  -0.0921 -0.2424   1.097  2.995  0.000
   56 C  -0.0611 -0.1711   1.154  2.907  0.000
   57 C  -0.0709 -0.1825   1.159  2.911  0.000
   58 C  -0.0785 -0.1888   1.165  2.914  0.000
   59 C  -0.0437 -0.1167   1.223  2.820  0.000
   60 C  -0.1022 -0.2521   1.098  3.004  0.000
   61 C  -0.0796 -0.1913   1.172  2.908  0.000
   62 C  -0.0597 -0.1738   1.146  2.914  0.000
   63 C  -0.0649 -0.1752   1.145  2.920  0.000
   64 C  -0.0143 -0.0919   1.175  2.839  0.000
   65 C  -0.1095 -0.2629   1.106  3.003  0.000
   66 C  -0.0906 -0.2410   1.100  2.991  0.000
   67 H   0.0582  0.1175   0.942  0.000  0.000
   68 H   0.0627  0.1271   0.937  0.000  0.000
   69 H   0.0619  0.1207   0.938  0.000  0.000
   70 H   0.0523  0.1185   0.948  0.000  0.000
   71 H   0.0496  0.1114   0.950  0.000  0.000
   72 H   0.0351  0.0886   0.965  0.000  0.000
   73 H   0.0336  0.0853   0.966  0.000  0.000
   74 H   0.0425  0.0950   0.958  0.000  0.000
   75 H   0.0436  0.1009   0.956  0.000  0.000
   76 H   0.0466  0.1108   0.953  0.000  0.000
   77 H   0.0393  0.1033   0.961  0.000  0.000
   78 H   0.0505  0.1108   0.949  0.000  0.000
   79 H   0.0442  0.0981   0.956  0.000  0.000
   80 H   0.0521  0.1052   0.948  0.000  0.000
   81 H   0.0495  0.1014   0.950  0.000  0.000
   82 H   0.0593  0.1149   0.941  0.000  0.000
   83 H   0.0426  0.0959   0.957  0.000  0.000
   84 H   0.0480  0.1041   0.952  0.000  0.000
   85 H   0.0590  0.1196   0.941  0.000  0.000
   86 H   0.0531  0.1151   0.947  0.000  0.000
   87 H   0.0307  0.0822   0.969  0.000  0.000
   88 H   0.0395  0.0921   0.960  0.000  0.000
   89 H   0.0388  0.0896   0.961  0.000  0.000
   90 H   0.0386  0.0963   0.961  0.000  0.000
   91 H   0.0356  0.0921   0.964  0.000  0.000
   92 H   0.0409  0.0928   0.959  0.000  0.000
   93 H   0.0418  0.0939   0.958  0.000  0.000
   94 H   0.0271  0.0797   0.973  0.000  0.000
   95 H   0.0572  0.1110   0.943  0.000  0.000
   96 H   0.0596  0.1136   0.940  0.000  0.000
   97 H   0.0563  0.1114   0.944  0.000  0.000
   98 H   0.0656  0.1327   0.934  0.000  0.000
   99 H   0.0574  0.1139   0.943  0.000  0.000
  100 H   0.0480  0.1079   0.952  0.000  0.000
  101 H   0.0616  0.1253   0.938  0.000  0.000
  102 H   0.0482  0.1164   0.952  0.000  0.000
  103 H   0.0584  0.1203   0.942  0.000  0.000
  104 H   0.0369  0.0979   0.963  0.000  0.000
  105 H   0.0391  0.0900   0.961  0.000  0.000
  106 H   0.0409  0.0927   0.959  0.000  0.000
  107 H   0.0323  0.0855   0.968  0.000  0.000
  108 H   0.0362  0.0928   0.964  0.000  0.000
  109 H   0.0398  0.0973   0.960  0.000  0.000
  110 H   0.0297  0.0869   0.970  0.000  0.000
  111 H   0.0310  0.0872   0.969  0.000  0.000
  112 H   0.0252  0.0807   0.975  0.000  0.000
  113 H   0.0314  0.0884   0.969  0.000  0.000
  114 H   0.0450  0.1056   0.955  0.000  0.000
  115 H   0.0416  0.0946   0.958  0.000  0.000
  116 H   0.0345  0.0898   0.965  0.000  0.000
  117 H   0.0392  0.0912   0.961  0.000  0.000
  118 H   0.0339  0.0921   0.966  0.000  0.000
  119 H   0.0389  0.0949   0.961  0.000  0.000
  120 H   0.0272  0.0834   0.973  0.000  0.000
  121 H   0.0364  0.0923   0.964  0.000  0.000
  122 H   0.0273  0.0850   0.973  0.000  0.000
  123 H   0.0376  0.0925   0.962  0.000  0.000
  124 H   0.0276  0.0887   0.972  0.000  0.000
  125 H   0.0310  0.0835   0.969  0.000  0.000
  126 H   0.0304  0.0821   0.970  0.000  0.000
  127 H   0.0355  0.0873   0.965  0.000  0.000
  128 H   0.0378  0.0932   0.962  0.000  0.000
  129 H   0.0259  0.0818   0.974  0.000  0.000
  130 H   0.0396  0.0950   0.960  0.000  0.000
  131 H   0.0302  0.0881   0.970  0.000  0.000
  132 H   0.0269  0.0854   0.973  0.000  0.000
  133 H   0.0375  0.0942   0.962  0.000  0.000
  134 H   0.0194  0.0812   0.981  0.000  0.000
  135 H   0.0380  0.0903   0.962  0.000  0.000
  136 H   0.0144  0.0693   0.986  0.000  0.000
  137 H   0.0357  0.0875   0.964  0.000  0.000
  138 H   0.0395  0.0922   0.961  0.000  0.000
  139 H   0.0336  0.0856   0.966  0.000  0.000
  140 H   0.0404  0.0940   0.960  0.000  0.000
 Hirshfeld charges for QMDFF written to <charges>
 
 Loewdin charges    n(s)   n(p)   n(d)
    1 MG  0.1282   0.681  1.190  0.000
    2 C  -0.0027   1.143  2.860  0.000
    3 C  -0.0198   1.062  2.957  0.000
    4 C  -0.0110   1.069  2.943  0.000
    5 C  -0.0576   1.101  2.957  0.000
    6 N  -0.1257   1.366  3.760  0.000
    7 C   0.0338   1.199  2.767  0.000
    8 C  -0.0257   1.159  2.866  0.000
    9 C  -0.0031   1.136  2.868  0.000
   10 C   0.0494   1.177  2.774  0.000
   11 C  -0.1053   1.031  3.074  0.000
   12 C  -0.0291   1.078  2.951  0.000
   13 C  -0.0413   1.066  2.975  0.000
   14 C   0.1877   1.176  2.636  0.000
   15 O  -0.2568   1.602  4.654  0.000
   16 O  -0.1323   1.448  4.684  0.000
   17 N  -0.1657   1.350  3.815  0.000
   18 C   0.0367   1.155  2.808  0.000
   19 C  -0.0217   1.189  2.832  0.000
   20 C  -0.0713   1.182  2.890  0.000
   21 C   0.0307   1.185  2.785  0.000
   22 C  -0.0873   1.011  3.077  0.000
   23 C   0.1481   1.173  2.679  0.000
   24 O  -0.2288   1.598  4.631  0.000
   25 C  -0.0961   1.021  3.075  0.000
   26 N  -0.1332   1.358  3.775  0.000
   27 C   0.0563   1.181  2.763  0.000
   28 C  -0.0107   1.167  2.844  0.000
   29 C  -0.0212   1.156  2.865  0.000
   30 C   0.0611   1.169  2.769  0.000
   31 C  -0.1118   1.042  3.069  0.000
   32 C  -0.0532   1.093  2.960  0.000
   33 C  -0.0909   1.019  3.072  0.000
   34 N  -0.1803   1.349  3.831  0.000
   35 C   0.0041   1.186  2.809  0.000
   36 C   0.0033   1.165  2.831  0.000
   37 C  -0.0855   1.160  2.925  0.000
   38 C   0.0277   1.159  2.814  0.000
   39 C  -0.0462   0.997  3.049  0.000
   40 C   0.1507   1.147  2.702  0.000
   41 O  -0.2343   1.595  4.639  0.000
   42 C  -0.0185   1.133  2.885  0.000
   43 C   0.2155   1.144  2.641  0.000
   44 O  -0.2431   1.592  4.651  0.000
   45 O  -0.1373   1.499  4.639  0.000
   46 C  -0.0021   1.035  2.967  0.000
   47 C   0.0406   1.069  2.890  0.000
   48 C  -0.0575   1.106  2.952  0.000
   49 C  -0.0094   1.170  2.839  0.000
   50 C  -0.1074   1.018  3.089  0.000
   51 C  -0.0528   1.078  2.975  0.000
   52 C  -0.0616   1.095  2.967  0.000
   53 C  -0.0736   1.108  2.965  0.000
   54 C   0.0051   1.146  2.849  0.000
   55 C  -0.0959   1.026  3.070  0.000
   56 C  -0.0582   1.096  2.962  0.000
   57 C  -0.0670   1.102  2.965  0.000
   58 C  -0.0763   1.108  2.968  0.000
   59 C  -0.0350   1.178  2.857  0.000
   60 C  -0.1060   1.027  3.079  0.000
   61 C  -0.0778   1.116  2.962  0.000
   62 C  -0.0560   1.087  2.969  0.000
   63 C  -0.0632   1.087  2.976  0.000
   64 C  -0.0034   1.125  2.878  0.000
   65 C  -0.1150   1.036  3.078  0.000
   66 C  -0.0939   1.028  3.066  0.000
   67 H   0.0540   0.946  0.000  0.000
   68 H   0.0559   0.944  0.000  0.000
   69 H   0.0570   0.943  0.000  0.000
   70 H   0.0453   0.955  0.000  0.000
   71 H   0.0439   0.956  0.000  0.000
   72 H   0.0362   0.964  0.000  0.000
   73 H   0.0345   0.965  0.000  0.000
   74 H   0.0414   0.959  0.000  0.000
   75 H   0.0396   0.960  0.000  0.000
   76 H   0.0428   0.957  0.000  0.000
   77 H   0.0361   0.964  0.000  0.000
   78 H   0.0462   0.954  0.000  0.000
   79 H   0.0446   0.955  0.000  0.000
   80 H   0.0511   0.949  0.000  0.000
   81 H   0.0485   0.952  0.000  0.000
   82 H   0.0580   0.942  0.000  0.000
   83 H   0.0431   0.957  0.000  0.000
   84 H   0.0457   0.954  0.000  0.000
   85 H   0.0522   0.948  0.000  0.000
   86 H   0.0469   0.953  0.000  0.000
   87 H   0.0309   0.969  0.000  0.000
   88 H   0.0402   0.960  0.000  0.000
   89 H   0.0390   0.961  0.000  0.000
   90 H   0.0368   0.963  0.000  0.000
   91 H   0.0333   0.967  0.000  0.000
   92 H   0.0405   0.959  0.000  0.000
   93 H   0.0414   0.959  0.000  0.000
   94 H   0.0277   0.972  0.000  0.000
   95 H   0.0549   0.945  0.000  0.000
   96 H   0.0570   0.943  0.000  0.000
   97 H   0.0531   0.947  0.000  0.000
   98 H   0.0572   0.943  0.000  0.000
   99 H   0.0537   0.946  0.000  0.000
  100 H   0.0444   0.956  0.000  0.000
  101 H   0.0563   0.944  0.000  0.000
  102 H   0.0415   0.958  0.000  0.000
  103 H   0.0520   0.948  0.000  0.000
  104 H   0.0302   0.970  0.000  0.000
  105 H   0.0390   0.961  0.000  0.000
  106 H   0.0403   0.960  0.000  0.000
  107 H   0.0327   0.967  0.000  0.000
  108 H   0.0338   0.966  0.000  0.000
  109 H   0.0369   0.963  0.000  0.000
  110 H   0.0284   0.972  0.000  0.000
  111 H   0.0283   0.972  0.000  0.000
  112 H   0.0229   0.977  0.000  0.000
  113 H   0.0295   0.971  0.000  0.000
  114 H   0.0393   0.961  0.000  0.000
  115 H   0.0419   0.958  0.000  0.000
  116 H   0.0349   0.965  0.000  0.000
  117 H   0.0385   0.961  0.000  0.000
  118 H   0.0321   0.968  0.000  0.000
  119 H   0.0359   0.964  0.000  0.000
  120 H   0.0255   0.974  0.000  0.000
  121 H   0.0344   0.966  0.000  0.000
  122 H   0.0266   0.973  0.000  0.000
  123 H   0.0352   0.965  0.000  0.000
  124 H   0.0236   0.976  0.000  0.000
  125 H   0.0318   0.968  0.000  0.000
  126 H   0.0313   0.969  0.000  0.000
  127 H   0.0355   0.965  0.000  0.000
  128 H   0.0363   0.964  0.000  0.000
  129 H   0.0244   0.976  0.000  0.000
  130 H   0.0373   0.963  0.000  0.000
  131 H   0.0294   0.971  0.000  0.000
  132 H   0.0256   0.974  0.000  0.000
  133 H   0.0356   0.964  0.000  0.000
  134 H   0.0158   0.984  0.000  0.000
  135 H   0.0387   0.961  0.000  0.000
  136 H   0.0163   0.984  0.000  0.000
  137 H   0.0359   0.964  0.000  0.000
  138 H   0.0392   0.961  0.000  0.000
  139 H   0.0334   0.967  0.000  0.000
  140 H   0.0406   0.959  0.000  0.000
 
 Wiberg/Mayer (AO) data. WBOs > 0.1 written file <wbo>
 largest (>0.05) Wiberg bond orders for each atom
           total WBO             WBO to atom ...
     1  MG  2.555    N   34 0.605    N   17 0.514    N   26 0.372    N    6 0.364    C   38 0.063    C   21 0.053    C   35 0.050
     2  C   3.889    C    7 1.405    C   38 1.240    C   42 0.905
     3  C   3.931    C   10 1.486    C   18 1.251    H   67 0.929
     4  C   3.926    C   27 1.447    C   21 1.280    H   68 0.927
     5  C   3.863    C   30 1.460    C   35 1.189    H   69 0.934
     6  N   3.302    C    7 1.285    C   10 1.195    MG   1 0.364    C   38 0.053
     7  C   3.864    C    2 1.405    N    6 1.285    C    8 0.897
     8  C   3.932    C   12 0.970    C    9 0.953    H   70 0.940    C    7 0.897
     9  C   3.943    C   11 0.973    C    8 0.953    H   71 0.944    C   10 0.936
    10  C   3.867    C    3 1.486    N    6 1.195    C    9 0.936
    11  C   3.963    H   73 0.979    H   74 0.975    H   72 0.974    C    9 0.973
    12  C   3.961    C   13 0.976    C    8 0.970    H   75 0.961    H   76 0.957
    13  C   3.968    C   12 0.976    H   77 0.956    C   14 0.954    H   78 0.949    O   15 0.069
    14  C   3.882    O   15 1.834    O   16 1.047    C   13 0.954
    15  O   2.123    C   14 1.834    O   16 0.161    C   13 0.069
    16  O   2.282    C   14 1.047    C   47 0.974    O   15 0.161
    17  N   3.315    C   18 1.194    C   21 1.144    MG   1 0.514    C   20 0.069
    18  C   3.867    C    3 1.251    N   17 1.194    C   19 1.170
    19  C   3.852    C   20 1.413    C   18 1.170    C   22 0.987    O   24 0.060
    20  C   3.883    C   19 1.413    C   21 1.137    C   23 0.991    O   24 0.080    N   17 0.069
    21  C   3.852    C    4 1.280    N   17 1.144    C   20 1.137    N   26 0.060    MG   1 0.053
    22  C   3.979    C   19 0.987    H   79 0.974    H   81 0.968    H   80 0.964
    23  C   3.884    O   24 1.828    C   20 0.991    C   25 0.968
    24  O   2.154    C   23 1.828    C   20 0.080    C   25 0.074    C   19 0.060
    25  C   3.984    H   84 0.971    C   23 0.968    H   83 0.967    H   82 0.948    O   24 0.074
    26  N   3.324    C   30 1.243    C   27 1.229    MG   1 0.372    C   21 0.060
    27  C   3.868    C    4 1.447    N   26 1.229    C   28 0.940
    28  C   3.927    C   29 0.955    C   31 0.949    H   85 0.940    C   27 0.940
    29  C   3.934    C   28 0.955    C   30 0.947    C   32 0.939    H   86 0.934
    30  C   3.881    C    5 1.460    N   26 1.243    C   29 0.947
    31  C   3.961    H   87 0.985    H   89 0.979    H   88 0.979    C   28 0.949
    32  C   3.955    C   33 1.012    H   91 0.968    H   90 0.964    C   29 0.939
    33  C   3.982    C   32 1.012    H   94 0.987    H   93 0.978    H   92 0.977
    34  N   3.335    C   38 1.173    C   35 1.117    MG   1 0.605    C   37 0.064
    35  C   3.843    C   36 1.252    C    5 1.189    N   34 1.117    MG   1 0.050
    36  C   3.864    C   37 1.312    C   35 1.252    C   39 1.018
    37  C   3.888    C   36 1.312    C   38 1.162    C   40 1.072    O   41 0.072    N   34 0.064
    38  C   3.888    C    2 1.240    N   34 1.173    C   37 1.162    MG   1 0.063    N    6 0.053
    39  C   3.981    C   36 1.018    H   97 0.972    H   95 0.959    H   96 0.959
    40  C   3.901    O   41 1.797    C   37 1.072    C   42 0.879
    41  O   2.133    C   40 1.797    C   42 0.077    C   37 0.072
    42  C   3.947    C   43 0.958    H   98 0.924    C    2 0.905    C   40 0.879    O   41 0.077    O   44 0.062
    43  C   3.900    O   44 1.826    O   45 1.049    C   42 0.958
    44  O   2.145    C   43 1.826    O   45 0.169    C   42 0.062
    45  O   2.264    C   43 1.049    C   46 0.964    O   44 0.169
    46  C   3.937    H  100 0.991    H   99 0.983    H  101 0.981    O   45 0.964
    47  C   3.935    O   16 0.974    H  103 0.963    C   48 0.962    H  102 0.961
    48  C   3.962    C   49 1.941    C   47 0.962    H  104 0.931
    49  C   3.933    C   48 1.941    C   50 0.956    C   51 0.949
    50  C   3.983    H  105 0.979    H  107 0.979    H  106 0.975    C   49 0.956
    51  C   3.967    C   52 0.979    H  109 0.962    H  108 0.956    C   49 0.949
    52  C   3.960    C   51 0.979    C   53 0.969    H  110 0.969    H  111 0.969
    53  C   3.957    H  112 0.970    C   54 0.970    C   52 0.969    H  113 0.966
    54  C   3.944    C   55 0.991    C   56 0.973    C   53 0.970    H  114 0.947
    55  C   3.983    C   54 0.991    H  117 0.980    H  116 0.974    H  115 0.973
    56  C   3.962    C   57 0.982    C   54 0.973    H  119 0.965    H  118 0.959
    57  C   3.956    C   56 0.982    H  120 0.971    C   58 0.968    H  121 0.963
    58  C   3.952    C   59 0.971    C   57 0.968    H  122 0.963    H  123 0.962
    59  C   3.927    C   60 0.992    C   58 0.971    H  124 0.956    C   61 0.935
    60  C   3.979    C   59 0.992    H  127 0.979    H  125 0.979    H  126 0.976
    61  C   3.955    C   62 0.997    H  129 0.969    H  128 0.959    C   59 0.935
    62  C   3.964    C   61 0.997    C   63 0.979    H  130 0.963    H  131 0.960
    63  C   3.965    C   64 0.981    C   62 0.979    H  132 0.959    H  133 0.958
    64  C   3.950    C   65 0.990    C   66 0.986    C   63 0.981    H  134 0.954
    65  C   3.979    C   64 0.990    H  136 0.982    H  137 0.978    H  135 0.972
    66  C   3.982    C   64 0.986    H  139 0.983    H  138 0.978    H  140 0.974
    67  H   0.994    C    3 0.929
    68  H   0.993    C    4 0.927
    69  H   0.993    C    5 0.934
    70  H   0.995    C    8 0.940
    71  H   0.995    C    9 0.944
    72  H   0.997    C   11 0.974
    73  H   0.998    C   11 0.979
    74  H   0.996    C   11 0.975
    75  H   0.997    C   12 0.961
    76  H   0.996    C   12 0.957
    77  H   0.998    C   13 0.956
    78  H   0.997    C   13 0.949
    79  H   0.996    C   22 0.974
    80  H   0.993    C   22 0.964
    81  H   0.994    C   22 0.968
    82  H   0.996    C   25 0.948
    83  H   0.998    C   25 0.967
    84  H   0.995    C   25 0.971
    85  H   0.993    C   28 0.940
    86  H   0.994    C   29 0.934
    87  H   0.998    C   31 0.985
    88  H   0.996    C   31 0.979
    89  H   0.997    C   31 0.979
    90  H   0.996    C   32 0.964
    91  H   0.997    C   32 0.968
    92  H   0.998    C   33 0.977
    93  H   0.997    C   33 0.978
    94  H   0.999    C   33 0.987
    95  H   0.991    C   39 0.959
    96  H   0.991    C   39 0.959
    97  H   0.995    C   39 0.972
    98  H   0.992    C   42 0.924
    99  H   0.997    C   46 0.983
   100  H   0.997    C   46 0.991
   101  H   0.996    C   46 0.981
   102  H   0.997    C   47 0.961
   103  H   0.996    C   47 0.963
   104  H   0.999    C   48 0.931
   105  H   0.998    C   50 0.979
   106  H   0.998    C   50 0.975
   107  H   0.998    C   50 0.979
   108  H   0.999    C   51 0.956
   109  H   0.997    C   51 0.962
   110  H   0.998    C   52 0.969
   111  H   0.999    C   52 0.969
   112  H   0.999    C   53 0.970
   113  H   0.999    C   53 0.966
   114  H   0.998    C   54 0.947
   115  H   0.998    C   55 0.973
   116  H   0.998    C   55 0.974
   117  H   0.998    C   55 0.980
   118  H   0.998    C   56 0.959
   119  H   0.998    C   56 0.965
   120  H   0.999    C   57 0.971
   121  H   0.999    C   57 0.963
   122  H   0.999    C   58 0.963
   123  H   0.997    C   58 0.962
   124  H   0.999    C   59 0.956
   125  H   0.999    C   60 0.979
   126  H   0.999    C   60 0.976
   127  H   0.998    C   60 0.979
   128  H   0.999    C   61 0.959
   129  H   0.999    C   61 0.969
   130  H   0.997    C   62 0.963
   131  H   0.999    C   62 0.960
   132  H   0.999    C   63 0.959
   133  H   0.998    C   63 0.958
   134  H   1.000    C   64 0.954
   135  H   0.999    C   65 0.972
   136  H   1.000    C   65 0.982
   137  H   0.998    C   65 0.978
   138  H   0.998    C   66 0.978
   139  H   0.999    C   66 0.983
   140  H   0.998    C   66 0.974
 
 --------------------------------------------
          xTB calculation for sTDA...
 --------------------------------------------
 
 reading parameter file ~/.param_stda2.xtb
 
      method parameters     
 k(s)        :  1.6000
 k(p)        :  2.1800
 k(d)        :  1.9500
 k(f)        :  2.0000
 k(R-V)      :  2.2750
 k(R-R)      :  1.7650
 Tscal       :  0.2580
 Gscal       :  1.0000
 fpol        :  1.0000
 Zcnf        :  0.3430
 Zqf         :  0.0000
 kcn         :  2.7000
 Ryd Hsplit  :  0.7000
 lshift(virt):  3.1000
 lshift(OS)  :  0.2000
 wllscaling  :  2.6000
 
 mowrcut     : 3.000
 
  Z AO/shell   Hii/eV     exponent
  1     Sun Feb 14 09:53:25 CET 2016    EN: 2.327 GAM: 0.473  GM3: 0.0000
     1s    -14.339618    1.220000
     2sp    -3.348946    0.600000
  6     Sun Feb 14 09:53:25 CET 2016    EN: 2.731 GAM: 0.422  GM3: 0.0000
     2s    -22.009312    1.565095
     2p    -13.020408    1.596905
     3sp    -3.914040    0.824500
  7     Sun Feb 14 09:53:25 CET 2016    EN: 3.573 GAM: 0.504  GM3: 0.0000
     2s    -25.722000    2.064844
     2p    -18.684912    1.801692
     3sp    -4.344791    0.921400
  8     Sun Feb 14 09:53:25 CET 2016    EN: 3.700 GAM: 0.587  GM3: 0.0000
     2s    -33.859000    2.418661
     2p    -22.175911    1.973969
     3sp    -4.259392    1.013700
 12     Sun Feb 21 16:58:31 CET 2016    EN: 0.033 GAM: 0.222  GM3: 0.0000
     3s    -11.092543    1.647583
     3p     -6.929529    0.855020
 
 Nbf   :          894
 T(el) :     0.0
 calculating S/T integrals ...
 cpu time for ints    1.39591600000000     
 Nao   :          894
 making H0...
 making H1...
 cpu time for H      2.576000000000001E-002
 solving ...
 cpu time for diag   0.308107000000000     
 
 gap (eV)           :   4.686
 Koopmans IP (eV)   :  13.379
 Eel (Eh)           :  -301.057684

          eigenvalues
 #    :         164        165        166        167        168        169        170        171
 occ. :        2.000      2.000      2.000      2.000      2.000      2.000      2.000      2.000
 eps  :       -17.338    -17.293    -17.028    -16.481    -16.144    -15.966    -15.940    -15.905
 #    :         172        173        174        175        176        177        178        179
 occ. :        2.000      2.000      2.000      2.000      2.000      0.000      0.000      0.000
 eps  :       -15.686    -15.474    -15.023    -13.950    -13.381     -8.694     -6.969     -6.706
 #    :         180        181        182        183        184        185        186        187
 occ. :        0.000      0.000      0.000      0.000      0.000      0.000      0.000      0.000
 eps  :        -6.078     -5.879     -5.811     -5.643     -5.306     -5.143     -5.086     -5.006
                            1  SCC done.
 writing mo output ...
 molden style : F
 
speedup  1.03
cpu  time for all    2.22 s
wall time for all    2.16 s
