cpu-bind=MASK - bp1-compute070, task 4294967295 4294967295 [0]: mask 0xffffffffffff set
Host:    bp1-compute070.data.bp.acrc.priv
Time:    Thu Apr 28 01:06:58 BST 2022
Dir:     /user/home/of15641/chlorophyll_parameterization/tddft_data/step_1401_chromophore_17
Job ID:  1658298
Nodelist:
cat: bp1-compute070: No such file or directory
  
Result dir: /user/home/of15641/chlorophyll_parameterization/tddft_data/step_1401_chromophore_17
running gaussian jobs
Running time g16 < CAMB3LYP_step_1401_chromophore_17.com > CAMB3LYP_step_1401_chromophore_17.log

real	28m57.705s
user	682m2.825s
sys	0m41.943s
Running time g16 < PBE0_step_1401_chromophore_17.com > PBE0_step_1401_chromophore_17.log

real	25m26.241s
user	607m38.861s
sys	0m44.854s
Running time g16 < wB97XD_step_1401_chromophore_17.com > wB97XD_step_1401_chromophore_17.log

real	29m41.315s
user	699m24.004s
sys	0m45.009s
Running time g16 < BLYP_step_1401_chromophore_17.com > BLYP_step_1401_chromophore_17.log

real	12m22.039s
user	294m45.666s
sys	0m27.852s
Running time g16 < ZINDO_step_1401_chromophore_17.com > ZINDO_step_1401_chromophore_17.log

real	0m7.579s
user	2m48.143s
sys	0m2.802s
