cpu-bind=MASK - bp1-compute154, task 4294967295 4294967295 [0]: mask 0xffffff00ffffff set
Host:    bp1-compute154.data.bp.acrc.priv
Time:    Fri Apr 29 07:12:03 BST 2022
Dir:     /user/home/of15641/chlorophyll_parameterization/tddft_data/step_201_chromophore_19
Job ID:  1658628
Nodelist:
cat: bp1-compute154: No such file or directory
  
Result dir: /user/home/of15641/chlorophyll_parameterization/tddft_data/step_201_chromophore_19
running gaussian jobs
Running time g16 < CAMB3LYP_step_201_chromophore_19.com > CAMB3LYP_step_201_chromophore_19.log

real	26m41.688s
user	628m35.407s
sys	0m24.957s
Running time g16 < PBE0_step_201_chromophore_19.com > PBE0_step_201_chromophore_19.log

real	22m3.634s
user	527m11.899s
sys	0m22.960s
Running time g16 < wB97XD_step_201_chromophore_19.com > wB97XD_step_201_chromophore_19.log

real	34m0.601s
user	802m5.519s
sys	0m31.092s
Running time g16 < BLYP_step_201_chromophore_19.com > BLYP_step_201_chromophore_19.log

real	11m55.542s
user	284m21.129s
sys	0m21.317s
Running time g16 < ZINDO_step_201_chromophore_19.com > ZINDO_step_201_chromophore_19.log

real	0m7.276s
user	2m40.706s
sys	0m2.557s
