cpu-bind=MASK - bp1-compute150, task 4294967295 4294967295 [0]: mask 0x1ffffef01ffffef set
Host:    bp1-compute150.data.bp.acrc.priv
Time:    Fri Apr 29 22:14:58 BST 2022
Dir:     /user/home/of15641/chlorophyll_parameterization/tddft_data/step_501_chromophore_5
Job ID:  1658805
Nodelist:
cat: bp1-compute150: No such file or directory
  
Result dir: /user/home/of15641/chlorophyll_parameterization/tddft_data/step_501_chromophore_5
running gaussian jobs
Running time g16 < CAMB3LYP_step_501_chromophore_5.com > CAMB3LYP_step_501_chromophore_5.log

real	35m34.916s
user	840m43.454s
sys	0m33.802s
Running time g16 < PBE0_step_501_chromophore_5.com > PBE0_step_501_chromophore_5.log

real	20m26.263s
user	488m25.477s
sys	0m21.579s
Running time g16 < wB97XD_step_501_chromophore_5.com > wB97XD_step_501_chromophore_5.log

real	34m26.938s
user	813m57.624s
sys	0m30.421s
Running time g16 < BLYP_step_501_chromophore_5.com > BLYP_step_501_chromophore_5.log

real	15m36.211s
user	372m27.365s
sys	0m24.780s
Running time g16 < ZINDO_step_501_chromophore_5.com > ZINDO_step_501_chromophore_5.log

real	0m8.193s
user	3m3.246s
sys	0m2.983s
