cpu-bind=MASK - bp1-compute102, task 4294967295 4294967295 [0]: mask 0xffffffffffff set
Host:    bp1-compute102.data.bp.acrc.priv
Time:    Fri Apr 29 12:53:50 BST 2022
Dir:     /user/home/of15641/chlorophyll_parameterization/tddft_data/step_301_chromophore_6
Job ID:  1658695
Nodelist:
cat: bp1-compute102: No such file or directory
  
Result dir: /user/home/of15641/chlorophyll_parameterization/tddft_data/step_301_chromophore_6
running gaussian jobs
Running time g16 < CAMB3LYP_step_301_chromophore_6.com > CAMB3LYP_step_301_chromophore_6.log

real	27m12.396s
user	640m26.172s
sys	0m27.775s
Running time g16 < PBE0_step_301_chromophore_6.com > PBE0_step_301_chromophore_6.log

real	15m41.147s
user	374m17.720s
sys	0m18.655s
Running time g16 < wB97XD_step_301_chromophore_6.com > wB97XD_step_301_chromophore_6.log

real	30m19.753s
user	714m5.425s
sys	0m29.105s
Running time g16 < BLYP_step_301_chromophore_6.com > BLYP_step_301_chromophore_6.log

real	11m50.338s
user	282m22.730s
sys	0m23.455s
Running time g16 < ZINDO_step_301_chromophore_6.com > ZINDO_step_301_chromophore_6.log

real	0m6.468s
user	2m20.006s
sys	0m2.474s
