cpu-bind=MASK - bp1-compute154, task 4294967295 4294967295 [0]: mask 0xffffff00ffffff set
Host:    bp1-compute154.data.bp.acrc.priv
Time:    Sat Apr 30 02:08:03 BST 2022
Dir:     /user/home/of15641/chlorophyll_parameterization/tddft_data/step_551_chromophore_17
Job ID:  1658845
Nodelist:
cat: bp1-compute154: No such file or directory
  
Result dir: /user/home/of15641/chlorophyll_parameterization/tddft_data/step_551_chromophore_17
running gaussian jobs
Running time g16 < CAMB3LYP_step_551_chromophore_17.com > CAMB3LYP_step_551_chromophore_17.log

real	35m58.862s
user	853m3.369s
sys	0m24.372s
Running time g16 < PBE0_step_551_chromophore_17.com > PBE0_step_551_chromophore_17.log

real	24m57.500s
user	596m52.057s
sys	0m20.631s
Running time g16 < wB97XD_step_551_chromophore_17.com > wB97XD_step_551_chromophore_17.log

real	38m6.710s
user	903m15.430s
sys	0m25.762s
Running time g16 < BLYP_step_551_chromophore_17.com > BLYP_step_551_chromophore_17.log

real	19m24.206s
user	463m29.809s
sys	0m22.019s
Running time g16 < ZINDO_step_551_chromophore_17.com > ZINDO_step_551_chromophore_17.log

real	0m6.614s
user	2m25.281s
sys	0m2.278s
