cpu-bind=MASK - bp1-compute137, task 4294967295 4294967295 [0]: mask 0xffffff00ffffff set
Host:    bp1-compute137.data.bp.acrc.priv
Time:    Thu Apr 28 23:48:51 BST 2022
Dir:     /user/home/of15641/chlorophyll_parameterization/tddft_data/step_1801_chromophore_12
Job ID:  1658539
Nodelist:
cat: bp1-compute137: No such file or directory
  
Result dir: /user/home/of15641/chlorophyll_parameterization/tddft_data/step_1801_chromophore_12
running gaussian jobs
Running time g16 < CAMB3LYP_step_1801_chromophore_12.com > CAMB3LYP_step_1801_chromophore_12.log

real	27m32.552s
user	648m3.454s
sys	0m53.265s
Running time g16 < PBE0_step_1801_chromophore_12.com > PBE0_step_1801_chromophore_12.log

real	19m18.560s
user	460m11.644s
sys	1m10.738s
Running time g16 < wB97XD_step_1801_chromophore_12.com > wB97XD_step_1801_chromophore_12.log

real	30m12.119s
user	711m13.063s
sys	1m44.802s
Running time g16 < BLYP_step_1801_chromophore_12.com > BLYP_step_1801_chromophore_12.log

real	15m30.241s
user	369m13.922s
sys	0m39.264s
Running time g16 < ZINDO_step_1801_chromophore_12.com > ZINDO_step_1801_chromophore_12.log

real	0m9.117s
user	3m23.949s
sys	0m3.021s
