cpu-bind=MASK - bp1-compute155, task 4294967295 4294967295 [0]: mask 0xffffff00ffffff set
Host:    bp1-compute155.data.bp.acrc.priv
Time:    Wed Apr 27 01:10:59 BST 2022
Dir:     /user/home/of15641/chlorophyll_parameterization/tddft_data/step_101_chromophore_9
Job ID:  1658099
Nodelist:
cat: bp1-compute155: No such file or directory
  
Result dir: /user/home/of15641/chlorophyll_parameterization/tddft_data/step_101_chromophore_9
running gaussian jobs
Running time g16 < CAMB3LYP_step_101_chromophore_9.com > CAMB3LYP_step_101_chromophore_9.log

real	25m41.713s
user	604m24.086s
sys	0m27.690s
Running time g16 < PBE0_step_101_chromophore_9.com > PBE0_step_101_chromophore_9.log

real	18m6.491s
user	432m28.593s
sys	0m23.784s
Running time g16 < wB97XD_step_101_chromophore_9.com > wB97XD_step_101_chromophore_9.log

real	24m32.293s
user	577m1.640s
sys	0m28.376s
Running time g16 < BLYP_step_101_chromophore_9.com > BLYP_step_101_chromophore_9.log

real	12m9.585s
user	289m52.091s
sys	0m23.157s
Running time g16 < ZINDO_step_101_chromophore_9.com > ZINDO_step_101_chromophore_9.log

real	0m7.558s
user	2m44.188s
sys	0m2.610s
