cpu-bind=MASK - bp1-compute137, task 4294967295 4294967295 [0]: mask 0xffffff00ffffff set
Host:    bp1-compute137.data.bp.acrc.priv
Time:    Fri Apr 29 01:23:55 BST 2022
Dir:     /user/home/of15641/chlorophyll_parameterization/tddft_data/step_1801_chromophore_4
Job ID:  1658557
Nodelist:
cat: bp1-compute137: No such file or directory
  
Result dir: /user/home/of15641/chlorophyll_parameterization/tddft_data/step_1801_chromophore_4
running gaussian jobs
Running time g16 < CAMB3LYP_step_1801_chromophore_4.com > CAMB3LYP_step_1801_chromophore_4.log

real	30m25.495s
user	716m56.967s
sys	1m33.170s
Running time g16 < PBE0_step_1801_chromophore_4.com > PBE0_step_1801_chromophore_4.log

real	23m7.416s
user	551m3.110s
sys	2m0.295s
Running time g16 < wB97XD_step_1801_chromophore_4.com > wB97XD_step_1801_chromophore_4.log

real	32m4.819s
user	755m35.500s
sys	1m39.677s
Running time g16 < BLYP_step_1801_chromophore_4.com > BLYP_step_1801_chromophore_4.log

real	13m51.487s
user	329m32.695s
sys	1m15.825s
Running time g16 < ZINDO_step_1801_chromophore_4.com > ZINDO_step_1801_chromophore_4.log

real	0m6.028s
user	2m10.645s
sys	0m2.165s
