cpu-bind=MASK - bp1-compute154, task 4294967295 4294967295 [0]: mask 0xffffff00ffffff set
Host:    bp1-compute154.data.bp.acrc.priv
Time:    Fri Apr 29 01:21:51 BST 2022
Dir:     /user/home/of15641/chlorophyll_parameterization/tddft_data/step_1801_chromophore_6
Job ID:  1658559
Nodelist:
cat: bp1-compute154: No such file or directory
  
Result dir: /user/home/of15641/chlorophyll_parameterization/tddft_data/step_1801_chromophore_6
running gaussian jobs
Running time g16 < CAMB3LYP_step_1801_chromophore_6.com > CAMB3LYP_step_1801_chromophore_6.log

real	21m10.162s
user	497m50.140s
sys	0m20.537s
Running time g16 < PBE0_step_1801_chromophore_6.com > PBE0_step_1801_chromophore_6.log

real	21m14.984s
user	507m48.099s
sys	0m23.798s
Running time g16 < wB97XD_step_1801_chromophore_6.com > wB97XD_step_1801_chromophore_6.log

real	21m51.436s
user	513m45.203s
sys	0m21.595s
Running time g16 < BLYP_step_1801_chromophore_6.com > BLYP_step_1801_chromophore_6.log

real	12m33.440s
user	299m25.330s
sys	0m22.753s
Running time g16 < ZINDO_step_1801_chromophore_6.com > ZINDO_step_1801_chromophore_6.log

real	0m7.225s
user	2m37.730s
sys	0m2.393s
