 
        ______________________________________
       |                                      |
       |          ===================         |
       |             xTB for sTDA             |
       |          ===================         |
       |               S. Grimme              |
       |        Universitaet Bonn, MCTC       |
       |         2015-19, Version 1.0         |
       |     Wed Apr  3 09:14:55 CEST 2019    |
       |______________________________________|
 
        This code comes without any warranty
        for non-commercial, academia use only.
        Preliminary test version.
        Cite this work as:
        S. Grimme  &  C. Bannwarth, JCP 145 (2016) 054103
        if GBSA is used additionally:
        P. Shushkov, F. März, C. Bannwarth, S. Grimme, unpublished.
 
        with help from
        P. Shushkov, G. Brandenburg, S. Dohm, J. Pisarek,
        F. März, M. Checinski, S. Ehrlich, S. Spicher, 
        P. Pracht, E. Caldeweyher, S. Ehlert, and C. Bannwarth.
 
        usage        :
        xtb4stda <coord_file> [options]
        where <coord_file> is a valid file of TM)
        (*coord, Bohr) or xmol (*xyz, Angstroem)
        format.

        options:
        -chrg <int>   : molecular charge
        -uhf  <int>   : # of unpaired electrons(=2*S)
        -nox          : skip second, extended part in sTDA-xTB
        -pop          : do population analysis
                      : (default for -nox)
        -mowr <real>  : cut MO write above (def.3 Eh)
        -molden       : write formatted molden file
        -parx <file>  : read parameters for sTDA-xTB
                        calc (def:~/.param_stda2.xtb)
        -parv <file>  : read parameters for vTB part in
                        sTDA-xTB (def: ~/.param_stda1.xtb)
        -xtemp <real> : el. temp for xTB (def. 0 K)
        -etemp <real> : el. temp for GFN (def. 300 K)
        -fod          : calculate the FOD and write
                        molden.input file with
                        appropriate occupations
                        for plotting. Def. T=12500 K
 
        -acc <real>   : xTB accuracy (def. 1.0)
        -gbsa [string1] [string2]
                        use GBSA implicit solvent
                        for solvent [string1] and
                        solvation state [string2]=
                        reference, bar1M (default=1M)
        additional GFN/opt/MD/siman options read from
        $XTB4STDAHOME/.xtb4stdarc or $set in input
 
       spin and charge state information can be on:
       <.CHRG> (charge) and <.UHF> (=nalpha-nbeta)
       -uhf and -chrg override the file info.
       useful machine settings:
       setenv MKL_NUM_THREADS <NCORE_ON_YOUR_MACHINE>
       setenv OMP_STACKSIZE 500m
       limit stacksize unlimited
 
       total energies in Eh, gaps/HL energies in eV
       please read REVISION and HOWTO files carefully
 =============================
  # OMP threads =           4
 =============================
 
 xtb4stdahome directory:~/
 
 
 name of molecule           :
 comment line               :
 number of atoms            :   140
 number of electrons        :   352
 charge                     :  0
 spin                       : 0.0
 first test random number   :  0.3278
 
 -----------------------------------------
      charge density (VTB) calculation
 -----------------------------------------
 
      method parameters     
 k(s)        :  1.8000
 k(p)        :  2.8350
 k(d)        :  2.0860
 k(f)        :  2.0000
 Tscal       :  0.3300
 Gscal       :  0.3910
 fpol        :  1.0000
 Zcnf        :  0.6500
 Zqf         :  0.0000
 kcn         :  0.3000
 kEN1        : -0.5900
 wllscal     :  2.6000
 
     -------------------------
     ! NO SOLVENT MODEL USED !
     -------------------------
 
 doing EN charges ...
 sum q : -0.9992007D-15
 point charge moment (au)
     X       Y       Z   
   0.0948  -0.9358   0.1927  total (Debye):    2.441
 
            Z      q(EN)   CN      Cart. coordinates
     1  MG  2.0   0.886   4.752    48.25604    96.41949    49.87176
     2  C   4.0   0.023   3.284    43.99660    98.44905    54.64332
     3  C   4.0  -0.060   3.120    52.10352    93.88536    54.45434
     4  C   4.0  -0.058   3.155    52.78383    95.92627    45.44224
     5  C   4.0  -0.050   3.228    44.62588    99.71139    45.65200
     6  N   5.0  -0.350   3.093    48.10486    96.62169    54.14821
     7  C   4.0   0.099   3.346    46.11687    97.16593    55.72235
     8  C   4.0  -0.095   4.147    46.71969    96.44027    58.48702
     9  C   4.0  -0.095   4.139    49.37665    95.18361    58.25458
    10  C   4.0   0.099   3.354    49.81885    95.17605    55.37464
    11  C   4.0  -0.236   4.016    51.43456    96.26831    60.09706
    12  C   4.0  -0.162   4.054    44.67123    94.73385    59.66999
    13  C   4.0  -0.167   4.032    44.90934    93.90804    62.52158
    14  C   4.0   0.168   3.101    46.04884    95.73919    64.52280
    15  O   6.0  -0.091   1.042    46.57797    98.00686    64.19777
    16  O   6.0  -0.117   2.040    46.50049    94.44661    66.70355
    17  N   5.0  -0.436   3.182    51.71991    94.62803    49.86231
    18  C   4.0   0.092   3.405    52.99736    93.70773    51.85219
    19  C   4.0   0.012   3.209    55.39732    92.41705    50.89599
    20  C   4.0   0.004   3.224    55.64865    93.25609    48.35620
    21  C   4.0   0.062   3.426    53.39799    94.78487    47.81007
    22  C   4.0  -0.247   4.016    57.02248    90.83724    52.64399
    23  C   4.0   0.104   3.049    57.83884    92.62114    46.48159
    24  O   6.0  -0.097   1.062    57.78026    93.25987    44.22904
    25  C   4.0  -0.250   4.041    59.94211    90.96763    47.22803
    26  N   5.0  -0.396   3.148    48.97225    98.20717    46.17545
    27  C   4.0   0.107   3.456    50.75048    97.50230    44.53706
    28  C   4.0  -0.094   4.145    50.32340    98.59456    41.86877
    29  C   4.0  -0.097   4.204    47.48692    99.12368    41.99916
    30  C   4.0   0.099   3.516    46.96536    98.97440    44.84320
    31  C   4.0  -0.236   4.037    52.00526   100.94916    41.44736
    32  C   4.0  -0.161   4.026    45.62176    97.33411    40.54785
    33  C   4.0  -0.237   3.986    45.55184    97.81410    37.53185
    34  N   5.0  -0.449   3.249    45.13988    98.70795    49.90955
    35  C   4.0   0.071   3.668    43.65645    99.65092    48.05195
    36  C   4.0   0.023   3.269    41.23004   100.35957    48.76438
    37  C   4.0  -0.001   3.501    41.36988   100.17437    51.38165
    38  C   4.0   0.062   3.776    43.67157    98.95550    52.03360
    39  C   4.0  -0.247   4.028    39.11922   101.44049    47.22236
    40  C   4.0   0.116   3.190    40.01117   100.64869    53.76270
    41  O   6.0  -0.104   1.041    37.86633   101.36490    54.10096
    42  C   4.0  -0.120   4.245    41.81775    99.67737    55.90565
    43  C   4.0   0.177   3.141    42.68891   101.71450    57.56105
    44  O   6.0  -0.096   1.042    43.80763   103.69493    57.10563
    45  O   6.0  -0.112   2.040    41.97648   101.07577    59.98746
    46  C   4.0  -0.200   4.001    42.39411   102.82377    62.15309
    47  C   4.0  -0.138   4.086    47.34519    96.19083    68.74256
    48  C   4.0  -0.056   3.100    46.92001    94.71306    71.21054
    49  C   4.0   0.021   3.088    47.81196    95.24975    73.50467
    50  C   4.0  -0.253   4.066    49.39177    97.49852    74.17174
    51  C   4.0  -0.177   4.095    47.46047    93.58112    75.75911
    52  C   4.0  -0.163   4.039    49.02327    91.16794    75.70620
    53  C   4.0  -0.164   4.070    50.95646    90.81456    77.98710
    54  C   4.0  -0.089   4.056    51.26827    88.17650    79.06802
    55  C   4.0  -0.238   4.025    52.14510    86.13938    77.09893
    56  C   4.0  -0.165   4.087    48.92123    87.57746    80.73098
    57  C   4.0  -0.162   4.040    49.72814    87.19951    83.48809
    58  C   4.0  -0.166   4.095    49.12910    89.70340    84.90917
    59  C   4.0  -0.087   4.038    50.89599    90.75598    87.04834
    60  C   4.0  -0.240   4.069    50.31584    89.49742    89.47852
    61  C   4.0  -0.164   4.080    50.61631    93.61702    87.27321
    62  C   4.0  -0.162   4.032    52.93689    95.18928    86.28867
    63  C   4.0  -0.164   4.061    52.25470    98.07111    85.84647
    64  C   4.0  -0.088   4.020    53.11642    98.99707    83.24810
    65  C   4.0  -0.238   4.031    53.23169   101.94127    83.17629
    66  C   4.0  -0.239   4.025    51.47425    97.88025    81.01255
    67  H   1.0   0.070   1.003    53.24870    92.87058    55.83951
    68  H   1.0   0.072   1.008    54.14443    95.25731    44.04384
    69  H   1.0   0.072   1.008    43.38622   100.56744    44.24037
    70  H   1.0   0.086   1.010    46.64033    98.23551    59.49235
    71  H   1.0   0.085   1.012    49.06295    93.31845    59.07094
    72  H   1.0   0.080   0.999    52.65154    97.52120    59.00480
    73  H   1.0   0.080   0.999    52.70824    94.69417    60.47690
    74  H   1.0   0.080   0.998    50.63521    97.46829    61.56916
    75  H   1.0   0.083   1.011    45.14933    92.99530    58.67410
    76  H   1.0   0.081   1.001    42.67001    95.02487    59.27125
    77  H   1.0   0.081   1.003    45.98270    92.14871    62.52914
    78  H   1.0   0.082   1.005    42.93079    93.69450    63.05449
    79  H   1.0   0.080   0.998    56.51792    90.91283    54.63954
    80  H   1.0   0.080   1.000    58.93488    91.60258    52.57029
    81  H   1.0   0.080   1.000    57.09051    88.95129    51.81818
    82  H   1.0   0.081   1.011    58.82906    89.23853    47.35086
    83  H   1.0   0.080   0.999    60.77359    91.32479    49.07807
    84  H   1.0   0.080   0.999    61.37641    90.88826    45.75215
    85  H   1.0   0.084   1.007    50.78072    97.12058    40.50628
    86  H   1.0   0.086   1.009    47.19024   101.01152    41.23193
    87  H   1.0   0.082   1.004    52.50037   101.42159    43.39000
    88  H   1.0   0.080   0.998    50.88843   102.56866    40.83509
    89  H   1.0   0.080   0.997    53.73436   100.52019    40.41179
    90  H   1.0   0.081   1.001    43.66023    97.23207    41.16579
    91  H   1.0   0.082   1.006    46.57608    95.52376    40.78407
    92  H   1.0   0.079   0.996    44.47848    96.35524    36.55108
    93  H   1.0   0.079   0.996    47.41133    97.95017    36.65501
    94  H   1.0   0.080   0.998    44.62399    99.64147    37.32776
    95  H   1.0   0.080   0.998    39.39512   101.47261    45.18146
    96  H   1.0   0.081   1.005    39.15134   103.37746    47.91967
    97  H   1.0   0.080   0.998    37.28807   100.61846    47.67968
    98  H   1.0   0.086   1.011    40.87288    98.20528    56.99413
    99  H   1.0   0.080   0.996    44.17423   102.19260    62.97701
   100  H   1.0   0.080   0.996    40.80296   102.63102    63.44566
   101  H   1.0   0.080   0.996    42.33553   104.78908    61.54082
   102  H   1.0   0.082   1.002    46.32663    97.95205    69.06192
   103  H   1.0   0.082   1.000    49.31807    96.76531    68.60083
   104  H   1.0   0.071   1.004    45.64822    93.15971    70.75323
   105  H   1.0   0.081   1.000    51.15677    96.84090    75.00511
   106  H   1.0   0.080   0.998    48.66422    98.80054    75.59282
   107  H   1.0   0.081   1.000    49.54672    98.74952    72.54469
   108  H   1.0   0.083   1.009    45.44224    93.20317    75.59849
   109  H   1.0   0.082   1.005    47.76093    94.75086    77.42963
   110  H   1.0   0.082   1.004    50.17600    91.03755    74.00356
   111  H   1.0   0.082   1.002    47.83085    89.49553    75.56825
   112  H   1.0   0.082   1.001    50.99992    92.26587    79.44786
   113  H   1.0   0.083   1.012    52.77816    90.89771    77.02901
   114  H   1.0   0.084   1.014    53.02760    88.15761    80.13572
   115  H   1.0   0.081   1.002    51.97502    87.13904    75.30558
   116  H   1.0   0.080   0.997    50.85630    84.53689    76.97610
   117  H   1.0   0.080   0.997    54.14821    85.68395    77.25200
   118  H   1.0   0.082   1.003    47.88755    85.86537    80.23587
   119  H   1.0   0.083   1.004    47.50393    89.05900    80.53445
   120  H   1.0   0.082   1.003    51.74637    86.80645    83.60337
   121  H   1.0   0.081   1.002    48.70202    85.61781    84.32146
   122  H   1.0   0.083   1.004    47.23370    89.41994    85.66506
   123  H   1.0   0.083   1.004    48.53383    91.13581    83.55612
   124  H   1.0   0.084   1.010    52.87264    90.38181    86.61181
   125  H   1.0   0.081   1.000    49.43523    87.66250    89.15538
   126  H   1.0   0.080   0.998    49.21413    90.54811    90.86747
   127  H   1.0   0.081   1.000    52.07140    89.21396    90.51598
   128  H   1.0   0.082   1.003    50.20057    94.14993    89.21963
   129  H   1.0   0.083   1.005    49.04595    94.32189    86.14127
   130  H   1.0   0.082   1.003    53.57562    94.35969    84.51421
   131  H   1.0   0.081   1.003    54.52237    95.34990    87.59447
   132  H   1.0   0.082   1.004    53.33751    99.08967    87.27321
   133  H   1.0   0.082   1.002    50.25726    98.46606    86.15639
   134  H   1.0   0.083   1.008    55.02693    98.31488    82.89472
   135  H   1.0   0.080   0.997    55.12331   102.74251    83.03456
   136  H   1.0   0.080   0.997    52.46446   103.00518    84.76555
   137  H   1.0   0.080   0.997    52.17722   102.80298    81.63049
   138  H   1.0   0.080   0.997    49.97380    99.07833    80.27178
   139  H   1.0   0.081   1.002    51.00937    96.02642    81.78167
   140  H   1.0   0.081   0.999    52.71580    97.74607    79.37605
 
  Z AO/shell   Hii/eV     exponent
  1     Sat Feb 20 21:38:01 CET 2016    EN: 2.327 GAM: 0.473  GM3: 0.0000
     1s    -13.751157    1.051071
  6     Sat Feb 20 21:38:01 CET 2016    EN: 2.731 GAM: 0.422  GM3: 0.0000
     2s    -19.378245    2.021003
     2p    -11.993376    1.497917
  7     Sat Feb 20 21:38:01 CET 2016    EN: 3.573 GAM: 0.504  GM3: 0.0000
     2s    -21.576984    2.275442
     2p    -16.125120    2.056788
  8     Sat Feb 20 21:38:01 CET 2016    EN: 3.700 GAM: 0.587  GM3: 0.0000
     2s    -21.648843    2.110798
     2p    -17.239740    2.329048
 12     Sat Feb 20 23:25:47 CET 2016    EN: 0.033 GAM: 0.222  GM3: 0.0000
     3s    -12.693633    1.302878
     3p     -8.128821    0.504252
 
 dipole moment of classical point charges (au)
     X       Y       Z   
   0.0948  -0.9358   0.1927  total (Debye):    2.441

 
 Nbf   :          338
 T(el) :   300.0
 calculating S/T integrals ...
 cpu time for ints   0.137940000000000     
 Nao   :          338
 making H0...
 making H1...
 cpu time for H      4.824000000000023E-003
 solving ...
 cpu time for diag   6.815599999999999E-002
 
 gap (eV)           :   1.418
 Koopmans IP (eV)   :  11.997
 Eel (Eh)           :  -268.339039
 T,E(Fermi),NFOD :    300.000   -11.288  0.000000
 T,E(Fermi),NFOD :    300.000   -11.288  0.000000
 Nfod               :  0.0000
 Nfod/Nel           :  0.0000

          eigenvalues
 #    :         164        165        166        167        168        169        170        171
 occ. :        2.000      2.000      2.000      2.000      2.000      2.000      2.000      2.000
 eps  :       -16.328    -16.237    -16.076    -15.970    -15.792    -15.458    -15.381    -14.870
 #    :         172        173        174        175        176        177        178        179
 occ. :        2.000      2.000      2.000      2.000      2.000      0.000      0.000      0.000
 eps  :       -14.774    -14.709    -14.611    -13.133    -11.998    -10.580     -9.888     -8.697
 #    :         180        181        182        183        184        185        186        187
 occ. :        0.000      0.000      0.000      0.000      0.000      0.000      0.000      0.000
 eps  :        -8.313     -8.138     -8.074     -7.802     -7.623     -7.331     -7.041     -6.938
                            1  SCC done.
 making H1...
 cpu time for H      7.705500000000001E-002
 solving ...
 cpu time for diag   2.878899999999998E-002
 
 gap (eV)           :   1.635
 Koopmans IP (eV)   :  11.819
 Eel (Eh)           :  -265.278893
 T,E(Fermi),NFOD :    300.000   -11.002  0.000000
 T,E(Fermi),NFOD :    300.000   -11.002  0.000000
 Nfod               :  0.0000
 Nfod/Nel           :  0.0000

          eigenvalues
 #    :         164        165        166        167        168        169        170        171
 occ. :        2.000      2.000      2.000      2.000      2.000      2.000      2.000      2.000
 eps  :       -15.296    -15.028    -14.987    -14.648    -14.581    -14.405    -14.327    -14.154
 #    :         172        173        174        175        176        177        178        179
 occ. :        2.000      2.000      2.000      2.000      2.000      0.000      0.000      0.000
 eps  :       -14.111    -14.027    -13.782    -12.489    -11.820    -10.185     -9.208     -8.343
 #    :         180        181        182        183        184        185        186        187
 occ. :        0.000      0.000      0.000      0.000      0.000      0.000      0.000      0.000
 eps  :        -8.191     -8.013     -7.817     -7.794     -7.411     -7.067     -6.981     -6.748
                            2  SCC done.
 
 
 Mulliken/CM5 charges    n(s)   n(p)   n(d)   
    1 MG  0.2967  0.7425   0.663  1.040  0.000
    2 C   0.0068  0.0099   1.178  2.815  0.000
    3 C  -0.0549 -0.0980   1.142  2.913  0.000
    4 C  -0.0351 -0.0757   1.133  2.902  0.000
    5 C  -0.0305 -0.0709   1.122  2.908  0.000
    6 N  -0.1484 -0.3894   1.420  3.729  0.000
    7 C   0.0269  0.0880   1.245  2.728  0.000
    8 C  -0.0150 -0.0705   1.198  2.817  0.000
    9 C  -0.0260 -0.0833   1.200  2.826  0.000
   10 C   0.0375  0.0990   1.239  2.724  0.000
   11 C  -0.0926 -0.2409   1.110  2.983  0.000
   12 C  -0.0653 -0.1733   1.159  2.906  0.000
   13 C  -0.0583 -0.1588   1.154  2.904  0.000
   14 C   0.2047  0.2532   1.201  2.594  0.000
   15 O  -0.2844 -0.3381   1.631  4.653  0.000
   16 O  -0.1369 -0.2118   1.510  4.627  0.000
   17 N  -0.2113 -0.4944   1.381  3.830  0.000
   18 C   0.0131  0.0791   1.218  2.769  0.000
   19 C  -0.0505 -0.0562   1.238  2.813  0.000
   20 C  -0.0533 -0.0490   1.216  2.837  0.000
   21 C   0.0254  0.0811   1.214  2.761  0.000
   22 C  -0.0680 -0.2129   1.081  2.987  0.000
   23 C   0.1460  0.1659   1.218  2.636  0.000
   24 O  -0.2469 -0.3009   1.623  4.623  0.000
   25 C  -0.0750 -0.2168   1.089  2.986  0.000
   26 N  -0.1554 -0.4213   1.415  3.740  0.000
   27 C   0.0355  0.0988   1.244  2.720  0.000
   28 C  -0.0006 -0.0594   1.189  2.811  0.000
   29 C  -0.0273 -0.0835   1.197  2.831  0.000
   30 C   0.0477  0.1110   1.201  2.751  0.000
   31 C  -0.0844 -0.2318   1.106  2.978  0.000
   32 C  -0.0607 -0.1694   1.165  2.896  0.000
   33 C  -0.1046 -0.2554   1.105  3.000  0.000
   34 N  -0.2107 -0.5059   1.399  3.812  0.000
   35 C   0.0447  0.1089   1.169  2.786  0.000
   36 C   0.0125  0.0065   1.192  2.795  0.000
   37 C  -0.0655 -0.0582   1.187  2.879  0.000
   38 C   0.0149  0.0799   1.205  2.780  0.000
   39 C  -0.0623 -0.2063   1.076  2.986  0.000
   40 C   0.1556  0.1895   1.200  2.645  0.000
   41 O  -0.2192 -0.2626   1.629  4.590  0.000
   42 C  -0.0221 -0.0642   1.180  2.842  0.000
   43 C   0.2228  0.2762   1.180  2.597  0.000
   44 O  -0.2746 -0.3178   1.630  4.645  0.000
   45 O  -0.1743 -0.2586   1.480  4.694  0.000
   46 C   0.0133 -0.1111   1.103  2.884  0.000
   47 C   0.0498 -0.0312   1.129  2.821  0.000
   48 C  -0.0766 -0.1333   1.157  2.920  0.000
   49 C  -0.0189 -0.0444   1.196  2.823  0.000
   50 C  -0.1023 -0.2492   1.082  3.020  0.000
   51 C  -0.0505 -0.1562   1.129  2.922  0.000
   52 C  -0.0635 -0.1738   1.155  2.908  0.000
   53 C  -0.0794 -0.1908   1.163  2.917  0.000
   54 C  -0.0303 -0.1054   1.204  2.826  0.000
   55 C  -0.1097 -0.2613   1.109  3.001  0.000
   56 C  -0.0690 -0.1790   1.156  2.913  0.000
   57 C  -0.0556 -0.1679   1.153  2.903  0.000
   58 C  -0.1053 -0.2160   1.172  2.933  0.000
   59 C  -0.0007 -0.0738   1.187  2.814  0.000
   60 C  -0.0962 -0.2470   1.096  3.000  0.000
   61 C  -0.0675 -0.1775   1.158  2.910  0.000
   62 C  -0.0714 -0.1838   1.161  2.910  0.000
   63 C  -0.0663 -0.1772   1.158  2.909  0.000
   64 C  -0.0171 -0.0914   1.203  2.814  0.000
   65 C  -0.1200 -0.2697   1.103  3.017  0.000
   66 C  -0.1080 -0.2591   1.106  3.002  0.000
   67 H   0.0554  0.1128   0.945  0.000  0.000
   68 H   0.0523  0.1193   0.948  0.000  0.000
   69 H   0.0485  0.1089   0.952  0.000  0.000
   70 H   0.0512  0.1192   0.949  0.000  0.000
   71 H   0.0430  0.1060   0.957  0.000  0.000
   72 H   0.0239  0.0769   0.976  0.000  0.000
   73 H   0.0461  0.0983   0.954  0.000  0.000
   74 H   0.0583  0.1138   0.942  0.000  0.000
   75 H   0.0261  0.0861   0.974  0.000  0.000
   76 H   0.0516  0.1076   0.948  0.000  0.000
   77 H   0.0489  0.1079   0.951  0.000  0.000
   78 H   0.0559  0.1147   0.944  0.000  0.000
   79 H   0.0572  0.1096   0.943  0.000  0.000
   80 H   0.0447  0.0977   0.955  0.000  0.000
   81 H   0.0540  0.1070   0.946  0.000  0.000
   82 H   0.0618  0.1191   0.938  0.000  0.000
   83 H   0.0476  0.1010   0.952  0.000  0.000
   84 H   0.0553  0.1115   0.945  0.000  0.000
   85 H   0.0452  0.1057   0.955  0.000  0.000
   86 H   0.0415  0.1037   0.958  0.000  0.000
   87 H   0.0365  0.0934   0.964  0.000  0.000
   88 H   0.0445  0.0970   0.955  0.000  0.000
   89 H   0.0489  0.1002   0.951  0.000  0.000
   90 H   0.0525  0.1077   0.947  0.000  0.000
   91 H   0.0248  0.0828   0.975  0.000  0.000
   92 H   0.0394  0.0899   0.961  0.000  0.000
   93 H   0.0305  0.0816   0.970  0.000  0.000
   94 H   0.0245  0.0763   0.975  0.000  0.000
   95 H   0.0484  0.1005   0.952  0.000  0.000
   96 H   0.0516  0.1064   0.948  0.000  0.000
   97 H   0.0536  0.1060   0.946  0.000  0.000
   98 H   0.0575  0.1273   0.942  0.000  0.000
   99 H   0.0596  0.1225   0.940  0.000  0.000
  100 H   0.0481  0.1064   0.952  0.000  0.000
  101 H   0.0558  0.1171   0.944  0.000  0.000
  102 H   0.0681  0.1320   0.932  0.000  0.000
  103 H   0.0594  0.1222   0.941  0.000  0.000
  104 H   0.0367  0.0989   0.963  0.000  0.000
  105 H   0.0426  0.0961   0.957  0.000  0.000
  106 H   0.0420  0.0938   0.958  0.000  0.000
  107 H   0.0344  0.0882   0.966  0.000  0.000
  108 H   0.0405  0.0983   0.959  0.000  0.000
  109 H   0.0449  0.1028   0.955  0.000  0.000
  110 H   0.0358  0.0926   0.964  0.000  0.000
  111 H   0.0316  0.0879   0.968  0.000  0.000
  112 H   0.0451  0.1008   0.955  0.000  0.000
  113 H   0.0279  0.0867   0.972  0.000  0.000
  114 H   0.0428  0.1043   0.957  0.000  0.000
  115 H   0.0251  0.0797   0.975  0.000  0.000
  116 H   0.0334  0.0851   0.967  0.000  0.000
  117 H   0.0437  0.0947   0.956  0.000  0.000
  118 H   0.0319  0.0875   0.968  0.000  0.000
  119 H   0.0430  0.1011   0.957  0.000  0.000
  120 H   0.0322  0.0890   0.968  0.000  0.000
  121 H   0.0393  0.0939   0.961  0.000  0.000
  122 H   0.0187  0.0756   0.981  0.000  0.000
  123 H   0.0383  0.0960   0.962  0.000  0.000
  124 H   0.0370  0.0977   0.963  0.000  0.000
  125 H   0.0359  0.0894   0.964  0.000  0.000
  126 H   0.0315  0.0836   0.969  0.000  0.000
  127 H   0.0294  0.0818   0.971  0.000  0.000
  128 H   0.0332  0.0897   0.967  0.000  0.000
  129 H   0.0318  0.0895   0.968  0.000  0.000
  130 H   0.0316  0.0886   0.968  0.000  0.000
  131 H   0.0329  0.0880   0.967  0.000  0.000
  132 H   0.0365  0.0928   0.964  0.000  0.000
  133 H   0.0291  0.0853   0.971  0.000  0.000
  134 H   0.0339  0.0932   0.966  0.000  0.000
  135 H   0.0304  0.0813   0.970  0.000  0.000
  136 H   0.0282  0.0795   0.972  0.000  0.000
  137 H   0.0289  0.0806   0.971  0.000  0.000
  138 H   0.0377  0.0893   0.962  0.000  0.000
  139 H   0.0467  0.1020   0.953  0.000  0.000
  140 H   0.0312  0.0834   0.969  0.000  0.000
 Hirshfeld charges for QMDFF written to <charges>
 
 Loewdin charges    n(s)   n(p)   n(d)
    1 MG  0.1359   0.675  1.189  0.000
    2 C   0.0094   1.137  2.853  0.000
    3 C  -0.0525   1.092  2.961  0.000
    4 C  -0.0333   1.082  2.951  0.000
    5 C  -0.0288   1.068  2.960  0.000
    6 N  -0.1142   1.376  3.738  0.000
    7 C   0.0264   1.211  2.763  0.000
    8 C  -0.0067   1.150  2.857  0.000
    9 C  -0.0196   1.153  2.866  0.000
   10 C   0.0428   1.203  2.754  0.000
   11 C  -0.0940   1.038  3.056  0.000
   12 C  -0.0631   1.102  2.961  0.000
   13 C  -0.0573   1.096  2.961  0.000
   14 C   0.1841   1.176  2.640  0.000
   15 O  -0.2724   1.604  4.668  0.000
   16 O  -0.1027   1.476  4.627  0.000
   17 N  -0.1771   1.337  3.840  0.000
   18 C   0.0150   1.182  2.803  0.000
   19 C  -0.0405   1.198  2.842  0.000
   20 C  -0.0604   1.181  2.880  0.000
   21 C   0.0315   1.175  2.794  0.000
   22 C  -0.0690   1.007  3.062  0.000
   23 C   0.1463   1.181  2.672  0.000
   24 O  -0.2327   1.594  4.638  0.000
   25 C  -0.0797   1.015  3.065  0.000
   26 N  -0.1184   1.369  3.750  0.000
   27 C   0.0392   1.208  2.753  0.000
   28 C   0.0088   1.140  2.851  0.000
   29 C  -0.0206   1.149  2.871  0.000
   30 C   0.0508   1.164  2.786  0.000
   31 C  -0.0860   1.034  3.052  0.000
   32 C  -0.0548   1.108  2.947  0.000
   33 C  -0.1057   1.034  3.072  0.000
   34 N  -0.1781   1.357  3.822  0.000
   35 C   0.0453   1.129  2.826  0.000
   36 C   0.0200   1.149  2.831  0.000
   37 C  -0.0728   1.150  2.923  0.000
   38 C   0.0187   1.166  2.815  0.000
   39 C  -0.0618   1.001  3.061  0.000
   40 C   0.1476   1.167  2.685  0.000
   41 O  -0.2020   1.597  4.605  0.000
   42 C  -0.0234   1.131  2.892  0.000
   43 C   0.2013   1.154  2.645  0.000
   44 O  -0.2619   1.601  4.661  0.000
   45 O  -0.1413   1.447  4.694  0.000
   46 C   0.0082   1.032  2.960  0.000
   47 C   0.0498   1.072  2.878  0.000
   48 C  -0.0752   1.108  2.967  0.000
   49 C  -0.0077   1.153  2.855  0.000
   50 C  -0.1067   1.010  3.097  0.000
   51 C  -0.0472   1.068  2.979  0.000
   52 C  -0.0594   1.097  2.963  0.000
   53 C  -0.0783   1.107  2.972  0.000
   54 C  -0.0205   1.157  2.864  0.000
   55 C  -0.1140   1.038  3.076  0.000
   56 C  -0.0667   1.098  2.969  0.000
   57 C  -0.0497   1.094  2.956  0.000
   58 C  -0.1077   1.118  2.990  0.000
   59 C   0.0115   1.137  2.852  0.000
   60 C  -0.1010   1.025  3.076  0.000
   61 C  -0.0656   1.101  2.965  0.000
   62 C  -0.0671   1.104  2.963  0.000
   63 C  -0.0629   1.100  2.963  0.000
   64 C  -0.0047   1.155  2.850  0.000
   65 C  -0.1255   1.033  3.092  0.000
   66 C  -0.1129   1.036  3.077  0.000
   67 H   0.0505   0.949  0.000  0.000
   68 H   0.0455   0.954  0.000  0.000
   69 H   0.0444   0.956  0.000  0.000
   70 H   0.0431   0.957  0.000  0.000
   71 H   0.0388   0.961  0.000  0.000
   72 H   0.0247   0.975  0.000  0.000
   73 H   0.0457   0.954  0.000  0.000
   74 H   0.0558   0.944  0.000  0.000
   75 H   0.0255   0.975  0.000  0.000
   76 H   0.0486   0.951  0.000  0.000
   77 H   0.0451   0.955  0.000  0.000
   78 H   0.0518   0.948  0.000  0.000
   79 H   0.0558   0.944  0.000  0.000
   80 H   0.0446   0.955  0.000  0.000
   81 H   0.0522   0.948  0.000  0.000
   82 H   0.0607   0.939  0.000  0.000
   83 H   0.0475   0.953  0.000  0.000
   84 H   0.0521   0.948  0.000  0.000
   85 H   0.0389   0.961  0.000  0.000
   86 H   0.0362   0.964  0.000  0.000
   87 H   0.0368   0.963  0.000  0.000
   88 H   0.0444   0.956  0.000  0.000
   89 H   0.0471   0.953  0.000  0.000
   90 H   0.0489   0.951  0.000  0.000
   91 H   0.0230   0.977  0.000  0.000
   92 H   0.0389   0.961  0.000  0.000
   93 H   0.0306   0.969  0.000  0.000
   94 H   0.0251   0.975  0.000  0.000
   95 H   0.0476   0.952  0.000  0.000
   96 H   0.0496   0.950  0.000  0.000
   97 H   0.0514   0.949  0.000  0.000
   98 H   0.0497   0.950  0.000  0.000
   99 H   0.0544   0.946  0.000  0.000
  100 H   0.0451   0.955  0.000  0.000
  101 H   0.0512   0.949  0.000  0.000
  102 H   0.0601   0.940  0.000  0.000
  103 H   0.0520   0.948  0.000  0.000
  104 H   0.0301   0.970  0.000  0.000
  105 H   0.0422   0.958  0.000  0.000
  106 H   0.0425   0.957  0.000  0.000
  107 H   0.0347   0.965  0.000  0.000
  108 H   0.0370   0.963  0.000  0.000
  109 H   0.0421   0.958  0.000  0.000
  110 H   0.0335   0.967  0.000  0.000
  111 H   0.0293   0.971  0.000  0.000
  112 H   0.0429   0.957  0.000  0.000
  113 H   0.0269   0.973  0.000  0.000
  114 H   0.0387   0.961  0.000  0.000
  115 H   0.0274   0.973  0.000  0.000
  116 H   0.0335   0.966  0.000  0.000
  117 H   0.0432   0.957  0.000  0.000
  118 H   0.0299   0.970  0.000  0.000
  119 H   0.0413   0.959  0.000  0.000
  120 H   0.0303   0.970  0.000  0.000
  121 H   0.0361   0.964  0.000  0.000
  122 H   0.0185   0.982  0.000  0.000
  123 H   0.0384   0.962  0.000  0.000
  124 H   0.0316   0.968  0.000  0.000
  125 H   0.0360   0.964  0.000  0.000
  126 H   0.0325   0.967  0.000  0.000
  127 H   0.0298   0.970  0.000  0.000
  128 H   0.0309   0.969  0.000  0.000
  129 H   0.0302   0.970  0.000  0.000
  130 H   0.0300   0.970  0.000  0.000
  131 H   0.0302   0.970  0.000  0.000
  132 H   0.0339   0.966  0.000  0.000
  133 H   0.0270   0.973  0.000  0.000
  134 H   0.0287   0.971  0.000  0.000
  135 H   0.0309   0.969  0.000  0.000
  136 H   0.0298   0.970  0.000  0.000
  137 H   0.0303   0.970  0.000  0.000
  138 H   0.0380   0.962  0.000  0.000
  139 H   0.0471   0.953  0.000  0.000
  140 H   0.0320   0.968  0.000  0.000
 
 Wiberg/Mayer (AO) data. WBOs > 0.1 written file <wbo>
 largest (>0.05) Wiberg bond orders for each atom
           total WBO             WBO to atom ...
     1  MG  2.550    N   34 0.558    N   17 0.523    N   26 0.369    N    6 0.353    C   38 0.060    C   21 0.060    C   10 0.058
     2  C   3.901    C    7 1.380    C   38 1.234    C   42 0.955
     3  C   3.911    C   10 1.363    C   18 1.274    H   67 0.944
     4  C   3.920    C   27 1.359    C   21 1.313    H   68 0.931
     5  C   3.922    C   30 1.456    C   35 1.261    H   69 0.931
     6  N   3.309    C   10 1.287    C    7 1.241    MG   1 0.353
     7  C   3.840    C    2 1.380    N    6 1.241    C    8 0.925
     8  C   3.933    C   12 0.957    C    9 0.956    H   70 0.933    C    7 0.925
     9  C   3.932    C   11 0.959    C    8 0.956    H   71 0.942    C   10 0.929
    10  C   3.847    C    3 1.363    N    6 1.287    C    9 0.929    MG   1 0.058
    11  C   3.960    H   72 0.984    H   73 0.977    H   74 0.971    C    9 0.959
    12  C   3.942    C   13 0.969    H   75 0.968    H   76 0.958    C    8 0.957
    13  C   3.961    C   12 0.969    H   77 0.962    H   78 0.950    C   14 0.924    O   15 0.085
    14  C   3.883    O   15 1.804    O   16 1.108    C   13 0.924
    15  O   2.114    C   14 1.804    O   16 0.162    C   13 0.085
    16  O   2.312    C   14 1.108    C   47 0.949    O   15 0.162
    17  N   3.333    C   18 1.241    C   21 1.119    MG   1 0.523    C   20 0.057    C   19 0.052
    18  C   3.861    C    3 1.274    N   17 1.241    C   19 1.089
    19  C   3.849    C   20 1.474    C   18 1.089    C   22 0.995    O   24 0.056    N   17 0.052
    20  C   3.881    C   19 1.474    C   21 1.134    C   23 0.943    O   24 0.079    N   17 0.057
    21  C   3.857    C    4 1.313    C   20 1.134    N   17 1.119    MG   1 0.060    N   26 0.053
    22  C   3.978    C   19 0.995    H   79 0.974    H   81 0.964    H   80 0.962
    23  C   3.877    O   24 1.829    C   25 0.997    C   20 0.943
    24  O   2.159    C   23 1.829    C   20 0.079    C   25 0.070    C   19 0.056
    25  C   3.983    C   23 0.997    H   84 0.967    H   83 0.961    H   82 0.936    O   24 0.070
    26  N   3.328    C   27 1.292    C   30 1.229    MG   1 0.369    C   21 0.053
    27  C   3.828    C    4 1.359    N   26 1.292    C   28 0.920
    28  C   3.938    C   29 0.970    C   31 0.968    H   85 0.945    C   27 0.920
    29  C   3.939    C   28 0.970    C   32 0.951    H   86 0.939    C   30 0.921
    30  C   3.874    C    5 1.456    N   26 1.229    C   29 0.921
    31  C   3.965    H   87 0.977    H   89 0.977    H   88 0.972    C   28 0.968
    32  C   3.950    C   33 0.988    H   91 0.973    H   90 0.962    C   29 0.951
    33  C   3.978    H   94 0.989    C   32 0.988    H   93 0.988    H   92 0.982
    34  N   3.313    C   38 1.165    C   35 1.141    MG   1 0.558    C   37 0.065
    35  C   3.888    C    5 1.261    C   36 1.235    N   34 1.141
    36  C   3.867    C   37 1.354    C   35 1.235    C   39 0.991
    37  C   3.899    C   36 1.354    C   38 1.171    C   40 1.037    O   41 0.073    N   34 0.065
    38  C   3.880    C    2 1.234    C   37 1.171    N   34 1.165    MG   1 0.060
    39  C   3.979    C   36 0.991    H   95 0.977    H   97 0.971    H   96 0.962
    40  C   3.882    O   41 1.854    C   37 1.037    C   42 0.842
    41  O   2.188    C   40 1.854    C   42 0.088    C   37 0.073
    42  C   3.945    C    2 0.955    C   43 0.938    H   98 0.927    C   40 0.842    O   41 0.088    O   44 0.064
    43  C   3.896    O   44 1.805    O   45 1.076    C   42 0.938
    44  O   2.119    C   43 1.805    O   45 0.170    C   42 0.064
    45  O   2.286    C   43 1.076    C   46 0.966    O   44 0.170
    46  C   3.938    H  100 0.991    H   99 0.985    H  101 0.982    O   45 0.966
    47  C   3.928    C   48 0.983    H  103 0.962    H  102 0.956    O   16 0.949
    48  C   3.961    C   49 1.895    C   47 0.983    H  104 0.942
    49  C   3.943    C   48 1.895    C   50 0.989    C   51 0.973
    50  C   3.986    C   49 0.989    H  107 0.973    H  105 0.967    H  106 0.967
    51  C   3.972    C   52 0.975    C   49 0.973    H  109 0.958    H  108 0.957
    52  C   3.959    C   51 0.975    H  111 0.971    H  110 0.969    C   53 0.961
    53  C   3.954    C   54 0.982    H  113 0.966    C   52 0.961    H  112 0.955
    54  C   3.935    C   53 0.982    C   55 0.975    C   56 0.964    H  114 0.947
    55  C   3.975    H  115 0.982    H  117 0.981    H  116 0.979    C   54 0.975
    56  C   3.961    C   57 0.990    C   54 0.964    H  118 0.960    H  119 0.957
    57  C   3.966    C   56 0.990    C   58 0.976    H  121 0.967    H  120 0.965
    58  C   3.940    C   57 0.976    H  122 0.969    H  123 0.952    C   59 0.950
    59  C   3.946    C   60 1.003    C   61 0.974    H  124 0.951    C   58 0.950
    60  C   3.979    C   59 1.003    H  127 0.976    H  126 0.973    H  125 0.972
    61  C   3.960    C   62 0.978    C   59 0.974    H  129 0.962    H  128 0.961
    62  C   3.961    C   61 0.978    H  131 0.973    C   63 0.972    H  130 0.970
    63  C   3.962    C   64 0.984    C   62 0.972    H  133 0.966    H  132 0.966
    64  C   3.938    C   63 0.984    C   66 0.979    C   65 0.976    H  134 0.960
    65  C   3.970    H  135 0.981    H  136 0.978    H  137 0.978    C   64 0.976
    66  C   3.981    H  140 0.984    H  138 0.979    C   64 0.979    H  139 0.973
    67  H   0.994    C    3 0.944
    68  H   0.994    C    4 0.931
    69  H   0.993    C    5 0.931
    70  H   0.994    C    8 0.933
    71  H   0.996    C    9 0.942
    72  H   0.997    C   11 0.984
    73  H   0.996    C   11 0.977
    74  H   0.995    C   11 0.971
    75  H   0.998    C   12 0.968
    76  H   0.995    C   12 0.958
    77  H   0.997    C   13 0.962
    78  H   0.996    C   13 0.950
    79  H   0.994    C   22 0.974
    80  H   0.992    C   22 0.962
    81  H   0.993    C   22 0.964
    82  H   0.995    C   25 0.936
    83  H   0.998    C   25 0.961
    84  H   0.994    C   25 0.967
    85  H   0.996    C   28 0.945
    86  H   0.996    C   29 0.939
    87  H   0.998    C   31 0.977
    88  H   0.996    C   31 0.972
    89  H   0.996    C   31 0.977
    90  H   0.996    C   32 0.962
    91  H   0.999    C   32 0.973
    92  H   0.997    C   33 0.982
    93  H   0.999    C   33 0.988
    94  H   0.999    C   33 0.989
    95  H   0.995    C   39 0.977
    96  H   0.993    C   39 0.962
    97  H   0.993    C   39 0.971
    98  H   0.993    C   42 0.927
    99  H   0.996    C   46 0.985
   100  H   0.997    C   46 0.991
   101  H   0.997    C   46 0.982
   102  H   0.995    C   47 0.956
   103  H   0.996    C   47 0.962
   104  H   0.999    C   48 0.942
   105  H   0.998    C   50 0.967
   106  H   0.998    C   50 0.967
   107  H   0.999    C   50 0.973
   108  H   0.998    C   51 0.957
   109  H   0.997    C   51 0.958
   110  H   0.999    C   52 0.969
   111  H   0.999    C   52 0.971
   112  H   0.998    C   53 0.955
   113  H   0.999    C   53 0.966
   114  H   0.997    C   54 0.947
   115  H   0.999    C   55 0.982
   116  H   0.999    C   55 0.979
   117  H   0.998    C   55 0.981
   118  H   0.998    C   56 0.960
   119  H   0.998    C   56 0.957
   120  H   0.999    C   57 0.965
   121  H   0.998    C   57 0.967
   122  H   0.999    C   58 0.969
   123  H   0.999    C   58 0.952
   124  H   0.999    C   59 0.951
   125  H   0.997    C   60 0.972
   126  H   0.999    C   60 0.973
   127  H   0.998    C   60 0.976
   128  H   0.998    C   61 0.961
   129  H   0.999    C   61 0.962
   130  H   0.999    C   62 0.970
   131  H   0.999    C   62 0.973
   132  H   0.998    C   63 0.966
   133  H   0.999    C   63 0.966
   134  H   0.999    C   64 0.960
   135  H   0.999    C   65 0.981
   136  H   0.999    C   65 0.978
   137  H   0.998    C   65 0.978
   138  H   0.999    C   66 0.979
   139  H   0.998    C   66 0.973
   140  H   0.999    C   66 0.984
 
 --------------------------------------------
          xTB calculation for sTDA...
 --------------------------------------------
 
 reading parameter file ~/.param_stda2.xtb
 
      method parameters     
 k(s)        :  1.6000
 k(p)        :  2.1800
 k(d)        :  1.9500
 k(f)        :  2.0000
 k(R-V)      :  2.2750
 k(R-R)      :  1.7650
 Tscal       :  0.2580
 Gscal       :  1.0000
 fpol        :  1.0000
 Zcnf        :  0.3430
 Zqf         :  0.0000
 kcn         :  2.7000
 Ryd Hsplit  :  0.7000
 lshift(virt):  3.1000
 lshift(OS)  :  0.2000
 wllscaling  :  2.6000
 
 mowrcut     : 3.000
 
  Z AO/shell   Hii/eV     exponent
  1     Sun Feb 14 09:53:25 CET 2016    EN: 2.327 GAM: 0.473  GM3: 0.0000
     1s    -14.339618    1.220000
     2sp    -3.348946    0.600000
  6     Sun Feb 14 09:53:25 CET 2016    EN: 2.731 GAM: 0.422  GM3: 0.0000
     2s    -22.009312    1.565095
     2p    -13.020408    1.596905
     3sp    -3.914040    0.824500
  7     Sun Feb 14 09:53:25 CET 2016    EN: 3.573 GAM: 0.504  GM3: 0.0000
     2s    -25.722000    2.064844
     2p    -18.684912    1.801692
     3sp    -4.344791    0.921400
  8     Sun Feb 14 09:53:25 CET 2016    EN: 3.700 GAM: 0.587  GM3: 0.0000
     2s    -33.859000    2.418661
     2p    -22.175911    1.973969
     3sp    -4.259392    1.013700
 12     Sun Feb 21 16:58:31 CET 2016    EN: 0.033 GAM: 0.222  GM3: 0.0000
     3s    -11.092543    1.647583
     3p     -6.929529    0.855020
 
 Nbf   :          894
 T(el) :     0.0
 calculating S/T integrals ...
 cpu time for ints    1.14984500000000     
 Nao   :          894
 making H0...
 making H1...
 cpu time for H      2.200899999999995E-002
 solving ...
 cpu time for diag   0.289033000000000     
 
 gap (eV)           :   4.726
 Koopmans IP (eV)   :  13.172
 Eel (Eh)           :  -300.821518

          eigenvalues
 #    :         164        165        166        167        168        169        170        171
 occ. :        2.000      2.000      2.000      2.000      2.000      2.000      2.000      2.000
 eps  :       -17.302    -17.205    -16.765    -16.419    -16.351    -16.159    -15.818    -15.680
 #    :         172        173        174        175        176        177        178        179
 occ. :        2.000      2.000      2.000      2.000      2.000      0.000      0.000      0.000
 eps  :       -15.533    -15.294    -15.029    -13.651    -13.173     -8.447     -6.957     -6.833
 #    :         180        181        182        183        184        185        186        187
 occ. :        0.000      0.000      0.000      0.000      0.000      0.000      0.000      0.000
 eps  :        -6.281     -6.090     -5.848     -5.526     -5.256     -5.166     -5.091     -5.016
                            1  SCC done.
 writing mo output ...
 molden style : F
 
speedup  1.19
cpu  time for all    1.94 s
wall time for all    1.63 s
