cpu-bind=MASK - bp1-compute159, task 4294967295 4294967295 [0]: mask 0xffffff00ffffff set
Host:    bp1-compute159.data.bp.acrc.priv
Time:    Thu Apr 28 15:46:24 BST 2022
Dir:     /user/home/of15641/chlorophyll_parameterization/tddft_data/step_1651_chromophore_17
Job ID:  1658460
Nodelist:
cat: bp1-compute159: No such file or directory
  
Result dir: /user/home/of15641/chlorophyll_parameterization/tddft_data/step_1651_chromophore_17
running gaussian jobs
Running time g16 < CAMB3LYP_step_1651_chromophore_17.com > CAMB3LYP_step_1651_chromophore_17.log

real	32m12.630s
user	760m4.100s
sys	0m30.417s
Running time g16 < PBE0_step_1651_chromophore_17.com > PBE0_step_1651_chromophore_17.log

real	16m36.699s
user	396m36.230s
sys	0m20.225s
Running time g16 < wB97XD_step_1651_chromophore_17.com > wB97XD_step_1651_chromophore_17.log

real	31m11.576s
user	735m6.994s
sys	0m28.983s
Running time g16 < BLYP_step_1651_chromophore_17.com > BLYP_step_1651_chromophore_17.log

real	11m52.037s
user	282m50.385s
sys	0m20.166s
Running time g16 < ZINDO_step_1651_chromophore_17.com > ZINDO_step_1651_chromophore_17.log

real	0m6.819s
user	2m28.787s
sys	0m2.492s
