cpu-bind=MASK - bp1-compute142, task 4294967295 4294967295 [0]: mask 0x7ffffd507ffffd5 set
Host:    bp1-compute142.data.bp.acrc.priv
Time:    Thu Apr 28 02:57:21 BST 2022
Dir:     /user/home/of15641/chlorophyll_parameterization/tddft_data/step_1451_chromophore_11
Job ID:  1658319
Nodelist:
cat: bp1-compute142: No such file or directory
  
Result dir: /user/home/of15641/chlorophyll_parameterization/tddft_data/step_1451_chromophore_11
running gaussian jobs
Running time g16 < CAMB3LYP_step_1451_chromophore_11.com > CAMB3LYP_step_1451_chromophore_11.log

real	33m31.706s
user	792m14.443s
sys	0m34.983s
Running time g16 < PBE0_step_1451_chromophore_11.com > PBE0_step_1451_chromophore_11.log

real	20m19.779s
user	484m59.892s
sys	1m4.568s
Running time g16 < wB97XD_step_1451_chromophore_11.com > wB97XD_step_1451_chromophore_11.log

real	30m59.873s
user	730m40.055s
sys	1m51.755s
Running time g16 < BLYP_step_1451_chromophore_11.com > BLYP_step_1451_chromophore_11.log

real	15m6.098s
user	360m3.996s
sys	0m50.379s
Running time g16 < ZINDO_step_1451_chromophore_11.com > ZINDO_step_1451_chromophore_11.log

real	0m6.313s
user	2m18.539s
sys	0m2.338s
