 
        ______________________________________
       |                                      |
       |          ===================         |
       |             xTB for sTDA             |
       |          ===================         |
       |               S. Grimme              |
       |        Universitaet Bonn, MCTC       |
       |         2015-19, Version 1.0         |
       |     Wed Apr  3 09:14:55 CEST 2019    |
       |______________________________________|
 
        This code comes without any warranty
        for non-commercial, academia use only.
        Preliminary test version.
        Cite this work as:
        S. Grimme  &  C. Bannwarth, JCP 145 (2016) 054103
        if GBSA is used additionally:
        P. Shushkov, F. März, C. Bannwarth, S. Grimme, unpublished.
 
        with help from
        P. Shushkov, G. Brandenburg, S. Dohm, J. Pisarek,
        F. März, M. Checinski, S. Ehrlich, S. Spicher, 
        P. Pracht, E. Caldeweyher, S. Ehlert, and C. Bannwarth.
 
        usage        :
        xtb4stda <coord_file> [options]
        where <coord_file> is a valid file of TM)
        (*coord, Bohr) or xmol (*xyz, Angstroem)
        format.

        options:
        -chrg <int>   : molecular charge
        -uhf  <int>   : # of unpaired electrons(=2*S)
        -nox          : skip second, extended part in sTDA-xTB
        -pop          : do population analysis
                      : (default for -nox)
        -mowr <real>  : cut MO write above (def.3 Eh)
        -molden       : write formatted molden file
        -parx <file>  : read parameters for sTDA-xTB
                        calc (def:~/.param_stda2.xtb)
        -parv <file>  : read parameters for vTB part in
                        sTDA-xTB (def: ~/.param_stda1.xtb)
        -xtemp <real> : el. temp for xTB (def. 0 K)
        -etemp <real> : el. temp for GFN (def. 300 K)
        -fod          : calculate the FOD and write
                        molden.input file with
                        appropriate occupations
                        for plotting. Def. T=12500 K
 
        -acc <real>   : xTB accuracy (def. 1.0)
        -gbsa [string1] [string2]
                        use GBSA implicit solvent
                        for solvent [string1] and
                        solvation state [string2]=
                        reference, bar1M (default=1M)
        additional GFN/opt/MD/siman options read from
        $XTB4STDAHOME/.xtb4stdarc or $set in input
 
       spin and charge state information can be on:
       <.CHRG> (charge) and <.UHF> (=nalpha-nbeta)
       -uhf and -chrg override the file info.
       useful machine settings:
       setenv MKL_NUM_THREADS <NCORE_ON_YOUR_MACHINE>
       setenv OMP_STACKSIZE 500m
       limit stacksize unlimited
 
       total energies in Eh, gaps/HL energies in eV
       please read REVISION and HOWTO files carefully
 =============================
  # OMP threads =           4
 =============================
 
 xtb4stdahome directory:~/
 
 
 name of molecule           :
 comment line               :
 number of atoms            :   140
 number of electrons        :   352
 charge                     :  0
 spin                       : 0.0
 first test random number   :  0.3688
 
 -----------------------------------------
      charge density (VTB) calculation
 -----------------------------------------
 
      method parameters     
 k(s)        :  1.8000
 k(p)        :  2.8350
 k(d)        :  2.0860
 k(f)        :  2.0000
 Tscal       :  0.3300
 Gscal       :  0.3910
 fpol        :  1.0000
 Zcnf        :  0.6500
 Zqf         :  0.0000
 kcn         :  0.3000
 kEN1        : -0.5900
 wllscal     :  2.6000
 
     -------------------------
     ! NO SOLVENT MODEL USED !
     -------------------------
 
 doing EN charges ...
 sum q :  0.5551115D-15
 point charge moment (au)
     X       Y       Z   
   0.4272   0.1865  -0.1177  total (Debye):    1.222
 
            Z      q(EN)   CN      Cart. coordinates
     1  MG  2.0   0.927   4.880    16.36125    91.57990    46.72725
     2  C   4.0   0.022   3.281    12.58746    92.04099    51.75770
     3  C   4.0  -0.057   3.176    21.32745    94.16882    50.03238
     4  C   4.0  -0.059   3.158    19.86858    91.38337    41.47759
     5  C   4.0  -0.053   3.195    10.99821    90.52165    42.87599
     6  N   5.0  -0.456   3.210    16.96596    92.70429    50.43679
     7  C   4.0   0.082   3.481    15.06867    92.76287    52.25659
     8  C   4.0  -0.096   4.207    16.12503    93.72852    54.69812
     9  C   4.0  -0.100   4.255    18.47774    95.03243    53.78160
    10  C   4.0   0.122   3.468    19.02198    93.78143    51.25693
    11  C   4.0  -0.237   4.050    18.03932    97.92371    53.44145
    12  C   4.0  -0.164   4.108    16.89982    91.50242    56.45367
    13  C   4.0  -0.170   4.054    17.02454    91.95217    59.19000
    14  C   4.0   0.163   3.088    15.89071    89.96040    60.92099
    15  O   6.0  -0.098   1.050    14.58868    88.16516    60.23312
    16  O   6.0  -0.100   2.019    16.52565    90.16071    63.50991
    17  N   5.0  -0.418   3.205    20.20495    92.16760    45.99782
    18  C   4.0   0.072   3.419    21.93594    93.18995    47.67023
    19  C   4.0   0.012   3.219    24.41337    93.08223    46.64600
    20  C   4.0   0.004   3.203    24.14692    92.27343    43.96825
    21  C   4.0   0.083   3.381    21.35768    91.79722    43.71692
    22  C   4.0  -0.245   4.013    26.77175    93.85135    48.23714
    23  C   4.0   0.089   3.025    26.11601    91.86714    41.83286
    24  O   6.0  -0.084   1.041    25.44705    91.34746    39.58976
    25  C   4.0  -0.245   4.009    28.97328    92.19595    42.42057
    26  N   5.0  -0.408   3.180    15.39371    91.25487    42.60765
    27  C   4.0   0.112   3.450    17.23808    91.36258    40.92579
    28  C   4.0  -0.095   4.164    16.25920    90.85235    38.24427
    29  C   4.0  -0.102   4.240    13.49453    90.00009    38.92646
    30  C   4.0   0.128   3.446    13.23186    90.71063    41.52862
    31  C   4.0  -0.236   4.022    16.44440    93.12381    36.38856
    32  C   4.0  -0.163   4.052    12.87092    87.15038    38.35388
    33  C   4.0  -0.238   4.021    10.28011    86.88204    37.19170
    34  N   5.0  -0.468   3.276    12.48353    91.17361    47.13543
    35  C   4.0   0.096   3.520    10.64105    90.74653    45.47248
    36  C   4.0   0.018   3.290     8.20897    90.69173    46.79150
    37  C   4.0   0.008   3.437     8.91384    91.08101    49.36720
    38  C   4.0   0.074   3.856    11.49898    91.34179    49.42956
    39  C   4.0  -0.248   4.027     5.71453    90.50464    45.62176
    40  C   4.0   0.097   3.268     8.09181    91.12448    51.86542
    41  O   6.0  -0.088   1.048     6.06980    90.46496    52.84997
    42  C   4.0  -0.112   4.223    10.30468    92.22807    53.55294
    43  C   4.0   0.180   3.115    10.29901    90.84291    56.12297
    44  O   6.0  -0.094   1.038    10.46908    88.53555    56.41777
    45  O   6.0  -0.118   2.026     9.81713    92.65326    57.85018
    46  C   4.0  -0.204   4.018     9.28800    91.67816    60.48446
    47  C   4.0  -0.136   4.043    15.34457    88.15572    65.10673
    48  C   4.0  -0.056   3.080    16.11747    88.58090    67.90163
    49  C   4.0   0.019   3.067    14.61325    88.49965    70.04836
    50  C   4.0  -0.252   4.042    12.08102    87.35258    70.27513
    51  C   4.0  -0.175   4.067    15.82079    89.28577    72.57493
    52  C   4.0  -0.162   4.028    17.53099    87.25810    73.89584
    53  C   4.0  -0.163   4.057    20.45061    87.83068    73.96009
    54  C   4.0  -0.089   4.066    21.50319    88.38437    76.59248
    55  C   4.0  -0.241   4.070    21.10257    91.03377    77.44853
    56  C   4.0  -0.164   4.080    24.40959    87.74376    76.92318
    57  C   4.0  -0.166   4.095    24.49463    85.10192    78.18741
    58  C   4.0  -0.164   4.101    27.11379    84.41973    79.03023
    59  C   4.0  -0.089   4.092    26.88513    83.30857    81.67396
    60  C   4.0  -0.238   4.051    28.89013    81.19585    82.01222
    61  C   4.0  -0.165   4.096    27.47095    85.45341    83.64494
    62  C   4.0  -0.163   4.054    25.46028    85.35325    85.64994
    63  C   4.0  -0.166   4.090    25.63791    87.82501    87.27699
    64  C   4.0  -0.087   4.000    22.97718    88.91539    88.05178
    65  C   4.0  -0.240   4.057    22.61435    91.12070    86.17906
    66  C   4.0  -0.236   3.995    22.84868    89.95851    90.96196
    67  H   1.0   0.071   1.006    22.89403    95.06266    51.03394
    68  H   1.0   0.071   1.009    20.82856    91.54777    39.65779
    69  H   1.0   0.071   1.007     9.36926    90.30433    41.62499
    70  H   1.0   0.086   1.008    14.84569    95.05699    55.61274
    71  H   1.0   0.086   1.008    20.14259    94.85101    54.98158
    72  H   1.0   0.081   0.998    16.12314    98.45661    52.90477
    73  H   1.0   0.081   1.001    19.36213    98.45661    51.95424
    74  H   1.0   0.081   1.001    18.28499    98.61346    55.36708
    75  H   1.0   0.084   1.007    18.73852    90.69551    56.00014
    76  H   1.0   0.084   1.007    15.59591    89.96985    56.01337
    77  H   1.0   0.082   1.005    16.17983    93.76442    59.68321
    78  H   1.0   0.082   1.006    18.98986    92.14682    59.77581
    79  H   1.0   0.080   0.999    26.25396    94.05922    50.21947
    80  H   1.0   0.080   0.998    27.40859    95.75052    47.75337
    81  H   1.0   0.079   0.997    28.30243    92.47185    48.18801
    82  H   1.0   0.080   0.998    30.02775    91.21896    40.94469
    83  H   1.0   0.080   0.999    29.30020    91.40226    44.29329
    84  H   1.0   0.080   0.999    29.26997    94.23118    42.52261
    85  H   1.0   0.084   1.007    17.37225    89.30089    37.47138
    86  H   1.0   0.087   1.015    12.03755    90.78432    37.70003
    87  H   1.0   0.081   0.999    17.28343    94.69417    37.42413
    88  H   1.0   0.081   1.001    14.50176    93.38837    35.75739
    89  H   1.0   0.080   0.998    17.53288    92.60791    34.71805
    90  H   1.0   0.082   1.003    12.96352    86.02599    40.07731
    91  H   1.0   0.082   1.003    14.33546    86.42284    37.10099
    92  H   1.0   0.080   1.001     9.97208    84.84870    37.06886
    93  H   1.0   0.080   0.999    10.22531    87.74187    35.32087
    94  H   1.0   0.080   0.998     8.72297    87.53778    38.37089
    95  H   1.0   0.081   1.000     4.32369    89.98686    47.04851
    96  H   1.0   0.081   1.004     5.90350    88.90594    44.33864
    97  H   1.0   0.080   0.999     5.11549    92.21485    44.64289
    98  H   1.0   0.086   1.009    10.08547    94.24819    53.87987
    99  H   1.0   0.080   0.995     9.20486    93.21451    61.85262
   100  H   1.0   0.081   0.997    10.72986    90.36858    61.15720
   101  H   1.0   0.080   0.996     7.54757    90.58023    60.37863
   102  H   1.0   0.082   1.000    15.65260    86.17150    64.65319
   103  H   1.0   0.082   1.002    13.31690    88.49209    64.97067
   104  H   1.0   0.070   1.005    17.95429    89.39160    68.35895
   105  H   1.0   0.081   1.001    10.79600    88.80389    70.96866
   106  H   1.0   0.081   1.000    11.99787    86.06190    71.87762
   107  H   1.0   0.080   1.001    11.64260    86.41150    68.49501
   108  H   1.0   0.082   1.005    14.39215    89.62970    74.01679
   109  H   1.0   0.082   1.004    16.79022    91.03755    72.08927
   110  H   1.0   0.082   1.003    17.31934    85.48742    72.86405
   111  H   1.0   0.081   1.001    16.70896    86.82724    75.73455
   112  H   1.0   0.082   1.002    21.08367    89.28388    72.64484
   113  H   1.0   0.082   1.005    21.32745    86.09025    73.29302
   114  H   1.0   0.084   1.016    20.32211    87.47163    78.01167
   115  H   1.0   0.081   1.000    22.42349    91.60258    78.92062
   116  H   1.0   0.081   0.998    19.26387    91.35691    78.31969
   117  H   1.0   0.081   1.001    21.53154    92.25831    75.84793
   118  H   1.0   0.082   1.002    25.42626    89.11570    78.07592
   119  H   1.0   0.082   1.002    25.21461    87.84580    75.02968
   120  H   1.0   0.082   1.004    23.78787    83.75643    76.79657
   121  H   1.0   0.083   1.005    22.99230    85.16995    79.59337
   122  H   1.0   0.083   1.005    28.24762    86.12048    78.77890
   123  H   1.0   0.083   1.007    27.68260    82.87204    77.79624
   124  H   1.0   0.084   1.008    25.04643    82.42796    81.97064
   125  H   1.0   0.081   0.998    29.76507    81.15995    83.87549
   126  H   1.0   0.080   0.998    30.37923    81.20719    80.58736
   127  H   1.0   0.080   0.999    27.94905    79.38550    81.72687
   128  H   1.0   0.083   1.002    27.72039    87.29400    82.75488
   129  H   1.0   0.083   1.004    29.32288    85.15483    84.49154
   130  H   1.0   0.082   1.003    25.55476    83.89816    87.10503
   131  H   1.0   0.083   1.004    23.51764    85.28144    84.97153
   132  H   1.0   0.083   1.004    26.64136    89.40293    86.41339
   133  H   1.0   0.083   1.003    26.67348    87.45085    89.01554
   134  H   1.0   0.082   1.005    21.50319    87.52455    87.68517
   135  H   1.0   0.081   1.000    23.27009    90.51787    84.32146
   136  H   1.0   0.081   1.000    23.68394    92.70996    86.93306
   137  H   1.0   0.080   0.997    20.63770    91.66683    85.97686
   138  H   1.0   0.080   0.997    24.55888    89.46719    91.99942
   139  H   1.0   0.080   0.999    21.27265    88.82279    91.64793
   140  H   1.0   0.080   0.997    22.51231    91.98997    91.00353
 
  Z AO/shell   Hii/eV     exponent
  1     Sat Feb 20 21:38:01 CET 2016    EN: 2.327 GAM: 0.473  GM3: 0.0000
     1s    -13.751157    1.051071
  6     Sat Feb 20 21:38:01 CET 2016    EN: 2.731 GAM: 0.422  GM3: 0.0000
     2s    -19.378245    2.021003
     2p    -11.993376    1.497917
  7     Sat Feb 20 21:38:01 CET 2016    EN: 3.573 GAM: 0.504  GM3: 0.0000
     2s    -21.576984    2.275442
     2p    -16.125120    2.056788
  8     Sat Feb 20 21:38:01 CET 2016    EN: 3.700 GAM: 0.587  GM3: 0.0000
     2s    -21.648843    2.110798
     2p    -17.239740    2.329048
 12     Sat Feb 20 23:25:47 CET 2016    EN: 0.033 GAM: 0.222  GM3: 0.0000
     3s    -12.693633    1.302878
     3p     -8.128821    0.504252
 
 dipole moment of classical point charges (au)
     X       Y       Z   
   0.4272   0.1865  -0.1177  total (Debye):    1.222

 
 Nbf   :          338
 T(el) :   300.0
 calculating S/T integrals ...
 cpu time for ints   0.163719000000000     
 Nao   :          338
 making H0...
 making H1...
 cpu time for H      4.216999999999999E-003
 solving ...
 cpu time for diag   5.626699999999998E-002
 
 gap (eV)           :   1.315
 Koopmans IP (eV)   :  12.138
 Eel (Eh)           :  -268.459402
 T,E(Fermi),NFOD :    300.000   -11.481  0.000000
 T,E(Fermi),NFOD :    300.000   -11.481  0.000000
 Nfod               :  0.0000
 Nfod/Nel           :  0.0000

          eigenvalues
 #    :         164        165        166        167        168        169        170        171
 occ. :        2.000      2.000      2.000      2.000      2.000      2.000      2.000      2.000
 eps  :       -16.317    -16.151    -16.121    -15.912    -15.779    -15.630    -15.453    -14.829
 #    :         172        173        174        175        176        177        178        179
 occ. :        2.000      2.000      2.000      2.000      2.000      0.000      0.000      0.000
 eps  :       -14.800    -14.651    -14.621    -13.130    -12.139    -10.824     -9.670     -8.843
 #    :         180        181        182        183        184        185        186        187
 occ. :        0.000      0.000      0.000      0.000      0.000      0.000      0.000      0.000
 eps  :        -8.475     -8.142     -7.735     -7.715     -7.575     -7.170     -7.142     -6.882
                            1  SCC done.
 making H1...
 cpu time for H      7.101500000000002E-002
 solving ...
 cpu time for diag   3.505500000000000E-002
 
 gap (eV)           :   1.540
 Koopmans IP (eV)   :  12.046
 Eel (Eh)           :  -265.645312
 T,E(Fermi),NFOD :    300.000   -11.276  0.000000
 T,E(Fermi),NFOD :    300.000   -11.276  0.000000
 Nfod               :  0.0000
 Nfod/Nel           :  0.0000

          eigenvalues
 #    :         164        165        166        167        168        169        170        171
 occ. :        2.000      2.000      2.000      2.000      2.000      2.000      2.000      2.000
 eps  :       -15.274    -15.255    -15.239    -14.708    -14.449    -14.320    -14.283    -14.097
 #    :         172        173        174        175        176        177        178        179
 occ. :        2.000      2.000      2.000      2.000      2.000      0.000      0.000      0.000
 eps  :       -13.891    -13.760    -13.727    -12.668    -12.048    -10.507     -9.154     -8.467
 #    :         180        181        182        183        184        185        186        187
 occ. :        0.000      0.000      0.000      0.000      0.000      0.000      0.000      0.000
 eps  :        -8.225     -7.899     -7.684     -7.626     -7.508     -7.091     -6.908     -6.777
                            2  SCC done.
 
 
 Mulliken/CM5 charges    n(s)   n(p)   n(d)   
    1 MG  0.3226  0.7899   0.659  1.018  0.000
    2 C  -0.0001  0.0020   1.180  2.820  0.000
    3 C  -0.0518 -0.0948   1.125  2.927  0.000
    4 C  -0.0131 -0.0540   1.134  2.879  0.000
    5 C  -0.0343 -0.0741   1.124  2.910  0.000
    6 N  -0.1943 -0.4903   1.393  3.802  0.000
    7 C   0.0219  0.0775   1.223  2.755  0.000
    8 C  -0.0025 -0.0573   1.186  2.817  0.000
    9 C  -0.0349 -0.0926   1.194  2.841  0.000
   10 C   0.0612  0.1296   1.205  2.733  0.000
   11 C  -0.0925 -0.2403   1.108  2.984  0.000
   12 C  -0.0499 -0.1561   1.143  2.907  0.000
   13 C  -0.0340 -0.1359   1.126  2.908  0.000
   14 C   0.1994  0.2446   1.208  2.592  0.000
   15 O  -0.2625 -0.3175   1.622  4.640  0.000
   16 O  -0.1775 -0.2466   1.508  4.669  0.000
   17 N  -0.2174 -0.4931   1.380  3.837  0.000
   18 C   0.0438  0.1026   1.179  2.777  0.000
   19 C  -0.0423 -0.0461   1.232  2.811  0.000
   20 C  -0.0497 -0.0445   1.236  2.814  0.000
   21 C   0.0468  0.1102   1.215  2.739  0.000
   22 C  -0.0811 -0.2262   1.086  2.995  0.000
   23 C   0.1026  0.1230   1.245  2.652  0.000
   24 O  -0.2414 -0.2867   1.636  4.606  0.000
   25 C  -0.0760 -0.2181   1.097  2.979  0.000
   26 N  -0.1666 -0.4337   1.396  3.770  0.000
   27 C   0.0507  0.1152   1.231  2.718  0.000
   28 C  -0.0248 -0.0826   1.200  2.825  0.000
   29 C  -0.0375 -0.0917   1.190  2.848  0.000
   30 C   0.0668  0.1353   1.188  2.745  0.000
   31 C  -0.0800 -0.2277   1.103  2.977  0.000
   32 C  -0.0521 -0.1643   1.156  2.896  0.000
   33 C  -0.0876 -0.2409   1.093  2.994  0.000
   34 N  -0.2242 -0.5246   1.373  3.851  0.000
   35 C   0.0347  0.1036   1.181  2.784  0.000
   36 C  -0.0211 -0.0268   1.215  2.806  0.000
   37 C  -0.0419 -0.0335   1.161  2.881  0.000
   38 C   0.0307  0.1030   1.181  2.789  0.000
   39 C  -0.0543 -0.1981   1.072  2.982  0.000
   40 C   0.1329  0.1646   1.198  2.669  0.000
   41 O  -0.2467 -0.2873   1.636  4.610  0.000
   42 C  -0.0591 -0.1016   1.221  2.838  0.000
   43 C   0.2187  0.2736   1.181  2.600  0.000
   44 O  -0.2474 -0.2914   1.633  4.615  0.000
   45 O  -0.1436 -0.2242   1.501  4.643  0.000
   46 C   0.0195 -0.1058   1.102  2.879  0.000
   47 C   0.0456 -0.0342   1.136  2.818  0.000
   48 C  -0.0810 -0.1373   1.177  2.904  0.000
   49 C  -0.0280 -0.0542   1.229  2.799  0.000
   50 C  -0.0870 -0.2327   1.077  3.010  0.000
   51 C  -0.0659 -0.1725   1.146  2.920  0.000
   52 C  -0.0674 -0.1781   1.164  2.904  0.000
   53 C  -0.0623 -0.1720   1.156  2.907  0.000
   54 C  -0.0318 -0.1073   1.197  2.835  0.000
   55 C  -0.1109 -0.2633   1.101  3.010  0.000
   56 C  -0.0748 -0.1863   1.166  2.908  0.000
   57 C  -0.0708 -0.1846   1.150  2.921  0.000
   58 C  -0.0489 -0.1591   1.146  2.903  0.000
   59 C  -0.0175 -0.0900   1.209  2.808  0.000
   60 C  -0.1116 -0.2623   1.109  3.002  0.000
   61 C  -0.0630 -0.1721   1.153  2.910  0.000
   62 C  -0.0558 -0.1672   1.147  2.909  0.000
   63 C  -0.0949 -0.2067   1.171  2.924  0.000
   64 C  -0.0407 -0.1164   1.222  2.819  0.000
   65 C  -0.1094 -0.2607   1.108  3.002  0.000
   66 C  -0.0985 -0.2474   1.112  2.987  0.000
   67 H   0.0627  0.1218   0.937  0.000  0.000
   68 H   0.0513  0.1150   0.949  0.000  0.000
   69 H   0.0502  0.1099   0.950  0.000  0.000
   70 H   0.0565  0.1193   0.944  0.000  0.000
   71 H   0.0460  0.1075   0.954  0.000  0.000
   72 H   0.0347  0.0876   0.965  0.000  0.000
   73 H   0.0477  0.1025   0.952  0.000  0.000
   74 H   0.0383  0.0912   0.962  0.000  0.000
   75 H   0.0407  0.0999   0.959  0.000  0.000
   76 H   0.0442  0.1101   0.956  0.000  0.000
   77 H   0.0436  0.1033   0.956  0.000  0.000
   78 H   0.0467  0.1065   0.953  0.000  0.000
   79 H   0.0466  0.0999   0.953  0.000  0.000
   80 H   0.0459  0.0976   0.954  0.000  0.000
   81 H   0.0517  0.1032   0.948  0.000  0.000
   82 H   0.0554  0.1102   0.945  0.000  0.000
   83 H   0.0454  0.0992   0.955  0.000  0.000
   84 H   0.0535  0.1070   0.947  0.000  0.000
   85 H   0.0480  0.1090   0.952  0.000  0.000
   86 H   0.0479  0.1123   0.952  0.000  0.000
   87 H   0.0464  0.1001   0.954  0.000  0.000
   88 H   0.0374  0.0912   0.963  0.000  0.000
   89 H   0.0417  0.0931   0.958  0.000  0.000
   90 H   0.0314  0.0883   0.969  0.000  0.000
   91 H   0.0362  0.0922   0.964  0.000  0.000
   92 H   0.0361  0.0882   0.964  0.000  0.000
   93 H   0.0321  0.0841   0.968  0.000  0.000
   94 H   0.0339  0.0859   0.966  0.000  0.000
   95 H   0.0504  0.1041   0.950  0.000  0.000
   96 H   0.0511  0.1055   0.949  0.000  0.000
   97 H   0.0553  0.1075   0.945  0.000  0.000
   98 H   0.0536  0.1220   0.946  0.000  0.000
   99 H   0.0540  0.1109   0.946  0.000  0.000
  100 H   0.0595  0.1249   0.941  0.000  0.000
  101 H   0.0570  0.1174   0.943  0.000  0.000
  102 H   0.0759  0.1380   0.924  0.000  0.000
  103 H   0.0516  0.1190   0.948  0.000  0.000
  104 H   0.0346  0.0937   0.965  0.000  0.000
  105 H   0.0470  0.0999   0.953  0.000  0.000
  106 H   0.0425  0.0954   0.958  0.000  0.000
  107 H   0.0470  0.1007   0.953  0.000  0.000
  108 H   0.0403  0.0969   0.960  0.000  0.000
  109 H   0.0405  0.0974   0.960  0.000  0.000
  110 H   0.0306  0.0870   0.969  0.000  0.000
  111 H   0.0373  0.0924   0.963  0.000  0.000
  112 H   0.0349  0.0910   0.965  0.000  0.000
  113 H   0.0360  0.0927   0.964  0.000  0.000
  114 H   0.0316  0.0937   0.968  0.000  0.000
  115 H   0.0311  0.0841   0.969  0.000  0.000
  116 H   0.0336  0.0855   0.966  0.000  0.000
  117 H   0.0169  0.0705   0.983  0.000  0.000
  118 H   0.0378  0.0940   0.962  0.000  0.000
  119 H   0.0269  0.0830   0.973  0.000  0.000
  120 H   0.0240  0.0804   0.976  0.000  0.000
  121 H   0.0371  0.0953   0.963  0.000  0.000
  122 H   0.0464  0.1042   0.954  0.000  0.000
  123 H   0.0405  0.0984   0.960  0.000  0.000
  124 H   0.0500  0.1105   0.950  0.000  0.000
  125 H   0.0363  0.0886   0.964  0.000  0.000
  126 H   0.0286  0.0807   0.971  0.000  0.000
  127 H   0.0268  0.0786   0.973  0.000  0.000
  128 H   0.0422  0.0991   0.958  0.000  0.000
  129 H   0.0321  0.0892   0.968  0.000  0.000
  130 H   0.0378  0.0935   0.962  0.000  0.000
  131 H   0.0343  0.0915   0.966  0.000  0.000
  132 H   0.0311  0.0888   0.969  0.000  0.000
  133 H   0.0237  0.0797   0.976  0.000  0.000
  134 H   0.0346  0.0927   0.965  0.000  0.000
  135 H   0.0374  0.0909   0.963  0.000  0.000
  136 H   0.0295  0.0828   0.971  0.000  0.000
  137 H   0.0253  0.0766   0.975  0.000  0.000
  138 H   0.0381  0.0895   0.962  0.000  0.000
  139 H   0.0373  0.0893   0.963  0.000  0.000
  140 H   0.0425  0.0942   0.957  0.000  0.000
 Hirshfeld charges for QMDFF written to <charges>
 
 Loewdin charges    n(s)   n(p)   n(d)
    1 MG  0.1597   0.671  1.169  0.000
    2 C   0.0035   1.139  2.858  0.000
    3 C  -0.0500   1.072  2.978  0.000
    4 C  -0.0119   1.083  2.929  0.000
    5 C  -0.0332   1.072  2.962  0.000
    6 N  -0.1548   1.346  3.809  0.000
    7 C   0.0241   1.187  2.789  0.000
    8 C   0.0058   1.136  2.858  0.000
    9 C  -0.0270   1.145  2.882  0.000
   10 C   0.0643   1.167  2.769  0.000
   11 C  -0.0936   1.037  3.057  0.000
   12 C  -0.0460   1.083  2.963  0.000
   13 C  -0.0333   1.065  2.968  0.000
   14 C   0.1807   1.182  2.638  0.000
   15 O  -0.2492   1.593  4.656  0.000
   16 O  -0.1478   1.478  4.670  0.000
   17 N  -0.1856   1.338  3.847  0.000
   18 C   0.0467   1.139  2.814  0.000
   19 C  -0.0346   1.193  2.842  0.000
   20 C  -0.0579   1.203  2.855  0.000
   21 C   0.0521   1.176  2.772  0.000
   22 C  -0.0824   1.013  3.070  0.000
   23 C   0.1032   1.211  2.686  0.000
   24 O  -0.2287   1.609  4.620  0.000
   25 C  -0.0793   1.024  3.056  0.000
   26 N  -0.1303   1.349  3.781  0.000
   27 C   0.0548   1.194  2.752  0.000
   28 C  -0.0166   1.153  2.864  0.000
   29 C  -0.0330   1.142  2.891  0.000
   30 C   0.0693   1.149  2.782  0.000
   31 C  -0.0811   1.031  3.050  0.000
   32 C  -0.0460   1.097  2.949  0.000
   33 C  -0.0889   1.021  3.068  0.000
   34 N  -0.1890   1.327  3.862  0.000
   35 C   0.0345   1.143  2.823  0.000
   36 C  -0.0119   1.174  2.838  0.000
   37 C  -0.0502   1.122  2.928  0.000
   38 C   0.0352   1.140  2.825  0.000
   39 C  -0.0539   0.996  3.058  0.000
   40 C   0.1295   1.163  2.708  0.000
   41 O  -0.2343   1.609  4.625  0.000
   42 C  -0.0608   1.176  2.885  0.000
   43 C   0.1945   1.157  2.649  0.000
   44 O  -0.2358   1.605  4.631  0.000
   45 O  -0.1082   1.466  4.642  0.000
   46 C   0.0145   1.031  2.954  0.000
   47 C   0.0470   1.079  2.874  0.000
   48 C  -0.0811   1.131  2.950  0.000
   49 C  -0.0155   1.187  2.828  0.000
   50 C  -0.0897   1.002  3.087  0.000
   51 C  -0.0633   1.087  2.976  0.000
   52 C  -0.0633   1.106  2.957  0.000
   53 C  -0.0593   1.098  2.961  0.000
   54 C  -0.0228   1.149  2.874  0.000
   55 C  -0.1161   1.030  3.086  0.000
   56 C  -0.0718   1.110  2.962  0.000
   57 C  -0.0677   1.092  2.976  0.000
   58 C  -0.0452   1.086  2.959  0.000
   59 C  -0.0066   1.162  2.845  0.000
   60 C  -0.1163   1.039  3.077  0.000
   61 C  -0.0608   1.095  2.966  0.000
   62 C  -0.0503   1.087  2.963  0.000
   63 C  -0.0940   1.115  2.979  0.000
   64 C  -0.0293   1.176  2.854  0.000
   65 C  -0.1132   1.037  3.076  0.000
   66 C  -0.1001   1.041  3.059  0.000
   67 H   0.0584   0.942  0.000  0.000
   68 H   0.0452   0.955  0.000  0.000
   69 H   0.0454   0.955  0.000  0.000
   70 H   0.0499   0.950  0.000  0.000
   71 H   0.0408   0.959  0.000  0.000
   72 H   0.0352   0.965  0.000  0.000
   73 H   0.0469   0.953  0.000  0.000
   74 H   0.0378   0.962  0.000  0.000
   75 H   0.0380   0.962  0.000  0.000
   76 H   0.0398   0.960  0.000  0.000
   77 H   0.0409   0.959  0.000  0.000
   78 H   0.0429   0.957  0.000  0.000
   79 H   0.0474   0.953  0.000  0.000
   80 H   0.0446   0.955  0.000  0.000
   81 H   0.0505   0.950  0.000  0.000
   82 H   0.0523   0.948  0.000  0.000
   83 H   0.0450   0.955  0.000  0.000
   84 H   0.0521   0.948  0.000  0.000
   85 H   0.0423   0.958  0.000  0.000
   86 H   0.0437   0.956  0.000  0.000
   87 H   0.0451   0.955  0.000  0.000
   88 H   0.0377   0.962  0.000  0.000
   89 H   0.0405   0.959  0.000  0.000
   90 H   0.0289   0.971  0.000  0.000
   91 H   0.0336   0.966  0.000  0.000
   92 H   0.0359   0.964  0.000  0.000
   93 H   0.0320   0.968  0.000  0.000
   94 H   0.0345   0.966  0.000  0.000
   95 H   0.0477   0.952  0.000  0.000
   96 H   0.0498   0.950  0.000  0.000
   97 H   0.0532   0.947  0.000  0.000
   98 H   0.0464   0.954  0.000  0.000
   99 H   0.0505   0.949  0.000  0.000
  100 H   0.0547   0.945  0.000  0.000
  101 H   0.0521   0.948  0.000  0.000
  102 H   0.0672   0.933  0.000  0.000
  103 H   0.0449   0.955  0.000  0.000
  104 H   0.0283   0.972  0.000  0.000
  105 H   0.0465   0.953  0.000  0.000
  106 H   0.0422   0.958  0.000  0.000
  107 H   0.0456   0.954  0.000  0.000
  108 H   0.0377   0.962  0.000  0.000
  109 H   0.0375   0.963  0.000  0.000
  110 H   0.0285   0.971  0.000  0.000
  111 H   0.0353   0.965  0.000  0.000
  112 H   0.0327   0.967  0.000  0.000
  113 H   0.0337   0.966  0.000  0.000
  114 H   0.0281   0.972  0.000  0.000
  115 H   0.0328   0.967  0.000  0.000
  116 H   0.0338   0.966  0.000  0.000
  117 H   0.0181   0.982  0.000  0.000
  118 H   0.0360   0.964  0.000  0.000
  119 H   0.0247   0.975  0.000  0.000
  120 H   0.0221   0.978  0.000  0.000
  121 H   0.0357   0.964  0.000  0.000
  122 H   0.0437   0.956  0.000  0.000
  123 H   0.0374   0.963  0.000  0.000
  124 H   0.0443   0.956  0.000  0.000
  125 H   0.0368   0.963  0.000  0.000
  126 H   0.0297   0.970  0.000  0.000
  127 H   0.0275   0.973  0.000  0.000
  128 H   0.0398   0.960  0.000  0.000
  129 H   0.0300   0.970  0.000  0.000
  130 H   0.0345   0.965  0.000  0.000
  131 H   0.0323   0.968  0.000  0.000
  132 H   0.0302   0.970  0.000  0.000
  133 H   0.0226   0.977  0.000  0.000
  134 H   0.0301   0.970  0.000  0.000
  135 H   0.0377   0.962  0.000  0.000
  136 H   0.0302   0.970  0.000  0.000
  137 H   0.0257   0.974  0.000  0.000
  138 H   0.0381   0.962  0.000  0.000
  139 H   0.0368   0.963  0.000  0.000
  140 H   0.0420   0.958  0.000  0.000
 
 Wiberg/Mayer (AO) data. WBOs > 0.1 written file <wbo>
 largest (>0.05) Wiberg bond orders for each atom
           total WBO             WBO to atom ...
     1  MG  2.521    N   17 0.520    N   34 0.491    N    6 0.427    N   26 0.340    C   21 0.058    C   38 0.054
     2  C   3.909    C    7 1.464    C   38 1.181    C   42 0.933
     3  C   3.910    C   10 1.386    C   18 1.284    H   67 0.931
     4  C   3.911    C   27 1.379    C   21 1.271    H   68 0.937
     5  C   3.905    C   30 1.399    C   35 1.283    H   69 0.938
     6  N   3.339    C   10 1.309    C    7 1.134    MG   1 0.427
     7  C   3.863    C    2 1.464    N    6 1.134    C    8 0.953
     8  C   3.944    C    9 0.972    C    7 0.953    H   70 0.934    C   12 0.931
     9  C   3.943    C    8 0.972    C   11 0.959    H   71 0.944    C   10 0.932
    10  C   3.870    C    3 1.386    N    6 1.309    C    9 0.932
    11  C   3.971    H   74 0.981    H   72 0.979    H   73 0.973    C    9 0.959
    12  C   3.950    C   13 1.002    H   75 0.960    H   76 0.954    C    8 0.931
    13  C   3.968    C   12 1.002    H   78 0.950    C   14 0.942    H   77 0.940    O   15 0.075
    14  C   3.880    O   15 1.841    O   16 1.041    C   13 0.942
    15  O   2.143    C   14 1.841    O   16 0.159    C   13 0.075
    16  O   2.245    C   14 1.041    C   47 0.950    O   15 0.159
    17  N   3.322    C   21 1.205    C   18 1.126    MG   1 0.520    C   20 0.076
    18  C   3.890    C    3 1.284    C   19 1.245    N   17 1.126
    19  C   3.835    C   20 1.357    C   18 1.245    C   22 0.972    O   24 0.064
    20  C   3.855    C   19 1.357    C   21 1.114    C   23 1.009    O   24 0.080    N   17 0.076
    21  C   3.864    C    4 1.271    N   17 1.205    C   20 1.114    MG   1 0.058    N   26 0.050
    22  C   3.976    H   79 0.973    H   81 0.973    C   19 0.972    H   80 0.971
    23  C   3.868    O   24 1.813    C   20 1.009    C   25 0.951
    24  O   2.136    C   23 1.813    C   20 0.080    C   25 0.071    C   19 0.064
    25  C   3.982    H   82 0.973    H   83 0.972    H   84 0.960    C   23 0.951    O   24 0.071
    26  N   3.320    C   27 1.289    C   30 1.258    MG   1 0.340    C   21 0.050
    27  C   3.855    C    4 1.379    N   26 1.289    C   28 0.926
    28  C   3.935    C   31 0.971    H   85 0.944    C   29 0.942    C   27 0.926
    29  C   3.941    C   30 0.990    C   28 0.942    H   86 0.930    C   32 0.922
    30  C   3.881    C    5 1.399    N   26 1.258    C   29 0.990
    31  C   3.974    H   89 0.982    H   88 0.978    H   87 0.977    C   28 0.971
    32  C   3.946    C   33 1.012    H   90 0.964    H   91 0.964    C   29 0.922
    33  C   3.982    C   32 1.012    H   93 0.982    H   94 0.980    H   92 0.972
    34  N   3.319    C   38 1.208    C   35 1.178    MG   1 0.491    C   37 0.056    C   36 0.055
    35  C   3.882    C    5 1.283    N   34 1.178    C   36 1.176
    36  C   3.827    C   37 1.303    C   35 1.176    C   39 1.019    O   41 0.062    N   34 0.055
    37  C   3.922    C   36 1.303    C   38 1.193    C   40 1.130    O   41 0.062    N   34 0.056
    38  C   3.886    N   34 1.208    C   37 1.193    C    2 1.181    MG   1 0.054
    39  C   3.982    C   36 1.019    H   95 0.973    H   96 0.962    H   97 0.958
    40  C   3.903    O   41 1.777    C   37 1.130    C   42 0.846
    41  O   2.138    C   40 1.777    C   42 0.090    C   36 0.062    C   37 0.062
    42  C   3.925    C    2 0.933    H   98 0.931    C   43 0.889    C   40 0.846    O   41 0.090    O   44 0.086
    43  C   3.894    O   44 1.821    O   45 1.127    C   42 0.889
    44  O   2.150    C   43 1.821    O   45 0.172    C   42 0.086
    45  O   2.318    C   43 1.127    C   46 0.950    O   44 0.172
    46  C   3.928    H   99 0.989    H  101 0.987    H  100 0.979    O   45 0.950
    47  C   3.933    C   48 0.988    H  103 0.967    H  102 0.955    O   16 0.950
    48  C   3.945    C   49 1.854    C   47 0.988    H  104 0.947
    49  C   3.924    C   48 1.854    C   50 1.011    C   51 0.968
    50  C   3.989    C   49 1.011    H  107 0.972    H  106 0.965    H  105 0.961
    51  C   3.968    C   49 0.968    H  108 0.965    H  109 0.963    C   52 0.960
    52  C   3.953    C   53 0.970    H  110 0.970    H  111 0.967    C   51 0.960
    53  C   3.960    C   54 0.978    C   52 0.970    H  113 0.966    H  112 0.961
    54  C   3.940    C   55 1.004    C   53 0.978    C   56 0.948    H  114 0.947
    55  C   3.980    C   54 1.004    H  117 0.978    H  116 0.975    H  115 0.972
    56  C   3.957    C   57 0.982    H  119 0.971    H  118 0.961    C   54 0.948
    57  C   3.964    C   58 0.990    C   56 0.982    H  120 0.971    H  121 0.958
    58  C   3.967    C   57 0.990    C   59 0.979    H  123 0.960    H  122 0.956
    59  C   3.937    C   60 0.981    C   58 0.979    C   61 0.955    H  124 0.947
    60  C   3.975    H  127 0.981    C   59 0.981    H  126 0.980    H  125 0.975
    61  C   3.960    C   62 0.999    H  129 0.964    H  128 0.958    C   59 0.955
    62  C   3.965    C   61 0.999    H  130 0.970    C   63 0.969    H  131 0.964
    63  C   3.955    C   64 0.971    C   62 0.969    H  133 0.968    H  132 0.962
    64  C   3.932    C   65 1.001    C   63 0.971    C   66 0.963    H  134 0.957
    65  C   3.983    C   64 1.001    H  136 0.981    H  137 0.978    H  135 0.974
    66  C   3.979    H  139 0.986    H  138 0.983    H  140 0.981    C   64 0.963
    67  H   0.993    C    3 0.931
    68  H   0.994    C    4 0.937
    69  H   0.994    C    5 0.938
    70  H   0.995    C    8 0.934
    71  H   0.996    C    9 0.944
    72  H   0.998    C   11 0.979
    73  H   0.997    C   11 0.973
    74  H   0.996    C   11 0.981
    75  H   0.997    C   12 0.960
    76  H   0.997    C   12 0.954
    77  H   0.998    C   13 0.940
    78  H   0.997    C   13 0.950
    79  H   0.995    C   22 0.973
    80  H   0.993    C   22 0.971
    81  H   0.995    C   22 0.973
    82  H   0.995    C   25 0.973
    83  H   0.998    C   25 0.972
    84  H   0.996    C   25 0.960
    85  H   0.995    C   28 0.944
    86  H   0.994    C   29 0.930
    87  H   0.997    C   31 0.977
    88  H   0.997    C   31 0.978
    89  H   0.997    C   31 0.982
    90  H   0.998    C   32 0.964
    91  H   0.996    C   32 0.964
    92  H   0.996    C   33 0.972
    93  H   0.999    C   33 0.982
    94  H   0.999    C   33 0.980
    95  H   0.995    C   39 0.973
    96  H   0.991    C   39 0.962
    97  H   0.989    C   39 0.958
    98  H   0.995    C   42 0.931
    99  H   0.997    C   46 0.989
   100  H   0.996    C   46 0.979
   101  H   0.997    C   46 0.987
   102  H   0.994    C   47 0.955
   103  H   0.997    C   47 0.967
   104  H   0.999    C   48 0.947
   105  H   0.998    C   50 0.961
   106  H   0.998    C   50 0.965
   107  H   0.997    C   50 0.972
   108  H   0.997    C   51 0.965
   109  H   0.998    C   51 0.963
   110  H   0.998    C   52 0.970
   111  H   0.998    C   52 0.967
   112  H   0.999    C   53 0.961
   113  H   0.999    C   53 0.966
   114  H   0.999    C   54 0.947
   115  H   0.999    C   55 0.972
   116  H   0.998    C   55 0.975
   117  H   0.999    C   55 0.978
   118  H   0.998    C   56 0.961
   119  H   0.999    C   56 0.971
   120  H   0.999    C   57 0.971
   121  H   0.999    C   57 0.958
   122  H   0.998    C   58 0.956
   123  H   0.997    C   58 0.960
   124  H   0.997    C   59 0.947
   125  H   0.997    C   60 0.975
   126  H   0.999    C   60 0.980
   127  H   0.998    C   60 0.981
   128  H   0.998    C   61 0.958
   129  H   0.999    C   61 0.964
   130  H   0.999    C   62 0.970
   131  H   0.999    C   62 0.964
   132  H   0.999    C   63 0.962
   133  H   0.999    C   63 0.968
   134  H   0.999    C   64 0.957
   135  H   0.999    C   65 0.974
   136  H   0.999    C   65 0.981
   137  H   0.999    C   65 0.978
   138  H   0.999    C   66 0.983
   139  H   0.998    C   66 0.986
   140  H   0.998    C   66 0.981
 
 --------------------------------------------
          xTB calculation for sTDA...
 --------------------------------------------
 
 reading parameter file ~/.param_stda2.xtb
 
      method parameters     
 k(s)        :  1.6000
 k(p)        :  2.1800
 k(d)        :  1.9500
 k(f)        :  2.0000
 k(R-V)      :  2.2750
 k(R-R)      :  1.7650
 Tscal       :  0.2580
 Gscal       :  1.0000
 fpol        :  1.0000
 Zcnf        :  0.3430
 Zqf         :  0.0000
 kcn         :  2.7000
 Ryd Hsplit  :  0.7000
 lshift(virt):  3.1000
 lshift(OS)  :  0.2000
 wllscaling  :  2.6000
 
 mowrcut     : 3.000
 
  Z AO/shell   Hii/eV     exponent
  1     Sun Feb 14 09:53:25 CET 2016    EN: 2.327 GAM: 0.473  GM3: 0.0000
     1s    -14.339618    1.220000
     2sp    -3.348946    0.600000
  6     Sun Feb 14 09:53:25 CET 2016    EN: 2.731 GAM: 0.422  GM3: 0.0000
     2s    -22.009312    1.565095
     2p    -13.020408    1.596905
     3sp    -3.914040    0.824500
  7     Sun Feb 14 09:53:25 CET 2016    EN: 3.573 GAM: 0.504  GM3: 0.0000
     2s    -25.722000    2.064844
     2p    -18.684912    1.801692
     3sp    -4.344791    0.921400
  8     Sun Feb 14 09:53:25 CET 2016    EN: 3.700 GAM: 0.587  GM3: 0.0000
     2s    -33.859000    2.418661
     2p    -22.175911    1.973969
     3sp    -4.259392    1.013700
 12     Sun Feb 21 16:58:31 CET 2016    EN: 0.033 GAM: 0.222  GM3: 0.0000
     3s    -11.092543    1.647583
     3p     -6.929529    0.855020
 
 Nbf   :          894
 T(el) :     0.0
 calculating S/T integrals ...
 cpu time for ints    1.22576000000000     
 Nao   :          894
 making H0...
 making H1...
 cpu time for H      2.658400000000016E-002
 solving ...
 cpu time for diag   0.269280000000000     
 
 gap (eV)           :   4.667
 Koopmans IP (eV)   :  13.322
 Eel (Eh)           :  -300.673852

          eigenvalues
 #    :         164        165        166        167        168        169        170        171
 occ. :        2.000      2.000      2.000      2.000      2.000      2.000      2.000      2.000
 eps  :       -17.341    -17.309    -16.863    -16.569    -16.235    -16.042    -15.797    -15.445
 #    :         172        173        174        175        176        177        178        179
 occ. :        2.000      2.000      2.000      2.000      2.000      0.000      0.000      0.000
 eps  :       -15.348    -15.276    -15.073    -13.831    -13.324     -8.656     -7.095     -6.616
 #    :         180        181        182        183        184        185        186        187
 occ. :        0.000      0.000      0.000      0.000      0.000      0.000      0.000      0.000
 eps  :        -6.182     -6.024     -5.909     -5.662     -5.223     -5.150     -5.084     -5.044
                            1  SCC done.
 writing mo output ...
 molden style : F
 
speedup  1.20
cpu  time for all    2.04 s
wall time for all    1.70 s
