cpu-bind=MASK - bp1-compute101, task 4294967295 4294967295 [0]: mask 0xffffffffffff set
Host:    bp1-compute101.data.bp.acrc.priv
Time:    Wed May  4 07:07:57 BST 2022
Dir:     /user/home/of15641/chlorophyll_parameterization/tddft_data/step_1501_chromophore_19
Job ID:  1692143
Nodelist:
cat: bp1-compute101: No such file or directory
  
Result dir: /user/home/of15641/chlorophyll_parameterization/tddft_data/step_1501_chromophore_19
running gaussian jobs
Running time g16 < CAMB3LYP_step_1501_chromophore_19.com > CAMB3LYP_step_1501_chromophore_19.log

real	23m28.136s
user	551m27.491s
sys	0m22.126s
Running time g16 < PBE0_step_1501_chromophore_19.com > PBE0_step_1501_chromophore_19.log

real	19m28.573s
user	465m21.860s
sys	0m22.620s
Running time g16 < wB97XD_step_1501_chromophore_19.com > wB97XD_step_1501_chromophore_19.log

real	24m39.165s
user	579m2.849s
sys	0m22.915s
Running time g16 < BLYP_step_1501_chromophore_19.com > BLYP_step_1501_chromophore_19.log

real	13m38.010s
user	325m26.381s
sys	0m24.543s
Running time g16 < ZINDO_step_1501_chromophore_19.com > ZINDO_step_1501_chromophore_19.log

real	0m6.391s
user	2m19.102s
sys	0m2.597s
