cpu-bind=MASK - bp1-compute192, task 4294967295 4294967295 [0]: mask 0xffffff00ffffff set
Host:    bp1-compute192.data.bp.acrc.priv
Time:    Thu May  5 06:07:49 BST 2022
Dir:     /user/home/of15641/chlorophyll_parameterization/tddft_data/step_701_chromophore_7
Job ID:  1692378
Nodelist:
cat: bp1-compute192: No such file or directory
  
Result dir: /user/home/of15641/chlorophyll_parameterization/tddft_data/step_701_chromophore_7
running gaussian jobs
Running time g16 < CAMB3LYP_step_701_chromophore_7.com > CAMB3LYP_step_701_chromophore_7.log

real	25m1.951s
user	588m9.361s
sys	0m32.503s
Running time g16 < PBE0_step_701_chromophore_7.com > PBE0_step_701_chromophore_7.log

real	15m48.952s
user	376m28.130s
sys	0m34.573s
Running time g16 < wB97XD_step_701_chromophore_7.com > wB97XD_step_701_chromophore_7.log

real	25m52.733s
user	607m39.714s
sys	0m31.289s
Running time g16 < BLYP_step_701_chromophore_7.com > BLYP_step_701_chromophore_7.log

real	12m7.093s
user	288m17.502s
sys	0m26.201s
Running time g16 < ZINDO_step_701_chromophore_7.com > ZINDO_step_701_chromophore_7.log

real	0m6.573s
user	2m22.773s
sys	0m2.481s
