 
        ______________________________________
       |                                      |
       |          ===================         |
       |             xTB for sTDA             |
       |          ===================         |
       |               S. Grimme              |
       |        Universitaet Bonn, MCTC       |
       |         2015-19, Version 1.0         |
       |     Wed Apr  3 09:14:55 CEST 2019    |
       |______________________________________|
 
        This code comes without any warranty
        for non-commercial, academia use only.
        Preliminary test version.
        Cite this work as:
        S. Grimme  &  C. Bannwarth, JCP 145 (2016) 054103
        if GBSA is used additionally:
        P. Shushkov, F. März, C. Bannwarth, S. Grimme, unpublished.
 
        with help from
        P. Shushkov, G. Brandenburg, S. Dohm, J. Pisarek,
        F. März, M. Checinski, S. Ehrlich, S. Spicher, 
        P. Pracht, E. Caldeweyher, S. Ehlert, and C. Bannwarth.
 
        usage        :
        xtb4stda <coord_file> [options]
        where <coord_file> is a valid file of TM)
        (*coord, Bohr) or xmol (*xyz, Angstroem)
        format.

        options:
        -chrg <int>   : molecular charge
        -uhf  <int>   : # of unpaired electrons(=2*S)
        -nox          : skip second, extended part in sTDA-xTB
        -pop          : do population analysis
                      : (default for -nox)
        -mowr <real>  : cut MO write above (def.3 Eh)
        -molden       : write formatted molden file
        -parx <file>  : read parameters for sTDA-xTB
                        calc (def:~/.param_stda2.xtb)
        -parv <file>  : read parameters for vTB part in
                        sTDA-xTB (def: ~/.param_stda1.xtb)
        -xtemp <real> : el. temp for xTB (def. 0 K)
        -etemp <real> : el. temp for GFN (def. 300 K)
        -fod          : calculate the FOD and write
                        molden.input file with
                        appropriate occupations
                        for plotting. Def. T=12500 K
 
        -acc <real>   : xTB accuracy (def. 1.0)
        -gbsa [string1] [string2]
                        use GBSA implicit solvent
                        for solvent [string1] and
                        solvation state [string2]=
                        reference, bar1M (default=1M)
        additional GFN/opt/MD/siman options read from
        $XTB4STDAHOME/.xtb4stdarc or $set in input
 
       spin and charge state information can be on:
       <.CHRG> (charge) and <.UHF> (=nalpha-nbeta)
       -uhf and -chrg override the file info.
       useful machine settings:
       setenv MKL_NUM_THREADS <NCORE_ON_YOUR_MACHINE>
       setenv OMP_STACKSIZE 500m
       limit stacksize unlimited
 
       total energies in Eh, gaps/HL energies in eV
       please read REVISION and HOWTO files carefully
 =============================
  # OMP threads =           4
 =============================
 
 xtb4stdahome directory:~/
 
 
 name of molecule           :
 comment line               :
 number of atoms            :   140
 number of electrons        :   352
 charge                     :  0
 spin                       : 0.0
 first test random number   :  0.4140
 
 -----------------------------------------
      charge density (VTB) calculation
 -----------------------------------------
 
      method parameters     
 k(s)        :  1.8000
 k(p)        :  2.8350
 k(d)        :  2.0860
 k(f)        :  2.0000
 Tscal       :  0.3300
 Gscal       :  0.3910
 fpol        :  1.0000
 Zcnf        :  0.6500
 Zqf         :  0.0000
 kcn         :  0.3000
 kEN1        : -0.5900
 wllscal     :  2.6000
 
     -------------------------
     ! NO SOLVENT MODEL USED !
     -------------------------
 
 doing EN charges ...
 sum q :  0.5551115D-15
 point charge moment (au)
     X       Y       Z   
  -0.0026   0.0765   0.3122  total (Debye):    0.817
 
            Z      q(EN)   CN      Cart. coordinates
     1  MG  2.0   0.820   4.641    45.13988   -12.78022    86.12426
     2  C   4.0   0.020   3.267    49.50893    -8.38093    83.68273
     3  C   4.0  -0.060   3.137    40.51761    -9.70185    82.59236
     4  C   4.0  -0.061   3.171    41.35098   -17.65760    87.40360
     5  C   4.0  -0.054   3.166    50.33285   -15.98519    88.64893
     6  N   5.0  -0.334   3.071    45.17390    -9.68862    83.03834
     7  C   4.0   0.114   3.314    47.14677    -8.19385    82.50166
     8  C   4.0  -0.094   4.171    46.19624    -6.06602    80.64217
     9  C   4.0  -0.096   4.117    43.22370    -6.20397    80.73854
    10  C   4.0   0.083   3.332    42.89678    -8.63983    82.21442
    11  C   4.0  -0.237   4.037    42.02939    -3.89473    82.04812
    12  C   4.0  -0.163   4.072    47.39244    -6.61971    77.98521
    13  C   4.0  -0.168   4.040    48.30706    -4.49566    76.39595
    14  C   4.0   0.174   3.084    47.78361    -4.65817    73.47254
    15  O   6.0  -0.092   1.039    46.68190    -2.95553    72.30469
    16  O   6.0  -0.124   2.051    48.55651    -6.83703    72.37461
    17  N   5.0  -0.422   3.221    41.37555   -13.56067    85.26632
    18  C   4.0   0.071   3.377    39.79763   -12.03189    83.80746
    19  C   4.0   0.012   3.273    37.28240   -13.12226    84.00021
    20  C   4.0   0.003   3.283    37.43358   -15.38615    85.39294
    21  C   4.0   0.082   3.401    40.09621   -15.61292    86.16394
    22  C   4.0  -0.247   4.036    35.11111   -12.03944    82.56402
    23  C   4.0   0.105   3.079    35.20370   -16.99620    85.94852
    24  O   6.0  -0.092   1.077    33.07209   -16.41983    85.09814
    25  C   4.0  -0.258   4.069    35.44937   -19.08623    87.52077
    26  N   5.0  -0.437   3.186    45.66523   -16.46518    87.80045
    27  C   4.0   0.133   3.366    43.84731   -18.05444    88.21619
    28  C   4.0  -0.098   4.194    44.95091   -20.34668    89.58813
    29  C   4.0  -0.094   4.148    47.63621   -19.46229    90.55189
    30  C   4.0   0.097   3.401    47.92912   -17.12092    88.79255
    31  C   4.0  -0.236   4.036    43.31441   -21.60902    91.53266
    32  C   4.0  -0.161   4.020    49.71680   -21.57878    90.25898
    33  C   4.0  -0.237   4.001    51.11331   -22.08334    92.82712
    34  N   5.0  -0.434   3.269    49.17067   -12.30401    86.24142
    35  C   4.0   0.076   3.549    50.96024   -13.70051    87.47730
    36  C   4.0   0.017   3.327    53.33374   -12.72730    86.99731
    37  C   4.0   0.004   3.445    52.96335   -10.52766    85.57246
    38  C   4.0   0.107   3.731    50.30639   -10.43318    85.15483
    39  C   4.0  -0.246   4.032    55.82250   -13.62114    88.02532
    40  C   4.0   0.115   3.192    54.11419    -8.26566    84.39516
    41  O   6.0  -0.103   1.043    56.31194    -7.66662    84.17406
    42  C   4.0  -0.117   4.216    51.92967    -6.80112    83.06857
    43  C   4.0   0.195   3.168    51.90321    -4.24432    84.00966
    44  O   6.0  -0.097   1.054    52.37564    -2.41129    82.67362
    45  O   6.0  -0.133   2.056    51.04528    -4.18574    86.36803
    46  C   4.0  -0.198   4.039    50.51804    -1.68753    87.45274
    47  C   4.0  -0.135   4.073    48.00093    -7.12994    69.68175
    48  C   4.0  -0.055   3.099    47.48881    -9.92295    69.39074
    49  C   4.0   0.016   3.049    48.43935   -11.59914    67.81660
    50  C   4.0  -0.249   4.043    51.14921   -11.34214    66.77347
    51  C   4.0  -0.171   4.044    47.40378   -14.39404    67.43865
    52  C   4.0  -0.163   4.045    44.68635   -14.94395    66.34072
    53  C   4.0  -0.166   4.086    44.55029   -16.14771    63.81038
    54  C   4.0  -0.088   4.055    43.68668   -14.12192    61.82049
    55  C   4.0  -0.239   4.046    42.23349   -15.51087    59.72857
    56  C   4.0  -0.164   4.061    46.09797   -12.72730    60.84918
    57  C   4.0  -0.162   4.015    45.89199    -9.74721    60.88130
    58  C   4.0  -0.164   4.060    48.10297    -8.48298    59.28637
    59  C   4.0  -0.087   4.033    47.26583    -7.06946    56.78438
    60  C   4.0  -0.240   4.049    47.27716    -4.23488    57.30783
    61  C   4.0  -0.164   4.070    49.13665    -7.83858    54.61686
    62  C   4.0  -0.164   4.047    47.81763    -9.36548    52.50604
    63  C   4.0  -0.165   4.078    46.41923    -7.56835    50.66544
    64  C   4.0  -0.087   4.014    43.72259    -8.38093    49.97947
    65  C   4.0  -0.237   4.017    43.52795    -9.33147    47.11087
    66  C   4.0  -0.239   4.042    41.84042    -6.24365    50.51237
    67  H   1.0   0.070   1.006    38.96993    -8.78534    81.58136
    68  H   1.0   0.071   1.008    40.27762   -19.40938    87.61147
    69  H   1.0   0.071   1.006    51.98636   -16.85258    89.52955
    70  H   1.0   0.085   1.007    46.86520    -4.25944    81.37160
    71  H   1.0   0.084   1.007    42.52072    -6.24554    78.80157
    72  H   1.0   0.081   1.003    41.45681    -4.68463    83.86226
    73  H   1.0   0.080   1.000    40.24738    -3.64150    81.04468
    74  H   1.0   0.080   0.997    43.16134    -2.21854    82.44307
    75  H   1.0   0.083   1.010    45.87310    -7.40773    76.83815
    76  H   1.0   0.083   1.003    48.69824    -8.21086    78.04568
    77  H   1.0   0.082   1.003    50.31773    -4.23677    76.75689
    78  H   1.0   0.082   1.006    47.34708    -2.81380    77.09704
    79  H   1.0   0.080   1.000    35.28307   -12.53455    80.57225
    80  H   1.0   0.081   1.001    35.34921    -9.99287    82.55835
    81  H   1.0   0.081   0.999    33.27807   -12.40416    83.42951
    82  H   1.0   0.082   1.010    36.71549   -18.40026    88.99475
    83  H   1.0   0.081   1.003    36.43392   -20.58290    86.50598
    84  H   1.0   0.081   1.002    33.61445   -19.69283    88.23130
    85  H   1.0   0.085   1.011    45.40445   -21.72807    88.12737
    86  H   1.0   0.084   1.007    47.38866   -18.94639    92.53043
    87  H   1.0   0.080   0.998    41.38500   -20.90415    91.68194
    88  H   1.0   0.081   1.001    44.15345   -21.15926    93.36002
    89  H   1.0   0.080   0.999    43.14622   -23.61402    91.09235
    90  H   1.0   0.081   1.001    50.93945   -21.15548    88.65649
    91  H   1.0   0.082   1.003    48.75871   -23.32489    89.73553
    92  H   1.0   0.079   0.996    51.03205   -23.99763    93.58301
    93  H   1.0   0.080   0.997    50.58040   -20.81911    94.36347
    94  H   1.0   0.079   0.997    53.16177   -21.96239    92.64948
    95  H   1.0   0.080   0.998    56.60296   -15.25576    87.04267
    96  H   1.0   0.081   1.002    55.37086   -14.17294    89.95851
    97  H   1.0   0.080   0.998    57.25870   -12.14716    88.11225
    98  H   1.0   0.086   1.009    52.14888    -6.85026    81.02200
    99  H   1.0   0.080   0.995    49.46169    -1.70831    89.22152
   100  H   1.0   0.081   0.997    49.31429    -0.67463    86.12615
   101  H   1.0   0.080   0.996    52.31895    -0.69542    87.59069
   102  H   1.0   0.082   1.001    49.64688    -6.59514    68.56493
   103  H   1.0   0.082   1.000    46.46080    -5.97153    68.95421
   104  H   1.0   0.071   1.008    45.60476   -10.42562    70.05592
   105  H   1.0   0.081   1.000    50.94512   -10.37082    64.96878
   106  H   1.0   0.080   0.997    52.25470   -13.07879    66.70355
   107  H   1.0   0.080   0.997    52.46824    -9.98342    67.58416
   108  H   1.0   0.081   1.003    47.51338   -15.18773    69.33782
   109  H   1.0   0.082   1.004    48.89666   -15.31812    66.36340
   110  H   1.0   0.082   1.005    43.53740   -13.23564    66.25757
   111  H   1.0   0.082   1.004    43.63188   -16.18739    67.59739
   112  H   1.0   0.083   1.004    43.20291   -17.69917    63.93510
   113  H   1.0   0.083   1.003    46.30584   -17.04155    63.21133
   114  H   1.0   0.083   1.009    42.24293   -12.81990    62.50269
   115  H   1.0   0.080   0.997    40.41368   -14.65671    59.28259
   116  H   1.0   0.080   0.998    42.22593   -17.55933    59.94589
   117  H   1.0   0.081   1.001    43.34086   -15.22363    58.01648
   118  H   1.0   0.082   1.002    46.59308   -13.36225    58.95378
   119  H   1.0   0.083   1.004    47.68723   -13.32635    62.01325
   120  H   1.0   0.082   1.004    46.35876    -9.11226    62.78425
   121  H   1.0   0.081   1.000    44.05707    -9.00076    60.31816
   122  H   1.0   0.082   1.003    49.57507    -9.92295    59.34117
   123  H   1.0   0.082   1.003    49.01382    -7.09781    60.50714
   124  H   1.0   0.083   1.010    45.33264    -7.30946    56.11541
   125  H   1.0   0.081   1.001    46.09797    -4.04023    58.98591
   126  H   1.0   0.081   0.999    46.72725    -3.24655    55.58629
   127  H   1.0   0.081   0.999    49.12910    -3.60182    57.94656
   128  H   1.0   0.082   1.003    50.72024    -9.04990    55.13464
   129  H   1.0   0.083   1.005    49.93223    -6.25688    53.56617
   130  H   1.0   0.082   1.003    46.51560   -10.69018    53.39799
   131  H   1.0   0.081   1.001    49.00626   -10.62026    51.38732
   132  H   1.0   0.083   1.009    47.49070    -7.85370    48.93067
   133  H   1.0   0.082   1.002    46.65166    -5.58603    51.17756
   134  H   1.0   0.083   1.009    43.09898    -9.84736    51.28527
   135  H   1.0   0.080   0.997    42.23537   -10.92829    46.95591
   136  H   1.0   0.079   0.996    45.29862    -9.61115    46.09420
   137  H   1.0   0.080   0.999    42.47348    -7.87260    46.10931
   138  H   1.0   0.080   0.998    40.31541    -6.85215    51.75581
   139  H   1.0   0.080   0.998    41.00327    -5.51422    48.77572
   140  H   1.0   0.080   0.997    42.42624    -4.51078    51.45913
 
  Z AO/shell   Hii/eV     exponent
  1     Sat Feb 20 21:38:01 CET 2016    EN: 2.327 GAM: 0.473  GM3: 0.0000
     1s    -13.751157    1.051071
  6     Sat Feb 20 21:38:01 CET 2016    EN: 2.731 GAM: 0.422  GM3: 0.0000
     2s    -19.378245    2.021003
     2p    -11.993376    1.497917
  7     Sat Feb 20 21:38:01 CET 2016    EN: 3.573 GAM: 0.504  GM3: 0.0000
     2s    -21.576984    2.275442
     2p    -16.125120    2.056788
  8     Sat Feb 20 21:38:01 CET 2016    EN: 3.700 GAM: 0.587  GM3: 0.0000
     2s    -21.648843    2.110798
     2p    -17.239740    2.329048
 12     Sat Feb 20 23:25:47 CET 2016    EN: 0.033 GAM: 0.222  GM3: 0.0000
     3s    -12.693633    1.302878
     3p     -8.128821    0.504252
 
 dipole moment of classical point charges (au)
     X       Y       Z   
  -0.0026   0.0765   0.3122  total (Debye):    0.817

 
 Nbf   :          338
 T(el) :   300.0
 calculating S/T integrals ...
 cpu time for ints   0.130683000000000     
 Nao   :          338
 making H0...
 making H1...
 cpu time for H      7.225000000000009E-003
 solving ...
 cpu time for diag   9.028799999999998E-002
 
 gap (eV)           :   1.416
 Koopmans IP (eV)   :  12.280
 Eel (Eh)           :  -268.731210
 T,E(Fermi),NFOD :    300.000   -11.572  0.000000
 T,E(Fermi),NFOD :    300.000   -11.572  0.000000
 Nfod               :  0.0000
 Nfod/Nel           :  0.0000

          eigenvalues
 #    :         164        165        166        167        168        169        170        171
 occ. :        2.000      2.000      2.000      2.000      2.000      2.000      2.000      2.000
 eps  :       -16.302    -16.283    -16.032    -15.870    -15.680    -15.610    -15.406    -15.225
 #    :         172        173        174        175        176        177        178        179
 occ. :        2.000      2.000      2.000      2.000      2.000      0.000      0.000      0.000
 eps  :       -15.010    -14.967    -14.722    -13.211    -12.281    -10.865    -10.075     -8.478
 #    :         180        181        182        183        184        185        186        187
 occ. :        0.000      0.000      0.000      0.000      0.000      0.000      0.000      0.000
 eps  :        -8.303     -8.091     -7.918     -7.882     -7.430     -7.254     -7.099     -6.803
                            1  SCC done.
 making H1...
 cpu time for H      0.106318000000000     
 solving ...
 cpu time for diag   3.426299999999999E-002
 
 gap (eV)           :   1.657
 Koopmans IP (eV)   :  12.222
 Eel (Eh)           :  -266.113404
 T,E(Fermi),NFOD :    300.000   -11.394  0.000000
 T,E(Fermi),NFOD :    300.000   -11.394  0.000000
 Nfod               :  0.0000
 Nfod/Nel           :  0.0000

          eigenvalues
 #    :         164        165        166        167        168        169        170        171
 occ. :        2.000      2.000      2.000      2.000      2.000      2.000      2.000      2.000
 eps  :       -15.360    -15.329    -15.166    -15.017    -14.840    -14.514    -14.344    -14.259
 #    :         172        173        174        175        176        177        178        179
 occ. :        2.000      2.000      2.000      2.000      2.000      0.000      0.000      0.000
 eps  :       -14.057    -13.912    -13.821    -12.743    -12.223    -10.566     -9.634     -8.357
 #    :         180        181        182        183        184        185        186        187
 occ. :        0.000      0.000      0.000      0.000      0.000      0.000      0.000      0.000
 eps  :        -8.197     -8.001     -7.865     -7.705     -7.217     -7.205     -6.865     -6.693
                            2  SCC done.
 
 
 Mulliken/CM5 charges    n(s)   n(p)   n(d)   
    1 MG  0.3345  0.7463   0.655  1.011  0.000
    2 C   0.0044  0.0089   1.188  2.808  0.000
    3 C  -0.0190 -0.0622   1.128  2.891  0.000
    4 C  -0.0609 -0.1026   1.120  2.941  0.000
    5 C  -0.0365 -0.0783   1.130  2.907  0.000
    6 N  -0.1382 -0.3713   1.411  3.728  0.000
    7 C   0.0374  0.1042   1.234  2.729  0.000
    8 C  -0.0364 -0.0908   1.220  2.817  0.000
    9 C  -0.0068 -0.0660   1.192  2.815  0.000
   10 C   0.0347  0.0878   1.226  2.739  0.000
   11 C  -0.0914 -0.2395   1.106  2.985  0.000
   12 C  -0.0639 -0.1713   1.148  2.916  0.000
   13 C  -0.0523 -0.1539   1.142  2.910  0.000
   14 C   0.2094  0.2591   1.199  2.592  0.000
   15 O  -0.2779 -0.3248   1.632  4.646  0.000
   16 O  -0.1321 -0.2069   1.482  4.650  0.000
   17 N  -0.2181 -0.4947   1.377  3.841  0.000
   18 C   0.0107  0.0673   1.206  2.784  0.000
   19 C  -0.0012 -0.0053   1.210  2.791  0.000
   20 C  -0.0635 -0.0584   1.197  2.866  0.000
   21 C   0.0330  0.0951   1.204  2.763  0.000
   22 C  -0.0708 -0.2142   1.080  2.991  0.000
   23 C   0.1508  0.1681   1.184  2.665  0.000
   24 O  -0.2943 -0.3465   1.628  4.666  0.000
   25 C  -0.0700 -0.2121   1.078  2.992  0.000
   26 N  -0.1947 -0.4754   1.382  3.813  0.000
   27 C   0.0670  0.1365   1.209  2.724  0.000
   28 C  -0.0281 -0.0855   1.192  2.836  0.000
   29 C  -0.0373 -0.0936   1.218  2.820  0.000
   30 C   0.0392  0.1004   1.213  2.748  0.000
   31 C  -0.0876 -0.2364   1.093  2.994  0.000
   32 C  -0.0470 -0.1557   1.155  2.892  0.000
   33 C  -0.1028 -0.2537   1.096  3.007  0.000
   34 N  -0.2287 -0.5098   1.380  3.849  0.000
   35 C   0.0349  0.0966   1.178  2.787  0.000
   36 C  -0.0053 -0.0093   1.196  2.810  0.000
   37 C  -0.0757 -0.0676   1.194  2.882  0.000
   38 C   0.0398  0.1202   1.181  2.779  0.000
   39 C  -0.0700 -0.2138   1.078  2.992  0.000
   40 C   0.1505  0.1846   1.201  2.648  0.000
   41 O  -0.2190 -0.2623   1.628  4.591  0.000
   42 C  -0.0345 -0.0762   1.188  2.847  0.000
   43 C   0.2439  0.3001   1.152  2.604  0.000
   44 O  -0.3015 -0.3499   1.632  4.670  0.000
   45 O  -0.1324 -0.2140   1.473  4.659  0.000
   46 C   0.0239 -0.0994   1.092  2.884  0.000
   47 C   0.0601 -0.0191   1.128  2.812  0.000
   48 C  -0.0682 -0.1232   1.162  2.906  0.000
   49 C  -0.0089 -0.0324   1.235  2.774  0.000
   50 C  -0.1160 -0.2627   1.087  3.029  0.000
   51 C  -0.0660 -0.1713   1.156  2.910  0.000
   52 C  -0.0495 -0.1605   1.143  2.906  0.000
   53 C  -0.0573 -0.1692   1.151  2.906  0.000
   54 C  -0.0266 -0.1000   1.210  2.817  0.000
   55 C  -0.1153 -0.2665   1.107  3.008  0.000
   56 C  -0.0762 -0.1861   1.168  2.908  0.000
   57 C  -0.0696 -0.1808   1.161  2.908  0.000
   58 C  -0.0856 -0.1955   1.168  2.918  0.000
   59 C  -0.0131 -0.0850   1.208  2.805  0.000
   60 C  -0.0940 -0.2456   1.104  2.990  0.000
   61 C  -0.0716 -0.1809   1.158  2.913  0.000
   62 C  -0.0754 -0.1896   1.156  2.919  0.000
   63 C  -0.0811 -0.1915   1.158  2.923  0.000
   64 C  -0.0141 -0.0875   1.204  2.811  0.000
   65 C  -0.1070 -0.2566   1.114  2.993  0.000
   66 C  -0.1173 -0.2684   1.105  3.013  0.000
   67 H   0.0581  0.1171   0.942  0.000  0.000
   68 H   0.0551  0.1155   0.945  0.000  0.000
   69 H   0.0636  0.1231   0.936  0.000  0.000
   70 H   0.0422  0.1050   0.958  0.000  0.000
   71 H   0.0563  0.1166   0.944  0.000  0.000
   72 H   0.0294  0.0852   0.971  0.000  0.000
   73 H   0.0413  0.0940   0.959  0.000  0.000
   74 H   0.0512  0.1026   0.949  0.000  0.000
   75 H   0.0236  0.0856   0.976  0.000  0.000
   76 H   0.0412  0.0996   0.959  0.000  0.000
   77 H   0.0417  0.0996   0.958  0.000  0.000
   78 H   0.0381  0.0986   0.962  0.000  0.000
   79 H   0.0524  0.1055   0.948  0.000  0.000
   80 H   0.0387  0.0927   0.961  0.000  0.000
   81 H   0.0577  0.1160   0.942  0.000  0.000
   82 H   0.0534  0.1114   0.947  0.000  0.000
   83 H   0.0590  0.1141   0.941  0.000  0.000
   84 H   0.0542  0.1112   0.946  0.000  0.000
   85 H   0.0453  0.1091   0.955  0.000  0.000
   86 H   0.0517  0.1134   0.948  0.000  0.000
   87 H   0.0353  0.0881   0.965  0.000  0.000
   88 H   0.0381  0.0920   0.962  0.000  0.000
   89 H   0.0419  0.0939   0.958  0.000  0.000
   90 H   0.0472  0.1029   0.953  0.000  0.000
   91 H   0.0368  0.0932   0.963  0.000  0.000
   92 H   0.0358  0.0862   0.964  0.000  0.000
   93 H   0.0362  0.0878   0.964  0.000  0.000
   94 H   0.0292  0.0800   0.971  0.000  0.000
   95 H   0.0485  0.1002   0.952  0.000  0.000
   96 H   0.0408  0.0948   0.959  0.000  0.000
   97 H   0.0498  0.1027   0.950  0.000  0.000
   98 H   0.0605  0.1273   0.939  0.000  0.000
   99 H   0.0576  0.1141   0.942  0.000  0.000
  100 H   0.0459  0.1085   0.954  0.000  0.000
  101 H   0.0534  0.1148   0.947  0.000  0.000
  102 H   0.0447  0.1086   0.955  0.000  0.000
  103 H   0.0707  0.1365   0.929  0.000  0.000
  104 H   0.0231  0.0827   0.977  0.000  0.000
  105 H   0.0379  0.0908   0.962  0.000  0.000
  106 H   0.0425  0.0942   0.957  0.000  0.000
  107 H   0.0390  0.0906   0.961  0.000  0.000
  108 H   0.0398  0.0957   0.960  0.000  0.000
  109 H   0.0414  0.0987   0.959  0.000  0.000
  110 H   0.0360  0.0939   0.964  0.000  0.000
  111 H   0.0400  0.0956   0.960  0.000  0.000
  112 H   0.0429  0.0993   0.957  0.000  0.000
  113 H   0.0341  0.0909   0.966  0.000  0.000
  114 H   0.0409  0.1008   0.959  0.000  0.000
  115 H   0.0382  0.0895   0.962  0.000  0.000
  116 H   0.0356  0.0880   0.964  0.000  0.000
  117 H   0.0231  0.0768   0.977  0.000  0.000
  118 H   0.0309  0.0873   0.969  0.000  0.000
  119 H   0.0364  0.0946   0.964  0.000  0.000
  120 H   0.0325  0.0889   0.967  0.000  0.000
  121 H   0.0336  0.0887   0.966  0.000  0.000
  122 H   0.0399  0.0961   0.960  0.000  0.000
  123 H   0.0347  0.0912   0.965  0.000  0.000
  124 H   0.0475  0.1082   0.953  0.000  0.000
  125 H   0.0416  0.0952   0.958  0.000  0.000
  126 H   0.0436  0.0961   0.956  0.000  0.000
  127 H   0.0218  0.0744   0.978  0.000  0.000
  128 H   0.0374  0.0933   0.963  0.000  0.000
  129 H   0.0328  0.0902   0.967  0.000  0.000
  130 H   0.0210  0.0777   0.979  0.000  0.000
  131 H   0.0394  0.0939   0.961  0.000  0.000
  132 H   0.0273  0.0858   0.973  0.000  0.000
  133 H   0.0409  0.0977   0.959  0.000  0.000
  134 H   0.0389  0.0984   0.961  0.000  0.000
  135 H   0.0350  0.0860   0.965  0.000  0.000
  136 H   0.0436  0.0947   0.956  0.000  0.000
  137 H   0.0284  0.0812   0.972  0.000  0.000
  138 H   0.0298  0.0812   0.970  0.000  0.000
  139 H   0.0264  0.0788   0.974  0.000  0.000
  140 H   0.0327  0.0840   0.967  0.000  0.000
 Hirshfeld charges for QMDFF written to <charges>
 
 Loewdin charges    n(s)   n(p)   n(d)
    1 MG  0.1777   0.666  1.157  0.000
    2 C   0.0055   1.147  2.847  0.000
    3 C  -0.0161   1.076  2.940  0.000
    4 C  -0.0594   1.068  2.991  0.000
    5 C  -0.0324   1.077  2.956  0.000
    6 N  -0.1059   1.368  3.737  0.000
    7 C   0.0376   1.199  2.764  0.000
    8 C  -0.0305   1.174  2.856  0.000
    9 C   0.0024   1.144  2.854  0.000
   10 C   0.0394   1.189  2.772  0.000
   11 C  -0.0939   1.035  3.059  0.000
   12 C  -0.0604   1.089  2.971  0.000
   13 C  -0.0522   1.083  2.969  0.000
   14 C   0.1865   1.174  2.639  0.000
   15 O  -0.2649   1.604  4.661  0.000
   16 O  -0.0963   1.447  4.649  0.000
   17 N  -0.1846   1.334  3.850  0.000
   18 C   0.0131   1.168  2.819  0.000
   19 C   0.0077   1.168  2.824  0.000
   20 C  -0.0711   1.161  2.910  0.000
   21 C   0.0390   1.164  2.797  0.000
   22 C  -0.0729   1.005  3.068  0.000
   23 C   0.1547   1.143  2.702  0.000
   24 O  -0.2833   1.602  4.682  0.000
   25 C  -0.0758   1.003  3.072  0.000
   26 N  -0.1536   1.333  3.820  0.000
   27 C   0.0700   1.171  2.759  0.000
   28 C  -0.0200   1.144  2.876  0.000
   29 C  -0.0310   1.172  2.859  0.000
   30 C   0.0420   1.177  2.781  0.000
   31 C  -0.0906   1.021  3.069  0.000
   32 C  -0.0410   1.096  2.945  0.000
   33 C  -0.1056   1.025  3.081  0.000
   34 N  -0.1955   1.335  3.860  0.000
   35 C   0.0344   1.139  2.827  0.000
   36 C   0.0029   1.153  2.844  0.000
   37 C  -0.0850   1.158  2.927  0.000
   38 C   0.0430   1.141  2.816  0.000
   39 C  -0.0705   1.003  3.067  0.000
   40 C   0.1438   1.168  2.688  0.000
   41 O  -0.2025   1.596  4.606  0.000
   42 C  -0.0356   1.140  2.896  0.000
   43 C   0.2201   1.125  2.655  0.000
   44 O  -0.2896   1.603  4.686  0.000
   45 O  -0.0947   1.435  4.659  0.000
   46 C   0.0166   1.022  2.961  0.000
   47 C   0.0585   1.070  2.871  0.000
   48 C  -0.0684   1.112  2.956  0.000
   49 C   0.0026   1.194  2.804  0.000
   50 C  -0.1212   1.015  3.106  0.000
   51 C  -0.0639   1.099  2.965  0.000
   52 C  -0.0448   1.084  2.961  0.000
   53 C  -0.0540   1.093  2.961  0.000
   54 C  -0.0165   1.163  2.854  0.000
   55 C  -0.1206   1.037  3.084  0.000
   56 C  -0.0750   1.112  2.963  0.000
   57 C  -0.0643   1.104  2.961  0.000
   58 C  -0.0843   1.112  2.972  0.000
   59 C  -0.0015   1.160  2.841  0.000
   60 C  -0.0969   1.033  3.064  0.000
   61 C  -0.0690   1.101  2.968  0.000
   62 C  -0.0713   1.098  2.973  0.000
   63 C  -0.0808   1.101  2.980  0.000
   64 C  -0.0021   1.155  2.847  0.000
   65 C  -0.1115   1.045  3.067  0.000
   66 C  -0.1233   1.035  3.088  0.000
   67 H   0.0528   0.947  0.000  0.000
   68 H   0.0511   0.949  0.000  0.000
   69 H   0.0575   0.943  0.000  0.000
   70 H   0.0364   0.964  0.000  0.000
   71 H   0.0499   0.950  0.000  0.000
   72 H   0.0308   0.969  0.000  0.000
   73 H   0.0408   0.959  0.000  0.000
   74 H   0.0500   0.950  0.000  0.000
   75 H   0.0226   0.977  0.000  0.000
   76 H   0.0382   0.962  0.000  0.000
   77 H   0.0376   0.962  0.000  0.000
   78 H   0.0344   0.966  0.000  0.000
   79 H   0.0509   0.949  0.000  0.000
   80 H   0.0398   0.960  0.000  0.000
   81 H   0.0542   0.946  0.000  0.000
   82 H   0.0532   0.947  0.000  0.000
   83 H   0.0585   0.941  0.000  0.000
   84 H   0.0510   0.949  0.000  0.000
   85 H   0.0405   0.960  0.000  0.000
   86 H   0.0462   0.954  0.000  0.000
   87 H   0.0360   0.964  0.000  0.000
   88 H   0.0382   0.962  0.000  0.000
   89 H   0.0407   0.959  0.000  0.000
   90 H   0.0435   0.956  0.000  0.000
   91 H   0.0343   0.966  0.000  0.000
   92 H   0.0360   0.964  0.000  0.000
   93 H   0.0367   0.963  0.000  0.000
   94 H   0.0299   0.970  0.000  0.000
   95 H   0.0470   0.953  0.000  0.000
   96 H   0.0407   0.959  0.000  0.000
   97 H   0.0474   0.953  0.000  0.000
   98 H   0.0519   0.948  0.000  0.000
   99 H   0.0538   0.946  0.000  0.000
  100 H   0.0423   0.958  0.000  0.000
  101 H   0.0488   0.951  0.000  0.000
  102 H   0.0383   0.962  0.000  0.000
  103 H   0.0621   0.938  0.000  0.000
  104 H   0.0173   0.983  0.000  0.000
  105 H   0.0388   0.961  0.000  0.000
  106 H   0.0425   0.957  0.000  0.000
  107 H   0.0398   0.960  0.000  0.000
  108 H   0.0365   0.963  0.000  0.000
  109 H   0.0393   0.961  0.000  0.000
  110 H   0.0338   0.966  0.000  0.000
  111 H   0.0372   0.963  0.000  0.000
  112 H   0.0404   0.960  0.000  0.000
  113 H   0.0324   0.968  0.000  0.000
  114 H   0.0360   0.964  0.000  0.000
  115 H   0.0379   0.962  0.000  0.000
  116 H   0.0364   0.964  0.000  0.000
  117 H   0.0254   0.975  0.000  0.000
  118 H   0.0294   0.971  0.000  0.000
  119 H   0.0345   0.966  0.000  0.000
  120 H   0.0301   0.970  0.000  0.000
  121 H   0.0309   0.969  0.000  0.000
  122 H   0.0384   0.962  0.000  0.000
  123 H   0.0336   0.966  0.000  0.000
  124 H   0.0413   0.959  0.000  0.000
  125 H   0.0412   0.959  0.000  0.000
  126 H   0.0429   0.957  0.000  0.000
  127 H   0.0226   0.977  0.000  0.000
  128 H   0.0349   0.965  0.000  0.000
  129 H   0.0310   0.969  0.000  0.000
  130 H   0.0203   0.980  0.000  0.000
  131 H   0.0370   0.963  0.000  0.000
  132 H   0.0265   0.974  0.000  0.000
  133 H   0.0392   0.961  0.000  0.000
  134 H   0.0338   0.966  0.000  0.000
  135 H   0.0349   0.965  0.000  0.000
  136 H   0.0437   0.956  0.000  0.000
  137 H   0.0302   0.970  0.000  0.000
  138 H   0.0304   0.970  0.000  0.000
  139 H   0.0283   0.972  0.000  0.000
  140 H   0.0341   0.966  0.000  0.000
 
 Wiberg/Mayer (AO) data. WBOs > 0.1 written file <wbo>
 largest (>0.05) Wiberg bond orders for each atom
           total WBO             WBO to atom ...
     1  MG  2.494    N   17 0.547    N   34 0.482    N   26 0.379    N    6 0.368    C   21 0.057    C   18 0.051
     2  C   3.873    C    7 1.397    C   38 1.216    C   42 0.921
     3  C   3.923    C   10 1.471    C   18 1.240    H   67 0.932
     4  C   3.913    C   27 1.382    C   21 1.279    H   68 0.935
     5  C   3.921    C   30 1.454    C   35 1.251    H   69 0.935
     6  N   3.331    C    7 1.296    C   10 1.194    MG   1 0.368    C   18 0.051
     7  C   3.867    C    2 1.397    N    6 1.296    C    8 0.907
     8  C   3.924    C    9 0.952    H   70 0.943    C   12 0.941    C    7 0.907
     9  C   3.941    C   11 0.970    C    8 0.952    C   10 0.941    H   71 0.938
    10  C   3.849    C    3 1.471    N    6 1.194    C    9 0.941
    11  C   3.964    H   72 0.977    H   73 0.977    H   74 0.971    C    9 0.970
    12  C   3.948    C   13 0.995    H   75 0.962    H   76 0.955    C    8 0.941
    13  C   3.964    C   12 0.995    H   78 0.963    H   77 0.954    C   14 0.899    O   15 0.087
    14  C   3.880    O   15 1.811    O   16 1.126    C   13 0.899
    15  O   2.127    C   14 1.811    O   16 0.166    C   13 0.087
    16  O   2.331    C   14 1.126    C   47 0.939    O   15 0.166
    17  N   3.333    C   21 1.199    C   18 1.143    MG   1 0.547    C   20 0.066
    18  C   3.848    C    3 1.240    C   19 1.195    N   17 1.143    MG   1 0.051    N    6 0.051
    19  C   3.872    C   20 1.409    C   18 1.195    C   22 0.998    O   24 0.051
    20  C   3.888    C   19 1.409    C   21 1.115    C   23 1.023    O   24 0.070    N   17 0.066
    21  C   3.874    C    4 1.279    N   17 1.199    C   20 1.115    MG   1 0.057    N   26 0.050
    22  C   3.977    C   19 0.998    H   80 0.970    H   81 0.967    H   79 0.960
    23  C   3.905    O   24 1.735    C   25 1.042    C   20 1.023
    24  O   2.066    C   23 1.735    C   20 0.070    C   25 0.058    C   19 0.051
    25  C   3.988    C   23 1.042    H   84 0.960    H   82 0.946    H   83 0.935    O   24 0.058
    26  N   3.330    C   27 1.319    C   30 1.201    MG   1 0.379    C   21 0.050
    27  C   3.868    C    4 1.382    N   26 1.319    C   28 0.919
    28  C   3.937    C   31 0.991    C   29 0.946    H   85 0.936    C   27 0.919
    29  C   3.926    C   32 0.959    C   28 0.946    H   86 0.934    C   30 0.920
    30  C   3.851    C    5 1.454    N   26 1.201    C   29 0.920
    31  C   3.977    C   28 0.991    H   89 0.979    H   87 0.976    H   88 0.974
    32  C   3.952    C   33 0.994    H   91 0.968    H   90 0.966    C   29 0.959
    33  C   3.973    C   32 0.994    H   94 0.983    H   92 0.983    H   93 0.979
    34  N   3.307    C   38 1.277    C   35 1.109    MG   1 0.482    C   37 0.070
    35  C   3.867    C   36 1.261    C    5 1.251    N   34 1.109
    36  C   3.882    C   37 1.357    C   35 1.261    C   39 0.988
    37  C   3.883    C   36 1.357    C   38 1.137    C   40 1.033    O   41 0.077    N   34 0.070
    38  C   3.906    N   34 1.277    C    2 1.216    C   37 1.137
    39  C   3.980    C   36 0.988    H   97 0.978    H   96 0.971    H   95 0.968
    40  C   3.884    O   41 1.850    C   37 1.033    C   42 0.856
    41  O   2.175    C   40 1.850    C   42 0.081    C   37 0.077
    42  C   3.945    C   43 0.959    H   98 0.926    C    2 0.921    C   40 0.856    O   41 0.081    O   44 0.067
    43  C   3.909    O   44 1.761    O   45 1.128    C   42 0.959
    44  O   2.084    C   43 1.761    O   45 0.169    C   42 0.067
    45  O   2.331    C   43 1.128    C   46 0.963    O   44 0.169
    46  C   3.938    H   99 0.988    H  100 0.986    H  101 0.985    O   45 0.963
    47  C   3.928    C   48 0.983    H  102 0.971    H  103 0.955    O   16 0.939
    48  C   3.947    C   49 1.918    C   47 0.983    H  104 0.934
    49  C   3.917    C   48 1.918    C   50 0.969    C   51 0.935
    50  C   3.977    H  106 0.976    H  107 0.970    C   49 0.969    H  105 0.967
    51  C   3.957    H  109 0.962    C   52 0.962    H  108 0.962    C   49 0.935
    52  C   3.964    C   53 1.008    H  111 0.963    C   51 0.962    H  110 0.961
    53  C   3.963    C   52 1.008    H  113 0.960    C   54 0.958    H  112 0.954
    54  C   3.938    C   55 0.990    C   56 0.967    C   53 0.958    H  114 0.951
    55  C   3.975    C   54 0.990    H  115 0.978    H  117 0.975    H  116 0.974
    56  C   3.955    C   57 0.978    C   54 0.967    H  119 0.965    H  118 0.962
    57  C   3.961    C   56 0.978    C   58 0.974    H  120 0.973    H  121 0.970
    58  C   3.946    C   57 0.974    H  123 0.963    H  122 0.962    C   59 0.959
    59  C   3.936    C   60 1.001    C   61 0.961    C   58 0.959    H  124 0.950
    60  C   3.983    C   59 1.001    H  127 0.982    H  125 0.974    H  126 0.972
    61  C   3.960    C   62 0.987    H  129 0.962    C   59 0.961    H  128 0.960
    62  C   3.960    C   61 0.987    C   63 0.979    H  130 0.966    H  131 0.964
    63  C   3.960    C   62 0.979    C   64 0.979    H  132 0.966    H  133 0.956
    64  C   3.939    C   66 0.991    C   63 0.979    C   65 0.969    H  134 0.954
    65  C   3.972    H  135 0.982    H  137 0.979    H  136 0.975    C   64 0.969
    66  C   3.973    C   64 0.991    H  138 0.980    H  139 0.974    H  140 0.973
    67  H   0.993    C    3 0.932
    68  H   0.994    C    4 0.935
    69  H   0.992    C    5 0.935
    70  H   0.996    C    8 0.943
    71  H   0.992    C    9 0.938
    72  H   0.999    C   11 0.977
    73  H   0.996    C   11 0.977
    74  H   0.995    C   11 0.971
    75  H   0.998    C   12 0.962
    76  H   0.998    C   12 0.955
    77  H   0.998    C   13 0.954
    78  H   0.998    C   13 0.963
    79  H   0.991    C   22 0.960
    80  H   0.995    C   22 0.970
    81  H   0.995    C   22 0.967
    82  H   0.996    C   25 0.946
    83  H   0.995    C   25 0.935
    84  H   0.994    C   25 0.960
    85  H   0.994    C   28 0.936
    86  H   0.993    C   29 0.934
    87  H   0.997    C   31 0.976
    88  H   0.997    C   31 0.974
    89  H   0.997    C   31 0.979
    90  H   0.996    C   32 0.966
    91  H   0.997    C   32 0.968
    92  H   0.998    C   33 0.983
    93  H   0.999    C   33 0.979
    94  H   0.998    C   33 0.983
    95  H   0.994    C   39 0.968
    96  H   0.994    C   39 0.971
    97  H   0.995    C   39 0.978
    98  H   0.992    C   42 0.926
    99  H   0.996    C   46 0.988
   100  H   0.998    C   46 0.986
   101  H   0.997    C   46 0.985
   102  H   0.998    C   47 0.971
   103  H   0.994    C   47 0.955
   104  H   0.999    C   48 0.934
   105  H   0.999    C   50 0.967
   106  H   0.998    C   50 0.976
   107  H   0.998    C   50 0.970
   108  H   0.997    C   51 0.962
   109  H   0.998    C   51 0.962
   110  H   0.999    C   52 0.961
   111  H   0.997    C   52 0.963
   112  H   0.996    C   53 0.954
   113  H   0.999    C   53 0.960
   114  H   0.998    C   54 0.951
   115  H   0.998    C   55 0.978
   116  H   0.998    C   55 0.974
   117  H   0.999    C   55 0.975
   118  H   0.999    C   56 0.962
   119  H   0.999    C   56 0.965
   120  H   0.998    C   57 0.973
   121  H   0.999    C   57 0.970
   122  H   0.998    C   58 0.962
   123  H   0.998    C   58 0.963
   124  H   0.998    C   59 0.950
   125  H   0.998    C   60 0.974
   126  H   0.997    C   60 0.972
   127  H   1.000    C   60 0.982
   128  H   0.997    C   61 0.960
   129  H   0.998    C   61 0.962
   130  H   1.000    C   62 0.966
   131  H   0.997    C   62 0.964
   132  H   0.999    C   63 0.966
   133  H   0.998    C   63 0.956
   134  H   0.998    C   64 0.954
   135  H   0.998    C   65 0.982
   136  H   0.998    C   65 0.975
   137  H   0.999    C   65 0.979
   138  H   0.999    C   66 0.980
   139  H   0.999    C   66 0.974
   140  H   0.999    C   66 0.973
 
 --------------------------------------------
          xTB calculation for sTDA...
 --------------------------------------------
 
 reading parameter file ~/.param_stda2.xtb
 
      method parameters     
 k(s)        :  1.6000
 k(p)        :  2.1800
 k(d)        :  1.9500
 k(f)        :  2.0000
 k(R-V)      :  2.2750
 k(R-R)      :  1.7650
 Tscal       :  0.2580
 Gscal       :  1.0000
 fpol        :  1.0000
 Zcnf        :  0.3430
 Zqf         :  0.0000
 kcn         :  2.7000
 Ryd Hsplit  :  0.7000
 lshift(virt):  3.1000
 lshift(OS)  :  0.2000
 wllscaling  :  2.6000
 
 mowrcut     : 3.000
 
  Z AO/shell   Hii/eV     exponent
  1     Sun Feb 14 09:53:25 CET 2016    EN: 2.327 GAM: 0.473  GM3: 0.0000
     1s    -14.339618    1.220000
     2sp    -3.348946    0.600000
  6     Sun Feb 14 09:53:25 CET 2016    EN: 2.731 GAM: 0.422  GM3: 0.0000
     2s    -22.009312    1.565095
     2p    -13.020408    1.596905
     3sp    -3.914040    0.824500
  7     Sun Feb 14 09:53:25 CET 2016    EN: 3.573 GAM: 0.504  GM3: 0.0000
     2s    -25.722000    2.064844
     2p    -18.684912    1.801692
     3sp    -4.344791    0.921400
  8     Sun Feb 14 09:53:25 CET 2016    EN: 3.700 GAM: 0.587  GM3: 0.0000
     2s    -33.859000    2.418661
     2p    -22.175911    1.973969
     3sp    -4.259392    1.013700
 12     Sun Feb 21 16:58:31 CET 2016    EN: 0.033 GAM: 0.222  GM3: 0.0000
     3s    -11.092543    1.647583
     3p     -6.929529    0.855020
 
 Nbf   :          894
 T(el) :     0.0
 calculating S/T integrals ...
 cpu time for ints    1.27755500000000     
 Nao   :          894
 making H0...
 making H1...
 cpu time for H      2.682899999999977E-002
 solving ...
 cpu time for diag   0.313684000000000     
 
 gap (eV)           :   4.762
 Koopmans IP (eV)   :  13.544
 Eel (Eh)           :  -301.590120

          eigenvalues
 #    :         164        165        166        167        168        169        170        171
 occ. :        2.000      2.000      2.000      2.000      2.000      2.000      2.000      2.000
 eps  :       -17.397    -17.234    -17.099    -16.375    -16.269    -16.208    -15.923    -15.874
 #    :         172        173        174        175        176        177        178        179
 occ. :        2.000      2.000      2.000      2.000      2.000      0.000      0.000      0.000
 eps  :       -15.707    -15.503    -15.272    -13.960    -13.545     -8.783     -6.976     -6.779
 #    :         180        181        182        183        184        185        186        187
 occ. :        0.000      0.000      0.000      0.000      0.000      0.000      0.000      0.000
 eps  :        -6.717     -6.218     -5.781     -5.595     -5.416     -5.179     -5.117     -5.011
                            1  SCC done.
 writing mo output ...
 molden style : F
 
speedup  1.05
cpu  time for all    2.13 s
wall time for all    2.02 s
