cpu-bind=MASK - bp1-compute035, task 4294967295 4294967295 [0]: mask 0xffffffffffff set
Host:    bp1-compute035.data.bp.acrc.priv
Time:    Wed May  4 10:48:07 BST 2022
Dir:     /user/home/of15641/chlorophyll_parameterization/tddft_data/step_1651_chromophore_7
Job ID:  1692192
Nodelist:
cat: bp1-compute035: No such file or directory
  
Result dir: /user/home/of15641/chlorophyll_parameterization/tddft_data/step_1651_chromophore_7
running gaussian jobs
Running time g16 < CAMB3LYP_step_1651_chromophore_7.com > CAMB3LYP_step_1651_chromophore_7.log

real	26m4.072s
user	612m5.350s
sys	0m47.452s
Running time g16 < PBE0_step_1651_chromophore_7.com > PBE0_step_1651_chromophore_7.log

real	15m41.914s
user	374m43.742s
sys	0m22.788s
Running time g16 < wB97XD_step_1651_chromophore_7.com > wB97XD_step_1651_chromophore_7.log

real	27m25.809s
user	645m21.105s
sys	0m36.708s
Running time g16 < BLYP_step_1651_chromophore_7.com > BLYP_step_1651_chromophore_7.log

real	11m53.916s
user	283m54.224s
sys	0m21.715s
Running time g16 < ZINDO_step_1651_chromophore_7.com > ZINDO_step_1651_chromophore_7.log

real	0m6.210s
user	2m15.856s
sys	0m2.259s
