 
        ______________________________________
       |                                      |
       |          ===================         |
       |             xTB for sTDA             |
       |          ===================         |
       |               S. Grimme              |
       |        Universitaet Bonn, MCTC       |
       |         2015-19, Version 1.0         |
       |     Wed Apr  3 09:14:55 CEST 2019    |
       |______________________________________|
 
        This code comes without any warranty
        for non-commercial, academia use only.
        Preliminary test version.
        Cite this work as:
        S. Grimme  &  C. Bannwarth, JCP 145 (2016) 054103
        if GBSA is used additionally:
        P. Shushkov, F. März, C. Bannwarth, S. Grimme, unpublished.
 
        with help from
        P. Shushkov, G. Brandenburg, S. Dohm, J. Pisarek,
        F. März, M. Checinski, S. Ehrlich, S. Spicher, 
        P. Pracht, E. Caldeweyher, S. Ehlert, and C. Bannwarth.
 
        usage        :
        xtb4stda <coord_file> [options]
        where <coord_file> is a valid file of TM)
        (*coord, Bohr) or xmol (*xyz, Angstroem)
        format.

        options:
        -chrg <int>   : molecular charge
        -uhf  <int>   : # of unpaired electrons(=2*S)
        -nox          : skip second, extended part in sTDA-xTB
        -pop          : do population analysis
                      : (default for -nox)
        -mowr <real>  : cut MO write above (def.3 Eh)
        -molden       : write formatted molden file
        -parx <file>  : read parameters for sTDA-xTB
                        calc (def:~/.param_stda2.xtb)
        -parv <file>  : read parameters for vTB part in
                        sTDA-xTB (def: ~/.param_stda1.xtb)
        -xtemp <real> : el. temp for xTB (def. 0 K)
        -etemp <real> : el. temp for GFN (def. 300 K)
        -fod          : calculate the FOD and write
                        molden.input file with
                        appropriate occupations
                        for plotting. Def. T=12500 K
 
        -acc <real>   : xTB accuracy (def. 1.0)
        -gbsa [string1] [string2]
                        use GBSA implicit solvent
                        for solvent [string1] and
                        solvation state [string2]=
                        reference, bar1M (default=1M)
        additional GFN/opt/MD/siman options read from
        $XTB4STDAHOME/.xtb4stdarc or $set in input
 
       spin and charge state information can be on:
       <.CHRG> (charge) and <.UHF> (=nalpha-nbeta)
       -uhf and -chrg override the file info.
       useful machine settings:
       setenv MKL_NUM_THREADS <NCORE_ON_YOUR_MACHINE>
       setenv OMP_STACKSIZE 500m
       limit stacksize unlimited
 
       total energies in Eh, gaps/HL energies in eV
       please read REVISION and HOWTO files carefully
 =============================
  # OMP threads =           4
 =============================
 
 xtb4stdahome directory:~/
 
 
 name of molecule           :
 comment line               :
 number of atoms            :   140
 number of electrons        :   352
 charge                     :  0
 spin                       : 0.0
 first test random number   :  0.3428
 
 -----------------------------------------
      charge density (VTB) calculation
 -----------------------------------------
 
      method parameters     
 k(s)        :  1.8000
 k(p)        :  2.8350
 k(d)        :  2.0860
 k(f)        :  2.0000
 Tscal       :  0.3300
 Gscal       :  0.3910
 fpol        :  1.0000
 Zcnf        :  0.6500
 Zqf         :  0.0000
 kcn         :  0.3000
 kEN1        : -0.5900
 wllscal     :  2.6000
 
     -------------------------
     ! NO SOLVENT MODEL USED !
     -------------------------
 
 doing EN charges ...
 sum q : -0.2109424D-14
 point charge moment (au)
     X       Y       Z   
  -0.0751  -0.0142   0.2026  total (Debye):    0.550
 
            Z      q(EN)   CN      Cart. coordinates
     1  MG  2.0   0.806   4.593     5.81658    -1.13384    84.10225
     2  C   4.0   0.017   3.212    12.07724     0.71054    82.32780
     3  C   4.0  -0.061   3.156     3.49977     3.86449    80.75744
     4  C   4.0  -0.060   3.143     0.15496    -4.04212    84.13438
     5  C   4.0  -0.055   3.136     8.65494    -6.82002    86.81968
     6  N   5.0  -0.347   3.073     7.57780     2.13350    81.90639
     7  C   4.0   0.095   3.275    10.12515     2.47743    81.44719
     8  C   4.0  -0.093   4.117    10.50688     4.89439    79.72943
     9  C   4.0  -0.093   4.110     7.78378     6.14350    79.69919
    10  C   4.0   0.104   3.293     6.09815     3.96087    80.93885
    11  C   4.0  -0.237   4.030     7.40584     8.62849    81.10137
    12  C   4.0  -0.163   4.079    11.35914     4.08748    77.14239
    13  C   4.0  -0.166   4.031    14.00098     4.90006    76.13706
    14  C   4.0   0.166   3.071    14.00098     6.22098    73.46877
    15  O   6.0  -0.095   1.033    15.04033     8.21653    72.87917
    16  O   6.0  -0.115   2.058    13.16383     4.47865    71.68675
    17  N   5.0  -0.433   3.214     2.21854    -0.08315    82.98165
    18  C   4.0   0.071   3.380     1.71587     2.07870    81.58136
    19  C   4.0   0.011   3.219    -0.98266     2.28279    81.31491
    20  C   4.0   0.003   3.221    -2.12027    -0.02268    82.24276
    21  C   4.0   0.081   3.368     0.12661    -1.58548    83.19330
    22  C   4.0  -0.243   4.001    -2.34704     4.46542    79.74455
    23  C   4.0   0.108   3.033    -4.85093    -0.69731    82.38071
    24  O   6.0  -0.103   1.056    -6.55357     0.53479    81.41317
    25  C   4.0  -0.244   4.017    -5.76744    -3.27490    83.58447
    26  N   5.0  -0.397   3.129     4.74699    -4.83770    85.30979
    27  C   4.0   0.082   3.396     2.23933    -5.50855    85.07735
    28  C   4.0  -0.094   4.124     1.74611    -8.24865    86.05056
    29  C   4.0  -0.096   4.165     4.46353    -9.20297    86.51354
    30  C   4.0   0.099   3.337     6.12271    -6.79734    86.23386
    31  C   4.0  -0.238   4.039     0.32503    -8.16362    88.66783
    32  C   4.0  -0.162   4.025     5.25155   -11.34969    84.50288
    33  C   4.0  -0.237   4.001     5.05880   -14.04444    85.64994
    34  N   5.0  -0.380   3.223     9.65650    -2.81758    84.61059
    35  C   4.0   0.078   3.434    10.40294    -4.95675    85.91639
    36  C   4.0   0.016   3.296    13.07123    -4.81313    86.19418
    37  C   4.0   0.003   3.425    13.86114    -2.74010    84.71830
    38  C   4.0   0.102   3.617    11.64638    -1.51556    83.89438
    39  C   4.0  -0.248   4.033    14.61136    -6.54979    87.74187
    40  C   4.0   0.124   3.229    16.02866    -1.36627    83.75265
    41  O   6.0  -0.113   1.056    18.22641    -1.64973    84.15706
    42  C   4.0  -0.117   4.206    15.04978     0.78235    82.09725
    43  C   4.0   0.171   3.170    16.14582     3.08214    83.09881
    44  O   6.0  -0.095   1.048    17.60469     4.45597    81.92340
    45  O   6.0  -0.117   2.040    15.16694     3.72654    85.45719
    46  C   4.0  -0.191   4.025    15.57701     6.19452    86.47953
    47  C   4.0  -0.137   4.065    13.37926     5.22131    69.04303
    48  C   4.0  -0.054   3.151    11.08135     4.36527    67.83927
    49  C   4.0   0.020   3.074    10.26121     2.86860    65.90986
    50  C   4.0  -0.247   4.021    12.18117     1.79902    63.94644
    51  C   4.0  -0.179   4.109     7.52489     2.25444    65.95333
    52  C   4.0  -0.164   4.068     5.73154     4.16685    64.85728
    53  C   4.0  -0.164   4.087     3.95898     2.96687    62.91087
    54  C   4.0  -0.089   4.066     1.21320     3.42796    63.63463
    55  C   4.0  -0.238   4.036    -0.54613     1.06392    63.22078
    56  C   4.0  -0.167   4.102     0.08126     5.73154    62.34584
    57  C   4.0  -0.164   4.060    -0.22299     5.58792    59.48101
    58  C   4.0  -0.165   4.082    -2.98388     5.34603    58.73079
    59  C   4.0  -0.087   4.025    -3.90228     7.60993    57.07728
    60  C   4.0  -0.239   4.044    -5.31769     9.46942    58.76859
    61  C   4.0  -0.162   4.032    -5.67674     6.60270    54.76993
    62  C   4.0  -0.163   4.040    -4.30102     6.56113    52.10352
    63  C   4.0  -0.166   4.090    -5.09092     4.35960    50.48592
    64  C   4.0  -0.089   4.044    -5.99988     5.03423    47.88755
    65  C   4.0  -0.239   4.040    -8.60581     6.41373    47.91022
    66  C   4.0  -0.239   4.047    -6.03956     2.76845    46.09609
    67  H   1.0   0.071   1.008     2.67963     5.37627    79.61793
    68  H   1.0   0.071   1.008    -1.54391    -5.15706    84.49154
    69  H   1.0   0.070   1.005     9.25777    -8.53967    87.78533
    70  H   1.0   0.084   1.008    12.03189     5.91862    80.66106
    71  H   1.0   0.084   1.007     7.15450     6.48554    77.76789
    72  H   1.0   0.080   0.997     9.01399     9.33525    82.17662
    73  H   1.0   0.081   1.002     5.67674     8.35448    82.18796
    74  H   1.0   0.080   1.001     7.11293    10.01933    79.61037
    75  H   1.0   0.083   1.005    10.00421     4.63172    75.68919
    76  H   1.0   0.083   1.007    11.25521     2.02957    77.10649
    77  H   1.0   0.081   1.002    15.33513     3.33348    76.03312
    78  H   1.0   0.082   1.006    14.50932     6.38538    77.47309
    79  H   1.0   0.080   0.999    -3.57347     3.47521    78.41796
    80  H   1.0   0.079   0.997    -1.06581     5.84114    78.90173
    81  H   1.0   0.079   0.997    -3.55646     5.72398    80.83870
    82  H   1.0   0.080   0.998    -7.77811    -3.15206    84.01722
    83  H   1.0   0.080   0.997    -4.96053    -3.70764    85.43073
    84  H   1.0   0.080   0.999    -5.41218    -4.67707    82.11804
    85  H   1.0   0.084   1.005     0.64062    -9.40517    84.75421
    86  H   1.0   0.085   1.007     4.67896    -9.95508    88.41839
    87  H   1.0   0.081   1.004    -1.35304    -7.16206    88.01399
    88  H   1.0   0.080   0.998     1.15840    -6.85971    90.02654
    89  H   1.0   0.080   0.996    -0.20031    -9.91539    89.61458
    90  H   1.0   0.082   1.003     7.19230   -10.85837    84.01344
    91  H   1.0   0.082   1.002     4.04023   -11.21930    82.84370
    92  H   1.0   0.080   0.999     4.16118   -13.94240    87.49998
    93  H   1.0   0.079   0.998     6.95419   -14.80789    85.91639
    94  H   1.0   0.080   1.000     3.91740   -15.07812    84.28178
    95  H   1.0   0.081   1.003    13.53989    -6.71798    89.49175
    96  H   1.0   0.080   0.998    16.54833    -5.95642    88.11414
    97  H   1.0   0.080   0.999    14.84380    -8.37338    86.81401
    98  H   1.0   0.085   1.010    15.61103     0.76912    80.11493
    99  H   1.0   0.080   0.996    14.01610     7.47387    86.06379
   100  H   1.0   0.081   0.997    17.28343     7.00710    85.66128
   101  H   1.0   0.080   0.996    15.58457     6.12838    88.53933
   102  H   1.0   0.082   1.005    14.89482     4.24243    68.04903
   103  H   1.0   0.083   1.009    13.40383     7.17907    68.40808
   104  H   1.0   0.073   1.014     9.65839     4.51645    69.32082
   105  H   1.0   0.079   0.997    12.05645     2.62861    62.06427
   106  H   1.0   0.080   1.001    11.58591    -0.16819    63.81982
   107  H   1.0   0.080   0.997    14.18239     1.94453    64.40942
   108  H   1.0   0.083   1.007     6.97498     1.98043    67.92053
   109  H   1.0   0.083   1.009     7.49843     0.43842    64.98390
   110  H   1.0   0.082   1.006     6.93718     5.54446    63.91053
   111  H   1.0   0.082   1.002     4.73565     5.30446    66.25568
   112  H   1.0   0.082   1.002     4.37283     1.00722    62.42332
   113  H   1.0   0.083   1.006     4.46542     3.93441    61.16476
   114  H   1.0   0.084   1.011     1.11494     3.88150    65.63963
   115  H   1.0   0.080   0.997     0.33070    -0.51967    62.23434
   116  H   1.0   0.081   1.001    -2.28846     1.83870    62.44221
   117  H   1.0   0.080   1.000    -0.95998     0.49133    65.15586
   118  H   1.0   0.082   1.003     1.08848     7.48520    62.73890
   119  H   1.0   0.084   1.008    -1.81603     5.87894    63.13385
   120  H   1.0   0.083   1.007     0.87494     3.90795    59.01803
   121  H   1.0   0.083   1.005     0.67652     7.29623    58.76670
   122  H   1.0   0.082   1.002    -4.12716     4.76400    60.34273
   123  H   1.0   0.083   1.006    -3.01978     3.61127    57.62152
   124  H   1.0   0.083   1.008    -2.37916     8.76644    56.31194
   125  H   1.0   0.080   0.999    -5.22887    11.31568    57.85963
   126  H   1.0   0.080   0.998    -4.60715     9.66217    60.69233
   127  H   1.0   0.080   0.999    -7.30001     8.91006    58.83284
   128  H   1.0   0.082   1.005    -7.03923     8.13338    54.56206
   129  H   1.0   0.082   1.000    -6.74065     4.96431    55.41810
   130  H   1.0   0.082   1.005    -2.27712     6.27578    52.36053
   131  H   1.0   0.082   1.003    -4.66951     8.39416    51.24181
   132  H   1.0   0.082   1.002    -6.26444     2.87049    51.29094
   133  H   1.0   0.083   1.012    -3.25222     3.50733    50.11553
   134  H   1.0   0.083   1.010    -4.71865     6.37405    46.98993
   135  H   1.0   0.081   1.000   -10.02689     4.98321    47.49448
   136  H   1.0   0.080   0.996    -8.80045     8.03323    46.65355
   137  H   1.0   0.081   1.002    -8.88738     6.83325    49.90766
   138  H   1.0   0.080   0.997    -7.37371     2.87994    44.52950
   139  H   1.0   0.081   1.002    -6.24932     1.16218    47.36787
   140  H   1.0   0.080   0.997    -4.22165     2.23555    45.28539
 
  Z AO/shell   Hii/eV     exponent
  1     Sat Feb 20 21:38:01 CET 2016    EN: 2.327 GAM: 0.473  GM3: 0.0000
     1s    -13.751157    1.051071
  6     Sat Feb 20 21:38:01 CET 2016    EN: 2.731 GAM: 0.422  GM3: 0.0000
     2s    -19.378245    2.021003
     2p    -11.993376    1.497917
  7     Sat Feb 20 21:38:01 CET 2016    EN: 3.573 GAM: 0.504  GM3: 0.0000
     2s    -21.576984    2.275442
     2p    -16.125120    2.056788
  8     Sat Feb 20 21:38:01 CET 2016    EN: 3.700 GAM: 0.587  GM3: 0.0000
     2s    -21.648843    2.110798
     2p    -17.239740    2.329048
 12     Sat Feb 20 23:25:47 CET 2016    EN: 0.033 GAM: 0.222  GM3: 0.0000
     3s    -12.693633    1.302878
     3p     -8.128821    0.504252
 
 dipole moment of classical point charges (au)
     X       Y       Z   
  -0.0751  -0.0142   0.2026  total (Debye):    0.550

 
 Nbf   :          338
 T(el) :   300.0
 calculating S/T integrals ...
 cpu time for ints   0.142973000000000     
 Nao   :          338
 making H0...
 making H1...
 cpu time for H      4.497000000000001E-003
 solving ...
 cpu time for diag   7.700899999999999E-002
 
 gap (eV)           :   1.388
 Koopmans IP (eV)   :  12.303
 Eel (Eh)           :  -268.587370
 T,E(Fermi),NFOD :    300.000   -11.609  0.000000
 T,E(Fermi),NFOD :    300.000   -11.609  0.000000
 Nfod               :  0.0000
 Nfod/Nel           :  0.0000

          eigenvalues
 #    :         164        165        166        167        168        169        170        171
 occ. :        2.000      2.000      2.000      2.000      2.000      2.000      2.000      2.000
 eps  :       -16.349    -16.126    -16.107    -15.851    -15.611    -15.553    -15.432    -15.006
 #    :         172        173        174        175        176        177        178        179
 occ. :        2.000      2.000      2.000      2.000      2.000      0.000      0.000      0.000
 eps  :       -14.930    -14.748    -14.586    -13.242    -12.304    -10.916    -10.163     -8.792
 #    :         180        181        182        183        184        185        186        187
 occ. :        0.000      0.000      0.000      0.000      0.000      0.000      0.000      0.000
 eps  :        -8.634     -8.405     -8.193     -7.684     -7.594     -7.222     -7.179     -7.110
                            1  SCC done.
 making H1...
 cpu time for H      9.212399999999998E-002
 solving ...
 cpu time for diag   3.063700000000003E-002
 
 gap (eV)           :   1.631
 Koopmans IP (eV)   :  12.225
 Eel (Eh)           :  -266.002135
 T,E(Fermi),NFOD :    300.000   -11.410  0.000000
 T,E(Fermi),NFOD :    300.000   -11.410  0.000000
 Nfod               :  0.0000
 Nfod/Nel           :  0.0000

          eigenvalues
 #    :         164        165        166        167        168        169        170        171
 occ. :        2.000      2.000      2.000      2.000      2.000      2.000      2.000      2.000
 eps  :       -15.284    -15.111    -15.086    -14.901    -14.610    -14.569    -14.256    -14.249
 #    :         172        173        174        175        176        177        178        179
 occ. :        2.000      2.000      2.000      2.000      2.000      0.000      0.000      0.000
 eps  :       -14.171    -14.081    -13.878    -12.750    -12.227    -10.596     -9.700     -8.659
 #    :         180        181        182        183        184        185        186        187
 occ. :        0.000      0.000      0.000      0.000      0.000      0.000      0.000      0.000
 eps  :        -8.514     -8.248     -8.065     -7.645     -7.543     -7.042     -6.956     -6.932
                            2  SCC done.
 
 
 Mulliken/CM5 charges    n(s)   n(p)   n(d)   
    1 MG  0.3425  0.7482   0.647  1.011  0.000
    2 C   0.0017  0.0048   1.213  2.785  0.000
    3 C  -0.0248 -0.0671   1.115  2.909  0.000
    4 C  -0.0365 -0.0801   1.127  2.910  0.000
    5 C  -0.0253 -0.0670   1.128  2.897  0.000
    6 N  -0.1539 -0.3920   1.400  3.754  0.000
    7 C   0.0218  0.0808   1.265  2.713  0.000
    8 C  -0.0109 -0.0666   1.204  2.807  0.000
    9 C  -0.0181 -0.0767   1.208  2.810  0.000
   10 C   0.0308  0.0923   1.229  2.741  0.000
   11 C  -0.0815 -0.2294   1.099  2.983  0.000
   12 C  -0.0614 -0.1682   1.150  2.912  0.000
   13 C  -0.0509 -0.1512   1.155  2.896  0.000
   14 C   0.2020  0.2502   1.212  2.586  0.000
   15 O  -0.2521 -0.2967   1.632  4.620  0.000
   16 O  -0.1495 -0.2266   1.498  4.652  0.000
   17 N  -0.2181 -0.4992   1.371  3.847  0.000
   18 C   0.0326  0.0902   1.188  2.779  0.000
   19 C  -0.0253 -0.0274   1.240  2.785  0.000
   20 C  -0.0569 -0.0510   1.214  2.843  0.000
   21 C   0.0291  0.0915   1.206  2.765  0.000
   22 C  -0.0739 -0.2176   1.087  2.987  0.000
   23 C   0.1351  0.1605   1.212  2.653  0.000
   24 O  -0.2418 -0.2908   1.623  4.619  0.000
   25 C  -0.1096 -0.2522   1.107  3.002  0.000
   26 N  -0.1637 -0.4295   1.408  3.756  0.000
   27 C   0.0198  0.0739   1.249  2.731  0.000
   28 C  -0.0138 -0.0725   1.203  2.811  0.000
   29 C  -0.0470 -0.1027   1.217  2.830  0.000
   30 C   0.0482  0.1082   1.215  2.737  0.000
   31 C  -0.1032 -0.2515   1.110  2.993  0.000
   32 C  -0.0622 -0.1722   1.164  2.899  0.000
   33 C  -0.0874 -0.2384   1.096  2.991  0.000
   34 N  -0.2269 -0.4806   1.384  3.843  0.000
   35 C   0.0319  0.0932   1.193  2.775  0.000
   36 C   0.0069  0.0028   1.198  2.795  0.000
   37 C  -0.0730 -0.0641   1.182  2.891  0.000
   38 C   0.0319  0.1083   1.192  2.777  0.000
   39 C  -0.0681 -0.2117   1.074  2.994  0.000
   40 C   0.1749  0.2112   1.177  2.648  0.000
   41 O  -0.2234 -0.2691   1.622  4.601  0.000
   42 C  -0.0177 -0.0596   1.189  2.829  0.000
   43 C   0.2233  0.2747   1.182  2.594  0.000
   44 O  -0.2739 -0.3241   1.632  4.642  0.000
   45 O  -0.1592 -0.2398   1.468  4.691  0.000
   46 C   0.0094 -0.1120   1.084  2.906  0.000
   47 C   0.0567 -0.0238   1.108  2.836  0.000
   48 C  -0.0933 -0.1525   1.172  2.921  0.000
   49 C  -0.0346 -0.0604   1.226  2.809  0.000
   50 C  -0.0963 -0.2418   1.087  3.009  0.000
   51 C  -0.0470 -0.1544   1.129  2.918  0.000
   52 C  -0.0601 -0.1722   1.151  2.909  0.000
   53 C  -0.0740 -0.1844   1.150  2.924  0.000
   54 C  -0.0299 -0.1053   1.203  2.826  0.000
   55 C  -0.1065 -0.2569   1.107  2.999  0.000
   56 C  -0.0821 -0.1962   1.156  2.926  0.000
   57 C  -0.0688 -0.1830   1.144  2.925  0.000
   58 C  -0.0774 -0.1879   1.157  2.920  0.000
   59 C  -0.0290 -0.1015   1.217  2.812  0.000
   60 C  -0.1016 -0.2524   1.102  3.000  0.000
   61 C  -0.0835 -0.1928   1.176  2.908  0.000
   62 C  -0.0441 -0.1563   1.150  2.894  0.000
   63 C  -0.0520 -0.1643   1.140  2.912  0.000
   64 C  -0.0190 -0.0964   1.187  2.832  0.000
   65 C  -0.1128 -0.2628   1.105  3.008  0.000
   66 C  -0.1101 -0.2612   1.100  3.010  0.000
   67 H   0.0586  0.1184   0.941  0.000  0.000
   68 H   0.0702  0.1307   0.930  0.000  0.000
   69 H   0.0592  0.1174   0.941  0.000  0.000
   70 H   0.0559  0.1189   0.944  0.000  0.000
   71 H   0.0512  0.1117   0.949  0.000  0.000
   72 H   0.0404  0.0922   0.960  0.000  0.000
   73 H   0.0453  0.1004   0.955  0.000  0.000
   74 H   0.0364  0.0888   0.964  0.000  0.000
   75 H   0.0343  0.0948   0.966  0.000  0.000
   76 H   0.0366  0.0964   0.963  0.000  0.000
   77 H   0.0604  0.1188   0.940  0.000  0.000
   78 H   0.0410  0.1023   0.959  0.000  0.000
   79 H   0.0526  0.1072   0.947  0.000  0.000
   80 H   0.0492  0.1011   0.951  0.000  0.000
   81 H   0.0476  0.0991   0.952  0.000  0.000
   82 H   0.0411  0.0960   0.959  0.000  0.000
   83 H   0.0405  0.0931   0.959  0.000  0.000
   84 H   0.0477  0.1016   0.952  0.000  0.000
   85 H   0.0580  0.1174   0.942  0.000  0.000
   86 H   0.0481  0.1097   0.952  0.000  0.000
   87 H   0.0308  0.0857   0.969  0.000  0.000
   88 H   0.0356  0.0885   0.964  0.000  0.000
   89 H   0.0440  0.0948   0.956  0.000  0.000
   90 H   0.0381  0.0953   0.962  0.000  0.000
   91 H   0.0382  0.0941   0.962  0.000  0.000
   92 H   0.0359  0.0885   0.964  0.000  0.000
   93 H   0.0370  0.0883   0.963  0.000  0.000
   94 H   0.0407  0.0927   0.959  0.000  0.000
   95 H   0.0485  0.1029   0.951  0.000  0.000
   96 H   0.0490  0.1016   0.951  0.000  0.000
   97 H   0.0456  0.0981   0.954  0.000  0.000
   98 H   0.0687  0.1354   0.931  0.000  0.000
   99 H   0.0393  0.0980   0.961  0.000  0.000
  100 H   0.0507  0.1153   0.949  0.000  0.000
  101 H   0.0488  0.1074   0.951  0.000  0.000
  102 H   0.0454  0.1092   0.955  0.000  0.000
  103 H   0.0795  0.1441   0.921  0.000  0.000
  104 H   0.0163  0.0833   0.984  0.000  0.000
  105 H   0.0346  0.0857   0.965  0.000  0.000
  106 H   0.0397  0.0929   0.960  0.000  0.000
  107 H   0.0465  0.0982   0.954  0.000  0.000
  108 H   0.0420  0.0997   0.958  0.000  0.000
  109 H   0.0421  0.1007   0.958  0.000  0.000
  110 H   0.0273  0.0850   0.973  0.000  0.000
  111 H   0.0400  0.0960   0.960  0.000  0.000
  112 H   0.0399  0.0960   0.960  0.000  0.000
  113 H   0.0315  0.0893   0.969  0.000  0.000
  114 H   0.0380  0.0989   0.962  0.000  0.000
  115 H   0.0394  0.0910   0.961  0.000  0.000
  116 H   0.0437  0.0987   0.956  0.000  0.000
  117 H   0.0304  0.0828   0.970  0.000  0.000
  118 H   0.0307  0.0866   0.969  0.000  0.000
  119 H   0.0298  0.0887   0.970  0.000  0.000
  120 H   0.0356  0.0945   0.964  0.000  0.000
  121 H   0.0357  0.0924   0.964  0.000  0.000
  122 H   0.0463  0.1029   0.954  0.000  0.000
  123 H   0.0271  0.0844   0.973  0.000  0.000
  124 H   0.0379  0.0975   0.962  0.000  0.000
  125 H   0.0299  0.0820   0.970  0.000  0.000
  126 H   0.0396  0.0917   0.960  0.000  0.000
  127 H   0.0230  0.0759   0.977  0.000  0.000
  128 H   0.0271  0.0842   0.973  0.000  0.000
  129 H   0.0385  0.0936   0.961  0.000  0.000
  130 H   0.0400  0.0965   0.960  0.000  0.000
  131 H   0.0423  0.0987   0.958  0.000  0.000
  132 H   0.0383  0.0946   0.962  0.000  0.000
  133 H   0.0355  0.0943   0.964  0.000  0.000
  134 H   0.0197  0.0798   0.980  0.000  0.000
  135 H   0.0242  0.0773   0.976  0.000  0.000
  136 H   0.0413  0.0922   0.959  0.000  0.000
  137 H   0.0324  0.0873   0.968  0.000  0.000
  138 H   0.0421  0.0938   0.958  0.000  0.000
  139 H   0.0244  0.0786   0.976  0.000  0.000
  140 H   0.0306  0.0817   0.969  0.000  0.000
 Hirshfeld charges for QMDFF written to <charges>
 
 Loewdin charges    n(s)   n(p)   n(d)
    1 MG  0.1860   0.658  1.156  0.000
    2 C   0.0040   1.176  2.820  0.000
    3 C  -0.0216   1.061  2.960  0.000
    4 C  -0.0352   1.075  2.961  0.000
    5 C  -0.0224   1.075  2.947  0.000
    6 N  -0.1188   1.356  3.763  0.000
    7 C   0.0215   1.232  2.746  0.000
    8 C  -0.0030   1.156  2.847  0.000
    9 C  -0.0098   1.161  2.848  0.000
   10 C   0.0334   1.192  2.775  0.000
   11 C  -0.0832   1.026  3.057  0.000
   12 C  -0.0580   1.091  2.967  0.000
   13 C  -0.0502   1.097  2.953  0.000
   14 C   0.1802   1.187  2.633  0.000
   15 O  -0.2378   1.603  4.635  0.000
   16 O  -0.1168   1.465  4.652  0.000
   17 N  -0.1843   1.328  3.857  0.000
   18 C   0.0364   1.148  2.815  0.000
   19 C  -0.0183   1.201  2.817  0.000
   20 C  -0.0637   1.179  2.885  0.000
   21 C   0.0353   1.166  2.798  0.000
   22 C  -0.0744   1.014  3.060  0.000
   23 C   0.1309   1.177  2.692  0.000
   24 O  -0.2258   1.592  4.633  0.000
   25 C  -0.1154   1.037  3.079  0.000
   26 N  -0.1267   1.363  3.763  0.000
   27 C   0.0265   1.213  2.761  0.000
   28 C  -0.0041   1.155  2.849  0.000
   29 C  -0.0414   1.172  2.870  0.000
   30 C   0.0511   1.178  2.771  0.000
   31 C  -0.1062   1.040  3.066  0.000
   32 C  -0.0563   1.105  2.951  0.000
   33 C  -0.0881   1.024  3.065  0.000
   34 N  -0.1967   1.342  3.854  0.000
   35 C   0.0315   1.156  2.812  0.000
   36 C   0.0148   1.156  2.829  0.000
   37 C  -0.0820   1.145  2.937  0.000
   38 C   0.0346   1.153  2.813  0.000
   39 C  -0.0683   0.999  3.070  0.000
   40 C   0.1669   1.143  2.690  0.000
   41 O  -0.2061   1.589  4.617  0.000
   42 C  -0.0179   1.140  2.878  0.000
   43 C   0.2029   1.155  2.642  0.000
   44 O  -0.2607   1.603  4.657  0.000
   45 O  -0.1248   1.433  4.692  0.000
   46 C  -0.0005   1.015  2.986  0.000
   47 C   0.0553   1.049  2.896  0.000
   48 C  -0.0932   1.123  2.970  0.000
   49 C  -0.0246   1.185  2.839  0.000
   50 C  -0.0989   1.014  3.084  0.000
   51 C  -0.0443   1.069  2.976  0.000
   52 C  -0.0564   1.092  2.965  0.000
   53 C  -0.0726   1.092  2.981  0.000
   54 C  -0.0199   1.156  2.864  0.000
   55 C  -0.1109   1.037  3.074  0.000
   56 C  -0.0811   1.099  2.982  0.000
   57 C  -0.0650   1.085  2.980  0.000
   58 C  -0.0766   1.100  2.976  0.000
   59 C  -0.0183   1.170  2.848  0.000
   60 C  -0.1052   1.031  3.075  0.000
   61 C  -0.0816   1.121  2.961  0.000
   62 C  -0.0377   1.090  2.948  0.000
   63 C  -0.0492   1.081  2.969  0.000
   64 C  -0.0072   1.137  2.870  0.000
   65 C  -0.1172   1.035  3.083  0.000
   66 C  -0.1146   1.029  3.085  0.000
   67 H   0.0537   0.946  0.000  0.000
   68 H   0.0655   0.934  0.000  0.000
   69 H   0.0532   0.947  0.000  0.000
   70 H   0.0490   0.951  0.000  0.000
   71 H   0.0455   0.954  0.000  0.000
   72 H   0.0396   0.960  0.000  0.000
   73 H   0.0448   0.955  0.000  0.000
   74 H   0.0360   0.964  0.000  0.000
   75 H   0.0325   0.968  0.000  0.000
   76 H   0.0342   0.966  0.000  0.000
   77 H   0.0553   0.945  0.000  0.000
   78 H   0.0371   0.963  0.000  0.000
   79 H   0.0499   0.950  0.000  0.000
   80 H   0.0493   0.951  0.000  0.000
   81 H   0.0463   0.954  0.000  0.000
   82 H   0.0399   0.960  0.000  0.000
   83 H   0.0416   0.958  0.000  0.000
   84 H   0.0471   0.953  0.000  0.000
   85 H   0.0513   0.949  0.000  0.000
   86 H   0.0428   0.957  0.000  0.000
   87 H   0.0325   0.968  0.000  0.000
   88 H   0.0358   0.964  0.000  0.000
   89 H   0.0431   0.957  0.000  0.000
   90 H   0.0352   0.965  0.000  0.000
   91 H   0.0358   0.964  0.000  0.000
   92 H   0.0363   0.964  0.000  0.000
   93 H   0.0362   0.964  0.000  0.000
   94 H   0.0399   0.960  0.000  0.000
   95 H   0.0472   0.953  0.000  0.000
   96 H   0.0469   0.953  0.000  0.000
   97 H   0.0446   0.955  0.000  0.000
   98 H   0.0595   0.940  0.000  0.000
   99 H   0.0371   0.963  0.000  0.000
  100 H   0.0462   0.954  0.000  0.000
  101 H   0.0457   0.954  0.000  0.000
  102 H   0.0392   0.961  0.000  0.000
  103 H   0.0712   0.929  0.000  0.000
  104 H   0.0122   0.988  0.000  0.000
  105 H   0.0343   0.966  0.000  0.000
  106 H   0.0396   0.960  0.000  0.000
  107 H   0.0459   0.954  0.000  0.000
  108 H   0.0389   0.961  0.000  0.000
  109 H   0.0399   0.960  0.000  0.000
  110 H   0.0252   0.975  0.000  0.000
  111 H   0.0379   0.962  0.000  0.000
  112 H   0.0384   0.962  0.000  0.000
  113 H   0.0301   0.970  0.000  0.000
  114 H   0.0337   0.966  0.000  0.000
  115 H   0.0393   0.961  0.000  0.000
  116 H   0.0443   0.956  0.000  0.000
  117 H   0.0308   0.969  0.000  0.000
  118 H   0.0288   0.971  0.000  0.000
  119 H   0.0295   0.970  0.000  0.000
  120 H   0.0339   0.966  0.000  0.000
  121 H   0.0337   0.966  0.000  0.000
  122 H   0.0454   0.955  0.000  0.000
  123 H   0.0257   0.974  0.000  0.000
  124 H   0.0328   0.967  0.000  0.000
  125 H   0.0302   0.970  0.000  0.000
  126 H   0.0394   0.961  0.000  0.000
  127 H   0.0240   0.976  0.000  0.000
  128 H   0.0258   0.974  0.000  0.000
  129 H   0.0359   0.964  0.000  0.000
  130 H   0.0370   0.963  0.000  0.000
  131 H   0.0391   0.961  0.000  0.000
  132 H   0.0359   0.964  0.000  0.000
  133 H   0.0334   0.967  0.000  0.000
  134 H   0.0153   0.985  0.000  0.000
  135 H   0.0254   0.975  0.000  0.000
  136 H   0.0405   0.960  0.000  0.000
  137 H   0.0332   0.967  0.000  0.000
  138 H   0.0417   0.958  0.000  0.000
  139 H   0.0261   0.974  0.000  0.000
  140 H   0.0313   0.969  0.000  0.000
 
 Wiberg/Mayer (AO) data. WBOs > 0.1 written file <wbo>
 largest (>0.05) Wiberg bond orders for each atom
           total WBO             WBO to atom ...
     1  MG  2.485    N   17 0.544    N   34 0.444    N   26 0.415    N    6 0.361    C   27 0.058    C   21 0.054    C   18 0.053    C   38 0.052
     2  C   3.864    C    7 1.378    C   38 1.189    C   42 0.922
     3  C   3.921    C   10 1.443    C   18 1.267    H   67 0.929
     4  C   3.926    C   27 1.362    C   21 1.344    H   68 0.924
     5  C   3.896    C   30 1.488    C   35 1.226    H   69 0.936
     6  N   3.312    C   10 1.273    C    7 1.251    MG   1 0.361    C   18 0.051
     7  C   3.836    C    2 1.378    N    6 1.251    C    8 0.909
     8  C   3.931    C   12 0.975    C    9 0.945    H   70 0.935    C    7 0.909
     9  C   3.928    C   11 0.986    H   71 0.945    C    8 0.945    C   10 0.890
    10  C   3.856    C    3 1.443    N    6 1.273    C    9 0.890
    11  C   3.974    C    9 0.986    H   74 0.980    H   72 0.977    H   73 0.972
    12  C   3.950    C    8 0.975    C   13 0.969    H   75 0.956    H   76 0.956
    13  C   3.959    C   12 0.969    H   78 0.965    H   77 0.952    C   14 0.911    O   15 0.087
    14  C   3.871    O   15 1.851    O   16 1.070    C   13 0.911
    15  O   2.155    C   14 1.851    O   16 0.166    C   13 0.087
    16  O   2.303    C   14 1.070    C   47 0.949    O   15 0.166
    17  N   3.323    C   21 1.201    C   18 1.120    MG   1 0.544    C   20 0.064    C   27 0.056
    18  C   3.872    C    3 1.267    C   19 1.222    N   17 1.120    MG   1 0.053    N    6 0.051
    19  C   3.851    C   20 1.397    C   18 1.222    C   22 0.956    O   24 0.055
    20  C   3.867    C   19 1.397    C   21 1.060    C   23 1.054    O   24 0.073    N   17 0.064
    21  C   3.875    C    4 1.344    N   17 1.201    C   20 1.060    MG   1 0.054
    22  C   3.971    H   80 0.977    H   81 0.974    H   79 0.974    C   19 0.956
    23  C   3.880    O   24 1.821    C   20 1.054    C   25 0.916
    24  O   2.141    C   23 1.821    C   25 0.087    C   20 0.073    C   19 0.055
    25  C   3.977    H   82 0.977    H   83 0.972    H   84 0.965    C   23 0.916    O   24 0.087
    26  N   3.355    C   27 1.254    C   30 1.218    MG   1 0.415
    27  C   3.841    C    4 1.362    N   26 1.254    C   28 0.927    MG   1 0.058    N   17 0.056
    28  C   3.938    C   29 0.970    C   31 0.959    H   85 0.942    C   27 0.927
    29  C   3.928    C   28 0.970    H   86 0.940    C   32 0.934    C   30 0.921
    30  C   3.849    C    5 1.488    N   26 1.218    C   29 0.921
    31  C   3.962    H   88 0.980    H   89 0.976    H   87 0.975    C   28 0.959
    32  C   3.950    C   33 1.004    H   91 0.969    H   90 0.967    C   29 0.934
    33  C   3.984    C   32 1.004    H   93 0.985    H   94 0.983    H   92 0.980
    34  N   3.280    C   38 1.264    C   35 1.139    MG   1 0.444    C   37 0.070
    35  C   3.863    C   36 1.234    C    5 1.226    N   34 1.139
    36  C   3.872    C   37 1.344    C   35 1.234    C   39 1.005    O   41 0.051
    37  C   3.903    C   36 1.344    C   38 1.167    C   40 1.050    O   41 0.075    N   34 0.070
    38  C   3.893    N   34 1.264    C    2 1.189    C   37 1.167    MG   1 0.052
    39  C   3.982    C   36 1.005    H   96 0.976    H   95 0.968    H   97 0.961
    40  C   3.899    O   41 1.841    C   37 1.050    C   42 0.864
    41  O   2.185    C   40 1.841    C   42 0.084    C   37 0.075    C   36 0.051
    42  C   3.940    C   43 0.961    C    2 0.922    H   98 0.919    C   40 0.864    O   41 0.084    O   44 0.060
    43  C   3.893    O   44 1.804    O   45 1.053    C   42 0.961
    44  O   2.118    C   43 1.804    O   45 0.164    C   42 0.060
    45  O   2.281    C   43 1.053    C   46 0.985    O   44 0.164
    46  C   3.950    H  101 0.988    H   99 0.985    O   45 0.985    H  100 0.978
    47  C   3.944    C   48 1.024    H  102 0.957    O   16 0.949    H  103 0.941
    48  C   3.950    C   49 1.846    C   47 1.024    H  104 0.936
    49  C   3.921    C   48 1.846    C   51 0.988    C   50 0.966
    50  C   3.985    H  107 0.977    H  105 0.975    H  106 0.975    C   49 0.966
    51  C   3.972    C   49 0.988    C   52 0.973    H  108 0.954    H  109 0.951
    52  C   3.962    C   53 0.978    C   51 0.973    H  110 0.966    H  111 0.960
    53  C   3.961    C   52 0.978    C   54 0.977    H  113 0.964    H  112 0.955
    54  C   3.939    C   56 0.977    C   53 0.977    C   55 0.972    H  114 0.949
    55  C   3.980    H  117 0.986    H  115 0.980    H  116 0.976    C   54 0.972
    56  C   3.964    C   57 0.988    C   54 0.977    H  118 0.962    H  119 0.957
    57  C   3.971    C   58 0.988    C   56 0.988    H  121 0.966    H  120 0.965
    58  C   3.957    C   57 0.988    C   59 0.966    H  123 0.965    H  122 0.950
    59  C   3.931    C   60 0.998    C   58 0.966    H  124 0.954    C   61 0.946
    60  C   3.981    C   59 0.998    H  127 0.982    H  125 0.979    H  126 0.973
    61  C   3.948    C   62 0.973    H  128 0.972    H  129 0.966    C   59 0.946
    62  C   3.965    C   63 0.989    C   61 0.973    H  130 0.971    H  131 0.968
    63  C   3.966    C   62 0.989    C   64 0.984    H  133 0.960    H  132 0.957
    64  C   3.947    C   66 0.987    C   63 0.984    C   65 0.979    H  134 0.959
    65  C   3.981    H  135 0.982    H  136 0.981    H  137 0.979    C   64 0.979
    66  C   3.974    C   64 0.987    H  139 0.980    H  140 0.978    H  138 0.975
    67  H   0.993    C    3 0.929
    68  H   0.992    C    4 0.924
    69  H   0.993    C    5 0.936
    70  H   0.993    C    8 0.935
    71  H   0.995    C    9 0.945
    72  H   0.996    C   11 0.977
    73  H   0.997    C   11 0.972
    74  H   0.997    C   11 0.980
    75  H   0.996    C   12 0.956
    76  H   0.998    C   12 0.956
    77  H   0.996    C   13 0.952
    78  H   0.998    C   13 0.965
    79  H   0.994    C   22 0.974
    80  H   0.995    C   22 0.977
    81  H   0.995    C   22 0.974
    82  H   0.996    C   25 0.977
    83  H   0.998    C   25 0.972
    84  H   0.997    C   25 0.965
    85  H   0.994    C   28 0.942
    86  H   0.995    C   29 0.940
    87  H   0.997    C   31 0.975
    88  H   0.998    C   31 0.980
    89  H   0.996    C   31 0.976
    90  H   0.998    C   32 0.967
    91  H   0.996    C   32 0.969
    92  H   0.999    C   33 0.980
    93  H   0.998    C   33 0.985
    94  H   0.997    C   33 0.983
    95  H   0.993    C   39 0.968
    96  H   0.996    C   39 0.976
    97  H   0.991    C   39 0.961
    98  H   0.991    C   42 0.919
    99  H   0.998    C   46 0.985
   100  H   0.997    C   46 0.978
   101  H   0.997    C   46 0.988
   102  H   0.998    C   47 0.957
   103  H   0.993    C   47 0.941
   104  H   1.000    C   48 0.936
   105  H   0.999    C   50 0.975
   106  H   0.998    C   50 0.975
   107  H   0.997    C   50 0.977
   108  H   0.998    C   51 0.954
   109  H   0.998    C   51 0.951
   110  H   0.999    C   52 0.966
   111  H   0.998    C   52 0.960
   112  H   0.998    C   53 0.955
   113  H   0.999    C   53 0.964
   114  H   0.998    C   54 0.949
   115  H   0.998    C   55 0.980
   116  H   0.997    C   55 0.976
   117  H   0.999    C   55 0.986
   118  H   0.999    C   56 0.962
   119  H   0.999    C   56 0.957
   120  H   0.998    C   57 0.965
   121  H   0.999    C   57 0.966
   122  H   0.998    C   58 0.950
   123  H   0.999    C   58 0.965
   124  H   0.998    C   59 0.954
   125  H   0.999    C   60 0.979
   126  H   0.997    C   60 0.973
   127  H   0.999    C   60 0.982
   128  H   0.998    C   61 0.972
   129  H   0.999    C   61 0.966
   130  H   0.998    C   62 0.971
   131  H   0.998    C   62 0.968
   132  H   0.999    C   63 0.957
   133  H   0.998    C   63 0.960
   134  H   1.000    C   64 0.959
   135  H   0.999    C   65 0.982
   136  H   0.998    C   65 0.981
   137  H   0.999    C   65 0.979
   138  H   0.997    C   66 0.975
   139  H   0.999    C   66 0.980
   140  H   0.999    C   66 0.978
 
 --------------------------------------------
          xTB calculation for sTDA...
 --------------------------------------------
 
 reading parameter file ~/.param_stda2.xtb
 
      method parameters     
 k(s)        :  1.6000
 k(p)        :  2.1800
 k(d)        :  1.9500
 k(f)        :  2.0000
 k(R-V)      :  2.2750
 k(R-R)      :  1.7650
 Tscal       :  0.2580
 Gscal       :  1.0000
 fpol        :  1.0000
 Zcnf        :  0.3430
 Zqf         :  0.0000
 kcn         :  2.7000
 Ryd Hsplit  :  0.7000
 lshift(virt):  3.1000
 lshift(OS)  :  0.2000
 wllscaling  :  2.6000
 
 mowrcut     : 3.000
 
  Z AO/shell   Hii/eV     exponent
  1     Sun Feb 14 09:53:25 CET 2016    EN: 2.327 GAM: 0.473  GM3: 0.0000
     1s    -14.339618    1.220000
     2sp    -3.348946    0.600000
  6     Sun Feb 14 09:53:25 CET 2016    EN: 2.731 GAM: 0.422  GM3: 0.0000
     2s    -22.009312    1.565095
     2p    -13.020408    1.596905
     3sp    -3.914040    0.824500
  7     Sun Feb 14 09:53:25 CET 2016    EN: 3.573 GAM: 0.504  GM3: 0.0000
     2s    -25.722000    2.064844
     2p    -18.684912    1.801692
     3sp    -4.344791    0.921400
  8     Sun Feb 14 09:53:25 CET 2016    EN: 3.700 GAM: 0.587  GM3: 0.0000
     2s    -33.859000    2.418661
     2p    -22.175911    1.973969
     3sp    -4.259392    1.013700
 12     Sun Feb 21 16:58:31 CET 2016    EN: 0.033 GAM: 0.222  GM3: 0.0000
     3s    -11.092543    1.647583
     3p     -6.929529    0.855020
 
 Nbf   :          894
 T(el) :     0.0
 calculating S/T integrals ...
 cpu time for ints    1.41870200000000     
 Nao   :          894
 making H0...
 making H1...
 cpu time for H      2.485699999999991E-002
 solving ...
 cpu time for diag   0.352237000000000     
 
 gap (eV)           :   4.711
 Koopmans IP (eV)   :  13.594
 Eel (Eh)           :  -301.721944

          eigenvalues
 #    :         164        165        166        167        168        169        170        171
 occ. :        2.000      2.000      2.000      2.000      2.000      2.000      2.000      2.000
 eps  :       -17.368    -17.341    -17.142    -16.510    -16.349    -16.234    -16.004    -15.758
 #    :         172        173        174        175        176        177        178        179
 occ. :        2.000      2.000      2.000      2.000      2.000      0.000      0.000      0.000
 eps  :       -15.556    -15.259    -15.232    -14.119    -13.595     -8.884     -7.086     -7.007
 #    :         180        181        182        183        184        185        186        187
 occ. :        0.000      0.000      0.000      0.000      0.000      0.000      0.000      0.000
 eps  :        -6.828     -6.196     -5.952     -5.642     -5.581     -5.189     -5.096     -5.051
                            1  SCC done.
 writing mo output ...
 molden style : F
 
speedup  0.95
cpu  time for all    2.31 s
wall time for all    2.43 s
