 
        ______________________________________
       |                                      |
       |          ===================         |
       |             xTB for sTDA             |
       |          ===================         |
       |               S. Grimme              |
       |        Universitaet Bonn, MCTC       |
       |         2015-19, Version 1.0         |
       |     Wed Apr  3 09:14:55 CEST 2019    |
       |______________________________________|
 
        This code comes without any warranty
        for non-commercial, academia use only.
        Preliminary test version.
        Cite this work as:
        S. Grimme  &  C. Bannwarth, JCP 145 (2016) 054103
        if GBSA is used additionally:
        P. Shushkov, F. März, C. Bannwarth, S. Grimme, unpublished.
 
        with help from
        P. Shushkov, G. Brandenburg, S. Dohm, J. Pisarek,
        F. März, M. Checinski, S. Ehrlich, S. Spicher, 
        P. Pracht, E. Caldeweyher, S. Ehlert, and C. Bannwarth.
 
        usage        :
        xtb4stda <coord_file> [options]
        where <coord_file> is a valid file of TM)
        (*coord, Bohr) or xmol (*xyz, Angstroem)
        format.

        options:
        -chrg <int>   : molecular charge
        -uhf  <int>   : # of unpaired electrons(=2*S)
        -nox          : skip second, extended part in sTDA-xTB
        -pop          : do population analysis
                      : (default for -nox)
        -mowr <real>  : cut MO write above (def.3 Eh)
        -molden       : write formatted molden file
        -parx <file>  : read parameters for sTDA-xTB
                        calc (def:~/.param_stda2.xtb)
        -parv <file>  : read parameters for vTB part in
                        sTDA-xTB (def: ~/.param_stda1.xtb)
        -xtemp <real> : el. temp for xTB (def. 0 K)
        -etemp <real> : el. temp for GFN (def. 300 K)
        -fod          : calculate the FOD and write
                        molden.input file with
                        appropriate occupations
                        for plotting. Def. T=12500 K
 
        -acc <real>   : xTB accuracy (def. 1.0)
        -gbsa [string1] [string2]
                        use GBSA implicit solvent
                        for solvent [string1] and
                        solvation state [string2]=
                        reference, bar1M (default=1M)
        additional GFN/opt/MD/siman options read from
        $XTB4STDAHOME/.xtb4stdarc or $set in input
 
       spin and charge state information can be on:
       <.CHRG> (charge) and <.UHF> (=nalpha-nbeta)
       -uhf and -chrg override the file info.
       useful machine settings:
       setenv MKL_NUM_THREADS <NCORE_ON_YOUR_MACHINE>
       setenv OMP_STACKSIZE 500m
       limit stacksize unlimited
 
       total energies in Eh, gaps/HL energies in eV
       please read REVISION and HOWTO files carefully
 =============================
  # OMP threads =           4
 =============================
 
 xtb4stdahome directory:~/
 
 
 name of molecule           :
 comment line               :
 number of atoms            :   140
 number of electrons        :   352
 charge                     :  0
 spin                       : 0.0
 first test random number   :  0.5626
 
 -----------------------------------------
      charge density (VTB) calculation
 -----------------------------------------
 
      method parameters     
 k(s)        :  1.8000
 k(p)        :  2.8350
 k(d)        :  2.0860
 k(f)        :  2.0000
 Tscal       :  0.3300
 Gscal       :  0.3910
 fpol        :  1.0000
 Zcnf        :  0.6500
 Zqf         :  0.0000
 kcn         :  0.3000
 kEN1        : -0.5900
 wllscal     :  2.6000
 
     -------------------------
     ! NO SOLVENT MODEL USED !
     -------------------------
 
 doing EN charges ...
 sum q : -0.2775558D-14
 point charge moment (au)
     X       Y       Z   
  -0.2017   1.0586   0.9439  total (Debye):    3.641
 
            Z      q(EN)   CN      Cart. coordinates
     1  MG  2.0   0.952   4.614    -3.86260    33.05320    50.52749
     2  C   4.0   0.017   3.194    -4.07236    29.35878    56.22313
     3  C   4.0  -0.061   3.110    -4.69408    38.40679    54.46946
     4  C   4.0  -0.056   3.135    -3.96842    36.97816    45.22303
     5  C   4.0  -0.058   3.157    -3.83425    27.84511    46.95969
     6  N   5.0  -0.310   2.979    -4.72998    33.66169    54.97780
     7  C   4.0   0.109   3.281    -4.48054    31.90613    56.81272
     8  C   4.0  -0.094   4.142    -5.03234    33.12690    59.46212
     9  C   4.0  -0.095   4.151    -5.60493    35.92558    58.65709
    10  C   4.0   0.095   3.260    -4.82636    36.10510    55.84707
    11  C   4.0  -0.236   4.024    -8.42440    36.68903    59.16165
    12  C   4.0  -0.162   4.076    -2.81569    32.92281    61.30271
    13  C   4.0  -0.170   4.061    -3.45631    32.18392    63.95022
    14  C   4.0   0.152   3.094    -1.29824    31.76251    65.84372
    15  O   6.0  -0.083   1.035     1.03746    31.86078    65.37885
    16  O   6.0  -0.115   2.051    -2.26389    31.45827    68.28714
    17  N   5.0  -0.382   3.180    -3.87394    37.04997    49.89821
    18  C   4.0   0.073   3.377    -4.24621    38.86221    51.76526
    19  C   4.0   0.012   3.248    -4.13661    41.33209    50.58607
    20  C   4.0   0.004   3.242    -3.74544    41.02784    48.01605
    21  C   4.0   0.075   3.393    -3.99677    38.23671    47.56818
    22  C   4.0  -0.248   4.035    -4.66195    43.78306    51.91644
    23  C   4.0   0.119   3.035    -3.51300    43.03284    45.80696
    24  O   6.0  -0.113   1.062    -3.17474    42.62844    43.58842
    25  C   4.0  -0.248   4.042    -3.38072    45.80696    46.48915
    26  N   5.0  -0.463   3.140    -4.18196    32.57699    46.74426
    27  C   4.0   0.088   3.390    -4.19141    34.34199    44.84887
    28  C   4.0  -0.094   4.120    -4.73754    33.15335    42.23537
    29  C   4.0  -0.093   4.124    -4.22543    30.23750    42.72481
    30  C   4.0   0.082   3.455    -4.00622    30.22995    45.69546
    31  C   4.0  -0.237   4.022    -7.42284    33.81665    41.20358
    32  C   4.0  -0.162   4.032    -1.81603    29.17926    41.40012
    33  C   4.0  -0.239   4.014     0.70109    30.17136    42.40356
    34  N   5.0  -0.477   3.193    -3.98921    29.39658    51.25504
    35  C   4.0   0.053   3.468    -3.83236    27.32166    49.55239
    36  C   4.0   0.018   3.223    -3.89284    24.92926    50.93000
    37  C   4.0   0.003   3.360    -3.88150    25.65492    53.48680
    38  C   4.0   0.066   3.608    -3.91551    28.33455    53.62664
    39  C   4.0  -0.249   4.031    -3.83236    22.41026    49.81507
    40  C   4.0   0.107   3.174    -3.88717    24.57589    56.02471
    41  O   6.0  -0.100   1.040    -3.75111    22.37058    56.68044
    42  C   4.0  -0.108   4.141    -4.18385    26.94182    57.95223
    43  C   4.0   0.184   3.138    -1.91807    26.44294    59.67944
    44  O   6.0  -0.089   1.041     0.36850    26.71695    59.20511
    45  O   6.0  -0.126   2.025    -2.74766    25.51130    61.84317
    46  C   4.0  -0.204   4.004    -0.95809    25.35445    64.08250
    47  C   4.0  -0.129   4.076    -0.43653    30.82143    70.18442
    48  C   4.0  -0.055   3.107    -0.63117    32.87556    72.17808
    49  C   4.0   0.020   3.079    -0.62550    32.51651    74.73488
    50  C   4.0  -0.251   4.042    -0.55936    30.16192    76.24477
    51  C   4.0  -0.177   4.100    -0.97699    34.90891    76.32036
    52  C   4.0  -0.163   4.044     1.44564    35.94637    77.59971
    53  C   4.0  -0.166   4.080     0.95809    38.32175    79.16440
    54  C   4.0  -0.089   4.037     2.77223    40.57998    78.69575
    55  C   4.0  -0.238   4.042     2.29035    41.61366    76.02745
    56  C   4.0  -0.162   4.047     5.66540    40.05841    79.29668
    57  C   4.0  -0.163   4.029     6.97120    41.82719    81.32247
    58  C   4.0  -0.164   4.078     6.65561    40.57242    83.94919
    59  C   4.0  -0.088   4.066     6.58758    42.49805    86.12804
    60  C   4.0  -0.240   4.071     8.91762    42.30152    87.78533
    61  C   4.0  -0.166   4.107     4.31802    42.24104    87.96107
    62  C   4.0  -0.164   4.066     1.90673    43.06874    86.72897
    63  C   4.0  -0.166   4.086    -0.06425    40.88233    86.62126
    64  C   4.0  -0.089   4.046    -2.10138    41.19036    88.63760
    65  C   4.0  -0.240   4.057    -1.98988    39.11544    90.66527
    66  C   4.0  -0.240   4.062    -4.76022    41.14689    87.51510
    67  H   1.0   0.070   1.005    -4.80935    40.04896    55.71290
    68  H   1.0   0.070   1.005    -4.00433    38.04963    43.45803
    69  H   1.0   0.071   1.005    -3.68119    26.22940    45.68601
    70  H   1.0   0.085   1.008    -6.56113    31.98361    60.23312
    71  H   1.0   0.084   1.008    -4.38794    37.26540    59.64353
    72  H   1.0   0.080   0.997    -8.71164    38.36522    60.32383
    73  H   1.0   0.080   0.998    -9.62626    35.12245    59.74936
    74  H   1.0   0.080   0.998    -9.47887    37.39012    57.53649
    75  H   1.0   0.084   1.018    -2.44153    34.91269    61.68254
    76  H   1.0   0.083   1.003    -1.16785    31.98928    60.49013
    77  H   1.0   0.082   1.004    -4.71865    30.59088    64.29793
    78  H   1.0   0.083   1.009    -4.47865    33.82987    64.64941
    79  H   1.0   0.081   1.000    -4.80179    43.51661    53.95357
    80  H   1.0   0.080   0.998    -6.37405    44.76005    51.31173
    81  H   1.0   0.080   0.998    -3.19931    45.22303    51.74070
    82  H   1.0   0.080   0.998    -1.77256    46.24159    47.70046
    83  H   1.0   0.081   1.003    -5.22509    46.09986    47.35842
    84  H   1.0   0.081   1.002    -3.46954    46.74237    44.65611
    85  H   1.0   0.084   1.008    -3.43930    34.13979    40.97493
    86  H   1.0   0.084   1.009    -5.83547    28.95816    42.60009
    87  H   1.0   0.080   0.997    -7.35859    35.06575    39.56708
    88  H   1.0   0.080   0.997    -8.82880    34.52151    42.53206
    89  H   1.0   0.081   1.002    -8.10692    31.94582    40.67824
    90  H   1.0   0.081   1.001    -2.16752    29.20760    39.37055
    91  H   1.0   0.082   1.005    -1.74800    27.15725    41.78562
    92  H   1.0   0.081   0.999     0.58204    31.67748    43.80196
    93  H   1.0   0.080   1.000     1.67430    30.95182    40.76517
    94  H   1.0   0.080   0.997     1.82736    28.82777    43.48259
    95  H   1.0   0.080   0.999    -3.90795    20.85691    51.16622
    96  H   1.0   0.081   1.003    -2.07114    22.34412    48.74926
    97  H   1.0   0.080   1.001    -5.39139    22.29121    48.47147
    98  H   1.0   0.084   1.006    -5.81658    26.74151    59.19189
    99  H   1.0   0.080   0.996    -2.16185    25.13336    65.73979
   100  H   1.0   0.081   0.997     0.09071    27.09867    64.39430
   101  H   1.0   0.079   0.995     0.45164    23.86157    63.90486
   102  H   1.0   0.082   1.003     1.55524    30.81387    69.65908
   103  H   1.0   0.082   1.000    -0.74266    28.94304    70.97055
   104  H   1.0   0.071   1.007    -1.42863    34.72182    71.73211
   105  H   1.0   0.080   1.001    -2.50578    29.74429    76.77768
   106  H   1.0   0.081   1.004     0.76345    30.62868    77.75277
   107  H   1.0   0.080   0.998     0.09071    28.45360    75.29424
   108  H   1.0   0.082   1.004    -2.39239    34.55364    77.77545
   109  H   1.0   0.083   1.003    -1.89351    36.46415    75.33015
   110  H   1.0   0.082   1.004     2.91585    36.33565    76.21076
   111  H   1.0   0.082   1.005     2.05980    34.30608    78.68252
   112  H   1.0   0.082   1.005     1.16218    37.69625    81.11649
   113  H   1.0   0.083   1.005    -0.90329    39.16835    78.92818
   114  H   1.0   0.083   1.013     1.88028    41.82908    80.06958
   115  H   1.0   0.081   1.000     0.53479    40.82942    75.28668
   116  H   1.0   0.081   0.999     3.72843    40.90312    74.73488
   117  H   1.0   0.080   1.000     2.41885    43.66212    76.20509
   118  H   1.0   0.081   1.001     6.78034    40.03195    77.56380
   119  H   1.0   0.083   1.006     5.54446    38.06853    79.81635
   120  H   1.0   0.081   1.001     6.45152    43.81897    81.39428
   121  H   1.0   0.081   1.004     8.96864    41.75538    80.82547
   122  H   1.0   0.083   1.008     8.39605    39.47260    83.95674
   123  H   1.0   0.083   1.004     4.97943    39.37433    83.92651
   124  H   1.0   0.084   1.011     6.39672    44.47848    85.59514
   125  H   1.0   0.081   0.997    10.64672    41.55318    86.95385
   126  H   1.0   0.081   0.999     8.55101    41.49271    89.64293
   127  H   1.0   0.081   1.001     9.28611    44.25360    88.32768
   128  H   1.0   0.083   1.007     4.54101    43.59409    89.49931
   129  H   1.0   0.083   1.003     4.23110    40.35510    88.78499
   130  H   1.0   0.083   1.006     2.20531    43.56196    84.75232
   131  H   1.0   0.083   1.005     1.09604    44.56730    87.88548
   132  H   1.0   0.083   1.004     0.99589    39.12678    86.79133
   133  H   1.0   0.083   1.004    -0.97510    40.85588    84.77500
   134  H   1.0   0.083   1.010    -2.06547    42.99127    89.63726
   135  H   1.0   0.081   1.000    -1.52501    37.36744    89.67883
   136  H   1.0   0.081   0.998    -3.62071    39.09843    91.92194
   137  H   1.0   0.081   1.001    -0.26834    39.53685    91.71407
   138  H   1.0   0.082   1.006    -4.60148    39.34031    86.54000
   139  H   1.0   0.080   0.997    -5.20242    42.75694    86.30756
   140  H   1.0   0.080   0.997    -6.32113    40.90123    88.83791
 
  Z AO/shell   Hii/eV     exponent
  1     Sat Feb 20 21:38:01 CET 2016    EN: 2.327 GAM: 0.473  GM3: 0.0000
     1s    -13.751157    1.051071
  6     Sat Feb 20 21:38:01 CET 2016    EN: 2.731 GAM: 0.422  GM3: 0.0000
     2s    -19.378245    2.021003
     2p    -11.993376    1.497917
  7     Sat Feb 20 21:38:01 CET 2016    EN: 3.573 GAM: 0.504  GM3: 0.0000
     2s    -21.576984    2.275442
     2p    -16.125120    2.056788
  8     Sat Feb 20 21:38:01 CET 2016    EN: 3.700 GAM: 0.587  GM3: 0.0000
     2s    -21.648843    2.110798
     2p    -17.239740    2.329048
 12     Sat Feb 20 23:25:47 CET 2016    EN: 0.033 GAM: 0.222  GM3: 0.0000
     3s    -12.693633    1.302878
     3p     -8.128821    0.504252
 
 dipole moment of classical point charges (au)
     X       Y       Z   
  -0.2017   1.0586   0.9439  total (Debye):    3.641

 
 Nbf   :          338
 T(el) :   300.0
 calculating S/T integrals ...
 cpu time for ints   0.177425000000000     
 Nao   :          338
 making H0...
 making H1...
 cpu time for H      4.270999999999997E-003
 solving ...
 cpu time for diag   5.703400000000003E-002
 
 gap (eV)           :   1.332
 Koopmans IP (eV)   :  12.070
 Eel (Eh)           :  -268.239190
 T,E(Fermi),NFOD :    300.000   -11.405  0.000000
 T,E(Fermi),NFOD :    300.000   -11.405  0.000000
 Nfod               :  0.0000
 Nfod/Nel           :  0.0000

          eigenvalues
 #    :         164        165        166        167        168        169        170        171
 occ. :        2.000      2.000      2.000      2.000      2.000      2.000      2.000      2.000
 eps  :       -16.304    -16.259    -16.111    -15.814    -15.529    -15.422    -15.285    -15.047
 #    :         172        173        174        175        176        177        178        179
 occ. :        2.000      2.000      2.000      2.000      2.000      0.000      0.000      0.000
 eps  :       -14.914    -14.719    -14.566    -13.267    -12.071    -10.740     -9.518     -8.763
 #    :         180        181        182        183        184        185        186        187
 occ. :        0.000      0.000      0.000      0.000      0.000      0.000      0.000      0.000
 eps  :        -8.543     -8.138     -7.953     -7.768     -7.414     -7.350     -7.139     -7.017
                            1  SCC done.
 making H1...
 cpu time for H      7.191300000000000E-002
 solving ...
 cpu time for diag   3.579499999999997E-002
 
 gap (eV)           :   1.587
 Koopmans IP (eV)   :  11.964
 Eel (Eh)           :  -265.046475
 T,E(Fermi),NFOD :    300.000   -11.171  0.000000
 T,E(Fermi),NFOD :    300.000   -11.171  0.000000
 Nfod               :  0.0000
 Nfod/Nel           :  0.0000

          eigenvalues
 #    :         164        165        166        167        168        169        170        171
 occ. :        2.000      2.000      2.000      2.000      2.000      2.000      2.000      2.000
 eps  :       -15.217    -15.090    -14.899    -14.587    -14.356    -14.310    -14.243    -14.172
 #    :         172        173        174        175        176        177        178        179
 occ. :        2.000      2.000      2.000      2.000      2.000      0.000      0.000      0.000
 eps  :       -14.134    -13.932    -13.754    -12.513    -11.965    -10.378     -8.874     -8.516
 #    :         180        181        182        183        184        185        186        187
 occ. :        0.000      0.000      0.000      0.000      0.000      0.000      0.000      0.000
 eps  :        -8.313     -7.982     -7.786     -7.477     -7.363     -7.064     -7.004     -6.793
                            2  SCC done.
 
 
 Mulliken/CM5 charges    n(s)   n(p)   n(d)   
    1 MG  0.2983  0.7704   0.668  1.034  0.000
    2 C   0.0100  0.0143   1.188  2.802  0.000
    3 C  -0.0173 -0.0608   1.132  2.885  0.000
    4 C  -0.0256 -0.0665   1.131  2.894  0.000
    5 C  -0.0558 -0.0988   1.131  2.925  0.000
    6 N  -0.1347 -0.3548   1.400  3.734  0.000
    7 C   0.0300  0.0957   1.235  2.735  0.000
    8 C  -0.0171 -0.0728   1.202  2.815  0.000
    9 C  -0.0133 -0.0681   1.203  2.810  0.000
   10 C   0.0491  0.1065   1.232  2.719  0.000
   11 C  -0.1107 -0.2580   1.105  3.006  0.000
   12 C  -0.0423 -0.1493   1.140  2.902  0.000
   13 C  -0.0423 -0.1447   1.138  2.905  0.000
   14 C   0.1914  0.2345   1.218  2.590  0.000
   15 O  -0.2704 -0.3182   1.636  4.635  0.000
   16 O  -0.1495 -0.2265   1.492  4.657  0.000
   17 N  -0.1993 -0.4565   1.395  3.805  0.000
   18 C   0.0436  0.1022   1.204  2.753  0.000
   19 C   0.0048  0.0008   1.197  2.799  0.000
   20 C  -0.0686 -0.0637   1.228  2.841  0.000
   21 C   0.0431  0.1044   1.216  2.741  0.000
   22 C  -0.0873 -0.2323   1.078  3.009  0.000
   23 C   0.1525  0.1763   1.218  2.629  0.000
   24 O  -0.2314 -0.2863   1.619  4.613  0.000
   25 C  -0.0989 -0.2407   1.101  2.998  0.000
   26 N  -0.1936 -0.4928   1.411  3.783  0.000
   27 C   0.0398  0.0959   1.237  2.723  0.000
   28 C  -0.0145 -0.0713   1.200  2.814  0.000
   29 C  -0.0232 -0.0798   1.219  2.804  0.000
   30 C   0.0076  0.0629   1.243  2.749  0.000
   31 C  -0.0886 -0.2365   1.105  2.984  0.000
   32 C  -0.0457 -0.1549   1.144  2.902  0.000
   33 C  -0.0881 -0.2386   1.086  3.002  0.000
   34 N  -0.2111 -0.5153   1.396  3.815  0.000
   35 C   0.0010  0.0532   1.203  2.796  0.000
   36 C  -0.0200 -0.0270   1.205  2.815  0.000
   37 C  -0.0524 -0.0453   1.178  2.874  0.000
   38 C   0.0091  0.0733   1.216  2.775  0.000
   39 C  -0.0521 -0.1954   1.072  2.980  0.000
   40 C   0.1467  0.1804   1.209  2.645  0.000
   41 O  -0.2180 -0.2606   1.631  4.587  0.000
   42 C  -0.0474 -0.0901   1.220  2.827  0.000
   43 C   0.2094  0.2651   1.184  2.607  0.000
   44 O  -0.3039 -0.3459   1.633  4.671  0.000
   45 O  -0.1378 -0.2195   1.481  4.657  0.000
   46 C   0.0263 -0.0994   1.100  2.874  0.000
   47 C   0.0483 -0.0287   1.119  2.833  0.000
   48 C  -0.0930 -0.1487   1.180  2.913  0.000
   49 C  -0.0255 -0.0513   1.215  2.811  0.000
   50 C  -0.0832 -0.2290   1.075  3.008  0.000
   51 C  -0.0783 -0.1865   1.144  2.934  0.000
   52 C  -0.0689 -0.1811   1.147  2.922  0.000
   53 C  -0.0681 -0.1815   1.159  2.910  0.000
   54 C  -0.0391 -0.1146   1.212  2.827  0.000
   55 C  -0.1000 -0.2500   1.100  3.000  0.000
   56 C  -0.0756 -0.1847   1.166  2.909  0.000
   57 C  -0.0586 -0.1702   1.158  2.901  0.000
   58 C  -0.0658 -0.1751   1.152  2.913  0.000
   59 C  -0.0204 -0.0944   1.198  2.822  0.000
   60 C  -0.1105 -0.2615   1.102  3.008  0.000
   61 C  -0.0698 -0.1829   1.154  2.916  0.000
   62 C  -0.0596 -0.1732   1.147  2.912  0.000
   63 C  -0.0702 -0.1823   1.157  2.913  0.000
   64 C  -0.0211 -0.0992   1.189  2.832  0.000
   65 C  -0.1049 -0.2559   1.104  3.001  0.000
   66 C  -0.1159 -0.2672   1.103  3.013  0.000
   67 H   0.0549  0.1130   0.945  0.000  0.000
   68 H   0.0611  0.1232   0.939  0.000  0.000
   69 H   0.0566  0.1153   0.943  0.000  0.000
   70 H   0.0490  0.1111   0.951  0.000  0.000
   71 H   0.0493  0.1102   0.951  0.000  0.000
   72 H   0.0362  0.0871   0.964  0.000  0.000
   73 H   0.0355  0.0877   0.964  0.000  0.000
   74 H   0.0325  0.0847   0.968  0.000  0.000
   75 H   0.0415  0.1038   0.958  0.000  0.000
   76 H   0.0517  0.1119   0.948  0.000  0.000
   77 H   0.0400  0.1005   0.960  0.000  0.000
   78 H   0.0482  0.1094   0.952  0.000  0.000
   79 H   0.0408  0.0940   0.959  0.000  0.000
   80 H   0.0475  0.0995   0.953  0.000  0.000
   81 H   0.0430  0.0954   0.957  0.000  0.000
   82 H   0.0552  0.1085   0.945  0.000  0.000
   83 H   0.0443  0.0999   0.956  0.000  0.000
   84 H   0.0469  0.1060   0.953  0.000  0.000
   85 H   0.0544  0.1153   0.946  0.000  0.000
   86 H   0.0649  0.1262   0.935  0.000  0.000
   87 H   0.0438  0.0950   0.956  0.000  0.000
   88 H   0.0413  0.0934   0.959  0.000  0.000
   89 H   0.0304  0.0845   0.970  0.000  0.000
   90 H   0.0469  0.1015   0.953  0.000  0.000
   91 H   0.0324  0.0890   0.968  0.000  0.000
   92 H   0.0403  0.0951   0.960  0.000  0.000
   93 H   0.0335  0.0856   0.967  0.000  0.000
   94 H   0.0438  0.0951   0.956  0.000  0.000
   95 H   0.0583  0.1116   0.942  0.000  0.000
   96 H   0.0512  0.1050   0.949  0.000  0.000
   97 H   0.0491  0.1023   0.951  0.000  0.000
   98 H   0.0580  0.1251   0.942  0.000  0.000
   99 H   0.0499  0.1086   0.950  0.000  0.000
  100 H   0.0596  0.1227   0.940  0.000  0.000
  101 H   0.0621  0.1197   0.938  0.000  0.000
  102 H   0.0671  0.1345   0.933  0.000  0.000
  103 H   0.0495  0.1124   0.951  0.000  0.000
  104 H   0.0427  0.1033   0.957  0.000  0.000
  105 H   0.0516  0.1045   0.948  0.000  0.000
  106 H   0.0472  0.1020   0.953  0.000  0.000
  107 H   0.0390  0.0910   0.961  0.000  0.000
  108 H   0.0292  0.0858   0.971  0.000  0.000
  109 H   0.0292  0.0857   0.971  0.000  0.000
  110 H   0.0290  0.0865   0.971  0.000  0.000
  111 H   0.0304  0.0873   0.970  0.000  0.000
  112 H   0.0296  0.0862   0.970  0.000  0.000
  113 H   0.0414  0.0985   0.959  0.000  0.000
  114 H   0.0338  0.0944   0.966  0.000  0.000
  115 H   0.0418  0.0955   0.958  0.000  0.000
  116 H   0.0290  0.0818   0.971  0.000  0.000
  117 H   0.0379  0.0902   0.962  0.000  0.000
  118 H   0.0371  0.0923   0.963  0.000  0.000
  119 H   0.0390  0.0975   0.961  0.000  0.000
  120 H   0.0360  0.0911   0.964  0.000  0.000
  121 H   0.0366  0.0921   0.963  0.000  0.000
  122 H   0.0396  0.0976   0.960  0.000  0.000
  123 H   0.0403  0.0985   0.960  0.000  0.000
  124 H   0.0410  0.1022   0.959  0.000  0.000
  125 H   0.0375  0.0892   0.962  0.000  0.000
  126 H   0.0319  0.0849   0.968  0.000  0.000
  127 H   0.0259  0.0789   0.974  0.000  0.000
  128 H   0.0357  0.0930   0.964  0.000  0.000
  129 H   0.0296  0.0866   0.970  0.000  0.000
  130 H   0.0392  0.0971   0.961  0.000  0.000
  131 H   0.0401  0.0972   0.960  0.000  0.000
  132 H   0.0375  0.0953   0.962  0.000  0.000
  133 H   0.0355  0.0923   0.965  0.000  0.000
  134 H   0.0259  0.0859   0.974  0.000  0.000
  135 H   0.0293  0.0826   0.971  0.000  0.000
  136 H   0.0425  0.0945   0.958  0.000  0.000
  137 H   0.0278  0.0808   0.972  0.000  0.000
  138 H   0.0208  0.0764   0.979  0.000  0.000
  139 H   0.0333  0.0848   0.967  0.000  0.000
  140 H   0.0339  0.0855   0.966  0.000  0.000
 Hirshfeld charges for QMDFF written to <charges>
 
 Loewdin charges    n(s)   n(p)   n(d)
    1 MG  0.1349   0.681  1.184  0.000
    2 C   0.0094   1.150  2.840  0.000
    3 C  -0.0146   1.082  2.933  0.000
    4 C  -0.0227   1.078  2.945  0.000
    5 C  -0.0503   1.078  2.973  0.000
    6 N  -0.1054   1.359  3.746  0.000
    7 C   0.0299   1.199  2.771  0.000
    8 C  -0.0095   1.155  2.854  0.000
    9 C  -0.0052   1.156  2.849  0.000
   10 C   0.0519   1.196  2.752  0.000
   11 C  -0.1150   1.035  3.080  0.000
   12 C  -0.0386   1.081  2.958  0.000
   13 C  -0.0420   1.079  2.963  0.000
   14 C   0.1745   1.193  2.633  0.000
   15 O  -0.2602   1.610  4.650  0.000
   16 O  -0.1151   1.458  4.657  0.000
   17 N  -0.1689   1.354  3.815  0.000
   18 C   0.0452   1.167  2.788  0.000
   19 C   0.0133   1.154  2.832  0.000
   20 C  -0.0762   1.193  2.883  0.000
   21 C   0.0469   1.178  2.775  0.000
   22 C  -0.0908   1.005  3.086  0.000
   23 C   0.1479   1.184  2.668  0.000
   24 O  -0.2128   1.586  4.627  0.000
   25 C  -0.1045   1.029  3.076  0.000
   26 N  -0.1526   1.364  3.789  0.000
   27 C   0.0438   1.200  2.756  0.000
   28 C  -0.0053   1.153  2.853  0.000
   29 C  -0.0154   1.173  2.842  0.000
   30 C   0.0125   1.207  2.780  0.000
   31 C  -0.0908   1.033  3.057  0.000
   32 C  -0.0398   1.084  2.956  0.000
   33 C  -0.0889   1.013  3.075  0.000
   34 N  -0.1769   1.353  3.824  0.000
   35 C   0.0033   1.165  2.832  0.000
   36 C  -0.0085   1.161  2.847  0.000
   37 C  -0.0612   1.140  2.921  0.000
   38 C   0.0147   1.177  2.808  0.000
   39 C  -0.0518   0.996  3.056  0.000
   40 C   0.1396   1.176  2.684  0.000
   41 O  -0.2014   1.600  4.602  0.000
   42 C  -0.0469   1.174  2.873  0.000
   43 C   0.1852   1.159  2.656  0.000
   44 O  -0.2936   1.607  4.687  0.000
   45 O  -0.1006   1.445  4.656  0.000
   46 C   0.0217   1.029  2.949  0.000
   47 C   0.0457   1.062  2.893  0.000
   48 C  -0.0952   1.133  2.962  0.000
   49 C  -0.0119   1.172  2.840  0.000
   50 C  -0.0858   1.001  3.085  0.000
   51 C  -0.0772   1.086  2.991  0.000
   52 C  -0.0651   1.088  2.977  0.000
   53 C  -0.0651   1.101  2.964  0.000
   54 C  -0.0295   1.165  2.864  0.000
   55 C  -0.1032   1.028  3.075  0.000
   56 C  -0.0729   1.110  2.963  0.000
   57 C  -0.0528   1.099  2.954  0.000
   58 C  -0.0637   1.095  2.969  0.000
   59 C  -0.0099   1.150  2.860  0.000
   60 C  -0.1155   1.032  3.084  0.000
   61 C  -0.0677   1.096  2.971  0.000
   62 C  -0.0552   1.088  2.967  0.000
   63 C  -0.0686   1.100  2.969  0.000
   64 C  -0.0092   1.140  2.869  0.000
   65 C  -0.1087   1.034  3.075  0.000
   66 C  -0.1206   1.033  3.087  0.000
   67 H   0.0502   0.950  0.000  0.000
   68 H   0.0542   0.946  0.000  0.000
   69 H   0.0513   0.949  0.000  0.000
   70 H   0.0430   0.957  0.000  0.000
   71 H   0.0442   0.956  0.000  0.000
   72 H   0.0367   0.963  0.000  0.000
   73 H   0.0360   0.964  0.000  0.000
   74 H   0.0338   0.966  0.000  0.000
   75 H   0.0395   0.960  0.000  0.000
   76 H   0.0460   0.954  0.000  0.000
   77 H   0.0368   0.963  0.000  0.000
   78 H   0.0449   0.955  0.000  0.000
   79 H   0.0411   0.959  0.000  0.000
   80 H   0.0470   0.953  0.000  0.000
   81 H   0.0432   0.957  0.000  0.000
   82 H   0.0539   0.946  0.000  0.000
   83 H   0.0445   0.955  0.000  0.000
   84 H   0.0448   0.955  0.000  0.000
   85 H   0.0477   0.952  0.000  0.000
   86 H   0.0582   0.942  0.000  0.000
   87 H   0.0426   0.957  0.000  0.000
   88 H   0.0410   0.959  0.000  0.000
   89 H   0.0315   0.968  0.000  0.000
   90 H   0.0433   0.957  0.000  0.000
   91 H   0.0306   0.969  0.000  0.000
   92 H   0.0425   0.958  0.000  0.000
   93 H   0.0330   0.967  0.000  0.000
   94 H   0.0431   0.957  0.000  0.000
   95 H   0.0549   0.945  0.000  0.000
   96 H   0.0496   0.950  0.000  0.000
   97 H   0.0477   0.952  0.000  0.000
   98 H   0.0494   0.951  0.000  0.000
   99 H   0.0467   0.953  0.000  0.000
  100 H   0.0546   0.945  0.000  0.000
  101 H   0.0570   0.943  0.000  0.000
  102 H   0.0588   0.941  0.000  0.000
  103 H   0.0436   0.956  0.000  0.000
  104 H   0.0365   0.963  0.000  0.000
  105 H   0.0504   0.950  0.000  0.000
  106 H   0.0465   0.954  0.000  0.000
  107 H   0.0389   0.961  0.000  0.000
  108 H   0.0274   0.973  0.000  0.000
  109 H   0.0278   0.972  0.000  0.000
  110 H   0.0266   0.973  0.000  0.000
  111 H   0.0288   0.971  0.000  0.000
  112 H   0.0279   0.972  0.000  0.000
  113 H   0.0396   0.960  0.000  0.000
  114 H   0.0296   0.970  0.000  0.000
  115 H   0.0419   0.958  0.000  0.000
  116 H   0.0299   0.970  0.000  0.000
  117 H   0.0371   0.963  0.000  0.000
  118 H   0.0347   0.965  0.000  0.000
  119 H   0.0372   0.963  0.000  0.000
  120 H   0.0333   0.967  0.000  0.000
  121 H   0.0339   0.966  0.000  0.000
  122 H   0.0371   0.963  0.000  0.000
  123 H   0.0377   0.962  0.000  0.000
  124 H   0.0362   0.964  0.000  0.000
  125 H   0.0376   0.962  0.000  0.000
  126 H   0.0330   0.967  0.000  0.000
  127 H   0.0272   0.973  0.000  0.000
  128 H   0.0337   0.966  0.000  0.000
  129 H   0.0281   0.972  0.000  0.000
  130 H   0.0369   0.963  0.000  0.000
  131 H   0.0378   0.962  0.000  0.000
  132 H   0.0363   0.964  0.000  0.000
  133 H   0.0336   0.966  0.000  0.000
  134 H   0.0217   0.978  0.000  0.000
  135 H   0.0301   0.970  0.000  0.000
  136 H   0.0419   0.958  0.000  0.000
  137 H   0.0283   0.972  0.000  0.000
  138 H   0.0222   0.978  0.000  0.000
  139 H   0.0332   0.967  0.000  0.000
  140 H   0.0346   0.965  0.000  0.000
 
 Wiberg/Mayer (AO) data. WBOs > 0.1 written file <wbo>
 largest (>0.05) Wiberg bond orders for each atom
           total WBO             WBO to atom ...
     1  MG  2.542    N   34 0.585    N   17 0.486    N   26 0.442    N    6 0.306    C   38 0.061    C   30 0.058    C   35 0.050    C   18 0.050
     2  C   3.853    C    7 1.439    C   38 1.163    C   42 0.937
     3  C   3.910    C   10 1.438    C   18 1.234    H   67 0.939
     4  C   3.913    C   27 1.405    C   21 1.317    H   68 0.933
     5  C   3.919    C   30 1.399    C   35 1.305    H   69 0.934
     6  N   3.269    C    7 1.282    C   10 1.246    MG   1 0.306    C   18 0.052    C   38 0.050
     7  C   3.872    C    2 1.439    N    6 1.282    C    8 0.903
     8  C   3.933    C   12 0.963    C    9 0.953    H   70 0.938    C    7 0.903
     9  C   3.931    C   11 0.958    C    8 0.953    H   71 0.941    C   10 0.932
    10  C   3.852    C    3 1.438    N    6 1.246    C    9 0.932
    11  C   3.954    H   72 0.978    H   73 0.976    H   74 0.976    C    9 0.958
    12  C   3.959    C   13 0.992    C    8 0.963    H   75 0.959    H   76 0.955
    13  C   3.964    C   12 0.992    H   78 0.948    H   77 0.943    C   14 0.940    O   15 0.079
    14  C   3.875    O   15 1.814    O   16 1.063    C   13 0.940
    15  O   2.116    C   14 1.814    O   16 0.158    C   13 0.079
    16  O   2.290    C   14 1.063    C   47 0.964    O   15 0.158
    17  N   3.310    C   21 1.186    C   18 1.179    MG   1 0.486    C   20 0.070    C   27 0.053
    18  C   3.855    C    3 1.234    N   17 1.179    C   19 1.170    N    6 0.052    MG   1 0.050
    19  C   3.888    C   20 1.489    C   18 1.170    C   22 0.991
    20  C   3.855    C   19 1.489    C   21 1.079    C   23 0.925    O   24 0.085    N   17 0.070
    21  C   3.857    C    4 1.317    N   17 1.186    C   20 1.079    N   26 0.051
    22  C   3.978    C   19 0.991    H   79 0.975    H   81 0.966    H   80 0.964
    23  C   3.866    O   24 1.885    C   25 0.959    C   20 0.925
    24  O   2.186    C   23 1.885    C   20 0.085    C   25 0.075
    25  C   3.982    H   84 0.971    H   83 0.962    H   82 0.959    C   23 0.959    O   24 0.075
    26  N   3.328    C   30 1.233    C   27 1.222    MG   1 0.442    C   21 0.051
    27  C   3.832    C    4 1.405    N   26 1.222    C   28 0.933    N   17 0.053
    28  C   3.933    C   31 0.963    C   29 0.947    H   85 0.947    C   27 0.933
    29  C   3.921    C   32 0.953    C   28 0.947    H   86 0.934    C   30 0.912
    30  C   3.841    C    5 1.399    N   26 1.233    C   29 0.912    MG   1 0.058    C   36 0.055
    31  C   3.965    H   87 0.979    H   89 0.977    H   88 0.975    C   28 0.963
    32  C   3.951    C   33 1.004    H   91 0.966    H   90 0.963    C   29 0.953
    33  C   3.978    C   32 1.004    H   93 0.983    H   94 0.982    H   92 0.971
    34  N   3.325    C   38 1.204    C   35 1.089    MG   1 0.585    C   37 0.056    C   36 0.051
    35  C   3.863    C    5 1.305    C   36 1.197    N   34 1.089    MG   1 0.050
    36  C   3.865    C   37 1.347    C   35 1.197    C   39 1.015    C   30 0.055    N   34 0.051
    37  C   3.906    C   36 1.347    C   38 1.193    C   40 1.055    O   41 0.068    N   34 0.056
    38  C   3.880    N   34 1.204    C   37 1.193    C    2 1.163    MG   1 0.061    N    6 0.050
    39  C   3.981    C   36 1.015    H   95 0.973    H   97 0.963    H   96 0.958
    40  C   3.878    O   41 1.846    C   37 1.055    C   42 0.825
    41  O   2.191    C   40 1.846    C   42 0.097    C   37 0.068
    42  C   3.929    C    2 0.937    H   98 0.935    C   43 0.911    C   40 0.825    O   41 0.097    O   44 0.079
    43  C   3.892    O   44 1.760    O   45 1.153    C   42 0.911
    44  O   2.083    C   43 1.760    O   45 0.167    C   42 0.079
    45  O   2.337    C   43 1.153    C   46 0.945    O   44 0.167
    46  C   3.926    H   99 0.991    H  101 0.984    H  100 0.981    O   45 0.945
    47  C   3.938    C   48 0.986    O   16 0.964    H  103 0.963    H  102 0.949
    48  C   3.942    C   49 1.870    C   47 0.986    H  104 0.938
    49  C   3.935    C   48 1.870    C   50 1.003    C   51 0.963
    50  C   3.990    C   49 1.003    H  107 0.973    H  106 0.971    H  105 0.961
    51  C   3.963    C   52 0.969    C   49 0.963    H  109 0.962    H  108 0.961
    52  C   3.966    C   53 0.984    H  111 0.970    H  110 0.969    C   51 0.969
    53  C   3.961    C   52 0.984    C   54 0.970    H  112 0.965    H  113 0.958
    54  C   3.933    C   55 0.991    C   53 0.970    C   56 0.956    H  114 0.952
    55  C   3.984    C   54 0.991    H  116 0.982    H  117 0.980    H  115 0.974
    56  C   3.953    C   57 0.974    H  119 0.965    H  118 0.964    C   54 0.956
    57  C   3.962    C   58 0.988    C   56 0.974    H  121 0.970    H  120 0.965
    58  C   3.967    C   57 0.988    C   59 0.970    H  122 0.966    H  123 0.962
    59  C   3.943    C   60 0.989    C   58 0.970    C   61 0.967    H  124 0.950
    60  C   3.975    C   59 0.989    H  127 0.980    H  126 0.976    H  125 0.973
    61  C   3.965    C   62 0.999    C   59 0.967    H  128 0.963    H  129 0.959
    62  C   3.971    C   61 0.999    C   63 0.979    H  131 0.963    H  130 0.963
    63  C   3.963    C   64 0.979    C   62 0.979    H  133 0.962    H  132 0.958
    64  C   3.949    C   66 0.992    C   65 0.989    C   63 0.979    H  134 0.950
    65  C   3.982    C   64 0.989    H  135 0.981    H  137 0.980    H  136 0.976
    66  C   3.979    C   64 0.992    H  138 0.983    H  139 0.978    H  140 0.975
    67  H   0.994    C    3 0.939
    68  H   0.993    C    4 0.933
    69  H   0.993    C    5 0.934
    70  H   0.994    C    8 0.938
    71  H   0.994    C    9 0.941
    72  H   0.997    C   11 0.978
    73  H   0.997    C   11 0.976
    74  H   0.998    C   11 0.976
    75  H   0.997    C   12 0.959
    76  H   0.995    C   12 0.955
    77  H   0.998    C   13 0.943
    78  H   0.998    C   13 0.948
    79  H   0.996    C   22 0.975
    80  H   0.993    C   22 0.964
    81  H   0.995    C   22 0.966
    82  H   0.996    C   25 0.959
    83  H   0.998    C   25 0.962
    84  H   0.995    C   25 0.971
    85  H   0.995    C   28 0.947
    86  H   0.994    C   29 0.934
    87  H   0.996    C   31 0.979
    88  H   0.998    C   31 0.975
    89  H   0.997    C   31 0.977
    90  H   0.995    C   32 0.963
    91  H   0.997    C   32 0.966
    92  H   0.998    C   33 0.971
    93  H   0.999    C   33 0.983
    94  H   0.998    C   33 0.982
    95  H   0.995    C   39 0.973
    96  H   0.990    C   39 0.958
    97  H   0.992    C   39 0.963
    98  H   0.993    C   42 0.935
    99  H   0.997    C   46 0.991
   100  H   0.996    C   46 0.981
   101  H   0.996    C   46 0.984
   102  H   0.995    C   47 0.949
   103  H   0.997    C   47 0.963
   104  H   0.998    C   48 0.938
   105  H   0.997    C   50 0.961
   106  H   0.998    C   50 0.971
   107  H   0.998    C   50 0.973
   108  H   0.999    C   51 0.961
   109  H   0.999    C   51 0.962
   110  H   0.999    C   52 0.969
   111  H   0.999    C   52 0.970
   112  H   0.998    C   53 0.965
   113  H   0.998    C   53 0.958
   114  H   0.998    C   54 0.952
   115  H   0.998    C   55 0.974
   116  H   0.999    C   55 0.982
   117  H   0.998    C   55 0.980
   118  H   0.997    C   56 0.964
   119  H   0.998    C   56 0.965
   120  H   0.999    C   57 0.965
   121  H   0.998    C   57 0.970
   122  H   0.998    C   58 0.966
   123  H   0.998    C   58 0.962
   124  H   0.998    C   59 0.950
   125  H   0.997    C   60 0.973
   126  H   0.999    C   60 0.976
   127  H   0.999    C   60 0.980
   128  H   0.998    C   61 0.963
   129  H   0.999    C   61 0.959
   130  H   0.998    C   62 0.963
   131  H   0.998    C   62 0.963
   132  H   0.999    C   63 0.958
   133  H   0.998    C   63 0.962
   134  H   0.999    C   64 0.950
   135  H   0.999    C   65 0.981
   136  H   0.998    C   65 0.976
   137  H   0.999    C   65 0.980
   138  H   1.000    C   66 0.983
   139  H   0.999    C   66 0.978
   140  H   0.998    C   66 0.975
 
 --------------------------------------------
          xTB calculation for sTDA...
 --------------------------------------------
 
 reading parameter file ~/.param_stda2.xtb
 
      method parameters     
 k(s)        :  1.6000
 k(p)        :  2.1800
 k(d)        :  1.9500
 k(f)        :  2.0000
 k(R-V)      :  2.2750
 k(R-R)      :  1.7650
 Tscal       :  0.2580
 Gscal       :  1.0000
 fpol        :  1.0000
 Zcnf        :  0.3430
 Zqf         :  0.0000
 kcn         :  2.7000
 Ryd Hsplit  :  0.7000
 lshift(virt):  3.1000
 lshift(OS)  :  0.2000
 wllscaling  :  2.6000
 
 mowrcut     : 3.000
 
  Z AO/shell   Hii/eV     exponent
  1     Sun Feb 14 09:53:25 CET 2016    EN: 2.327 GAM: 0.473  GM3: 0.0000
     1s    -14.339618    1.220000
     2sp    -3.348946    0.600000
  6     Sun Feb 14 09:53:25 CET 2016    EN: 2.731 GAM: 0.422  GM3: 0.0000
     2s    -22.009312    1.565095
     2p    -13.020408    1.596905
     3sp    -3.914040    0.824500
  7     Sun Feb 14 09:53:25 CET 2016    EN: 3.573 GAM: 0.504  GM3: 0.0000
     2s    -25.722000    2.064844
     2p    -18.684912    1.801692
     3sp    -4.344791    0.921400
  8     Sun Feb 14 09:53:25 CET 2016    EN: 3.700 GAM: 0.587  GM3: 0.0000
     2s    -33.859000    2.418661
     2p    -22.175911    1.973969
     3sp    -4.259392    1.013700
 12     Sun Feb 21 16:58:31 CET 2016    EN: 0.033 GAM: 0.222  GM3: 0.0000
     3s    -11.092543    1.647583
     3p     -6.929529    0.855020
 
 Nbf   :          894
 T(el) :     0.0
 calculating S/T integrals ...
 cpu time for ints    1.18542000000000     
 Nao   :          894
 making H0...
 making H1...
 cpu time for H      2.044000000000024E-002
 solving ...
 cpu time for diag   0.268567000000000     
 
 gap (eV)           :   4.670
 Koopmans IP (eV)   :  13.226
 Eel (Eh)           :  -300.577930

          eigenvalues
 #    :         164        165        166        167        168        169        170        171
 occ. :        2.000      2.000      2.000      2.000      2.000      2.000      2.000      2.000
 eps  :       -17.312    -17.186    -16.853    -16.246    -16.149    -16.014    -15.808    -15.677
 #    :         172        173        174        175        176        177        178        179
 occ. :        2.000      2.000      2.000      2.000      2.000      0.000      0.000      0.000
 eps  :       -15.567    -15.316    -15.073    -13.947    -13.227     -8.557     -6.894     -6.755
 #    :         180        181        182        183        184        185        186        187
 occ. :        0.000      0.000      0.000      0.000      0.000      0.000      0.000      0.000
 eps  :        -6.126     -6.084     -5.974     -5.708     -5.237     -5.178     -5.161     -5.096
                            1  SCC done.
 writing mo output ...
 molden style : F
 
speedup  1.23
cpu  time for all    1.99 s
wall time for all    1.62 s
