 
        ______________________________________
       |                                      |
       |          ===================         |
       |             xTB for sTDA             |
       |          ===================         |
       |               S. Grimme              |
       |        Universitaet Bonn, MCTC       |
       |         2015-19, Version 1.0         |
       |     Wed Apr  3 09:14:55 CEST 2019    |
       |______________________________________|
 
        This code comes without any warranty
        for non-commercial, academia use only.
        Preliminary test version.
        Cite this work as:
        S. Grimme  &  C. Bannwarth, JCP 145 (2016) 054103
        if GBSA is used additionally:
        P. Shushkov, F. März, C. Bannwarth, S. Grimme, unpublished.
 
        with help from
        P. Shushkov, G. Brandenburg, S. Dohm, J. Pisarek,
        F. März, M. Checinski, S. Ehrlich, S. Spicher, 
        P. Pracht, E. Caldeweyher, S. Ehlert, and C. Bannwarth.
 
        usage        :
        xtb4stda <coord_file> [options]
        where <coord_file> is a valid file of TM)
        (*coord, Bohr) or xmol (*xyz, Angstroem)
        format.

        options:
        -chrg <int>   : molecular charge
        -uhf  <int>   : # of unpaired electrons(=2*S)
        -nox          : skip second, extended part in sTDA-xTB
        -pop          : do population analysis
                      : (default for -nox)
        -mowr <real>  : cut MO write above (def.3 Eh)
        -molden       : write formatted molden file
        -parx <file>  : read parameters for sTDA-xTB
                        calc (def:~/.param_stda2.xtb)
        -parv <file>  : read parameters for vTB part in
                        sTDA-xTB (def: ~/.param_stda1.xtb)
        -xtemp <real> : el. temp for xTB (def. 0 K)
        -etemp <real> : el. temp for GFN (def. 300 K)
        -fod          : calculate the FOD and write
                        molden.input file with
                        appropriate occupations
                        for plotting. Def. T=12500 K
 
        -acc <real>   : xTB accuracy (def. 1.0)
        -gbsa [string1] [string2]
                        use GBSA implicit solvent
                        for solvent [string1] and
                        solvation state [string2]=
                        reference, bar1M (default=1M)
        additional GFN/opt/MD/siman options read from
        $XTB4STDAHOME/.xtb4stdarc or $set in input
 
       spin and charge state information can be on:
       <.CHRG> (charge) and <.UHF> (=nalpha-nbeta)
       -uhf and -chrg override the file info.
       useful machine settings:
       setenv MKL_NUM_THREADS <NCORE_ON_YOUR_MACHINE>
       setenv OMP_STACKSIZE 500m
       limit stacksize unlimited
 
       total energies in Eh, gaps/HL energies in eV
       please read REVISION and HOWTO files carefully
 =============================
  # OMP threads =           4
 =============================
 
 xtb4stdahome directory:~/
 
 
 name of molecule           :
 comment line               :
 number of atoms            :   140
 number of electrons        :   352
 charge                     :  0
 spin                       : 0.0
 first test random number   :  0.9660
 
 -----------------------------------------
      charge density (VTB) calculation
 -----------------------------------------
 
      method parameters     
 k(s)        :  1.8000
 k(p)        :  2.8350
 k(d)        :  2.0860
 k(f)        :  2.0000
 Tscal       :  0.3300
 Gscal       :  0.3910
 fpol        :  1.0000
 Zcnf        :  0.6500
 Zqf         :  0.0000
 kcn         :  0.3000
 kEN1        : -0.5900
 wllscal     :  2.6000
 
     -------------------------
     ! NO SOLVENT MODEL USED !
     -------------------------
 
 doing EN charges ...
 sum q : -0.5551115D-15
 point charge moment (au)
     X       Y       Z   
  -0.2086  -0.5956   0.5923  total (Debye):    2.200
 
            Z      q(EN)   CN      Cart. coordinates
     1  MG  2.0   0.884   4.679    76.05580    78.00411    51.56495
     2  C   4.0   0.023   3.257    74.62717    82.51866    56.26092
     3  C   4.0  -0.058   3.138    77.80380    73.74278    56.31383
     4  C   4.0  -0.059   3.148    78.31402    73.97143    47.08630
     5  C   4.0  -0.056   3.152    74.82937    82.43929    46.88977
     6  N   5.0  -0.328   3.053    76.32036    78.17985    55.87731
     7  C   4.0   0.087   3.308    75.54935    80.19241    57.41932
     8  C   4.0  -0.092   4.091    75.40384    79.50644    60.25391
     9  C   4.0  -0.093   4.108    76.57170    76.77768    60.24068
    10  C   4.0   0.102   3.262    76.95720    76.15218    57.31350
    11  C   4.0  -0.237   4.013    78.74677    76.28257    62.17954
    12  C   4.0  -0.160   4.021    72.64673    79.65384    61.53704
    13  C   4.0  -0.168   4.029    72.09304    81.78356    63.53448
    14  C   4.0   0.154   3.080    70.83260    81.19397    66.07805
    15  O   6.0  -0.087   1.040    68.82193    79.95053    66.08750
    16  O   6.0  -0.110   2.028    72.02879    82.20875    68.21911
    17  N   5.0  -0.440   3.191    77.77734    74.42686    51.75959
    18  C   4.0   0.098   3.497    78.21198    73.01712    53.77593
    19  C   4.0   0.012   3.235    79.03590    70.43387    53.11075
    20  C   4.0   0.003   3.272    79.54234    70.60205    50.48025
    21  C   4.0   0.079   3.488    78.53512    73.08326    49.69601
    22  C   4.0  -0.245   4.008    79.61415    68.24745    55.00614
    23  C   4.0   0.093   3.056    80.57602    68.66130    48.71525
    24  O   6.0  -0.085   1.058    80.97287    69.00712    46.37954
    25  C   4.0  -0.249   4.039    80.92940    65.97978    49.56373
    26  N   5.0  -0.377   3.153    76.76067    78.25733    47.57007
    27  C   4.0   0.089   3.333    77.55813    76.28257    46.04695
    28  C   4.0  -0.096   4.130    77.39940    76.88917    43.29362
    29  C   4.0  -0.097   4.170    75.87439    79.44408    43.31063
    30  C   4.0   0.084   3.364    75.85171    80.21509    46.07719
    31  C   4.0  -0.236   4.016    79.87494    76.90240    41.66279
    32  C   4.0  -0.162   4.031    73.03413    79.21542    42.37899
    33  C   4.0  -0.238   4.005    71.52235    77.12916    43.92857
    34  N   5.0  -0.467   3.241    75.07692    81.72309    51.51582
    35  C   4.0   0.074   3.484    74.56103    83.23298    49.45980
    36  C   4.0   0.015   3.304    73.87695    85.67828    50.37253
    37  C   4.0   0.005   3.395    73.89017    85.55545    53.03327
    38  C   4.0   0.079   3.729    74.56670    83.03834    53.60775
    39  C   4.0  -0.247   4.030    73.28735    87.97997    48.85131
    40  C   4.0   0.104   3.183    73.56892    86.96141    55.35007
    41  O   6.0  -0.095   1.039    73.28735    89.20451    55.88676
    42  C   4.0  -0.119   4.234    74.08482    84.90917    57.53271
    43  C   4.0   0.167   3.146    76.09737    85.94474    59.16921
    44  O   6.0  -0.093   1.041    78.38772    85.52333    59.05583
    45  O   6.0  -0.114   2.041    74.90307    87.29967    61.09673
    46  C   4.0  -0.194   4.027    76.47721    88.56390    62.93354
    47  C   4.0  -0.131   4.058    70.53591    82.21253    70.51701
    48  C   4.0  -0.056   3.083    71.68675    80.35871    72.48044
    49  C   4.0   0.020   3.064    71.21243    80.25288    75.01078
    50  C   4.0  -0.249   4.035    69.34916    81.87049    76.52445
    51  C   4.0  -0.180   4.108    72.62406    78.38772    76.63406
    52  C   4.0  -0.164   4.048    72.42753    75.61171    76.01423
    53  C   4.0  -0.164   4.072    70.20710    74.33993    77.57325
    54  C   4.0  -0.089   4.052    71.15763    73.04547    79.99399
    55  C   4.0  -0.238   4.030    72.59382    70.52457    79.65573
    56  C   4.0  -0.163   4.054    69.07137    72.98500    81.99710
    57  C   4.0  -0.162   4.019    69.84994    74.30969    84.59925
    58  C   4.0  -0.165   4.066    71.55636    72.65807    86.36615
    59  C   4.0  -0.087   4.018    71.49967    73.23255    89.26121
    60  C   4.0  -0.239   4.041    74.21143    73.83348    90.19473
    61  C   4.0  -0.164   4.060    70.56237    70.72488    90.65204
    62  C   4.0  -0.163   4.041    67.82604    69.83293    90.01332
    63  C   4.0  -0.165   4.085    67.73534    67.35739    88.42028
    64  C   4.0  -0.088   4.025    65.66987    67.58038    86.37748
    65  C   4.0  -0.238   4.026    66.22545    65.55459    84.20241
    66  C   4.0  -0.240   4.055    63.16409    66.95866    87.71163
    67  H   1.0   0.070   1.005    78.20253    72.20643    57.63286
    68  H   1.0   0.071   1.007    78.83937    72.67886    45.56507
    69  H   1.0   0.070   1.005    74.36450    83.83013    45.43657
    70  H   1.0   0.084   1.008    76.63973    80.84626    61.21389
    71  H   1.0   0.084   1.011    75.22054    75.42085    61.00224
    72  H   1.0   0.080   0.998    80.54390    75.99344    61.21767
    73  H   1.0   0.080   0.998    78.26489    74.64040    63.32661
    74  H   1.0   0.080   0.999    79.01700    77.98899    63.30393
    75  H   1.0   0.082   1.003    72.33493    77.85860    62.49891
    76  H   1.0   0.081   1.002    71.28802    79.60093    59.98935
    77  H   1.0   0.082   1.006    70.75134    83.06290    62.63497
    78  H   1.0   0.082   1.006    73.65963    82.93629    64.21478
    79  H   1.0   0.080   0.997    78.79212    66.42576    54.50537
    80  H   1.0   0.080   0.998    79.02267    68.71044    56.92421
    81  H   1.0   0.080   0.999    81.66640    68.09061    55.06094
    82  H   1.0   0.081   0.999    82.05757    65.84561    51.28149
    83  H   1.0   0.080   1.000    81.92151    64.95366    48.07841
    84  H   1.0   0.081   1.002    79.00188    65.35995    49.93790
    85  H   1.0   0.084   1.010    76.20698    75.51723    42.32041
    86  H   1.0   0.084   1.009    77.00255    80.95397    42.47915
    87  H   1.0   0.080   0.997    80.24532    78.59559    40.54974
    88  H   1.0   0.080   0.998    79.85226    75.26589    40.41179
    89  H   1.0   0.080   0.998    81.49443    76.47532    42.86276
    90  H   1.0   0.082   1.005    73.23822    78.38961    40.50439
    91  H   1.0   0.081   1.000    72.02690    81.01066    42.31663
    92  H   1.0   0.080   1.001    72.36706    76.81358    45.78050
    93  H   1.0   0.080   0.998    71.63195    75.33770    42.91946
    94  H   1.0   0.080   0.998    69.62506    77.87561    44.21959
    95  H   1.0   0.080   0.998    72.23666    87.58313    47.12410
    96  H   1.0   0.080   1.000    75.06936    88.82657    48.26171
    97  H   1.0   0.081   1.001    71.98911    89.09491    49.99648
    98  H   1.0   0.086   1.012    72.44264    84.74665    58.76670
    99  H   1.0   0.080   0.996    78.15718    89.54088    62.25324
   100  H   1.0   0.080   0.996    76.83248    87.41116    64.60217
   101  H   1.0   0.081   0.997    75.20542    90.08324    63.49668
   102  H   1.0   0.082   1.002    68.53847    81.70986    70.53024
   103  H   1.0   0.082   1.001    70.67386    84.16272    71.16141
   104  H   1.0   0.070   1.003    73.17586    79.30613    71.52046
   105  H   1.0   0.080   0.998    68.43643    80.79145    78.02300
   106  H   1.0   0.080   0.998    67.92998    82.79456    75.35093
   107  H   1.0   0.080   1.000    70.48489    83.29534    77.48254
   108  H   1.0   0.083   1.006    72.16296    78.60882    78.62961
   109  H   1.0   0.083   1.008    74.65929    78.67118    76.49233
   110  H   1.0   0.082   1.008    74.30024    75.03346    76.64728
   111  H   1.0   0.082   1.005    72.35761    75.62116    73.95443
   112  H   1.0   0.082   1.002    69.22633    73.01523    76.33737
   113  H   1.0   0.083   1.005    68.94098    75.93486    77.87561
   114  H   1.0   0.085   1.015    72.67319    74.35127    80.48343
   115  H   1.0   0.080   0.999    74.56103    70.85905    80.16406
   116  H   1.0   0.081   1.000    72.46721    70.07104    77.65073
   117  H   1.0   0.080   0.997    71.74911    68.85028    80.50799
   118  H   1.0   0.082   1.005    68.68965    70.96677    82.16150
   119  H   1.0   0.082   1.003    67.37818    74.00167    81.41128
   120  H   1.0   0.081   1.001    68.27202    75.05802    85.68962
   121  H   1.0   0.082   1.003    70.97433    75.97076    84.13249
   122  H   1.0   0.083   1.006    73.44987    73.04547    85.65939
   123  H   1.0   0.083   1.005    71.07826    70.68898    85.99576
   124  H   1.0   0.083   1.005    70.36206    74.88984    89.70529
   125  H   1.0   0.080   0.997    75.60227    74.53268    88.84547
   126  H   1.0   0.081   1.000    74.90496    72.10627    91.07534
   127  H   1.0   0.080   0.997    74.22277    75.32637    91.61580
   128  H   1.0   0.082   1.002    70.66630    71.04992    92.68350
   129  H   1.0   0.082   1.003    71.83226    69.17342    90.17961
   130  H   1.0   0.082   1.003    66.81693    71.38440    89.10814
   131  H   1.0   0.081   1.002    66.79614    69.57782    91.77832
   132  H   1.0   0.082   1.004    67.29314    65.83805    89.73931
   133  H   1.0   0.082   1.002    69.53436    66.80937    87.58124
   134  H   1.0   0.082   1.005    65.71144    69.38885    85.39105
   135  H   1.0   0.080   0.997    65.05382    65.88718    82.54134
   136  H   1.0   0.080   0.999    66.38040    63.72912    85.14349
   137  H   1.0   0.080   0.998    68.15297    65.88341    83.55234
   138  H   1.0   0.080   0.999    61.65987    67.93754    86.70063
   139  H   1.0   0.081   0.999    63.10173    67.76935    89.60325
   140  H   1.0   0.081   0.998    62.68977    64.95555    87.75131
 
  Z AO/shell   Hii/eV     exponent
  1     Sat Feb 20 21:38:01 CET 2016    EN: 2.327 GAM: 0.473  GM3: 0.0000
     1s    -13.751157    1.051071
  6     Sat Feb 20 21:38:01 CET 2016    EN: 2.731 GAM: 0.422  GM3: 0.0000
     2s    -19.378245    2.021003
     2p    -11.993376    1.497917
  7     Sat Feb 20 21:38:01 CET 2016    EN: 3.573 GAM: 0.504  GM3: 0.0000
     2s    -21.576984    2.275442
     2p    -16.125120    2.056788
  8     Sat Feb 20 21:38:01 CET 2016    EN: 3.700 GAM: 0.587  GM3: 0.0000
     2s    -21.648843    2.110798
     2p    -17.239740    2.329048
 12     Sat Feb 20 23:25:47 CET 2016    EN: 0.033 GAM: 0.222  GM3: 0.0000
     3s    -12.693633    1.302878
     3p     -8.128821    0.504252
 
 dipole moment of classical point charges (au)
     X       Y       Z   
  -0.2086  -0.5956   0.5923  total (Debye):    2.200

 
 Nbf   :          338
 T(el) :   300.0
 calculating S/T integrals ...
 cpu time for ints   0.173116000000000     
 Nao   :          338
 making H0...
 making H1...
 cpu time for H      1.222000000000001E-002
 solving ...
 cpu time for diag   6.195799999999999E-002
 
 gap (eV)           :   1.264
 Koopmans IP (eV)   :  12.199
 Eel (Eh)           :  -268.149944
 T,E(Fermi),NFOD :    300.000   -11.567  0.000000
 T,E(Fermi),NFOD :    300.000   -11.567  0.000000
 Nfod               :  0.0000
 Nfod/Nel           :  0.0000

          eigenvalues
 #    :         164        165        166        167        168        169        170        171
 occ. :        2.000      2.000      2.000      2.000      2.000      2.000      2.000      2.000
 eps  :       -16.258    -16.189    -16.130    -16.009    -15.864    -15.445    -15.439    -15.012
 #    :         172        173        174        175        176        177        178        179
 occ. :        2.000      2.000      2.000      2.000      2.000      0.000      0.000      0.000
 eps  :       -14.873    -14.658    -14.650    -13.220    -12.201    -10.936     -9.812     -9.355
 #    :         180        181        182        183        184        185        186        187
 occ. :        0.000      0.000      0.000      0.000      0.000      0.000      0.000      0.000
 eps  :        -8.559     -8.370     -8.090     -7.927     -7.621     -7.417     -7.170     -6.966
                            1  SCC done.
 making H1...
 cpu time for H      7.168700000000003E-002
 solving ...
 cpu time for diag   3.016200000000002E-002
 
 gap (eV)           :   1.529
 Koopmans IP (eV)   :  12.073
 Eel (Eh)           :  -265.209957
 T,E(Fermi),NFOD :    300.000   -11.308  0.000000
 T,E(Fermi),NFOD :    300.000   -11.308  0.000000
 Nfod               :  0.0000
 Nfod/Nel           :  0.0000

          eigenvalues
 #    :         164        165        166        167        168        169        170        171
 occ. :        2.000      2.000      2.000      2.000      2.000      2.000      2.000      2.000
 eps  :       -15.210    -15.177    -14.936    -14.787    -14.489    -14.390    -14.374    -14.313
 #    :         172        173        174        175        176        177        178        179
 occ. :        2.000      2.000      2.000      2.000      2.000      0.000      0.000      0.000
 eps  :       -14.046    -13.963    -13.876    -12.607    -12.074    -10.544     -9.254     -9.200
 #    :         180        181        182        183        184        185        186        187
 occ. :        0.000      0.000      0.000      0.000      0.000      0.000      0.000      0.000
 eps  :        -8.297     -8.117     -8.107     -7.893     -7.427     -7.239     -6.994     -6.937
                            2  SCC done.
 
 
 Mulliken/CM5 charges    n(s)   n(p)   n(d)   
    1 MG  0.3121  0.7561   0.656  1.032  0.000
    2 C   0.0088  0.0116   1.192  2.799  0.000
    3 C  -0.0499 -0.0914   1.133  2.917  0.000
    4 C  -0.0199 -0.0608   1.128  2.892  0.000
    5 C  -0.0206 -0.0628   1.122  2.899  0.000
    6 N  -0.1514 -0.3810   1.431  3.721  0.000
    7 C   0.0207  0.0775   1.263  2.716  0.000
    8 C  -0.0179 -0.0727   1.213  2.805  0.000
    9 C  -0.0280 -0.0852   1.208  2.820  0.000
   10 C   0.0223  0.0842   1.251  2.727  0.000
   11 C  -0.0846 -0.2337   1.106  2.978  0.000
   12 C  -0.0518 -0.1570   1.171  2.881  0.000
   13 C  -0.0520 -0.1515   1.145  2.907  0.000
   14 C   0.1965  0.2404   1.211  2.592  0.000
   15 O  -0.2700 -0.3149   1.634  4.636  0.000
   16 O  -0.1378 -0.2155   1.499  4.639  0.000
   17 N  -0.2072 -0.4907   1.387  3.820  0.000
   18 C   0.0373  0.1072   1.186  2.777  0.000
   19 C  -0.0693 -0.0740   1.244  2.825  0.000
   20 C  -0.0409 -0.0359   1.198  2.843  0.000
   21 C   0.0232  0.0875   1.216  2.761  0.000
   22 C  -0.0684 -0.2139   1.086  2.982  0.000
   23 C   0.1175  0.1368   1.218  2.664  0.000
   24 O  -0.2599 -0.3100   1.633  4.627  0.000
   25 C  -0.0820 -0.2240   1.093  2.989  0.000
   26 N  -0.1478 -0.4093   1.412  3.736  0.000
   27 C   0.0375  0.0908   1.227  2.736  0.000
   28 C  -0.0044 -0.0614   1.185  2.819  0.000
   29 C  -0.0325 -0.0881   1.209  2.823  0.000
   30 C   0.0384  0.0910   1.218  2.744  0.000
   31 C  -0.0885 -0.2368   1.106  2.983  0.000
   32 C  -0.0529 -0.1615   1.162  2.891  0.000
   33 C  -0.0895 -0.2399   1.098  2.991  0.000
   34 N  -0.2032 -0.5030   1.377  3.827  0.000
   35 C   0.0361  0.0965   1.188  2.776  0.000
   36 C   0.0041 -0.0005   1.202  2.794  0.000
   37 C  -0.0553 -0.0481   1.173  2.883  0.000
   38 C   0.0345  0.1055   1.189  2.776  0.000
   39 C  -0.0684 -0.2120   1.077  2.992  0.000
   40 C   0.1425  0.1750   1.204  2.653  0.000
   41 O  -0.2216 -0.2631   1.634  4.587  0.000
   42 C  -0.0349 -0.0773   1.184  2.851  0.000
   43 C   0.2150  0.2662   1.192  2.593  0.000
   44 O  -0.2696 -0.3129   1.632  4.638  0.000
   45 O  -0.1584 -0.2461   1.490  4.668  0.000
   46 C   0.0078 -0.1147   1.088  2.904  0.000
   47 C   0.0428 -0.0362   1.124  2.833  0.000
   48 C  -0.0818 -0.1381   1.168  2.914  0.000
   49 C  -0.0303 -0.0533   1.214  2.816  0.000
   50 C  -0.0873 -0.2331   1.086  3.001  0.000
   51 C  -0.0672 -0.1774   1.136  2.932  0.000
   52 C  -0.0711 -0.1850   1.161  2.910  0.000
   53 C  -0.0705 -0.1809   1.163  2.907  0.000
   54 C  -0.0252 -0.0994   1.195  2.830  0.000
   55 C  -0.0979 -0.2488   1.104  2.994  0.000
   56 C  -0.0572 -0.1660   1.158  2.899  0.000
   57 C  -0.0767 -0.1884   1.166  2.911  0.000
   58 C  -0.0838 -0.1935   1.161  2.923  0.000
   59 C  -0.0173 -0.0892   1.212  2.805  0.000
   60 C  -0.1060 -0.2565   1.103  3.003  0.000
   61 C  -0.0684 -0.1785   1.166  2.902  0.000
   62 C  -0.0659 -0.1778   1.152  2.914  0.000
   63 C  -0.0686 -0.1795   1.157  2.912  0.000
   64 C  -0.0197 -0.0949   1.203  2.817  0.000
   65 C  -0.1134 -0.2636   1.109  3.005  0.000
   66 C  -0.1017 -0.2516   1.100  3.001  0.000
   67 H   0.0566  0.1153   0.943  0.000  0.000
   68 H   0.0578  0.1229   0.942  0.000  0.000
   69 H   0.0555  0.1140   0.945  0.000  0.000
   70 H   0.0542  0.1175   0.946  0.000  0.000
   71 H   0.0423  0.1038   0.958  0.000  0.000
   72 H   0.0327  0.0850   0.967  0.000  0.000
   73 H   0.0457  0.0971   0.954  0.000  0.000
   74 H   0.0395  0.0920   0.960  0.000  0.000
   75 H   0.0365  0.0949   0.963  0.000  0.000
   76 H   0.0469  0.1035   0.953  0.000  0.000
   77 H   0.0551  0.1151   0.945  0.000  0.000
   78 H   0.0394  0.1034   0.961  0.000  0.000
   79 H   0.0551  0.1068   0.945  0.000  0.000
   80 H   0.0510  0.1034   0.949  0.000  0.000
   81 H   0.0486  0.1013   0.951  0.000  0.000
   82 H   0.0414  0.0952   0.959  0.000  0.000
   83 H   0.0519  0.1086   0.948  0.000  0.000
   84 H   0.0547  0.1098   0.945  0.000  0.000
   85 H   0.0495  0.1119   0.951  0.000  0.000
   86 H   0.0522  0.1135   0.948  0.000  0.000
   87 H   0.0420  0.0933   0.958  0.000  0.000
   88 H   0.0383  0.0898   0.962  0.000  0.000
   89 H   0.0348  0.0875   0.965  0.000  0.000
   90 H   0.0310  0.0874   0.969  0.000  0.000
   91 H   0.0484  0.1029   0.952  0.000  0.000
   92 H   0.0456  0.1035   0.954  0.000  0.000
   93 H   0.0383  0.0901   0.962  0.000  0.000
   94 H   0.0391  0.0906   0.961  0.000  0.000
   95 H   0.0396  0.0919   0.960  0.000  0.000
   96 H   0.0557  0.1085   0.944  0.000  0.000
   97 H   0.0509  0.1051   0.949  0.000  0.000
   98 H   0.0613  0.1316   0.939  0.000  0.000
   99 H   0.0585  0.1176   0.942  0.000  0.000
  100 H   0.0491  0.1076   0.951  0.000  0.000
  101 H   0.0371  0.0997   0.963  0.000  0.000
  102 H   0.0682  0.1325   0.932  0.000  0.000
  103 H   0.0465  0.1116   0.953  0.000  0.000
  104 H   0.0378  0.0985   0.962  0.000  0.000
  105 H   0.0430  0.0953   0.957  0.000  0.000
  106 H   0.0391  0.0912   0.961  0.000  0.000
  107 H   0.0417  0.0943   0.958  0.000  0.000
  108 H   0.0318  0.0900   0.968  0.000  0.000
  109 H   0.0412  0.0984   0.959  0.000  0.000
  110 H   0.0364  0.0938   0.964  0.000  0.000
  111 H   0.0387  0.0956   0.961  0.000  0.000
  112 H   0.0228  0.0781   0.977  0.000  0.000
  113 H   0.0431  0.1013   0.957  0.000  0.000
  114 H   0.0306  0.0939   0.969  0.000  0.000
  115 H   0.0430  0.0951   0.957  0.000  0.000
  116 H   0.0277  0.0811   0.972  0.000  0.000
  117 H   0.0385  0.0902   0.961  0.000  0.000
  118 H   0.0393  0.0971   0.961  0.000  0.000
  119 H   0.0420  0.0981   0.958  0.000  0.000
  120 H   0.0319  0.0866   0.968  0.000  0.000
  121 H   0.0255  0.0815   0.975  0.000  0.000
  122 H   0.0298  0.0876   0.970  0.000  0.000
  123 H   0.0331  0.0921   0.967  0.000  0.000
  124 H   0.0380  0.0963   0.962  0.000  0.000
  125 H   0.0391  0.0905   0.961  0.000  0.000
  126 H   0.0288  0.0824   0.971  0.000  0.000
  127 H   0.0303  0.0815   0.970  0.000  0.000
  128 H   0.0340  0.0895   0.966  0.000  0.000
  129 H   0.0333  0.0904   0.967  0.000  0.000
  130 H   0.0305  0.0878   0.970  0.000  0.000
  131 H   0.0363  0.0914   0.964  0.000  0.000
  132 H   0.0310  0.0878   0.969  0.000  0.000
  133 H   0.0373  0.0937   0.963  0.000  0.000
  134 H   0.0417  0.1004   0.958  0.000  0.000
  135 H   0.0446  0.0957   0.955  0.000  0.000
  136 H   0.0353  0.0881   0.965  0.000  0.000
  137 H   0.0264  0.0785   0.974  0.000  0.000
  138 H   0.0247  0.0767   0.975  0.000  0.000
  139 H   0.0374  0.0906   0.963  0.000  0.000
  140 H   0.0355  0.0877   0.965  0.000  0.000
 Hirshfeld charges for QMDFF written to <charges>
 
 Loewdin charges    n(s)   n(p)   n(d)
    1 MG  0.1491   0.668  1.183  0.000
    2 C   0.0118   1.151  2.837  0.000
    3 C  -0.0480   1.082  2.966  0.000
    4 C  -0.0190   1.076  2.943  0.000
    5 C  -0.0175   1.068  2.950  0.000
    6 N  -0.1182   1.389  3.730  0.000
    7 C   0.0200   1.230  2.750  0.000
    8 C  -0.0101   1.166  2.844  0.000
    9 C  -0.0214   1.162  2.859  0.000
   10 C   0.0262   1.216  2.758  0.000
   11 C  -0.0857   1.034  3.051  0.000
   12 C  -0.0466   1.113  2.934  0.000
   13 C  -0.0525   1.087  2.965  0.000
   14 C   0.1786   1.186  2.636  0.000
   15 O  -0.2587   1.607  4.651  0.000
   16 O  -0.1039   1.466  4.638  0.000
   17 N  -0.1720   1.341  3.831  0.000
   18 C   0.0388   1.148  2.814  0.000
   19 C  -0.0596   1.204  2.855  0.000
   20 C  -0.0480   1.161  2.887  0.000
   21 C   0.0289   1.178  2.794  0.000
   22 C  -0.0691   1.013  3.056  0.000
   23 C   0.1197   1.182  2.699  0.000
   24 O  -0.2482   1.607  4.641  0.000
   25 C  -0.0871   1.020  3.067  0.000
   26 N  -0.1167   1.371  3.745  0.000
   27 C   0.0450   1.188  2.767  0.000
   28 C   0.0034   1.137  2.860  0.000
   29 C  -0.0255   1.162  2.863  0.000
   30 C   0.0436   1.179  2.777  0.000
   31 C  -0.0904   1.034  3.056  0.000
   32 C  -0.0466   1.104  2.943  0.000
   33 C  -0.0890   1.026  3.063  0.000
   34 N  -0.1668   1.332  3.835  0.000
   35 C   0.0362   1.150  2.814  0.000
   36 C   0.0112   1.160  2.829  0.000
   37 C  -0.0629   1.135  2.928  0.000
   38 C   0.0369   1.151  2.812  0.000
   39 C  -0.0683   1.001  3.067  0.000
   40 C   0.1373   1.172  2.691  0.000
   41 O  -0.2065   1.605  4.602  0.000
   42 C  -0.0364   1.136  2.900  0.000
   43 C   0.1944   1.166  2.639  0.000
   44 O  -0.2570   1.604  4.653  0.000
   45 O  -0.1244   1.456  4.668  0.000
   46 C  -0.0011   1.019  2.982  0.000
   47 C   0.0409   1.067  2.892  0.000
   48 C  -0.0809   1.120  2.961  0.000
   49 C  -0.0199   1.173  2.847  0.000
   50 C  -0.0895   1.013  3.076  0.000
   51 C  -0.0651   1.076  2.989  0.000
   52 C  -0.0678   1.103  2.964  0.000
   53 C  -0.0676   1.106  2.961  0.000
   54 C  -0.0163   1.148  2.869  0.000
   55 C  -0.1016   1.033  3.069  0.000
   56 C  -0.0533   1.100  2.953  0.000
   57 C  -0.0729   1.109  2.964  0.000
   58 C  -0.0833   1.104  2.979  0.000
   59 C  -0.0057   1.165  2.841  0.000
   60 C  -0.1102   1.033  3.078  0.000
   61 C  -0.0654   1.110  2.956  0.000
   62 C  -0.0615   1.094  2.968  0.000
   63 C  -0.0664   1.099  2.967  0.000
   64 C  -0.0073   1.154  2.853  0.000
   65 C  -0.1168   1.039  3.078  0.000
   66 C  -0.1057   1.029  3.076  0.000
   67 H   0.0516   0.948  0.000  0.000
   68 H   0.0507   0.949  0.000  0.000
   69 H   0.0505   0.950  0.000  0.000
   70 H   0.0470   0.953  0.000  0.000
   71 H   0.0378   0.962  0.000  0.000
   72 H   0.0324   0.968  0.000  0.000
   73 H   0.0446   0.955  0.000  0.000
   74 H   0.0392   0.961  0.000  0.000
   75 H   0.0336   0.966  0.000  0.000
   76 H   0.0430   0.957  0.000  0.000
   77 H   0.0511   0.949  0.000  0.000
   78 H   0.0358   0.964  0.000  0.000
   79 H   0.0533   0.947  0.000  0.000
   80 H   0.0507   0.949  0.000  0.000
   81 H   0.0472   0.953  0.000  0.000
   82 H   0.0417   0.958  0.000  0.000
   83 H   0.0489   0.951  0.000  0.000
   84 H   0.0537   0.946  0.000  0.000
   85 H   0.0440   0.956  0.000  0.000
   86 H   0.0459   0.954  0.000  0.000
   87 H   0.0415   0.958  0.000  0.000
   88 H   0.0379   0.962  0.000  0.000
   89 H   0.0345   0.965  0.000  0.000
   90 H   0.0287   0.971  0.000  0.000
   91 H   0.0447   0.955  0.000  0.000
   92 H   0.0498   0.950  0.000  0.000
   93 H   0.0381   0.962  0.000  0.000
   94 H   0.0387   0.961  0.000  0.000
   95 H   0.0396   0.960  0.000  0.000
   96 H   0.0535   0.947  0.000  0.000
   97 H   0.0485   0.951  0.000  0.000
   98 H   0.0536   0.946  0.000  0.000
   99 H   0.0539   0.946  0.000  0.000
  100 H   0.0458   0.954  0.000  0.000
  101 H   0.0347   0.965  0.000  0.000
  102 H   0.0600   0.940  0.000  0.000
  103 H   0.0402   0.960  0.000  0.000
  104 H   0.0315   0.968  0.000  0.000
  105 H   0.0426   0.957  0.000  0.000
  106 H   0.0383   0.962  0.000  0.000
  107 H   0.0411   0.959  0.000  0.000
  108 H   0.0305   0.970  0.000  0.000
  109 H   0.0390   0.961  0.000  0.000
  110 H   0.0351   0.965  0.000  0.000
  111 H   0.0358   0.964  0.000  0.000
  112 H   0.0205   0.980  0.000  0.000
  113 H   0.0409   0.959  0.000  0.000
  114 H   0.0271   0.973  0.000  0.000
  115 H   0.0422   0.958  0.000  0.000
  116 H   0.0288   0.971  0.000  0.000
  117 H   0.0391   0.961  0.000  0.000
  118 H   0.0371   0.963  0.000  0.000
  119 H   0.0390   0.961  0.000  0.000
  120 H   0.0298   0.970  0.000  0.000
  121 H   0.0239   0.976  0.000  0.000
  122 H   0.0282   0.972  0.000  0.000
  123 H   0.0314   0.969  0.000  0.000
  124 H   0.0320   0.968  0.000  0.000
  125 H   0.0397   0.960  0.000  0.000
  126 H   0.0296   0.970  0.000  0.000
  127 H   0.0308   0.969  0.000  0.000
  128 H   0.0313   0.969  0.000  0.000
  129 H   0.0316   0.968  0.000  0.000
  130 H   0.0287   0.971  0.000  0.000
  131 H   0.0340   0.966  0.000  0.000
  132 H   0.0288   0.971  0.000  0.000
  133 H   0.0358   0.964  0.000  0.000
  134 H   0.0361   0.964  0.000  0.000
  135 H   0.0438   0.956  0.000  0.000
  136 H   0.0353   0.965  0.000  0.000
  137 H   0.0282   0.972  0.000  0.000
  138 H   0.0254   0.975  0.000  0.000
  139 H   0.0377   0.962  0.000  0.000
  140 H   0.0355   0.965  0.000  0.000
 
 Wiberg/Mayer (AO) data. WBOs > 0.1 written file <wbo>
 largest (>0.05) Wiberg bond orders for each atom
           total WBO             WBO to atom ...
     1  MG  2.529    N   34 0.556    N   17 0.459    N   26 0.434    N    6 0.342    C   38 0.057    C   21 0.052
     2  C   3.888    C    7 1.360    C   38 1.203    C   42 0.987
     3  C   3.912    C   10 1.368    C   18 1.294    H   67 0.939
     4  C   3.924    C   27 1.451    C   21 1.234    H   68 0.933
     5  C   3.898    C   30 1.516    C   35 1.204    H   69 0.933
     6  N   3.283    C   10 1.319    C    7 1.212    MG   1 0.342
     7  C   3.828    C    2 1.360    N    6 1.212    C    8 0.946
     8  C   3.923    C    9 0.957    C    7 0.946    H   70 0.937    C   12 0.922
     9  C   3.922    C   11 0.968    C    8 0.957    H   71 0.946    C   10 0.900
    10  C   3.844    C    3 1.368    N    6 1.319    C    9 0.900
    11  C   3.971    H   72 0.981    H   73 0.981    H   74 0.977    C    9 0.968
    12  C   3.930    H   75 0.965    H   76 0.964    C   13 0.959    C    8 0.922
    13  C   3.958    H   78 0.965    C   12 0.959    C   14 0.945    H   77 0.943    O   15 0.075
    14  C   3.878    O   15 1.824    O   16 1.063    C   13 0.945
    15  O   2.122    C   14 1.824    O   16 0.161    C   13 0.075
    16  O   2.296    C   14 1.063    C   47 0.970    O   15 0.161
    17  N   3.316    C   18 1.216    C   21 1.205    MG   1 0.459    C   20 0.058    C   19 0.057
    18  C   3.885    C    3 1.294    N   17 1.216    C   19 1.134
    19  C   3.843    C   20 1.434    C   18 1.134    C   22 0.972    O   24 0.070    N   17 0.057
    20  C   3.895    C   19 1.434    C   21 1.116    C   23 1.037    O   24 0.065    N   17 0.058
    21  C   3.861    C    4 1.234    N   17 1.205    C   20 1.116    N   26 0.063    MG   1 0.052
    22  C   3.976    H   80 0.975    H   79 0.973    C   19 0.972    H   81 0.968
    23  C   3.887    O   24 1.778    C   20 1.037    C   25 0.975
    24  O   2.103    C   23 1.778    C   19 0.070    C   25 0.068    C   20 0.065
    25  C   3.984    C   23 0.975    H   83 0.972    H   82 0.965    H   84 0.952    O   24 0.068
    26  N   3.347    C   27 1.226    C   30 1.175    MG   1 0.434    C   21 0.063
    27  C   3.863    C    4 1.451    N   26 1.226    C   28 0.956
    28  C   3.940    C   31 0.956    C   27 0.956    C   29 0.951    H   85 0.942
    29  C   3.928    C   28 0.951    C   30 0.943    C   32 0.941    H   86 0.937
    30  C   3.863    C    5 1.516    N   26 1.175    C   29 0.943
    31  C   3.966    H   88 0.982    H   89 0.981    H   87 0.976    C   28 0.956
    32  C   3.951    C   33 0.998    H   90 0.973    H   91 0.965    C   29 0.941
    33  C   3.980    C   32 0.998    H   93 0.987    H   94 0.983    H   92 0.961
    34  N   3.345    C   38 1.218    C   35 1.137    MG   1 0.556    C   37 0.066
    35  C   3.870    C   36 1.250    C    5 1.204    N   34 1.137
    36  C   3.865    C   37 1.326    C   35 1.250    C   39 0.997    O   41 0.051
    37  C   3.910    C   36 1.326    C   38 1.170    C   40 1.091    O   41 0.071    N   34 0.066
    38  C   3.892    N   34 1.218    C    2 1.203    C   37 1.170    MG   1 0.057
    39  C   3.980    C   36 0.997    H   97 0.975    H   95 0.973    H   96 0.962
    40  C   3.888    O   41 1.824    C   37 1.091    C   42 0.810
    41  O   2.178    C   40 1.824    C   42 0.092    C   37 0.071    C   36 0.051
    42  C   3.944    C    2 0.987    C   43 0.939    H   98 0.918    C   40 0.810    O   41 0.092    O   44 0.066
    43  C   3.886    O   44 1.813    O   45 1.053    C   42 0.939
    44  O   2.126    C   43 1.813    O   45 0.164    C   42 0.066
    45  O   2.277    C   43 1.053    C   46 0.980    O   44 0.164
    46  C   3.946    H  101 0.992    H  100 0.983    O   45 0.980    H   99 0.978
    47  C   3.936    C   48 0.975    O   16 0.970    H  103 0.967    H  102 0.953
    48  C   3.955    C   49 1.893    C   47 0.975    H  104 0.943
    49  C   3.935    C   48 1.893    C   50 0.982    C   51 0.973
    50  C   3.988    C   49 0.982    H  106 0.977    H  105 0.975    H  107 0.969
    51  C   3.971    C   52 0.985    C   49 0.973    H  108 0.960    H  109 0.950
    52  C   3.960    C   51 0.985    C   53 0.967    H  110 0.964    H  111 0.962
    53  C   3.959    C   54 0.973    C   52 0.967    H  112 0.967    H  113 0.959
    54  C   3.940    C   55 0.982    C   56 0.978    C   53 0.973    H  114 0.951
    55  C   3.978    C   54 0.982    H  115 0.981    H  116 0.979    H  117 0.975
    56  C   3.961    C   54 0.978    C   57 0.966    H  119 0.961    H  118 0.961
    57  C   3.955    C   58 0.982    H  121 0.973    H  120 0.967    C   56 0.966
    58  C   3.961    C   57 0.982    C   59 0.970    H  122 0.967    H  123 0.964
    59  C   3.935    C   60 0.988    C   58 0.970    C   61 0.959    H  124 0.955
    60  C   3.977    C   59 0.988    H  126 0.980    H  127 0.980    H  125 0.973
    61  C   3.958    C   62 0.982    H  129 0.966    H  128 0.965    C   59 0.959
    62  C   3.962    C   61 0.982    C   63 0.979    H  131 0.969    H  130 0.967
    63  C   3.962    C   64 0.980    C   62 0.979    H  132 0.969    H  133 0.958
    64  C   3.943    C   66 0.993    C   63 0.980    C   65 0.976    H  134 0.953
    65  C   3.977    H  136 0.983    H  137 0.981    H  135 0.978    C   64 0.976
    66  C   3.981    C   64 0.993    H  138 0.981    H  140 0.980    H  139 0.976
    67  H   0.994    C    3 0.939
    68  H   0.994    C    4 0.933
    69  H   0.993    C    5 0.933
    70  H   0.994    C    8 0.937
    71  H   0.995    C    9 0.946
    72  H   0.997    C   11 0.981
    73  H   0.997    C   11 0.981
    74  H   0.997    C   11 0.977
    75  H   0.997    C   12 0.965
    76  H   0.997    C   12 0.964
    77  H   0.996    C   13 0.943
    78  H   0.998    C   13 0.965
    79  H   0.994    C   22 0.973
    80  H   0.995    C   22 0.975
    81  H   0.993    C   22 0.968
    82  H   0.998    C   25 0.965
    83  H   0.995    C   25 0.972
    84  H   0.996    C   25 0.952
    85  H   0.994    C   28 0.942
    86  H   0.996    C   29 0.937
    87  H   0.996    C   31 0.976
    88  H   0.998    C   31 0.982
    89  H   0.997    C   31 0.981
    90  H   0.996    C   32 0.973
    91  H   0.995    C   32 0.965
    92  H   0.997    C   33 0.961
    93  H   0.998    C   33 0.987
    94  H   0.998    C   33 0.983
    95  H   0.994    C   39 0.973
    96  H   0.991    C   39 0.962
    97  H   0.995    C   39 0.975
    98  H   0.992    C   42 0.918
    99  H   0.997    C   46 0.978
   100  H   0.997    C   46 0.983
   101  H   0.998    C   46 0.992
   102  H   0.995    C   47 0.953
   103  H   0.998    C   47 0.967
   104  H   0.999    C   48 0.943
   105  H   0.998    C   50 0.975
   106  H   0.998    C   50 0.977
   107  H   0.998    C   50 0.969
   108  H   0.998    C   51 0.960
   109  H   0.998    C   51 0.950
   110  H   0.998    C   52 0.964
   111  H   0.998    C   52 0.962
   112  H   0.999    C   53 0.967
   113  H   0.998    C   53 0.959
   114  H   0.999    C   54 0.951
   115  H   0.998    C   55 0.981
   116  H   0.999    C   55 0.979
   117  H   0.998    C   55 0.975
   118  H   0.998    C   56 0.961
   119  H   0.997    C   56 0.961
   120  H   0.998    C   57 0.967
   121  H   0.999    C   57 0.973
   122  H   0.999    C   58 0.967
   123  H   0.999    C   58 0.964
   124  H   0.999    C   59 0.955
   125  H   0.998    C   60 0.973
   126  H   0.999    C   60 0.980
   127  H   0.998    C   60 0.980
   128  H   0.997    C   61 0.965
   129  H   0.999    C   61 0.966
   130  H   0.999    C   62 0.967
   131  H   0.998    C   62 0.969
   132  H   0.998    C   63 0.969
   133  H   0.999    C   63 0.958
   134  H   0.998    C   64 0.953
   135  H   0.997    C   65 0.978
   136  H   0.999    C   65 0.983
   137  H   0.999    C   65 0.981
   138  H   0.999    C   66 0.981
   139  H   0.999    C   66 0.976
   140  H   0.999    C   66 0.980
 
 --------------------------------------------
          xTB calculation for sTDA...
 --------------------------------------------
 
 reading parameter file ~/.param_stda2.xtb
 
      method parameters     
 k(s)        :  1.6000
 k(p)        :  2.1800
 k(d)        :  1.9500
 k(f)        :  2.0000
 k(R-V)      :  2.2750
 k(R-R)      :  1.7650
 Tscal       :  0.2580
 Gscal       :  1.0000
 fpol        :  1.0000
 Zcnf        :  0.3430
 Zqf         :  0.0000
 kcn         :  2.7000
 Ryd Hsplit  :  0.7000
 lshift(virt):  3.1000
 lshift(OS)  :  0.2000
 wllscaling  :  2.6000
 
 mowrcut     : 3.000
 
  Z AO/shell   Hii/eV     exponent
  1     Sun Feb 14 09:53:25 CET 2016    EN: 2.327 GAM: 0.473  GM3: 0.0000
     1s    -14.339618    1.220000
     2sp    -3.348946    0.600000
  6     Sun Feb 14 09:53:25 CET 2016    EN: 2.731 GAM: 0.422  GM3: 0.0000
     2s    -22.009312    1.565095
     2p    -13.020408    1.596905
     3sp    -3.914040    0.824500
  7     Sun Feb 14 09:53:25 CET 2016    EN: 3.573 GAM: 0.504  GM3: 0.0000
     2s    -25.722000    2.064844
     2p    -18.684912    1.801692
     3sp    -4.344791    0.921400
  8     Sun Feb 14 09:53:25 CET 2016    EN: 3.700 GAM: 0.587  GM3: 0.0000
     2s    -33.859000    2.418661
     2p    -22.175911    1.973969
     3sp    -4.259392    1.013700
 12     Sun Feb 21 16:58:31 CET 2016    EN: 0.033 GAM: 0.222  GM3: 0.0000
     3s    -11.092543    1.647583
     3p     -6.929529    0.855020
 
 Nbf   :          894
 T(el) :     0.0
 calculating S/T integrals ...
 cpu time for ints    1.16207700000000     
 Nao   :          894
 making H0...
 making H1...
 cpu time for H      2.023100000000011E-002
 solving ...
 cpu time for diag   0.278853000000000     
 
 gap (eV)           :   4.662
 Koopmans IP (eV)   :  13.418
 Eel (Eh)           :  -300.637460

          eigenvalues
 #    :         164        165        166        167        168        169        170        171
 occ. :        2.000      2.000      2.000      2.000      2.000      2.000      2.000      2.000
 eps  :       -17.540    -17.299    -16.897    -16.471    -16.343    -16.221    -16.022    -15.682
 #    :         172        173        174        175        176        177        178        179
 occ. :        2.000      2.000      2.000      2.000      2.000      0.000      0.000      0.000
 eps  :       -15.509    -15.391    -15.238    -13.951    -13.419     -8.757     -7.089     -6.845
 #    :         180        181        182        183        184        185        186        187
 occ. :        0.000      0.000      0.000      0.000      0.000      0.000      0.000      0.000
 eps  :        -6.467     -6.270     -6.013     -5.540     -5.487     -5.164     -5.142     -5.003
                            1  SCC done.
 writing mo output ...
 molden style : F
 
speedup  1.47
cpu  time for all    2.02 s
wall time for all    1.37 s
