cpu-bind=MASK - bp1-compute101, task 4294967295 4294967295 [0]: mask 0xffffffffffff set
Host:    bp1-compute101.data.bp.acrc.priv
Time:    Tue May  3 23:17:51 BST 2022
Dir:     /user/home/of15641/chlorophyll_parameterization/tddft_data/step_1151_chromophore_13
Job ID:  1692040
Nodelist:
cat: bp1-compute101: No such file or directory
  
Result dir: /user/home/of15641/chlorophyll_parameterization/tddft_data/step_1151_chromophore_13
running gaussian jobs
Running time g16 < CAMB3LYP_step_1151_chromophore_13.com > CAMB3LYP_step_1151_chromophore_13.log

real	31m39.977s
user	745m58.502s
sys	0m29.378s
Running time g16 < PBE0_step_1151_chromophore_13.com > PBE0_step_1151_chromophore_13.log

real	21m47.855s
user	521m0.029s
sys	0m23.077s
Running time g16 < wB97XD_step_1151_chromophore_13.com > wB97XD_step_1151_chromophore_13.log

real	32m45.054s
user	771m59.167s
sys	0m30.512s
Running time g16 < BLYP_step_1151_chromophore_13.com > BLYP_step_1151_chromophore_13.log

real	13m25.829s
user	320m38.244s
sys	0m21.899s
Running time g16 < ZINDO_step_1151_chromophore_13.com > ZINDO_step_1151_chromophore_13.log

real	0m8.682s
user	3m12.086s
sys	0m3.169s
