cpu-bind=MASK - bp1-compute135, task 4294967295 4294967295 [0]: mask 0xf11efffef11efffe set
Host:    bp1-compute135.data.bp.acrc.priv
Time:    Wed May  4 22:44:11 BST 2022
Dir:     /user/home/of15641/chlorophyll_parameterization/tddft_data/step_501_chromophore_17
Job ID:  1692314
Nodelist:
cat: bp1-compute135: No such file or directory
  
Result dir: /user/home/of15641/chlorophyll_parameterization/tddft_data/step_501_chromophore_17
running gaussian jobs
Running time g16 < CAMB3LYP_step_501_chromophore_17.com > CAMB3LYP_step_501_chromophore_17.log

real	31m3.452s
user	732m56.347s
sys	0m56.240s
Running time g16 < PBE0_step_501_chromophore_17.com > PBE0_step_501_chromophore_17.log

real	21m10.947s
user	505m41.691s
sys	0m41.191s
Running time g16 < wB97XD_step_501_chromophore_17.com > wB97XD_step_501_chromophore_17.log

real	36m50.243s
user	872m2.531s
sys	1m4.365s
Running time g16 < BLYP_step_501_chromophore_17.com > BLYP_step_501_chromophore_17.log

real	20m20.816s
user	485m28.511s
sys	0m43.477s
Running time g16 < ZINDO_step_501_chromophore_17.com > ZINDO_step_501_chromophore_17.log

real	0m7.223s
user	2m39.995s
sys	0m2.485s
