cpu-bind=MASK - bp1-compute165, task 4294967295 4294967295 [0]: mask 0xffffff00ffffff set
Host:    bp1-compute165.data.bp.acrc.priv
Time:    Fri Apr 29 01:17:10 BST 2022
Dir:     /user/home/of15641/chlorophyll_parameterization/tddft_data/step_1801_chromophore_27
Job ID:  1658555
Nodelist:
cat: bp1-compute165: No such file or directory
  
Result dir: /user/home/of15641/chlorophyll_parameterization/tddft_data/step_1801_chromophore_27
running gaussian jobs
Running time g16 < CAMB3LYP_step_1801_chromophore_27.com > CAMB3LYP_step_1801_chromophore_27.log

real	27m25.541s
user	645m48.678s
sys	0m25.969s
Running time g16 < PBE0_step_1801_chromophore_27.com > PBE0_step_1801_chromophore_27.log

real	18m12.439s
user	434m44.805s
sys	0m21.403s
Running time g16 < wB97XD_step_1801_chromophore_27.com > wB97XD_step_1801_chromophore_27.log

real	31m45.616s
user	749m1.038s
sys	0m29.851s
Running time g16 < BLYP_step_1801_chromophore_27.com > BLYP_step_1801_chromophore_27.log

real	14m30.307s
user	345m59.318s
sys	0m24.360s
Running time g16 < ZINDO_step_1801_chromophore_27.com > ZINDO_step_1801_chromophore_27.log

real	0m5.852s
user	2m7.197s
sys	0m2.275s
