 
        ______________________________________
       |                                      |
       |          ===================         |
       |             xTB for sTDA             |
       |          ===================         |
       |               S. Grimme              |
       |        Universitaet Bonn, MCTC       |
       |         2015-19, Version 1.0         |
       |     Wed Apr  3 09:14:55 CEST 2019    |
       |______________________________________|
 
        This code comes without any warranty
        for non-commercial, academia use only.
        Preliminary test version.
        Cite this work as:
        S. Grimme  &  C. Bannwarth, JCP 145 (2016) 054103
        if GBSA is used additionally:
        P. Shushkov, F. März, C. Bannwarth, S. Grimme, unpublished.
 
        with help from
        P. Shushkov, G. Brandenburg, S. Dohm, J. Pisarek,
        F. März, M. Checinski, S. Ehrlich, S. Spicher, 
        P. Pracht, E. Caldeweyher, S. Ehlert, and C. Bannwarth.
 
        usage        :
        xtb4stda <coord_file> [options]
        where <coord_file> is a valid file of TM)
        (*coord, Bohr) or xmol (*xyz, Angstroem)
        format.

        options:
        -chrg <int>   : molecular charge
        -uhf  <int>   : # of unpaired electrons(=2*S)
        -nox          : skip second, extended part in sTDA-xTB
        -pop          : do population analysis
                      : (default for -nox)
        -mowr <real>  : cut MO write above (def.3 Eh)
        -molden       : write formatted molden file
        -parx <file>  : read parameters for sTDA-xTB
                        calc (def:~/.param_stda2.xtb)
        -parv <file>  : read parameters for vTB part in
                        sTDA-xTB (def: ~/.param_stda1.xtb)
        -xtemp <real> : el. temp for xTB (def. 0 K)
        -etemp <real> : el. temp for GFN (def. 300 K)
        -fod          : calculate the FOD and write
                        molden.input file with
                        appropriate occupations
                        for plotting. Def. T=12500 K
 
        -acc <real>   : xTB accuracy (def. 1.0)
        -gbsa [string1] [string2]
                        use GBSA implicit solvent
                        for solvent [string1] and
                        solvation state [string2]=
                        reference, bar1M (default=1M)
        additional GFN/opt/MD/siman options read from
        $XTB4STDAHOME/.xtb4stdarc or $set in input
 
       spin and charge state information can be on:
       <.CHRG> (charge) and <.UHF> (=nalpha-nbeta)
       -uhf and -chrg override the file info.
       useful machine settings:
       setenv MKL_NUM_THREADS <NCORE_ON_YOUR_MACHINE>
       setenv OMP_STACKSIZE 500m
       limit stacksize unlimited
 
       total energies in Eh, gaps/HL energies in eV
       please read REVISION and HOWTO files carefully
 =============================
  # OMP threads =           4
 =============================
 
 xtb4stdahome directory:~/
 
 
 name of molecule           :
 comment line               :
 number of atoms            :   140
 number of electrons        :   352
 charge                     :  0
 spin                       : 0.0
 first test random number   :  0.3386
 
 -----------------------------------------
      charge density (VTB) calculation
 -----------------------------------------
 
      method parameters     
 k(s)        :  1.8000
 k(p)        :  2.8350
 k(d)        :  2.0860
 k(f)        :  2.0000
 Tscal       :  0.3300
 Gscal       :  0.3910
 fpol        :  1.0000
 Zcnf        :  0.6500
 Zqf         :  0.0000
 kcn         :  0.3000
 kEN1        : -0.5900
 wllscal     :  2.6000
 
     -------------------------
     ! NO SOLVENT MODEL USED !
     -------------------------
 
 doing EN charges ...
 sum q : -0.2331468D-14
 point charge moment (au)
     X       Y       Z   
  -0.0581   0.1357   0.1103  total (Debye):    0.468
 
            Z      q(EN)   CN      Cart. coordinates
     1  MG  2.0   0.903   4.718   -17.36847    35.52874    81.84025
     2  C   4.0   0.024   3.268   -10.81679    34.99772    81.81191
     3  C   4.0  -0.060   3.158   -16.60691    41.87633    80.65350
     4  C   4.0  -0.059   3.141   -23.71795    35.96904    81.02956
     5  C   4.0  -0.055   3.166   -17.66138    28.93737    81.35459
     6  N   5.0  -0.385   3.116   -14.01232    38.22538    81.47364
     7  C   4.0   0.116   3.377   -11.59347    37.51673    81.53034
     8  C   4.0  -0.095   4.148    -9.82280    39.70314    81.07869
     9  C   4.0  -0.093   4.109   -11.74654    42.12577    81.23176
    10  C   4.0   0.120   3.354   -14.30523    40.68202    81.20152
    11  C   4.0  -0.237   4.024   -11.25521    43.66401    83.66951
    12  C   4.0  -0.162   4.050    -8.28834    39.67291    78.52756
    13  C   4.0  -0.169   4.047    -9.63571    38.55986    76.14462
    14  C   4.0   0.185   3.079    -9.72264    40.33431    73.88451
    15  O   6.0  -0.114   1.044   -10.00799    42.57553    73.92986
    16  O   6.0  -0.104   2.023    -9.66973    38.91891    71.66408
    17  N   5.0  -0.389   3.214   -19.84023    38.59198    81.14105
    18  C   4.0   0.083   3.366   -19.17505    41.01083    80.49477
    19  C   4.0   0.012   3.242   -21.40304    42.50750    80.28879
    20  C   4.0   0.001   3.286   -23.47984    40.97493    80.65728
    21  C   4.0   0.060   3.336   -22.52364    38.28207    81.00688
    22  C   4.0  -0.245   4.024   -21.49185    45.34775    79.60849
    23  C   4.0   0.126   3.069   -26.20861    41.87633    80.70453
    24  O   6.0  -0.115   1.090   -26.71317    43.98904    80.00911
    25  C   4.0  -0.256   4.066   -28.22495    40.28329    81.39428
    26  N   5.0  -0.441   3.151   -20.26353    32.88501    81.40372
    27  C   4.0   0.086   3.389   -22.76742    33.52185    81.20719
    28  C   4.0  -0.093   4.121   -24.47006    31.15969    81.67585
    29  C   4.0  -0.095   4.150   -22.47073    28.93548    81.23176
    30  C   4.0   0.109   3.395   -19.92716    30.40191    81.22231
    31  C   4.0  -0.237   4.024   -25.63224    31.08599    84.37815
    32  C   4.0  -0.162   4.038   -23.20961    27.51441    78.77701
    33  C   4.0  -0.237   3.997   -23.31733    24.57967    78.83181
    34  N   5.0  -0.436   3.220   -14.91183    32.53352    81.82513
    35  C   4.0   0.067   3.526   -15.27088    29.94460    81.67773
    36  C   4.0   0.020   3.295   -12.96730    28.62935    81.72120
    37  C   4.0   0.003   3.428   -11.06812    30.44349    81.78545
    38  C   4.0   0.062   3.771   -12.34936    32.85100    81.76655
    39  C   4.0  -0.251   4.054   -12.68762    25.95539    81.40750
    40  C   4.0   0.116   3.210    -8.44707    30.91781    81.94230
    41  O   6.0  -0.104   1.049    -6.67451    29.49295    82.18607
    42  C   4.0  -0.119   4.280    -8.18818    33.84310    81.91395
    43  C   4.0   0.187   3.142    -6.85404    34.57632    84.32146
    44  O   6.0  -0.113   1.046    -7.59670    34.25128    86.42851
    45  O   6.0  -0.110   2.030    -4.69030    35.95015    83.69974
    46  C   4.0  -0.197   4.018    -3.51867    37.50917    85.65750
    47  C   4.0  -0.138   4.035    -9.81146    40.49116    69.26979
    48  C   4.0  -0.058   3.101   -11.79000    39.31764    67.42353
    49  C   4.0   0.020   3.078   -12.08858    36.88367    66.87173
    50  C   4.0  -0.251   4.061    -9.90405    35.10166    67.25346
    51  C   4.0  -0.176   4.078   -14.48664    35.77251    65.76246
    52  C   4.0  -0.163   4.039   -15.03277    36.52273    62.94866
    53  C   4.0  -0.164   4.071   -17.67272    35.82165    62.17387
    54  C   4.0  -0.087   4.033   -19.74575    37.96648    62.61796
    55  C   4.0  -0.241   4.077   -21.96806    36.71171    63.90297
    56  C   4.0  -0.165   4.075   -20.84746    39.20803    60.18399
    57  C   4.0  -0.162   4.023   -21.67516    42.05963    60.35218
    58  C   4.0  -0.163   4.043   -19.41504    43.91912    59.93266
    59  C   4.0  -0.086   4.017   -20.15393    46.23215    58.11096
    60  C   4.0  -0.240   4.041   -18.85946    48.66233    59.12197
    61  C   4.0  -0.163   4.050   -19.34135    45.86932    55.28393
    62  C   4.0  -0.164   4.028   -21.07800    44.01361    53.67011
    63  C   4.0  -0.165   4.073   -20.39581    44.24793    50.77505
    64  C   4.0  -0.087   4.014   -22.74663    44.74871    49.13287
    65  C   4.0  -0.239   4.041   -24.36991    42.33175    49.10264
    66  C   4.0  -0.237   4.016   -21.89814    45.65011    46.37199
    67  H   1.0   0.071   1.007   -16.40471    43.92101    80.46264
    68  H   1.0   0.071   1.008   -25.77964    35.98794    81.07113
    69  H   1.0   0.071   1.005   -17.64059    26.88513    81.12594
    70  H   1.0   0.085   1.008    -8.49621    39.69180    82.65472
    71  H   1.0   0.084   1.006   -11.42717    43.04418    79.41573
    72  H   1.0   0.080   0.998   -12.68384    45.13799    83.85092
    73  H   1.0   0.080   0.997    -9.34469    44.37266    83.96052
    74  H   1.0   0.081   1.000   -11.60670    42.40167    85.25688
    75  H   1.0   0.082   1.002    -6.50255    38.76206    79.00188
    76  H   1.0   0.083   1.003    -7.63260    41.56830    78.06458
    77  H   1.0   0.082   1.003   -11.47631    37.76806    76.62461
    78  H   1.0   0.082   1.006    -8.41306    37.00650    75.56447
    79  H   1.0   0.081   1.002   -22.79009    45.38744    78.00978
    80  H   1.0   0.080   0.998   -19.65126    46.21136    79.27778
    81  H   1.0   0.080   0.998   -22.34223    46.43624    81.13538
    82  H   1.0   0.081   1.003   -27.57299    38.91891    82.79267
    83  H   1.0   0.081   1.006   -28.79375    39.39323    79.62738
    84  H   1.0   0.081   1.005   -29.75185    41.54374    81.96308
    85  H   1.0   0.084   1.006   -25.89491    31.01796    80.19430
    86  H   1.0   0.085   1.008   -22.31388    27.44071    82.63961
    87  H   1.0   0.080   1.000   -24.51919    32.37856    85.53467
    88  H   1.0   0.080   0.997   -25.75507    29.21705    85.23420
    89  H   1.0   0.080   0.997   -27.55787    31.80409    84.50665
    90  H   1.0   0.082   1.007   -21.76208    28.27975    77.52601
    91  H   1.0   0.082   1.003   -25.02942    28.16259    78.06269
    92  H   1.0   0.079   0.997   -24.79887    23.85590    77.59593
    93  H   1.0   0.079   0.997   -23.53465    23.66126    80.66295
    94  H   1.0   0.079   0.998   -21.53343    23.81433    78.14017
    95  H   1.0   0.081   1.008   -10.75254    25.85334    80.70642
    96  H   1.0   0.080   0.997   -13.78366    24.75163    80.14517
    97  H   1.0   0.081   1.001   -12.72919    24.98974    83.22542
    98  H   1.0   0.086   1.008    -7.17718    34.47427    80.23209
    99  H   1.0   0.080   0.996    -2.36783    36.30164    86.86503
   100  H   1.0   0.080   0.996    -4.95108    38.50695    86.75165
   101  H   1.0   0.080   0.996    -2.28090    38.74883    84.57468
   102  H   1.0   0.081   0.999    -7.93685    40.57053    68.41753
   103  H   1.0   0.082   1.005   -10.68640    42.34498    69.46633
   104  H   1.0   0.070   1.007   -13.50020    40.36455    66.95110
   105  H   1.0   0.081   0.998    -9.56201    33.89223    65.62262
   106  H   1.0   0.081   1.001   -10.37837    34.03207    68.94854
   107  H   1.0   0.081   1.000    -8.18818    36.16369    67.66920
   108  H   1.0   0.082   1.004   -16.11936    36.42069    66.83961
   109  H   1.0   0.082   1.003   -14.46585    33.74106    66.09883
   110  H   1.0   0.082   1.005   -13.67028    35.40024    61.88664
   111  H   1.0   0.082   1.003   -14.72097    38.53151    62.62174
   112  H   1.0   0.083   1.007   -18.30578    34.26829    63.36818
   113  H   1.0   0.082   1.003   -17.80689    35.31520    60.18210
   114  H   1.0   0.083   1.007   -18.91616    39.51228    63.69699
   115  H   1.0   0.081   0.998   -21.66193    36.03707    65.82482
   116  H   1.0   0.081   1.001   -22.64459    35.21882    62.65575
   117  H   1.0   0.081   0.998   -23.67449    37.82286    64.21289
   118  H   1.0   0.083   1.008   -22.61246    38.17813    59.92321
   119  H   1.0   0.082   1.001   -19.77787    38.97938    58.43789
   120  H   1.0   0.081   0.999   -23.02820    42.48860    61.84506
   121  H   1.0   0.082   1.008   -22.74474    42.22782    58.59851
   122  H   1.0   0.082   1.002   -17.77476    42.90245    59.20889
   123  H   1.0   0.082   1.003   -18.92183    44.72225    61.76380
   124  H   1.0   0.083   1.007   -22.17026    46.51749    58.42088
   125  H   1.0   0.080   0.998   -17.27587    49.34830    57.99947
   126  H   1.0   0.080   0.997   -18.25853    48.61698    61.09106
   127  H   1.0   0.081   0.999   -20.19928    50.19490    58.81583
   128  H   1.0   0.082   1.003   -17.45918    45.03217    55.25181
   129  H   1.0   0.082   1.003   -19.27520    47.57952    54.13876
   130  H   1.0   0.082   1.001   -23.04899    44.41801    54.11230
   131  H   1.0   0.082   1.001   -20.78888    42.09554    54.35986
   132  H   1.0   0.083   1.005   -19.57000    42.38844    50.46891
   133  H   1.0   0.082   1.002   -18.85002    45.60287    50.63710
   134  H   1.0   0.083   1.008   -23.67071    46.29640    50.12876
   135  H   1.0   0.081   0.998   -23.68960    40.73115    50.20435
   136  H   1.0   0.081   1.000   -24.61368    41.82719    47.12221
   137  H   1.0   0.080   0.999   -26.18404    42.82875    49.94357
   138  H   1.0   0.080   0.997   -21.76964    47.70424    46.28506
   139  H   1.0   0.080   0.997   -23.18316    45.01705    44.89233
   140  H   1.0   0.080   0.998   -20.01031    44.91690    46.00160
 
  Z AO/shell   Hii/eV     exponent
  1     Sat Feb 20 21:38:01 CET 2016    EN: 2.327 GAM: 0.473  GM3: 0.0000
     1s    -13.751157    1.051071
  6     Sat Feb 20 21:38:01 CET 2016    EN: 2.731 GAM: 0.422  GM3: 0.0000
     2s    -19.378245    2.021003
     2p    -11.993376    1.497917
  7     Sat Feb 20 21:38:01 CET 2016    EN: 3.573 GAM: 0.504  GM3: 0.0000
     2s    -21.576984    2.275442
     2p    -16.125120    2.056788
  8     Sat Feb 20 21:38:01 CET 2016    EN: 3.700 GAM: 0.587  GM3: 0.0000
     2s    -21.648843    2.110798
     2p    -17.239740    2.329048
 12     Sat Feb 20 23:25:47 CET 2016    EN: 0.033 GAM: 0.222  GM3: 0.0000
     3s    -12.693633    1.302878
     3p     -8.128821    0.504252
 
 dipole moment of classical point charges (au)
     X       Y       Z   
  -0.0581   0.1357   0.1103  total (Debye):    0.468

 
 Nbf   :          338
 T(el) :   300.0
 calculating S/T integrals ...
 cpu time for ints   0.175460000000000     
 Nao   :          338
 making H0...
 making H1...
 cpu time for H      4.932999999999993E-003
 solving ...
 cpu time for diag   7.328699999999999E-002
 
 gap (eV)           :   1.535
 Koopmans IP (eV)   :  12.096
 Eel (Eh)           :  -268.611555
 T,E(Fermi),NFOD :    300.000   -11.328  0.000000
 T,E(Fermi),NFOD :    300.000   -11.328  0.000000
 Nfod               :  0.0000
 Nfod/Nel           :  0.0000

          eigenvalues
 #    :         164        165        166        167        168        169        170        171
 occ. :        2.000      2.000      2.000      2.000      2.000      2.000      2.000      2.000
 eps  :       -16.219    -16.198    -16.016    -15.861    -15.597    -15.539    -15.389    -15.135
 #    :         172        173        174        175        176        177        178        179
 occ. :        2.000      2.000      2.000      2.000      2.000      0.000      0.000      0.000
 eps  :       -15.018    -15.008    -14.729    -13.198    -12.097    -10.562     -9.784     -9.020
 #    :         180        181        182        183        184        185        186        187
 occ. :        0.000      0.000      0.000      0.000      0.000      0.000      0.000      0.000
 eps  :        -8.415     -8.012     -7.856     -7.751     -7.258     -7.174     -7.140     -7.059
                            1  SCC done.
 making H1...
 cpu time for H      8.859699999999998E-002
 solving ...
 cpu time for diag   3.624999999999995E-002
 
 gap (eV)           :   1.742
 Koopmans IP (eV)   :  12.000
 Eel (Eh)           :  -265.610643
 T,E(Fermi),NFOD :    300.000   -11.129  0.000000
 T,E(Fermi),NFOD :    300.000   -11.129  0.000000
 Nfod               :  0.0000
 Nfod/Nel           :  0.0000

          eigenvalues
 #    :         164        165        166        167        168        169        170        171
 occ. :        2.000      2.000      2.000      2.000      2.000      2.000      2.000      2.000
 eps  :       -15.306    -15.189    -15.176    -14.860    -14.747    -14.655    -14.636    -14.205
 #    :         172        173        174        175        176        177        178        179
 occ. :        2.000      2.000      2.000      2.000      2.000      0.000      0.000      0.000
 eps  :       -14.051    -14.022    -13.727    -12.601    -12.001    -10.259     -9.160     -8.780
 #    :         180        181        182        183        184        185        186        187
 occ. :        0.000      0.000      0.000      0.000      0.000      0.000      0.000      0.000
 eps  :        -8.195     -7.921     -7.780     -7.574     -7.063     -7.036     -7.007     -6.952
                            2  SCC done.
 
 
 Mulliken/CM5 charges    n(s)   n(p)   n(d)   
    1 MG  0.3069  0.7610   0.665  1.028  0.000
    2 C   0.0019  0.0051   1.171  2.827  0.000
    3 C  -0.0291 -0.0700   1.124  2.906  0.000
    4 C  -0.0184 -0.0609   1.114  2.904  0.000
    5 C  -0.0452 -0.0867   1.131  2.914  0.000
    6 N  -0.1547 -0.4104   1.395  3.759  0.000
    7 C   0.0486  0.1155   1.212  2.739  0.000
    8 C  -0.0453 -0.0999   1.217  2.828  0.000
    9 C  -0.0293 -0.0856   1.212  2.818  0.000
   10 C   0.0587  0.1260   1.214  2.727  0.000
   11 C  -0.0814 -0.2284   1.098  2.983  0.000
   12 C  -0.0634 -0.1702   1.159  2.904  0.000
   13 C  -0.0533 -0.1515   1.143  2.911  0.000
   14 C   0.2356  0.2863   1.178  2.586  0.000
   15 O  -0.2636 -0.3161   1.619  4.645  0.000
   16 O  -0.1703 -0.2421   1.510  4.660  0.000
   17 N  -0.2036 -0.4654   1.385  3.819  0.000
   18 C   0.0393  0.1009   1.194  2.766  0.000
   19 C   0.0100  0.0067   1.203  2.787  0.000
   20 C  -0.0687 -0.0635   1.217  2.852  0.000
   21 C   0.0054  0.0574   1.219  2.776  0.000
   22 C  -0.0730 -0.2163   1.086  2.987  0.000
   23 C   0.1720  0.1931   1.181  2.647  0.000
   24 O  -0.2693 -0.3280   1.616  4.654  0.000
   25 C  -0.0774 -0.2190   1.084  2.994  0.000
   26 N  -0.1779 -0.4646   1.401  3.777  0.000
   27 C   0.0254  0.0814   1.228  2.747  0.000
   28 C  -0.0203 -0.0770   1.210  2.810  0.000
   29 C  -0.0417 -0.0980   1.213  2.829  0.000
   30 C   0.0437  0.1086   1.218  2.738  0.000
   31 C  -0.0921 -0.2391   1.104  2.988  0.000
   32 C  -0.0609 -0.1708   1.153  2.908  0.000
   33 C  -0.0937 -0.2447   1.096  2.997  0.000
   34 N  -0.2237 -0.5121   1.393  3.831  0.000
   35 C   0.0227  0.0817   1.184  2.793  0.000
   36 C   0.0146  0.0081   1.184  2.802  0.000
   37 C  -0.0520 -0.0457   1.174  2.878  0.000
   38 C   0.0065  0.0721   1.211  2.782  0.000
   39 C  -0.0712 -0.2151   1.066  3.005  0.000
   40 C   0.1594  0.1932   1.178  2.663  0.000
   41 O  -0.2383 -0.2823   1.628  4.610  0.000
   42 C  -0.0423 -0.0847   1.198  2.844  0.000
   43 C   0.2392  0.2952   1.178  2.583  0.000
   44 O  -0.2411 -0.2874   1.620  4.621  0.000
   45 O  -0.1817 -0.2668   1.486  4.696  0.000
   46 C   0.0102 -0.1131   1.100  2.890  0.000
   47 C   0.0408 -0.0405   1.147  2.812  0.000
   48 C  -0.0857 -0.1432   1.172  2.914  0.000
   49 C  -0.0056 -0.0305   1.213  2.793  0.000
   50 C  -0.0957 -0.2408   1.083  3.012  0.000
   51 C  -0.0641 -0.1710   1.143  2.921  0.000
   52 C  -0.0469 -0.1577   1.144  2.903  0.000
   53 C  -0.0594 -0.1696   1.153  2.907  0.000
   54 C  -0.0262 -0.0992   1.205  2.821  0.000
   55 C  -0.1089 -0.2611   1.101  3.008  0.000
   56 C  -0.0778 -0.1889   1.167  2.911  0.000
   57 C  -0.0690 -0.1810   1.158  2.911  0.000
   58 C  -0.0743 -0.1836   1.166  2.908  0.000
   59 C  -0.0201 -0.0916   1.217  2.803  0.000
   60 C  -0.1074 -0.2579   1.104  3.004  0.000
   61 C  -0.0736 -0.1830   1.165  2.908  0.000
   62 C  -0.0823 -0.1959   1.165  2.918  0.000
   63 C  -0.0725 -0.1832   1.161  2.912  0.000
   64 C  -0.0126 -0.0860   1.203  2.810  0.000
   65 C  -0.0956 -0.2452   1.099  2.997  0.000
   66 C  -0.0989 -0.2481   1.108  2.991  0.000
   67 H   0.0451  0.1044   0.955  0.000  0.000
   68 H   0.0584  0.1185   0.942  0.000  0.000
   69 H   0.0608  0.1195   0.939  0.000  0.000
   70 H   0.0498  0.1133   0.950  0.000  0.000
   71 H   0.0527  0.1147   0.947  0.000  0.000
   72 H   0.0408  0.0929   0.959  0.000  0.000
   73 H   0.0431  0.0943   0.957  0.000  0.000
   74 H   0.0336  0.0877   0.966  0.000  0.000
   75 H   0.0428  0.0994   0.957  0.000  0.000
   76 H   0.0376  0.0975   0.962  0.000  0.000
   77 H   0.0658  0.1269   0.934  0.000  0.000
   78 H   0.0394  0.1011   0.961  0.000  0.000
   79 H   0.0536  0.1114   0.946  0.000  0.000
   80 H   0.0469  0.0990   0.953  0.000  0.000
   81 H   0.0461  0.1003   0.954  0.000  0.000
   82 H   0.0483  0.1040   0.952  0.000  0.000
   83 H   0.0619  0.1183   0.938  0.000  0.000
   84 H   0.0551  0.1141   0.945  0.000  0.000
   85 H   0.0535  0.1138   0.947  0.000  0.000
   86 H   0.0456  0.1072   0.954  0.000  0.000
   87 H   0.0369  0.0913   0.963  0.000  0.000
   88 H   0.0416  0.0933   0.958  0.000  0.000
   89 H   0.0336  0.0848   0.966  0.000  0.000
   90 H   0.0366  0.0951   0.963  0.000  0.000
   91 H   0.0390  0.0955   0.961  0.000  0.000
   92 H   0.0391  0.0900   0.961  0.000  0.000
   93 H   0.0342  0.0851   0.966  0.000  0.000
   94 H   0.0263  0.0777   0.974  0.000  0.000
   95 H   0.0441  0.1008   0.956  0.000  0.000
   96 H   0.0540  0.1055   0.946  0.000  0.000
   97 H   0.0495  0.1024   0.950  0.000  0.000
   98 H   0.0532  0.1205   0.947  0.000  0.000
   99 H   0.0488  0.1086   0.951  0.000  0.000
  100 H   0.0542  0.1153   0.946  0.000  0.000
  101 H   0.0487  0.1094   0.951  0.000  0.000
  102 H   0.0630  0.1245   0.937  0.000  0.000
  103 H   0.0715  0.1377   0.928  0.000  0.000
  104 H   0.0322  0.0899   0.968  0.000  0.000
  105 H   0.0384  0.0906   0.962  0.000  0.000
  106 H   0.0412  0.0955   0.959  0.000  0.000
  107 H   0.0395  0.0958   0.961  0.000  0.000
  108 H   0.0337  0.0910   0.966  0.000  0.000
  109 H   0.0377  0.0939   0.962  0.000  0.000
  110 H   0.0325  0.0886   0.968  0.000  0.000
  111 H   0.0376  0.0943   0.962  0.000  0.000
  112 H   0.0372  0.0961   0.963  0.000  0.000
  113 H   0.0379  0.0940   0.962  0.000  0.000
  114 H   0.0300  0.0902   0.970  0.000  0.000
  115 H   0.0328  0.0844   0.967  0.000  0.000
  116 H   0.0284  0.0821   0.972  0.000  0.000
  117 H   0.0310  0.0828   0.969  0.000  0.000
  118 H   0.0309  0.0894   0.969  0.000  0.000
  119 H   0.0353  0.0908   0.965  0.000  0.000
  120 H   0.0406  0.0944   0.959  0.000  0.000
  121 H   0.0303  0.0886   0.970  0.000  0.000
  122 H   0.0326  0.0889   0.967  0.000  0.000
  123 H   0.0317  0.0880   0.968  0.000  0.000
  124 H   0.0380  0.0974   0.962  0.000  0.000
  125 H   0.0276  0.0796   0.972  0.000  0.000
  126 H   0.0406  0.0923   0.959  0.000  0.000
  127 H   0.0301  0.0822   0.970  0.000  0.000
  128 H   0.0271  0.0835   0.973  0.000  0.000
  129 H   0.0382  0.0946   0.962  0.000  0.000
  130 H   0.0233  0.0793   0.977  0.000  0.000
  131 H   0.0299  0.0853   0.970  0.000  0.000
  132 H   0.0285  0.0855   0.972  0.000  0.000
  133 H   0.0379  0.0941   0.962  0.000  0.000
  134 H   0.0383  0.0975   0.962  0.000  0.000
  135 H   0.0412  0.0936   0.959  0.000  0.000
  136 H   0.0346  0.0879   0.965  0.000  0.000
  137 H   0.0322  0.0843   0.968  0.000  0.000
  138 H   0.0349  0.0860   0.965  0.000  0.000
  139 H   0.0388  0.0902   0.961  0.000  0.000
  140 H   0.0308  0.0832   0.969  0.000  0.000
 Hirshfeld charges for QMDFF written to <charges>
 
 Loewdin charges    n(s)   n(p)   n(d)
    1 MG  0.1443   0.677  1.179  0.000
    2 C   0.0035   1.130  2.867  0.000
    3 C  -0.0277   1.072  2.956  0.000
    4 C  -0.0150   1.060  2.955  0.000
    5 C  -0.0413   1.078  2.963  0.000
    6 N  -0.1190   1.349  3.770  0.000
    7 C   0.0498   1.175  2.775  0.000
    8 C  -0.0396   1.171  2.869  0.000
    9 C  -0.0206   1.165  2.856  0.000
   10 C   0.0608   1.177  2.762  0.000
   11 C  -0.0822   1.026  3.057  0.000
   12 C  -0.0587   1.101  2.957  0.000
   13 C  -0.0528   1.083  2.969  0.000
   14 C   0.2125   1.152  2.636  0.000
   15 O  -0.2467   1.586  4.661  0.000
   16 O  -0.1413   1.480  4.661  0.000
   17 N  -0.1739   1.345  3.829  0.000
   18 C   0.0413   1.156  2.803  0.000
   19 C   0.0173   1.161  2.822  0.000
   20 C  -0.0752   1.181  2.894  0.000
   21 C   0.0112   1.180  2.809  0.000
   22 C  -0.0733   1.012  3.061  0.000
   23 C   0.1709   1.142  2.687  0.000
   24 O  -0.2537   1.584  4.670  0.000
   25 C  -0.0824   1.009  3.074  0.000
   26 N  -0.1370   1.354  3.783  0.000
   27 C   0.0285   1.191  2.780  0.000
   28 C  -0.0114   1.163  2.848  0.000
   29 C  -0.0355   1.167  2.869  0.000
   30 C   0.0463   1.182  2.772  0.000
   31 C  -0.0941   1.032  3.062  0.000
   32 C  -0.0560   1.094  2.962  0.000
   33 C  -0.0954   1.024  3.071  0.000
   34 N  -0.1923   1.351  3.841  0.000
   35 C   0.0237   1.144  2.832  0.000
   36 C   0.0254   1.139  2.836  0.000
   37 C  -0.0605   1.137  2.924  0.000
   38 C   0.0118   1.172  2.816  0.000
   39 C  -0.0726   0.991  3.082  0.000
   40 C   0.1526   1.143  2.704  0.000
   41 O  -0.2226   1.597  4.625  0.000
   42 C  -0.0436   1.151  2.893  0.000
   43 C   0.2143   1.152  2.634  0.000
   44 O  -0.2243   1.588  4.637  0.000
   45 O  -0.1493   1.453  4.696  0.000
   46 C   0.0039   1.029  2.967  0.000
   47 C   0.0441   1.089  2.867  0.000
   48 C  -0.0876   1.124  2.963  0.000
   49 C   0.0085   1.169  2.823  0.000
   50 C  -0.0995   1.010  3.089  0.000
   51 C  -0.0621   1.084  2.978  0.000
   52 C  -0.0407   1.084  2.956  0.000
   53 C  -0.0558   1.095  2.961  0.000
   54 C  -0.0161   1.158  2.858  0.000
   55 C  -0.1134   1.031  3.082  0.000
   56 C  -0.0760   1.110  2.966  0.000
   57 C  -0.0644   1.100  2.964  0.000
   58 C  -0.0720   1.110  2.962  0.000
   59 C  -0.0089   1.170  2.839  0.000
   60 C  -0.1115   1.033  3.078  0.000
   61 C  -0.0706   1.109  2.962  0.000
   62 C  -0.0785   1.108  2.971  0.000
   63 C  -0.0697   1.104  2.966  0.000
   64 C  -0.0000   1.154  2.846  0.000
   65 C  -0.0993   1.028  3.072  0.000
   66 C  -0.1015   1.037  3.064  0.000
   67 H   0.0408   0.959  0.000  0.000
   68 H   0.0538   0.946  0.000  0.000
   69 H   0.0546   0.945  0.000  0.000
   70 H   0.0437   0.956  0.000  0.000
   71 H   0.0455   0.955  0.000  0.000
   72 H   0.0400   0.960  0.000  0.000
   73 H   0.0422   0.958  0.000  0.000
   74 H   0.0339   0.966  0.000  0.000
   75 H   0.0401   0.960  0.000  0.000
   76 H   0.0349   0.965  0.000  0.000
   77 H   0.0631   0.937  0.000  0.000
   78 H   0.0361   0.964  0.000  0.000
   79 H   0.0509   0.949  0.000  0.000
   80 H   0.0463   0.954  0.000  0.000
   81 H   0.0446   0.955  0.000  0.000
   82 H   0.0479   0.952  0.000  0.000
   83 H   0.0610   0.939  0.000  0.000
   84 H   0.0524   0.948  0.000  0.000
   85 H   0.0475   0.952  0.000  0.000
   86 H   0.0401   0.960  0.000  0.000
   87 H   0.0377   0.962  0.000  0.000
   88 H   0.0412   0.959  0.000  0.000
   89 H   0.0337   0.966  0.000  0.000
   90 H   0.0340   0.966  0.000  0.000
   91 H   0.0373   0.963  0.000  0.000
   92 H   0.0386   0.961  0.000  0.000
   93 H   0.0347   0.965  0.000  0.000
   94 H   0.0267   0.973  0.000  0.000
   95 H   0.0423   0.958  0.000  0.000
   96 H   0.0531   0.947  0.000  0.000
   97 H   0.0482   0.952  0.000  0.000
   98 H   0.0456   0.954  0.000  0.000
   99 H   0.0447   0.955  0.000  0.000
  100 H   0.0499   0.950  0.000  0.000
  101 H   0.0453   0.955  0.000  0.000
  102 H   0.0557   0.944  0.000  0.000
  103 H   0.0626   0.937  0.000  0.000
  104 H   0.0267   0.973  0.000  0.000
  105 H   0.0381   0.962  0.000  0.000
  106 H   0.0405   0.960  0.000  0.000
  107 H   0.0391   0.961  0.000  0.000
  108 H   0.0309   0.969  0.000  0.000
  109 H   0.0350   0.965  0.000  0.000
  110 H   0.0293   0.971  0.000  0.000
  111 H   0.0344   0.966  0.000  0.000
  112 H   0.0350   0.965  0.000  0.000
  113 H   0.0350   0.965  0.000  0.000
  114 H   0.0246   0.975  0.000  0.000
  115 H   0.0333   0.967  0.000  0.000
  116 H   0.0299   0.970  0.000  0.000
  117 H   0.0321   0.968  0.000  0.000
  118 H   0.0297   0.970  0.000  0.000
  119 H   0.0334   0.967  0.000  0.000
  120 H   0.0373   0.963  0.000  0.000
  121 H   0.0292   0.971  0.000  0.000
  122 H   0.0304   0.970  0.000  0.000
  123 H   0.0296   0.970  0.000  0.000
  124 H   0.0323   0.968  0.000  0.000
  125 H   0.0287   0.971  0.000  0.000
  126 H   0.0408   0.959  0.000  0.000
  127 H   0.0307   0.969  0.000  0.000
  128 H   0.0248   0.975  0.000  0.000
  129 H   0.0358   0.964  0.000  0.000
  130 H   0.0220   0.978  0.000  0.000
  131 H   0.0280   0.972  0.000  0.000
  132 H   0.0265   0.974  0.000  0.000
  133 H   0.0359   0.964  0.000  0.000
  134 H   0.0325   0.968  0.000  0.000
  135 H   0.0410   0.959  0.000  0.000
  136 H   0.0350   0.965  0.000  0.000
  137 H   0.0322   0.968  0.000  0.000
  138 H   0.0346   0.965  0.000  0.000
  139 H   0.0389   0.961  0.000  0.000
  140 H   0.0310   0.969  0.000  0.000
 
 Wiberg/Mayer (AO) data. WBOs > 0.1 written file <wbo>
 largest (>0.05) Wiberg bond orders for each atom
           total WBO             WBO to atom ...
     1  MG  2.526    N   34 0.543    N   17 0.536    N   26 0.403    N    6 0.321    C   38 0.056    C   21 0.055    C   18 0.051    C   30 0.051
     2  C   3.901    C    7 1.364    C   38 1.270    C   42 0.939
     3  C   3.912    C   10 1.431    C   18 1.237    H   67 0.940
     4  C   3.946    C   27 1.401    C   21 1.364    H   68 0.923
     5  C   3.912    C   30 1.374    C   35 1.310    H   69 0.936
     6  N   3.331    C   10 1.284    C    7 1.274    MG   1 0.321
     7  C   3.876    C    2 1.364    N    6 1.274    C    8 0.949
     8  C   3.926    C    7 0.949    C   12 0.942    H   70 0.939    C    9 0.935
     9  C   3.930    C   11 0.981    H   71 0.945    C    8 0.935    C   10 0.913
    10  C   3.863    C    3 1.431    N    6 1.284    C    9 0.913
    11  C   3.971    H   74 0.981    C    9 0.981    H   73 0.977    H   72 0.974
    12  C   3.942    C   13 0.974    H   76 0.964    H   75 0.962    C    8 0.942
    13  C   3.960    C   12 0.974    H   78 0.964    C   14 0.937    H   77 0.934    O   15 0.082
    14  C   3.892    O   15 1.860    O   16 1.055    C   13 0.937
    15  O   2.162    C   14 1.860    O   16 0.164    C   13 0.082
    16  O   2.266    C   14 1.055    C   47 0.937    O   15 0.164
    17  N   3.334    C   18 1.195    C   21 1.129    MG   1 0.536    C   20 0.071    C   27 0.054
    18  C   3.866    C    3 1.237    N   17 1.195    C   19 1.179    MG   1 0.051
    19  C   3.881    C   20 1.492    C   18 1.179    C   22 0.970
    20  C   3.885    C   19 1.492    C   21 1.063    C   23 0.963    O   24 0.077    N   17 0.071
    21  C   3.846    C    4 1.364    N   17 1.129    C   20 1.063    MG   1 0.055    N   26 0.053
    22  C   3.978    H   80 0.979    H   81 0.971    C   19 0.970    H   79 0.969
    23  C   3.896    O   24 1.807    C   25 1.024    C   20 0.963
    24  O   2.126    C   23 1.807    C   20 0.077    C   25 0.064
    25  C   3.988    C   23 1.024    H   82 0.963    H   84 0.957    H   83 0.934    O   24 0.064
    26  N   3.347    C   30 1.290    C   27 1.208    MG   1 0.403    C   21 0.053
    27  C   3.830    C    4 1.401    N   26 1.208    C   28 0.927    N   17 0.054
    28  C   3.930    C   31 0.966    C   29 0.944    H   85 0.942    C   27 0.927
    29  C   3.929    C   32 0.960    C   28 0.944    H   86 0.941    C   30 0.922
    30  C   3.857    C    5 1.374    N   26 1.290    C   29 0.922    MG   1 0.051
    31  C   3.963    H   89 0.978    H   87 0.976    H   88 0.975    C   28 0.966
    32  C   3.953    C   33 0.995    H   90 0.965    H   91 0.961    C   29 0.960
    33  C   3.977    C   32 0.995    H   94 0.987    H   92 0.981    H   93 0.979
    34  N   3.308    C   38 1.188    C   35 1.115    MG   1 0.543    C   37 0.060
    35  C   3.887    C    5 1.310    C   36 1.212    N   34 1.115
    36  C   3.873    C   37 1.351    C   35 1.212    C   39 1.021    O   41 0.058
    37  C   3.903    C   36 1.351    C   38 1.120    C   40 1.105    O   41 0.069    N   34 0.060
    38  C   3.882    C    2 1.270    N   34 1.188    C   37 1.120    MG   1 0.056
    39  C   3.980    C   36 1.021    H   95 0.969    H   96 0.963    H   97 0.953
    40  C   3.900    O   41 1.799    C   37 1.105    C   42 0.856
    41  O   2.149    C   40 1.799    C   42 0.089    C   37 0.069    C   36 0.058
    42  C   3.940    C    2 0.939    H   98 0.933    C   43 0.907    C   40 0.856    O   41 0.089    O   44 0.074
    43  C   3.890    O   44 1.873    O   45 1.040    C   42 0.907
    44  O   2.178    C   43 1.873    O   45 0.163    C   42 0.074
    45  O   2.253    C   43 1.040    C   46 0.974    O   44 0.163
    46  C   3.946    H  101 0.990    H   99 0.986    H  100 0.982    O   45 0.974
    47  C   3.931    C   48 0.982    H  102 0.968    H  103 0.963    O   16 0.937
    48  C   3.944    C   49 1.890    C   47 0.982    H  104 0.937
    49  C   3.937    C   48 1.890    C   50 0.987    C   51 0.967
    50  C   3.990    C   49 0.987    H  105 0.975    H  107 0.974    H  106 0.967
    51  C   3.965    C   49 0.967    H  109 0.966    H  108 0.964    C   52 0.960
    52  C   3.968    C   53 1.004    H  110 0.966    H  111 0.965    C   51 0.960
    53  C   3.964    C   52 1.004    H  113 0.961    H  112 0.961    C   54 0.952
    54  C   3.940    C   55 1.001    C   56 0.969    H  114 0.953    C   53 0.952
    55  C   3.976    C   54 1.001    H  116 0.978    H  115 0.972    H  117 0.971
    56  C   3.954    C   57 0.973    C   54 0.969    H  119 0.963    H  118 0.961
    57  C   3.956    C   58 0.985    C   56 0.973    H  120 0.967    H  121 0.966
    58  C   3.959    C   57 0.985    H  122 0.967    H  123 0.967    C   59 0.958
    59  C   3.931    C   60 0.983    C   61 0.966    C   58 0.958    H  124 0.956
    60  C   3.975    C   59 0.983    H  125 0.980    H  127 0.980    H  126 0.973
    61  C   3.958    C   62 0.976    H  128 0.973    C   59 0.966    H  129 0.963
    62  C   3.958    C   61 0.976    H  131 0.974    C   63 0.971    H  130 0.971
    63  C   3.958    C   64 0.982    C   62 0.971    H  132 0.967    H  133 0.959
    64  C   3.940    C   65 0.992    C   63 0.982    C   66 0.970    H  134 0.957
    65  C   3.983    C   64 0.992    H  137 0.982    H  136 0.979    H  135 0.977
    66  C   3.978    H  140 0.984    H  138 0.984    H  139 0.978    C   64 0.970
    67  H   0.995    C    3 0.940
    68  H   0.993    C    4 0.923
    69  H   0.993    C    5 0.936
    70  H   0.995    C    8 0.939
    71  H   0.995    C    9 0.945
    72  H   0.996    C   11 0.974
    73  H   0.996    C   11 0.977
    74  H   0.999    C   11 0.981
    75  H   0.996    C   12 0.962
    76  H   0.996    C   12 0.964
    77  H   0.995    C   13 0.934
    78  H   0.998    C   13 0.964
    79  H   0.994    C   22 0.969
    80  H   0.996    C   22 0.979
    81  H   0.995    C   22 0.971
    82  H   0.997    C   25 0.963
    83  H   0.995    C   25 0.934
    84  H   0.994    C   25 0.957
    85  H   0.995    C   28 0.942
    86  H   0.995    C   29 0.941
    87  H   0.998    C   31 0.976
    88  H   0.995    C   31 0.975
    89  H   0.997    C   31 0.978
    90  H   0.998    C   32 0.965
    91  H   0.997    C   32 0.961
    92  H   0.997    C   33 0.981
    93  H   0.999    C   33 0.979
    94  H   0.999    C   33 0.987
    95  H   0.995    C   39 0.969
    96  H   0.991    C   39 0.963
    97  H   0.990    C   39 0.953
    98  H   0.993    C   42 0.933
    99  H   0.998    C   46 0.986
   100  H   0.997    C   46 0.982
   101  H   0.997    C   46 0.990
   102  H   0.996    C   47 0.968
   103  H   0.995    C   47 0.963
   104  H   0.999    C   48 0.937
   105  H   0.998    C   50 0.975
   106  H   0.998    C   50 0.967
   107  H   0.998    C   50 0.974
   108  H   0.999    C   51 0.964
   109  H   0.998    C   51 0.966
   110  H   0.997    C   52 0.966
   111  H   0.999    C   52 0.965
   112  H   0.998    C   53 0.961
   113  H   0.996    C   53 0.961
   114  H   0.999    C   54 0.953
   115  H   0.999    C   55 0.972
   116  H   0.999    C   55 0.978
   117  H   0.998    C   55 0.971
   118  H   0.998    C   56 0.961
   119  H   0.999    C   56 0.963
   120  H   0.998    C   57 0.967
   121  H   0.999    C   57 0.966
   122  H   0.999    C   58 0.967
   123  H   0.998    C   58 0.967
   124  H   0.999    C   59 0.956
   125  H   0.999    C   60 0.980
   126  H   0.997    C   60 0.973
   127  H   0.998    C   60 0.980
   128  H   0.999    C   61 0.973
   129  H   0.998    C   61 0.963
   130  H   0.999    C   62 0.971
   131  H   0.999    C   62 0.974
   132  H   0.999    C   63 0.967
   133  H   0.998    C   63 0.959
   134  H   0.999    C   64 0.957
   135  H   0.998    C   65 0.977
   136  H   0.999    C   65 0.979
   137  H   0.999    C   65 0.982
   138  H   0.999    C   66 0.984
   139  H   0.998    C   66 0.978
   140  H   0.999    C   66 0.984
 
 --------------------------------------------
          xTB calculation for sTDA...
 --------------------------------------------
 
 reading parameter file ~/.param_stda2.xtb
 
      method parameters     
 k(s)        :  1.6000
 k(p)        :  2.1800
 k(d)        :  1.9500
 k(f)        :  2.0000
 k(R-V)      :  2.2750
 k(R-R)      :  1.7650
 Tscal       :  0.2580
 Gscal       :  1.0000
 fpol        :  1.0000
 Zcnf        :  0.3430
 Zqf         :  0.0000
 kcn         :  2.7000
 Ryd Hsplit  :  0.7000
 lshift(virt):  3.1000
 lshift(OS)  :  0.2000
 wllscaling  :  2.6000
 
 mowrcut     : 3.000
 
  Z AO/shell   Hii/eV     exponent
  1     Sun Feb 14 09:53:25 CET 2016    EN: 2.327 GAM: 0.473  GM3: 0.0000
     1s    -14.339618    1.220000
     2sp    -3.348946    0.600000
  6     Sun Feb 14 09:53:25 CET 2016    EN: 2.731 GAM: 0.422  GM3: 0.0000
     2s    -22.009312    1.565095
     2p    -13.020408    1.596905
     3sp    -3.914040    0.824500
  7     Sun Feb 14 09:53:25 CET 2016    EN: 3.573 GAM: 0.504  GM3: 0.0000
     2s    -25.722000    2.064844
     2p    -18.684912    1.801692
     3sp    -4.344791    0.921400
  8     Sun Feb 14 09:53:25 CET 2016    EN: 3.700 GAM: 0.587  GM3: 0.0000
     2s    -33.859000    2.418661
     2p    -22.175911    1.973969
     3sp    -4.259392    1.013700
 12     Sun Feb 21 16:58:31 CET 2016    EN: 0.033 GAM: 0.222  GM3: 0.0000
     3s    -11.092543    1.647583
     3p     -6.929529    0.855020
 
 Nbf   :          894
 T(el) :     0.0
 calculating S/T integrals ...
 cpu time for ints    1.32017400000000     
 Nao   :          894
 making H0...
 making H1...
 cpu time for H      2.200800000000003E-002
 solving ...
 cpu time for diag   0.275591000000000     
 
 gap (eV)           :   4.807
 Koopmans IP (eV)   :  13.310
 Eel (Eh)           :  -300.804226

          eigenvalues
 #    :         164        165        166        167        168        169        170        171
 occ. :        2.000      2.000      2.000      2.000      2.000      2.000      2.000      2.000
 eps  :       -17.425    -17.297    -16.985    -16.245    -16.207    -16.102    -16.027    -15.771
 #    :         172        173        174        175        176        177        178        179
 occ. :        2.000      2.000      2.000      2.000      2.000      0.000      0.000      0.000
 eps  :       -15.593    -15.562    -15.227    -13.937    -13.312     -8.504     -7.031     -6.819
 #    :         180        181        182        183        184        185        186        187
 occ. :        0.000      0.000      0.000      0.000      0.000      0.000      0.000      0.000
 eps  :        -6.275     -5.908     -5.671     -5.374     -5.255     -5.096     -5.028     -4.968
                            1  SCC done.
 writing mo output ...
 molden style : F
 
speedup  1.20
cpu  time for all    2.18 s
wall time for all    1.81 s
