cpu-bind=MASK - bp1-compute174, task 4294967295 4294967295 [0]: mask 0xffffff00ffffff set
Host:    bp1-compute174.data.bp.acrc.priv
Time:    Wed Apr 27 13:06:15 BST 2022
Dir:     /user/home/of15641/chlorophyll_parameterization/tddft_data/step_1201_chromophore_16
Job ID:  1658189
Nodelist:
cat: bp1-compute174: No such file or directory
  
Result dir: /user/home/of15641/chlorophyll_parameterization/tddft_data/step_1201_chromophore_16
running gaussian jobs
Running time g16 < CAMB3LYP_step_1201_chromophore_16.com > CAMB3LYP_step_1201_chromophore_16.log

real	26m6.997s
user	614m8.612s
sys	0m28.333s
Running time g16 < PBE0_step_1201_chromophore_16.com > PBE0_step_1201_chromophore_16.log

real	15m10.990s
user	362m25.537s
sys	0m20.765s
Running time g16 < wB97XD_step_1201_chromophore_16.com > wB97XD_step_1201_chromophore_16.log

real	26m47.353s
user	630m13.029s
sys	0m28.942s
Running time g16 < BLYP_step_1201_chromophore_16.com > BLYP_step_1201_chromophore_16.log

real	11m0.574s
user	262m27.157s
sys	0m23.500s
Running time g16 < ZINDO_step_1201_chromophore_16.com > ZINDO_step_1201_chromophore_16.log

real	0m10.101s
user	3m43.840s
sys	0m2.703s
