cpu-bind=MASK - bp1-compute036, task 4294967295 4294967295 [0]: mask 0xffffffffffff set
Host:    bp1-compute036.data.bp.acrc.priv
Time:    Wed May  4 01:48:06 BST 2022
Dir:     /user/home/of15641/chlorophyll_parameterization/tddft_data/step_1251_chromophore_6
Job ID:  1692072
Nodelist:
cat: bp1-compute036: No such file or directory
  
Result dir: /user/home/of15641/chlorophyll_parameterization/tddft_data/step_1251_chromophore_6
running gaussian jobs
Running time g16 < CAMB3LYP_step_1251_chromophore_6.com > CAMB3LYP_step_1251_chromophore_6.log

real	28m34.879s
user	673m8.126s
sys	0m29.002s
Running time g16 < PBE0_step_1251_chromophore_6.com > PBE0_step_1251_chromophore_6.log

real	18m6.915s
user	432m40.612s
sys	0m21.903s
Running time g16 < wB97XD_step_1251_chromophore_6.com > wB97XD_step_1251_chromophore_6.log

real	30m25.607s
user	717m31.282s
sys	0m30.490s
Running time g16 < BLYP_step_1251_chromophore_6.com > BLYP_step_1251_chromophore_6.log

real	12m5.221s
user	288m21.658s
sys	0m22.475s
Running time g16 < ZINDO_step_1251_chromophore_6.com > ZINDO_step_1251_chromophore_6.log

real	0m8.839s
user	3m12.069s
sys	0m3.500s
