 
        ______________________________________
       |                                      |
       |          ===================         |
       |             xTB for sTDA             |
       |          ===================         |
       |               S. Grimme              |
       |        Universitaet Bonn, MCTC       |
       |         2015-19, Version 1.0         |
       |     Wed Apr  3 09:14:55 CEST 2019    |
       |______________________________________|
 
        This code comes without any warranty
        for non-commercial, academia use only.
        Preliminary test version.
        Cite this work as:
        S. Grimme  &  C. Bannwarth, JCP 145 (2016) 054103
        if GBSA is used additionally:
        P. Shushkov, F. März, C. Bannwarth, S. Grimme, unpublished.
 
        with help from
        P. Shushkov, G. Brandenburg, S. Dohm, J. Pisarek,
        F. März, M. Checinski, S. Ehrlich, S. Spicher, 
        P. Pracht, E. Caldeweyher, S. Ehlert, and C. Bannwarth.
 
        usage        :
        xtb4stda <coord_file> [options]
        where <coord_file> is a valid file of TM)
        (*coord, Bohr) or xmol (*xyz, Angstroem)
        format.

        options:
        -chrg <int>   : molecular charge
        -uhf  <int>   : # of unpaired electrons(=2*S)
        -nox          : skip second, extended part in sTDA-xTB
        -pop          : do population analysis
                      : (default for -nox)
        -mowr <real>  : cut MO write above (def.3 Eh)
        -molden       : write formatted molden file
        -parx <file>  : read parameters for sTDA-xTB
                        calc (def:~/.param_stda2.xtb)
        -parv <file>  : read parameters for vTB part in
                        sTDA-xTB (def: ~/.param_stda1.xtb)
        -xtemp <real> : el. temp for xTB (def. 0 K)
        -etemp <real> : el. temp for GFN (def. 300 K)
        -fod          : calculate the FOD and write
                        molden.input file with
                        appropriate occupations
                        for plotting. Def. T=12500 K
 
        -acc <real>   : xTB accuracy (def. 1.0)
        -gbsa [string1] [string2]
                        use GBSA implicit solvent
                        for solvent [string1] and
                        solvation state [string2]=
                        reference, bar1M (default=1M)
        additional GFN/opt/MD/siman options read from
        $XTB4STDAHOME/.xtb4stdarc or $set in input
 
       spin and charge state information can be on:
       <.CHRG> (charge) and <.UHF> (=nalpha-nbeta)
       -uhf and -chrg override the file info.
       useful machine settings:
       setenv MKL_NUM_THREADS <NCORE_ON_YOUR_MACHINE>
       setenv OMP_STACKSIZE 500m
       limit stacksize unlimited
 
       total energies in Eh, gaps/HL energies in eV
       please read REVISION and HOWTO files carefully
 =============================
  # OMP threads =           4
 =============================
 
 xtb4stdahome directory:~/
 
 
 name of molecule           :
 comment line               :
 number of atoms            :   140
 number of electrons        :   352
 charge                     :  0
 spin                       : 0.0
 first test random number   :  0.5831
 
 -----------------------------------------
      charge density (VTB) calculation
 -----------------------------------------
 
      method parameters     
 k(s)        :  1.8000
 k(p)        :  2.8350
 k(d)        :  2.0860
 k(f)        :  2.0000
 Tscal       :  0.3300
 Gscal       :  0.3910
 fpol        :  1.0000
 Zcnf        :  0.6500
 Zqf         :  0.0000
 kcn         :  0.3000
 kEN1        : -0.5900
 wllscal     :  2.6000
 
     -------------------------
     ! NO SOLVENT MODEL USED !
     -------------------------
 
 doing EN charges ...
 sum q : -0.2664535D-14
 point charge moment (au)
     X       Y       Z   
  -0.0488  -0.1533  -0.0452  total (Debye):    0.425
 
            Z      q(EN)   CN      Cart. coordinates
     1  MG  2.0   0.867   4.775   -15.98897    77.22554    80.90295
     2  C   4.0   0.022   3.284   -14.34113    71.03669    79.44786
     3  C   4.0  -0.058   3.145   -10.93017    79.26455    77.08570
     4  C   4.0  -0.060   3.183   -18.32089    82.90039    81.34514
     5  C   4.0  -0.055   3.126   -22.06255    74.81425    83.12338
     6  N   5.0  -0.372   3.145   -13.05234    75.36983    78.53134
     7  C   4.0   0.105   3.379   -12.76510    72.82437    78.39528
     8  C   4.0  -0.099   4.224   -10.59002    72.25367    76.66996
     9  C   4.0  -0.094   4.138    -9.29556    74.81803    76.06147
    10  C   4.0   0.101   3.364   -11.19663    76.60949    77.26900
    11  C   4.0  -0.237   4.023    -6.54223    75.13550    77.15184
    12  C   4.0  -0.163   4.097   -11.38938    70.84016    74.21899
    13  C   4.0  -0.170   4.063    -9.73209    68.61973    73.54813
    14  C   4.0   0.175   3.110    -8.11070    69.23389    71.29369
    15  O   6.0  -0.101   1.041    -6.07169    70.30158    71.25401
    16  O   6.0  -0.115   2.043    -9.30312    68.41942    69.10728
    17  N   5.0  -0.439   3.199   -14.45829    80.61949    79.72376
    18  C   4.0   0.100   3.404   -12.65927    81.11271    78.03623
    19  C   4.0   0.011   3.261   -12.53644    83.86415    77.62427
    20  C   4.0   0.006   3.208   -14.52821    85.03011    78.95275
    21  C   4.0   0.056   3.469   -15.93228    82.81157    80.08281
    22  C   4.0  -0.246   4.026   -10.24420    84.97909    76.28635
    23  C   4.0   0.115   3.046   -15.02899    87.91572    78.85637
    24  O   6.0  -0.107   1.066   -13.78933    89.39160    77.59971
    25  C   4.0  -0.251   4.045   -17.19084    89.01743    80.23020
    26  N   5.0  -0.406   3.146   -19.62102    78.61827    82.19174
    27  C   4.0   0.091   3.429   -19.94795    81.15995    82.27489
    28  C   4.0  -0.096   4.149   -22.51419    81.94797    83.32936
    29  C   4.0  -0.093   4.145   -23.69338    79.37038    84.12115
    30  C   4.0   0.112   3.351   -21.67516    77.43152    83.03456
    31  C   4.0  -0.238   4.043   -22.47451    83.85659    85.47230
    32  C   4.0  -0.162   4.029   -26.46183    78.96220    83.23298
    33  C   4.0  -0.238   4.000   -28.53675    78.06269    85.08680
    34  N   5.0  -0.415   3.228   -17.84279    73.69742    81.32247
    35  C   4.0   0.069   3.464   -20.18227    73.00200    82.33347
    36  C   4.0   0.020   3.233   -20.37503    70.26001    82.41095
    37  C   4.0  -0.002   3.483   -18.05633    69.49467    81.37727
    38  C   4.0   0.089   3.701   -16.58423    71.62628    80.72342
    39  C   4.0  -0.247   4.024   -22.61624    68.76146    83.19896
    40  C   4.0   0.106   3.198   -16.85447    67.22889    80.58169
    41  O   6.0  -0.094   1.040   -17.49508    64.99523    80.64217
    42  C   4.0  -0.116   4.244   -14.36381    68.21344    79.20975
    43  C   4.0   0.175   3.133   -12.23031    67.02102    80.77445
    44  O   6.0  -0.107   1.044   -12.16606    67.14385    83.05157
    45  O   6.0  -0.104   2.014   -10.60892    65.66231    79.16818
    46  C   4.0  -0.200   4.005    -8.32802    64.47367    80.30012
    47  C   4.0  -0.132   4.060    -7.80457    68.50446    66.80181
    48  C   4.0  -0.056   3.077    -9.19730    67.63518    64.40753
    49  C   4.0   0.019   3.063   -11.15505    68.72933    63.14519
    50  C   4.0  -0.251   4.050   -12.13204    71.31826    63.69699
    51  C   4.0  -0.174   4.073   -12.37393    67.55203    60.74524
    52  C   4.0  -0.165   4.070   -10.76010    67.65975    58.32450
    53  C   4.0  -0.166   4.095   -11.85425    69.20932    56.26470
    54  C   4.0  -0.089   4.062   -10.34436    71.67731    55.91132
    55  C   4.0  -0.238   4.040    -8.25999    71.29936    53.89309
    56  C   4.0  -0.163   4.061   -12.15283    73.89206    55.20456
    57  C   4.0  -0.163   4.036   -10.96608    76.56225    55.55227
    58  C   4.0  -0.164   4.059   -12.27944    78.38394    57.35129
    59  C   4.0  -0.088   4.049   -10.47097    80.16406    58.94622
    60  C   4.0  -0.240   4.047   -10.27822    79.37038    61.75624
    61  C   4.0  -0.166   4.109   -11.28922    82.92684    58.87252
    62  C   4.0  -0.165   4.068   -10.80356    84.20241    56.35730
    63  C   4.0  -0.166   4.095    -8.36393    85.68962    56.57084
    64  C   4.0  -0.088   4.028    -8.80045    88.58657    55.98124
    65  C   4.0  -0.239   4.038    -7.88016    89.21963    53.31295
    66  C   4.0  -0.238   4.034    -7.52300    90.19473    58.07317
    67  H   1.0   0.071   1.004    -9.25210    79.85604    76.04257
    68  H   1.0   0.072   1.011   -19.13348    84.79389    81.46420
    69  H   1.0   0.070   1.003   -23.87480    74.10938    83.80935
    70  H   1.0   0.086   1.010    -9.20674    71.09527    77.66396
    71  H   1.0   0.084   1.007    -9.23509    75.01834    74.01112
    72  H   1.0   0.080   0.998    -5.16462    74.67630    75.68919
    73  H   1.0   0.081   0.999    -6.10948    73.55002    78.39150
    74  H   1.0   0.080   0.997    -6.22287    76.86271    78.22710
    75  H   1.0   0.083   1.005   -11.47253    72.16863    72.64673
    76  H   1.0   0.083   1.004   -13.39249    70.38473    74.36072
    77  H   1.0   0.082   1.003   -10.78467    66.87362    73.26090
    78  H   1.0   0.083   1.006    -8.42818    68.12084    75.06180
    79  H   1.0   0.081   1.000    -8.56424    84.13816    77.12916
    80  H   1.0   0.080   0.998    -9.92295    86.99353    76.57925
    81  H   1.0   0.080   0.998   -10.20452    84.56335    74.27001
    82  H   1.0   0.081   1.000   -17.11525    91.07156    80.09981
    83  H   1.0   0.081   1.003   -16.80155    88.51098    82.18796
    84  H   1.0   0.080   1.000   -18.93316    88.35981    79.34959
    85  H   1.0   0.085   1.010   -23.58189    82.93251    81.87049
    86  H   1.0   0.085   1.008   -23.65748    79.06802    86.15828
    87  H   1.0   0.080   0.998   -22.98096    83.07802    87.31101
    88  H   1.0   0.080   0.998   -23.74252    85.45719    85.20585
    89  H   1.0   0.081   1.001   -20.60746    84.72208    85.52144
    90  H   1.0   0.081   1.002   -26.62813    77.94364    81.45097
    91  H   1.0   0.082   1.007   -27.28386    80.76122    82.65850
    92  H   1.0   0.079   0.997   -27.98495    77.90206    87.06534
    93  H   1.0   0.080   0.999   -29.30398    76.32225    84.29690
    94  H   1.0   0.079   0.997   -30.31120    79.10582    84.99420
    95  H   1.0   0.080   1.000   -21.94917    67.08338    84.18918
    96  H   1.0   0.080   1.004   -23.39670    68.25501    81.36026
    97  H   1.0   0.080   0.998   -23.92015    69.76301    84.44051
    98  H   1.0   0.086   1.007   -14.12381    67.53881    77.27845
    99  H   1.0   0.080   0.996    -8.89494    63.30771    81.90261
   100  H   1.0   0.080   0.996    -7.25466    65.98356    81.20341
   101  H   1.0   0.080   0.995    -7.41339    63.31338    78.86582
   102  H   1.0   0.082   1.003    -6.33625    67.07582    67.03047
   103  H   1.0   0.082   1.000    -6.84081    70.28836    66.44465
   104  H   1.0   0.070   1.004    -8.38660    65.91742    63.61384
   105  H   1.0   0.080   1.001   -14.17861    71.14440    63.86896
   106  H   1.0   0.081   0.999   -11.85992    72.62406    62.12852
   107  H   1.0   0.081   1.002   -11.15316    71.90407    65.41286
   108  H   1.0   0.082   1.002   -14.26554    68.27958    60.38052
   109  H   1.0   0.083   1.011   -12.33613    65.49979    60.90776
   110  H   1.0   0.082   1.006   -10.59947    65.76057    57.54216
   111  H   1.0   0.082   1.003    -8.77211    68.08683    58.66276
   112  H   1.0   0.083   1.003   -13.89138    69.43798    56.46501
   113  H   1.0   0.082   1.003   -11.98275    68.23800    54.45245
   114  H   1.0   0.084   1.011    -9.68107    71.99667    57.83506
   115  H   1.0   0.080   0.998    -8.77400    69.94821    52.42667
   116  H   1.0   0.080   0.997    -6.43263    70.79291    54.69623
   117  H   1.0   0.081   1.002    -8.18629    73.15129    52.99547
   118  H   1.0   0.082   1.004   -13.78555    73.60861    56.42911
   119  H   1.0   0.082   1.001   -13.03533    73.76167    53.34885
   120  H   1.0   0.082   1.010   -11.29678    77.63750    53.82695
   121  H   1.0   0.082   1.002    -8.92896    76.60949    55.84896
   122  H   1.0   0.082   1.002   -13.71374    77.53924    58.56261
   123  H   1.0   0.082   1.006   -13.38115    79.62738    56.13053
   124  H   1.0   0.083   1.009    -8.51511    79.97509    58.32828
   125  H   1.0   0.081   1.000    -8.31479    79.70108    62.27970
   126  H   1.0   0.081   0.998   -10.75443    77.38806    62.04348
   127  H   1.0   0.081   0.999   -11.42906    80.62516    62.91465
   128  H   1.0   0.083   1.004   -10.52010    83.85092    60.54682
   129  H   1.0   0.083   1.008   -13.34524    83.00621    58.97268
   130  H   1.0   0.082   1.002   -12.39849    85.26066    55.59763
   131  H   1.0   0.083   1.006   -10.44263    82.92495    54.78316
   132  H   1.0   0.083   1.007    -7.20175    84.63516    55.23669
   133  H   1.0   0.083   1.005    -7.59292    85.41183    58.45867
   134  H   1.0   0.083   1.008   -10.79600    89.09113    55.95856
   135  H   1.0   0.080   0.999    -9.55067    89.25743    52.10919
   136  H   1.0   0.081   1.001    -6.63105    87.66250    52.80650
   137  H   1.0   0.080   0.998    -6.98254    91.06778    53.16555
   138  H   1.0   0.080   1.000    -9.10281    91.15660    58.98024
   139  H   1.0   0.081   1.000    -6.20964    91.45140    57.10374
   140  H   1.0   0.081   0.997    -6.54979    89.14404    59.55093
 
  Z AO/shell   Hii/eV     exponent
  1     Sat Feb 20 21:38:01 CET 2016    EN: 2.327 GAM: 0.473  GM3: 0.0000
     1s    -13.751157    1.051071
  6     Sat Feb 20 21:38:01 CET 2016    EN: 2.731 GAM: 0.422  GM3: 0.0000
     2s    -19.378245    2.021003
     2p    -11.993376    1.497917
  7     Sat Feb 20 21:38:01 CET 2016    EN: 3.573 GAM: 0.504  GM3: 0.0000
     2s    -21.576984    2.275442
     2p    -16.125120    2.056788
  8     Sat Feb 20 21:38:01 CET 2016    EN: 3.700 GAM: 0.587  GM3: 0.0000
     2s    -21.648843    2.110798
     2p    -17.239740    2.329048
 12     Sat Feb 20 23:25:47 CET 2016    EN: 0.033 GAM: 0.222  GM3: 0.0000
     3s    -12.693633    1.302878
     3p     -8.128821    0.504252
 
 dipole moment of classical point charges (au)
     X       Y       Z   
  -0.0488  -0.1533  -0.0452  total (Debye):    0.425

 
 Nbf   :          338
 T(el) :   300.0
 calculating S/T integrals ...
 cpu time for ints   0.136120000000000     
 Nao   :          338
 making H0...
 making H1...
 cpu time for H      9.207999999999994E-003
 solving ...
 cpu time for diag   7.577200000000001E-002
 
 gap (eV)           :   1.387
 Koopmans IP (eV)   :  12.080
 Eel (Eh)           :  -268.619891
 T,E(Fermi),NFOD :    300.000   -11.386  0.000000
 T,E(Fermi),NFOD :    300.000   -11.386  0.000000
 Nfod               :  0.0000
 Nfod/Nel           :  0.0000

          eigenvalues
 #    :         164        165        166        167        168        169        170        171
 occ. :        2.000      2.000      2.000      2.000      2.000      2.000      2.000      2.000
 eps  :       -16.228    -16.159    -16.038    -15.823    -15.624    -15.508    -15.350    -15.046
 #    :         172        173        174        175        176        177        178        179
 occ. :        2.000      2.000      2.000      2.000      2.000      0.000      0.000      0.000
 eps  :       -14.965    -14.868    -14.732    -13.209    -12.081    -10.694     -9.998     -8.574
 #    :         180        181        182        183        184        185        186        187
 occ. :        0.000      0.000      0.000      0.000      0.000      0.000      0.000      0.000
 eps  :        -8.340     -8.275     -7.904     -7.546     -7.522     -7.157     -6.818     -6.746
                            1  SCC done.
 making H1...
 cpu time for H      8.809600000000001E-002
 solving ...
 cpu time for diag   3.418499999999997E-002
 
 gap (eV)           :   1.621
 Koopmans IP (eV)   :  12.007
 Eel (Eh)           :  -265.953417
 T,E(Fermi),NFOD :    300.000   -11.197  0.000000
 T,E(Fermi),NFOD :    300.000   -11.197  0.000000
 Nfod               :  0.0000
 Nfod/Nel           :  0.0000

          eigenvalues
 #    :         164        165        166        167        168        169        170        171
 occ. :        2.000      2.000      2.000      2.000      2.000      2.000      2.000      2.000
 eps  :       -15.199    -15.173    -15.143    -15.008    -14.695    -14.527    -14.495    -14.369
 #    :         172        173        174        175        176        177        178        179
 occ. :        2.000      2.000      2.000      2.000      2.000      0.000      0.000      0.000
 eps  :       -14.256    -13.982    -13.847    -12.697    -12.008    -10.388     -9.507     -8.394
 #    :         180        181        182        183        184        185        186        187
 occ. :        0.000      0.000      0.000      0.000      0.000      0.000      0.000      0.000
 eps  :        -8.326     -8.177     -7.672     -7.480     -7.406     -6.925     -6.605     -6.532
                            2  SCC done.
 
 
 Mulliken/CM5 charges    n(s)   n(p)   n(d)   
    1 MG  0.3322  0.7713   0.648  1.019  0.000
    2 C   0.0158  0.0190   1.158  2.826  0.000
    3 C  -0.0413 -0.0830   1.129  2.913  0.000
    4 C  -0.0348 -0.0783   1.116  2.919  0.000
    5 C  -0.0338 -0.0750   1.134  2.900  0.000
    6 N  -0.1633 -0.4162   1.401  3.762  0.000
    7 C   0.0509  0.1137   1.209  2.740  0.000
    8 C  -0.0299 -0.0842   1.199  2.830  0.000
    9 C  -0.0209 -0.0780   1.199  2.822  0.000
   10 C   0.0341  0.0948   1.227  2.739  0.000
   11 C  -0.0996 -0.2476   1.109  2.991  0.000
   12 C  -0.0557 -0.1625   1.152  2.904  0.000
   13 C  -0.0439 -0.1441   1.132  2.912  0.000
   14 C   0.2210  0.2689   1.189  2.590  0.000
   15 O  -0.2742 -0.3231   1.628  4.646  0.000
   16 O  -0.1663 -0.2423   1.488  4.678  0.000
   17 N  -0.2050 -0.4894   1.385  3.820  0.000
   18 C   0.0284  0.0972   1.193  2.779  0.000
   19 C  -0.0275 -0.0303   1.221  2.806  0.000
   20 C  -0.0701 -0.0657   1.227  2.844  0.000
   21 C  -0.0102  0.0437   1.226  2.785  0.000
   22 C  -0.0747 -0.2182   1.080  2.994  0.000
   23 C   0.1623  0.1848   1.203  2.635  0.000
   24 O  -0.2326 -0.2855   1.621  4.612  0.000
   25 C  -0.0845 -0.2266   1.090  2.994  0.000
   26 N  -0.1737 -0.4422   1.400  3.773  0.000
   27 C   0.0368  0.0941   1.206  2.757  0.000
   28 C  -0.0046 -0.0627   1.183  2.822  0.000
   29 C  -0.0255 -0.0802   1.209  2.816  0.000
   30 C   0.0506  0.1166   1.222  2.727  0.000
   31 C  -0.0950 -0.2445   1.101  2.994  0.000
   32 C  -0.0641 -0.1737   1.147  2.917  0.000
   33 C  -0.1006 -0.2530   1.095  3.006  0.000
   34 N  -0.2116 -0.4862   1.384  3.827  0.000
   35 C   0.0258  0.0846   1.207  2.767  0.000
   36 C   0.0139  0.0076   1.208  2.778  0.000
   37 C  -0.0513 -0.0429   1.169  2.883  0.000
   38 C   0.0461  0.1200   1.181  2.772  0.000
   39 C  -0.0546 -0.1981   1.076  2.979  0.000
   40 C   0.1422  0.1752   1.196  2.661  0.000
   41 O  -0.2327 -0.2742   1.635  4.597  0.000
   42 C  -0.0501 -0.0933   1.208  2.842  0.000
   43 C   0.2164  0.2700   1.195  2.589  0.000
   44 O  -0.2468 -0.2920   1.624  4.623  0.000
   45 O  -0.1796 -0.2620   1.496  4.683  0.000
   46 C   0.0068 -0.1177   1.102  2.891  0.000
   47 C   0.0437 -0.0354   1.129  2.828  0.000
   48 C  -0.0739 -0.1310   1.162  2.912  0.000
   49 C  -0.0190 -0.0425   1.223  2.796  0.000
   50 C  -0.0865 -0.2318   1.080  3.006  0.000
   51 C  -0.0619 -0.1681   1.146  2.916  0.000
   52 C  -0.0607 -0.1745   1.146  2.915  0.000
   53 C  -0.0844 -0.1974   1.147  2.937  0.000
   54 C  -0.0297 -0.1032   1.208  2.822  0.000
   55 C  -0.0996 -0.2488   1.102  2.998  0.000
   56 C  -0.0707 -0.1806   1.160  2.911  0.000
   57 C  -0.0634 -0.1753   1.147  2.916  0.000
   58 C  -0.0798 -0.1914   1.162  2.918  0.000
   59 C  -0.0337 -0.1082   1.209  2.825  0.000
   60 C  -0.1066 -0.2579   1.106  3.000  0.000
   61 C  -0.0611 -0.1725   1.151  2.910  0.000
   62 C  -0.0683 -0.1832   1.143  2.925  0.000
   63 C  -0.0855 -0.1969   1.166  2.919  0.000
   64 C  -0.0298 -0.1056   1.205  2.825  0.000
   65 C  -0.1032 -0.2539   1.104  2.999  0.000
   66 C  -0.1055 -0.2555   1.105  3.000  0.000
   67 H   0.0570  0.1155   0.943  0.000  0.000
   68 H   0.0572  0.1189   0.943  0.000  0.000
   69 H   0.0588  0.1167   0.941  0.000  0.000
   70 H   0.0471  0.1118   0.953  0.000  0.000
   71 H   0.0548  0.1164   0.945  0.000  0.000
   72 H   0.0416  0.0935   0.958  0.000  0.000
   73 H   0.0305  0.0833   0.969  0.000  0.000
   74 H   0.0468  0.0992   0.953  0.000  0.000
   75 H   0.0404  0.1006   0.960  0.000  0.000
   76 H   0.0460  0.1046   0.954  0.000  0.000
   77 H   0.0482  0.1083   0.952  0.000  0.000
   78 H   0.0458  0.1078   0.954  0.000  0.000
   79 H   0.0425  0.0959   0.958  0.000  0.000
   80 H   0.0482  0.1040   0.952  0.000  0.000
   81 H   0.0475  0.0996   0.953  0.000  0.000
   82 H   0.0462  0.1030   0.954  0.000  0.000
   83 H   0.0505  0.1057   0.949  0.000  0.000
   84 H   0.0564  0.1106   0.944  0.000  0.000
   85 H   0.0516  0.1132   0.948  0.000  0.000
   86 H   0.0509  0.1129   0.949  0.000  0.000
   87 H   0.0362  0.0886   0.964  0.000  0.000
   88 H   0.0359  0.0873   0.964  0.000  0.000
   89 H   0.0337  0.0879   0.966  0.000  0.000
   90 H   0.0397  0.0953   0.960  0.000  0.000
   91 H   0.0270  0.0842   0.973  0.000  0.000
   92 H   0.0345  0.0856   0.966  0.000  0.000
   93 H   0.0289  0.0806   0.971  0.000  0.000
   94 H   0.0376  0.0883   0.962  0.000  0.000
   95 H   0.0521  0.1055   0.948  0.000  0.000
   96 H   0.0595  0.1137   0.941  0.000  0.000
   97 H   0.0507  0.1031   0.949  0.000  0.000
   98 H   0.0553  0.1229   0.945  0.000  0.000
   99 H   0.0477  0.1080   0.952  0.000  0.000
  100 H   0.0534  0.1140   0.947  0.000  0.000
  101 H   0.0610  0.1189   0.939  0.000  0.000
  102 H   0.0490  0.1151   0.951  0.000  0.000
  103 H   0.0588  0.1233   0.941  0.000  0.000
  104 H   0.0361  0.0928   0.964  0.000  0.000
  105 H   0.0413  0.0944   0.959  0.000  0.000
  106 H   0.0477  0.1006   0.952  0.000  0.000
  107 H   0.0444  0.1006   0.956  0.000  0.000
  108 H   0.0477  0.1042   0.952  0.000  0.000
  109 H   0.0421  0.1000   0.958  0.000  0.000
  110 H   0.0336  0.0897   0.966  0.000  0.000
  111 H   0.0340  0.0912   0.966  0.000  0.000
  112 H   0.0336  0.0901   0.966  0.000  0.000
  113 H   0.0288  0.0851   0.971  0.000  0.000
  114 H   0.0390  0.1008   0.961  0.000  0.000
  115 H   0.0350  0.0873   0.965  0.000  0.000
  116 H   0.0362  0.0877   0.964  0.000  0.000
  117 H   0.0334  0.0882   0.967  0.000  0.000
  118 H   0.0322  0.0894   0.968  0.000  0.000
  119 H   0.0343  0.0894   0.966  0.000  0.000
  120 H   0.0345  0.0918   0.965  0.000  0.000
  121 H   0.0371  0.0935   0.963  0.000  0.000
  122 H   0.0264  0.0823   0.974  0.000  0.000
  123 H   0.0329  0.0906   0.967  0.000  0.000
  124 H   0.0313  0.0917   0.969  0.000  0.000
  125 H   0.0323  0.0846   0.968  0.000  0.000
  126 H   0.0358  0.0882   0.964  0.000  0.000
  127 H   0.0287  0.0817   0.971  0.000  0.000
  128 H   0.0504  0.1076   0.950  0.000  0.000
  129 H   0.0245  0.0823   0.976  0.000  0.000
  130 H   0.0367  0.0921   0.963  0.000  0.000
  131 H   0.0342  0.0914   0.966  0.000  0.000
  132 H   0.0384  0.0953   0.962  0.000  0.000
  133 H   0.0385  0.0968   0.961  0.000  0.000
  134 H   0.0379  0.0975   0.962  0.000  0.000
  135 H   0.0334  0.0856   0.967  0.000  0.000
  136 H   0.0328  0.0867   0.967  0.000  0.000
  137 H   0.0360  0.0879   0.964  0.000  0.000
  138 H   0.0341  0.0863   0.966  0.000  0.000
  139 H   0.0347  0.0878   0.965  0.000  0.000
  140 H   0.0359  0.0879   0.964  0.000  0.000
 Hirshfeld charges for QMDFF written to <charges>
 
 Loewdin charges    n(s)   n(p)   n(d)
    1 MG  0.1736   0.660  1.167  0.000
    2 C   0.0181   1.116  2.866  0.000
    3 C  -0.0399   1.077  2.963  0.000
    4 C  -0.0326   1.062  2.970  0.000
    5 C  -0.0310   1.082  2.949  0.000
    6 N  -0.1292   1.358  3.771  0.000
    7 C   0.0525   1.172  2.776  0.000
    8 C  -0.0250   1.153  2.872  0.000
    9 C  -0.0132   1.151  2.862  0.000
   10 C   0.0389   1.190  2.771  0.000
   11 C  -0.1026   1.038  3.065  0.000
   12 C  -0.0512   1.093  2.958  0.000
   13 C  -0.0444   1.072  2.972  0.000
   14 C   0.2000   1.162  2.638  0.000
   15 O  -0.2597   1.598  4.662  0.000
   16 O  -0.1339   1.455  4.679  0.000
   17 N  -0.1694   1.341  3.829  0.000
   18 C   0.0300   1.154  2.816  0.000
   19 C  -0.0194   1.181  2.839  0.000
   20 C  -0.0774   1.192  2.886  0.000
   21 C  -0.0032   1.187  2.816  0.000
   22 C  -0.0762   1.006  3.070  0.000
   23 C   0.1603   1.167  2.673  0.000
   24 O  -0.2167   1.589  4.627  0.000
   25 C  -0.0893   1.017  3.073  0.000
   26 N  -0.1362   1.354  3.782  0.000
   27 C   0.0422   1.167  2.791  0.000
   28 C   0.0044   1.134  2.862  0.000
   29 C  -0.0181   1.163  2.855  0.000
   30 C   0.0516   1.186  2.762  0.000
   31 C  -0.0987   1.030  3.069  0.000
   32 C  -0.0606   1.089  2.972  0.000
   33 C  -0.1028   1.023  3.080  0.000
   34 N  -0.1788   1.342  3.837  0.000
   35 C   0.0252   1.172  2.803  0.000
   36 C   0.0225   1.167  2.811  0.000
   37 C  -0.0599   1.131  2.929  0.000
   38 C   0.0496   1.141  2.809  0.000
   39 C  -0.0534   1.000  3.053  0.000
   40 C   0.1366   1.163  2.700  0.000
   41 O  -0.2180   1.606  4.612  0.000
   42 C  -0.0519   1.162  2.890  0.000
   43 C   0.1929   1.170  2.637  0.000
   44 O  -0.2311   1.593  4.638  0.000
   45 O  -0.1480   1.465  4.683  0.000
   46 C   0.0018   1.031  2.967  0.000
   47 C   0.0419   1.072  2.886  0.000
   48 C  -0.0731   1.114  2.959  0.000
   49 C  -0.0074   1.181  2.826  0.000
   50 C  -0.0895   1.006  3.083  0.000
   51 C  -0.0597   1.088  2.972  0.000
   52 C  -0.0563   1.086  2.970  0.000
   53 C  -0.0838   1.090  2.994  0.000
   54 C  -0.0198   1.160  2.859  0.000
   55 C  -0.1032   1.030  3.073  0.000
   56 C  -0.0682   1.102  2.966  0.000
   57 C  -0.0596   1.089  2.971  0.000
   58 C  -0.0785   1.106  2.973  0.000
   59 C  -0.0240   1.162  2.862  0.000
   60 C  -0.1105   1.036  3.075  0.000
   61 C  -0.0582   1.093  2.965  0.000
   62 C  -0.0645   1.084  2.980  0.000
   63 C  -0.0850   1.110  2.975  0.000
   64 C  -0.0182   1.157  2.861  0.000
   65 C  -0.1074   1.034  3.074  0.000
   66 C  -0.1096   1.035  3.075  0.000
   67 H   0.0513   0.949  0.000  0.000
   68 H   0.0531   0.947  0.000  0.000
   69 H   0.0527   0.947  0.000  0.000
   70 H   0.0421   0.958  0.000  0.000
   71 H   0.0487   0.951  0.000  0.000
   72 H   0.0409   0.959  0.000  0.000
   73 H   0.0322   0.968  0.000  0.000
   74 H   0.0461   0.954  0.000  0.000
   75 H   0.0382   0.962  0.000  0.000
   76 H   0.0433   0.957  0.000  0.000
   77 H   0.0439   0.956  0.000  0.000
   78 H   0.0425   0.958  0.000  0.000
   79 H   0.0424   0.958  0.000  0.000
   80 H   0.0461   0.954  0.000  0.000
   81 H   0.0462   0.954  0.000  0.000
   82 H   0.0440   0.956  0.000  0.000
   83 H   0.0497   0.950  0.000  0.000
   84 H   0.0556   0.944  0.000  0.000
   85 H   0.0456   0.954  0.000  0.000
   86 H   0.0446   0.955  0.000  0.000
   87 H   0.0361   0.964  0.000  0.000
   88 H   0.0358   0.964  0.000  0.000
   89 H   0.0346   0.965  0.000  0.000
   90 H   0.0369   0.963  0.000  0.000
   91 H   0.0261   0.974  0.000  0.000
   92 H   0.0344   0.966  0.000  0.000
   93 H   0.0297   0.970  0.000  0.000
   94 H   0.0381   0.962  0.000  0.000
   95 H   0.0495   0.951  0.000  0.000
   96 H   0.0570   0.943  0.000  0.000
   97 H   0.0494   0.951  0.000  0.000
   98 H   0.0477   0.952  0.000  0.000
   99 H   0.0439   0.956  0.000  0.000
  100 H   0.0493   0.951  0.000  0.000
  101 H   0.0566   0.943  0.000  0.000
  102 H   0.0424   0.958  0.000  0.000
  103 H   0.0516   0.948  0.000  0.000
  104 H   0.0301   0.970  0.000  0.000
  105 H   0.0408   0.959  0.000  0.000
  106 H   0.0473   0.953  0.000  0.000
  107 H   0.0429   0.957  0.000  0.000
  108 H   0.0446   0.955  0.000  0.000
  109 H   0.0391   0.961  0.000  0.000
  110 H   0.0319   0.968  0.000  0.000
  111 H   0.0324   0.968  0.000  0.000
  112 H   0.0334   0.967  0.000  0.000
  113 H   0.0279   0.972  0.000  0.000
  114 H   0.0338   0.966  0.000  0.000
  115 H   0.0354   0.965  0.000  0.000
  116 H   0.0357   0.964  0.000  0.000
  117 H   0.0339   0.966  0.000  0.000
  118 H   0.0308   0.969  0.000  0.000
  119 H   0.0318   0.968  0.000  0.000
  120 H   0.0327   0.967  0.000  0.000
  121 H   0.0352   0.965  0.000  0.000
  122 H   0.0250   0.975  0.000  0.000
  123 H   0.0317   0.968  0.000  0.000
  124 H   0.0270   0.973  0.000  0.000
  125 H   0.0326   0.967  0.000  0.000
  126 H   0.0360   0.964  0.000  0.000
  127 H   0.0296   0.970  0.000  0.000
  128 H   0.0480   0.952  0.000  0.000
  129 H   0.0227   0.977  0.000  0.000
  130 H   0.0349   0.965  0.000  0.000
  131 H   0.0331   0.967  0.000  0.000
  132 H   0.0371   0.963  0.000  0.000
  133 H   0.0373   0.963  0.000  0.000
  134 H   0.0336   0.966  0.000  0.000
  135 H   0.0334   0.967  0.000  0.000
  136 H   0.0333   0.967  0.000  0.000
  137 H   0.0366   0.963  0.000  0.000
  138 H   0.0339   0.966  0.000  0.000
  139 H   0.0352   0.965  0.000  0.000
  140 H   0.0365   0.963  0.000  0.000
 
 Wiberg/Mayer (AO) data. WBOs > 0.1 written file <wbo>
 largest (>0.05) Wiberg bond orders for each atom
           total WBO             WBO to atom ...
     1  MG  2.503    N   17 0.520    N   34 0.506    N    6 0.382    N   26 0.381    C   21 0.063    C   38 0.055
     2  C   3.910    C    7 1.417    C   38 1.211    C   42 0.955
     3  C   3.894    C   10 1.432    C   18 1.251    H   67 0.940
     4  C   3.938    C   27 1.475    C   21 1.258    H   68 0.925
     5  C   3.878    C   30 1.443    C   35 1.252    H   69 0.940
     6  N   3.306    C   10 1.246    C    7 1.228    MG   1 0.382
     7  C   3.878    C    2 1.417    N    6 1.228    C    8 0.946
     8  C   3.938    C    9 0.957    C    7 0.946    C   12 0.941    H   70 0.932
     9  C   3.937    C   11 0.958    C    8 0.957    C   10 0.942    H   71 0.939
    10  C   3.860    C    3 1.432    N    6 1.246    C    9 0.942
    11  C   3.961    H   72 0.979    H   73 0.977    H   74 0.974    C    9 0.958
    12  C   3.947    C   13 0.975    H   75 0.956    H   76 0.953    C    8 0.941
    13  C   3.965    C   12 0.975    H   77 0.959    H   78 0.952    C   14 0.945    O   15 0.071
    14  C   3.886    O   15 1.834    O   16 1.063    C   13 0.945
    15  O   2.129    C   14 1.834    O   16 0.167    C   13 0.071
    16  O   2.283    C   14 1.063    C   47 0.950    O   15 0.167
    17  N   3.332    C   18 1.233    C   21 1.140    MG   1 0.520    C   20 0.068
    18  C   3.870    C    3 1.251    N   17 1.233    C   19 1.137
    19  C   3.857    C   20 1.472    C   18 1.137    C   22 0.984
    20  C   3.881    C   19 1.472    C   21 1.105    C   23 0.947    O   24 0.084    N   17 0.068
    21  C   3.830    C    4 1.258    N   17 1.140    C   20 1.105    MG   1 0.063    N   26 0.060
    22  C   3.977    C   19 0.984    H   80 0.974    H   79 0.970    H   81 0.969
    23  C   3.884    O   24 1.859    C   25 0.984    C   20 0.947
    24  O   2.173    C   23 1.859    C   20 0.084    C   25 0.067
    25  C   3.985    C   23 0.984    H   82 0.970    H   83 0.960    H   84 0.954    O   24 0.067
    26  N   3.318    C   30 1.282    C   27 1.206    MG   1 0.381    C   21 0.060
    27  C   3.867    C    4 1.475    N   26 1.206    C   28 0.923
    28  C   3.943    C   31 0.980    C   29 0.956    H   85 0.939    C   27 0.923
    29  C   3.929    C   32 0.962    C   28 0.956    H   86 0.939    C   30 0.897
    30  C   3.860    C    5 1.443    N   26 1.282    C   29 0.897
    31  C   3.970    C   28 0.980    H   88 0.980    H   87 0.975    H   89 0.974
    32  C   3.948    C   33 0.993    H   91 0.968    H   90 0.965    C   29 0.962
    33  C   3.973    C   32 0.993    H   93 0.985    H   94 0.982    H   92 0.980
    34  N   3.314    C   38 1.250    C   35 1.122    MG   1 0.506    C   37 0.058
    35  C   3.852    C    5 1.252    C   36 1.205    N   34 1.122
    36  C   3.858    C   37 1.352    C   35 1.205    C   39 1.003    O   41 0.059
    37  C   3.912    C   36 1.352    C   38 1.136    C   40 1.112    O   41 0.067    N   34 0.058
    38  C   3.893    N   34 1.250    C    2 1.211    C   37 1.136    MG   1 0.055
    39  C   3.981    C   36 1.003    H   97 0.976    H   95 0.970    H   96 0.956
    40  C   3.894    O   41 1.803    C   37 1.112    C   42 0.833
    41  O   2.158    C   40 1.803    C   42 0.095    C   37 0.067    C   36 0.059
    42  C   3.934    C    2 0.955    H   98 0.931    C   43 0.899    C   40 0.833    O   41 0.095    O   44 0.076
    43  C   3.880    O   44 1.865    O   45 1.044    C   42 0.899
    44  O   2.170    C   43 1.865    O   45 0.166    C   42 0.076
    45  O   2.256    C   43 1.044    C   46 0.970    O   44 0.166
    46  C   3.941    H  101 0.987    H   99 0.986    H  100 0.985    O   45 0.970
    47  C   3.938    C   48 0.986    H  102 0.972    H  103 0.959    O   16 0.950
    48  C   3.955    C   49 1.886    C   47 0.986    H  104 0.945
    49  C   3.932    C   48 1.886    C   50 1.002    C   51 0.957
    50  C   3.991    C   49 1.002    H  107 0.972    H  105 0.969    H  106 0.964
    51  C   3.967    H  109 0.964    C   52 0.963    H  108 0.960    C   49 0.957
    52  C   3.961    C   53 0.998    C   51 0.963    H  110 0.962    H  111 0.959
    53  C   3.957    C   52 0.998    C   54 0.967    H  113 0.956    H  112 0.951
    54  C   3.939    C   55 0.985    C   53 0.967    C   56 0.966    H  114 0.951
    55  C   3.982    C   54 0.985    H  116 0.981    H  117 0.979    H  115 0.978
    56  C   3.955    C   57 0.973    H  119 0.966    C   54 0.966    H  118 0.960
    57  C   3.962    C   58 0.990    C   56 0.973    H  120 0.971    H  121 0.963
    58  C   3.957    C   57 0.990    H  123 0.967    H  122 0.962    C   59 0.953
    59  C   3.937    C   60 0.985    C   61 0.979    H  124 0.955    C   58 0.953
    60  C   3.982    C   59 0.985    H  125 0.982    H  127 0.980    H  126 0.977
    61  C   3.964    C   62 0.985    C   59 0.979    H  129 0.965    H  128 0.949
    62  C   3.965    C   63 0.993    C   61 0.985    H  131 0.964    H  130 0.960
    63  C   3.961    C   62 0.993    H  132 0.962    C   64 0.958    H  133 0.957
    64  C   3.941    C   65 0.997    C   66 0.987    C   63 0.958    H  134 0.955
    65  C   3.983    C   64 0.997    H  135 0.981    H  136 0.978    H  137 0.974
    66  C   3.983    C   64 0.987    H  138 0.983    H  140 0.978    H  139 0.977
    67  H   0.994    C    3 0.940
    68  H   0.993    C    4 0.925
    69  H   0.993    C    5 0.940
    70  H   0.996    C    8 0.932
    71  H   0.994    C    9 0.939
    72  H   0.997    C   11 0.979
    73  H   0.997    C   11 0.977
    74  H   0.995    C   11 0.974
    75  H   0.996    C   12 0.956
    76  H   0.997    C   12 0.953
    77  H   0.996    C   13 0.959
    78  H   0.997    C   13 0.952
    79  H   0.993    C   22 0.970
    80  H   0.996    C   22 0.974
    81  H   0.993    C   22 0.969
    82  H   0.995    C   25 0.970
    83  H   0.997    C   25 0.960
    84  H   0.996    C   25 0.954
    85  H   0.994    C   28 0.939
    86  H   0.995    C   29 0.939
    87  H   0.997    C   31 0.975
    88  H   0.998    C   31 0.980
    89  H   0.998    C   31 0.974
    90  H   0.997    C   32 0.965
    91  H   0.998    C   32 0.968
    92  H   0.999    C   33 0.980
    93  H   0.998    C   33 0.985
    94  H   0.998    C   33 0.982
    95  H   0.994    C   39 0.970
    96  H   0.991    C   39 0.956
    97  H   0.995    C   39 0.976
    98  H   0.992    C   42 0.931
    99  H   0.998    C   46 0.986
   100  H   0.997    C   46 0.985
   101  H   0.996    C   46 0.987
   102  H   0.997    C   47 0.972
   103  H   0.996    C   47 0.959
   104  H   0.998    C   48 0.945
   105  H   0.998    C   50 0.969
   106  H   0.998    C   50 0.964
   107  H   0.998    C   50 0.972
   108  H   0.997    C   51 0.960
   109  H   0.998    C   51 0.964
   110  H   0.997    C   52 0.962
   111  H   0.999    C   52 0.959
   112  H   0.999    C   53 0.951
   113  H   0.997    C   53 0.956
   114  H   0.998    C   54 0.951
   115  H   0.999    C   55 0.978
   116  H   0.999    C   55 0.981
   117  H   0.999    C   55 0.979
   118  H   0.999    C   56 0.960
   119  H   0.998    C   56 0.966
   120  H   0.998    C   57 0.971
   121  H   0.999    C   57 0.963
   122  H   0.999    C   58 0.962
   123  H   0.998    C   58 0.967
   124  H   0.999    C   59 0.955
   125  H   0.999    C   60 0.982
   126  H   0.998    C   60 0.977
   127  H   0.999    C   60 0.980
   128  H   0.996    C   61 0.949
   129  H   0.999    C   61 0.965
   130  H   0.998    C   62 0.960
   131  H   0.999    C   62 0.964
   132  H   0.998    C   63 0.962
   133  H   0.999    C   63 0.957
   134  H   0.999    C   64 0.955
   135  H   0.999    C   65 0.981
   136  H   0.999    C   65 0.978
   137  H   0.998    C   65 0.974
   138  H   0.999    C   66 0.983
   139  H   0.998    C   66 0.977
   140  H   0.999    C   66 0.978
 
 --------------------------------------------
          xTB calculation for sTDA...
 --------------------------------------------
 
 reading parameter file ~/.param_stda2.xtb
 
      method parameters     
 k(s)        :  1.6000
 k(p)        :  2.1800
 k(d)        :  1.9500
 k(f)        :  2.0000
 k(R-V)      :  2.2750
 k(R-R)      :  1.7650
 Tscal       :  0.2580
 Gscal       :  1.0000
 fpol        :  1.0000
 Zcnf        :  0.3430
 Zqf         :  0.0000
 kcn         :  2.7000
 Ryd Hsplit  :  0.7000
 lshift(virt):  3.1000
 lshift(OS)  :  0.2000
 wllscaling  :  2.6000
 
 mowrcut     : 3.000
 
  Z AO/shell   Hii/eV     exponent
  1     Sun Feb 14 09:53:25 CET 2016    EN: 2.327 GAM: 0.473  GM3: 0.0000
     1s    -14.339618    1.220000
     2sp    -3.348946    0.600000
  6     Sun Feb 14 09:53:25 CET 2016    EN: 2.731 GAM: 0.422  GM3: 0.0000
     2s    -22.009312    1.565095
     2p    -13.020408    1.596905
     3sp    -3.914040    0.824500
  7     Sun Feb 14 09:53:25 CET 2016    EN: 3.573 GAM: 0.504  GM3: 0.0000
     2s    -25.722000    2.064844
     2p    -18.684912    1.801692
     3sp    -4.344791    0.921400
  8     Sun Feb 14 09:53:25 CET 2016    EN: 3.700 GAM: 0.587  GM3: 0.0000
     2s    -33.859000    2.418661
     2p    -22.175911    1.973969
     3sp    -4.259392    1.013700
 12     Sun Feb 21 16:58:31 CET 2016    EN: 0.033 GAM: 0.222  GM3: 0.0000
     3s    -11.092543    1.647583
     3p     -6.929529    0.855020
 
 Nbf   :          894
 T(el) :     0.0
 calculating S/T integrals ...
 cpu time for ints    1.33606200000000     
 Nao   :          894
 making H0...
 making H1...
 cpu time for H      2.597300000000002E-002
 solving ...
 cpu time for diag   0.269584000000000     
 
 gap (eV)           :   4.739
 Koopmans IP (eV)   :  13.383
 Eel (Eh)           :  -301.353357

          eigenvalues
 #    :         164        165        166        167        168        169        170        171
 occ. :        2.000      2.000      2.000      2.000      2.000      2.000      2.000      2.000
 eps  :       -17.254    -17.235    -16.991    -16.354    -16.312    -16.058    -16.000    -15.855
 #    :         172        173        174        175        176        177        178        179
 occ. :        2.000      2.000      2.000      2.000      2.000      0.000      0.000      0.000
 eps  :       -15.620    -15.559    -15.195    -13.986    -13.384     -8.645     -6.908     -6.887
 #    :         180        181        182        183        184        185        186        187
 occ. :        0.000      0.000      0.000      0.000      0.000      0.000      0.000      0.000
 eps  :        -6.517     -6.160     -5.812     -5.606     -5.218     -5.176     -5.103     -4.985
                            1  SCC done.
 writing mo output ...
 molden style : F
 
speedup  1.17
cpu  time for all    2.15 s
wall time for all    1.83 s
