 
        ______________________________________
       |                                      |
       |          ===================         |
       |             xTB for sTDA             |
       |          ===================         |
       |               S. Grimme              |
       |        Universitaet Bonn, MCTC       |
       |         2015-19, Version 1.0         |
       |     Wed Apr  3 09:14:55 CEST 2019    |
       |______________________________________|
 
        This code comes without any warranty
        for non-commercial, academia use only.
        Preliminary test version.
        Cite this work as:
        S. Grimme  &  C. Bannwarth, JCP 145 (2016) 054103
        if GBSA is used additionally:
        P. Shushkov, F. März, C. Bannwarth, S. Grimme, unpublished.
 
        with help from
        P. Shushkov, G. Brandenburg, S. Dohm, J. Pisarek,
        F. März, M. Checinski, S. Ehrlich, S. Spicher, 
        P. Pracht, E. Caldeweyher, S. Ehlert, and C. Bannwarth.
 
        usage        :
        xtb4stda <coord_file> [options]
        where <coord_file> is a valid file of TM)
        (*coord, Bohr) or xmol (*xyz, Angstroem)
        format.

        options:
        -chrg <int>   : molecular charge
        -uhf  <int>   : # of unpaired electrons(=2*S)
        -nox          : skip second, extended part in sTDA-xTB
        -pop          : do population analysis
                      : (default for -nox)
        -mowr <real>  : cut MO write above (def.3 Eh)
        -molden       : write formatted molden file
        -parx <file>  : read parameters for sTDA-xTB
                        calc (def:~/.param_stda2.xtb)
        -parv <file>  : read parameters for vTB part in
                        sTDA-xTB (def: ~/.param_stda1.xtb)
        -xtemp <real> : el. temp for xTB (def. 0 K)
        -etemp <real> : el. temp for GFN (def. 300 K)
        -fod          : calculate the FOD and write
                        molden.input file with
                        appropriate occupations
                        for plotting. Def. T=12500 K
 
        -acc <real>   : xTB accuracy (def. 1.0)
        -gbsa [string1] [string2]
                        use GBSA implicit solvent
                        for solvent [string1] and
                        solvation state [string2]=
                        reference, bar1M (default=1M)
        additional GFN/opt/MD/siman options read from
        $XTB4STDAHOME/.xtb4stdarc or $set in input
 
       spin and charge state information can be on:
       <.CHRG> (charge) and <.UHF> (=nalpha-nbeta)
       -uhf and -chrg override the file info.
       useful machine settings:
       setenv MKL_NUM_THREADS <NCORE_ON_YOUR_MACHINE>
       setenv OMP_STACKSIZE 500m
       limit stacksize unlimited
 
       total energies in Eh, gaps/HL energies in eV
       please read REVISION and HOWTO files carefully
 =============================
  # OMP threads =           4
 =============================
 
 xtb4stdahome directory:~/
 
 
 name of molecule           :
 comment line               :
 number of atoms            :   140
 number of electrons        :   352
 charge                     :  0
 spin                       : 0.0
 first test random number   :  0.6273
 
 -----------------------------------------
      charge density (VTB) calculation
 -----------------------------------------
 
      method parameters     
 k(s)        :  1.8000
 k(p)        :  2.8350
 k(d)        :  2.0860
 k(f)        :  2.0000
 Tscal       :  0.3300
 Gscal       :  0.3910
 fpol        :  1.0000
 Zcnf        :  0.6500
 Zqf         :  0.0000
 kcn         :  0.3000
 kEN1        : -0.5900
 wllscal     :  2.6000
 
     -------------------------
     ! NO SOLVENT MODEL USED !
     -------------------------
 
 doing EN charges ...
 sum q :  0.1776357D-14
 point charge moment (au)
     X       Y       Z   
   0.2570  -0.8278   0.7118  total (Debye):    2.851
 
            Z      q(EN)   CN      Cart. coordinates
     1  MG  2.0   0.971   4.860    48.95335    95.79021    49.19902
     2  C   4.0   0.022   3.254    45.00004    97.87458    54.08018
     3  C   4.0  -0.059   3.133    52.98414    93.21640    53.70601
     4  C   4.0  -0.056   3.156    53.30161    94.75653    44.68635
     5  C   4.0  -0.053   3.185    44.64667    98.15237    45.04729
     6  N   5.0  -0.333   3.103    48.96091    95.58801    53.49436
     7  C   4.0   0.091   3.352    47.15811    96.59145    55.13464
     8  C   4.0  -0.094   4.108    47.68723    96.24185    57.88798
     9  C   4.0  -0.097   4.188    50.27616    94.81133    57.61208
    10  C   4.0   0.098   3.284    50.93000    94.51275    54.76993
    11  C   4.0  -0.237   4.023    52.58540    95.97351    59.08795
    12  C   4.0  -0.161   4.046    45.51027    94.79810    59.31283
    13  C   4.0  -0.168   4.029    46.14522    93.39026    61.85451
    14  C   4.0   0.171   3.083    44.55218    94.11024    64.20155
    15  O   6.0  -0.098   1.047    42.24860    94.33134    64.04659
    16  O   6.0  -0.110   2.018    45.81074    94.55433    66.43898
    17  N   5.0  -0.422   3.179    52.56651    94.14993    49.19524
    18  C   4.0   0.097   3.442    53.84774    93.15782    51.12276
    19  C   4.0   0.013   3.236    56.25714    91.92194    50.23458
    20  C   4.0   0.003   3.254    56.42533    92.36602    47.71747
    21  C   4.0   0.065   3.455    54.08207    93.91938    47.04662
    22  C   4.0  -0.248   4.030    57.92010    90.34213    51.91077
    23  C   4.0   0.126   3.064    58.34907    91.25109    45.95814
    24  O   6.0  -0.121   1.079    58.45678    92.02965    43.84353
    25  C   4.0  -0.247   4.036    60.39753    89.38971    46.71025
    26  N   5.0  -0.475   3.145    49.12532    96.52909    45.49704
    27  C   4.0   0.092   3.402    50.98670    95.70895    43.95881
    28  C   4.0  -0.096   4.154    50.14955    96.13036    41.11288
    29  C   4.0  -0.092   4.099    47.35275    96.93727    41.13933
    30  C   4.0   0.072   3.427    46.95213    97.09601    44.11187
    31  C   4.0  -0.238   4.057    51.76148    97.91048    39.70314
    32  C   4.0  -0.162   3.998    45.33453    94.86046    39.92613
    33  C   4.0  -0.238   4.006    44.69769    95.54265    37.19548
    34  N   5.0  -0.466   3.282    45.43468    97.43049    49.34452
    35  C   4.0   0.074   3.662    43.84920    98.25819    47.52472
    36  C   4.0   0.022   3.280    41.57397    99.16715    48.44501
    37  C   4.0  -0.002   3.516    42.02184    99.30321    51.01315
    38  C   4.0   0.080   3.786    44.35943    98.10512    51.51582
    39  C   4.0  -0.244   4.011    39.15701   100.05910    46.99559
    40  C   4.0   0.092   3.177    40.98060   100.19327    53.38098
    41  O   6.0  -0.081   1.034    39.02095   101.50474    53.75136
    42  C   4.0  -0.114   4.200    42.81741    99.11991    55.52582
    43  C   4.0   0.186   3.104    43.64322   101.16837    57.33240
    44  O   6.0  -0.102   1.044    45.66145   102.27764    57.26626
    45  O   6.0  -0.120   2.033    41.82908   101.46883    59.12386
    46  C   4.0  -0.198   4.006    42.10687   103.23384    61.26492
    47  C   4.0  -0.136   4.054    44.13833    95.17038    68.62540
    48  C   4.0  -0.057   3.098    45.26839    94.43905    71.22755
    49  C   4.0   0.017   3.083    47.17134    95.39337    72.44642
    50  C   4.0  -0.249   4.048    48.60186    97.71206    71.44676
    51  C   4.0  -0.174   4.065    48.21825    94.23685    74.85960
    52  C   4.0  -0.162   4.036    49.69979    91.68194    74.29080
    53  C   4.0  -0.166   4.098    48.41856    89.30278    75.33959
    54  C   4.0  -0.089   4.062    49.61287    88.00832    77.54868
    55  C   4.0  -0.239   4.054    51.29094    85.84647    76.64162
    56  C   4.0  -0.164   4.069    47.66078    87.25621    79.59148
    57  C   4.0  -0.162   4.044    48.84186    86.91417    82.25788
    58  C   4.0  -0.164   4.068    47.37921    88.20485    84.41028
    59  C   4.0  -0.087   4.036    49.14421    89.80734    86.11859
    60  C   4.0  -0.237   4.018    47.96691    89.93017    88.93050
    61  C   4.0  -0.165   4.072    49.41066    92.51153    85.05279
    62  C   4.0  -0.164   4.047    52.19045    93.39215    84.81279
    63  C   4.0  -0.165   4.079    52.59674    96.25508    85.39483
    64  C   4.0  -0.088   4.042    52.08841    97.96717    83.19518
    65  C   4.0  -0.240   4.054    54.51670    98.67960    81.78734
    66  C   4.0  -0.239   4.046    50.40844   100.20650    83.72431
    67  H   1.0   0.071   1.012    53.95546    92.54933    55.39921
    68  H   1.0   0.071   1.007    54.80583    94.63937    43.27850
    69  H   1.0   0.071   1.006    43.22181    98.68527    43.65456
    70  H   1.0   0.085   1.008    47.88377    98.09378    58.76670
    71  H   1.0   0.085   1.009    49.97380    92.91594    58.35852
    72  H   1.0   0.080   0.997    52.19612    97.37191    60.54871
    73  H   1.0   0.080   0.998    54.11986    96.65003    57.89175
    74  H   1.0   0.080   0.998    53.58318    94.45984    60.06494
    75  H   1.0   0.083   1.009    45.23248    93.17861    58.06939
    76  H   1.0   0.082   1.001    43.69613    95.76564    59.43566
    77  H   1.0   0.082   1.004    48.08975    93.68694    62.46678
    78  H   1.0   0.082   1.007    45.66334    91.38904    61.79215
    79  H   1.0   0.080   0.998    57.67822    88.30500    51.73125
    80  H   1.0   0.080   0.999    57.68199    90.82590    53.89876
    81  H   1.0   0.080   1.000    59.86463    90.96574    51.63298
    82  H   1.0   0.080   0.998    59.59251    87.60014    47.33575
    83  H   1.0   0.082   1.011    61.10240    90.55945    48.25226
    84  H   1.0   0.080   0.998    61.82427    89.08924    45.25516
    85  H   1.0   0.085   1.011    50.44434    94.32378    40.16801
    86  H   1.0   0.084   1.005    47.02394    98.80810    40.34376
    87  H   1.0   0.081   1.001    53.21846    98.67960    40.94091
    88  H   1.0   0.081   1.000    50.65410    99.36179    38.74883
    89  H   1.0   0.081   1.003    52.75548    96.70862    38.35766
    90  H   1.0   0.082   1.003    43.61110    95.06455    41.03351
    91  H   1.0   0.081   1.004    46.53828    93.19372    40.06219
    92  H   1.0   0.080   1.000    42.64734    95.73730    37.16713
    93  H   1.0   0.080   0.999    45.39311    94.03465    35.97660
    94  H   1.0   0.080   0.998    45.43846    97.34734    36.53785
    95  H   1.0   0.080   0.998    39.27606   102.08866    46.66489
    96  H   1.0   0.080   0.998    37.52807    99.85879    48.23903
    97  H   1.0   0.080   0.998    38.93969    99.03865    45.22114
    98  H   1.0   0.086   1.009    41.57208    97.71395    56.36864
    99  H   1.0   0.080   0.997    40.44769   104.43381    61.03815
   100  H   1.0   0.080   0.996    43.71314   104.51507    61.11185
   101  H   1.0   0.079   0.995    42.29018   102.33433    63.10929
   102  H   1.0   0.082   1.002    42.39978    94.07623    68.47800
   103  H   1.0   0.081   0.999    43.38622    97.08845    68.66130
   104  H   1.0   0.071   1.007    44.41801    92.79877    72.13651
   105  H   1.0   0.081   0.999    48.07274    98.11646    69.49845
   106  H   1.0   0.080   1.001    50.58229    97.14325    71.49967
   107  H   1.0   0.080   1.000    48.23714    99.19927    72.82437
   108  H   1.0   0.082   1.005    46.53072    93.97985    76.01423
   109  H   1.0   0.082   1.004    49.47492    95.69005    75.60605
   110  H   1.0   0.081   1.002    51.65755    91.79533    74.92196
   111  H   1.0   0.082   1.002    50.04183    91.54021    72.26501
   112  H   1.0   0.083   1.010    48.46391    87.80990    73.92041
   113  H   1.0   0.082   1.002    46.36821    89.46908    75.22999
   114  H   1.0   0.084   1.015    50.82607    89.53711    78.20820
   115  H   1.0   0.081   1.000    52.67611    85.53467    78.13450
   116  H   1.0   0.081   1.000    52.21502    86.41717    74.89173
   117  H   1.0   0.081   0.999    50.15144    84.18351    76.22210
   118  H   1.0   0.082   1.003    46.74426    85.54033    78.91118
   119  H   1.0   0.082   1.002    46.03939    88.52610    79.56691
   120  H   1.0   0.083   1.008    50.64088    87.91950    82.26922
   121  H   1.0   0.081   1.002    49.13098    84.88460    82.46386
   122  H   1.0   0.082   1.004    46.55151    86.69118    85.53656
   123  H   1.0   0.082   1.001    45.64444    89.21207    83.93974
   124  H   1.0   0.083   1.007    51.02260    88.97775    86.26221
   125  H   1.0   0.080   0.996    47.84597    91.76509    89.85836
   126  H   1.0   0.080   0.997    49.00059    88.55634    90.06623
   127  H   1.0   0.080   0.998    45.96002    89.47663    88.85302
   128  H   1.0   0.083   1.002    48.23525    93.87592    86.05056
   129  H   1.0   0.083   1.006    48.80973    92.65515    83.08747
   130  H   1.0   0.082   1.006    52.53627    92.91594    82.83803
   131  H   1.0   0.082   1.002    53.56806    92.37736    85.95985
   132  H   1.0   0.082   1.002    54.44300    96.54610    86.25843
   133  H   1.0   0.083   1.009    51.08874    96.66515    86.73653
   134  H   1.0   0.084   1.015    51.20779    96.80877    81.73632
   135  H   1.0   0.081   0.999    56.13809    98.51708    83.04590
   136  H   1.0   0.080   0.998    54.47891   100.55610    80.93885
   137  H   1.0   0.080   0.998    55.04016    97.20183    80.45130
   138  H   1.0   0.080   0.996    49.57318   100.68838    85.54600
   139  H   1.0   0.080   1.000    48.77005    99.97028    82.49788
   140  H   1.0   0.081   1.000    51.32685   101.94694    83.11960
 
  Z AO/shell   Hii/eV     exponent
  1     Sat Feb 20 21:38:01 CET 2016    EN: 2.327 GAM: 0.473  GM3: 0.0000
     1s    -13.751157    1.051071
  6     Sat Feb 20 21:38:01 CET 2016    EN: 2.731 GAM: 0.422  GM3: 0.0000
     2s    -19.378245    2.021003
     2p    -11.993376    1.497917
  7     Sat Feb 20 21:38:01 CET 2016    EN: 3.573 GAM: 0.504  GM3: 0.0000
     2s    -21.576984    2.275442
     2p    -16.125120    2.056788
  8     Sat Feb 20 21:38:01 CET 2016    EN: 3.700 GAM: 0.587  GM3: 0.0000
     2s    -21.648843    2.110798
     2p    -17.239740    2.329048
 12     Sat Feb 20 23:25:47 CET 2016    EN: 0.033 GAM: 0.222  GM3: 0.0000
     3s    -12.693633    1.302878
     3p     -8.128821    0.504252
 
 dipole moment of classical point charges (au)
     X       Y       Z   
   0.2570  -0.8278   0.7118  total (Debye):    2.851

 
 Nbf   :          338
 T(el) :   300.0
 calculating S/T integrals ...
 cpu time for ints   0.188315000000000     
 Nao   :          338
 making H0...
 making H1...
 cpu time for H      4.349999999999993E-003
 solving ...
 cpu time for diag   5.369300000000002E-002
 
 gap (eV)           :   1.473
 Koopmans IP (eV)   :  12.023
 Eel (Eh)           :  -268.459830
 T,E(Fermi),NFOD :    300.000   -11.287  0.000000
 T,E(Fermi),NFOD :    300.000   -11.287  0.000000
 Nfod               :  0.0000
 Nfod/Nel           :  0.0000

          eigenvalues
 #    :         164        165        166        167        168        169        170        171
 occ. :        2.000      2.000      2.000      2.000      2.000      2.000      2.000      2.000
 eps  :       -16.315    -16.231    -15.997    -15.914    -15.620    -15.510    -15.430    -15.407
 #    :         172        173        174        175        176        177        178        179
 occ. :        2.000      2.000      2.000      2.000      2.000      0.000      0.000      0.000
 eps  :       -15.220    -15.097    -14.692    -13.223    -12.024    -10.552     -9.533     -8.979
 #    :         180        181        182        183        184        185        186        187
 occ. :        0.000      0.000      0.000      0.000      0.000      0.000      0.000      0.000
 eps  :        -8.430     -8.329     -7.999     -7.926     -7.527     -7.384     -7.053     -7.022
                            1  SCC done.
 making H1...
 cpu time for H      6.468500000000002E-002
 solving ...
 cpu time for diag   3.563400000000005E-002
 
 gap (eV)           :   1.649
 Koopmans IP (eV)   :  11.873
 Eel (Eh)           :  -265.499826
 T,E(Fermi),NFOD :    300.000   -11.049  0.000000
 T,E(Fermi),NFOD :    300.000   -11.049  0.000000
 Nfod               :  0.0000
 Nfod/Nel           :  0.0000

          eigenvalues
 #    :         164        165        166        167        168        169        170        171
 occ. :        2.000      2.000      2.000      2.000      2.000      2.000      2.000      2.000
 eps  :       -15.182    -15.162    -15.139    -15.107    -15.030    -14.546    -14.360    -14.330
 #    :         172        173        174        175        176        177        178        179
 occ. :        2.000      2.000      2.000      2.000      2.000      0.000      0.000      0.000
 eps  :       -14.263    -13.887    -13.525    -12.593    -11.874    -10.225     -8.996     -8.684
 #    :         180        181        182        183        184        185        186        187
 occ. :        0.000      0.000      0.000      0.000      0.000      0.000      0.000      0.000
 eps  :        -8.333     -8.185     -7.967     -7.759     -7.350     -7.276     -6.841     -6.697
                            2  SCC done.
 
 
 Mulliken/CM5 charges    n(s)   n(p)   n(d)   
    1 MG  0.3055  0.7944   0.660  1.034  0.000
    2 C   0.0221  0.0258   1.182  2.796  0.000
    3 C  -0.0393 -0.0811   1.123  2.916  0.000
    4 C  -0.0257 -0.0667   1.115  2.911  0.000
    5 C  -0.0321 -0.0736   1.137  2.895  0.000
    6 N  -0.1345 -0.3694   1.414  3.720  0.000
    7 C   0.0264  0.0838   1.239  2.735  0.000
    8 C   0.0017 -0.0532   1.191  2.808  0.000
    9 C  -0.0167 -0.0717   1.203  2.814  0.000
   10 C   0.0222  0.0788   1.237  2.741  0.000
   11 C  -0.1051 -0.2534   1.107  2.998  0.000
   12 C  -0.0499 -0.1552   1.163  2.887  0.000
   13 C  -0.0554 -0.1561   1.151  2.905  0.000
   14 C   0.1980  0.2451   1.204  2.598  0.000
   15 O  -0.2940 -0.3449   1.624  4.670  0.000
   16 O  -0.1588 -0.2297   1.498  4.661  0.000
   17 N  -0.2051 -0.4820   1.400  3.805  0.000
   18 C   0.0071  0.0765   1.208  2.785  0.000
   19 C  -0.0290 -0.0344   1.212  2.817  0.000
   20 C  -0.0578 -0.0533   1.205  2.852  0.000
   21 C   0.0080  0.0658   1.222  2.770  0.000
   22 C  -0.0754 -0.2206   1.078  2.998  0.000
   23 C   0.1664  0.1912   1.198  2.636  0.000
   24 O  -0.2498 -0.3048   1.609  4.641  0.000
   25 C  -0.0903 -0.2323   1.096  2.994  0.000
   26 N  -0.1793 -0.4836   1.405  3.775  0.000
   27 C   0.0276  0.0868   1.229  2.744  0.000
   28 C  -0.0097 -0.0695   1.185  2.825  0.000
   29 C  -0.0543 -0.1120   1.236  2.818  0.000
   30 C   0.0186  0.0710   1.250  2.731  0.000
   31 C  -0.0867 -0.2360   1.098  2.989  0.000
   32 C  -0.0426 -0.1523   1.164  2.879  0.000
   33 C  -0.0868 -0.2382   1.091  2.996  0.000
   34 N  -0.2179 -0.5195   1.385  3.833  0.000
   35 C   0.0557  0.1205   1.167  2.778  0.000
   36 C   0.0088  0.0055   1.201  2.790  0.000
   37 C  -0.0395 -0.0316   1.175  2.865  0.000
   38 C   0.0358  0.1077   1.187  2.777  0.000
   39 C  -0.0661 -0.2099   1.086  2.980  0.000
   40 C   0.1119  0.1402   1.226  2.662  0.000
   41 O  -0.2405 -0.2792   1.643  4.597  0.000
   42 C  -0.0412 -0.0845   1.203  2.838  0.000
   43 C   0.2327  0.2884   1.172  2.596  0.000
   44 O  -0.2790 -0.3253   1.626  4.653  0.000
   45 O  -0.1397 -0.2209   1.467  4.672  0.000
   46 C   0.0153 -0.1085   1.091  2.893  0.000
   47 C   0.0343 -0.0460   1.135  2.830  0.000
   48 C  -0.0738 -0.1308   1.152  2.922  0.000
   49 C  -0.0160 -0.0427   1.210  2.806  0.000
   50 C  -0.0989 -0.2444   1.089  3.010  0.000
   51 C  -0.0542 -0.1596   1.146  2.908  0.000
   52 C  -0.0618 -0.1723   1.158  2.904  0.000
   53 C  -0.0861 -0.1984   1.145  2.941  0.000
   54 C  -0.0202 -0.0961   1.192  2.828  0.000
   55 C  -0.0920 -0.2432   1.105  2.987  0.000
   56 C  -0.0753 -0.1852   1.157  2.918  0.000
   57 C  -0.0526 -0.1631   1.148  2.905  0.000
   58 C  -0.0648 -0.1750   1.152  2.913  0.000
   59 C  -0.0199 -0.0919   1.217  2.803  0.000
   60 C  -0.1118 -0.2613   1.111  3.001  0.000
   61 C  -0.0780 -0.1892   1.159  2.919  0.000
   62 C  -0.0720 -0.1857   1.159  2.913  0.000
   63 C  -0.0627 -0.1732   1.152  2.910  0.000
   64 C  -0.0082 -0.0844   1.179  2.829  0.000
   65 C  -0.1157 -0.2673   1.109  3.007  0.000
   66 C  -0.1033 -0.2538   1.097  3.007  0.000
   67 H   0.0564  0.1163   0.944  0.000  0.000
   68 H   0.0644  0.1281   0.936  0.000  0.000
   69 H   0.0513  0.1103   0.949  0.000  0.000
   70 H   0.0562  0.1206   0.944  0.000  0.000
   71 H   0.0417  0.1042   0.958  0.000  0.000
   72 H   0.0399  0.0911   0.960  0.000  0.000
   73 H   0.0365  0.0890   0.964  0.000  0.000
   74 H   0.0271  0.0788   0.973  0.000  0.000
   75 H   0.0305  0.0900   0.970  0.000  0.000
   76 H   0.0603  0.1200   0.940  0.000  0.000
   77 H   0.0359  0.0968   0.964  0.000  0.000
   78 H   0.0613  0.1207   0.939  0.000  0.000
   79 H   0.0567  0.1088   0.943  0.000  0.000
   80 H   0.0426  0.0956   0.957  0.000  0.000
   81 H   0.0515  0.1051   0.949  0.000  0.000
   82 H   0.0469  0.1000   0.953  0.000  0.000
   83 H   0.0572  0.1154   0.943  0.000  0.000
   84 H   0.0533  0.1082   0.947  0.000  0.000
   85 H   0.0497  0.1114   0.950  0.000  0.000
   86 H   0.0495  0.1098   0.950  0.000  0.000
   87 H   0.0354  0.0897   0.965  0.000  0.000
   88 H   0.0421  0.0954   0.958  0.000  0.000
   89 H   0.0365  0.0897   0.963  0.000  0.000
   90 H   0.0557  0.1124   0.944  0.000  0.000
   91 H   0.0495  0.1066   0.950  0.000  0.000
   92 H   0.0372  0.0892   0.963  0.000  0.000
   93 H   0.0357  0.0874   0.964  0.000  0.000
   94 H   0.0369  0.0888   0.963  0.000  0.000
   95 H   0.0479  0.0999   0.952  0.000  0.000
   96 H   0.0518  0.1047   0.948  0.000  0.000
   97 H   0.0470  0.0991   0.953  0.000  0.000
   98 H   0.0676  0.1343   0.932  0.000  0.000
   99 H   0.0506  0.1116   0.949  0.000  0.000
  100 H   0.0490  0.1093   0.951  0.000  0.000
  101 H   0.0573  0.1140   0.943  0.000  0.000
  102 H   0.0546  0.1227   0.945  0.000  0.000
  103 H   0.0582  0.1195   0.942  0.000  0.000
  104 H   0.0330  0.0910   0.967  0.000  0.000
  105 H   0.0450  0.1003   0.955  0.000  0.000
  106 H   0.0370  0.0903   0.963  0.000  0.000
  107 H   0.0430  0.0958   0.957  0.000  0.000
  108 H   0.0458  0.1028   0.954  0.000  0.000
  109 H   0.0437  0.1003   0.956  0.000  0.000
  110 H   0.0328  0.0882   0.967  0.000  0.000
  111 H   0.0377  0.0939   0.962  0.000  0.000
  112 H   0.0284  0.0872   0.972  0.000  0.000
  113 H   0.0383  0.0944   0.962  0.000  0.000
  114 H   0.0274  0.0899   0.973  0.000  0.000
  115 H   0.0360  0.0887   0.964  0.000  0.000
  116 H   0.0381  0.0913   0.962  0.000  0.000
  117 H   0.0301  0.0828   0.970  0.000  0.000
  118 H   0.0255  0.0816   0.974  0.000  0.000
  119 H   0.0335  0.0898   0.966  0.000  0.000
  120 H   0.0350  0.0947   0.965  0.000  0.000
  121 H   0.0431  0.0982   0.957  0.000  0.000
  122 H   0.0294  0.0858   0.971  0.000  0.000
  123 H   0.0389  0.0945   0.961  0.000  0.000
  124 H   0.0423  0.1021   0.958  0.000  0.000
  125 H   0.0393  0.0905   0.961  0.000  0.000
  126 H   0.0347  0.0861   0.965  0.000  0.000
  127 H   0.0280  0.0803   0.972  0.000  0.000
  128 H   0.0313  0.0879   0.969  0.000  0.000
  129 H   0.0345  0.0924   0.965  0.000  0.000
  130 H   0.0306  0.0876   0.969  0.000  0.000
  131 H   0.0319  0.0871   0.968  0.000  0.000
  132 H   0.0389  0.0946   0.961  0.000  0.000
  133 H   0.0327  0.0919   0.967  0.000  0.000
  134 H   0.0352  0.0975   0.965  0.000  0.000
  135 H   0.0196  0.0725   0.980  0.000  0.000
  136 H   0.0359  0.0879   0.964  0.000  0.000
  137 H   0.0338  0.0857   0.966  0.000  0.000
  138 H   0.0389  0.0897   0.961  0.000  0.000
  139 H   0.0295  0.0820   0.970  0.000  0.000
  140 H   0.0303  0.0832   0.970  0.000  0.000
 Hirshfeld charges for QMDFF written to <charges>
 
 Loewdin charges    n(s)   n(p)   n(d)
    1 MG  0.1421   0.673  1.185  0.000
    2 C   0.0224   1.142  2.835  0.000
    3 C  -0.0390   1.072  2.967  0.000
    4 C  -0.0225   1.060  2.963  0.000
    5 C  -0.0285   1.085  2.944  0.000
    6 N  -0.1045   1.374  3.731  0.000
    7 C   0.0283   1.204  2.768  0.000
    8 C   0.0104   1.142  2.848  0.000
    9 C  -0.0092   1.156  2.853  0.000
   10 C   0.0288   1.200  2.772  0.000
   11 C  -0.1087   1.036  3.072  0.000
   12 C  -0.0452   1.105  2.940  0.000
   13 C  -0.0541   1.092  2.962  0.000
   14 C   0.1768   1.178  2.645  0.000
   15 O  -0.2805   1.595  4.686  0.000
   16 O  -0.1261   1.465  4.661  0.000
   17 N  -0.1713   1.356  3.815  0.000
   18 C   0.0100   1.171  2.819  0.000
   19 C  -0.0191   1.170  2.849  0.000
   20 C  -0.0642   1.168  2.896  0.000
   21 C   0.0135   1.183  2.803  0.000
   22 C  -0.0778   1.004  3.074  0.000
   23 C   0.1608   1.161  2.678  0.000
   24 O  -0.2318   1.575  4.657  0.000
   25 C  -0.0956   1.024  3.072  0.000
   26 N  -0.1368   1.358  3.779  0.000
   27 C   0.0326   1.191  2.777  0.000
   28 C  -0.0003   1.136  2.865  0.000
   29 C  -0.0488   1.192  2.856  0.000
   30 C   0.0221   1.215  2.763  0.000
   31 C  -0.0903   1.026  3.065  0.000
   32 C  -0.0347   1.105  2.930  0.000
   33 C  -0.0880   1.018  3.070  0.000
   34 N  -0.1843   1.341  3.843  0.000
   35 C   0.0564   1.126  2.817  0.000
   36 C   0.0138   1.160  2.826  0.000
   37 C  -0.0462   1.137  2.910  0.000
   38 C   0.0396   1.147  2.813  0.000
   39 C  -0.0646   1.011  3.054  0.000
   40 C   0.1089   1.193  2.698  0.000
   41 O  -0.2282   1.617  4.611  0.000
   42 C  -0.0411   1.156  2.885  0.000
   43 C   0.2077   1.146  2.646  0.000
   44 O  -0.2649   1.596  4.669  0.000
   45 O  -0.1044   1.432  4.672  0.000
   46 C   0.0086   1.021  2.970  0.000
   47 C   0.0332   1.079  2.888  0.000
   48 C  -0.0736   1.103  2.971  0.000
   49 C  -0.0033   1.167  2.837  0.000
   50 C  -0.1018   1.016  3.086  0.000
   51 C  -0.0503   1.087  2.964  0.000
   52 C  -0.0575   1.100  2.958  0.000
   53 C  -0.0862   1.088  2.998  0.000
   54 C  -0.0102   1.143  2.867  0.000
   55 C  -0.0953   1.034  3.061  0.000
   56 C  -0.0736   1.100  2.974  0.000
   57 C  -0.0474   1.089  2.959  0.000
   58 C  -0.0623   1.094  2.968  0.000
   59 C  -0.0088   1.170  2.838  0.000
   60 C  -0.1157   1.041  3.074  0.000
   61 C  -0.0769   1.102  2.975  0.000
   62 C  -0.0682   1.101  2.967  0.000
   63 C  -0.0602   1.094  2.966  0.000
   64 C   0.0032   1.129  2.868  0.000
   65 C  -0.1215   1.039  3.082  0.000
   66 C  -0.1082   1.026  3.082  0.000
   67 H   0.0515   0.949  0.000  0.000
   68 H   0.0570   0.943  0.000  0.000
   69 H   0.0467   0.953  0.000  0.000
   70 H   0.0478   0.952  0.000  0.000
   71 H   0.0365   0.963  0.000  0.000
   72 H   0.0394   0.961  0.000  0.000
   73 H   0.0369   0.963  0.000  0.000
   74 H   0.0286   0.971  0.000  0.000
   75 H   0.0281   0.972  0.000  0.000
   76 H   0.0552   0.945  0.000  0.000
   77 H   0.0326   0.967  0.000  0.000
   78 H   0.0566   0.943  0.000  0.000
   79 H   0.0546   0.945  0.000  0.000
   80 H   0.0422   0.958  0.000  0.000
   81 H   0.0517   0.948  0.000  0.000
   82 H   0.0459   0.954  0.000  0.000
   83 H   0.0574   0.943  0.000  0.000
   84 H   0.0506   0.949  0.000  0.000
   85 H   0.0449   0.955  0.000  0.000
   86 H   0.0441   0.956  0.000  0.000
   87 H   0.0356   0.964  0.000  0.000
   88 H   0.0418   0.958  0.000  0.000
   89 H   0.0363   0.964  0.000  0.000
   90 H   0.0516   0.948  0.000  0.000
   91 H   0.0461   0.954  0.000  0.000
   92 H   0.0368   0.963  0.000  0.000
   93 H   0.0351   0.965  0.000  0.000
   94 H   0.0372   0.963  0.000  0.000
   95 H   0.0462   0.954  0.000  0.000
   96 H   0.0493   0.951  0.000  0.000
   97 H   0.0459   0.954  0.000  0.000
   98 H   0.0596   0.940  0.000  0.000
   99 H   0.0466   0.953  0.000  0.000
  100 H   0.0453   0.955  0.000  0.000
  101 H   0.0533   0.947  0.000  0.000
  102 H   0.0474   0.953  0.000  0.000
  103 H   0.0515   0.949  0.000  0.000
  104 H   0.0272   0.973  0.000  0.000
  105 H   0.0435   0.957  0.000  0.000
  106 H   0.0369   0.963  0.000  0.000
  107 H   0.0423   0.958  0.000  0.000
  108 H   0.0421   0.958  0.000  0.000
  109 H   0.0404   0.960  0.000  0.000
  110 H   0.0313   0.969  0.000  0.000
  111 H   0.0349   0.965  0.000  0.000
  112 H   0.0284   0.972  0.000  0.000
  113 H   0.0375   0.962  0.000  0.000
  114 H   0.0234   0.977  0.000  0.000
  115 H   0.0356   0.964  0.000  0.000
  116 H   0.0382   0.962  0.000  0.000
  117 H   0.0303   0.970  0.000  0.000
  118 H   0.0239   0.976  0.000  0.000
  119 H   0.0317   0.968  0.000  0.000
  120 H   0.0331   0.967  0.000  0.000
  121 H   0.0393   0.961  0.000  0.000
  122 H   0.0276   0.972  0.000  0.000
  123 H   0.0367   0.963  0.000  0.000
  124 H   0.0368   0.963  0.000  0.000
  125 H   0.0397   0.960  0.000  0.000
  126 H   0.0344   0.966  0.000  0.000
  127 H   0.0294   0.971  0.000  0.000
  128 H   0.0299   0.970  0.000  0.000
  129 H   0.0328   0.967  0.000  0.000
  130 H   0.0292   0.971  0.000  0.000
  131 H   0.0299   0.970  0.000  0.000
  132 H   0.0362   0.964  0.000  0.000
  133 H   0.0311   0.969  0.000  0.000
  134 H   0.0312   0.969  0.000  0.000
  135 H   0.0217   0.978  0.000  0.000
  136 H   0.0364   0.964  0.000  0.000
  137 H   0.0343   0.966  0.000  0.000
  138 H   0.0394   0.961  0.000  0.000
  139 H   0.0299   0.970  0.000  0.000
  140 H   0.0315   0.969  0.000  0.000
 
 Wiberg/Mayer (AO) data. WBOs > 0.1 written file <wbo>
 largest (>0.05) Wiberg bond orders for each atom
           total WBO             WBO to atom ...
     1  MG  2.541    N   34 0.511    N   26 0.485    N   17 0.454    N    6 0.365    C   30 0.065    C   38 0.057
     2  C   3.892    C    7 1.368    C   38 1.248    C   42 0.949
     3  C   3.916    C   10 1.429    C   18 1.256    H   67 0.937
     4  C   3.939    C   27 1.399    C   21 1.350    H   68 0.926
     5  C   3.919    C   30 1.433    C   35 1.273    H   69 0.933
     6  N   3.337    C   10 1.267    C    7 1.226    MG   1 0.365    C   18 0.057
     7  C   3.855    C    2 1.368    N    6 1.226    C    8 0.965
     8  C   3.937    C    7 0.965    C    9 0.949    C   12 0.939    H   70 0.934
     9  C   3.929    C   11 0.961    C    8 0.949    H   71 0.947    C   10 0.924
    10  C   3.858    C    3 1.429    N    6 1.267    C    9 0.924
    11  C   3.964    H   74 0.982    H   73 0.979    H   72 0.977    C    9 0.961
    12  C   3.936    H   75 0.972    C   13 0.962    H   76 0.955    C    8 0.939
    13  C   3.957    H   77 0.969    C   12 0.962    H   78 0.947    C   14 0.934    O   15 0.078
    14  C   3.879    O   15 1.814    O   16 1.086    C   13 0.934
    15  O   2.109    C   14 1.814    O   16 0.163    C   13 0.078
    16  O   2.287    C   14 1.086    C   47 0.934    O   15 0.163
    17  N   3.315    C   18 1.261    C   21 1.154    MG   1 0.454    C   20 0.059
    18  C   3.859    N   17 1.261    C    3 1.256    C   19 1.071    N    6 0.057
    19  C   3.878    C   20 1.562    C   18 1.071    C   22 0.989    O   24 0.062
    20  C   3.894    C   19 1.562    C   21 1.029    C   23 0.980    O   24 0.071    N   17 0.059
    21  C   3.844    C    4 1.350    N   17 1.154    C   20 1.029    N   26 0.062
    22  C   3.978    C   19 0.989    H   80 0.976    H   79 0.964    H   81 0.961
    23  C   3.881    O   24 1.854    C   20 0.980    C   25 0.951
    24  O   2.166    C   23 1.854    C   25 0.079    C   20 0.071    C   19 0.062
    25  C   3.980    H   84 0.973    H   82 0.967    C   23 0.951    H   83 0.949    O   24 0.079
    26  N   3.371    C   27 1.269    C   30 1.166    MG   1 0.485    C   21 0.062
    27  C   3.844    C    4 1.399    N   26 1.269    C   28 0.890
    28  C   3.942    C   31 0.995    C   29 0.972    H   85 0.941    C   27 0.890
    29  C   3.914    C   28 0.972    H   86 0.937    C   32 0.923    C   30 0.918
    30  C   3.824    C    5 1.433    N   26 1.166    C   29 0.918    MG   1 0.065    C   36 0.053
    31  C   3.975    C   28 0.995    H   89 0.977    H   87 0.974    H   88 0.969
    32  C   3.954    C   33 1.017    H   91 0.967    H   90 0.965    C   29 0.923
    33  C   3.985    C   32 1.017    H   93 0.982    H   92 0.982    H   94 0.976
    34  N   3.319    C   38 1.213    C   35 1.132    MG   1 0.511    C   37 0.063
    35  C   3.887    C    5 1.273    C   36 1.241    N   34 1.132
    36  C   3.869    C   37 1.365    C   35 1.241    C   39 0.967    O   41 0.054    C   30 0.053
    37  C   3.905    C   36 1.365    C   38 1.136    C   40 1.089    N   34 0.063    O   41 0.062
    38  C   3.897    C    2 1.248    N   34 1.213    C   37 1.136    MG   1 0.057
    39  C   3.977    H   97 0.980    H   96 0.979    H   95 0.971    C   36 0.967
    40  C   3.877    O   41 1.785    C   37 1.089    C   42 0.843
    41  O   2.124    C   40 1.785    C   42 0.087    C   37 0.062    C   36 0.054
    42  C   3.938    C    2 0.949    H   98 0.921    C   43 0.920    C   40 0.843    O   41 0.087    O   44 0.077
    43  C   3.897    O   44 1.803    O   45 1.107    C   42 0.920
    44  O   2.127    C   43 1.803    O   45 0.168    C   42 0.077
    45  O   2.312    C   43 1.107    C   46 0.967    O   44 0.168
    46  C   3.940    H   99 0.990    H  101 0.985    H  100 0.982    O   45 0.967
    47  C   3.927    C   48 0.975    H  102 0.969    H  103 0.965    O   16 0.934
    48  C   3.960    C   49 1.926    C   47 0.975    H  104 0.932
    49  C   3.938    C   48 1.926    C   50 0.968    C   51 0.966
    50  C   3.990    H  105 0.977    H  106 0.976    H  107 0.974    C   49 0.968
    51  C   3.966    C   49 0.966    H  109 0.966    H  108 0.960    C   52 0.954
    52  C   3.953    C   53 0.982    H  110 0.965    H  111 0.965    C   51 0.954
    53  C   3.949    C   52 0.982    C   54 0.982    H  112 0.952    H  113 0.948
    54  C   3.943    C   55 0.988    C   53 0.982    C   56 0.961    H  114 0.947
    55  C   3.983    C   54 0.988    H  117 0.980    H  115 0.978    H  116 0.976
    56  C   3.955    C   57 0.978    H  118 0.968    C   54 0.961    H  119 0.960
    57  C   3.965    C   58 0.983    C   56 0.978    H  121 0.969    H  120 0.965
    58  C   3.955    C   57 0.983    C   59 0.970    H  122 0.962    H  123 0.959
    59  C   3.932    C   61 0.975    C   58 0.970    C   60 0.966    H  124 0.952
    60  C   3.973    H  127 0.983    H  126 0.983    H  125 0.977    C   59 0.966
    61  C   3.961    C   62 0.983    C   59 0.975    H  129 0.966    H  128 0.960
    62  C   3.963    C   61 0.983    C   63 0.977    H  130 0.969    H  131 0.965
    63  C   3.965    C   64 0.986    C   62 0.977    H  133 0.959    H  132 0.957
    64  C   3.950    C   66 0.987    C   63 0.986    C   65 0.984    H  134 0.953
    65  C   3.975    C   64 0.984    H  137 0.979    H  135 0.978    H  136 0.974
    66  C   3.977    C   64 0.987    H  139 0.982    H  140 0.975    H  138 0.974
    67  H   0.994    C    3 0.937
    68  H   0.992    C    4 0.926
    69  H   0.993    C    5 0.933
    70  H   0.994    C    8 0.934
    71  H   0.995    C    9 0.947
    72  H   0.997    C   11 0.977
    73  H   0.996    C   11 0.979
    74  H   0.998    C   11 0.982
    75  H   0.998    C   12 0.972
    76  H   0.994    C   12 0.955
    77  H   0.998    C   13 0.969
    78  H   0.995    C   13 0.947
    79  H   0.992    C   22 0.964
    80  H   0.996    C   22 0.976
    81  H   0.994    C   22 0.961
    82  H   0.997    C   25 0.967
    83  H   0.996    C   25 0.949
    84  H   0.995    C   25 0.973
    85  H   0.995    C   28 0.941
    86  H   0.995    C   29 0.937
    87  H   0.998    C   31 0.974
    88  H   0.996    C   31 0.969
    89  H   0.997    C   31 0.977
    90  H   0.996    C   32 0.965
    91  H   0.997    C   32 0.967
    92  H   0.998    C   33 0.982
    93  H   0.998    C   33 0.982
    94  H   0.998    C   33 0.976
    95  H   0.993    C   39 0.971
    96  H   0.996    C   39 0.979
    97  H   0.996    C   39 0.980
    98  H   0.992    C   42 0.921
    99  H   0.997    C   46 0.990
   100  H   0.998    C   46 0.982
   101  H   0.996    C   46 0.985
   102  H   0.997    C   47 0.969
   103  H   0.996    C   47 0.965
   104  H   0.999    C   48 0.932
   105  H   0.997    C   50 0.977
   106  H   0.999    C   50 0.976
   107  H   0.998    C   50 0.974
   108  H   0.998    C   51 0.960
   109  H   0.997    C   51 0.966
   110  H   0.998    C   52 0.965
   111  H   0.998    C   52 0.965
   112  H   0.998    C   53 0.952
   113  H   0.999    C   53 0.948
   114  H   0.999    C   54 0.947
   115  H   0.998    C   55 0.978
   116  H   0.998    C   55 0.976
   117  H   0.999    C   55 0.980
   118  H   0.998    C   56 0.968
   119  H   0.999    C   56 0.960
   120  H   0.999    C   57 0.965
   121  H   0.997    C   57 0.969
   122  H   0.997    C   58 0.962
   123  H   0.998    C   58 0.959
   124  H   0.998    C   59 0.952
   125  H   0.997    C   60 0.977
   126  H   0.998    C   60 0.983
   127  H   0.999    C   60 0.983
   128  H   0.999    C   61 0.960
   129  H   0.999    C   61 0.966
   130  H   0.999    C   62 0.969
   131  H   0.999    C   62 0.965
   132  H   0.998    C   63 0.957
   133  H   0.999    C   63 0.959
   134  H   0.999    C   64 0.953
   135  H   1.000    C   65 0.978
   136  H   0.998    C   65 0.974
   137  H   0.999    C   65 0.979
   138  H   0.998    C   66 0.974
   139  H   0.999    C   66 0.982
   140  H   0.999    C   66 0.975
 
 --------------------------------------------
          xTB calculation for sTDA...
 --------------------------------------------
 
 reading parameter file ~/.param_stda2.xtb
 
      method parameters     
 k(s)        :  1.6000
 k(p)        :  2.1800
 k(d)        :  1.9500
 k(f)        :  2.0000
 k(R-V)      :  2.2750
 k(R-R)      :  1.7650
 Tscal       :  0.2580
 Gscal       :  1.0000
 fpol        :  1.0000
 Zcnf        :  0.3430
 Zqf         :  0.0000
 kcn         :  2.7000
 Ryd Hsplit  :  0.7000
 lshift(virt):  3.1000
 lshift(OS)  :  0.2000
 wllscaling  :  2.6000
 
 mowrcut     : 3.000
 
  Z AO/shell   Hii/eV     exponent
  1     Sun Feb 14 09:53:25 CET 2016    EN: 2.327 GAM: 0.473  GM3: 0.0000
     1s    -14.339618    1.220000
     2sp    -3.348946    0.600000
  6     Sun Feb 14 09:53:25 CET 2016    EN: 2.731 GAM: 0.422  GM3: 0.0000
     2s    -22.009312    1.565095
     2p    -13.020408    1.596905
     3sp    -3.914040    0.824500
  7     Sun Feb 14 09:53:25 CET 2016    EN: 3.573 GAM: 0.504  GM3: 0.0000
     2s    -25.722000    2.064844
     2p    -18.684912    1.801692
     3sp    -4.344791    0.921400
  8     Sun Feb 14 09:53:25 CET 2016    EN: 3.700 GAM: 0.587  GM3: 0.0000
     2s    -33.859000    2.418661
     2p    -22.175911    1.973969
     3sp    -4.259392    1.013700
 12     Sun Feb 21 16:58:31 CET 2016    EN: 0.033 GAM: 0.222  GM3: 0.0000
     3s    -11.092543    1.647583
     3p     -6.929529    0.855020
 
 Nbf   :          894
 T(el) :     0.0
 calculating S/T integrals ...
 cpu time for ints    1.29765300000000     
 Nao   :          894
 making H0...
 making H1...
 cpu time for H      2.310599999999985E-002
 solving ...
 cpu time for diag   0.278812000000000     
 
 gap (eV)           :   4.757
 Koopmans IP (eV)   :  13.183
 Eel (Eh)           :  -300.848834

          eigenvalues
 #    :         164        165        166        167        168        169        170        171
 occ. :        2.000      2.000      2.000      2.000      2.000      2.000      2.000      2.000
 eps  :       -17.448    -17.098    -16.928    -16.398    -16.137    -16.036    -16.005    -15.927
 #    :         172        173        174        175        176        177        178        179
 occ. :        2.000      2.000      2.000      2.000      2.000      0.000      0.000      0.000
 eps  :       -15.796    -15.683    -15.229    -13.918    -13.184     -8.427     -6.925     -6.737
 #    :         180        181        182        183        184        185        186        187
 occ. :        0.000      0.000      0.000      0.000      0.000      0.000      0.000      0.000
 eps  :        -6.112     -5.831     -5.422     -5.416     -5.315     -5.167     -5.061     -5.006
                            1  SCC done.
 writing mo output ...
 molden style : F
 
speedup  1.34
cpu  time for all    2.17 s
wall time for all    1.61 s
